total
0|1|0|1
0|2|0|2
0|3|0|3
1|3|0|4
1|4|0|5
1|5|0|6
1|5|1|7
1|6|1|8
1|7|1|9
1|8|1|10
1|8|2|11
1|9|2|12
1|9|3|13
1|10|3|14
1|10|4|15
2|10|4|16
2|10|5|17
2|11|5|18
2|12|5|19
2|13|5|20
2|14|5|21
3|14|5|22
3|15|5|23
4|15|5|24
4|16|5|25
4|17|5|26
4|18|5|27
4|19|5|28
4|19|6|29
4|20|6|30
4|20|7|31
4|21|7|32
4|21|8|33
4|22|8|34
4|22|9|35
4|23|9|36
4|23|10|37
4|24|10|38
4|25|10|39
4|26|10|40
4|26|11|41
4|27|11|42
4|27|12|43
4|28|12|44
4|28|13|45
4|29|13|46
4|29|14|47
4|30|14|48
4|30|15|49
4|31|15|50
4|32|15|51
4|33|15|52
4|33|16|53
4|34|16|54
4|35|16|55
4|36|16|56
4|36|17|57
4|37|17|58
4|38|17|59
4|39|17|60
4|40|17|61
4|41|17|62
4|42|17|63
4|43|17|64
4|43|18|65
4|44|18|66
4|44|19|67
4|45|19|68
4|45|20|69
4|46|20|70
4|46|21|71
4|47|21|72
4|47|22|73
4|48|22|74
4|48|23|75
4|49|23|76
4|49|24|77
4|50|24|78
4|50|25|79
4|51|25|80
4|51|26|81
4|52|26|82
4|52|27|83
4|53|27|84
4|53|28|85
4|54|28|86
4|54|29|87
4|55|29|88
4|55|30|89
4|56|30|90
4|56|31|91
4|57|31|92
4|57|32|93
4|58|32|94
4|58|33|95
4|59|33|96
4|59|34|97
4|60|34|98
4|60|35|99
4|61|35|100
4|61|36|101
4|62|36|102
4|62|37|103
4|63|37|104
4|63|38|105
4|64|38|106
4|64|39|107
4|65|39|108
4|65|40|109
4|66|40|110
4|66|41|111
4|67|41|112
4|67|42|113
4|68|42|114
4|68|43|115
4|69|43|116
4|69|44|117
4|70|44|118
4|70|45|119
4|71|45|120
4|71|46|121
4|72|46|122
4|72|47|123
4|73|47|124
4|73|48|125
4|74|48|126
4|75|49|128
4|76|49|129
4|76|50|130
4|77|50|131
4|77|51|132
4|78|51|133
4|78|52|134
4|79|52|135
4|79|53|136
4|80|53|137
4|81|53|138
5|81|53|139
5|82|53|140
5|83|53|141
5|83|54|142
5|84|54|143
5|84|55|144
5|85|55|145
5|86|55|146
5|87|55|147
5|88|55|148
5|89|55|149
5|89|56|150
5|90|56|151
5|90|57|152
5|91|57|153
5|91|58|154
5|92|58|155
5|93|58|156
5|94|58|157
5|94|59|158
5|95|59|159
5|95|60|160
5|96|60|161
5|96|61|162
5|97|61|163
5|97|62|164
5|98|62|165
5|98|63|166
5|99|63|167
5|100|63|168
5|101|63|169
5|102|63|170
5|103|63|171
5|104|63|172
5|105|63|173
5|105|64|174
5|106|64|175
5|106|65|176
5|107|65|177
5|107|66|178
5|108|66|179
5|108|67|180
5|109|67|181
5|109|68|182
5|110|68|183
5|110|69|184
5|111|69|185
5|111|70|186
5|112|70|187
5|112|71|188
5|113|71|189
5|113|72|190
5|114|72|191
5|114|73|192
5|115|73|193
5|115|74|194
5|116|74|195
5|116|75|196
5|117|75|197
5|117|76|198
5|118|76|199
5|118|77|200
5|119|77|201
5|119|78|202
5|120|78|203
5|120|79|204
5|121|79|205
5|121|80|206
5|122|80|207
5|122|81|208
5|123|81|209
5|124|81|210
5|125|81|211
5|126|81|212
5|127|81|213
5|127|82|214
5|128|82|215
5|128|83|216
5|129|83|217
5|130|83|218
5|131|83|219
5|132|83|220
5|133|83|221
5|134|83|222
5|135|83|223
5|135|84|224
5|136|84|225
5|137|84|226
5|138|84|227
5|138|85|228
5|139|85|229
5|139|86|230
5|140|86|231
5|140|87|232
5|141|87|233
5|142|87|234
5|143|87|235
5|143|88|236
5|144|88|237
5|145|88|238
5|146|88|239
5|146|89|240
5|147|89|241
5|148|89|242
5|149|89|243
5|149|90|244
5|150|90|245
5|151|90|246
5|152|90|247
5|152|91|248
5|153|91|249
5|154|91|250
5|155|91|251
5|155|92|252
5|156|92|253
5|156|93|254
5|157|93|255
5|157|94|256
5|158|94|257
5|158|95|258
5|159|95|259
5|159|96|260
5|160|96|261
5|161|96|262
5|162|96|263
5|163|96|264
5|164|96|265
5|164|97|266
5|165|97|267
5|166|97|268
5|167|97|269
5|167|98|270
5|168|98|271
5|169|98|272
5|170|98|273
5|170|99|274
5|171|99|275
5|171|100|276
5|172|100|277
5|172|101|278
5|173|101|279
5|173|102|280
5|174|102|281
5|175|102|282
5|176|102|283
5|176|103|284
5|177|103|285
5|178|103|286
5|179|103|287
5|180|103|288
5|181|103|289
5|182|103|290
5|183|103|291
5|184|103|292
5|185|103|293
5|186|103|294
5|187|103|295
5|188|103|296
5|189|103|297
5|189|104|298
5|190|104|299
5|191|104|300
5|192|104|301
5|193|104|302
5|194|104|303
5|195|104|304
5|196|104|305
5|196|105|306
5|197|105|307
5|198|105|308
5|199|105|309
5|200|105|310
5|201|105|311
5|202|105|312
5|203|105|313
5|203|106|314
5|204|106|315
5|205|106|316
5|206|106|317
5|207|106|318
5|208|106|319
5|208|107|320
5|209|107|321
5|210|107|322
5|211|107|323
5|212|107|324
5|213|107|325
5|213|108|326
5|214|108|327
5|215|108|328
5|216|108|329
5|216|109|330
5|217|109|331
5|218|109|332
5|219|109|333
5|219|110|334
5|220|110|335
5|221|110|336
5|222|110|337
5|223|110|338
5|224|110|339
5|224|111|340
5|225|111|341
5|226|111|342
5|227|111|343
5|228|111|344
5|229|111|345
5|229|112|346
5|230|112|347
5|231|112|348
5|232|112|349
5|233|112|350
5|234|112|351
5|235|112|352
5|236|112|353
5|236|113|354
5|237|113|355
5|237|114|356
5|238|114|357
5|239|114|358
5|240|114|359
5|240|115|360
5|241|115|361
5|242|115|362
5|243|115|363
5|243|116|364
5|244|116|365
5|244|117|366
5|245|117|367
5|245|118|368
5|246|118|369
5|246|119|370
5|247|119|371
5|248|119|372
5|249|119|373
5|249|120|374
5|250|120|375
5|250|121|376
5|251|121|377
5|251|122|378
5|252|122|379
5|252|123|380
5|253|123|381
5|253|124|382
5|254|124|383
5|255|124|384
5|256|124|385
5|257|124|386
5|258|124|387
5|258|125|388
5|259|125|389
5|259|126|390
5|260|126|391
5|260|127|392
5|261|127|393
5|261|128|394
5|262|128|395
5|262|129|396
5|263|129|397
5|263|130|398
5|264|130|399
5|264|131|400
5|265|131|401
5|265|132|402
5|266|132|403
5|266|133|404
5|267|133|405
5|267|134|406
5|268|134|407
5|268|135|408
5|269|135|409
5|269|136|410
5|270|136|411
5|270|137|412
5|271|137|413
5|271|138|414
5|272|138|415
5|272|139|416
5|273|139|417
5|273|140|418
5|274|140|419
5|274|141|420
5|275|141|421
5|276|141|422
5|277|141|423
5|277|142|424
5|278|142|425
5|278|143|426
5|279|143|427
5|279|144|428
5|280|144|429
5|280|145|430
5|281|145|431
5|281|146|432
5|282|146|433
5|282|147|434
5|283|147|435
5|283|148|436
5|284|148|437
5|284|149|438
5|285|149|439
5|285|150|440
5|286|150|441
5|286|151|442
5|287|151|443
5|287|152|444
5|288|152|445
5|288|153|446
5|289|153|447
5|289|154|448
5|290|154|449
5|290|155|450
5|291|155|451
5|291|156|452
5|292|156|453
5|293|156|454
5|294|156|455
5|295|156|456
5|296|156|457
5|297|156|458
5|298|156|459
5|298|157|460
5|299|157|461
5|299|158|462
5|300|158|463
5|300|159|464
5|301|159|465
5|301|160|466
5|302|160|467
5|302|161|468
5|303|161|469
5|303|162|470
5|304|162|471
5|304|163|472
5|305|163|473
5|305|164|474
5|306|164|475
5|306|165|476
5|307|165|477
5|307|166|478
5|308|166|479
5|308|167|480
5|309|167|481
5|309|168|482
5|310|168|483
5|310|169|484
5|311|169|485
5|311|170|486
5|312|170|487
5|312|171|488
5|313|171|489
5|313|172|490
5|314|172|491
5|314|173|492
5|315|173|493
5|316|173|494
5|317|173|495
5|317|174|496
5|318|174|497
5|318|175|498
5|319|175|499
5|319|176|500
5|320|176|501
5|320|177|502
5|321|177|503
5|321|178|504
5|322|178|505
5|322|179|506
5|323|179|507
5|323|180|508
5|324|180|509
5|324|181|510
5|325|181|511
5|325|182|512
5|326|182|513
5|326|183|514
5|327|183|515
5|327|184|516
5|328|184|517
5|328|185|518
5|329|185|519
5|329|186|520
5|330|186|521
5|330|187|522
5|331|187|523
5|331|188|524
5|332|188|525
5|332|189|526
5|333|189|527
5|333|190|528
5|334|190|529
5|334|191|530
5|335|191|531
5|335|192|532
5|336|192|533
5|336|193|534
5|337|193|535
5|337|194|536
5|338|194|537
5|338|195|538
5|339|195|539
5|339|196|540
5|340|196|541
5|340|197|542
5|341|197|543
5|341|198|544
5|342|198|545
5|342|199|546
5|343|199|547
5|343|200|548
5|344|200|549
5|344|201|550
5|345|201|551
5|345|202|552
5|346|202|553
5|346|203|554
5|347|203|555
5|347|204|556
5|348|204|557
5|348|205|558
5|349|205|559
5|349|206|560
5|350|206|561
5|350|207|562
6|350|207|563
6|351|207|564
7|351|207|565
7|351|208|566
7|352|208|567
7|352|209|568
7|353|209|569
7|353|210|570
7|354|210|571
7|354|211|572
7|355|211|573
7|355|212|574
7|356|212|575
7|356|213|576
7|357|213|577
7|357|214|578
7|358|214|579
7|358|215|580
7|359|215|581
7|359|216|582
7|360|216|583
7|360|217|584
7|361|217|585
7|361|218|586
7|362|218|587
7|362|219|588
7|363|219|589
7|363|220|590
7|364|220|591
7|364|221|592
7|365|221|593
7|365|222|594
7|366|222|595
7|366|223|596
7|367|223|597
7|367|224|598
7|368|224|599
7|368|225|600
7|369|225|601
7|370|225|602
7|371|225|603
7|371|226|604
7|372|226|605
7|372|227|606
7|373|227|607
7|373|228|608
7|374|228|609
7|374|229|610
7|375|229|611
7|375|230|612
7|376|230|613
7|376|231|614
7|377|231|615
7|377|232|616
7|378|232|617
7|378|233|618
7|379|233|619
7|379|234|620
7|380|234|621
7|380|235|622
7|381|235|623
7|381|236|624
7|382|236|625
7|382|237|626
7|383|237|627
7|383|238|628
7|384|238|629
7|384|239|630
7|385|239|631
7|385|240|632
7|386|240|633
7|387|240|634
7|388|240|635
7|388|241|636
7|389|241|637
7|390|241|638
7|391|241|639
7|391|242|640
7|392|242|641
7|392|243|642
7|393|243|643
7|393|244|644
7|394|244|645
7|394|245|646
7|395|245|647
7|395|246|648
7|396|246|649
7|396|247|650
7|397|247|651
7|397|248|652
7|398|248|653
7|398|249|654
7|399|249|655
7|399|250|656
7|400|250|657
7|400|251|658
7|401|251|659
7|401|252|660
7|402|252|661
7|402|253|662
7|403|253|663
7|403|254|664
7|404|254|665
7|404|255|666
7|405|255|667
7|405|256|668
7|406|256|669
7|406|257|670
7|407|257|671
7|407|258|672
7|408|258|673
7|408|259|674
7|409|259|675
7|409|260|676
7|410|260|677
7|410|261|678
7|411|261|679
7|411|262|680
7|412|262|681
7|412|263|682
7|413|263|683
7|413|264|684
7|414|264|685
7|414|265|686
7|415|265|687
7|415|266|688
7|416|266|689
7|416|267|690
7|417|267|691
7|417|268|692
7|418|268|693
7|418|269|694
7|419|269|695
7|419|270|696
7|420|270|697
7|420|271|698
7|421|271|699
7|421|272|700
7|422|272|701
7|422|273|702
7|423|273|703
7|423|274|704
7|424|274|705
7|425|274|706
8|425|274|707
8|426|274|708
9|426|274|709
9|427|274|710
9|428|274|711
9|428|275|712
9|429|275|713
9|429|276|714
9|430|276|715
9|430|277|716
9|431|277|717
9|431|278|718
9|432|278|719
9|432|279|720
9|433|279|721
9|433|280|722
9|434|280|723
9|434|281|724
9|435|281|725
9|435|282|726
9|436|282|727
9|436|283|728
9|437|283|729
9|437|284|730
9|438|284|731
9|438|285|732
9|439|285|733
9|439|286|734
9|440|286|735
9|440|287|736
9|441|287|737
9|441|288|738
9|442|288|739
9|442|289|740
9|443|289|741
9|444|289|742
9|445|289|743
9|446|289|744
9|447|289|745
9|448|289|746
9|449|289|747
9|449|290|748
9|450|290|749
9|450|291|750
9|451|291|751
9|451|292|752
9|452|292|753
9|452|293|754
9|453|293|755
9|453|294|756
9|454|294|757
9|454|295|758
9|455|295|759
9|455|296|760
9|456|296|761
9|456|297|762
9|457|297|763
9|457|298|764
9|458|298|765
9|458|299|766
9|459|299|767
9|459|300|768
9|460|300|769
9|460|301|770
9|461|301|771
9|461|302|772
9|462|302|773
9|462|303|774
9|463|303|775
9|463|304|776
9|464|304|777
9|464|305|778
9|465|305|779
9|465|306|780
9|466|306|781
9|466|307|782
9|467|307|783
9|467|308|784
9|468|308|785
9|468|309|786
9|469|309|787
9|469|310|788
9|470|310|789
9|470|311|790
9|471|311|791
9|471|312|792
9|472|312|793
9|472|313|794
9|473|313|795
9|473|314|796
9|474|314|797
9|474|315|798
9|475|315|799
9|475|316|800
9|476|316|801
9|476|317|802
9|477|317|803
9|477|318|804
9|478|318|805
9|478|319|806
9|479|319|807
9|479|320|808
9|480|320|809
9|480|321|810
9|481|321|811
9|481|322|812
9|482|322|813
9|482|323|814
9|483|323|815
9|483|324|816
9|484|324|817
9|484|325|818
9|485|325|819
9|485|326|820
9|486|326|821
9|486|327|822
9|487|327|823
9|487|328|824
9|488|328|825
9|488|329|826
9|489|329|827
9|489|330|828
9|490|330|829
9|490|331|830
9|491|331|831
9|491|332|832
9|492|332|833
9|492|333|834
9|493|333|835
9|493|334|836
9|494|334|837
9|494|335|838
9|495|335|839
9|495|336|840
9|496|336|841
9|496|337|842
9|497|337|843
9|497|338|844
9|498|338|845
9|498|339|846
9|499|339|847
9|499|340|848
9|500|340|849
9|500|341|850
9|501|341|851
9|502|341|852
9|503|341|853
9|503|342|854
9|504|342|855
9|504|343|856
9|505|343|857
9|505|344|858
9|506|344|859
9|506|345|860
9|507|345|861
9|507|346|862
9|508|346|863
9|508|347|864
9|509|347|865
9|509|348|866
9|510|348|867
9|510|349|868
9|511|349|869
9|511|350|870
9|512|350|871
9|512|351|872
9|513|351|873
9|513|352|874
9|514|352|875
9|514|353|876
9|515|353|877
9|515|354|878
9|516|354|879
9|516|355|880
9|517|355|881
9|517|356|882
9|518|356|883
9|518|357|884
9|519|357|885
9|519|358|886
9|520|358|887
9|521|358|888
9|522|358|889
9|522|359|890
9|523|359|891
9|523|360|892
9|524|360|893
9|524|361|894
9|525|361|895
9|525|362|896
9|526|362|897
9|526|363|898
9|527|363|899
9|527|364|900
9|528|364|901
9|528|365|902
9|529|365|903
9|529|366|904
9|530|366|905
9|530|367|906
9|531|367|907
9|531|368|908
9|532|368|909
9|532|369|910
9|533|369|911
9|533|370|912
9|534|370|913
9|534|371|914
9|535|371|915
9|535|372|916
9|536|372|917
9|536|373|918
9|537|373|919
9|537|374|920
9|538|374|921
9|538|375|922
9|539|375|923
9|540|375|924
9|541|375|925
9|542|375|926
9|543|375|927
9|543|376|928
9|544|376|929
9|544|377|930
9|545|377|931
9|545|378|932
9|546|378|933
9|547|378|934
9|548|378|935
9|549|378|936
9|550|378|937
9|550|379|938
9|551|379|939
9|551|380|940
9|552|380|941
9|553|380|942
9|554|380|943
9|554|381|944
9|555|381|945
9|555|382|946
9|556|382|947
9|557|382|948
9|558|382|949
9|559|382|950
9|560|382|951
9|560|383|952
9|561|383|953
9|562|383|954
9|563|383|955
9|564|383|956
9|565|383|957
9|565|384|958
9|566|384|959
9|566|385|960
9|567|385|961
9|568|385|962
9|569|385|963
9|570|385|964
9|571|385|965
9|572|385|966
9|573|385|967
9|573|386|968
9|574|386|969
9|575|386|970
9|576|386|971
9|577|386|972
9|578|386|973
9|578|387|974
9|579|387|975
9|579|388|976
9|580|388|977
9|581|388|978
9|582|388|979
9|583|388|980
9|584|388|981
9|585|388|982
9|586|388|983
9|587|388|984
9|588|388|985
9|589|388|986
9|590|388|987
9|591|388|988
9|592|388|989
9|593|388|990
9|594|388|991
9|594|389|992
9|595|389|993
9|596|389|994
9|597|389|995
9|598|389|996
9|599|389|997
9|599|390|998
9|600|390|999
9|601|390|1000
9|602|390|1001
9|602|391|1002
9|603|391|1003
9|603|392|1004
9|604|392|1005
9|604|393|1006
9|605|393|1007
9|605|394|1008
9|606|394|1009
9|606|395|1010
9|607|395|1011
9|608|395|1012
9|609|395|1013
9|609|396|1014
9|610|396|1015
9|611|396|1016
9|612|396|1017
9|613|396|1018
9|614|396|1019
9|614|397|1020
9|615|397|1021
9|616|397|1022
9|617|397|1023
9|617|398|1024
9|618|398|1025
9|618|399|1026
9|619|399|1027
9|619|400|1028
9|620|400|1029
9|621|400|1030
9|622|400|1031
9|622|401|1032
9|623|401|1033
9|623|402|1034
9|624|402|1035
9|625|402|1036
9|626|402|1037
9|626|403|1038
9|627|403|1039
9|627|404|1040
9|628|404|1041
9|628|405|1042
9|629|405|1043
9|629|406|1044
9|630|406|1045
9|630|407|1046
9|631|407|1047
9|631|408|1048
9|632|408|1049
9|632|409|1050
9|633|409|1051
9|633|410|1052
9|634|410|1053
9|634|411|1054
9|635|411|1055
9|635|412|1056
9|636|412|1057
9|636|413|1058
9|637|413|1059
9|637|414|1060
9|638|414|1061
9|638|415|1062
9|639|415|1063
9|639|416|1064
9|640|416|1065
9|640|417|1066
9|641|417|1067
9|642|417|1068
9|643|417|1069
9|644|417|1070
9|645|417|1071
9|645|418|1072
9|646|418|1073
9|646|419|1074
9|647|419|1075
9|647|420|1076
9|648|420|1077
9|648|421|1078
9|649|421|1079
9|650|421|1080
9|651|421|1081
9|652|421|1082
9|653|421|1083
9|654|421|1084
9|655|421|1085
9|655|422|1086
9|656|422|1087
9|656|423|1088
9|657|423|1089
9|658|423|1090
9|659|423|1091
9|659|424|1092
9|660|424|1093
9|660|425|1094
9|661|425|1095
9|662|425|1096
9|663|425|1097
9|663|426|1098
9|664|426|1099
9|664|427|1100
9|665|427|1101
9|665|428|1102
9|666|428|1103
9|667|428|1104
9|668|428|1105
9|668|429|1106
9|669|429|1107
9|670|429|1108
9|671|429|1109
9|672|429|1110
9|673|429|1111
9|674|429|1112
9|675|429|1113
9|676|429|1114
9|677|429|1115
9|678|429|1116
9|679|429|1117
9|680|429|1118
9|681|429|1119
9|681|430|1120
9|682|430|1121
9|682|431|1122
9|683|431|1123
9|684|431|1124
9|685|431|1125
9|686|431|1126
9|687|431|1127
9|687|432|1128
9|688|432|1129
9|688|433|1130
9|689|433|1131
9|690|433|1132
9|691|433|1133
9|692|433|1134
9|693|433|1135
9|693|434|1136
9|694|434|1137
9|695|434|1138
9|696|434|1139
9|697|434|1140
9|698|434|1141
9|699|434|1142
9|700|434|1143
9|701|434|1144
9|702|434|1145
9|702|435|1146
9|703|435|1147
9|703|436|1148
9|704|436|1149
9|704|437|1150
9|705|437|1151
9|705|438|1152
9|706|438|1153
9|706|439|1154
9|707|439|1155
9|707|440|1156
9|708|440|1157
9|708|441|1158
9|709|441|1159
9|709|442|1160
9|710|442|1161
9|710|443|1162
9|711|443|1163
9|711|444|1164
9|712|444|1165
9|712|445|1166
9|713|445|1167
9|713|446|1168
9|714|446|1169
9|714|447|1170
9|715|447|1171
9|715|448|1172
9|716|448|1173
9|716|449|1174
9|717|449|1175
9|717|450|1176
9|718|450|1177
9|718|451|1178
9|719|451|1179
9|719|452|1180
9|720|452|1181
9|720|453|1182
9|721|453|1183
9|722|453|1184
9|723|453|1185
9|723|454|1186
9|724|454|1187
9|724|455|1188
9|725|455|1189
9|725|456|1190
9|726|456|1191
9|726|457|1192
9|727|457|1193
9|727|458|1194
9|728|458|1195
9|728|459|1196
9|729|459|1197
9|729|460|1198
9|730|460|1199
9|730|461|1200
9|731|461|1201
9|731|462|1202
9|732|462|1203
9|732|463|1204
9|733|463|1205
9|733|464|1206
9|734|464|1207
9|734|465|1208
9|735|465|1209
9|735|466|1210
9|736|466|1211
9|736|467|1212
9|737|467|1213
9|737|468|1214
9|738|468|1215
9|738|469|1216
9|739|469|1217
9|739|470|1218
9|740|470|1219
9|741|470|1220
9|742|470|1221
9|742|471|1222
9|743|471|1223
9|743|472|1224
9|744|472|1225
9|745|472|1226
9|746|472|1227
9|747|472|1228
9|748|472|1229
9|748|473|1230
9|749|473|1231
9|750|473|1232
9|751|473|1233
9|752|473|1234
9|753|473|1235
9|753|474|1236
9|754|474|1237
9|754|475|1238
9|755|475|1239
9|756|475|1240
9|757|475|1241
9|757|476|1242
9|758|476|1243
9|758|477|1244
9|759|477|1245
9|759|478|1246
10|759|478|1247
10|760|478|1248
11|760|478|1249
11|761|478|1250
11|762|478|1251
11|762|479|1252
11|763|479|1253
11|764|479|1254
11|765|479|1255
11|766|479|1256
11|767|479|1257
11|767|480|1258
11|768|480|1259
11|768|481|1260
11|769|481|1261
11|769|482|1262
11|770|482|1263
11|771|482|1264
11|772|482|1265
11|772|483|1266
11|773|483|1267
11|774|483|1268
11|775|483|1269
11|775|484|1270
11|776|484|1271
11|776|485|1272
11|777|485|1273
11|777|486|1274
11|778|486|1275
11|779|486|1276
11|780|486|1277
11|781|486|1278
11|782|486|1279
11|782|487|1280
11|783|487|1281
11|783|488|1282
11|784|488|1283
11|785|488|1284
11|786|488|1285
11|787|488|1286
11|788|488|1287
11|788|489|1288
11|789|489|1289
11|790|489|1290
11|791|489|1291
11|792|489|1292
11|793|489|1293
11|793|490|1294
11|794|490|1295
11|794|491|1296
11|795|491|1297
11|796|491|1298
11|797|491|1299
11|798|491|1300
11|799|491|1301
11|799|492|1302
11|800|492|1303
11|800|493|1304
11|801|493|1305
11|801|494|1306
11|802|494|1307
11|802|495|1308
11|803|495|1309
11|803|496|1310
11|804|496|1311
11|805|496|1312
11|806|496|1313
11|807|496|1314
11|808|496|1315
11|808|497|1316
11|809|497|1317
11|810|497|1318
11|811|497|1319
11|812|497|1320
11|813|497|1321
11|814|497|1322
11|815|497|1323
11|815|498|1324
11|816|498|1325
11|816|499|1326
11|817|499|1327
11|817|500|1328
11|818|500|1329
11|818|501|1330
11|819|501|1331
11|819|502|1332
11|820|502|1333
11|820|503|1334
11|821|503|1335
11|821|504|1336
11|822|504|1337
11|822|505|1338
11|823|505|1339
11|823|506|1340
11|824|506|1341
11|824|507|1342
11|825|507|1343
11|825|508|1344
11|826|508|1345
11|826|509|1346
11|827|509|1347
11|827|510|1348
11|828|510|1349
11|828|511|1350
11|829|511|1351
11|829|512|1352
11|830|512|1353
11|830|513|1354
11|831|513|1355
11|831|514|1356
11|832|514|1357
11|832|515|1358
11|833|515|1359
11|833|516|1360
11|834|516|1361
11|834|517|1362
11|835|517|1363
11|836|517|1364
11|837|517|1365
11|837|518|1366
11|838|518|1367
11|838|519|1368
11|839|519|1369
11|840|519|1370
11|841|519|1371
11|841|520|1372
11|842|520|1373
11|842|521|1374
11|843|521|1375
11|843|522|1376
11|844|522|1377
11|845|522|1378
11|846|522|1379
11|846|523|1380
11|847|523|1381
11|847|524|1382
11|848|524|1383
11|849|524|1384
11|850|524|1385
11|851|524|1386
11|852|524|1387
11|852|525|1388
11|853|525|1389
11|853|526|1390
11|854|526|1391
11|854|527|1392
11|855|527|1393
11|855|528|1394
11|856|528|1395
11|857|528|1396
11|858|528|1397
11|859|528|1398
11|860|528|1399
11|861|528|1400
11|862|528|1401
11|862|529|1402
11|863|529|1403
11|863|530|1404
11|864|530|1405
11|865|530|1406
11|866|530|1407
11|867|530|1408
11|868|530|1409
11|868|531|1410
11|869|531|1411
11|869|532|1412
11|870|532|1413
11|871|532|1414
11|872|532|1415
11|872|533|1416
11|873|533|1417
11|873|534|1418
11|874|534|1419
11|875|534|1420
11|876|534|1421
11|877|534|1422
11|878|534|1423
11|878|535|1424
11|879|535|1425
11|880|535|1426
11|881|535|1427
11|881|536|1428
11|882|536|1429
11|883|536|1430
11|884|536|1431
11|885|536|1432
11|886|536|1433
11|886|537|1434
11|887|537|1435
11|887|538|1436
11|888|538|1437
11|888|539|1438
11|889|539|1439
11|889|540|1440
11|890|540|1441
11|890|541|1442
11|891|541|1443
11|891|542|1444
11|892|542|1445
11|892|543|1446
11|893|543|1447
11|893|544|1448
11|894|544|1449
11|894|545|1450
11|895|545|1451
11|895|546|1452
11|896|546|1453
11|896|547|1454
11|897|547|1455
11|897|548|1456
11|898|548|1457
11|898|549|1458
11|899|549|1459
11|899|550|1460
11|900|550|1461
11|900|551|1462
11|901|551|1463
11|901|552|1464
11|902|552|1465
11|902|553|1466
11|903|553|1467
11|903|554|1468
11|904|554|1469
11|904|555|1470
11|905|555|1471
11|905|556|1472
11|906|556|1473
11|906|557|1474
11|907|557|1475
11|907|558|1476
11|908|558|1477
11|908|559|1478
11|909|559|1479
11|909|560|1480
11|910|560|1481
11|910|561|1482
11|911|561|1483
11|911|562|1484
11|912|562|1485
11|912|563|1486
11|913|563|1487
11|913|564|1488
11|914|564|1489
11|914|565|1490
11|915|565|1491
11|915|566|1492
11|916|566|1493
11|916|567|1494
11|917|567|1495
11|917|568|1496
11|918|568|1497
11|918|569|1498
11|919|569|1499
11|919|570|1500
11|920|570|1501
11|920|571|1502
11|921|571|1503
11|921|572|1504
11|922|572|1505
11|922|573|1506
11|923|573|1507
11|924|573|1508
11|925|573|1509
11|925|574|1510
11|926|574|1511
11|927|574|1512
11|928|574|1513
11|928|575|1514
11|929|575|1515
11|929|576|1516
11|930|576|1517
11|930|577|1518
11|931|577|1519
11|931|578|1520
11|932|578|1521
11|933|578|1522
11|934|578|1523
11|935|578|1524
11|936|578|1525
11|936|579|1526
11|937|579|1527
11|937|580|1528
11|938|580|1529
11|938|581|1530
11|939|581|1531
11|939|582|1532
11|940|582|1533
11|940|583|1534
11|941|583|1535
11|942|583|1536
11|943|583|1537
11|943|584|1538
11|944|584|1539
11|944|585|1540
11|945|585|1541
11|945|586|1542
11|946|586|1543
11|947|586|1544
11|948|586|1545
11|948|587|1546
11|949|587|1547
11|949|588|1548
11|950|588|1549
11|951|588|1550
11|952|588|1551
11|953|588|1552
11|954|588|1553
11|955|588|1554
11|956|588|1555
11|956|589|1556
11|957|589|1557
11|957|590|1558
11|958|590|1559
11|959|590|1560
11|960|590|1561
11|960|591|1562
11|961|591|1563
11|961|592|1564
11|962|592|1565
11|963|592|1566
11|964|592|1567
11|964|593|1568
11|965|593|1569
11|965|594|1570
11|966|594|1571
11|967|594|1572
11|968|594|1573
11|968|595|1574
11|969|595|1575
11|969|596|1576
11|970|596|1577
11|970|597|1578
11|971|597|1579
11|971|598|1580
11|972|598|1581
11|972|599|1582
11|973|599|1583
11|973|600|1584
11|974|600|1585
11|974|601|1586
11|975|601|1587
11|975|602|1588
11|976|602|1589
11|976|603|1590
11|977|603|1591
11|977|604|1592
11|978|604|1593
11|978|605|1594
11|979|605|1595
11|979|606|1596
11|980|606|1597
11|980|607|1598
11|981|607|1599
11|981|608|1600
11|982|608|1601
11|982|609|1602
11|983|609|1603
11|983|610|1604
11|984|610|1605
11|984|611|1606
11|985|611|1607
11|985|612|1608
11|986|612|1609
11|986|613|1610
11|987|613|1611
11|987|614|1612
11|988|614|1613
11|989|614|1614
11|990|614|1615
11|990|615|1616
11|991|615|1617
11|991|616|1618
11|992|616|1619
11|993|616|1620
11|994|616|1621
11|995|616|1622
11|996|616|1623
11|997|616|1624
11|998|616|1625
11|999|616|1626
11|1000|616|1627
11|1000|617|1628
11|1001|617|1629
11|1001|618|1630
11|1002|618|1631
11|1003|618|1632
11|1004|618|1633
11|1004|619|1634
11|1005|619|1635
11|1005|620|1636
11|1006|620|1637
11|1006|621|1638
11|1007|621|1639
11|1007|622|1640
11|1008|622|1641
11|1008|623|1642
11|1009|623|1643
11|1009|624|1644
11|1010|624|1645
11|1010|625|1646
11|1011|625|1647
11|1011|626|1648
11|1012|626|1649
11|1012|627|1650
11|1013|627|1651
11|1014|627|1652
11|1015|627|1653
11|1015|628|1654
11|1016|628|1655
11|1017|628|1656
11|1018|628|1657
11|1019|628|1658
11|1020|628|1659
11|1021|628|1660
11|1022|628|1661
11|1023|628|1662
11|1024|628|1663
11|1025|628|1664
11|1026|628|1665
11|1027|628|1666
11|1028|628|1667
11|1029|628|1668
11|1030|628|1669
11|1031|628|1670
11|1032|628|1671
11|1032|629|1672
11|1033|629|1673
11|1033|630|1674
11|1034|630|1675
11|1035|630|1676
11|1036|630|1677
11|1036|631|1678
11|1037|631|1679
11|1038|631|1680
11|1039|631|1681
11|1039|632|1682
11|1040|632|1683
11|1041|632|1684
11|1042|632|1685
11|1043|632|1686
11|1044|632|1687
11|1045|632|1688
11|1046|632|1689
11|1046|633|1690
11|1047|633|1691
11|1048|633|1692
11|1049|633|1693
11|1049|634|1694
11|1050|634|1695
11|1050|635|1696
11|1051|635|1697
11|1052|635|1698
11|1053|635|1699
11|1054|635|1700
11|1055|635|1701
11|1055|636|1702
11|1056|636|1703
11|1056|637|1704
11|1057|637|1705
11|1057|638|1706
11|1058|638|1707
11|1058|639|1708
11|1059|639|1709
11|1059|640|1710
11|1060|640|1711
11|1060|641|1712
11|1061|641|1713
11|1062|641|1714
11|1063|641|1715
11|1064|641|1716
11|1065|641|1717
11|1065|642|1718
11|1066|642|1719
11|1067|642|1720
11|1068|642|1721
11|1069|642|1722
11|1070|642|1723
11|1071|642|1724
11|1072|642|1725
11|1072|643|1726
11|1073|643|1727
11|1073|644|1728
11|1074|644|1729
11|1074|645|1730
11|1075|645|1731
11|1075|646|1732
11|1076|646|1733
11|1076|647|1734
11|1077|647|1735
11|1077|648|1736
11|1078|648|1737
11|1078|649|1738
11|1079|649|1739
11|1080|649|1740
11|1081|649|1741
11|1081|650|1742
11|1082|650|1743
11|1082|651|1744
11|1083|651|1745
11|1084|651|1746
11|1085|651|1747
11|1085|652|1748
11|1086|652|1749
11|1086|653|1750
11|1087|653|1751
11|1088|653|1752
11|1089|653|1753
11|1089|654|1754
11|1090|654|1755
11|1090|655|1756
11|1091|655|1757
11|1091|656|1758
11|1092|656|1759
11|1092|657|1760
11|1093|657|1761
11|1093|658|1762
11|1094|658|1763
11|1095|658|1764
11|1096|658|1765
11|1096|659|1766
11|1097|659|1767
11|1098|659|1768
11|1099|659|1769
11|1099|660|1770
12|1099|660|1771
12|1100|660|1772
12|1101|660|1773
12|1102|660|1774
12|1103|660|1775
12|1103|661|1776
12|1104|661|1777
12|1104|662|1778
12|1105|662|1779
12|1106|662|1780
12|1107|662|1781
12|1108|662|1782
12|1109|662|1783
12|1109|663|1784
12|1110|663|1785
12|1111|663|1786
12|1112|663|1787
12|1112|664|1788
12|1113|664|1789
12|1114|664|1790
12|1115|664|1791
12|1116|664|1792
12|1117|664|1793
12|1118|664|1794
12|1119|664|1795
12|1120|664|1796
12|1121|664|1797
12|1122|664|1798
13|1122|664|1799
13|1123|664|1800
13|1124|664|1801
13|1125|664|1802
13|1126|664|1803
13|1127|664|1804
13|1128|664|1805
13|1128|665|1806
14|1128|665|1807
14|1128|666|1808
15|1128|666|1809
15|1129|666|1810
15|1130|666|1811
15|1130|667|1812
15|1131|667|1813
15|1131|668|1814
15|1132|668|1815
15|1133|668|1816
15|1134|668|1817
15|1135|668|1818
15|1136|668|1819
15|1136|669|1820
15|1137|669|1821
15|1138|669|1822
15|1139|669|1823
15|1139|670|1824
15|1140|670|1825
15|1141|670|1826
15|1142|670|1827
15|1143|670|1828
15|1144|670|1829
15|1144|671|1830
15|1145|671|1831
15|1145|672|1832
15|1146|672|1833
15|1146|673|1834
15|1147|673|1835
15|1147|674|1836
15|1148|674|1837
15|1148|675|1838
15|1149|675|1839
15|1149|676|1840
15|1150|676|1841
15|1150|677|1842
15|1151|677|1843
15|1151|678|1844
15|1152|678|1845
15|1152|679|1846
15|1153|679|1847
15|1153|680|1848
15|1154|680|1849
15|1154|681|1850
15|1155|681|1851
15|1155|682|1852
15|1156|682|1853
15|1156|683|1854
15|1157|683|1855
15|1157|684|1856
15|1158|684|1857
15|1158|685|1858
15|1159|685|1859
15|1159|686|1860
15|1160|686|1861
15|1160|687|1862
15|1161|687|1863
15|1161|688|1864
15|1162|688|1865
15|1162|689|1866
15|1163|689|1867
15|1164|689|1868
15|1165|689|1869
15|1165|690|1870
15|1166|690|1871
15|1166|691|1872
15|1167|691|1873
15|1167|692|1874
15|1168|692|1875
15|1168|693|1876
15|1169|693|1877
15|1169|694|1878
15|1170|694|1879
15|1170|695|1880
15|1171|695|1881
15|1171|696|1882
15|1172|696|1883
15|1172|697|1884
15|1173|697|1885
15|1173|698|1886
15|1174|698|1887
15|1174|699|1888
15|1175|699|1889
15|1175|700|1890
15|1176|700|1891
15|1176|701|1892
15|1177|701|1893
15|1177|702|1894
15|1178|702|1895
15|1179|702|1896
15|1180|702|1897
15|1180|703|1898
15|1181|703|1899
15|1182|703|1900
16|1182|703|1901
16|1183|703|1902
17|1183|703|1903
17|1184|703|1904
17|1185|703|1905
17|1185|704|1906
17|1186|704|1907
17|1186|705|1908
17|1187|705|1909
17|1187|706|1910
17|1188|706|1911
17|1189|706|1912
17|1190|706|1913
17|1190|707|1914
17|1191|707|1915
17|1192|707|1916
17|1193|707|1917
17|1194|707|1918
17|1195|707|1919
17|1195|708|1920
17|1196|708|1921
17|1196|709|1922
17|1197|709|1923
17|1197|710|1924
17|1198|710|1925
17|1199|710|1926
17|1200|710|1927
17|1200|711|1928
17|1201|711|1929
17|1201|712|1930
18|1201|712|1931
18|1201|713|1932
18|1202|713|1933
18|1203|713|1934
18|1204|713|1935
18|1205|713|1936
18|1206|713|1937
18|1206|714|1938
18|1207|714|1939
18|1207|715|1940
18|1208|715|1941
18|1208|716|1942
18|1209|716|1943
18|1209|717|1944
18|1210|717|1945
18|1211|717|1946
18|1212|717|1947
18|1213|717|1948
18|1214|717|1949
18|1214|718|1950
18|1215|718|1951
18|1216|718|1952
18|1217|718|1953
18|1218|718|1954
18|1219|718|1955
18|1219|719|1956
18|1220|719|1957
18|1220|720|1958
18|1221|720|1959
18|1221|721|1960
18|1222|721|1961
18|1223|721|1962
18|1224|721|1963
18|1224|722|1964
18|1225|722|1965
18|1225|723|1966
18|1226|723|1967
18|1227|723|1968
18|1228|723|1969
18|1228|724|1970
18|1229|724|1971
18|1230|724|1972
18|1231|724|1973
18|1231|725|1974
18|1232|725|1975
18|1232|726|1976
18|1233|726|1977
18|1233|727|1978
18|1234|727|1979
18|1234|728|1980
18|1235|728|1981
18|1236|728|1982
18|1237|728|1983
18|1238|728|1984
18|1239|728|1985
18|1239|729|1986
18|1240|729|1987
18|1240|730|1988
18|1241|730|1989
18|1242|730|1990
18|1243|730|1991
18|1243|731|1992
18|1244|731|1993
18|1244|732|1994
18|1245|732|1995
18|1246|732|1996
18|1247|732|1997
18|1247|733|1998
18|1248|733|1999
18|1248|734|2000
