total
0|0|1|1
0|1|1|2
0|1|2|3
0|2|2|4
0|2|3|5
0|3|3|6
0|3|4|7
0|4|4|8
0|4|5|9
0|5|5|10
0|5|6|11
0|6|6|12
0|6|7|13
0|7|7|14
0|7|8|15
0|8|8|16
0|8|9|17
0|9|9|18
0|9|10|19
0|10|10|20
0|10|11|21
0|11|11|22
0|11|12|23
0|12|12|24
0|12|13|25
0|13|13|26
0|13|14|27
0|14|14|28
0|14|15|29
0|15|15|30
0|15|16|31
0|16|16|32
1|16|16|33
1|17|16|34
1|17|17|35
1|17|18|36
1|17|19|37
1|18|19|38
2|18|19|39
2|18|20|40
3|18|20|41
3|19|20|42
3|19|21|43
3|19|22|44
4|19|22|45
4|19|23|46
5|19|23|47
5|20|23|48
5|20|24|49
5|20|25|50
5|20|26|51
5|20|27|52
5|20|28|53
5|21|28|54
5|21|29|55
5|21|30|56
6|21|30|57
6|21|31|58
7|21|31|59
7|22|31|60
8|22|31|61
8|23|31|62
9|23|31|63
9|23|32|64
9|23|33|65
9|24|33|66
9|24|34|67
9|25|34|68
9|25|35|69
9|26|35|70
9|26|36|71
9|27|36|72
9|27|37|73
9|28|37|74
9|28|38|75
9|29|38|76
9|29|39|77
9|30|39|78
9|30|40|79
9|31|40|80
9|31|41|81
9|32|41|82
9|32|42|83
9|33|42|84
9|33|43|85
9|34|43|86
9|34|44|87
9|35|44|88
9|35|45|89
9|36|45|90
9|36|46|91
9|37|46|92
9|37|47|93
9|38|47|94
9|38|48|95
9|39|48|96
9|39|49|97
9|40|49|98
9|40|50|99
9|41|50|100
9|41|51|101
9|42|51|102
9|42|52|103
9|43|52|104
9|43|53|105
9|44|53|106
9|44|54|107
9|45|54|108
9|45|55|109
9|46|55|110
9|46|56|111
9|47|56|112
9|47|57|113
9|48|57|114
9|48|58|115
9|49|58|116
9|49|59|117
9|50|59|118
9|50|60|119
9|50|61|120
9|50|62|121
9|51|62|122
9|51|63|123
9|52|63|124
9|52|64|125
9|53|64|126
9|53|65|127
9|54|65|128
9|54|66|129
9|55|66|130
9|55|67|131
9|56|67|132
9|56|68|133
9|57|68|134
9|57|69|135
9|58|69|136
9|58|70|137
10|58|70|138
10|58|71|139
10|59|71|140
10|60|72|142
10|61|72|143
10|61|73|144
10|62|73|145
10|62|74|146
10|63|74|147
10|63|75|148
10|64|75|149
10|64|76|150
10|65|76|151
10|65|77|152
11|65|77|153
11|65|78|154
11|66|78|155
11|66|79|156
11|67|79|157
11|67|80|158
11|68|80|159
11|68|81|160
11|69|81|161
11|69|82|162
11|70|82|163
11|70|83|164
11|71|83|165
11|71|84|166
11|72|84|167
11|72|85|168
11|73|85|169
11|73|86|170
11|74|86|171
11|74|87|172
11|75|87|173
11|75|88|174
11|76|88|175
11|76|89|176
11|77|89|177
11|77|90|178
11|78|90|179
11|78|91|180
11|79|91|181
11|79|92|182
11|80|92|183
11|80|93|184
11|81|93|185
11|81|94|186
11|82|94|187
11|82|95|188
11|83|95|189
11|83|96|190
11|84|96|191
11|84|97|192
11|85|97|193
11|85|98|194
11|86|98|195
11|86|99|196
11|87|99|197
11|87|100|198
11|88|100|199
11|88|101|200
11|89|101|201
11|89|102|202
11|90|102|203
11|90|103|204
11|91|103|205
11|91|104|206
11|92|104|207
11|92|105|208
11|93|105|209
11|93|106|210
11|94|106|211
11|94|107|212
11|95|107|213
11|95|108|214
11|96|108|215
11|96|109|216
11|97|109|217
11|97|110|218
11|98|110|219
12|98|110|220
12|99|110|221
12|99|111|222
12|100|111|223
12|100|112|224
12|101|112|225
12|101|113|226
12|102|113|227
13|102|113|228
13|103|113|229
13|103|114|230
13|104|114|231
13|104|115|232
13|105|115|233
13|105|116|234
13|106|116|235
13|106|117|236
13|107|117|237
13|107|118|238
13|108|118|239
13|108|119|240
13|109|119|241
13|109|120|242
13|110|120|243
13|110|121|244
13|111|121|245
13|112|121|246
13|113|121|247
13|113|122|248
13|114|122|249
13|114|123|250
13|115|123|251
13|116|123|252
13|116|124|253
13|116|125|254
13|117|125|255
13|117|126|256
13|118|126|257
13|118|127|258
13|119|127|259
13|119|128|260
13|120|128|261
13|120|129|262
13|121|129|263
13|121|130|264
13|122|130|265
13|122|131|266
13|123|131|267
13|123|132|268
13|124|132|269
13|124|133|270
13|125|133|271
13|126|133|272
13|127|133|273
13|127|134|274
13|128|134|275
13|128|135|276
13|129|135|277
13|130|135|278
13|131|135|279
13|132|135|280
13|133|135|281
13|133|136|282
13|134|136|283
13|134|137|284
13|135|137|285
13|135|138|286
13|136|138|287
13|136|139|288
13|137|139|289
13|138|139|290
13|139|139|291
13|139|140|292
13|140|140|293
13|140|141|294
13|140|142|295
13|140|143|296
13|141|143|297
13|142|143|298
13|143|143|299
13|143|144|300
13|144|144|301
13|144|145|302
13|145|145|303
13|145|146|304
13|146|146|305
13|146|147|306
13|147|147|307
13|148|147|308
13|149|147|309
13|149|148|310
13|150|148|311
13|150|149|312
13|151|149|313
13|151|150|314
13|152|150|315
13|152|151|316
13|153|151|317
13|153|152|318
13|154|152|319
13|154|153|320
13|155|153|321
13|155|154|322
13|156|154|323
13|156|155|324
13|157|155|325
13|157|156|326
13|158|156|327
13|158|157|328
13|159|157|329
13|159|158|330
13|160|158|331
13|160|159|332
13|161|159|333
13|161|160|334
13|162|160|335
13|162|161|336
13|163|161|337
13|163|162|338
13|164|162|339
13|164|163|340
13|165|163|341
13|165|164|342
13|166|164|343
13|166|165|344
13|167|165|345
13|167|166|346
13|168|166|347
13|168|167|348
13|168|168|349
13|168|169|350
13|169|169|351
13|169|170|352
13|170|170|353
13|170|171|354
13|171|171|355
13|171|172|356
13|172|172|357
13|172|173|358
13|173|173|359
13|173|174|360
13|174|174|361
13|174|175|362
13|175|175|363
13|175|176|364
13|176|176|365
13|176|177|366
13|177|177|367
13|177|178|368
13|178|178|369
13|178|179|370
13|179|179|371
13|179|180|372
13|180|180|373
13|180|181|374
13|181|181|375
13|181|182|376
13|182|182|377
13|182|183|378
13|183|183|379
13|183|184|380
13|184|184|381
13|184|185|382
13|185|185|383
13|185|186|384
13|186|186|385
13|186|187|386
13|187|187|387
13|187|188|388
13|188|188|389
13|188|189|390
13|189|189|391
13|189|190|392
13|190|190|393
13|190|191|394
13|191|191|395
13|191|192|396
13|192|192|397
14|192|192|398
14|193|192|399
14|193|193|400
14|194|193|401
14|194|194|402
14|195|194|403
14|195|195|404
14|195|196|405
14|195|197|406
14|196|197|407
14|196|198|408
14|197|198|409
14|197|199|410
14|198|199|411
14|198|200|412
14|199|200|413
14|199|201|414
14|200|201|415
14|200|202|416
14|201|202|417
14|201|203|418
14|202|203|419
14|202|204|420
14|203|204|421
14|203|205|422
14|204|205|423
14|204|206|424
14|205|206|425
14|205|207|426
14|206|207|427
14|206|208|428
14|207|208|429
14|207|209|430
14|208|209|431
14|208|210|432
14|209|210|433
15|209|210|434
15|210|210|435
15|210|211|436
15|211|211|437
15|211|212|438
15|212|212|439
15|212|213|440
15|213|213|441
16|213|213|442
16|214|213|443
16|214|214|444
16|215|214|445
16|215|215|446
16|216|215|447
16|216|216|448
16|217|216|449
16|217|217|450
16|218|217|451
16|218|218|452
16|219|218|453
16|219|219|454
16|220|219|455
16|220|220|456
16|221|220|457
16|221|221|458
16|222|221|459
16|222|222|460
16|223|222|461
16|223|223|462
16|224|223|463
16|224|224|464
16|225|224|465
16|225|225|466
16|226|225|467
16|226|226|468
16|227|226|469
16|227|227|470
16|228|227|471
16|228|228|472
16|229|228|473
16|229|229|474
16|230|229|475
16|230|230|476
16|231|230|477
16|231|231|478
16|232|231|479
16|232|232|480
16|233|232|481
16|233|233|482
16|234|233|483
16|234|234|484
16|235|234|485
16|235|235|486
16|236|235|487
16|236|236|488
16|237|236|489
16|237|237|490
16|238|237|491
16|238|238|492
16|239|238|493
16|239|239|494
16|240|239|495
16|240|240|496
16|241|240|497
16|241|241|498
16|242|241|499
16|242|242|500
16|243|242|501
16|243|243|502
16|244|243|503
16|244|244|504
16|245|244|505
16|245|245|506
16|246|245|507
16|246|246|508
16|247|246|509
16|247|247|510
16|248|247|511
16|248|248|512
16|249|248|513
16|249|249|514
16|250|249|515
16|250|250|516
16|251|250|517
16|251|251|518
16|252|251|519
16|252|252|520
16|253|252|521
16|253|253|522
16|254|253|523
16|254|254|524
16|255|254|525
16|255|255|526
16|256|255|527
16|256|256|528
16|257|256|529
16|257|257|530
16|258|257|531
16|258|258|532
16|259|258|533
16|259|259|534
16|260|259|535
16|260|260|536
16|261|260|537
16|261|261|538
16|262|261|539
16|262|262|540
16|263|262|541
16|263|263|542
16|264|263|543
16|264|264|544
16|265|264|545
16|265|265|546
16|266|265|547
16|266|266|548
16|267|266|549
16|267|267|550
16|268|267|551
16|268|268|552
16|269|268|553
16|269|269|554
16|270|269|555
16|270|270|556
16|271|270|557
16|271|271|558
16|272|271|559
16|272|272|560
17|272|272|561
17|272|273|562
17|273|273|563
17|273|274|564
17|274|274|565
17|274|275|566
17|275|275|567
17|275|276|568
17|275|277|569
18|275|277|570
18|276|277|571
19|276|277|572
19|277|277|573
19|277|278|574
19|278|278|575
20|278|278|576
20|279|278|577
21|279|278|578
21|280|278|579
21|280|279|580
21|281|279|581
21|281|280|582
21|282|280|583
22|282|280|584
22|283|280|585
23|283|280|586
23|284|280|587
23|284|281|588
23|285|281|589
23|285|282|590
23|286|282|591
23|286|283|592
23|287|283|593
24|287|283|594
24|288|283|595
25|288|283|596
25|289|283|597
26|289|283|598
26|290|283|599
26|290|284|600
26|290|285|601
27|290|285|602
27|291|285|603
28|291|285|604
28|292|285|605
28|292|286|606
28|293|286|607
28|293|287|608
28|294|287|609
28|294|288|610
28|295|288|611
28|295|289|612
28|296|289|613
28|296|290|614
28|297|290|615
28|297|291|616
28|298|291|617
28|298|292|618
28|299|292|619
28|299|293|620
28|300|293|621
28|300|294|622
28|301|294|623
28|301|295|624
28|302|295|625
28|302|296|626
28|303|296|627
28|303|297|628
28|304|297|629
28|304|298|630
28|305|298|631
28|305|299|632
28|306|299|633
28|306|300|634
28|307|300|635
28|307|301|636
28|308|301|637
28|308|302|638
28|309|302|639
28|309|303|640
28|310|303|641
28|310|304|642
28|311|304|643
28|311|305|644
28|312|305|645
28|312|306|646
28|313|306|647
28|313|307|648
28|314|307|649
28|314|308|650
28|315|308|651
28|315|309|652
28|316|309|653
28|316|310|654
28|317|310|655
28|317|311|656
28|318|311|657
28|318|312|658
28|319|312|659
28|319|313|660
28|320|313|661
28|320|314|662
28|321|314|663
28|321|315|664
28|322|315|665
28|322|316|666
28|323|316|667
28|323|317|668
28|324|317|669
28|324|318|670
28|325|318|671
28|325|319|672
28|326|319|673
28|326|320|674
28|327|320|675
28|327|321|676
28|328|321|677
28|328|322|678
28|329|322|679
28|329|323|680
28|330|323|681
28|330|324|682
28|331|324|683
28|331|325|684
28|332|325|685
28|332|326|686
28|333|326|687
28|333|327|688
28|334|327|689
28|334|328|690
28|335|328|691
28|335|329|692
28|336|329|693
28|336|330|694
28|337|330|695
28|337|331|696
28|338|331|697
28|338|332|698
28|339|332|699
28|339|333|700
28|340|333|701
28|340|334|702
28|341|334|703
28|341|335|704
28|342|335|705
28|342|336|706
29|342|336|707
29|342|337|708
29|343|337|709
29|343|338|710
29|344|338|711
29|344|339|712
29|344|340|713
29|344|341|714
29|344|342|715
29|344|343|716
29|344|344|717
30|344|344|718
30|344|345|719
31|344|345|720
31|345|345|721
32|345|345|722
32|345|346|723
32|345|347|724
32|346|347|725
32|346|348|726
32|346|349|727
33|346|349|728
33|346|350|729
34|346|350|730
34|346|351|731
35|346|351|732
35|346|352|733
35|346|353|734
35|346|354|735
35|346|355|736
35|346|356|737
35|346|357|738
35|347|357|739
36|347|357|740
36|348|357|741
36|348|358|742
36|349|358|743
36|349|359|744
36|350|359|745
36|350|360|746
36|351|360|747
36|351|361|748
36|352|361|749
36|352|362|750
36|353|362|751
36|353|363|752
36|354|363|753
36|354|364|754
36|355|364|755
36|355|365|756
36|356|365|757
36|356|366|758
36|357|366|759
36|357|367|760
36|358|367|761
36|358|368|762
36|359|368|763
36|359|369|764
36|360|369|765
36|360|370|766
36|361|370|767
36|361|371|768
36|362|371|769
36|362|372|770
36|363|372|771
36|363|373|772
36|364|373|773
36|364|374|774
36|365|374|775
36|365|375|776
36|366|375|777
36|366|376|778
36|367|376|779
36|367|377|780
36|368|377|781
36|368|378|782
36|369|378|783
36|369|379|784
36|370|379|785
36|370|380|786
36|371|380|787
36|371|381|788
36|372|381|789
36|372|382|790
36|373|382|791
36|373|383|792
36|374|383|793
36|374|384|794
36|375|384|795
36|375|385|796
36|376|385|797
36|376|386|798
36|377|386|799
36|377|387|800
36|378|387|801
36|378|388|802
36|379|388|803
36|379|389|804
36|380|389|805
36|380|390|806
36|381|390|807
36|381|391|808
36|382|391|809
36|382|392|810
36|383|392|811
36|383|393|812
36|384|393|813
36|384|394|814
36|385|394|815
36|385|395|816
36|386|395|817
36|386|396|818
36|387|396|819
36|387|397|820
36|388|397|821
36|388|398|822
36|389|398|823
36|389|399|824
36|390|399|825
36|390|400|826
36|391|400|827
36|391|401|828
36|392|401|829
36|392|402|830
36|393|402|831
36|393|403|832
36|394|403|833
36|394|404|834
36|395|404|835
36|395|405|836
36|396|405|837
36|396|406|838
36|397|406|839
36|397|407|840
36|398|407|841
36|398|408|842
36|399|408|843
36|399|409|844
36|400|409|845
36|400|410|846
36|401|410|847
36|401|411|848
36|402|411|849
36|402|412|850
36|403|412|851
36|403|413|852
36|404|413|853
36|404|414|854
36|405|414|855
36|405|415|856
36|406|415|857
36|406|416|858
36|407|416|859
36|407|417|860
36|408|417|861
36|408|418|862
36|409|418|863
36|409|419|864
36|410|419|865
36|410|420|866
36|410|421|867
37|410|421|868
37|411|421|869
37|411|422|870
37|412|422|871
37|412|423|872
37|413|423|873
37|413|424|874
37|414|424|875
38|414|424|876
38|415|424|877
38|415|425|878
38|415|426|879
38|415|427|880
38|416|427|881
38|416|428|882
38|417|428|883
38|417|429|884
38|418|429|885
38|418|430|886
38|419|430|887
38|420|430|888
38|421|430|889
38|421|431|890
38|421|432|891
38|421|433|892
38|422|433|893
38|422|434|894
38|423|434|895
38|423|435|896
38|424|435|897
38|424|436|898
38|425|436|899
38|425|437|900
38|426|437|901
38|426|438|902
38|427|438|903
38|427|439|904
38|428|439|905
38|428|440|906
38|429|440|907
38|429|441|908
38|430|441|909
38|430|442|910
38|431|442|911
39|431|442|912
39|432|442|913
39|432|443|914
39|433|443|915
39|433|444|916
39|434|444|917
39|434|445|918
39|435|445|919
39|435|446|920
39|436|446|921
39|436|447|922
39|437|447|923
39|437|448|924
39|437|449|925
39|437|450|926
39|438|450|927
39|438|451|928
39|439|451|929
39|440|451|930
39|441|451|931
39|441|452|932
39|442|452|933
39|442|453|934
39|443|453|935
39|443|454|936
39|444|454|937
39|444|455|938
39|445|455|939
39|445|456|940
39|446|456|941
39|446|457|942
39|447|457|943
39|447|458|944
39|448|458|945
39|448|459|946
39|449|459|947
39|449|460|948
39|450|460|949
39|450|461|950
39|451|461|951
39|451|462|952
39|452|462|953
39|452|463|954
39|453|463|955
39|453|464|956
39|454|464|957
39|454|465|958
39|455|465|959
39|455|466|960
39|456|466|961
39|456|467|962
39|457|467|963
39|457|468|964
39|458|468|965
39|458|469|966
39|459|469|967
39|459|470|968
39|459|471|969
39|459|472|970
39|460|472|971
39|461|472|972
39|462|472|973
39|463|472|974
39|464|472|975
39|464|473|976
39|465|473|977
39|465|474|978
39|465|475|979
39|466|475|980
39|467|475|981
39|467|476|982
39|468|476|983
39|469|476|984
39|470|476|985
39|470|477|986
39|471|477|987
39|472|477|988
39|473|477|989
39|473|478|990
39|474|478|991
39|474|479|992
39|475|479|993
39|475|480|994
39|476|480|995
39|476|481|996
39|477|481|997
39|477|482|998
39|478|482|999
39|478|483|1000
39|479|483|1001
39|479|484|1002
39|480|484|1003
39|480|485|1004
39|481|485|1005
39|481|486|1006
39|482|486|1007
39|482|487|1008
39|483|487|1009
39|483|488|1010
39|484|488|1011
39|484|489|1012
39|485|489|1013
39|485|490|1014
39|486|490|1015
39|486|491|1016
39|487|491|1017
39|487|492|1018
39|488|492|1019
39|488|493|1020
39|489|493|1021
39|489|494|1022
39|490|494|1023
39|490|495|1024
39|491|495|1025
39|491|496|1026
39|492|496|1027
39|492|497|1028
39|493|497|1029
39|493|498|1030
39|493|499|1031
39|493|500|1032
39|494|500|1033
39|494|501|1034
39|495|501|1035
39|495|502|1036
39|496|502|1037
39|496|503|1038
39|497|503|1039
39|497|504|1040
39|498|504|1041
39|498|505|1042
39|499|505|1043
39|499|506|1044
39|500|506|1045
39|500|507|1046
39|501|507|1047
39|501|508|1048
39|502|508|1049
39|502|509|1050
39|503|509|1051
39|503|510|1052
39|503|511|1053
39|503|512|1054
39|504|512|1055
40|504|512|1056
40|505|512|1057
40|505|513|1058
40|506|513|1059
40|506|514|1060
40|507|514|1061
40|507|515|1062
40|508|515|1063
40|508|516|1064
40|509|516|1065
40|509|517|1066
40|510|517|1067
40|510|518|1068
40|511|518|1069
40|511|519|1070
40|512|519|1071
40|512|520|1072
40|513|520|1073
40|513|521|1074
40|514|521|1075
40|514|522|1076
40|515|522|1077
40|515|523|1078
40|516|523|1079
40|516|524|1080
40|516|525|1081
41|516|525|1082
41|517|525|1083
41|517|526|1084
41|518|526|1085
41|518|527|1086
41|519|527|1087
41|519|528|1088
41|519|529|1089
42|519|529|1090
42|520|529|1091
42|520|530|1092
42|521|530|1093
42|521|531|1094
42|522|531|1095
42|522|532|1096
42|522|533|1097
42|522|534|1098
42|523|534|1099
42|523|535|1100
42|523|536|1101
42|523|537|1102
42|524|537|1103
42|524|538|1104
42|525|538|1105
42|526|538|1106
42|527|538|1107
42|527|539|1108
42|528|539|1109
42|528|540|1110
42|529|540|1111
43|529|540|1112
43|530|540|1113
43|530|541|1114
43|531|541|1115
43|531|542|1116
43|532|542|1117
44|532|542|1118
44|533|542|1119
44|533|543|1120
44|534|543|1121
44|534|544|1122
44|535|544|1123
44|535|545|1124
44|536|545|1125
44|536|546|1126
44|537|546|1127
44|537|547|1128
44|538|547|1129
44|538|548|1130
44|539|548|1131
44|539|549|1132
44|540|549|1133
45|540|549|1134
45|541|549|1135
45|541|550|1136
45|542|550|1137
45|542|551|1138
45|543|551|1139
45|543|552|1140
45|544|552|1141
45|544|553|1142
45|545|553|1143
45|545|554|1144
45|546|554|1145
45|546|555|1146
45|547|555|1147
45|547|556|1148
45|548|556|1149
45|548|557|1150
45|549|557|1151
45|549|558|1152
45|550|558|1153
46|550|558|1154
46|551|558|1155
46|551|559|1156
46|552|559|1157
46|552|560|1158
46|553|560|1159
46|553|561|1160
46|554|561|1161
47|554|561|1162
47|555|561|1163
47|555|562|1164
47|556|562|1165
47|556|563|1166
47|557|563|1167
47|557|564|1168
47|558|564|1169
47|558|565|1170
47|559|565|1171
47|559|566|1172
47|560|566|1173
47|560|567|1174
47|561|567|1175
47|561|568|1176
47|562|568|1177
47|562|569|1178
47|563|569|1179
47|563|570|1180
47|564|570|1181
47|564|571|1182
47|565|571|1183
47|565|572|1184
47|566|572|1185
47|566|573|1186
47|567|573|1187
47|567|574|1188
47|568|574|1189
47|568|575|1190
47|569|575|1191
47|569|576|1192
47|570|576|1193
47|570|577|1194
47|571|577|1195
47|571|578|1196
47|572|578|1197
47|572|579|1198
47|573|579|1199
47|573|580|1200
47|574|580|1201
47|574|581|1202
47|575|581|1203
47|575|582|1204
47|576|582|1205
47|576|583|1206
47|577|583|1207
47|577|584|1208
47|578|584|1209
47|578|585|1210
47|579|585|1211
47|579|586|1212
47|580|586|1213
47|580|587|1214
47|581|587|1215
47|581|588|1216
47|582|588|1217
47|582|589|1218
47|583|589|1219
47|583|590|1220
47|584|590|1221
47|584|591|1222
47|585|591|1223
47|585|592|1224
47|586|592|1225
47|586|593|1226
47|587|593|1227
47|587|594|1228
47|588|594|1229
47|588|595|1230
47|589|595|1231
47|589|596|1232
47|590|596|1233
47|590|597|1234
47|591|597|1235
47|591|598|1236
47|592|598|1237
47|592|599|1238
47|593|599|1239
47|593|600|1240
47|594|600|1241
47|594|601|1242
47|595|601|1243
47|595|602|1244
47|596|602|1245
47|596|603|1246
47|597|603|1247
47|597|604|1248
47|598|604|1249
47|598|605|1250
47|599|605|1251
47|599|606|1252
47|600|606|1253
48|600|606|1254
48|601|606|1255
48|601|607|1256
48|602|607|1257
48|602|608|1258
48|603|608|1259
48|603|609|1260
48|604|609|1261
48|604|610|1262
48|605|610|1263
49|605|610|1264
49|605|611|1265
49|605|612|1266
49|605|613|1267
49|605|614|1268
49|606|614|1269
50|606|614|1270
50|606|615|1271
50|606|616|1272
50|607|616|1273
50|607|617|1274
50|607|618|1275
50|607|619|1276
50|608|619|1277
51|608|619|1278
51|609|619|1279
52|609|619|1280
52|610|619|1281
53|610|619|1282
53|611|619|1283
54|611|619|1284
54|612|619|1285
55|612|619|1286
55|612|620|1287
56|612|620|1288
56|613|620|1289
56|613|621|1290
56|614|621|1291
56|614|622|1292
56|615|622|1293
56|615|623|1294
56|616|623|1295
56|616|624|1296
56|617|624|1297
56|617|625|1298
56|618|625|1299
56|618|626|1300
56|619|626|1301
56|619|627|1302
56|620|627|1303
56|620|628|1304
56|621|628|1305
56|621|629|1306
56|622|629|1307
56|622|630|1308
56|623|630|1309
56|623|631|1310
56|624|631|1311
56|624|632|1312
56|625|632|1313
56|625|633|1314
56|626|633|1315
56|626|634|1316
56|627|634|1317
56|627|635|1318
56|628|635|1319
56|628|636|1320
56|629|636|1321
56|629|637|1322
56|630|637|1323
56|630|638|1324
56|630|639|1325
56|630|640|1326
56|631|640|1327
56|631|641|1328
56|632|641|1329
56|632|642|1330
56|633|642|1331
56|633|643|1332
56|634|643|1333
56|634|644|1334
56|634|645|1335
56|634|646|1336
56|635|646|1337
56|635|647|1338
56|636|647|1339
56|636|648|1340
56|637|648|1341
56|637|649|1342
56|638|649|1343
56|638|650|1344
56|639|650|1345
56|639|651|1346
56|640|651|1347
56|640|652|1348
56|641|652|1349
56|641|653|1350
56|642|653|1351
56|642|654|1352
56|643|654|1353
56|643|655|1354
56|644|655|1355
56|644|656|1356
56|645|656|1357
56|645|657|1358
56|646|657|1359
56|646|658|1360
56|647|658|1361
56|647|659|1362
56|648|659|1363
56|648|660|1364
56|649|660|1365
56|649|661|1366
56|650|661|1367
56|650|662|1368
56|651|662|1369
56|651|663|1370
56|652|663|1371
56|652|664|1372
56|653|664|1373
56|653|665|1374
56|654|665|1375
56|654|666|1376
56|655|666|1377
56|655|667|1378
56|656|667|1379
56|656|668|1380
56|657|668|1381
56|657|669|1382
56|658|669|1383
56|658|670|1384
56|659|670|1385
56|659|671|1386
56|660|671|1387
56|660|672|1388
56|661|672|1389
56|661|673|1390
56|662|673|1391
56|662|674|1392
56|663|674|1393
56|664|674|1394
56|665|674|1395
56|665|675|1396
56|665|676|1397
57|665|676|1398
57|666|676|1399
57|666|677|1400
57|666|678|1401
57|666|679|1402
57|666|680|1403
57|666|681|1404
57|666|682|1405
57|666|683|1406
57|667|683|1407
57|667|684|1408
57|668|684|1409
57|668|685|1410
57|668|686|1411
57|668|687|1412
57|669|687|1413
58|669|687|1414
58|670|687|1415
59|670|687|1416
59|671|687|1417
59|671|688|1418
59|671|689|1419
59|671|690|1420
59|671|691|1421
59|671|692|1422
59|672|692|1423
59|672|693|1424
59|672|694|1425
60|672|694|1426
60|673|694|1427
60|673|695|1428
60|673|696|1429
61|673|696|1430
61|674|696|1431
61|674|697|1432
61|675|697|1433
61|675|698|1434
61|676|698|1435
61|676|699|1436
61|677|699|1437
61|677|700|1438
61|678|700|1439
61|678|701|1440
61|679|701|1441
61|679|702|1442
61|680|702|1443
61|680|703|1444
61|681|703|1445
61|681|704|1446
61|682|704|1447
61|682|705|1448
61|683|705|1449
61|683|706|1450
61|684|706|1451
61|684|707|1452
61|685|707|1453
61|685|708|1454
61|686|708|1455
61|686|709|1456
61|687|709|1457
61|687|710|1458
61|688|710|1459
61|688|711|1460
61|689|711|1461
61|689|712|1462
61|690|712|1463
61|690|713|1464
61|691|713|1465
61|691|714|1466
61|692|714|1467
61|692|715|1468
61|693|715|1469
61|693|716|1470
61|694|716|1471
61|694|717|1472
61|695|717|1473
61|695|718|1474
61|696|718|1475
61|696|719|1476
61|697|719|1477
61|697|720|1478
61|698|720|1479
61|698|721|1480
61|699|721|1481
61|699|722|1482
61|700|722|1483
61|700|723|1484
61|701|723|1485
61|701|724|1486
61|702|724|1487
61|702|725|1488
61|703|725|1489
61|703|726|1490
61|704|726|1491
61|704|727|1492
61|705|727|1493
61|705|728|1494
61|706|728|1495
61|706|729|1496
61|707|729|1497
61|707|730|1498
61|708|730|1499
61|708|731|1500
61|709|731|1501
61|709|732|1502
61|710|732|1503
61|710|733|1504
61|711|733|1505
61|711|734|1506
61|712|734|1507
61|712|735|1508
61|713|735|1509
61|713|736|1510
61|714|736|1511
61|714|737|1512
61|715|737|1513
61|715|738|1514
61|716|738|1515
61|716|739|1516
61|717|739|1517
61|717|740|1518
61|718|740|1519
61|718|741|1520
61|719|741|1521
61|719|742|1522
61|720|742|1523
61|720|743|1524
61|721|743|1525
61|721|744|1526
61|722|744|1527
61|722|745|1528
61|723|745|1529
61|723|746|1530
61|724|746|1531
61|724|747|1532
61|725|747|1533
61|725|748|1534
61|726|748|1535
61|727|748|1536
61|728|748|1537
61|728|749|1538
61|729|749|1539
61|729|750|1540
61|730|750|1541
61|730|751|1542
61|731|751|1543
61|731|752|1544
61|732|752|1545
61|732|753|1546
61|733|753|1547
61|733|754|1548
61|734|754|1549
61|734|755|1550
61|735|755|1551
62|735|755|1552
62|736|755|1553
62|736|756|1554
62|736|757|1555
62|736|758|1556
62|737|758|1557
62|737|759|1558
62|737|760|1559
63|737|760|1560
63|738|760|1561
63|738|761|1562
63|738|762|1563
63|738|763|1564
63|739|763|1565
64|739|763|1566
64|740|763|1567
64|740|764|1568
64|741|764|1569
64|741|765|1570
64|741|766|1571
64|741|767|1572
64|741|768|1573
64|741|769|1574
64|741|770|1575
64|741|771|1576
64|742|771|1577
64|742|772|1578
64|743|772|1579
64|743|773|1580
64|744|773|1581
64|744|774|1582
64|745|774|1583
64|745|775|1584
64|746|775|1585
64|746|776|1586
64|747|776|1587
64|747|777|1588
64|748|777|1589
64|748|778|1590
64|749|778|1591
64|749|779|1592
64|750|779|1593
64|750|780|1594
64|751|780|1595
64|751|781|1596
64|752|781|1597
64|752|782|1598
64|753|782|1599
64|753|783|1600
64|754|783|1601
64|754|784|1602
64|755|784|1603
64|755|785|1604
64|756|785|1605
64|756|786|1606
64|757|786|1607
64|757|787|1608
64|758|787|1609
64|758|788|1610
64|759|788|1611
64|759|789|1612
64|760|789|1613
64|760|790|1614
64|761|790|1615
64|761|791|1616
64|762|791|1617
64|762|792|1618
64|763|792|1619
64|763|793|1620
65|763|793|1621
65|763|794|1622
65|764|794|1623
65|764|795|1624
65|765|795|1625
65|765|796|1626
65|766|796|1627
65|766|797|1628
66|766|797|1629
66|767|797|1630
66|768|797|1631
66|769|797|1632
66|770|797|1633
66|770|798|1634
66|771|798|1635
66|772|798|1636
67|772|798|1637
67|772|799|1638
67|773|799|1639
67|773|800|1640
67|774|800|1641
67|774|801|1642
67|775|801|1643
67|775|802|1644
67|776|802|1645
67|776|803|1646
67|777|803|1647
67|777|804|1648
67|778|804|1649
67|778|805|1650
67|779|805|1651
67|779|806|1652
67|780|806|1653
67|780|807|1654
67|781|807|1655
67|781|808|1656
67|782|808|1657
67|783|808|1658
67|784|808|1659
67|784|809|1660
67|785|809|1661
67|785|810|1662
67|786|810|1663
67|786|811|1664
67|787|811|1665
67|787|812|1666
67|788|812|1667
67|789|812|1668
67|789|813|1669
67|789|814|1670
67|790|814|1671
67|790|815|1672
67|791|815|1673
67|791|816|1674
67|792|816|1675
67|793|816|1676
67|794|816|1677
67|794|817|1678
67|794|818|1679
67|794|819|1680
67|795|819|1681
67|795|820|1682
67|796|820|1683
67|796|821|1684
67|796|822|1685
67|796|823|1686
67|797|823|1687
67|797|824|1688
67|798|824|1689
67|798|825|1690
67|799|825|1691
67|799|826|1692
67|800|826|1693
67|800|827|1694
67|801|827|1695
67|801|828|1696
67|802|828|1697
67|802|829|1698
67|803|829|1699
67|803|830|1700
67|804|830|1701
67|804|831|1702
67|805|831|1703
67|805|832|1704
67|806|832|1705
67|806|833|1706
67|807|833|1707
67|807|834|1708
67|808|834|1709
67|808|835|1710
67|809|835|1711
67|809|836|1712
67|810|836|1713
67|810|837|1714
67|811|837|1715
67|811|838|1716
67|812|838|1717
67|812|839|1718
67|813|839|1719
67|813|840|1720
67|814|840|1721
67|814|841|1722
67|815|841|1723
67|815|842|1724
67|816|842|1725
67|816|843|1726
67|817|843|1727
67|817|844|1728
67|818|844|1729
67|818|845|1730
67|819|845|1731
68|819|845|1732
68|820|845|1733
68|820|846|1734
68|821|846|1735
68|821|847|1736
68|822|847|1737
68|822|848|1738
68|823|848|1739
69|823|848|1740
69|824|848|1741
69|824|849|1742
69|825|849|1743
69|825|850|1744
69|826|850|1745
69|826|851|1746
69|827|851|1747
69|827|852|1748
69|828|852|1749
69|828|853|1750
69|829|853|1751
69|829|854|1752
69|830|854|1753
69|830|855|1754
69|831|855|1755
69|831|856|1756
69|832|856|1757
69|832|857|1758
69|833|857|1759
69|833|858|1760
69|834|858|1761
69|834|859|1762
69|835|859|1763
69|835|860|1764
69|836|860|1765
70|836|860|1766
70|837|860|1767
70|837|861|1768
70|838|861|1769
70|838|862|1770
70|839|862|1771
70|839|863|1772
70|840|863|1773
71|840|863|1774
71|841|863|1775
71|841|864|1776
71|842|864|1777
71|842|865|1778
71|843|865|1779
71|843|866|1780
71|843|867|1781
71|843|868|1782
71|844|868|1783
71|844|869|1784
71|844|870|1785
71|844|871|1786
71|845|871|1787
71|845|872|1788
71|845|873|1789
71|845|874|1790
71|846|874|1791
71|846|875|1792
71|847|875|1793
71|847|876|1794
71|848|876|1795
71|848|877|1796
71|849|877|1797
71|849|878|1798
72|849|878|1799
72|850|878|1800
72|851|878|1801
72|851|879|1802
72|852|879|1803
72|852|880|1804
72|853|880|1805
72|853|881|1806
72|854|881|1807
72|855|881|1808
72|856|881|1809
72|856|882|1810
72|857|882|1811
72|857|883|1812
72|858|883|1813
72|858|884|1814
72|859|884|1815
72|859|885|1816
73|859|885|1817
73|859|886|1818
73|860|886|1819
73|860|887|1820
73|861|887|1821
73|861|888|1822
73|862|888|1823
73|863|888|1824
73|864|888|1825
73|864|889|1826
73|865|889|1827
73|865|890|1828
73|866|890|1829
73|866|891|1830
73|867|891|1831
73|867|892|1832
73|868|892|1833
73|868|893|1834
73|869|893|1835
73|869|894|1836
73|870|894|1837
74|870|894|1838
74|871|894|1839
74|871|895|1840
74|872|895|1841
74|872|896|1842
74|873|896|1843
74|873|897|1844
74|874|897|1845
75|874|897|1846
75|875|897|1847
75|875|898|1848
75|876|898|1849
75|876|899|1850
75|877|899|1851
75|877|900|1852
75|878|900|1853
75|878|901|1854
75|879|901|1855
75|879|902|1856
75|880|902|1857
75|880|903|1858
75|881|903|1859
75|881|904|1860
75|882|904|1861
75|882|905|1862
75|883|905|1863
75|883|906|1864
75|884|906|1865
75|884|907|1866
75|885|907|1867
75|885|908|1868
75|886|908|1869
75|886|909|1870
75|887|909|1871
75|887|910|1872
75|888|910|1873
75|888|911|1874
75|889|911|1875
75|889|912|1876
75|890|912|1877
75|890|913|1878
75|891|913|1879
75|891|914|1880
75|892|914|1881
75|892|915|1882
75|893|915|1883
75|893|916|1884
75|894|916|1885
75|894|917|1886
75|895|917|1887
75|895|918|1888
75|896|918|1889
75|896|919|1890
75|897|919|1891
75|897|920|1892
75|898|920|1893
75|898|921|1894
75|899|921|1895
75|899|922|1896
75|900|922|1897
75|900|923|1898
75|901|923|1899
75|901|924|1900
75|902|924|1901
75|902|925|1902
75|903|925|1903
75|903|926|1904
75|904|926|1905
75|904|927|1906
75|905|927|1907
75|905|928|1908
75|906|928|1909
75|906|929|1910
75|907|929|1911
75|907|930|1912
75|908|930|1913
75|908|931|1914
75|909|931|1915
75|909|932|1916
75|910|932|1917
75|910|933|1918
75|911|933|1919
75|911|934|1920
75|912|934|1921
75|912|935|1922
75|913|935|1923
75|914|935|1924
75|915|935|1925
75|915|936|1926
75|916|936|1927
75|916|937|1928
75|917|937|1929
75|917|938|1930
75|918|938|1931
75|918|939|1932
75|919|939|1933
75|919|940|1934
75|920|940|1935
75|920|941|1936
75|920|942|1937
75|920|943|1938
75|921|943|1939
75|921|944|1940
75|922|944|1941
75|922|945|1942
75|923|945|1943
75|923|946|1944
75|924|946|1945
75|924|947|1946
75|925|947|1947
75|925|948|1948
75|926|948|1949
76|926|948|1950
76|927|948|1951
77|927|948|1952
77|928|948|1953
78|928|948|1954
78|929|948|1955
78|929|949|1956
78|930|949|1957
78|930|950|1958
78|931|950|1959
78|931|951|1960
78|931|952|1961
78|931|953|1962
78|931|954|1963
79|931|954|1964
79|932|954|1965
80|932|954|1966
80|933|954|1967
80|933|955|1968
80|934|955|1969
81|934|955|1970
81|934|956|1971
82|934|956|1972
82|935|956|1973
82|935|957|1974
82|936|957|1975
82|936|958|1976
82|937|958|1977
82|937|959|1978
82|938|959|1979
82|938|960|1980
82|939|960|1981
82|939|961|1982
82|940|961|1983
82|940|962|1984
82|941|962|1985
82|941|963|1986
82|942|963|1987
82|942|964|1988
82|943|964|1989
82|943|965|1990
82|944|965|1991
82|944|966|1992
82|945|966|1993
82|945|967|1994
82|946|967|1995
82|946|968|1996
82|947|968|1997
82|947|969|1998
82|948|969|1999
82|948|970|2000
