total
0|0|1|1
0|1|1|2
0|1|2|3
1|1|2|4
1|1|3|5
1|2|3|6
1|2|4|7
1|3|4|8
1|3|5|9
1|4|5|10
1|4|6|11
1|5|6|12
1|5|7|13
1|6|7|14
1|6|8|15
1|7|8|16
1|7|9|17
1|8|9|18
1|8|10|19
1|9|10|20
1|10|10|21
2|10|10|22
2|10|11|23
3|10|11|24
3|11|11|25
3|12|11|26
3|12|12|27
3|13|12|28
4|13|12|29
4|13|13|30
5|13|13|31
5|13|14|32
6|13|14|33
6|13|15|34
7|13|15|35
7|13|16|36
8|13|16|37
8|13|17|38
9|13|17|39
9|13|18|40
10|13|18|41
10|13|19|42
11|13|19|43
11|13|20|44
12|13|20|45
12|13|21|46
13|13|21|47
13|13|22|48
14|13|22|49
14|13|23|50
15|13|23|51
15|13|24|52
16|13|24|53
16|13|25|54
17|13|25|55
17|13|26|56
18|13|26|57
18|13|27|58
19|13|27|59
19|13|28|60
20|13|28|61
20|13|29|62
21|13|29|63
21|13|30|64
21|13|31|65
21|14|31|66
21|14|32|67
21|15|32|68
21|15|33|69
21|16|33|70
21|16|34|71
21|17|34|72
21|17|35|73
21|18|35|74
21|18|36|75
21|19|36|76
21|19|37|77
21|20|37|78
21|20|38|79
21|21|38|80
21|21|39|81
21|22|39|82
21|22|40|83
21|23|40|84
21|23|41|85
21|24|41|86
21|24|42|87
21|25|42|88
21|25|43|89
21|26|43|90
21|26|44|91
21|27|44|92
21|27|45|93
21|28|45|94
21|28|46|95
21|29|46|96
21|29|47|97
21|30|47|98
21|30|48|99
21|31|48|100
21|31|49|101
21|31|50|102
21|31|51|103
21|32|51|104
21|32|52|105
21|32|53|106
21|32|54|107
21|33|54|108
21|33|55|109
21|34|55|110
21|34|56|111
21|34|57|112
21|34|58|113
21|34|59|114
21|34|60|115
21|34|61|116
21|34|62|117
21|35|62|118
21|35|63|119
21|36|63|120
21|36|64|121
21|37|64|122
21|37|65|123
21|37|66|124
21|37|67|125
21|38|67|126
21|38|68|127
21|38|69|128
21|38|70|129
21|38|71|130
21|38|72|131
21|39|72|132
21|39|73|133
21|40|73|134
21|40|74|135
21|41|74|136
21|41|75|137
22|41|75|138
22|41|76|139
22|42|76|140
22|42|77|141
22|43|77|142
22|43|78|143
22|44|78|144
22|44|79|145
22|45|79|146
22|46|80|148
22|47|80|149
22|47|81|150
22|48|81|151
22|48|82|152
23|48|82|153
23|49|82|154
23|50|82|155
24|50|82|156
24|51|82|157
24|51|83|158
24|52|83|159
24|52|84|160
24|53|84|161
24|53|85|162
24|54|85|163
24|54|86|164
24|55|86|165
24|55|87|166
24|56|87|167
24|57|87|168
24|58|87|169
24|58|88|170
24|59|88|171
24|60|88|172
24|61|88|173
24|61|89|174
24|62|89|175
24|62|90|176
24|63|90|177
24|63|91|178
24|64|91|179
24|64|92|180
24|65|92|181
24|65|93|182
24|66|93|183
24|66|94|184
24|67|94|185
24|67|95|186
24|68|95|187
24|68|96|188
24|69|96|189
24|69|97|190
24|70|97|191
24|70|98|192
24|71|98|193
24|71|99|194
24|72|99|195
24|72|100|196
24|73|100|197
24|73|101|198
24|74|101|199
24|74|102|200
24|75|102|201
24|75|103|202
24|76|103|203
24|76|104|204
24|77|104|205
24|77|105|206
24|78|105|207
24|78|106|208
24|78|107|209
24|78|108|210
24|79|108|211
24|79|109|212
24|80|109|213
24|80|110|214
24|80|111|215
24|80|112|216
24|80|113|217
24|80|114|218
24|80|115|219
25|80|115|220
25|81|115|221
25|81|116|222
25|82|116|223
25|82|117|224
25|83|117|225
25|83|118|226
25|83|119|227
26|83|119|228
26|84|119|229
26|84|120|230
26|84|121|231
26|84|122|232
26|85|122|233
26|85|123|234
26|86|123|235
26|86|124|236
26|87|124|237
26|87|125|238
26|88|125|239
26|88|126|240
26|88|127|241
26|88|128|242
26|88|129|243
26|88|130|244
26|88|131|245
26|89|131|246
26|89|132|247
26|90|132|248
27|90|132|249
27|91|132|250
27|91|133|251
27|92|133|252
28|92|133|253
28|93|133|254
28|93|134|255
28|94|134|256
28|95|134|257
28|96|134|258
28|96|135|259
28|97|135|260
28|97|136|261
28|98|136|262
29|98|136|263
29|99|136|264
29|100|136|265
29|101|136|266
30|101|136|267
30|102|136|268
30|102|137|269
30|103|137|270
30|104|137|271
30|105|137|272
30|105|138|273
30|106|138|274
30|106|139|275
30|107|139|276
30|107|140|277
30|108|140|278
30|108|141|279
30|109|141|280
30|109|142|281
30|110|142|282
30|110|143|283
30|111|143|284
30|111|144|285
30|112|144|286
30|112|145|287
30|113|145|288
30|114|145|289
30|115|145|290
30|115|146|291
30|116|146|292
30|116|147|293
30|117|147|294
30|117|148|295
30|118|148|296
30|118|149|297
30|119|149|298
30|119|150|299
30|120|150|300
30|120|151|301
30|121|151|302
30|121|152|303
30|122|152|304
30|122|153|305
30|123|153|306
30|123|154|307
30|124|154|308
30|124|155|309
30|125|155|310
30|125|156|311
30|126|156|312
30|126|157|313
30|127|157|314
30|127|158|315
30|128|158|316
30|128|159|317
30|128|160|318
30|129|160|319
30|129|161|320
30|129|162|321
30|129|163|322
30|130|163|323
30|130|164|324
31|130|164|325
31|130|165|326
31|130|166|327
31|130|167|328
31|130|168|329
31|130|169|330
31|130|170|331
31|130|171|332
31|131|171|333
31|131|172|334
31|132|172|335
31|132|173|336
31|132|174|337
31|132|175|338
31|132|176|339
31|132|177|340
32|132|177|341
32|132|178|342
32|133|178|343
32|133|179|344
32|133|180|345
32|133|181|346
32|133|182|347
32|133|183|348
32|133|184|349
32|133|185|350
32|133|186|351
32|133|187|352
32|133|188|353
32|133|189|354
32|134|189|355
32|134|190|356
32|135|190|357
32|135|191|358
32|136|191|359
32|136|192|360
32|137|192|361
32|137|193|362
32|137|194|363
32|137|195|364
32|137|196|365
32|137|197|366
32|138|197|367
32|138|198|368
32|139|198|369
32|139|199|370
32|139|200|371
33|139|200|372
33|140|200|373
33|140|201|374
33|141|201|375
33|141|202|376
33|142|202|377
33|142|203|378
33|142|204|379
33|142|205|380
33|142|206|381
33|142|207|382
33|142|208|383
33|142|209|384
33|143|209|385
33|143|210|386
33|143|211|387
33|144|211|388
33|144|212|389
33|144|213|390
33|144|214|391
34|144|214|392
34|144|215|393
34|144|216|394
34|145|216|395
34|145|217|396
34|145|218|397
35|145|218|398
35|146|218|399
35|146|219|400
35|146|220|401
35|146|221|402
35|147|221|403
35|147|222|404
35|147|223|405
36|147|223|406
36|147|224|407
36|147|225|408
36|147|226|409
36|147|227|410
36|147|228|411
37|147|228|412
37|148|228|413
38|148|228|414
38|148|229|415
38|148|230|416
38|148|231|417
38|148|232|418
38|148|233|419
38|148|234|420
38|148|235|421
38|148|236|422
38|148|237|423
38|148|238|424
38|149|238|425
38|149|239|426
38|150|239|427
38|150|240|428
38|151|240|429
38|151|241|430
38|152|241|431
38|152|242|432
38|153|242|433
39|153|242|434
39|154|242|435
39|154|243|436
39|155|243|437
39|155|244|438
39|156|244|439
39|156|245|440
39|157|245|441
40|157|245|442
40|158|245|443
40|158|246|444
40|159|246|445
40|159|247|446
40|160|247|447
40|160|248|448
40|161|248|449
40|161|249|450
40|162|249|451
40|162|250|452
40|163|250|453
40|163|251|454
41|163|251|455
41|164|251|456
41|165|251|457
41|165|252|458
41|166|252|459
41|166|253|460
41|167|253|461
41|167|254|462
41|168|254|463
41|168|255|464
41|169|255|465
41|169|256|466
41|170|256|467
41|170|257|468
41|170|258|469
42|170|258|470
42|171|258|471
42|171|259|472
42|172|259|473
42|172|260|474
42|173|260|475
42|173|261|476
42|173|262|477
43|173|262|478
43|174|262|479
43|174|263|480
43|175|263|481
43|175|264|482
43|176|264|483
43|176|265|484
43|176|266|485
43|176|267|486
43|177|267|487
43|177|268|488
43|177|269|489
43|177|270|490
43|177|271|491
43|177|272|492
43|178|272|493
43|178|273|494
43|179|273|495
43|179|274|496
43|180|274|497
43|180|275|498
43|181|275|499
43|181|276|500
43|182|276|501
43|182|277|502
43|183|277|503
43|183|278|504
43|183|279|505
43|183|280|506
43|184|280|507
43|184|281|508
43|185|281|509
43|185|282|510
43|186|282|511
43|186|283|512
43|186|284|513
43|186|285|514
43|187|285|515
43|187|286|516
43|188|286|517
43|188|287|518
43|189|287|519
43|189|288|520
43|190|288|521
43|190|289|522
43|191|289|523
43|191|290|524
44|191|290|525
44|191|291|526
44|192|291|527
44|192|292|528
44|192|293|529
44|192|294|530
44|193|294|531
44|193|295|532
44|194|295|533
44|194|296|534
44|195|296|535
44|195|297|536
44|196|297|537
44|196|298|538
44|197|298|539
44|197|299|540
44|198|299|541
44|198|300|542
44|199|300|543
44|199|301|544
44|200|301|545
44|200|302|546
44|201|302|547
44|201|303|548
44|202|303|549
44|202|304|550
44|203|304|551
44|203|305|552
44|204|305|553
44|204|306|554
44|205|306|555
44|205|307|556
44|206|307|557
44|206|308|558
44|207|308|559
44|207|309|560
44|208|309|561
44|208|310|562
44|209|310|563
44|209|311|564
45|209|311|565
45|209|312|566
45|210|312|567
45|210|313|568
45|210|314|569
46|210|314|570
46|210|315|571
47|210|315|572
47|210|316|573
48|210|316|574
48|210|317|575
49|210|317|576
49|210|318|577
50|210|318|578
50|210|319|579
51|210|319|580
51|210|320|581
52|210|320|582
52|210|321|583
53|210|321|584
53|210|322|585
54|210|322|586
54|210|323|587
55|210|323|588
55|210|324|589
56|210|324|590
56|210|325|591
57|210|325|592
57|210|326|593
58|210|326|594
58|210|327|595
59|210|327|596
59|210|328|597
60|210|328|598
60|210|329|599
61|210|329|600
61|210|330|601
62|210|330|602
62|210|331|603
63|210|331|604
63|211|331|605
63|211|332|606
63|212|332|607
63|212|333|608
63|213|333|609
63|213|334|610
63|214|334|611
63|214|335|612
63|215|335|613
63|215|336|614
63|216|336|615
63|216|337|616
63|217|337|617
63|217|338|618
63|218|338|619
63|218|339|620
63|219|339|621
63|219|340|622
63|220|340|623
63|220|341|624
63|221|341|625
63|221|342|626
63|222|342|627
63|222|343|628
63|223|343|629
63|223|344|630
63|224|344|631
63|224|345|632
64|224|345|633
64|224|346|634
64|225|346|635
64|225|347|636
64|226|347|637
64|226|348|638
64|226|349|639
64|226|350|640
64|226|351|641
64|226|352|642
64|227|352|643
64|227|353|644
64|228|353|645
64|228|354|646
64|229|354|647
64|229|355|648
64|230|355|649
64|230|356|650
64|230|357|651
64|230|358|652
64|231|358|653
64|231|359|654
64|232|359|655
64|232|360|656
64|232|361|657
64|232|362|658
64|233|362|659
64|233|363|660
64|234|363|661
64|234|364|662
64|235|364|663
64|235|365|664
64|235|366|665
64|235|367|666
64|236|367|667
64|236|368|668
64|237|368|669
64|237|369|670
64|237|370|671
64|237|371|672
64|237|372|673
64|237|373|674
64|237|374|675
64|237|375|676
64|238|375|677
64|238|376|678
64|239|376|679
64|239|377|680
64|240|377|681
64|240|378|682
64|241|378|683
64|241|379|684
64|242|379|685
64|242|380|686
64|243|380|687
64|243|381|688
64|244|381|689
64|244|382|690
64|245|382|691
64|245|383|692
64|246|383|693
64|246|384|694
64|247|384|695
64|247|385|696
64|248|385|697
64|248|386|698
64|249|386|699
64|249|387|700
64|250|387|701
64|250|388|702
64|251|388|703
64|251|389|704
64|252|389|705
64|253|389|706
64|254|389|707
64|254|390|708
64|255|390|709
64|256|390|710
64|257|390|711
64|257|391|712
64|257|392|713
65|257|392|714
65|257|393|715
66|257|393|716
66|257|394|717
67|257|394|718
67|257|395|719
68|257|395|720
68|257|396|721
69|257|396|722
69|257|397|723
70|257|397|724
70|257|398|725
71|257|398|726
71|257|399|727
72|257|399|728
72|257|400|729
73|257|400|730
73|257|401|731
74|257|401|732
74|257|402|733
75|257|402|734
75|257|403|735
76|257|403|736
76|257|404|737
77|257|404|738
77|257|405|739
78|257|405|740
78|257|406|741
79|257|406|742
79|257|407|743
80|257|407|744
80|257|408|745
81|257|408|746
81|257|409|747
82|257|409|748
82|258|409|749
82|258|410|750
82|259|410|751
82|259|411|752
82|260|411|753
82|260|412|754
82|261|412|755
82|261|413|756
82|262|413|757
82|262|414|758
82|263|414|759
82|263|415|760
82|264|415|761
82|264|416|762
82|265|416|763
82|265|417|764
82|266|417|765
82|266|418|766
82|267|418|767
82|267|419|768
82|268|419|769
82|268|420|770
82|269|420|771
82|269|421|772
82|270|421|773
82|270|422|774
82|271|422|775
82|271|423|776
82|272|423|777
82|272|424|778
82|273|424|779
82|273|425|780
82|274|425|781
82|274|426|782
82|275|426|783
82|275|427|784
82|275|428|785
82|275|429|786
82|276|429|787
82|276|430|788
82|277|430|789
82|277|431|790
82|278|431|791
82|278|432|792
82|279|432|793
82|279|433|794
82|279|434|795
82|279|435|796
82|280|435|797
82|280|436|798
82|281|436|799
82|281|437|800
82|282|437|801
82|282|438|802
82|282|439|803
82|282|440|804
82|283|440|805
82|283|441|806
82|284|441|807
82|284|442|808
82|284|443|809
82|284|444|810
82|285|444|811
82|285|445|812
82|286|445|813
82|286|446|814
82|287|446|815
82|287|447|816
82|287|448|817
82|287|449|818
82|288|449|819
82|288|450|820
82|289|450|821
83|289|450|822
83|290|450|823
83|290|451|824
83|291|451|825
83|291|452|826
83|292|452|827
83|292|453|828
83|293|453|829
83|293|454|830
83|294|454|831
84|294|454|832
84|295|454|833
84|295|455|834
84|296|455|835
84|296|456|836
84|297|456|837
84|297|457|838
84|298|457|839
84|298|458|840
84|299|458|841
84|299|459|842
84|300|459|843
84|300|460|844
84|301|460|845
84|301|461|846
84|302|461|847
84|302|462|848
85|302|462|849
85|302|463|850
85|303|463|851
85|303|464|852
86|303|464|853
86|303|465|854
86|304|465|855
86|304|466|856
86|305|466|857
86|305|467|858
86|306|467|859
86|306|468|860
86|307|468|861
86|307|469|862
86|308|469|863
86|308|470|864
86|308|471|865
86|308|472|866
86|308|473|867
87|308|473|868
87|309|473|869
87|309|474|870
87|309|475|871
87|309|476|872
87|309|477|873
87|309|478|874
87|309|479|875
88|309|479|876
88|310|479|877
88|310|480|878
88|310|481|879
88|310|482|880
88|311|482|881
88|311|483|882
88|312|483|883
88|312|484|884
88|312|485|885
88|312|486|886
88|312|487|887
88|312|488|888
88|312|489|889
88|312|490|890
88|313|490|891
88|313|491|892
88|313|492|893
88|313|493|894
88|314|493|895
88|314|494|896
88|315|494|897
88|315|495|898
88|316|495|899
88|316|496|900
88|317|496|901
88|317|497|902
88|317|498|903
89|317|498|904
89|318|498|905
89|318|499|906
89|319|499|907
89|319|500|908
89|320|500|909
89|320|501|910
89|320|502|911
90|320|502|912
90|321|502|913
90|321|503|914
90|322|503|915
90|322|504|916
90|323|504|917
90|323|505|918
90|323|506|919
90|323|507|920
90|324|507|921
90|324|508|922
90|325|508|923
90|325|509|924
90|325|510|925
90|325|511|926
90|325|512|927
90|325|513|928
90|326|513|929
90|327|513|930
90|327|514|931
90|328|514|932
90|328|515|933
90|329|515|934
90|329|516|935
90|330|516|936
90|330|517|937
90|331|517|938
90|332|517|939
90|333|517|940
90|333|518|941
90|334|518|942
90|335|518|943
90|336|518|944
90|337|518|945
90|338|518|946
90|338|519|947
90|339|519|948
90|339|520|949
90|340|520|950
90|340|521|951
90|341|521|952
90|341|522|953
90|342|522|954
90|343|522|955
90|344|522|956
90|344|523|957
90|345|523|958
90|345|524|959
90|346|524|960
90|346|525|961
90|347|525|962
90|348|525|963
90|349|525|964
90|349|526|965
90|350|526|966
90|350|527|967
90|351|527|968
90|352|527|969
90|353|527|970
90|353|528|971
90|354|528|972
90|354|529|973
90|355|529|974
90|355|530|975
90|356|530|976
90|356|531|977
90|357|531|978
90|357|532|979
90|358|532|980
90|358|533|981
90|359|533|982
90|359|534|983
90|360|534|984
90|360|535|985
90|361|535|986
90|361|536|987
90|362|536|988
90|362|537|989
90|363|537|990
90|363|538|991
90|364|538|992
90|364|539|993
90|365|539|994
90|366|539|995
90|367|539|996
90|367|540|997
90|368|540|998
90|368|541|999
90|369|541|1000
90|370|541|1001
90|370|542|1002
90|371|542|1003
90|371|543|1004
90|371|544|1005
90|371|545|1006
90|372|545|1007
90|372|546|1008
90|373|546|1009
90|373|547|1010
90|373|548|1011
90|373|549|1012
90|374|549|1013
90|374|550|1014
90|375|550|1015
90|375|551|1016
91|375|551|1017
91|375|552|1018
91|376|552|1019
91|376|553|1020
91|377|553|1021
91|377|554|1022
91|377|555|1023
91|377|556|1024
91|378|556|1025
91|378|557|1026
91|378|558|1027
91|378|559|1028
91|378|560|1029
91|378|561|1030
91|379|561|1031
91|379|562|1032
92|379|562|1033
92|379|563|1034
92|379|564|1035
92|379|565|1036
92|380|565|1037
92|380|566|1038
92|381|566|1039
92|381|567|1040
92|382|567|1041
92|382|568|1042
92|383|568|1043
92|383|569|1044
92|384|569|1045
92|384|570|1046
92|384|571|1047
93|384|571|1048
93|385|571|1049
93|385|572|1050
93|385|573|1051
93|385|574|1052
93|386|574|1053
93|386|575|1054
93|386|576|1055
94|386|576|1056
94|386|577|1057
94|386|578|1058
94|386|579|1059
94|386|580|1060
94|387|580|1061
94|387|581|1062
94|388|581|1063
94|388|582|1064
94|389|582|1065
94|389|583|1066
94|390|583|1067
94|390|584|1068
94|391|584|1069
94|391|585|1070
94|391|586|1071
94|391|587|1072
94|391|588|1073
94|391|589|1074
94|391|590|1075
95|391|590|1076
95|391|591|1077
95|391|592|1078
95|391|593|1079
95|391|594|1080
95|391|595|1081
96|391|595|1082
96|391|596|1083
96|391|597|1084
96|391|598|1085
96|391|599|1086
96|391|600|1087
96|391|601|1088
96|391|602|1089
97|391|602|1090
97|391|603|1091
97|391|604|1092
97|391|605|1093
97|391|606|1094
97|391|607|1095
97|391|608|1096
97|391|609|1097
97|391|610|1098
97|391|611|1099
98|391|611|1100
98|391|612|1101
98|392|612|1102
98|392|613|1103
98|393|613|1104
98|393|614|1105
98|393|615|1106
98|393|616|1107
98|393|617|1108
98|394|617|1109
98|394|618|1110
98|395|618|1111
98|395|619|1112
98|396|619|1113
98|396|620|1114
98|397|620|1115
98|397|621|1116
98|398|621|1117
99|398|621|1118
99|399|621|1119
99|399|622|1120
99|400|622|1121
99|400|623|1122
99|401|623|1123
99|401|624|1124
99|402|624|1125
100|402|624|1126
100|403|624|1127
100|403|625|1128
100|404|625|1129
100|404|626|1130
100|405|626|1131
100|405|627|1132
101|405|627|1133
101|405|628|1134
101|406|628|1135
101|406|629|1136
101|407|629|1137
101|408|629|1138
101|409|629|1139
101|409|630|1140
101|410|630|1141
101|410|631|1142
101|411|631|1143
102|411|631|1144
102|411|632|1145
102|411|633|1146
102|412|633|1147
102|412|634|1148
102|412|635|1149
102|412|636|1150
102|413|636|1151
102|413|637|1152
102|413|638|1153
103|413|638|1154
103|413|639|1155
103|413|640|1156
103|414|640|1157
103|414|641|1158
103|415|641|1159
103|415|642|1160
103|415|643|1161
104|415|643|1162
104|416|643|1163
104|416|644|1164
104|416|645|1165
104|416|646|1166
104|417|646|1167
104|417|647|1168
104|417|648|1169
104|417|649|1170
104|418|649|1171
104|418|650|1172
104|418|651|1173
104|418|652|1174
104|419|652|1175
104|419|653|1176
104|420|653|1177
105|420|653|1178
105|421|653|1179
105|421|654|1180
105|422|654|1181
105|422|655|1182
105|423|655|1183
105|423|656|1184
105|424|656|1185
105|424|657|1186
105|425|657|1187
105|425|658|1188
105|425|659|1189
105|425|660|1190
105|425|661|1191
105|425|662|1192
105|426|662|1193
105|426|663|1194
105|427|663|1195
105|427|664|1196
105|427|665|1197
105|427|666|1198
105|428|666|1199
105|428|667|1200
105|429|667|1201
105|429|668|1202
105|430|668|1203
105|430|669|1204
105|430|670|1205
105|430|671|1206
105|431|671|1207
105|431|672|1208
105|432|672|1209
105|432|673|1210
106|432|673|1211
106|432|674|1212
106|433|674|1213
106|433|675|1214
106|434|675|1215
106|434|676|1216
106|435|676|1217
106|435|677|1218
106|436|677|1219
106|436|678|1220
106|437|678|1221
106|437|679|1222
106|438|679|1223
106|438|680|1224
106|439|680|1225
106|439|681|1226
106|440|681|1227
106|440|682|1228
106|441|682|1229
106|441|683|1230
106|442|683|1231
106|442|684|1232
106|443|684|1233
106|443|685|1234
106|444|685|1235
106|444|686|1236
106|445|686|1237
106|445|687|1238
106|446|687|1239
106|446|688|1240
106|447|688|1241
106|447|689|1242
106|448|689|1243
106|448|690|1244
107|448|690|1245
107|449|690|1246
107|450|690|1247
107|450|691|1248
107|451|691|1249
107|451|692|1250
107|452|692|1251
107|452|693|1252
107|452|694|1253
108|452|694|1254
108|452|695|1255
109|452|695|1256
109|452|696|1257
110|452|696|1258
110|452|697|1259
111|452|697|1260
111|452|698|1261
112|452|698|1262
112|452|699|1263
113|452|699|1264
113|452|700|1265
114|452|700|1266
114|452|701|1267
115|452|701|1268
115|452|702|1269
116|452|702|1270
116|452|703|1271
117|452|703|1272
117|452|704|1273
118|452|704|1274
118|452|705|1275
119|452|705|1276
119|452|706|1277
120|452|706|1278
120|452|707|1279
121|452|707|1280
121|452|708|1281
122|452|708|1282
122|452|709|1283
123|452|709|1284
123|452|710|1285
124|452|710|1286
124|452|711|1287
125|452|711|1288
125|453|711|1289
125|453|712|1290
125|454|712|1291
125|454|713|1292
125|455|713|1293
125|455|714|1294
125|456|714|1295
125|456|715|1296
125|457|715|1297
125|457|716|1298
125|458|716|1299
125|458|717|1300
125|459|717|1301
125|459|718|1302
125|460|718|1303
125|460|719|1304
125|461|719|1305
125|461|720|1306
125|462|720|1307
125|462|721|1308
125|463|721|1309
125|463|722|1310
125|464|722|1311
125|464|723|1312
125|465|723|1313
125|465|724|1314
125|466|724|1315
125|466|725|1316
125|467|725|1317
125|467|726|1318
125|468|726|1319
125|468|727|1320
125|469|727|1321
125|469|728|1322
125|470|728|1323
125|470|729|1324
125|470|730|1325
125|470|731|1326
125|470|732|1327
125|470|733|1328
125|470|734|1329
125|470|735|1330
125|471|735|1331
125|471|736|1332
125|472|736|1333
125|472|737|1334
125|473|737|1335
125|473|738|1336
125|473|739|1337
125|473|740|1338
125|474|740|1339
125|474|741|1340
125|474|742|1341
125|474|743|1342
125|475|743|1343
125|475|744|1344
125|476|744|1345
125|476|745|1346
125|476|746|1347
125|476|747|1348
125|476|748|1349
125|476|749|1350
125|477|749|1351
125|477|750|1352
125|478|750|1353
125|478|751|1354
125|479|751|1355
125|479|752|1356
125|480|752|1357
125|480|753|1358
125|480|754|1359
125|480|755|1360
125|481|755|1361
125|481|756|1362
125|482|756|1363
125|482|757|1364
125|483|757|1365
125|483|758|1366
125|484|758|1367
125|484|759|1368
125|485|759|1369
125|485|760|1370
125|486|760|1371
125|486|761|1372
125|487|761|1373
125|487|762|1374
125|488|762|1375
125|488|763|1376
125|489|763|1377
125|489|764|1378
125|490|764|1379
125|490|765|1380
125|491|765|1381
125|491|766|1382
125|492|766|1383
125|492|767|1384
125|493|767|1385
125|493|768|1386
125|494|768|1387
125|494|769|1388
126|494|769|1389
126|495|769|1390
126|496|769|1391
126|497|769|1392
127|497|769|1393
127|498|769|1394
127|499|769|1395
127|499|770|1396
127|499|771|1397
128|499|771|1398
128|499|772|1399
129|499|772|1400
129|499|773|1401
130|499|773|1402
130|499|774|1403
131|499|774|1404
131|499|775|1405
132|499|775|1406
132|499|776|1407
133|499|776|1408
133|499|777|1409
134|499|777|1410
134|499|778|1411
135|499|778|1412
135|499|779|1413
136|499|779|1414
136|499|780|1415
137|499|780|1416
137|499|781|1417
138|499|781|1418
138|499|782|1419
139|499|782|1420
139|499|783|1421
140|499|783|1422
140|499|784|1423
141|499|784|1424
141|499|785|1425
142|499|785|1426
142|499|786|1427
143|499|786|1428
143|499|787|1429
144|499|787|1430
144|499|788|1431
145|499|788|1432
145|500|788|1433
145|500|789|1434
145|501|789|1435
145|501|790|1436
145|502|790|1437
145|502|791|1438
145|503|791|1439
145|503|792|1440
145|504|792|1441
145|504|793|1442
145|505|793|1443
145|505|794|1444
145|506|794|1445
145|506|795|1446
145|507|795|1447
145|507|796|1448
145|508|796|1449
145|508|797|1450
145|509|797|1451
145|509|798|1452
145|510|798|1453
145|510|799|1454
145|511|799|1455
145|511|800|1456
145|512|800|1457
145|512|801|1458
145|513|801|1459
145|513|802|1460
145|514|802|1461
145|514|803|1462
145|515|803|1463
145|515|804|1464
145|516|804|1465
145|516|805|1466
145|517|805|1467
145|517|806|1468
145|517|807|1469
145|517|808|1470
145|518|808|1471
145|518|809|1472
145|518|810|1473
145|518|811|1474
145|519|811|1475
145|519|812|1476
145|520|812|1477
145|520|813|1478
145|520|814|1479
145|520|815|1480
145|521|815|1481
145|521|816|1482
145|522|816|1483
145|522|817|1484
145|523|817|1485
145|523|818|1486
145|523|819|1487
145|523|820|1488
145|524|820|1489
145|524|821|1490
145|525|821|1491
145|525|822|1492
145|525|823|1493
145|525|824|1494
145|526|824|1495
145|526|825|1496
145|526|826|1497
145|526|827|1498
145|527|827|1499
145|527|828|1500
145|528|828|1501
145|528|829|1502
145|528|830|1503
145|528|831|1504
145|529|831|1505
145|529|832|1506
145|530|832|1507
145|530|833|1508
145|531|833|1509
145|531|834|1510
145|532|834|1511
145|532|835|1512
145|533|835|1513
145|533|836|1514
145|534|836|1515
145|534|837|1516
145|535|837|1517
145|535|838|1518
145|536|838|1519
145|536|839|1520
145|537|839|1521
145|537|840|1522
145|538|840|1523
145|538|841|1524
145|539|841|1525
145|539|842|1526
145|540|842|1527
145|540|843|1528
145|541|843|1529
145|541|844|1530
145|542|844|1531
145|542|845|1532
145|543|845|1533
145|544|845|1534
146|544|845|1535
146|544|846|1536
146|545|846|1537
146|545|847|1538
146|546|847|1539
146|546|848|1540
146|546|849|1541
146|546|850|1542
146|546|851|1543
146|546|852|1544
146|546|853|1545
146|546|854|1546
146|546|855|1547
146|546|856|1548
146|547|856|1549
146|547|857|1550
146|547|858|1551
147|547|858|1552
147|547|859|1553
147|547|860|1554
147|547|861|1555
147|547|862|1556
147|548|862|1557
147|548|863|1558
147|548|864|1559
148|548|864|1560
148|548|865|1561
148|548|866|1562
148|548|867|1563
148|548|868|1564
148|548|869|1565
149|548|869|1566
149|549|869|1567
149|549|870|1568
149|549|871|1569
149|549|872|1570
149|549|873|1571
149|549|874|1572
149|549|875|1573
149|549|876|1574
149|549|877|1575
149|549|878|1576
149|550|878|1577
149|550|879|1578
149|551|879|1579
149|551|880|1580
149|552|880|1581
149|552|881|1582
149|553|881|1583
149|553|882|1584
149|554|882|1585
149|554|883|1586
149|555|883|1587
149|555|884|1588
149|556|884|1589
149|556|885|1590
149|557|885|1591
149|557|886|1592
149|558|886|1593
149|558|887|1594
149|559|887|1595
149|559|888|1596
149|560|888|1597
149|560|889|1598
149|561|889|1599
149|561|890|1600
149|562|890|1601
149|562|891|1602
149|563|891|1603
149|563|892|1604
149|564|892|1605
149|564|893|1606
149|565|893|1607
149|565|894|1608
149|566|894|1609
149|566|895|1610
149|567|895|1611
149|567|896|1612
150|567|896|1613
150|568|896|1614
150|568|897|1615
150|569|897|1616
150|569|898|1617
150|570|898|1618
150|570|899|1619
150|571|899|1620
150|571|900|1621
150|572|900|1622
150|573|900|1623
150|574|900|1624
150|575|900|1625
150|576|900|1626
150|576|901|1627
150|577|901|1628
150|577|902|1629
150|578|902|1630
150|578|903|1631
150|579|903|1632
150|579|904|1633
150|580|904|1634
150|581|904|1635
150|582|904|1636
151|582|904|1637
151|583|904|1638
152|583|904|1639
152|584|904|1640
152|584|905|1641
152|585|905|1642
152|585|906|1643
152|586|906|1644
152|586|907|1645
152|587|907|1646
152|587|908|1647
152|588|908|1648
152|589|908|1649
152|590|908|1650
152|590|909|1651
152|591|909|1652
152|591|910|1653
152|592|910|1654
152|593|910|1655
152|594|910|1656
152|594|911|1657
152|595|911|1658
152|595|912|1659
152|596|912|1660
152|596|913|1661
152|597|913|1662
152|597|914|1663
152|598|914|1664
152|598|915|1665
152|599|915|1666
152|599|916|1667
152|600|916|1668
152|600|917|1669
152|601|917|1670
152|601|918|1671
152|602|918|1672
152|602|919|1673
152|603|919|1674
152|603|920|1675
152|604|920|1676
152|605|920|1677
152|606|920|1678
152|607|920|1679
152|608|920|1680
152|608|921|1681
152|609|921|1682
152|609|922|1683
152|610|922|1684
152|610|923|1685
152|610|924|1686
153|610|924|1687
153|610|925|1688
153|610|926|1689
153|610|927|1690
153|610|928|1691
153|610|929|1692
154|610|929|1693
154|610|930|1694
154|610|931|1695
154|610|932|1696
154|611|932|1697
154|611|933|1698
154|612|933|1699
154|612|934|1700
155|612|934|1701
155|612|935|1702
155|612|936|1703
155|612|937|1704
155|612|938|1705
155|612|939|1706
155|612|940|1707
155|612|941|1708
155|613|941|1709
155|613|942|1710
155|613|943|1711
155|613|944|1712
155|614|944|1713
155|614|945|1714
155|614|946|1715
155|614|947|1716
156|614|947|1717
156|614|948|1718
156|614|949|1719
156|614|950|1720
156|614|951|1721
156|614|952|1722
156|615|952|1723
156|615|953|1724
156|615|954|1725
156|615|955|1726
156|615|956|1727
156|615|957|1728
156|616|957|1729
156|616|958|1730
156|616|959|1731
157|616|959|1732
157|617|959|1733
157|617|960|1734
157|617|961|1735
157|617|962|1736
157|617|963|1737
157|617|964|1738
157|617|965|1739
157|617|966|1740
157|617|967|1741
157|617|968|1742
157|618|968|1743
157|618|969|1744
157|619|969|1745
157|619|970|1746
157|619|971|1747
157|619|972|1748
157|619|973|1749
157|619|974|1750
157|619|975|1751
157|619|976|1752
157|620|976|1753
157|620|977|1754
157|620|978|1755
157|620|979|1756
157|620|980|1757
157|620|981|1758
157|620|982|1759
157|620|983|1760
157|621|983|1761
157|621|984|1762
157|621|985|1763
157|622|985|1764
157|622|986|1765
158|622|986|1766
158|622|987|1767
158|622|988|1768
158|622|989|1769
158|622|990|1770
158|622|991|1771
158|622|992|1772
158|622|993|1773
159|622|993|1774
159|622|994|1775
159|622|995|1776
159|622|996|1777
160|622|996|1778
160|622|997|1779
160|622|998|1780
160|622|999|1781
160|622|1000|1782
160|622|1001|1783
160|622|1002|1784
160|622|1003|1785
160|622|1004|1786
160|622|1005|1787
160|622|1006|1788
160|622|1007|1789
160|622|1008|1790
160|622|1009|1791
160|623|1009|1792
160|624|1009|1793
160|624|1010|1794
160|625|1010|1795
160|625|1011|1796
160|626|1011|1797
160|626|1012|1798
160|627|1012|1799
160|628|1012|1800
160|629|1012|1801
161|629|1012|1802
161|630|1012|1803
161|630|1013|1804
161|631|1013|1805
161|631|1014|1806
162|631|1014|1807
162|631|1015|1808
162|632|1015|1809
163|632|1015|1810
163|633|1015|1811
163|633|1016|1812
163|634|1016|1813
163|634|1017|1814
163|635|1017|1815
163|635|1018|1816
163|636|1018|1817
163|636|1019|1818
163|637|1019|1819
163|637|1020|1820
163|638|1020|1821
163|638|1021|1822
163|639|1021|1823
163|639|1022|1824
163|640|1022|1825
163|641|1022|1826
163|641|1023|1827
163|641|1024|1828
163|641|1025|1829
163|641|1026|1830
163|642|1026|1831
163|642|1027|1832
163|642|1028|1833
163|642|1029|1834
163|643|1029|1835
163|643|1030|1836
163|643|1031|1837
164|643|1031|1838
164|644|1031|1839
164|644|1032|1840
164|644|1033|1841
164|644|1034|1842
164|645|1034|1843
164|645|1035|1844
164|645|1036|1845
165|645|1036|1846
165|646|1036|1847
165|646|1037|1848
165|647|1037|1849
165|647|1038|1850
165|647|1039|1851
165|647|1040|1852
165|647|1041|1853
165|647|1042|1854
165|648|1042|1855
165|648|1043|1856
165|649|1043|1857
165|649|1044|1858
165|650|1044|1859
165|650|1045|1860
165|650|1046|1861
165|650|1047|1862
165|650|1048|1863
165|650|1049|1864
165|650|1050|1865
165|650|1051|1866
165|651|1051|1867
165|651|1052|1868
165|652|1052|1869
165|652|1053|1870
165|653|1053|1871
165|653|1054|1872
165|653|1055|1873
165|653|1056|1874
165|654|1056|1875
165|654|1057|1876
165|654|1058|1877
165|654|1059|1878
165|655|1059|1879
165|655|1060|1880
165|655|1061|1881
165|655|1062|1882
165|656|1062|1883
165|656|1063|1884
165|657|1063|1885
165|657|1064|1886
165|658|1064|1887
165|658|1065|1888
165|658|1066|1889
165|658|1067|1890
165|659|1067|1891
165|659|1068|1892
165|659|1069|1893
165|659|1070|1894
165|659|1071|1895
165|659|1072|1896
165|659|1073|1897
165|659|1074|1898
165|659|1075|1899
165|659|1076|1900
165|660|1076|1901
165|661|1076|1902
165|662|1076|1903
165|663|1076|1904
165|664|1076|1905
165|664|1077|1906
165|665|1077|1907
165|665|1078|1908
165|666|1078|1909
165|666|1079|1910
165|667|1079|1911
165|667|1080|1912
165|668|1080|1913
165|668|1081|1914
165|669|1081|1915
165|669|1082|1916
166|669|1082|1917
166|670|1082|1918
166|671|1082|1919
166|671|1083|1920
166|672|1083|1921
166|672|1084|1922
166|673|1084|1923
166|673|1085|1924
166|674|1085|1925
166|674|1086|1926
166|675|1086|1927
166|675|1087|1928
166|676|1087|1929
166|676|1088|1930
166|677|1088|1931
166|678|1088|1932
166|679|1088|1933
166|680|1088|1934
166|681|1088|1935
166|681|1089|1936
166|681|1090|1937
167|681|1090|1938
167|681|1091|1939
168|681|1091|1940
168|681|1092|1941
169|681|1092|1942
169|681|1093|1943
170|681|1093|1944
170|681|1094|1945
171|681|1094|1946
171|681|1095|1947
172|681|1095|1948
172|681|1096|1949
173|681|1096|1950
173|681|1097|1951
174|681|1097|1952
174|681|1098|1953
175|681|1098|1954
175|681|1099|1955
176|681|1099|1956
176|681|1100|1957
177|681|1100|1958
177|681|1101|1959
178|681|1101|1960
178|681|1102|1961
179|681|1102|1962
179|681|1103|1963
180|681|1103|1964
180|681|1104|1965
181|681|1104|1966
181|681|1105|1967
182|681|1105|1968
182|681|1106|1969
183|681|1106|1970
183|681|1107|1971
184|681|1107|1972
184|682|1107|1973
184|682|1108|1974
184|683|1108|1975
184|683|1109|1976
184|684|1109|1977
184|684|1110|1978
184|685|1110|1979
184|685|1111|1980
184|686|1111|1981
184|686|1112|1982
184|687|1112|1983
184|687|1113|1984
184|688|1113|1985
184|688|1114|1986
184|689|1114|1987
184|689|1115|1988
184|690|1115|1989
184|690|1116|1990
184|691|1116|1991
184|691|1117|1992
184|692|1117|1993
184|692|1118|1994
184|693|1118|1995
184|693|1119|1996
184|694|1119|1997
184|694|1120|1998
184|695|1120|1999
184|695|1121|2000
