total
0|1|0|1
0|2|0|2
0|2|1|3
0|3|1|4
0|3|2|5
0|4|2|6
0|4|3|7
0|5|3|8
0|5|4|9
1|5|4|10
1|5|5|11
1|6|5|12
1|6|6|13
1|7|6|14
1|7|7|15
1|8|7|16
1|8|8|17
1|9|8|18
1|9|9|19
1|10|9|20
1|10|10|21
1|11|10|22
1|11|11|23
1|12|11|24
1|12|12|25
1|13|12|26
1|13|13|27
1|14|13|28
1|14|14|29
1|14|15|30
1|14|16|31
1|14|17|32
1|14|18|33
1|14|19|34
1|14|20|35
1|14|21|36
1|14|22|37
1|14|23|38
1|15|23|39
1|15|24|40
1|15|25|41
1|15|26|42
1|15|27|43
1|15|28|44
1|15|29|45
1|15|30|46
1|15|31|47
1|15|32|48
1|15|33|49
1|15|34|50
1|16|34|51
1|16|35|52
1|16|36|53
1|16|37|54
1|16|38|55
1|16|39|56
1|16|40|57
1|16|41|58
1|17|41|59
1|17|42|60
1|17|43|61
1|17|44|62
1|17|45|63
1|17|46|64
1|17|47|65
1|18|47|66
1|18|48|67
1|19|48|68
1|19|49|69
1|20|49|70
1|20|50|71
1|21|50|72
1|21|51|73
1|22|51|74
1|22|52|75
1|23|52|76
1|23|53|77
1|24|53|78
1|24|54|79
1|25|54|80
1|25|55|81
1|26|55|82
1|26|56|83
1|27|56|84
1|27|57|85
1|28|57|86
1|28|58|87
1|29|58|88
1|29|59|89
1|30|59|90
1|30|60|91
1|31|60|92
1|31|61|93
1|32|61|94
1|32|62|95
1|33|62|96
1|33|63|97
1|34|63|98
1|34|64|99
1|35|64|100
1|35|65|101
1|35|66|102
1|35|67|103
1|36|67|104
1|36|68|105
1|37|68|106
1|37|69|107
1|38|69|108
1|38|70|109
1|39|70|110
1|39|71|111
1|39|72|112
1|39|73|113
1|40|73|114
1|40|74|115
1|41|74|116
1|41|75|117
1|42|75|118
1|42|76|119
1|42|77|120
1|42|78|121
1|43|78|122
1|43|79|123
1|44|79|124
1|44|80|125
1|45|80|126
1|45|81|127
1|45|82|128
1|45|83|129
1|46|83|130
1|46|84|131
1|46|85|132
1|46|86|133
1|47|86|134
1|47|87|135
1|47|88|136
1|47|89|137
1|48|89|138
1|48|90|139
1|49|90|140
1|49|91|141
1|50|91|142
1|50|92|143
1|51|92|144
1|51|93|145
1|52|93|146
1|52|94|147
1|53|94|148
1|53|95|149
1|54|95|150
1|54|96|151
1|55|96|152
1|55|97|153
1|56|97|154
1|57|97|155
1|58|97|156
1|58|98|157
1|59|98|158
1|59|99|159
1|60|99|160
1|60|100|161
1|61|100|162
1|61|101|163
1|62|101|164
1|62|102|165
1|63|102|166
1|63|103|167
1|64|103|168
1|64|104|169
1|65|104|170
1|65|105|171
1|66|105|172
1|66|106|173
1|67|106|174
1|67|107|175
1|68|107|176
1|68|108|177
1|69|108|178
1|69|109|179
1|70|109|180
1|70|110|181
1|71|110|182
1|71|111|183
1|72|111|184
1|72|112|185
1|73|112|186
1|73|113|187
1|74|113|188
1|74|114|189
1|75|114|190
1|75|115|191
1|76|115|192
1|76|116|193
1|77|116|194
1|77|117|195
1|78|117|196
1|78|118|197
1|79|118|198
1|79|119|199
1|80|119|200
1|80|120|201
1|81|120|202
1|81|121|203
1|82|121|204
1|82|122|205
1|83|122|206
1|83|123|207
1|84|123|208
1|84|124|209
1|85|124|210
1|85|125|211
1|86|125|212
1|86|126|213
1|86|127|214
1|86|128|215
1|87|128|216
1|87|129|217
1|88|129|218
1|88|130|219
1|89|130|220
1|90|131|222
1|91|131|223
1|91|132|224
1|92|132|225
1|92|133|226
1|92|134|227
1|92|135|228
1|93|135|229
1|93|136|230
1|93|137|231
1|93|138|232
1|94|138|233
1|94|139|234
1|95|139|235
1|95|140|236
1|96|140|237
1|96|141|238
1|97|141|239
1|97|142|240
1|97|143|241
1|97|144|242
1|98|144|243
1|98|145|244
1|99|145|245
1|99|146|246
1|99|147|247
1|100|147|248
1|100|148|249
1|101|148|250
1|101|149|251
1|101|150|252
1|102|150|253
1|102|151|254
1|102|152|255
1|102|153|256
1|102|154|257
1|102|155|258
1|102|156|259
1|102|157|260
1|102|158|261
1|102|159|262
1|102|160|263
1|102|161|264
1|102|162|265
1|102|163|266
1|102|164|267
1|102|165|268
1|102|166|269
1|102|167|270
1|102|168|271
1|102|169|272
1|102|170|273
1|102|171|274
1|103|171|275
1|103|172|276
1|103|173|277
1|103|174|278
1|104|174|279
1|104|175|280
1|104|176|281
1|104|177|282
1|104|178|283
1|104|179|284
1|104|180|285
1|104|181|286
1|105|181|287
1|106|181|288
1|106|182|289
1|107|182|290
1|107|183|291
1|107|184|292
1|107|185|293
1|107|186|294
1|108|186|295
1|109|186|296
1|109|187|297
1|109|188|298
1|109|189|299
1|110|189|300
1|111|189|301
1|111|190|302
1|111|191|303
1|111|192|304
1|111|193|305
1|112|193|306
1|113|193|307
1|113|194|308
1|113|195|309
1|113|196|310
1|113|197|311
1|113|198|312
1|113|199|313
1|114|199|314
1|114|200|315
1|115|200|316
1|116|200|317
1|116|201|318
1|117|201|319
1|117|202|320
1|118|202|321
1|118|203|322
1|119|203|323
1|119|204|324
1|120|204|325
1|120|205|326
1|120|206|327
1|120|207|328
1|121|207|329
1|121|208|330
1|122|208|331
1|122|209|332
1|123|209|333
1|123|210|334
1|124|210|335
1|124|211|336
1|125|211|337
1|125|212|338
1|126|212|339
1|126|213|340
1|127|213|341
1|127|214|342
1|128|214|343
1|128|215|344
1|129|215|345
1|129|216|346
1|130|216|347
1|130|217|348
1|131|217|349
1|131|218|350
1|132|218|351
1|132|219|352
1|132|220|353
1|132|221|354
1|133|221|355
1|133|222|356
1|133|223|357
1|133|224|358
1|134|224|359
1|134|225|360
1|135|225|361
1|135|226|362
1|135|227|363
1|136|227|364
1|136|228|365
1|136|229|366
1|136|230|367
1|136|231|368
1|136|232|369
1|136|233|370
1|137|233|371
1|137|234|372
1|137|235|373
1|137|236|374
1|137|237|375
1|137|238|376
1|138|238|377
1|138|239|378
1|139|239|379
1|139|240|380
1|139|241|381
1|139|242|382
1|139|243|383
1|139|244|384
1|139|245|385
1|139|246|386
1|139|247|387
1|139|248|388
1|139|249|389
1|139|250|390
1|140|250|391
1|140|251|392
1|141|251|393
1|141|252|394
1|141|253|395
1|141|254|396
1|141|255|397
1|141|256|398
1|142|256|399
1|142|257|400
1|143|257|401
1|143|258|402
1|144|258|403
1|144|259|404
1|144|260|405
1|144|261|406
1|145|261|407
1|145|262|408
1|145|263|409
1|145|264|410
1|146|264|411
1|146|265|412
1|147|265|413
1|147|266|414
1|148|266|415
1|148|267|416
1|148|268|417
1|149|268|418
1|149|269|419
1|149|270|420
1|150|270|421
1|150|271|422
1|151|271|423
1|151|272|424
1|152|272|425
1|152|273|426
1|153|273|427
1|153|274|428
1|154|274|429
1|154|275|430
1|155|275|431
1|155|276|432
1|156|276|433
1|156|277|434
1|157|277|435
1|157|278|436
1|158|278|437
1|158|279|438
1|159|279|439
1|159|280|440
1|160|280|441
1|160|281|442
1|161|281|443
1|161|282|444
1|162|282|445
1|162|283|446
1|163|283|447
1|163|284|448
1|164|284|449
1|164|285|450
1|165|285|451
1|165|286|452
1|166|286|453
1|166|287|454
1|167|287|455
1|167|288|456
1|168|288|457
1|168|289|458
1|169|289|459
1|169|290|460
1|170|290|461
1|170|291|462
1|171|291|463
1|171|292|464
1|172|292|465
1|172|293|466
1|173|293|467
1|173|294|468
1|173|295|469
1|173|296|470
1|174|296|471
1|174|297|472
1|175|297|473
1|175|298|474
1|176|298|475
1|176|299|476
1|176|300|477
1|176|301|478
1|177|301|479
1|177|302|480
1|178|302|481
1|178|303|482
1|179|303|483
1|179|304|484
1|180|304|485
1|180|305|486
1|181|305|487
1|181|306|488
1|182|306|489
1|182|307|490
1|183|307|491
1|183|308|492
1|183|309|493
1|183|310|494
1|183|311|495
1|183|312|496
1|184|312|497
1|184|313|498
1|185|313|499
1|185|314|500
1|186|314|501
1|186|315|502
1|187|315|503
1|187|316|504
1|188|316|505
1|188|317|506
1|189|317|507
1|189|318|508
1|190|318|509
1|190|319|510
1|191|319|511
1|191|320|512
1|192|320|513
1|192|321|514
1|193|321|515
1|193|322|516
1|194|322|517
1|194|323|518
1|195|323|519
1|195|324|520
1|196|324|521
1|196|325|522
1|197|325|523
1|197|326|524
1|198|326|525
1|198|327|526
1|199|327|527
1|199|328|528
1|200|328|529
1|200|329|530
1|201|329|531
1|201|330|532
1|202|330|533
1|202|331|534
1|203|331|535
1|203|332|536
1|204|332|537
1|204|333|538
1|205|333|539
1|205|334|540
1|206|334|541
1|206|335|542
1|207|335|543
1|207|336|544
1|208|336|545
1|208|337|546
1|209|337|547
1|209|338|548
1|210|338|549
1|210|339|550
1|211|339|551
1|211|340|552
1|212|340|553
1|212|341|554
1|213|341|555
1|213|342|556
1|214|342|557
1|214|343|558
1|215|343|559
1|215|344|560
1|216|344|561
1|216|345|562
1|217|345|563
1|217|346|564
1|218|346|565
1|218|347|566
1|219|347|567
1|219|348|568
1|219|349|569
1|219|350|570
1|219|351|571
1|219|352|572
1|219|353|573
1|219|354|574
1|220|354|575
1|221|354|576
1|221|355|577
1|221|356|578
1|221|357|579
1|221|358|580
1|221|359|581
1|221|360|582
1|221|361|583
1|221|362|584
1|221|363|585
1|221|364|586
1|221|365|587
1|221|366|588
1|222|366|589
1|222|367|590
1|222|368|591
1|223|368|592
1|223|369|593
1|224|369|594
1|224|370|595
1|224|371|596
1|224|372|597
1|224|373|598
1|224|374|599
1|225|374|600
1|225|375|601
1|226|375|602
1|226|376|603
1|226|377|604
1|227|377|605
1|227|378|606
1|228|378|607
1|228|379|608
1|229|379|609
1|229|380|610
1|230|380|611
1|230|381|612
1|231|381|613
1|231|382|614
1|232|382|615
1|232|383|616
1|233|383|617
1|233|384|618
1|234|384|619
1|234|385|620
1|235|385|621
1|235|386|622
1|236|386|623
1|236|387|624
1|237|387|625
1|237|388|626
1|238|388|627
1|238|389|628
1|239|389|629
1|239|390|630
1|240|390|631
1|240|391|632
1|241|391|633
1|241|392|634
1|242|392|635
1|242|393|636
1|243|393|637
1|243|394|638
1|244|394|639
1|244|395|640
1|244|396|641
1|244|397|642
1|245|397|643
1|245|398|644
1|246|398|645
1|246|399|646
1|247|399|647
1|247|400|648
1|248|400|649
1|248|401|650
1|248|402|651
1|248|403|652
1|249|403|653
1|249|404|654
1|250|404|655
1|250|405|656
1|250|406|657
1|250|407|658
1|251|407|659
1|251|408|660
1|252|408|661
1|252|409|662
1|253|409|663
1|253|410|664
1|254|410|665
1|254|411|666
1|255|411|667
1|255|412|668
1|256|412|669
1|256|413|670
1|257|413|671
1|257|414|672
1|258|414|673
1|258|415|674
1|258|416|675
1|258|417|676
1|259|417|677
1|259|418|678
1|260|418|679
1|260|419|680
1|261|419|681
1|261|420|682
1|262|420|683
1|262|421|684
1|263|421|685
1|263|422|686
1|264|422|687
1|264|423|688
1|265|423|689
1|265|424|690
1|266|424|691
1|266|425|692
1|267|425|693
1|267|426|694
1|268|426|695
1|268|427|696
1|269|427|697
1|269|428|698
1|270|428|699
1|270|429|700
1|271|429|701
1|271|430|702
1|272|430|703
1|272|431|704
2|272|431|705
2|272|432|706
2|273|432|707
2|273|433|708
2|274|433|709
2|274|434|710
2|275|434|711
2|275|435|712
2|275|436|713
2|275|437|714
2|275|438|715
2|275|439|716
2|275|440|717
2|275|441|718
2|275|442|719
2|275|443|720
2|275|444|721
2|275|445|722
2|275|446|723
2|275|447|724
2|275|448|725
2|275|449|726
2|275|450|727
2|275|451|728
2|275|452|729
2|275|453|730
2|275|454|731
2|275|455|732
2|275|456|733
2|275|457|734
2|275|458|735
2|275|459|736
2|275|460|737
2|275|461|738
2|275|462|739
2|275|463|740
2|275|464|741
2|275|465|742
2|275|466|743
2|276|466|744
2|276|467|745
2|276|468|746
2|276|469|747
2|276|470|748
2|277|470|749
2|277|471|750
2|278|471|751
2|278|472|752
2|279|472|753
2|279|473|754
2|280|473|755
2|280|474|756
2|281|474|757
2|281|475|758
2|282|475|759
2|282|476|760
2|283|476|761
2|283|477|762
2|284|477|763
2|284|478|764
2|285|478|765
2|285|479|766
2|286|479|767
2|286|480|768
2|287|480|769
2|287|481|770
2|288|481|771
2|288|482|772
2|289|482|773
2|289|483|774
2|290|483|775
2|290|484|776
2|291|484|777
2|291|485|778
2|292|485|779
2|292|486|780
2|293|486|781
2|293|487|782
2|294|487|783
2|294|488|784
2|295|488|785
2|295|489|786
2|296|489|787
2|296|490|788
2|297|490|789
2|297|491|790
2|298|491|791
2|298|492|792
2|299|492|793
2|299|493|794
2|299|494|795
2|299|495|796
2|300|495|797
2|300|496|798
2|301|496|799
2|301|497|800
2|302|497|801
2|302|498|802
2|303|498|803
2|303|499|804
2|304|499|805
2|304|500|806
2|305|500|807
2|305|501|808
2|306|501|809
2|306|502|810
2|307|502|811
2|307|503|812
2|308|503|813
2|308|504|814
2|309|504|815
2|309|505|816
2|309|506|817
2|309|507|818
2|310|507|819
2|310|508|820
2|311|508|821
2|311|509|822
2|312|509|823
2|312|510|824
2|313|510|825
2|313|511|826
2|314|511|827
2|314|512|828
2|315|512|829
2|315|513|830
2|316|513|831
2|316|514|832
2|317|514|833
2|317|515|834
2|318|515|835
2|318|516|836
2|319|516|837
2|319|517|838
2|320|517|839
2|321|517|840
2|322|517|841
2|322|518|842
2|323|518|843
2|323|519|844
2|324|519|845
2|324|520|846
2|325|520|847
2|325|521|848
2|326|521|849
2|326|522|850
2|327|522|851
2|327|523|852
2|328|523|853
2|328|524|854
2|329|524|855
2|329|525|856
2|330|525|857
2|330|526|858
2|331|526|859
2|331|527|860
2|332|527|861
2|332|528|862
2|333|528|863
2|333|529|864
2|334|529|865
2|334|530|866
2|334|531|867
2|334|532|868
2|335|532|869
2|335|533|870
2|335|534|871
2|335|535|872
2|336|535|873
2|336|536|874
2|336|537|875
2|336|538|876
2|337|538|877
2|337|539|878
2|337|540|879
2|337|541|880
2|338|541|881
2|338|542|882
2|339|542|883
2|339|543|884
2|339|544|885
2|339|545|886
2|339|546|887
2|339|547|888
2|339|548|889
2|339|549|890
2|339|550|891
2|339|551|892
2|340|551|893
2|340|552|894
2|341|552|895
2|341|553|896
2|342|553|897
2|342|554|898
2|343|554|899
2|343|555|900
2|344|555|901
2|344|556|902
2|345|556|903
2|346|556|904
2|347|556|905
2|347|557|906
2|348|557|907
2|348|558|908
2|349|558|909
2|349|559|910
2|349|560|911
2|349|561|912
2|350|561|913
2|350|562|914
2|351|562|915
2|351|563|916
2|352|563|917
2|352|564|918
2|353|564|919
2|353|565|920
2|353|566|921
2|353|567|922
2|353|568|923
2|353|569|924
2|353|570|925
2|353|571|926
2|354|571|927
2|354|572|928
2|354|573|929
2|355|573|930
2|356|573|931
2|356|574|932
2|356|575|933
2|356|576|934
2|356|577|935
2|356|578|936
2|356|579|937
2|356|580|938
2|356|581|939
2|356|582|940
2|356|583|941
2|356|584|942
2|356|585|943
2|356|586|944
2|356|587|945
2|356|588|946
2|356|589|947
2|356|590|948
2|356|591|949
2|356|592|950
2|356|593|951
2|356|594|952
2|357|594|953
2|357|595|954
2|357|596|955
2|357|597|956
2|358|597|957
2|358|598|958
2|359|598|959
2|359|599|960
2|359|600|961
2|359|601|962
2|360|601|963
2|360|602|964
2|360|603|965
2|361|603|966
2|361|604|967
2|361|605|968
2|361|606|969
2|361|607|970
2|361|608|971
2|362|608|972
2|362|609|973
2|363|609|974
2|363|610|975
2|364|610|976
2|364|611|977
2|364|612|978
2|364|613|979
2|365|613|980
2|365|614|981
2|365|615|982
2|365|616|983
2|366|616|984
2|366|617|985
2|366|618|986
2|366|619|987
2|366|620|988
2|367|620|989
2|367|621|990
2|367|622|991
2|368|622|992
2|369|622|993
2|370|622|994
2|370|623|995
2|371|623|996
2|371|624|997
2|372|624|998
2|372|625|999
2|373|625|1000
2|374|625|1001
2|374|626|1002
2|375|626|1003
2|375|627|1004
2|376|627|1005
2|376|628|1006
2|377|628|1007
2|377|629|1008
2|378|629|1009
2|378|630|1010
2|379|630|1011
2|379|631|1012
2|380|631|1013
2|380|632|1014
2|381|632|1015
2|381|633|1016
2|382|633|1017
2|382|634|1018
2|382|635|1019
2|382|636|1020
2|383|636|1021
2|383|637|1022
2|384|637|1023
2|384|638|1024
2|385|638|1025
2|385|639|1026
2|385|640|1027
2|385|641|1028
2|386|641|1029
2|386|642|1030
2|387|642|1031
2|387|643|1032
2|387|644|1033
2|387|645|1034
2|388|645|1035
2|388|646|1036
2|388|647|1037
2|388|648|1038
2|389|648|1039
2|389|649|1040
2|390|649|1041
2|390|650|1042
2|390|651|1043
2|390|652|1044
2|390|653|1045
2|390|654|1046
2|390|655|1047
2|390|656|1048
2|391|656|1049
2|391|657|1050
2|391|658|1051
2|391|659|1052
2|391|660|1053
2|391|661|1054
2|391|662|1055
2|391|663|1056
2|391|664|1057
2|391|665|1058
2|392|665|1059
2|392|666|1060
2|393|666|1061
2|393|667|1062
2|393|668|1063
2|393|669|1064
2|393|670|1065
2|393|671|1066
2|394|671|1067
2|394|672|1068
2|394|673|1069
2|394|674|1070
2|394|675|1071
2|394|676|1072
2|395|676|1073
2|395|677|1074
2|395|678|1075
2|395|679|1076
2|395|680|1077
2|395|681|1078
2|396|681|1079
2|396|682|1080
2|397|682|1081
2|397|683|1082
2|397|684|1083
2|397|685|1084
2|397|686|1085
2|397|687|1086
2|398|687|1087
2|398|688|1088
2|398|689|1089
2|398|690|1090
2|398|691|1091
2|398|692|1092
2|398|693|1093
2|398|694|1094
2|399|694|1095
2|399|695|1096
2|399|696|1097
2|399|697|1098
2|400|697|1099
2|400|698|1100
2|400|699|1101
2|400|700|1102
2|401|700|1103
2|401|701|1104
2|401|702|1105
2|402|702|1106
2|402|703|1107
2|402|704|1108
2|403|704|1109
2|403|705|1110
2|404|705|1111
2|404|706|1112
2|405|706|1113
2|405|707|1114
2|406|707|1115
2|406|708|1116
2|407|708|1117
2|407|709|1118
2|408|709|1119
2|408|710|1120
2|409|710|1121
2|409|711|1122
2|410|711|1123
2|410|712|1124
2|411|712|1125
2|411|713|1126
2|412|713|1127
2|412|714|1128
2|413|714|1129
2|413|715|1130
2|414|715|1131
2|414|716|1132
2|415|716|1133
2|415|717|1134
2|416|717|1135
2|416|718|1136
2|417|718|1137
2|417|719|1138
2|418|719|1139
2|418|720|1140
2|419|720|1141
2|419|721|1142
2|420|721|1143
2|420|722|1144
2|421|722|1145
2|421|723|1146
2|422|723|1147
2|422|724|1148
2|423|724|1149
2|423|725|1150
2|424|725|1151
2|424|726|1152
2|425|726|1153
2|425|727|1154
2|426|727|1155
2|426|728|1156
2|427|728|1157
2|427|729|1158
2|428|729|1159
2|428|730|1160
2|428|731|1161
2|428|732|1162
2|429|732|1163
2|429|733|1164
2|430|733|1165
2|430|734|1166
2|431|734|1167
2|431|735|1168
2|432|735|1169
2|432|736|1170
2|433|736|1171
2|433|737|1172
2|434|737|1173
2|434|738|1174
2|435|738|1175
2|435|739|1176
2|435|740|1177
2|435|741|1178
2|436|741|1179
2|436|742|1180
2|437|742|1181
2|437|743|1182
2|438|743|1183
2|438|744|1184
2|439|744|1185
2|439|745|1186
2|440|745|1187
2|440|746|1188
2|441|746|1189
2|441|747|1190
2|442|747|1191
2|442|748|1192
2|443|748|1193
2|443|749|1194
2|444|749|1195
2|444|750|1196
2|445|750|1197
2|445|751|1198
2|446|751|1199
2|446|752|1200
2|447|752|1201
2|447|753|1202
2|448|753|1203
2|448|754|1204
2|449|754|1205
2|449|755|1206
2|450|755|1207
2|450|756|1208
2|451|756|1209
2|451|757|1210
2|452|757|1211
2|452|758|1212
2|453|758|1213
2|453|759|1214
2|454|759|1215
2|454|760|1216
2|455|760|1217
2|455|761|1218
2|456|761|1219
2|456|762|1220
2|457|762|1221
2|457|763|1222
2|458|763|1223
2|458|764|1224
2|459|764|1225
2|459|765|1226
2|460|765|1227
2|460|766|1228
2|461|766|1229
2|461|767|1230
2|462|767|1231
2|462|768|1232
2|463|768|1233
2|463|769|1234
2|464|769|1235
2|464|770|1236
2|465|770|1237
2|465|771|1238
2|466|771|1239
2|466|772|1240
2|467|772|1241
2|467|773|1242
2|468|773|1243
2|468|774|1244
2|469|774|1245
2|469|775|1246
2|470|775|1247
2|470|776|1248
2|471|776|1249
2|472|776|1250
2|473|776|1251
2|473|777|1252
2|474|777|1253
2|475|777|1254
2|475|778|1255
2|475|779|1256
2|475|780|1257
2|475|781|1258
2|475|782|1259
2|475|783|1260
2|475|784|1261
2|476|784|1262
2|476|785|1263
2|476|786|1264
2|476|787|1265
2|477|787|1266
2|477|788|1267
2|477|789|1268
2|478|789|1269
2|478|790|1270
2|478|791|1271
2|478|792|1272
2|478|793|1273
2|479|793|1274
2|479|794|1275
2|479|795|1276
2|479|796|1277
2|479|797|1278
2|479|798|1279
2|479|799|1280
2|479|800|1281
2|480|800|1282
2|481|800|1283
2|481|801|1284
2|481|802|1285
2|481|803|1286
2|481|804|1287
2|481|805|1288
2|482|805|1289
2|482|806|1290
2|483|806|1291
2|483|807|1292
2|484|807|1293
2|484|808|1294
2|485|808|1295
2|485|809|1296
2|486|809|1297
2|486|810|1298
2|487|810|1299
2|487|811|1300
2|488|811|1301
2|488|812|1302
2|489|812|1303
2|489|813|1304
2|490|813|1305
2|490|814|1306
2|491|814|1307
2|491|815|1308
2|492|815|1309
2|492|816|1310
2|493|816|1311
2|493|817|1312
2|494|817|1313
2|494|818|1314
2|495|818|1315
2|495|819|1316
2|496|819|1317
2|496|820|1318
2|497|820|1319
2|497|821|1320
2|498|821|1321
2|498|822|1322
2|499|822|1323
2|499|823|1324
2|500|823|1325
2|500|824|1326
2|501|824|1327
2|501|825|1328
2|502|825|1329
2|502|826|1330
2|503|826|1331
2|503|827|1332
2|504|827|1333
2|504|828|1334
2|504|829|1335
2|504|830|1336
2|505|830|1337
2|505|831|1338
2|506|831|1339
2|506|832|1340
2|506|833|1341
2|506|834|1342
2|507|834|1343
2|507|835|1344
2|508|835|1345
2|508|836|1346
2|509|836|1347
2|509|837|1348
2|509|838|1349
2|509|839|1350
2|510|839|1351
2|510|840|1352
2|510|841|1353
2|510|842|1354
2|511|842|1355
2|511|843|1356
2|512|843|1357
2|512|844|1358
2|512|845|1359
2|512|846|1360
2|513|846|1361
2|513|847|1362
2|514|847|1363
2|514|848|1364
2|515|848|1365
2|515|849|1366
2|516|849|1367
2|516|850|1368
2|517|850|1369
2|517|851|1370
2|518|851|1371
2|518|852|1372
2|519|852|1373
2|519|853|1374
2|520|853|1375
2|520|854|1376
2|521|854|1377
2|521|855|1378
2|522|855|1379
2|522|856|1380
2|523|856|1381
2|523|857|1382
2|524|857|1383
2|524|858|1384
2|525|858|1385
2|525|859|1386
2|526|859|1387
2|526|860|1388
2|527|860|1389
2|527|861|1390
3|527|861|1391
3|527|862|1392
3|528|862|1393
3|528|863|1394
3|529|863|1395
3|529|864|1396
3|529|865|1397
3|529|866|1398
3|529|867|1399
3|530|867|1400
3|530|868|1401
3|530|869|1402
3|530|870|1403
3|530|871|1404
3|530|872|1405
3|530|873|1406
3|530|874|1407
3|530|875|1408
3|530|876|1409
3|530|877|1410
3|530|878|1411
3|530|879|1412
3|530|880|1413
3|530|881|1414
3|530|882|1415
3|530|883|1416
3|530|884|1417
3|530|885|1418
3|530|886|1419
3|530|887|1420
3|530|888|1421
3|530|889|1422
3|530|890|1423
3|530|891|1424
3|530|892|1425
3|530|893|1426
3|530|894|1427
3|530|895|1428
3|530|896|1429
3|530|897|1430
3|530|898|1431
3|530|899|1432
3|531|899|1433
3|531|900|1434
3|532|900|1435
3|532|901|1436
3|533|901|1437
3|533|902|1438
3|534|902|1439
3|534|903|1440
3|535|903|1441
3|535|904|1442
3|536|904|1443
3|536|905|1444
3|537|905|1445
3|537|906|1446
3|538|906|1447
3|538|907|1448
3|539|907|1449
3|539|908|1450
3|540|908|1451
3|540|909|1452
3|541|909|1453
3|541|910|1454
3|542|910|1455
3|542|911|1456
3|543|911|1457
3|543|912|1458
3|544|912|1459
3|544|913|1460
3|545|913|1461
3|545|914|1462
3|546|914|1463
3|546|915|1464
3|547|915|1465
3|547|916|1466
3|548|916|1467
3|548|917|1468
3|548|918|1469
3|548|919|1470
3|549|919|1471
3|549|920|1472
3|549|921|1473
3|549|922|1474
3|550|922|1475
3|550|923|1476
3|551|923|1477
3|551|924|1478
3|551|925|1479
3|551|926|1480
3|552|926|1481
3|552|927|1482
3|553|927|1483
3|553|928|1484
3|554|928|1485
3|554|929|1486
3|554|930|1487
3|554|931|1488
3|555|931|1489
3|555|932|1490
3|556|932|1491
3|556|933|1492
3|557|933|1493
3|557|934|1494
3|558|934|1495
3|558|935|1496
3|559|935|1497
3|559|936|1498
3|560|936|1499
3|560|937|1500
3|561|937|1501
3|561|938|1502
3|562|938|1503
3|562|939|1504
3|563|939|1505
3|563|940|1506
3|564|940|1507
3|564|941|1508
3|565|941|1509
3|565|942|1510
3|566|942|1511
3|566|943|1512
3|567|943|1513
3|567|944|1514
3|568|944|1515
3|569|944|1516
3|570|944|1517
3|570|945|1518
3|571|945|1519
3|571|946|1520
3|572|946|1521
3|572|947|1522
3|573|947|1523
3|574|947|1524
3|575|947|1525
3|575|948|1526
3|576|948|1527
3|576|949|1528
3|577|949|1529
3|577|950|1530
3|578|950|1531
3|578|951|1532
3|579|951|1533
3|579|952|1534
3|580|952|1535
3|580|953|1536
3|581|953|1537
3|581|954|1538
3|582|954|1539
3|582|955|1540
3|583|955|1541
3|583|956|1542
3|583|957|1543
3|583|958|1544
3|583|959|1545
3|583|960|1546
3|584|960|1547
3|584|961|1548
3|585|961|1549
3|585|962|1550
3|585|963|1551
3|585|964|1552
3|585|965|1553
3|585|966|1554
3|585|967|1555
3|585|968|1556
3|586|968|1557
3|586|969|1558
3|586|970|1559
3|586|971|1560
3|587|971|1561
3|587|972|1562
3|587|973|1563
3|587|974|1564
3|588|974|1565
3|588|975|1566
3|589|975|1567
3|589|976|1568
3|589|977|1569
3|589|978|1570
3|589|979|1571
3|589|980|1572
3|589|981|1573
3|590|981|1574
3|590|982|1575
3|590|983|1576
3|591|983|1577
3|591|984|1578
3|592|984|1579
3|592|985|1580
3|593|985|1581
3|593|986|1582
3|594|986|1583
3|594|987|1584
3|595|987|1585
3|595|988|1586
3|596|988|1587
3|596|989|1588
3|597|989|1589
3|597|990|1590
3|598|990|1591
3|598|991|1592
3|599|991|1593
3|599|992|1594
3|600|992|1595
3|600|993|1596
3|601|993|1597
3|601|994|1598
3|602|994|1599
3|602|995|1600
3|603|995|1601
3|603|996|1602
3|604|996|1603
3|604|997|1604
3|605|997|1605
3|605|998|1606
3|606|998|1607
3|606|999|1608
3|607|999|1609
3|607|1000|1610
3|608|1000|1611
3|608|1001|1612
3|608|1002|1613
3|608|1003|1614
3|608|1004|1615
3|608|1005|1616
3|608|1006|1617
3|608|1007|1618
3|608|1008|1619
3|608|1009|1620
3|608|1010|1621
3|608|1011|1622
3|608|1012|1623
3|608|1013|1624
3|609|1013|1625
3|609|1014|1626
3|609|1015|1627
3|609|1016|1628
3|609|1017|1629
3|609|1018|1630
3|609|1019|1631
3|609|1020|1632
3|609|1021|1633
3|609|1022|1634
3|609|1023|1635
3|609|1024|1636
3|609|1025|1637
3|609|1026|1638
3|609|1027|1639
3|609|1028|1640
3|609|1029|1641
3|609|1030|1642
3|609|1031|1643
3|609|1032|1644
3|609|1033|1645
3|609|1034|1646
3|610|1034|1647
3|610|1035|1648
3|611|1035|1649
3|611|1036|1650
3|611|1037|1651
3|611|1038|1652
3|611|1039|1653
3|612|1039|1654
3|612|1040|1655
3|613|1040|1656
3|613|1041|1657
3|613|1042|1658
3|614|1042|1659
3|614|1043|1660
3|614|1044|1661
3|614|1045|1662
3|615|1045|1663
3|615|1046|1664
3|615|1047|1665
3|615|1048|1666
3|615|1049|1667
3|615|1050|1668
3|615|1051|1669
3|616|1051|1670
3|616|1052|1671
3|616|1053|1672
3|617|1053|1673
3|617|1054|1674
3|617|1055|1675
3|618|1055|1676
3|618|1056|1677
3|618|1057|1678
3|618|1058|1679
3|619|1058|1680
3|619|1059|1681
3|620|1059|1682
3|621|1059|1683
3|622|1059|1684
3|623|1059|1685
3|623|1060|1686
3|624|1060|1687
3|624|1061|1688
3|624|1062|1689
3|624|1063|1690
3|625|1063|1691
3|625|1064|1692
3|626|1064|1693
3|626|1065|1694
3|626|1066|1695
3|626|1067|1696
3|627|1067|1697
3|627|1068|1698
3|628|1068|1699
3|628|1069|1700
3|629|1069|1701
3|629|1070|1702
3|629|1071|1703
3|629|1072|1704
3|630|1072|1705
3|630|1073|1706
3|631|1073|1707
3|631|1074|1708
3|632|1074|1709
3|632|1075|1710
3|633|1075|1711
3|633|1076|1712
3|634|1076|1713
3|634|1077|1714
3|635|1077|1715
3|635|1078|1716
3|636|1078|1717
3|636|1079|1718
3|637|1079|1719
3|637|1080|1720
3|637|1081|1721
3|637|1082|1722
3|638|1082|1723
3|638|1083|1724
3|638|1084|1725
3|638|1085|1726
3|639|1085|1727
3|639|1086|1728
3|639|1087|1729
3|639|1088|1730
3|639|1089|1731
3|639|1090|1732
3|639|1091|1733
3|639|1092|1734
3|639|1093|1735
3|639|1094|1736
3|639|1095|1737
3|639|1096|1738
3|639|1097|1739
3|639|1098|1740
3|640|1098|1741
3|640|1099|1742
3|641|1099|1743
3|641|1100|1744
3|642|1100|1745
3|642|1101|1746
3|643|1101|1747
3|643|1102|1748
3|643|1103|1749
3|643|1104|1750
3|644|1104|1751
3|644|1105|1752
3|644|1106|1753
3|644|1107|1754
3|645|1107|1755
3|645|1108|1756
3|645|1109|1757
3|645|1110|1758
3|646|1110|1759
3|646|1111|1760
3|646|1112|1761
3|646|1113|1762
3|647|1113|1763
3|647|1114|1764
3|647|1115|1765
3|648|1115|1766
3|648|1116|1767
3|648|1117|1768
3|648|1118|1769
3|648|1119|1770
4|648|1119|1771
4|648|1120|1772
4|648|1121|1773
4|648|1122|1774
4|649|1122|1775
4|649|1123|1776
4|649|1124|1777
4|649|1125|1778
4|649|1126|1779
4|649|1127|1780
4|649|1128|1781
4|649|1129|1782
4|650|1129|1783
4|650|1130|1784
4|650|1131|1785
4|650|1132|1786
4|650|1133|1787
4|650|1134|1788
4|650|1135|1789
4|650|1136|1790
4|650|1137|1791
4|651|1137|1792
4|652|1137|1793
4|652|1138|1794
4|653|1138|1795
4|653|1139|1796
4|654|1139|1797
4|654|1140|1798
4|655|1140|1799
4|655|1141|1800
4|656|1141|1801
4|657|1141|1802
4|658|1141|1803
4|658|1142|1804
4|659|1142|1805
4|659|1143|1806
4|660|1143|1807
4|660|1144|1808
4|661|1144|1809
4|661|1145|1810
4|662|1145|1811
4|662|1146|1812
4|663|1146|1813
4|663|1147|1814
4|664|1147|1815
4|664|1148|1816
4|665|1148|1817
4|665|1149|1818
4|666|1149|1819
4|666|1150|1820
4|667|1150|1821
4|667|1151|1822
4|668|1151|1823
4|668|1152|1824
4|669|1152|1825
4|669|1153|1826
4|670|1153|1827
4|670|1154|1828
4|670|1155|1829
4|670|1156|1830
4|671|1156|1831
4|671|1157|1832
4|672|1157|1833
4|672|1158|1834
4|673|1158|1835
4|673|1159|1836
4|673|1160|1837
4|673|1161|1838
4|674|1161|1839
4|674|1162|1840
4|675|1162|1841
4|675|1163|1842
4|676|1163|1843
4|676|1164|1844
4|677|1164|1845
4|677|1165|1846
4|678|1165|1847
4|678|1166|1848
4|679|1166|1849
4|679|1167|1850
4|680|1167|1851
4|680|1168|1852
4|681|1168|1853
4|681|1169|1854
4|682|1169|1855
4|682|1170|1856
4|683|1170|1857
4|683|1171|1858
4|684|1171|1859
4|684|1172|1860
4|684|1173|1861
4|684|1174|1862
4|685|1174|1863
4|685|1175|1864
4|686|1175|1865
4|686|1176|1866
4|687|1176|1867
4|687|1177|1868
4|688|1177|1869
4|688|1178|1870
4|689|1178|1871
4|689|1179|1872
4|690|1179|1873
4|690|1180|1874
4|691|1180|1875
4|691|1181|1876
4|692|1181|1877
4|692|1182|1878
4|693|1182|1879
4|693|1183|1880
4|694|1183|1881
4|694|1184|1882
4|695|1184|1883
4|695|1185|1884
4|696|1185|1885
4|696|1186|1886
4|697|1186|1887
4|697|1187|1888
4|698|1187|1889
4|698|1188|1890
4|699|1188|1891
4|699|1189|1892
4|700|1189|1893
4|700|1190|1894
4|701|1190|1895
4|701|1191|1896
4|702|1191|1897
4|702|1192|1898
4|703|1192|1899
4|703|1193|1900
4|704|1193|1901
4|705|1193|1902
4|706|1193|1903
4|706|1194|1904
4|707|1194|1905
4|707|1195|1906
4|708|1195|1907
4|708|1196|1908
4|709|1196|1909
4|709|1197|1910
4|710|1197|1911
4|710|1198|1912
4|711|1198|1913
4|711|1199|1914
4|712|1199|1915
4|712|1200|1916
4|713|1200|1917
4|713|1201|1918
4|714|1201|1919
4|714|1202|1920
4|715|1202|1921
4|715|1203|1922
4|716|1203|1923
4|716|1204|1924
4|717|1204|1925
4|717|1205|1926
4|718|1205|1927
4|718|1206|1928
4|719|1206|1929
4|719|1207|1930
4|720|1207|1931
4|720|1208|1932
4|721|1208|1933
4|721|1209|1934
4|722|1209|1935
4|722|1210|1936
4|722|1211|1937
4|723|1211|1938
4|723|1212|1939
4|723|1213|1940
4|724|1213|1941
4|724|1214|1942
4|724|1215|1943
4|724|1216|1944
4|724|1217|1945
4|724|1218|1946
4|724|1219|1947
4|725|1219|1948
4|725|1220|1949
4|725|1221|1950
4|725|1222|1951
4|725|1223|1952
4|725|1224|1953
4|726|1224|1954
4|726|1225|1955
4|727|1225|1956
4|728|1225|1957
4|728|1226|1958
4|728|1227|1959
4|728|1228|1960
4|728|1229|1961
4|728|1230|1962
4|728|1231|1963
4|728|1232|1964
4|729|1232|1965
4|730|1232|1966
4|730|1233|1967
4|731|1233|1968
4|731|1234|1969
4|732|1234|1970
4|732|1235|1971
4|733|1235|1972
4|734|1235|1973
4|734|1236|1974
4|735|1236|1975
4|735|1237|1976
4|736|1237|1977
4|736|1238|1978
4|737|1238|1979
4|737|1239|1980
4|738|1239|1981
4|738|1240|1982
4|739|1240|1983
4|739|1241|1984
4|740|1241|1985
4|740|1242|1986
4|741|1242|1987
4|741|1243|1988
4|742|1243|1989
4|742|1244|1990
4|743|1244|1991
4|743|1245|1992
4|744|1245|1993
4|744|1246|1994
4|745|1246|1995
4|745|1247|1996
4|746|1247|1997
4|746|1248|1998
4|747|1248|1999
4|747|1249|2000
