total
0|0|1|1
0|1|1|2
0|1|2|3
0|2|2|4
0|2|3|5
0|3|3|6
0|3|4|7
0|4|4|8
0|4|5|9
0|5|5|10
0|5|6|11
0|6|6|12
0|6|7|13
0|7|7|14
0|8|7|15
1|8|7|16
1|8|8|17
1|9|8|18
1|10|8|19
1|11|8|20
1|11|9|21
2|11|9|22
2|11|10|23
3|11|10|24
3|11|11|25
3|12|11|26
3|13|11|27
3|14|11|28
3|14|12|29
3|14|13|30
3|14|14|31
3|14|15|32
3|14|16|33
3|14|17|34
3|14|18|35
3|15|18|36
3|16|18|37
3|16|19|38
3|16|20|39
3|16|21|40
3|16|22|41
3|16|23|42
3|16|24|43
3|17|24|44
3|17|25|45
3|18|25|46
3|18|26|47
3|19|26|48
3|19|27|49
3|19|28|50
3|19|29|51
3|20|29|52
3|20|30|53
3|20|31|54
3|20|32|55
3|21|32|56
3|21|33|57
3|22|33|58
3|22|34|59
3|22|35|60
3|22|36|61
3|22|37|62
3|22|38|63
3|22|39|64
3|22|40|65
3|23|40|66
3|23|41|67
3|24|41|68
3|24|42|69
3|25|42|70
3|25|43|71
3|26|43|72
3|26|44|73
3|27|44|74
3|27|45|75
3|28|45|76
3|28|46|77
3|29|46|78
3|29|47|79
3|30|47|80
3|30|48|81
3|31|48|82
3|31|49|83
3|32|49|84
3|32|50|85
3|33|50|86
3|33|51|87
3|34|51|88
3|34|52|89
3|35|52|90
3|35|53|91
3|36|53|92
3|36|54|93
3|37|54|94
3|37|55|95
3|38|55|96
3|38|56|97
3|39|56|98
3|39|57|99
3|40|57|100
3|40|58|101
3|41|58|102
3|41|59|103
3|42|59|104
3|42|60|105
3|43|60|106
3|43|61|107
3|44|61|108
3|44|62|109
3|45|62|110
3|45|63|111
3|46|63|112
3|46|64|113
3|47|64|114
3|47|65|115
3|48|65|116
3|48|66|117
3|49|66|118
3|49|67|119
3|50|67|120
3|50|68|121
3|51|68|122
3|51|69|123
3|52|69|124
3|52|70|125
3|53|70|126
3|53|71|127
3|54|71|128
3|54|72|129
3|55|72|130
3|55|73|131
3|56|73|132
3|56|74|133
3|57|74|134
3|57|75|135
3|58|75|136
3|59|75|137
3|60|75|138
3|60|76|139
3|61|76|140
3|61|77|141
3|62|77|142
3|62|78|143
3|63|78|144
3|64|78|145
3|65|78|146
3|66|78|147
3|67|78|148
3|68|78|149
3|69|78|150
3|69|79|151
3|70|79|152
3|70|80|153
3|71|80|154
3|71|81|155
3|72|81|156
3|72|82|157
3|73|82|158
3|73|83|159
3|74|83|160
3|74|84|161
3|75|84|162
3|76|84|163
3|77|84|164
3|77|85|165
3|78|85|166
3|78|86|167
3|79|86|168
3|79|87|169
3|80|87|170
3|80|88|171
3|81|88|172
3|81|89|173
3|82|89|174
3|82|90|175
3|83|90|176
3|83|91|177
3|84|91|178
3|84|92|179
3|85|92|180
3|85|93|181
3|86|93|182
3|86|94|183
3|87|94|184
3|87|95|185
3|88|95|186
3|88|96|187
3|89|96|188
3|89|97|189
3|90|97|190
3|90|98|191
3|91|98|192
3|91|99|193
3|92|99|194
3|92|100|195
3|93|100|196
3|93|101|197
3|94|101|198
3|94|102|199
3|95|102|200
3|95|103|201
3|96|103|202
3|96|104|203
3|97|104|204
3|97|105|205
3|98|105|206
3|98|106|207
3|99|106|208
3|99|107|209
3|100|107|210
3|100|108|211
3|101|108|212
3|101|109|213
3|102|109|214
3|102|110|215
3|103|110|216
3|103|111|217
3|104|111|218
3|104|112|219
3|104|113|220
3|104|114|221
3|105|114|222
3|105|115|223
3|106|115|224
3|107|115|225
3|108|115|226
3|108|116|227
3|108|117|228
3|108|118|229
3|109|118|230
3|109|119|231
3|110|119|232
3|110|120|233
3|111|120|234
3|111|121|235
3|112|121|236
3|112|122|237
3|113|122|238
3|113|123|239
3|114|123|240
3|114|124|241
3|115|124|242
3|115|125|243
3|116|125|244
3|116|126|245
3|117|126|246
3|117|127|247
3|118|127|248
3|118|128|249
3|119|128|250
3|119|129|251
3|120|129|252
3|120|130|253
3|121|130|254
3|121|131|255
3|122|131|256
3|122|132|257
3|123|132|258
3|123|133|259
3|124|133|260
3|124|134|261
3|125|134|262
3|125|135|263
3|126|135|264
3|126|136|265
3|127|136|266
3|127|137|267
3|128|137|268
3|128|138|269
3|129|138|270
3|129|139|271
3|130|139|272
3|130|140|273
3|131|140|274
3|131|141|275
3|132|141|276
3|132|142|277
3|133|142|278
3|133|143|279
3|134|143|280
3|134|144|281
3|135|144|282
3|135|145|283
3|136|145|284
3|136|146|285
3|137|146|286
3|137|147|287
3|138|147|288
3|138|148|289
3|139|148|290
3|139|149|291
3|140|149|292
3|140|150|293
3|141|150|294
3|141|151|295
3|142|151|296
3|142|152|297
3|143|152|298
3|143|153|299
3|144|153|300
3|144|154|301
3|145|154|302
3|145|155|303
3|146|155|304
3|146|156|305
3|147|156|306
3|147|157|307
3|148|157|308
3|148|158|309
3|149|158|310
3|149|159|311
3|150|159|312
3|150|160|313
3|151|160|314
3|151|161|315
3|152|161|316
3|152|162|317
3|153|162|318
3|153|163|319
3|154|163|320
3|154|164|321
3|155|164|322
3|155|165|323
3|156|165|324
3|156|166|325
3|157|166|326
3|157|167|327
3|158|167|328
3|158|168|329
3|159|168|330
3|159|169|331
3|160|169|332
3|160|170|333
3|161|170|334
3|161|171|335
3|162|171|336
3|162|172|337
3|163|172|338
3|163|173|339
3|164|173|340
3|164|174|341
3|165|174|342
3|165|175|343
3|166|175|344
3|166|176|345
3|167|176|346
3|167|177|347
3|168|177|348
3|168|178|349
3|169|178|350
3|169|179|351
3|170|179|352
3|171|179|353
3|171|180|354
3|171|181|355
3|172|181|356
3|172|182|357
3|173|182|358
3|173|183|359
3|174|183|360
3|174|184|361
3|175|184|362
3|175|185|363
3|175|186|364
3|175|187|365
3|176|187|366
3|176|188|367
3|177|188|368
3|177|189|369
3|178|189|370
3|178|190|371
3|178|191|372
3|178|192|373
3|179|192|374
3|179|193|375
3|180|193|376
3|180|194|377
3|181|194|378
3|182|195|380
3|183|195|381
3|183|196|382
3|183|197|383
3|183|198|384
3|183|199|385
3|183|200|386
3|183|201|387
3|183|202|388
3|184|202|389
3|184|203|390
3|185|203|391
3|185|204|392
3|186|204|393
3|186|205|394
3|187|205|395
3|187|206|396
3|188|206|397
3|188|207|398
3|189|207|399
3|189|208|400
3|189|209|401
3|189|210|402
3|190|210|403
3|190|211|404
3|191|211|405
3|191|212|406
3|192|212|407
3|192|213|408
3|193|213|409
3|193|214|410
3|194|214|411
3|194|215|412
3|195|215|413
3|195|216|414
3|196|216|415
3|196|217|416
3|197|217|417
3|197|218|418
3|197|219|419
3|197|220|420
3|197|221|421
3|198|221|422
3|199|221|423
3|199|222|424
3|200|222|425
3|200|223|426
3|201|223|427
3|201|224|428
3|202|224|429
3|202|225|430
3|203|225|431
3|203|226|432
3|204|226|433
3|204|227|434
3|205|227|435
3|205|228|436
3|206|228|437
3|206|229|438
3|207|229|439
3|207|230|440
3|208|230|441
3|208|231|442
3|209|231|443
3|209|232|444
3|210|232|445
3|210|233|446
3|211|233|447
3|211|234|448
3|212|234|449
3|212|235|450
3|213|235|451
3|213|236|452
3|214|236|453
3|214|237|454
3|215|237|455
3|215|238|456
3|216|238|457
3|217|238|458
3|218|238|459
3|218|239|460
3|219|239|461
3|219|240|462
3|220|240|463
3|220|241|464
3|221|241|465
3|221|242|466
3|222|242|467
3|222|243|468
3|223|243|469
3|223|244|470
3|224|244|471
3|224|245|472
3|225|245|473
3|225|246|474
3|226|246|475
3|226|247|476
3|227|247|477
3|227|248|478
3|228|248|479
3|228|249|480
3|229|249|481
3|229|250|482
3|230|250|483
3|230|251|484
3|231|251|485
3|231|252|486
3|232|252|487
3|232|253|488
3|233|253|489
3|233|254|490
3|234|254|491
3|234|255|492
3|235|255|493
3|235|256|494
3|236|256|495
3|236|257|496
3|237|257|497
3|237|258|498
3|238|258|499
3|238|259|500
3|239|259|501
3|239|260|502
3|240|260|503
3|240|261|504
3|241|261|505
3|241|262|506
3|242|262|507
3|242|263|508
3|243|263|509
3|243|264|510
3|244|264|511
3|244|265|512
3|245|265|513
3|245|266|514
3|246|266|515
3|246|267|516
3|247|267|517
3|247|268|518
3|248|268|519
3|248|269|520
3|249|269|521
3|249|270|522
3|250|270|523
3|250|271|524
3|251|271|525
3|251|272|526
3|252|272|527
3|252|273|528
3|253|273|529
3|253|274|530
3|254|274|531
3|254|275|532
3|255|275|533
3|255|276|534
3|256|276|535
3|256|277|536
3|257|277|537
3|257|278|538
3|258|278|539
3|258|279|540
3|259|279|541
3|259|280|542
3|260|280|543
3|260|281|544
3|261|281|545
3|261|282|546
3|262|282|547
3|262|283|548
3|263|283|549
3|263|284|550
3|264|284|551
3|264|285|552
3|265|285|553
3|265|286|554
3|266|286|555
3|266|287|556
3|267|287|557
3|267|288|558
3|268|288|559
3|268|289|560
3|269|289|561
3|270|289|562
4|270|289|563
4|270|290|564
4|271|290|565
4|271|291|566
4|272|291|567
4|272|292|568
4|272|293|569
4|272|294|570
4|273|294|571
4|273|295|572
4|274|295|573
4|274|296|574
4|275|296|575
4|275|297|576
4|275|298|577
4|275|299|578
4|276|299|579
4|276|300|580
4|276|301|581
4|276|302|582
4|276|303|583
4|276|304|584
4|276|305|585
4|276|306|586
4|277|306|587
4|277|307|588
4|277|308|589
4|277|309|590
4|278|309|591
4|278|310|592
4|278|311|593
4|278|312|594
4|279|312|595
4|279|313|596
4|279|314|597
4|279|315|598
4|279|316|599
4|279|317|600
4|280|317|601
4|280|318|602
4|280|319|603
4|280|320|604
4|281|320|605
4|281|321|606
4|282|321|607
4|282|322|608
4|283|322|609
4|283|323|610
4|284|323|611
4|284|324|612
4|285|324|613
4|285|325|614
4|286|325|615
4|286|326|616
4|287|326|617
4|287|327|618
4|288|327|619
4|288|328|620
4|289|328|621
4|289|329|622
4|290|329|623
4|290|330|624
4|291|330|625
4|291|331|626
4|292|331|627
4|292|332|628
4|293|332|629
4|293|333|630
4|294|333|631
4|294|334|632
4|295|334|633
4|295|335|634
4|296|335|635
4|296|336|636
4|297|336|637
4|297|337|638
4|298|337|639
4|299|337|640
4|300|337|641
4|300|338|642
4|301|338|643
4|301|339|644
4|302|339|645
4|302|340|646
4|303|340|647
4|303|341|648
4|304|341|649
4|304|342|650
4|305|342|651
4|305|343|652
4|306|343|653
4|306|344|654
4|307|344|655
4|307|345|656
4|308|345|657
4|308|346|658
4|309|346|659
4|309|347|660
4|310|347|661
4|310|348|662
4|311|348|663
4|311|349|664
4|312|349|665
4|312|350|666
4|313|350|667
4|313|351|668
4|314|351|669
4|314|352|670
4|315|352|671
4|315|353|672
4|316|353|673
4|316|354|674
4|317|354|675
4|317|355|676
4|318|355|677
4|318|356|678
4|319|356|679
4|319|357|680
4|320|357|681
4|320|358|682
4|321|358|683
4|321|359|684
4|322|359|685
4|322|360|686
4|323|360|687
4|323|361|688
4|324|361|689
4|324|362|690
4|325|362|691
4|325|363|692
4|326|363|693
4|326|364|694
4|327|364|695
4|327|365|696
4|328|365|697
4|328|366|698
4|329|366|699
4|329|367|700
4|330|367|701
4|330|368|702
4|331|368|703
4|331|369|704
4|332|369|705
4|332|370|706
5|332|370|707
5|332|371|708
5|333|371|709
5|333|372|710
5|334|372|711
5|335|372|712
5|335|373|713
5|335|374|714
5|336|374|715
5|336|375|716
5|337|375|717
5|337|376|718
5|338|376|719
5|338|377|720
5|339|377|721
5|339|378|722
5|340|378|723
5|340|379|724
5|340|380|725
5|340|381|726
5|340|382|727
5|340|383|728
5|341|383|729
5|341|384|730
5|342|384|731
5|342|385|732
5|343|385|733
5|343|386|734
5|344|386|735
5|344|387|736
5|345|387|737
5|345|388|738
5|346|388|739
5|346|389|740
5|346|390|741
5|346|391|742
5|346|392|743
5|346|393|744
5|347|393|745
5|347|394|746
5|347|395|747
5|347|396|748
5|348|396|749
5|348|397|750
5|349|397|751
5|349|398|752
5|350|398|753
5|350|399|754
5|351|399|755
5|351|400|756
5|352|400|757
5|352|401|758
5|353|401|759
5|353|402|760
5|354|402|761
5|354|403|762
5|355|403|763
5|355|404|764
5|356|404|765
5|356|405|766
5|357|405|767
5|357|406|768
5|358|406|769
5|358|407|770
5|359|407|771
5|359|408|772
5|360|408|773
5|360|409|774
5|361|409|775
5|361|410|776
5|362|410|777
5|362|411|778
5|363|411|779
5|363|412|780
5|364|412|781
5|364|413|782
5|365|413|783
5|365|414|784
5|366|414|785
5|366|415|786
5|367|415|787
5|367|416|788
5|368|416|789
5|368|417|790
5|369|417|791
5|369|418|792
5|370|418|793
5|370|419|794
5|371|419|795
5|371|420|796
5|372|420|797
5|372|421|798
5|373|421|799
5|373|422|800
5|374|422|801
5|374|423|802
5|375|423|803
5|375|424|804
5|376|424|805
5|376|425|806
5|377|425|807
5|377|426|808
5|378|426|809
5|378|427|810
5|379|427|811
5|379|428|812
5|380|428|813
5|380|429|814
5|381|429|815
5|381|430|816
5|382|430|817
5|382|431|818
5|383|431|819
5|383|432|820
5|384|432|821
5|384|433|822
5|385|433|823
5|385|434|824
5|386|434|825
5|386|435|826
5|387|435|827
5|387|436|828
5|388|436|829
5|388|437|830
5|389|437|831
5|389|438|832
5|390|438|833
5|390|439|834
5|391|439|835
5|391|440|836
5|392|440|837
5|392|441|838
5|393|441|839
5|393|442|840
5|394|442|841
5|394|443|842
5|395|443|843
5|395|444|844
5|396|444|845
5|396|445|846
5|397|445|847
5|397|446|848
5|398|446|849
5|398|447|850
5|399|447|851
5|399|448|852
5|400|448|853
5|401|448|854
5|402|448|855
5|402|449|856
5|403|449|857
5|403|450|858
5|404|450|859
5|404|451|860
5|405|451|861
5|405|452|862
5|406|452|863
5|406|453|864
5|407|453|865
5|407|454|866
5|407|455|867
5|407|456|868
5|408|456|869
5|408|457|870
5|409|457|871
5|409|458|872
5|410|458|873
5|410|459|874
5|410|460|875
5|410|461|876
5|411|461|877
5|411|462|878
5|412|462|879
5|412|463|880
5|413|463|881
5|413|464|882
5|414|464|883
5|414|465|884
5|415|465|885
5|415|466|886
5|416|466|887
5|416|467|888
5|417|467|889
5|417|468|890
5|417|469|891
5|417|470|892
5|418|470|893
5|418|471|894
5|419|471|895
5|419|472|896
5|420|472|897
5|420|473|898
5|421|473|899
5|421|474|900
5|422|474|901
5|422|475|902
5|422|476|903
5|422|477|904
5|423|477|905
5|423|478|906
5|424|478|907
5|424|479|908
5|425|479|909
5|425|480|910
5|426|480|911
5|426|481|912
5|427|481|913
5|427|482|914
5|428|482|915
5|428|483|916
5|429|483|917
5|429|484|918
5|430|484|919
5|430|485|920
5|431|485|921
5|431|486|922
5|432|486|923
5|432|487|924
5|433|487|925
5|433|488|926
5|434|488|927
5|434|489|928
5|435|489|929
5|435|490|930
5|436|490|931
5|436|491|932
5|437|491|933
5|437|492|934
5|438|492|935
5|438|493|936
5|439|493|937
5|439|494|938
5|440|494|939
5|440|495|940
5|441|495|941
5|441|496|942
5|442|496|943
5|442|497|944
5|443|497|945
5|443|498|946
5|444|498|947
5|444|499|948
5|445|499|949
5|445|500|950
5|446|500|951
5|446|501|952
5|447|501|953
5|447|502|954
5|448|502|955
5|448|503|956
5|449|503|957
5|449|504|958
5|450|504|959
5|450|505|960
5|451|505|961
5|451|506|962
5|452|506|963
5|452|507|964
5|453|507|965
5|453|508|966
5|454|508|967
5|454|509|968
5|455|509|969
5|455|510|970
5|456|510|971
5|456|511|972
5|457|511|973
5|457|512|974
5|458|512|975
5|458|513|976
5|459|513|977
5|459|514|978
5|460|514|979
5|460|515|980
5|461|515|981
5|461|516|982
5|462|516|983
5|462|517|984
5|463|517|985
5|463|518|986
5|464|518|987
5|464|519|988
5|465|519|989
5|465|520|990
5|466|520|991
5|466|521|992
5|467|521|993
5|467|522|994
5|468|522|995
5|468|523|996
5|469|523|997
5|469|524|998
5|470|524|999
5|470|525|1000
5|471|525|1001
5|471|526|1002
5|472|526|1003
5|472|527|1004
5|473|527|1005
5|473|528|1006
5|474|528|1007
5|474|529|1008
5|475|529|1009
5|475|530|1010
5|476|530|1011
5|476|531|1012
5|477|531|1013
5|477|532|1014
5|478|532|1015
5|478|533|1016
5|479|533|1017
5|479|534|1018
5|480|534|1019
5|480|535|1020
5|481|535|1021
5|481|536|1022
5|482|536|1023
5|482|537|1024
5|483|537|1025
5|483|538|1026
5|484|538|1027
5|484|539|1028
5|485|539|1029
5|485|540|1030
5|486|540|1031
5|486|541|1032
5|487|541|1033
5|487|542|1034
5|488|542|1035
5|488|543|1036
5|488|544|1037
5|488|545|1038
5|489|545|1039
5|489|546|1040
5|490|546|1041
5|490|547|1042
5|491|547|1043
5|491|548|1044
5|492|548|1045
5|492|549|1046
5|492|550|1047
5|492|551|1048
5|493|551|1049
5|494|551|1050
5|495|551|1051
5|495|552|1052
5|496|552|1053
5|497|552|1054
5|497|553|1055
5|497|554|1056
5|498|554|1057
5|498|555|1058
5|499|555|1059
5|499|556|1060
5|500|556|1061
5|500|557|1062
5|501|557|1063
5|501|558|1064
5|502|558|1065
5|502|559|1066
5|502|560|1067
5|502|561|1068
5|502|562|1069
5|502|563|1070
5|502|564|1071
5|502|565|1072
5|503|565|1073
5|503|566|1074
5|503|567|1075
5|503|568|1076
5|504|568|1077
5|504|569|1078
5|505|569|1079
5|505|570|1080
5|506|570|1081
5|506|571|1082
5|507|571|1083
5|508|571|1084
5|509|571|1085
5|509|572|1086
5|510|572|1087
5|510|573|1088
5|511|573|1089
5|511|574|1090
5|512|574|1091
5|512|575|1092
5|512|576|1093
5|512|577|1094
5|513|577|1095
5|513|578|1096
5|514|578|1097
5|514|579|1098
5|515|579|1099
5|515|580|1100
5|516|580|1101
5|516|581|1102
5|516|582|1103
5|516|583|1104
5|516|584|1105
5|516|585|1106
5|517|585|1107
5|518|585|1108
5|519|585|1109
5|519|586|1110
5|520|586|1111
5|520|587|1112
5|521|587|1113
5|521|588|1114
5|522|588|1115
5|523|588|1116
5|524|588|1117
5|524|589|1118
5|525|589|1119
5|526|589|1120
5|527|589|1121
5|527|590|1122
5|528|590|1123
5|528|591|1124
5|529|591|1125
5|529|592|1126
5|530|592|1127
5|530|593|1128
5|531|593|1129
5|531|594|1130
5|532|594|1131
5|533|594|1132
5|534|594|1133
5|534|595|1134
5|535|595|1135
5|535|596|1136
5|536|596|1137
5|536|597|1138
5|537|597|1139
5|537|598|1140
5|538|598|1141
5|539|598|1142
5|540|598|1143
5|540|599|1144
5|541|599|1145
5|541|600|1146
5|542|600|1147
5|542|601|1148
5|543|601|1149
5|543|602|1150
5|544|602|1151
5|544|603|1152
5|545|603|1153
5|545|604|1154
5|546|604|1155
5|546|605|1156
5|547|605|1157
5|547|606|1158
5|548|606|1159
5|548|607|1160
5|549|607|1161
5|549|608|1162
5|550|608|1163
5|550|609|1164
5|551|609|1165
5|551|610|1166
5|552|610|1167
5|552|611|1168
5|553|611|1169
5|553|612|1170
5|554|612|1171
5|554|613|1172
5|555|613|1173
5|555|614|1174
5|556|614|1175
5|556|615|1176
5|557|615|1177
5|557|616|1178
5|558|616|1179
5|558|617|1180
5|559|617|1181
5|559|618|1182
5|560|618|1183
5|560|619|1184
5|561|619|1185
5|561|620|1186
5|562|620|1187
5|562|621|1188
5|563|621|1189
5|563|622|1190
5|564|622|1191
5|564|623|1192
5|565|623|1193
5|565|624|1194
5|566|624|1195
5|566|625|1196
5|567|625|1197
5|567|626|1198
5|568|626|1199
5|568|627|1200
5|569|627|1201
5|569|628|1202
5|570|628|1203
5|570|629|1204
5|571|629|1205
5|571|630|1206
5|572|630|1207
5|572|631|1208
5|573|631|1209
5|573|632|1210
5|574|632|1211
5|574|633|1212
5|575|633|1213
5|575|634|1214
5|576|634|1215
5|576|635|1216
5|577|635|1217
5|578|635|1218
5|579|635|1219
5|579|636|1220
5|580|636|1221
5|580|637|1222
5|581|637|1223
5|581|638|1224
5|582|638|1225
5|583|638|1226
5|584|638|1227
5|585|638|1228
5|586|638|1229
5|586|639|1230
5|587|639|1231
5|588|639|1232
5|589|639|1233
5|589|640|1234
5|590|640|1235
5|590|641|1236
5|591|641|1237
5|591|642|1238
5|592|642|1239
5|593|642|1240
5|594|642|1241
5|594|643|1242
5|595|643|1243
5|595|644|1244
6|595|644|1245
6|596|644|1246
7|596|644|1247
7|596|645|1248
7|597|645|1249
7|597|646|1250
7|598|646|1251
7|599|646|1252
7|599|647|1253
7|599|648|1254
7|600|648|1255
7|600|649|1256
7|601|649|1257
7|601|650|1258
7|601|651|1259
7|601|652|1260
7|602|652|1261
7|602|653|1262
7|602|654|1263
7|602|655|1264
7|603|655|1265
7|603|656|1266
7|604|656|1267
7|605|656|1268
7|606|656|1269
7|606|657|1270
7|607|657|1271
7|607|658|1272
7|608|658|1273
7|608|659|1274
7|608|660|1275
7|608|661|1276
7|609|661|1277
7|609|662|1278
7|609|663|1279
7|609|664|1280
7|609|665|1281
7|610|665|1282
7|610|666|1283
7|610|667|1284
7|610|668|1285
7|610|669|1286
7|610|670|1287
7|610|671|1288
7|611|671|1289
7|612|671|1290
7|613|671|1291
7|613|672|1292
7|614|672|1293
7|614|673|1294
7|615|673|1295
7|615|674|1296
7|616|674|1297
7|616|675|1298
7|617|675|1299
7|618|675|1300
7|619|675|1301
7|619|676|1302
7|620|676|1303
7|621|676|1304
7|622|676|1305
7|622|677|1306
7|623|677|1307
7|623|678|1308
7|624|678|1309
7|624|679|1310
7|625|679|1311
7|626|679|1312
7|627|679|1313
7|627|680|1314
7|628|680|1315
7|628|681|1316
7|629|681|1317
7|629|682|1318
7|630|682|1319
7|630|683|1320
7|631|683|1321
7|631|684|1322
7|632|684|1323
7|633|684|1324
7|634|684|1325
7|634|685|1326
7|635|685|1327
7|635|686|1328
7|636|686|1329
7|636|687|1330
7|637|687|1331
7|637|688|1332
7|638|688|1333
7|638|689|1334
7|639|689|1335
7|639|690|1336
7|640|690|1337
7|640|691|1338
7|641|691|1339
7|641|692|1340
7|642|692|1341
7|642|693|1342
7|643|693|1343
7|643|694|1344
7|644|694|1345
7|644|695|1346
7|645|695|1347
7|645|696|1348
7|646|696|1349
7|646|697|1350
7|647|697|1351
7|647|698|1352
7|648|698|1353
7|648|699|1354
7|649|699|1355
7|649|700|1356
7|650|700|1357
7|650|701|1358
7|651|701|1359
7|651|702|1360
7|652|702|1361
7|653|702|1362
7|654|702|1363
7|654|703|1364
7|655|703|1365
7|655|704|1366
7|656|704|1367
7|656|705|1368
7|657|705|1369
7|657|706|1370
7|658|706|1371
7|659|706|1372
7|660|706|1373
7|660|707|1374
7|661|707|1375
7|661|708|1376
7|662|708|1377
7|663|708|1378
7|664|708|1379
7|664|709|1380
7|665|709|1381
7|665|710|1382
7|666|710|1383
7|666|711|1384
7|667|711|1385
7|668|711|1386
7|669|711|1387
7|669|712|1388
7|670|712|1389
7|670|713|1390
8|670|713|1391
8|670|714|1392
8|671|714|1393
8|671|715|1394
8|672|715|1395
8|673|715|1396
8|673|716|1397
8|674|716|1398
8|675|716|1399
8|675|717|1400
8|676|717|1401
8|676|718|1402
8|677|718|1403
8|677|719|1404
8|677|720|1405
8|677|721|1406
8|678|721|1407
8|678|722|1408
8|679|722|1409
8|680|722|1410
8|681|722|1411
8|681|723|1412
8|681|724|1413
8|681|725|1414
8|682|725|1415
8|682|726|1416
8|682|727|1417
8|682|728|1418
8|683|728|1419
8|683|729|1420
8|683|730|1421
8|683|731|1422
8|683|732|1423
8|683|733|1424
8|683|734|1425
8|683|735|1426
8|683|736|1427
8|683|737|1428
8|683|738|1429
8|684|738|1430
8|684|739|1431
8|684|740|1432
8|685|740|1433
8|685|741|1434
8|686|741|1435
8|686|742|1436
8|687|742|1437
8|687|743|1438
8|688|743|1439
8|688|744|1440
8|689|744|1441
8|689|745|1442
8|690|745|1443
8|690|746|1444
8|691|746|1445
8|691|747|1446
8|692|747|1447
8|692|748|1448
8|693|748|1449
8|693|749|1450
8|694|749|1451
8|694|750|1452
8|695|750|1453
8|695|751|1454
8|696|751|1455
8|696|752|1456
8|697|752|1457
8|697|753|1458
8|698|753|1459
8|698|754|1460
8|699|754|1461
8|699|755|1462
8|700|755|1463
8|700|756|1464
8|701|756|1465
8|701|757|1466
8|702|757|1467
8|702|758|1468
8|703|758|1469
8|703|759|1470
8|704|759|1471
8|704|760|1472
8|705|760|1473
8|705|761|1474
8|706|761|1475
8|706|762|1476
8|707|762|1477
8|707|763|1478
8|708|763|1479
8|708|764|1480
8|709|764|1481
8|709|765|1482
8|710|765|1483
8|710|766|1484
8|711|766|1485
8|711|767|1486
8|712|767|1487
8|712|768|1488
8|713|768|1489
8|713|769|1490
8|714|769|1491
8|714|770|1492
8|715|770|1493
8|715|771|1494
8|716|771|1495
8|716|772|1496
8|717|772|1497
8|717|773|1498
8|718|773|1499
8|718|774|1500
8|719|774|1501
8|719|775|1502
8|720|775|1503
8|720|776|1504
8|721|776|1505
8|721|777|1506
8|722|777|1507
8|723|777|1508
8|724|777|1509
8|724|778|1510
8|725|778|1511
8|725|779|1512
8|726|779|1513
8|727|779|1514
8|728|779|1515
8|728|780|1516
8|729|780|1517
8|729|781|1518
8|730|781|1519
8|730|782|1520
8|731|782|1521
8|731|783|1522
8|732|783|1523
8|732|784|1524
8|733|784|1525
8|733|785|1526
8|734|785|1527
8|734|786|1528
8|735|786|1529
8|735|787|1530
8|736|787|1531
8|736|788|1532
8|737|788|1533
8|737|789|1534
8|738|789|1535
8|738|790|1536
8|739|790|1537
8|739|791|1538
8|740|791|1539
8|740|792|1540
8|741|792|1541
8|741|793|1542
8|742|793|1543
8|742|794|1544
8|743|794|1545
8|743|795|1546
8|744|795|1547
8|744|796|1548
8|745|796|1549
8|745|797|1550
8|746|797|1551
8|746|798|1552
8|747|798|1553
8|747|799|1554
8|748|799|1555
8|748|800|1556
8|749|800|1557
8|749|801|1558
8|750|801|1559
8|750|802|1560
8|751|802|1561
8|751|803|1562
8|752|803|1563
8|752|804|1564
8|753|804|1565
8|753|805|1566
8|754|805|1567
8|754|806|1568
8|755|806|1569
8|755|807|1570
8|755|808|1571
8|756|808|1572
8|757|808|1573
8|757|809|1574
8|757|810|1575
8|757|811|1576
8|758|811|1577
8|758|812|1578
8|759|812|1579
8|759|813|1580
8|760|813|1581
8|760|814|1582
8|761|814|1583
8|761|815|1584
8|762|815|1585
8|762|816|1586
8|763|816|1587
8|763|817|1588
8|764|817|1589
8|764|818|1590
8|765|818|1591
8|765|819|1592
8|766|819|1593
8|766|820|1594
8|767|820|1595
8|767|821|1596
8|768|821|1597
8|768|822|1598
8|769|822|1599
8|769|823|1600
8|770|823|1601
8|770|824|1602
8|771|824|1603
8|771|825|1604
8|772|825|1605
8|772|826|1606
8|773|826|1607
8|773|827|1608
8|774|827|1609
8|774|828|1610
8|775|828|1611
8|775|829|1612
8|776|829|1613
8|776|830|1614
8|777|830|1615
8|777|831|1616
8|778|831|1617
8|778|832|1618
8|779|832|1619
8|779|833|1620
8|780|833|1621
8|780|834|1622
8|781|834|1623
8|781|835|1624
8|782|835|1625
8|782|836|1626
8|783|836|1627
8|783|837|1628
8|784|837|1629
8|784|838|1630
8|785|838|1631
8|785|839|1632
8|786|839|1633
8|786|840|1634
8|787|840|1635
8|787|841|1636
8|788|841|1637
8|788|842|1638
8|789|842|1639
8|789|843|1640
8|790|843|1641
8|790|844|1642
8|791|844|1643
8|791|845|1644
8|792|845|1645
8|792|846|1646
8|793|846|1647
8|793|847|1648
8|794|847|1649
8|794|848|1650
8|795|848|1651
8|795|849|1652
8|796|849|1653
8|796|850|1654
8|797|850|1655
8|797|851|1656
8|798|851|1657
8|798|852|1658
8|799|852|1659
8|799|853|1660
8|800|853|1661
8|800|854|1662
8|801|854|1663
8|801|855|1664
8|802|855|1665
8|802|856|1666
8|803|856|1667
8|803|857|1668
8|804|857|1669
8|804|858|1670
8|805|858|1671
8|805|859|1672
8|806|859|1673
8|806|860|1674
8|807|860|1675
8|807|861|1676
8|808|861|1677
8|808|862|1678
8|809|862|1679
8|809|863|1680
8|810|863|1681
8|810|864|1682
8|811|864|1683
8|811|865|1684
8|812|865|1685
8|812|866|1686
8|813|866|1687
8|813|867|1688
8|814|867|1689
8|814|868|1690
8|815|868|1691
8|815|869|1692
8|816|869|1693
8|816|870|1694
8|817|870|1695
8|817|871|1696
8|818|871|1697
8|818|872|1698
8|819|872|1699
8|819|873|1700
8|820|873|1701
8|820|874|1702
8|821|874|1703
8|821|875|1704
8|822|875|1705
8|822|876|1706
8|823|876|1707
8|823|877|1708
8|824|877|1709
8|824|878|1710
8|825|878|1711
8|825|879|1712
8|826|879|1713
8|826|880|1714
8|827|880|1715
8|827|881|1716
8|828|881|1717
8|828|882|1718
8|829|882|1719
8|829|883|1720
8|829|884|1721
8|829|885|1722
8|830|885|1723
8|831|885|1724
8|832|885|1725
8|832|886|1726
8|833|886|1727
8|833|887|1728
8|834|887|1729
8|834|888|1730
8|834|889|1731
8|834|890|1732
8|835|890|1733
8|835|891|1734
8|836|891|1735
8|836|892|1736
8|837|892|1737
8|838|892|1738
8|838|893|1739
8|838|894|1740
8|839|894|1741
8|839|895|1742
8|840|895|1743
8|840|896|1744
8|841|896|1745
8|841|897|1746
8|841|898|1747
8|841|899|1748
8|842|899|1749
8|842|900|1750
8|842|901|1751
8|842|902|1752
8|842|903|1753
8|842|904|1754
8|842|905|1755
8|842|906|1756
8|843|906|1757
8|843|907|1758
8|844|907|1759
8|844|908|1760
8|845|908|1761
8|845|909|1762
9|845|909|1763
9|846|909|1764
9|846|910|1765
9|847|910|1766
9|848|910|1767
9|848|911|1768
9|848|912|1769
9|848|913|1770
9|849|913|1771
9|850|913|1772
9|851|913|1773
9|851|914|1774
9|852|914|1775
9|852|915|1776
9|852|916|1777
9|852|917|1778
9|853|917|1779
9|853|918|1780
9|854|918|1781
9|854|919|1782
9|855|919|1783
9|855|920|1784
9|856|920|1785
9|856|921|1786
9|856|922|1787
9|857|922|1788
9|857|923|1789
9|857|924|1790
9|858|924|1791
9|858|925|1792
9|859|925|1793
9|859|926|1794
9|860|926|1795
9|860|927|1796
9|861|927|1797
9|861|928|1798
9|862|928|1799
9|862|929|1800
9|863|929|1801
9|864|929|1802
9|865|929|1803
9|865|930|1804
9|866|930|1805
9|866|931|1806
9|867|931|1807
9|868|931|1808
9|869|931|1809
9|869|932|1810
9|870|932|1811
9|870|933|1812
9|871|933|1813
9|871|934|1814
9|872|934|1815
9|872|935|1816
9|873|935|1817
9|873|936|1818
9|874|936|1819
9|874|937|1820
9|875|937|1821
9|875|938|1822
9|876|938|1823
9|876|939|1824
9|877|939|1825
9|877|940|1826
9|878|940|1827
9|878|941|1828
9|879|941|1829
9|879|942|1830
9|880|942|1831
9|880|943|1832
9|881|943|1833
9|881|944|1834
9|882|944|1835
9|882|945|1836
9|883|945|1837
9|883|946|1838
9|884|946|1839
9|884|947|1840
9|885|947|1841
9|885|948|1842
9|886|948|1843
9|886|949|1844
9|887|949|1845
9|887|950|1846
9|888|950|1847
9|888|951|1848
9|889|951|1849
9|889|952|1850
9|890|952|1851
9|890|953|1852
9|891|953|1853
9|891|954|1854
9|892|954|1855
9|892|955|1856
9|893|955|1857
9|893|956|1858
9|894|956|1859
9|894|957|1860
9|895|957|1861
9|895|958|1862
9|896|958|1863
9|896|959|1864
9|897|959|1865
9|897|960|1866
9|898|960|1867
9|898|961|1868
9|899|961|1869
9|899|962|1870
9|900|962|1871
9|900|963|1872
9|901|963|1873
9|901|964|1874
9|902|964|1875
9|902|965|1876
9|903|965|1877
9|903|966|1878
9|904|966|1879
9|904|967|1880
9|905|967|1881
9|905|968|1882
9|906|968|1883
9|906|969|1884
9|907|969|1885
9|907|970|1886
9|908|970|1887
9|908|971|1888
9|909|971|1889
9|909|972|1890
9|910|972|1891
9|910|973|1892
9|911|973|1893
9|911|974|1894
9|912|974|1895
9|912|975|1896
9|913|975|1897
9|913|976|1898
9|914|976|1899
9|914|977|1900
10|914|977|1901
10|914|978|1902
10|915|978|1903
10|916|978|1904
10|917|978|1905
10|917|979|1906
10|918|979|1907
10|918|980|1908
10|919|980|1909
10|919|981|1910
10|920|981|1911
10|921|981|1912
10|922|981|1913
10|922|982|1914
10|923|982|1915
10|923|983|1916
11|923|983|1917
11|924|983|1918
11|925|983|1919
11|925|984|1920
11|926|984|1921
11|926|985|1922
11|927|985|1923
11|927|986|1924
11|928|986|1925
11|928|987|1926
11|929|987|1927
11|929|988|1928
11|930|988|1929
11|930|989|1930
12|930|989|1931
12|930|990|1932
12|931|990|1933
12|931|991|1934
12|932|991|1935
12|933|991|1936
12|934|991|1937
12|934|992|1938
12|935|992|1939
12|936|992|1940
12|936|993|1941
12|936|994|1942
12|936|995|1943
12|936|996|1944
12|936|997|1945
12|936|998|1946
12|937|998|1947
12|937|999|1948
12|938|999|1949
12|938|1000|1950
12|939|1000|1951
12|939|1001|1952
12|939|1002|1953
12|940|1002|1954
12|941|1002|1955
12|941|1003|1956
12|941|1004|1957
12|941|1005|1958
12|941|1006|1959
12|941|1007|1960
12|942|1007|1961
12|943|1007|1962
12|943|1008|1963
12|943|1009|1964
12|943|1010|1965
12|943|1011|1966
12|943|1012|1967
12|943|1013|1968
12|944|1013|1969
12|944|1014|1970
12|944|1015|1971
12|944|1016|1972
12|945|1016|1973
12|946|1016|1974
12|947|1016|1975
12|947|1017|1976
12|948|1017|1977
12|948|1018|1978
12|949|1018|1979
12|949|1019|1980
12|950|1019|1981
12|951|1019|1982
12|952|1019|1983
12|952|1020|1984
12|953|1020|1985
12|953|1021|1986
12|954|1021|1987
12|955|1021|1988
12|956|1021|1989
12|956|1022|1990
12|957|1022|1991
12|957|1023|1992
12|958|1023|1993
12|958|1024|1994
12|959|1024|1995
12|959|1025|1996
12|960|1025|1997
12|960|1026|1998
12|961|1026|1999
12|961|1027|2000
