total
0|1|0|1
0|2|0|2
0|3|0|3
0|4|0|4
0|4|1|5
0|5|1|6
0|5|2|7
0|6|2|8
0|7|2|9
0|8|2|10
0|8|3|11
0|9|3|12
0|9|4|13
0|10|4|14
0|11|4|15
1|11|4|16
1|11|5|17
1|12|5|18
1|13|5|19
1|14|5|20
1|15|5|21
1|16|5|22
1|17|5|23
1|18|5|24
1|19|5|25
1|20|5|26
1|21|5|27
1|22|5|28
1|23|5|29
1|24|5|30
1|25|5|31
1|25|6|32
1|26|6|33
1|27|6|34
1|27|7|35
1|27|8|36
1|28|8|37
1|29|8|38
1|30|8|39
1|31|8|40
1|32|8|41
1|33|8|42
1|34|8|43
1|34|9|44
1|35|9|45
1|36|9|46
1|36|10|47
1|36|11|48
1|37|11|49
1|38|11|50
1|39|11|51
1|39|12|52
2|39|12|53
2|40|12|54
2|41|12|55
2|41|13|56
2|42|13|57
2|42|14|58
2|43|14|59
2|44|14|60
2|45|14|61
2|45|15|62
2|46|15|63
2|46|16|64
2|46|17|65
2|47|17|66
2|47|18|67
2|48|18|68
2|48|19|69
2|49|19|70
2|49|20|71
2|50|20|72
2|50|21|73
2|51|21|74
2|51|22|75
2|52|22|76
2|52|23|77
2|53|23|78
2|53|24|79
2|54|24|80
2|54|25|81
2|55|25|82
2|55|26|83
2|56|26|84
2|56|27|85
2|57|27|86
2|57|28|87
2|58|28|88
2|58|29|89
2|59|29|90
2|59|30|91
2|60|30|92
2|60|31|93
2|61|31|94
2|61|32|95
2|62|32|96
2|62|33|97
2|63|33|98
2|63|34|99
2|64|34|100
2|64|35|101
2|64|36|102
2|64|37|103
2|65|37|104
2|65|38|105
2|66|38|106
2|66|39|107
2|67|39|108
2|67|40|109
2|68|40|110
2|68|41|111
2|69|41|112
2|69|42|113
2|70|42|114
2|70|43|115
2|71|43|116
2|71|44|117
2|72|44|118
2|72|45|119
2|73|45|120
2|73|46|121
2|74|46|122
2|74|47|123
2|75|47|124
2|75|48|125
2|76|48|126
2|76|49|127
2|77|49|128
2|77|50|129
2|78|50|130
2|78|51|131
2|79|51|132
2|79|52|133
2|80|52|134
2|80|53|135
2|81|53|136
2|82|53|137
2|83|53|138
2|84|53|139
3|84|53|140
3|84|54|141
3|85|54|142
3|85|55|143
3|86|55|144
3|87|55|145
3|88|55|146
3|89|55|147
3|90|55|148
3|90|56|149
3|90|57|150
3|90|58|151
3|91|58|152
3|91|59|153
3|92|59|154
3|93|59|155
3|94|59|156
3|94|60|157
3|95|60|158
3|95|61|159
3|96|61|160
3|96|62|161
3|97|62|162
3|98|62|163
3|99|62|164
3|100|62|165
3|101|62|166
3|101|63|167
3|102|63|168
3|103|63|169
3|104|63|170
3|105|63|171
3|106|63|172
3|106|64|173
3|107|64|174
3|107|65|175
3|108|65|176
3|108|66|177
3|109|66|178
3|109|67|179
3|110|67|180
3|110|68|181
3|111|68|182
3|111|69|183
3|112|69|184
3|112|70|185
3|113|70|186
3|113|71|187
3|114|71|188
3|114|72|189
3|115|72|190
3|115|73|191
3|116|73|192
3|116|74|193
3|117|74|194
3|117|75|195
3|118|75|196
3|118|76|197
3|119|76|198
3|119|77|199
3|120|77|200
3|120|78|201
3|121|78|202
3|121|79|203
3|122|79|204
3|122|80|205
3|123|80|206
3|123|81|207
3|124|81|208
3|125|81|209
3|125|82|210
3|126|82|211
3|127|82|212
3|127|83|213
3|127|84|214
3|127|85|215
3|128|85|216
3|129|85|217
3|130|85|218
3|131|85|219
3|132|85|220
3|133|85|221
3|133|86|222
3|133|87|223
3|133|88|224
3|133|89|225
3|134|89|226
3|135|89|227
3|135|90|228
3|135|91|229
3|136|91|230
3|136|92|231
3|136|93|232
3|137|93|233
3|138|93|234
3|138|94|235
3|139|94|236
3|140|94|237
3|141|94|238
3|142|94|239
3|142|95|240
3|143|95|241
3|144|95|242
3|144|96|243
3|144|97|244
3|145|97|245
3|145|98|246
3|146|98|247
3|147|98|248
3|148|98|249
3|149|98|250
3|150|98|251
4|150|98|252
4|151|98|253
4|151|99|254
4|152|99|255
4|152|100|256
4|153|100|257
4|153|101|258
4|154|101|259
4|154|102|260
4|155|102|261
4|155|103|262
4|156|103|263
4|156|104|264
4|157|104|265
4|157|105|266
4|158|105|267
5|158|105|268
5|159|105|269
5|159|106|270
5|160|106|271
5|161|106|272
5|162|106|273
5|162|107|274
5|163|107|275
5|163|108|276
5|164|108|277
5|164|109|278
5|165|109|279
6|165|109|280
6|166|109|281
6|166|110|282
6|167|110|283
6|167|111|284
6|168|111|285
6|168|112|286
6|169|112|287
6|169|113|288
6|170|113|289
6|170|114|290
6|171|114|291
6|171|115|292
6|172|115|293
6|172|116|294
6|172|117|295
6|172|118|296
6|173|118|297
6|173|119|298
6|174|119|299
6|174|120|300
6|175|120|301
6|176|120|302
6|177|120|303
6|178|120|304
6|179|120|305
6|179|121|306
6|180|121|307
6|180|122|308
6|180|123|309
6|180|124|310
6|181|124|311
6|181|125|312
6|182|125|313
6|182|126|314
6|183|126|315
6|183|127|316
6|183|128|317
6|183|129|318
6|183|130|319
6|184|130|320
6|184|131|321
6|185|131|322
6|186|131|323
6|187|131|324
6|187|132|325
6|188|132|326
6|188|133|327
6|189|133|328
6|189|134|329
6|190|134|330
6|190|135|331
6|191|135|332
6|192|135|333
6|193|135|334
6|193|136|335
6|193|137|336
6|193|138|337
6|193|139|338
6|194|139|339
6|194|140|340
6|195|140|341
6|196|140|342
6|197|140|343
6|197|141|344
6|198|141|345
6|199|141|346
6|199|142|347
6|200|142|348
6|201|142|349
6|201|143|350
6|201|144|351
6|202|144|352
6|203|144|353
6|204|144|354
6|205|144|355
6|206|144|356
6|206|145|357
6|207|145|358
6|207|146|359
6|208|146|360
6|208|147|361
6|209|147|362
6|210|147|363
6|210|148|364
6|211|148|365
6|211|149|366
6|211|150|367
6|212|150|368
6|213|150|369
6|214|150|370
6|214|151|371
6|214|152|372
6|214|153|373
6|215|153|374
6|215|154|375
6|216|154|376
6|217|154|377
6|217|155|378
6|217|156|379
6|218|156|380
6|219|156|381
6|220|156|382
6|221|156|383
6|222|156|384
6|222|157|385
6|223|157|386
6|223|158|387
6|223|159|388
6|223|160|389
6|223|161|390
6|223|162|391
6|223|163|392
6|223|164|393
6|223|165|394
6|223|166|395
6|223|167|396
6|224|167|397
6|224|168|398
6|224|169|399
6|224|170|400
6|224|171|401
6|224|172|402
6|224|173|403
6|224|174|404
6|225|174|405
6|225|175|406
6|225|176|407
6|225|177|408
6|225|178|409
6|225|179|410
6|225|180|411
6|225|181|412
6|225|182|413
6|225|183|414
6|225|184|415
6|225|185|416
6|226|186|418
6|226|187|419
6|227|187|420
6|227|188|421
6|228|188|422
6|228|189|423
6|228|190|424
6|229|190|425
6|229|191|426
6|230|191|427
6|230|192|428
6|231|192|429
6|231|193|430
6|232|193|431
6|232|194|432
6|233|194|433
6|234|194|434
6|235|194|435
6|235|195|436
6|236|195|437
6|236|196|438
6|237|196|439
6|237|197|440
6|238|197|441
6|239|197|442
6|240|197|443
6|241|197|444
6|242|197|445
6|242|198|446
6|243|198|447
6|243|199|448
6|244|199|449
6|244|200|450
6|245|200|451
6|245|201|452
7|245|201|453
7|246|201|454
7|247|201|455
7|248|201|456
7|249|201|457
7|250|201|458
7|251|201|459
7|251|202|460
7|251|203|461
7|251|204|462
7|252|204|463
7|252|205|464
7|253|205|465
7|253|206|466
7|254|206|467
7|254|207|468
7|254|208|469
7|254|209|470
7|255|209|471
7|255|210|472
7|256|210|473
7|256|211|474
7|257|211|475
7|257|212|476
7|257|213|477
8|257|213|478
8|258|213|479
8|258|214|480
8|259|214|481
8|259|215|482
8|260|215|483
8|260|216|484
8|261|216|485
8|261|217|486
8|262|217|487
8|262|218|488
8|262|219|489
8|262|220|490
8|263|220|491
9|263|220|492
9|263|221|493
9|263|222|494
9|264|222|495
9|264|223|496
9|265|223|497
9|265|224|498
9|266|224|499
9|266|225|500
9|267|225|501
9|267|226|502
9|268|226|503
9|269|226|504
9|270|226|505
9|270|227|506
9|271|227|507
9|271|228|508
9|272|228|509
9|272|229|510
9|273|229|511
9|273|230|512
9|274|230|513
9|274|231|514
9|275|231|515
9|275|232|516
9|276|232|517
9|276|233|518
9|277|233|519
9|277|234|520
9|278|234|521
9|278|235|522
9|279|235|523
9|279|236|524
10|279|236|525
10|279|237|526
10|280|237|527
10|281|237|528
10|282|237|529
10|282|238|530
10|283|238|531
10|283|239|532
10|284|239|533
10|284|240|534
10|285|240|535
10|285|241|536
10|286|241|537
10|286|242|538
10|287|242|539
10|287|243|540
10|288|243|541
10|288|244|542
10|289|244|543
10|290|244|544
10|291|244|545
10|291|245|546
10|292|245|547
10|292|246|548
10|293|246|549
10|293|247|550
10|294|247|551
10|294|248|552
10|295|248|553
10|295|249|554
10|296|249|555
10|296|250|556
10|297|250|557
10|297|251|558
10|298|251|559
10|298|252|560
10|299|252|561
10|300|252|562
11|300|252|563
11|301|252|564
11|302|252|565
11|303|252|566
11|304|252|567
11|305|252|568
11|305|253|569
11|305|254|570
11|305|255|571
11|306|255|572
11|306|256|573
11|307|256|574
11|307|257|575
11|307|258|576
11|308|258|577
11|309|258|578
11|309|259|579
11|310|259|580
11|311|259|581
11|312|259|582
11|312|260|583
11|313|260|584
11|313|261|585
11|314|261|586
11|314|262|587
11|314|263|588
11|314|264|589
11|315|264|590
11|315|265|591
11|316|265|592
11|316|266|593
11|317|266|594
11|317|267|595
11|317|268|596
11|317|269|597
11|318|269|598
11|318|270|599
11|319|270|600
11|319|271|601
11|320|271|602
11|320|272|603
11|321|272|604
11|322|272|605
11|323|272|606
11|324|272|607
11|324|273|608
11|325|273|609
11|325|274|610
11|326|274|611
11|326|275|612
11|327|275|613
11|327|276|614
11|328|276|615
11|328|277|616
11|329|277|617
11|330|277|618
11|331|277|619
11|331|278|620
11|332|278|621
11|332|279|622
11|333|279|623
11|333|280|624
11|334|280|625
11|335|280|626
11|336|280|627
11|336|281|628
11|337|281|629
11|337|282|630
11|338|282|631
11|338|283|632
12|338|283|633
12|339|283|634
12|340|283|635
12|341|283|636
12|342|283|637
12|343|283|638
12|344|283|639
12|345|283|640
12|345|284|641
12|345|285|642
12|346|285|643
12|346|286|644
12|347|286|645
12|347|287|646
12|348|287|647
12|348|288|648
12|349|288|649
12|349|289|650
12|350|289|651
12|350|290|652
12|351|290|653
12|351|291|654
12|352|291|655
12|352|292|656
12|353|292|657
12|353|293|658
12|354|293|659
12|354|294|660
12|355|294|661
12|355|295|662
12|356|295|663
12|356|296|664
12|357|296|665
12|357|297|666
12|358|297|667
12|358|298|668
12|359|298|669
12|359|299|670
12|360|299|671
12|360|300|672
12|361|300|673
12|361|301|674
12|362|301|675
12|362|302|676
12|363|302|677
12|363|303|678
12|364|303|679
12|364|304|680
12|365|304|681
12|366|304|682
12|367|304|683
12|367|305|684
12|368|305|685
12|369|305|686
12|370|305|687
12|371|305|688
12|372|305|689
12|372|306|690
12|373|306|691
12|373|307|692
12|374|307|693
12|375|307|694
12|376|307|695
12|376|308|696
12|377|308|697
12|378|308|698
12|379|308|699
12|379|309|700
12|380|309|701
12|381|309|702
12|382|309|703
12|382|310|704
12|383|310|705
12|384|310|706
12|385|310|707
12|386|310|708
12|387|310|709
12|388|310|710
12|389|310|711
12|389|311|712
12|390|311|713
13|390|311|714
13|390|312|715
13|391|312|716
13|392|312|717
14|392|312|718
14|392|313|719
15|392|313|720
15|392|314|721
15|393|314|722
15|393|315|723
15|394|315|724
15|394|316|725
15|394|317|726
15|395|317|727
15|396|317|728
15|396|318|729
15|396|319|730
15|396|320|731
15|397|320|732
15|397|321|733
15|397|322|734
15|397|323|735
15|397|324|736
15|398|324|737
15|399|324|738
15|399|325|739
15|400|325|740
15|400|326|741
15|401|326|742
15|401|327|743
15|402|327|744
15|402|328|745
15|403|328|746
15|403|329|747
15|404|329|748
15|405|329|749
15|405|330|750
15|406|330|751
15|406|331|752
15|407|331|753
15|407|332|754
15|408|332|755
15|408|333|756
15|409|333|757
15|409|334|758
15|410|334|759
15|410|335|760
15|411|335|761
15|411|336|762
15|412|336|763
15|412|337|764
15|413|337|765
15|413|338|766
15|414|338|767
15|414|339|768
15|415|339|769
15|415|340|770
15|416|340|771
15|416|341|772
15|417|341|773
15|417|342|774
15|418|342|775
15|418|343|776
15|419|343|777
15|419|344|778
15|420|344|779
15|420|345|780
15|421|345|781
15|421|346|782
15|422|346|783
15|422|347|784
15|423|347|785
15|423|348|786
15|424|348|787
15|424|349|788
15|425|349|789
15|425|350|790
15|426|350|791
15|426|351|792
15|427|351|793
15|427|352|794
15|428|352|795
15|428|353|796
15|429|353|797
15|429|354|798
15|430|354|799
15|430|355|800
15|431|355|801
15|431|356|802
15|432|356|803
15|432|357|804
15|433|357|805
15|433|358|806
15|434|358|807
15|434|359|808
15|435|359|809
15|435|360|810
15|436|360|811
15|436|361|812
15|437|361|813
15|437|362|814
15|438|362|815
15|438|363|816
15|439|363|817
15|439|364|818
15|440|364|819
15|440|365|820
15|441|365|821
15|441|366|822
15|442|366|823
15|442|367|824
15|443|367|825
15|443|368|826
15|444|368|827
15|444|369|828
15|445|369|829
15|446|369|830
15|447|369|831
15|447|370|832
15|448|370|833
15|448|371|834
15|449|371|835
15|449|372|836
15|450|372|837
15|450|373|838
15|451|373|839
15|451|374|840
15|452|374|841
15|452|375|842
15|453|375|843
15|453|376|844
15|454|376|845
15|454|377|846
15|455|377|847
15|455|378|848
16|455|378|849
16|455|379|850
16|456|379|851
16|457|379|852
17|457|379|853
17|458|379|854
17|459|379|855
17|459|380|856
17|459|381|857
17|459|382|858
17|459|383|859
17|459|384|860
17|460|384|861
17|460|385|862
17|460|386|863
17|460|387|864
17|460|388|865
17|461|388|866
17|462|388|867
17|462|389|868
17|462|390|869
17|463|390|870
17|463|391|871
17|463|392|872
17|463|393|873
17|463|394|874
17|464|394|875
18|464|394|876
18|464|395|877
18|464|396|878
18|464|397|879
18|464|398|880
18|465|398|881
18|465|399|882
18|465|400|883
18|465|401|884
18|465|402|885
18|466|402|886
18|466|403|887
18|466|404|888
18|466|405|889
18|466|406|890
18|467|406|891
18|467|407|892
18|467|408|893
18|467|409|894
18|468|409|895
18|468|410|896
18|469|410|897
18|469|411|898
18|470|411|899
18|470|412|900
18|471|412|901
18|472|412|902
18|472|413|903
18|473|413|904
18|474|413|905
18|474|414|906
18|475|414|907
18|475|415|908
18|476|415|909
18|476|416|910
18|476|417|911
18|477|417|912
18|478|417|913
18|478|418|914
18|479|418|915
18|479|419|916
18|480|419|917
18|480|420|918
18|480|421|919
18|480|422|920
18|481|422|921
18|482|422|922
18|483|422|923
18|484|422|924
18|484|423|925
18|485|423|926
18|486|423|927
18|486|424|928
19|486|424|929
19|487|424|930
19|487|425|931
19|488|425|932
19|488|426|933
19|489|426|934
19|490|426|935
19|491|426|936
19|492|426|937
19|493|426|938
19|493|427|939
19|494|427|940
19|494|428|941
19|495|428|942
20|495|428|943
20|496|428|944
20|497|428|945
20|498|428|946
20|499|428|947
20|500|428|948
20|501|428|949
20|502|428|950
20|502|429|951
20|503|429|952
20|504|429|953
20|505|429|954
20|506|429|955
20|507|429|956
20|508|429|957
20|509|429|958
20|510|429|959
20|511|429|960
20|512|429|961
20|513|429|962
20|514|429|963
20|515|429|964
20|515|430|965
20|516|430|966
20|516|431|967
20|517|431|968
20|517|432|969
20|518|432|970
21|518|432|971
21|519|432|972
21|519|433|973
21|520|433|974
21|520|434|975
21|521|434|976
21|521|435|977
21|522|435|978
21|522|436|979
21|523|436|980
21|523|437|981
21|524|437|982
21|524|438|983
21|525|438|984
21|525|439|985
21|526|439|986
21|526|440|987
21|527|440|988
21|527|441|989
21|528|441|990
21|528|442|991
21|529|442|992
21|529|443|993
21|530|443|994
21|530|444|995
21|531|444|996
21|531|445|997
21|532|445|998
21|532|446|999
21|533|446|1000
21|533|447|1001
21|533|448|1002
21|533|449|1003
21|533|450|1004
21|533|451|1005
21|533|452|1006
21|533|453|1007
21|533|454|1008
21|533|455|1009
21|533|456|1010
21|533|457|1011
21|533|458|1012
21|533|459|1013
21|533|460|1014
21|533|461|1015
21|533|462|1016
21|533|463|1017
21|533|464|1018
21|533|465|1019
21|533|466|1020
21|533|467|1021
21|533|468|1022
21|533|469|1023
21|533|470|1024
21|533|471|1025
21|533|472|1026
21|533|473|1027
21|533|474|1028
21|533|475|1029
21|533|476|1030
21|533|477|1031
21|533|478|1032
21|534|478|1033
21|534|479|1034
21|534|480|1035
21|534|481|1036
21|535|481|1037
21|536|481|1038
21|537|481|1039
21|537|482|1040
21|538|482|1041
21|538|483|1042
21|539|483|1043
21|539|484|1044
21|540|484|1045
21|541|484|1046
21|541|485|1047
21|542|485|1048
21|543|485|1049
21|544|485|1050
21|545|485|1051
21|545|486|1052
21|546|486|1053
21|546|487|1054
21|547|487|1055
21|547|488|1056
21|548|488|1057
21|548|489|1058
21|549|489|1059
21|549|490|1060
21|550|490|1061
21|550|491|1062
21|551|491|1063
21|551|492|1064
21|552|492|1065
21|552|493|1066
21|552|494|1067
21|553|494|1068
21|554|494|1069
21|554|495|1070
21|555|495|1071
21|555|496|1072
21|555|497|1073
21|556|497|1074
21|556|498|1075
21|556|499|1076
21|556|500|1077
21|556|501|1078
21|556|502|1079
21|556|503|1080
21|557|503|1081
21|558|503|1082
21|558|504|1083
21|559|504|1084
21|560|504|1085
21|560|505|1086
21|560|506|1087
21|561|506|1088
21|561|507|1089
21|562|507|1090
21|562|508|1091
21|562|509|1092
21|562|510|1093
21|562|511|1094
21|562|512|1095
21|562|513|1096
21|562|514|1097
21|563|514|1098
21|563|515|1099
21|563|516|1100
21|563|517|1101
21|564|517|1102
21|564|518|1103
21|565|518|1104
21|565|519|1105
21|566|519|1106
21|567|519|1107
21|568|519|1108
21|569|519|1109
21|570|519|1110
21|571|519|1111
21|571|520|1112
21|572|520|1113
21|572|521|1114
21|573|521|1115
21|574|521|1116
21|575|521|1117
21|576|521|1118
21|577|521|1119
21|578|521|1120
21|579|521|1121
21|579|522|1122
21|580|522|1123
21|580|523|1124
21|581|523|1125
21|582|523|1126
21|583|523|1127
21|584|523|1128
21|585|523|1129
21|585|524|1130
21|586|524|1131
21|587|524|1132
21|588|524|1133
21|589|524|1134
21|590|524|1135
21|590|525|1136
22|590|525|1137
22|591|525|1138
23|591|525|1139
23|592|525|1140
23|593|525|1141
23|593|526|1142
24|593|526|1143
24|594|526|1144
24|594|527|1145
24|594|528|1146
24|595|528|1147
24|595|529|1148
24|596|529|1149
24|596|530|1150
24|597|530|1151
24|597|531|1152
24|597|532|1153
24|597|533|1154
24|598|533|1155
24|598|534|1156
24|599|534|1157
24|599|535|1158
24|600|535|1159
24|600|536|1160
24|600|537|1161
25|600|537|1162
25|601|537|1163
25|601|538|1164
25|602|538|1165
25|602|539|1166
25|603|539|1167
25|603|540|1168
25|604|540|1169
25|604|541|1170
25|605|541|1171
25|605|542|1172
25|606|542|1173
26|606|542|1174
26|607|542|1175
26|607|543|1176
26|607|544|1177
26|607|545|1178
26|607|546|1179
26|607|547|1180
26|608|547|1181
26|608|548|1182
26|609|548|1183
26|609|549|1184
26|610|549|1185
26|610|550|1186
26|611|550|1187
26|611|551|1188
26|612|551|1189
26|612|552|1190
26|613|552|1191
26|614|552|1192
26|615|552|1193
26|615|553|1194
26|616|553|1195
26|617|553|1196
26|618|553|1197
26|618|554|1198
26|619|554|1199
26|619|555|1200
26|619|556|1201
26|619|557|1202
26|620|557|1203
26|620|558|1204
26|621|558|1205
26|622|558|1206
26|623|558|1207
26|623|559|1208
26|624|559|1209
26|624|560|1210
26|625|560|1211
26|625|561|1212
26|626|561|1213
26|626|562|1214
26|627|562|1215
26|627|563|1216
26|628|563|1217
26|628|564|1218
26|629|564|1219
26|630|564|1220
26|631|564|1221
26|631|565|1222
26|632|565|1223
26|632|566|1224
26|633|566|1225
26|634|566|1226
26|635|566|1227
26|636|566|1228
26|637|566|1229
26|638|566|1230
26|639|566|1231
26|640|566|1232
26|641|566|1233
26|642|566|1234
26|643|566|1235
26|643|567|1236
26|644|567|1237
26|645|567|1238
26|646|567|1239
26|646|568|1240
26|647|568|1241
26|648|568|1242
26|649|568|1243
26|649|569|1244
26|650|569|1245
26|651|569|1246
26|652|569|1247
26|653|569|1248
26|654|569|1249
26|655|569|1250
26|656|569|1251
26|657|569|1252
26|657|570|1253
26|658|570|1254
26|658|571|1255
26|659|571|1256
26|659|572|1257
26|660|572|1258
26|660|573|1259
26|661|573|1260
26|661|574|1261
26|662|574|1262
26|662|575|1263
26|663|575|1264
26|663|576|1265
26|664|576|1266
26|664|577|1267
26|665|577|1268
26|665|578|1269
26|666|578|1270
26|666|579|1271
26|667|579|1272
26|667|580|1273
26|668|580|1274
26|668|581|1275
26|669|581|1276
26|669|582|1277
26|670|582|1278
26|670|583|1279
26|671|583|1280
26|671|584|1281
26|672|584|1282
26|672|585|1283
26|673|585|1284
26|673|586|1285
26|674|586|1286
26|674|587|1287
26|675|587|1288
26|676|587|1289
26|677|587|1290
26|678|587|1291
26|679|587|1292
26|680|587|1293
26|681|587|1294
26|682|587|1295
26|683|587|1296
26|684|587|1297
26|685|587|1298
26|686|587|1299
26|687|587|1300
26|688|587|1301
26|688|588|1302
26|689|588|1303
26|689|589|1304
26|689|590|1305
26|690|590|1306
26|691|590|1307
26|691|591|1308
26|692|591|1309
26|692|592|1310
26|692|593|1311
26|693|593|1312
26|694|593|1313
26|695|593|1314
26|696|593|1315
26|696|594|1316
26|697|594|1317
26|698|594|1318
26|699|594|1319
26|700|594|1320
26|701|594|1321
26|702|594|1322
26|702|595|1323
26|703|595|1324
26|704|595|1325
26|704|596|1326
26|705|596|1327
26|705|597|1328
26|706|597|1329
26|706|598|1330
26|707|598|1331
26|707|599|1332
26|708|599|1333
26|708|600|1334
26|708|601|1335
26|708|602|1336
26|709|602|1337
26|709|603|1338
26|710|603|1339
26|710|604|1340
26|711|604|1341
26|711|605|1342
26|712|605|1343
26|712|606|1344
26|712|607|1345
26|712|608|1346
26|713|608|1347
26|713|609|1348
26|713|610|1349
26|713|611|1350
26|714|611|1351
26|714|612|1352
26|715|612|1353
26|715|613|1354
26|716|613|1355
26|716|614|1356
26|716|615|1357
26|716|616|1358
26|717|616|1359
26|717|617|1360
26|718|617|1361
26|718|618|1362
26|719|618|1363
26|719|619|1364
26|720|619|1365
26|721|619|1366
26|722|619|1367
26|722|620|1368
26|723|620|1369
26|724|620|1370
26|725|620|1371
26|726|620|1372
26|727|620|1373
26|728|620|1374
26|729|620|1375
26|730|620|1376
26|731|620|1377
26|731|621|1378
26|732|621|1379
26|732|622|1380
26|733|622|1381
26|734|622|1382
26|735|622|1383
26|736|622|1384
26|737|622|1385
26|737|623|1386
26|738|623|1387
26|738|624|1388
26|739|624|1389
26|740|624|1390
26|741|624|1391
26|742|624|1392
26|743|624|1393
26|744|624|1394
26|745|624|1395
26|745|625|1396
26|745|626|1397
26|746|626|1398
26|746|627|1399
26|747|627|1400
26|747|628|1401
26|748|628|1402
26|748|629|1403
27|748|629|1404
27|748|630|1405
27|749|630|1406
27|749|631|1407
27|750|631|1408
27|751|631|1409
27|752|631|1410
27|753|631|1411
27|754|631|1412
27|754|632|1413
27|755|632|1414
27|755|633|1415
27|756|633|1416
27|756|634|1417
27|757|634|1418
27|757|635|1419
27|758|635|1420
27|759|635|1421
27|760|635|1422
27|761|635|1423
27|762|635|1424
27|762|636|1425
27|763|636|1426
27|763|637|1427
27|764|637|1428
27|765|637|1429
27|766|637|1430
27|766|638|1431
27|767|638|1432
27|768|638|1433
27|768|639|1434
27|769|639|1435
27|769|640|1436
27|770|640|1437
27|770|641|1438
27|771|641|1439
27|771|642|1440
27|772|642|1441
27|772|643|1442
27|773|643|1443
27|773|644|1444
27|774|644|1445
27|774|645|1446
27|775|645|1447
27|775|646|1448
27|776|646|1449
27|776|647|1450
27|777|647|1451
27|777|648|1452
27|778|648|1453
27|778|649|1454
27|779|649|1455
27|779|650|1456
27|780|650|1457
27|780|651|1458
27|781|651|1459
27|781|652|1460
27|782|652|1461
27|782|653|1462
27|783|653|1463
27|783|654|1464
27|784|654|1465
27|784|655|1466
27|785|655|1467
27|785|656|1468
27|786|656|1469
27|786|657|1470
27|787|657|1471
27|787|658|1472
27|788|658|1473
27|788|659|1474
27|789|659|1475
27|789|660|1476
27|790|660|1477
27|790|661|1478
27|790|662|1479
27|790|663|1480
27|791|663|1481
27|791|664|1482
27|792|664|1483
27|792|665|1484
27|793|665|1485
27|793|666|1486
27|793|667|1487
27|793|668|1488
27|794|668|1489
27|794|669|1490
27|795|669|1491
27|795|670|1492
27|795|671|1493
27|795|672|1494
27|796|672|1495
27|796|673|1496
27|797|673|1497
27|797|674|1498
27|798|674|1499
27|798|675|1500
27|799|675|1501
27|799|676|1502
27|800|676|1503
27|800|677|1504
27|801|677|1505
27|802|677|1506
27|803|677|1507
27|804|677|1508
27|805|677|1509
27|806|677|1510
27|807|677|1511
27|807|678|1512
27|808|678|1513
27|809|678|1514
27|810|678|1515
27|811|678|1516
27|812|678|1517
27|812|679|1518
27|813|679|1519
27|813|680|1520
27|814|680|1521
27|815|680|1522
27|816|680|1523
27|817|680|1524
27|818|680|1525
27|818|681|1526
27|819|681|1527
27|819|682|1528
27|820|682|1529
27|821|682|1530
27|822|682|1531
27|822|683|1532
28|822|683|1533
28|823|683|1534
28|824|683|1535
28|824|684|1536
28|824|685|1537
28|824|686|1538
28|825|686|1539
28|826|686|1540
28|826|687|1541
28|827|687|1542
28|827|688|1543
28|828|688|1544
28|828|689|1545
28|828|690|1546
28|828|691|1547
28|828|692|1548
28|828|693|1549
28|829|693|1550
28|829|694|1551
28|830|694|1552
28|830|695|1553
28|831|695|1554
28|832|695|1555
28|832|696|1556
28|832|697|1557
28|832|698|1558
28|833|698|1559
28|834|698|1560
28|835|698|1561
28|835|699|1562
28|836|699|1563
28|836|700|1564
28|836|701|1565
28|837|701|1566
28|837|702|1567
28|837|703|1568
28|837|704|1569
28|838|704|1570
28|838|705|1571
28|839|705|1572
28|839|706|1573
28|839|707|1574
28|839|708|1575
28|839|709|1576
28|840|709|1577
28|840|710|1578
28|841|710|1579
28|841|711|1580
28|842|711|1581
28|842|712|1582
28|843|712|1583
28|843|713|1584
28|844|713|1585
28|844|714|1586
28|845|714|1587
28|845|715|1588
28|846|715|1589
28|846|716|1590
28|847|716|1591
28|847|717|1592
28|848|717|1593
28|848|718|1594
28|849|718|1595
28|849|719|1596
28|850|719|1597
28|850|720|1598
28|851|720|1599
28|851|721|1600
28|852|721|1601
28|852|722|1602
28|853|722|1603
28|853|723|1604
28|854|723|1605
28|854|724|1606
28|855|724|1607
28|855|725|1608
28|856|725|1609
28|856|726|1610
28|857|726|1611
28|857|727|1612
29|857|727|1613
29|858|727|1614
29|859|727|1615
29|860|727|1616
29|861|727|1617
29|862|727|1618
29|862|728|1619
29|863|728|1620
29|864|728|1621
29|865|728|1622
29|865|729|1623
29|866|729|1624
29|867|729|1625
29|868|729|1626
30|868|729|1627
30|869|729|1628
31|869|729|1629
31|870|729|1630
31|871|729|1631
31|872|729|1632
31|872|730|1633
31|873|730|1634
32|873|730|1635
32|874|730|1636
33|874|730|1637
33|875|730|1638
33|876|730|1639
33|877|730|1640
34|877|730|1641
34|878|730|1642
34|878|731|1643
34|879|731|1644
34|879|732|1645
34|880|732|1646
34|880|733|1647
34|881|733|1648
34|881|734|1649
34|882|734|1650
34|882|735|1651
34|883|735|1652
34|883|736|1653
34|884|736|1654
34|884|737|1655
34|885|737|1656
34|885|738|1657
34|886|738|1658
34|886|739|1659
34|887|739|1660
34|887|740|1661
34|888|740|1662
34|888|741|1663
34|889|741|1664
34|889|742|1665
34|890|742|1666
34|890|743|1667
34|891|743|1668
34|891|744|1669
34|892|744|1670
34|892|745|1671
34|893|745|1672
34|893|746|1673
34|894|746|1674
34|894|747|1675
34|895|747|1676
34|895|748|1677
34|896|748|1678
34|896|749|1679
34|897|749|1680
34|897|750|1681
34|898|750|1682
34|898|751|1683
34|899|751|1684
34|899|752|1685
34|899|753|1686
34|899|754|1687
34|899|755|1688
34|899|756|1689
34|899|757|1690
34|899|758|1691
34|899|759|1692
34|899|760|1693
34|899|761|1694
34|899|762|1695
34|899|763|1696
34|899|764|1697
34|899|765|1698
34|899|766|1699
34|899|767|1700
34|900|767|1701
34|900|768|1702
34|900|769|1703
34|900|770|1704
34|900|771|1705
34|900|772|1706
34|900|773|1707
34|900|774|1708
34|900|775|1709
34|900|776|1710
34|900|777|1711
34|900|778|1712
34|900|779|1713
34|900|780|1714
34|900|781|1715
34|900|782|1716
34|900|783|1717
34|900|784|1718
34|900|785|1719
34|900|786|1720
34|901|786|1721
34|902|786|1722
34|903|786|1723
34|904|786|1724
34|904|787|1725
34|904|788|1726
34|905|788|1727
34|905|789|1728
34|906|789|1729
34|907|789|1730
34|907|790|1731
34|907|791|1732
34|908|791|1733
34|909|791|1734
34|910|791|1735
34|910|792|1736
34|911|792|1737
34|912|792|1738
34|912|793|1739
34|913|793|1740
34|914|793|1741
34|914|794|1742
34|915|794|1743
34|915|795|1744
34|916|795|1745
34|917|795|1746
34|917|796|1747
34|918|796|1748
34|919|796|1749
34|919|797|1750
34|920|797|1751
34|921|797|1752
34|922|797|1753
34|922|798|1754
34|922|799|1755
34|922|800|1756
34|922|801|1757
34|923|801|1758
34|924|801|1759
35|924|801|1760
35|924|802|1761
35|925|802|1762
35|925|803|1763
35|926|803|1764
35|926|804|1765
35|927|804|1766
35|928|804|1767
35|928|805|1768
35|928|806|1769
35|928|807|1770
35|928|808|1771
35|929|808|1772
35|929|809|1773
35|930|809|1774
35|930|810|1775
35|930|811|1776
35|930|812|1777
35|930|813|1778
35|931|813|1779
35|932|813|1780
35|932|814|1781
35|933|814|1782
35|933|815|1783
35|933|816|1784
35|933|817|1785
35|934|817|1786
35|934|818|1787
35|935|818|1788
35|935|819|1789
35|936|819|1790
35|936|820|1791
35|937|820|1792
36|937|820|1793
36|938|820|1794
36|939|820|1795
36|939|821|1796
36|940|821|1797
36|940|822|1798
36|941|822|1799
36|942|822|1800
37|942|822|1801
37|943|822|1802
37|944|822|1803
37|945|822|1804
37|946|822|1805
37|946|823|1806
37|947|823|1807
37|948|823|1808
37|949|823|1809
37|950|823|1810
37|951|823|1811
37|952|823|1812
37|953|823|1813
37|953|824|1814
37|954|824|1815
37|954|825|1816
37|955|825|1817
37|956|825|1818
37|957|825|1819
37|957|826|1820
37|958|826|1821
37|959|826|1822
37|960|826|1823
37|961|826|1824
37|962|826|1825
37|963|826|1826
37|964|826|1827
37|965|826|1828
37|965|827|1829
37|965|828|1830
37|966|828|1831
37|966|829|1832
37|967|829|1833
38|967|829|1834
38|968|829|1835
38|968|830|1836
38|969|830|1837
38|969|831|1838
38|970|831|1839
38|970|832|1840
38|971|832|1841
38|971|833|1842
38|972|833|1843
38|972|834|1844
38|972|835|1845
38|972|836|1846
38|973|836|1847
38|973|837|1848
38|974|837|1849
38|974|838|1850
38|975|838|1851
38|975|839|1852
38|976|839|1853
38|976|840|1854
38|977|840|1855
38|977|841|1856
38|978|841|1857
38|978|842|1858
38|979|842|1859
38|979|843|1860
38|980|843|1861
38|980|844|1862
38|981|844|1863
38|981|845|1864
38|981|846|1865
38|981|847|1866
39|981|847|1867
39|981|848|1868
39|982|848|1869
39|982|849|1870
39|983|849|1871
39|984|849|1872
39|985|849|1873
39|985|850|1874
39|986|850|1875
39|987|850|1876
39|988|850|1877
39|988|851|1878
39|989|851|1879
39|990|851|1880
39|991|851|1881
39|991|852|1882
39|992|852|1883
39|992|853|1884
39|993|853|1885
39|993|854|1886
39|994|854|1887
39|994|855|1888
39|995|855|1889
39|996|855|1890
39|997|855|1891
39|997|856|1892
39|998|856|1893
39|998|857|1894
39|999|857|1895
39|1000|857|1896
39|1001|857|1897
39|1001|858|1898
39|1002|858|1899
39|1002|859|1900
39|1003|859|1901
39|1004|859|1902
39|1005|859|1903
39|1006|859|1904
39|1007|859|1905
39|1008|859|1906
39|1009|859|1907
39|1010|859|1908
39|1011|859|1909
39|1012|859|1910
39|1013|859|1911
39|1014|859|1912
39|1015|859|1913
39|1015|860|1914
39|1016|860|1915
39|1017|860|1916
39|1018|860|1917
39|1019|860|1918
39|1020|860|1919
39|1021|860|1920
39|1022|860|1921
39|1023|860|1922
39|1024|860|1923
39|1025|860|1924
39|1026|860|1925
39|1027|860|1926
39|1028|860|1927
39|1028|861|1928
39|1029|861|1929
39|1030|861|1930
39|1031|861|1931
39|1032|861|1932
39|1033|861|1933
39|1034|861|1934
39|1035|861|1935
39|1035|862|1936
39|1035|863|1937
39|1036|863|1938
39|1036|864|1939
39|1037|864|1940
39|1037|865|1941
39|1038|865|1942
39|1038|866|1943
39|1039|866|1944
39|1039|867|1945
39|1040|867|1946
39|1040|868|1947
39|1041|868|1948
39|1041|869|1949
39|1042|869|1950
39|1042|870|1951
39|1043|870|1952
39|1043|871|1953
39|1044|871|1954
39|1044|872|1955
39|1045|872|1956
39|1045|873|1957
39|1046|873|1958
39|1046|874|1959
39|1047|874|1960
39|1047|875|1961
39|1048|875|1962
39|1048|876|1963
39|1049|876|1964
39|1049|877|1965
39|1050|877|1966
39|1050|878|1967
39|1051|878|1968
39|1052|878|1969
39|1053|878|1970
39|1053|879|1971
39|1054|879|1972
39|1055|879|1973
39|1056|879|1974
39|1057|879|1975
39|1058|879|1976
39|1059|879|1977
39|1060|879|1978
40|1060|879|1979
40|1061|879|1980
40|1062|879|1981
40|1063|879|1982
40|1064|879|1983
40|1065|879|1984
40|1066|879|1985
40|1067|879|1986
40|1068|879|1987
40|1069|879|1988
40|1070|879|1989
40|1071|879|1990
40|1072|879|1991
40|1072|880|1992
40|1073|880|1993
40|1073|881|1994
41|1073|881|1995
41|1074|881|1996
41|1074|882|1997
41|1075|882|1998
41|1076|882|1999
41|1076|883|2000
