total
0|0|1|1
0|1|1|2
0|1|2|3
0|2|2|4
0|2|3|5
0|3|3|6
0|3|4|7
0|4|4|8
0|4|5|9
0|5|5|10
0|5|6|11
0|6|6|12
0|6|7|13
0|7|7|14
0|7|8|15
0|8|8|16
0|8|9|17
0|9|9|18
0|9|10|19
0|10|10|20
0|10|11|21
0|11|11|22
0|11|12|23
0|12|12|24
0|12|13|25
0|13|13|26
0|13|14|27
0|14|14|28
0|14|15|29
0|14|16|30
0|14|17|31
0|14|18|32
0|14|19|33
0|14|20|34
0|14|21|35
0|14|22|36
0|14|23|37
0|14|24|38
0|14|25|39
0|14|26|40
0|14|27|41
0|14|28|42
0|14|29|43
0|14|30|44
0|14|31|45
0|14|32|46
0|14|33|47
0|14|34|48
0|14|35|49
0|14|36|50
0|14|37|51
0|14|38|52
0|14|39|53
0|14|40|54
0|14|41|55
0|14|42|56
0|14|43|57
0|14|44|58
0|14|45|59
0|14|46|60
0|14|47|61
0|14|48|62
0|14|49|63
0|14|50|64
0|14|51|65
0|15|51|66
0|15|52|67
0|16|52|68
0|16|53|69
0|17|53|70
0|17|54|71
0|18|54|72
0|18|55|73
0|19|55|74
0|19|56|75
0|20|56|76
0|20|57|77
0|21|57|78
0|21|58|79
0|22|58|80
0|22|59|81
0|23|59|82
0|23|60|83
0|24|60|84
0|24|61|85
0|25|61|86
0|25|62|87
0|26|62|88
0|26|63|89
0|27|63|90
0|27|64|91
0|28|64|92
0|28|65|93
0|29|65|94
0|29|66|95
0|30|66|96
0|30|67|97
0|31|67|98
0|31|68|99
0|32|68|100
0|32|69|101
0|33|69|102
0|33|70|103
0|34|70|104
0|34|71|105
0|35|71|106
0|35|72|107
0|36|72|108
0|36|73|109
0|37|73|110
0|37|74|111
0|38|74|112
0|38|75|113
0|39|75|114
0|39|76|115
0|40|76|116
0|40|77|117
0|41|77|118
0|41|78|119
0|42|78|120
0|42|79|121
0|43|79|122
0|43|80|123
0|44|80|124
0|44|81|125
0|45|81|126
0|45|82|127
0|46|82|128
0|46|83|129
0|47|83|130
0|47|84|131
0|48|84|132
0|48|85|133
0|49|85|134
0|49|86|135
0|50|86|136
0|50|87|137
0|51|87|138
0|51|88|139
0|52|88|140
0|52|89|141
0|53|89|142
0|53|90|143
0|54|90|144
0|54|91|145
0|55|91|146
0|55|92|147
0|56|92|148
0|56|93|149
0|57|93|150
0|57|94|151
0|58|94|152
0|58|95|153
0|59|95|154
0|59|96|155
0|60|96|156
0|60|97|157
0|61|97|158
0|61|98|159
0|62|98|160
0|62|99|161
0|63|99|162
0|63|100|163
0|64|100|164
0|64|101|165
0|65|101|166
0|65|102|167
0|66|102|168
0|66|103|169
0|67|103|170
0|67|104|171
0|68|104|172
0|68|105|173
0|69|105|174
0|69|106|175
0|70|106|176
0|70|107|177
0|71|107|178
0|71|108|179
0|72|108|180
0|72|109|181
0|73|109|182
0|73|110|183
0|74|110|184
0|74|111|185
0|75|111|186
0|75|112|187
0|76|112|188
0|76|113|189
0|77|113|190
0|77|114|191
0|78|114|192
0|78|115|193
0|79|115|194
0|79|116|195
0|80|116|196
0|80|117|197
0|81|117|198
0|81|118|199
0|82|118|200
0|82|119|201
0|83|119|202
0|83|120|203
0|84|120|204
0|84|121|205
0|85|121|206
0|85|122|207
0|86|122|208
0|86|123|209
0|86|124|210
0|86|125|211
0|87|125|212
0|87|126|213
0|88|126|214
0|88|127|215
0|89|127|216
0|89|128|217
0|90|128|218
0|90|129|219
0|91|129|220
0|91|130|221
0|92|130|222
0|92|131|223
0|93|131|224
0|93|132|225
0|94|132|226
0|94|133|227
0|94|134|228
0|94|135|229
0|95|135|230
0|95|136|231
0|96|136|232
0|96|137|233
0|97|137|234
0|97|138|235
0|98|138|236
0|98|139|237
0|99|139|238
0|99|140|239
0|100|140|240
0|100|141|241
0|101|141|242
0|101|142|243
0|102|142|244
0|102|143|245
0|103|143|246
0|103|144|247
0|103|145|248
0|103|146|249
0|103|147|250
0|103|148|251
0|103|149|252
0|103|150|253
0|103|151|254
0|103|152|255
0|103|153|256
0|103|154|257
0|104|154|258
0|104|155|259
0|104|156|260
0|104|157|261
0|105|157|262
0|105|158|263
0|105|159|264
0|105|160|265
0|106|160|266
0|106|161|267
0|106|162|268
0|106|163|269
0|107|163|270
0|107|164|271
0|107|165|272
0|107|166|273
0|107|167|274
0|107|168|275
0|108|168|276
0|108|169|277
0|108|170|278
0|108|171|279
0|108|172|280
0|108|173|281
0|108|174|282
0|108|175|283
0|108|176|284
0|108|177|285
0|108|178|286
0|108|179|287
0|108|180|288
0|108|181|289
0|108|182|290
0|108|183|291
0|108|184|292
0|108|185|293
0|109|185|294
0|109|186|295
0|109|187|296
0|109|188|297
0|109|189|298
0|109|190|299
0|109|191|300
0|109|192|301
0|110|192|302
0|110|193|303
0|111|193|304
0|111|194|305
0|111|195|306
0|111|196|307
0|111|197|308
0|111|198|309
0|112|198|310
0|112|199|311
0|112|200|312
0|112|201|313
0|113|201|314
0|113|202|315
0|113|203|316
0|113|204|317
0|114|204|318
0|114|205|319
0|115|205|320
0|115|206|321
0|116|206|322
0|116|207|323
0|117|207|324
0|117|208|325
0|118|208|326
0|118|209|327
0|119|209|328
0|119|210|329
0|120|210|330
0|120|211|331
0|121|211|332
0|121|212|333
0|122|212|334
0|122|213|335
0|123|213|336
0|123|214|337
0|124|214|338
0|124|215|339
0|125|215|340
0|125|216|341
0|126|216|342
0|126|217|343
0|127|217|344
0|127|218|345
0|128|218|346
0|128|219|347
0|129|219|348
0|129|220|349
0|130|220|350
0|130|221|351
0|131|221|352
0|131|222|353
0|132|222|354
0|132|223|355
0|133|223|356
0|133|224|357
0|134|224|358
0|134|225|359
0|135|225|360
0|135|226|361
0|136|226|362
0|136|227|363
0|137|227|364
0|137|228|365
0|138|228|366
0|138|229|367
0|139|229|368
0|139|230|369
0|140|230|370
0|140|231|371
0|141|231|372
0|141|232|373
0|142|232|374
0|142|233|375
0|143|233|376
0|143|234|377
0|144|234|378
0|144|235|379
0|145|235|380
0|145|236|381
0|146|236|382
0|146|237|383
0|147|237|384
0|147|238|385
0|148|238|386
0|148|239|387
0|149|239|388
0|149|240|389
0|150|240|390
0|150|241|391
0|151|241|392
0|151|242|393
0|152|242|394
0|152|243|395
0|153|243|396
0|153|244|397
0|154|244|398
0|154|245|399
0|155|245|400
0|155|246|401
0|156|246|402
0|156|247|403
0|157|247|404
0|157|248|405
0|157|249|406
0|157|250|407
0|158|250|408
0|158|251|409
0|159|251|410
0|159|252|411
0|160|252|412
0|160|253|413
0|160|254|414
0|160|255|415
0|161|255|416
0|161|256|417
0|162|256|418
0|162|257|419
0|162|258|420
0|162|259|421
0|163|259|422
0|163|260|423
0|164|260|424
0|164|261|425
0|165|261|426
0|165|262|427
0|166|262|428
0|166|263|429
0|167|263|430
0|167|264|431
0|168|264|432
0|168|265|433
0|169|265|434
0|169|266|435
0|170|266|436
0|170|267|437
0|171|267|438
0|171|268|439
0|172|268|440
0|172|269|441
0|173|269|442
0|173|270|443
0|174|270|444
0|174|271|445
0|175|271|446
0|175|272|447
0|176|272|448
0|176|273|449
0|177|273|450
0|177|274|451
0|178|274|452
0|178|275|453
0|179|275|454
0|179|276|455
0|180|276|456
0|180|277|457
0|181|277|458
0|181|278|459
0|182|278|460
0|182|279|461
0|183|279|462
0|183|280|463
0|184|280|464
0|184|281|465
0|185|281|466
0|185|282|467
0|186|282|468
0|186|283|469
0|187|283|470
0|187|284|471
0|188|284|472
0|188|285|473
0|189|285|474
0|189|286|475
0|190|286|476
0|190|287|477
0|191|287|478
0|191|288|479
0|192|288|480
0|192|289|481
0|193|289|482
0|193|290|483
0|194|290|484
0|194|291|485
0|195|291|486
0|195|292|487
0|196|292|488
0|196|293|489
0|197|293|490
0|197|294|491
0|198|294|492
0|198|295|493
0|199|295|494
0|199|296|495
0|200|296|496
0|200|297|497
0|201|297|498
0|201|298|499
0|202|298|500
0|202|299|501
0|203|299|502
0|203|300|503
0|204|300|504
0|204|301|505
0|205|301|506
0|205|302|507
0|206|302|508
0|206|303|509
0|207|303|510
0|207|304|511
0|208|304|512
0|208|305|513
0|209|305|514
0|209|306|515
0|210|306|516
0|210|307|517
0|211|307|518
0|211|308|519
0|212|308|520
0|212|309|521
0|213|309|522
0|213|310|523
0|214|310|524
0|214|311|525
0|215|311|526
0|215|312|527
0|216|312|528
0|216|313|529
0|217|313|530
0|217|314|531
0|218|314|532
0|218|315|533
0|219|315|534
0|219|316|535
0|220|316|536
0|220|317|537
0|221|317|538
0|221|318|539
0|222|318|540
0|222|319|541
0|223|319|542
0|223|320|543
0|224|320|544
0|225|321|546
0|226|321|547
0|226|322|548
0|227|322|549
0|227|323|550
0|228|323|551
0|228|324|552
0|229|324|553
0|229|325|554
0|230|325|555
0|230|326|556
0|231|326|557
0|231|327|558
0|232|327|559
0|232|328|560
0|233|328|561
0|233|329|562
0|234|329|563
0|234|330|564
0|235|330|565
0|235|331|566
0|236|331|567
0|236|332|568
0|237|332|569
0|237|333|570
0|238|333|571
0|238|334|572
0|239|334|573
0|239|335|574
0|240|335|575
0|240|336|576
0|241|336|577
0|241|337|578
0|242|337|579
0|242|338|580
0|243|338|581
0|243|339|582
0|244|339|583
0|244|340|584
0|245|340|585
0|245|341|586
0|246|341|587
0|246|342|588
0|247|342|589
0|247|343|590
0|248|343|591
0|248|344|592
0|249|344|593
0|249|345|594
0|250|345|595
0|250|346|596
0|251|346|597
0|251|347|598
0|252|347|599
0|252|348|600
0|253|348|601
0|253|349|602
0|254|349|603
0|254|350|604
0|255|350|605
0|255|351|606
0|256|351|607
0|256|352|608
0|257|352|609
0|257|353|610
0|258|353|611
0|258|354|612
0|259|354|613
0|259|355|614
0|260|355|615
0|260|356|616
0|261|356|617
0|261|357|618
0|262|357|619
0|262|358|620
0|263|358|621
0|263|359|622
0|264|359|623
0|264|360|624
0|265|360|625
0|265|361|626
0|266|361|627
0|266|362|628
0|267|362|629
0|267|363|630
0|268|363|631
0|268|364|632
0|269|364|633
0|269|365|634
0|270|365|635
0|270|366|636
0|271|366|637
0|271|367|638
0|272|367|639
0|272|368|640
0|273|368|641
0|273|369|642
0|274|369|643
0|274|370|644
0|275|370|645
0|275|371|646
0|276|371|647
0|276|372|648
0|277|372|649
0|277|373|650
0|278|373|651
0|278|374|652
0|279|374|653
0|279|375|654
0|280|375|655
0|280|376|656
0|281|376|657
0|281|377|658
0|282|377|659
0|282|378|660
0|283|378|661
0|283|379|662
0|284|379|663
0|284|380|664
0|285|380|665
0|285|381|666
0|286|381|667
0|286|382|668
0|287|382|669
0|287|383|670
0|288|383|671
0|288|384|672
0|289|384|673
0|289|385|674
0|290|385|675
0|290|386|676
0|291|386|677
0|291|387|678
0|292|387|679
0|292|388|680
0|293|388|681
0|293|389|682
0|294|389|683
0|294|390|684
0|295|390|685
0|295|391|686
0|296|391|687
0|296|392|688
0|297|392|689
0|297|393|690
0|298|393|691
0|298|394|692
0|299|394|693
0|299|395|694
0|300|395|695
0|300|396|696
0|301|396|697
0|301|397|698
0|302|397|699
0|302|398|700
0|303|398|701
0|303|399|702
0|304|399|703
0|304|400|704
0|305|400|705
0|305|401|706
0|306|401|707
0|306|402|708
0|307|402|709
0|307|403|710
0|308|403|711
0|308|404|712
0|308|405|713
0|308|406|714
0|308|407|715
0|308|408|716
0|308|409|717
0|308|410|718
0|308|411|719
0|308|412|720
0|308|413|721
0|308|414|722
0|308|415|723
0|308|416|724
0|308|417|725
0|308|418|726
0|308|419|727
0|308|420|728
0|308|421|729
0|308|422|730
0|308|423|731
0|308|424|732
0|308|425|733
0|308|426|734
0|308|427|735
0|308|428|736
0|308|429|737
0|308|430|738
0|308|431|739
0|308|432|740
0|308|433|741
0|308|434|742
0|308|435|743
0|308|436|744
0|308|437|745
0|308|438|746
0|308|439|747
0|308|440|748
0|309|440|749
0|309|441|750
0|310|441|751
0|310|442|752
0|311|442|753
0|311|443|754
0|312|443|755
0|312|444|756
0|313|444|757
0|313|445|758
0|314|445|759
0|314|446|760
0|315|446|761
0|315|447|762
0|316|447|763
0|316|448|764
0|317|448|765
0|317|449|766
0|318|449|767
0|318|450|768
0|319|450|769
0|319|451|770
0|320|451|771
0|320|452|772
0|321|452|773
0|321|453|774
0|322|453|775
0|322|454|776
0|323|454|777
0|323|455|778
0|324|455|779
0|324|456|780
0|325|456|781
0|325|457|782
0|326|457|783
0|326|458|784
0|327|458|785
0|327|459|786
0|328|459|787
0|328|460|788
0|329|460|789
0|329|461|790
0|330|461|791
0|330|462|792
0|331|462|793
0|331|463|794
0|332|463|795
0|332|464|796
0|333|464|797
0|333|465|798
0|334|465|799
0|334|466|800
0|335|466|801
0|335|467|802
0|336|467|803
0|336|468|804
0|337|468|805
0|337|469|806
0|338|469|807
0|338|470|808
0|339|470|809
0|339|471|810
0|340|471|811
0|340|472|812
0|341|472|813
0|341|473|814
0|342|473|815
0|342|474|816
0|343|474|817
0|343|475|818
0|344|475|819
0|344|476|820
0|345|476|821
0|345|477|822
0|346|477|823
0|346|478|824
0|347|478|825
0|347|479|826
0|348|479|827
0|348|480|828
0|349|480|829
0|349|481|830
0|350|481|831
0|350|482|832
0|351|482|833
0|351|483|834
0|352|483|835
0|352|484|836
0|353|484|837
0|353|485|838
0|354|485|839
0|354|486|840
0|355|486|841
0|355|487|842
0|356|487|843
0|356|488|844
0|357|488|845
0|357|489|846
0|358|489|847
0|358|490|848
0|359|490|849
0|359|491|850
0|360|491|851
0|360|492|852
0|361|492|853
0|361|493|854
0|362|493|855
0|362|494|856
0|362|495|857
0|362|496|858
0|362|497|859
0|362|498|860
0|362|499|861
0|362|500|862
0|362|501|863
0|362|502|864
0|362|503|865
0|362|504|866
0|362|505|867
0|362|506|868
0|362|507|869
0|362|508|870
0|362|509|871
0|362|510|872
0|362|511|873
0|362|512|874
0|362|513|875
0|362|514|876
0|362|515|877
0|362|516|878
0|362|517|879
0|362|518|880
0|362|519|881
0|362|520|882
0|362|521|883
0|362|522|884
0|362|523|885
0|362|524|886
0|362|525|887
0|362|526|888
0|362|527|889
0|362|528|890
0|362|529|891
0|362|530|892
0|363|530|893
0|363|531|894
0|364|531|895
0|364|532|896
0|365|532|897
0|365|533|898
0|366|533|899
0|366|534|900
0|367|534|901
0|367|535|902
0|368|535|903
0|368|536|904
0|369|536|905
0|369|537|906
0|370|537|907
0|370|538|908
0|371|538|909
0|371|539|910
0|371|540|911
0|371|541|912
0|372|541|913
0|372|542|914
0|373|542|915
0|373|543|916
0|374|543|917
0|374|544|918
0|374|545|919
0|374|546|920
0|375|546|921
0|375|547|922
0|376|547|923
0|376|548|924
0|376|549|925
0|376|550|926
0|377|550|927
0|377|551|928
0|378|551|929
0|378|552|930
0|378|553|931
0|378|554|932
0|379|554|933
0|379|555|934
0|379|556|935
0|379|557|936
0|380|557|937
0|380|558|938
0|380|559|939
0|380|560|940
0|381|560|941
0|381|561|942
0|381|562|943
0|381|563|944
0|381|564|945
0|381|565|946
0|382|565|947
0|382|566|948
0|383|566|949
0|383|567|950
0|383|568|951
0|383|569|952
0|383|570|953
0|383|571|954
0|383|572|955
0|383|573|956
0|383|574|957
0|383|575|958
0|383|576|959
0|383|577|960
0|383|578|961
0|383|579|962
0|384|579|963
0|384|580|964
0|385|580|965
0|385|581|966
0|385|582|967
0|385|583|968
0|385|584|969
0|385|585|970
0|385|586|971
0|385|587|972
0|386|587|973
0|386|588|974
0|386|589|975
0|386|590|976
0|386|591|977
0|386|592|978
0|387|592|979
0|387|593|980
0|387|594|981
0|387|595|982
0|387|596|983
0|387|597|984
0|388|597|985
0|388|598|986
0|389|598|987
0|389|599|988
0|389|600|989
0|389|601|990
0|389|602|991
0|389|603|992
0|389|604|993
0|389|605|994
0|390|605|995
0|390|606|996
0|391|606|997
0|391|607|998
0|392|607|999
0|392|608|1000
0|393|608|1001
0|393|609|1002
0|394|609|1003
0|394|610|1004
0|395|610|1005
0|395|611|1006
0|396|611|1007
0|396|612|1008
0|397|612|1009
0|397|613|1010
0|398|613|1011
0|398|614|1012
0|399|614|1013
0|399|615|1014
0|400|615|1015
0|400|616|1016
0|401|616|1017
0|401|617|1018
0|402|617|1019
0|402|618|1020
0|403|618|1021
0|403|619|1022
0|404|619|1023
0|404|620|1024
0|405|620|1025
0|405|621|1026
0|406|621|1027
0|406|622|1028
0|407|622|1029
0|407|623|1030
0|408|623|1031
0|408|624|1032
0|409|624|1033
0|409|625|1034
0|410|625|1035
0|410|626|1036
0|411|626|1037
0|411|627|1038
0|412|627|1039
0|412|628|1040
0|413|628|1041
0|413|629|1042
0|414|629|1043
0|414|630|1044
0|415|630|1045
0|415|631|1046
0|416|631|1047
0|416|632|1048
0|417|632|1049
0|417|633|1050
0|418|633|1051
0|418|634|1052
0|419|634|1053
0|419|635|1054
0|420|635|1055
0|420|636|1056
0|421|636|1057
0|421|637|1058
0|422|637|1059
0|422|638|1060
0|423|638|1061
0|423|639|1062
0|424|639|1063
0|424|640|1064
0|425|640|1065
0|425|641|1066
0|426|641|1067
0|426|642|1068
0|427|642|1069
0|427|643|1070
0|428|643|1071
0|428|644|1072
0|428|645|1073
0|428|646|1074
0|429|646|1075
0|429|647|1076
0|430|647|1077
0|430|648|1078
0|431|648|1079
0|431|649|1080
0|432|649|1081
0|432|650|1082
0|433|650|1083
0|433|651|1084
0|434|651|1085
0|434|652|1086
0|435|652|1087
0|435|653|1088
0|435|654|1089
0|435|655|1090
0|436|655|1091
0|436|656|1092
0|437|656|1093
0|437|657|1094
0|438|657|1095
0|438|658|1096
0|438|659|1097
0|438|660|1098
0|439|660|1099
0|439|661|1100
0|440|661|1101
0|440|662|1102
0|440|663|1103
0|440|664|1104
0|440|665|1105
0|440|666|1106
0|441|666|1107
0|441|667|1108
0|442|667|1109
0|442|668|1110
0|443|668|1111
0|443|669|1112
0|444|669|1113
0|444|670|1114
0|445|670|1115
0|445|671|1116
0|446|671|1117
0|446|672|1118
0|447|672|1119
0|447|673|1120
0|448|673|1121
0|448|674|1122
0|449|674|1123
0|449|675|1124
0|450|675|1125
0|450|676|1126
0|451|676|1127
0|451|677|1128
0|452|677|1129
0|452|678|1130
0|453|678|1131
0|453|679|1132
0|454|679|1133
0|454|680|1134
0|455|680|1135
0|455|681|1136
0|456|681|1137
0|456|682|1138
0|457|682|1139
0|457|683|1140
0|458|683|1141
0|458|684|1142
0|459|684|1143
0|459|685|1144
0|460|685|1145
0|460|686|1146
0|461|686|1147
0|461|687|1148
0|462|687|1149
0|462|688|1150
0|463|688|1151
0|463|689|1152
0|464|689|1153
0|464|690|1154
0|465|690|1155
0|465|691|1156
0|466|691|1157
0|466|692|1158
0|467|692|1159
0|467|693|1160
0|468|693|1161
0|468|694|1162
0|469|694|1163
0|469|695|1164
0|470|695|1165
0|470|696|1166
0|471|696|1167
0|471|697|1168
0|472|697|1169
0|472|698|1170
0|473|698|1171
0|473|699|1172
0|474|699|1173
0|474|700|1174
0|475|700|1175
0|475|701|1176
0|476|701|1177
0|476|702|1178
0|477|702|1179
0|477|703|1180
0|478|703|1181
0|478|704|1182
0|479|704|1183
0|479|705|1184
0|480|705|1185
0|480|706|1186
0|481|706|1187
0|481|707|1188
0|482|707|1189
0|482|708|1190
0|483|708|1191
0|483|709|1192
0|484|709|1193
0|484|710|1194
0|485|710|1195
0|485|711|1196
0|486|711|1197
0|486|712|1198
0|487|712|1199
0|487|713|1200
0|488|713|1201
0|488|714|1202
0|489|714|1203
0|489|715|1204
0|490|715|1205
0|490|716|1206
0|491|716|1207
0|491|717|1208
0|492|717|1209
0|492|718|1210
0|493|718|1211
0|493|719|1212
0|494|719|1213
0|494|720|1214
0|495|720|1215
0|495|721|1216
0|496|721|1217
0|496|722|1218
0|497|722|1219
0|497|723|1220
0|498|723|1221
0|498|724|1222
0|499|724|1223
0|499|725|1224
0|500|725|1225
0|500|726|1226
0|501|726|1227
0|501|727|1228
0|502|727|1229
0|502|728|1230
0|503|728|1231
0|503|729|1232
0|504|729|1233
0|504|730|1234
0|505|730|1235
0|505|731|1236
0|506|731|1237
0|506|732|1238
0|507|732|1239
0|507|733|1240
0|508|733|1241
0|508|734|1242
0|509|734|1243
0|509|735|1244
0|510|735|1245
0|510|736|1246
0|511|736|1247
0|511|737|1248
0|512|737|1249
0|512|738|1250
0|513|738|1251
0|513|739|1252
0|514|739|1253
0|514|740|1254
0|515|740|1255
0|515|741|1256
0|516|741|1257
0|516|742|1258
0|517|742|1259
0|517|743|1260
0|518|743|1261
0|518|744|1262
0|519|744|1263
0|519|745|1264
0|520|745|1265
0|520|746|1266
0|521|746|1267
0|521|747|1268
0|522|747|1269
0|522|748|1270
0|523|748|1271
0|523|749|1272
0|524|749|1273
0|524|750|1274
0|525|750|1275
0|525|751|1276
0|526|751|1277
0|526|752|1278
0|527|752|1279
0|527|753|1280
0|528|753|1281
0|528|754|1282
0|529|754|1283
0|529|755|1284
0|530|755|1285
0|530|756|1286
0|531|756|1287
0|531|757|1288
0|532|757|1289
0|532|758|1290
0|533|758|1291
0|533|759|1292
0|534|759|1293
0|534|760|1294
0|535|760|1295
0|535|761|1296
0|536|761|1297
0|536|762|1298
0|537|762|1299
0|537|763|1300
0|538|763|1301
0|538|764|1302
0|539|764|1303
0|539|765|1304
0|540|765|1305
0|540|766|1306
0|541|766|1307
0|541|767|1308
0|542|767|1309
0|542|768|1310
0|543|768|1311
0|543|769|1312
0|544|769|1313
0|544|770|1314
0|545|770|1315
0|545|771|1316
0|546|771|1317
0|546|772|1318
0|547|772|1319
0|547|773|1320
0|548|773|1321
0|548|774|1322
0|549|774|1323
0|549|775|1324
0|550|775|1325
0|550|776|1326
0|551|776|1327
0|551|777|1328
0|552|777|1329
0|552|778|1330
0|553|778|1331
0|553|779|1332
0|554|779|1333
0|554|780|1334
0|555|780|1335
0|555|781|1336
0|556|781|1337
0|556|782|1338
0|557|782|1339
0|557|783|1340
0|558|783|1341
0|558|784|1342
0|559|784|1343
0|559|785|1344
0|560|785|1345
0|560|786|1346
0|561|786|1347
0|561|787|1348
0|562|787|1349
0|562|788|1350
0|563|788|1351
0|563|789|1352
0|564|789|1353
0|564|790|1354
0|565|790|1355
0|565|791|1356
0|566|791|1357
0|566|792|1358
0|567|792|1359
0|567|793|1360
0|568|793|1361
0|568|794|1362
0|569|794|1363
0|569|795|1364
0|570|795|1365
0|570|796|1366
0|571|796|1367
0|571|797|1368
0|572|797|1369
0|572|798|1370
0|573|798|1371
0|573|799|1372
0|574|799|1373
0|574|800|1374
0|575|800|1375
0|575|801|1376
0|576|801|1377
0|576|802|1378
0|577|802|1379
0|577|803|1380
0|578|803|1381
0|578|804|1382
0|579|804|1383
0|579|805|1384
0|580|805|1385
0|580|806|1386
0|581|806|1387
0|581|807|1388
0|582|807|1389
0|582|808|1390
0|583|808|1391
0|583|809|1392
0|584|809|1393
0|584|810|1394
0|585|810|1395
0|585|811|1396
0|585|812|1397
0|585|813|1398
0|585|814|1399
0|585|815|1400
0|585|816|1401
0|585|817|1402
0|585|818|1403
0|585|819|1404
0|585|820|1405
0|585|821|1406
0|585|822|1407
0|585|823|1408
0|585|824|1409
0|585|825|1410
0|585|826|1411
0|585|827|1412
0|585|828|1413
0|585|829|1414
0|585|830|1415
0|585|831|1416
0|585|832|1417
0|585|833|1418
0|585|834|1419
0|585|835|1420
0|585|836|1421
0|585|837|1422
0|585|838|1423
0|585|839|1424
0|585|840|1425
0|585|841|1426
0|585|842|1427
0|585|843|1428
0|585|844|1429
0|585|845|1430
0|585|846|1431
0|585|847|1432
0|586|847|1433
0|586|848|1434
0|587|848|1435
0|587|849|1436
0|588|849|1437
0|588|850|1438
0|589|850|1439
0|589|851|1440
0|590|851|1441
0|590|852|1442
0|591|852|1443
0|591|853|1444
0|592|853|1445
0|592|854|1446
0|593|854|1447
0|593|855|1448
0|594|855|1449
0|594|856|1450
0|595|856|1451
0|595|857|1452
0|596|857|1453
0|596|858|1454
0|597|858|1455
0|597|859|1456
0|598|859|1457
0|598|860|1458
0|599|860|1459
0|599|861|1460
0|600|861|1461
0|600|862|1462
0|601|862|1463
0|601|863|1464
0|602|863|1465
0|602|864|1466
0|603|864|1467
0|603|865|1468
0|604|865|1469
0|604|866|1470
0|605|866|1471
0|605|867|1472
0|606|867|1473
0|606|868|1474
0|607|868|1475
0|607|869|1476
0|608|869|1477
0|608|870|1478
0|609|870|1479
0|609|871|1480
0|610|871|1481
0|610|872|1482
0|611|872|1483
0|611|873|1484
0|612|873|1485
0|612|874|1486
0|613|874|1487
0|613|875|1488
0|614|875|1489
0|614|876|1490
0|615|876|1491
0|615|877|1492
0|616|877|1493
0|616|878|1494
0|617|878|1495
0|617|879|1496
0|618|879|1497
0|618|880|1498
0|619|880|1499
0|619|881|1500
0|620|881|1501
0|620|882|1502
0|621|882|1503
0|621|883|1504
0|622|883|1505
0|622|884|1506
0|623|884|1507
0|623|885|1508
0|624|885|1509
0|624|886|1510
0|625|886|1511
0|625|887|1512
0|626|887|1513
0|626|888|1514
0|627|888|1515
0|627|889|1516
0|628|889|1517
0|628|890|1518
0|629|890|1519
0|629|891|1520
0|630|891|1521
0|630|892|1522
0|631|892|1523
0|631|893|1524
0|632|893|1525
0|632|894|1526
0|633|894|1527
0|633|895|1528
0|634|895|1529
0|634|896|1530
0|635|896|1531
0|635|897|1532
0|636|897|1533
0|636|898|1534
0|637|898|1535
0|637|899|1536
0|638|899|1537
0|638|900|1538
0|639|900|1539
0|639|901|1540
0|639|902|1541
0|639|903|1542
0|639|904|1543
0|639|905|1544
0|639|906|1545
0|639|907|1546
0|639|908|1547
0|639|909|1548
0|639|910|1549
0|639|911|1550
0|639|912|1551
0|639|913|1552
0|639|914|1553
0|639|915|1554
0|639|916|1555
0|639|917|1556
0|639|918|1557
0|639|919|1558
0|639|920|1559
0|639|921|1560
0|639|922|1561
0|639|923|1562
0|639|924|1563
0|639|925|1564
0|639|926|1565
0|639|927|1566
0|639|928|1567
0|639|929|1568
0|639|930|1569
0|639|931|1570
0|639|932|1571
0|639|933|1572
0|639|934|1573
0|639|935|1574
0|639|936|1575
0|639|937|1576
0|640|937|1577
0|640|938|1578
0|641|938|1579
0|641|939|1580
0|642|939|1581
0|642|940|1582
0|643|940|1583
0|643|941|1584
0|644|941|1585
0|644|942|1586
0|645|942|1587
0|645|943|1588
0|646|943|1589
0|646|944|1590
0|647|944|1591
0|647|945|1592
0|648|945|1593
0|648|946|1594
0|649|946|1595
0|649|947|1596
0|650|947|1597
0|650|948|1598
0|651|948|1599
0|651|949|1600
0|652|949|1601
0|652|950|1602
0|653|950|1603
0|653|951|1604
0|654|951|1605
0|654|952|1606
0|655|952|1607
0|655|953|1608
0|656|953|1609
0|656|954|1610
0|657|954|1611
0|657|955|1612
0|657|956|1613
0|657|957|1614
0|658|957|1615
0|658|958|1616
0|659|958|1617
0|659|959|1618
0|660|959|1619
0|660|960|1620
0|661|960|1621
0|661|961|1622
0|662|961|1623
0|662|962|1624
0|663|962|1625
0|663|963|1626
0|664|963|1627
0|664|964|1628
0|665|964|1629
0|665|965|1630
0|666|965|1631
0|666|966|1632
0|666|967|1633
0|666|968|1634
0|666|969|1635
0|666|970|1636
0|667|970|1637
0|667|971|1638
0|668|971|1639
0|668|972|1640
0|669|972|1641
0|669|973|1642
0|669|974|1643
0|669|975|1644
0|669|976|1645
0|669|977|1646
0|670|977|1647
0|670|978|1648
0|671|978|1649
0|671|979|1650
0|671|980|1651
0|671|981|1652
0|671|982|1653
0|671|983|1654
0|672|983|1655
0|672|984|1656
0|672|985|1657
0|672|986|1658
0|672|987|1659
0|672|988|1660
0|673|988|1661
0|673|989|1662
0|674|989|1663
0|674|990|1664
0|674|991|1665
0|674|992|1666
0|675|992|1667
0|675|993|1668
0|675|994|1669
0|675|995|1670
0|676|995|1671
0|676|996|1672
0|677|996|1673
0|677|997|1674
0|678|997|1675
0|678|998|1676
0|678|999|1677
0|678|1000|1678
0|678|1001|1679
0|678|1002|1680
0|679|1002|1681
0|679|1003|1682
0|680|1003|1683
0|680|1004|1684
0|681|1004|1685
0|681|1005|1686
0|682|1005|1687
0|682|1006|1688
0|683|1006|1689
0|683|1007|1690
0|684|1007|1691
0|684|1008|1692
0|685|1008|1693
0|685|1009|1694
0|686|1009|1695
0|686|1010|1696
0|687|1010|1697
0|687|1011|1698
0|688|1011|1699
0|688|1012|1700
0|689|1012|1701
0|689|1013|1702
0|690|1013|1703
0|690|1014|1704
0|691|1014|1705
0|691|1015|1706
0|692|1015|1707
0|692|1016|1708
0|693|1016|1709
0|693|1017|1710
0|694|1017|1711
0|694|1018|1712
0|695|1018|1713
0|695|1019|1714
0|696|1019|1715
0|696|1020|1716
0|697|1020|1717
0|697|1021|1718
0|698|1021|1719
0|698|1022|1720
0|699|1022|1721
0|699|1023|1722
0|700|1023|1723
0|700|1024|1724
0|701|1024|1725
0|701|1025|1726
0|702|1025|1727
0|702|1026|1728
0|703|1026|1729
0|703|1027|1730
0|704|1027|1731
0|704|1028|1732
0|705|1028|1733
0|705|1029|1734
0|706|1029|1735
0|706|1030|1736
0|707|1030|1737
0|707|1031|1738
0|708|1031|1739
0|708|1032|1740
0|709|1032|1741
0|709|1033|1742
0|710|1033|1743
0|710|1034|1744
0|711|1034|1745
0|711|1035|1746
0|712|1035|1747
0|712|1036|1748
0|713|1036|1749
0|713|1037|1750
0|714|1037|1751
0|714|1038|1752
0|715|1038|1753
0|715|1039|1754
0|716|1039|1755
0|716|1040|1756
0|717|1040|1757
0|717|1041|1758
0|718|1041|1759
0|718|1042|1760
0|719|1042|1761
0|719|1043|1762
0|720|1043|1763
0|720|1044|1764
0|721|1044|1765
0|721|1045|1766
0|722|1045|1767
0|722|1046|1768
0|723|1046|1769
0|723|1047|1770
0|724|1047|1771
0|724|1048|1772
0|724|1049|1773
0|724|1050|1774
0|725|1050|1775
0|725|1051|1776
0|726|1051|1777
0|726|1052|1778
0|727|1052|1779
0|727|1053|1780
0|727|1054|1781
0|727|1055|1782
0|728|1055|1783
0|728|1056|1784
0|729|1056|1785
0|729|1057|1786
0|730|1057|1787
0|730|1058|1788
0|730|1059|1789
0|730|1060|1790
0|730|1061|1791
0|730|1062|1792
0|731|1062|1793
0|731|1063|1794
0|732|1063|1795
0|732|1064|1796
0|733|1064|1797
0|733|1065|1798
0|734|1065|1799
0|734|1066|1800
0|735|1066|1801
0|735|1067|1802
0|736|1067|1803
0|736|1068|1804
0|737|1068|1805
0|737|1069|1806
0|738|1069|1807
0|738|1070|1808
0|739|1070|1809
0|739|1071|1810
0|740|1071|1811
0|740|1072|1812
0|741|1072|1813
0|741|1073|1814
0|742|1073|1815
0|742|1074|1816
0|743|1074|1817
0|743|1075|1818
0|744|1075|1819
0|744|1076|1820
0|745|1076|1821
0|745|1077|1822
0|746|1077|1823
0|746|1078|1824
0|747|1078|1825
0|747|1079|1826
0|748|1079|1827
0|748|1080|1828
0|749|1080|1829
0|749|1081|1830
0|750|1081|1831
0|750|1082|1832
0|751|1082|1833
0|751|1083|1834
0|752|1083|1835
0|752|1084|1836
0|753|1084|1837
0|753|1085|1838
0|754|1085|1839
0|754|1086|1840
0|755|1086|1841
0|755|1087|1842
0|756|1087|1843
0|756|1088|1844
0|757|1088|1845
0|757|1089|1846
0|758|1089|1847
0|758|1090|1848
0|759|1090|1849
0|759|1091|1850
0|760|1091|1851
0|760|1092|1852
0|761|1092|1853
0|761|1093|1854
0|762|1093|1855
0|762|1094|1856
0|763|1094|1857
0|763|1095|1858
0|764|1095|1859
0|764|1096|1860
0|765|1096|1861
0|765|1097|1862
0|766|1097|1863
0|766|1098|1864
0|767|1098|1865
0|767|1099|1866
0|768|1099|1867
0|768|1100|1868
0|769|1100|1869
0|769|1101|1870
0|770|1101|1871
0|770|1102|1872
0|771|1102|1873
0|771|1103|1874
0|772|1103|1875
0|772|1104|1876
0|773|1104|1877
0|773|1105|1878
0|774|1105|1879
0|774|1106|1880
0|775|1106|1881
0|775|1107|1882
0|776|1107|1883
0|776|1108|1884
0|777|1108|1885
0|777|1109|1886
0|778|1109|1887
0|778|1110|1888
0|779|1110|1889
0|779|1111|1890
0|780|1111|1891
0|780|1112|1892
0|781|1112|1893
0|781|1113|1894
0|782|1113|1895
0|782|1114|1896
0|783|1114|1897
0|783|1115|1898
0|784|1115|1899
0|784|1116|1900
0|785|1116|1901
0|785|1117|1902
0|786|1117|1903
0|786|1118|1904
0|787|1118|1905
0|787|1119|1906
0|788|1119|1907
0|788|1120|1908
0|789|1120|1909
0|789|1121|1910
0|790|1121|1911
0|790|1122|1912
0|791|1122|1913
0|791|1123|1914
0|792|1123|1915
0|792|1124|1916
0|793|1124|1917
0|793|1125|1918
0|794|1125|1919
0|794|1126|1920
0|795|1126|1921
0|795|1127|1922
0|796|1127|1923
0|796|1128|1924
0|797|1128|1925
0|797|1129|1926
0|798|1129|1927
0|798|1130|1928
0|799|1130|1929
0|799|1131|1930
0|800|1131|1931
0|800|1132|1932
0|801|1132|1933
0|801|1133|1934
0|802|1133|1935
0|802|1134|1936
0|803|1134|1937
0|803|1135|1938
0|804|1135|1939
0|804|1136|1940
0|805|1136|1941
0|805|1137|1942
0|806|1137|1943
0|806|1138|1944
0|807|1138|1945
0|807|1139|1946
0|808|1139|1947
0|808|1140|1948
0|809|1140|1949
0|809|1141|1950
0|810|1141|1951
0|810|1142|1952
0|811|1142|1953
0|811|1143|1954
0|812|1143|1955
0|812|1144|1956
0|813|1144|1957
0|813|1145|1958
0|814|1145|1959
0|814|1146|1960
0|815|1146|1961
0|815|1147|1962
0|816|1147|1963
0|816|1148|1964
0|817|1148|1965
0|817|1149|1966
0|818|1149|1967
0|818|1150|1968
0|819|1150|1969
0|819|1151|1970
0|820|1151|1971
0|820|1152|1972
0|821|1152|1973
0|821|1153|1974
0|822|1153|1975
0|822|1154|1976
0|823|1154|1977
0|823|1155|1978
0|824|1155|1979
0|824|1156|1980
0|825|1156|1981
0|825|1157|1982
0|826|1157|1983
0|826|1158|1984
0|827|1158|1985
0|827|1159|1986
0|828|1159|1987
0|828|1160|1988
0|829|1160|1989
0|829|1161|1990
0|830|1161|1991
0|830|1162|1992
0|831|1162|1993
0|831|1163|1994
0|832|1163|1995
0|832|1164|1996
0|833|1164|1997
0|833|1165|1998
0|834|1165|1999
0|834|1166|2000
