total
0|0|1|1
0|1|1|2
0|1|2|3
0|2|2|4
0|2|3|5
0|3|3|6
0|3|4|7
0|4|4|8
0|4|5|9
0|5|5|10
0|5|6|11
0|6|6|12
0|6|7|13
0|7|7|14
0|7|8|15
0|8|8|16
0|8|9|17
0|9|9|18
0|9|10|19
0|10|10|20
0|10|11|21
0|11|11|22
0|11|12|23
0|12|12|24
0|12|13|25
0|13|13|26
0|13|14|27
0|14|14|28
0|14|15|29
0|14|16|30
0|14|17|31
0|14|18|32
0|14|19|33
0|14|20|34
0|14|21|35
0|14|22|36
0|14|23|37
0|14|24|38
0|14|25|39
0|14|26|40
0|14|27|41
0|14|28|42
0|14|29|43
0|14|30|44
0|14|31|45
0|14|32|46
0|14|33|47
0|14|34|48
0|14|35|49
0|14|36|50
0|14|37|51
0|14|38|52
0|14|39|53
0|14|40|54
0|14|41|55
0|14|42|56
0|14|43|57
0|14|44|58
0|14|45|59
0|14|46|60
0|14|47|61
0|14|48|62
0|14|49|63
0|14|50|64
0|14|51|65
0|15|51|66
0|15|52|67
0|16|52|68
0|16|53|69
0|17|53|70
0|17|54|71
0|18|54|72
0|18|55|73
0|19|55|74
0|19|56|75
0|20|56|76
0|20|57|77
0|21|57|78
0|21|58|79
0|22|58|80
0|22|59|81
0|23|59|82
0|23|60|83
0|24|60|84
0|24|61|85
0|25|61|86
0|25|62|87
0|26|62|88
0|26|63|89
0|27|63|90
0|27|64|91
0|28|64|92
0|28|65|93
0|29|65|94
0|29|66|95
0|30|66|96
0|30|67|97
0|31|67|98
0|31|68|99
0|32|68|100
0|32|69|101
0|33|69|102
0|33|70|103
0|34|70|104
0|34|71|105
0|35|71|106
0|35|72|107
0|36|72|108
0|36|73|109
0|37|73|110
0|37|74|111
0|38|74|112
0|38|75|113
0|39|75|114
0|39|76|115
0|40|76|116
0|40|77|117
0|41|77|118
0|41|78|119
0|42|78|120
0|42|79|121
0|43|79|122
0|43|80|123
0|44|80|124
0|44|81|125
0|45|81|126
0|45|82|127
0|46|82|128
0|46|83|129
0|47|83|130
0|47|84|131
0|48|84|132
0|48|85|133
0|49|85|134
0|49|86|135
0|50|86|136
0|50|87|137
0|51|87|138
0|51|88|139
0|52|88|140
0|52|89|141
0|53|89|142
0|53|90|143
0|54|90|144
0|54|91|145
0|55|91|146
0|55|92|147
0|56|92|148
0|56|93|149
0|57|93|150
0|57|94|151
0|58|94|152
0|58|95|153
0|59|95|154
0|59|96|155
0|60|96|156
0|60|97|157
0|61|97|158
0|61|98|159
0|62|98|160
0|62|99|161
0|63|99|162
0|63|100|163
0|64|100|164
0|64|101|165
0|65|101|166
0|65|102|167
0|66|102|168
0|66|103|169
0|67|103|170
0|67|104|171
0|68|104|172
0|68|105|173
0|69|105|174
0|69|106|175
0|70|106|176
0|70|107|177
0|71|107|178
0|71|108|179
0|72|108|180
0|72|109|181
0|73|109|182
0|73|110|183
0|74|110|184
0|74|111|185
0|75|111|186
0|75|112|187
0|76|112|188
0|76|113|189
0|77|113|190
0|77|114|191
0|78|114|192
0|78|115|193
0|79|115|194
0|79|116|195
0|80|116|196
0|80|117|197
0|81|117|198
0|81|118|199
0|82|118|200
0|82|119|201
0|83|119|202
0|83|120|203
0|84|120|204
0|84|121|205
0|85|121|206
0|85|122|207
0|86|122|208
0|86|123|209
0|86|124|210
0|86|125|211
0|87|125|212
0|87|126|213
0|88|126|214
0|88|127|215
0|89|127|216
0|89|128|217
0|90|128|218
0|90|129|219
0|91|129|220
0|91|130|221
0|92|130|222
0|92|131|223
0|93|131|224
0|93|132|225
0|94|132|226
0|94|133|227
0|94|134|228
0|94|135|229
0|95|135|230
0|95|136|231
0|96|136|232
0|96|137|233
0|97|137|234
0|97|138|235
0|98|138|236
0|98|139|237
0|99|139|238
0|99|140|239
0|100|140|240
0|100|141|241
0|100|142|242
0|100|143|243
0|101|143|244
0|101|144|245
0|101|145|246
0|101|146|247
0|101|147|248
0|101|148|249
0|101|149|250
0|101|150|251
0|101|151|252
0|101|152|253
0|102|152|254
0|102|153|255
0|102|154|256
0|102|155|257
0|102|156|258
0|102|157|259
0|103|157|260
0|103|158|261
0|104|158|262
0|104|159|263
0|104|160|264
0|104|161|265
0|104|162|266
0|104|163|267
0|104|164|268
0|104|165|269
0|105|165|270
0|105|166|271
0|106|166|272
0|106|167|273
0|106|168|274
0|106|169|275
0|106|170|276
0|106|171|277
0|106|172|278
0|106|173|279
0|106|174|280
0|106|175|281
0|107|175|282
0|107|176|283
0|108|176|284
0|108|177|285
0|109|177|286
0|109|178|287
0|109|179|288
0|109|180|289
0|110|180|290
0|110|181|291
0|111|181|292
0|111|182|293
0|112|182|294
0|112|183|295
0|112|184|296
0|112|185|297
0|112|186|298
0|112|187|299
0|112|188|300
0|112|189|301
0|112|190|302
0|112|191|303
0|113|191|304
0|113|192|305
0|114|192|306
0|114|193|307
0|115|193|308
0|115|194|309
0|115|195|310
0|115|196|311
0|116|196|312
0|116|197|313
0|117|197|314
0|117|198|315
0|118|198|316
0|118|199|317
0|119|199|318
0|119|200|319
0|120|200|320
0|120|201|321
0|121|201|322
0|121|202|323
0|122|202|324
0|122|203|325
0|123|203|326
0|123|204|327
0|124|204|328
0|124|205|329
0|125|205|330
0|125|206|331
0|126|206|332
0|126|207|333
0|127|207|334
0|127|208|335
0|128|208|336
0|128|209|337
0|129|209|338
0|129|210|339
0|130|210|340
0|130|211|341
0|131|211|342
0|131|212|343
0|132|212|344
0|132|213|345
0|133|213|346
0|133|214|347
0|134|214|348
0|134|215|349
0|135|215|350
0|135|216|351
0|136|216|352
0|136|217|353
0|137|217|354
0|137|218|355
0|138|218|356
0|138|219|357
0|139|219|358
0|139|220|359
0|140|220|360
0|140|221|361
0|141|221|362
0|141|222|363
0|142|222|364
0|142|223|365
0|143|223|366
0|143|224|367
0|144|224|368
0|144|225|369
0|145|225|370
0|145|226|371
0|146|226|372
0|146|227|373
0|147|227|374
0|147|228|375
0|148|228|376
0|148|229|377
0|149|229|378
0|149|230|379
0|150|230|380
0|150|231|381
0|151|231|382
0|151|232|383
0|152|232|384
0|152|233|385
0|153|233|386
0|153|234|387
0|154|234|388
0|154|235|389
0|155|235|390
0|155|236|391
0|156|236|392
0|156|237|393
0|157|237|394
0|157|238|395
0|158|238|396
0|158|239|397
0|159|239|398
0|159|240|399
0|160|240|400
0|160|241|401
0|161|241|402
0|161|242|403
0|162|242|404
0|162|243|405
0|162|244|406
0|162|245|407
0|163|245|408
0|163|246|409
0|164|246|410
0|164|247|411
0|165|247|412
0|165|248|413
0|165|249|414
0|165|250|415
0|166|250|416
0|166|251|417
0|167|251|418
0|167|252|419
0|168|252|420
0|168|253|421
0|169|253|422
0|169|254|423
0|170|254|424
0|170|255|425
0|171|255|426
0|171|256|427
0|172|256|428
0|172|257|429
0|173|257|430
0|173|258|431
0|174|258|432
0|174|259|433
0|175|259|434
0|175|260|435
0|176|260|436
0|176|261|437
0|177|261|438
0|177|262|439
0|178|262|440
0|178|263|441
0|179|263|442
0|179|264|443
0|180|264|444
0|180|265|445
0|181|265|446
0|181|266|447
0|182|266|448
0|182|267|449
0|183|267|450
0|183|268|451
0|184|268|452
0|184|269|453
0|185|269|454
0|185|270|455
0|186|270|456
0|186|271|457
0|187|271|458
0|187|272|459
0|188|272|460
0|188|273|461
0|189|273|462
0|189|274|463
0|190|274|464
0|190|275|465
0|191|275|466
0|191|276|467
0|192|276|468
0|192|277|469
0|193|277|470
0|193|278|471
0|194|278|472
0|194|279|473
0|195|279|474
0|195|280|475
0|196|280|476
0|196|281|477
0|197|281|478
0|197|282|479
0|198|282|480
0|198|283|481
0|199|283|482
0|199|284|483
0|200|284|484
0|200|285|485
0|201|285|486
0|201|286|487
0|202|286|488
0|202|287|489
0|203|287|490
0|203|288|491
0|204|288|492
0|204|289|493
0|205|289|494
0|205|290|495
0|206|290|496
0|206|291|497
0|207|291|498
0|207|292|499
0|208|292|500
0|208|293|501
0|209|293|502
0|209|294|503
0|210|294|504
0|210|295|505
0|211|295|506
0|211|296|507
0|212|296|508
0|212|297|509
0|213|297|510
0|213|298|511
0|214|298|512
0|214|299|513
0|215|299|514
0|215|300|515
0|216|300|516
0|216|301|517
0|217|301|518
0|217|302|519
0|218|302|520
0|218|303|521
0|219|303|522
0|219|304|523
0|220|304|524
0|220|305|525
0|221|305|526
0|221|306|527
0|222|306|528
0|222|307|529
0|223|307|530
0|223|308|531
0|224|308|532
0|224|309|533
0|225|309|534
0|225|310|535
0|226|310|536
0|226|311|537
0|227|311|538
0|227|312|539
0|228|312|540
0|228|313|541
0|229|313|542
0|229|314|543
0|230|314|544
0|230|315|545
0|231|315|546
0|231|316|547
0|232|316|548
0|232|317|549
0|233|317|550
0|234|318|552
0|235|318|553
0|235|319|554
0|236|319|555
0|236|320|556
0|237|320|557
0|237|321|558
0|238|321|559
0|238|322|560
0|239|322|561
0|239|323|562
0|240|323|563
0|240|324|564
0|241|324|565
0|241|325|566
0|242|325|567
0|242|326|568
0|243|326|569
0|243|327|570
0|244|327|571
0|244|328|572
0|245|328|573
0|245|329|574
0|246|329|575
0|246|330|576
0|247|330|577
0|247|331|578
0|248|331|579
0|248|332|580
0|249|332|581
0|249|333|582
0|250|333|583
0|250|334|584
0|251|334|585
0|251|335|586
0|252|335|587
0|252|336|588
0|253|336|589
0|253|337|590
0|254|337|591
0|254|338|592
0|255|338|593
0|255|339|594
0|256|339|595
0|256|340|596
0|257|340|597
0|257|341|598
0|258|341|599
0|258|342|600
0|259|342|601
0|259|343|602
0|260|343|603
0|260|344|604
0|261|344|605
0|261|345|606
0|262|345|607
0|262|346|608
0|263|346|609
0|263|347|610
0|264|347|611
0|264|348|612
0|265|348|613
0|265|349|614
0|266|349|615
0|266|350|616
0|267|350|617
0|267|351|618
0|268|351|619
0|268|352|620
0|269|352|621
0|269|353|622
0|270|353|623
0|270|354|624
0|271|354|625
0|271|355|626
0|272|355|627
0|272|356|628
0|273|356|629
0|273|357|630
0|274|357|631
0|274|358|632
0|275|358|633
0|275|359|634
0|276|359|635
0|276|360|636
0|277|360|637
0|277|361|638
0|278|361|639
0|278|362|640
0|279|362|641
0|279|363|642
0|280|363|643
0|280|364|644
0|281|364|645
0|281|365|646
0|282|365|647
0|282|366|648
0|283|366|649
0|283|367|650
0|284|367|651
0|284|368|652
0|285|368|653
0|285|369|654
0|286|369|655
0|286|370|656
0|287|370|657
0|287|371|658
0|288|371|659
0|288|372|660
0|289|372|661
0|289|373|662
0|290|373|663
0|290|374|664
0|291|374|665
0|291|375|666
0|292|375|667
0|292|376|668
0|293|376|669
0|293|377|670
0|294|377|671
0|294|378|672
0|295|378|673
0|295|379|674
0|296|379|675
0|296|380|676
0|297|380|677
0|297|381|678
0|298|381|679
0|298|382|680
0|299|382|681
0|299|383|682
0|300|383|683
0|300|384|684
0|301|384|685
0|301|385|686
0|302|385|687
0|302|386|688
0|303|386|689
0|303|387|690
0|304|387|691
0|304|388|692
0|305|388|693
0|305|389|694
0|306|389|695
0|306|390|696
0|307|390|697
0|307|391|698
0|308|391|699
0|308|392|700
0|309|392|701
0|309|393|702
0|310|393|703
0|310|394|704
0|311|394|705
0|311|395|706
0|312|395|707
0|312|396|708
0|313|396|709
0|313|397|710
0|314|397|711
0|314|398|712
0|314|399|713
0|314|400|714
0|314|401|715
0|314|402|716
0|314|403|717
0|314|404|718
0|314|405|719
0|314|406|720
0|314|407|721
0|314|408|722
0|314|409|723
0|314|410|724
0|314|411|725
0|314|412|726
0|314|413|727
0|314|414|728
0|314|415|729
0|314|416|730
0|314|417|731
0|314|418|732
0|314|419|733
0|314|420|734
0|314|421|735
0|314|422|736
0|314|423|737
0|314|424|738
0|314|425|739
0|314|426|740
0|314|427|741
0|314|428|742
0|314|429|743
0|314|430|744
0|314|431|745
0|314|432|746
0|314|433|747
0|314|434|748
0|315|434|749
0|315|435|750
0|316|435|751
0|316|436|752
0|317|436|753
0|317|437|754
0|318|437|755
0|318|438|756
0|319|438|757
0|319|439|758
0|320|439|759
0|320|440|760
0|321|440|761
0|321|441|762
0|322|441|763
0|322|442|764
0|323|442|765
0|323|443|766
0|324|443|767
0|324|444|768
0|325|444|769
0|325|445|770
0|326|445|771
0|326|446|772
0|327|446|773
0|327|447|774
0|328|447|775
0|328|448|776
0|329|448|777
0|329|449|778
0|330|449|779
0|330|450|780
0|331|450|781
0|331|451|782
0|332|451|783
0|332|452|784
0|333|452|785
0|333|453|786
0|334|453|787
0|334|454|788
0|335|454|789
0|335|455|790
0|336|455|791
0|336|456|792
0|337|456|793
0|337|457|794
0|338|457|795
0|338|458|796
0|339|458|797
0|339|459|798
0|340|459|799
0|340|460|800
0|341|460|801
0|341|461|802
0|342|461|803
0|342|462|804
0|343|462|805
0|343|463|806
0|344|463|807
0|344|464|808
0|345|464|809
0|345|465|810
0|346|465|811
0|346|466|812
0|347|466|813
0|347|467|814
0|348|467|815
0|348|468|816
0|349|468|817
0|349|469|818
0|350|469|819
0|350|470|820
0|351|470|821
0|351|471|822
0|352|471|823
0|352|472|824
0|353|472|825
0|353|473|826
0|354|473|827
0|354|474|828
0|355|474|829
0|355|475|830
0|356|475|831
0|356|476|832
0|357|476|833
0|357|477|834
0|358|477|835
0|358|478|836
0|359|478|837
0|359|479|838
0|360|479|839
0|360|480|840
0|361|480|841
0|361|481|842
0|362|481|843
0|362|482|844
0|363|482|845
0|363|483|846
0|364|483|847
0|364|484|848
0|365|484|849
0|365|485|850
0|366|485|851
0|366|486|852
0|367|486|853
0|367|487|854
0|368|487|855
0|368|488|856
0|368|489|857
0|368|490|858
0|368|491|859
0|368|492|860
0|368|493|861
0|368|494|862
0|368|495|863
0|368|496|864
0|368|497|865
0|368|498|866
0|368|499|867
0|368|500|868
0|368|501|869
0|368|502|870
0|368|503|871
0|368|504|872
0|368|505|873
0|368|506|874
0|368|507|875
0|368|508|876
0|368|509|877
0|368|510|878
0|368|511|879
0|368|512|880
0|368|513|881
0|368|514|882
0|368|515|883
0|368|516|884
0|368|517|885
0|368|518|886
0|368|519|887
0|368|520|888
0|368|521|889
0|368|522|890
0|368|523|891
0|368|524|892
0|369|524|893
0|369|525|894
0|370|525|895
0|370|526|896
0|371|526|897
0|371|527|898
0|372|527|899
0|372|528|900
0|373|528|901
0|373|529|902
0|374|529|903
0|374|530|904
0|375|530|905
0|375|531|906
0|376|531|907
0|376|532|908
0|377|532|909
0|377|533|910
0|377|534|911
0|377|535|912
0|378|535|913
0|378|536|914
0|379|536|915
0|379|537|916
0|380|537|917
0|380|538|918
0|380|539|919
0|380|540|920
0|381|540|921
0|381|541|922
0|382|541|923
0|382|542|924
0|383|542|925
0|383|543|926
0|383|544|927
0|383|545|928
0|384|545|929
0|384|546|930
0|385|546|931
0|385|547|932
0|385|548|933
0|385|549|934
0|386|549|935
0|386|550|936
0|387|550|937
0|387|551|938
0|387|552|939
0|387|553|940
0|388|553|941
0|388|554|942
0|389|554|943
0|389|555|944
0|390|555|945
0|390|556|946
0|390|557|947
0|390|558|948
0|391|558|949
0|391|559|950
0|391|560|951
0|391|561|952
0|391|562|953
0|391|563|954
0|391|564|955
0|391|565|956
0|391|566|957
0|391|567|958
0|391|568|959
0|391|569|960
0|392|569|961
0|392|570|962
0|392|571|963
0|392|572|964
0|393|572|965
0|393|573|966
0|394|573|967
0|394|574|968
0|395|574|969
0|395|575|970
0|396|575|971
0|396|576|972
0|397|576|973
0|397|577|974
0|398|577|975
0|398|578|976
0|398|579|977
0|398|580|978
0|399|580|979
0|399|581|980
0|399|582|981
0|399|583|982
0|400|583|983
0|400|584|984
0|400|585|985
0|400|586|986
0|400|587|987
0|400|588|988
0|401|588|989
0|401|589|990
0|401|590|991
0|401|591|992
0|401|592|993
0|401|593|994
0|402|593|995
0|402|594|996
0|403|594|997
0|403|595|998
0|403|596|999
0|403|597|1000
0|404|597|1001
0|404|598|1002
0|405|598|1003
0|405|599|1004
0|406|599|1005
0|406|600|1006
0|407|600|1007
0|407|601|1008
0|408|601|1009
0|408|602|1010
0|409|602|1011
0|409|603|1012
0|410|603|1013
0|410|604|1014
0|411|604|1015
0|411|605|1016
0|412|605|1017
0|412|606|1018
0|413|606|1019
0|413|607|1020
0|414|607|1021
0|414|608|1022
0|415|608|1023
0|415|609|1024
0|416|609|1025
0|416|610|1026
0|417|610|1027
0|417|611|1028
0|418|611|1029
0|418|612|1030
0|419|612|1031
0|419|613|1032
0|420|613|1033
0|420|614|1034
0|421|614|1035
0|421|615|1036
0|422|615|1037
0|422|616|1038
0|423|616|1039
0|423|617|1040
0|424|617|1041
0|424|618|1042
0|425|618|1043
0|425|619|1044
0|426|619|1045
0|426|620|1046
0|427|620|1047
0|427|621|1048
0|428|621|1049
0|428|622|1050
0|429|622|1051
0|429|623|1052
0|430|623|1053
0|430|624|1054
0|431|624|1055
0|431|625|1056
0|432|625|1057
0|432|626|1058
0|433|626|1059
0|433|627|1060
0|434|627|1061
0|434|628|1062
0|435|628|1063
0|435|629|1064
0|436|629|1065
0|436|630|1066
0|437|630|1067
0|437|631|1068
0|438|631|1069
0|438|632|1070
0|439|632|1071
0|439|633|1072
0|440|633|1073
0|440|634|1074
0|441|634|1075
0|441|635|1076
0|442|635|1077
0|442|636|1078
0|443|636|1079
0|443|637|1080
0|444|637|1081
0|444|638|1082
0|445|638|1083
0|445|639|1084
0|446|639|1085
0|446|640|1086
0|447|640|1087
0|447|641|1088
0|447|642|1089
0|447|643|1090
0|448|643|1091
0|448|644|1092
0|449|644|1093
0|449|645|1094
0|450|645|1095
0|450|646|1096
0|450|647|1097
0|450|648|1098
0|451|648|1099
0|451|649|1100
0|452|649|1101
0|452|650|1102
0|453|650|1103
0|453|651|1104
0|454|651|1105
0|454|652|1106
0|455|652|1107
0|455|653|1108
0|456|653|1109
0|456|654|1110
0|457|654|1111
0|457|655|1112
0|458|655|1113
0|458|656|1114
0|459|656|1115
0|459|657|1116
0|460|657|1117
0|460|658|1118
0|461|658|1119
0|461|659|1120
0|462|659|1121
0|462|660|1122
0|463|660|1123
0|463|661|1124
0|464|661|1125
0|464|662|1126
0|465|662|1127
0|465|663|1128
0|466|663|1129
0|466|664|1130
0|467|664|1131
0|467|665|1132
0|468|665|1133
0|468|666|1134
0|469|666|1135
0|469|667|1136
0|470|667|1137
0|470|668|1138
0|471|668|1139
0|471|669|1140
0|472|669|1141
0|472|670|1142
0|473|670|1143
0|473|671|1144
0|474|671|1145
0|474|672|1146
0|475|672|1147
0|475|673|1148
0|476|673|1149
0|476|674|1150
0|477|674|1151
0|477|675|1152
0|478|675|1153
0|478|676|1154
0|479|676|1155
0|479|677|1156
0|480|677|1157
0|480|678|1158
0|481|678|1159
0|481|679|1160
0|482|679|1161
0|482|680|1162
0|483|680|1163
0|483|681|1164
0|484|681|1165
0|484|682|1166
0|485|682|1167
0|485|683|1168
0|486|683|1169
0|486|684|1170
0|487|684|1171
0|487|685|1172
0|488|685|1173
0|488|686|1174
0|489|686|1175
0|489|687|1176
0|490|687|1177
0|490|688|1178
0|491|688|1179
0|491|689|1180
0|492|689|1181
0|492|690|1182
0|493|690|1183
0|493|691|1184
0|494|691|1185
0|494|692|1186
0|495|692|1187
0|495|693|1188
0|496|693|1189
0|496|694|1190
0|497|694|1191
0|497|695|1192
0|498|695|1193
0|498|696|1194
0|499|696|1195
0|499|697|1196
0|500|697|1197
0|500|698|1198
0|501|698|1199
0|501|699|1200
0|502|699|1201
0|502|700|1202
0|503|700|1203
0|503|701|1204
0|504|701|1205
0|504|702|1206
0|505|702|1207
0|505|703|1208
0|506|703|1209
0|506|704|1210
0|507|704|1211
0|507|705|1212
0|508|705|1213
0|508|706|1214
0|509|706|1215
0|509|707|1216
0|510|707|1217
0|510|708|1218
0|511|708|1219
0|511|709|1220
0|512|709|1221
0|512|710|1222
0|513|710|1223
0|513|711|1224
0|514|711|1225
0|514|712|1226
0|515|712|1227
0|515|713|1228
0|516|713|1229
0|516|714|1230
0|517|714|1231
0|517|715|1232
0|518|715|1233
0|518|716|1234
0|519|716|1235
0|519|717|1236
0|520|717|1237
0|520|718|1238
0|521|718|1239
0|521|719|1240
0|522|719|1241
0|522|720|1242
0|523|720|1243
0|523|721|1244
0|524|721|1245
0|524|722|1246
0|525|722|1247
0|525|723|1248
0|526|723|1249
0|526|724|1250
0|527|724|1251
0|527|725|1252
0|528|725|1253
0|528|726|1254
0|529|726|1255
0|529|727|1256
0|530|727|1257
0|530|728|1258
0|531|728|1259
0|531|729|1260
0|532|729|1261
0|532|730|1262
0|533|730|1263
0|533|731|1264
0|534|731|1265
0|534|732|1266
0|535|732|1267
0|535|733|1268
0|536|733|1269
0|536|734|1270
0|537|734|1271
0|537|735|1272
0|538|735|1273
0|538|736|1274
0|539|736|1275
0|539|737|1276
0|540|737|1277
0|540|738|1278
0|541|738|1279
0|541|739|1280
0|542|739|1281
0|542|740|1282
0|543|740|1283
0|543|741|1284
0|544|741|1285
0|544|742|1286
0|545|742|1287
0|545|743|1288
0|546|743|1289
0|546|744|1290
0|547|744|1291
0|547|745|1292
0|548|745|1293
0|548|746|1294
0|549|746|1295
0|549|747|1296
0|550|747|1297
0|550|748|1298
0|551|748|1299
0|551|749|1300
0|552|749|1301
0|552|750|1302
0|553|750|1303
0|553|751|1304
0|554|751|1305
0|554|752|1306
0|555|752|1307
0|555|753|1308
0|556|753|1309
0|556|754|1310
0|557|754|1311
0|557|755|1312
0|558|755|1313
0|558|756|1314
0|559|756|1315
0|559|757|1316
0|560|757|1317
0|560|758|1318
0|561|758|1319
0|561|759|1320
0|562|759|1321
0|562|760|1322
0|563|760|1323
0|563|761|1324
0|564|761|1325
0|564|762|1326
0|565|762|1327
0|565|763|1328
0|566|763|1329
0|566|764|1330
0|567|764|1331
0|567|765|1332
0|568|765|1333
0|568|766|1334
0|569|766|1335
0|569|767|1336
0|570|767|1337
0|570|768|1338
0|571|768|1339
0|571|769|1340
0|572|769|1341
0|572|770|1342
0|573|770|1343
0|573|771|1344
0|574|771|1345
0|574|772|1346
0|575|772|1347
0|575|773|1348
0|576|773|1349
0|576|774|1350
0|577|774|1351
0|577|775|1352
0|578|775|1353
0|578|776|1354
0|579|776|1355
0|579|777|1356
0|580|777|1357
0|580|778|1358
0|581|778|1359
0|581|779|1360
0|582|779|1361
0|582|780|1362
0|583|780|1363
0|583|781|1364
0|584|781|1365
0|584|782|1366
0|585|782|1367
0|585|783|1368
0|586|783|1369
0|586|784|1370
0|587|784|1371
0|587|785|1372
0|588|785|1373
0|588|786|1374
0|589|786|1375
0|589|787|1376
0|590|787|1377
0|590|788|1378
0|591|788|1379
0|591|789|1380
0|592|789|1381
0|592|790|1382
0|593|790|1383
0|593|791|1384
0|594|791|1385
0|594|792|1386
0|595|792|1387
0|595|793|1388
0|596|793|1389
0|596|794|1390
0|597|794|1391
0|597|795|1392
0|598|795|1393
0|598|796|1394
0|599|796|1395
0|599|797|1396
0|599|798|1397
0|599|799|1398
0|599|800|1399
0|599|801|1400
0|599|802|1401
0|599|803|1402
0|599|804|1403
0|599|805|1404
0|599|806|1405
0|599|807|1406
0|599|808|1407
0|599|809|1408
0|599|810|1409
0|599|811|1410
0|599|812|1411
0|599|813|1412
0|599|814|1413
0|599|815|1414
0|599|816|1415
0|599|817|1416
0|599|818|1417
0|599|819|1418
0|599|820|1419
0|599|821|1420
0|599|822|1421
0|599|823|1422
0|599|824|1423
0|599|825|1424
0|599|826|1425
0|599|827|1426
0|599|828|1427
0|599|829|1428
0|599|830|1429
0|599|831|1430
0|599|832|1431
0|599|833|1432
0|600|833|1433
0|600|834|1434
0|601|834|1435
0|601|835|1436
0|602|835|1437
0|602|836|1438
0|603|836|1439
0|603|837|1440
0|604|837|1441
0|604|838|1442
0|605|838|1443
0|605|839|1444
0|606|839|1445
0|606|840|1446
0|607|840|1447
0|607|841|1448
0|608|841|1449
0|608|842|1450
0|609|842|1451
0|609|843|1452
0|610|843|1453
0|610|844|1454
0|611|844|1455
0|611|845|1456
0|612|845|1457
0|612|846|1458
0|613|846|1459
0|613|847|1460
0|614|847|1461
0|614|848|1462
0|615|848|1463
0|615|849|1464
0|616|849|1465
0|616|850|1466
0|617|850|1467
0|617|851|1468
0|618|851|1469
0|618|852|1470
0|619|852|1471
0|619|853|1472
0|620|853|1473
0|620|854|1474
0|621|854|1475
0|621|855|1476
0|622|855|1477
0|622|856|1478
0|623|856|1479
0|623|857|1480
0|624|857|1481
0|624|858|1482
0|625|858|1483
0|625|859|1484
0|626|859|1485
0|626|860|1486
0|627|860|1487
0|627|861|1488
0|628|861|1489
0|628|862|1490
0|629|862|1491
0|629|863|1492
0|630|863|1493
0|630|864|1494
0|631|864|1495
0|631|865|1496
0|632|865|1497
0|632|866|1498
0|633|866|1499
0|633|867|1500
0|634|867|1501
0|634|868|1502
0|635|868|1503
0|635|869|1504
0|636|869|1505
0|636|870|1506
0|637|870|1507
0|637|871|1508
0|638|871|1509
0|638|872|1510
0|639|872|1511
0|639|873|1512
0|640|873|1513
0|640|874|1514
0|641|874|1515
0|641|875|1516
0|642|875|1517
0|642|876|1518
0|643|876|1519
0|643|877|1520
0|644|877|1521
0|644|878|1522
0|645|878|1523
0|645|879|1524
0|646|879|1525
0|646|880|1526
0|647|880|1527
0|647|881|1528
0|648|881|1529
0|648|882|1530
0|649|882|1531
0|649|883|1532
0|650|883|1533
0|650|884|1534
0|651|884|1535
0|651|885|1536
0|652|885|1537
0|652|886|1538
0|653|886|1539
0|653|887|1540
0|653|888|1541
0|653|889|1542
0|653|890|1543
0|653|891|1544
0|653|892|1545
0|653|893|1546
0|653|894|1547
0|653|895|1548
0|653|896|1549
0|653|897|1550
0|653|898|1551
0|653|899|1552
0|653|900|1553
0|653|901|1554
0|653|902|1555
0|653|903|1556
0|653|904|1557
0|653|905|1558
0|653|906|1559
0|653|907|1560
0|653|908|1561
0|653|909|1562
0|653|910|1563
0|653|911|1564
0|653|912|1565
0|653|913|1566
0|653|914|1567
0|653|915|1568
0|653|916|1569
0|653|917|1570
0|653|918|1571
0|653|919|1572
0|653|920|1573
0|653|921|1574
0|653|922|1575
0|653|923|1576
0|654|923|1577
0|654|924|1578
0|655|924|1579
0|655|925|1580
0|656|925|1581
0|656|926|1582
0|657|926|1583
0|657|927|1584
0|658|927|1585
0|658|928|1586
0|659|928|1587
0|659|929|1588
0|660|929|1589
0|660|930|1590
0|661|930|1591
0|661|931|1592
0|662|931|1593
0|662|932|1594
0|663|932|1595
0|663|933|1596
0|664|933|1597
0|664|934|1598
0|665|934|1599
0|665|935|1600
0|666|935|1601
0|666|936|1602
0|667|936|1603
0|667|937|1604
0|668|937|1605
0|668|938|1606
0|669|938|1607
0|669|939|1608
0|670|939|1609
0|670|940|1610
0|671|940|1611
0|671|941|1612
0|671|942|1613
0|671|943|1614
0|671|944|1615
0|671|945|1616
0|672|945|1617
0|672|946|1618
0|672|947|1619
0|672|948|1620
0|673|948|1621
0|673|949|1622
0|674|949|1623
0|674|950|1624
0|674|951|1625
0|674|952|1626
0|675|952|1627
0|675|953|1628
0|675|954|1629
0|675|955|1630
0|676|955|1631
0|676|956|1632
0|677|956|1633
0|677|957|1634
0|677|958|1635
0|677|959|1636
0|677|960|1637
0|677|961|1638
0|677|962|1639
0|677|963|1640
0|677|964|1641
0|677|965|1642
0|678|965|1643
0|678|966|1644
0|679|966|1645
0|679|967|1646
0|679|968|1647
0|679|969|1648
0|680|969|1649
0|680|970|1650
0|680|971|1651
0|680|972|1652
0|681|972|1653
0|681|973|1654
0|681|974|1655
0|681|975|1656
0|682|975|1657
0|682|976|1658
0|682|977|1659
0|682|978|1660
0|683|978|1661
0|683|979|1662
0|684|979|1663
0|684|980|1664
0|684|981|1665
0|684|982|1666
0|684|983|1667
0|684|984|1668
0|685|984|1669
0|685|985|1670
0|686|985|1671
0|686|986|1672
0|687|986|1673
0|687|987|1674
0|687|988|1675
0|687|989|1676
0|688|989|1677
0|688|990|1678
0|688|991|1679
0|688|992|1680
0|688|993|1681
0|688|994|1682
0|689|994|1683
0|689|995|1684
0|690|995|1685
0|690|996|1686
0|691|996|1687
0|691|997|1688
0|692|997|1689
0|692|998|1690
0|693|998|1691
0|693|999|1692
0|694|999|1693
0|694|1000|1694
0|695|1000|1695
0|695|1001|1696
0|696|1001|1697
0|696|1002|1698
0|697|1002|1699
0|697|1003|1700
0|698|1003|1701
0|698|1004|1702
0|699|1004|1703
0|699|1005|1704
0|700|1005|1705
0|700|1006|1706
0|701|1006|1707
0|701|1007|1708
0|702|1007|1709
0|702|1008|1710
0|703|1008|1711
0|703|1009|1712
0|704|1009|1713
0|704|1010|1714
0|705|1010|1715
0|705|1011|1716
0|706|1011|1717
0|706|1012|1718
0|707|1012|1719
0|707|1013|1720
0|708|1013|1721
0|708|1014|1722
0|709|1014|1723
0|709|1015|1724
0|710|1015|1725
0|710|1016|1726
0|711|1016|1727
0|711|1017|1728
0|712|1017|1729
0|712|1018|1730
0|713|1018|1731
0|713|1019|1732
0|714|1019|1733
0|714|1020|1734
0|715|1020|1735
0|715|1021|1736
0|716|1021|1737
0|716|1022|1738
0|717|1022|1739
0|717|1023|1740
0|718|1023|1741
0|718|1024|1742
0|719|1024|1743
0|719|1025|1744
0|720|1025|1745
0|720|1026|1746
0|721|1026|1747
0|721|1027|1748
0|722|1027|1749
0|722|1028|1750
0|723|1028|1751
0|723|1029|1752
0|724|1029|1753
0|724|1030|1754
0|725|1030|1755
0|725|1031|1756
0|726|1031|1757
0|726|1032|1758
0|727|1032|1759
0|727|1033|1760
0|728|1033|1761
0|728|1034|1762
0|729|1034|1763
0|729|1035|1764
0|730|1035|1765
0|730|1036|1766
0|731|1036|1767
0|731|1037|1768
0|732|1037|1769
0|732|1038|1770
0|733|1038|1771
0|733|1039|1772
0|733|1040|1773
0|733|1041|1774
0|734|1041|1775
0|734|1042|1776
0|735|1042|1777
0|735|1043|1778
0|736|1043|1779
0|736|1044|1780
0|736|1045|1781
0|736|1046|1782
0|737|1046|1783
0|737|1047|1784
0|737|1048|1785
0|737|1049|1786
0|738|1049|1787
0|738|1050|1788
0|739|1050|1789
0|739|1051|1790
0|740|1051|1791
0|740|1052|1792
0|741|1052|1793
0|741|1053|1794
0|742|1053|1795
0|742|1054|1796
0|743|1054|1797
0|743|1055|1798
0|744|1055|1799
0|744|1056|1800
0|745|1056|1801
0|745|1057|1802
0|746|1057|1803
0|746|1058|1804
0|747|1058|1805
0|747|1059|1806
0|748|1059|1807
0|748|1060|1808
0|749|1060|1809
0|749|1061|1810
0|750|1061|1811
0|750|1062|1812
0|751|1062|1813
0|751|1063|1814
0|752|1063|1815
0|752|1064|1816
0|753|1064|1817
0|753|1065|1818
0|754|1065|1819
0|754|1066|1820
0|755|1066|1821
0|755|1067|1822
0|756|1067|1823
0|756|1068|1824
0|757|1068|1825
0|757|1069|1826
0|758|1069|1827
0|758|1070|1828
0|759|1070|1829
0|759|1071|1830
0|760|1071|1831
0|760|1072|1832
0|761|1072|1833
0|761|1073|1834
0|762|1073|1835
0|762|1074|1836
0|763|1074|1837
0|763|1075|1838
0|764|1075|1839
0|764|1076|1840
0|765|1076|1841
0|765|1077|1842
0|766|1077|1843
0|766|1078|1844
0|767|1078|1845
0|767|1079|1846
0|768|1079|1847
0|768|1080|1848
0|769|1080|1849
0|769|1081|1850
0|770|1081|1851
0|770|1082|1852
0|771|1082|1853
0|771|1083|1854
0|772|1083|1855
0|772|1084|1856
0|773|1084|1857
0|773|1085|1858
0|774|1085|1859
0|774|1086|1860
0|775|1086|1861
0|775|1087|1862
0|776|1087|1863
0|776|1088|1864
0|777|1088|1865
0|777|1089|1866
0|778|1089|1867
0|778|1090|1868
0|779|1090|1869
0|779|1091|1870
0|780|1091|1871
0|780|1092|1872
0|781|1092|1873
0|781|1093|1874
0|782|1093|1875
0|782|1094|1876
0|783|1094|1877
0|783|1095|1878
0|784|1095|1879
0|784|1096|1880
0|785|1096|1881
0|785|1097|1882
0|786|1097|1883
0|786|1098|1884
0|787|1098|1885
0|787|1099|1886
0|788|1099|1887
0|788|1100|1888
0|789|1100|1889
0|789|1101|1890
0|790|1101|1891
0|790|1102|1892
0|791|1102|1893
0|791|1103|1894
0|792|1103|1895
0|792|1104|1896
0|793|1104|1897
0|793|1105|1898
0|794|1105|1899
0|794|1106|1900
0|795|1106|1901
0|795|1107|1902
0|796|1107|1903
0|796|1108|1904
0|797|1108|1905
0|797|1109|1906
0|798|1109|1907
0|798|1110|1908
0|799|1110|1909
0|799|1111|1910
0|800|1111|1911
0|800|1112|1912
0|801|1112|1913
0|801|1113|1914
0|802|1113|1915
0|802|1114|1916
0|803|1114|1917
0|803|1115|1918
0|804|1115|1919
0|804|1116|1920
0|805|1116|1921
0|805|1117|1922
0|806|1117|1923
0|806|1118|1924
0|807|1118|1925
0|807|1119|1926
0|808|1119|1927
0|808|1120|1928
0|809|1120|1929
0|809|1121|1930
0|810|1121|1931
0|810|1122|1932
0|811|1122|1933
0|811|1123|1934
0|812|1123|1935
0|812|1124|1936
0|813|1124|1937
0|813|1125|1938
0|814|1125|1939
0|814|1126|1940
0|815|1126|1941
0|815|1127|1942
0|816|1127|1943
0|816|1128|1944
0|817|1128|1945
0|817|1129|1946
0|818|1129|1947
0|818|1130|1948
0|819|1130|1949
0|819|1131|1950
0|820|1131|1951
0|820|1132|1952
0|821|1132|1953
0|821|1133|1954
0|822|1133|1955
0|822|1134|1956
0|823|1134|1957
0|823|1135|1958
0|824|1135|1959
0|824|1136|1960
0|825|1136|1961
0|825|1137|1962
0|826|1137|1963
0|826|1138|1964
0|827|1138|1965
0|827|1139|1966
0|828|1139|1967
0|828|1140|1968
0|829|1140|1969
0|829|1141|1970
0|830|1141|1971
0|830|1142|1972
0|831|1142|1973
0|831|1143|1974
0|832|1143|1975
0|832|1144|1976
0|833|1144|1977
0|833|1145|1978
0|834|1145|1979
0|834|1146|1980
0|835|1146|1981
0|835|1147|1982
0|836|1147|1983
0|836|1148|1984
0|837|1148|1985
0|837|1149|1986
0|838|1149|1987
0|838|1150|1988
0|839|1150|1989
0|839|1151|1990
0|840|1151|1991
0|840|1152|1992
0|841|1152|1993
0|841|1153|1994
0|842|1153|1995
0|842|1154|1996
0|843|1154|1997
0|843|1155|1998
0|844|1155|1999
0|844|1156|2000
