total
0|0|1|1
0|1|1|2
0|1|2|3
0|2|2|4
0|2|3|5
0|3|3|6
0|3|4|7
0|4|4|8
0|4|5|9
0|5|5|10
0|5|6|11
0|6|6|12
0|6|7|13
0|7|7|14
0|7|8|15
0|8|8|16
0|8|9|17
0|9|9|18
0|9|10|19
0|10|10|20
0|10|11|21
0|11|11|22
0|11|12|23
0|12|12|24
0|12|13|25
0|13|13|26
0|13|14|27
0|14|14|28
0|14|15|29
0|14|16|30
0|14|17|31
0|14|18|32
0|14|19|33
0|14|20|34
0|14|21|35
0|14|22|36
0|14|23|37
0|14|24|38
0|14|25|39
0|14|26|40
0|14|27|41
0|14|28|42
0|14|29|43
0|14|30|44
0|14|31|45
0|14|32|46
0|14|33|47
0|14|34|48
0|14|35|49
0|14|36|50
0|14|37|51
0|14|38|52
0|14|39|53
0|14|40|54
0|14|41|55
0|14|42|56
0|14|43|57
0|14|44|58
0|14|45|59
0|14|46|60
0|14|47|61
0|14|48|62
0|14|49|63
0|14|50|64
0|14|51|65
0|15|51|66
0|15|52|67
0|16|52|68
0|16|53|69
0|17|53|70
0|17|54|71
0|18|54|72
0|18|55|73
0|19|55|74
0|19|56|75
0|20|56|76
0|20|57|77
0|21|57|78
0|21|58|79
0|22|58|80
0|22|59|81
0|23|59|82
0|23|60|83
0|24|60|84
0|24|61|85
0|25|61|86
0|25|62|87
0|26|62|88
0|26|63|89
0|27|63|90
0|27|64|91
0|28|64|92
0|28|65|93
0|29|65|94
0|29|66|95
0|30|66|96
0|30|67|97
0|31|67|98
0|31|68|99
0|32|68|100
0|32|69|101
0|33|69|102
0|33|70|103
0|34|70|104
0|34|71|105
0|35|71|106
0|35|72|107
0|36|72|108
0|36|73|109
0|37|73|110
0|37|74|111
0|38|74|112
0|38|75|113
0|39|75|114
0|39|76|115
0|40|76|116
0|40|77|117
0|41|77|118
0|41|78|119
0|42|78|120
0|42|79|121
0|43|79|122
0|43|80|123
0|44|80|124
0|44|81|125
0|45|81|126
0|45|82|127
0|46|82|128
0|46|83|129
0|47|83|130
0|47|84|131
0|48|84|132
0|48|85|133
0|49|85|134
0|49|86|135
0|50|86|136
0|50|87|137
0|51|87|138
0|51|88|139
0|52|88|140
0|52|89|141
0|53|89|142
0|53|90|143
0|54|90|144
0|54|91|145
0|55|91|146
0|55|92|147
0|56|92|148
0|56|93|149
0|57|93|150
0|57|94|151
0|58|94|152
0|58|95|153
0|59|95|154
0|59|96|155
0|60|96|156
0|60|97|157
0|61|97|158
0|61|98|159
0|62|98|160
0|62|99|161
0|63|99|162
0|63|100|163
0|64|100|164
0|64|101|165
0|65|101|166
0|65|102|167
0|66|102|168
0|66|103|169
0|67|103|170
0|67|104|171
0|68|104|172
0|68|105|173
0|69|105|174
0|69|106|175
0|70|106|176
0|70|107|177
0|71|107|178
0|71|108|179
0|72|108|180
0|72|109|181
0|73|109|182
0|73|110|183
0|74|110|184
0|74|111|185
0|75|111|186
0|75|112|187
0|76|112|188
0|76|113|189
0|77|113|190
0|77|114|191
0|78|114|192
0|78|115|193
0|79|115|194
0|79|116|195
0|80|116|196
0|80|117|197
0|81|117|198
0|81|118|199
0|82|118|200
0|82|119|201
0|83|119|202
0|83|120|203
0|84|120|204
0|84|121|205
0|85|121|206
0|85|122|207
0|86|122|208
0|86|123|209
0|86|124|210
0|86|125|211
0|87|125|212
0|87|126|213
0|88|126|214
0|88|127|215
0|89|127|216
0|89|128|217
0|90|128|218
0|90|129|219
0|91|129|220
0|91|130|221
0|92|130|222
0|92|131|223
0|93|131|224
0|93|132|225
0|94|132|226
0|94|133|227
0|94|134|228
0|94|135|229
0|95|135|230
0|95|136|231
0|96|136|232
0|96|137|233
0|97|137|234
0|97|138|235
0|98|138|236
0|98|139|237
0|99|139|238
0|99|140|239
0|100|140|240
0|100|141|241
0|101|141|242
0|101|142|243
0|102|142|244
0|102|143|245
0|102|144|246
0|102|145|247
0|103|145|248
0|103|146|249
0|104|146|250
0|104|147|251
0|104|148|252
0|104|149|253
0|105|149|254
0|105|150|255
0|105|151|256
0|105|152|257
0|105|153|258
0|105|154|259
0|105|155|260
0|105|156|261
0|106|156|262
0|106|157|263
0|107|157|264
0|107|158|265
0|108|158|266
0|108|159|267
0|108|160|268
0|108|161|269
0|109|161|270
0|109|162|271
0|109|163|272
0|109|164|273
0|109|165|274
0|109|166|275
0|109|167|276
0|109|168|277
0|109|169|278
0|109|170|279
0|109|171|280
0|109|172|281
0|109|173|282
0|109|174|283
0|110|174|284
0|110|175|285
0|111|175|286
0|111|176|287
0|112|176|288
0|112|177|289
0|113|177|290
0|113|178|291
0|114|178|292
0|114|179|293
0|115|179|294
0|115|180|295
0|116|180|296
0|116|181|297
0|117|181|298
0|117|182|299
0|117|183|300
0|117|184|301
0|118|184|302
0|118|185|303
0|119|185|304
0|119|186|305
0|119|187|306
0|119|188|307
0|120|188|308
0|120|189|309
0|120|190|310
0|120|191|311
0|121|191|312
0|121|192|313
0|121|193|314
0|121|194|315
0|122|194|316
0|122|195|317
0|123|195|318
0|123|196|319
0|124|196|320
0|124|197|321
0|125|197|322
0|125|198|323
0|126|198|324
0|126|199|325
0|127|199|326
0|127|200|327
0|128|200|328
0|128|201|329
0|129|201|330
0|129|202|331
0|130|202|332
0|130|203|333
0|131|203|334
0|131|204|335
0|132|204|336
0|132|205|337
0|133|205|338
0|133|206|339
0|134|206|340
0|134|207|341
0|135|207|342
0|135|208|343
0|136|208|344
0|136|209|345
0|137|209|346
0|137|210|347
0|138|210|348
0|138|211|349
0|139|211|350
0|139|212|351
0|140|212|352
0|140|213|353
0|141|213|354
0|141|214|355
0|142|214|356
0|142|215|357
0|143|215|358
0|143|216|359
0|144|216|360
0|144|217|361
0|145|217|362
0|145|218|363
0|146|218|364
0|146|219|365
0|147|219|366
0|147|220|367
0|148|220|368
0|148|221|369
0|149|221|370
0|149|222|371
0|150|222|372
0|150|223|373
0|151|223|374
0|151|224|375
0|152|224|376
0|152|225|377
0|153|225|378
0|153|226|379
0|154|226|380
0|154|227|381
0|155|227|382
0|155|228|383
0|156|228|384
0|156|229|385
0|157|229|386
0|157|230|387
0|158|230|388
0|158|231|389
0|159|231|390
0|159|232|391
0|160|232|392
0|160|233|393
0|161|233|394
0|161|234|395
0|162|234|396
0|162|235|397
0|163|235|398
0|163|236|399
0|164|236|400
0|164|237|401
0|165|237|402
0|165|238|403
0|166|238|404
0|166|239|405
0|166|240|406
0|166|241|407
0|167|241|408
0|167|242|409
0|168|242|410
0|168|243|411
0|169|243|412
0|169|244|413
0|170|244|414
0|170|245|415
0|171|245|416
0|171|246|417
0|172|246|418
0|172|247|419
0|173|247|420
0|173|248|421
0|174|248|422
0|174|249|423
0|175|249|424
0|175|250|425
0|176|250|426
0|176|251|427
0|177|251|428
0|177|252|429
0|178|252|430
0|178|253|431
0|179|253|432
0|179|254|433
0|180|254|434
0|180|255|435
0|181|255|436
0|181|256|437
0|182|256|438
0|182|257|439
0|183|257|440
0|183|258|441
0|184|258|442
0|184|259|443
0|185|259|444
0|185|260|445
0|186|260|446
0|186|261|447
0|187|261|448
0|187|262|449
0|188|262|450
0|188|263|451
0|189|263|452
0|189|264|453
0|190|264|454
0|190|265|455
0|191|265|456
0|191|266|457
0|192|266|458
0|192|267|459
0|193|267|460
0|193|268|461
0|194|268|462
0|194|269|463
0|195|269|464
0|195|270|465
0|196|270|466
0|196|271|467
0|197|271|468
0|197|272|469
0|198|272|470
0|198|273|471
0|199|273|472
0|199|274|473
0|200|274|474
0|200|275|475
0|201|275|476
0|201|276|477
0|202|276|478
0|202|277|479
0|203|277|480
0|203|278|481
0|204|278|482
0|204|279|483
0|205|279|484
0|205|280|485
0|206|280|486
0|206|281|487
0|207|281|488
0|207|282|489
0|208|282|490
0|208|283|491
0|209|283|492
0|209|284|493
0|210|284|494
0|210|285|495
0|211|285|496
0|211|286|497
0|212|286|498
0|212|287|499
0|213|287|500
0|213|288|501
0|214|288|502
0|214|289|503
0|215|289|504
0|215|290|505
0|216|290|506
0|216|291|507
0|217|291|508
0|217|292|509
0|218|292|510
0|218|293|511
0|219|293|512
0|219|294|513
0|220|294|514
0|220|295|515
0|221|295|516
0|221|296|517
0|222|296|518
0|222|297|519
0|223|297|520
0|223|298|521
0|224|298|522
0|224|299|523
0|225|299|524
0|225|300|525
0|226|300|526
0|226|301|527
0|227|301|528
0|227|302|529
0|228|302|530
0|228|303|531
0|229|303|532
0|229|304|533
0|230|304|534
0|230|305|535
0|231|305|536
0|231|306|537
0|232|306|538
0|232|307|539
0|233|307|540
0|233|308|541
0|234|308|542
0|234|309|543
0|235|309|544
0|235|310|545
0|236|310|546
0|236|311|547
0|237|311|548
0|237|312|549
0|238|312|550
0|238|313|551
0|239|313|552
0|239|314|553
0|240|314|554
0|240|315|555
0|241|315|556
0|241|316|557
0|242|316|558
0|242|317|559
0|243|317|560
0|243|318|561
0|244|318|562
0|244|319|563
0|245|319|564
0|245|320|565
0|246|320|566
0|246|321|567
0|247|321|568
0|247|322|569
0|248|322|570
0|248|323|571
0|249|323|572
0|249|324|573
0|250|324|574
0|250|325|575
0|251|325|576
0|251|326|577
0|252|326|578
0|252|327|579
0|253|327|580
0|253|328|581
0|254|328|582
0|254|329|583
0|255|329|584
0|255|330|585
0|256|330|586
0|256|331|587
0|257|331|588
0|257|332|589
0|258|332|590
0|258|333|591
0|259|333|592
0|259|334|593
0|260|334|594
0|260|335|595
0|261|335|596
0|261|336|597
0|262|336|598
0|262|337|599
0|263|337|600
0|263|338|601
0|264|338|602
0|264|339|603
0|265|339|604
0|265|340|605
0|266|340|606
0|266|341|607
0|267|341|608
0|267|342|609
0|268|342|610
0|268|343|611
0|269|343|612
0|269|344|613
0|270|344|614
0|270|345|615
0|271|345|616
0|271|346|617
0|272|346|618
0|272|347|619
0|273|347|620
0|273|348|621
0|274|348|622
0|274|349|623
0|275|349|624
0|275|350|625
0|276|350|626
0|276|351|627
0|277|351|628
0|277|352|629
0|278|352|630
0|279|353|632
0|280|353|633
0|280|354|634
0|281|354|635
0|281|355|636
0|282|355|637
0|282|356|638
0|283|356|639
0|283|357|640
0|284|357|641
0|284|358|642
0|285|358|643
0|285|359|644
0|286|359|645
0|286|360|646
0|287|360|647
0|287|361|648
0|288|361|649
0|288|362|650
0|289|362|651
0|289|363|652
0|290|363|653
0|290|364|654
0|291|364|655
0|291|365|656
0|292|365|657
0|292|366|658
0|293|366|659
0|293|367|660
0|294|367|661
0|294|368|662
0|295|368|663
0|295|369|664
0|296|369|665
0|296|370|666
0|297|370|667
0|297|371|668
0|298|371|669
0|298|372|670
0|299|372|671
0|299|373|672
0|300|373|673
0|300|374|674
0|301|374|675
0|301|375|676
0|302|375|677
0|302|376|678
0|303|376|679
0|303|377|680
0|304|377|681
0|304|378|682
0|305|378|683
0|305|379|684
0|306|379|685
0|306|380|686
0|307|380|687
0|307|381|688
0|308|381|689
0|308|382|690
0|309|382|691
0|309|383|692
0|310|383|693
0|310|384|694
0|311|384|695
0|311|385|696
0|312|385|697
0|312|386|698
0|313|386|699
0|313|387|700
0|314|387|701
0|314|388|702
0|315|388|703
0|315|389|704
0|316|389|705
0|316|390|706
0|317|390|707
0|317|391|708
0|318|391|709
0|318|392|710
0|319|392|711
0|319|393|712
0|319|394|713
0|319|395|714
0|319|396|715
0|319|397|716
0|319|398|717
0|319|399|718
0|319|400|719
0|319|401|720
0|319|402|721
0|319|403|722
0|319|404|723
0|319|405|724
0|319|406|725
0|319|407|726
0|319|408|727
0|319|409|728
0|319|410|729
0|319|411|730
0|319|412|731
0|319|413|732
0|319|414|733
0|319|415|734
0|319|416|735
0|319|417|736
0|319|418|737
0|319|419|738
0|319|420|739
0|319|421|740
0|319|422|741
0|319|423|742
0|319|424|743
0|319|425|744
0|319|426|745
0|319|427|746
0|319|428|747
0|319|429|748
0|320|429|749
0|320|430|750
0|321|430|751
0|321|431|752
0|322|431|753
0|322|432|754
0|323|432|755
0|323|433|756
0|324|433|757
0|324|434|758
0|325|434|759
0|325|435|760
0|326|435|761
0|326|436|762
0|327|436|763
0|327|437|764
0|328|437|765
0|328|438|766
0|329|438|767
0|329|439|768
0|330|439|769
0|330|440|770
0|331|440|771
0|331|441|772
0|332|441|773
0|332|442|774
0|333|442|775
0|333|443|776
0|334|443|777
0|334|444|778
0|335|444|779
0|335|445|780
0|336|445|781
0|336|446|782
0|337|446|783
0|337|447|784
0|338|447|785
0|338|448|786
0|339|448|787
0|339|449|788
0|340|449|789
0|340|450|790
0|341|450|791
0|341|451|792
0|342|451|793
0|342|452|794
0|343|452|795
0|343|453|796
0|344|453|797
0|344|454|798
0|345|454|799
0|345|455|800
0|346|455|801
0|346|456|802
0|347|456|803
0|347|457|804
0|348|457|805
0|348|458|806
0|349|458|807
0|349|459|808
0|350|459|809
0|350|460|810
0|351|460|811
0|351|461|812
0|352|461|813
0|352|462|814
0|353|462|815
0|353|463|816
0|354|463|817
0|354|464|818
0|355|464|819
0|355|465|820
0|356|465|821
0|356|466|822
0|357|466|823
0|357|467|824
0|358|467|825
0|358|468|826
0|359|468|827
0|359|469|828
0|360|469|829
0|360|470|830
0|361|470|831
0|361|471|832
0|362|471|833
0|362|472|834
0|363|472|835
0|363|473|836
0|364|473|837
0|364|474|838
0|365|474|839
0|365|475|840
0|366|475|841
0|366|476|842
0|367|476|843
0|367|477|844
0|368|477|845
0|368|478|846
0|369|478|847
0|369|479|848
0|370|479|849
0|370|480|850
0|371|480|851
0|371|481|852
0|372|481|853
0|372|482|854
0|373|482|855
0|373|483|856
0|374|483|857
0|374|484|858
0|375|484|859
0|375|485|860
0|376|485|861
0|376|486|862
0|377|486|863
0|377|487|864
0|378|487|865
0|378|488|866
0|378|489|867
0|378|490|868
0|379|490|869
0|379|491|870
0|379|492|871
0|379|493|872
0|380|493|873
0|380|494|874
0|380|495|875
0|380|496|876
0|381|496|877
0|381|497|878
0|381|498|879
0|381|499|880
0|382|499|881
0|382|500|882
0|383|500|883
0|383|501|884
0|383|502|885
0|383|503|886
0|383|504|887
0|383|505|888
0|383|506|889
0|383|507|890
0|383|508|891
0|383|509|892
0|384|509|893
0|384|510|894
0|385|510|895
0|385|511|896
0|386|511|897
0|386|512|898
0|387|512|899
0|387|513|900
0|388|513|901
0|388|514|902
0|389|514|903
0|389|515|904
0|390|515|905
0|390|516|906
0|391|516|907
0|391|517|908
0|392|517|909
0|392|518|910
0|392|519|911
0|392|520|912
0|393|520|913
0|393|521|914
0|394|521|915
0|394|522|916
0|395|522|917
0|395|523|918
0|396|523|919
0|396|524|920
0|397|524|921
0|397|525|922
0|398|525|923
0|398|526|924
0|399|526|925
0|399|527|926
0|400|527|927
0|400|528|928
0|400|529|929
0|400|530|930
0|400|531|931
0|400|532|932
0|400|533|933
0|400|534|934
0|400|535|935
0|400|536|936
0|401|536|937
0|401|537|938
0|401|538|939
0|401|539|940
0|402|539|941
0|402|540|942
0|403|540|943
0|403|541|944
0|404|541|945
0|404|542|946
0|405|542|947
0|405|543|948
0|405|544|949
0|405|545|950
0|406|545|951
0|406|546|952
0|407|546|953
0|407|547|954
0|408|547|955
0|408|548|956
0|408|549|957
0|408|550|958
0|409|550|959
0|409|551|960
0|409|552|961
0|409|553|962
0|409|554|963
0|409|555|964
0|410|555|965
0|410|556|966
0|411|556|967
0|411|557|968
0|411|558|969
0|411|559|970
0|412|559|971
0|412|560|972
0|413|560|973
0|413|561|974
0|414|561|975
0|414|562|976
0|414|563|977
0|414|564|978
0|415|564|979
0|415|565|980
0|415|566|981
0|415|567|982
0|415|568|983
0|415|569|984
0|416|569|985
0|416|570|986
0|416|571|987
0|416|572|988
0|417|572|989
0|417|573|990
0|417|574|991
0|417|575|992
0|418|575|993
0|418|576|994
0|418|577|995
0|418|578|996
0|419|578|997
0|419|579|998
0|420|579|999
0|420|580|1000
0|421|580|1001
0|421|581|1002
0|422|581|1003
0|422|582|1004
0|423|582|1005
0|423|583|1006
0|424|583|1007
0|424|584|1008
0|425|584|1009
0|425|585|1010
0|426|585|1011
0|426|586|1012
0|427|586|1013
0|427|587|1014
0|428|587|1015
0|428|588|1016
0|429|588|1017
0|429|589|1018
0|430|589|1019
0|430|590|1020
0|431|590|1021
0|431|591|1022
0|432|591|1023
0|432|592|1024
0|433|592|1025
0|433|593|1026
0|434|593|1027
0|434|594|1028
0|435|594|1029
0|435|595|1030
0|436|595|1031
0|436|596|1032
0|437|596|1033
0|437|597|1034
0|438|597|1035
0|438|598|1036
0|439|598|1037
0|439|599|1038
0|440|599|1039
0|440|600|1040
0|441|600|1041
0|441|601|1042
0|442|601|1043
0|442|602|1044
0|443|602|1045
0|443|603|1046
0|444|603|1047
0|444|604|1048
0|445|604|1049
0|445|605|1050
0|446|605|1051
0|446|606|1052
0|447|606|1053
0|447|607|1054
0|448|607|1055
0|448|608|1056
0|449|608|1057
0|449|609|1058
0|450|609|1059
0|450|610|1060
0|451|610|1061
0|451|611|1062
0|452|611|1063
0|452|612|1064
0|453|612|1065
0|453|613|1066
0|454|613|1067
0|454|614|1068
0|455|614|1069
0|455|615|1070
0|456|615|1071
0|456|616|1072
0|457|616|1073
0|457|617|1074
0|458|617|1075
0|458|618|1076
0|459|618|1077
0|459|619|1078
0|460|619|1079
0|460|620|1080
0|461|620|1081
0|461|621|1082
0|462|621|1083
0|462|622|1084
0|463|622|1085
0|463|623|1086
0|464|623|1087
0|464|624|1088
0|464|625|1089
0|464|626|1090
0|465|626|1091
0|465|627|1092
0|466|627|1093
0|466|628|1094
0|467|628|1095
0|467|629|1096
0|468|629|1097
0|468|630|1098
0|469|630|1099
0|469|631|1100
0|470|631|1101
0|470|632|1102
0|471|632|1103
0|471|633|1104
0|471|634|1105
0|471|635|1106
0|472|635|1107
0|472|636|1108
0|473|636|1109
0|473|637|1110
0|474|637|1111
0|474|638|1112
0|475|638|1113
0|475|639|1114
0|476|639|1115
0|476|640|1116
0|477|640|1117
0|477|641|1118
0|478|641|1119
0|478|642|1120
0|479|642|1121
0|479|643|1122
0|480|643|1123
0|480|644|1124
0|481|644|1125
0|481|645|1126
0|482|645|1127
0|482|646|1128
0|483|646|1129
0|483|647|1130
0|484|647|1131
0|484|648|1132
0|485|648|1133
0|485|649|1134
0|486|649|1135
0|486|650|1136
0|487|650|1137
0|487|651|1138
0|488|651|1139
0|488|652|1140
0|489|652|1141
0|489|653|1142
0|490|653|1143
0|490|654|1144
0|491|654|1145
0|491|655|1146
0|492|655|1147
0|492|656|1148
0|493|656|1149
0|493|657|1150
0|494|657|1151
0|494|658|1152
0|495|658|1153
0|495|659|1154
0|496|659|1155
0|496|660|1156
0|497|660|1157
0|497|661|1158
0|498|661|1159
0|498|662|1160
0|499|662|1161
0|499|663|1162
0|500|663|1163
0|500|664|1164
0|501|664|1165
0|501|665|1166
0|502|665|1167
0|502|666|1168
0|503|666|1169
0|503|667|1170
0|504|667|1171
0|504|668|1172
0|505|668|1173
0|505|669|1174
0|506|669|1175
0|506|670|1176
0|507|670|1177
0|507|671|1178
0|508|671|1179
0|508|672|1180
0|509|672|1181
0|509|673|1182
0|510|673|1183
0|510|674|1184
0|511|674|1185
0|511|675|1186
0|512|675|1187
0|512|676|1188
0|513|676|1189
0|513|677|1190
0|514|677|1191
0|514|678|1192
0|515|678|1193
0|515|679|1194
0|516|679|1195
0|516|680|1196
0|517|680|1197
0|517|681|1198
0|518|681|1199
0|518|682|1200
0|519|682|1201
0|519|683|1202
0|520|683|1203
0|520|684|1204
0|521|684|1205
0|521|685|1206
0|522|685|1207
0|522|686|1208
0|523|686|1209
0|523|687|1210
0|524|687|1211
0|524|688|1212
0|525|688|1213
0|525|689|1214
0|526|689|1215
0|526|690|1216
0|527|690|1217
0|527|691|1218
0|528|691|1219
0|528|692|1220
0|529|692|1221
0|529|693|1222
0|530|693|1223
0|530|694|1224
0|531|694|1225
0|531|695|1226
0|532|695|1227
0|532|696|1228
0|533|696|1229
0|533|697|1230
0|534|697|1231
0|534|698|1232
0|535|698|1233
0|535|699|1234
0|536|699|1235
0|536|700|1236
0|537|700|1237
0|537|701|1238
0|538|701|1239
0|538|702|1240
0|539|702|1241
0|539|703|1242
0|540|703|1243
0|540|704|1244
0|541|704|1245
0|541|705|1246
0|542|705|1247
0|542|706|1248
0|543|706|1249
0|543|707|1250
0|544|707|1251
0|544|708|1252
0|545|708|1253
0|545|709|1254
0|546|709|1255
0|546|710|1256
0|547|710|1257
0|547|711|1258
0|548|711|1259
0|548|712|1260
0|549|712|1261
0|549|713|1262
0|550|713|1263
0|550|714|1264
0|551|714|1265
0|551|715|1266
0|552|715|1267
0|552|716|1268
0|553|716|1269
0|553|717|1270
0|554|717|1271
0|554|718|1272
0|555|718|1273
0|555|719|1274
0|556|719|1275
0|556|720|1276
0|557|720|1277
0|557|721|1278
0|558|721|1279
0|558|722|1280
0|559|722|1281
0|559|723|1282
0|560|723|1283
0|560|724|1284
0|561|724|1285
0|561|725|1286
0|562|725|1287
0|562|726|1288
0|563|726|1289
0|563|727|1290
0|564|727|1291
0|564|728|1292
0|565|728|1293
0|565|729|1294
0|566|729|1295
0|566|730|1296
0|567|730|1297
0|567|731|1298
0|568|731|1299
0|568|732|1300
0|569|732|1301
0|569|733|1302
0|570|733|1303
0|570|734|1304
0|571|734|1305
0|571|735|1306
0|572|735|1307
0|572|736|1308
0|573|736|1309
0|573|737|1310
0|574|737|1311
0|574|738|1312
0|575|738|1313
0|575|739|1314
0|576|739|1315
0|576|740|1316
0|577|740|1317
0|577|741|1318
0|578|741|1319
0|578|742|1320
0|579|742|1321
0|579|743|1322
0|580|743|1323
0|580|744|1324
0|581|744|1325
0|581|745|1326
0|582|745|1327
0|582|746|1328
0|583|746|1329
0|583|747|1330
0|584|747|1331
0|584|748|1332
0|585|748|1333
0|585|749|1334
0|586|749|1335
0|586|750|1336
0|587|750|1337
0|587|751|1338
0|588|751|1339
0|588|752|1340
0|589|752|1341
0|589|753|1342
0|590|753|1343
0|590|754|1344
0|591|754|1345
0|591|755|1346
0|592|755|1347
0|592|756|1348
0|593|756|1349
0|593|757|1350
0|594|757|1351
0|594|758|1352
0|595|758|1353
0|595|759|1354
0|596|759|1355
0|596|760|1356
0|597|760|1357
0|597|761|1358
0|598|761|1359
0|598|762|1360
0|599|762|1361
0|599|763|1362
0|600|763|1363
0|600|764|1364
0|601|764|1365
0|601|765|1366
0|602|765|1367
0|602|766|1368
0|603|766|1369
0|603|767|1370
0|604|767|1371
0|604|768|1372
0|605|768|1373
0|605|769|1374
0|606|769|1375
0|606|770|1376
0|607|770|1377
0|607|771|1378
0|608|771|1379
0|608|772|1380
0|609|772|1381
0|609|773|1382
0|610|773|1383
0|610|774|1384
0|611|774|1385
0|611|775|1386
0|612|775|1387
0|612|776|1388
0|613|776|1389
0|613|777|1390
0|614|777|1391
0|614|778|1392
0|615|778|1393
0|615|779|1394
0|616|779|1395
0|616|780|1396
0|616|781|1397
0|616|782|1398
0|616|783|1399
0|616|784|1400
0|616|785|1401
0|616|786|1402
0|616|787|1403
0|616|788|1404
0|616|789|1405
0|616|790|1406
0|616|791|1407
0|616|792|1408
0|616|793|1409
0|616|794|1410
0|616|795|1411
0|616|796|1412
0|616|797|1413
0|616|798|1414
0|616|799|1415
0|616|800|1416
0|616|801|1417
0|616|802|1418
0|616|803|1419
0|616|804|1420
0|616|805|1421
0|616|806|1422
0|616|807|1423
0|616|808|1424
0|616|809|1425
0|616|810|1426
0|616|811|1427
0|616|812|1428
0|616|813|1429
0|616|814|1430
0|616|815|1431
0|616|816|1432
0|617|816|1433
0|617|817|1434
0|618|817|1435
0|618|818|1436
0|619|818|1437
0|619|819|1438
0|620|819|1439
0|620|820|1440
0|621|820|1441
0|621|821|1442
0|622|821|1443
0|622|822|1444
0|623|822|1445
0|623|823|1446
0|624|823|1447
0|624|824|1448
0|625|824|1449
0|625|825|1450
0|626|825|1451
0|626|826|1452
0|627|826|1453
0|627|827|1454
0|628|827|1455
0|628|828|1456
0|629|828|1457
0|629|829|1458
0|630|829|1459
0|630|830|1460
0|631|830|1461
0|631|831|1462
0|632|831|1463
0|632|832|1464
0|633|832|1465
0|633|833|1466
0|634|833|1467
0|634|834|1468
0|635|834|1469
0|635|835|1470
0|636|835|1471
0|636|836|1472
0|637|836|1473
0|637|837|1474
0|638|837|1475
0|638|838|1476
0|639|838|1477
0|639|839|1478
0|640|839|1479
0|640|840|1480
0|641|840|1481
0|641|841|1482
0|642|841|1483
0|642|842|1484
0|643|842|1485
0|643|843|1486
0|644|843|1487
0|644|844|1488
0|645|844|1489
0|645|845|1490
0|646|845|1491
0|646|846|1492
0|647|846|1493
0|647|847|1494
0|648|847|1495
0|648|848|1496
0|649|848|1497
0|649|849|1498
0|650|849|1499
0|650|850|1500
0|651|850|1501
0|651|851|1502
0|652|851|1503
0|652|852|1504
0|653|852|1505
0|653|853|1506
0|654|853|1507
0|654|854|1508
0|655|854|1509
0|655|855|1510
0|656|855|1511
0|656|856|1512
0|657|856|1513
0|657|857|1514
0|658|857|1515
0|658|858|1516
0|659|858|1517
0|659|859|1518
0|660|859|1519
0|660|860|1520
0|661|860|1521
0|661|861|1522
0|662|861|1523
0|662|862|1524
0|663|862|1525
0|663|863|1526
0|664|863|1527
0|664|864|1528
0|665|864|1529
0|665|865|1530
0|666|865|1531
0|666|866|1532
0|667|866|1533
0|667|867|1534
0|668|867|1535
0|668|868|1536
0|669|868|1537
0|669|869|1538
0|670|869|1539
0|670|870|1540
0|671|870|1541
0|671|871|1542
0|672|871|1543
0|672|872|1544
0|673|872|1545
0|673|873|1546
0|673|874|1547
0|673|875|1548
0|674|875|1549
0|674|876|1550
0|674|877|1551
0|674|878|1552
0|675|878|1553
0|675|879|1554
0|675|880|1555
0|675|881|1556
0|676|881|1557
0|676|882|1558
0|676|883|1559
0|676|884|1560
0|677|884|1561
0|677|885|1562
0|677|886|1563
0|677|887|1564
0|677|888|1565
0|677|889|1566
0|678|889|1567
0|678|890|1568
0|678|891|1569
0|678|892|1570
0|678|893|1571
0|678|894|1572
0|678|895|1573
0|678|896|1574
0|678|897|1575
0|678|898|1576
0|679|898|1577
0|679|899|1578
0|680|899|1579
0|680|900|1580
0|681|900|1581
0|681|901|1582
0|682|901|1583
0|682|902|1584
0|683|902|1585
0|683|903|1586
0|684|903|1587
0|684|904|1588
0|685|904|1589
0|685|905|1590
0|686|905|1591
0|686|906|1592
0|687|906|1593
0|687|907|1594
0|688|907|1595
0|688|908|1596
0|689|908|1597
0|689|909|1598
0|690|909|1599
0|690|910|1600
0|691|910|1601
0|691|911|1602
0|692|911|1603
0|692|912|1604
0|693|912|1605
0|693|913|1606
0|694|913|1607
0|694|914|1608
0|695|914|1609
0|695|915|1610
0|696|915|1611
0|696|916|1612
0|697|916|1613
0|697|917|1614
0|697|918|1615
0|697|919|1616
0|698|919|1617
0|698|920|1618
0|699|920|1619
0|699|921|1620
0|699|922|1621
0|699|923|1622
0|699|924|1623
0|699|925|1624
0|700|925|1625
0|700|926|1626
0|701|926|1627
0|701|927|1628
0|701|928|1629
0|701|929|1630
0|701|930|1631
0|701|931|1632
0|702|931|1633
0|702|932|1634
0|703|932|1635
0|703|933|1636
0|703|934|1637
0|703|935|1638
0|703|936|1639
0|703|937|1640
0|703|938|1641
0|703|939|1642
0|703|940|1643
0|703|941|1644
0|704|941|1645
0|704|942|1646
0|705|942|1647
0|705|943|1648
0|705|944|1649
0|705|945|1650
0|706|945|1651
0|706|946|1652
0|706|947|1653
0|706|948|1654
0|707|948|1655
0|707|949|1656
0|708|949|1657
0|708|950|1658
0|709|950|1659
0|709|951|1660
0|710|951|1661
0|710|952|1662
0|710|953|1663
0|710|954|1664
0|711|954|1665
0|711|955|1666
0|712|955|1667
0|712|956|1668
0|713|956|1669
0|713|957|1670
0|714|957|1671
0|714|958|1672
0|715|958|1673
0|715|959|1674
0|715|960|1675
0|715|961|1676
0|716|961|1677
0|716|962|1678
0|717|962|1679
0|717|963|1680
0|717|964|1681
0|717|965|1682
0|717|966|1683
0|717|967|1684
0|718|967|1685
0|718|968|1686
0|719|968|1687
0|719|969|1688
0|720|969|1689
0|720|970|1690
0|721|970|1691
0|721|971|1692
0|722|971|1693
0|722|972|1694
0|723|972|1695
0|723|973|1696
0|724|973|1697
0|724|974|1698
0|725|974|1699
0|725|975|1700
0|726|975|1701
0|726|976|1702
0|727|976|1703
0|727|977|1704
0|728|977|1705
0|728|978|1706
0|729|978|1707
0|729|979|1708
0|730|979|1709
0|730|980|1710
0|731|980|1711
0|731|981|1712
0|732|981|1713
0|732|982|1714
0|733|982|1715
0|733|983|1716
0|734|983|1717
0|734|984|1718
0|735|984|1719
0|735|985|1720
0|736|985|1721
0|736|986|1722
0|737|986|1723
0|737|987|1724
0|738|987|1725
0|738|988|1726
0|739|988|1727
0|739|989|1728
0|740|989|1729
0|740|990|1730
0|741|990|1731
0|741|991|1732
0|742|991|1733
0|742|992|1734
0|743|992|1735
0|743|993|1736
0|744|993|1737
0|744|994|1738
0|745|994|1739
0|745|995|1740
0|746|995|1741
0|746|996|1742
0|747|996|1743
0|747|997|1744
0|748|997|1745
0|748|998|1746
0|749|998|1747
0|749|999|1748
0|750|999|1749
0|750|1000|1750
0|751|1000|1751
0|751|1001|1752
0|752|1001|1753
0|752|1002|1754
0|753|1002|1755
0|753|1003|1756
0|754|1003|1757
0|754|1004|1758
0|755|1004|1759
0|755|1005|1760
0|756|1005|1761
0|756|1006|1762
0|757|1006|1763
0|757|1007|1764
0|758|1007|1765
0|758|1008|1766
0|759|1008|1767
0|759|1009|1768
0|760|1009|1769
0|760|1010|1770
0|761|1010|1771
0|761|1011|1772
0|761|1012|1773
0|761|1013|1774
0|762|1013|1775
0|762|1014|1776
0|763|1014|1777
0|763|1015|1778
0|764|1015|1779
0|764|1016|1780
0|764|1017|1781
0|764|1018|1782
0|765|1018|1783
0|765|1019|1784
0|766|1019|1785
0|766|1020|1786
0|767|1020|1787
0|767|1021|1788
0|767|1022|1789
0|767|1023|1790
0|768|1023|1791
0|768|1024|1792
0|769|1024|1793
0|769|1025|1794
0|770|1025|1795
0|770|1026|1796
0|771|1026|1797
0|771|1027|1798
0|772|1027|1799
0|772|1028|1800
0|773|1028|1801
0|773|1029|1802
0|774|1029|1803
0|774|1030|1804
0|775|1030|1805
0|775|1031|1806
0|776|1031|1807
0|776|1032|1808
0|777|1032|1809
0|777|1033|1810
0|778|1033|1811
0|778|1034|1812
0|779|1034|1813
0|779|1035|1814
0|780|1035|1815
0|780|1036|1816
0|781|1036|1817
0|781|1037|1818
0|782|1037|1819
0|782|1038|1820
0|783|1038|1821
0|783|1039|1822
0|784|1039|1823
0|784|1040|1824
0|785|1040|1825
0|785|1041|1826
0|786|1041|1827
0|786|1042|1828
0|787|1042|1829
0|787|1043|1830
0|788|1043|1831
0|788|1044|1832
0|789|1044|1833
0|789|1045|1834
0|790|1045|1835
0|790|1046|1836
0|791|1046|1837
0|791|1047|1838
0|792|1047|1839
0|792|1048|1840
0|793|1048|1841
0|793|1049|1842
0|794|1049|1843
0|794|1050|1844
0|795|1050|1845
0|795|1051|1846
0|796|1051|1847
0|796|1052|1848
0|797|1052|1849
0|797|1053|1850
0|798|1053|1851
0|798|1054|1852
0|799|1054|1853
0|799|1055|1854
0|800|1055|1855
0|800|1056|1856
0|801|1056|1857
0|801|1057|1858
0|802|1057|1859
0|802|1058|1860
0|803|1058|1861
0|803|1059|1862
0|804|1059|1863
0|804|1060|1864
0|805|1060|1865
0|805|1061|1866
0|806|1061|1867
0|806|1062|1868
0|807|1062|1869
0|807|1063|1870
0|808|1063|1871
0|808|1064|1872
0|809|1064|1873
0|809|1065|1874
0|810|1065|1875
0|810|1066|1876
0|811|1066|1877
0|811|1067|1878
0|812|1067|1879
0|812|1068|1880
0|813|1068|1881
0|813|1069|1882
0|814|1069|1883
0|814|1070|1884
0|815|1070|1885
0|815|1071|1886
0|816|1071|1887
0|816|1072|1888
0|817|1072|1889
0|817|1073|1890
0|818|1073|1891
0|818|1074|1892
0|819|1074|1893
0|819|1075|1894
0|820|1075|1895
0|820|1076|1896
0|821|1076|1897
0|821|1077|1898
0|822|1077|1899
0|822|1078|1900
0|823|1078|1901
0|823|1079|1902
0|824|1079|1903
0|824|1080|1904
0|825|1080|1905
0|825|1081|1906
0|826|1081|1907
0|826|1082|1908
0|827|1082|1909
0|827|1083|1910
0|828|1083|1911
0|828|1084|1912
0|829|1084|1913
0|829|1085|1914
0|830|1085|1915
0|830|1086|1916
0|831|1086|1917
0|831|1087|1918
0|832|1087|1919
0|832|1088|1920
0|833|1088|1921
0|833|1089|1922
0|834|1089|1923
0|834|1090|1924
0|835|1090|1925
0|835|1091|1926
0|836|1091|1927
0|836|1092|1928
0|837|1092|1929
0|837|1093|1930
0|838|1093|1931
0|838|1094|1932
0|839|1094|1933
0|839|1095|1934
0|840|1095|1935
0|840|1096|1936
0|841|1096|1937
0|841|1097|1938
0|842|1097|1939
0|842|1098|1940
0|843|1098|1941
0|843|1099|1942
0|844|1099|1943
0|844|1100|1944
0|845|1100|1945
0|845|1101|1946
0|846|1101|1947
0|846|1102|1948
0|847|1102|1949
0|847|1103|1950
0|848|1103|1951
0|848|1104|1952
0|849|1104|1953
0|849|1105|1954
0|850|1105|1955
0|850|1106|1956
0|851|1106|1957
0|851|1107|1958
0|852|1107|1959
0|852|1108|1960
0|853|1108|1961
0|853|1109|1962
0|854|1109|1963
0|854|1110|1964
0|855|1110|1965
0|855|1111|1966
0|856|1111|1967
0|856|1112|1968
0|857|1112|1969
0|857|1113|1970
0|858|1113|1971
0|858|1114|1972
0|859|1114|1973
0|859|1115|1974
0|860|1115|1975
0|860|1116|1976
0|861|1116|1977
0|861|1117|1978
0|862|1117|1979
0|862|1118|1980
0|863|1118|1981
0|863|1119|1982
0|864|1119|1983
0|864|1120|1984
0|865|1120|1985
0|865|1121|1986
0|866|1121|1987
0|866|1122|1988
0|867|1122|1989
0|867|1123|1990
0|868|1123|1991
0|868|1124|1992
0|869|1124|1993
0|869|1125|1994
0|870|1125|1995
0|870|1126|1996
0|871|1126|1997
0|871|1127|1998
0|872|1127|1999
0|872|1128|2000
