total
0|0|1|1
0|1|1|2
0|1|2|3
0|2|2|4
0|2|3|5
0|3|3|6
0|3|4|7
0|4|4|8
0|4|5|9
0|5|5|10
0|5|6|11
0|6|6|12
0|6|7|13
0|7|7|14
0|7|8|15
0|8|8|16
0|8|9|17
0|9|9|18
0|9|10|19
0|10|10|20
0|10|11|21
0|11|11|22
0|11|12|23
0|12|12|24
0|12|13|25
0|13|13|26
0|13|14|27
0|14|14|28
0|14|15|29
0|15|15|30
0|15|16|31
0|16|16|32
0|16|17|33
0|17|17|34
0|17|18|35
0|18|18|36
0|18|19|37
0|19|19|38
0|19|20|39
0|20|20|40
0|20|21|41
0|21|21|42
0|21|22|43
0|22|22|44
0|22|23|45
0|23|23|46
0|23|24|47
0|24|24|48
0|24|25|49
0|25|25|50
0|25|26|51
0|26|26|52
0|26|27|53
0|27|27|54
0|27|28|55
0|28|28|56
0|28|29|57
0|29|29|58
0|29|30|59
0|30|30|60
0|30|31|61
0|31|31|62
0|31|32|63
0|32|32|64
0|32|33|65
0|33|33|66
0|33|34|67
0|34|34|68
0|34|35|69
0|35|35|70
0|35|36|71
0|36|36|72
0|36|37|73
0|37|37|74
0|37|38|75
0|38|38|76
0|38|39|77
0|39|39|78
0|39|40|79
0|40|40|80
0|40|41|81
0|41|41|82
0|41|42|83
0|42|42|84
0|42|43|85
0|43|43|86
0|43|44|87
0|44|44|88
0|44|45|89
0|45|45|90
0|45|46|91
0|46|46|92
0|46|47|93
0|47|47|94
0|47|48|95
0|48|48|96
0|48|49|97
0|49|49|98
0|49|50|99
0|50|50|100
0|50|51|101
0|51|51|102
0|51|52|103
0|52|52|104
0|52|53|105
0|53|53|106
0|53|54|107
0|54|54|108
0|54|55|109
0|55|55|110
0|55|56|111
0|56|56|112
0|56|57|113
0|57|57|114
0|57|58|115
0|58|58|116
0|58|59|117
0|59|59|118
0|59|60|119
0|60|60|120
0|60|61|121
0|61|61|122
0|61|62|123
0|62|62|124
0|62|63|125
0|63|63|126
0|63|64|127
0|64|64|128
0|64|65|129
0|65|65|130
0|65|66|131
0|66|66|132
0|66|67|133
0|67|67|134
0|67|68|135
0|68|68|136
0|68|69|137
0|69|69|138
0|69|70|139
0|70|70|140
0|70|71|141
0|71|71|142
0|71|72|143
0|72|72|144
0|72|73|145
0|73|73|146
0|73|74|147
0|74|74|148
0|74|75|149
0|75|75|150
0|75|76|151
0|76|76|152
0|76|77|153
0|77|77|154
0|77|78|155
0|78|78|156
0|78|79|157
0|79|79|158
0|79|80|159
0|80|80|160
0|80|81|161
0|81|81|162
0|81|82|163
0|82|82|164
0|82|83|165
0|83|83|166
0|83|84|167
0|84|84|168
0|84|85|169
0|85|85|170
0|85|86|171
0|86|86|172
0|86|87|173
0|87|87|174
0|87|88|175
0|88|88|176
0|88|89|177
0|89|89|178
0|89|90|179
0|90|90|180
0|90|91|181
0|91|91|182
0|91|92|183
0|92|92|184
0|92|93|185
0|93|93|186
0|93|94|187
0|94|94|188
0|94|95|189
0|95|95|190
0|95|96|191
0|96|96|192
0|96|97|193
0|97|97|194
0|97|98|195
0|98|98|196
0|98|99|197
0|99|99|198
0|99|100|199
0|100|100|200
0|100|101|201
0|101|101|202
0|101|102|203
0|102|102|204
0|102|103|205
0|103|103|206
0|103|104|207
0|104|104|208
0|104|105|209
0|105|105|210
0|105|106|211
0|106|106|212
0|106|107|213
0|107|107|214
0|107|108|215
0|108|108|216
0|108|109|217
0|109|109|218
0|109|110|219
0|110|110|220
0|110|111|221
0|111|111|222
0|111|112|223
0|112|112|224
0|112|113|225
0|113|113|226
0|113|114|227
0|114|114|228
0|114|115|229
0|115|115|230
0|115|116|231
0|116|116|232
0|116|117|233
0|117|117|234
0|117|118|235
0|118|118|236
0|118|119|237
0|119|119|238
0|119|120|239
0|120|120|240
0|120|121|241
0|121|121|242
0|121|122|243
0|122|122|244
0|122|123|245
0|123|123|246
0|123|124|247
0|124|124|248
0|124|125|249
0|125|125|250
0|125|126|251
0|126|126|252
0|126|127|253
0|127|127|254
0|127|128|255
0|128|128|256
0|128|129|257
0|129|129|258
0|129|130|259
0|130|130|260
0|130|131|261
0|131|131|262
0|131|132|263
0|132|132|264
0|132|133|265
0|133|133|266
0|133|134|267
0|134|134|268
0|134|135|269
0|135|135|270
0|135|136|271
0|136|136|272
0|136|137|273
0|137|137|274
0|137|138|275
0|138|138|276
0|138|139|277
0|139|139|278
0|139|140|279
0|140|140|280
0|140|141|281
0|141|141|282
0|141|142|283
0|142|142|284
0|142|143|285
0|143|143|286
0|143|144|287
0|144|144|288
0|144|145|289
0|145|145|290
0|145|146|291
0|146|146|292
0|146|147|293
0|147|147|294
0|147|148|295
0|148|148|296
0|148|149|297
0|149|149|298
0|149|150|299
0|150|150|300
0|150|151|301
0|151|151|302
0|151|152|303
0|152|152|304
0|152|153|305
0|153|153|306
0|153|154|307
0|154|154|308
0|154|155|309
0|155|155|310
0|155|156|311
0|156|156|312
0|156|157|313
0|157|157|314
0|157|158|315
0|158|158|316
0|158|159|317
0|159|159|318
0|159|160|319
0|160|160|320
0|160|161|321
0|161|161|322
0|161|162|323
0|162|162|324
0|162|163|325
0|163|163|326
0|163|164|327
0|164|164|328
0|164|165|329
0|165|165|330
0|165|166|331
0|166|166|332
0|166|167|333
0|167|167|334
0|167|168|335
0|168|168|336
0|168|169|337
0|169|169|338
0|169|170|339
0|170|170|340
0|170|171|341
0|171|171|342
0|171|172|343
0|172|172|344
0|172|173|345
0|173|173|346
0|173|174|347
0|174|174|348
0|174|175|349
0|175|175|350
0|175|176|351
0|176|176|352
0|176|177|353
0|177|177|354
0|177|178|355
0|178|178|356
0|178|179|357
0|179|179|358
0|179|180|359
0|180|180|360
0|180|181|361
0|181|181|362
0|181|182|363
0|182|182|364
0|182|183|365
0|183|183|366
0|183|184|367
0|184|184|368
0|184|185|369
0|185|185|370
0|185|186|371
0|186|186|372
0|186|187|373
0|187|187|374
0|187|188|375
0|188|188|376
0|188|189|377
0|189|189|378
0|189|190|379
0|190|190|380
0|190|191|381
0|191|191|382
0|191|192|383
0|192|192|384
0|192|193|385
0|193|193|386
0|193|194|387
0|194|194|388
0|194|195|389
0|195|195|390
0|195|196|391
0|196|196|392
0|196|197|393
0|197|197|394
0|197|198|395
0|198|198|396
0|198|199|397
0|199|199|398
0|199|200|399
0|200|200|400
0|200|201|401
0|201|201|402
0|201|202|403
0|202|202|404
0|202|203|405
0|203|203|406
0|203|204|407
0|204|204|408
0|204|205|409
0|205|205|410
0|205|206|411
0|206|206|412
0|206|207|413
0|207|207|414
0|207|208|415
0|208|208|416
0|208|209|417
0|209|209|418
0|210|209|419
0|211|209|420
0|211|210|421
0|212|210|422
0|212|211|423
0|213|211|424
0|213|212|425
0|214|212|426
0|214|213|427
0|215|213|428
0|215|214|429
0|216|214|430
0|216|215|431
0|217|215|432
0|217|216|433
0|218|216|434
0|218|217|435
0|219|217|436
0|219|218|437
0|220|218|438
0|220|219|439
0|221|219|440
0|221|220|441
0|222|220|442
0|222|221|443
0|223|221|444
0|223|222|445
0|224|222|446
0|224|223|447
0|225|223|448
0|225|224|449
0|226|224|450
0|226|225|451
0|227|225|452
0|227|226|453
0|228|226|454
0|228|227|455
0|229|227|456
0|229|228|457
0|230|228|458
0|230|229|459
0|231|229|460
0|231|230|461
0|232|230|462
0|232|231|463
0|233|231|464
0|233|232|465
0|234|232|466
0|234|233|467
0|235|233|468
0|235|234|469
0|236|234|470
0|236|235|471
0|237|235|472
0|237|236|473
0|238|236|474
0|238|237|475
0|239|237|476
0|239|238|477
0|240|238|478
0|240|239|479
0|241|239|480
0|241|240|481
0|242|240|482
0|242|241|483
0|243|241|484
0|243|242|485
0|244|242|486
0|244|243|487
0|245|243|488
0|245|244|489
0|246|244|490
0|246|245|491
0|247|245|492
0|247|246|493
0|248|246|494
0|248|247|495
0|249|247|496
0|249|248|497
0|250|248|498
0|250|249|499
0|251|249|500
0|251|250|501
0|252|250|502
0|252|251|503
0|253|251|504
0|253|252|505
0|254|252|506
0|254|253|507
0|255|253|508
0|255|254|509
0|256|254|510
0|256|255|511
0|257|255|512
0|257|256|513
0|258|256|514
0|258|257|515
0|259|257|516
0|259|258|517
0|260|258|518
0|260|259|519
0|261|259|520
0|261|260|521
0|262|260|522
0|262|261|523
0|263|261|524
0|263|262|525
0|264|262|526
0|264|263|527
0|265|263|528
0|265|264|529
0|266|264|530
0|266|265|531
0|267|265|532
0|267|266|533
0|268|266|534
0|268|267|535
0|269|267|536
0|269|268|537
0|270|268|538
0|270|269|539
0|271|269|540
0|271|270|541
0|272|270|542
0|272|271|543
0|273|271|544
0|273|272|545
0|274|272|546
0|274|273|547
0|275|273|548
0|275|274|549
0|276|274|550
0|276|275|551
0|277|275|552
0|277|276|553
0|278|276|554
0|278|277|555
0|279|277|556
0|279|278|557
0|280|278|558
0|280|279|559
0|281|279|560
0|281|280|561
0|282|280|562
0|282|281|563
0|283|281|564
0|283|282|565
0|284|282|566
0|284|283|567
0|285|283|568
0|285|284|569
0|286|284|570
0|286|285|571
0|287|285|572
0|287|286|573
0|288|286|574
0|288|287|575
0|289|287|576
0|289|288|577
0|290|288|578
0|290|289|579
0|291|289|580
0|291|290|581
0|292|290|582
0|292|291|583
0|293|291|584
0|293|292|585
0|294|292|586
0|294|293|587
0|295|293|588
0|295|294|589
0|296|294|590
0|296|295|591
0|297|295|592
0|297|296|593
0|298|296|594
0|298|297|595
0|299|297|596
0|299|298|597
0|300|298|598
0|300|299|599
0|301|299|600
0|302|299|601
0|303|299|602
0|303|300|603
0|304|300|604
0|304|301|605
0|305|301|606
0|305|302|607
0|306|302|608
0|306|303|609
0|307|303|610
0|307|304|611
0|308|304|612
0|308|305|613
0|309|305|614
0|309|306|615
0|310|306|616
0|310|307|617
0|311|307|618
0|311|308|619
0|312|308|620
0|312|309|621
0|313|309|622
0|313|310|623
0|314|310|624
0|314|311|625
0|315|311|626
0|315|312|627
0|316|312|628
0|316|313|629
0|317|313|630
0|317|314|631
0|318|314|632
0|318|315|633
0|319|315|634
0|319|316|635
0|320|316|636
0|320|317|637
0|321|317|638
0|321|318|639
0|322|318|640
0|322|319|641
0|323|319|642
0|324|320|644
0|325|320|645
0|325|321|646
0|326|321|647
0|326|322|648
0|327|322|649
0|327|323|650
0|328|323|651
0|328|324|652
0|329|324|653
0|329|325|654
0|330|325|655
0|330|326|656
0|331|326|657
0|331|327|658
0|332|327|659
0|332|328|660
0|333|328|661
0|333|329|662
0|334|329|663
0|334|330|664
0|335|330|665
0|335|331|666
0|336|331|667
0|336|332|668
0|337|332|669
0|337|333|670
0|338|333|671
0|338|334|672
0|339|334|673
0|339|335|674
0|340|335|675
0|340|336|676
0|341|336|677
0|341|337|678
0|342|337|679
0|342|338|680
0|343|338|681
0|343|339|682
0|344|339|683
0|344|340|684
0|345|340|685
0|345|341|686
0|346|341|687
0|346|342|688
0|347|342|689
0|347|343|690
0|348|343|691
0|348|344|692
0|349|344|693
0|349|345|694
0|350|345|695
0|350|346|696
0|351|346|697
0|351|347|698
0|352|347|699
0|352|348|700
0|353|348|701
0|353|349|702
0|354|349|703
0|354|350|704
0|355|350|705
0|355|351|706
0|356|351|707
0|356|352|708
0|357|352|709
0|357|353|710
0|358|353|711
0|358|354|712
0|359|354|713
0|359|355|714
0|360|355|715
0|360|356|716
0|361|356|717
0|361|357|718
0|362|357|719
0|362|358|720
0|363|358|721
0|363|359|722
0|364|359|723
0|364|360|724
0|365|360|725
0|365|361|726
0|366|361|727
0|366|362|728
0|367|362|729
0|367|363|730
0|368|363|731
0|368|364|732
0|369|364|733
0|369|365|734
0|370|365|735
0|370|366|736
0|371|366|737
0|371|367|738
0|372|367|739
0|372|368|740
0|373|368|741
0|373|369|742
0|374|369|743
0|374|370|744
0|375|370|745
0|376|370|746
0|377|370|747
0|377|371|748
0|378|371|749
0|378|372|750
0|379|372|751
0|379|373|752
0|380|373|753
0|380|374|754
0|381|374|755
0|381|375|756
0|382|375|757
0|382|376|758
0|383|376|759
0|383|377|760
0|384|377|761
0|384|378|762
0|385|378|763
0|385|379|764
0|386|379|765
0|386|380|766
0|387|380|767
0|387|381|768
0|388|381|769
0|388|382|770
0|389|382|771
0|389|383|772
0|390|383|773
0|390|384|774
0|391|384|775
0|391|385|776
0|392|385|777
0|392|386|778
0|393|386|779
0|393|387|780
0|394|387|781
0|394|388|782
0|395|388|783
0|395|389|784
0|396|389|785
0|396|390|786
0|397|390|787
0|397|391|788
0|398|391|789
0|398|392|790
0|399|392|791
0|399|393|792
0|400|393|793
0|400|394|794
0|401|394|795
0|401|395|796
0|402|395|797
0|402|396|798
0|403|396|799
0|403|397|800
0|404|397|801
0|404|398|802
0|405|398|803
0|405|399|804
0|406|399|805
0|406|400|806
0|407|400|807
0|407|401|808
0|408|401|809
0|408|402|810
0|409|402|811
0|409|403|812
0|410|403|813
0|410|404|814
0|411|404|815
0|411|405|816
0|412|405|817
0|412|406|818
0|413|406|819
0|413|407|820
0|414|407|821
0|414|408|822
0|415|408|823
0|415|409|824
0|416|409|825
0|416|410|826
0|417|410|827
0|417|411|828
0|418|411|829
0|418|412|830
0|419|412|831
0|419|413|832
0|420|413|833
0|420|414|834
0|421|414|835
0|421|415|836
0|422|415|837
0|422|416|838
0|423|416|839
0|423|417|840
0|424|417|841
0|424|418|842
0|425|418|843
0|425|419|844
0|426|419|845
0|426|420|846
0|427|420|847
0|427|421|848
0|428|421|849
0|428|422|850
0|429|422|851
0|429|423|852
0|430|423|853
0|430|424|854
0|431|424|855
0|431|425|856
0|432|425|857
0|432|426|858
0|433|426|859
0|433|427|860
0|434|427|861
0|434|428|862
0|435|428|863
0|435|429|864
0|436|429|865
0|436|430|866
0|437|430|867
0|437|431|868
0|438|431|869
0|438|432|870
0|439|432|871
0|439|433|872
0|440|433|873
0|440|434|874
0|441|434|875
0|441|435|876
0|442|435|877
0|442|436|878
0|443|436|879
0|443|437|880
0|444|437|881
0|444|438|882
0|445|438|883
0|445|439|884
0|446|439|885
0|446|440|886
0|447|440|887
0|447|441|888
0|448|441|889
0|448|442|890
0|449|442|891
0|449|443|892
0|450|443|893
0|450|444|894
0|451|444|895
0|451|445|896
0|452|445|897
0|452|446|898
0|453|446|899
0|453|447|900
0|454|447|901
0|454|448|902
0|455|448|903
0|455|449|904
0|456|449|905
0|456|450|906
0|457|450|907
0|457|451|908
0|458|451|909
0|458|452|910
0|459|452|911
0|459|453|912
0|460|453|913
0|460|454|914
0|461|454|915
0|461|455|916
0|462|455|917
0|462|456|918
0|463|456|919
0|463|457|920
0|464|457|921
0|464|458|922
0|465|458|923
0|465|459|924
0|466|459|925
0|466|460|926
0|467|460|927
0|467|461|928
0|468|461|929
0|468|462|930
0|469|462|931
0|469|463|932
0|470|463|933
0|470|464|934
0|471|464|935
0|471|465|936
0|472|465|937
0|472|466|938
0|473|466|939
0|473|467|940
0|474|467|941
0|474|468|942
0|475|468|943
0|475|469|944
0|476|469|945
0|476|470|946
0|477|470|947
0|477|471|948
0|478|471|949
0|478|472|950
0|479|472|951
0|479|473|952
0|480|473|953
0|480|474|954
0|481|474|955
0|481|475|956
0|482|475|957
0|482|476|958
0|483|476|959
0|483|477|960
0|484|477|961
0|484|478|962
0|485|478|963
0|485|479|964
0|486|479|965
0|486|480|966
0|487|480|967
0|487|481|968
0|488|481|969
0|488|482|970
0|489|482|971
0|489|483|972
0|490|483|973
0|490|484|974
0|491|484|975
0|491|485|976
0|492|485|977
0|492|486|978
0|493|486|979
0|493|487|980
0|494|487|981
0|494|488|982
0|495|488|983
0|495|489|984
0|496|489|985
0|496|490|986
0|497|490|987
0|497|491|988
0|498|491|989
0|498|492|990
0|499|492|991
0|499|493|992
0|500|493|993
0|500|494|994
0|501|494|995
0|501|495|996
0|502|495|997
0|502|496|998
0|503|496|999
0|503|497|1000
0|504|497|1001
0|504|498|1002
0|505|498|1003
0|505|499|1004
0|506|499|1005
0|506|500|1006
0|507|500|1007
0|507|501|1008
0|508|501|1009
0|508|502|1010
0|509|502|1011
0|509|503|1012
0|510|503|1013
0|510|504|1014
0|511|504|1015
0|511|505|1016
0|512|505|1017
0|512|506|1018
0|513|506|1019
0|513|507|1020
0|514|507|1021
0|514|508|1022
0|515|508|1023
0|515|509|1024
0|516|509|1025
0|516|510|1026
0|517|510|1027
0|517|511|1028
0|518|511|1029
0|518|512|1030
0|519|512|1031
0|519|513|1032
0|520|513|1033
0|520|514|1034
0|521|514|1035
0|521|515|1036
0|522|515|1037
0|522|516|1038
0|523|516|1039
0|523|517|1040
0|524|517|1041
0|524|518|1042
0|525|518|1043
0|525|519|1044
0|526|519|1045
0|526|520|1046
0|527|520|1047
0|527|521|1048
0|528|521|1049
0|528|522|1050
0|529|522|1051
0|529|523|1052
0|530|523|1053
0|530|524|1054
0|531|524|1055
0|531|525|1056
0|532|525|1057
0|532|526|1058
0|533|526|1059
0|533|527|1060
0|534|527|1061
0|534|528|1062
0|535|528|1063
0|535|529|1064
0|536|529|1065
0|536|530|1066
0|537|530|1067
0|537|531|1068
0|538|531|1069
0|538|532|1070
0|539|532|1071
0|539|533|1072
0|540|533|1073
0|540|534|1074
0|541|534|1075
0|541|535|1076
0|542|535|1077
0|542|536|1078
0|543|536|1079
0|543|537|1080
0|544|537|1081
0|544|538|1082
0|545|538|1083
0|545|539|1084
0|546|539|1085
0|546|540|1086
0|547|540|1087
0|547|541|1088
0|548|541|1089
0|548|542|1090
0|549|542|1091
0|549|543|1092
0|550|543|1093
0|550|544|1094
0|551|544|1095
0|551|545|1096
0|552|545|1097
0|552|546|1098
0|553|546|1099
0|553|547|1100
0|554|547|1101
0|554|548|1102
0|555|548|1103
0|555|549|1104
0|556|549|1105
0|556|550|1106
0|557|550|1107
0|557|551|1108
0|558|551|1109
0|558|552|1110
0|559|552|1111
0|559|553|1112
0|560|553|1113
0|560|554|1114
0|561|554|1115
0|561|555|1116
0|562|555|1117
0|562|556|1118
0|563|556|1119
0|563|557|1120
0|564|557|1121
0|564|558|1122
0|565|558|1123
0|565|559|1124
0|566|559|1125
0|566|560|1126
0|567|560|1127
0|567|561|1128
0|568|561|1129
0|568|562|1130
0|569|562|1131
0|569|563|1132
0|570|563|1133
0|570|564|1134
0|571|564|1135
0|571|565|1136
0|572|565|1137
0|572|566|1138
0|573|566|1139
0|573|567|1140
0|574|567|1141
0|574|568|1142
0|575|568|1143
0|575|569|1144
0|576|569|1145
0|576|570|1146
0|577|570|1147
0|577|571|1148
0|578|571|1149
0|578|572|1150
0|579|572|1151
0|579|573|1152
0|580|573|1153
0|580|574|1154
0|581|574|1155
0|581|575|1156
0|582|575|1157
0|582|576|1158
0|583|576|1159
0|583|577|1160
0|584|577|1161
0|584|578|1162
0|585|578|1163
0|585|579|1164
0|586|579|1165
0|586|580|1166
0|587|580|1167
0|587|581|1168
0|588|581|1169
0|588|582|1170
0|589|582|1171
0|589|583|1172
0|590|583|1173
0|590|584|1174
0|591|584|1175
0|591|585|1176
0|592|585|1177
0|592|586|1178
0|593|586|1179
0|593|587|1180
0|594|587|1181
0|594|588|1182
0|595|588|1183
0|595|589|1184
0|596|589|1185
0|596|590|1186
0|597|590|1187
0|597|591|1188
0|598|591|1189
0|598|592|1190
0|599|592|1191
0|599|593|1192
0|600|593|1193
0|600|594|1194
0|601|594|1195
0|601|595|1196
0|602|595|1197
0|602|596|1198
0|603|596|1199
0|603|597|1200
0|604|597|1201
0|604|598|1202
0|605|598|1203
0|605|599|1204
0|606|599|1205
0|606|600|1206
0|607|600|1207
0|607|601|1208
0|608|601|1209
0|608|602|1210
0|609|602|1211
0|609|603|1212
0|610|603|1213
0|610|604|1214
0|611|604|1215
0|611|605|1216
0|612|605|1217
0|612|606|1218
0|613|606|1219
0|613|607|1220
0|614|607|1221
0|614|608|1222
0|615|608|1223
0|615|609|1224
0|616|609|1225
0|616|610|1226
0|617|610|1227
0|617|611|1228
0|618|611|1229
0|618|612|1230
0|619|612|1231
0|619|613|1232
0|620|613|1233
0|620|614|1234
0|621|614|1235
0|621|615|1236
0|622|615|1237
0|622|616|1238
0|623|616|1239
0|623|617|1240
0|624|617|1241
0|624|618|1242
0|625|618|1243
0|625|619|1244
0|626|619|1245
0|626|620|1246
0|627|620|1247
0|627|621|1248
0|628|621|1249
0|628|622|1250
0|629|622|1251
0|629|623|1252
0|630|623|1253
0|630|624|1254
0|631|624|1255
0|631|625|1256
0|632|625|1257
0|632|626|1258
0|633|626|1259
0|633|627|1260
0|634|627|1261
0|634|628|1262
0|635|628|1263
0|635|629|1264
0|636|629|1265
0|636|630|1266
0|637|630|1267
0|637|631|1268
0|638|631|1269
0|638|632|1270
0|639|632|1271
0|639|633|1272
0|640|633|1273
0|640|634|1274
0|641|634|1275
0|641|635|1276
0|642|635|1277
0|642|636|1278
0|643|636|1279
0|643|637|1280
0|644|637|1281
0|644|638|1282
0|645|638|1283
0|645|639|1284
0|646|639|1285
0|646|640|1286
0|647|640|1287
0|647|641|1288
0|648|641|1289
0|648|642|1290
0|649|642|1291
0|649|643|1292
0|650|643|1293
0|650|644|1294
0|651|644|1295
0|651|645|1296
0|652|645|1297
0|652|646|1298
0|653|646|1299
0|653|647|1300
0|654|647|1301
0|654|648|1302
0|655|648|1303
0|655|649|1304
0|656|649|1305
0|656|650|1306
0|657|650|1307
0|657|651|1308
0|658|651|1309
0|658|652|1310
0|659|652|1311
0|659|653|1312
0|660|653|1313
0|660|654|1314
0|661|654|1315
0|661|655|1316
0|662|655|1317
0|662|656|1318
0|663|656|1319
0|663|657|1320
0|664|657|1321
0|664|658|1322
0|665|658|1323
0|665|659|1324
0|666|659|1325
0|666|660|1326
0|667|660|1327
0|667|661|1328
0|668|661|1329
0|668|662|1330
0|669|662|1331
0|669|663|1332
0|670|663|1333
0|670|664|1334
0|671|664|1335
0|671|665|1336
0|672|665|1337
0|672|666|1338
0|673|666|1339
0|673|667|1340
0|674|667|1341
0|674|668|1342
0|675|668|1343
0|675|669|1344
0|676|669|1345
0|676|670|1346
0|677|670|1347
0|677|671|1348
0|678|671|1349
0|678|672|1350
0|679|672|1351
0|679|673|1352
0|680|673|1353
0|680|674|1354
0|681|674|1355
0|681|675|1356
0|682|675|1357
0|682|676|1358
0|683|676|1359
0|683|677|1360
0|684|677|1361
0|684|678|1362
0|685|678|1363
0|685|679|1364
0|686|679|1365
0|686|680|1366
0|687|680|1367
0|687|681|1368
0|688|681|1369
0|688|682|1370
0|689|682|1371
0|689|683|1372
0|690|683|1373
0|690|684|1374
0|691|684|1375
0|691|685|1376
0|692|685|1377
0|692|686|1378
0|693|686|1379
0|693|687|1380
0|694|687|1381
0|694|688|1382
0|695|688|1383
0|695|689|1384
0|696|689|1385
0|696|690|1386
0|697|690|1387
0|697|691|1388
0|698|691|1389
0|698|692|1390
0|699|692|1391
0|699|693|1392
0|700|693|1393
0|700|694|1394
0|701|694|1395
0|701|695|1396
0|702|695|1397
0|702|696|1398
0|703|696|1399
0|703|697|1400
0|704|697|1401
0|704|698|1402
0|705|698|1403
0|705|699|1404
0|706|699|1405
0|706|700|1406
0|707|700|1407
0|707|701|1408
0|708|701|1409
0|708|702|1410
0|709|702|1411
0|709|703|1412
0|710|703|1413
0|710|704|1414
0|711|704|1415
0|711|705|1416
0|712|705|1417
0|712|706|1418
0|713|706|1419
0|713|707|1420
0|714|707|1421
0|714|708|1422
0|715|708|1423
0|715|709|1424
0|716|709|1425
0|716|710|1426
0|717|710|1427
0|718|710|1428
0|719|710|1429
0|719|711|1430
0|720|711|1431
0|720|712|1432
0|721|712|1433
0|721|713|1434
0|722|713|1435
0|722|714|1436
0|723|714|1437
0|723|715|1438
0|724|715|1439
0|724|716|1440
0|725|716|1441
0|725|717|1442
0|726|717|1443
0|726|718|1444
0|727|718|1445
0|727|719|1446
0|728|719|1447
0|728|720|1448
0|729|720|1449
0|729|721|1450
0|730|721|1451
0|730|722|1452
0|731|722|1453
0|731|723|1454
0|732|723|1455
0|732|724|1456
0|733|724|1457
0|733|725|1458
0|734|725|1459
0|734|726|1460
0|735|726|1461
0|735|727|1462
0|736|727|1463
0|736|728|1464
0|737|728|1465
0|737|729|1466
0|738|729|1467
0|738|730|1468
0|739|730|1469
0|739|731|1470
0|740|731|1471
0|740|732|1472
0|741|732|1473
0|741|733|1474
0|742|733|1475
0|742|734|1476
0|743|734|1477
0|743|735|1478
0|744|735|1479
0|744|736|1480
0|745|736|1481
0|745|737|1482
0|746|737|1483
0|746|738|1484
0|747|738|1485
0|747|739|1486
0|748|739|1487
0|748|740|1488
0|749|740|1489
0|749|741|1490
0|750|741|1491
0|750|742|1492
0|751|742|1493
0|751|743|1494
0|752|743|1495
0|752|744|1496
0|753|744|1497
0|753|745|1498
0|754|745|1499
0|754|746|1500
0|755|746|1501
0|755|747|1502
0|756|747|1503
0|756|748|1504
0|757|748|1505
0|757|749|1506
0|758|749|1507
0|758|750|1508
0|759|750|1509
0|759|751|1510
0|760|751|1511
0|760|752|1512
0|761|752|1513
0|761|753|1514
0|762|753|1515
0|762|754|1516
0|763|754|1517
0|763|755|1518
0|764|755|1519
0|764|756|1520
0|765|756|1521
0|765|757|1522
0|766|757|1523
0|766|758|1524
0|767|758|1525
0|767|759|1526
0|768|759|1527
0|768|760|1528
0|769|760|1529
0|769|761|1530
0|770|761|1531
0|770|762|1532
0|771|762|1533
0|771|763|1534
0|772|763|1535
0|772|764|1536
0|773|764|1537
0|773|765|1538
0|774|765|1539
0|774|766|1540
0|775|766|1541
0|775|767|1542
0|776|767|1543
0|776|768|1544
0|777|768|1545
0|777|769|1546
0|778|769|1547
0|778|770|1548
0|779|770|1549
0|779|771|1550
0|780|771|1551
0|780|772|1552
0|781|772|1553
0|781|773|1554
0|782|773|1555
0|782|774|1556
0|783|774|1557
0|783|775|1558
0|784|775|1559
0|784|776|1560
0|785|776|1561
0|785|777|1562
0|786|777|1563
0|786|778|1564
0|787|778|1565
0|787|779|1566
0|788|779|1567
0|788|780|1568
0|789|780|1569
0|789|781|1570
0|790|781|1571
0|790|782|1572
0|791|782|1573
0|791|783|1574
0|792|783|1575
0|792|784|1576
0|793|784|1577
0|793|785|1578
0|794|785|1579
0|794|786|1580
0|795|786|1581
0|795|787|1582
0|796|787|1583
0|796|788|1584
0|797|788|1585
0|797|789|1586
0|798|789|1587
0|798|790|1588
0|799|790|1589
0|799|791|1590
0|800|791|1591
0|800|792|1592
0|801|792|1593
0|801|793|1594
0|802|793|1595
0|802|794|1596
0|803|794|1597
0|803|795|1598
0|804|795|1599
0|804|796|1600
0|805|796|1601
0|805|797|1602
0|806|797|1603
0|806|798|1604
0|807|798|1605
0|807|799|1606
0|808|799|1607
0|808|800|1608
0|809|800|1609
0|809|801|1610
0|810|801|1611
0|810|802|1612
0|811|802|1613
0|811|803|1614
0|812|803|1615
0|812|804|1616
0|813|804|1617
0|813|805|1618
0|814|805|1619
0|814|806|1620
0|815|806|1621
0|815|807|1622
0|816|807|1623
0|816|808|1624
0|817|808|1625
0|817|809|1626
0|818|809|1627
0|818|810|1628
0|819|810|1629
0|819|811|1630
0|820|811|1631
0|820|812|1632
0|821|812|1633
0|821|813|1634
0|822|813|1635
0|822|814|1636
0|823|814|1637
0|823|815|1638
0|824|815|1639
0|824|816|1640
0|825|816|1641
0|825|817|1642
0|826|817|1643
0|826|818|1644
0|827|818|1645
0|827|819|1646
0|828|819|1647
0|828|820|1648
0|829|820|1649
0|829|821|1650
0|830|821|1651
0|830|822|1652
0|831|822|1653
0|831|823|1654
0|832|823|1655
0|832|824|1656
0|833|824|1657
0|833|825|1658
0|834|825|1659
0|834|826|1660
0|835|826|1661
0|835|827|1662
0|836|827|1663
0|836|828|1664
0|837|828|1665
0|837|829|1666
0|838|829|1667
0|838|830|1668
0|839|830|1669
0|839|831|1670
0|840|831|1671
0|840|832|1672
0|841|832|1673
0|841|833|1674
0|842|833|1675
0|842|834|1676
0|843|834|1677
0|843|835|1678
0|844|835|1679
0|844|836|1680
0|845|836|1681
0|845|837|1682
0|846|837|1683
0|846|838|1684
0|847|838|1685
0|847|839|1686
0|848|839|1687
0|848|840|1688
0|849|840|1689
0|849|841|1690
0|850|841|1691
0|850|842|1692
0|851|842|1693
0|851|843|1694
0|852|843|1695
0|852|844|1696
0|853|844|1697
0|853|845|1698
0|854|845|1699
0|854|846|1700
0|855|846|1701
0|855|847|1702
0|856|847|1703
0|856|848|1704
0|857|848|1705
0|857|849|1706
0|858|849|1707
0|858|850|1708
0|859|850|1709
0|859|851|1710
0|860|851|1711
0|860|852|1712
0|861|852|1713
0|861|853|1714
0|862|853|1715
0|862|854|1716
0|863|854|1717
0|863|855|1718
0|864|855|1719
0|864|856|1720
0|865|856|1721
0|865|857|1722
0|866|857|1723
0|866|858|1724
0|867|858|1725
0|867|859|1726
0|868|859|1727
0|868|860|1728
0|869|860|1729
0|869|861|1730
0|870|861|1731
0|870|862|1732
0|871|862|1733
0|871|863|1734
0|872|863|1735
0|872|864|1736
0|873|864|1737
0|873|865|1738
0|874|865|1739
0|874|866|1740
0|875|866|1741
0|875|867|1742
0|876|867|1743
0|876|868|1744
0|877|868|1745
0|877|869|1746
0|878|869|1747
0|878|870|1748
0|879|870|1749
0|879|871|1750
0|880|871|1751
0|880|872|1752
0|881|872|1753
0|881|873|1754
0|882|873|1755
0|882|874|1756
0|883|874|1757
0|883|875|1758
0|884|875|1759
0|884|876|1760
0|885|876|1761
0|885|877|1762
0|886|877|1763
0|886|878|1764
0|887|878|1765
0|888|878|1766
0|889|878|1767
0|889|879|1768
0|890|879|1769
0|890|880|1770
0|891|880|1771
0|891|881|1772
0|892|881|1773
0|892|882|1774
0|893|882|1775
0|893|883|1776
0|894|883|1777
0|894|884|1778
0|895|884|1779
0|895|885|1780
0|896|885|1781
0|896|886|1782
0|897|886|1783
0|897|887|1784
0|898|887|1785
0|898|888|1786
0|899|888|1787
0|899|889|1788
0|900|889|1789
0|900|890|1790
0|901|890|1791
0|901|891|1792
0|902|891|1793
0|902|892|1794
0|903|892|1795
0|903|893|1796
0|904|893|1797
0|904|894|1798
0|905|894|1799
0|905|895|1800
0|906|895|1801
0|906|896|1802
0|907|896|1803
0|907|897|1804
0|908|897|1805
0|908|898|1806
0|909|898|1807
0|909|899|1808
0|910|899|1809
0|910|900|1810
0|911|900|1811
0|911|901|1812
0|912|901|1813
0|912|902|1814
0|913|902|1815
0|913|903|1816
0|914|903|1817
0|914|904|1818
0|915|904|1819
0|915|905|1820
0|916|905|1821
0|916|906|1822
0|917|906|1823
0|917|907|1824
0|918|907|1825
0|918|908|1826
0|919|908|1827
0|919|909|1828
0|920|909|1829
0|920|910|1830
0|921|910|1831
0|921|911|1832
0|922|911|1833
0|922|912|1834
0|923|912|1835
0|923|913|1836
0|924|913|1837
0|924|914|1838
0|925|914|1839
0|925|915|1840
0|926|915|1841
0|926|916|1842
0|927|916|1843
0|927|917|1844
0|928|917|1845
0|928|918|1846
0|929|918|1847
0|929|919|1848
0|930|919|1849
0|930|920|1850
0|931|920|1851
0|931|921|1852
0|932|921|1853
0|932|922|1854
0|933|922|1855
0|933|923|1856
0|934|923|1857
0|934|924|1858
0|935|924|1859
0|935|925|1860
0|936|925|1861
0|936|926|1862
0|937|926|1863
0|937|927|1864
0|938|927|1865
0|938|928|1866
0|939|928|1867
0|939|929|1868
0|940|929|1869
0|940|930|1870
0|941|930|1871
0|941|931|1872
0|942|931|1873
0|942|932|1874
0|943|932|1875
0|943|933|1876
0|944|933|1877
0|944|934|1878
0|945|934|1879
0|945|935|1880
0|946|935|1881
0|946|936|1882
0|947|936|1883
0|947|937|1884
0|948|937|1885
0|948|938|1886
0|949|938|1887
0|949|939|1888
0|950|939|1889
0|950|940|1890
0|951|940|1891
0|951|941|1892
0|952|941|1893
0|952|942|1894
0|953|942|1895
0|953|943|1896
0|954|943|1897
0|954|944|1898
0|955|944|1899
0|955|945|1900
0|956|945|1901
0|956|946|1902
0|957|946|1903
0|957|947|1904
0|958|947|1905
0|958|948|1906
0|959|948|1907
0|959|949|1908
0|960|949|1909
0|960|950|1910
0|961|950|1911
0|961|951|1912
0|962|951|1913
0|962|952|1914
0|963|952|1915
0|963|953|1916
0|964|953|1917
0|964|954|1918
0|965|954|1919
0|965|955|1920
0|966|955|1921
0|966|956|1922
0|967|956|1923
0|967|957|1924
0|968|957|1925
0|968|958|1926
0|969|958|1927
0|969|959|1928
0|970|959|1929
0|970|960|1930
0|971|960|1931
0|971|961|1932
0|972|961|1933
0|972|962|1934
0|973|962|1935
0|973|963|1936
0|974|963|1937
0|974|964|1938
0|975|964|1939
0|975|965|1940
0|976|965|1941
0|976|966|1942
0|977|966|1943
0|977|967|1944
0|978|967|1945
0|978|968|1946
0|979|968|1947
0|979|969|1948
0|980|969|1949
0|980|970|1950
0|981|970|1951
0|981|971|1952
0|982|971|1953
0|982|972|1954
0|983|972|1955
0|983|973|1956
0|984|973|1957
0|984|974|1958
0|985|974|1959
0|985|975|1960
0|986|975|1961
0|986|976|1962
0|987|976|1963
0|987|977|1964
0|988|977|1965
0|988|978|1966
0|989|978|1967
0|989|979|1968
0|990|979|1969
0|990|980|1970
0|991|980|1971
0|991|981|1972
0|992|981|1973
0|992|982|1974
0|993|982|1975
0|993|983|1976
0|994|983|1977
0|994|984|1978
0|995|984|1979
0|995|985|1980
0|996|985|1981
0|996|986|1982
0|997|986|1983
0|997|987|1984
0|998|987|1985
0|998|988|1986
0|999|988|1987
0|999|989|1988
0|1000|989|1989
0|1000|990|1990
0|1001|990|1991
0|1001|991|1992
0|1002|991|1993
0|1002|992|1994
0|1003|992|1995
0|1003|993|1996
0|1004|993|1997
0|1004|994|1998
0|1005|994|1999
0|1005|995|2000
