total
0|0|1|1
0|1|1|2
0|1|2|3
0|2|2|4
0|2|3|5
0|3|3|6
0|3|4|7
0|4|4|8
0|4|5|9
0|5|5|10
0|5|6|11
0|6|6|12
0|6|7|13
0|7|7|14
0|7|8|15
0|8|8|16
0|8|9|17
0|9|9|18
0|9|10|19
0|10|10|20
0|10|11|21
0|11|11|22
0|11|12|23
0|12|12|24
0|12|13|25
0|13|13|26
0|13|14|27
0|14|14|28
0|14|15|29
0|15|15|30
0|15|16|31
0|16|16|32
0|16|17|33
0|17|17|34
0|17|18|35
0|18|18|36
0|19|18|37
0|20|18|38
0|20|19|39
0|21|19|40
0|21|20|41
0|22|20|42
0|22|21|43
0|23|21|44
0|23|22|45
0|24|22|46
0|24|23|47
0|25|23|48
0|25|24|49
0|26|24|50
0|26|25|51
0|27|25|52
0|27|26|53
0|28|26|54
0|28|27|55
0|29|27|56
0|29|28|57
0|30|28|58
0|31|28|59
0|32|28|60
0|32|29|61
0|33|29|62
0|33|30|63
0|34|30|64
0|34|31|65
0|35|31|66
0|35|32|67
0|36|32|68
0|36|33|69
0|37|33|70
0|37|34|71
0|38|34|72
0|38|35|73
0|39|35|74
0|39|36|75
0|40|36|76
0|40|37|77
0|41|37|78
0|41|38|79
0|42|38|80
0|42|39|81
0|43|39|82
0|43|40|83
0|44|40|84
0|44|41|85
0|45|41|86
0|45|42|87
0|46|42|88
0|46|43|89
0|47|43|90
0|47|44|91
0|48|44|92
0|48|45|93
0|49|45|94
0|49|46|95
0|50|46|96
0|50|47|97
0|51|47|98
0|51|48|99
0|52|48|100
0|52|49|101
0|53|49|102
0|53|50|103
0|54|50|104
0|54|51|105
0|55|51|106
0|55|52|107
0|56|52|108
0|56|53|109
0|57|53|110
0|57|54|111
0|58|54|112
0|58|55|113
0|59|55|114
0|59|56|115
0|60|56|116
0|60|57|117
0|61|57|118
0|61|58|119
0|62|58|120
0|62|59|121
0|63|59|122
0|63|60|123
0|64|60|124
0|64|61|125
0|65|61|126
0|65|62|127
0|66|62|128
0|66|63|129
0|67|63|130
0|67|64|131
0|68|64|132
0|68|65|133
0|69|65|134
0|69|66|135
0|70|66|136
0|70|67|137
0|71|67|138
0|71|68|139
0|72|68|140
0|72|69|141
0|73|69|142
0|73|70|143
0|74|70|144
0|74|71|145
0|75|71|146
0|75|72|147
0|76|72|148
0|76|73|149
0|77|73|150
0|77|74|151
0|78|74|152
0|78|75|153
0|79|75|154
0|79|76|155
0|80|76|156
0|80|77|157
0|81|77|158
0|81|78|159
0|82|78|160
0|82|79|161
0|83|79|162
0|83|80|163
0|84|80|164
0|84|81|165
0|85|81|166
0|85|82|167
0|86|82|168
0|86|83|169
0|87|83|170
0|87|84|171
0|88|84|172
0|88|85|173
0|89|85|174
0|89|86|175
0|90|86|176
0|90|87|177
0|91|87|178
0|91|88|179
0|92|88|180
0|92|89|181
0|93|89|182
0|93|90|183
0|94|90|184
0|94|91|185
0|95|91|186
0|95|92|187
0|96|92|188
0|96|93|189
0|97|93|190
0|97|94|191
0|98|94|192
0|98|95|193
0|99|95|194
0|99|96|195
0|100|96|196
0|100|97|197
0|101|97|198
0|101|98|199
0|102|98|200
0|102|99|201
0|103|99|202
0|103|100|203
0|104|100|204
0|104|101|205
0|105|101|206
0|105|102|207
0|106|102|208
0|106|103|209
0|107|103|210
0|107|104|211
0|108|104|212
0|108|105|213
0|109|105|214
0|109|106|215
0|110|106|216
0|110|107|217
0|111|107|218
0|111|108|219
0|112|108|220
0|112|109|221
0|113|109|222
0|113|110|223
0|114|110|224
0|114|111|225
0|115|111|226
0|115|112|227
0|116|112|228
0|116|113|229
0|117|113|230
0|117|114|231
0|118|114|232
0|118|115|233
0|119|115|234
0|119|116|235
0|120|116|236
0|120|117|237
0|121|117|238
0|121|118|239
0|122|118|240
0|122|119|241
0|123|119|242
0|123|120|243
0|124|120|244
0|124|121|245
0|125|121|246
0|125|122|247
0|126|122|248
0|126|123|249
0|127|123|250
0|127|124|251
0|128|124|252
0|128|125|253
0|129|125|254
0|129|126|255
0|130|126|256
0|130|127|257
0|131|127|258
0|131|128|259
0|132|128|260
0|132|129|261
0|133|129|262
0|133|130|263
0|134|130|264
0|134|131|265
0|135|131|266
0|135|132|267
0|136|132|268
0|136|133|269
0|137|133|270
0|137|134|271
0|138|134|272
0|138|135|273
0|139|135|274
0|139|136|275
0|140|136|276
0|140|137|277
0|141|137|278
0|141|138|279
0|142|138|280
0|142|139|281
0|143|139|282
0|143|140|283
0|144|140|284
0|144|141|285
0|145|141|286
0|145|142|287
0|146|142|288
0|146|143|289
0|147|143|290
0|147|144|291
0|148|144|292
0|148|145|293
0|149|145|294
0|149|146|295
0|150|146|296
0|150|147|297
0|151|147|298
0|151|148|299
0|152|148|300
0|152|149|301
0|153|149|302
0|153|150|303
0|154|150|304
0|154|151|305
0|155|151|306
0|155|152|307
0|156|152|308
0|156|153|309
0|157|153|310
0|157|154|311
0|158|154|312
0|158|155|313
0|159|155|314
0|159|156|315
0|160|156|316
0|160|157|317
0|161|157|318
0|161|158|319
0|162|158|320
0|162|159|321
0|163|159|322
0|163|160|323
0|164|160|324
0|164|161|325
0|165|161|326
0|165|162|327
0|166|162|328
0|166|163|329
0|167|163|330
0|167|164|331
0|168|164|332
0|168|165|333
0|169|165|334
0|169|166|335
0|170|166|336
0|170|167|337
0|171|167|338
0|171|168|339
0|172|168|340
0|172|169|341
0|173|169|342
0|173|170|343
0|174|170|344
0|174|171|345
0|175|171|346
0|175|172|347
0|176|172|348
0|176|173|349
0|177|173|350
0|177|174|351
0|178|174|352
0|178|175|353
0|179|175|354
0|179|176|355
0|180|176|356
0|180|177|357
0|181|177|358
0|181|178|359
0|182|178|360
0|182|179|361
0|183|179|362
0|183|180|363
0|184|180|364
0|184|181|365
0|185|181|366
0|185|182|367
0|186|182|368
0|186|183|369
0|187|183|370
0|187|184|371
0|188|184|372
0|188|185|373
0|189|185|374
0|189|186|375
0|190|186|376
0|190|187|377
0|191|187|378
0|191|188|379
0|192|188|380
0|192|189|381
0|193|189|382
0|193|190|383
0|194|190|384
0|194|191|385
0|195|191|386
0|195|192|387
0|196|192|388
0|196|193|389
0|197|193|390
0|197|194|391
0|198|194|392
0|198|195|393
0|199|195|394
0|199|196|395
0|200|196|396
0|200|197|397
0|201|197|398
0|201|198|399
0|202|198|400
0|202|199|401
0|203|199|402
0|203|200|403
0|204|200|404
0|204|201|405
0|205|201|406
0|205|202|407
0|206|202|408
0|206|203|409
0|207|203|410
0|207|204|411
0|208|204|412
0|208|205|413
0|209|205|414
0|209|206|415
0|210|206|416
0|210|207|417
0|211|207|418
0|211|208|419
0|212|208|420
0|212|209|421
0|213|209|422
0|213|210|423
0|214|210|424
0|214|211|425
0|215|211|426
0|215|212|427
0|216|212|428
0|216|213|429
0|217|213|430
0|217|214|431
0|218|214|432
0|218|215|433
0|219|215|434
0|219|216|435
0|220|216|436
0|220|217|437
0|221|217|438
0|221|218|439
0|222|218|440
0|222|219|441
0|223|219|442
0|223|220|443
0|224|220|444
0|224|221|445
0|225|221|446
0|225|222|447
0|226|222|448
0|226|223|449
0|227|223|450
0|227|224|451
0|228|224|452
0|228|225|453
0|229|225|454
0|229|226|455
0|230|226|456
0|230|227|457
0|231|227|458
0|231|228|459
0|232|228|460
0|232|229|461
0|233|229|462
0|233|230|463
0|234|230|464
0|234|231|465
0|235|231|466
0|235|232|467
0|236|232|468
0|236|233|469
0|237|233|470
0|237|234|471
0|238|234|472
0|238|235|473
0|239|235|474
0|239|236|475
0|240|236|476
0|240|237|477
0|241|237|478
0|241|238|479
0|242|238|480
0|242|239|481
0|243|239|482
0|243|240|483
0|244|240|484
0|244|241|485
0|245|241|486
0|245|242|487
0|246|242|488
0|246|243|489
0|247|243|490
0|247|244|491
0|248|244|492
0|248|245|493
0|249|245|494
0|249|246|495
0|250|246|496
0|250|247|497
0|251|247|498
0|251|248|499
0|252|248|500
0|252|249|501
0|253|249|502
0|253|250|503
0|254|250|504
0|254|251|505
0|255|251|506
0|255|252|507
0|256|252|508
0|256|253|509
0|257|253|510
0|257|254|511
0|258|254|512
0|258|255|513
0|259|255|514
0|259|256|515
0|260|256|516
0|260|257|517
0|261|257|518
0|261|258|519
0|262|258|520
0|262|259|521
0|263|259|522
0|263|260|523
0|264|260|524
0|264|261|525
0|265|261|526
0|265|262|527
0|266|262|528
0|266|263|529
0|267|263|530
0|267|264|531
0|268|264|532
0|268|265|533
0|269|265|534
0|269|266|535
0|270|266|536
0|270|267|537
0|271|267|538
0|271|268|539
0|272|268|540
0|272|269|541
0|273|269|542
0|273|270|543
0|274|270|544
0|274|271|545
0|275|271|546
0|275|272|547
0|276|272|548
0|276|273|549
0|277|273|550
0|277|274|551
0|278|274|552
0|278|275|553
0|279|275|554
0|279|276|555
0|280|276|556
0|280|277|557
0|281|277|558
0|281|278|559
0|282|278|560
0|282|279|561
0|283|279|562
0|283|280|563
0|284|280|564
0|284|281|565
0|285|281|566
0|285|282|567
0|286|282|568
0|286|283|569
0|287|283|570
0|287|284|571
0|288|284|572
0|288|285|573
0|289|285|574
0|289|286|575
0|290|286|576
0|290|287|577
0|291|287|578
0|291|288|579
0|292|288|580
0|292|289|581
0|293|289|582
0|293|290|583
0|294|290|584
0|294|291|585
0|295|291|586
0|295|292|587
0|296|292|588
0|296|293|589
0|297|293|590
0|297|294|591
0|298|294|592
0|298|295|593
0|299|295|594
0|299|296|595
0|300|296|596
0|300|297|597
0|301|297|598
0|301|298|599
0|302|298|600
0|303|298|601
0|304|298|602
0|304|299|603
0|305|299|604
0|305|300|605
0|306|300|606
0|306|301|607
0|307|301|608
0|307|302|609
0|308|302|610
0|308|303|611
0|309|303|612
0|309|304|613
0|310|304|614
0|310|305|615
0|311|305|616
0|311|306|617
0|312|306|618
0|312|307|619
0|313|307|620
0|313|308|621
0|314|308|622
0|314|309|623
0|315|309|624
0|315|310|625
0|316|310|626
0|316|311|627
0|317|311|628
0|317|312|629
0|318|312|630
0|318|313|631
0|319|313|632
0|319|314|633
0|320|314|634
0|320|315|635
0|321|315|636
0|321|316|637
0|322|316|638
0|322|317|639
0|323|317|640
0|323|318|641
0|324|318|642
0|324|319|643
0|325|319|644
0|326|320|646
0|327|320|647
0|327|321|648
0|328|321|649
0|328|322|650
0|329|322|651
0|329|323|652
0|330|323|653
0|330|324|654
0|331|324|655
0|331|325|656
0|332|325|657
0|332|326|658
0|333|326|659
0|333|327|660
0|334|327|661
0|334|328|662
0|335|328|663
0|335|329|664
0|336|329|665
0|336|330|666
0|337|330|667
0|337|331|668
0|338|331|669
0|338|332|670
0|339|332|671
0|339|333|672
0|340|333|673
0|340|334|674
0|341|334|675
0|341|335|676
0|342|335|677
0|342|336|678
0|343|336|679
0|343|337|680
0|344|337|681
0|344|338|682
0|345|338|683
0|345|339|684
0|346|339|685
0|346|340|686
0|347|340|687
0|347|341|688
0|348|341|689
0|348|342|690
0|349|342|691
0|349|343|692
0|350|343|693
0|350|344|694
0|351|344|695
0|351|345|696
0|352|345|697
0|352|346|698
0|353|346|699
0|353|347|700
0|354|347|701
0|354|348|702
0|355|348|703
0|355|349|704
0|356|349|705
0|356|350|706
0|357|350|707
0|357|351|708
0|358|351|709
0|358|352|710
0|359|352|711
0|359|353|712
0|360|353|713
0|360|354|714
0|361|354|715
0|361|355|716
0|362|355|717
0|362|356|718
0|363|356|719
0|363|357|720
0|364|357|721
0|364|358|722
0|365|358|723
0|365|359|724
0|366|359|725
0|366|360|726
0|367|360|727
0|367|361|728
0|368|361|729
0|368|362|730
0|369|362|731
0|369|363|732
0|370|363|733
0|370|364|734
0|371|364|735
0|371|365|736
0|372|365|737
0|372|366|738
0|373|366|739
0|373|367|740
0|374|367|741
0|374|368|742
0|375|368|743
0|375|369|744
0|376|369|745
0|376|370|746
0|377|370|747
0|377|371|748
0|378|371|749
0|378|372|750
0|379|372|751
0|379|373|752
0|380|373|753
0|380|374|754
0|381|374|755
0|381|375|756
0|382|375|757
0|382|376|758
0|383|376|759
0|383|377|760
0|384|377|761
0|384|378|762
0|385|378|763
0|385|379|764
0|386|379|765
0|386|380|766
0|387|380|767
0|387|381|768
0|388|381|769
0|388|382|770
0|389|382|771
0|389|383|772
0|390|383|773
0|390|384|774
0|391|384|775
0|391|385|776
0|392|385|777
0|392|386|778
0|393|386|779
0|393|387|780
0|394|387|781
0|394|388|782
0|395|388|783
0|395|389|784
0|396|389|785
0|396|390|786
0|397|390|787
0|397|391|788
0|398|391|789
0|398|392|790
0|399|392|791
0|399|393|792
0|400|393|793
0|400|394|794
0|401|394|795
0|401|395|796
0|402|395|797
0|402|396|798
0|403|396|799
0|403|397|800
0|404|397|801
0|404|398|802
0|405|398|803
0|405|399|804
0|406|399|805
0|406|400|806
0|407|400|807
0|407|401|808
0|408|401|809
0|408|402|810
0|409|402|811
0|409|403|812
0|410|403|813
0|410|404|814
0|411|404|815
0|411|405|816
0|412|405|817
0|412|406|818
0|413|406|819
0|413|407|820
0|414|407|821
0|414|408|822
0|415|408|823
0|415|409|824
0|416|409|825
0|416|410|826
0|417|410|827
0|417|411|828
0|418|411|829
0|418|412|830
0|419|412|831
0|419|413|832
0|420|413|833
0|420|414|834
0|421|414|835
0|421|415|836
0|422|415|837
0|422|416|838
0|423|416|839
0|423|417|840
0|424|417|841
0|424|418|842
0|425|418|843
0|425|419|844
0|426|419|845
0|426|420|846
0|427|420|847
0|427|421|848
0|428|421|849
0|428|422|850
0|429|422|851
0|429|423|852
0|430|423|853
0|430|424|854
0|431|424|855
0|431|425|856
0|432|425|857
0|432|426|858
0|433|426|859
0|433|427|860
0|434|427|861
0|434|428|862
0|435|428|863
0|435|429|864
0|436|429|865
0|436|430|866
0|437|430|867
0|437|431|868
0|438|431|869
0|438|432|870
0|439|432|871
0|439|433|872
0|440|433|873
0|440|434|874
0|441|434|875
0|441|435|876
0|442|435|877
0|442|436|878
0|443|436|879
0|443|437|880
0|444|437|881
0|444|438|882
0|445|438|883
0|445|439|884
0|446|439|885
0|446|440|886
0|447|440|887
0|447|441|888
0|448|441|889
0|448|442|890
0|449|442|891
0|449|443|892
0|450|443|893
0|450|444|894
0|451|444|895
0|451|445|896
0|452|445|897
0|452|446|898
0|453|446|899
0|453|447|900
0|454|447|901
0|454|448|902
0|455|448|903
0|455|449|904
0|456|449|905
0|456|450|906
0|457|450|907
0|457|451|908
0|458|451|909
0|458|452|910
0|459|452|911
0|459|453|912
0|460|453|913
0|460|454|914
0|461|454|915
0|461|455|916
0|462|455|917
0|462|456|918
0|463|456|919
0|463|457|920
0|464|457|921
0|464|458|922
0|465|458|923
0|465|459|924
0|466|459|925
0|466|460|926
0|467|460|927
0|467|461|928
0|468|461|929
0|468|462|930
0|469|462|931
0|469|463|932
0|470|463|933
0|470|464|934
0|471|464|935
0|471|465|936
0|472|465|937
0|472|466|938
0|473|466|939
0|473|467|940
0|474|467|941
0|474|468|942
0|475|468|943
0|475|469|944
0|476|469|945
0|476|470|946
0|477|470|947
0|477|471|948
0|478|471|949
0|478|472|950
0|479|472|951
0|479|473|952
0|480|473|953
0|480|474|954
0|481|474|955
0|481|475|956
0|482|475|957
0|482|476|958
0|483|476|959
0|483|477|960
0|484|477|961
0|484|478|962
0|485|478|963
0|485|479|964
0|486|479|965
0|486|480|966
0|487|480|967
0|487|481|968
0|488|481|969
0|488|482|970
0|489|482|971
0|489|483|972
0|490|483|973
0|490|484|974
0|491|484|975
0|491|485|976
0|492|485|977
0|492|486|978
0|493|486|979
0|493|487|980
0|494|487|981
0|494|488|982
0|495|488|983
0|495|489|984
0|496|489|985
0|496|490|986
0|497|490|987
0|497|491|988
0|498|491|989
0|498|492|990
0|499|492|991
0|499|493|992
0|500|493|993
0|500|494|994
0|501|494|995
0|501|495|996
0|502|495|997
0|502|496|998
0|503|496|999
0|503|497|1000
0|504|497|1001
0|504|498|1002
0|505|498|1003
0|505|499|1004
0|506|499|1005
0|506|500|1006
0|507|500|1007
0|507|501|1008
0|508|501|1009
0|508|502|1010
0|509|502|1011
0|509|503|1012
0|510|503|1013
0|510|504|1014
0|511|504|1015
0|511|505|1016
0|512|505|1017
0|512|506|1018
0|513|506|1019
0|513|507|1020
0|514|507|1021
0|514|508|1022
0|515|508|1023
0|515|509|1024
0|516|509|1025
0|516|510|1026
0|517|510|1027
0|517|511|1028
0|518|511|1029
0|518|512|1030
0|519|512|1031
0|519|513|1032
0|520|513|1033
0|520|514|1034
0|521|514|1035
0|521|515|1036
0|522|515|1037
0|522|516|1038
0|523|516|1039
0|523|517|1040
0|524|517|1041
0|524|518|1042
0|525|518|1043
0|525|519|1044
0|526|519|1045
0|526|520|1046
0|527|520|1047
0|527|521|1048
0|528|521|1049
0|528|522|1050
0|529|522|1051
0|529|523|1052
0|530|523|1053
0|530|524|1054
0|531|524|1055
0|531|525|1056
0|532|525|1057
0|532|526|1058
0|533|526|1059
0|533|527|1060
0|534|527|1061
0|534|528|1062
0|535|528|1063
0|535|529|1064
0|536|529|1065
0|536|530|1066
0|537|530|1067
0|537|531|1068
0|538|531|1069
0|538|532|1070
0|539|532|1071
0|539|533|1072
0|540|533|1073
0|540|534|1074
0|541|534|1075
0|541|535|1076
0|542|535|1077
0|542|536|1078
0|543|536|1079
0|543|537|1080
0|544|537|1081
0|544|538|1082
0|545|538|1083
0|545|539|1084
0|546|539|1085
0|546|540|1086
0|547|540|1087
0|547|541|1088
0|548|541|1089
0|548|542|1090
0|549|542|1091
0|549|543|1092
0|550|543|1093
0|550|544|1094
0|551|544|1095
0|551|545|1096
0|552|545|1097
0|552|546|1098
0|553|546|1099
0|553|547|1100
0|554|547|1101
0|554|548|1102
0|555|548|1103
0|555|549|1104
0|556|549|1105
0|556|550|1106
0|557|550|1107
0|557|551|1108
0|558|551|1109
0|558|552|1110
0|559|552|1111
0|559|553|1112
0|560|553|1113
0|560|554|1114
0|561|554|1115
0|561|555|1116
0|562|555|1117
0|562|556|1118
0|563|556|1119
0|563|557|1120
0|564|557|1121
0|564|558|1122
0|565|558|1123
0|565|559|1124
0|566|559|1125
0|566|560|1126
0|567|560|1127
0|567|561|1128
0|568|561|1129
0|568|562|1130
0|569|562|1131
0|569|563|1132
0|570|563|1133
0|570|564|1134
0|571|564|1135
0|571|565|1136
0|572|565|1137
0|572|566|1138
0|573|566|1139
0|573|567|1140
0|574|567|1141
0|574|568|1142
0|575|568|1143
0|575|569|1144
0|576|569|1145
0|576|570|1146
0|577|570|1147
0|577|571|1148
0|578|571|1149
0|578|572|1150
0|579|572|1151
0|579|573|1152
0|580|573|1153
0|580|574|1154
0|581|574|1155
0|581|575|1156
0|582|575|1157
0|582|576|1158
0|583|576|1159
0|583|577|1160
0|584|577|1161
0|584|578|1162
0|585|578|1163
0|585|579|1164
0|586|579|1165
0|586|580|1166
0|587|580|1167
0|587|581|1168
0|588|581|1169
0|588|582|1170
0|589|582|1171
0|589|583|1172
0|590|583|1173
0|590|584|1174
0|591|584|1175
0|591|585|1176
0|592|585|1177
0|592|586|1178
0|593|586|1179
0|593|587|1180
0|594|587|1181
0|594|588|1182
0|595|588|1183
0|595|589|1184
0|596|589|1185
0|596|590|1186
0|597|590|1187
0|597|591|1188
0|598|591|1189
0|598|592|1190
0|599|592|1191
0|599|593|1192
0|600|593|1193
0|600|594|1194
0|601|594|1195
0|601|595|1196
0|602|595|1197
0|602|596|1198
0|603|596|1199
0|603|597|1200
0|604|597|1201
0|604|598|1202
0|605|598|1203
0|605|599|1204
0|606|599|1205
0|606|600|1206
0|607|600|1207
0|607|601|1208
0|608|601|1209
0|608|602|1210
0|609|602|1211
0|609|603|1212
0|610|603|1213
0|610|604|1214
0|611|604|1215
0|611|605|1216
0|612|605|1217
0|612|606|1218
0|613|606|1219
0|613|607|1220
0|614|607|1221
0|614|608|1222
0|615|608|1223
0|615|609|1224
0|616|609|1225
0|616|610|1226
0|617|610|1227
0|617|611|1228
0|618|611|1229
0|618|612|1230
0|619|612|1231
0|619|613|1232
0|620|613|1233
0|620|614|1234
0|621|614|1235
0|621|615|1236
0|622|615|1237
0|622|616|1238
0|623|616|1239
0|623|617|1240
0|624|617|1241
0|624|618|1242
0|625|618|1243
0|625|619|1244
0|626|619|1245
0|626|620|1246
0|627|620|1247
0|627|621|1248
0|628|621|1249
0|628|622|1250
0|629|622|1251
0|629|623|1252
0|630|623|1253
0|630|624|1254
0|631|624|1255
0|631|625|1256
0|632|625|1257
0|632|626|1258
0|633|626|1259
0|633|627|1260
0|634|627|1261
0|634|628|1262
0|635|628|1263
0|635|629|1264
0|636|629|1265
0|636|630|1266
0|637|630|1267
0|637|631|1268
0|638|631|1269
0|638|632|1270
0|639|632|1271
0|639|633|1272
0|640|633|1273
0|640|634|1274
0|641|634|1275
0|641|635|1276
0|642|635|1277
0|642|636|1278
0|643|636|1279
0|643|637|1280
0|644|637|1281
0|644|638|1282
0|645|638|1283
0|646|638|1284
0|647|638|1285
0|648|638|1286
0|649|638|1287
0|649|639|1288
0|650|639|1289
0|650|640|1290
0|651|640|1291
0|651|641|1292
0|652|641|1293
0|652|642|1294
0|653|642|1295
0|653|643|1296
0|654|643|1297
0|654|644|1298
0|655|644|1299
0|655|645|1300
0|656|645|1301
0|656|646|1302
0|657|646|1303
0|657|647|1304
0|658|647|1305
0|658|648|1306
0|659|648|1307
0|659|649|1308
0|660|649|1309
0|660|650|1310
0|661|650|1311
0|661|651|1312
0|662|651|1313
0|662|652|1314
0|663|652|1315
0|663|653|1316
0|664|653|1317
0|664|654|1318
0|665|654|1319
0|665|655|1320
0|666|655|1321
0|666|656|1322
0|667|656|1323
0|667|657|1324
0|668|657|1325
0|668|658|1326
0|669|658|1327
0|669|659|1328
0|670|659|1329
0|670|660|1330
0|671|660|1331
0|671|661|1332
0|672|661|1333
0|672|662|1334
0|673|662|1335
0|673|663|1336
0|674|663|1337
0|674|664|1338
0|675|664|1339
0|675|665|1340
0|676|665|1341
0|676|666|1342
0|677|666|1343
0|677|667|1344
0|678|667|1345
0|678|668|1346
0|679|668|1347
0|679|669|1348
0|680|669|1349
0|680|670|1350
0|681|670|1351
0|681|671|1352
0|682|671|1353
0|682|672|1354
0|683|672|1355
0|683|673|1356
0|684|673|1357
0|684|674|1358
0|685|674|1359
0|685|675|1360
0|686|675|1361
0|686|676|1362
0|687|676|1363
0|687|677|1364
0|688|677|1365
0|688|678|1366
0|689|678|1367
0|689|679|1368
0|690|679|1369
0|690|680|1370
0|691|680|1371
0|691|681|1372
0|692|681|1373
0|692|682|1374
0|693|682|1375
0|693|683|1376
0|694|683|1377
0|694|684|1378
0|695|684|1379
0|695|685|1380
0|696|685|1381
0|696|686|1382
0|697|686|1383
0|697|687|1384
0|698|687|1385
0|698|688|1386
0|699|688|1387
0|699|689|1388
0|700|689|1389
0|700|690|1390
0|701|690|1391
0|701|691|1392
0|702|691|1393
0|702|692|1394
0|703|692|1395
0|703|693|1396
0|704|693|1397
0|704|694|1398
0|705|694|1399
0|705|695|1400
0|706|695|1401
0|706|696|1402
0|707|696|1403
0|707|697|1404
0|708|697|1405
0|708|698|1406
0|709|698|1407
0|709|699|1408
0|710|699|1409
0|710|700|1410
0|711|700|1411
0|711|701|1412
0|712|701|1413
0|712|702|1414
0|713|702|1415
0|713|703|1416
0|714|703|1417
0|714|704|1418
0|715|704|1419
0|715|705|1420
0|716|705|1421
0|716|706|1422
0|717|706|1423
0|717|707|1424
0|718|707|1425
0|718|708|1426
0|719|708|1427
0|719|709|1428
0|720|709|1429
0|721|709|1430
0|722|709|1431
0|722|710|1432
0|723|710|1433
0|723|711|1434
0|724|711|1435
0|724|712|1436
0|725|712|1437
0|725|713|1438
0|726|713|1439
0|726|714|1440
0|727|714|1441
0|727|715|1442
0|728|715|1443
0|728|716|1444
0|729|716|1445
0|729|717|1446
0|730|717|1447
0|730|718|1448
0|731|718|1449
0|731|719|1450
0|732|719|1451
0|732|720|1452
0|733|720|1453
0|733|721|1454
0|734|721|1455
0|734|722|1456
0|735|722|1457
0|735|723|1458
0|736|723|1459
0|736|724|1460
0|737|724|1461
0|737|725|1462
0|738|725|1463
0|738|726|1464
0|739|726|1465
0|739|727|1466
0|740|727|1467
0|740|728|1468
0|741|728|1469
0|741|729|1470
0|742|729|1471
0|742|730|1472
0|743|730|1473
0|743|731|1474
0|744|731|1475
0|744|732|1476
0|745|732|1477
0|745|733|1478
0|746|733|1479
0|746|734|1480
0|747|734|1481
0|747|735|1482
0|748|735|1483
0|748|736|1484
0|749|736|1485
0|749|737|1486
0|750|737|1487
0|750|738|1488
0|751|738|1489
0|751|739|1490
0|752|739|1491
0|752|740|1492
0|753|740|1493
0|753|741|1494
0|754|741|1495
0|754|742|1496
0|755|742|1497
0|755|743|1498
0|756|743|1499
0|756|744|1500
0|757|744|1501
0|757|745|1502
0|758|745|1503
0|758|746|1504
0|759|746|1505
0|759|747|1506
0|760|747|1507
0|760|748|1508
0|761|748|1509
0|761|749|1510
0|762|749|1511
0|762|750|1512
0|763|750|1513
0|763|751|1514
0|764|751|1515
0|764|752|1516
0|765|752|1517
0|765|753|1518
0|766|753|1519
0|766|754|1520
0|767|754|1521
0|767|755|1522
0|768|755|1523
0|768|756|1524
0|769|756|1525
0|769|757|1526
0|770|757|1527
0|770|758|1528
0|771|758|1529
0|771|759|1530
0|772|759|1531
0|772|760|1532
0|773|760|1533
0|773|761|1534
0|774|761|1535
0|774|762|1536
0|775|762|1537
0|775|763|1538
0|776|763|1539
0|776|764|1540
0|777|764|1541
0|777|765|1542
0|778|765|1543
0|778|766|1544
0|779|766|1545
0|779|767|1546
0|780|767|1547
0|780|768|1548
0|781|768|1549
0|781|769|1550
0|782|769|1551
0|782|770|1552
0|783|770|1553
0|783|771|1554
0|784|771|1555
0|784|772|1556
0|785|772|1557
0|785|773|1558
0|786|773|1559
0|786|774|1560
0|787|774|1561
0|787|775|1562
0|788|775|1563
0|788|776|1564
0|789|776|1565
0|789|777|1566
0|790|777|1567
0|790|778|1568
0|791|778|1569
0|791|779|1570
0|792|779|1571
0|792|780|1572
0|793|780|1573
0|793|781|1574
0|794|781|1575
0|794|782|1576
0|795|782|1577
0|795|783|1578
0|796|783|1579
0|796|784|1580
0|797|784|1581
0|797|785|1582
0|798|785|1583
0|798|786|1584
0|799|786|1585
0|799|787|1586
0|800|787|1587
0|800|788|1588
0|801|788|1589
0|801|789|1590
0|802|789|1591
0|802|790|1592
0|803|790|1593
0|803|791|1594
0|804|791|1595
0|804|792|1596
0|805|792|1597
0|805|793|1598
0|806|793|1599
0|806|794|1600
0|807|794|1601
0|807|795|1602
0|808|795|1603
0|808|796|1604
0|809|796|1605
0|809|797|1606
0|810|797|1607
0|810|798|1608
0|811|798|1609
0|811|799|1610
0|812|799|1611
0|812|800|1612
0|813|800|1613
0|813|801|1614
0|814|801|1615
0|814|802|1616
0|815|802|1617
0|815|803|1618
0|816|803|1619
0|816|804|1620
0|817|804|1621
0|817|805|1622
0|818|805|1623
0|818|806|1624
0|819|806|1625
0|819|807|1626
0|820|807|1627
0|820|808|1628
0|821|808|1629
0|821|809|1630
0|822|809|1631
0|822|810|1632
0|823|810|1633
0|823|811|1634
0|824|811|1635
0|824|812|1636
0|825|812|1637
0|825|813|1638
0|826|813|1639
0|826|814|1640
0|827|814|1641
0|827|815|1642
0|828|815|1643
0|828|816|1644
0|829|816|1645
0|829|817|1646
0|830|817|1647
0|830|818|1648
0|831|818|1649
0|831|819|1650
0|832|819|1651
0|832|820|1652
0|833|820|1653
0|833|821|1654
0|834|821|1655
0|834|822|1656
0|835|822|1657
0|835|823|1658
0|836|823|1659
0|836|824|1660
0|837|824|1661
0|837|825|1662
0|838|825|1663
0|838|826|1664
0|839|826|1665
0|839|827|1666
0|840|827|1667
0|840|828|1668
0|841|828|1669
0|841|829|1670
0|842|829|1671
0|842|830|1672
0|843|830|1673
0|843|831|1674
0|844|831|1675
0|844|832|1676
0|845|832|1677
0|845|833|1678
0|846|833|1679
0|846|834|1680
0|847|834|1681
0|847|835|1682
0|848|835|1683
0|848|836|1684
0|849|836|1685
0|849|837|1686
0|850|837|1687
0|850|838|1688
0|851|838|1689
0|851|839|1690
0|852|839|1691
0|852|840|1692
0|853|840|1693
0|853|841|1694
0|854|841|1695
0|854|842|1696
0|855|842|1697
0|855|843|1698
0|856|843|1699
0|856|844|1700
0|857|844|1701
0|857|845|1702
0|858|845|1703
0|858|846|1704
0|859|846|1705
0|859|847|1706
0|860|847|1707
0|860|848|1708
0|861|848|1709
0|861|849|1710
0|862|849|1711
0|862|850|1712
0|863|850|1713
0|863|851|1714
0|864|851|1715
0|864|852|1716
0|865|852|1717
0|865|853|1718
0|866|853|1719
0|866|854|1720
0|867|854|1721
0|867|855|1722
0|868|855|1723
0|868|856|1724
0|869|856|1725
0|869|857|1726
0|870|857|1727
0|870|858|1728
0|871|858|1729
0|871|859|1730
0|872|859|1731
0|872|860|1732
0|873|860|1733
0|873|861|1734
0|874|861|1735
0|874|862|1736
0|875|862|1737
0|875|863|1738
0|876|863|1739
0|876|864|1740
0|877|864|1741
0|877|865|1742
0|878|865|1743
0|878|866|1744
0|879|866|1745
0|879|867|1746
0|880|867|1747
0|880|868|1748
0|881|868|1749
0|881|869|1750
0|882|869|1751
0|882|870|1752
0|883|870|1753
0|883|871|1754
0|884|871|1755
0|884|872|1756
0|885|872|1757
0|885|873|1758
0|886|873|1759
0|886|874|1760
0|887|874|1761
0|887|875|1762
0|888|875|1763
0|888|876|1764
0|889|876|1765
0|889|877|1766
0|890|877|1767
0|890|878|1768
0|891|878|1769
0|891|879|1770
0|892|879|1771
0|892|880|1772
0|893|880|1773
0|893|881|1774
0|894|881|1775
0|894|882|1776
0|895|882|1777
0|895|883|1778
0|896|883|1779
0|896|884|1780
0|897|884|1781
0|897|885|1782
0|898|885|1783
0|898|886|1784
0|899|886|1785
0|899|887|1786
0|900|887|1787
0|900|888|1788
0|901|888|1789
0|901|889|1790
0|902|889|1791
0|902|890|1792
0|903|890|1793
0|903|891|1794
0|904|891|1795
0|904|892|1796
0|905|892|1797
0|905|893|1798
0|906|893|1799
0|906|894|1800
0|907|894|1801
0|907|895|1802
0|908|895|1803
0|908|896|1804
0|909|896|1805
0|909|897|1806
0|910|897|1807
0|910|898|1808
0|911|898|1809
0|911|899|1810
0|912|899|1811
0|912|900|1812
0|913|900|1813
0|913|901|1814
0|914|901|1815
0|914|902|1816
0|915|902|1817
0|915|903|1818
0|916|903|1819
0|916|904|1820
0|917|904|1821
0|917|905|1822
0|918|905|1823
0|918|906|1824
0|919|906|1825
0|919|907|1826
0|920|907|1827
0|920|908|1828
0|921|908|1829
0|921|909|1830
0|922|909|1831
0|922|910|1832
0|923|910|1833
0|923|911|1834
0|924|911|1835
0|924|912|1836
0|925|912|1837
0|925|913|1838
0|926|913|1839
0|926|914|1840
0|927|914|1841
0|927|915|1842
0|928|915|1843
0|928|916|1844
0|929|916|1845
0|929|917|1846
0|930|917|1847
0|930|918|1848
0|931|918|1849
0|931|919|1850
0|932|919|1851
0|932|920|1852
0|933|920|1853
0|933|921|1854
0|934|921|1855
0|934|922|1856
0|935|922|1857
0|935|923|1858
0|936|923|1859
0|936|924|1860
0|937|924|1861
0|937|925|1862
0|938|925|1863
0|938|926|1864
0|939|926|1865
0|939|927|1866
0|940|927|1867
0|940|928|1868
0|941|928|1869
0|941|929|1870
0|942|929|1871
0|942|930|1872
0|943|930|1873
0|943|931|1874
0|944|931|1875
0|944|932|1876
0|945|932|1877
0|945|933|1878
0|946|933|1879
0|946|934|1880
0|947|934|1881
0|947|935|1882
0|948|935|1883
0|948|936|1884
0|949|936|1885
0|949|937|1886
0|950|937|1887
0|950|938|1888
0|951|938|1889
0|951|939|1890
0|952|939|1891
0|952|940|1892
0|953|940|1893
0|953|941|1894
0|954|941|1895
0|954|942|1896
0|955|942|1897
0|955|943|1898
0|956|943|1899
0|956|944|1900
0|957|944|1901
0|957|945|1902
0|958|945|1903
0|958|946|1904
0|959|946|1905
0|959|947|1906
0|960|947|1907
0|960|948|1908
0|961|948|1909
0|961|949|1910
0|962|949|1911
0|962|950|1912
0|963|950|1913
0|963|951|1914
0|964|951|1915
0|964|952|1916
0|965|952|1917
0|965|953|1918
0|966|953|1919
0|966|954|1920
0|967|954|1921
0|967|955|1922
0|968|955|1923
0|968|956|1924
0|969|956|1925
0|969|957|1926
0|970|957|1927
0|970|958|1928
0|971|958|1929
0|971|959|1930
0|972|959|1931
0|972|960|1932
0|973|960|1933
0|973|961|1934
0|974|961|1935
0|974|962|1936
0|975|962|1937
0|975|963|1938
0|976|963|1939
0|976|964|1940
0|977|964|1941
0|977|965|1942
0|978|965|1943
0|978|966|1944
0|979|966|1945
0|979|967|1946
0|980|967|1947
0|980|968|1948
0|981|968|1949
0|981|969|1950
0|982|969|1951
0|982|970|1952
0|983|970|1953
0|983|971|1954
0|984|971|1955
0|984|972|1956
0|985|972|1957
0|985|973|1958
0|986|973|1959
0|986|974|1960
0|987|974|1961
0|987|975|1962
0|988|975|1963
0|988|976|1964
0|989|976|1965
0|989|977|1966
0|990|977|1967
0|991|977|1968
0|992|977|1969
0|992|978|1970
0|993|978|1971
0|993|979|1972
0|994|979|1973
0|994|980|1974
0|995|980|1975
0|995|981|1976
0|996|981|1977
0|996|982|1978
0|997|982|1979
0|997|983|1980
0|998|983|1981
0|998|984|1982
0|999|984|1983
0|999|985|1984
0|1000|985|1985
0|1000|986|1986
0|1001|986|1987
0|1001|987|1988
0|1002|987|1989
0|1002|988|1990
0|1003|988|1991
0|1003|989|1992
0|1004|989|1993
0|1004|990|1994
0|1005|990|1995
0|1005|991|1996
0|1006|991|1997
0|1006|992|1998
0|1007|992|1999
0|1007|993|2000
