total
0|1|0|1
0|1|1|2
0|1|2|3
1|1|2|4
1|2|2|5
1|3|2|6
1|4|2|7
1|5|2|8
1|6|2|9
2|6|2|10
2|7|2|11
2|8|2|12
2|8|3|13
2|9|3|14
2|10|3|15
2|11|3|16
2|11|4|17
2|12|4|18
2|13|4|19
2|14|4|20
2|14|5|21
3|14|5|22
3|15|5|23
3|16|5|24
3|17|5|25
3|18|5|26
3|19|5|27
3|20|5|28
4|20|5|29
4|20|6|30
4|21|6|31
4|21|7|32
4|22|7|33
4|22|8|34
4|23|8|35
4|23|9|36
5|23|9|37
5|23|10|38
5|24|10|39
5|24|11|40
5|25|11|41
5|25|12|42
5|26|12|43
5|26|13|44
6|26|13|45
6|26|14|46
6|27|14|47
6|27|15|48
6|28|15|49
6|28|16|50
6|29|16|51
6|29|17|52
6|30|17|53
6|30|18|54
7|30|18|55
7|30|19|56
7|31|19|57
7|31|20|58
8|31|20|59
8|31|21|60
9|31|21|61
9|31|22|62
9|32|22|63
9|32|23|64
9|32|24|65
9|33|24|66
9|33|25|67
9|34|25|68
9|34|26|69
9|35|26|70
9|35|27|71
9|36|27|72
9|36|28|73
9|37|28|74
9|37|29|75
9|38|29|76
9|38|30|77
9|39|30|78
9|39|31|79
9|40|31|80
9|40|32|81
9|41|32|82
9|41|33|83
9|42|33|84
9|42|34|85
9|43|34|86
9|43|35|87
9|44|35|88
9|44|36|89
9|45|36|90
9|45|37|91
9|46|37|92
9|46|38|93
9|47|38|94
9|47|39|95
9|48|39|96
9|48|40|97
9|49|40|98
9|49|41|99
9|50|41|100
9|50|42|101
9|50|43|102
9|50|44|103
9|51|44|104
9|51|45|105
9|51|46|106
9|51|47|107
9|52|47|108
9|52|48|109
9|53|48|110
9|53|49|111
9|53|50|112
9|53|51|113
9|53|52|114
9|53|53|115
9|53|54|116
9|53|55|117
9|54|55|118
9|54|56|119
9|54|57|120
9|54|58|121
9|55|58|122
9|55|59|123
9|55|60|124
9|55|61|125
9|56|61|126
9|56|62|127
9|56|63|128
9|56|64|129
9|56|65|130
9|56|66|131
9|57|66|132
9|57|67|133
9|58|67|134
9|58|68|135
9|58|69|136
9|59|69|137
9|60|69|138
9|61|69|139
9|62|69|140
9|62|70|141
9|62|71|142
9|62|72|143
9|63|72|144
9|64|72|145
9|65|72|146
9|66|72|147
9|66|73|148
9|66|74|149
9|67|74|150
9|67|75|151
9|67|76|152
9|68|76|153
9|69|76|154
9|69|77|155
9|69|78|156
9|69|79|157
9|70|79|158
9|70|80|159
9|70|81|160
9|70|82|161
9|71|82|162
9|72|82|163
9|73|82|164
9|74|82|165
9|75|82|166
9|75|83|167
10|75|83|168
10|75|84|169
11|75|84|170
11|75|85|171
11|76|85|172
11|76|86|173
11|77|86|174
11|77|87|175
11|78|87|176
11|78|88|177
11|79|88|178
11|79|89|179
11|80|89|180
11|80|90|181
11|81|90|182
11|81|91|183
11|82|91|184
11|82|92|185
11|83|92|186
11|83|93|187
11|84|93|188
11|84|94|189
11|85|94|190
11|85|95|191
11|86|95|192
11|86|96|193
11|87|96|194
11|87|97|195
11|88|97|196
11|88|98|197
11|89|98|198
11|89|99|199
11|90|99|200
11|90|100|201
11|91|100|202
11|91|101|203
11|92|101|204
11|92|102|205
11|93|102|206
11|93|103|207
11|94|103|208
12|94|103|209
12|94|104|210
12|95|104|211
12|96|104|212
12|96|105|213
12|96|106|214
12|96|107|215
12|97|107|216
12|98|107|217
12|99|107|218
13|99|107|219
13|99|108|220
13|100|108|221
13|101|108|222
13|101|109|223
13|102|109|224
13|103|109|225
13|104|109|226
13|105|109|227
13|105|110|228
13|105|111|229
13|106|111|230
13|106|112|231
13|107|112|232
13|108|112|233
13|109|112|234
13|109|113|235
13|110|113|236
13|110|114|237
13|110|115|238
13|111|115|239
13|111|116|240
13|112|116|241
13|112|117|242
13|112|118|243
13|112|119|244
13|112|120|245
13|112|121|246
13|112|122|247
13|112|123|248
13|112|124|249
13|112|125|250
13|112|126|251
13|112|127|252
13|112|128|253
13|112|129|254
13|112|130|255
13|112|131|256
13|112|132|257
13|112|133|258
13|112|134|259
13|112|135|260
13|112|136|261
13|112|137|262
13|112|138|263
13|112|139|264
13|112|140|265
13|112|141|266
13|112|142|267
13|112|143|268
13|112|144|269
13|112|145|270
13|112|146|271
13|112|147|272
13|112|148|273
13|112|149|274
13|112|150|275
13|112|151|276
13|112|152|277
13|112|153|278
13|112|154|279
13|112|155|280
13|113|155|281
13|113|156|282
13|114|156|283
13|114|157|284
13|115|157|285
13|115|158|286
13|116|158|287
13|116|159|288
13|117|159|289
13|117|160|290
13|118|160|291
13|118|161|292
13|119|161|293
13|119|162|294
13|120|162|295
13|120|163|296
13|121|163|297
13|121|164|298
13|122|164|299
13|122|165|300
13|123|165|301
13|123|166|302
13|124|166|303
13|124|167|304
13|125|167|305
13|125|168|306
13|126|168|307
13|126|169|308
13|127|169|309
13|127|170|310
13|128|170|311
13|128|171|312
13|129|171|313
13|129|172|314
13|130|172|315
13|130|173|316
14|130|173|317
14|130|174|318
15|130|174|319
15|130|175|320
16|130|175|321
16|130|176|322
17|130|176|323
17|130|177|324
18|130|177|325
18|130|178|326
19|130|178|327
19|130|179|328
20|130|179|329
20|130|180|330
21|130|180|331
21|130|181|332
22|130|181|333
22|130|182|334
23|130|182|335
23|130|183|336
24|130|183|337
24|130|184|338
25|130|184|339
25|130|185|340
26|130|185|341
26|130|186|342
27|130|186|343
27|130|187|344
28|130|187|345
28|130|188|346
29|130|188|347
29|130|189|348
30|130|189|349
30|130|190|350
31|130|190|351
31|130|191|352
31|131|191|353
31|131|192|354
31|132|192|355
31|133|192|356
31|133|193|357
31|133|194|358
31|133|195|359
31|133|196|360
31|134|196|361
31|135|196|362
32|135|196|363
32|135|197|364
32|136|197|365
32|136|198|366
32|136|199|367
32|137|199|368
32|138|199|369
32|139|199|370
32|140|199|371
32|140|200|372
32|140|201|373
32|141|201|374
32|141|202|375
32|141|203|376
32|141|204|377
32|142|204|378
32|142|205|379
32|143|205|380
32|144|205|381
32|144|206|382
32|145|206|383
32|146|206|384
32|147|206|385
32|147|207|386
32|148|207|387
32|148|208|388
33|148|208|389
33|148|209|390
34|148|209|391
34|148|210|392
34|148|211|393
34|148|212|394
34|148|213|395
34|148|214|396
34|149|214|397
34|149|215|398
34|149|216|399
34|149|217|400
35|149|217|401
35|149|218|402
35|149|219|403
35|149|220|404
35|150|220|405
35|150|221|406
35|150|222|407
35|150|223|408
35|150|224|409
35|150|225|410
35|151|225|411
35|151|226|412
36|151|226|413
36|151|227|414
36|151|228|415
36|151|229|416
36|152|229|417
36|152|230|418
36|153|230|419
36|153|231|420
36|154|231|421
36|154|232|422
36|154|233|423
36|154|234|424
36|154|235|425
36|155|235|426
36|155|236|427
36|156|236|428
36|156|237|429
36|157|237|430
36|157|238|431
36|158|238|432
36|159|238|433
36|160|238|434
36|161|238|435
36|162|238|436
36|162|239|437
36|163|239|438
36|163|240|439
36|164|240|440
36|164|241|441
36|165|241|442
36|165|242|443
36|166|242|444
36|166|243|445
36|167|243|446
36|167|244|447
36|168|244|448
36|168|245|449
36|169|245|450
36|169|246|451
36|170|246|452
36|171|246|453
36|172|246|454
36|173|246|455
36|174|246|456
36|174|247|457
36|175|247|458
36|175|248|459
36|176|248|460
36|176|249|461
36|176|250|462
36|176|251|463
36|177|251|464
36|177|252|465
36|178|252|466
36|178|253|467
36|179|253|468
37|179|253|469
37|179|254|470
37|179|255|471
37|180|255|472
37|180|256|473
37|181|256|474
37|181|257|475
37|182|257|476
37|182|258|477
37|182|259|478
37|182|260|479
37|183|260|480
37|183|261|481
37|184|261|482
37|184|262|483
37|185|262|484
37|185|263|485
37|186|263|486
37|186|264|487
37|187|264|488
37|187|265|489
37|187|266|490
37|187|267|491
37|188|267|492
37|188|268|493
37|188|269|494
37|188|270|495
37|189|270|496
37|189|271|497
37|190|271|498
37|190|272|499
37|191|272|500
37|191|273|501
37|192|273|502
37|193|273|503
37|194|273|504
37|194|274|505
37|194|275|506
37|194|276|507
37|195|276|508
37|195|277|509
37|196|277|510
37|197|277|511
37|198|277|512
37|198|278|513
37|198|279|514
37|198|280|515
37|199|280|516
37|199|281|517
37|200|281|518
37|200|282|519
37|201|282|520
37|201|283|521
37|202|283|522
37|202|284|523
37|203|284|524
37|203|285|525
37|204|285|526
37|204|286|527
37|205|286|528
37|205|287|529
37|205|288|530
37|205|289|531
37|206|289|532
37|207|289|533
37|208|289|534
37|208|290|535
37|209|290|536
37|210|290|537
37|211|290|538
37|211|291|539
37|212|291|540
37|212|292|541
37|213|292|542
37|213|293|543
37|214|293|544
37|214|294|545
37|215|294|546
37|216|294|547
37|217|294|548
37|218|294|549
37|219|294|550
37|220|294|551
37|221|294|552
37|221|295|553
37|222|295|554
37|223|295|555
37|224|295|556
37|224|296|557
37|225|296|558
37|225|297|559
37|226|297|560
37|226|298|561
38|226|298|562
38|227|298|563
38|228|298|564
38|229|298|565
38|230|298|566
38|230|299|567
38|231|299|568
38|232|299|569
38|232|300|570
39|232|300|571
39|232|301|572
39|233|301|573
39|233|302|574
39|234|302|575
39|234|303|576
39|234|304|577
39|234|305|578
39|235|305|579
39|235|306|580
39|236|306|581
39|236|307|582
40|236|307|583
40|236|308|584
40|237|308|585
40|237|309|586
40|238|309|587
40|238|310|588
41|238|310|589
41|238|311|590
42|238|311|591
42|238|312|592
42|239|312|593
42|239|313|594
42|240|313|595
42|240|314|596
42|241|314|597
42|241|315|598
43|241|315|599
43|241|316|600
43|242|316|601
43|242|317|602
43|243|317|603
43|243|318|604
43|244|318|605
43|245|318|606
43|246|318|607
43|247|318|608
43|248|318|609
43|249|318|610
43|249|319|611
43|250|319|612
43|250|320|613
43|251|320|614
43|252|320|615
43|252|321|616
43|252|322|617
43|253|322|618
43|253|323|619
43|254|323|620
43|254|324|621
43|254|325|622
43|255|325|623
43|256|325|624
43|256|326|625
43|257|326|626
43|257|327|627
43|258|327|628
43|258|328|629
43|259|328|630
43|260|328|631
43|261|328|632
43|261|329|633
43|262|329|634
43|263|329|635
43|263|330|636
43|264|330|637
43|265|330|638
43|266|330|639
43|267|330|640
43|267|331|641
43|267|332|642
43|267|333|643
43|268|333|644
43|268|334|645
43|269|334|646
43|269|335|647
43|270|335|648
43|270|336|649
43|271|336|650
43|271|337|651
43|271|338|652
43|271|339|653
43|272|339|654
43|272|340|655
43|273|340|656
43|273|341|657
43|273|342|658
43|273|343|659
43|274|343|660
43|274|344|661
43|275|344|662
43|275|345|663
43|276|345|664
43|276|346|665
43|276|347|666
43|276|348|667
43|277|348|668
43|277|349|669
43|277|350|670
43|277|351|671
43|278|351|672
43|278|352|673
43|279|352|674
43|279|353|675
43|279|354|676
43|280|354|677
43|281|354|678
43|281|355|679
43|282|355|680
43|282|356|681
43|283|356|682
43|284|356|683
43|285|356|684
43|286|356|685
43|287|356|686
43|287|357|687
43|288|357|688
43|288|358|689
43|289|358|690
43|290|358|691
43|291|358|692
43|292|358|693
43|293|358|694
43|294|358|695
43|295|358|696
43|296|358|697
43|297|358|698
43|297|359|699
43|298|359|700
43|299|359|701
43|300|359|702
43|301|359|703
43|302|359|704
43|302|360|705
44|302|360|706
44|303|360|707
44|304|360|708
44|305|360|709
44|306|360|710
44|306|361|711
44|307|361|712
44|308|361|713
44|308|362|714
44|309|362|715
44|309|363|716
44|309|364|717
44|309|365|718
45|309|365|719
45|309|366|720
46|309|366|721
46|309|367|722
47|309|367|723
47|309|368|724
47|310|368|725
47|310|369|726
47|311|369|727
47|311|370|728
47|311|371|729
47|311|372|730
47|311|373|731
47|311|374|732
47|311|375|733
47|311|376|734
47|312|376|735
47|312|377|736
47|312|378|737
47|312|379|738
47|312|380|739
47|312|381|740
47|313|381|741
47|313|382|742
48|313|382|743
48|313|383|744
48|314|383|745
48|314|384|746
48|315|384|747
48|315|385|748
48|315|386|749
48|316|386|750
48|316|387|751
48|317|387|752
48|317|388|753
48|318|388|754
48|318|389|755
48|319|389|756
48|319|390|757
48|320|390|758
48|320|391|759
48|321|391|760
48|321|392|761
48|322|392|762
48|322|393|763
48|323|393|764
48|323|394|765
48|324|394|766
48|324|395|767
48|325|395|768
48|325|396|769
48|326|396|770
48|326|397|771
48|327|397|772
48|327|398|773
48|328|398|774
48|328|399|775
48|329|399|776
48|329|400|777
48|330|400|778
48|330|401|779
48|331|401|780
48|331|402|781
48|332|402|782
48|332|403|783
48|333|403|784
48|333|404|785
48|333|405|786
48|333|406|787
48|334|406|788
48|334|407|789
48|335|407|790
48|335|408|791
48|336|408|792
48|336|409|793
48|337|409|794
48|337|410|795
48|337|411|796
48|337|412|797
48|338|412|798
48|338|413|799
48|339|413|800
48|339|414|801
48|340|414|802
48|340|415|803
48|340|416|804
48|340|417|805
48|341|417|806
48|341|418|807
48|342|418|808
48|342|419|809
48|343|419|810
48|343|420|811
48|344|420|812
48|344|421|813
48|344|422|814
48|344|423|815
48|345|423|816
48|345|424|817
48|346|424|818
48|346|425|819
48|346|426|820
48|346|427|821
48|347|427|822
48|347|428|823
48|348|428|824
48|348|429|825
48|349|429|826
48|349|430|827
48|350|430|828
48|351|430|829
48|352|430|830
48|353|430|831
48|353|431|832
48|353|432|833
48|354|432|834
48|354|433|835
48|355|433|836
48|356|433|837
48|357|433|838
48|358|433|839
48|358|434|840
48|358|435|841
48|359|435|842
48|359|436|843
48|360|436|844
48|360|437|845
48|361|437|846
48|361|438|847
48|362|438|848
48|363|438|849
48|364|438|850
48|364|439|851
49|364|439|852
49|364|440|853
49|365|440|854
49|365|441|855
49|366|441|856
49|366|442|857
49|366|443|858
49|366|444|859
49|367|444|860
49|367|445|861
49|368|445|862
49|368|446|863
49|369|446|864
49|369|447|865
49|370|447|866
49|371|447|867
49|371|448|868
49|372|448|869
49|373|448|870
49|373|449|871
49|373|450|872
49|373|451|873
49|374|451|874
49|375|451|875
49|375|452|876
49|375|453|877
49|376|453|878
49|376|454|879
49|376|455|880
49|376|456|881
49|377|456|882
49|377|457|883
49|378|457|884
49|379|457|885
49|379|458|886
50|379|458|887
50|379|459|888
51|379|459|889
51|379|460|890
51|379|461|891
51|380|461|892
51|380|462|893
51|380|463|894
51|380|464|895
51|381|464|896
51|381|465|897
51|382|465|898
51|382|466|899
51|383|466|900
51|384|466|901
51|385|466|902
51|386|466|903
51|386|467|904
51|387|467|905
51|388|467|906
51|388|468|907
51|389|468|908
51|389|469|909
51|390|469|910
51|391|469|911
51|391|470|912
51|391|471|913
51|392|471|914
51|392|472|915
51|393|472|916
51|393|473|917
51|394|473|918
51|394|474|919
51|395|474|920
51|395|475|921
51|395|476|922
51|396|476|923
51|396|477|924
52|396|477|925
52|396|478|926
52|396|479|927
52|397|479|928
52|397|480|929
52|397|481|930
52|397|482|931
52|397|483|932
52|397|484|933
52|397|485|934
52|397|486|935
52|397|487|936
52|397|488|937
52|397|489|938
52|397|490|939
52|397|491|940
52|397|492|941
52|397|493|942
52|397|494|943
52|397|495|944
52|397|496|945
52|397|497|946
52|397|498|947
52|397|499|948
52|397|500|949
52|397|501|950
52|397|502|951
52|397|503|952
52|397|504|953
52|397|505|954
52|397|506|955
52|397|507|956
52|397|508|957
52|397|509|958
52|397|510|959
52|397|511|960
52|397|512|961
52|397|513|962
52|397|514|963
52|397|515|964
52|398|515|965
52|398|516|966
52|399|516|967
52|399|517|968
52|400|517|969
52|400|518|970
52|401|518|971
52|401|519|972
52|402|519|973
52|402|520|974
52|403|520|975
52|403|521|976
52|404|521|977
52|404|522|978
52|405|522|979
52|405|523|980
52|406|523|981
52|406|524|982
52|407|524|983
52|407|525|984
52|408|525|985
52|408|526|986
52|409|527|988
52|409|528|989
52|410|528|990
52|410|529|991
52|411|529|992
52|411|530|993
52|412|530|994
52|412|531|995
52|413|531|996
52|413|532|997
52|414|532|998
52|414|533|999
52|415|533|1000
52|415|534|1001
53|415|534|1002
53|415|535|1003
54|415|535|1004
54|415|536|1005
55|415|536|1006
55|415|537|1007
56|415|537|1008
56|415|538|1009
57|415|538|1010
57|415|539|1011
58|415|539|1012
58|415|540|1013
59|415|540|1014
59|415|541|1015
60|415|541|1016
60|415|542|1017
61|415|542|1018
61|415|543|1019
62|415|543|1020
62|415|544|1021
63|415|544|1022
63|415|545|1023
64|415|545|1024
64|415|546|1025
65|415|546|1026
65|415|547|1027
66|415|547|1028
66|415|548|1029
67|415|548|1030
67|415|549|1031
68|415|549|1032
68|415|550|1033
69|415|550|1034
69|415|551|1035
70|415|551|1036
70|415|552|1037
70|415|553|1038
70|416|553|1039
70|416|554|1040
70|417|554|1041
70|417|555|1042
70|418|555|1043
70|418|556|1044
70|419|556|1045
70|420|556|1046
70|420|557|1047
70|421|557|1048
70|422|557|1049
70|423|557|1050
70|423|558|1051
70|423|559|1052
70|424|559|1053
70|425|559|1054
70|425|560|1055
70|426|560|1056
70|427|560|1057
70|427|561|1058
70|427|562|1059
70|427|563|1060
70|428|563|1061
70|428|564|1062
70|429|564|1063
70|429|565|1064
70|430|565|1065
70|430|566|1066
70|430|567|1067
70|431|567|1068
70|431|568|1069
70|432|568|1070
70|432|569|1071
71|432|569|1072
71|432|570|1073
71|433|570|1074
71|434|570|1075
71|434|571|1076
71|434|572|1077
71|434|573|1078
71|434|574|1079
71|435|574|1080
71|435|575|1081
71|436|575|1082
71|436|576|1083
71|437|576|1084
71|437|577|1085
71|437|578|1086
71|437|579|1087
71|438|579|1088
71|438|580|1089
72|438|580|1090
72|438|581|1091
72|438|582|1092
72|438|583|1093
72|438|584|1094
72|438|585|1095
72|438|586|1096
72|438|587|1097
72|439|587|1098
72|439|588|1099
72|439|589|1100
72|439|590|1101
72|440|590|1102
72|440|591|1103
73|440|591|1104
73|440|592|1105
74|440|592|1106
74|440|593|1107
74|441|593|1108
74|442|593|1109
74|443|593|1110
74|444|593|1111
74|444|594|1112
74|445|594|1113
74|445|595|1114
74|446|595|1115
74|447|595|1116
74|448|595|1117
74|449|595|1118
74|450|595|1119
74|451|595|1120
74|452|595|1121
74|452|596|1122
74|453|596|1123
74|454|596|1124
74|455|596|1125
74|456|596|1126
74|457|596|1127
74|457|597|1128
74|458|597|1129
74|458|598|1130
74|459|598|1131
74|459|599|1132
74|460|599|1133
74|460|600|1134
74|461|600|1135
74|461|601|1136
74|462|601|1137
74|463|601|1138
74|464|601|1139
74|465|601|1140
74|466|601|1141
74|467|601|1142
74|468|601|1143
74|469|601|1144
74|469|602|1145
74|469|603|1146
74|470|603|1147
74|470|604|1148
74|471|604|1149
74|471|605|1150
74|472|605|1151
74|472|606|1152
74|472|607|1153
75|472|607|1154
75|473|607|1155
75|473|608|1156
75|473|609|1157
75|473|610|1158
75|474|610|1159
75|474|611|1160
75|474|612|1161
75|474|613|1162
75|475|613|1163
75|475|614|1164
75|475|615|1165
75|475|616|1166
75|476|616|1167
75|476|617|1168
75|477|617|1169
75|477|618|1170
75|478|618|1171
75|478|619|1172
75|478|620|1173
75|478|621|1174
75|479|621|1175
75|480|621|1176
75|480|622|1177
75|481|622|1178
75|481|623|1179
75|481|624|1180
75|482|624|1181
75|482|625|1182
75|483|625|1183
75|483|626|1184
75|483|627|1185
75|483|628|1186
75|484|628|1187
75|485|628|1188
75|485|629|1189
75|485|630|1190
75|485|631|1191
75|486|631|1192
75|487|631|1193
75|487|632|1194
75|488|632|1195
75|489|632|1196
75|489|633|1197
75|489|634|1198
75|490|634|1199
75|490|635|1200
75|491|635|1201
75|491|636|1202
75|492|636|1203
75|492|637|1204
75|492|638|1205
75|492|639|1206
75|493|639|1207
75|493|640|1208
75|494|640|1209
75|494|641|1210
75|495|641|1211
75|495|642|1212
75|495|643|1213
75|495|644|1214
75|495|645|1215
75|495|646|1216
75|496|646|1217
75|497|646|1218
75|498|646|1219
75|498|647|1220
75|499|647|1221
75|500|647|1222
75|501|647|1223
75|502|647|1224
75|503|647|1225
75|504|647|1226
75|505|647|1227
75|505|648|1228
75|506|648|1229
75|506|649|1230
75|507|649|1231
75|508|649|1232
75|509|649|1233
75|510|649|1234
75|511|649|1235
75|512|649|1236
75|513|649|1237
75|513|650|1238
75|514|650|1239
75|515|650|1240
75|516|650|1241
75|517|650|1242
75|518|650|1243
75|519|650|1244
76|519|650|1245
76|520|650|1246
76|521|650|1247
76|522|650|1248
76|523|650|1249
76|524|650|1250
76|525|650|1251
76|526|650|1252
76|526|651|1253
76|527|651|1254
76|527|652|1255
77|527|652|1256
77|527|653|1257
78|527|653|1258
78|527|654|1259
79|527|654|1260
79|527|655|1261
79|528|655|1262
79|528|656|1263
79|529|656|1264
79|529|657|1265
79|530|657|1266
79|530|658|1267
79|531|658|1268
79|531|659|1269
79|532|659|1270
79|532|660|1271
80|532|660|1272
80|532|661|1273
81|532|661|1274
81|532|662|1275
81|533|662|1276
81|533|663|1277
81|534|663|1278
81|534|664|1279
82|534|664|1280
82|534|665|1281
82|535|665|1282
82|535|666|1283
82|536|666|1284
82|536|667|1285
83|536|667|1286
83|536|668|1287
83|537|668|1288
83|537|669|1289
83|538|669|1290
83|539|669|1291
83|540|669|1292
83|541|669|1293
83|541|670|1294
83|541|671|1295
83|541|672|1296
83|542|672|1297
83|543|672|1298
83|543|673|1299
83|544|673|1300
83|545|673|1301
83|546|673|1302
83|547|673|1303
83|548|673|1304
83|548|674|1305
83|549|674|1306
83|550|674|1307
83|551|674|1308
83|551|675|1309
83|551|676|1310
83|552|676|1311
83|552|677|1312
83|553|677|1313
83|554|677|1314
83|555|677|1315
83|556|677|1316
83|556|678|1317
83|557|678|1318
83|557|679|1319
83|558|679|1320
83|559|679|1321
83|560|679|1322
83|560|680|1323
83|561|680|1324
83|561|681|1325
83|561|682|1326
83|561|683|1327
83|561|684|1328
83|561|685|1329
83|561|686|1330
83|561|687|1331
83|561|688|1332
83|562|688|1333
83|562|689|1334
83|562|690|1335
83|562|691|1336
83|563|691|1337
83|563|692|1338
83|564|692|1339
83|564|693|1340
83|564|694|1341
83|564|695|1342
83|565|695|1343
83|565|696|1344
83|565|697|1345
83|565|698|1346
83|566|698|1347
83|566|699|1348
83|566|700|1349
83|566|701|1350
83|567|701|1351
83|567|702|1352
83|567|703|1353
83|567|704|1354
83|567|705|1355
83|567|706|1356
83|567|707|1357
83|567|708|1358
83|567|709|1359
83|567|710|1360
83|568|710|1361
83|569|710|1362
83|570|710|1363
83|571|710|1364
83|572|710|1365
83|573|710|1366
83|574|710|1367
83|574|711|1368
83|575|711|1369
83|576|711|1370
83|577|711|1371
83|577|712|1372
83|578|712|1373
83|579|712|1374
83|580|712|1375
83|580|713|1376
83|581|713|1377
83|582|713|1378
83|583|713|1379
83|583|714|1380
83|584|714|1381
83|584|715|1382
83|585|715|1383
83|585|716|1384
83|586|716|1385
83|587|716|1386
83|588|716|1387
83|589|716|1388
84|589|716|1389
84|589|717|1390
84|590|717|1391
84|591|717|1392
84|592|717|1393
84|593|717|1394
84|594|717|1395
84|595|717|1396
84|595|718|1397
84|596|718|1398
84|596|719|1399
84|597|719|1400
84|597|720|1401
85|597|720|1402
85|597|721|1403
85|598|721|1404
85|598|722|1405
85|599|722|1406
85|599|723|1407
85|600|723|1408
85|600|724|1409
86|600|724|1410
86|600|725|1411
86|601|725|1412
86|601|726|1413
86|602|726|1414
86|602|727|1415
86|603|727|1416
86|603|728|1417
86|604|728|1418
86|604|729|1419
86|605|729|1420
86|605|730|1421
87|605|730|1422
87|605|731|1423
87|605|732|1424
87|605|733|1425
87|606|733|1426
87|606|734|1427
88|606|734|1428
88|606|735|1429
89|606|735|1430
89|606|736|1431
89|607|736|1432
89|608|736|1433
89|608|737|1434
89|609|737|1435
89|609|738|1436
89|610|738|1437
89|610|739|1438
89|611|739|1439
89|611|740|1440
89|612|740|1441
89|612|741|1442
89|613|741|1443
89|613|742|1444
89|614|742|1445
89|614|743|1446
89|615|743|1447
89|615|744|1448
89|616|744|1449
89|616|745|1450
89|617|745|1451
89|617|746|1452
89|618|746|1453
89|618|747|1454
89|619|747|1455
89|619|748|1456
89|620|748|1457
89|620|749|1458
89|621|749|1459
89|621|750|1460
89|622|750|1461
89|622|751|1462
89|623|751|1463
89|623|752|1464
89|624|752|1465
89|624|753|1466
89|625|753|1467
89|625|754|1468
89|625|755|1469
89|625|756|1470
89|626|756|1471
89|626|757|1472
89|626|758|1473
89|626|759|1474
89|627|759|1475
89|627|760|1476
89|628|760|1477
89|628|761|1478
89|628|762|1479
89|628|763|1480
89|629|763|1481
89|629|764|1482
89|630|764|1483
89|630|765|1484
89|631|765|1485
89|631|766|1486
89|631|767|1487
89|631|768|1488
89|632|768|1489
89|632|769|1490
89|632|770|1491
89|632|771|1492
89|632|772|1493
89|632|773|1494
89|633|773|1495
89|633|774|1496
89|633|775|1497
89|633|776|1498
89|634|776|1499
89|634|777|1500
89|634|778|1501
89|634|779|1502
89|634|780|1503
89|634|781|1504
90|634|781|1505
90|635|781|1506
90|636|781|1507
90|637|781|1508
90|638|781|1509
90|638|782|1510
90|638|783|1511
90|638|784|1512
90|639|784|1513
90|640|784|1514
90|640|785|1515
90|641|785|1516
91|641|785|1517
91|642|785|1518
91|642|786|1519
91|642|787|1520
91|643|787|1521
91|644|787|1522
91|644|788|1523
91|645|788|1524
91|646|788|1525
91|646|789|1526
91|646|790|1527
91|646|791|1528
91|647|791|1529
91|647|792|1530
91|648|792|1531
91|648|793|1532
91|649|793|1533
91|650|793|1534
92|650|793|1535
92|651|793|1536
92|652|793|1537
92|652|794|1538
93|652|794|1539
93|652|795|1540
93|652|796|1541
93|652|797|1542
93|653|797|1543
93|653|798|1544
93|653|799|1545
93|653|800|1546
93|654|800|1547
93|654|801|1548
93|655|801|1549
93|655|802|1550
93|655|803|1551
93|656|803|1552
93|656|804|1553
93|657|804|1554
93|658|804|1555
93|658|805|1556
93|659|805|1557
93|660|805|1558
93|660|806|1559
93|661|806|1560
93|662|806|1561
93|662|807|1562
93|662|808|1563
93|662|809|1564
93|662|810|1565
93|663|810|1566
93|664|810|1567
93|664|811|1568
93|664|812|1569
93|665|812|1570
93|665|813|1571
93|666|813|1572
93|666|814|1573
93|667|814|1574
93|667|815|1575
93|667|816|1576
93|668|816|1577
93|668|817|1578
93|669|817|1579
93|669|818|1580
93|670|818|1581
93|670|819|1582
93|671|819|1583
93|671|820|1584
93|672|820|1585
93|672|821|1586
93|673|821|1587
93|673|822|1588
93|674|822|1589
93|674|823|1590
93|675|823|1591
93|675|824|1592
93|676|824|1593
93|676|825|1594
93|677|825|1595
93|677|826|1596
93|678|826|1597
93|678|827|1598
93|679|827|1599
93|679|828|1600
93|680|828|1601
93|680|829|1602
93|681|829|1603
93|681|830|1604
93|682|830|1605
93|682|831|1606
93|683|831|1607
93|683|832|1608
93|684|832|1609
93|684|833|1610
93|685|833|1611
93|685|834|1612
93|685|835|1613
93|685|836|1614
93|685|837|1615
93|685|838|1616
93|685|839|1617
93|685|840|1618
93|685|841|1619
93|685|842|1620
93|685|843|1621
93|685|844|1622
93|685|845|1623
93|685|846|1624
93|685|847|1625
93|685|848|1626
93|685|849|1627
93|685|850|1628
93|685|851|1629
93|685|852|1630
93|685|853|1631
93|685|854|1632
93|685|855|1633
93|685|856|1634
93|685|857|1635
93|685|858|1636
93|685|859|1637
93|685|860|1638
93|685|861|1639
93|685|862|1640
93|685|863|1641
93|685|864|1642
93|685|865|1643
93|685|866|1644
93|685|867|1645
93|685|868|1646
93|685|869|1647
93|685|870|1648
93|685|871|1649
93|686|871|1650
93|686|872|1651
93|687|872|1652
93|687|873|1653
93|688|873|1654
93|688|874|1655
93|689|874|1656
93|689|875|1657
93|690|875|1658
93|690|876|1659
93|691|876|1660
93|691|877|1661
93|692|877|1662
93|692|878|1663
93|693|878|1664
93|693|879|1665
93|694|879|1666
93|694|880|1667
93|695|880|1668
93|695|881|1669
93|696|881|1670
93|696|882|1671
93|697|882|1672
93|697|883|1673
93|698|883|1674
93|698|884|1675
93|699|884|1676
93|699|885|1677
93|700|885|1678
93|700|886|1679
93|701|886|1680
93|701|887|1681
93|702|887|1682
93|702|888|1683
93|703|888|1684
93|703|889|1685
94|703|889|1686
94|703|890|1687
95|703|890|1688
95|703|891|1689
96|703|891|1690
96|703|892|1691
97|703|892|1692
97|703|893|1693
98|703|893|1694
98|703|894|1695
99|703|894|1696
99|703|895|1697
100|703|895|1698
100|703|896|1699
101|703|896|1700
101|703|897|1701
102|703|897|1702
102|703|898|1703
103|703|898|1704
103|703|899|1705
104|703|899|1706
104|703|900|1707
105|703|900|1708
105|703|901|1709
106|703|901|1710
106|703|902|1711
107|703|902|1712
107|703|903|1713
108|703|903|1714
108|703|904|1715
109|703|904|1716
109|703|905|1717
110|703|905|1718
110|703|906|1719
111|703|906|1720
111|704|906|1721
112|704|906|1722
112|704|907|1723
112|704|908|1724
112|704|909|1725
112|705|909|1726
112|706|909|1727
112|707|909|1728
112|708|909|1729
112|709|909|1730
112|709|910|1731
112|710|910|1732
112|710|911|1733
112|711|911|1734
112|711|912|1735
112|711|913|1736
112|712|913|1737
112|713|913|1738
112|713|914|1739
112|714|914|1740
112|715|914|1741
112|715|915|1742
112|715|916|1743
112|715|917|1744
112|715|918|1745
112|716|918|1746
112|717|918|1747
112|717|919|1748
112|718|919|1749
112|718|920|1750
112|719|920|1751
112|720|920|1752
112|720|921|1753
113|720|921|1754
113|720|922|1755
113|721|922|1756
113|722|922|1757
113|723|922|1758
113|723|923|1759
113|723|924|1760
113|723|925|1761
113|723|926|1762
113|723|927|1763
113|723|928|1764
113|723|929|1765
113|724|929|1766
113|724|930|1767
113|724|931|1768
113|724|932|1769
114|724|932|1770
114|724|933|1771
114|724|934|1772
114|724|935|1773
114|725|935|1774
114|725|936|1775
114|725|937|1776
114|725|938|1777
115|725|938|1778
115|725|939|1779
115|726|939|1780
115|727|939|1781
115|728|939|1782
115|728|940|1783
116|728|940|1784
116|728|941|1785
116|728|942|1786
116|728|943|1787
117|728|943|1788
117|728|944|1789
118|728|944|1790
118|728|945|1791
118|729|945|1792
118|730|945|1793
118|730|946|1794
118|731|946|1795
118|731|947|1796
118|732|947|1797
118|732|948|1798
119|732|948|1799
119|732|949|1800
120|732|949|1801
120|733|949|1802
120|734|949|1803
120|734|950|1804
120|735|950|1805
120|735|951|1806
121|735|951|1807
121|735|952|1808
122|735|952|1809
122|736|952|1810
122|737|952|1811
122|737|953|1812
122|738|953|1813
122|738|954|1814
122|739|954|1815
122|740|954|1816
122|741|954|1817
122|742|954|1818
122|743|954|1819
122|743|955|1820
122|744|955|1821
122|744|956|1822
122|745|956|1823
122|746|956|1824
123|746|956|1825
123|747|956|1826
123|748|956|1827
123|749|956|1828
123|749|957|1829
123|749|958|1830
123|750|958|1831
123|750|959|1832
123|751|959|1833
123|751|960|1834
123|752|960|1835
123|752|961|1836
123|752|962|1837
123|752|963|1838
123|752|964|1839
123|752|965|1840
123|752|966|1841
123|752|967|1842
123|753|967|1843
123|753|968|1844
123|753|969|1845
123|753|970|1846
123|754|970|1847
123|754|971|1848
123|754|972|1849
123|754|973|1850
123|754|974|1851
123|754|975|1852
123|754|976|1853
123|754|977|1854
123|755|977|1855
123|755|978|1856
123|755|979|1857
123|755|980|1858
123|756|980|1859
123|757|980|1860
123|757|981|1861
124|757|981|1862
124|757|982|1863
124|757|983|1864
124|758|983|1865
124|758|984|1866
124|759|984|1867
124|759|985|1868
124|760|985|1869
124|760|986|1870
124|761|986|1871
124|761|987|1872
124|761|988|1873
124|761|989|1874
124|762|989|1875
124|762|990|1876
124|763|990|1877
124|763|991|1878
124|764|991|1879
124|765|991|1880
124|765|992|1881
124|765|993|1882
124|766|993|1883
124|766|994|1884
124|767|994|1885
124|767|995|1886
124|767|996|1887
124|767|997|1888
124|767|998|1889
124|767|999|1890
124|768|999|1891
124|768|1000|1892
124|769|1000|1893
124|769|1001|1894
124|770|1001|1895
124|770|1002|1896
124|770|1003|1897
124|770|1004|1898
124|770|1005|1899
124|770|1006|1900
125|770|1006|1901
125|770|1007|1902
126|770|1007|1903
126|771|1007|1904
126|772|1007|1905
126|772|1008|1906
126|773|1008|1907
126|773|1009|1908
127|773|1009|1909
127|773|1010|1910
127|774|1010|1911
127|774|1011|1912
127|775|1011|1913
127|775|1012|1914
128|775|1012|1915
128|775|1013|1916
129|775|1013|1917
129|775|1014|1918
129|776|1014|1919
129|776|1015|1920
129|777|1015|1921
129|777|1016|1922
130|777|1016|1923
130|777|1017|1924
131|777|1017|1925
131|777|1018|1926
131|778|1018|1927
131|778|1019|1928
131|779|1019|1929
131|779|1020|1930
131|780|1020|1931
131|781|1020|1932
131|782|1020|1933
131|783|1020|1934
131|784|1020|1935
131|785|1020|1936
131|785|1021|1937
131|786|1021|1938
131|786|1022|1939
131|787|1022|1940
131|787|1023|1941
131|788|1023|1942
131|788|1024|1943
131|789|1024|1944
131|789|1025|1945
131|790|1025|1946
131|790|1026|1947
131|791|1026|1948
131|791|1027|1949
131|792|1027|1950
131|792|1028|1951
131|793|1028|1952
131|793|1029|1953
131|794|1029|1954
131|794|1030|1955
131|795|1030|1956
131|795|1031|1957
131|796|1031|1958
131|796|1032|1959
131|797|1032|1960
131|797|1033|1961
131|798|1033|1962
131|798|1034|1963
131|799|1034|1964
131|799|1035|1965
131|800|1035|1966
131|800|1036|1967
132|800|1036|1968
132|800|1037|1969
133|800|1037|1970
133|800|1038|1971
133|801|1038|1972
133|801|1039|1973
133|802|1039|1974
133|803|1039|1975
133|803|1040|1976
133|804|1040|1977
133|804|1041|1978
133|805|1041|1979
133|805|1042|1980
133|806|1042|1981
133|806|1043|1982
133|806|1044|1983
133|806|1045|1984
133|806|1046|1985
133|806|1047|1986
133|807|1047|1987
133|807|1048|1988
133|807|1049|1989
133|807|1050|1990
133|808|1050|1991
133|808|1051|1992
133|809|1051|1993
133|809|1052|1994
133|810|1052|1995
133|810|1053|1996
133|811|1053|1997
133|811|1054|1998
133|812|1054|1999
133|812|1055|2000
