total
0|0|1|1
0|1|1|2
0|1|2|3
0|2|2|4
0|2|3|5
0|3|3|6
0|3|4|7
0|4|4|8
0|4|5|9
0|5|5|10
0|5|6|11
0|6|6|12
0|6|7|13
0|7|7|14
0|7|8|15
0|8|8|16
0|8|9|17
0|9|9|18
0|9|10|19
0|10|10|20
0|10|11|21
0|11|11|22
0|11|12|23
0|12|12|24
0|12|13|25
0|13|13|26
0|13|14|27
0|14|14|28
0|14|15|29
0|14|16|30
0|14|17|31
0|14|18|32
0|14|19|33
0|14|20|34
0|14|21|35
0|14|22|36
0|14|23|37
0|14|24|38
0|14|25|39
0|14|26|40
0|14|27|41
0|14|28|42
0|14|29|43
0|14|30|44
0|14|31|45
0|14|32|46
0|14|33|47
0|14|34|48
0|14|35|49
0|14|36|50
1|14|36|51
1|14|37|52
1|14|38|53
1|14|39|54
1|14|40|55
1|14|41|56
2|14|41|57
2|14|42|58
2|14|43|59
2|14|44|60
2|14|45|61
2|14|46|62
2|14|47|63
2|14|48|64
2|14|49|65
2|15|49|66
2|15|50|67
2|16|50|68
2|16|51|69
2|17|51|70
2|17|52|71
2|18|52|72
2|18|53|73
2|19|53|74
2|19|54|75
2|20|54|76
2|20|55|77
2|21|55|78
2|21|56|79
2|22|56|80
2|22|57|81
2|23|57|82
2|23|58|83
2|24|58|84
2|24|59|85
2|25|59|86
2|25|60|87
2|26|60|88
2|26|61|89
2|27|61|90
2|27|62|91
2|28|62|92
2|28|63|93
2|29|63|94
2|29|64|95
2|30|64|96
2|30|65|97
2|31|65|98
2|31|66|99
2|32|66|100
2|32|67|101
2|33|67|102
2|33|68|103
2|34|68|104
2|34|69|105
2|34|70|106
2|34|71|107
2|35|71|108
2|35|72|109
2|36|72|110
2|36|73|111
2|37|73|112
2|37|74|113
2|38|74|114
2|38|75|115
2|39|75|116
2|39|76|117
2|40|76|118
2|40|77|119
2|41|77|120
2|41|78|121
2|42|78|122
2|42|79|123
2|43|79|124
2|43|80|125
2|44|80|126
2|44|81|127
2|45|81|128
2|45|82|129
2|46|82|130
2|46|83|131
2|47|83|132
2|47|84|133
2|48|84|134
2|48|85|135
2|49|85|136
3|49|85|137
3|50|85|138
3|50|86|139
3|51|86|140
3|51|87|141
3|52|87|142
3|52|88|143
3|53|88|144
3|53|89|145
4|53|89|146
4|53|90|147
4|54|90|148
4|54|91|149
4|55|91|150
4|55|92|151
4|56|92|152
4|56|93|153
5|56|93|154
6|56|93|155
6|57|93|156
6|57|94|157
6|58|94|158
6|58|95|159
6|59|95|160
6|59|96|161
6|60|96|162
6|60|97|163
6|61|97|164
6|62|97|165
6|63|97|166
6|63|98|167
7|63|98|168
7|64|98|169
7|65|98|170
7|65|99|171
7|66|99|172
7|66|100|173
7|67|100|174
7|67|101|175
7|68|101|176
7|68|102|177
7|69|102|178
7|69|103|179
7|70|103|180
7|70|104|181
7|71|104|182
7|71|105|183
7|72|105|184
7|72|106|185
7|73|106|186
7|73|107|187
7|74|107|188
7|74|108|189
7|75|108|190
7|75|109|191
7|76|109|192
7|76|110|193
7|77|110|194
7|77|111|195
7|78|111|196
7|78|112|197
7|79|112|198
7|79|113|199
7|80|113|200
7|80|114|201
7|81|114|202
7|81|115|203
7|82|115|204
7|82|116|205
7|83|116|206
7|83|117|207
7|84|117|208
7|84|118|209
7|84|119|210
7|84|120|211
7|85|120|212
7|85|121|213
7|86|121|214
7|86|122|215
7|87|122|216
7|87|123|217
7|88|123|218
8|88|123|219
8|88|124|220
8|88|125|221
8|89|125|222
8|89|126|223
8|90|126|224
8|90|127|225
8|91|127|226
8|91|128|227
8|91|129|228
8|91|130|229
8|92|130|230
8|92|131|231
8|92|132|232
8|92|133|233
8|93|133|234
8|93|134|235
8|94|134|236
8|94|135|237
8|95|135|238
8|95|136|239
8|96|136|240
8|96|137|241
8|97|137|242
8|97|138|243
8|98|138|244
8|98|139|245
8|99|139|246
8|99|140|247
8|100|140|248
8|100|141|249
8|101|141|250
8|101|142|251
8|102|142|252
8|102|143|253
8|103|143|254
8|103|144|255
8|104|144|256
8|104|145|257
8|105|145|258
8|105|146|259
8|106|146|260
8|106|147|261
8|107|147|262
8|107|148|263
8|108|148|264
8|108|149|265
8|109|149|266
8|109|150|267
8|110|150|268
8|110|151|269
8|111|151|270
8|111|152|271
8|112|152|272
8|112|153|273
8|113|153|274
8|113|154|275
8|114|154|276
8|114|155|277
8|115|155|278
8|115|156|279
8|116|156|280
8|117|156|281
9|117|156|282
9|118|156|283
10|118|156|284
10|119|156|285
11|119|156|286
11|120|156|287
12|120|156|288
12|121|156|289
13|121|156|290
13|122|156|291
14|122|156|292
14|123|156|293
15|123|156|294
15|124|156|295
16|124|156|296
16|125|156|297
17|125|156|298
17|126|156|299
18|126|156|300
18|127|156|301
19|127|156|302
19|128|156|303
20|128|156|304
20|129|156|305
21|129|156|306
21|130|156|307
22|130|156|308
22|131|156|309
23|131|156|310
23|132|156|311
24|132|156|312
24|133|156|313
25|133|156|314
25|134|156|315
26|134|156|316
26|134|157|317
26|135|157|318
26|135|158|319
26|136|158|320
26|136|159|321
26|137|159|322
26|137|160|323
26|138|160|324
26|138|161|325
26|139|161|326
26|139|162|327
26|140|162|328
26|140|163|329
26|141|163|330
26|141|164|331
26|142|164|332
26|142|165|333
26|143|165|334
26|143|166|335
26|144|166|336
26|144|167|337
26|145|167|338
26|145|168|339
26|146|168|340
26|146|169|341
26|147|169|342
26|147|170|343
26|148|170|344
26|148|171|345
26|149|171|346
26|149|172|347
26|150|172|348
26|150|173|349
26|151|173|350
26|151|174|351
26|152|174|352
26|153|174|353
26|154|174|354
26|154|175|355
26|155|175|356
26|155|176|357
26|156|176|358
26|156|177|359
26|157|177|360
26|157|178|361
26|158|178|362
26|158|179|363
26|159|179|364
26|159|180|365
26|160|180|366
26|160|181|367
26|161|181|368
26|161|182|369
26|162|182|370
26|162|183|371
26|163|183|372
26|163|184|373
26|164|184|374
26|164|185|375
26|165|185|376
26|165|186|377
26|166|186|378
26|166|187|379
26|167|187|380
26|167|188|381
26|168|188|382
26|168|189|383
26|169|189|384
26|169|190|385
26|170|190|386
26|170|191|387
26|171|191|388
26|171|192|389
26|171|193|390
26|171|194|391
26|172|194|392
26|172|195|393
26|172|196|394
26|172|197|395
26|172|198|396
27|172|198|397
27|172|199|398
27|172|200|399
27|172|201|400
27|172|202|401
27|173|202|402
27|173|203|403
27|173|204|404
27|173|205|405
27|173|206|406
27|173|207|407
27|174|207|408
27|174|208|409
27|175|208|410
27|175|209|411
27|176|209|412
27|176|210|413
27|177|210|414
27|177|211|415
27|177|212|416
27|178|212|417
27|179|212|418
27|179|213|419
27|179|214|420
27|180|214|421
27|180|215|422
27|180|216|423
27|181|216|424
27|181|217|425
27|182|217|426
27|182|218|427
27|183|218|428
27|183|219|429
27|184|219|430
27|184|220|431
27|185|220|432
27|185|221|433
27|186|221|434
27|186|222|435
27|187|222|436
27|187|223|437
27|188|223|438
27|188|224|439
27|189|224|440
27|189|225|441
27|190|225|442
27|190|226|443
27|191|226|444
27|191|227|445
27|192|227|446
27|192|228|447
27|193|228|448
27|193|229|449
27|194|229|450
27|194|230|451
27|195|230|452
27|196|230|453
27|197|230|454
27|198|230|455
28|198|230|456
28|198|231|457
28|199|231|458
28|199|232|459
28|200|232|460
28|200|233|461
28|200|234|462
28|200|235|463
28|201|235|464
28|201|236|465
28|202|236|466
28|202|237|467
28|203|237|468
28|203|238|469
28|204|238|470
28|204|239|471
28|205|239|472
28|205|240|473
28|206|240|474
28|206|241|475
28|207|241|476
28|207|242|477
28|208|242|478
28|208|243|479
28|209|243|480
28|209|244|481
28|210|244|482
28|210|245|483
28|211|245|484
28|211|246|485
28|211|247|486
28|211|248|487
28|212|248|488
28|212|249|489
28|213|249|490
28|214|249|491
28|215|249|492
28|215|250|493
28|215|251|494
28|215|252|495
28|216|252|496
28|216|253|497
28|217|253|498
28|217|254|499
28|218|254|500
28|218|255|501
28|219|255|502
28|219|256|503
28|220|256|504
28|220|257|505
28|221|257|506
28|221|258|507
28|222|258|508
28|222|259|509
28|223|259|510
28|223|260|511
28|224|260|512
28|224|261|513
28|225|261|514
28|225|262|515
28|226|262|516
28|226|263|517
28|227|263|518
28|227|264|519
28|228|264|520
28|228|265|521
28|229|265|522
28|229|266|523
28|230|266|524
28|230|267|525
28|231|267|526
28|231|268|527
28|232|268|528
28|232|269|529
28|233|269|530
28|233|270|531
28|234|270|532
28|234|271|533
28|235|271|534
28|235|272|535
28|236|272|536
28|236|273|537
28|237|273|538
28|237|274|539
28|238|274|540
28|238|275|541
28|239|275|542
28|239|276|543
28|240|276|544
28|240|277|545
28|241|277|546
28|241|278|547
28|242|278|548
28|242|279|549
28|243|279|550
28|243|280|551
28|244|280|552
28|244|281|553
28|245|281|554
28|245|282|555
28|246|282|556
28|246|283|557
28|247|283|558
28|247|284|559
28|248|284|560
28|248|285|561
29|248|285|562
29|248|286|563
29|249|286|564
29|249|287|565
29|250|287|566
29|250|288|567
29|251|288|568
29|251|289|569
29|251|290|570
30|251|290|571
30|251|291|572
30|251|292|573
30|251|293|574
30|251|294|575
30|251|295|576
30|251|296|577
30|251|297|578
31|251|297|579
31|251|298|580
32|251|298|581
32|251|299|582
32|251|300|583
32|251|301|584
32|251|302|585
32|251|303|586
32|251|304|587
32|251|305|588
32|251|306|589
32|251|307|590
32|251|308|591
32|251|309|592
32|251|310|593
32|251|311|594
32|251|312|595
32|251|313|596
32|251|314|597
32|251|315|598
32|251|316|599
32|251|317|600
32|251|318|601
32|251|319|602
33|251|319|603
33|251|320|604
33|251|321|605
33|252|321|606
33|252|322|607
33|253|322|608
33|253|323|609
33|254|323|610
33|254|324|611
33|255|324|612
33|255|325|613
33|256|325|614
33|256|326|615
33|257|326|616
33|257|327|617
33|258|327|618
33|258|328|619
33|259|328|620
33|259|329|621
33|260|329|622
33|260|330|623
33|261|330|624
33|261|331|625
33|262|331|626
33|262|332|627
33|263|332|628
33|263|333|629
33|264|333|630
33|264|334|631
33|265|334|632
33|265|335|633
33|266|335|634
33|266|336|635
33|267|336|636
33|267|337|637
33|268|337|638
33|268|338|639
33|269|338|640
33|269|339|641
33|270|339|642
33|270|340|643
33|271|340|644
33|271|341|645
33|272|341|646
33|272|342|647
33|273|342|648
33|273|343|649
33|274|343|650
33|274|344|651
33|275|344|652
33|275|345|653
33|276|345|654
33|276|346|655
33|277|346|656
33|277|347|657
33|277|348|658
33|277|349|659
33|278|349|660
33|278|350|661
33|279|350|662
33|279|351|663
33|280|351|664
33|280|352|665
33|281|352|666
33|281|353|667
33|282|353|668
33|282|354|669
33|283|354|670
33|283|355|671
33|284|355|672
33|284|356|673
33|285|356|674
33|285|357|675
33|286|357|676
33|286|358|677
33|287|358|678
33|287|359|679
33|288|359|680
33|288|360|681
33|289|360|682
33|289|361|683
33|290|361|684
33|290|362|685
33|291|362|686
33|291|363|687
33|292|363|688
33|292|364|689
33|293|364|690
33|293|365|691
33|294|365|692
33|294|366|693
33|295|366|694
33|295|367|695
33|296|367|696
33|296|368|697
33|297|368|698
33|297|369|699
33|298|369|700
33|298|370|701
33|299|370|702
33|299|371|703
33|300|371|704
33|300|372|705
34|300|372|706
34|300|373|707
34|301|373|708
34|301|374|709
34|302|374|710
34|302|375|711
34|303|375|712
34|303|376|713
34|303|377|714
34|303|378|715
34|303|379|716
34|303|380|717
34|303|381|718
34|303|382|719
34|303|383|720
34|303|384|721
34|303|385|722
35|303|385|723
35|303|386|724
35|303|387|725
35|303|388|726
35|303|389|727
35|303|390|728
35|303|391|729
35|303|392|730
35|303|393|731
35|303|394|732
35|303|395|733
35|303|396|734
36|303|396|735
36|303|397|736
36|303|398|737
36|303|399|738
36|303|400|739
36|303|401|740
37|303|401|741
37|303|402|742
38|303|402|743
38|303|403|744
38|303|404|745
38|303|405|746
38|303|406|747
38|303|407|748
38|303|408|749
38|304|408|750
38|304|409|751
38|305|409|752
38|305|410|753
38|306|410|754
38|306|411|755
38|307|411|756
38|307|412|757
38|308|412|758
38|308|413|759
38|309|413|760
38|309|414|761
38|310|414|762
38|310|415|763
38|311|415|764
38|311|416|765
38|312|416|766
38|312|417|767
38|313|417|768
38|313|418|769
38|314|418|770
38|314|419|771
38|315|419|772
38|315|420|773
38|316|420|774
38|316|421|775
38|317|421|776
38|317|422|777
38|318|422|778
38|318|423|779
38|319|423|780
38|319|424|781
38|320|424|782
38|320|425|783
38|321|425|784
38|321|426|785
38|322|426|786
38|322|427|787
38|323|427|788
38|323|428|789
38|324|428|790
38|324|429|791
38|325|429|792
38|325|430|793
38|326|430|794
38|326|431|795
38|327|431|796
38|327|432|797
38|328|432|798
38|328|433|799
38|329|433|800
38|329|434|801
38|330|434|802
38|330|435|803
38|330|436|804
38|330|437|805
38|331|437|806
38|331|438|807
38|332|438|808
38|332|439|809
38|333|439|810
38|333|440|811
38|334|440|812
38|334|441|813
38|335|441|814
38|335|442|815
38|336|442|816
38|336|443|817
38|337|443|818
38|337|444|819
38|338|444|820
38|338|445|821
38|339|445|822
38|339|446|823
38|340|446|824
38|340|447|825
38|341|447|826
38|341|448|827
38|342|448|828
38|342|449|829
38|343|449|830
38|343|450|831
38|344|450|832
38|344|451|833
38|345|451|834
38|345|452|835
38|346|452|836
38|346|453|837
38|347|453|838
38|347|454|839
38|348|454|840
38|348|455|841
38|349|455|842
38|349|456|843
38|350|456|844
38|350|457|845
38|351|457|846
38|351|458|847
38|352|458|848
38|353|458|849
38|354|458|850
38|354|459|851
38|355|459|852
38|355|460|853
38|356|460|854
38|356|461|855
38|357|461|856
38|357|462|857
38|357|463|858
38|357|464|859
38|357|465|860
38|357|466|861
38|357|467|862
38|357|468|863
38|357|469|864
38|357|470|865
38|358|470|866
38|358|471|867
38|358|472|868
38|358|473|869
38|358|474|870
38|358|475|871
38|359|475|872
38|359|476|873
38|359|477|874
38|359|478|875
38|359|479|876
38|359|480|877
38|360|480|878
38|360|481|879
38|360|482|880
38|360|483|881
38|361|483|882
38|361|484|883
38|361|485|884
38|362|485|885
38|362|486|886
38|362|487|887
38|362|488|888
38|362|489|889
38|362|490|890
38|362|491|891
38|362|492|892
38|362|493|893
38|363|493|894
38|363|494|895
38|364|494|896
38|364|495|897
38|365|495|898
38|365|496|899
38|366|496|900
38|366|497|901
38|367|497|902
39|367|497|903
39|367|498|904
39|367|499|905
39|368|499|906
39|368|500|907
39|369|500|908
39|369|501|909
39|370|501|910
39|370|502|911
39|370|503|912
39|370|504|913
39|371|504|914
39|371|505|915
39|372|505|916
39|372|506|917
39|373|506|918
39|373|507|919
39|373|508|920
39|373|509|921
39|374|509|922
39|374|510|923
39|375|510|924
39|376|510|925
39|377|510|926
39|377|511|927
39|378|511|928
39|378|512|929
39|379|512|930
39|379|513|931
39|380|513|932
39|380|514|933
39|381|514|934
39|381|515|935
39|382|515|936
39|382|516|937
39|383|516|938
39|383|517|939
39|384|517|940
39|384|518|941
39|385|518|942
39|385|519|943
39|386|519|944
39|386|520|945
39|387|520|946
39|387|521|947
39|388|521|948
39|388|522|949
39|389|522|950
39|389|523|951
39|390|523|952
39|390|524|953
39|391|524|954
39|391|525|955
39|392|525|956
39|392|526|957
39|393|526|958
39|393|527|959
39|394|527|960
39|394|528|961
39|395|528|962
39|395|529|963
39|396|529|964
39|397|529|965
40|397|529|966
40|398|529|967
41|398|529|968
41|399|529|969
42|399|529|970
42|400|529|971
43|400|529|972
43|401|529|973
44|401|529|974
44|402|529|975
45|402|529|976
45|403|529|977
46|403|529|978
46|404|529|979
47|404|529|980
47|405|529|981
48|405|529|982
48|406|529|983
49|406|529|984
49|407|529|985
50|407|529|986
50|408|529|987
51|408|529|988
51|409|529|989
52|409|529|990
52|410|529|991
53|410|529|992
53|411|529|993
54|411|529|994
54|412|529|995
55|412|529|996
55|413|529|997
56|413|529|998
56|414|529|999
57|414|529|1000
57|414|530|1001
57|415|530|1002
57|415|531|1003
57|416|531|1004
57|416|532|1005
57|417|532|1006
57|417|533|1007
57|418|533|1008
57|418|534|1009
57|419|534|1010
57|419|535|1011
57|420|535|1012
57|420|536|1013
57|421|536|1014
57|421|537|1015
57|422|537|1016
57|422|538|1017
57|423|538|1018
57|423|539|1019
57|424|539|1020
57|424|540|1021
57|425|540|1022
57|425|541|1023
57|426|541|1024
57|427|542|1026
57|428|542|1027
57|428|543|1028
57|429|543|1029
57|429|544|1030
57|430|544|1031
57|430|545|1032
57|431|545|1033
57|431|546|1034
57|432|546|1035
57|432|547|1036
57|433|547|1037
57|433|548|1038
57|434|548|1039
57|434|549|1040
57|435|549|1041
57|435|550|1042
57|436|550|1043
57|436|551|1044
57|437|551|1045
57|437|552|1046
57|438|552|1047
57|438|553|1048
57|439|553|1049
57|439|554|1050
57|440|554|1051
57|440|555|1052
57|441|555|1053
57|441|556|1054
57|442|556|1055
57|442|557|1056
57|443|557|1057
57|443|558|1058
57|444|558|1059
57|444|559|1060
57|445|559|1061
57|445|560|1062
57|446|560|1063
57|446|561|1064
57|447|561|1065
57|447|562|1066
57|448|562|1067
57|448|563|1068
57|449|563|1069
57|449|564|1070
57|450|564|1071
57|450|565|1072
57|451|565|1073
57|451|566|1074
57|452|566|1075
57|452|567|1076
57|452|568|1077
57|452|569|1078
57|453|569|1079
57|453|570|1080
57|453|571|1081
58|453|571|1082
58|454|571|1083
58|454|572|1084
58|455|572|1085
58|455|573|1086
58|455|574|1087
58|455|575|1088
58|455|576|1089
58|455|577|1090
58|456|577|1091
58|456|578|1092
58|457|578|1093
58|457|579|1094
58|458|579|1095
59|458|579|1096
59|459|579|1097
59|459|580|1098
59|459|581|1099
59|459|582|1100
59|460|582|1101
59|461|582|1102
59|461|583|1103
59|461|584|1104
59|461|585|1105
59|461|586|1106
59|461|587|1107
59|461|588|1108
59|462|588|1109
59|462|589|1110
59|463|589|1111
59|463|590|1112
59|464|590|1113
59|464|591|1114
59|465|591|1115
59|465|592|1116
59|466|592|1117
59|466|593|1118
59|467|593|1119
59|467|594|1120
59|468|594|1121
59|468|595|1122
59|469|595|1123
59|469|596|1124
59|470|596|1125
59|470|597|1126
59|471|597|1127
59|471|598|1128
59|472|598|1129
59|472|599|1130
59|473|599|1131
59|473|600|1132
59|474|600|1133
59|474|601|1134
59|475|601|1135
59|475|602|1136
59|476|602|1137
59|476|603|1138
59|477|603|1139
59|478|603|1140
59|479|603|1141
59|479|604|1142
59|480|604|1143
59|480|605|1144
59|481|605|1145
59|481|606|1146
59|482|606|1147
59|482|607|1148
59|483|607|1149
59|483|608|1150
59|484|608|1151
59|484|609|1152
59|485|609|1153
59|485|610|1154
59|486|610|1155
59|486|611|1156
59|487|611|1157
59|487|612|1158
59|488|612|1159
59|488|613|1160
59|489|613|1161
59|489|614|1162
59|490|614|1163
59|490|615|1164
59|491|615|1165
59|491|616|1166
59|492|616|1167
59|492|617|1168
59|493|617|1169
59|493|618|1170
59|494|618|1171
59|494|619|1172
59|495|619|1173
59|495|620|1174
59|495|621|1175
59|495|622|1176
59|495|623|1177
59|495|624|1178
59|496|624|1179
59|496|625|1180
59|497|625|1181
59|497|626|1182
59|498|626|1183
59|498|627|1184
59|499|627|1185
59|499|628|1186
59|500|628|1187
59|500|629|1188
59|501|629|1189
59|501|630|1190
59|502|630|1191
59|502|631|1192
59|503|631|1193
59|503|632|1194
59|504|632|1195
59|504|633|1196
59|505|633|1197
59|505|634|1198
59|506|634|1199
59|506|635|1200
59|507|635|1201
59|507|636|1202
59|508|636|1203
59|508|637|1204
59|509|637|1205
59|509|638|1206
59|510|638|1207
59|510|639|1208
59|511|639|1209
59|511|640|1210
59|512|640|1211
59|512|641|1212
59|513|641|1213
59|513|642|1214
59|514|642|1215
59|514|643|1216
59|515|643|1217
59|515|644|1218
59|516|644|1219
59|516|645|1220
59|517|645|1221
59|517|646|1222
59|518|646|1223
59|518|647|1224
59|519|647|1225
59|519|648|1226
59|520|648|1227
59|520|649|1228
59|521|649|1229
59|521|650|1230
59|522|650|1231
59|522|651|1232
59|523|651|1233
59|523|652|1234
59|524|652|1235
59|524|653|1236
59|525|653|1237
59|525|654|1238
59|526|654|1239
59|526|655|1240
59|527|655|1241
59|527|656|1242
59|528|656|1243
59|528|657|1244
60|528|657|1245
60|528|658|1246
60|529|658|1247
60|529|659|1248
60|530|659|1249
60|530|660|1250
60|531|660|1251
60|531|661|1252
60|531|662|1253
61|531|662|1254
61|531|663|1255
62|531|663|1256
62|531|664|1257
63|531|664|1258
63|531|665|1259
63|531|666|1260
63|531|667|1261
63|531|668|1262
63|531|669|1263
64|531|669|1264
64|531|670|1265
64|531|671|1266
64|531|672|1267
65|531|672|1268
65|531|673|1269
66|531|673|1270
66|531|674|1271
66|531|675|1272
66|531|676|1273
67|531|676|1274
67|531|677|1275
67|531|678|1276
67|531|679|1277
68|531|679|1278
68|531|680|1279
68|531|681|1280
68|531|682|1281
68|531|683|1282
68|531|684|1283
68|531|685|1284
68|531|686|1285
68|531|687|1286
68|531|688|1287
69|531|688|1288
69|532|688|1289
69|532|689|1290
69|533|689|1291
69|533|690|1292
69|534|690|1293
69|534|691|1294
69|535|691|1295
69|535|692|1296
69|536|692|1297
69|536|693|1298
69|537|693|1299
69|537|694|1300
69|538|694|1301
69|538|695|1302
69|539|695|1303
69|539|696|1304
69|540|696|1305
69|540|697|1306
69|541|697|1307
69|541|698|1308
69|542|698|1309
69|542|699|1310
69|543|699|1311
69|543|700|1312
69|544|700|1313
69|544|701|1314
69|545|701|1315
69|545|702|1316
69|546|702|1317
69|546|703|1318
69|547|703|1319
69|547|704|1320
69|548|704|1321
69|548|705|1322
69|549|705|1323
69|549|706|1324
69|550|706|1325
69|550|707|1326
69|551|707|1327
69|551|708|1328
69|552|708|1329
69|552|709|1330
69|553|709|1331
69|553|710|1332
69|554|710|1333
69|554|711|1334
69|555|711|1335
69|555|712|1336
69|556|712|1337
69|556|713|1338
69|557|713|1339
69|557|714|1340
69|557|715|1341
69|557|716|1342
69|558|716|1343
69|558|717|1344
69|559|717|1345
69|559|718|1346
69|560|718|1347
69|560|719|1348
69|560|720|1349
69|560|721|1350
69|561|721|1351
69|561|722|1352
69|562|722|1353
69|562|723|1354
69|563|723|1355
69|563|724|1356
69|564|724|1357
69|564|725|1358
69|565|725|1359
69|565|726|1360
69|566|726|1361
69|566|727|1362
69|567|727|1363
69|567|728|1364
69|568|728|1365
69|568|729|1366
69|569|729|1367
69|569|730|1368
69|570|730|1369
69|570|731|1370
69|571|731|1371
69|571|732|1372
69|572|732|1373
69|572|733|1374
69|573|733|1375
69|573|734|1376
69|574|734|1377
69|574|735|1378
69|575|735|1379
69|575|736|1380
69|576|736|1381
69|576|737|1382
69|577|737|1383
69|577|738|1384
69|578|738|1385
69|578|739|1386
69|579|739|1387
69|579|740|1388
70|579|740|1389
70|579|741|1390
70|580|741|1391
70|580|742|1392
70|581|742|1393
70|581|743|1394
70|582|743|1395
70|582|744|1396
70|582|745|1397
70|582|746|1398
70|582|747|1399
70|582|748|1400
70|582|749|1401
70|582|750|1402
70|582|751|1403
70|582|752|1404
70|582|753|1405
70|582|754|1406
70|582|755|1407
71|582|755|1408
71|582|756|1409
71|582|757|1410
71|582|758|1411
71|582|759|1412
71|582|760|1413
71|582|761|1414
71|582|762|1415
71|582|763|1416
71|582|764|1417
71|582|765|1418
71|582|766|1419
72|582|766|1420
72|582|767|1421
72|582|768|1422
72|582|769|1423
72|582|770|1424
72|582|771|1425
72|582|772|1426
72|582|773|1427
72|582|774|1428
72|582|775|1429
72|582|776|1430
72|582|777|1431
73|582|777|1432
73|583|777|1433
73|583|778|1434
73|584|778|1435
73|584|779|1436
73|585|779|1437
73|585|780|1438
73|586|780|1439
73|586|781|1440
73|587|781|1441
73|587|782|1442
73|588|782|1443
73|588|783|1444
73|589|783|1445
73|589|784|1446
73|590|784|1447
73|590|785|1448
73|591|785|1449
73|591|786|1450
73|592|786|1451
73|592|787|1452
73|593|787|1453
73|593|788|1454
73|594|788|1455
73|594|789|1456
73|595|789|1457
73|595|790|1458
73|596|790|1459
73|596|791|1460
73|597|791|1461
73|597|792|1462
73|598|792|1463
73|598|793|1464
73|599|793|1465
73|599|794|1466
73|600|794|1467
73|600|795|1468
73|601|795|1469
73|601|796|1470
73|602|796|1471
73|602|797|1472
73|603|797|1473
73|603|798|1474
73|604|798|1475
73|604|799|1476
73|605|799|1477
73|605|800|1478
73|605|801|1479
73|605|802|1480
73|606|802|1481
73|606|803|1482
73|607|803|1483
73|607|804|1484
73|608|804|1485
73|608|805|1486
73|608|806|1487
73|608|807|1488
73|609|807|1489
73|609|808|1490
73|610|808|1491
73|610|809|1492
73|610|810|1493
73|610|811|1494
73|611|811|1495
73|611|812|1496
73|612|812|1497
73|612|813|1498
73|613|813|1499
73|613|814|1500
73|614|814|1501
73|614|815|1502
73|615|815|1503
73|615|816|1504
73|616|816|1505
73|616|817|1506
73|617|817|1507
73|617|818|1508
73|618|818|1509
73|618|819|1510
73|619|819|1511
73|619|820|1512
73|620|820|1513
73|620|821|1514
73|621|821|1515
73|621|822|1516
73|622|822|1517
73|622|823|1518
73|623|823|1519
73|623|824|1520
73|624|824|1521
73|624|825|1522
73|625|825|1523
73|625|826|1524
73|626|826|1525
73|626|827|1526
73|627|827|1527
73|627|828|1528
73|628|828|1529
73|628|829|1530
73|629|829|1531
73|629|830|1532
73|630|830|1533
73|631|830|1534
74|631|830|1535
74|632|830|1536
75|632|830|1537
75|632|831|1538
75|633|831|1539
75|633|832|1540
75|633|833|1541
75|633|834|1542
75|634|834|1543
75|634|835|1544
75|635|835|1545
75|635|836|1546
75|635|837|1547
75|635|838|1548
75|636|838|1549
75|636|839|1550
75|636|840|1551
75|636|841|1552
75|637|841|1553
75|637|842|1554
75|637|843|1555
75|637|844|1556
75|638|844|1557
75|638|845|1558
75|638|846|1559
75|638|847|1560
75|639|847|1561
75|639|848|1562
75|640|848|1563
75|640|849|1564
75|640|850|1565
75|640|851|1566
75|640|852|1567
75|640|853|1568
75|640|854|1569
75|641|854|1570
75|641|855|1571
75|642|855|1572
75|642|856|1573
75|642|857|1574
75|642|858|1575
75|642|859|1576
75|643|859|1577
75|643|860|1578
75|644|860|1579
75|644|861|1580
75|645|861|1581
75|645|862|1582
75|646|862|1583
75|646|863|1584
75|647|863|1585
75|647|864|1586
75|648|864|1587
75|648|865|1588
75|649|865|1589
75|649|866|1590
75|650|866|1591
75|650|867|1592
75|651|867|1593
75|651|868|1594
75|652|868|1595
75|652|869|1596
75|653|869|1597
75|653|870|1598
75|654|870|1599
75|654|871|1600
75|655|871|1601
75|655|872|1602
75|656|872|1603
75|656|873|1604
75|657|873|1605
75|657|874|1606
75|658|874|1607
75|658|875|1608
75|659|875|1609
75|659|876|1610
75|660|876|1611
75|660|877|1612
75|661|877|1613
75|661|878|1614
75|662|878|1615
75|662|879|1616
75|663|879|1617
75|663|880|1618
75|664|880|1619
75|664|881|1620
75|665|881|1621
75|665|882|1622
75|666|882|1623
75|666|883|1624
75|667|883|1625
75|667|884|1626
75|668|884|1627
75|668|885|1628
75|669|885|1629
75|669|886|1630
75|670|886|1631
75|670|887|1632
75|671|887|1633
75|671|888|1634
75|672|888|1635
75|672|889|1636
75|673|889|1637
75|673|890|1638
75|674|890|1639
75|674|891|1640
75|675|891|1641
75|675|892|1642
75|676|892|1643
75|676|893|1644
75|677|893|1645
75|677|894|1646
75|678|894|1647
75|678|895|1648
76|678|895|1649
76|679|895|1650
77|679|895|1651
77|680|895|1652
78|680|895|1653
78|681|895|1654
79|681|895|1655
79|682|895|1656
80|682|895|1657
80|683|895|1658
81|683|895|1659
81|684|895|1660
82|684|895|1661
82|685|895|1662
83|685|895|1663
83|686|895|1664
84|686|895|1665
84|687|895|1666
85|687|895|1667
85|688|895|1668
86|688|895|1669
86|689|895|1670
87|689|895|1671
87|690|895|1672
88|690|895|1673
88|691|895|1674
89|691|895|1675
89|692|895|1676
90|692|895|1677
90|693|895|1678
91|693|895|1679
91|694|895|1680
92|694|895|1681
92|695|895|1682
93|695|895|1683
93|696|895|1684
93|697|895|1685
93|697|896|1686
93|698|896|1687
93|698|897|1688
93|699|897|1689
93|699|898|1690
93|700|898|1691
93|700|899|1692
93|701|899|1693
93|701|900|1694
93|702|900|1695
93|702|901|1696
93|703|901|1697
93|703|902|1698
93|704|902|1699
93|704|903|1700
93|705|903|1701
93|705|904|1702
93|706|904|1703
93|706|905|1704
93|707|905|1705
93|707|906|1706
93|708|906|1707
93|708|907|1708
93|709|907|1709
93|709|908|1710
93|710|908|1711
93|710|909|1712
93|711|909|1713
93|711|910|1714
93|712|910|1715
93|712|911|1716
93|713|911|1717
93|713|912|1718
93|714|912|1719
93|714|913|1720
93|715|913|1721
93|715|914|1722
93|716|914|1723
93|716|915|1724
93|717|915|1725
93|717|916|1726
93|718|916|1727
93|718|917|1728
93|719|917|1729
93|719|918|1730
93|720|918|1731
93|720|919|1732
93|721|919|1733
93|721|920|1734
93|722|920|1735
93|722|921|1736
93|723|921|1737
93|723|922|1738
93|724|922|1739
93|724|923|1740
93|725|923|1741
93|725|924|1742
93|726|924|1743
93|726|925|1744
93|726|926|1745
93|726|927|1746
93|727|927|1747
93|727|928|1748
93|728|928|1749
93|728|929|1750
93|729|929|1751
93|729|930|1752
93|730|930|1753
93|730|931|1754
93|731|931|1755
93|731|932|1756
93|732|932|1757
93|732|933|1758
93|733|933|1759
93|733|934|1760
93|734|934|1761
93|734|935|1762
93|734|936|1763
93|734|937|1764
93|734|938|1765
93|734|939|1766
93|735|939|1767
93|735|940|1768
93|736|940|1769
93|736|941|1770
93|736|942|1771
93|736|943|1772
93|736|944|1773
93|736|945|1774
93|736|946|1775
93|736|947|1776
93|737|947|1777
93|737|948|1778
93|738|948|1779
93|739|948|1780
93|739|949|1781
93|740|949|1782
93|741|949|1783
93|741|950|1784
93|742|950|1785
93|742|951|1786
93|742|952|1787
93|742|953|1788
93|742|954|1789
93|742|955|1790
93|742|956|1791
93|742|957|1792
93|743|957|1793
93|743|958|1794
93|744|958|1795
93|744|959|1796
93|745|959|1797
93|745|960|1798
94|745|960|1799
94|745|961|1800
94|746|961|1801
94|746|962|1802
94|747|962|1803
94|747|963|1804
94|748|963|1805
94|748|964|1806
95|748|964|1807
95|748|965|1808
95|749|965|1809
95|749|966|1810
95|750|966|1811
95|750|967|1812
95|751|967|1813
95|751|968|1814
95|752|968|1815
95|752|969|1816
95|753|969|1817
95|754|969|1818
95|755|969|1819
95|755|970|1820
95|756|970|1821
95|756|971|1822
95|757|971|1823
95|758|971|1824
95|759|971|1825
95|759|972|1826
95|760|972|1827
95|760|973|1828
95|761|973|1829
95|761|974|1830
95|762|974|1831
95|762|975|1832
95|763|975|1833
95|763|976|1834
95|764|976|1835
95|764|977|1836
95|765|977|1837
95|765|978|1838
95|766|978|1839
95|766|979|1840
95|767|979|1841
95|767|980|1842
95|768|980|1843
95|768|981|1844
95|769|981|1845
95|769|982|1846
95|770|982|1847
95|770|983|1848
95|771|983|1849
95|771|984|1850
95|772|984|1851
95|772|985|1852
95|773|985|1853
95|773|986|1854
95|774|986|1855
95|774|987|1856
95|775|987|1857
95|775|988|1858
95|776|988|1859
95|776|989|1860
95|776|990|1861
95|776|991|1862
95|777|991|1863
95|777|992|1864
95|778|992|1865
95|778|993|1866
95|779|993|1867
95|779|994|1868
95|780|994|1869
95|780|995|1870
95|781|995|1871
95|781|996|1872
95|782|996|1873
95|782|997|1874
95|783|997|1875
95|783|998|1876
95|784|998|1877
95|784|999|1878
95|785|999|1879
95|785|1000|1880
95|786|1000|1881
95|786|1001|1882
95|787|1001|1883
95|787|1002|1884
95|788|1002|1885
95|788|1003|1886
95|789|1003|1887
95|789|1004|1888
95|790|1004|1889
95|790|1005|1890
95|791|1005|1891
95|791|1006|1892
95|792|1006|1893
95|792|1007|1894
95|793|1007|1895
95|793|1008|1896
95|794|1008|1897
95|794|1009|1898
95|795|1009|1899
95|795|1010|1900
95|796|1010|1901
95|796|1011|1902
96|796|1011|1903
96|796|1012|1904
96|797|1012|1905
96|797|1013|1906
96|798|1013|1907
96|798|1014|1908
96|799|1014|1909
96|799|1015|1910
96|800|1015|1911
96|800|1016|1912
96|801|1016|1913
96|801|1017|1914
97|801|1017|1915
97|801|1018|1916
97|802|1018|1917
97|802|1019|1918
97|803|1019|1919
97|803|1020|1920
97|804|1020|1921
97|804|1021|1922
97|805|1021|1923
97|805|1022|1924
97|806|1022|1925
97|806|1023|1926
97|807|1023|1927
97|807|1024|1928
97|808|1024|1929
97|808|1025|1930
97|809|1025|1931
97|809|1026|1932
97|810|1026|1933
97|810|1027|1934
97|811|1027|1935
97|811|1028|1936
97|811|1029|1937
97|811|1030|1938
97|811|1031|1939
97|811|1032|1940
97|811|1033|1941
97|811|1034|1942
97|811|1035|1943
98|811|1035|1944
98|811|1036|1945
99|811|1036|1946
99|811|1037|1947
99|811|1038|1948
99|811|1039|1949
99|811|1040|1950
99|811|1041|1951
99|811|1042|1952
99|811|1043|1953
100|811|1043|1954
100|811|1044|1955
101|811|1044|1956
101|811|1045|1957
102|811|1045|1958
102|811|1046|1959
102|811|1047|1960
102|811|1048|1961
102|811|1049|1962
102|811|1050|1963
102|811|1051|1964
102|811|1052|1965
102|811|1053|1966
102|811|1054|1967
103|811|1054|1968
103|811|1055|1969
103|811|1056|1970
103|811|1057|1971
104|811|1057|1972
104|812|1057|1973
104|812|1058|1974
104|813|1058|1975
104|813|1059|1976
104|814|1059|1977
104|814|1060|1978
104|815|1060|1979
104|815|1061|1980
104|816|1061|1981
104|816|1062|1982
104|817|1062|1983
104|817|1063|1984
104|818|1063|1985
104|818|1064|1986
104|819|1064|1987
104|819|1065|1988
104|820|1065|1989
104|820|1066|1990
104|821|1066|1991
104|821|1067|1992
104|822|1067|1993
104|822|1068|1994
104|823|1068|1995
104|823|1069|1996
104|824|1069|1997
104|824|1070|1998
104|825|1070|1999
104|825|1071|2000
