total
0|1|0|1
0|2|0|2
0|3|0|3
1|3|0|4
1|4|0|5
1|5|0|6
1|5|1|7
1|6|1|8
1|7|1|9
2|7|1|10
2|7|2|11
2|8|2|12
2|8|3|13
2|9|3|14
2|10|3|15
3|10|3|16
3|10|4|17
3|11|4|18
3|12|4|19
3|13|4|20
3|13|5|21
3|14|5|22
3|15|5|23
4|15|5|24
4|15|6|25
5|15|6|26
5|16|6|27
5|17|6|28
5|18|6|29
5|18|7|30
5|19|7|31
5|19|8|32
5|20|8|33
5|20|9|34
5|21|9|35
5|21|10|36
5|22|10|37
5|22|11|38
5|23|11|39
5|23|12|40
5|24|12|41
5|24|13|42
5|25|13|43
5|25|14|44
5|26|14|45
5|26|15|46
5|27|15|47
5|27|16|48
5|28|16|49
5|28|17|50
5|29|17|51
5|29|18|52
5|30|18|53
5|30|19|54
5|31|19|55
5|31|20|56
5|32|20|57
5|32|21|58
5|33|21|59
5|33|22|60
5|34|22|61
5|34|23|62
5|35|23|63
5|35|24|64
5|35|25|65
5|36|25|66
5|36|26|67
5|37|26|68
5|37|27|69
5|38|27|70
5|38|28|71
5|39|28|72
5|39|29|73
5|40|29|74
5|40|30|75
5|41|30|76
5|41|31|77
5|42|31|78
5|42|32|79
5|43|32|80
5|43|33|81
5|44|33|82
5|44|34|83
5|45|34|84
5|45|35|85
5|46|35|86
5|46|36|87
5|47|36|88
5|47|37|89
5|48|37|90
5|48|38|91
5|49|38|92
5|49|39|93
5|50|39|94
5|50|40|95
5|51|40|96
5|51|41|97
5|52|41|98
5|52|42|99
5|53|42|100
5|53|43|101
5|54|43|102
5|54|44|103
5|55|44|104
5|55|45|105
5|56|45|106
5|56|46|107
5|57|46|108
5|57|47|109
5|58|47|110
5|58|48|111
5|58|49|112
5|58|50|113
5|59|50|114
5|59|51|115
5|59|52|116
5|59|53|117
5|60|53|118
5|60|54|119
5|60|55|120
5|60|56|121
5|61|56|122
5|61|57|123
5|62|57|124
5|62|58|125
5|63|58|126
5|63|59|127
5|63|60|128
5|63|61|129
5|63|62|130
5|63|63|131
5|64|63|132
5|64|64|133
5|64|65|134
5|64|66|135
5|64|67|136
5|65|67|137
6|65|67|138
6|66|67|139
7|66|67|140
7|67|67|141
8|67|67|142
8|68|67|143
8|69|67|144
8|70|67|145
9|70|67|146
9|71|67|147
10|71|67|148
10|72|67|149
10|73|67|150
10|73|68|151
11|73|68|152
11|74|68|153
12|74|68|154
12|75|68|155
13|75|68|156
13|75|69|157
13|76|69|158
13|76|70|159
13|77|70|160
13|77|71|161
13|78|71|162
13|79|71|163
14|79|71|164
14|80|71|165
14|81|71|166
14|82|71|167
15|82|71|168
15|83|71|169
16|83|71|170
16|84|71|171
17|84|71|172
17|84|72|173
17|85|72|174
17|85|73|175
17|86|73|176
17|86|74|177
17|87|74|178
17|87|75|179
17|88|75|180
17|88|76|181
17|89|76|182
17|89|77|183
17|90|77|184
17|90|78|185
17|91|78|186
17|91|79|187
17|92|79|188
17|92|80|189
17|93|80|190
17|93|81|191
17|94|81|192
17|94|82|193
17|95|82|194
17|95|83|195
17|96|83|196
17|96|84|197
17|97|84|198
17|97|85|199
17|98|85|200
17|98|86|201
17|99|86|202
17|99|87|203
17|100|87|204
17|100|88|205
17|101|88|206
17|101|89|207
17|102|89|208
17|103|89|209
17|103|90|210
17|104|90|211
17|105|90|212
17|105|91|213
17|105|92|214
17|105|93|215
17|105|94|216
17|106|94|217
17|107|94|218
17|108|94|219
17|108|95|220
17|108|96|221
17|109|96|222
17|109|97|223
17|109|98|224
17|110|98|225
17|111|98|226
17|112|98|227
17|112|99|228
17|112|100|229
17|113|100|230
17|113|101|231
17|114|101|232
17|115|101|233
17|116|101|234
17|116|102|235
17|117|102|236
17|118|102|237
17|119|102|238
17|120|102|239
17|120|103|240
17|121|103|241
17|122|103|242
17|123|103|243
17|124|103|244
17|125|103|245
17|125|104|246
17|126|104|247
17|126|105|248
17|127|105|249
17|127|106|250
17|128|106|251
17|128|107|252
17|129|107|253
18|129|107|254
18|130|107|255
18|130|108|256
18|131|108|257
18|131|109|258
18|132|109|259
18|132|110|260
18|133|110|261
18|133|111|262
18|134|111|263
19|134|111|264
19|135|111|265
19|135|112|266
19|136|112|267
20|136|112|268
20|137|112|269
20|137|113|270
20|138|113|271
20|139|113|272
20|140|113|273
20|140|114|274
20|141|114|275
21|141|114|276
21|142|114|277
22|142|114|278
22|143|114|279
22|143|115|280
22|144|115|281
22|144|116|282
22|145|116|283
22|145|117|284
22|146|117|285
22|146|118|286
22|147|118|287
22|147|119|288
22|148|119|289
22|148|120|290
22|149|120|291
22|149|121|292
22|150|121|293
22|150|122|294
22|151|122|295
22|151|123|296
22|152|123|297
22|152|124|298
22|153|124|299
22|153|125|300
22|154|125|301
22|154|126|302
22|155|126|303
22|155|127|304
22|156|127|305
22|156|128|306
22|157|128|307
22|157|129|308
22|158|129|309
22|158|130|310
22|159|130|311
23|159|130|312
23|160|130|313
23|160|131|314
23|161|131|315
23|161|132|316
23|162|132|317
23|163|132|318
23|164|132|319
24|164|132|320
24|165|132|321
24|165|133|322
24|166|133|323
24|167|133|324
24|168|133|325
24|169|133|326
24|170|133|327
24|171|133|328
24|172|133|329
24|172|134|330
24|173|134|331
24|174|134|332
24|175|134|333
24|176|134|334
24|177|134|335
24|177|135|336
24|178|135|337
24|178|136|338
24|179|136|339
24|179|137|340
24|180|137|341
25|180|137|342
25|181|137|343
25|181|138|344
25|182|138|345
25|182|139|346
25|183|139|347
25|184|139|348
25|185|139|349
26|185|139|350
26|186|139|351
26|186|140|352
26|187|140|353
26|187|141|354
26|188|141|355
27|188|141|356
27|188|142|357
27|189|142|358
27|189|143|359
27|190|143|360
27|191|143|361
28|191|143|362
28|192|143|363
28|192|144|364
28|193|144|365
28|194|144|366
28|194|145|367
28|195|145|368
28|196|145|369
29|196|145|370
29|196|146|371
29|196|147|372
29|196|148|373
29|196|149|374
29|197|149|375
29|197|150|376
29|198|150|377
29|199|150|378
29|199|151|379
29|200|151|380
29|201|151|381
29|201|152|382
29|202|152|383
29|202|153|384
29|203|153|385
29|203|154|386
29|204|154|387
30|204|154|388
30|204|155|389
30|205|155|390
30|205|156|391
30|206|156|392
30|206|157|393
30|207|157|394
30|207|158|395
30|208|158|396
30|209|158|397
30|209|159|398
30|209|160|399
30|210|160|400
30|210|161|401
30|210|162|402
30|210|163|403
30|211|163|404
30|212|163|405
30|212|164|406
30|212|165|407
30|213|165|408
30|213|166|409
30|213|167|410
30|214|167|411
30|215|167|412
30|215|168|413
30|216|168|414
30|216|169|415
30|217|169|416
30|217|170|417
30|217|171|418
30|218|171|419
30|218|172|420
30|219|172|421
30|219|173|422
30|219|174|423
30|220|174|424
30|220|175|425
30|221|175|426
30|221|176|427
30|222|176|428
30|222|177|429
30|223|177|430
30|223|178|431
30|224|178|432
30|225|178|433
31|225|178|434
31|225|179|435
31|226|179|436
31|226|180|437
31|227|180|438
31|227|181|439
31|228|181|440
31|229|181|441
32|229|181|442
32|230|181|443
32|231|181|444
32|231|182|445
33|231|182|446
33|231|183|447
33|232|183|448
33|232|184|449
33|233|184|450
33|233|185|451
33|234|185|452
33|235|185|453
33|236|185|454
33|237|185|455
34|237|185|456
34|238|185|457
35|238|185|458
35|239|185|459
35|240|185|460
35|240|186|461
35|241|186|462
35|241|187|463
35|242|187|464
35|242|188|465
35|243|188|466
35|243|189|467
35|244|189|468
35|244|190|469
35|244|191|470
35|244|192|471
35|245|192|472
35|245|193|473
35|246|193|474
35|246|194|475
35|247|194|476
35|247|195|477
35|247|196|478
35|247|197|479
35|248|197|480
35|248|198|481
35|249|198|482
35|249|199|483
35|250|199|484
35|250|200|485
35|251|200|486
35|251|201|487
35|252|201|488
35|252|202|489
35|253|202|490
35|253|203|491
35|254|203|492
35|254|204|493
35|254|205|494
35|254|206|495
35|255|206|496
35|255|207|497
35|256|207|498
35|256|208|499
35|257|208|500
35|257|209|501
35|258|209|502
35|258|210|503
35|259|210|504
35|259|211|505
35|259|212|506
35|259|213|507
35|260|213|508
35|260|214|509
35|261|214|510
35|261|215|511
35|262|215|512
35|262|216|513
35|262|217|514
35|262|218|515
35|263|218|516
35|263|219|517
35|264|219|518
35|264|220|519
35|265|220|520
35|265|221|521
35|266|221|522
35|266|222|523
35|267|222|524
35|268|222|525
35|269|222|526
35|269|223|527
36|269|223|528
36|270|223|529
36|270|224|530
36|270|225|531
36|271|225|532
36|271|226|533
36|272|226|534
36|272|227|535
36|273|227|536
36|273|228|537
36|274|228|538
36|274|229|539
36|275|229|540
36|275|230|541
36|276|230|542
36|276|231|543
36|277|231|544
36|277|232|545
36|278|232|546
36|278|233|547
36|279|233|548
36|279|234|549
36|280|234|550
36|280|235|551
36|281|235|552
36|281|236|553
36|282|236|554
36|282|237|555
36|283|237|556
36|283|238|557
36|284|238|558
36|284|239|559
36|285|239|560
36|286|239|561
36|287|239|562
36|288|239|563
37|288|239|564
37|288|240|565
38|288|240|566
38|288|241|567
38|289|241|568
38|290|241|569
38|290|242|570
38|291|242|571
38|291|243|572
38|292|243|573
38|292|244|574
38|293|244|575
38|293|245|576
38|294|245|577
38|294|246|578
38|295|246|579
38|295|247|580
38|296|247|581
38|296|248|582
38|297|248|583
38|297|249|584
38|298|249|585
38|298|250|586
38|299|250|587
38|299|251|588
38|300|251|589
38|300|252|590
38|301|252|591
38|301|253|592
38|302|253|593
38|302|254|594
38|303|254|595
38|303|255|596
38|304|255|597
38|304|256|598
38|305|256|599
38|305|257|600
38|306|257|601
38|306|258|602
38|307|258|603
38|307|259|604
38|307|260|605
38|308|260|606
38|308|261|607
38|309|261|608
38|309|262|609
38|310|262|610
38|310|263|611
38|311|263|612
38|311|264|613
38|312|264|614
38|312|265|615
39|312|265|616
39|312|266|617
40|312|266|618
40|312|267|619
40|313|267|620
40|313|268|621
41|313|268|622
41|313|269|623
41|314|269|624
41|314|270|625
41|315|270|626
41|315|271|627
41|316|271|628
41|316|272|629
41|317|272|630
41|317|273|631
41|318|273|632
41|318|274|633
42|318|274|634
42|319|274|635
42|320|274|636
42|320|275|637
43|320|275|638
43|320|276|639
43|321|276|640
43|321|277|641
43|321|278|642
43|321|279|643
43|322|279|644
43|322|280|645
43|323|280|646
43|323|281|647
43|324|281|648
43|324|282|649
43|325|282|650
43|325|283|651
43|325|284|652
43|325|285|653
43|326|285|654
43|326|286|655
43|327|286|656
43|327|287|657
43|327|288|658
43|327|289|659
43|328|289|660
43|328|290|661
43|329|290|662
43|329|291|663
43|330|291|664
43|330|292|665
43|330|293|666
43|330|294|667
43|331|294|668
43|331|295|669
43|332|295|670
43|332|296|671
43|332|297|672
43|332|298|673
43|332|299|674
43|332|300|675
43|332|301|676
43|332|302|677
43|333|302|678
43|333|303|679
43|334|303|680
43|334|304|681
43|335|304|682
43|335|305|683
43|336|305|684
43|336|306|685
43|337|306|686
43|337|307|687
43|338|307|688
43|338|308|689
43|339|308|690
43|339|309|691
43|340|309|692
43|340|310|693
43|341|310|694
43|341|311|695
43|342|311|696
43|342|312|697
43|343|312|698
43|343|313|699
43|344|313|700
43|344|314|701
43|345|314|702
43|345|315|703
43|346|315|704
43|347|315|705
44|347|315|706
44|348|315|707
45|348|315|708
45|349|315|709
46|349|315|710
46|349|316|711
46|350|316|712
46|351|316|713
46|351|317|714
46|352|317|715
46|352|318|716
46|353|318|717
46|353|319|718
46|354|319|719
46|354|320|720
46|355|320|721
46|355|321|722
46|356|321|723
46|356|322|724
46|357|322|725
46|357|323|726
46|358|323|727
46|358|324|728
46|359|324|729
46|359|325|730
46|360|325|731
46|360|326|732
46|361|326|733
46|361|327|734
46|362|327|735
46|362|328|736
46|363|328|737
46|363|329|738
46|364|329|739
46|364|330|740
46|365|330|741
46|365|331|742
46|366|331|743
46|366|332|744
46|367|332|745
46|367|333|746
46|368|333|747
46|368|334|748
46|368|335|749
46|369|335|750
46|369|336|751
46|370|336|752
46|370|337|753
46|371|337|754
46|371|338|755
46|372|338|756
46|372|339|757
46|373|339|758
46|373|340|759
46|374|340|760
46|374|341|761
46|375|341|762
46|375|342|763
46|376|342|764
46|376|343|765
46|377|343|766
46|377|344|767
46|378|344|768
46|378|345|769
46|379|345|770
46|379|346|771
46|380|346|772
46|380|347|773
46|381|347|774
46|381|348|775
46|382|348|776
46|382|349|777
46|383|349|778
46|383|350|779
46|384|350|780
46|384|351|781
46|385|351|782
46|385|352|783
46|386|352|784
46|386|353|785
46|387|353|786
46|387|354|787
46|388|354|788
46|388|355|789
46|389|355|790
46|389|356|791
46|390|356|792
46|390|357|793
46|391|357|794
46|391|358|795
46|391|359|796
46|391|360|797
46|392|360|798
46|392|361|799
46|393|361|800
46|393|362|801
46|394|362|802
46|394|363|803
46|395|363|804
46|395|364|805
46|396|364|806
46|396|365|807
46|397|365|808
46|397|366|809
46|397|367|810
46|397|368|811
46|398|368|812
46|398|369|813
46|399|369|814
46|399|370|815
46|399|371|816
46|399|372|817
46|400|372|818
46|400|373|819
46|400|374|820
46|401|374|821
46|402|374|822
46|402|375|823
46|403|375|824
46|403|376|825
46|404|376|826
46|404|377|827
46|405|377|828
46|405|378|829
46|406|378|830
46|407|378|831
47|407|378|832
47|407|379|833
47|408|379|834
47|408|380|835
48|408|380|836
48|408|381|837
48|409|381|838
48|410|381|839
49|410|381|840
49|410|382|841
49|411|382|842
49|411|383|843
49|412|383|844
49|412|384|845
49|413|384|846
49|413|385|847
49|414|385|848
49|415|385|849
50|415|385|850
50|416|385|851
51|416|385|852
51|417|385|853
52|417|385|854
52|417|386|855
53|417|386|856
53|417|387|857
53|418|387|858
53|418|388|859
53|419|388|860
53|419|389|861
53|420|389|862
53|420|390|863
53|421|390|864
53|421|391|865
53|422|391|866
53|423|391|867
53|423|392|868
53|423|393|869
53|424|393|870
53|424|394|871
53|424|395|872
53|424|396|873
53|425|396|874
53|426|396|875
53|426|397|876
53|426|398|877
53|427|398|878
53|427|399|879
53|427|400|880
53|427|401|881
53|428|401|882
53|428|402|883
53|429|402|884
53|430|402|885
53|430|403|886
53|431|403|887
53|431|404|888
53|432|404|889
53|432|405|890
53|433|405|891
53|434|405|892
53|434|406|893
53|435|406|894
53|435|407|895
53|436|407|896
53|436|408|897
53|437|408|898
53|437|409|899
53|438|409|900
53|438|410|901
53|439|410|902
53|440|410|903
53|440|411|904
53|440|412|905
53|441|412|906
53|441|413|907
53|442|413|908
53|442|414|909
53|443|414|910
53|444|414|911
53|444|415|912
53|444|416|913
53|445|416|914
53|445|417|915
53|446|417|916
53|446|418|917
53|447|418|918
53|447|419|919
53|448|419|920
53|449|419|921
53|450|419|922
53|451|419|923
53|452|419|924
53|453|419|925
53|453|420|926
53|453|421|927
53|454|421|928
53|455|421|929
54|455|421|930
54|456|421|931
54|456|422|932
54|457|422|933
54|457|423|934
54|458|423|935
54|458|424|936
54|459|424|937
54|459|425|938
54|460|425|939
54|460|426|940
54|461|426|941
55|461|426|942
55|462|426|943
55|462|427|944
55|463|427|945
56|463|427|946
56|464|427|947
56|465|427|948
56|466|427|949
56|466|428|950
56|467|428|951
57|467|428|952
57|468|428|953
57|468|429|954
57|469|429|955
57|470|429|956
57|471|429|957
57|471|430|958
57|472|430|959
57|472|431|960
57|473|431|961
57|473|432|962
57|474|432|963
58|474|432|964
58|475|432|965
59|475|432|966
59|476|432|967
59|476|433|968
59|477|433|969
59|477|434|970
59|478|434|971
59|478|435|972
59|479|435|973
59|479|436|974
59|480|436|975
59|480|437|976
59|481|437|977
59|481|438|978
59|482|438|979
59|482|439|980
59|483|439|981
59|483|440|982
59|484|440|983
59|484|441|984
59|485|441|985
59|485|442|986
59|486|442|987
59|486|443|988
59|487|443|989
59|487|444|990
59|488|444|991
59|488|445|992
59|489|445|993
59|489|446|994
59|490|446|995
59|491|446|996
59|492|446|997
60|492|446|998
60|493|446|999
60|493|447|1000
60|494|447|1001
60|494|448|1002
60|495|448|1003
61|495|448|1004
61|496|448|1005
61|497|448|1006
61|498|448|1007
61|499|448|1008
61|500|448|1009
61|501|448|1010
61|502|448|1011
61|502|449|1012
61|503|449|1013
61|504|449|1014
61|505|449|1015
61|505|450|1016
61|506|450|1017
61|507|450|1018
61|508|450|1019
61|508|451|1020
61|509|451|1021
61|510|451|1022
61|511|451|1023
61|512|451|1024
61|513|451|1025
62|513|451|1026
62|514|451|1027
62|514|452|1028
62|515|452|1029
62|516|452|1030
62|517|452|1031
62|518|452|1032
62|519|452|1033
63|519|452|1034
63|520|452|1035
63|520|453|1036
63|520|454|1037
63|521|454|1038
63|522|454|1039
63|523|454|1040
63|523|455|1041
63|524|455|1042
63|525|455|1043
63|525|456|1044
63|525|457|1045
63|525|458|1046
63|526|458|1047
63|526|459|1048
63|526|460|1049
63|527|460|1050
63|527|461|1051
63|528|461|1052
63|528|462|1053
63|529|462|1054
63|530|462|1055
63|530|463|1056
63|531|463|1057
63|532|463|1058
63|532|464|1059
63|532|465|1060
63|532|466|1061
63|533|466|1062
63|534|466|1063
63|534|467|1064
63|535|467|1065
63|536|467|1066
63|537|467|1067
63|538|467|1068
63|539|467|1069
63|540|467|1070
63|541|467|1071
63|541|468|1072
63|542|468|1073
63|542|469|1074
63|542|470|1075
63|542|471|1076
63|542|472|1077
63|542|473|1078
63|542|474|1079
63|543|474|1080
63|544|475|1082
63|544|476|1083
63|545|476|1084
63|545|477|1085
63|545|478|1086
63|546|478|1087
63|547|478|1088
63|547|479|1089
63|548|479|1090
63|549|479|1091
63|549|480|1092
63|550|480|1093
63|550|481|1094
63|550|482|1095
63|551|482|1096
63|551|483|1097
63|552|483|1098
63|553|483|1099
63|553|484|1100
63|553|485|1101
63|554|485|1102
63|555|485|1103
63|556|485|1104
63|556|486|1105
63|557|486|1106
63|557|487|1107
63|558|487|1108
63|559|487|1109
63|560|487|1110
64|560|487|1111
64|561|487|1112
64|562|487|1113
64|562|488|1114
64|563|488|1115
64|564|488|1116
65|564|488|1117
65|565|488|1118
66|565|488|1119
66|566|488|1120
67|566|488|1121
67|566|489|1122
67|567|489|1123
67|568|489|1124
68|568|489|1125
68|569|489|1126
68|570|489|1127
68|571|489|1128
69|571|489|1129
69|571|490|1130
69|572|490|1131
69|573|490|1132
70|573|490|1133
70|574|490|1134
70|575|490|1135
70|575|491|1136
71|575|491|1137
71|576|491|1138
72|576|491|1139
72|577|491|1140
73|577|491|1141
73|578|491|1142
73|579|491|1143
73|580|491|1144
73|580|492|1145
73|580|493|1146
74|580|493|1147
74|580|494|1148
74|581|494|1149
74|581|495|1150
74|582|495|1151
74|582|496|1152
74|582|497|1153
74|582|498|1154
75|582|498|1155
75|582|499|1156
75|582|500|1157
75|582|501|1158
75|583|501|1159
75|583|502|1160
75|583|503|1161
75|583|504|1162
75|584|504|1163
75|584|505|1164
75|584|506|1165
75|584|507|1166
75|585|507|1167
75|585|508|1168
75|585|509|1169
75|585|510|1170
75|586|510|1171
75|586|511|1172
75|587|511|1173
75|587|512|1174
75|588|512|1175
75|588|513|1176
75|588|514|1177
75|588|515|1178
75|589|515|1179
75|589|516|1180
75|589|517|1181
75|589|518|1182
76|589|518|1183
76|589|519|1184
76|589|520|1185
76|589|521|1186
76|590|521|1187
76|590|522|1188
76|590|523|1189
76|590|524|1190
76|590|525|1191
76|590|526|1192
76|591|526|1193
76|591|527|1194
76|592|527|1195
76|592|528|1196
76|592|529|1197
76|592|530|1198
76|593|530|1199
76|593|531|1200
76|594|531|1201
76|594|532|1202
76|595|532|1203
76|595|533|1204
76|595|534|1205
76|595|535|1206
76|596|535|1207
76|596|536|1208
77|596|536|1209
77|596|537|1210
77|597|537|1211
77|597|538|1212
77|597|539|1213
77|597|540|1214
77|597|541|1215
77|597|542|1216
77|598|542|1217
77|599|542|1218
77|600|542|1219
77|601|542|1220
77|602|542|1221
77|602|543|1222
77|603|543|1223
77|603|544|1224
77|604|544|1225
77|605|544|1226
77|606|544|1227
77|607|544|1228
77|608|544|1229
77|608|545|1230
77|609|545|1231
77|610|545|1232
77|611|545|1233
77|612|545|1234
77|613|545|1235
77|613|546|1236
77|614|546|1237
77|614|547|1238
77|615|547|1239
77|616|547|1240
77|617|547|1241
77|618|547|1242
77|619|547|1243
77|619|548|1244
78|619|548|1245
78|620|548|1246
79|620|548|1247
79|621|548|1248
79|622|548|1249
79|623|548|1250
80|623|548|1251
80|623|549|1252
80|623|550|1253
80|624|550|1254
80|624|551|1255
80|625|551|1256
80|625|552|1257
80|626|552|1258
80|626|553|1259
80|627|553|1260
80|627|554|1261
80|628|554|1262
80|628|555|1263
80|629|555|1264
80|629|556|1265
80|630|556|1266
80|630|557|1267
80|631|557|1268
80|631|558|1269
80|632|558|1270
80|632|559|1271
80|633|559|1272
80|633|560|1273
80|634|560|1274
80|634|561|1275
80|635|561|1276
80|635|562|1277
80|636|562|1278
80|636|563|1279
80|637|563|1280
80|637|564|1281
80|638|564|1282
80|638|565|1283
80|639|565|1284
80|639|566|1285
80|640|566|1286
80|640|567|1287
80|641|567|1288
80|642|567|1289
80|643|567|1290
80|644|567|1291
80|645|567|1292
80|646|567|1293
80|646|568|1294
80|647|568|1295
80|647|569|1296
80|648|569|1297
80|649|569|1298
81|649|569|1299
81|650|569|1300
81|651|569|1301
81|651|570|1302
81|652|570|1303
81|653|570|1304
82|653|570|1305
82|654|570|1306
82|655|570|1307
82|655|571|1308
83|655|571|1309
83|655|572|1310
84|655|572|1311
84|656|572|1312
85|656|572|1313
85|657|572|1314
85|658|572|1315
85|658|573|1316
85|659|573|1317
85|660|573|1318
85|661|573|1319
85|662|573|1320
86|662|573|1321
86|663|573|1322
86|664|573|1323
86|665|573|1324
86|665|574|1325
86|665|575|1326
86|666|575|1327
86|666|576|1328
86|666|577|1329
86|666|578|1330
86|667|578|1331
86|667|579|1332
86|668|579|1333
86|668|580|1334
86|668|581|1335
86|668|582|1336
86|669|582|1337
86|669|583|1338
86|670|583|1339
86|670|584|1340
86|670|585|1341
86|670|586|1342
86|671|586|1343
86|671|587|1344
86|671|588|1345
86|671|589|1346
86|672|589|1347
86|672|590|1348
86|672|591|1349
86|672|592|1350
86|673|592|1351
86|673|593|1352
86|674|593|1353
86|674|594|1354
86|675|594|1355
86|675|595|1356
86|675|596|1357
86|675|597|1358
86|676|597|1359
86|676|598|1360
86|677|598|1361
86|678|598|1362
86|679|598|1363
86|680|598|1364
86|681|598|1365
86|681|599|1366
86|682|599|1367
86|682|600|1368
86|683|600|1369
86|684|600|1370
86|685|600|1371
86|686|600|1372
86|687|600|1373
86|687|601|1374
86|688|601|1375
86|688|602|1376
86|689|602|1377
86|690|602|1378
86|691|602|1379
86|691|603|1380
86|692|603|1381
86|692|604|1382
86|693|604|1383
86|694|604|1384
86|695|604|1385
86|696|604|1386
86|697|604|1387
86|697|605|1388
86|698|605|1389
86|699|605|1390
86|700|605|1391
86|701|605|1392
86|702|605|1393
86|703|605|1394
86|704|605|1395
86|705|605|1396
86|705|606|1397
86|706|606|1398
86|706|607|1399
86|707|607|1400
86|707|608|1401
86|708|608|1402
86|708|609|1403
86|709|609|1404
86|709|610|1405
86|710|610|1406
86|710|611|1407
86|711|611|1408
86|711|612|1409
86|712|612|1410
86|712|613|1411
86|713|613|1412
86|713|614|1413
86|714|614|1414
86|714|615|1415
86|715|615|1416
86|715|616|1417
86|716|616|1418
86|716|617|1419
86|717|617|1420
86|717|618|1421
86|718|618|1422
86|718|619|1423
86|719|619|1424
86|719|620|1425
86|720|620|1426
86|720|621|1427
86|721|621|1428
86|721|622|1429
86|722|622|1430
86|722|623|1431
86|723|623|1432
86|724|623|1433
86|724|624|1434
86|725|624|1435
86|725|625|1436
86|726|625|1437
86|726|626|1438
86|727|626|1439
86|727|627|1440
86|728|627|1441
86|728|628|1442
86|729|628|1443
86|729|629|1444
86|730|629|1445
86|730|630|1446
86|731|630|1447
86|731|631|1448
86|732|631|1449
86|732|632|1450
86|733|632|1451
86|733|633|1452
86|734|633|1453
86|734|634|1454
86|735|634|1455
86|735|635|1456
86|736|635|1457
86|736|636|1458
86|737|636|1459
86|737|637|1460
86|738|637|1461
86|738|638|1462
86|739|638|1463
86|739|639|1464
86|740|639|1465
86|740|640|1466
86|741|640|1467
86|741|641|1468
86|741|642|1469
86|741|643|1470
86|742|643|1471
86|742|644|1472
86|742|645|1473
86|742|646|1474
86|743|646|1475
86|743|647|1476
86|744|647|1477
86|744|648|1478
86|744|649|1479
86|744|650|1480
86|745|650|1481
86|745|651|1482
86|746|651|1483
86|746|652|1484
86|747|652|1485
86|747|653|1486
86|747|654|1487
86|747|655|1488
86|748|655|1489
86|748|656|1490
86|749|656|1491
86|749|657|1492
86|749|658|1493
86|749|659|1494
86|750|659|1495
86|750|660|1496
86|751|660|1497
86|751|661|1498
86|751|662|1499
86|751|663|1500
86|751|664|1501
86|751|665|1502
86|751|666|1503
86|751|667|1504
86|752|667|1505
86|753|667|1506
87|753|667|1507
87|754|667|1508
87|755|667|1509
87|755|668|1510
87|756|668|1511
87|756|669|1512
87|757|669|1513
87|758|669|1514
88|758|669|1515
88|759|669|1516
89|759|669|1517
89|760|669|1518
89|761|669|1519
89|761|670|1520
89|762|670|1521
89|763|670|1522
90|763|670|1523
90|764|670|1524
90|765|670|1525
90|765|671|1526
90|766|671|1527
90|766|672|1528
90|767|672|1529
90|768|672|1530
90|769|672|1531
90|769|673|1532
91|769|673|1533
91|770|673|1534
92|770|673|1535
92|771|673|1536
92|772|673|1537
92|773|673|1538
93|773|673|1539
93|774|673|1540
93|774|674|1541
93|774|675|1542
93|774|676|1543
93|775|676|1544
93|775|677|1545
93|775|678|1546
93|775|679|1547
93|775|680|1548
93|776|680|1549
93|777|680|1550
93|777|681|1551
93|778|681|1552
93|778|682|1553
93|779|682|1554
93|779|683|1555
93|779|684|1556
93|780|684|1557
93|781|684|1558
93|781|685|1559
93|782|685|1560
93|783|685|1561
93|783|686|1562
93|783|687|1563
93|783|688|1564
93|784|688|1565
93|785|688|1566
93|786|688|1567
93|786|689|1568
93|786|690|1569
93|787|690|1570
93|787|691|1571
93|788|691|1572
93|788|692|1573
93|789|692|1574
93|789|693|1575
93|790|693|1576
93|791|693|1577
93|791|694|1578
93|792|694|1579
93|792|695|1580
93|793|695|1581
93|793|696|1582
93|794|696|1583
93|794|697|1584
93|795|697|1585
93|795|698|1586
93|796|698|1587
93|796|699|1588
93|797|699|1589
93|797|700|1590
93|798|700|1591
93|798|701|1592
93|799|701|1593
93|799|702|1594
93|800|702|1595
93|800|703|1596
93|801|703|1597
93|801|704|1598
93|802|704|1599
93|802|705|1600
93|803|705|1601
93|803|706|1602
93|804|706|1603
93|804|707|1604
93|805|707|1605
93|805|708|1606
93|806|708|1607
93|806|709|1608
93|807|709|1609
93|807|710|1610
93|808|710|1611
93|808|711|1612
93|808|712|1613
93|809|712|1614
93|809|713|1615
93|810|713|1616
94|810|713|1617
94|811|713|1618
94|811|714|1619
94|812|714|1620
94|812|715|1621
94|813|715|1622
94|813|716|1623
94|814|716|1624
95|814|716|1625
95|815|716|1626
95|815|717|1627
95|816|717|1628
95|816|718|1629
95|817|718|1630
95|817|719|1631
95|818|719|1632
96|818|719|1633
96|819|719|1634
96|819|720|1635
96|820|720|1636
96|820|721|1637
96|821|721|1638
96|821|722|1639
96|822|722|1640
96|822|723|1641
96|823|723|1642
97|823|723|1643
97|824|723|1644
97|824|724|1645
97|825|724|1646
97|825|725|1647
97|826|725|1648
97|826|726|1649
97|827|726|1650
97|827|727|1651
97|828|727|1652
97|828|728|1653
97|829|728|1654
97|829|729|1655
97|830|729|1656
97|830|730|1657
97|831|730|1658
98|831|730|1659
98|832|730|1660
98|832|731|1661
98|833|731|1662
98|833|732|1663
98|834|732|1664
98|834|733|1665
98|835|733|1666
98|835|734|1667
98|836|734|1668
98|836|735|1669
98|837|735|1670
98|837|736|1671
98|838|736|1672
98|838|737|1673
98|839|737|1674
98|839|738|1675
98|840|738|1676
99|840|738|1677
99|841|738|1678
100|841|738|1679
100|842|738|1680
100|842|739|1681
100|843|739|1682
100|843|740|1683
100|844|740|1684
100|845|740|1685
100|846|740|1686
101|846|740|1687
101|847|740|1688
101|847|741|1689
101|848|741|1690
101|848|742|1691
101|849|742|1692
101|850|742|1693
101|851|742|1694
101|851|743|1695
101|852|743|1696
101|852|744|1697
101|853|744|1698
101|853|745|1699
101|854|745|1700
101|855|745|1701
101|856|745|1702
101|856|746|1703
101|857|746|1704
101|857|747|1705
101|858|747|1706
101|858|748|1707
101|859|748|1708
102|859|748|1709
102|860|748|1710
102|860|749|1711
102|861|749|1712
102|862|749|1713
102|863|749|1714
102|863|750|1715
102|864|750|1716
103|864|750|1717
103|865|750|1718
103|865|751|1719
103|866|751|1720
103|866|752|1721
103|867|752|1722
103|867|753|1723
103|868|753|1724
103|868|754|1725
103|869|754|1726
103|870|754|1727
103|871|754|1728
103|872|754|1729
103|873|754|1730
103|873|755|1731
103|874|755|1732
104|874|755|1733
104|875|755|1734
104|876|755|1735
104|876|756|1736
104|877|756|1737
104|877|757|1738
104|877|758|1739
104|878|758|1740
104|879|758|1741
104|879|759|1742
104|880|759|1743
104|881|759|1744
104|882|759|1745
104|883|759|1746
104|883|760|1747
104|883|761|1748
104|884|761|1749
104|885|761|1750
104|886|761|1751
104|887|761|1752
104|887|762|1753
104|888|762|1754
104|889|762|1755
104|890|762|1756
104|890|763|1757
104|891|763|1758
104|891|764|1759
104|891|765|1760
104|891|766|1761
104|891|767|1762
104|892|767|1763
104|893|767|1764
104|893|768|1765
104|894|768|1766
104|894|769|1767
104|895|769|1768
104|896|769|1769
104|896|770|1770
105|896|770|1771
105|897|770|1772
105|897|771|1773
105|898|771|1774
105|899|771|1775
105|899|772|1776
105|899|773|1777
105|899|774|1778
105|899|775|1779
105|900|775|1780
105|900|776|1781
105|900|777|1782
105|901|777|1783
105|901|778|1784
105|901|779|1785
105|902|779|1786
105|902|780|1787
105|903|780|1788
105|903|781|1789
105|903|782|1790
105|903|783|1791
105|904|783|1792
105|905|783|1793
105|906|783|1794
105|907|783|1795
105|908|783|1796
106|908|783|1797
106|908|784|1798
106|909|784|1799
106|910|784|1800
107|910|784|1801
107|911|784|1802
108|911|784|1803
108|912|784|1804
109|912|784|1805
109|912|785|1806
110|912|785|1807
110|913|785|1808
111|913|785|1809
111|914|785|1810
111|915|785|1811
111|916|785|1812
112|916|785|1813
112|916|786|1814
113|916|786|1815
113|917|786|1816
113|918|786|1817
113|919|786|1818
113|920|786|1819
113|920|787|1820
114|920|787|1821
114|921|787|1822
115|921|787|1823
115|922|787|1824
116|922|787|1825
116|923|787|1826
117|923|787|1827
117|924|787|1828
117|924|788|1829
117|924|789|1830
118|924|789|1831
118|924|790|1832
118|925|790|1833
118|925|791|1834
118|926|791|1835
118|926|792|1836
118|926|793|1837
118|926|794|1838
118|927|794|1839
118|927|795|1840
118|928|795|1841
118|928|796|1842
119|928|796|1843
119|928|797|1844
119|928|798|1845
119|928|799|1846
119|929|799|1847
119|929|800|1848
119|930|800|1849
119|930|801|1850
119|931|801|1851
119|931|802|1852
119|931|803|1853
119|931|804|1854
119|932|804|1855
119|932|805|1856
119|933|805|1857
119|933|806|1858
119|934|806|1859
119|934|807|1860
119|934|808|1861
119|934|809|1862
119|934|810|1863
119|934|811|1864
119|934|812|1865
119|934|813|1866
120|934|813|1867
120|934|814|1868
120|935|814|1869
120|935|815|1870
121|935|815|1871
121|935|816|1872
121|935|817|1873
121|935|818|1874
121|936|818|1875
121|936|819|1876
121|937|819|1877
121|937|820|1878
121|938|820|1879
121|938|821|1880
121|938|822|1881
121|938|823|1882
121|939|823|1883
121|939|824|1884
121|940|824|1885
121|940|825|1886
122|940|825|1887
122|940|826|1888
122|941|826|1889
122|941|827|1890
122|942|827|1891
122|942|828|1892
122|943|828|1893
122|944|828|1894
123|944|828|1895
123|944|829|1896
123|944|830|1897
123|944|831|1898
123|945|831|1899
123|945|832|1900
124|945|832|1901
124|945|833|1902
125|945|833|1903
125|946|833|1904
125|947|833|1905
125|947|834|1906
125|948|834|1907
125|948|835|1908
125|949|835|1909
125|949|836|1910
125|950|836|1911
125|951|836|1912
125|952|836|1913
125|952|837|1914
126|952|837|1915
126|953|837|1916
127|953|837|1917
127|954|837|1918
127|955|837|1919
127|955|838|1920
127|956|838|1921
127|956|839|1922
128|956|839|1923
128|957|839|1924
129|957|839|1925
129|957|840|1926
129|958|840|1927
129|958|841|1928
129|959|841|1929
129|960|841|1930
130|960|841|1931
130|961|841|1932
131|961|841|1933
131|962|841|1934
132|962|841|1935
132|963|841|1936
132|963|842|1937
132|964|842|1938
132|964|843|1939
132|965|843|1940
132|965|844|1941
132|966|844|1942
132|966|845|1943
132|967|845|1944
132|967|846|1945
132|968|846|1946
132|968|847|1947
132|969|847|1948
132|969|848|1949
132|970|848|1950
132|970|849|1951
132|971|849|1952
132|971|850|1953
132|972|850|1954
132|972|851|1955
132|973|851|1956
132|973|852|1957
132|974|852|1958
132|974|853|1959
132|975|853|1960
132|975|854|1961
132|976|854|1962
132|976|855|1963
132|977|855|1964
132|977|856|1965
132|978|856|1966
132|978|857|1967
132|979|857|1968
132|979|858|1969
132|980|858|1970
132|980|859|1971
132|981|859|1972
132|982|859|1973
132|983|859|1974
133|983|859|1975
133|983|860|1976
134|983|860|1977
134|983|861|1978
134|984|861|1979
134|984|862|1980
134|985|862|1981
134|986|862|1982
135|986|862|1983
135|987|862|1984
136|987|862|1985
136|987|863|1986
136|988|863|1987
136|988|864|1988
137|988|864|1989
137|989|864|1990
137|990|864|1991
137|990|865|1992
138|990|865|1993
138|990|866|1994
139|990|866|1995
139|991|866|1996
140|991|866|1997
140|992|866|1998
140|993|866|1999
140|993|867|2000
