total
0|0|1|1
0|1|1|2
0|1|2|3
0|2|2|4
0|2|3|5
0|3|3|6
0|3|4|7
0|4|4|8
0|4|5|9
0|5|5|10
0|5|6|11
0|6|6|12
0|6|7|13
0|7|7|14
0|7|8|15
0|8|8|16
0|8|9|17
0|9|9|18
0|9|10|19
0|10|10|20
0|10|11|21
0|11|11|22
0|11|12|23
0|12|12|24
0|12|13|25
0|13|13|26
0|13|14|27
0|14|14|28
0|14|15|29
0|14|16|30
0|14|17|31
0|14|18|32
0|14|19|33
0|14|20|34
0|14|21|35
1|14|21|36
1|15|21|37
1|15|22|38
1|16|22|39
1|16|23|40
1|16|24|41
1|16|25|42
1|16|26|43
1|16|27|44
1|16|28|45
1|16|29|46
1|16|30|47
1|16|31|48
1|16|32|49
1|16|33|50
1|17|33|51
1|17|34|52
1|17|35|53
1|17|36|54
1|17|37|55
1|17|38|56
1|17|39|57
1|17|40|58
1|17|41|59
1|17|42|60
1|17|43|61
1|17|44|62
1|18|44|63
1|18|45|64
1|18|46|65
1|19|46|66
1|19|47|67
1|20|47|68
1|20|48|69
1|21|48|70
1|21|49|71
1|22|49|72
1|22|50|73
1|23|50|74
1|23|51|75
1|24|51|76
1|24|52|77
1|25|52|78
1|25|53|79
1|26|53|80
1|26|54|81
1|27|54|82
1|27|55|83
1|28|55|84
1|28|56|85
1|29|56|86
1|29|57|87
1|30|57|88
1|30|58|89
1|31|58|90
1|31|59|91
1|32|59|92
1|32|60|93
1|33|60|94
1|33|61|95
1|34|61|96
1|34|62|97
1|35|62|98
1|35|63|99
1|36|63|100
1|36|64|101
1|37|64|102
1|37|65|103
1|38|65|104
1|38|66|105
1|39|66|106
1|39|67|107
1|40|67|108
1|40|68|109
1|41|68|110
1|41|69|111
1|42|69|112
1|42|70|113
1|43|70|114
1|43|71|115
1|44|71|116
1|44|72|117
1|45|72|118
1|45|73|119
1|46|73|120
1|46|74|121
1|47|74|122
1|47|75|123
1|48|75|124
1|48|76|125
1|49|76|126
1|49|77|127
1|50|77|128
1|50|78|129
1|51|78|130
1|51|79|131
1|52|79|132
1|52|80|133
1|53|80|134
1|53|81|135
1|54|81|136
1|54|82|137
1|55|82|138
1|56|82|139
1|57|82|140
1|57|83|141
1|58|83|142
1|58|84|143
1|59|84|144
1|59|85|145
1|60|85|146
1|60|86|147
1|61|86|148
1|61|87|149
1|62|87|150
1|62|88|151
1|63|88|152
1|63|89|153
1|64|89|154
1|64|90|155
1|65|90|156
1|65|91|157
1|66|91|158
1|66|92|159
1|67|92|160
1|67|93|161
1|68|93|162
1|68|94|163
1|69|94|164
1|69|95|165
1|70|95|166
1|70|96|167
1|71|96|168
1|71|97|169
1|72|97|170
1|72|98|171
1|73|98|172
1|73|99|173
1|74|99|174
1|74|100|175
1|75|100|176
1|75|101|177
1|76|101|178
1|76|102|179
1|77|102|180
1|77|103|181
1|78|103|182
1|78|104|183
1|79|104|184
1|79|105|185
1|80|105|186
1|80|106|187
1|81|106|188
1|81|107|189
1|82|107|190
1|82|108|191
1|83|108|192
1|83|109|193
1|84|109|194
1|84|110|195
1|85|110|196
1|85|111|197
1|86|111|198
1|86|112|199
1|87|112|200
1|87|113|201
1|88|113|202
1|88|114|203
1|89|114|204
1|89|115|205
1|90|115|206
1|90|116|207
1|91|116|208
1|91|117|209
1|92|117|210
1|92|118|211
1|93|118|212
1|93|119|213
1|94|119|214
1|94|120|215
1|95|120|216
1|95|121|217
1|96|121|218
1|96|122|219
1|97|122|220
1|97|123|221
1|98|123|222
1|98|124|223
1|99|124|224
1|99|125|225
1|100|125|226
1|100|126|227
1|101|126|228
1|101|127|229
1|102|127|230
1|102|128|231
1|103|128|232
1|103|129|233
1|104|129|234
1|104|130|235
1|105|130|236
1|105|131|237
1|106|131|238
1|106|132|239
1|107|132|240
1|107|133|241
1|108|133|242
1|108|134|243
1|109|134|244
1|109|135|245
1|110|135|246
1|110|136|247
1|111|136|248
1|111|137|249
1|112|137|250
1|112|138|251
1|113|138|252
1|113|139|253
1|114|139|254
1|114|140|255
1|115|140|256
1|116|140|257
1|117|140|258
1|117|141|259
1|118|141|260
1|118|142|261
1|119|142|262
1|119|143|263
1|120|143|264
1|120|144|265
1|121|144|266
1|121|145|267
1|122|145|268
1|123|145|269
1|124|145|270
1|124|146|271
1|125|146|272
1|125|147|273
1|126|147|274
1|126|148|275
1|127|148|276
1|127|149|277
1|128|149|278
1|128|150|279
1|129|150|280
1|130|150|281
1|131|150|282
1|131|151|283
1|132|151|284
1|133|151|285
1|134|151|286
1|134|152|287
1|135|152|288
1|135|153|289
1|136|153|290
1|137|153|291
1|138|153|292
1|138|154|293
1|139|154|294
1|140|154|295
1|141|154|296
1|142|154|297
1|143|154|298
1|143|155|299
1|144|155|300
1|145|155|301
1|146|155|302
1|146|156|303
1|147|156|304
1|148|156|305
1|149|156|306
1|149|157|307
1|150|157|308
1|150|158|309
1|151|158|310
1|152|158|311
1|153|158|312
1|153|159|313
1|154|159|314
1|155|159|315
1|156|159|316
1|156|160|317
1|157|160|318
1|157|161|319
1|158|161|320
1|158|162|321
1|159|162|322
1|159|163|323
1|160|163|324
1|160|164|325
1|161|164|326
1|161|165|327
1|162|165|328
1|162|166|329
1|163|166|330
1|163|167|331
1|164|167|332
1|164|168|333
1|165|168|334
1|165|169|335
1|166|169|336
1|166|170|337
1|167|170|338
1|167|171|339
1|168|171|340
1|168|172|341
1|169|172|342
1|169|173|343
1|170|173|344
1|170|174|345
1|171|174|346
1|171|175|347
1|172|175|348
1|172|176|349
1|173|176|350
1|173|177|351
1|174|177|352
1|174|178|353
1|175|178|354
1|175|179|355
1|176|179|356
1|176|180|357
1|177|180|358
1|177|181|359
1|178|181|360
1|178|182|361
1|179|182|362
1|179|183|363
1|180|183|364
1|180|184|365
1|181|184|366
1|181|185|367
1|182|185|368
1|182|186|369
1|183|186|370
1|183|187|371
1|184|187|372
1|184|188|373
1|185|188|374
1|185|189|375
1|186|189|376
1|186|190|377
1|187|190|378
1|187|191|379
1|188|191|380
1|188|192|381
1|189|192|382
1|189|193|383
1|190|193|384
1|190|194|385
1|191|194|386
1|191|195|387
1|192|195|388
1|192|196|389
1|193|196|390
1|193|197|391
1|194|197|392
1|194|198|393
1|195|198|394
1|195|199|395
1|196|199|396
1|196|200|397
1|197|200|398
1|197|201|399
1|198|201|400
1|198|202|401
1|199|202|402
1|199|203|403
1|200|203|404
1|200|204|405
1|200|205|406
1|200|206|407
1|201|206|408
1|201|207|409
1|202|207|410
1|202|208|411
1|203|208|412
1|203|209|413
1|204|209|414
1|204|210|415
1|205|210|416
1|205|211|417
1|206|211|418
1|207|211|419
1|208|211|420
1|208|212|421
1|209|212|422
1|209|213|423
1|210|213|424
1|210|214|425
1|211|214|426
1|211|215|427
1|212|215|428
1|212|216|429
1|213|216|430
1|213|217|431
1|214|217|432
1|214|218|433
1|215|218|434
1|215|219|435
1|216|219|436
1|216|220|437
1|217|220|438
1|217|221|439
1|218|221|440
1|218|222|441
1|219|222|442
1|219|223|443
1|220|223|444
1|220|224|445
1|221|224|446
1|221|225|447
1|222|225|448
1|222|226|449
1|223|226|450
1|223|227|451
1|224|227|452
1|224|228|453
1|225|228|454
1|226|228|455
1|227|228|456
1|227|229|457
1|228|229|458
1|228|230|459
1|229|230|460
1|229|231|461
1|230|231|462
1|230|232|463
1|231|232|464
1|231|233|465
1|232|233|466
1|232|234|467
1|233|234|468
1|233|235|469
1|234|235|470
1|234|236|471
1|235|236|472
1|235|237|473
1|236|237|474
1|236|238|475
1|237|238|476
1|237|239|477
1|238|239|478
1|238|240|479
1|239|240|480
1|239|241|481
1|240|241|482
1|240|242|483
1|241|242|484
1|241|243|485
1|242|243|486
1|242|244|487
1|243|244|488
1|243|245|489
1|244|245|490
1|244|246|491
1|245|246|492
1|245|247|493
1|246|247|494
1|246|248|495
1|247|248|496
1|247|249|497
1|248|249|498
1|248|250|499
1|249|250|500
1|249|251|501
1|250|251|502
1|250|252|503
1|251|252|504
1|251|253|505
1|252|253|506
1|252|254|507
1|253|254|508
1|253|255|509
1|254|255|510
1|254|256|511
1|255|256|512
1|255|257|513
1|256|257|514
1|256|258|515
1|257|258|516
1|257|259|517
1|258|259|518
1|258|260|519
1|259|260|520
1|259|261|521
1|260|261|522
1|260|262|523
1|261|262|524
1|261|263|525
1|262|263|526
1|262|264|527
1|263|264|528
1|263|265|529
1|264|265|530
1|264|266|531
1|265|266|532
1|265|267|533
1|266|267|534
1|266|268|535
1|267|268|536
1|267|269|537
1|268|269|538
1|268|270|539
1|269|270|540
1|269|271|541
1|270|271|542
1|270|272|543
1|271|272|544
1|271|273|545
1|272|273|546
1|272|274|547
1|273|274|548
1|273|275|549
1|274|275|550
1|274|276|551
1|275|276|552
1|275|277|553
1|276|277|554
1|276|278|555
1|277|278|556
1|277|279|557
1|278|279|558
1|278|280|559
1|279|280|560
1|280|280|561
1|281|280|562
1|281|281|563
1|282|281|564
1|282|282|565
1|283|282|566
1|283|283|567
1|284|283|568
1|284|284|569
1|285|284|570
1|286|284|571
1|287|284|572
1|287|285|573
1|288|285|574
1|288|286|575
1|289|286|576
1|290|286|577
1|291|286|578
1|291|287|579
1|292|287|580
1|292|288|581
1|293|288|582
1|293|289|583
1|294|289|584
1|294|290|585
1|294|291|586
1|295|291|587
1|296|291|588
1|297|291|589
1|298|291|590
1|299|291|591
1|300|291|592
1|301|291|593
1|302|291|594
1|302|292|595
1|303|292|596
1|303|293|597
1|304|293|598
1|305|293|599
1|306|293|600
1|306|294|601
1|307|294|602
1|308|294|603
1|309|294|604
1|309|295|605
1|310|295|606
1|310|296|607
1|311|296|608
1|311|297|609
1|312|297|610
1|312|298|611
1|313|298|612
1|313|299|613
1|314|299|614
1|314|300|615
1|315|300|616
1|315|301|617
1|316|301|618
1|316|302|619
1|317|302|620
1|317|303|621
1|318|303|622
1|318|304|623
1|319|304|624
1|319|305|625
1|320|305|626
1|320|306|627
1|321|306|628
1|321|307|629
1|322|307|630
1|322|308|631
1|323|308|632
1|323|309|633
1|324|309|634
1|324|310|635
1|325|310|636
1|325|311|637
1|326|311|638
1|326|312|639
1|327|312|640
1|327|313|641
1|328|313|642
1|328|314|643
1|329|314|644
1|329|315|645
1|330|315|646
1|330|316|647
1|331|316|648
1|331|317|649
1|332|317|650
1|332|318|651
1|333|318|652
1|333|319|653
1|334|319|654
1|334|320|655
1|335|320|656
1|335|321|657
1|336|321|658
1|336|322|659
1|337|322|660
1|337|323|661
1|338|323|662
1|338|324|663
1|339|324|664
1|339|325|665
1|340|325|666
1|340|326|667
1|341|326|668
1|341|327|669
1|342|327|670
1|342|328|671
1|343|328|672
1|343|329|673
1|344|329|674
1|344|330|675
1|345|330|676
1|345|331|677
1|346|331|678
1|346|332|679
1|347|332|680
1|347|333|681
1|348|333|682
1|348|334|683
1|349|334|684
1|349|335|685
1|350|335|686
1|350|336|687
1|351|336|688
1|351|337|689
1|352|337|690
1|352|338|691
1|353|338|692
1|353|339|693
1|354|339|694
1|354|340|695
1|355|340|696
1|355|341|697
1|356|341|698
1|356|342|699
1|357|342|700
1|357|343|701
1|358|343|702
1|358|344|703
1|359|344|704
1|359|345|705
1|360|345|706
1|360|346|707
1|361|346|708
1|361|347|709
1|362|347|710
1|362|348|711
1|363|348|712
1|363|349|713
1|363|350|714
1|363|351|715
1|363|352|716
1|363|353|717
2|363|353|718
2|363|354|719
3|363|354|720
3|363|355|721
3|363|356|722
3|363|357|723
3|363|358|724
3|363|359|725
4|363|359|726
4|363|360|727
5|363|360|728
5|363|361|729
5|363|362|730
5|363|363|731
6|363|363|732
6|363|364|733
6|363|365|734
6|363|366|735
6|363|367|736
6|363|368|737
6|363|369|738
6|363|370|739
6|363|371|740
6|363|372|741
6|363|373|742
6|363|374|743
7|363|374|744
7|363|375|745
8|363|375|746
8|363|376|747
8|363|377|748
8|363|378|749
8|364|378|750
8|364|379|751
8|365|379|752
8|365|380|753
8|366|380|754
8|366|381|755
8|367|381|756
8|367|382|757
8|368|382|758
8|368|383|759
8|369|383|760
8|369|384|761
8|370|384|762
8|370|385|763
8|371|385|764
8|371|386|765
8|372|386|766
8|372|387|767
8|373|387|768
8|373|388|769
8|374|388|770
8|374|389|771
8|375|389|772
8|375|390|773
8|376|390|774
8|376|391|775
8|377|391|776
8|377|392|777
8|378|392|778
8|378|393|779
8|379|393|780
8|379|394|781
8|380|394|782
8|380|395|783
8|381|395|784
8|381|396|785
8|382|396|786
8|382|397|787
8|383|397|788
8|383|398|789
8|384|398|790
8|384|399|791
8|385|399|792
8|385|400|793
8|386|400|794
8|386|401|795
8|387|401|796
8|387|402|797
8|388|402|798
8|388|403|799
8|389|403|800
8|389|404|801
8|390|404|802
8|390|405|803
8|391|405|804
8|391|406|805
8|392|406|806
8|392|407|807
8|393|407|808
8|393|408|809
8|394|408|810
8|394|409|811
8|395|409|812
8|395|410|813
8|396|410|814
8|396|411|815
8|397|411|816
8|397|412|817
8|398|412|818
8|398|413|819
8|399|413|820
8|399|414|821
8|400|414|822
8|400|415|823
8|401|415|824
8|401|416|825
8|402|416|826
8|402|417|827
8|403|417|828
8|403|418|829
8|404|418|830
8|404|419|831
8|405|419|832
8|405|420|833
8|406|420|834
8|406|421|835
8|407|421|836
8|407|422|837
8|408|422|838
8|408|423|839
8|409|423|840
8|409|424|841
8|410|424|842
8|410|425|843
8|411|425|844
8|411|426|845
8|412|426|846
8|412|427|847
8|413|427|848
8|413|428|849
8|414|428|850
8|415|428|851
8|416|428|852
8|416|429|853
8|417|429|854
8|417|430|855
8|418|430|856
8|418|431|857
8|418|432|858
8|418|433|859
8|419|433|860
8|419|434|861
8|419|435|862
8|419|436|863
8|420|436|864
8|420|437|865
8|421|437|866
8|421|438|867
8|421|439|868
8|421|440|869
8|422|440|870
8|422|441|871
8|422|442|872
8|422|443|873
8|423|443|874
8|423|444|875
9|423|444|876
9|423|445|877
9|424|445|878
9|424|446|879
9|424|447|880
9|424|448|881
9|425|448|882
9|425|449|883
9|426|449|884
9|426|450|885
9|427|450|886
9|427|451|887
9|427|452|888
9|427|453|889
9|428|453|890
9|428|454|891
9|429|454|892
9|429|455|893
9|430|455|894
9|430|456|895
9|431|456|896
9|431|457|897
9|432|457|898
9|432|458|899
9|433|458|900
9|433|459|901
9|434|459|902
9|434|460|903
9|435|460|904
9|435|461|905
9|436|461|906
9|436|462|907
9|437|462|908
9|437|463|909
9|438|463|910
9|438|464|911
9|439|464|912
9|439|465|913
9|440|465|914
9|440|466|915
9|441|466|916
9|441|467|917
9|442|467|918
9|442|468|919
9|443|468|920
9|443|469|921
9|444|469|922
9|444|470|923
9|445|470|924
9|445|471|925
9|446|471|926
9|446|472|927
9|447|472|928
9|447|473|929
9|448|473|930
9|448|474|931
9|449|474|932
9|450|474|933
9|450|475|934
9|450|476|935
9|451|476|936
9|451|477|937
9|452|477|938
9|452|478|939
9|453|478|940
9|453|479|941
9|454|479|942
9|454|480|943
9|455|480|944
9|455|481|945
9|456|481|946
9|456|482|947
9|457|482|948
9|457|483|949
9|458|483|950
9|458|484|951
9|459|484|952
9|459|485|953
9|460|485|954
9|460|486|955
9|461|486|956
9|461|487|957
9|462|487|958
9|462|488|959
9|463|488|960
9|463|489|961
9|464|489|962
9|464|490|963
9|465|490|964
9|466|490|965
9|467|490|966
9|467|491|967
9|468|491|968
9|468|492|969
9|469|492|970
9|469|493|971
9|470|493|972
9|470|494|973
9|471|494|974
9|471|495|975
9|472|495|976
9|472|496|977
9|473|496|978
9|473|497|979
9|474|497|980
9|474|498|981
9|475|498|982
9|476|498|983
9|477|498|984
9|477|499|985
9|478|499|986
9|478|500|987
9|479|500|988
9|479|501|989
9|480|501|990
9|480|502|991
9|481|502|992
9|482|502|993
9|483|502|994
9|483|503|995
9|484|503|996
9|484|504|997
9|485|504|998
9|486|504|999
9|487|504|1000
9|487|505|1001
9|488|505|1002
9|488|506|1003
9|489|506|1004
9|489|507|1005
9|490|507|1006
9|490|508|1007
9|491|508|1008
9|491|509|1009
9|492|509|1010
9|492|510|1011
9|493|510|1012
9|493|511|1013
9|494|511|1014
9|494|512|1015
9|495|512|1016
9|495|513|1017
9|496|513|1018
9|496|514|1019
9|497|514|1020
9|497|515|1021
9|498|515|1022
9|498|516|1023
9|499|516|1024
9|499|517|1025
9|500|517|1026
9|500|518|1027
9|501|518|1028
9|501|519|1029
9|502|519|1030
9|502|520|1031
9|503|520|1032
9|503|521|1033
9|504|521|1034
9|504|522|1035
9|505|522|1036
9|505|523|1037
9|506|523|1038
9|506|524|1039
9|507|524|1040
9|507|525|1041
9|508|525|1042
9|508|526|1043
9|509|526|1044
9|509|527|1045
9|510|527|1046
9|510|528|1047
9|511|528|1048
9|511|529|1049
9|512|529|1050
9|512|530|1051
9|513|530|1052
9|513|531|1053
9|514|531|1054
9|514|532|1055
9|515|532|1056
9|515|533|1057
9|516|533|1058
9|516|534|1059
9|517|534|1060
9|517|535|1061
9|518|535|1062
9|518|536|1063
9|519|536|1064
9|519|537|1065
9|520|537|1066
9|520|538|1067
9|521|538|1068
9|521|539|1069
9|522|539|1070
9|522|540|1071
9|523|540|1072
9|523|541|1073
9|524|541|1074
9|524|542|1075
9|525|542|1076
9|525|543|1077
9|526|543|1078
9|526|544|1079
9|527|544|1080
9|528|544|1081
9|529|544|1082
9|529|545|1083
9|530|545|1084
9|530|546|1085
9|531|546|1086
9|531|547|1087
9|532|547|1088
9|533|547|1089
9|533|548|1090
9|533|549|1091
9|534|549|1092
9|534|550|1093
9|535|550|1094
9|536|550|1095
9|537|550|1096
9|537|551|1097
9|537|552|1098
9|537|553|1099
9|538|553|1100
9|538|554|1101
9|539|554|1102
9|539|555|1103
9|540|555|1104
9|541|555|1105
9|542|555|1106
9|542|556|1107
9|543|556|1108
9|543|557|1109
9|544|557|1110
9|544|558|1111
9|545|558|1112
9|545|559|1113
9|546|559|1114
9|546|560|1115
9|547|560|1116
9|547|561|1117
9|548|561|1118
9|548|562|1119
9|549|562|1120
9|549|563|1121
9|550|563|1122
9|550|564|1123
9|551|564|1124
9|551|565|1125
9|552|565|1126
9|552|566|1127
9|553|566|1128
9|553|567|1129
9|554|567|1130
9|554|568|1131
9|555|568|1132
9|555|569|1133
9|556|569|1134
9|556|570|1135
9|557|570|1136
9|557|571|1137
9|558|571|1138
9|558|572|1139
9|559|572|1140
9|559|573|1141
9|560|573|1142
9|560|574|1143
9|561|574|1144
9|561|575|1145
9|562|575|1146
9|562|576|1147
9|563|576|1148
9|563|577|1149
9|564|577|1150
9|564|578|1151
9|565|578|1152
9|565|579|1153
9|566|579|1154
9|566|580|1155
9|567|580|1156
9|567|581|1157
9|568|581|1158
9|568|582|1159
9|569|582|1160
9|569|583|1161
9|570|583|1162
9|570|584|1163
9|571|584|1164
9|571|585|1165
9|572|585|1166
9|572|586|1167
9|573|586|1168
9|573|587|1169
9|574|587|1170
9|574|588|1171
9|575|588|1172
9|575|589|1173
9|576|589|1174
9|576|590|1175
9|577|590|1176
9|577|591|1177
9|578|591|1178
9|578|592|1179
9|579|592|1180
9|580|593|1182
9|581|593|1183
9|581|594|1184
9|582|594|1185
9|582|595|1186
9|583|595|1187
9|583|596|1188
9|584|596|1189
9|584|597|1190
9|585|597|1191
9|585|598|1192
9|586|598|1193
9|586|599|1194
9|587|599|1195
9|587|600|1196
9|588|600|1197
9|588|601|1198
9|589|601|1199
9|589|602|1200
9|590|602|1201
9|590|603|1202
9|591|603|1203
9|591|604|1204
9|592|604|1205
9|592|605|1206
9|593|605|1207
9|593|606|1208
9|594|606|1209
9|594|607|1210
9|595|607|1211
9|595|608|1212
9|596|608|1213
9|596|609|1214
9|597|609|1215
9|597|610|1216
9|598|610|1217
9|598|611|1218
9|599|611|1219
9|599|612|1220
9|600|612|1221
9|600|613|1222
9|601|613|1223
9|601|614|1224
9|602|614|1225
9|602|615|1226
9|603|615|1227
9|603|616|1228
9|604|616|1229
9|604|617|1230
9|605|617|1231
9|605|618|1232
9|606|618|1233
9|606|619|1234
9|607|619|1235
9|607|620|1236
9|608|620|1237
9|608|621|1238
9|609|621|1239
9|609|622|1240
9|610|622|1241
9|610|623|1242
9|611|623|1243
9|611|624|1244
9|612|624|1245
9|612|625|1246
9|613|625|1247
9|613|626|1248
9|614|626|1249
9|614|627|1250
9|615|627|1251
9|615|628|1252
9|616|628|1253
9|617|628|1254
9|618|628|1255
9|619|628|1256
9|620|628|1257
9|620|629|1258
9|621|629|1259
9|622|629|1260
9|623|629|1261
9|623|630|1262
9|624|630|1263
9|625|630|1264
9|626|630|1265
9|627|630|1266
9|628|630|1267
9|629|630|1268
9|630|630|1269
9|630|631|1270
9|631|631|1271
9|631|632|1272
9|632|632|1273
9|632|633|1274
9|633|633|1275
9|634|633|1276
9|635|633|1277
9|635|634|1278
9|636|634|1279
9|636|635|1280
9|637|635|1281
9|637|636|1282
9|638|636|1283
9|639|636|1284
9|640|636|1285
9|640|637|1286
9|641|637|1287
9|641|638|1288
9|642|638|1289
9|642|639|1290
9|643|639|1291
9|643|640|1292
9|644|640|1293
9|644|641|1294
9|645|641|1295
9|645|642|1296
9|646|642|1297
9|646|643|1298
9|647|643|1299
9|647|644|1300
9|648|644|1301
9|648|645|1302
9|649|645|1303
9|649|646|1304
9|650|646|1305
9|650|647|1306
9|651|647|1307
9|651|648|1308
9|652|648|1309
9|652|649|1310
9|653|649|1311
9|653|650|1312
9|654|650|1313
9|654|651|1314
9|655|651|1315
9|655|652|1316
9|656|652|1317
9|656|653|1318
9|657|653|1319
9|657|654|1320
9|658|654|1321
9|658|655|1322
9|659|655|1323
9|659|656|1324
9|660|656|1325
9|660|657|1326
9|661|657|1327
9|661|658|1328
9|662|658|1329
9|662|659|1330
9|663|659|1331
9|663|660|1332
9|664|660|1333
9|664|661|1334
9|665|661|1335
9|665|662|1336
9|666|662|1337
9|666|663|1338
9|667|663|1339
9|667|664|1340
9|668|664|1341
9|668|665|1342
9|669|665|1343
9|669|666|1344
9|670|666|1345
9|670|667|1346
9|671|667|1347
9|671|668|1348
9|672|668|1349
9|672|669|1350
9|673|669|1351
9|673|670|1352
9|674|670|1353
9|674|671|1354
9|675|671|1355
9|675|672|1356
9|676|672|1357
9|676|673|1358
9|677|673|1359
9|677|674|1360
9|678|674|1361
9|678|675|1362
9|679|675|1363
9|679|676|1364
9|680|676|1365
9|680|677|1366
9|681|677|1367
9|681|678|1368
9|682|678|1369
9|682|679|1370
9|683|679|1371
9|683|680|1372
9|684|680|1373
9|684|681|1374
9|685|681|1375
9|685|682|1376
9|686|682|1377
9|686|683|1378
9|687|683|1379
9|687|684|1380
9|688|684|1381
9|688|685|1382
9|689|685|1383
9|689|686|1384
9|690|686|1385
9|690|687|1386
9|691|687|1387
9|691|688|1388
9|692|688|1389
9|693|688|1390
9|694|688|1391
9|694|689|1392
9|695|689|1393
9|695|690|1394
9|696|690|1395
9|696|691|1396
9|696|692|1397
9|696|693|1398
9|696|694|1399
9|697|694|1400
10|697|694|1401
10|697|695|1402
10|697|696|1403
10|697|697|1404
11|697|697|1405
11|697|698|1406
11|697|699|1407
11|697|700|1408
11|697|701|1409
11|697|702|1410
12|697|702|1411
12|697|703|1412
12|697|704|1413
12|698|704|1414
12|698|705|1415
12|699|705|1416
12|700|705|1417
12|700|706|1418
12|700|707|1419
12|701|707|1420
12|702|707|1421
12|702|708|1422
13|702|708|1423
13|702|709|1424
14|702|709|1425
14|702|710|1426
14|702|711|1427
14|702|712|1428
14|702|713|1429
14|702|714|1430
14|702|715|1431
14|702|716|1432
14|703|716|1433
14|703|717|1434
14|704|717|1435
14|704|718|1436
14|705|718|1437
14|705|719|1438
14|706|719|1439
14|706|720|1440
14|707|720|1441
14|707|721|1442
14|708|721|1443
14|708|722|1444
14|709|722|1445
14|709|723|1446
14|710|723|1447
14|710|724|1448
14|711|724|1449
14|711|725|1450
14|712|725|1451
14|712|726|1452
14|713|726|1453
14|713|727|1454
14|714|727|1455
14|714|728|1456
14|715|728|1457
14|715|729|1458
14|716|729|1459
14|716|730|1460
14|717|730|1461
14|717|731|1462
14|718|731|1463
14|718|732|1464
14|719|732|1465
14|719|733|1466
14|720|733|1467
14|720|734|1468
14|721|734|1469
14|721|735|1470
14|722|735|1471
14|722|736|1472
14|723|736|1473
14|723|737|1474
14|724|737|1475
14|724|738|1476
14|725|738|1477
14|725|739|1478
14|726|739|1479
14|726|740|1480
14|727|740|1481
14|727|741|1482
14|728|741|1483
14|728|742|1484
14|729|742|1485
14|729|743|1486
14|730|743|1487
14|730|744|1488
14|731|744|1489
14|731|745|1490
14|732|745|1491
14|732|746|1492
14|733|746|1493
14|733|747|1494
14|734|747|1495
14|734|748|1496
14|735|748|1497
14|735|749|1498
14|736|749|1499
14|736|750|1500
14|737|750|1501
14|737|751|1502
14|738|751|1503
14|738|752|1504
14|739|752|1505
14|739|753|1506
14|740|753|1507
14|740|754|1508
14|741|754|1509
14|741|755|1510
14|742|755|1511
14|742|756|1512
14|743|756|1513
14|743|757|1514
14|744|757|1515
14|744|758|1516
14|745|758|1517
14|745|759|1518
14|746|759|1519
14|746|760|1520
14|747|760|1521
14|747|761|1522
14|748|761|1523
14|749|761|1524
14|750|761|1525
14|750|762|1526
14|751|762|1527
14|751|763|1528
14|752|763|1529
14|752|764|1530
14|753|764|1531
14|753|765|1532
14|754|765|1533
14|754|766|1534
14|755|766|1535
14|755|767|1536
14|756|767|1537
14|757|767|1538
14|758|767|1539
14|758|768|1540
14|759|768|1541
14|759|769|1542
14|760|769|1543
14|760|770|1544
14|761|770|1545
14|761|771|1546
14|762|771|1547
14|762|772|1548
14|763|772|1549
14|763|773|1550
14|763|774|1551
14|764|774|1552
15|764|774|1553
15|764|775|1554
15|764|776|1555
15|764|777|1556
15|764|778|1557
15|764|779|1558
15|764|780|1559
15|764|781|1560
15|765|781|1561
15|765|782|1562
15|765|783|1563
15|765|784|1564
15|765|785|1565
15|765|786|1566
15|766|786|1567
15|766|787|1568
15|766|788|1569
15|766|789|1570
15|767|789|1571
15|768|789|1572
15|769|789|1573
15|769|790|1574
15|770|790|1575
15|770|791|1576
15|771|791|1577
15|771|792|1578
15|772|792|1579
15|772|793|1580
15|773|793|1581
15|773|794|1582
15|774|794|1583
15|774|795|1584
15|775|795|1585
15|775|796|1586
15|776|796|1587
15|776|797|1588
15|777|797|1589
15|777|798|1590
15|778|798|1591
15|778|799|1592
15|779|799|1593
15|779|800|1594
15|780|800|1595
15|780|801|1596
15|781|801|1597
15|781|802|1598
15|782|802|1599
15|782|803|1600
15|783|803|1601
15|783|804|1602
15|784|804|1603
15|784|805|1604
15|785|805|1605
15|785|806|1606
15|786|806|1607
15|786|807|1608
15|787|807|1609
15|787|808|1610
15|788|808|1611
15|788|809|1612
15|789|809|1613
15|789|810|1614
15|790|810|1615
15|790|811|1616
15|790|812|1617
15|790|813|1618
15|791|813|1619
15|791|814|1620
15|792|814|1621
15|792|815|1622
15|793|815|1623
15|793|816|1624
15|794|816|1625
15|794|817|1626
15|795|817|1627
15|795|818|1628
15|796|818|1629
15|796|819|1630
15|797|819|1631
15|797|820|1632
15|798|820|1633
15|798|821|1634
15|799|821|1635
15|799|822|1636
15|800|822|1637
15|800|823|1638
15|801|823|1639
15|801|824|1640
15|802|824|1641
15|803|824|1642
15|804|824|1643
15|804|825|1644
15|805|825|1645
15|805|826|1646
15|806|826|1647
15|806|827|1648
15|807|827|1649
15|808|827|1650
15|809|827|1651
15|809|828|1652
15|810|828|1653
15|810|829|1654
15|811|829|1655
15|811|830|1656
15|812|830|1657
15|812|831|1658
15|813|831|1659
15|813|832|1660
15|814|832|1661
15|814|833|1662
15|815|833|1663
15|816|833|1664
15|817|833|1665
15|817|834|1666
15|818|834|1667
15|819|834|1668
15|820|834|1669
15|820|835|1670
15|820|836|1671
15|820|837|1672
15|821|837|1673
15|821|838|1674
15|822|838|1675
15|822|839|1676
15|823|839|1677
15|824|839|1678
15|825|839|1679
15|825|840|1680
15|826|840|1681
15|827|840|1682
15|828|840|1683
15|828|841|1684
15|829|841|1685
15|829|842|1686
15|830|842|1687
15|830|843|1688
15|831|843|1689
15|831|844|1690
15|832|844|1691
15|832|845|1692
15|833|845|1693
15|833|846|1694
15|834|846|1695
15|834|847|1696
15|835|847|1697
15|835|848|1698
15|836|848|1699
15|836|849|1700
15|837|849|1701
15|837|850|1702
15|838|850|1703
15|838|851|1704
15|839|851|1705
15|839|852|1706
15|840|852|1707
15|840|853|1708
15|841|853|1709
15|841|854|1710
15|842|854|1711
15|842|855|1712
15|843|855|1713
15|843|856|1714
15|844|856|1715
15|844|857|1716
15|845|857|1717
15|845|858|1718
15|846|858|1719
15|846|859|1720
15|847|859|1721
15|847|860|1722
15|848|860|1723
15|848|861|1724
15|849|861|1725
15|849|862|1726
15|850|862|1727
15|850|863|1728
15|851|863|1729
15|851|864|1730
15|852|864|1731
15|852|865|1732
15|853|865|1733
15|853|866|1734
15|854|866|1735
15|854|867|1736
15|855|867|1737
15|855|868|1738
15|856|868|1739
15|856|869|1740
15|857|869|1741
15|857|870|1742
15|858|870|1743
15|858|871|1744
15|859|871|1745
15|859|872|1746
15|860|872|1747
15|860|873|1748
15|861|873|1749
15|861|874|1750
15|862|874|1751
15|862|875|1752
15|862|876|1753
15|862|877|1754
15|863|877|1755
15|863|878|1756
15|864|878|1757
15|864|879|1758
15|865|879|1759
15|865|880|1760
15|866|880|1761
15|866|881|1762
15|867|881|1763
15|867|882|1764
15|868|882|1765
15|868|883|1766
15|869|883|1767
15|869|884|1768
15|870|884|1769
15|870|885|1770
15|871|885|1771
15|871|886|1772
16|871|886|1773
16|871|887|1774
16|872|887|1775
16|872|888|1776
16|873|888|1777
16|873|889|1778
16|874|889|1779
16|875|889|1780
16|876|889|1781
16|876|890|1782
16|877|890|1783
16|877|891|1784
16|877|892|1785
16|877|893|1786
16|878|893|1787
16|878|894|1788
16|879|894|1789
16|879|895|1790
16|880|895|1791
16|880|896|1792
16|881|896|1793
16|881|897|1794
16|882|897|1795
16|882|898|1796
16|883|898|1797
16|883|899|1798
16|884|899|1799
16|884|900|1800
16|885|900|1801
16|885|901|1802
16|886|901|1803
16|886|902|1804
16|887|902|1805
16|887|903|1806
16|888|903|1807
16|888|904|1808
16|889|904|1809
16|889|905|1810
16|890|905|1811
16|890|906|1812
16|891|906|1813
16|891|907|1814
16|892|907|1815
16|892|908|1816
16|893|908|1817
16|893|909|1818
16|894|909|1819
16|894|910|1820
16|895|910|1821
16|895|911|1822
16|896|911|1823
16|896|912|1824
16|897|912|1825
16|897|913|1826
16|898|913|1827
16|898|914|1828
16|899|914|1829
16|899|915|1830
16|900|915|1831
16|900|916|1832
16|901|916|1833
16|901|917|1834
16|902|917|1835
16|902|918|1836
16|903|918|1837
16|903|919|1838
16|904|919|1839
16|904|920|1840
16|905|920|1841
16|905|921|1842
16|906|921|1843
16|906|922|1844
16|907|922|1845
16|907|923|1846
16|908|923|1847
16|908|924|1848
16|909|924|1849
16|909|925|1850
16|910|925|1851
16|910|926|1852
16|911|926|1853
16|911|927|1854
16|912|927|1855
16|912|928|1856
16|913|928|1857
16|913|929|1858
16|914|929|1859
16|914|930|1860
16|915|930|1861
16|915|931|1862
16|916|931|1863
16|916|932|1864
16|917|932|1865
16|917|933|1866
16|918|933|1867
16|918|934|1868
16|919|934|1869
16|919|935|1870
16|920|935|1871
16|920|936|1872
16|921|936|1873
16|921|937|1874
16|922|937|1875
16|922|938|1876
16|923|938|1877
16|923|939|1878
16|924|939|1879
16|924|940|1880
16|925|940|1881
16|925|941|1882
16|926|941|1883
16|926|942|1884
16|927|942|1885
16|927|943|1886
16|928|943|1887
16|928|944|1888
16|929|944|1889
16|929|945|1890
16|930|945|1891
16|930|946|1892
16|931|946|1893
16|931|947|1894
16|932|947|1895
16|932|948|1896
16|933|948|1897
16|933|949|1898
16|934|949|1899
16|934|950|1900
16|935|950|1901
16|935|951|1902
16|936|951|1903
16|936|952|1904
16|937|952|1905
16|937|953|1906
16|938|953|1907
16|938|954|1908
16|939|954|1909
16|939|955|1910
16|940|955|1911
16|940|956|1912
16|941|956|1913
16|941|957|1914
16|942|957|1915
16|942|958|1916
16|943|958|1917
16|943|959|1918
16|944|959|1919
16|944|960|1920
16|945|960|1921
16|945|961|1922
16|946|961|1923
16|946|962|1924
16|947|962|1925
16|948|962|1926
16|949|962|1927
16|949|963|1928
16|950|963|1929
16|950|964|1930
16|951|964|1931
16|951|965|1932
16|952|965|1933
16|952|966|1934
16|953|966|1935
16|954|966|1936
16|955|966|1937
16|956|966|1938
16|957|966|1939
16|958|966|1940
16|959|966|1941
16|959|967|1942
16|960|967|1943
16|960|968|1944
16|961|968|1945
16|962|968|1946
16|963|968|1947
16|964|968|1948
16|965|968|1949
16|966|968|1950
16|967|968|1951
16|968|968|1952
16|969|968|1953
16|969|969|1954
16|970|969|1955
16|970|970|1956
16|971|970|1957
16|972|970|1958
16|973|970|1959
16|973|971|1960
16|974|971|1961
16|974|972|1962
16|975|972|1963
16|975|973|1964
16|976|973|1965
16|977|973|1966
16|978|973|1967
16|978|974|1968
16|979|974|1969
16|979|975|1970
16|980|975|1971
16|980|976|1972
16|981|976|1973
16|981|977|1974
16|982|977|1975
16|982|978|1976
16|983|978|1977
16|983|979|1978
16|984|979|1979
16|984|980|1980
16|985|980|1981
16|985|981|1982
16|986|981|1983
16|986|982|1984
16|987|982|1985
16|987|983|1986
16|988|983|1987
16|988|984|1988
16|989|984|1989
16|989|985|1990
16|990|985|1991
16|990|986|1992
16|991|986|1993
16|991|987|1994
16|992|987|1995
16|992|988|1996
16|993|988|1997
16|993|989|1998
16|994|989|1999
16|994|990|2000
