total
0|1|0|1
0|1|1|2
0|2|1|3
1|2|1|4
1|2|2|5
1|3|2|6
1|3|3|7
1|4|3|8
1|5|3|9
2|5|3|10
2|5|4|11
2|6|4|12
2|6|5|13
2|7|5|14
2|8|5|15
3|8|5|16
3|8|6|17
3|9|6|18
3|9|7|19
3|10|7|20
3|11|7|21
3|12|7|22
3|13|7|23
4|13|7|24
4|13|8|25
5|13|8|26
5|14|8|27
5|15|8|28
5|16|8|29
5|16|9|30
5|17|9|31
5|17|10|32
5|18|10|33
5|18|11|34
5|19|11|35
5|19|12|36
5|20|12|37
5|20|13|38
5|21|13|39
5|21|14|40
5|22|14|41
5|22|15|42
5|23|15|43
5|23|16|44
5|24|16|45
5|24|17|46
5|25|17|47
5|25|18|48
5|26|18|49
5|26|19|50
5|27|19|51
5|27|20|52
5|28|20|53
5|28|21|54
5|29|21|55
5|29|22|56
5|30|22|57
5|30|23|58
5|31|23|59
5|31|24|60
5|32|24|61
5|32|25|62
5|33|25|63
5|33|26|64
5|33|27|65
5|34|27|66
5|34|28|67
5|35|28|68
5|35|29|69
5|36|29|70
5|36|30|71
5|37|30|72
5|37|31|73
5|38|31|74
5|38|32|75
5|39|32|76
5|39|33|77
5|40|33|78
5|40|34|79
5|41|34|80
5|41|35|81
5|42|35|82
5|42|36|83
5|43|36|84
5|43|37|85
5|44|37|86
5|44|38|87
5|45|38|88
5|45|39|89
5|46|39|90
5|46|40|91
5|47|40|92
5|47|41|93
5|48|41|94
5|48|42|95
5|49|42|96
5|49|43|97
5|50|43|98
5|50|44|99
5|51|44|100
5|51|45|101
5|52|45|102
5|52|46|103
5|53|46|104
5|53|47|105
5|54|47|106
5|54|48|107
5|55|48|108
5|55|49|109
5|56|49|110
5|56|50|111
5|57|50|112
5|57|51|113
5|58|51|114
5|58|52|115
5|59|52|116
5|59|53|117
5|60|53|118
5|60|54|119
5|61|54|120
5|61|55|121
5|62|55|122
5|62|56|123
5|63|56|124
5|63|57|125
5|64|57|126
5|64|58|127
5|65|58|128
5|65|59|129
5|66|59|130
5|66|60|131
5|67|60|132
5|67|61|133
5|68|61|134
5|68|62|135
5|69|62|136
5|70|62|137
5|71|62|138
5|72|62|139
6|72|62|140
6|73|62|141
6|74|62|142
6|74|63|143
6|75|63|144
6|76|63|145
7|76|63|146
7|77|63|147
8|77|63|148
8|78|63|149
8|79|63|150
8|79|64|151
8|80|64|152
8|81|64|153
9|81|64|154
9|82|64|155
10|82|64|156
10|82|65|157
10|83|65|158
10|83|66|159
10|84|66|160
10|84|67|161
10|85|67|162
10|86|67|163
10|87|67|164
10|88|67|165
11|88|67|166
11|89|67|167
12|89|67|168
12|90|67|169
12|91|67|170
12|92|67|171
13|92|67|172
13|92|68|173
13|93|68|174
13|93|69|175
13|94|69|176
13|94|70|177
13|95|70|178
13|95|71|179
13|96|71|180
13|96|72|181
13|97|72|182
13|97|73|183
13|98|73|184
13|98|74|185
13|99|74|186
13|99|75|187
13|100|75|188
13|100|76|189
13|101|76|190
13|101|77|191
13|102|77|192
13|102|78|193
13|103|78|194
13|103|79|195
13|104|79|196
13|104|80|197
13|105|80|198
13|105|81|199
13|106|81|200
13|106|82|201
13|107|82|202
13|107|83|203
13|108|83|204
13|108|84|205
13|109|84|206
13|109|85|207
13|110|85|208
13|111|85|209
13|111|86|210
13|112|86|211
13|113|86|212
13|113|87|213
13|114|87|214
13|115|87|215
13|115|88|216
13|116|88|217
13|117|88|218
13|118|88|219
13|118|89|220
13|119|89|221
13|120|89|222
13|120|90|223
13|121|90|224
13|121|91|225
13|122|91|226
13|123|91|227
13|123|92|228
13|123|93|229
13|124|93|230
13|124|94|231
13|125|94|232
13|126|94|233
13|127|94|234
13|127|95|235
13|128|95|236
13|129|95|237
13|129|96|238
13|130|96|239
13|130|97|240
13|131|97|241
13|131|98|242
13|132|98|243
13|132|99|244
13|133|99|245
13|134|99|246
13|135|99|247
13|136|99|248
13|137|99|249
13|137|100|250
13|138|100|251
13|138|101|252
13|139|101|253
14|139|101|254
14|140|101|255
14|140|102|256
14|141|102|257
14|141|103|258
14|142|103|259
14|143|103|260
14|144|103|261
14|144|104|262
14|145|104|263
15|145|104|264
15|146|104|265
15|146|105|266
15|147|105|267
15|147|106|268
15|148|106|269
16|148|106|270
16|149|106|271
17|149|106|272
17|150|106|273
17|151|106|274
17|152|106|275
18|152|106|276
18|153|106|277
19|153|106|278
19|154|106|279
19|154|107|280
19|155|107|281
19|155|108|282
19|156|108|283
19|157|108|284
19|158|108|285
19|158|109|286
19|159|109|287
19|159|110|288
19|160|110|289
20|160|110|290
20|161|110|291
20|161|111|292
20|162|111|293
20|163|111|294
20|164|111|295
20|164|112|296
20|165|112|297
21|165|112|298
21|166|112|299
22|166|112|300
22|167|112|301
23|167|112|302
23|168|112|303
24|168|112|304
24|169|112|305
24|169|113|306
24|170|113|307
24|170|114|308
24|171|114|309
24|171|115|310
24|172|115|311
24|172|116|312
24|173|116|313
24|173|117|314
24|174|117|315
24|174|118|316
24|175|118|317
24|175|119|318
24|176|119|319
25|176|119|320
25|177|119|321
25|178|119|322
25|179|119|323
25|180|119|324
25|181|119|325
26|181|119|326
26|182|119|327
26|182|120|328
26|183|120|329
26|183|121|330
26|184|121|331
26|184|122|332
26|185|122|333
27|185|122|334
27|186|122|335
27|186|123|336
27|187|123|337
27|188|123|338
27|189|123|339
27|189|124|340
27|190|124|341
28|190|124|342
28|191|124|343
28|192|124|344
28|193|124|345
28|193|125|346
28|194|125|347
28|195|125|348
28|196|125|349
28|197|125|350
28|198|125|351
28|199|125|352
28|200|125|353
28|201|125|354
28|202|125|355
28|203|125|356
28|203|126|357
28|203|127|358
28|203|128|359
28|204|128|360
28|204|129|361
28|205|129|362
28|206|129|363
28|206|130|364
28|207|130|365
28|208|130|366
28|208|131|367
28|209|131|368
28|210|131|369
29|210|131|370
29|211|131|371
29|211|132|372
29|211|133|373
29|212|133|374
29|212|134|375
29|213|134|376
29|214|134|377
30|214|134|378
30|214|135|379
30|215|135|380
30|216|135|381
30|216|136|382
30|217|136|383
30|217|137|384
30|218|137|385
30|219|137|386
30|220|137|387
30|221|137|388
30|221|138|389
30|222|138|390
30|222|139|391
30|223|139|392
30|223|140|393
30|224|140|394
30|224|141|395
30|225|141|396
30|226|141|397
30|226|142|398
30|226|143|399
30|227|143|400
30|227|144|401
30|228|144|402
30|228|145|403
30|229|145|404
30|230|145|405
30|230|146|406
30|230|147|407
30|231|147|408
30|231|148|409
30|232|148|410
30|232|149|411
30|233|149|412
30|233|150|413
30|234|150|414
30|234|151|415
30|235|151|416
30|236|151|417
30|236|152|418
30|237|152|419
30|237|153|420
30|237|154|421
30|237|155|422
30|238|155|423
30|239|155|424
30|239|156|425
30|240|156|426
30|240|157|427
30|241|157|428
30|241|158|429
30|242|158|430
30|242|159|431
30|243|159|432
30|244|159|433
31|244|159|434
31|244|160|435
31|245|160|436
31|245|161|437
31|246|161|438
31|246|162|439
31|247|162|440
31|248|162|441
32|248|162|442
32|249|162|443
32|250|162|444
32|250|163|445
32|251|163|446
32|251|164|447
32|252|164|448
32|252|165|449
32|253|165|450
32|253|166|451
32|254|166|452
32|255|166|453
33|255|166|454
33|256|166|455
33|257|166|456
33|258|166|457
34|258|166|458
34|258|167|459
35|258|167|460
35|258|168|461
35|259|168|462
35|259|169|463
35|260|169|464
35|260|170|465
35|261|170|466
35|261|171|467
35|262|171|468
35|262|172|469
35|262|173|470
35|262|174|471
35|263|174|472
35|263|175|473
35|264|175|474
35|264|176|475
35|265|176|476
35|265|177|477
35|265|178|478
35|265|179|479
35|266|179|480
35|266|180|481
35|267|180|482
35|267|181|483
35|268|181|484
35|268|182|485
35|269|182|486
35|269|183|487
35|270|183|488
35|270|184|489
35|271|184|490
35|271|185|491
35|272|185|492
35|272|186|493
35|273|186|494
35|273|187|495
36|273|187|496
36|273|188|497
36|274|188|498
36|274|189|499
36|275|189|500
36|275|190|501
36|276|190|502
36|276|191|503
36|277|191|504
36|277|192|505
36|277|193|506
36|277|194|507
36|278|194|508
36|278|195|509
36|279|195|510
36|279|196|511
36|280|196|512
36|280|197|513
36|280|198|514
36|280|199|515
36|281|199|516
36|281|200|517
36|282|200|518
36|282|201|519
36|283|201|520
36|283|202|521
36|284|202|522
36|284|203|523
36|285|203|524
36|285|204|525
36|286|204|526
36|286|205|527
36|287|205|528
36|287|206|529
36|288|206|530
36|288|207|531
36|289|207|532
36|289|208|533
36|290|208|534
36|290|209|535
36|291|209|536
36|291|210|537
36|292|210|538
36|292|211|539
36|293|211|540
36|293|212|541
36|294|212|542
36|294|213|543
36|295|213|544
36|295|214|545
36|296|214|546
36|296|215|547
36|297|215|548
36|297|216|549
36|298|216|550
36|298|217|551
36|299|217|552
36|299|218|553
36|300|218|554
36|300|219|555
36|301|219|556
36|301|220|557
36|302|220|558
36|302|221|559
36|303|221|560
36|304|221|561
37|304|221|562
37|305|221|563
38|305|221|564
38|305|222|565
39|305|222|566
39|305|223|567
39|306|223|568
39|307|223|569
39|307|224|570
39|308|224|571
39|308|225|572
39|309|225|573
39|309|226|574
39|310|226|575
39|310|227|576
39|311|227|577
39|311|228|578
39|312|228|579
39|312|229|580
39|313|229|581
39|313|230|582
39|314|230|583
39|314|231|584
39|315|231|585
39|315|232|586
39|316|232|587
39|316|233|588
39|317|233|589
39|317|234|590
39|318|234|591
39|318|235|592
39|319|235|593
39|319|236|594
39|320|236|595
39|320|237|596
39|321|237|597
39|321|238|598
39|322|238|599
39|322|239|600
39|323|239|601
39|323|240|602
39|324|240|603
39|324|241|604
39|324|242|605
39|325|242|606
39|325|243|607
39|326|243|608
39|326|244|609
39|327|244|610
39|327|245|611
39|328|245|612
39|328|246|613
39|329|246|614
39|329|247|615
40|329|247|616
40|329|248|617
40|330|248|618
40|330|249|619
40|331|249|620
40|331|250|621
41|331|250|622
41|331|251|623
41|332|251|624
41|332|252|625
41|333|252|626
41|333|253|627
41|334|253|628
41|334|254|629
41|335|254|630
41|335|255|631
41|336|255|632
41|337|255|633
41|338|255|634
41|339|255|635
41|339|256|636
41|340|256|637
41|341|256|638
41|341|257|639
41|342|257|640
41|342|258|641
41|343|258|642
41|343|259|643
41|344|259|644
41|344|260|645
41|345|260|646
41|345|261|647
41|346|261|648
41|346|262|649
41|347|262|650
41|347|263|651
41|348|263|652
41|348|264|653
41|349|264|654
41|349|265|655
41|350|265|656
41|350|266|657
41|351|266|658
41|351|267|659
41|352|267|660
41|352|268|661
41|353|268|662
41|353|269|663
41|354|269|664
41|354|270|665
41|355|270|666
41|355|271|667
41|356|271|668
41|356|272|669
41|357|272|670
41|357|273|671
41|358|273|672
41|358|274|673
41|359|274|674
41|359|275|675
41|360|275|676
41|360|276|677
41|361|276|678
41|361|277|679
41|362|277|680
41|362|278|681
41|363|278|682
41|363|279|683
41|364|279|684
41|364|280|685
41|365|280|686
41|365|281|687
41|366|281|688
41|366|282|689
41|367|282|690
41|367|283|691
41|368|283|692
41|368|284|693
41|369|284|694
41|369|285|695
41|370|285|696
41|370|286|697
41|371|286|698
41|371|287|699
41|372|287|700
41|372|288|701
41|373|288|702
41|373|289|703
41|374|289|704
41|374|290|705
41|375|290|706
41|376|290|707
42|376|290|708
42|377|290|709
43|377|290|710
43|377|291|711
43|378|291|712
43|379|291|713
43|379|292|714
43|380|292|715
43|380|293|716
43|381|293|717
43|381|294|718
43|382|294|719
43|382|295|720
43|383|295|721
43|383|296|722
43|384|296|723
43|384|297|724
43|385|297|725
43|385|298|726
43|386|298|727
43|386|299|728
43|387|299|729
43|387|300|730
43|388|300|731
43|388|301|732
43|389|301|733
43|389|302|734
43|390|302|735
43|390|303|736
43|391|303|737
43|391|304|738
43|392|304|739
43|392|305|740
43|393|305|741
43|393|306|742
43|394|306|743
43|394|307|744
43|395|307|745
43|395|308|746
43|396|308|747
43|396|309|748
43|396|310|749
43|397|310|750
43|397|311|751
43|398|311|752
43|398|312|753
43|399|312|754
43|399|313|755
43|400|313|756
43|400|314|757
43|401|314|758
43|401|315|759
43|402|315|760
43|402|316|761
43|403|316|762
43|403|317|763
43|404|317|764
43|404|318|765
43|405|318|766
43|405|319|767
43|406|319|768
43|406|320|769
43|407|320|770
43|407|321|771
43|408|321|772
43|408|322|773
43|409|322|774
43|409|323|775
43|410|323|776
43|410|324|777
43|411|324|778
43|411|325|779
43|412|325|780
43|412|326|781
43|413|326|782
43|413|327|783
43|414|327|784
43|414|328|785
43|415|328|786
43|415|329|787
43|416|329|788
43|416|330|789
43|417|330|790
43|417|331|791
43|418|331|792
43|418|332|793
43|419|332|794
43|419|333|795
43|420|333|796
43|420|334|797
43|421|334|798
43|421|335|799
43|422|335|800
43|422|336|801
43|423|336|802
43|423|337|803
43|424|337|804
43|424|338|805
43|425|338|806
43|425|339|807
43|426|339|808
43|426|340|809
43|427|340|810
43|427|341|811
43|428|341|812
43|428|342|813
43|429|342|814
43|429|343|815
43|430|343|816
43|430|344|817
43|431|344|818
43|431|345|819
43|432|345|820
43|432|346|821
43|433|346|822
43|433|347|823
43|434|347|824
43|434|348|825
43|435|348|826
43|435|349|827
43|436|349|828
43|436|350|829
43|437|350|830
43|438|350|831
44|438|350|832
44|438|351|833
44|439|351|834
44|439|352|835
44|440|352|836
44|440|353|837
44|441|353|838
44|442|353|839
45|442|353|840
45|442|354|841
45|443|354|842
45|443|355|843
45|444|355|844
45|444|356|845
45|445|356|846
45|445|357|847
45|446|357|848
45|447|357|849
46|447|357|850
46|448|357|851
46|449|357|852
46|450|357|853
46|451|357|854
46|451|358|855
46|452|358|856
46|452|359|857
46|453|359|858
46|453|360|859
46|454|360|860
46|454|361|861
46|455|361|862
46|455|362|863
46|456|362|864
46|456|363|865
46|457|363|866
46|458|363|867
46|458|364|868
46|458|365|869
46|459|365|870
46|459|366|871
46|459|367|872
46|459|368|873
46|460|368|874
46|461|368|875
46|461|369|876
46|461|370|877
46|462|370|878
46|462|371|879
46|462|372|880
46|462|373|881
46|463|373|882
46|463|374|883
46|464|374|884
46|465|374|885
46|465|375|886
46|466|375|887
46|466|376|888
46|467|376|889
46|467|377|890
46|468|377|891
46|469|377|892
46|469|378|893
46|470|378|894
46|470|379|895
46|471|379|896
46|471|380|897
46|472|380|898
46|472|381|899
46|473|381|900
46|473|382|901
46|474|382|902
46|475|382|903
46|475|383|904
46|475|384|905
46|476|384|906
46|476|385|907
46|477|385|908
46|477|386|909
46|478|386|910
46|479|386|911
46|479|387|912
46|479|388|913
46|480|388|914
46|480|389|915
46|481|389|916
46|481|390|917
46|482|390|918
46|482|391|919
46|483|391|920
46|484|391|921
46|484|392|922
46|485|392|923
46|485|393|924
46|486|393|925
46|487|393|926
46|488|393|927
46|489|393|928
46|490|393|929
46|490|394|930
46|491|394|931
46|491|395|932
46|492|395|933
46|492|396|934
46|493|396|935
47|493|396|936
47|494|396|937
47|494|397|938
47|495|397|939
47|496|397|940
47|497|397|941
47|497|398|942
47|498|398|943
47|499|398|944
47|500|398|945
47|501|398|946
47|502|398|947
47|502|399|948
47|503|399|949
48|503|399|950
48|504|399|951
48|505|399|952
48|506|399|953
48|507|399|954
48|508|399|955
49|508|399|956
49|509|399|957
49|509|400|958
49|510|400|959
49|510|401|960
49|511|401|961
49|512|401|962
49|513|401|963
49|513|402|964
49|514|402|965
49|514|403|966
49|515|403|967
49|515|404|968
49|516|404|969
49|516|405|970
49|517|405|971
49|517|406|972
49|518|406|973
49|518|407|974
49|519|407|975
49|520|407|976
49|521|407|977
49|522|407|978
49|523|407|979
49|524|407|980
49|525|407|981
49|525|408|982
49|526|408|983
49|526|409|984
49|527|409|985
50|527|409|986
50|528|409|987
51|528|409|988
51|529|409|989
51|529|410|990
51|530|410|991
51|531|410|992
51|532|410|993
52|532|410|994
52|533|410|995
52|534|410|996
52|535|410|997
52|536|410|998
52|537|410|999
52|537|411|1000
52|538|411|1001
52|539|411|1002
52|540|411|1003
52|541|411|1004
52|542|411|1005
52|542|412|1006
52|543|412|1007
52|544|412|1008
52|545|412|1009
53|545|412|1010
53|546|412|1011
53|547|412|1012
53|548|412|1013
53|549|412|1014
53|550|412|1015
53|551|412|1016
53|552|412|1017
53|553|412|1018
53|554|412|1019
53|555|412|1020
53|556|412|1021
53|557|412|1022
53|558|412|1023
53|559|412|1024
53|560|412|1025
53|561|412|1026
53|562|412|1027
53|563|412|1028
53|564|412|1029
53|565|412|1030
53|566|412|1031
53|566|413|1032
53|567|413|1033
54|567|413|1034
54|568|413|1035
54|568|414|1036
54|569|414|1037
54|570|414|1038
54|570|415|1039
54|571|415|1040
54|571|416|1041
54|572|416|1042
54|572|417|1043
54|573|417|1044
54|573|418|1045
54|574|418|1046
54|575|418|1047
54|575|419|1048
54|575|420|1049
54|576|420|1050
54|576|421|1051
54|577|421|1052
54|577|422|1053
54|578|422|1054
54|579|422|1055
54|579|423|1056
54|579|424|1057
54|580|424|1058
54|581|424|1059
54|582|424|1060
54|583|424|1061
54|584|424|1062
54|585|424|1063
54|586|424|1064
54|587|424|1065
54|588|424|1066
54|589|424|1067
54|590|424|1068
54|591|424|1069
54|592|424|1070
54|593|424|1071
54|594|424|1072
54|595|424|1073
54|596|424|1074
54|596|425|1075
54|597|425|1076
54|597|426|1077
54|597|427|1078
54|598|427|1079
54|599|427|1080
54|600|427|1081
54|600|428|1082
54|601|428|1083
54|601|429|1084
54|601|430|1085
54|602|430|1086
54|603|430|1087
54|604|430|1088
54|605|430|1089
54|605|431|1090
54|605|432|1091
54|606|432|1092
54|606|433|1093
54|607|433|1094
54|608|433|1095
54|609|433|1096
54|610|433|1097
54|610|434|1098
54|610|435|1099
54|611|435|1100
54|612|435|1101
54|612|436|1102
54|613|436|1103
54|613|437|1104
54|614|437|1105
54|615|437|1106
54|616|437|1107
54|617|437|1108
54|618|437|1109
54|619|437|1110
54|620|437|1111
54|621|437|1112
54|622|437|1113
54|623|437|1114
54|623|438|1115
54|624|438|1116
54|625|438|1117
55|625|438|1118
55|625|439|1119
55|626|439|1120
55|626|440|1121
55|627|440|1122
55|628|440|1123
55|629|440|1124
55|630|440|1125
56|630|440|1126
56|631|440|1127
56|632|440|1128
56|632|441|1129
56|633|441|1130
56|634|441|1131
56|635|441|1132
56|636|441|1133
57|636|441|1134
57|636|442|1135
57|637|442|1136
57|638|442|1137
58|638|442|1138
58|639|442|1139
58|640|442|1140
58|641|442|1141
59|641|442|1142
59|642|442|1143
59|643|442|1144
59|643|443|1145
59|644|443|1146
59|644|444|1147
59|645|444|1148
59|645|445|1149
59|645|446|1150
59|645|447|1151
59|646|447|1152
59|646|448|1153
59|646|449|1154
59|646|450|1155
59|647|450|1156
59|647|451|1157
59|648|451|1158
59|648|452|1159
59|649|452|1160
59|649|453|1161
59|649|454|1162
59|649|455|1163
59|650|455|1164
59|650|456|1165
59|651|456|1166
59|651|457|1167
59|652|457|1168
59|652|458|1169
59|653|458|1170
59|653|459|1171
59|654|459|1172
59|654|460|1173
59|655|460|1174
59|655|461|1175
59|656|461|1176
59|656|462|1177
59|656|463|1178
59|656|464|1179
59|657|464|1180
59|657|465|1181
59|658|465|1182
59|659|465|1183
59|660|465|1184
59|660|466|1185
59|661|466|1186
59|661|467|1187
59|662|467|1188
59|662|468|1189
59|662|469|1190
59|662|470|1191
59|663|470|1192
59|663|471|1193
59|664|471|1194
59|664|472|1195
59|665|472|1196
59|665|473|1197
59|665|474|1198
59|665|475|1199
59|666|475|1200
59|666|476|1201
59|667|476|1202
59|667|477|1203
59|668|477|1204
59|668|478|1205
59|668|479|1206
59|668|480|1207
59|669|480|1208
59|670|480|1209
60|670|480|1210
60|670|481|1211
60|671|481|1212
60|671|482|1213
60|672|482|1214
60|672|483|1215
60|673|483|1216
60|674|483|1217
60|675|483|1218
60|675|484|1219
60|676|484|1220
60|676|485|1221
60|677|485|1222
60|677|486|1223
60|678|486|1224
60|679|486|1225
60|680|486|1226
60|681|486|1227
60|682|486|1228
60|682|487|1229
60|683|487|1230
60|683|488|1231
60|684|488|1232
60|685|488|1233
60|686|488|1234
60|686|489|1235
60|687|489|1236
60|687|490|1237
60|688|490|1238
60|689|490|1239
60|690|490|1240
60|691|490|1241
60|692|490|1242
60|692|491|1243
60|693|491|1244
60|694|491|1245
61|694|491|1246
61|695|491|1247
62|695|491|1248
62|695|492|1249
63|695|492|1250
63|696|492|1251
63|697|492|1252
63|698|492|1253
63|698|493|1254
63|699|493|1255
63|699|494|1256
63|700|494|1257
63|700|495|1258
63|701|495|1259
63|701|496|1260
63|702|496|1261
63|702|497|1262
63|703|497|1263
63|703|498|1264
63|704|498|1265
63|704|499|1266
63|705|499|1267
63|705|500|1268
63|706|500|1269
63|706|501|1270
63|707|502|1272
63|707|503|1273
63|708|503|1274
63|708|504|1275
63|709|504|1276
63|709|505|1277
63|710|505|1278
63|710|506|1279
63|711|506|1280
63|711|507|1281
63|712|507|1282
63|712|508|1283
63|713|508|1284
63|713|509|1285
63|714|509|1286
63|714|510|1287
63|715|510|1288
63|716|510|1289
63|717|510|1290
63|718|510|1291
63|719|510|1292
64|719|510|1293
64|719|511|1294
65|719|511|1295
65|719|512|1296
65|720|512|1297
65|721|512|1298
66|721|512|1299
66|722|512|1300
66|723|512|1301
66|723|513|1302
66|724|513|1303
66|725|513|1304
67|725|513|1305
67|726|513|1306
67|727|513|1307
67|727|514|1308
67|728|514|1309
67|728|515|1310
68|728|515|1311
68|729|515|1312
68|730|515|1313
68|731|515|1314
68|732|515|1315
68|732|516|1316
69|732|516|1317
69|733|516|1318
69|734|516|1319
69|735|516|1320
69|736|516|1321
69|737|516|1322
69|738|516|1323
69|739|516|1324
69|740|516|1325
69|740|517|1326
69|741|517|1327
69|741|518|1328
69|742|518|1329
69|742|519|1330
69|743|519|1331
69|743|520|1332
69|744|520|1333
69|744|521|1334
69|745|521|1335
69|745|522|1336
69|746|522|1337
69|746|523|1338
69|747|523|1339
69|747|524|1340
69|748|524|1341
69|748|525|1342
69|749|525|1343
69|749|526|1344
69|750|526|1345
69|750|527|1346
69|751|527|1347
69|751|528|1348
69|752|528|1349
69|752|529|1350
69|753|529|1351
69|753|530|1352
69|754|530|1353
69|754|531|1354
69|755|531|1355
69|755|532|1356
69|756|532|1357
69|756|533|1358
69|757|533|1359
69|757|534|1360
69|758|534|1361
69|759|534|1362
69|760|534|1363
69|761|534|1364
69|762|534|1365
69|762|535|1366
69|763|535|1367
69|763|536|1368
69|764|536|1369
69|764|537|1370
69|765|537|1371
69|765|538|1372
69|766|538|1373
69|766|539|1374
69|767|539|1375
69|767|540|1376
69|768|540|1377
69|769|540|1378
69|770|540|1379
69|770|541|1380
69|771|541|1381
69|771|542|1382
69|772|542|1383
69|773|542|1384
69|774|542|1385
69|775|542|1386
69|776|542|1387
69|776|543|1388
69|777|543|1389
69|778|543|1390
69|779|543|1391
69|780|543|1392
69|781|543|1393
69|782|543|1394
70|782|543|1395
70|783|543|1396
70|783|544|1397
70|784|544|1398
70|784|545|1399
70|785|545|1400
70|785|546|1401
70|786|546|1402
70|786|547|1403
70|787|547|1404
70|787|548|1405
70|788|548|1406
70|788|549|1407
70|789|549|1408
70|789|550|1409
70|790|550|1410
70|790|551|1411
70|791|551|1412
70|791|552|1413
70|792|552|1414
70|792|553|1415
70|793|553|1416
70|793|554|1417
70|794|554|1418
70|794|555|1419
70|795|555|1420
70|795|556|1421
70|796|556|1422
70|796|557|1423
70|797|557|1424
70|797|558|1425
70|798|558|1426
70|798|559|1427
70|799|559|1428
70|799|560|1429
70|800|560|1430
70|800|561|1431
70|801|561|1432
70|802|561|1433
70|802|562|1434
70|803|562|1435
70|803|563|1436
70|804|563|1437
70|804|564|1438
70|805|564|1439
70|805|565|1440
70|806|565|1441
70|806|566|1442
70|807|566|1443
70|807|567|1444
70|808|567|1445
70|808|568|1446
70|809|568|1447
70|809|569|1448
70|810|569|1449
70|810|570|1450
70|811|570|1451
70|811|571|1452
70|812|571|1453
70|812|572|1454
70|813|572|1455
70|813|573|1456
70|814|573|1457
70|814|574|1458
70|815|574|1459
70|815|575|1460
70|816|575|1461
70|816|576|1462
70|817|576|1463
70|817|577|1464
70|818|577|1465
70|818|578|1466
70|819|578|1467
70|819|579|1468
70|820|579|1469
70|820|580|1470
70|821|580|1471
70|821|581|1472
70|822|581|1473
70|822|582|1474
70|823|582|1475
70|823|583|1476
70|824|583|1477
70|824|584|1478
70|825|584|1479
70|825|585|1480
70|826|585|1481
70|826|586|1482
70|827|586|1483
70|827|587|1484
70|828|587|1485
70|828|588|1486
70|829|588|1487
70|829|589|1488
70|830|589|1489
70|830|590|1490
70|831|590|1491
70|831|591|1492
70|832|591|1493
70|832|592|1494
70|833|592|1495
70|833|593|1496
70|834|593|1497
70|834|594|1498
70|835|594|1499
70|835|595|1500
70|836|595|1501
70|836|596|1502
70|837|596|1503
70|837|597|1504
71|837|597|1505
71|838|597|1506
71|839|597|1507
71|839|598|1508
71|840|598|1509
71|840|599|1510
71|841|599|1511
71|841|600|1512
71|842|600|1513
71|843|600|1514
72|843|600|1515
72|844|600|1516
72|845|600|1517
72|846|600|1518
72|847|600|1519
72|847|601|1520
72|848|601|1521
72|849|601|1522
73|849|601|1523
73|850|601|1524
73|851|601|1525
73|851|602|1526
73|852|602|1527
73|852|603|1528
74|852|603|1529
74|853|603|1530
74|854|603|1531
74|854|604|1532
75|854|604|1533
75|855|604|1534
76|855|604|1535
76|856|604|1536
77|856|604|1537
77|857|604|1538
77|858|604|1539
77|859|604|1540
77|859|605|1541
77|860|605|1542
77|860|606|1543
77|861|606|1544
77|861|607|1545
77|861|608|1546
77|862|608|1547
77|863|608|1548
77|864|608|1549
77|865|608|1550
77|865|609|1551
77|866|609|1552
77|866|610|1553
77|867|610|1554
77|867|611|1555
77|867|612|1556
77|868|612|1557
77|869|612|1558
77|869|613|1559
77|870|613|1560
77|871|613|1561
77|871|614|1562
77|871|615|1563
77|871|616|1564
77|871|617|1565
77|872|617|1566
77|873|617|1567
77|873|618|1568
77|873|619|1569
77|874|619|1570
77|874|620|1571
77|875|620|1572
77|875|621|1573
77|876|621|1574
77|876|622|1575
77|877|622|1576
77|878|622|1577
77|878|623|1578
77|879|623|1579
77|879|624|1580
77|880|624|1581
77|880|625|1582
77|881|625|1583
77|881|626|1584
77|882|626|1585
77|882|627|1586
77|883|627|1587
77|883|628|1588
77|884|628|1589
77|884|629|1590
77|885|629|1591
77|885|630|1592
77|886|630|1593
77|886|631|1594
77|887|631|1595
77|887|632|1596
77|888|632|1597
77|888|633|1598
77|889|633|1599
77|889|634|1600
77|890|634|1601
77|890|635|1602
77|891|635|1603
77|891|636|1604
77|892|636|1605
77|892|637|1606
77|893|637|1607
77|893|638|1608
77|894|638|1609
77|894|639|1610
77|895|639|1611
77|895|640|1612
77|895|641|1613
77|896|641|1614
77|896|642|1615
77|897|642|1616
77|898|642|1617
77|899|642|1618
77|899|643|1619
77|900|643|1620
77|900|644|1621
77|901|644|1622
78|901|644|1623
78|902|644|1624
78|902|645|1625
78|903|645|1626
79|903|645|1627
79|904|645|1628
79|905|645|1629
79|906|645|1630
80|906|645|1631
80|907|645|1632
81|907|645|1633
81|908|645|1634
81|909|645|1635
81|910|645|1636
81|911|645|1637
81|912|645|1638
81|912|646|1639
81|913|646|1640
82|913|646|1641
82|914|646|1642
82|914|647|1643
82|915|647|1644
82|916|647|1645
82|917|647|1646
82|917|648|1647
82|918|648|1648
82|919|648|1649
82|920|648|1650
82|920|649|1651
82|921|649|1652
82|921|650|1653
82|922|650|1654
82|923|650|1655
82|924|650|1656
82|925|650|1657
82|926|650|1658
83|926|650|1659
83|927|650|1660
83|927|651|1661
83|928|651|1662
84|928|651|1663
84|929|651|1664
84|929|652|1665
84|930|652|1666
84|931|652|1667
84|932|652|1668
84|932|653|1669
84|933|653|1670
84|933|654|1671
84|934|654|1672
85|934|654|1673
85|935|654|1674
85|935|655|1675
85|936|655|1676
86|936|655|1677
86|937|655|1678
86|937|656|1679
86|938|656|1680
87|938|656|1681
87|939|656|1682
88|939|656|1683
88|940|656|1684
88|941|656|1685
88|942|656|1686
89|942|656|1687
89|943|656|1688
89|944|656|1689
89|945|656|1690
89|945|657|1691
89|946|657|1692
90|946|657|1693
90|947|657|1694
90|948|657|1695
90|949|657|1696
90|949|658|1697
90|950|658|1698
90|951|658|1699
90|952|658|1700
91|952|658|1701
91|953|658|1702
91|953|659|1703
91|954|659|1704
91|954|660|1705
91|955|660|1706
91|956|660|1707
91|957|660|1708
92|957|660|1709
92|958|660|1710
92|959|660|1711
92|960|660|1712
92|960|661|1713
92|961|661|1714
92|961|662|1715
92|962|662|1716
93|962|662|1717
93|963|662|1718
93|964|662|1719
93|965|662|1720
93|965|663|1721
93|965|664|1722
93|966|664|1723
93|967|664|1724
93|968|664|1725
93|969|664|1726
93|970|664|1727
93|970|665|1728
93|971|665|1729
93|972|665|1730
93|973|665|1731
93|974|665|1732
93|975|665|1733
93|976|665|1734
93|977|665|1735
93|977|666|1736
93|978|666|1737
93|978|667|1738
93|978|668|1739
93|979|668|1740
93|980|668|1741
93|980|669|1742
93|981|669|1743
93|981|670|1744
93|982|670|1745
93|983|670|1746
93|984|670|1747
93|985|670|1748
93|986|670|1749
93|986|671|1750
93|987|671|1751
93|988|671|1752
93|989|671|1753
93|990|671|1754
93|990|672|1755
93|991|672|1756
93|991|673|1757
93|992|673|1758
93|992|674|1759
93|992|675|1760
93|992|676|1761
93|992|677|1762
93|993|677|1763
93|994|677|1764
93|994|678|1765
93|995|678|1766
93|995|679|1767
93|996|679|1768
93|997|679|1769
93|997|680|1770
94|997|680|1771
94|998|680|1772
94|998|681|1773
94|999|681|1774
94|1000|681|1775
94|1000|682|1776
94|1001|682|1777
94|1001|683|1778
94|1001|684|1779
94|1002|684|1780
94|1002|685|1781
94|1003|685|1782
94|1004|685|1783
94|1004|686|1784
94|1004|687|1785
94|1005|687|1786
94|1005|688|1787
94|1006|688|1788
94|1006|689|1789
94|1007|689|1790
94|1007|690|1791
94|1008|690|1792
95|1008|690|1793
95|1009|690|1794
95|1010|690|1795
95|1011|690|1796
95|1012|690|1797
95|1012|691|1798
96|1012|691|1799
96|1013|691|1800
97|1013|691|1801
97|1014|691|1802
97|1015|691|1803
97|1015|692|1804
97|1016|692|1805
97|1016|693|1806
98|1016|693|1807
98|1017|693|1808
99|1017|693|1809
99|1018|693|1810
99|1019|693|1811
99|1020|693|1812
99|1021|693|1813
99|1021|694|1814
100|1021|694|1815
100|1022|694|1816
101|1022|694|1817
101|1023|694|1818
101|1024|694|1819
101|1024|695|1820
101|1025|695|1821
101|1026|695|1822
102|1026|695|1823
102|1027|695|1824
102|1028|695|1825
102|1029|695|1826
102|1030|695|1827
102|1031|695|1828
102|1032|695|1829
102|1032|696|1830
102|1033|696|1831
102|1033|697|1832
102|1034|697|1833
102|1034|698|1834
103|1034|698|1835
103|1034|699|1836
103|1034|700|1837
103|1034|701|1838
103|1035|701|1839
103|1035|702|1840
103|1036|702|1841
103|1036|703|1842
103|1037|703|1843
103|1037|704|1844
103|1037|705|1845
103|1037|706|1846
103|1038|706|1847
103|1038|707|1848
103|1039|707|1849
103|1039|708|1850
103|1040|708|1851
103|1040|709|1852
103|1040|710|1853
103|1040|711|1854
103|1041|711|1855
103|1041|712|1856
103|1042|712|1857
103|1042|713|1858
103|1043|713|1859
103|1043|714|1860
103|1044|714|1861
103|1044|715|1862
103|1045|715|1863
103|1045|716|1864
103|1045|717|1865
103|1045|718|1866
103|1046|718|1867
103|1046|719|1868
103|1047|719|1869
103|1047|720|1870
103|1048|720|1871
103|1048|721|1872
103|1048|722|1873
103|1048|723|1874
103|1049|723|1875
103|1049|724|1876
103|1050|724|1877
103|1050|725|1878
103|1051|725|1879
103|1051|726|1880
103|1051|727|1881
103|1051|728|1882
103|1052|728|1883
103|1052|729|1884
103|1053|729|1885
103|1053|730|1886
103|1054|730|1887
103|1054|731|1888
103|1054|732|1889
103|1054|733|1890
103|1055|733|1891
103|1055|734|1892
103|1056|734|1893
103|1057|734|1894
103|1058|734|1895
103|1058|735|1896
103|1059|735|1897
103|1059|736|1898
104|1059|736|1899
104|1059|737|1900
104|1060|737|1901
104|1061|737|1902
105|1061|737|1903
105|1062|737|1904
105|1063|737|1905
105|1063|738|1906
105|1064|738|1907
105|1064|739|1908
105|1065|739|1909
105|1065|740|1910
105|1066|740|1911
105|1066|741|1912
105|1067|741|1913
105|1067|742|1914
105|1068|742|1915
105|1069|742|1916
105|1070|742|1917
105|1071|742|1918
105|1072|742|1919
105|1072|743|1920
105|1073|743|1921
105|1073|744|1922
106|1073|744|1923
106|1074|744|1924
106|1075|744|1925
106|1076|744|1926
106|1077|744|1927
106|1077|745|1928
106|1078|745|1929
106|1079|745|1930
107|1079|745|1931
107|1080|745|1932
107|1081|745|1933
107|1082|745|1934
108|1082|745|1935
108|1082|746|1936
108|1082|747|1937
108|1083|747|1938
108|1083|748|1939
108|1084|748|1940
108|1084|749|1941
108|1085|749|1942
108|1085|750|1943
108|1086|750|1944
108|1086|751|1945
108|1087|751|1946
108|1087|752|1947
108|1088|752|1948
108|1088|753|1949
108|1089|753|1950
108|1089|754|1951
108|1090|754|1952
108|1090|755|1953
108|1091|755|1954
108|1091|756|1955
108|1092|756|1956
108|1092|757|1957
108|1093|757|1958
108|1093|758|1959
108|1094|758|1960
108|1094|759|1961
108|1095|759|1962
108|1095|760|1963
108|1096|760|1964
108|1096|761|1965
108|1097|761|1966
108|1097|762|1967
108|1098|762|1968
108|1098|763|1969
108|1099|763|1970
108|1099|764|1971
108|1100|764|1972
108|1101|764|1973
108|1102|764|1974
108|1103|764|1975
108|1104|764|1976
109|1104|764|1977
109|1104|765|1978
109|1105|765|1979
109|1105|766|1980
109|1106|766|1981
109|1106|767|1982
110|1106|767|1983
110|1107|767|1984
110|1108|767|1985
110|1108|768|1986
110|1109|768|1987
110|1110|768|1988
111|1110|768|1989
111|1111|768|1990
111|1112|768|1991
111|1112|769|1992
111|1113|769|1993
111|1113|770|1994
111|1114|770|1995
111|1115|770|1996
112|1115|770|1997
112|1116|770|1998
112|1117|770|1999
112|1117|771|2000
