total
0|0|1|1
0|1|1|2
0|1|2|3
0|2|2|4
0|2|3|5
0|3|3|6
0|3|4|7
0|4|4|8
0|4|5|9
0|5|5|10
0|5|6|11
0|6|6|12
0|6|7|13
0|7|7|14
0|7|8|15
0|8|8|16
0|8|9|17
0|9|9|18
0|9|10|19
0|10|10|20
0|10|11|21
0|11|11|22
0|11|12|23
0|12|12|24
0|12|13|25
0|13|13|26
0|13|14|27
0|14|14|28
0|14|15|29
0|14|16|30
0|14|17|31
0|14|18|32
0|14|19|33
0|14|20|34
0|14|21|35
0|14|22|36
0|14|23|37
0|14|24|38
0|14|25|39
0|14|26|40
0|14|27|41
0|14|28|42
0|14|29|43
0|14|30|44
0|14|31|45
0|14|32|46
0|14|33|47
0|14|34|48
0|14|35|49
0|14|36|50
0|14|37|51
0|14|38|52
0|14|39|53
0|14|40|54
0|14|41|55
0|14|42|56
0|14|43|57
0|14|44|58
0|14|45|59
0|14|46|60
0|14|47|61
0|14|48|62
0|14|49|63
0|14|50|64
0|14|51|65
0|15|51|66
0|15|52|67
0|16|52|68
0|16|53|69
0|17|53|70
0|17|54|71
0|18|54|72
0|18|55|73
0|19|55|74
0|19|56|75
0|20|56|76
0|20|57|77
0|21|57|78
0|21|58|79
0|22|58|80
0|22|59|81
0|23|59|82
0|23|60|83
0|24|60|84
0|24|61|85
0|25|61|86
0|25|62|87
0|26|62|88
0|26|63|89
0|27|63|90
0|27|64|91
0|28|64|92
0|28|65|93
0|29|65|94
0|29|66|95
0|30|66|96
0|30|67|97
0|31|67|98
0|31|68|99
0|32|68|100
0|32|69|101
0|33|69|102
0|33|70|103
0|34|70|104
0|34|71|105
0|35|71|106
0|35|72|107
0|36|72|108
0|36|73|109
0|37|73|110
0|37|74|111
0|38|74|112
0|38|75|113
0|39|75|114
0|39|76|115
0|40|76|116
0|40|77|117
0|41|77|118
0|41|78|119
0|42|78|120
0|42|79|121
0|43|79|122
0|43|80|123
0|44|80|124
0|44|81|125
0|45|81|126
0|45|82|127
0|46|82|128
0|46|83|129
0|47|83|130
0|47|84|131
0|48|84|132
0|48|85|133
0|49|85|134
0|49|86|135
0|50|86|136
0|50|87|137
0|51|87|138
0|51|88|139
0|52|88|140
0|52|89|141
0|53|89|142
0|53|90|143
0|54|90|144
0|54|91|145
0|55|91|146
0|55|92|147
0|56|92|148
0|56|93|149
0|57|93|150
0|57|94|151
0|58|94|152
0|58|95|153
0|59|95|154
0|59|96|155
0|60|96|156
0|60|97|157
0|61|97|158
0|61|98|159
0|62|98|160
0|62|99|161
0|63|99|162
0|63|100|163
0|64|100|164
0|64|101|165
0|65|101|166
0|65|102|167
0|66|102|168
0|66|103|169
0|67|103|170
0|67|104|171
0|68|104|172
0|68|105|173
0|69|105|174
0|69|106|175
0|70|106|176
0|70|107|177
0|71|107|178
0|71|108|179
0|72|108|180
0|72|109|181
0|73|109|182
0|73|110|183
0|74|110|184
0|74|111|185
0|75|111|186
0|75|112|187
0|76|112|188
0|76|113|189
0|77|113|190
0|77|114|191
0|78|114|192
0|78|115|193
0|79|115|194
0|79|116|195
0|80|116|196
0|80|117|197
0|81|117|198
0|81|118|199
0|82|118|200
0|82|119|201
0|83|119|202
0|83|120|203
0|84|120|204
0|84|121|205
0|85|121|206
0|85|122|207
0|86|122|208
0|86|123|209
0|86|124|210
0|86|125|211
0|87|125|212
0|87|126|213
0|88|126|214
0|88|127|215
0|89|127|216
0|89|128|217
0|90|128|218
0|90|129|219
0|91|129|220
0|91|130|221
0|92|130|222
0|92|131|223
0|93|131|224
0|93|132|225
0|94|132|226
0|94|133|227
0|94|134|228
0|94|135|229
0|95|135|230
0|95|136|231
0|96|136|232
0|96|137|233
0|97|137|234
0|97|138|235
0|98|138|236
0|98|139|237
0|98|140|238
0|98|141|239
0|99|141|240
0|99|142|241
0|100|142|242
0|100|143|243
0|101|143|244
0|101|144|245
0|102|144|246
0|102|145|247
0|102|146|248
0|102|147|249
0|103|147|250
0|103|148|251
0|103|149|252
0|103|150|253
0|104|150|254
0|104|151|255
0|104|152|256
0|104|153|257
0|104|154|258
0|104|155|259
0|104|156|260
0|104|157|261
0|105|157|262
0|105|158|263
0|105|159|264
0|105|160|265
0|105|161|266
0|105|162|267
0|106|162|268
0|106|163|269
0|107|163|270
0|107|164|271
0|107|165|272
0|107|166|273
0|108|166|274
0|108|167|275
0|109|167|276
0|109|168|277
0|110|168|278
0|110|169|279
0|111|169|280
0|111|170|281
0|112|170|282
0|112|171|283
0|113|171|284
0|113|172|285
0|114|172|286
0|114|173|287
0|114|174|288
0|114|175|289
0|114|176|290
0|114|177|291
0|114|178|292
0|114|179|293
0|115|179|294
0|115|180|295
0|115|181|296
0|115|182|297
0|116|182|298
0|116|183|299
0|116|184|300
0|116|185|301
0|116|186|302
0|116|187|303
0|116|188|304
0|116|189|305
0|117|189|306
0|117|190|307
0|118|190|308
0|118|191|309
0|118|192|310
0|118|193|311
0|119|193|312
0|119|194|313
0|120|194|314
0|120|195|315
0|120|196|316
0|120|197|317
0|121|197|318
0|121|198|319
0|122|198|320
0|122|199|321
0|123|199|322
0|123|200|323
0|124|200|324
0|124|201|325
0|125|201|326
0|125|202|327
0|126|202|328
0|126|203|329
0|127|203|330
0|127|204|331
0|128|204|332
0|128|205|333
0|129|205|334
0|129|206|335
0|130|206|336
0|130|207|337
0|131|207|338
0|131|208|339
0|132|208|340
0|132|209|341
0|133|209|342
0|133|210|343
0|134|210|344
0|134|211|345
0|135|211|346
0|135|212|347
0|136|212|348
0|136|213|349
0|137|213|350
0|137|214|351
0|138|214|352
0|138|215|353
0|139|215|354
0|139|216|355
0|140|216|356
0|140|217|357
0|141|217|358
0|141|218|359
0|142|218|360
0|142|219|361
0|143|219|362
0|143|220|363
0|144|220|364
0|144|221|365
0|145|221|366
0|145|222|367
0|146|222|368
0|146|223|369
0|147|223|370
0|147|224|371
0|148|224|372
0|148|225|373
0|149|225|374
0|149|226|375
0|150|226|376
0|150|227|377
0|151|227|378
0|151|228|379
0|152|228|380
0|152|229|381
0|153|229|382
0|153|230|383
0|154|230|384
0|154|231|385
0|155|231|386
0|155|232|387
0|156|232|388
0|156|233|389
0|157|233|390
0|157|234|391
0|158|234|392
0|158|235|393
0|159|235|394
0|159|236|395
0|160|236|396
0|160|237|397
0|161|237|398
0|161|238|399
0|162|238|400
0|162|239|401
0|163|239|402
0|163|240|403
0|164|240|404
0|164|241|405
0|164|242|406
0|164|243|407
0|165|243|408
0|165|244|409
0|166|244|410
0|166|245|411
0|167|245|412
0|167|246|413
0|167|247|414
0|167|248|415
0|168|248|416
0|168|249|417
0|168|250|418
0|168|251|419
0|169|251|420
0|169|252|421
0|170|252|422
0|170|253|423
0|171|253|424
0|171|254|425
0|172|254|426
0|172|255|427
0|173|255|428
0|173|256|429
0|174|256|430
0|174|257|431
0|175|257|432
0|175|258|433
0|176|258|434
0|176|259|435
0|177|259|436
0|177|260|437
0|178|260|438
0|178|261|439
0|179|261|440
0|179|262|441
0|180|262|442
0|180|263|443
0|181|263|444
0|181|264|445
0|182|264|446
0|182|265|447
0|183|265|448
0|183|266|449
0|184|266|450
0|184|267|451
0|185|267|452
0|185|268|453
0|186|268|454
0|186|269|455
0|187|269|456
0|187|270|457
0|188|270|458
0|188|271|459
0|189|271|460
0|189|272|461
0|190|272|462
0|190|273|463
0|191|273|464
0|191|274|465
0|192|274|466
0|192|275|467
0|193|275|468
0|193|276|469
0|194|276|470
0|194|277|471
0|195|277|472
0|195|278|473
0|196|278|474
0|196|279|475
0|197|279|476
0|197|280|477
0|198|280|478
0|198|281|479
0|199|281|480
0|199|282|481
0|200|282|482
0|200|283|483
0|201|283|484
0|201|284|485
0|202|284|486
0|202|285|487
0|203|285|488
0|203|286|489
0|204|286|490
0|204|287|491
0|205|287|492
0|205|288|493
0|206|288|494
0|206|289|495
0|207|289|496
0|207|290|497
0|208|290|498
0|208|291|499
0|209|291|500
0|209|292|501
0|210|292|502
0|210|293|503
0|211|293|504
0|211|294|505
0|212|294|506
0|212|295|507
0|213|295|508
0|213|296|509
0|214|296|510
0|214|297|511
0|215|297|512
0|215|298|513
0|216|298|514
0|216|299|515
0|217|299|516
0|217|300|517
0|218|300|518
0|218|301|519
0|219|301|520
0|219|302|521
0|220|302|522
0|220|303|523
0|221|303|524
0|221|304|525
0|222|304|526
0|222|305|527
0|223|305|528
0|223|306|529
0|224|306|530
0|224|307|531
0|225|307|532
0|225|308|533
0|226|308|534
0|226|309|535
0|227|309|536
0|227|310|537
0|228|310|538
0|228|311|539
0|229|311|540
0|229|312|541
0|230|312|542
0|230|313|543
0|231|313|544
0|231|314|545
0|232|314|546
0|232|315|547
0|233|315|548
0|233|316|549
0|234|316|550
0|234|317|551
0|235|317|552
0|235|318|553
0|236|318|554
0|236|319|555
0|237|319|556
0|237|320|557
0|238|320|558
0|238|321|559
0|239|321|560
0|239|322|561
0|240|322|562
0|240|323|563
0|241|323|564
0|241|324|565
0|242|324|566
0|242|325|567
0|243|325|568
0|243|326|569
0|244|326|570
0|244|327|571
0|245|327|572
0|245|328|573
0|246|328|574
0|246|329|575
0|247|329|576
0|247|330|577
0|248|330|578
0|248|331|579
0|249|331|580
0|249|332|581
0|250|332|582
0|250|333|583
0|251|333|584
0|251|334|585
0|252|334|586
0|252|335|587
0|253|335|588
0|253|336|589
0|254|336|590
0|254|337|591
0|255|337|592
0|255|338|593
0|256|338|594
0|256|339|595
0|257|339|596
0|257|340|597
0|258|340|598
0|258|341|599
0|259|341|600
0|259|342|601
0|260|342|602
0|260|343|603
0|261|343|604
0|261|344|605
0|262|344|606
0|262|345|607
0|263|345|608
0|263|346|609
0|264|346|610
0|264|347|611
0|265|347|612
0|265|348|613
0|266|348|614
0|266|349|615
0|267|349|616
0|267|350|617
0|268|350|618
0|268|351|619
0|269|351|620
0|269|352|621
0|270|352|622
0|270|353|623
0|271|353|624
0|271|354|625
0|272|354|626
0|272|355|627
0|273|355|628
0|273|356|629
0|274|356|630
0|274|357|631
0|275|357|632
0|275|358|633
0|276|358|634
0|276|359|635
0|277|359|636
0|277|360|637
0|278|360|638
0|278|361|639
0|279|361|640
0|279|362|641
0|280|362|642
0|280|363|643
0|281|363|644
0|281|364|645
0|282|364|646
0|282|365|647
0|283|365|648
0|283|366|649
0|284|366|650
0|284|367|651
0|285|367|652
0|285|368|653
0|286|368|654
0|286|369|655
0|287|369|656
0|287|370|657
0|288|370|658
0|288|371|659
0|289|371|660
0|289|372|661
0|290|372|662
0|290|373|663
0|291|373|664
0|291|374|665
0|292|374|666
0|292|375|667
0|293|375|668
0|293|376|669
0|294|376|670
0|294|377|671
0|295|377|672
0|295|378|673
0|296|378|674
0|296|379|675
0|297|379|676
0|297|380|677
0|298|380|678
0|298|381|679
0|299|381|680
0|299|382|681
0|300|382|682
0|300|383|683
0|301|383|684
0|301|384|685
0|302|384|686
0|302|385|687
0|303|385|688
0|303|386|689
0|304|386|690
0|304|387|691
0|305|387|692
0|305|388|693
0|306|388|694
0|306|389|695
0|307|389|696
0|307|390|697
0|308|390|698
0|308|391|699
0|309|391|700
0|309|392|701
0|310|392|702
0|310|393|703
0|311|393|704
0|311|394|705
0|312|394|706
0|312|395|707
0|313|395|708
0|313|396|709
0|314|396|710
0|314|397|711
0|315|397|712
0|315|398|713
0|315|399|714
0|315|400|715
0|315|401|716
0|315|402|717
0|315|403|718
0|315|404|719
0|315|405|720
0|315|406|721
0|315|407|722
0|315|408|723
0|315|409|724
0|315|410|725
0|315|411|726
0|315|412|727
0|315|413|728
0|315|414|729
0|315|415|730
0|315|416|731
0|315|417|732
0|315|418|733
0|315|419|734
0|315|420|735
0|315|421|736
0|315|422|737
0|315|423|738
0|315|424|739
0|315|425|740
0|315|426|741
0|315|427|742
0|315|428|743
0|315|429|744
0|315|430|745
0|315|431|746
0|315|432|747
0|315|433|748
0|315|434|749
0|316|434|750
0|316|435|751
0|317|435|752
0|317|436|753
0|318|436|754
0|318|437|755
0|319|437|756
0|319|438|757
0|320|438|758
0|320|439|759
0|321|439|760
0|321|440|761
0|322|440|762
0|322|441|763
0|323|441|764
0|323|442|765
0|324|442|766
0|324|443|767
0|325|443|768
0|325|444|769
0|326|444|770
0|326|445|771
0|327|445|772
0|327|446|773
0|328|446|774
0|328|447|775
0|329|447|776
0|329|448|777
0|330|448|778
0|330|449|779
0|331|449|780
0|331|450|781
0|332|450|782
0|332|451|783
0|333|451|784
0|333|452|785
0|334|452|786
0|334|453|787
0|335|453|788
0|335|454|789
0|336|454|790
0|336|455|791
0|337|455|792
0|337|456|793
0|338|456|794
0|338|457|795
0|339|457|796
0|339|458|797
0|340|458|798
0|340|459|799
0|341|459|800
0|341|460|801
0|342|460|802
0|342|461|803
0|343|461|804
0|343|462|805
0|344|462|806
0|344|463|807
0|345|463|808
0|345|464|809
0|346|464|810
0|346|465|811
0|347|465|812
0|347|466|813
0|348|466|814
0|348|467|815
0|349|467|816
0|349|468|817
0|350|468|818
0|350|469|819
0|351|469|820
0|351|470|821
0|352|470|822
0|352|471|823
0|353|471|824
0|353|472|825
0|354|472|826
0|354|473|827
0|355|473|828
0|355|474|829
0|356|474|830
0|356|475|831
0|357|475|832
0|357|476|833
0|358|476|834
0|358|477|835
0|359|477|836
0|359|478|837
0|360|478|838
0|360|479|839
0|361|479|840
0|361|480|841
0|362|480|842
0|362|481|843
0|363|481|844
0|363|482|845
0|364|482|846
0|364|483|847
0|365|483|848
0|365|484|849
0|366|484|850
0|366|485|851
0|367|485|852
0|367|486|853
0|368|486|854
0|368|487|855
0|369|487|856
0|369|488|857
0|369|489|858
0|369|490|859
0|369|491|860
0|369|492|861
0|369|493|862
0|369|494|863
0|369|495|864
0|369|496|865
0|369|497|866
0|369|498|867
0|369|499|868
0|369|500|869
0|369|501|870
0|369|502|871
0|369|503|872
0|369|504|873
0|369|505|874
0|369|506|875
0|369|507|876
0|369|508|877
0|369|509|878
0|369|510|879
0|369|511|880
0|369|512|881
0|369|513|882
0|369|514|883
0|369|515|884
0|369|516|885
0|369|517|886
0|369|518|887
0|369|519|888
0|369|520|889
0|369|521|890
0|369|522|891
0|369|523|892
0|369|524|893
0|370|524|894
0|370|525|895
0|371|525|896
0|371|526|897
0|372|526|898
0|372|527|899
0|373|527|900
0|373|528|901
0|374|528|902
0|374|529|903
0|375|529|904
0|375|530|905
0|376|530|906
0|376|531|907
0|377|531|908
0|377|532|909
0|378|532|910
0|378|533|911
0|378|534|912
0|378|535|913
0|379|535|914
0|379|536|915
0|380|536|916
0|380|537|917
0|381|537|918
0|381|538|919
0|381|539|920
0|381|540|921
0|382|540|922
0|382|541|923
0|383|541|924
0|383|542|925
0|384|542|926
0|384|543|927
0|385|543|928
0|385|544|929
0|386|544|930
0|386|545|931
0|387|545|932
0|387|546|933
0|387|547|934
0|387|548|935
0|387|549|936
0|387|550|937
0|388|550|938
0|388|551|939
0|389|551|940
0|389|552|941
0|389|553|942
0|389|554|943
0|389|555|944
0|389|556|945
0|389|557|946
0|389|558|947
0|389|559|948
0|389|560|949
0|390|560|950
0|390|561|951
0|391|561|952
0|391|562|953
0|391|563|954
0|391|564|955
0|392|564|956
0|392|565|957
0|392|566|958
0|392|567|959
0|393|567|960
0|393|568|961
0|393|569|962
0|393|570|963
0|393|571|964
0|393|572|965
0|393|573|966
0|393|574|967
0|394|574|968
0|394|575|969
0|395|575|970
0|395|576|971
0|396|576|972
0|396|577|973
0|396|578|974
0|396|579|975
0|396|580|976
0|396|581|977
0|396|582|978
0|396|583|979
0|396|584|980
0|396|585|981
0|396|586|982
0|396|587|983
0|396|588|984
0|396|589|985
0|396|590|986
0|396|591|987
0|396|592|988
0|396|593|989
0|397|593|990
0|397|594|991
0|398|594|992
0|398|595|993
0|398|596|994
0|398|597|995
0|398|598|996
0|398|599|997
0|399|599|998
0|399|600|999
0|399|601|1000
0|399|602|1001
0|400|602|1002
0|400|603|1003
0|401|603|1004
0|401|604|1005
0|402|604|1006
0|402|605|1007
0|403|605|1008
0|403|606|1009
0|404|606|1010
0|404|607|1011
0|405|607|1012
0|405|608|1013
0|406|608|1014
0|406|609|1015
0|407|609|1016
0|407|610|1017
0|408|610|1018
0|408|611|1019
0|409|611|1020
0|409|612|1021
0|410|612|1022
0|410|613|1023
0|411|613|1024
0|411|614|1025
0|412|614|1026
0|412|615|1027
0|413|615|1028
0|413|616|1029
0|414|616|1030
0|414|617|1031
0|415|617|1032
0|415|618|1033
0|416|618|1034
0|416|619|1035
0|417|619|1036
0|417|620|1037
0|418|620|1038
0|418|621|1039
0|419|621|1040
0|419|622|1041
0|420|622|1042
0|420|623|1043
0|421|623|1044
0|421|624|1045
0|422|624|1046
0|422|625|1047
0|423|625|1048
0|423|626|1049
0|424|626|1050
0|424|627|1051
0|425|627|1052
0|425|628|1053
0|426|628|1054
0|426|629|1055
0|427|629|1056
0|427|630|1057
0|428|630|1058
0|428|631|1059
0|429|631|1060
0|429|632|1061
0|430|632|1062
0|430|633|1063
0|431|633|1064
0|431|634|1065
0|432|634|1066
0|432|635|1067
0|433|635|1068
0|433|636|1069
0|434|636|1070
0|434|637|1071
0|435|637|1072
0|435|638|1073
0|435|639|1074
0|435|640|1075
0|436|640|1076
0|436|641|1077
0|437|641|1078
0|437|642|1079
0|438|642|1080
0|438|643|1081
0|439|643|1082
0|439|644|1083
0|440|644|1084
0|440|645|1085
0|441|645|1086
0|441|646|1087
0|442|646|1088
0|442|647|1089
0|442|648|1090
0|442|649|1091
0|443|649|1092
0|443|650|1093
0|444|650|1094
0|444|651|1095
0|445|651|1096
0|445|652|1097
0|445|653|1098
0|445|654|1099
0|446|654|1100
0|446|655|1101
0|447|655|1102
0|447|656|1103
0|448|656|1104
0|448|657|1105
0|448|658|1106
0|448|659|1107
0|448|660|1108
0|448|661|1109
0|449|661|1110
0|449|662|1111
0|450|662|1112
0|450|663|1113
0|451|663|1114
0|451|664|1115
0|452|664|1116
0|452|665|1117
0|453|665|1118
0|453|666|1119
0|454|666|1120
0|454|667|1121
0|455|667|1122
0|455|668|1123
0|456|668|1124
0|456|669|1125
0|457|669|1126
0|457|670|1127
0|458|670|1128
0|458|671|1129
0|459|671|1130
0|459|672|1131
0|460|672|1132
0|460|673|1133
0|461|673|1134
0|461|674|1135
0|462|674|1136
0|462|675|1137
0|463|675|1138
0|463|676|1139
0|464|676|1140
0|464|677|1141
0|465|677|1142
0|465|678|1143
0|466|678|1144
0|466|679|1145
0|467|679|1146
0|467|680|1147
0|468|680|1148
0|468|681|1149
0|469|681|1150
0|469|682|1151
0|470|682|1152
0|470|683|1153
0|471|683|1154
0|471|684|1155
0|472|684|1156
0|472|685|1157
0|473|685|1158
0|473|686|1159
0|474|686|1160
0|474|687|1161
0|475|687|1162
0|475|688|1163
0|476|688|1164
0|476|689|1165
0|477|689|1166
0|477|690|1167
0|478|690|1168
0|478|691|1169
0|479|691|1170
0|479|692|1171
0|480|692|1172
0|480|693|1173
0|481|693|1174
0|481|694|1175
0|482|694|1176
0|482|695|1177
0|483|695|1178
0|483|696|1179
0|484|696|1180
0|484|697|1181
0|485|697|1182
0|485|698|1183
0|486|698|1184
0|486|699|1185
0|487|699|1186
0|487|700|1187
0|488|700|1188
0|488|701|1189
0|489|701|1190
0|489|702|1191
0|490|702|1192
0|490|703|1193
0|491|703|1194
0|491|704|1195
0|492|704|1196
0|492|705|1197
0|493|705|1198
0|493|706|1199
0|494|706|1200
0|494|707|1201
0|495|707|1202
0|495|708|1203
0|496|708|1204
0|496|709|1205
0|497|709|1206
0|497|710|1207
0|498|710|1208
0|498|711|1209
0|499|711|1210
0|499|712|1211
0|500|712|1212
0|500|713|1213
0|501|713|1214
0|501|714|1215
0|502|714|1216
0|502|715|1217
0|503|715|1218
0|503|716|1219
0|504|716|1220
0|504|717|1221
0|505|717|1222
0|505|718|1223
0|506|718|1224
0|506|719|1225
0|507|719|1226
0|507|720|1227
0|508|720|1228
0|508|721|1229
0|509|721|1230
0|509|722|1231
0|510|722|1232
0|510|723|1233
0|511|723|1234
0|511|724|1235
0|512|724|1236
0|512|725|1237
0|513|725|1238
0|513|726|1239
0|514|726|1240
0|514|727|1241
0|515|727|1242
0|515|728|1243
0|516|728|1244
0|516|729|1245
0|517|729|1246
0|517|730|1247
0|518|730|1248
0|518|731|1249
0|519|731|1250
0|519|732|1251
0|520|732|1252
0|520|733|1253
0|521|733|1254
0|521|734|1255
0|522|734|1256
0|522|735|1257
0|523|735|1258
0|523|736|1259
0|524|736|1260
0|524|737|1261
0|525|737|1262
0|525|738|1263
0|526|738|1264
0|526|739|1265
0|527|739|1266
0|527|740|1267
0|528|740|1268
0|528|741|1269
0|529|741|1270
0|529|742|1271
0|530|742|1272
0|530|743|1273
0|531|743|1274
0|531|744|1275
0|532|744|1276
0|532|745|1277
0|533|745|1278
0|533|746|1279
0|534|746|1280
0|534|747|1281
0|535|747|1282
0|535|748|1283
0|536|748|1284
0|536|749|1285
0|537|749|1286
0|537|750|1287
0|538|750|1288
0|538|751|1289
0|539|751|1290
0|539|752|1291
0|540|752|1292
0|540|753|1293
0|541|753|1294
0|541|754|1295
0|542|754|1296
0|542|755|1297
0|543|755|1298
0|543|756|1299
0|544|756|1300
0|544|757|1301
0|545|757|1302
0|545|758|1303
0|546|758|1304
0|546|759|1305
0|547|759|1306
0|547|760|1307
0|548|760|1308
0|548|761|1309
0|549|761|1310
0|549|762|1311
0|550|762|1312
0|550|763|1313
0|551|763|1314
0|551|764|1315
0|552|764|1316
0|552|765|1317
0|553|765|1318
0|553|766|1319
0|554|766|1320
0|554|767|1321
0|555|767|1322
0|555|768|1323
0|556|768|1324
0|556|769|1325
0|557|769|1326
0|557|770|1327
0|558|770|1328
0|558|771|1329
0|559|771|1330
0|559|772|1331
0|560|772|1332
0|560|773|1333
0|561|773|1334
0|561|774|1335
0|562|774|1336
0|562|775|1337
0|563|775|1338
0|563|776|1339
0|564|776|1340
0|564|777|1341
0|565|777|1342
0|565|778|1343
0|566|778|1344
0|566|779|1345
0|567|779|1346
0|567|780|1347
0|568|780|1348
0|568|781|1349
0|569|781|1350
0|569|782|1351
0|570|782|1352
0|570|783|1353
0|571|783|1354
0|571|784|1355
0|572|784|1356
0|572|785|1357
0|573|785|1358
0|573|786|1359
0|574|786|1360
0|574|787|1361
0|575|787|1362
0|575|788|1363
0|576|788|1364
0|577|789|1366
0|578|789|1367
0|578|790|1368
0|579|790|1369
0|579|791|1370
0|580|791|1371
0|580|792|1372
0|581|792|1373
0|581|793|1374
0|582|793|1375
0|582|794|1376
0|583|794|1377
0|583|795|1378
0|584|795|1379
0|584|796|1380
0|585|796|1381
0|585|797|1382
0|586|797|1383
0|586|798|1384
0|587|798|1385
0|587|799|1386
0|588|799|1387
0|588|800|1388
0|589|800|1389
0|589|801|1390
0|590|801|1391
0|590|802|1392
0|591|802|1393
0|591|803|1394
0|592|803|1395
0|592|804|1396
0|592|805|1397
0|592|806|1398
0|592|807|1399
0|592|808|1400
0|592|809|1401
0|592|810|1402
0|592|811|1403
0|592|812|1404
0|592|813|1405
0|592|814|1406
0|592|815|1407
0|592|816|1408
0|592|817|1409
0|592|818|1410
0|592|819|1411
0|592|820|1412
0|592|821|1413
0|592|822|1414
0|592|823|1415
0|592|824|1416
0|592|825|1417
0|592|826|1418
0|592|827|1419
0|592|828|1420
0|592|829|1421
0|592|830|1422
0|592|831|1423
0|592|832|1424
0|592|833|1425
0|592|834|1426
0|592|835|1427
0|592|836|1428
0|592|837|1429
0|592|838|1430
0|592|839|1431
0|592|840|1432
0|593|840|1433
0|593|841|1434
0|594|841|1435
0|594|842|1436
0|595|842|1437
0|595|843|1438
0|596|843|1439
0|596|844|1440
0|597|844|1441
0|597|845|1442
0|598|845|1443
0|598|846|1444
0|599|846|1445
0|599|847|1446
0|600|847|1447
0|600|848|1448
0|601|848|1449
0|601|849|1450
0|602|849|1451
0|602|850|1452
0|603|850|1453
0|603|851|1454
0|604|851|1455
0|604|852|1456
0|605|852|1457
0|605|853|1458
0|606|853|1459
0|606|854|1460
0|607|854|1461
0|607|855|1462
0|608|855|1463
0|608|856|1464
0|609|856|1465
0|609|857|1466
0|610|857|1467
0|610|858|1468
0|611|858|1469
0|611|859|1470
0|612|859|1471
0|612|860|1472
0|613|860|1473
0|613|861|1474
0|614|861|1475
0|614|862|1476
0|615|862|1477
0|615|863|1478
0|616|863|1479
0|616|864|1480
0|617|864|1481
0|617|865|1482
0|618|865|1483
0|618|866|1484
0|619|866|1485
0|619|867|1486
0|620|867|1487
0|620|868|1488
0|621|868|1489
0|621|869|1490
0|622|869|1491
0|622|870|1492
0|623|870|1493
0|623|871|1494
0|624|871|1495
0|624|872|1496
0|625|872|1497
0|625|873|1498
0|626|873|1499
0|626|874|1500
0|627|874|1501
0|627|875|1502
0|628|875|1503
0|628|876|1504
0|629|876|1505
0|629|877|1506
0|630|877|1507
0|630|878|1508
0|631|878|1509
0|631|879|1510
0|632|879|1511
0|632|880|1512
0|633|880|1513
0|633|881|1514
0|634|881|1515
0|634|882|1516
0|635|882|1517
0|635|883|1518
0|636|883|1519
0|636|884|1520
0|637|884|1521
0|637|885|1522
0|638|885|1523
0|638|886|1524
0|639|886|1525
0|639|887|1526
0|640|887|1527
0|640|888|1528
0|641|888|1529
0|641|889|1530
0|642|889|1531
0|642|890|1532
0|643|890|1533
0|643|891|1534
0|644|891|1535
0|644|892|1536
0|645|892|1537
0|645|893|1538
0|646|893|1539
0|646|894|1540
0|646|895|1541
0|646|896|1542
0|646|897|1543
0|646|898|1544
0|646|899|1545
0|646|900|1546
0|646|901|1547
0|646|902|1548
0|646|903|1549
0|646|904|1550
0|646|905|1551
0|646|906|1552
0|646|907|1553
0|646|908|1554
0|646|909|1555
0|646|910|1556
0|646|911|1557
0|646|912|1558
0|646|913|1559
0|646|914|1560
0|646|915|1561
0|646|916|1562
0|646|917|1563
0|646|918|1564
0|646|919|1565
0|646|920|1566
0|646|921|1567
0|646|922|1568
0|646|923|1569
0|646|924|1570
0|646|925|1571
0|646|926|1572
0|646|927|1573
0|646|928|1574
0|646|929|1575
0|646|930|1576
0|647|930|1577
0|647|931|1578
0|648|931|1579
0|648|932|1580
0|649|932|1581
0|649|933|1582
0|650|933|1583
0|650|934|1584
0|651|934|1585
0|651|935|1586
0|652|935|1587
0|652|936|1588
0|653|936|1589
0|653|937|1590
0|654|937|1591
0|654|938|1592
0|655|938|1593
0|655|939|1594
0|656|939|1595
0|656|940|1596
0|657|940|1597
0|657|941|1598
0|658|941|1599
0|658|942|1600
0|659|942|1601
0|659|943|1602
0|660|943|1603
0|660|944|1604
0|661|944|1605
0|661|945|1606
0|662|945|1607
0|662|946|1608
0|663|946|1609
0|663|947|1610
0|664|947|1611
0|664|948|1612
0|665|948|1613
0|665|949|1614
0|665|950|1615
0|665|951|1616
0|665|952|1617
0|665|953|1618
0|666|953|1619
0|666|954|1620
0|666|955|1621
0|666|956|1622
0|666|957|1623
0|666|958|1624
0|666|959|1625
0|666|960|1626
0|667|960|1627
0|667|961|1628
0|668|961|1629
0|668|962|1630
0|668|963|1631
0|668|964|1632
0|669|964|1633
0|669|965|1634
0|670|965|1635
0|670|966|1636
0|670|967|1637
0|670|968|1638
0|670|969|1639
0|670|970|1640
0|671|970|1641
0|671|971|1642
0|671|972|1643
0|671|973|1644
0|671|974|1645
0|671|975|1646
0|672|975|1647
0|672|976|1648
0|673|976|1649
0|673|977|1650
0|673|978|1651
0|673|979|1652
0|674|979|1653
0|674|980|1654
0|675|980|1655
0|675|981|1656
0|675|982|1657
0|675|983|1658
0|676|983|1659
0|676|984|1660
0|677|984|1661
0|677|985|1662
0|677|986|1663
0|677|987|1664
0|678|987|1665
0|678|988|1666
0|679|988|1667
0|679|989|1668
0|680|989|1669
0|680|990|1670
0|681|990|1671
0|681|991|1672
0|681|992|1673
0|681|993|1674
0|682|993|1675
0|682|994|1676
0|683|994|1677
0|683|995|1678
0|683|996|1679
0|683|997|1680
0|684|997|1681
0|684|998|1682
0|685|998|1683
0|685|999|1684
0|686|999|1685
0|686|1000|1686
0|687|1000|1687
0|687|1001|1688
0|688|1001|1689
0|688|1002|1690
0|689|1002|1691
0|689|1003|1692
0|690|1003|1693
0|690|1004|1694
0|691|1004|1695
0|691|1005|1696
0|692|1005|1697
0|692|1006|1698
0|693|1006|1699
0|693|1007|1700
0|694|1007|1701
0|694|1008|1702
0|695|1008|1703
0|695|1009|1704
0|696|1009|1705
0|696|1010|1706
0|697|1010|1707
0|697|1011|1708
0|698|1011|1709
0|698|1012|1710
0|699|1012|1711
0|699|1013|1712
0|700|1013|1713
0|700|1014|1714
0|701|1014|1715
0|701|1015|1716
0|702|1015|1717
0|702|1016|1718
0|703|1016|1719
0|703|1017|1720
0|704|1017|1721
0|704|1018|1722
0|705|1018|1723
0|705|1019|1724
0|706|1019|1725
0|706|1020|1726
0|707|1020|1727
0|707|1021|1728
0|708|1021|1729
0|708|1022|1730
0|709|1022|1731
0|709|1023|1732
0|710|1023|1733
0|710|1024|1734
0|711|1024|1735
0|711|1025|1736
0|712|1025|1737
0|712|1026|1738
0|713|1026|1739
0|713|1027|1740
0|714|1027|1741
0|714|1028|1742
0|715|1028|1743
0|715|1029|1744
0|716|1029|1745
0|716|1030|1746
0|717|1030|1747
0|717|1031|1748
0|718|1031|1749
0|718|1032|1750
0|719|1032|1751
0|719|1033|1752
0|720|1033|1753
0|720|1034|1754
0|721|1034|1755
0|721|1035|1756
0|722|1035|1757
0|722|1036|1758
0|723|1036|1759
0|723|1037|1760
0|724|1037|1761
0|724|1038|1762
0|725|1038|1763
0|725|1039|1764
0|726|1039|1765
0|726|1040|1766
0|727|1040|1767
0|727|1041|1768
0|728|1041|1769
0|728|1042|1770
0|729|1042|1771
0|729|1043|1772
0|729|1044|1773
0|729|1045|1774
0|730|1045|1775
0|730|1046|1776
0|731|1046|1777
0|731|1047|1778
0|732|1047|1779
0|732|1048|1780
0|732|1049|1781
0|732|1050|1782
0|733|1050|1783
0|733|1051|1784
0|734|1051|1785
0|734|1052|1786
0|735|1052|1787
0|735|1053|1788
0|735|1054|1789
0|735|1055|1790
0|736|1055|1791
0|736|1056|1792
0|737|1056|1793
0|737|1057|1794
0|738|1057|1795
0|738|1058|1796
0|739|1058|1797
0|739|1059|1798
0|740|1059|1799
0|740|1060|1800
0|741|1060|1801
0|741|1061|1802
0|742|1061|1803
0|742|1062|1804
0|743|1062|1805
0|743|1063|1806
0|744|1063|1807
0|744|1064|1808
0|745|1064|1809
0|745|1065|1810
0|746|1065|1811
0|746|1066|1812
0|747|1066|1813
0|747|1067|1814
0|748|1067|1815
0|748|1068|1816
0|749|1068|1817
0|749|1069|1818
0|750|1069|1819
0|750|1070|1820
0|751|1070|1821
0|751|1071|1822
0|752|1071|1823
0|752|1072|1824
0|753|1072|1825
0|753|1073|1826
0|754|1073|1827
0|754|1074|1828
0|755|1074|1829
0|755|1075|1830
0|756|1075|1831
0|756|1076|1832
0|757|1076|1833
0|757|1077|1834
0|758|1077|1835
0|758|1078|1836
0|759|1078|1837
0|759|1079|1838
0|760|1079|1839
0|760|1080|1840
0|761|1080|1841
0|761|1081|1842
0|762|1081|1843
0|762|1082|1844
0|763|1082|1845
0|763|1083|1846
0|764|1083|1847
0|764|1084|1848
0|765|1084|1849
0|765|1085|1850
0|766|1085|1851
0|766|1086|1852
0|767|1086|1853
0|767|1087|1854
0|768|1087|1855
0|768|1088|1856
0|769|1088|1857
0|769|1089|1858
0|770|1089|1859
0|770|1090|1860
0|771|1090|1861
0|771|1091|1862
0|772|1091|1863
0|772|1092|1864
0|773|1092|1865
0|773|1093|1866
0|774|1093|1867
0|774|1094|1868
0|775|1094|1869
0|775|1095|1870
0|776|1095|1871
0|776|1096|1872
0|777|1096|1873
0|777|1097|1874
0|778|1097|1875
0|778|1098|1876
0|779|1098|1877
0|779|1099|1878
0|780|1099|1879
0|780|1100|1880
0|781|1100|1881
0|781|1101|1882
0|782|1101|1883
0|782|1102|1884
0|783|1102|1885
0|783|1103|1886
0|784|1103|1887
0|784|1104|1888
0|785|1104|1889
0|785|1105|1890
0|786|1105|1891
0|786|1106|1892
0|787|1106|1893
0|787|1107|1894
0|788|1107|1895
0|788|1108|1896
0|789|1108|1897
0|789|1109|1898
0|790|1109|1899
0|790|1110|1900
0|791|1110|1901
0|791|1111|1902
0|792|1111|1903
0|792|1112|1904
0|793|1112|1905
0|793|1113|1906
0|794|1113|1907
0|794|1114|1908
0|795|1114|1909
0|795|1115|1910
0|796|1115|1911
0|796|1116|1912
0|797|1116|1913
0|797|1117|1914
0|798|1117|1915
0|798|1118|1916
0|799|1118|1917
0|799|1119|1918
0|800|1119|1919
0|800|1120|1920
0|801|1120|1921
0|801|1121|1922
0|802|1121|1923
0|802|1122|1924
0|803|1122|1925
0|803|1123|1926
0|804|1123|1927
0|804|1124|1928
0|805|1124|1929
0|805|1125|1930
0|806|1125|1931
0|806|1126|1932
0|807|1126|1933
0|807|1127|1934
0|808|1127|1935
0|808|1128|1936
0|809|1128|1937
0|809|1129|1938
0|810|1129|1939
0|810|1130|1940
0|811|1130|1941
0|811|1131|1942
0|812|1131|1943
0|812|1132|1944
0|813|1132|1945
0|813|1133|1946
0|814|1133|1947
0|814|1134|1948
0|815|1134|1949
0|815|1135|1950
0|816|1135|1951
0|816|1136|1952
0|817|1136|1953
0|817|1137|1954
0|818|1137|1955
0|818|1138|1956
0|819|1138|1957
0|819|1139|1958
0|820|1139|1959
0|820|1140|1960
0|821|1140|1961
0|821|1141|1962
0|822|1141|1963
0|822|1142|1964
0|823|1142|1965
0|823|1143|1966
0|824|1143|1967
0|824|1144|1968
0|825|1144|1969
0|825|1145|1970
0|826|1145|1971
0|826|1146|1972
0|827|1146|1973
0|827|1147|1974
0|828|1147|1975
0|828|1148|1976
0|829|1148|1977
0|829|1149|1978
0|830|1149|1979
0|830|1150|1980
0|831|1150|1981
0|831|1151|1982
0|832|1151|1983
0|832|1152|1984
0|833|1152|1985
0|833|1153|1986
0|834|1153|1987
0|834|1154|1988
0|835|1154|1989
0|835|1155|1990
0|836|1155|1991
0|836|1156|1992
0|837|1156|1993
0|837|1157|1994
0|838|1157|1995
0|838|1158|1996
0|839|1158|1997
0|839|1159|1998
0|840|1159|1999
0|840|1160|2000
