total
0|0|1|1
0|1|1|2
0|1|2|3
0|2|2|4
0|2|3|5
0|3|3|6
0|3|4|7
0|4|4|8
0|4|5|9
0|5|5|10
0|5|6|11
0|6|6|12
0|6|7|13
0|7|7|14
0|7|8|15
0|8|8|16
0|8|9|17
0|9|9|18
0|9|10|19
0|10|10|20
0|10|11|21
0|11|11|22
0|11|12|23
0|12|12|24
0|12|13|25
0|13|13|26
0|13|14|27
0|14|14|28
0|14|15|29
0|14|16|30
0|14|17|31
0|14|18|32
0|14|19|33
0|14|20|34
0|14|21|35
0|14|22|36
0|14|23|37
0|14|24|38
0|14|25|39
0|14|26|40
0|14|27|41
0|14|28|42
0|14|29|43
0|14|30|44
0|14|31|45
0|14|32|46
0|14|33|47
0|14|34|48
0|14|35|49
0|14|36|50
0|14|37|51
0|14|38|52
0|14|39|53
0|14|40|54
0|14|41|55
0|14|42|56
0|14|43|57
0|14|44|58
0|14|45|59
0|14|46|60
0|14|47|61
0|14|48|62
0|14|49|63
0|14|50|64
0|14|51|65
0|15|51|66
0|15|52|67
0|16|52|68
0|16|53|69
0|17|53|70
0|17|54|71
0|18|54|72
0|18|55|73
0|19|55|74
0|19|56|75
0|20|56|76
0|20|57|77
0|21|57|78
0|21|58|79
0|22|58|80
0|22|59|81
0|23|59|82
0|23|60|83
0|24|60|84
0|24|61|85
0|25|61|86
0|25|62|87
0|26|62|88
0|26|63|89
0|27|63|90
0|27|64|91
0|28|64|92
0|28|65|93
0|29|65|94
0|29|66|95
0|30|66|96
0|30|67|97
0|31|67|98
0|31|68|99
0|32|68|100
0|32|69|101
0|33|69|102
0|33|70|103
0|34|70|104
0|34|71|105
0|35|71|106
0|35|72|107
0|36|72|108
0|36|73|109
0|37|73|110
0|37|74|111
0|38|74|112
0|38|75|113
0|39|75|114
0|39|76|115
0|40|76|116
0|40|77|117
0|41|77|118
0|41|78|119
0|42|78|120
0|42|79|121
0|43|79|122
0|43|80|123
0|44|80|124
0|44|81|125
0|45|81|126
0|45|82|127
0|46|82|128
0|46|83|129
0|47|83|130
0|47|84|131
0|48|84|132
0|48|85|133
0|49|85|134
0|49|86|135
0|50|86|136
0|50|87|137
0|51|87|138
0|51|88|139
0|52|88|140
0|52|89|141
0|53|89|142
0|53|90|143
0|54|90|144
0|54|91|145
0|55|91|146
0|55|92|147
0|56|92|148
0|56|93|149
0|57|93|150
0|57|94|151
0|58|94|152
0|58|95|153
0|59|95|154
0|59|96|155
0|60|96|156
0|60|97|157
0|61|97|158
0|61|98|159
0|62|98|160
0|62|99|161
0|63|99|162
0|63|100|163
0|64|100|164
0|64|101|165
0|65|101|166
0|65|102|167
0|66|102|168
0|66|103|169
0|67|103|170
0|67|104|171
0|68|104|172
0|68|105|173
0|69|105|174
0|69|106|175
0|70|106|176
0|70|107|177
0|71|107|178
0|71|108|179
0|72|108|180
0|72|109|181
0|73|109|182
0|73|110|183
0|74|110|184
0|74|111|185
0|75|111|186
0|75|112|187
0|76|112|188
0|76|113|189
0|77|113|190
0|77|114|191
0|78|114|192
0|78|115|193
0|79|115|194
0|79|116|195
0|80|116|196
0|80|117|197
0|81|117|198
0|81|118|199
0|82|118|200
0|82|119|201
0|83|119|202
0|83|120|203
0|84|120|204
0|84|121|205
0|85|121|206
0|85|122|207
0|86|122|208
0|86|123|209
0|86|124|210
0|86|125|211
0|87|125|212
0|87|126|213
0|88|126|214
0|88|127|215
0|89|127|216
0|89|128|217
0|90|128|218
0|90|129|219
0|91|129|220
0|91|130|221
0|92|130|222
0|92|131|223
0|93|131|224
0|93|132|225
0|94|132|226
0|94|133|227
0|94|134|228
0|94|135|229
0|95|135|230
0|95|136|231
0|96|136|232
0|96|137|233
0|97|137|234
0|97|138|235
0|98|138|236
0|98|139|237
0|99|139|238
0|99|140|239
0|100|140|240
0|100|141|241
0|100|142|242
0|100|143|243
0|101|143|244
0|101|144|245
0|102|144|246
0|102|145|247
0|103|145|248
0|103|146|249
0|103|147|250
0|103|148|251
0|103|149|252
0|103|150|253
0|104|150|254
0|104|151|255
0|104|152|256
0|104|153|257
0|104|154|258
0|104|155|259
0|105|155|260
0|105|156|261
0|106|156|262
0|106|157|263
0|106|158|264
0|106|159|265
0|107|159|266
0|107|160|267
0|108|160|268
0|108|161|269
0|108|162|270
0|108|163|271
0|109|163|272
0|109|164|273
0|110|164|274
0|110|165|275
0|110|166|276
0|110|167|277
0|111|167|278
0|111|168|279
0|112|168|280
0|112|169|281
0|112|170|282
0|112|171|283
0|113|171|284
0|113|172|285
0|113|173|286
0|113|174|287
0|113|175|288
0|113|176|289
0|114|176|290
0|114|177|291
0|114|178|292
0|114|179|293
0|115|179|294
0|115|180|295
0|116|180|296
0|116|181|297
0|116|182|298
0|116|183|299
0|117|183|300
0|117|184|301
0|117|185|302
0|117|186|303
0|118|186|304
0|118|187|305
0|119|187|306
0|119|188|307
0|120|188|308
0|120|189|309
0|120|190|310
0|120|191|311
0|120|192|312
0|120|193|313
0|120|194|314
0|120|195|315
0|120|196|316
0|120|197|317
0|121|197|318
0|121|198|319
0|122|198|320
0|122|199|321
0|123|199|322
0|123|200|323
0|124|200|324
0|124|201|325
0|125|201|326
0|125|202|327
0|126|202|328
0|126|203|329
0|127|203|330
0|127|204|331
0|128|204|332
0|128|205|333
0|129|205|334
0|129|206|335
0|130|206|336
0|130|207|337
0|131|207|338
0|131|208|339
0|132|208|340
0|132|209|341
0|133|209|342
0|133|210|343
0|134|210|344
0|134|211|345
0|135|211|346
0|135|212|347
0|136|212|348
0|136|213|349
0|137|213|350
0|137|214|351
0|138|214|352
0|138|215|353
0|139|215|354
0|139|216|355
0|140|216|356
0|140|217|357
0|141|217|358
0|141|218|359
0|142|218|360
0|142|219|361
0|143|219|362
0|143|220|363
0|144|220|364
0|144|221|365
0|145|221|366
0|145|222|367
0|146|222|368
0|146|223|369
0|147|223|370
0|147|224|371
0|148|224|372
0|148|225|373
0|149|225|374
0|149|226|375
0|150|226|376
0|150|227|377
0|151|227|378
0|151|228|379
0|152|228|380
0|152|229|381
0|153|229|382
0|153|230|383
0|154|230|384
0|154|231|385
0|155|231|386
0|155|232|387
0|156|232|388
0|156|233|389
0|157|233|390
0|157|234|391
0|158|234|392
0|158|235|393
0|159|235|394
0|159|236|395
0|160|236|396
0|160|237|397
0|161|237|398
0|161|238|399
0|162|238|400
0|162|239|401
0|163|239|402
0|163|240|403
0|164|240|404
0|164|241|405
0|164|242|406
0|164|243|407
0|165|243|408
0|165|244|409
0|166|244|410
0|166|245|411
0|167|245|412
0|167|246|413
0|167|247|414
0|167|248|415
0|168|248|416
0|168|249|417
0|169|249|418
0|169|250|419
0|170|250|420
0|170|251|421
0|171|251|422
0|171|252|423
0|171|253|424
0|171|254|425
0|172|254|426
0|172|255|427
0|173|255|428
0|173|256|429
0|174|256|430
0|174|257|431
0|175|257|432
0|175|258|433
0|176|258|434
0|176|259|435
0|177|259|436
0|177|260|437
0|178|260|438
0|178|261|439
0|179|261|440
0|179|262|441
0|180|262|442
0|180|263|443
0|181|263|444
0|181|264|445
0|182|264|446
0|182|265|447
0|183|265|448
0|183|266|449
0|184|266|450
0|184|267|451
0|185|267|452
0|185|268|453
0|186|268|454
0|186|269|455
0|187|269|456
0|187|270|457
0|188|270|458
0|188|271|459
0|189|271|460
0|189|272|461
0|190|272|462
0|190|273|463
0|191|273|464
0|191|274|465
0|192|274|466
0|192|275|467
0|193|275|468
0|193|276|469
0|194|276|470
0|194|277|471
0|195|277|472
0|195|278|473
0|196|278|474
0|196|279|475
0|197|279|476
0|197|280|477
0|198|280|478
0|198|281|479
0|199|281|480
0|199|282|481
0|200|282|482
0|200|283|483
0|201|283|484
0|201|284|485
0|202|284|486
0|202|285|487
0|203|285|488
0|203|286|489
0|204|286|490
0|204|287|491
0|205|287|492
0|205|288|493
0|206|288|494
0|206|289|495
0|207|289|496
0|207|290|497
0|208|290|498
0|208|291|499
0|209|291|500
0|209|292|501
0|210|292|502
0|210|293|503
0|211|293|504
0|211|294|505
0|212|294|506
0|212|295|507
0|213|295|508
0|213|296|509
0|214|296|510
0|214|297|511
0|215|297|512
0|215|298|513
0|216|298|514
0|216|299|515
0|217|299|516
0|217|300|517
0|218|300|518
0|218|301|519
0|219|301|520
0|219|302|521
0|220|302|522
0|220|303|523
0|221|303|524
0|221|304|525
0|222|304|526
0|222|305|527
0|223|305|528
0|223|306|529
0|224|306|530
0|224|307|531
0|225|307|532
0|225|308|533
0|226|308|534
0|226|309|535
0|227|309|536
0|227|310|537
0|228|310|538
0|228|311|539
0|229|311|540
0|229|312|541
0|230|312|542
0|230|313|543
0|231|313|544
0|231|314|545
0|232|314|546
0|232|315|547
0|233|315|548
0|233|316|549
0|234|316|550
0|234|317|551
0|235|317|552
0|235|318|553
0|236|318|554
0|236|319|555
0|237|319|556
0|237|320|557
0|238|320|558
0|238|321|559
0|239|321|560
0|239|322|561
0|240|322|562
0|240|323|563
0|241|323|564
0|241|324|565
0|242|324|566
0|242|325|567
0|243|325|568
0|243|326|569
0|244|326|570
0|244|327|571
0|245|327|572
0|245|328|573
0|246|328|574
0|246|329|575
0|247|329|576
0|247|330|577
0|248|330|578
0|248|331|579
0|249|331|580
0|249|332|581
0|250|332|582
0|250|333|583
0|251|333|584
0|251|334|585
0|252|334|586
0|252|335|587
0|253|335|588
0|253|336|589
0|254|336|590
0|254|337|591
0|255|337|592
0|255|338|593
0|256|338|594
0|256|339|595
0|257|339|596
0|257|340|597
0|258|340|598
0|258|341|599
0|259|341|600
0|259|342|601
0|260|342|602
0|260|343|603
0|261|343|604
0|261|344|605
0|262|344|606
0|262|345|607
0|263|345|608
0|263|346|609
0|264|346|610
0|264|347|611
0|265|347|612
0|265|348|613
0|266|348|614
0|266|349|615
0|267|349|616
0|267|350|617
0|268|350|618
0|268|351|619
0|269|351|620
0|269|352|621
0|270|352|622
0|270|353|623
0|271|353|624
0|271|354|625
0|272|354|626
0|272|355|627
0|273|355|628
0|273|356|629
0|274|356|630
0|274|357|631
0|275|357|632
0|275|358|633
0|276|358|634
0|276|359|635
0|277|359|636
0|277|360|637
0|278|360|638
0|278|361|639
0|279|361|640
0|279|362|641
0|280|362|642
0|280|363|643
0|281|363|644
0|281|364|645
0|282|364|646
0|282|365|647
0|283|365|648
0|283|366|649
0|284|366|650
0|284|367|651
0|285|367|652
0|285|368|653
0|286|368|654
0|286|369|655
0|287|369|656
0|287|370|657
0|288|370|658
0|288|371|659
0|289|371|660
0|289|372|661
0|290|372|662
0|290|373|663
0|291|373|664
0|291|374|665
0|292|374|666
0|292|375|667
0|293|375|668
0|293|376|669
0|294|376|670
0|294|377|671
0|295|377|672
0|295|378|673
0|296|378|674
0|296|379|675
0|297|379|676
0|297|380|677
0|298|380|678
0|298|381|679
0|299|381|680
0|299|382|681
0|300|382|682
0|300|383|683
0|301|383|684
0|301|384|685
0|302|384|686
0|302|385|687
0|303|385|688
0|303|386|689
0|304|386|690
0|304|387|691
0|305|387|692
0|305|388|693
0|306|388|694
0|306|389|695
0|307|389|696
0|307|390|697
0|308|390|698
0|308|391|699
0|309|391|700
0|309|392|701
0|310|392|702
0|310|393|703
0|311|393|704
0|311|394|705
0|312|394|706
0|312|395|707
0|313|395|708
0|313|396|709
0|314|396|710
0|314|397|711
0|315|397|712
0|315|398|713
0|315|399|714
0|315|400|715
0|315|401|716
0|315|402|717
0|315|403|718
0|315|404|719
0|315|405|720
0|315|406|721
0|315|407|722
0|315|408|723
0|315|409|724
0|315|410|725
0|315|411|726
0|315|412|727
0|315|413|728
0|315|414|729
0|315|415|730
0|315|416|731
0|315|417|732
0|315|418|733
0|315|419|734
0|315|420|735
0|315|421|736
0|315|422|737
0|315|423|738
0|315|424|739
0|315|425|740
0|315|426|741
0|315|427|742
0|315|428|743
0|315|429|744
0|315|430|745
0|315|431|746
0|315|432|747
0|315|433|748
0|315|434|749
0|316|434|750
0|316|435|751
0|317|435|752
0|317|436|753
0|318|436|754
0|318|437|755
0|319|437|756
0|319|438|757
0|320|438|758
0|320|439|759
0|321|439|760
0|321|440|761
0|322|440|762
0|322|441|763
0|323|441|764
0|323|442|765
0|324|442|766
0|324|443|767
0|325|443|768
0|325|444|769
0|326|444|770
0|326|445|771
0|327|445|772
0|327|446|773
0|328|446|774
0|328|447|775
0|329|447|776
0|329|448|777
0|330|448|778
0|330|449|779
0|331|449|780
0|331|450|781
0|332|450|782
0|332|451|783
0|333|451|784
0|333|452|785
0|334|452|786
0|334|453|787
0|335|453|788
0|335|454|789
0|336|454|790
0|336|455|791
0|337|455|792
0|337|456|793
0|338|456|794
0|338|457|795
0|339|457|796
0|339|458|797
0|340|458|798
0|340|459|799
0|341|459|800
0|341|460|801
0|342|460|802
0|342|461|803
0|343|461|804
0|343|462|805
0|344|462|806
0|344|463|807
0|345|463|808
0|345|464|809
0|346|464|810
0|346|465|811
0|347|465|812
0|347|466|813
0|348|466|814
0|348|467|815
0|349|467|816
0|349|468|817
0|350|468|818
0|350|469|819
0|351|469|820
0|351|470|821
0|352|470|822
0|352|471|823
0|353|471|824
0|353|472|825
0|354|472|826
0|354|473|827
0|355|473|828
0|355|474|829
0|356|474|830
0|356|475|831
0|357|475|832
0|357|476|833
0|358|476|834
0|358|477|835
0|359|477|836
0|359|478|837
0|360|478|838
0|360|479|839
0|361|479|840
0|361|480|841
0|362|480|842
0|362|481|843
0|363|481|844
0|363|482|845
0|364|482|846
0|364|483|847
0|365|483|848
0|365|484|849
0|366|484|850
0|366|485|851
0|367|485|852
0|367|486|853
0|368|486|854
0|368|487|855
0|369|487|856
0|369|488|857
0|369|489|858
0|369|490|859
0|369|491|860
0|369|492|861
0|369|493|862
0|369|494|863
0|369|495|864
0|369|496|865
0|369|497|866
0|369|498|867
0|369|499|868
0|369|500|869
0|369|501|870
0|369|502|871
0|369|503|872
0|369|504|873
0|369|505|874
0|369|506|875
0|369|507|876
0|369|508|877
0|369|509|878
0|369|510|879
0|369|511|880
0|369|512|881
0|369|513|882
0|369|514|883
0|369|515|884
0|369|516|885
0|369|517|886
0|369|518|887
0|369|519|888
0|369|520|889
0|369|521|890
0|369|522|891
0|369|523|892
0|369|524|893
0|370|524|894
0|370|525|895
0|371|525|896
0|371|526|897
0|372|526|898
0|372|527|899
0|373|527|900
0|373|528|901
0|374|528|902
0|374|529|903
0|375|529|904
0|375|530|905
0|376|530|906
0|376|531|907
0|377|531|908
0|377|532|909
0|378|532|910
0|378|533|911
0|378|534|912
0|378|535|913
0|379|535|914
0|379|536|915
0|380|536|916
0|380|537|917
0|381|537|918
0|381|538|919
0|381|539|920
0|381|540|921
0|381|541|922
0|381|542|923
0|381|543|924
0|381|544|925
0|382|544|926
0|382|545|927
0|383|545|928
0|383|546|929
0|384|546|930
0|384|547|931
0|385|547|932
0|385|548|933
0|385|549|934
0|385|550|935
0|386|550|936
0|386|551|937
0|386|552|938
0|386|553|939
0|387|553|940
0|387|554|941
0|388|554|942
0|388|555|943
0|388|556|944
0|388|557|945
0|389|557|946
0|389|558|947
0|390|558|948
0|390|559|949
0|390|560|950
0|390|561|951
0|390|562|952
0|390|563|953
0|391|563|954
0|391|564|955
0|392|564|956
0|392|565|957
0|392|566|958
0|392|567|959
0|392|568|960
0|392|569|961
0|393|569|962
0|393|570|963
0|394|570|964
0|394|571|965
0|394|572|966
0|394|573|967
0|394|574|968
0|394|575|969
0|394|576|970
0|394|577|971
0|395|577|972
0|395|578|973
0|395|579|974
0|395|580|975
0|395|581|976
0|395|582|977
0|395|583|978
0|395|584|979
0|395|585|980
0|395|586|981
0|395|587|982
0|395|588|983
0|396|588|984
0|396|589|985
0|396|590|986
0|396|591|987
0|396|592|988
0|396|593|989
0|397|593|990
0|397|594|991
0|398|594|992
0|398|595|993
0|399|595|994
0|399|596|995
0|400|596|996
0|400|597|997
0|400|598|998
0|400|599|999
0|401|599|1000
0|401|600|1001
0|402|600|1002
0|402|601|1003
0|403|601|1004
0|403|602|1005
0|404|602|1006
0|404|603|1007
0|405|603|1008
0|405|604|1009
0|406|604|1010
0|406|605|1011
0|407|605|1012
0|407|606|1013
0|408|606|1014
0|408|607|1015
0|409|607|1016
0|409|608|1017
0|410|608|1018
0|410|609|1019
0|411|609|1020
0|411|610|1021
0|412|610|1022
0|412|611|1023
0|413|611|1024
0|413|612|1025
0|414|612|1026
0|414|613|1027
0|415|613|1028
0|415|614|1029
0|416|614|1030
0|416|615|1031
0|417|615|1032
0|417|616|1033
0|418|616|1034
0|418|617|1035
0|419|617|1036
0|419|618|1037
0|420|618|1038
0|420|619|1039
0|421|619|1040
0|421|620|1041
0|422|620|1042
0|422|621|1043
0|423|621|1044
0|423|622|1045
0|424|622|1046
0|424|623|1047
0|425|623|1048
0|425|624|1049
0|426|624|1050
0|426|625|1051
0|427|625|1052
0|427|626|1053
0|428|626|1054
0|428|627|1055
0|429|627|1056
0|429|628|1057
0|430|628|1058
0|430|629|1059
0|431|629|1060
0|431|630|1061
0|432|630|1062
0|432|631|1063
0|433|631|1064
0|433|632|1065
0|434|632|1066
0|434|633|1067
0|435|633|1068
0|435|634|1069
0|436|634|1070
0|436|635|1071
0|437|635|1072
0|437|636|1073
0|437|637|1074
0|437|638|1075
0|438|638|1076
0|438|639|1077
0|439|639|1078
0|439|640|1079
0|440|640|1080
0|440|641|1081
0|441|641|1082
0|441|642|1083
0|442|642|1084
0|442|643|1085
0|443|643|1086
0|443|644|1087
0|444|644|1088
0|444|645|1089
0|444|646|1090
0|444|647|1091
0|445|647|1092
0|445|648|1093
0|446|648|1094
0|446|649|1095
0|447|649|1096
0|447|650|1097
0|447|651|1098
0|447|652|1099
0|448|652|1100
0|448|653|1101
0|449|653|1102
0|449|654|1103
0|450|654|1104
0|450|655|1105
0|451|655|1106
0|451|656|1107
0|452|656|1108
0|452|657|1109
0|453|657|1110
0|453|658|1111
0|454|658|1112
0|454|659|1113
0|455|659|1114
0|455|660|1115
0|456|660|1116
0|456|661|1117
0|457|661|1118
0|457|662|1119
0|458|662|1120
0|458|663|1121
0|459|663|1122
0|459|664|1123
0|460|664|1124
0|460|665|1125
0|461|665|1126
0|461|666|1127
0|462|666|1128
0|462|667|1129
0|463|667|1130
0|463|668|1131
0|464|668|1132
0|464|669|1133
0|465|669|1134
0|465|670|1135
0|466|670|1136
0|466|671|1137
0|467|671|1138
0|467|672|1139
0|468|672|1140
0|468|673|1141
0|469|673|1142
0|469|674|1143
0|470|674|1144
0|470|675|1145
0|471|675|1146
0|471|676|1147
0|472|676|1148
0|472|677|1149
0|473|677|1150
0|473|678|1151
0|474|678|1152
0|474|679|1153
0|475|679|1154
0|475|680|1155
0|476|680|1156
0|476|681|1157
0|477|681|1158
0|477|682|1159
0|478|682|1160
0|478|683|1161
0|479|683|1162
0|479|684|1163
0|480|684|1164
0|480|685|1165
0|481|685|1166
0|481|686|1167
0|482|686|1168
0|482|687|1169
0|483|687|1170
0|483|688|1171
0|484|688|1172
0|484|689|1173
0|485|689|1174
0|485|690|1175
0|486|690|1176
0|486|691|1177
0|487|691|1178
0|487|692|1179
0|488|692|1180
0|488|693|1181
0|489|693|1182
0|489|694|1183
0|490|694|1184
0|490|695|1185
0|491|695|1186
0|491|696|1187
0|492|696|1188
0|492|697|1189
0|493|697|1190
0|493|698|1191
0|494|698|1192
0|494|699|1193
0|495|699|1194
0|495|700|1195
0|496|700|1196
0|496|701|1197
0|497|701|1198
0|497|702|1199
0|498|702|1200
0|498|703|1201
0|499|703|1202
0|499|704|1203
0|500|704|1204
0|500|705|1205
0|501|705|1206
0|501|706|1207
0|502|706|1208
0|502|707|1209
0|503|707|1210
0|503|708|1211
0|504|708|1212
0|504|709|1213
0|505|709|1214
0|505|710|1215
0|506|710|1216
0|506|711|1217
0|507|711|1218
0|507|712|1219
0|508|712|1220
0|508|713|1221
0|509|713|1222
0|509|714|1223
0|510|714|1224
0|510|715|1225
0|511|715|1226
0|511|716|1227
0|512|716|1228
0|512|717|1229
0|513|717|1230
0|513|718|1231
0|514|718|1232
0|514|719|1233
0|515|719|1234
0|515|720|1235
0|516|720|1236
0|516|721|1237
0|517|721|1238
0|517|722|1239
0|518|722|1240
0|518|723|1241
0|519|723|1242
0|519|724|1243
0|520|724|1244
0|520|725|1245
0|521|725|1246
0|521|726|1247
0|522|726|1248
0|522|727|1249
0|523|727|1250
0|523|728|1251
0|524|728|1252
0|524|729|1253
0|525|729|1254
0|525|730|1255
0|526|730|1256
0|526|731|1257
0|527|731|1258
0|527|732|1259
0|528|732|1260
0|528|733|1261
0|529|733|1262
0|529|734|1263
0|530|734|1264
0|530|735|1265
0|531|735|1266
0|531|736|1267
0|532|736|1268
0|532|737|1269
0|533|737|1270
0|533|738|1271
0|534|738|1272
0|534|739|1273
0|535|739|1274
0|535|740|1275
0|536|740|1276
0|536|741|1277
0|537|741|1278
0|537|742|1279
0|538|742|1280
0|538|743|1281
0|539|743|1282
0|539|744|1283
0|540|744|1284
0|540|745|1285
0|541|745|1286
0|541|746|1287
0|542|746|1288
0|542|747|1289
0|543|747|1290
0|543|748|1291
0|544|748|1292
0|544|749|1293
0|545|749|1294
0|545|750|1295
0|546|750|1296
0|546|751|1297
0|547|751|1298
0|547|752|1299
0|548|752|1300
0|548|753|1301
0|549|753|1302
0|549|754|1303
0|550|754|1304
0|550|755|1305
0|551|755|1306
0|551|756|1307
0|552|756|1308
0|552|757|1309
0|553|757|1310
0|553|758|1311
0|554|758|1312
0|554|759|1313
0|555|759|1314
0|555|760|1315
0|556|760|1316
0|556|761|1317
0|557|761|1318
0|557|762|1319
0|558|762|1320
0|558|763|1321
0|559|763|1322
0|559|764|1323
0|560|764|1324
0|560|765|1325
0|561|765|1326
0|561|766|1327
0|562|766|1328
0|562|767|1329
0|563|767|1330
0|563|768|1331
0|564|768|1332
0|564|769|1333
0|565|769|1334
0|565|770|1335
0|566|770|1336
0|566|771|1337
0|567|771|1338
0|567|772|1339
0|568|772|1340
0|568|773|1341
0|569|773|1342
0|569|774|1343
0|570|774|1344
0|570|775|1345
0|571|775|1346
0|571|776|1347
0|572|776|1348
0|572|777|1349
0|573|777|1350
0|573|778|1351
0|574|778|1352
0|574|779|1353
0|575|779|1354
0|575|780|1355
0|576|780|1356
0|576|781|1357
0|577|781|1358
0|577|782|1359
0|578|782|1360
0|578|783|1361
0|579|783|1362
0|579|784|1363
0|580|784|1364
0|580|785|1365
0|581|785|1366
0|581|786|1367
0|582|786|1368
0|582|787|1369
0|583|787|1370
0|583|788|1371
0|584|788|1372
0|584|789|1373
0|585|789|1374
0|585|790|1375
0|586|790|1376
0|586|791|1377
0|587|791|1378
0|587|792|1379
0|588|792|1380
0|588|793|1381
0|589|793|1382
0|589|794|1383
0|590|794|1384
0|590|795|1385
0|591|795|1386
0|592|796|1388
0|593|796|1389
0|593|797|1390
0|594|797|1391
0|594|798|1392
0|595|798|1393
0|595|799|1394
0|596|799|1395
0|596|800|1396
0|596|801|1397
0|596|802|1398
0|596|803|1399
0|596|804|1400
0|596|805|1401
0|596|806|1402
0|596|807|1403
0|596|808|1404
0|596|809|1405
0|596|810|1406
0|596|811|1407
0|596|812|1408
0|596|813|1409
0|596|814|1410
0|596|815|1411
0|596|816|1412
0|596|817|1413
0|596|818|1414
0|596|819|1415
0|596|820|1416
0|596|821|1417
0|596|822|1418
0|596|823|1419
0|596|824|1420
0|596|825|1421
0|596|826|1422
0|596|827|1423
0|596|828|1424
0|596|829|1425
0|596|830|1426
0|596|831|1427
0|596|832|1428
0|596|833|1429
0|596|834|1430
0|596|835|1431
0|596|836|1432
0|597|836|1433
0|597|837|1434
0|598|837|1435
0|598|838|1436
0|599|838|1437
0|599|839|1438
0|600|839|1439
0|600|840|1440
0|601|840|1441
0|601|841|1442
0|602|841|1443
0|602|842|1444
0|603|842|1445
0|603|843|1446
0|604|843|1447
0|604|844|1448
0|605|844|1449
0|605|845|1450
0|606|845|1451
0|606|846|1452
0|607|846|1453
0|607|847|1454
0|608|847|1455
0|608|848|1456
0|609|848|1457
0|609|849|1458
0|610|849|1459
0|610|850|1460
0|611|850|1461
0|611|851|1462
0|612|851|1463
0|612|852|1464
0|613|852|1465
0|613|853|1466
0|614|853|1467
0|614|854|1468
0|615|854|1469
0|615|855|1470
0|616|855|1471
0|616|856|1472
0|617|856|1473
0|617|857|1474
0|618|857|1475
0|618|858|1476
0|619|858|1477
0|619|859|1478
0|620|859|1479
0|620|860|1480
0|621|860|1481
0|621|861|1482
0|622|861|1483
0|622|862|1484
0|623|862|1485
0|623|863|1486
0|624|863|1487
0|624|864|1488
0|625|864|1489
0|625|865|1490
0|626|865|1491
0|626|866|1492
0|627|866|1493
0|627|867|1494
0|628|867|1495
0|628|868|1496
0|629|868|1497
0|629|869|1498
0|630|869|1499
0|630|870|1500
0|631|870|1501
0|631|871|1502
0|632|871|1503
0|632|872|1504
0|633|872|1505
0|633|873|1506
0|634|873|1507
0|634|874|1508
0|635|874|1509
0|635|875|1510
0|636|875|1511
0|636|876|1512
0|637|876|1513
0|637|877|1514
0|638|877|1515
0|638|878|1516
0|639|878|1517
0|639|879|1518
0|640|879|1519
0|640|880|1520
0|641|880|1521
0|641|881|1522
0|642|881|1523
0|642|882|1524
0|643|882|1525
0|643|883|1526
0|644|883|1527
0|644|884|1528
0|645|884|1529
0|645|885|1530
0|646|885|1531
0|646|886|1532
0|647|886|1533
0|647|887|1534
0|648|887|1535
0|648|888|1536
0|649|888|1537
0|649|889|1538
0|650|889|1539
0|650|890|1540
0|650|891|1541
0|650|892|1542
0|650|893|1543
0|650|894|1544
0|650|895|1545
0|650|896|1546
0|650|897|1547
0|650|898|1548
0|650|899|1549
0|650|900|1550
0|650|901|1551
0|650|902|1552
0|650|903|1553
0|650|904|1554
0|650|905|1555
0|650|906|1556
0|650|907|1557
0|650|908|1558
0|650|909|1559
0|650|910|1560
0|650|911|1561
0|650|912|1562
0|650|913|1563
0|650|914|1564
0|650|915|1565
0|650|916|1566
0|650|917|1567
0|650|918|1568
0|650|919|1569
0|650|920|1570
0|650|921|1571
0|650|922|1572
0|650|923|1573
0|650|924|1574
0|650|925|1575
0|650|926|1576
0|651|926|1577
0|651|927|1578
0|652|927|1579
0|652|928|1580
0|653|928|1581
0|653|929|1582
0|654|929|1583
0|654|930|1584
0|655|930|1585
0|655|931|1586
0|656|931|1587
0|656|932|1588
0|657|932|1589
0|657|933|1590
0|658|933|1591
0|658|934|1592
0|659|934|1593
0|659|935|1594
0|660|935|1595
0|660|936|1596
0|661|936|1597
0|661|937|1598
0|662|937|1599
0|662|938|1600
0|663|938|1601
0|663|939|1602
0|664|939|1603
0|664|940|1604
0|665|940|1605
0|665|941|1606
0|666|941|1607
0|666|942|1608
0|667|942|1609
0|667|943|1610
0|668|943|1611
0|668|944|1612
0|668|945|1613
0|668|946|1614
0|668|947|1615
0|668|948|1616
0|668|949|1617
0|668|950|1618
0|669|950|1619
0|669|951|1620
0|670|951|1621
0|670|952|1622
0|670|953|1623
0|670|954|1624
0|671|954|1625
0|671|955|1626
0|672|955|1627
0|672|956|1628
0|672|957|1629
0|672|958|1630
0|672|959|1631
0|672|960|1632
0|673|960|1633
0|673|961|1634
0|674|961|1635
0|674|962|1636
0|675|962|1637
0|675|963|1638
0|675|964|1639
0|675|965|1640
0|676|965|1641
0|676|966|1642
0|676|967|1643
0|676|968|1644
0|677|968|1645
0|677|969|1646
0|677|970|1647
0|677|971|1648
0|677|972|1649
0|677|973|1650
0|677|974|1651
0|677|975|1652
0|678|975|1653
0|678|976|1654
0|678|977|1655
0|678|978|1656
0|679|978|1657
0|679|979|1658
0|680|979|1659
0|680|980|1660
0|681|980|1661
0|681|981|1662
0|681|982|1663
0|681|983|1664
0|681|984|1665
0|681|985|1666
0|682|985|1667
0|682|986|1668
0|682|987|1669
0|682|988|1670
0|683|988|1671
0|683|989|1672
0|683|990|1673
0|683|991|1674
0|684|991|1675
0|684|992|1676
0|685|992|1677
0|685|993|1678
0|686|993|1679
0|686|994|1680
0|686|995|1681
0|686|996|1682
0|686|997|1683
0|686|998|1684
0|687|998|1685
0|687|999|1686
0|688|999|1687
0|688|1000|1688
0|689|1000|1689
0|689|1001|1690
0|690|1001|1691
0|690|1002|1692
0|691|1002|1693
0|691|1003|1694
0|692|1003|1695
0|692|1004|1696
0|693|1004|1697
0|693|1005|1698
0|694|1005|1699
0|694|1006|1700
0|695|1006|1701
0|695|1007|1702
0|696|1007|1703
0|696|1008|1704
0|697|1008|1705
0|697|1009|1706
0|698|1009|1707
0|698|1010|1708
0|699|1010|1709
0|699|1011|1710
0|700|1011|1711
0|700|1012|1712
0|701|1012|1713
0|701|1013|1714
0|702|1013|1715
0|702|1014|1716
0|703|1014|1717
0|703|1015|1718
0|704|1015|1719
0|704|1016|1720
0|705|1016|1721
0|705|1017|1722
0|706|1017|1723
0|706|1018|1724
0|707|1018|1725
0|707|1019|1726
0|708|1019|1727
0|708|1020|1728
0|709|1020|1729
0|709|1021|1730
0|710|1021|1731
0|710|1022|1732
0|711|1022|1733
0|711|1023|1734
0|712|1023|1735
0|712|1024|1736
0|713|1024|1737
0|713|1025|1738
0|714|1025|1739
0|714|1026|1740
0|715|1026|1741
0|715|1027|1742
0|716|1027|1743
0|716|1028|1744
0|717|1028|1745
0|717|1029|1746
0|718|1029|1747
0|718|1030|1748
0|719|1030|1749
0|719|1031|1750
0|720|1031|1751
0|720|1032|1752
0|721|1032|1753
0|721|1033|1754
0|722|1033|1755
0|722|1034|1756
0|723|1034|1757
0|723|1035|1758
0|724|1035|1759
0|724|1036|1760
0|725|1036|1761
0|725|1037|1762
0|726|1037|1763
0|726|1038|1764
0|727|1038|1765
0|727|1039|1766
0|728|1039|1767
0|728|1040|1768
0|729|1040|1769
0|729|1041|1770
0|730|1041|1771
0|730|1042|1772
0|730|1043|1773
0|730|1044|1774
0|731|1044|1775
0|731|1045|1776
0|732|1045|1777
0|732|1046|1778
0|733|1046|1779
0|733|1047|1780
0|733|1048|1781
0|733|1049|1782
0|734|1049|1783
0|734|1050|1784
0|734|1051|1785
0|734|1052|1786
0|735|1052|1787
0|735|1053|1788
0|736|1053|1789
0|736|1054|1790
0|736|1055|1791
0|736|1056|1792
0|737|1056|1793
0|737|1057|1794
0|738|1057|1795
0|738|1058|1796
0|739|1058|1797
0|739|1059|1798
0|740|1059|1799
0|740|1060|1800
0|741|1060|1801
0|741|1061|1802
0|742|1061|1803
0|742|1062|1804
0|743|1062|1805
0|743|1063|1806
0|744|1063|1807
0|744|1064|1808
0|745|1064|1809
0|745|1065|1810
0|746|1065|1811
0|746|1066|1812
0|747|1066|1813
0|747|1067|1814
0|748|1067|1815
0|748|1068|1816
0|749|1068|1817
0|749|1069|1818
0|750|1069|1819
0|750|1070|1820
0|751|1070|1821
0|751|1071|1822
0|752|1071|1823
0|752|1072|1824
0|753|1072|1825
0|753|1073|1826
0|754|1073|1827
0|754|1074|1828
0|755|1074|1829
0|755|1075|1830
0|756|1075|1831
0|756|1076|1832
0|757|1076|1833
0|757|1077|1834
0|758|1077|1835
0|758|1078|1836
0|759|1078|1837
0|759|1079|1838
0|760|1079|1839
0|760|1080|1840
0|761|1080|1841
0|761|1081|1842
0|762|1081|1843
0|762|1082|1844
0|763|1082|1845
0|763|1083|1846
0|764|1083|1847
0|764|1084|1848
0|765|1084|1849
0|765|1085|1850
0|766|1085|1851
0|766|1086|1852
0|767|1086|1853
0|767|1087|1854
0|768|1087|1855
0|768|1088|1856
0|769|1088|1857
0|769|1089|1858
0|770|1089|1859
0|770|1090|1860
0|771|1090|1861
0|771|1091|1862
0|772|1091|1863
0|772|1092|1864
0|773|1092|1865
0|773|1093|1866
0|774|1093|1867
0|774|1094|1868
0|775|1094|1869
0|775|1095|1870
0|776|1095|1871
0|776|1096|1872
0|777|1096|1873
0|777|1097|1874
0|778|1097|1875
0|778|1098|1876
0|779|1098|1877
0|779|1099|1878
0|780|1099|1879
0|780|1100|1880
0|781|1100|1881
0|781|1101|1882
0|782|1101|1883
0|782|1102|1884
0|783|1102|1885
0|783|1103|1886
0|784|1103|1887
0|784|1104|1888
0|785|1104|1889
0|785|1105|1890
0|786|1105|1891
0|786|1106|1892
0|787|1106|1893
0|787|1107|1894
0|788|1107|1895
0|788|1108|1896
0|789|1108|1897
0|789|1109|1898
0|790|1109|1899
0|790|1110|1900
0|791|1110|1901
0|791|1111|1902
0|792|1111|1903
0|792|1112|1904
0|793|1112|1905
0|793|1113|1906
0|794|1113|1907
0|794|1114|1908
0|795|1114|1909
0|795|1115|1910
0|796|1115|1911
0|796|1116|1912
0|797|1116|1913
0|797|1117|1914
0|798|1117|1915
0|798|1118|1916
0|799|1118|1917
0|799|1119|1918
0|800|1119|1919
0|800|1120|1920
0|801|1120|1921
0|801|1121|1922
0|802|1121|1923
0|802|1122|1924
0|803|1122|1925
0|803|1123|1926
0|804|1123|1927
0|804|1124|1928
0|805|1124|1929
0|805|1125|1930
0|806|1125|1931
0|806|1126|1932
0|807|1126|1933
0|807|1127|1934
0|808|1127|1935
0|808|1128|1936
0|809|1128|1937
0|809|1129|1938
0|810|1129|1939
0|810|1130|1940
0|811|1130|1941
0|811|1131|1942
0|812|1131|1943
0|812|1132|1944
0|813|1132|1945
0|813|1133|1946
0|814|1133|1947
0|814|1134|1948
0|815|1134|1949
0|815|1135|1950
0|816|1135|1951
0|816|1136|1952
0|817|1136|1953
0|817|1137|1954
0|818|1137|1955
0|818|1138|1956
0|819|1138|1957
0|819|1139|1958
0|820|1139|1959
0|820|1140|1960
0|821|1140|1961
0|821|1141|1962
0|822|1141|1963
0|822|1142|1964
0|823|1142|1965
0|823|1143|1966
0|824|1143|1967
0|824|1144|1968
0|825|1144|1969
0|825|1145|1970
0|826|1145|1971
0|826|1146|1972
0|827|1146|1973
0|827|1147|1974
0|828|1147|1975
0|828|1148|1976
0|829|1148|1977
0|829|1149|1978
0|830|1149|1979
0|830|1150|1980
0|831|1150|1981
0|831|1151|1982
0|832|1151|1983
0|832|1152|1984
0|833|1152|1985
0|833|1153|1986
0|834|1153|1987
0|834|1154|1988
0|835|1154|1989
0|835|1155|1990
0|836|1155|1991
0|836|1156|1992
0|837|1156|1993
0|837|1157|1994
0|838|1157|1995
0|838|1158|1996
0|839|1158|1997
0|839|1159|1998
0|840|1159|1999
0|840|1160|2000
