total
0|0|1|1
0|0|2|2
0|1|2|3
0|2|2|4
0|2|3|5
0|3|3|6
0|3|4|7
0|4|4|8
0|4|5|9
0|5|5|10
0|5|6|11
0|6|6|12
0|6|7|13
0|7|7|14
0|8|7|15
0|9|7|16
0|9|8|17
0|10|8|18
0|10|9|19
0|11|9|20
0|12|9|21
0|13|9|22
0|13|10|23
0|14|10|24
0|15|10|25
1|15|10|26
1|15|11|27
1|16|11|28
2|16|11|29
2|16|12|30
3|16|12|31
3|16|13|32
4|16|13|33
4|16|14|34
5|16|14|35
5|16|15|36
6|16|15|37
6|16|16|38
7|16|16|39
7|16|17|40
8|16|17|41
8|16|18|42
9|16|18|43
9|16|19|44
10|16|19|45
10|16|20|46
11|16|20|47
11|16|21|48
12|16|21|49
12|16|22|50
13|16|22|51
13|16|23|52
14|16|23|53
14|16|24|54
15|16|24|55
15|16|25|56
16|16|25|57
16|16|26|58
17|16|26|59
17|16|27|60
18|16|27|61
18|16|28|62
19|16|28|63
19|16|29|64
19|16|30|65
19|17|30|66
19|17|31|67
19|18|31|68
19|18|32|69
19|19|32|70
19|19|33|71
19|20|33|72
19|20|34|73
19|21|34|74
19|21|35|75
19|22|35|76
19|22|36|77
19|23|36|78
19|23|37|79
19|24|37|80
19|24|38|81
19|25|38|82
19|25|39|83
19|26|39|84
19|26|40|85
19|27|40|86
19|27|41|87
19|28|41|88
19|28|42|89
19|29|42|90
19|29|43|91
19|30|43|92
19|30|44|93
19|31|44|94
19|31|45|95
19|32|45|96
19|32|46|97
19|33|46|98
19|33|47|99
19|34|47|100
19|34|48|101
19|34|49|102
19|34|50|103
19|34|51|104
19|34|52|105
19|35|52|106
19|35|53|107
19|36|53|108
19|36|54|109
19|37|54|110
19|37|55|111
19|37|56|112
19|37|57|113
19|38|57|114
19|38|58|115
19|38|59|116
19|38|60|117
19|39|60|118
19|39|61|119
19|40|61|120
19|40|62|121
19|41|62|122
19|41|63|123
19|42|63|124
19|42|64|125
19|43|64|126
19|43|65|127
19|44|65|128
19|44|66|129
19|44|67|130
19|44|68|131
19|44|69|132
19|44|70|133
19|44|71|134
19|44|72|135
19|45|72|136
19|45|73|137
20|45|73|138
20|45|74|139
21|45|74|140
21|45|75|141
21|46|75|142
21|46|76|143
21|47|76|144
21|47|77|145
21|48|77|146
21|48|78|147
21|49|78|148
21|49|79|149
21|50|79|150
21|50|80|151
21|51|80|152
21|52|80|153
21|53|80|154
21|53|81|155
21|54|81|156
21|54|82|157
21|55|82|158
21|55|83|159
21|56|83|160
21|56|84|161
21|57|84|162
21|57|85|163
22|57|85|164
22|58|85|165
22|59|85|166
22|60|85|167
22|61|85|168
22|61|86|169
22|62|86|170
22|63|86|171
22|64|86|172
22|64|87|173
22|65|87|174
22|65|88|175
22|66|88|176
22|66|89|177
22|67|89|178
22|67|90|179
22|68|90|180
22|68|91|181
22|69|91|182
22|69|92|183
22|70|92|184
22|70|93|185
22|71|93|186
22|71|94|187
22|72|94|188
22|72|95|189
22|73|95|190
22|73|96|191
22|74|96|192
22|74|97|193
22|75|97|194
22|75|98|195
22|76|98|196
22|76|99|197
22|77|99|198
22|77|100|199
22|78|100|200
22|78|101|201
22|79|101|202
22|79|102|203
22|80|102|204
22|80|103|205
22|81|103|206
22|81|104|207
22|82|104|208
22|82|105|209
22|82|106|210
22|82|107|211
22|83|107|212
22|83|108|213
22|83|109|214
22|83|110|215
22|83|111|216
22|83|112|217
22|84|112|218
23|84|112|219
23|84|113|220
23|84|114|221
23|84|115|222
23|84|116|223
23|85|116|224
23|85|117|225
23|85|118|226
24|85|118|227
24|85|119|228
24|85|120|229
24|86|120|230
24|86|121|231
24|87|121|232
24|87|122|233
24|87|123|234
24|87|124|235
24|88|124|236
24|88|125|237
24|89|125|238
24|89|126|239
24|89|127|240
24|89|128|241
24|89|129|242
24|89|130|243
24|89|131|244
24|90|131|245
24|91|131|246
24|92|131|247
24|92|132|248
24|93|132|249
24|93|133|250
24|94|133|251
24|94|134|252
24|95|134|253
24|96|134|254
24|97|134|255
24|97|135|256
24|98|135|257
25|98|135|258
25|99|135|259
25|99|136|260
25|100|136|261
25|100|137|262
25|101|137|263
25|101|138|264
25|102|138|265
25|103|138|266
25|104|138|267
26|104|138|268
26|105|138|269
26|105|139|270
26|106|139|271
26|107|139|272
26|108|139|273
26|108|140|274
26|109|140|275
26|109|141|276
26|110|141|277
26|110|142|278
26|111|142|279
26|111|143|280
26|112|143|281
26|112|144|282
26|113|144|283
26|113|145|284
26|114|145|285
26|114|146|286
26|115|146|287
26|115|147|288
26|116|147|289
26|116|148|290
26|117|148|291
26|117|149|292
26|118|149|293
26|118|150|294
26|119|150|295
26|119|151|296
26|120|151|297
26|120|152|298
26|121|152|299
26|121|153|300
26|122|153|301
26|122|154|302
26|123|154|303
26|123|155|304
26|124|155|305
26|124|156|306
26|125|156|307
26|125|157|308
26|126|157|309
26|126|158|310
26|127|158|311
26|127|159|312
26|128|159|313
26|128|160|314
26|129|160|315
26|129|161|316
26|129|162|317
26|129|163|318
26|129|164|319
27|129|164|320
27|129|165|321
27|130|165|322
27|130|166|323
27|130|167|324
27|130|168|325
28|130|168|326
28|130|169|327
28|130|170|328
28|130|171|329
28|131|171|330
28|131|172|331
28|131|173|332
28|131|174|333
29|131|174|334
29|131|175|335
29|132|175|336
29|132|176|337
29|132|177|338
29|132|178|339
29|132|179|340
29|132|180|341
30|132|180|342
30|132|181|343
30|132|182|344
30|132|183|345
30|133|183|346
30|133|184|347
30|133|185|348
30|133|186|349
31|133|186|350
31|133|187|351
31|134|187|352
31|135|187|353
31|135|188|354
31|135|189|355
31|135|190|356
31|135|191|357
31|136|191|358
31|136|192|359
31|137|192|360
31|137|193|361
31|138|193|362
32|138|193|363
32|138|194|364
32|138|195|365
32|138|196|366
32|138|197|367
32|139|197|368
32|139|198|369
32|140|198|370
33|140|198|371
33|140|199|372
33|140|200|373
33|140|201|374
33|140|202|375
33|140|203|376
33|140|204|377
33|141|204|378
33|141|205|379
33|142|205|380
33|142|206|381
33|142|207|382
33|142|208|383
33|143|208|384
33|143|209|385
33|143|210|386
33|143|211|387
33|144|211|388
33|144|212|389
33|144|213|390
33|144|214|391
33|145|214|392
33|145|215|393
33|145|216|394
33|145|217|395
33|145|218|396
34|145|218|397
34|145|219|398
34|145|220|399
34|145|221|400
34|145|222|401
34|145|223|402
34|145|224|403
34|146|224|404
35|146|224|405
35|146|225|406
35|146|226|407
35|146|227|408
35|146|228|409
35|146|229|410
36|146|229|411
36|146|230|412
36|146|231|413
36|146|232|414
36|146|233|415
36|147|233|416
36|147|234|417
36|147|235|418
36|147|236|419
36|147|237|420
36|147|238|421
36|147|239|422
36|147|240|423
36|147|241|424
36|147|242|425
36|148|242|426
36|148|243|427
36|149|243|428
36|149|244|429
36|150|244|430
36|150|245|431
36|151|245|432
37|151|245|433
37|152|245|434
37|152|246|435
37|153|246|436
37|153|247|437
37|154|247|438
37|154|248|439
37|155|248|440
38|155|248|441
38|156|248|442
38|156|249|443
38|157|249|444
38|157|250|445
38|158|250|446
38|158|251|447
38|159|251|448
38|159|252|449
38|160|252|450
38|160|253|451
38|161|253|452
38|161|254|453
38|162|254|454
38|162|255|455
38|163|255|456
38|163|256|457
38|164|256|458
38|164|257|459
38|165|257|460
38|165|258|461
38|165|259|462
38|165|260|463
38|166|260|464
38|166|261|465
38|167|261|466
38|167|262|467
38|168|262|468
39|168|262|469
39|168|263|470
39|168|264|471
39|169|264|472
39|169|265|473
39|170|265|474
39|170|266|475
39|171|266|476
40|171|266|477
40|171|267|478
40|171|268|479
40|172|268|480
40|172|269|481
40|173|269|482
40|173|270|483
40|174|270|484
40|174|271|485
40|175|271|486
40|175|272|487
40|176|272|488
40|176|273|489
40|177|273|490
40|177|274|491
40|178|274|492
40|178|275|493
40|179|275|494
40|179|276|495
40|179|277|496
40|179|278|497
40|180|278|498
40|180|279|499
40|181|279|500
40|181|280|501
40|182|280|502
40|182|281|503
40|183|281|504
40|183|282|505
40|183|283|506
40|183|284|507
40|184|284|508
40|184|285|509
40|185|285|510
40|185|286|511
40|186|286|512
40|186|287|513
40|186|288|514
40|186|289|515
40|187|289|516
40|187|290|517
40|188|290|518
40|188|291|519
40|189|291|520
40|189|292|521
40|190|292|522
40|190|293|523
40|191|293|524
40|191|294|525
41|191|294|526
41|191|295|527
41|191|296|528
41|191|297|529
41|192|297|530
41|192|298|531
41|193|298|532
41|193|299|533
41|194|299|534
41|194|300|535
41|195|300|536
41|195|301|537
41|196|301|538
41|196|302|539
41|197|302|540
41|197|303|541
41|198|303|542
41|198|304|543
41|199|304|544
41|199|305|545
41|200|305|546
41|200|306|547
41|201|306|548
41|201|307|549
41|202|307|550
41|202|308|551
41|203|308|552
41|203|309|553
41|204|309|554
41|204|310|555
41|205|310|556
41|205|311|557
41|206|311|558
41|206|312|559
41|207|312|560
41|207|313|561
41|208|313|562
41|209|313|563
41|210|313|564
41|210|314|565
42|210|314|566
42|210|315|567
42|211|315|568
43|211|315|569
43|211|316|570
44|211|316|571
44|211|317|572
45|211|317|573
45|211|318|574
46|211|318|575
46|211|319|576
47|211|319|577
47|211|320|578
48|211|320|579
48|211|321|580
49|211|321|581
49|211|322|582
50|211|322|583
50|211|323|584
51|211|323|585
51|211|324|586
52|211|324|587
52|211|325|588
53|211|325|589
53|211|326|590
54|211|326|591
54|211|327|592
55|211|327|593
55|211|328|594
56|211|328|595
56|211|329|596
57|211|329|597
57|211|330|598
58|211|330|599
58|211|331|600
59|211|331|601
59|211|332|602
60|211|332|603
60|211|333|604
60|211|334|605
60|212|334|606
60|212|335|607
60|213|335|608
60|213|336|609
60|214|336|610
60|214|337|611
60|215|337|612
60|215|338|613
60|216|338|614
60|216|339|615
60|217|339|616
60|217|340|617
60|218|340|618
60|218|341|619
60|219|341|620
60|219|342|621
60|220|342|622
60|220|343|623
60|221|343|624
60|221|344|625
60|222|344|626
60|222|345|627
60|223|345|628
60|223|346|629
60|224|346|630
60|224|347|631
60|225|347|632
60|225|348|633
60|226|348|634
60|226|349|635
61|226|349|636
61|226|350|637
61|226|351|638
61|226|352|639
61|227|352|640
61|227|353|641
61|227|354|642
61|227|355|643
61|228|355|644
61|228|356|645
61|229|356|646
61|229|357|647
61|230|357|648
61|230|358|649
61|231|358|650
61|231|359|651
61|231|360|652
61|231|361|653
61|232|361|654
61|232|362|655
61|233|362|656
61|233|363|657
61|233|364|658
61|233|365|659
61|234|365|660
61|234|366|661
61|235|366|662
61|235|367|663
61|236|367|664
61|236|368|665
61|236|369|666
61|236|370|667
61|237|370|668
61|237|371|669
61|238|371|670
61|238|372|671
61|239|372|672
61|239|373|673
61|240|373|674
61|240|374|675
61|240|375|676
61|240|376|677
61|241|376|678
61|241|377|679
61|242|377|680
61|242|378|681
61|243|378|682
61|243|379|683
61|244|379|684
61|244|380|685
61|245|380|686
61|245|381|687
61|246|381|688
61|246|382|689
61|247|382|690
61|247|383|691
61|248|383|692
61|248|384|693
61|249|384|694
61|249|385|695
61|250|385|696
61|250|386|697
61|251|386|698
61|251|387|699
61|252|387|700
61|252|388|701
61|253|388|702
61|253|389|703
61|254|389|704
61|255|389|705
61|256|389|706
61|256|390|707
61|257|390|708
61|258|390|709
62|258|390|710
62|258|391|711
62|259|391|712
63|259|391|713
63|259|392|714
64|259|392|715
64|259|393|716
65|259|393|717
65|259|394|718
66|259|394|719
66|259|395|720
67|259|395|721
67|259|396|722
68|259|396|723
68|259|397|724
69|259|397|725
69|259|398|726
70|259|398|727
70|259|399|728
71|259|399|729
71|259|400|730
72|259|400|731
72|259|401|732
73|259|401|733
73|259|402|734
74|259|402|735
74|259|403|736
75|259|403|737
75|259|404|738
76|259|404|739
76|259|405|740
77|259|405|741
77|259|406|742
78|259|406|743
78|259|407|744
79|259|407|745
79|259|408|746
80|259|408|747
80|259|409|748
80|259|410|749
80|260|410|750
80|260|411|751
80|261|411|752
80|261|412|753
80|262|412|754
80|262|413|755
80|263|413|756
80|263|414|757
80|264|414|758
80|264|415|759
80|265|415|760
80|265|416|761
80|266|416|762
80|266|417|763
80|267|417|764
80|267|418|765
80|268|418|766
80|268|419|767
80|269|419|768
80|269|420|769
80|270|420|770
80|270|421|771
80|271|421|772
80|271|422|773
80|272|422|774
80|272|423|775
80|273|423|776
80|273|424|777
80|274|424|778
80|274|425|779
80|275|425|780
80|275|426|781
80|276|426|782
80|276|427|783
80|277|427|784
80|277|428|785
80|277|429|786
80|277|430|787
80|278|430|788
80|278|431|789
80|279|431|790
80|279|432|791
80|280|432|792
80|280|433|793
80|281|433|794
80|281|434|795
80|281|435|796
80|281|436|797
80|282|436|798
80|282|437|799
80|283|437|800
80|283|438|801
80|284|438|802
80|284|439|803
80|285|439|804
80|285|440|805
80|286|440|806
80|286|441|807
80|287|441|808
80|287|442|809
80|287|443|810
80|287|444|811
80|288|444|812
80|288|445|813
80|288|446|814
80|288|447|815
80|289|447|816
80|289|448|817
80|289|449|818
80|289|450|819
80|290|450|820
80|290|451|821
80|291|451|822
80|291|452|823
80|292|452|824
80|292|453|825
80|293|453|826
80|293|454|827
80|294|454|828
80|294|455|829
80|295|455|830
80|295|456|831
80|296|456|832
80|296|457|833
80|297|457|834
80|297|458|835
80|298|458|836
80|298|459|837
80|299|459|838
80|299|460|839
80|300|460|840
80|300|461|841
80|301|461|842
80|301|462|843
80|302|462|844
80|302|463|845
80|303|463|846
80|303|464|847
80|304|464|848
80|305|464|849
80|306|464|850
80|306|465|851
80|307|465|852
80|307|466|853
80|308|466|854
80|308|467|855
80|309|467|856
80|309|468|857
80|310|468|858
80|310|469|859
80|311|469|860
80|311|470|861
80|311|471|862
80|311|472|863
80|312|472|864
80|312|473|865
80|313|473|866
81|313|473|867
81|313|474|868
81|313|475|869
81|314|475|870
81|314|476|871
81|314|477|872
81|314|478|873
81|315|478|874
82|315|478|875
82|315|479|876
82|315|480|877
82|316|480|878
82|316|481|879
82|316|482|880
82|316|483|881
82|316|484|882
82|316|485|883
82|316|486|884
82|317|486|885
82|317|487|886
82|318|487|887
82|318|488|888
82|318|489|889
82|318|490|890
82|318|491|891
82|318|492|892
82|318|493|893
82|318|494|894
82|318|495|895
82|319|495|896
82|319|496|897
82|320|496|898
82|320|497|899
82|321|497|900
82|321|498|901
82|322|498|902
83|322|498|903
83|322|499|904
83|322|500|905
83|323|500|906
83|323|501|907
83|324|501|908
83|324|502|909
83|325|502|910
84|325|502|911
84|325|503|912
84|325|504|913
84|326|504|914
84|326|505|915
84|327|505|916
84|327|506|917
84|328|506|918
84|328|507|919
84|328|508|920
84|328|509|921
84|328|510|922
84|328|511|923
84|328|512|924
84|328|513|925
84|329|513|926
84|329|514|927
84|330|514|928
84|331|514|929
84|332|514|930
84|333|514|931
84|333|515|932
84|334|515|933
84|335|515|934
84|336|515|935
84|336|516|936
84|337|516|937
84|337|517|938
84|338|517|939
84|339|517|940
84|340|517|941
85|340|517|942
85|341|517|943
85|341|518|944
85|342|518|945
85|342|519|946
85|343|519|947
85|343|520|948
85|344|520|949
85|344|521|950
85|345|521|951
85|345|522|952
85|346|522|953
85|346|523|954
85|347|523|955
85|347|524|956
85|348|524|957
85|348|525|958
85|349|525|959
85|349|526|960
85|350|526|961
85|351|526|962
85|352|526|963
85|352|527|964
85|353|527|965
85|353|528|966
85|354|528|967
85|354|529|968
85|355|529|969
85|355|530|970
85|356|530|971
85|356|531|972
85|357|531|973
85|357|532|974
85|358|532|975
85|358|533|976
85|359|533|977
85|359|534|978
85|360|534|979
85|360|535|980
85|361|535|981
85|361|536|982
85|362|536|983
85|362|537|984
85|363|537|985
85|363|538|986
85|364|538|987
85|364|539|988
85|365|539|989
85|366|539|990
85|367|539|991
85|367|540|992
85|368|540|993
85|368|541|994
85|369|541|995
85|369|542|996
85|370|542|997
85|370|543|998
85|371|543|999
85|371|544|1000
85|371|545|1001
85|371|546|1002
85|371|547|1003
86|371|547|1004
86|371|548|1005
86|372|548|1006
86|372|549|1007
86|373|549|1008
86|373|550|1009
87|373|550|1010
87|373|551|1011
87|373|552|1012
87|373|553|1013
87|374|553|1014
87|374|554|1015
87|375|554|1016
87|375|555|1017
88|375|555|1018
88|375|556|1019
88|375|557|1020
88|375|558|1021
88|376|558|1022
88|376|559|1023
88|376|560|1024
88|376|561|1025
88|377|561|1026
88|377|562|1027
88|377|563|1028
88|377|564|1029
88|378|564|1030
88|378|565|1031
88|378|566|1032
88|378|567|1033
88|379|567|1034
88|379|568|1035
88|379|569|1036
88|379|570|1037
88|380|570|1038
88|380|571|1039
88|381|571|1040
88|381|572|1041
88|381|573|1042
88|381|574|1043
88|382|574|1044
88|382|575|1045
88|383|575|1046
88|383|576|1047
88|383|577|1048
88|383|578|1049
88|384|578|1050
88|384|579|1051
88|384|580|1052
88|384|581|1053
88|385|581|1054
89|385|581|1055
89|385|582|1056
89|385|583|1057
89|386|583|1058
89|386|584|1059
89|386|585|1060
89|386|586|1061
89|386|587|1062
89|386|588|1063
89|387|588|1064
89|387|589|1065
89|387|590|1066
89|387|591|1067
89|387|592|1068
89|387|593|1069
89|388|593|1070
89|388|594|1071
89|388|595|1072
89|388|596|1073
89|389|596|1074
89|389|597|1075
89|389|598|1076
89|389|599|1077
89|389|600|1078
89|389|601|1079
89|389|602|1080
90|389|602|1081
90|389|603|1082
90|389|604|1083
90|390|604|1084
90|390|605|1085
90|390|606|1086
90|390|607|1087
90|390|608|1088
91|390|608|1089
91|390|609|1090
91|390|610|1091
91|391|610|1092
91|391|611|1093
91|392|611|1094
91|392|612|1095
91|392|613|1096
92|392|613|1097
92|392|614|1098
92|392|615|1099
92|392|616|1100
92|392|617|1101
92|392|618|1102
92|393|618|1103
92|393|619|1104
92|393|620|1105
92|393|621|1106
92|393|622|1107
92|393|623|1108
92|393|624|1109
92|394|624|1110
92|394|625|1111
92|395|625|1112
92|395|626|1113
92|396|626|1114
92|396|627|1115
92|397|627|1116
93|397|627|1117
93|398|627|1118
93|398|628|1119
93|399|628|1120
93|399|629|1121
93|400|629|1122
93|400|630|1123
93|401|630|1124
94|401|630|1125
94|402|630|1126
94|402|631|1127
94|403|631|1128
94|403|632|1129
94|404|632|1130
94|404|633|1131
94|405|633|1132
94|405|634|1133
94|406|634|1134
94|406|635|1135
94|407|635|1136
94|407|636|1137
95|407|636|1138
95|407|637|1139
95|408|637|1140
95|408|638|1141
95|409|638|1142
95|409|639|1143
95|410|639|1144
95|410|640|1145
95|410|641|1146
95|410|642|1147
95|411|642|1148
95|411|643|1149
95|411|644|1150
95|411|645|1151
95|412|645|1152
96|412|645|1153
96|412|646|1154
96|412|647|1155
96|413|647|1156
96|413|648|1157
96|414|648|1158
96|414|649|1159
96|415|649|1160
97|415|649|1161
97|415|650|1162
97|415|651|1163
97|416|651|1164
97|416|652|1165
97|417|652|1166
97|417|653|1167
97|418|653|1168
97|418|654|1169
97|418|655|1170
97|418|656|1171
97|419|656|1172
97|419|657|1173
97|420|657|1174
97|420|658|1175
97|421|658|1176
97|421|659|1177
97|421|660|1178
97|421|661|1179
97|421|662|1180
97|421|663|1181
97|422|663|1182
97|422|664|1183
97|423|664|1184
97|423|665|1185
97|424|665|1186
97|424|666|1187
97|425|666|1188
97|425|667|1189
97|425|668|1190
97|425|669|1191
97|426|669|1192
97|426|670|1193
97|427|670|1194
97|427|671|1195
97|428|671|1196
97|428|672|1197
97|428|673|1198
97|428|674|1199
97|429|674|1200
97|429|675|1201
97|430|675|1202
97|430|676|1203
97|431|676|1204
97|431|677|1205
97|432|677|1206
97|432|678|1207
97|433|678|1208
97|433|679|1209
98|433|679|1210
98|433|680|1211
98|434|680|1212
98|434|681|1213
98|434|682|1214
98|434|683|1215
98|434|684|1216
98|434|685|1217
98|435|685|1218
98|435|686|1219
98|436|686|1220
98|436|687|1221
98|437|687|1222
98|437|688|1223
98|438|688|1224
98|438|689|1225
98|439|689|1226
98|439|690|1227
98|440|690|1228
98|440|691|1229
98|441|691|1230
98|441|692|1231
98|442|692|1232
98|442|693|1233
98|443|693|1234
98|443|694|1235
98|444|694|1236
98|444|695|1237
98|445|695|1238
98|445|696|1239
98|446|696|1240
98|446|697|1241
98|447|697|1242
98|447|698|1243
98|448|698|1244
98|449|698|1245
99|449|698|1246
99|449|699|1247
100|449|699|1248
100|450|699|1249
100|451|699|1250
100|451|700|1251
100|452|700|1252
101|452|700|1253
101|452|701|1254
102|452|701|1255
102|452|702|1256
103|452|702|1257
103|452|703|1258
104|452|703|1259
104|452|704|1260
105|452|704|1261
105|452|705|1262
106|452|705|1263
106|452|706|1264
107|452|706|1265
107|452|707|1266
108|452|707|1267
108|452|708|1268
109|452|708|1269
109|452|709|1270
110|452|709|1271
110|452|710|1272
111|452|710|1273
111|452|711|1274
112|452|711|1275
112|452|712|1276
113|452|712|1277
113|452|713|1278
114|452|713|1279
114|452|714|1280
115|452|714|1281
115|452|715|1282
116|452|715|1283
116|452|716|1284
117|452|716|1285
117|452|717|1286
118|452|717|1287
118|452|718|1288
118|452|719|1289
118|453|719|1290
118|453|720|1291
118|454|720|1292
118|454|721|1293
118|455|721|1294
118|455|722|1295
118|456|722|1296
118|456|723|1297
118|457|723|1298
118|457|724|1299
118|458|724|1300
118|458|725|1301
118|459|725|1302
118|459|726|1303
118|460|726|1304
118|460|727|1305
118|461|727|1306
118|461|728|1307
118|462|728|1308
118|462|729|1309
118|463|729|1310
118|463|730|1311
118|464|730|1312
118|464|731|1313
118|465|731|1314
118|465|732|1315
118|466|732|1316
118|466|733|1317
118|467|733|1318
118|467|734|1319
118|468|734|1320
118|468|735|1321
118|469|735|1322
118|469|736|1323
118|470|736|1324
118|470|737|1325
118|470|738|1326
118|470|739|1327
118|471|739|1328
118|471|740|1329
118|471|741|1330
118|471|742|1331
118|472|742|1332
118|472|743|1333
118|473|743|1334
118|473|744|1335
118|473|745|1336
118|473|746|1337
118|474|746|1338
118|474|747|1339
118|475|747|1340
118|475|748|1341
118|475|749|1342
118|475|750|1343
118|476|750|1344
118|476|751|1345
118|477|751|1346
118|477|752|1347
118|478|752|1348
118|478|753|1349
118|478|754|1350
118|478|755|1351
118|479|755|1352
118|479|756|1353
118|480|756|1354
118|480|757|1355
118|481|757|1356
118|481|758|1357
118|482|758|1358
118|482|759|1359
118|482|760|1360
118|482|761|1361
118|483|761|1362
118|483|762|1363
118|484|762|1364
118|484|763|1365
118|485|763|1366
118|485|764|1367
118|486|764|1368
118|486|765|1369
118|487|765|1370
118|487|766|1371
118|488|766|1372
118|488|767|1373
118|489|767|1374
118|489|768|1375
118|490|768|1376
118|490|769|1377
118|491|769|1378
118|491|770|1379
118|492|770|1380
118|492|771|1381
118|493|771|1382
118|493|772|1383
118|494|772|1384
118|494|773|1385
118|495|773|1386
118|495|774|1387
118|496|774|1388
118|496|775|1389
118|497|775|1390
118|497|776|1391
118|498|776|1392
118|498|777|1393
119|498|777|1394
119|498|778|1395
119|499|778|1396
120|499|778|1397
120|499|779|1398
121|499|779|1399
121|499|780|1400
122|499|780|1401
122|499|781|1402
123|499|781|1403
123|499|782|1404
124|499|782|1405
124|499|783|1406
125|499|783|1407
125|499|784|1408
126|499|784|1409
126|499|785|1410
127|499|785|1411
127|499|786|1412
128|499|786|1413
128|499|787|1414
129|499|787|1415
129|499|788|1416
130|499|788|1417
130|499|789|1418
131|499|789|1419
131|499|790|1420
132|499|790|1421
132|499|791|1422
133|499|791|1423
133|499|792|1424
134|499|792|1425
134|499|793|1426
135|499|793|1427
135|499|794|1428
136|499|794|1429
136|499|795|1430
137|499|795|1431
137|499|796|1432
137|499|797|1433
137|500|797|1434
137|500|798|1435
137|501|798|1436
137|501|799|1437
137|502|799|1438
137|502|800|1439
137|503|800|1440
137|503|801|1441
137|504|801|1442
137|504|802|1443
137|505|802|1444
137|505|803|1445
137|506|803|1446
137|506|804|1447
137|507|804|1448
137|507|805|1449
137|508|805|1450
137|508|806|1451
137|509|806|1452
137|509|807|1453
137|510|807|1454
137|510|808|1455
137|511|808|1456
137|511|809|1457
137|512|809|1458
137|512|810|1459
137|513|810|1460
137|513|811|1461
137|514|811|1462
137|514|812|1463
137|515|812|1464
137|515|813|1465
137|516|813|1466
137|516|814|1467
137|517|814|1468
137|517|815|1469
137|517|816|1470
137|517|817|1471
137|518|817|1472
137|518|818|1473
137|519|818|1474
137|519|819|1475
137|520|819|1476
137|520|820|1477
137|521|820|1478
137|521|821|1479
137|521|822|1480
137|521|823|1481
137|522|823|1482
137|522|824|1483
137|523|824|1484
137|523|825|1485
137|524|825|1486
137|524|826|1487
137|524|827|1488
137|524|828|1489
137|525|828|1490
137|525|829|1491
137|526|829|1492
137|526|830|1493
137|526|831|1494
137|526|832|1495
137|527|832|1496
137|527|833|1497
137|528|833|1498
137|528|834|1499
137|529|834|1500
137|529|835|1501
137|529|836|1502
137|529|837|1503
137|530|837|1504
137|530|838|1505
137|531|838|1506
137|531|839|1507
137|532|839|1508
137|532|840|1509
137|533|840|1510
137|533|841|1511
137|534|841|1512
137|534|842|1513
137|535|842|1514
137|536|843|1516
137|537|843|1517
137|537|844|1518
137|538|844|1519
137|538|845|1520
137|539|845|1521
137|539|846|1522
137|540|846|1523
137|540|847|1524
137|541|847|1525
137|541|848|1526
137|542|848|1527
137|542|849|1528
137|543|849|1529
137|543|850|1530
137|544|850|1531
137|544|851|1532
137|545|851|1533
137|546|851|1534
137|547|851|1535
137|548|851|1536
138|548|851|1537
138|548|852|1538
138|549|852|1539
138|550|852|1540
138|550|853|1541
138|550|854|1542
138|551|854|1543
138|551|855|1544
138|551|856|1545
138|551|857|1546
138|551|858|1547
138|551|859|1548
138|551|860|1549
138|551|861|1550
138|551|862|1551
139|551|862|1552
139|551|863|1553
139|551|864|1554
139|551|865|1555
139|551|866|1556
139|551|867|1557
139|551|868|1558
139|551|869|1559
140|551|869|1560
140|552|869|1561
140|552|870|1562
140|552|871|1563
140|552|872|1564
140|552|873|1565
141|552|873|1566
141|553|873|1567
141|553|874|1568
141|553|875|1569
141|554|875|1570
141|554|876|1571
141|554|877|1572
141|554|878|1573
141|554|879|1574
141|554|880|1575
141|554|881|1576
141|555|881|1577
141|555|882|1578
141|556|882|1579
141|556|883|1580
141|557|883|1581
141|557|884|1582
141|558|884|1583
141|558|885|1584
141|559|885|1585
141|559|886|1586
141|560|886|1587
141|560|887|1588
141|561|887|1589
141|561|888|1590
141|562|888|1591
141|562|889|1592
141|563|889|1593
141|563|890|1594
141|564|890|1595
141|564|891|1596
141|565|891|1597
141|565|892|1598
141|566|892|1599
141|566|893|1600
141|567|893|1601
141|567|894|1602
141|568|894|1603
141|568|895|1604
141|569|895|1605
141|569|896|1606
141|570|896|1607
141|570|897|1608
141|571|897|1609
141|571|898|1610
141|572|898|1611
141|572|899|1612
141|572|900|1613
141|573|900|1614
141|573|901|1615
141|574|901|1616
141|574|902|1617
141|575|902|1618
141|575|903|1619
141|576|903|1620
141|576|904|1621
141|577|904|1622
141|578|904|1623
141|579|904|1624
142|579|904|1625
142|580|904|1626
142|580|905|1627
142|581|905|1628
142|581|906|1629
142|582|906|1630
142|582|907|1631
142|583|907|1632
142|583|908|1633
142|584|908|1634
142|585|908|1635
142|586|908|1636
142|587|908|1637
142|588|908|1638
142|588|909|1639
142|589|909|1640
143|589|909|1641
143|590|909|1642
143|590|910|1643
143|591|910|1644
143|591|911|1645
143|592|911|1646
143|592|912|1647
143|593|912|1648
143|593|913|1649
143|594|913|1650
143|594|914|1651
143|595|914|1652
143|595|915|1653
143|596|915|1654
143|596|916|1655
143|597|916|1656
143|598|916|1657
143|599|916|1658
143|599|917|1659
143|600|917|1660
143|600|918|1661
143|601|918|1662
143|602|918|1663
143|603|918|1664
143|603|919|1665
143|604|919|1666
143|604|920|1667
143|605|920|1668
143|605|921|1669
143|606|921|1670
143|606|922|1671
143|607|922|1672
143|607|923|1673
143|608|923|1674
143|608|924|1675
143|609|924|1676
143|609|925|1677
143|610|925|1678
143|610|926|1679
143|611|926|1680
143|612|926|1681
143|613|926|1682
143|614|926|1683
143|615|926|1684
143|615|927|1685
143|615|928|1686
144|615|928|1687
144|615|929|1688
144|615|930|1689
144|615|931|1690
144|616|931|1691
144|616|932|1692
144|617|932|1693
144|617|933|1694
144|617|934|1695
144|617|935|1696
144|617|936|1697
144|617|937|1698
144|618|937|1699
144|618|938|1700
145|618|938|1701
145|618|939|1702
145|618|940|1703
145|618|941|1704
145|618|942|1705
145|618|943|1706
145|618|944|1707
145|618|945|1708
146|618|945|1709
146|618|946|1710
146|618|947|1711
146|618|948|1712
146|618|949|1713
146|618|950|1714
146|618|951|1715
146|618|952|1716
146|619|952|1717
146|619|953|1718
146|619|954|1719
146|619|955|1720
146|619|956|1721
146|619|957|1722
146|619|958|1723
147|619|958|1724
147|619|959|1725
147|619|960|1726
147|620|960|1727
147|620|961|1728
147|621|961|1729
147|621|962|1730
147|621|963|1731
147|621|964|1732
147|621|965|1733
147|621|966|1734
147|621|967|1735
147|621|968|1736
147|622|968|1737
147|622|969|1738
147|622|970|1739
147|622|971|1740
147|623|971|1741
147|623|972|1742
147|623|973|1743
147|623|974|1744
147|624|974|1745
147|624|975|1746
147|624|976|1747
147|624|977|1748
147|625|977|1749
147|625|978|1750
147|626|978|1751
147|626|979|1752
147|626|980|1753
147|626|981|1754
147|626|982|1755
147|626|983|1756
147|626|984|1757
147|626|985|1758
147|626|986|1759
147|626|987|1760
147|626|988|1761
147|626|989|1762
147|626|990|1763
147|627|990|1764
147|627|991|1765
148|627|991|1766
148|627|992|1767
148|627|993|1768
148|627|994|1769
148|627|995|1770
148|627|996|1771
148|627|997|1772
148|627|998|1773
149|627|998|1774
149|628|998|1775
149|628|999|1776
149|628|1000|1777
149|628|1001|1778
149|628|1002|1779
149|628|1003|1780
149|628|1004|1781
149|628|1005|1782
149|628|1006|1783
149|628|1007|1784
149|628|1008|1785
149|628|1009|1786
149|628|1010|1787
149|628|1011|1788
149|628|1012|1789
149|628|1013|1790
149|628|1014|1791
149|628|1015|1792
149|629|1015|1793
149|629|1016|1794
149|630|1016|1795
149|630|1017|1796
149|631|1017|1797
149|631|1018|1798
150|631|1018|1799
150|632|1018|1800
150|633|1018|1801
151|633|1018|1802
151|634|1018|1803
151|634|1019|1804
151|635|1019|1805
151|635|1020|1806
152|635|1020|1807
152|635|1021|1808
152|636|1021|1809
153|636|1021|1810
153|637|1021|1811
153|637|1022|1812
153|638|1022|1813
153|638|1023|1814
153|639|1023|1815
153|640|1023|1816
153|641|1023|1817
153|642|1023|1818
153|643|1023|1819
153|643|1024|1820
153|644|1024|1821
153|644|1025|1822
154|644|1025|1823
154|644|1026|1824
155|644|1026|1825
155|645|1026|1826
155|646|1026|1827
155|646|1027|1828
155|646|1028|1829
155|646|1029|1830
155|647|1029|1831
155|647|1030|1832
155|648|1030|1833
155|648|1031|1834
155|649|1031|1835
155|649|1032|1836
155|649|1033|1837
156|649|1033|1838
156|650|1033|1839
156|650|1034|1840
156|650|1035|1841
156|650|1036|1842
156|651|1036|1843
156|651|1037|1844
156|651|1038|1845
157|651|1038|1846
157|652|1038|1847
157|652|1039|1848
157|652|1040|1849
157|652|1041|1850
157|653|1041|1851
157|653|1042|1852
157|653|1043|1853
157|653|1044|1854
157|654|1044|1855
157|654|1045|1856
157|655|1045|1857
157|655|1046|1858
157|655|1047|1859
157|655|1048|1860
157|656|1048|1861
157|656|1049|1862
157|657|1049|1863
157|657|1050|1864
157|658|1050|1865
157|658|1051|1866
157|659|1051|1867
157|659|1052|1868
157|660|1052|1869
157|660|1053|1870
157|661|1053|1871
157|661|1054|1872
157|661|1055|1873
157|661|1056|1874
157|662|1056|1875
157|662|1057|1876
157|663|1057|1877
157|663|1058|1878
157|664|1058|1879
157|664|1059|1880
157|664|1060|1881
157|664|1061|1882
157|665|1061|1883
157|665|1062|1884
157|666|1062|1885
157|666|1063|1886
157|667|1063|1887
157|667|1064|1888
157|668|1064|1889
157|668|1065|1890
157|669|1065|1891
157|669|1066|1892
157|670|1066|1893
157|670|1067|1894
157|671|1067|1895
157|671|1068|1896
157|672|1068|1897
157|672|1069|1898
157|672|1070|1899
157|672|1071|1900
158|672|1071|1901
158|672|1072|1902
159|672|1072|1903
159|672|1073|1904
159|673|1073|1905
159|673|1074|1906
159|674|1074|1907
159|674|1075|1908
160|674|1075|1909
160|674|1076|1910
160|675|1076|1911
160|675|1077|1912
160|676|1077|1913
160|676|1078|1914
161|676|1078|1915
161|676|1079|1916
162|676|1079|1917
162|677|1079|1918
162|678|1079|1919
162|678|1080|1920
162|679|1080|1921
162|679|1081|1922
162|680|1081|1923
162|681|1081|1924
162|682|1081|1925
162|683|1081|1926
162|684|1081|1927
162|684|1082|1928
162|685|1082|1929
162|685|1083|1930
162|686|1083|1931
162|687|1083|1932
162|688|1083|1933
162|689|1083|1934
162|690|1083|1935
162|691|1083|1936
162|691|1084|1937
163|691|1084|1938
163|691|1085|1939
164|691|1085|1940
164|691|1086|1941
165|691|1086|1942
165|691|1087|1943
166|691|1087|1944
166|691|1088|1945
167|691|1088|1946
167|691|1089|1947
168|691|1089|1948
168|691|1090|1949
169|691|1090|1950
169|691|1091|1951
170|691|1091|1952
170|691|1092|1953
171|691|1092|1954
171|691|1093|1955
172|691|1093|1956
172|691|1094|1957
173|691|1094|1958
173|691|1095|1959
174|691|1095|1960
174|691|1096|1961
175|691|1096|1962
175|691|1097|1963
176|691|1097|1964
176|691|1098|1965
177|691|1098|1966
177|691|1099|1967
178|691|1099|1968
178|691|1100|1969
179|691|1100|1970
179|691|1101|1971
180|691|1101|1972
180|692|1101|1973
180|692|1102|1974
180|693|1102|1975
180|693|1103|1976
180|694|1103|1977
180|694|1104|1978
180|695|1104|1979
180|695|1105|1980
180|696|1105|1981
180|696|1106|1982
180|697|1106|1983
180|697|1107|1984
180|698|1107|1985
180|698|1108|1986
180|699|1108|1987
180|699|1109|1988
180|700|1109|1989
180|700|1110|1990
180|701|1110|1991
180|701|1111|1992
180|702|1111|1993
180|702|1112|1994
180|703|1112|1995
180|703|1113|1996
180|703|1114|1997
180|703|1115|1998
180|704|1115|1999
180|704|1116|2000
