total
0|0|1|1
0|1|1|2
0|2|1|3
0|3|1|4
0|4|1|5
0|5|1|6
0|6|1|7
0|7|1|8
0|8|1|9
0|9|1|10
0|10|1|11
0|11|1|12
0|12|1|13
0|13|1|14
0|14|1|15
0|15|1|16
0|16|1|17
0|17|1|18
0|18|1|19
0|19|1|20
0|20|1|21
1|20|1|22
1|21|1|23
2|21|1|24
2|22|1|25
2|23|1|26
2|24|1|27
2|25|1|28
2|25|2|29
2|25|3|30
2|26|3|31
2|26|4|32
2|27|4|33
2|27|5|34
2|28|5|35
2|28|6|36
2|29|6|37
2|29|7|38
2|30|7|39
2|30|8|40
2|31|8|41
2|31|9|42
2|32|9|43
2|32|10|44
2|33|10|45
2|33|11|46
2|34|11|47
2|34|12|48
2|35|12|49
2|35|13|50
2|36|13|51
2|36|14|52
2|36|15|53
2|36|16|54
2|37|16|55
2|37|17|56
2|37|18|57
2|37|19|58
2|38|19|59
2|38|20|60
2|39|20|61
2|39|21|62
2|40|21|63
2|40|22|64
2|40|23|65
2|41|23|66
2|41|24|67
2|42|24|68
2|42|25|69
2|43|25|70
2|43|26|71
2|44|26|72
2|44|27|73
2|45|27|74
2|45|28|75
2|46|28|76
2|46|29|77
2|47|29|78
2|47|30|79
2|48|30|80
2|48|31|81
2|49|31|82
2|49|32|83
2|50|32|84
2|50|33|85
2|51|33|86
2|51|34|87
2|52|34|88
2|52|35|89
2|53|35|90
2|53|36|91
2|54|36|92
2|54|37|93
2|55|37|94
2|55|38|95
2|56|38|96
2|56|39|97
2|57|39|98
2|57|40|99
2|58|40|100
2|58|41|101
2|58|42|102
2|58|43|103
2|59|43|104
2|59|44|105
2|59|45|106
2|59|46|107
2|60|46|108
2|60|47|109
2|61|47|110
2|61|48|111
2|61|49|112
2|61|50|113
2|62|50|114
2|62|51|115
2|62|52|116
2|62|53|117
2|63|53|118
2|63|54|119
2|63|55|120
2|63|56|121
2|64|56|122
2|64|57|123
2|65|57|124
2|65|58|125
2|66|58|126
2|66|59|127
2|66|60|128
2|66|61|129
2|67|61|130
2|67|62|131
2|68|62|132
2|68|63|133
2|69|63|134
2|69|64|135
2|70|64|136
2|71|64|137
2|72|64|138
2|72|65|139
2|73|65|140
2|73|66|141
2|74|66|142
2|74|67|143
2|75|67|144
2|76|67|145
3|76|67|146
3|77|67|147
3|78|67|148
3|79|67|149
3|80|67|150
3|80|68|151
3|81|68|152
3|82|68|153
3|83|68|154
3|84|68|155
3|85|68|156
3|85|69|157
3|86|69|158
3|86|70|159
3|87|70|160
3|87|71|161
3|88|71|162
3|89|71|163
3|90|71|164
3|91|71|165
3|92|71|166
3|93|71|167
3|94|71|168
3|95|71|169
3|96|71|170
3|97|71|171
3|98|71|172
3|98|72|173
3|99|72|174
3|99|73|175
3|100|73|176
3|100|74|177
3|101|74|178
3|101|75|179
3|102|75|180
3|102|76|181
3|103|76|182
3|103|77|183
3|104|77|184
3|104|78|185
3|105|78|186
3|105|79|187
3|106|79|188
3|106|80|189
3|107|80|190
3|107|81|191
3|108|81|192
3|108|82|193
3|109|82|194
3|109|83|195
3|110|83|196
3|110|84|197
3|111|84|198
3|111|85|199
3|112|85|200
3|112|86|201
3|113|86|202
3|113|87|203
3|114|87|204
3|114|88|205
3|115|88|206
3|115|89|207
3|116|89|208
3|117|89|209
3|118|89|210
3|119|89|211
3|120|89|212
3|121|89|213
3|121|90|214
3|122|90|215
3|123|90|216
3|124|90|217
3|125|90|218
3|126|90|219
3|126|91|220
3|127|91|221
3|128|91|222
3|128|92|223
3|129|92|224
3|130|92|225
3|131|92|226
3|132|92|227
3|132|93|228
3|132|94|229
3|133|94|230
3|133|95|231
3|134|95|232
3|135|95|233
3|136|95|234
3|136|96|235
3|137|96|236
3|138|96|237
3|138|97|238
3|138|98|239
3|138|99|240
3|139|99|241
3|139|100|242
4|139|100|243
4|139|101|244
4|140|101|245
4|140|102|246
4|141|102|247
4|141|103|248
4|142|103|249
4|143|103|250
4|144|103|251
4|145|103|252
4|146|103|253
4|146|104|254
4|147|104|255
4|147|105|256
4|148|105|257
4|148|106|258
4|149|106|259
4|149|107|260
4|150|107|261
4|151|107|262
4|152|107|263
4|152|108|264
4|153|108|265
4|153|109|266
4|154|109|267
4|154|110|268
4|155|110|269
4|156|110|270
4|157|110|271
4|157|111|272
4|158|111|273
4|158|112|274
4|159|112|275
4|159|113|276
4|160|113|277
4|160|114|278
4|161|114|279
4|161|115|280
4|162|115|281
4|162|116|282
4|163|116|283
4|163|117|284
4|164|117|285
4|164|118|286
4|165|118|287
4|165|119|288
4|166|119|289
4|166|120|290
4|167|120|291
4|168|120|292
4|168|121|293
4|169|121|294
4|170|121|295
4|170|122|296
4|171|122|297
4|171|123|298
4|172|123|299
4|172|124|300
4|173|124|301
4|173|125|302
4|174|125|303
4|175|125|304
4|176|125|305
4|176|126|306
4|177|126|307
4|177|127|308
4|178|127|309
4|178|128|310
4|178|129|311
4|179|129|312
4|180|129|313
4|180|130|314
4|181|130|315
4|181|131|316
4|181|132|317
4|182|132|318
4|183|132|319
4|184|132|320
4|185|132|321
4|185|133|322
4|186|133|323
4|187|133|324
4|188|133|325
4|189|133|326
4|190|133|327
4|191|133|328
4|192|133|329
4|193|133|330
4|194|133|331
4|194|134|332
4|195|134|333
4|196|134|334
4|197|134|335
4|197|135|336
4|198|135|337
4|199|135|338
4|200|135|339
4|200|136|340
4|201|136|341
4|202|136|342
4|202|137|343
4|203|137|344
4|204|137|345
4|204|138|346
4|205|138|347
4|206|138|348
4|207|138|349
4|207|139|350
4|207|140|351
4|208|140|352
4|209|140|353
4|209|141|354
4|210|141|355
4|210|142|356
4|210|143|357
4|211|143|358
4|212|143|359
4|213|143|360
4|214|143|361
4|214|144|362
4|215|144|363
4|216|144|364
4|216|145|365
4|216|146|366
4|216|147|367
4|216|148|368
4|217|148|369
4|218|148|370
4|219|148|371
4|219|149|372
4|219|150|373
4|220|150|374
4|220|151|375
4|220|152|376
4|221|152|377
4|221|153|378
4|221|154|379
4|222|154|380
4|222|155|381
4|222|156|382
4|223|156|383
4|224|156|384
4|225|156|385
4|226|156|386
4|226|157|387
4|226|158|388
4|226|159|389
4|226|160|390
4|226|161|391
4|227|161|392
4|227|162|393
4|228|162|394
4|228|163|395
4|229|163|396
4|230|163|397
4|230|164|398
4|230|165|399
4|230|166|400
4|230|167|401
4|230|168|402
4|230|169|403
4|231|169|404
4|232|169|405
4|232|170|406
4|232|171|407
4|232|172|408
4|232|173|409
4|232|174|410
4|232|175|411
4|232|176|412
4|232|177|413
4|233|177|414
4|233|178|415
4|234|178|416
4|235|178|417
4|235|179|418
4|236|179|419
4|237|179|420
4|238|179|421
4|238|180|422
4|238|181|423
4|238|182|424
4|238|183|425
4|239|183|426
4|239|184|427
4|240|184|428
4|240|185|429
4|241|185|430
4|242|185|431
4|243|185|432
4|244|185|433
4|245|185|434
4|245|186|435
4|246|186|436
4|246|187|437
4|247|187|438
4|248|187|439
4|249|187|440
4|249|188|441
4|250|188|442
4|250|189|443
4|251|189|444
4|251|190|445
4|252|190|446
4|252|191|447
4|253|191|448
4|253|192|449
4|254|192|450
4|254|193|451
4|255|193|452
4|256|193|453
4|257|193|454
4|257|194|455
4|258|194|456
4|259|194|457
4|260|194|458
4|260|195|459
4|261|195|460
4|261|196|461
4|262|196|462
4|262|197|463
4|263|197|464
4|263|198|465
4|264|198|466
4|264|199|467
4|265|199|468
4|265|200|469
4|266|200|470
4|266|201|471
4|267|201|472
4|267|202|473
4|268|202|474
4|268|203|475
4|269|203|476
4|269|204|477
4|269|205|478
4|269|206|479
4|270|206|480
4|270|207|481
4|271|207|482
4|271|208|483
4|272|208|484
4|272|209|485
4|273|209|486
4|273|210|487
4|274|210|488
4|274|211|489
4|275|211|490
4|275|212|491
4|275|213|492
4|275|214|493
4|275|215|494
4|275|216|495
4|276|216|496
4|276|217|497
4|277|217|498
4|277|218|499
4|278|218|500
4|278|219|501
4|279|219|502
4|280|219|503
4|281|219|504
4|281|220|505
4|282|220|506
4|282|221|507
4|283|221|508
4|283|222|509
4|284|222|510
4|285|222|511
4|286|222|512
4|287|222|513
4|288|222|514
4|288|223|515
4|289|223|516
4|289|224|517
4|290|224|518
4|290|225|519
4|291|225|520
4|291|226|521
4|292|226|522
4|292|227|523
4|293|227|524
4|293|228|525
4|294|228|526
4|294|229|527
4|295|229|528
4|296|229|529
4|297|229|530
4|297|230|531
4|298|230|532
4|299|230|533
4|300|230|534
4|301|230|535
4|302|230|536
4|303|230|537
4|304|230|538
4|305|230|539
4|306|230|540
4|307|230|541
4|308|230|542
4|309|230|543
4|310|230|544
4|311|230|545
4|312|230|546
4|313|230|547
4|314|230|548
4|315|230|549
4|316|230|550
4|317|230|551
4|318|230|552
4|319|230|553
4|320|230|554
4|321|230|555
4|322|230|556
4|323|230|557
4|324|230|558
4|325|230|559
4|326|230|560
4|327|230|561
4|328|230|562
4|329|230|563
4|330|230|564
4|331|230|565
4|332|230|566
4|333|230|567
4|334|230|568
4|334|231|569
4|334|232|570
4|335|232|571
4|335|233|572
4|336|233|573
4|336|234|574
4|337|234|575
4|337|235|576
4|338|235|577
4|338|236|578
4|339|236|579
4|339|237|580
4|340|237|581
4|340|238|582
4|341|238|583
4|341|239|584
4|342|239|585
4|343|239|586
4|344|239|587
4|344|240|588
4|345|240|589
4|345|241|590
4|346|241|591
4|346|242|592
4|347|242|593
4|348|242|594
4|349|242|595
4|349|243|596
4|350|243|597
4|350|244|598
4|351|244|599
4|352|244|600
4|353|244|601
4|353|245|602
4|354|245|603
4|354|246|604
4|355|246|605
4|356|246|606
4|356|247|607
4|357|247|608
4|358|247|609
4|359|247|610
4|360|247|611
4|361|247|612
4|362|247|613
4|363|247|614
4|363|248|615
4|364|248|616
4|364|249|617
4|365|249|618
4|365|250|619
4|366|250|620
4|367|250|621
4|368|250|622
4|368|251|623
4|369|251|624
4|370|251|625
4|371|251|626
4|371|252|627
4|372|252|628
4|372|253|629
4|373|253|630
4|373|254|631
4|374|254|632
4|375|254|633
4|376|254|634
4|377|254|635
4|378|254|636
4|379|254|637
4|380|254|638
4|381|254|639
4|382|254|640
4|382|255|641
4|382|256|642
4|382|257|643
4|383|257|644
4|383|258|645
4|384|258|646
4|384|259|647
4|385|259|648
4|385|260|649
4|386|260|650
4|386|261|651
4|386|262|652
4|386|263|653
4|387|263|654
4|387|264|655
4|388|264|656
4|388|265|657
4|388|266|658
4|388|267|659
4|389|267|660
4|389|268|661
4|390|268|662
4|390|269|663
4|391|269|664
4|391|270|665
4|392|270|666
4|392|271|667
4|393|271|668
4|393|272|669
4|394|272|670
4|394|273|671
4|395|273|672
4|395|274|673
4|395|275|674
4|395|276|675
4|396|276|676
4|397|276|677
4|398|276|678
4|399|276|679
4|400|276|680
4|401|276|681
4|402|276|682
4|403|276|683
4|404|276|684
4|405|276|685
4|406|276|686
4|407|276|687
4|408|276|688
4|409|276|689
4|410|276|690
4|411|276|691
4|412|276|692
4|413|276|693
4|414|276|694
4|415|276|695
4|416|276|696
4|417|276|697
4|418|276|698
4|419|276|699
4|420|276|700
4|421|276|701
4|422|276|702
4|423|276|703
4|424|276|704
4|425|276|705
4|426|276|706
4|427|276|707
4|428|276|708
4|429|276|709
4|430|276|710
4|431|276|711
4|432|276|712
4|433|276|713
4|433|277|714
4|434|277|715
4|434|278|716
4|435|278|717
4|435|279|718
4|436|279|719
4|436|280|720
4|437|280|721
4|437|281|722
4|438|281|723
4|438|282|724
4|439|282|725
4|439|283|726
4|440|283|727
4|440|284|728
4|441|284|729
4|441|285|730
4|441|286|731
4|441|287|732
4|442|287|733
4|442|288|734
4|443|288|735
4|443|289|736
4|444|289|737
4|444|290|738
4|445|290|739
4|445|291|740
4|445|292|741
4|445|293|742
4|446|293|743
4|446|294|744
4|447|294|745
4|447|295|746
4|448|295|747
4|448|296|748
4|448|297|749
4|449|297|750
4|449|298|751
4|450|298|752
4|450|299|753
4|451|299|754
4|451|300|755
4|452|300|756
4|452|301|757
4|453|301|758
4|453|302|759
4|454|302|760
4|454|303|761
4|455|303|762
4|455|304|763
4|456|304|764
4|456|305|765
4|457|305|766
4|457|306|767
4|458|306|768
4|458|307|769
4|459|307|770
4|459|308|771
4|460|308|772
4|460|309|773
4|461|309|774
4|461|310|775
4|462|310|776
4|462|311|777
4|463|311|778
4|463|312|779
4|464|312|780
4|464|313|781
4|465|313|782
4|465|314|783
4|466|314|784
4|466|315|785
4|466|316|786
4|466|317|787
4|467|317|788
4|467|318|789
4|468|318|790
4|468|319|791
4|469|319|792
4|469|320|793
4|470|320|794
4|470|321|795
4|470|322|796
4|470|323|797
4|471|323|798
4|471|324|799
4|472|324|800
4|472|325|801
4|473|325|802
4|473|326|803
4|473|327|804
4|473|328|805
4|474|328|806
4|474|329|807
4|475|329|808
4|475|330|809
4|476|330|810
4|476|331|811
4|477|331|812
4|477|332|813
4|477|333|814
4|477|334|815
4|478|334|816
4|478|335|817
4|478|336|818
4|478|337|819
4|478|338|820
4|478|339|821
4|479|339|822
4|479|340|823
4|480|340|824
4|480|341|825
4|481|341|826
4|481|342|827
4|482|342|828
4|483|342|829
4|484|342|830
4|485|342|831
4|486|342|832
4|487|342|833
4|488|342|834
4|488|343|835
4|489|343|836
4|490|343|837
4|491|343|838
4|492|343|839
4|493|343|840
4|493|344|841
4|494|344|842
4|494|345|843
4|495|345|844
4|495|346|845
4|496|346|846
4|496|347|847
4|497|347|848
4|498|347|849
4|499|347|850
4|500|347|851
4|501|347|852
4|502|347|853
4|503|347|854
4|503|348|855
4|504|348|856
4|504|349|857
4|505|349|858
4|505|350|859
4|506|350|860
4|506|351|861
4|507|351|862
4|507|352|863
4|508|352|864
4|509|352|865
4|510|352|866
4|510|353|867
4|510|354|868
4|511|354|869
4|512|354|870
4|512|355|871
4|512|356|872
4|513|356|873
4|514|356|874
4|515|356|875
4|515|357|876
4|515|358|877
4|516|358|878
4|516|359|879
4|516|360|880
4|516|361|881
4|517|361|882
4|517|362|883
4|518|362|884
4|519|362|885
4|519|363|886
4|519|364|887
4|519|365|888
4|519|366|889
4|519|367|890
4|519|368|891
4|520|368|892
4|520|369|893
4|521|369|894
4|521|370|895
4|522|370|896
4|522|371|897
4|523|371|898
4|523|372|899
4|524|372|900
4|525|372|901
4|526|372|902
4|527|372|903
4|527|373|904
4|527|374|905
4|528|374|906
4|528|375|907
4|529|375|908
4|530|375|909
4|531|375|910
4|531|376|911
4|531|377|912
4|531|378|913
4|532|378|914
4|532|379|915
4|533|379|916
4|533|380|917
4|534|380|918
4|534|381|919
4|535|381|920
4|536|381|921
4|536|382|922
4|537|382|923
4|538|382|924
4|539|382|925
4|539|383|926
4|539|384|927
4|540|384|928
4|541|384|929
4|542|384|930
4|543|384|931
4|543|385|932
4|544|385|933
4|545|385|934
4|546|385|935
4|546|386|936
4|547|386|937
4|547|387|938
4|548|387|939
4|549|387|940
4|550|387|941
4|551|387|942
4|552|387|943
4|553|387|944
4|554|387|945
4|554|388|946
4|555|388|947
4|555|389|948
4|556|389|949
4|557|389|950
4|558|389|951
4|558|390|952
4|559|390|953
4|559|391|954
4|560|391|955
4|560|392|956
4|561|392|957
4|561|393|958
4|562|393|959
4|562|394|960
4|563|394|961
4|563|395|962
4|564|395|963
4|565|395|964
4|566|395|965
4|566|396|966
4|566|397|967
4|567|397|968
4|568|397|969
4|569|397|970
4|570|397|971
4|570|398|972
4|571|398|973
4|572|398|974
4|573|398|975
4|573|399|976
4|573|400|977
4|573|401|978
4|574|401|979
4|574|402|980
4|575|402|981
4|575|403|982
4|576|403|983
4|576|404|984
4|577|404|985
4|577|405|986
4|578|405|987
4|578|406|988
4|578|407|989
4|578|408|990
4|579|408|991
4|579|409|992
4|580|409|993
4|580|410|994
4|581|410|995
4|581|411|996
4|582|411|997
4|583|411|998
4|584|411|999
4|584|412|1000
4|585|412|1001
4|586|412|1002
4|586|413|1003
4|587|413|1004
4|588|413|1005
4|589|413|1006
4|590|413|1007
4|591|413|1008
4|592|413|1009
4|593|413|1010
4|594|413|1011
4|594|414|1012
4|595|414|1013
4|596|414|1014
4|596|415|1015
4|597|415|1016
4|598|415|1017
4|599|415|1018
4|600|415|1019
4|600|416|1020
4|601|416|1021
4|602|416|1022
4|602|417|1023
4|603|417|1024
4|603|418|1025
4|604|418|1026
4|605|418|1027
4|606|418|1028
4|607|418|1029
4|608|418|1030
4|608|419|1031
4|609|419|1032
4|610|419|1033
4|611|419|1034
4|612|419|1035
4|613|419|1036
4|613|420|1037
4|614|420|1038
4|614|421|1039
4|615|421|1040
4|615|422|1041
4|615|423|1042
4|615|424|1043
4|616|424|1044
4|617|424|1045
4|618|424|1046
4|619|424|1047
4|619|425|1048
4|619|426|1049
4|619|427|1050
4|619|428|1051
4|619|429|1052
4|620|429|1053
4|621|429|1054
4|622|429|1055
4|622|430|1056
4|622|431|1057
4|623|431|1058
4|623|432|1059
4|624|432|1060
4|624|433|1061
4|625|433|1062
4|625|434|1063
4|625|435|1064
4|625|436|1065
4|626|436|1066
4|627|436|1067
4|627|437|1068
4|628|437|1069
4|629|437|1070
4|630|437|1071
4|630|438|1072
4|631|438|1073
4|632|438|1074
4|632|439|1075
4|633|439|1076
4|634|439|1077
4|635|439|1078
4|635|440|1079
4|636|440|1080
4|637|440|1081
4|637|441|1082
4|637|442|1083
4|638|442|1084
4|638|443|1085
4|638|444|1086
4|638|445|1087
4|639|445|1088
4|640|445|1089
4|640|446|1090
4|640|447|1091
4|641|447|1092
4|641|448|1093
4|641|449|1094
4|641|450|1095
4|641|451|1096
4|642|451|1097
4|642|452|1098
4|642|453|1099
4|643|453|1100
4|644|453|1101
4|645|453|1102
4|646|453|1103
4|646|454|1104
4|647|454|1105
4|647|455|1106
4|648|455|1107
4|648|456|1108
4|649|456|1109
4|650|456|1110
4|650|457|1111
4|651|457|1112
4|652|457|1113
4|653|457|1114
4|654|457|1115
4|655|457|1116
4|656|457|1117
4|657|457|1118
4|658|457|1119
4|659|457|1120
4|659|458|1121
4|660|458|1122
4|661|458|1123
4|662|458|1124
4|663|458|1125
4|664|458|1126
4|665|458|1127
4|666|458|1128
4|666|459|1129
4|667|459|1130
4|668|459|1131
4|669|459|1132
4|670|459|1133
4|671|459|1134
4|671|460|1135
4|672|460|1136
4|673|460|1137
4|674|460|1138
4|675|460|1139
4|676|460|1140
4|677|460|1141
4|678|460|1142
4|679|460|1143
4|680|460|1144
4|680|461|1145
4|681|461|1146
4|682|461|1147
4|683|461|1148
4|684|461|1149
4|685|461|1150
4|685|462|1151
4|686|462|1152
4|686|463|1153
4|686|464|1154
4|686|465|1155
4|687|465|1156
4|687|466|1157
4|688|466|1158
4|688|467|1159
4|689|467|1160
4|689|468|1161
4|689|469|1162
4|689|470|1163
4|690|470|1164
4|690|471|1165
4|691|471|1166
4|691|472|1167
4|692|472|1168
4|693|472|1169
4|693|473|1170
4|693|474|1171
4|694|474|1172
4|694|475|1173
4|695|475|1174
4|695|476|1175
4|695|477|1176
4|695|478|1177
4|696|478|1178
5|696|478|1179
5|697|478|1180
6|697|478|1181
6|698|478|1182
6|699|478|1183
6|700|478|1184
6|700|479|1185
6|701|479|1186
6|702|479|1187
6|703|479|1188
6|703|480|1189
6|704|480|1190
6|705|480|1191
6|706|480|1192
6|706|481|1193
6|707|481|1194
6|708|481|1195
6|709|481|1196
6|710|481|1197
6|711|481|1198
6|711|482|1199
6|712|482|1200
6|712|483|1201
6|713|483|1202
6|714|483|1203
6|715|483|1204
6|716|483|1205
6|717|483|1206
6|717|484|1207
6|718|484|1208
6|719|484|1209
6|720|484|1210
6|720|485|1211
6|721|485|1212
6|721|486|1213
6|722|486|1214
6|722|487|1215
6|723|487|1216
6|724|487|1217
6|725|487|1218
6|726|487|1219
6|727|487|1220
6|728|487|1221
6|729|487|1222
6|730|487|1223
6|731|487|1224
6|732|487|1225
6|733|487|1226
6|734|487|1227
6|735|487|1228
6|736|487|1229
6|737|487|1230
6|738|487|1231
6|739|487|1232
6|740|487|1233
6|741|487|1234
6|742|487|1235
6|743|487|1236
6|744|487|1237
6|745|487|1238
6|746|487|1239
6|747|487|1240
6|748|487|1241
6|749|487|1242
6|750|487|1243
6|751|487|1244
6|752|487|1245
6|753|487|1246
6|754|487|1247
6|755|487|1248
6|756|487|1249
7|756|487|1250
7|757|487|1251
7|758|487|1252
7|759|487|1253
7|759|488|1254
7|760|488|1255
7|760|489|1256
7|761|489|1257
7|762|489|1258
7|763|489|1259
7|763|490|1260
7|764|490|1261
7|764|491|1262
7|765|491|1263
7|765|492|1264
7|766|492|1265
7|767|492|1266
7|768|492|1267
7|769|492|1268
7|770|492|1269
7|770|493|1270
7|771|493|1271
7|771|494|1272
7|772|494|1273
7|772|495|1274
7|773|495|1275
7|774|495|1276
7|775|495|1277
7|775|496|1278
7|776|496|1279
7|776|497|1280
7|776|498|1281
7|776|499|1282
7|777|499|1283
7|777|500|1284
7|778|500|1285
7|778|501|1286
7|779|501|1287
7|779|502|1288
7|780|502|1289
7|781|502|1290
7|781|503|1291
7|782|503|1292
7|783|503|1293
7|784|503|1294
7|784|504|1295
7|785|504|1296
7|785|505|1297
7|786|505|1298
7|786|506|1299
7|787|506|1300
7|788|506|1301
7|789|506|1302
7|790|506|1303
7|791|506|1304
7|792|506|1305
7|793|506|1306
7|793|507|1307
7|794|507|1308
7|794|508|1309
7|795|508|1310
7|796|508|1311
7|797|508|1312
7|798|508|1313
7|799|508|1314
7|800|508|1315
7|801|508|1316
7|802|508|1317
7|803|508|1318
7|804|508|1319
7|805|508|1320
7|805|509|1321
7|806|509|1322
7|806|510|1323
7|807|510|1324
7|807|511|1325
7|807|512|1326
7|807|513|1327
7|808|513|1328
7|808|514|1329
7|809|514|1330
7|809|515|1331
7|810|515|1332
7|810|516|1333
7|811|516|1334
7|811|517|1335
7|811|518|1336
7|811|519|1337
7|812|519|1338
7|812|520|1339
7|813|520|1340
7|813|521|1341
7|813|522|1342
7|813|523|1343
7|814|523|1344
7|814|524|1345
7|814|525|1346
7|814|526|1347
7|815|526|1348
7|815|527|1349
7|815|528|1350
7|815|529|1351
7|816|529|1352
7|816|530|1353
7|817|530|1354
7|817|531|1355
7|818|531|1356
7|818|532|1357
7|819|532|1358
7|819|533|1359
7|820|533|1360
7|821|533|1361
7|822|533|1362
7|823|533|1363
7|824|533|1364
7|825|533|1365
7|826|533|1366
7|827|533|1367
7|828|533|1368
7|829|533|1369
7|830|533|1370
7|831|533|1371
7|832|533|1372
7|833|533|1373
7|834|533|1374
7|835|533|1375
7|836|533|1376
7|837|533|1377
7|838|533|1378
7|839|533|1379
7|840|533|1380
7|841|533|1381
7|842|533|1382
7|843|533|1383
7|844|533|1384
7|845|533|1385
7|846|533|1386
7|847|533|1387
7|848|533|1388
7|849|533|1389
7|850|533|1390
7|851|533|1391
8|851|533|1392
8|852|533|1393
9|852|533|1394
9|853|533|1395
9|854|533|1396
9|854|534|1397
9|854|535|1398
9|855|535|1399
9|855|536|1400
9|856|536|1401
9|856|537|1402
9|857|537|1403
9|857|538|1404
9|858|538|1405
9|858|539|1406
9|858|540|1407
9|858|541|1408
9|859|541|1409
9|859|542|1410
9|860|542|1411
9|860|543|1412
9|861|543|1413
9|861|544|1414
9|862|544|1415
9|862|545|1416
9|863|545|1417
9|863|546|1418
9|864|546|1419
9|864|547|1420
9|865|547|1421
9|865|548|1422
9|866|548|1423
9|866|549|1424
9|867|549|1425
9|867|550|1426
9|868|550|1427
9|868|551|1428
9|869|551|1429
9|869|552|1430
9|869|553|1431
9|869|554|1432
9|869|555|1433
9|870|555|1434
9|870|556|1435
9|871|556|1436
9|871|557|1437
9|872|557|1438
9|872|558|1439
9|873|558|1440
9|873|559|1441
9|874|559|1442
9|874|560|1443
9|875|560|1444
9|875|561|1445
9|876|561|1446
9|876|562|1447
9|877|562|1448
9|877|563|1449
9|878|563|1450
9|878|564|1451
9|879|564|1452
9|879|565|1453
9|880|565|1454
9|880|566|1455
9|881|566|1456
9|881|567|1457
9|882|567|1458
9|882|568|1459
9|883|568|1460
9|883|569|1461
9|884|569|1462
9|884|570|1463
9|885|570|1464
9|885|571|1465
9|886|571|1466
9|886|572|1467
9|887|572|1468
9|887|573|1469
9|887|574|1470
9|887|575|1471
9|888|575|1472
9|888|576|1473
9|889|576|1474
9|889|577|1475
9|890|577|1476
9|890|578|1477
9|891|578|1478
9|891|579|1479
9|892|579|1480
9|892|580|1481
9|893|580|1482
9|893|581|1483
9|893|582|1484
9|893|583|1485
9|894|583|1486
9|894|584|1487
9|894|585|1488
9|894|586|1489
9|895|586|1490
9|895|587|1491
9|896|587|1492
9|896|588|1493
9|896|589|1494
9|896|590|1495
9|897|590|1496
9|897|591|1497
9|898|591|1498
9|898|592|1499
9|899|592|1500
9|899|593|1501
9|900|593|1502
9|900|594|1503
9|900|595|1504
9|901|595|1505
9|902|595|1506
9|903|595|1507
9|904|595|1508
9|904|596|1509
9|905|596|1510
9|906|596|1511
9|907|596|1512
9|908|596|1513
9|909|596|1514
9|910|596|1515
9|911|596|1516
9|911|597|1517
9|912|597|1518
9|912|598|1519
9|913|598|1520
9|914|598|1521
9|915|598|1522
9|916|598|1523
9|917|598|1524
9|917|599|1525
9|918|599|1526
9|918|600|1527
9|919|600|1528
9|920|600|1529
9|921|600|1530
9|921|601|1531
9|922|601|1532
9|923|601|1533
9|924|601|1534
9|924|602|1535
9|925|602|1536
9|926|602|1537
9|927|602|1538
9|928|602|1539
9|929|602|1540
9|929|603|1541
9|929|604|1542
9|930|604|1543
9|931|604|1544
9|931|605|1545
9|931|606|1546
9|931|607|1547
9|932|607|1548
9|933|607|1549
9|934|607|1550
9|935|607|1551
9|935|608|1552
9|936|609|1554
9|936|610|1555
9|936|611|1556
9|937|611|1557
9|938|611|1558
9|938|612|1559
9|939|612|1560
9|940|612|1561
9|940|613|1562
9|940|614|1563
9|940|615|1564
9|941|615|1565
9|942|615|1566
9|943|615|1567
9|943|616|1568
9|943|617|1569
9|944|617|1570
9|944|618|1571
9|945|618|1572
9|945|619|1573
9|945|620|1574
9|946|620|1575
9|947|620|1576
9|948|620|1577
9|948|621|1578
9|949|621|1579
9|949|622|1580
9|950|622|1581
9|950|623|1582
9|951|623|1583
9|951|624|1584
9|952|624|1585
9|952|625|1586
9|953|625|1587
9|953|626|1588
9|954|626|1589
9|954|627|1590
9|955|627|1591
9|955|628|1592
9|956|628|1593
9|956|629|1594
9|957|629|1595
9|957|630|1596
9|958|630|1597
9|958|631|1598
9|959|631|1599
9|959|632|1600
9|960|632|1601
9|960|633|1602
9|961|633|1603
9|961|634|1604
9|962|634|1605
9|962|635|1606
9|963|635|1607
9|963|636|1608
9|964|636|1609
9|964|637|1610
9|965|637|1611
9|965|638|1612
9|965|639|1613
9|966|639|1614
9|966|640|1615
9|967|640|1616
9|967|641|1617
9|968|641|1618
9|969|641|1619
9|970|641|1620
9|970|642|1621
9|971|642|1622
9|971|643|1623
9|972|643|1624
9|972|644|1625
9|973|644|1626
9|973|645|1627
9|974|645|1628
9|974|646|1629
9|975|646|1630
9|975|647|1631
9|976|647|1632
9|977|647|1633
9|978|647|1634
9|978|648|1635
9|979|648|1636
9|980|648|1637
9|981|648|1638
9|981|649|1639
9|982|649|1640
9|983|649|1641
9|984|649|1642
9|985|649|1643
9|986|649|1644
9|986|650|1645
9|987|650|1646
9|987|651|1647
9|988|651|1648
9|988|652|1649
9|989|652|1650
9|989|653|1651
9|990|653|1652
9|991|653|1653
9|992|653|1654
9|992|654|1655
9|993|654|1656
9|993|655|1657
9|994|655|1658
9|994|656|1659
9|994|657|1660
9|994|658|1661
9|995|658|1662
9|995|659|1663
9|996|659|1664
9|996|660|1665
9|997|660|1666
9|997|661|1667
9|998|661|1668
9|998|662|1669
9|999|662|1670
9|1000|662|1671
9|1001|662|1672
9|1001|663|1673
9|1001|664|1674
9|1001|665|1675
9|1002|665|1676
9|1003|665|1677
9|1003|666|1678
9|1003|667|1679
9|1004|667|1680
9|1004|668|1681
9|1005|668|1682
9|1006|668|1683
9|1007|668|1684
9|1008|668|1685
9|1009|668|1686
9|1010|668|1687
9|1011|668|1688
9|1012|668|1689
9|1013|668|1690
9|1014|668|1691
9|1015|668|1692
9|1016|668|1693
9|1017|668|1694
9|1018|668|1695
9|1019|668|1696
9|1020|668|1697
9|1021|668|1698
9|1022|668|1699
9|1023|668|1700
9|1024|668|1701
9|1025|668|1702
9|1026|668|1703
9|1027|668|1704
9|1028|668|1705
9|1028|669|1706
9|1029|669|1707
9|1029|670|1708
9|1030|670|1709
9|1031|670|1710
9|1032|670|1711
9|1032|671|1712
9|1033|671|1713
9|1034|671|1714
9|1035|671|1715
9|1036|671|1716
9|1037|671|1717
9|1037|672|1718
9|1038|672|1719
9|1039|672|1720
9|1040|672|1721
9|1041|672|1722
9|1042|672|1723
9|1043|672|1724
9|1044|672|1725
9|1045|672|1726
9|1046|672|1727
9|1047|672|1728
9|1048|672|1729
9|1049|672|1730
9|1050|672|1731
9|1051|672|1732
9|1051|673|1733
9|1052|673|1734
9|1052|674|1735
9|1052|675|1736
9|1052|676|1737
9|1053|676|1738
9|1053|677|1739
9|1054|677|1740
9|1055|677|1741
9|1055|678|1742
9|1055|679|1743
9|1055|680|1744
9|1056|680|1745
9|1057|680|1746
9|1058|680|1747
9|1059|680|1748
9|1059|681|1749
9|1059|682|1750
9|1059|683|1751
9|1060|683|1752
9|1061|683|1753
9|1062|683|1754
9|1062|684|1755
9|1063|684|1756
9|1063|685|1757
9|1064|685|1758
9|1064|686|1759
9|1064|687|1760
9|1065|687|1761
9|1065|688|1762
9|1065|689|1763
9|1065|690|1764
9|1065|691|1765
9|1066|691|1766
9|1067|691|1767
9|1067|692|1768
9|1067|693|1769
9|1067|694|1770
9|1068|694|1771
9|1068|695|1772
9|1068|696|1773
9|1069|696|1774
9|1070|696|1775
9|1070|697|1776
9|1070|698|1777
9|1070|699|1778
9|1070|700|1779
9|1071|700|1780
9|1071|701|1781
9|1071|702|1782
9|1072|702|1783
9|1072|703|1784
9|1073|703|1785
9|1073|704|1786
9|1073|705|1787
9|1074|705|1788
9|1074|706|1789
9|1075|706|1790
9|1075|707|1791
9|1076|707|1792
9|1077|707|1793
9|1078|707|1794
9|1079|707|1795
9|1079|708|1796
9|1080|708|1797
9|1081|708|1798
9|1082|708|1799
9|1083|708|1800
9|1084|708|1801
9|1084|709|1802
9|1085|709|1803
9|1086|709|1804
9|1087|709|1805
9|1087|710|1806
10|1087|710|1807
10|1088|710|1808
10|1089|710|1809
10|1089|711|1810
10|1090|711|1811
10|1091|711|1812
10|1092|711|1813
10|1092|712|1814
10|1093|712|1815
10|1094|712|1816
10|1095|712|1817
10|1096|712|1818
10|1097|712|1819
10|1097|713|1820
10|1098|713|1821
10|1099|713|1822
10|1100|713|1823
10|1101|713|1824
10|1102|713|1825
10|1103|713|1826
10|1104|713|1827
10|1104|714|1828
10|1104|715|1829
10|1104|716|1830
10|1105|716|1831
10|1105|717|1832
10|1106|717|1833
10|1106|718|1834
10|1107|718|1835
10|1107|719|1836
10|1108|719|1837
10|1108|720|1838
10|1109|720|1839
10|1109|721|1840
10|1110|721|1841
10|1110|722|1842
10|1111|722|1843
10|1111|723|1844
10|1111|724|1845
10|1111|725|1846
10|1112|725|1847
10|1112|726|1848
10|1113|726|1849
10|1113|727|1850
10|1114|727|1851
10|1114|728|1852
10|1115|728|1853
10|1115|729|1854
10|1116|729|1855
10|1116|730|1856
10|1117|730|1857
10|1117|731|1858
10|1118|731|1859
10|1119|731|1860
10|1119|732|1861
10|1119|733|1862
10|1119|734|1863
10|1119|735|1864
10|1120|735|1865
10|1121|735|1866
10|1122|735|1867
10|1122|736|1868
10|1123|736|1869
10|1123|737|1870
10|1124|737|1871
10|1125|737|1872
10|1126|737|1873
10|1126|738|1874
10|1127|738|1875
10|1127|739|1876
10|1128|739|1877
10|1128|740|1878
10|1129|740|1879
10|1130|740|1880
10|1131|740|1881
10|1131|741|1882
10|1132|741|1883
10|1132|742|1884
10|1133|742|1885
10|1133|743|1886
10|1134|743|1887
10|1135|743|1888
10|1136|743|1889
10|1137|743|1890
10|1138|743|1891
10|1138|744|1892
10|1139|744|1893
10|1139|745|1894
10|1140|745|1895
10|1141|745|1896
10|1142|745|1897
10|1142|746|1898
10|1143|746|1899
10|1144|746|1900
10|1145|746|1901
10|1146|746|1902
10|1147|746|1903
10|1148|746|1904
10|1149|746|1905
10|1150|746|1906
10|1151|746|1907
10|1152|746|1908
11|1152|746|1909
11|1153|746|1910
11|1154|746|1911
11|1155|746|1912
11|1156|746|1913
11|1157|746|1914
11|1158|746|1915
11|1159|746|1916
12|1159|746|1917
12|1160|746|1918
12|1161|746|1919
12|1162|746|1920
12|1163|746|1921
12|1164|746|1922
13|1164|746|1923
13|1165|746|1924
14|1165|746|1925
14|1166|746|1926
14|1167|746|1927
14|1168|746|1928
14|1169|746|1929
14|1170|746|1930
14|1171|746|1931
14|1172|746|1932
14|1173|746|1933
14|1174|746|1934
14|1175|746|1935
14|1176|746|1936
14|1176|747|1937
14|1177|747|1938
14|1177|748|1939
14|1178|748|1940
14|1178|749|1941
14|1179|749|1942
14|1179|750|1943
14|1180|750|1944
14|1181|750|1945
14|1182|750|1946
14|1182|751|1947
14|1183|751|1948
14|1183|752|1949
14|1184|752|1950
14|1184|753|1951
14|1185|753|1952
14|1186|753|1953
14|1187|753|1954
14|1187|754|1955
14|1188|754|1956
14|1189|754|1957
14|1190|754|1958
14|1191|754|1959
14|1192|754|1960
14|1192|755|1961
14|1193|755|1962
14|1194|755|1963
14|1195|755|1964
14|1195|756|1965
14|1196|756|1966
14|1196|757|1967
14|1197|757|1968
14|1197|758|1969
14|1198|758|1970
14|1198|759|1971
14|1199|759|1972
14|1200|759|1973
14|1201|759|1974
14|1202|759|1975
14|1203|759|1976
14|1204|759|1977
14|1204|760|1978
14|1205|760|1979
14|1206|760|1980
14|1207|760|1981
14|1208|760|1982
14|1209|760|1983
14|1209|761|1984
14|1210|761|1985
14|1210|762|1986
14|1211|762|1987
14|1212|762|1988
14|1213|762|1989
14|1213|763|1990
14|1214|763|1991
14|1215|763|1992
14|1216|763|1993
14|1217|763|1994
14|1218|763|1995
14|1219|763|1996
14|1220|763|1997
14|1220|764|1998
14|1221|764|1999
14|1222|764|2000
