total
0|0|1|1
1|0|1|2
1|1|1|3
1|2|1|4
1|3|1|5
1|4|1|6
1|5|1|7
1|6|1|8
1|7|1|9
1|8|1|10
1|9|1|11
1|10|1|12
1|11|1|13
1|12|1|14
1|13|1|15
1|14|1|16
1|15|1|17
1|16|1|18
1|17|1|19
1|18|1|20
1|19|1|21
1|20|1|22
1|21|1|23
1|22|1|24
1|23|1|25
1|24|1|26
1|25|1|27
1|26|1|28
1|26|2|29
2|26|2|30
2|26|3|31
3|26|3|32
3|26|4|33
3|27|4|34
3|27|5|35
3|28|5|36
3|28|6|37
4|28|6|38
4|28|7|39
4|29|7|40
4|29|8|41
4|30|8|42
4|30|9|43
4|31|9|44
4|31|10|45
4|32|10|46
4|32|11|47
4|33|11|48
4|33|12|49
4|34|12|50
4|34|13|51
4|35|13|52
4|35|14|53
4|36|14|54
4|36|15|55
4|37|15|56
4|37|16|57
4|38|16|58
4|38|17|59
4|39|17|60
4|39|18|61
4|40|18|62
4|40|19|63
4|41|19|64
4|41|20|65
4|42|20|66
4|42|21|67
4|43|21|68
4|43|22|69
4|44|22|70
4|44|23|71
4|45|23|72
4|45|24|73
4|46|24|74
4|46|25|75
4|47|25|76
4|47|26|77
4|48|26|78
4|48|27|79
4|49|27|80
4|49|28|81
4|50|28|82
4|50|29|83
4|51|29|84
4|51|30|85
4|52|30|86
4|52|31|87
4|53|31|88
4|53|32|89
4|54|32|90
4|54|33|91
4|55|33|92
4|55|34|93
4|56|34|94
4|56|35|95
4|57|35|96
4|57|36|97
4|58|36|98
4|58|37|99
4|59|37|100
4|59|38|101
4|60|38|102
4|60|39|103
4|61|39|104
4|61|40|105
4|62|40|106
4|62|41|107
4|63|41|108
4|63|42|109
4|64|42|110
4|64|43|111
4|65|43|112
4|65|44|113
4|66|44|114
4|66|45|115
4|67|45|116
4|67|46|117
4|68|46|118
4|68|47|119
4|69|47|120
4|69|48|121
4|70|48|122
4|70|49|123
4|71|49|124
4|71|50|125
4|72|50|126
4|72|51|127
4|73|51|128
4|73|52|129
4|74|52|130
4|74|53|131
4|75|53|132
4|75|54|133
4|76|54|134
4|76|55|135
4|77|55|136
4|77|56|137
4|78|56|138
4|79|56|139
4|80|56|140
4|80|57|141
4|81|57|142
4|81|58|143
4|82|58|144
4|83|58|145
4|84|58|146
4|85|58|147
4|86|58|148
4|86|59|149
4|87|59|150
4|87|60|151
4|88|60|152
4|89|60|153
4|90|60|154
4|90|61|155
4|91|61|156
4|91|62|157
4|92|62|158
4|92|63|159
4|93|63|160
4|93|64|161
4|94|64|162
4|94|65|163
4|95|65|164
4|95|66|165
4|96|66|166
4|96|67|167
4|97|67|168
4|98|67|169
4|99|67|170
4|99|68|171
4|100|68|172
4|100|69|173
4|101|69|174
4|101|70|175
4|102|70|176
4|102|71|177
4|103|71|178
4|103|72|179
4|104|72|180
4|104|73|181
4|105|73|182
4|105|74|183
4|106|74|184
4|106|75|185
4|107|75|186
4|107|76|187
4|108|76|188
4|108|77|189
4|109|77|190
4|109|78|191
4|110|78|192
4|110|79|193
4|111|79|194
4|111|80|195
4|112|80|196
4|112|81|197
4|113|81|198
4|113|82|199
4|114|82|200
4|114|83|201
4|115|83|202
4|115|84|203
4|116|84|204
4|116|85|205
4|117|85|206
4|117|86|207
4|118|86|208
4|118|87|209
4|119|87|210
4|119|88|211
4|120|88|212
4|120|89|213
4|121|89|214
4|121|90|215
4|122|90|216
4|123|90|217
4|124|90|218
4|124|91|219
4|125|91|220
4|125|92|221
4|126|92|222
4|126|93|223
4|127|93|224
4|128|93|225
4|129|93|226
4|129|94|227
4|130|94|228
4|130|95|229
4|131|95|230
4|131|96|231
4|132|96|232
4|133|96|233
4|134|96|234
4|134|97|235
4|135|97|236
4|136|97|237
4|137|97|238
4|137|98|239
4|138|98|240
4|138|99|241
4|139|99|242
4|139|100|243
4|140|100|244
4|141|100|245
4|142|100|246
4|143|100|247
4|144|100|248
4|145|100|249
4|146|100|250
4|147|100|251
4|148|100|252
4|149|100|253
4|150|100|254
4|151|100|255
4|152|100|256
4|153|100|257
4|154|100|258
4|155|100|259
4|156|100|260
4|157|100|261
4|158|100|262
4|159|100|263
4|160|100|264
4|161|100|265
4|162|100|266
4|163|100|267
4|164|100|268
4|165|100|269
4|166|100|270
4|167|100|271
4|168|100|272
4|169|100|273
4|170|100|274
4|171|100|275
4|172|100|276
4|173|100|277
4|174|100|278
4|175|100|279
4|176|100|280
4|176|101|281
4|177|101|282
4|177|102|283
4|178|102|284
4|178|103|285
4|179|103|286
4|179|104|287
4|180|104|288
4|180|105|289
4|181|105|290
4|181|106|291
4|182|106|292
4|182|107|293
4|183|107|294
4|183|108|295
4|184|108|296
4|184|109|297
4|185|109|298
4|185|110|299
4|186|110|300
4|186|111|301
4|187|111|302
4|187|112|303
4|188|112|304
4|188|113|305
4|189|113|306
4|189|114|307
4|190|114|308
4|190|115|309
4|191|115|310
4|191|116|311
4|192|116|312
4|192|117|313
4|193|117|314
4|193|118|315
4|194|118|316
4|195|118|317
4|196|118|318
4|196|119|319
4|197|119|320
4|198|119|321
4|199|119|322
4|200|119|323
4|201|119|324
4|201|120|325
4|202|120|326
4|203|120|327
4|204|120|328
4|204|121|329
4|205|121|330
4|205|122|331
4|206|122|332
4|207|122|333
4|208|122|334
4|208|123|335
4|209|123|336
4|209|124|337
4|210|124|338
4|210|125|339
4|211|125|340
4|212|125|341
4|213|125|342
4|214|125|343
4|215|125|344
4|216|125|345
4|217|125|346
4|218|125|347
4|219|125|348
4|220|125|349
4|221|125|350
4|222|125|351
4|223|125|352
4|224|125|353
4|225|125|354
4|226|125|355
4|227|125|356
4|227|126|357
4|228|126|358
4|228|127|359
4|229|127|360
4|230|127|361
4|231|127|362
4|231|128|363
4|232|128|364
4|232|129|365
4|233|129|366
4|233|130|367
4|234|130|368
4|235|130|369
4|236|130|370
4|236|131|371
4|237|131|372
4|238|131|373
4|239|131|374
4|239|132|375
4|240|132|376
4|240|133|377
4|241|133|378
4|241|134|379
4|242|134|380
4|242|135|381
4|243|135|382
4|244|135|383
4|245|135|384
4|245|136|385
4|246|136|386
4|246|137|387
4|247|137|388
4|247|138|389
4|248|138|390
4|248|139|391
4|249|139|392
4|249|140|393
4|250|140|394
4|250|141|395
4|251|141|396
4|251|142|397
4|252|142|398
4|252|143|399
4|253|143|400
4|253|144|401
4|254|144|402
4|254|145|403
4|255|145|404
4|255|146|405
4|256|146|406
4|256|147|407
4|257|147|408
4|257|148|409
4|258|148|410
4|258|149|411
4|259|149|412
4|259|150|413
4|260|150|414
4|260|151|415
4|261|151|416
4|261|152|417
4|262|152|418
4|262|153|419
4|263|153|420
4|263|154|421
4|264|154|422
4|264|155|423
4|265|155|424
4|265|156|425
4|266|156|426
4|266|157|427
4|267|157|428
4|267|158|429
4|268|158|430
4|269|158|431
4|270|158|432
4|270|159|433
4|271|159|434
4|271|160|435
4|272|160|436
4|272|161|437
4|273|161|438
4|274|161|439
4|275|161|440
4|275|162|441
4|276|162|442
4|276|163|443
4|277|163|444
4|277|164|445
4|278|164|446
4|278|165|447
4|279|165|448
4|279|166|449
4|280|166|450
4|280|167|451
4|281|167|452
4|282|167|453
4|283|167|454
4|283|168|455
4|284|168|456
4|284|169|457
4|285|169|458
4|285|170|459
4|286|170|460
4|286|171|461
4|287|171|462
4|287|172|463
4|288|172|464
4|288|173|465
4|289|173|466
4|289|174|467
4|290|174|468
4|290|175|469
4|291|175|470
4|291|176|471
4|292|176|472
4|292|177|473
4|293|177|474
4|293|178|475
4|294|178|476
4|294|179|477
4|295|179|478
4|295|180|479
4|296|180|480
4|296|181|481
4|297|181|482
4|297|182|483
4|298|182|484
4|298|183|485
4|299|183|486
4|299|184|487
4|300|184|488
4|300|185|489
4|301|185|490
4|301|186|491
4|302|186|492
4|302|187|493
4|303|187|494
4|303|188|495
4|304|188|496
4|304|189|497
4|305|189|498
4|305|190|499
4|306|190|500
4|306|191|501
4|307|191|502
4|308|191|503
4|309|191|504
4|309|192|505
4|310|192|506
4|310|193|507
4|311|193|508
4|311|194|509
4|312|194|510
4|313|194|511
4|314|194|512
4|314|195|513
4|315|195|514
4|315|196|515
4|316|196|516
4|316|197|517
4|317|197|518
4|317|198|519
4|318|198|520
4|318|199|521
4|319|199|522
4|319|200|523
4|320|200|524
4|320|201|525
4|321|201|526
4|321|202|527
4|322|202|528
4|322|203|529
4|323|203|530
4|323|204|531
4|324|204|532
4|325|204|533
4|326|204|534
4|327|204|535
4|328|204|536
4|329|204|537
4|330|204|538
4|331|204|539
4|332|204|540
4|333|204|541
4|334|204|542
4|335|204|543
4|336|204|544
4|337|204|545
4|338|204|546
4|339|204|547
4|340|204|548
4|341|204|549
4|342|204|550
4|343|204|551
4|344|204|552
4|345|204|553
4|346|204|554
4|347|204|555
4|348|204|556
4|349|204|557
4|350|204|558
4|351|204|559
4|352|204|560
4|353|204|561
4|354|204|562
4|355|204|563
4|356|204|564
4|357|204|565
4|358|204|566
4|359|204|567
4|360|204|568
4|360|205|569
4|361|205|570
4|361|206|571
4|362|206|572
4|362|207|573
4|363|207|574
4|363|208|575
4|364|208|576
4|364|209|577
4|365|209|578
4|365|210|579
4|366|210|580
4|366|211|581
4|367|211|582
4|367|212|583
4|368|212|584
4|368|213|585
4|369|213|586
4|369|214|587
4|370|214|588
4|370|215|589
4|371|215|590
4|371|216|591
4|372|216|592
4|372|217|593
4|373|217|594
4|373|218|595
4|374|218|596
4|374|219|597
4|375|219|598
4|375|220|599
4|376|220|600
4|376|221|601
4|377|221|602
4|377|222|603
4|378|222|604
4|378|223|605
4|379|223|606
4|379|224|607
4|380|224|608
4|380|225|609
4|381|225|610
4|381|226|611
4|382|226|612
4|382|227|613
4|383|227|614
4|383|228|615
4|384|228|616
4|384|229|617
4|385|229|618
4|385|230|619
4|386|230|620
4|386|231|621
4|387|231|622
4|387|232|623
4|388|232|624
4|388|233|625
4|389|233|626
4|389|234|627
4|390|234|628
4|390|235|629
4|391|235|630
4|391|236|631
4|392|236|632
4|392|237|633
4|393|237|634
4|393|238|635
4|394|238|636
4|394|239|637
4|395|239|638
4|395|240|639
4|396|240|640
4|396|241|641
4|397|241|642
4|397|242|643
4|398|242|644
4|398|243|645
4|399|243|646
4|399|244|647
4|400|244|648
4|400|245|649
4|401|245|650
4|401|246|651
4|402|246|652
4|402|247|653
4|403|247|654
4|403|248|655
4|404|248|656
4|404|249|657
4|405|249|658
4|405|250|659
4|406|250|660
4|406|251|661
4|407|251|662
4|407|252|663
4|408|252|664
4|408|253|665
4|409|253|666
4|409|254|667
4|410|254|668
4|410|255|669
4|411|255|670
4|411|256|671
4|412|256|672
4|412|257|673
4|413|257|674
4|413|258|675
4|414|258|676
4|415|258|677
4|416|258|678
4|417|258|679
4|418|258|680
4|419|258|681
4|420|258|682
4|421|258|683
4|422|258|684
4|423|258|685
4|424|258|686
4|425|258|687
4|426|258|688
4|427|258|689
4|428|258|690
4|429|258|691
4|430|258|692
4|431|258|693
4|432|258|694
4|433|258|695
4|434|258|696
4|435|258|697
4|436|258|698
4|437|258|699
4|438|258|700
4|439|258|701
4|440|258|702
4|441|258|703
4|442|258|704
4|443|258|705
4|444|258|706
4|445|258|707
4|446|258|708
4|447|258|709
4|448|258|710
4|449|258|711
4|450|258|712
4|450|259|713
4|451|259|714
4|451|260|715
4|452|260|716
4|452|261|717
4|453|261|718
4|453|262|719
4|454|262|720
4|454|263|721
4|455|263|722
4|455|264|723
4|456|264|724
4|456|265|725
4|457|265|726
4|457|266|727
4|458|266|728
4|458|267|729
4|459|267|730
4|459|268|731
4|460|268|732
4|460|269|733
4|461|269|734
4|461|270|735
4|462|270|736
4|462|271|737
4|463|271|738
4|463|272|739
4|464|272|740
4|464|273|741
4|465|273|742
4|465|274|743
4|466|274|744
4|466|275|745
4|467|275|746
4|467|276|747
4|468|276|748
4|468|277|749
4|469|277|750
4|469|278|751
4|470|278|752
4|470|279|753
4|471|279|754
4|471|280|755
4|472|280|756
4|472|281|757
4|473|281|758
4|473|282|759
4|474|282|760
4|474|283|761
4|475|283|762
4|475|284|763
4|476|284|764
4|476|285|765
4|477|285|766
4|477|286|767
4|478|286|768
4|478|287|769
4|479|287|770
4|479|288|771
4|480|288|772
4|480|289|773
4|481|289|774
4|481|290|775
4|482|290|776
4|482|291|777
4|483|291|778
4|483|292|779
4|484|292|780
4|484|293|781
4|485|293|782
4|485|294|783
4|486|294|784
4|486|295|785
4|487|295|786
4|487|296|787
4|488|296|788
4|488|297|789
4|489|297|790
4|489|298|791
4|490|298|792
4|490|299|793
4|491|299|794
4|491|300|795
4|492|300|796
4|492|301|797
4|493|301|798
4|493|302|799
4|494|302|800
4|494|303|801
4|495|303|802
4|495|304|803
4|496|304|804
4|496|305|805
4|497|305|806
4|497|306|807
4|498|306|808
4|498|307|809
4|499|307|810
4|499|308|811
4|500|308|812
4|500|309|813
4|501|309|814
4|501|310|815
4|502|310|816
4|502|311|817
4|503|311|818
4|503|312|819
4|504|312|820
4|504|313|821
4|505|313|822
4|505|314|823
4|506|314|824
4|506|315|825
4|507|315|826
4|507|316|827
4|508|316|828
4|509|316|829
4|510|316|830
4|510|317|831
4|511|317|832
4|511|318|833
4|512|318|834
4|512|319|835
4|513|319|836
4|514|319|837
4|515|319|838
4|515|320|839
4|516|320|840
4|516|321|841
4|517|321|842
4|517|322|843
4|518|322|844
4|518|323|845
4|519|323|846
4|519|324|847
4|520|324|848
4|521|324|849
4|522|324|850
4|522|325|851
4|523|325|852
4|524|325|853
4|525|325|854
4|525|326|855
4|526|326|856
4|526|327|857
4|527|327|858
4|527|328|859
4|528|328|860
4|528|329|861
4|529|329|862
4|529|330|863
4|530|330|864
4|531|330|865
4|532|330|866
4|532|331|867
4|533|331|868
4|533|332|869
4|534|332|870
4|534|333|871
4|535|333|872
4|536|333|873
4|537|333|874
4|537|334|875
4|538|334|876
4|538|335|877
4|539|335|878
4|539|336|879
4|540|336|880
4|540|337|881
4|541|337|882
4|541|338|883
4|542|338|884
4|543|338|885
4|544|338|886
4|544|339|887
5|544|339|888
5|545|339|889
5|546|339|890
5|546|340|891
5|547|340|892
5|547|341|893
5|548|341|894
5|548|342|895
5|549|342|896
5|549|343|897
5|550|343|898
5|550|344|899
5|551|344|900
5|552|344|901
5|553|344|902
5|553|345|903
5|554|345|904
5|554|346|905
5|555|346|906
5|555|347|907
5|556|347|908
5|557|347|909
5|558|347|910
5|558|348|911
5|559|348|912
5|559|349|913
5|560|349|914
5|560|350|915
5|561|350|916
5|561|351|917
5|562|351|918
5|562|352|919
5|563|352|920
5|564|352|921
5|565|352|922
5|565|353|923
5|566|353|924
5|567|353|925
5|568|353|926
5|568|354|927
5|569|354|928
5|570|354|929
5|571|354|930
5|572|354|931
5|573|354|932
5|574|354|933
5|575|354|934
5|576|354|935
5|577|354|936
5|578|354|937
5|579|354|938
5|580|354|939
5|581|354|940
5|582|354|941
5|583|354|942
5|584|354|943
5|585|354|944
5|586|354|945
5|587|354|946
5|588|354|947
5|589|354|948
5|590|354|949
5|591|354|950
5|592|354|951
5|593|354|952
5|594|354|953
5|595|354|954
5|596|354|955
5|597|354|956
5|598|354|957
5|599|354|958
5|600|354|959
5|601|354|960
5|602|354|961
5|603|354|962
5|604|354|963
5|605|354|964
5|605|355|965
5|606|355|966
5|606|356|967
5|607|356|968
5|607|357|969
5|608|357|970
5|608|358|971
5|609|358|972
5|609|359|973
5|610|359|974
5|610|360|975
5|611|360|976
5|611|361|977
5|612|361|978
5|612|362|979
5|613|362|980
5|613|363|981
5|614|363|982
5|614|364|983
5|615|364|984
5|615|365|985
5|616|365|986
5|616|366|987
5|617|366|988
5|617|367|989
5|618|367|990
5|618|368|991
5|619|368|992
5|619|369|993
5|620|369|994
5|620|370|995
5|621|370|996
5|621|371|997
5|622|371|998
5|622|372|999
5|623|372|1000
5|624|372|1001
5|625|372|1002
5|625|373|1003
5|626|373|1004
5|627|373|1005
5|628|373|1006
5|629|373|1007
5|630|373|1008
5|631|373|1009
5|632|373|1010
5|632|374|1011
5|633|374|1012
5|633|375|1013
5|634|375|1014
5|635|375|1015
5|636|375|1016
5|637|375|1017
5|638|375|1018
5|639|375|1019
5|640|375|1020
5|641|375|1021
5|642|375|1022
5|642|376|1023
5|643|376|1024
5|643|377|1025
5|644|377|1026
5|645|377|1027
5|646|377|1028
5|646|378|1029
5|647|378|1030
5|647|379|1031
5|648|379|1032
5|649|379|1033
5|650|379|1034
5|650|380|1035
5|651|380|1036
5|651|381|1037
5|652|381|1038
5|652|382|1039
5|653|382|1040
5|653|383|1041
5|654|383|1042
5|654|384|1043
5|655|384|1044
5|656|384|1045
5|657|384|1046
5|658|384|1047
5|659|384|1048
5|659|385|1049
5|660|385|1050
5|660|386|1051
5|661|386|1052
5|662|386|1053
5|663|386|1054
5|663|387|1055
5|664|387|1056
5|664|388|1057
5|665|388|1058
5|665|389|1059
5|666|389|1060
5|666|390|1061
5|667|390|1062
5|667|391|1063
5|668|391|1064
5|668|392|1065
5|669|392|1066
5|670|392|1067
5|671|392|1068
5|672|392|1069
5|673|392|1070
5|673|393|1071
5|674|393|1072
5|674|394|1073
5|675|394|1074
5|675|395|1075
5|676|395|1076
5|676|396|1077
5|677|396|1078
5|677|397|1079
5|678|397|1080
5|678|398|1081
5|679|398|1082
5|679|399|1083
5|680|399|1084
5|680|400|1085
5|681|400|1086
5|681|401|1087
5|682|401|1088
5|682|402|1089
5|683|402|1090
5|683|403|1091
5|684|403|1092
5|684|404|1093
5|685|404|1094
5|686|404|1095
5|687|404|1096
5|687|405|1097
5|688|405|1098
5|688|406|1099
5|689|406|1100
5|690|406|1101
5|691|406|1102
5|691|407|1103
5|692|407|1104
5|693|407|1105
5|694|407|1106
5|694|408|1107
5|695|408|1108
5|695|409|1109
5|696|409|1110
5|696|410|1111
5|697|410|1112
5|697|411|1113
5|698|411|1114
5|699|411|1115
5|700|411|1116
5|700|412|1117
5|701|412|1118
5|701|413|1119
5|702|413|1120
5|702|414|1121
5|703|414|1122
5|704|414|1123
5|705|414|1124
5|705|415|1125
5|706|415|1126
5|706|416|1127
5|707|416|1128
5|707|417|1129
5|708|417|1130
5|709|417|1131
5|710|417|1132
5|711|417|1133
5|712|417|1134
5|712|418|1135
5|713|418|1136
5|714|418|1137
5|715|418|1138
5|715|419|1139
5|716|419|1140
5|717|419|1141
5|718|419|1142
5|718|420|1143
5|719|420|1144
5|719|421|1145
5|720|421|1146
5|720|422|1147
5|721|422|1148
5|721|423|1149
5|722|423|1150
5|722|424|1151
5|723|424|1152
5|723|425|1153
5|724|425|1154
5|724|426|1155
5|725|426|1156
5|725|427|1157
5|726|427|1158
5|726|428|1159
5|727|428|1160
5|727|429|1161
5|728|429|1162
5|728|430|1163
5|729|430|1164
5|729|431|1165
5|730|431|1166
5|730|432|1167
5|731|432|1168
5|731|433|1169
5|732|433|1170
5|732|434|1171
5|733|434|1172
5|733|435|1173
5|734|435|1174
5|734|436|1175
5|735|436|1176
5|735|437|1177
5|736|437|1178
5|736|438|1179
5|737|438|1180
5|737|439|1181
5|738|439|1182
5|738|440|1183
5|739|440|1184
5|739|441|1185
5|740|441|1186
5|741|441|1187
5|742|441|1188
5|742|442|1189
5|743|442|1190
5|743|443|1191
5|744|443|1192
5|744|444|1193
5|745|444|1194
5|746|444|1195
5|747|444|1196
5|747|445|1197
5|748|445|1198
5|748|446|1199
5|749|446|1200
5|749|447|1201
5|750|447|1202
5|750|448|1203
5|751|448|1204
5|752|448|1205
5|753|448|1206
5|753|449|1207
5|754|449|1208
5|754|450|1209
5|755|450|1210
5|755|451|1211
5|756|451|1212
5|756|452|1213
5|757|452|1214
5|757|453|1215
5|758|453|1216
5|759|453|1217
5|760|453|1218
5|761|453|1219
5|762|453|1220
5|763|453|1221
5|764|453|1222
5|765|453|1223
5|766|453|1224
5|767|453|1225
5|768|453|1226
5|769|453|1227
5|770|453|1228
5|771|453|1229
5|772|453|1230
5|773|453|1231
5|774|453|1232
5|775|453|1233
5|776|453|1234
5|777|453|1235
5|778|453|1236
5|779|453|1237
5|780|453|1238
5|781|453|1239
5|782|453|1240
5|783|453|1241
5|784|453|1242
5|785|453|1243
5|786|453|1244
5|787|453|1245
5|788|453|1246
5|789|453|1247
5|790|453|1248
5|791|453|1249
5|792|453|1250
5|793|453|1251
5|794|453|1252
5|794|454|1253
5|795|454|1254
5|795|455|1255
5|796|455|1256
5|796|456|1257
5|797|456|1258
5|797|457|1259
5|798|457|1260
5|798|458|1261
5|799|458|1262
5|799|459|1263
5|800|459|1264
5|800|460|1265
5|801|460|1266
5|801|461|1267
5|802|461|1268
5|802|462|1269
5|803|462|1270
5|803|463|1271
5|804|463|1272
5|804|464|1273
5|805|464|1274
5|805|465|1275
5|806|465|1276
5|806|466|1277
5|807|466|1278
5|807|467|1279
5|808|467|1280
5|808|468|1281
5|809|468|1282
5|809|469|1283
5|810|469|1284
5|810|470|1285
6|810|470|1286
6|810|471|1287
6|811|471|1288
6|811|472|1289
6|812|472|1290
6|812|473|1291
6|813|473|1292
6|813|474|1293
6|814|474|1294
6|814|475|1295
6|815|475|1296
6|815|476|1297
6|816|476|1298
6|816|477|1299
6|817|477|1300
6|817|478|1301
6|818|478|1302
6|818|479|1303
6|819|479|1304
6|819|480|1305
6|820|480|1306
6|820|481|1307
6|821|481|1308
6|821|482|1309
6|822|482|1310
6|822|483|1311
6|823|483|1312
6|823|484|1313
6|824|484|1314
6|824|485|1315
6|825|485|1316
6|825|486|1317
6|826|486|1318
6|826|487|1319
6|827|487|1320
6|827|488|1321
6|828|488|1322
6|828|489|1323
6|829|489|1324
6|829|490|1325
6|830|490|1326
6|830|491|1327
6|831|491|1328
6|831|492|1329
6|832|492|1330
6|832|493|1331
6|833|493|1332
6|833|494|1333
6|834|494|1334
6|834|495|1335
6|835|495|1336
6|835|496|1337
6|836|496|1338
6|836|497|1339
6|837|497|1340
6|837|498|1341
6|838|498|1342
6|838|499|1343
6|839|499|1344
6|839|500|1345
6|840|500|1346
6|840|501|1347
6|841|501|1348
6|841|502|1349
6|842|502|1350
6|842|503|1351
6|843|503|1352
6|843|504|1353
6|844|504|1354
6|844|505|1355
6|845|505|1356
6|845|506|1357
6|846|506|1358
6|846|507|1359
6|847|507|1360
6|848|507|1361
6|849|507|1362
6|850|507|1363
6|851|507|1364
6|852|507|1365
6|853|507|1366
6|854|507|1367
6|855|507|1368
6|856|507|1369
6|857|507|1370
6|858|507|1371
6|859|507|1372
6|860|507|1373
6|861|507|1374
6|862|507|1375
6|863|507|1376
6|864|507|1377
6|865|507|1378
6|866|507|1379
6|867|507|1380
6|868|507|1381
6|869|507|1382
6|870|507|1383
6|871|507|1384
6|872|507|1385
6|873|507|1386
6|874|507|1387
6|875|507|1388
6|876|507|1389
6|877|507|1390
6|878|507|1391
6|879|507|1392
6|880|507|1393
6|881|507|1394
6|882|507|1395
6|883|507|1396
6|883|508|1397
6|884|508|1398
6|884|509|1399
6|885|509|1400
6|885|510|1401
6|886|510|1402
6|886|511|1403
6|887|511|1404
6|887|512|1405
6|888|512|1406
6|888|513|1407
6|889|513|1408
6|889|514|1409
6|890|514|1410
6|890|515|1411
6|891|515|1412
6|891|516|1413
6|892|516|1414
6|892|517|1415
6|893|517|1416
6|893|518|1417
6|894|518|1418
6|894|519|1419
6|895|519|1420
6|895|520|1421
6|896|520|1422
6|896|521|1423
6|897|521|1424
6|897|522|1425
6|898|522|1426
6|898|523|1427
6|899|523|1428
6|899|524|1429
6|900|524|1430
6|900|525|1431
6|901|525|1432
6|901|526|1433
6|902|526|1434
6|902|527|1435
6|903|527|1436
6|903|528|1437
6|904|528|1438
6|904|529|1439
6|905|529|1440
6|905|530|1441
6|906|530|1442
6|906|531|1443
6|907|531|1444
6|907|532|1445
6|908|532|1446
6|908|533|1447
6|909|533|1448
6|909|534|1449
6|910|534|1450
6|910|535|1451
6|911|535|1452
6|911|536|1453
6|912|536|1454
6|912|537|1455
6|913|537|1456
6|913|538|1457
6|914|538|1458
6|914|539|1459
6|915|539|1460
6|915|540|1461
6|916|540|1462
6|916|541|1463
6|917|541|1464
6|917|542|1465
6|918|542|1466
6|918|543|1467
6|919|543|1468
6|919|544|1469
6|920|544|1470
6|920|545|1471
6|921|545|1472
6|921|546|1473
6|922|546|1474
6|922|547|1475
6|923|547|1476
6|923|548|1477
6|924|548|1478
6|924|549|1479
6|925|549|1480
6|925|550|1481
6|926|550|1482
6|926|551|1483
6|927|551|1484
6|927|552|1485
6|928|552|1486
6|928|553|1487
6|929|553|1488
6|929|554|1489
6|930|554|1490
6|930|555|1491
6|931|555|1492
6|931|556|1493
6|932|556|1494
6|932|557|1495
6|933|557|1496
6|933|558|1497
6|934|558|1498
6|934|559|1499
6|935|559|1500
6|935|560|1501
6|936|560|1502
6|936|561|1503
6|937|561|1504
6|938|561|1505
6|939|561|1506
6|939|562|1507
6|940|562|1508
6|940|563|1509
6|941|563|1510
6|941|564|1511
6|942|564|1512
6|943|564|1513
6|944|564|1514
6|944|565|1515
6|945|565|1516
6|945|566|1517
6|946|566|1518
6|946|567|1519
6|947|567|1520
6|948|567|1521
6|949|567|1522
6|949|568|1523
6|950|568|1524
6|950|569|1525
6|951|569|1526
6|951|570|1527
6|952|570|1528
6|953|570|1529
6|954|570|1530
6|954|571|1531
6|955|571|1532
6|955|572|1533
6|956|572|1534
6|956|573|1535
6|957|573|1536
6|957|574|1537
6|958|574|1538
6|959|574|1539
6|960|574|1540
6|960|575|1541
6|961|575|1542
6|961|576|1543
6|962|576|1544
6|962|577|1545
6|963|577|1546
6|963|578|1547
6|964|578|1548
6|965|578|1549
6|966|578|1550
6|966|579|1551
6|967|579|1552
6|967|580|1553
6|968|580|1554
6|968|581|1555
6|969|581|1556
6|970|581|1557
6|971|581|1558
6|971|582|1559
6|972|582|1560
6|973|583|1562
6|974|583|1563
6|974|584|1564
6|975|584|1565
6|975|585|1566
6|976|585|1567
6|976|586|1568
6|977|586|1569
6|978|586|1570
6|979|586|1571
6|979|587|1572
6|980|587|1573
6|980|588|1574
6|981|588|1575
6|981|589|1576
6|982|589|1577
6|982|590|1578
6|983|590|1579
6|983|591|1580
6|984|591|1581
6|984|592|1582
6|985|592|1583
6|985|593|1584
6|986|593|1585
6|986|594|1586
6|987|594|1587
6|987|595|1588
6|988|595|1589
6|988|596|1590
6|989|596|1591
6|989|597|1592
6|990|597|1593
6|990|598|1594
6|991|598|1595
6|991|599|1596
6|992|599|1597
6|992|600|1598
6|993|600|1599
6|993|601|1600
6|994|601|1601
6|994|602|1602
6|995|602|1603
6|995|603|1604
6|996|603|1605
6|996|604|1606
6|997|604|1607
6|997|605|1608
6|998|605|1609
6|998|606|1610
6|999|606|1611
6|999|607|1612
6|1000|607|1613
6|1001|607|1614
6|1002|607|1615
6|1003|607|1616
6|1004|607|1617
6|1005|607|1618
6|1006|607|1619
6|1007|607|1620
6|1008|607|1621
6|1009|607|1622
6|1010|607|1623
6|1011|607|1624
6|1012|607|1625
6|1013|607|1626
6|1014|607|1627
6|1015|607|1628
6|1016|607|1629
6|1017|607|1630
6|1018|607|1631
6|1019|607|1632
6|1020|607|1633
6|1021|607|1634
6|1022|607|1635
6|1023|607|1636
6|1024|607|1637
6|1025|607|1638
6|1026|607|1639
6|1027|607|1640
6|1028|607|1641
6|1029|607|1642
6|1030|607|1643
6|1031|607|1644
6|1032|607|1645
6|1033|607|1646
6|1034|607|1647
6|1035|607|1648
6|1036|607|1649
6|1036|608|1650
6|1037|608|1651
6|1037|609|1652
6|1038|609|1653
6|1038|610|1654
6|1039|610|1655
6|1039|611|1656
6|1040|611|1657
6|1040|612|1658
6|1041|612|1659
6|1041|613|1660
6|1042|613|1661
6|1042|614|1662
6|1043|614|1663
6|1043|615|1664
6|1044|615|1665
6|1044|616|1666
6|1045|616|1667
6|1045|617|1668
6|1046|617|1669
6|1046|618|1670
6|1047|618|1671
6|1047|619|1672
6|1048|619|1673
6|1048|620|1674
6|1049|620|1675
6|1049|621|1676
6|1050|621|1677
6|1050|622|1678
6|1051|622|1679
6|1051|623|1680
6|1052|623|1681
6|1052|624|1682
6|1053|624|1683
6|1053|625|1684
6|1054|625|1685
6|1054|626|1686
6|1055|626|1687
6|1056|626|1688
6|1057|626|1689
6|1058|626|1690
6|1059|626|1691
6|1060|626|1692
6|1061|626|1693
6|1061|627|1694
6|1062|627|1695
6|1062|628|1696
6|1063|628|1697
6|1063|629|1698
6|1064|629|1699
6|1064|630|1700
6|1065|630|1701
6|1066|630|1702
6|1067|630|1703
6|1068|630|1704
6|1069|630|1705
6|1069|631|1706
6|1070|631|1707
6|1070|632|1708
6|1071|632|1709
6|1071|633|1710
6|1072|633|1711
6|1073|633|1712
6|1074|633|1713
6|1075|633|1714
6|1076|633|1715
6|1076|634|1716
6|1077|634|1717
6|1077|635|1718
6|1078|635|1719
6|1078|636|1720
6|1079|636|1721
6|1079|637|1722
6|1080|637|1723
6|1081|637|1724
6|1082|637|1725
6|1082|638|1726
6|1083|638|1727
6|1083|639|1728
6|1084|639|1729
6|1085|639|1730
6|1086|639|1731
6|1087|639|1732
6|1088|639|1733
6|1088|640|1734
6|1089|640|1735
6|1089|641|1736
6|1090|641|1737
6|1091|641|1738
6|1092|641|1739
6|1092|642|1740
6|1093|642|1741
6|1093|643|1742
6|1094|643|1743
6|1094|644|1744
6|1095|644|1745
6|1095|645|1746
6|1096|645|1747
6|1097|645|1748
6|1098|645|1749
6|1098|646|1750
6|1099|646|1751
6|1100|646|1752
6|1101|646|1753
6|1102|646|1754
6|1103|646|1755
6|1103|647|1756
6|1104|647|1757
6|1105|647|1758
6|1106|647|1759
6|1106|648|1760
6|1107|648|1761
6|1108|648|1762
6|1109|648|1763
6|1109|649|1764
6|1110|649|1765
6|1110|650|1766
6|1111|650|1767
6|1111|651|1768
6|1112|651|1769
6|1112|652|1770
6|1113|652|1771
6|1113|653|1772
6|1114|653|1773
6|1114|654|1774
6|1115|654|1775
6|1115|655|1776
6|1116|655|1777
6|1116|656|1778
6|1117|656|1779
6|1118|656|1780
6|1119|656|1781
6|1120|656|1782
6|1121|656|1783
6|1121|657|1784
6|1122|657|1785
6|1123|657|1786
6|1124|657|1787
6|1124|658|1788
6|1125|658|1789
6|1126|658|1790
6|1127|658|1791
6|1127|659|1792
6|1128|659|1793
6|1129|659|1794
6|1130|659|1795
6|1130|660|1796
6|1131|660|1797
6|1131|661|1798
6|1132|661|1799
6|1133|661|1800
6|1134|661|1801
6|1134|662|1802
6|1135|662|1803
6|1135|663|1804
6|1136|663|1805
6|1136|664|1806
6|1137|664|1807
6|1138|664|1808
6|1139|664|1809
6|1139|665|1810
6|1140|665|1811
6|1140|666|1812
6|1141|666|1813
6|1141|667|1814
6|1142|667|1815
6|1143|667|1816
6|1144|667|1817
6|1145|667|1818
6|1146|667|1819
6|1146|668|1820
6|1147|668|1821
6|1148|668|1822
6|1149|668|1823
6|1149|669|1824
6|1150|669|1825
6|1151|669|1826
6|1152|669|1827
6|1153|669|1828
6|1154|669|1829
6|1154|670|1830
6|1155|670|1831
6|1155|671|1832
6|1156|671|1833
6|1156|672|1834
6|1157|672|1835
6|1157|673|1836
6|1158|673|1837
6|1158|674|1838
6|1159|674|1839
6|1159|675|1840
6|1160|675|1841
6|1160|676|1842
6|1161|676|1843
6|1161|677|1844
6|1162|677|1845
6|1162|678|1846
6|1163|678|1847
6|1163|679|1848
6|1164|679|1849
6|1164|680|1850
6|1165|680|1851
6|1165|681|1852
6|1166|681|1853
6|1166|682|1854
6|1167|682|1855
6|1167|683|1856
6|1168|683|1857
6|1168|684|1858
6|1169|684|1859
6|1169|685|1860
6|1170|685|1861
6|1170|686|1862
6|1171|686|1863
6|1171|687|1864
6|1172|687|1865
6|1172|688|1866
6|1173|688|1867
6|1173|689|1868
6|1174|689|1869
6|1174|690|1870
6|1175|690|1871
6|1176|690|1872
6|1177|690|1873
6|1177|691|1874
6|1178|691|1875
6|1178|692|1876
6|1179|692|1877
6|1179|693|1878
6|1180|693|1879
6|1181|693|1880
6|1182|693|1881
6|1182|694|1882
6|1183|694|1883
6|1183|695|1884
6|1184|695|1885
6|1184|696|1886
6|1185|696|1887
6|1186|696|1888
6|1187|696|1889
6|1188|696|1890
6|1189|696|1891
6|1189|697|1892
6|1190|697|1893
6|1190|698|1894
6|1191|698|1895
6|1191|699|1896
6|1192|699|1897
6|1192|700|1898
6|1193|700|1899
6|1193|701|1900
6|1194|701|1901
6|1195|701|1902
6|1196|701|1903
6|1197|701|1904
6|1198|701|1905
6|1199|701|1906
6|1200|701|1907
6|1201|701|1908
6|1202|701|1909
6|1203|701|1910
6|1204|701|1911
6|1205|701|1912
6|1206|701|1913
6|1207|701|1914
6|1208|701|1915
6|1209|701|1916
6|1210|701|1917
6|1211|701|1918
6|1212|701|1919
6|1213|701|1920
6|1214|701|1921
6|1215|701|1922
6|1216|701|1923
6|1217|701|1924
6|1218|701|1925
6|1219|701|1926
6|1220|701|1927
6|1221|701|1928
6|1222|701|1929
6|1223|701|1930
6|1224|701|1931
6|1225|701|1932
6|1226|701|1933
6|1227|701|1934
6|1228|701|1935
6|1229|701|1936
6|1230|701|1937
6|1230|702|1938
6|1231|702|1939
6|1231|703|1940
6|1232|703|1941
6|1232|704|1942
6|1233|704|1943
6|1233|705|1944
6|1234|705|1945
6|1234|706|1946
6|1235|706|1947
6|1235|707|1948
6|1236|707|1949
6|1236|708|1950
6|1237|708|1951
6|1237|709|1952
6|1238|709|1953
6|1238|710|1954
6|1239|710|1955
6|1239|711|1956
6|1240|711|1957
6|1240|712|1958
6|1241|712|1959
6|1241|713|1960
6|1242|713|1961
6|1242|714|1962
6|1243|714|1963
6|1243|715|1964
6|1244|715|1965
6|1244|716|1966
6|1245|716|1967
6|1245|717|1968
6|1246|717|1969
6|1246|718|1970
6|1247|718|1971
6|1247|719|1972
6|1248|719|1973
6|1248|720|1974
6|1249|720|1975
6|1249|721|1976
6|1250|721|1977
6|1250|722|1978
6|1251|722|1979
6|1251|723|1980
6|1252|723|1981
6|1252|724|1982
6|1253|724|1983
6|1253|725|1984
6|1254|725|1985
6|1254|726|1986
6|1255|726|1987
6|1255|727|1988
6|1256|727|1989
6|1256|728|1990
6|1257|728|1991
6|1257|729|1992
6|1258|729|1993
6|1258|730|1994
6|1259|730|1995
6|1259|731|1996
6|1260|731|1997
6|1260|732|1998
6|1261|732|1999
6|1261|733|2000
