total
0|0|1|1
0|1|1|2
0|1|2|3
0|2|2|4
0|2|3|5
0|3|3|6
0|3|4|7
0|4|4|8
0|4|5|9
0|5|5|10
0|5|6|11
0|6|6|12
0|6|7|13
0|7|7|14
0|7|8|15
0|8|8|16
0|8|9|17
0|9|9|18
0|9|10|19
0|10|10|20
0|10|11|21
0|11|11|22
0|11|12|23
0|12|12|24
0|12|13|25
0|13|13|26
0|13|14|27
0|14|14|28
0|14|15|29
1|14|15|30
1|14|16|31
2|14|16|32
2|14|17|33
3|14|17|34
3|14|18|35
3|15|18|36
3|15|19|37
3|16|19|38
3|16|20|39
4|16|20|40
4|16|21|41
4|17|21|42
4|17|22|43
4|18|22|44
4|18|23|45
4|19|23|46
4|19|24|47
4|20|24|48
4|20|25|49
4|21|25|50
4|21|26|51
4|22|26|52
4|22|27|53
4|23|27|54
4|23|28|55
4|24|28|56
4|24|29|57
4|25|29|58
4|25|30|59
5|25|30|60
5|25|31|61
5|26|31|62
5|26|32|63
5|27|32|64
5|27|33|65
5|28|33|66
5|28|34|67
5|29|34|68
5|29|35|69
5|30|35|70
5|30|36|71
5|31|36|72
5|31|37|73
5|32|37|74
5|32|38|75
5|33|38|76
5|33|39|77
5|34|39|78
5|34|40|79
5|35|40|80
5|35|41|81
5|36|41|82
5|36|42|83
5|37|42|84
5|37|43|85
5|38|43|86
5|38|44|87
5|39|44|88
5|39|45|89
5|40|45|90
5|40|46|91
5|41|46|92
5|41|47|93
5|42|47|94
5|42|48|95
5|43|48|96
5|43|49|97
5|44|49|98
5|44|50|99
5|45|50|100
5|45|51|101
5|45|52|102
5|45|53|103
5|46|53|104
5|46|54|105
5|47|54|106
5|47|55|107
5|48|55|108
5|48|56|109
5|49|56|110
5|49|57|111
5|50|57|112
5|50|58|113
5|51|58|114
5|51|59|115
5|52|59|116
5|52|60|117
5|53|60|118
5|53|61|119
5|54|61|120
5|54|62|121
5|55|62|122
5|55|63|123
5|56|63|124
5|56|64|125
5|57|64|126
5|57|65|127
5|58|65|128
5|58|66|129
5|59|66|130
5|59|67|131
5|60|67|132
5|60|68|133
5|61|68|134
5|61|69|135
5|62|69|136
5|62|70|137
5|63|70|138
5|63|71|139
5|64|71|140
5|64|72|141
5|65|72|142
5|65|73|143
5|66|73|144
5|66|74|145
5|67|74|146
5|68|74|147
5|69|74|148
5|69|75|149
5|70|75|150
5|70|76|151
5|71|76|152
5|71|77|153
5|72|77|154
5|72|78|155
5|73|78|156
5|73|79|157
5|74|79|158
5|74|80|159
5|75|80|160
5|75|81|161
5|76|81|162
5|76|82|163
5|77|82|164
5|78|82|165
5|79|82|166
5|79|83|167
5|80|83|168
5|80|84|169
5|81|84|170
5|81|85|171
5|82|85|172
5|82|86|173
5|83|86|174
5|83|87|175
5|84|87|176
5|84|88|177
5|85|88|178
5|85|89|179
5|86|89|180
5|86|90|181
5|87|90|182
5|87|91|183
5|88|91|184
5|88|92|185
5|89|92|186
5|89|93|187
5|90|93|188
5|90|94|189
5|91|94|190
5|91|95|191
5|92|95|192
5|92|96|193
5|93|96|194
5|93|97|195
5|94|97|196
5|94|98|197
5|95|98|198
5|95|99|199
5|96|99|200
5|96|100|201
5|97|100|202
5|97|101|203
5|98|101|204
5|98|102|205
5|99|102|206
5|99|103|207
5|100|103|208
5|100|104|209
5|101|104|210
5|101|105|211
5|102|105|212
5|102|106|213
5|103|106|214
5|103|107|215
5|104|107|216
5|104|108|217
5|105|108|218
5|105|109|219
5|106|109|220
5|106|110|221
5|107|110|222
5|107|111|223
5|108|111|224
5|108|112|225
5|109|112|226
5|109|113|227
5|110|113|228
5|110|114|229
5|111|114|230
5|111|115|231
5|112|115|232
5|112|116|233
5|113|116|234
5|113|117|235
5|114|117|236
5|114|118|237
5|115|118|238
5|115|119|239
5|116|119|240
5|116|120|241
5|117|120|242
5|117|121|243
5|118|121|244
5|118|122|245
5|119|122|246
5|119|123|247
5|120|123|248
5|120|124|249
5|121|124|250
5|121|125|251
5|122|125|252
5|122|126|253
5|123|126|254
5|123|127|255
5|124|127|256
5|124|128|257
5|125|128|258
5|125|129|259
5|126|129|260
5|126|130|261
5|127|130|262
5|127|131|263
5|128|131|264
5|128|132|265
5|129|132|266
5|129|133|267
5|130|133|268
5|130|134|269
5|131|134|270
5|131|135|271
5|132|135|272
5|132|136|273
5|133|136|274
5|133|137|275
5|134|137|276
5|134|138|277
5|135|138|278
5|135|139|279
5|136|139|280
5|136|140|281
5|137|140|282
5|138|140|283
5|139|140|284
5|139|141|285
5|140|141|286
5|141|141|287
5|142|141|288
5|142|142|289
5|143|142|290
5|144|142|291
5|145|142|292
5|146|142|293
5|147|142|294
5|147|143|295
5|148|143|296
5|148|144|297
5|149|144|298
5|149|145|299
5|150|145|300
5|151|145|301
5|152|145|302
5|152|146|303
5|153|146|304
5|153|147|305
5|154|147|306
5|155|147|307
5|156|147|308
5|156|148|309
5|157|148|310
5|158|148|311
5|159|148|312
5|159|149|313
5|160|149|314
5|160|150|315
5|161|150|316
5|161|151|317
5|162|151|318
5|162|152|319
5|163|152|320
5|163|153|321
5|164|153|322
5|164|154|323
5|165|154|324
5|165|155|325
5|166|155|326
5|166|156|327
5|167|156|328
5|167|157|329
5|168|157|330
5|168|158|331
5|169|158|332
5|169|159|333
5|170|159|334
5|170|160|335
5|171|160|336
5|171|161|337
5|172|161|338
5|172|162|339
5|173|162|340
5|173|163|341
5|174|163|342
5|174|164|343
5|175|164|344
5|175|165|345
5|176|165|346
5|176|166|347
5|177|166|348
5|177|167|349
5|178|167|350
5|178|168|351
5|179|168|352
5|179|169|353
5|180|169|354
5|180|170|355
5|181|170|356
5|181|171|357
5|182|171|358
5|182|172|359
5|183|172|360
5|183|173|361
5|184|173|362
5|184|174|363
5|185|174|364
5|185|175|365
5|186|175|366
5|186|176|367
5|187|176|368
5|187|177|369
5|188|177|370
5|188|178|371
5|189|178|372
5|189|179|373
5|190|179|374
5|190|180|375
5|191|180|376
5|191|181|377
5|192|181|378
5|192|182|379
5|193|182|380
5|193|183|381
5|194|183|382
5|194|184|383
5|195|184|384
5|195|185|385
5|196|185|386
5|196|186|387
5|197|186|388
5|197|187|389
5|198|187|390
5|198|188|391
5|199|188|392
5|199|189|393
5|200|189|394
5|200|190|395
5|201|190|396
5|201|191|397
5|202|191|398
5|202|192|399
5|203|192|400
5|203|193|401
5|204|193|402
5|204|194|403
5|205|194|404
5|205|195|405
6|205|195|406
6|205|196|407
6|206|196|408
6|206|197|409
6|207|197|410
6|207|198|411
6|208|198|412
6|208|199|413
6|209|199|414
6|209|200|415
6|210|200|416
6|210|201|417
7|210|201|418
7|210|202|419
7|211|202|420
7|212|202|421
7|213|202|422
7|213|203|423
7|214|203|424
7|214|204|425
7|215|204|426
7|215|205|427
7|216|205|428
7|216|206|429
7|217|206|430
7|217|207|431
7|218|207|432
7|218|208|433
7|219|208|434
7|219|209|435
7|220|209|436
7|220|210|437
7|221|210|438
7|221|211|439
7|222|211|440
7|222|212|441
7|223|212|442
7|223|213|443
7|224|213|444
7|224|214|445
7|225|214|446
7|225|215|447
7|226|215|448
7|226|216|449
7|227|216|450
7|227|217|451
7|228|217|452
7|228|218|453
7|229|218|454
7|229|219|455
7|230|219|456
7|230|220|457
7|231|220|458
7|231|221|459
7|232|221|460
7|232|222|461
7|233|222|462
7|233|223|463
7|234|223|464
7|234|224|465
7|235|224|466
7|235|225|467
7|236|225|468
7|236|226|469
7|237|226|470
7|237|227|471
7|238|227|472
7|238|228|473
7|239|228|474
7|239|229|475
7|240|229|476
7|240|230|477
7|241|230|478
7|241|231|479
7|242|231|480
7|242|232|481
7|243|232|482
7|243|233|483
7|244|233|484
7|244|234|485
7|245|234|486
7|245|235|487
7|246|235|488
7|246|236|489
7|247|236|490
7|247|237|491
7|248|237|492
7|248|238|493
7|249|238|494
7|249|239|495
7|250|239|496
7|250|240|497
7|251|240|498
7|251|241|499
7|252|241|500
7|252|242|501
7|253|242|502
7|253|243|503
7|254|243|504
7|254|244|505
7|255|244|506
7|255|245|507
7|256|245|508
7|256|246|509
7|257|246|510
7|257|247|511
7|258|247|512
7|258|248|513
7|259|248|514
7|259|249|515
7|260|249|516
7|260|250|517
7|261|250|518
7|261|251|519
7|262|251|520
7|262|252|521
7|263|252|522
7|263|253|523
7|264|253|524
7|264|254|525
7|265|254|526
7|265|255|527
7|266|255|528
7|266|256|529
7|267|256|530
7|267|257|531
7|268|257|532
7|268|258|533
7|269|258|534
7|269|259|535
7|270|259|536
7|270|260|537
7|271|260|538
7|271|261|539
7|272|261|540
7|272|262|541
7|273|262|542
7|273|263|543
7|274|263|544
7|274|264|545
7|275|264|546
7|275|265|547
7|276|265|548
7|276|266|549
7|277|266|550
7|277|267|551
7|278|267|552
7|278|268|553
7|279|268|554
7|279|269|555
7|280|269|556
7|280|270|557
7|281|270|558
7|281|271|559
7|282|271|560
7|282|272|561
7|283|272|562
7|283|273|563
7|284|273|564
7|284|274|565
7|285|274|566
7|285|275|567
7|286|275|568
7|286|276|569
7|287|276|570
7|287|277|571
7|288|277|572
7|288|278|573
7|289|278|574
7|289|279|575
7|290|279|576
7|290|280|577
7|291|280|578
7|291|281|579
7|292|281|580
7|292|282|581
7|293|282|582
7|293|283|583
7|294|283|584
7|294|284|585
7|295|284|586
7|295|285|587
7|296|285|588
7|296|286|589
7|297|286|590
7|297|287|591
7|298|287|592
7|298|288|593
7|299|288|594
7|299|289|595
7|300|289|596
7|300|290|597
7|301|290|598
7|301|291|599
7|302|291|600
7|302|292|601
7|303|292|602
7|303|293|603
7|304|293|604
7|304|294|605
7|305|294|606
7|305|295|607
7|306|295|608
7|306|296|609
7|307|296|610
7|307|297|611
7|308|297|612
7|308|298|613
7|309|298|614
7|309|299|615
7|310|299|616
7|310|300|617
7|311|300|618
7|311|301|619
7|312|301|620
7|312|302|621
7|313|302|622
7|313|303|623
7|314|303|624
7|314|304|625
7|315|304|626
7|315|305|627
7|316|305|628
7|316|306|629
7|317|306|630
7|317|307|631
7|318|307|632
7|318|308|633
7|319|308|634
7|319|309|635
7|320|309|636
7|320|310|637
7|321|310|638
7|321|311|639
7|322|311|640
7|322|312|641
7|323|312|642
7|323|313|643
7|324|313|644
7|324|314|645
7|325|314|646
7|325|315|647
7|326|315|648
7|326|316|649
7|327|316|650
7|327|317|651
7|328|317|652
7|328|318|653
7|329|318|654
7|329|319|655
7|330|319|656
7|330|320|657
7|331|320|658
7|331|321|659
7|332|321|660
7|332|322|661
7|333|322|662
7|333|323|663
7|334|323|664
7|334|324|665
7|334|325|666
7|334|326|667
7|335|326|668
7|335|327|669
7|336|327|670
7|336|328|671
7|337|328|672
7|337|329|673
7|338|329|674
7|338|330|675
7|339|330|676
7|339|331|677
7|340|331|678
7|340|332|679
7|341|332|680
7|341|333|681
7|342|333|682
7|342|334|683
7|343|334|684
7|343|335|685
7|344|335|686
7|344|336|687
7|345|336|688
7|345|337|689
7|346|337|690
7|346|338|691
7|347|338|692
7|347|339|693
7|348|339|694
7|348|340|695
7|349|340|696
7|349|341|697
7|350|341|698
7|350|342|699
7|351|342|700
7|351|343|701
7|352|343|702
7|352|344|703
7|353|344|704
7|353|345|705
7|354|345|706
7|354|346|707
7|355|346|708
7|355|347|709
7|356|347|710
7|356|348|711
7|357|348|712
7|357|349|713
7|358|349|714
7|358|350|715
7|359|350|716
7|359|351|717
8|359|351|718
8|359|352|719
9|359|352|720
9|359|353|721
9|360|353|722
9|360|354|723
10|360|354|724
10|360|355|725
10|361|355|726
10|361|356|727
11|361|356|728
11|361|357|729
12|361|357|730
12|361|358|731
13|361|358|732
13|361|359|733
14|361|359|734
14|361|360|735
14|362|360|736
14|362|361|737
14|363|361|738
14|363|362|739
15|363|362|740
15|363|363|741
16|363|363|742
16|363|364|743
17|363|364|744
17|363|365|745
18|363|365|746
18|363|366|747
19|363|366|748
19|363|367|749
19|364|367|750
19|364|368|751
19|365|368|752
19|365|369|753
19|366|369|754
19|366|370|755
19|367|370|756
19|367|371|757
19|368|371|758
19|368|372|759
19|369|372|760
19|369|373|761
19|370|373|762
19|370|374|763
19|371|374|764
19|371|375|765
19|372|375|766
19|372|376|767
19|373|376|768
19|373|377|769
19|374|377|770
19|374|378|771
19|375|378|772
19|375|379|773
19|376|379|774
19|376|380|775
19|377|380|776
19|377|381|777
19|378|381|778
19|378|382|779
19|379|382|780
19|379|383|781
19|380|383|782
19|380|384|783
19|381|384|784
19|381|385|785
19|382|385|786
19|382|386|787
19|383|386|788
19|383|387|789
19|384|387|790
19|384|388|791
19|385|388|792
19|385|389|793
19|386|389|794
19|386|390|795
19|387|390|796
19|387|391|797
19|388|391|798
19|388|392|799
19|389|392|800
19|389|393|801
19|390|393|802
19|390|394|803
19|391|394|804
19|391|395|805
19|392|395|806
19|392|396|807
19|393|396|808
19|393|397|809
19|394|397|810
19|394|398|811
19|395|398|812
19|395|399|813
19|396|399|814
19|396|400|815
19|397|400|816
19|397|401|817
19|398|401|818
19|398|402|819
19|399|402|820
19|399|403|821
19|400|403|822
19|400|404|823
19|401|404|824
19|401|405|825
19|402|405|826
19|402|406|827
19|403|406|828
19|403|407|829
19|404|407|830
19|404|408|831
19|405|408|832
19|405|409|833
19|406|409|834
19|406|410|835
19|407|410|836
19|407|411|837
19|408|411|838
19|408|412|839
19|409|412|840
19|409|413|841
19|410|413|842
19|410|414|843
19|411|414|844
19|411|415|845
19|412|415|846
19|412|416|847
19|413|416|848
19|413|417|849
19|414|417|850
19|414|418|851
19|415|418|852
19|415|419|853
19|416|419|854
19|416|420|855
19|417|420|856
19|417|421|857
19|418|421|858
19|418|422|859
19|419|422|860
19|419|423|861
19|420|423|862
19|420|424|863
19|421|424|864
19|421|425|865
19|422|425|866
19|422|426|867
19|423|426|868
19|423|427|869
19|424|427|870
19|424|428|871
19|425|428|872
19|425|429|873
19|426|429|874
19|426|430|875
20|426|430|876
20|426|431|877
20|427|431|878
20|427|432|879
20|428|432|880
20|428|433|881
20|429|433|882
20|429|434|883
20|430|434|884
20|430|435|885
20|430|436|886
20|430|437|887
20|431|437|888
20|431|438|889
20|432|438|890
20|432|439|891
20|433|439|892
20|433|440|893
20|434|440|894
20|434|441|895
20|435|441|896
20|435|442|897
20|436|442|898
20|436|443|899
20|437|443|900
20|437|444|901
20|438|444|902
20|438|445|903
20|439|445|904
20|439|446|905
20|440|446|906
20|440|447|907
20|441|447|908
20|441|448|909
20|442|448|910
20|442|449|911
20|443|449|912
20|443|450|913
20|444|450|914
20|444|451|915
20|445|451|916
20|445|452|917
20|446|452|918
20|446|453|919
20|447|453|920
20|447|454|921
20|448|454|922
20|448|455|923
20|449|455|924
20|449|456|925
20|450|456|926
20|450|457|927
20|451|457|928
20|451|458|929
20|452|458|930
20|452|459|931
20|453|459|932
20|453|460|933
20|454|460|934
20|454|461|935
20|455|461|936
20|455|462|937
20|456|462|938
20|456|463|939
20|457|463|940
20|457|464|941
20|458|464|942
20|458|465|943
20|459|465|944
20|459|466|945
20|460|466|946
20|460|467|947
20|461|467|948
20|461|468|949
20|462|468|950
20|462|469|951
20|463|469|952
20|463|470|953
20|464|470|954
20|464|471|955
20|465|471|956
20|465|472|957
20|466|472|958
20|466|473|959
20|467|473|960
20|467|474|961
20|468|474|962
20|468|475|963
20|469|475|964
20|469|476|965
20|470|476|966
20|471|476|967
20|472|476|968
20|472|477|969
20|473|477|970
20|473|478|971
20|474|478|972
20|474|479|973
20|475|479|974
20|476|479|975
20|477|479|976
20|477|480|977
20|478|480|978
20|478|481|979
20|479|481|980
20|480|481|981
20|481|481|982
20|482|481|983
20|483|481|984
20|483|482|985
20|484|482|986
20|484|483|987
20|485|483|988
20|485|484|989
20|486|484|990
20|486|485|991
20|487|485|992
20|487|486|993
20|488|486|994
20|489|486|995
20|490|486|996
20|490|487|997
20|491|487|998
20|492|487|999
20|493|487|1000
20|493|488|1001
20|494|488|1002
20|494|489|1003
20|495|489|1004
20|495|490|1005
20|496|490|1006
20|496|491|1007
20|497|491|1008
20|497|492|1009
20|498|492|1010
20|498|493|1011
20|499|493|1012
20|499|494|1013
20|500|494|1014
20|500|495|1015
20|501|495|1016
20|501|496|1017
20|502|496|1018
20|502|497|1019
20|503|497|1020
20|503|498|1021
20|504|498|1022
20|504|499|1023
20|505|499|1024
20|505|500|1025
20|506|500|1026
20|506|501|1027
20|507|501|1028
20|507|502|1029
20|508|502|1030
20|508|503|1031
20|509|503|1032
20|509|504|1033
20|510|504|1034
20|510|505|1035
20|511|505|1036
20|511|506|1037
20|512|506|1038
20|512|507|1039
20|513|507|1040
20|513|508|1041
20|514|508|1042
20|514|509|1043
20|515|509|1044
20|515|510|1045
20|516|510|1046
20|516|511|1047
20|517|511|1048
20|517|512|1049
20|518|512|1050
20|518|513|1051
20|519|513|1052
20|519|514|1053
20|520|514|1054
20|520|515|1055
20|521|515|1056
20|521|516|1057
20|522|516|1058
20|522|517|1059
20|523|517|1060
20|523|518|1061
20|524|518|1062
20|524|519|1063
20|525|519|1064
20|525|520|1065
20|526|520|1066
20|526|521|1067
20|527|521|1068
20|527|522|1069
20|528|522|1070
20|528|523|1071
20|529|523|1072
20|529|524|1073
20|530|524|1074
20|530|525|1075
20|531|525|1076
20|531|526|1077
20|532|526|1078
20|532|527|1079
20|533|527|1080
20|533|528|1081
20|534|528|1082
20|534|529|1083
20|535|529|1084
20|535|530|1085
20|536|530|1086
20|536|531|1087
20|537|531|1088
20|537|532|1089
20|538|532|1090
20|538|533|1091
20|539|533|1092
20|539|534|1093
20|540|534|1094
20|540|535|1095
20|541|535|1096
20|541|536|1097
20|542|536|1098
20|542|537|1099
20|543|537|1100
20|543|538|1101
20|544|538|1102
20|544|539|1103
20|545|539|1104
20|545|540|1105
20|546|540|1106
20|546|541|1107
20|547|541|1108
20|547|542|1109
20|548|542|1110
20|548|543|1111
20|549|543|1112
20|549|544|1113
20|550|544|1114
20|550|545|1115
20|551|545|1116
20|551|546|1117
20|552|546|1118
20|552|547|1119
20|553|547|1120
20|553|548|1121
20|554|548|1122
20|554|549|1123
20|555|549|1124
20|555|550|1125
20|556|550|1126
20|556|551|1127
20|557|551|1128
20|557|552|1129
20|558|552|1130
20|558|553|1131
20|559|553|1132
20|559|554|1133
20|560|554|1134
20|560|555|1135
20|561|555|1136
20|561|556|1137
20|562|556|1138
20|562|557|1139
20|563|557|1140
20|564|557|1141
20|565|557|1142
20|565|558|1143
20|566|558|1144
20|566|559|1145
20|567|559|1146
20|567|560|1147
20|568|560|1148
20|568|561|1149
20|569|561|1150
20|569|562|1151
20|570|562|1152
20|570|563|1153
20|571|563|1154
20|571|564|1155
20|572|564|1156
20|572|565|1157
20|573|565|1158
20|573|566|1159
20|574|566|1160
20|574|567|1161
20|575|567|1162
20|575|568|1163
20|576|568|1164
20|576|569|1165
20|577|569|1166
20|577|570|1167
20|578|570|1168
20|578|571|1169
20|579|571|1170
20|579|572|1171
20|580|572|1172
20|580|573|1173
20|581|573|1174
20|581|574|1175
20|582|574|1176
20|582|575|1177
20|583|575|1178
20|583|576|1179
20|584|576|1180
20|584|577|1181
20|585|577|1182
20|585|578|1183
20|586|578|1184
20|586|579|1185
20|587|579|1186
20|587|580|1187
20|588|580|1188
20|588|581|1189
20|589|581|1190
20|589|582|1191
20|590|582|1192
20|590|583|1193
20|591|583|1194
20|591|584|1195
20|592|584|1196
20|592|585|1197
20|593|585|1198
20|593|586|1199
20|594|586|1200
20|594|587|1201
20|595|587|1202
20|595|588|1203
20|596|588|1204
20|596|589|1205
20|597|589|1206
20|597|590|1207
20|598|590|1208
20|598|591|1209
20|599|591|1210
20|599|592|1211
20|600|592|1212
20|600|593|1213
20|601|593|1214
20|601|594|1215
20|602|594|1216
20|602|595|1217
20|603|595|1218
20|603|596|1219
20|604|596|1220
20|604|597|1221
20|605|597|1222
20|605|598|1223
20|606|598|1224
20|606|599|1225
20|607|599|1226
20|607|600|1227
20|608|600|1228
20|608|601|1229
20|609|601|1230
20|609|602|1231
20|610|602|1232
20|610|603|1233
20|611|603|1234
20|611|604|1235
20|612|604|1236
20|612|605|1237
20|613|605|1238
20|613|606|1239
20|614|606|1240
20|614|607|1241
20|615|607|1242
20|615|608|1243
20|616|608|1244
20|616|609|1245
20|617|609|1246
20|617|610|1247
20|618|610|1248
20|618|611|1249
20|619|611|1250
20|619|612|1251
20|620|612|1252
20|620|613|1253
20|621|613|1254
20|621|614|1255
20|622|614|1256
20|622|615|1257
20|623|615|1258
20|623|616|1259
20|624|616|1260
20|624|617|1261
20|625|617|1262
20|625|618|1263
20|626|618|1264
20|626|619|1265
20|627|619|1266
20|627|620|1267
20|628|620|1268
20|628|621|1269
20|629|621|1270
20|629|622|1271
20|630|622|1272
20|630|623|1273
20|631|623|1274
20|631|624|1275
20|632|624|1276
20|632|625|1277
20|633|625|1278
20|633|626|1279
20|634|626|1280
20|634|627|1281
20|635|627|1282
20|635|628|1283
20|636|628|1284
20|636|629|1285
20|637|629|1286
20|637|630|1287
20|638|630|1288
20|638|631|1289
20|639|631|1290
20|639|632|1291
20|640|632|1292
20|640|633|1293
20|641|633|1294
20|641|634|1295
20|642|634|1296
20|642|635|1297
20|643|635|1298
20|643|636|1299
20|644|636|1300
20|644|637|1301
20|645|637|1302
20|645|638|1303
20|646|638|1304
20|646|639|1305
20|647|639|1306
20|647|640|1307
20|648|640|1308
20|648|641|1309
20|649|641|1310
20|649|642|1311
20|650|642|1312
20|650|643|1313
20|651|643|1314
20|651|644|1315
20|652|644|1316
20|652|645|1317
20|653|645|1318
20|653|646|1319
20|654|646|1320
20|654|647|1321
20|655|647|1322
20|655|648|1323
20|656|648|1324
20|656|649|1325
20|657|649|1326
20|657|650|1327
20|658|650|1328
20|658|651|1329
20|659|651|1330
20|659|652|1331
20|660|652|1332
20|660|653|1333
20|661|653|1334
20|661|654|1335
20|661|655|1336
20|661|656|1337
20|662|656|1338
20|662|657|1339
20|663|657|1340
20|663|658|1341
20|664|658|1342
20|664|659|1343
20|665|659|1344
20|665|660|1345
20|666|660|1346
20|666|661|1347
20|667|661|1348
20|667|662|1349
20|668|662|1350
20|668|663|1351
20|669|663|1352
20|669|664|1353
20|670|664|1354
20|670|665|1355
20|671|665|1356
20|671|666|1357
20|672|666|1358
20|672|667|1359
20|673|667|1360
20|673|668|1361
20|674|668|1362
20|674|669|1363
20|675|669|1364
20|675|670|1365
20|676|670|1366
20|676|671|1367
20|677|671|1368
20|677|672|1369
20|678|672|1370
20|678|673|1371
20|679|673|1372
20|679|674|1373
20|680|674|1374
20|680|675|1375
20|681|675|1376
20|681|676|1377
20|682|676|1378
20|682|677|1379
20|683|677|1380
20|683|678|1381
20|684|678|1382
20|684|679|1383
20|685|679|1384
20|685|680|1385
20|686|680|1386
20|686|681|1387
20|687|681|1388
20|687|682|1389
20|688|682|1390
20|688|683|1391
20|689|683|1392
20|690|683|1393
20|691|683|1394
20|691|684|1395
20|692|684|1396
20|692|685|1397
20|693|685|1398
20|693|686|1399
21|693|686|1400
21|693|687|1401
21|694|687|1402
21|694|688|1403
21|695|688|1404
21|695|689|1405
21|696|689|1406
21|696|690|1407
21|697|690|1408
21|697|691|1409
21|698|691|1410
21|698|692|1411
21|699|692|1412
21|699|693|1413
21|700|693|1414
21|700|694|1415
21|701|694|1416
21|701|695|1417
21|702|695|1418
21|702|696|1419
22|702|696|1420
22|702|697|1421
23|702|697|1422
23|702|698|1423
23|703|698|1424
23|703|699|1425
23|704|699|1426
23|704|700|1427
23|705|700|1428
23|706|700|1429
23|707|700|1430
23|707|701|1431
23|708|701|1432
23|708|702|1433
23|709|702|1434
23|709|703|1435
23|710|703|1436
23|710|704|1437
23|711|704|1438
23|711|705|1439
23|712|705|1440
23|712|706|1441
23|713|706|1442
23|713|707|1443
23|714|707|1444
23|714|708|1445
23|715|708|1446
23|715|709|1447
23|716|709|1448
23|716|710|1449
23|717|710|1450
23|717|711|1451
23|718|711|1452
23|718|712|1453
23|719|712|1454
23|719|713|1455
23|720|713|1456
23|720|714|1457
23|721|714|1458
23|721|715|1459
23|722|715|1460
23|722|716|1461
23|723|716|1462
23|723|717|1463
23|724|717|1464
23|724|718|1465
23|725|718|1466
23|725|719|1467
23|726|719|1468
23|726|720|1469
23|727|720|1470
23|727|721|1471
23|728|721|1472
23|728|722|1473
23|729|722|1474
23|729|723|1475
23|730|723|1476
23|730|724|1477
23|731|724|1478
23|731|725|1479
23|732|725|1480
23|732|726|1481
23|733|726|1482
23|733|727|1483
23|734|727|1484
23|734|728|1485
23|735|728|1486
23|735|729|1487
23|735|730|1488
23|735|731|1489
23|736|731|1490
23|736|732|1491
23|737|732|1492
23|737|733|1493
23|738|733|1494
23|738|734|1495
23|739|734|1496
23|739|735|1497
23|740|735|1498
23|740|736|1499
23|741|736|1500
23|741|737|1501
23|742|737|1502
23|742|738|1503
23|743|738|1504
23|743|739|1505
23|744|739|1506
23|744|740|1507
23|745|740|1508
23|745|741|1509
23|746|741|1510
23|746|742|1511
23|747|742|1512
23|747|743|1513
23|748|743|1514
23|748|744|1515
23|749|744|1516
23|749|745|1517
23|750|745|1518
23|750|746|1519
23|751|746|1520
23|751|747|1521
23|752|747|1522
23|752|748|1523
23|753|748|1524
23|753|749|1525
23|754|749|1526
23|754|750|1527
23|755|750|1528
23|755|751|1529
23|756|751|1530
23|756|752|1531
23|757|752|1532
23|757|753|1533
23|758|753|1534
23|758|754|1535
23|759|754|1536
23|759|755|1537
23|760|755|1538
23|760|756|1539
23|761|756|1540
23|761|757|1541
23|762|757|1542
23|762|758|1543
23|763|758|1544
23|763|759|1545
23|764|759|1546
23|764|760|1547
23|765|760|1548
23|765|761|1549
23|766|761|1550
23|766|762|1551
24|766|762|1552
24|766|763|1553
24|767|763|1554
24|767|764|1555
24|767|765|1556
24|767|766|1557
24|768|766|1558
24|768|767|1559
24|769|767|1560
24|769|768|1561
24|770|768|1562
24|770|769|1563
24|771|769|1564
24|771|770|1565
24|771|771|1566
24|771|772|1567
24|772|772|1568
24|772|773|1569
24|772|774|1570
24|772|775|1571
24|772|776|1572
24|772|777|1573
24|773|777|1574
24|773|778|1575
24|774|778|1576
24|774|779|1577
24|775|779|1578
24|775|780|1579
24|776|780|1580
24|776|781|1581
24|777|781|1582
24|777|782|1583
24|778|782|1584
24|778|783|1585
24|779|783|1586
24|779|784|1587
24|780|784|1588
24|780|785|1589
24|781|785|1590
24|781|786|1591
24|782|786|1592
24|782|787|1593
24|783|787|1594
24|783|788|1595
24|784|788|1596
24|784|789|1597
24|785|789|1598
24|785|790|1599
24|786|790|1600
24|786|791|1601
24|787|791|1602
24|787|792|1603
24|788|792|1604
24|788|793|1605
24|789|793|1606
24|789|794|1607
24|790|794|1608
24|790|795|1609
24|791|795|1610
24|791|796|1611
24|792|796|1612
24|792|797|1613
24|793|797|1614
24|793|798|1615
24|794|798|1616
24|794|799|1617
24|795|799|1618
24|795|800|1619
24|796|800|1620
24|796|801|1621
24|797|801|1622
24|797|802|1623
24|798|802|1624
24|798|803|1625
24|799|803|1626
24|799|804|1627
24|800|804|1628
24|800|805|1629
24|801|805|1630
24|801|806|1631
24|802|806|1632
24|802|807|1633
24|803|807|1634
24|803|808|1635
24|804|808|1636
24|804|809|1637
24|805|809|1638
24|805|810|1639
24|806|810|1640
24|806|811|1641
24|807|811|1642
24|807|812|1643
24|808|812|1644
24|808|813|1645
24|809|813|1646
24|809|814|1647
24|810|814|1648
24|810|815|1649
24|811|815|1650
24|811|816|1651
24|812|816|1652
24|812|817|1653
24|813|817|1654
24|813|818|1655
24|814|818|1656
24|814|819|1657
24|815|819|1658
24|816|819|1659
24|817|819|1660
24|817|820|1661
24|818|820|1662
24|818|821|1663
24|819|821|1664
24|820|821|1665
24|821|821|1666
24|821|822|1667
24|822|822|1668
24|822|823|1669
24|823|823|1670
24|824|823|1671
24|825|823|1672
24|825|824|1673
24|826|824|1674
24|826|825|1675
24|827|825|1676
24|827|826|1677
24|828|826|1678
24|828|827|1679
24|829|827|1680
24|830|827|1681
24|831|827|1682
24|831|828|1683
24|832|828|1684
24|832|829|1685
24|833|829|1686
24|833|830|1687
24|834|830|1688
24|834|831|1689
24|835|831|1690
24|835|832|1691
24|836|832|1692
24|836|833|1693
24|837|833|1694
24|837|834|1695
24|838|834|1696
24|838|835|1697
24|839|835|1698
24|839|836|1699
24|840|836|1700
24|840|837|1701
24|841|837|1702
24|841|838|1703
24|842|838|1704
24|842|839|1705
24|843|839|1706
24|843|840|1707
24|844|840|1708
24|844|841|1709
24|845|841|1710
24|845|842|1711
24|846|842|1712
24|846|843|1713
24|847|843|1714
24|847|844|1715
24|848|844|1716
24|848|845|1717
24|849|845|1718
24|849|846|1719
24|850|846|1720
24|850|847|1721
24|851|847|1722
24|851|848|1723
24|852|848|1724
24|852|849|1725
24|853|849|1726
24|853|850|1727
24|854|850|1728
24|854|851|1729
24|855|851|1730
24|855|852|1731
24|856|852|1732
24|856|853|1733
24|857|853|1734
24|857|854|1735
24|858|854|1736
24|858|855|1737
24|859|855|1738
24|859|856|1739
24|860|856|1740
24|860|857|1741
24|861|857|1742
24|861|858|1743
24|862|858|1744
24|862|859|1745
24|863|859|1746
24|863|860|1747
24|864|860|1748
24|864|861|1749
24|865|861|1750
24|865|862|1751
24|866|862|1752
24|866|863|1753
24|867|863|1754
24|867|864|1755
24|868|864|1756
24|868|865|1757
24|869|865|1758
24|869|866|1759
24|870|866|1760
24|870|867|1761
24|871|867|1762
24|871|868|1763
24|872|868|1764
24|872|869|1765
24|873|869|1766
24|873|870|1767
24|874|870|1768
24|874|871|1769
24|875|871|1770
24|875|872|1771
24|876|872|1772
24|876|873|1773
25|876|873|1774
25|876|874|1775
25|877|874|1776
25|877|875|1777
25|878|875|1778
25|878|876|1779
25|879|876|1780
25|879|877|1781
25|879|878|1782
25|879|879|1783
25|880|879|1784
25|880|880|1785
25|881|880|1786
25|881|881|1787
25|882|881|1788
25|882|882|1789
25|883|882|1790
25|883|883|1791
25|884|883|1792
25|884|884|1793
25|885|884|1794
25|885|885|1795
25|886|885|1796
25|886|886|1797
25|887|886|1798
25|887|887|1799
25|888|887|1800
25|888|888|1801
25|889|888|1802
25|889|889|1803
25|890|889|1804
25|890|890|1805
25|891|890|1806
25|891|891|1807
25|892|891|1808
25|892|892|1809
25|893|892|1810
25|893|893|1811
25|894|893|1812
25|894|894|1813
25|895|894|1814
25|895|895|1815
25|896|895|1816
25|896|896|1817
25|897|896|1818
25|897|897|1819
25|898|897|1820
25|898|898|1821
25|899|898|1822
25|899|899|1823
25|900|899|1824
25|900|900|1825
25|901|900|1826
25|901|901|1827
25|902|901|1828
25|902|902|1829
25|903|902|1830
25|903|903|1831
25|904|903|1832
25|905|904|1834
25|906|904|1835
25|906|905|1836
25|907|905|1837
25|907|906|1838
25|908|906|1839
25|908|907|1840
25|909|907|1841
25|909|908|1842
25|910|908|1843
25|910|909|1844
25|911|909|1845
25|911|910|1846
25|912|910|1847
25|912|911|1848
25|913|911|1849
25|913|912|1850
25|914|912|1851
25|914|913|1852
25|915|913|1853
25|915|914|1854
25|916|914|1855
25|916|915|1856
25|917|915|1857
25|917|916|1858
25|918|916|1859
25|918|917|1860
25|919|917|1861
25|919|918|1862
25|920|918|1863
25|920|919|1864
25|921|919|1865
25|921|920|1866
25|922|920|1867
25|922|921|1868
25|923|921|1869
25|923|922|1870
25|924|922|1871
25|924|923|1872
25|925|923|1873
25|925|924|1874
25|926|924|1875
25|926|925|1876
25|927|925|1877
25|927|926|1878
25|928|926|1879
25|928|927|1880
25|929|927|1881
25|929|928|1882
25|930|928|1883
25|930|929|1884
25|931|929|1885
25|931|930|1886
25|932|930|1887
25|932|931|1888
25|933|931|1889
25|933|932|1890
25|934|932|1891
25|934|933|1892
25|935|933|1893
25|935|934|1894
25|936|934|1895
25|936|935|1896
25|937|935|1897
25|937|936|1898
25|938|936|1899
25|938|937|1900
25|939|937|1901
25|939|938|1902
25|940|938|1903
25|940|939|1904
25|941|939|1905
25|941|940|1906
25|942|940|1907
25|942|941|1908
25|943|941|1909
25|943|942|1910
25|944|942|1911
25|944|943|1912
25|945|943|1913
25|945|944|1914
25|946|944|1915
25|946|945|1916
25|947|945|1917
25|947|946|1918
25|948|946|1919
25|948|947|1920
25|949|947|1921
25|949|948|1922
25|950|948|1923
25|950|949|1924
25|951|949|1925
25|951|950|1926
25|952|950|1927
25|952|951|1928
25|953|951|1929
25|953|952|1930
25|954|952|1931
25|954|953|1932
25|955|953|1933
25|955|954|1934
25|956|954|1935
25|956|955|1936
25|957|955|1937
25|957|956|1938
25|958|956|1939
25|958|957|1940
25|959|957|1941
25|959|958|1942
25|960|958|1943
25|960|959|1944
25|961|959|1945
25|961|960|1946
25|962|960|1947
25|962|961|1948
25|963|961|1949
25|963|962|1950
25|964|962|1951
25|964|963|1952
25|965|963|1953
25|965|964|1954
25|966|964|1955
25|966|965|1956
25|967|965|1957
25|967|966|1958
25|968|966|1959
25|968|967|1960
25|969|967|1961
25|969|968|1962
25|970|968|1963
25|970|969|1964
25|971|969|1965
25|971|970|1966
25|972|970|1967
25|972|971|1968
25|973|971|1969
25|973|972|1970
25|974|972|1971
25|974|973|1972
25|975|973|1973
25|975|974|1974
25|976|974|1975
25|976|975|1976
25|977|975|1977
25|977|976|1978
25|978|976|1979
25|978|977|1980
25|979|977|1981
25|979|978|1982
25|980|978|1983
25|980|979|1984
25|981|979|1985
25|981|980|1986
25|982|980|1987
25|982|981|1988
25|983|981|1989
25|983|982|1990
25|984|982|1991
25|984|983|1992
25|985|983|1993
25|985|984|1994
25|986|984|1995
25|986|985|1996
25|987|985|1997
25|987|986|1998
25|988|986|1999
25|988|987|2000
