total
0|1|0|1
0|2|0|2
1|2|0|3
1|2|1|4
2|2|1|5
2|2|2|6
3|2|2|7
3|2|3|8
4|2|3|9
4|2|4|10
4|2|5|11
4|3|5|12
4|3|6|13
4|4|6|14
4|4|7|15
4|5|7|16
4|5|8|17
4|6|8|18
4|6|9|19
4|7|9|20
4|7|10|21
4|8|10|22
4|8|11|23
4|9|11|24
4|9|12|25
4|10|12|26
4|10|13|27
4|11|13|28
4|11|14|29
4|12|14|30
4|12|15|31
4|13|15|32
4|13|16|33
4|14|16|34
4|14|17|35
4|15|17|36
4|15|18|37
4|16|18|38
4|16|19|39
4|17|19|40
4|17|20|41
4|18|20|42
4|18|21|43
4|19|21|44
4|19|22|45
4|20|22|46
4|20|23|47
4|21|23|48
4|21|24|49
4|22|24|50
4|22|25|51
4|23|25|52
4|23|26|53
4|24|26|54
4|24|27|55
4|25|27|56
4|25|28|57
4|26|28|58
4|26|29|59
4|27|29|60
4|27|30|61
4|28|30|62
4|28|31|63
4|29|31|64
4|30|32|66
4|31|32|67
4|31|33|68
4|32|33|69
4|32|34|70
4|33|34|71
4|33|35|72
4|34|35|73
4|34|36|74
5|34|36|75
5|34|37|76
6|34|37|77
6|34|38|78
6|35|38|79
6|35|39|80
6|36|39|81
6|36|40|82
6|37|40|83
6|37|41|84
6|38|41|85
6|38|42|86
6|39|42|87
6|39|43|88
6|40|43|89
6|40|44|90
6|41|44|91
6|41|45|92
6|41|46|93
7|41|46|94
7|42|46|95
7|42|47|96
7|42|48|97
7|42|49|98
7|43|49|99
7|43|50|100
7|43|51|101
8|43|51|102
8|43|52|103
8|43|53|104
8|44|53|105
8|44|54|106
8|45|54|107
8|45|55|108
8|46|55|109
8|46|56|110
8|46|57|111
8|46|58|112
8|46|59|113
8|47|59|114
8|47|60|115
8|47|61|116
8|47|62|117
8|48|62|118
8|49|62|119
8|49|63|120
8|50|63|121
8|50|64|122
8|51|64|123
8|51|65|124
8|52|65|125
8|52|66|126
8|53|66|127
8|53|67|128
8|54|67|129
8|54|68|130
8|55|68|131
8|55|69|132
8|56|69|133
8|56|70|134
8|57|70|135
8|57|71|136
8|58|71|137
8|58|72|138
8|59|72|139
8|59|73|140
8|60|73|141
8|60|74|142
8|61|74|143
8|61|75|144
8|62|75|145
8|62|76|146
8|63|76|147
8|63|77|148
8|64|77|149
8|64|78|150
8|65|78|151
8|65|79|152
8|66|79|153
8|66|80|154
8|67|80|155
8|67|81|156
8|68|81|157
8|68|82|158
8|69|82|159
8|69|83|160
8|70|83|161
8|70|84|162
8|71|84|163
8|71|85|164
8|71|86|165
9|71|86|166
9|72|86|167
9|72|87|168
9|73|87|169
9|73|88|170
9|74|88|171
9|74|89|172
9|74|90|173
10|74|90|174
10|75|90|175
10|75|91|176
10|76|91|177
10|76|92|178
10|77|92|179
10|77|93|180
10|78|93|181
10|78|94|182
10|78|95|183
10|78|96|184
10|79|96|185
10|79|97|186
10|80|97|187
10|80|98|188
10|81|98|189
10|81|99|190
10|81|100|191
10|82|100|192
11|82|100|193
11|83|100|194
11|83|101|195
11|84|101|196
11|85|101|197
11|86|101|198
11|86|102|199
11|87|102|200
12|87|102|201
12|88|102|202
13|88|102|203
13|89|102|204
13|89|103|205
13|90|103|206
13|90|104|207
13|91|104|208
13|91|105|209
13|92|105|210
13|93|105|211
13|94|105|212
13|94|106|213
13|95|106|214
14|95|106|215
14|96|106|216
14|96|107|217
14|97|107|218
14|98|107|219
14|99|107|220
14|100|107|221
14|101|107|222
15|101|107|223
15|102|107|224
16|102|107|225
16|103|107|226
16|104|107|227
16|105|107|228
16|105|108|229
16|106|108|230
16|106|109|231
16|107|109|232
16|108|109|233
16|109|109|234
16|110|109|235
16|111|109|236
16|112|109|237
16|113|109|238
16|113|110|239
16|114|110|240
16|115|110|241
16|116|110|242
16|116|111|243
16|117|111|244
16|117|112|245
16|118|112|246
16|118|113|247
16|119|113|248
16|120|113|249
16|121|113|250
16|122|113|251
16|123|113|252
16|123|114|253
16|124|114|254
16|124|115|255
16|125|115|256
16|126|115|257
16|127|115|258
16|128|115|259
16|129|115|260
16|129|116|261
16|130|116|262
16|131|116|263
16|131|117|264
17|131|117|265
17|131|118|266
17|132|118|267
17|132|119|268
17|133|119|269
17|133|120|270
17|134|120|271
17|134|121|272
17|134|122|273
17|134|123|274
18|134|123|275
18|134|124|276
18|134|125|277
18|134|126|278
19|134|126|279
19|134|127|280
19|134|128|281
19|134|129|282
19|134|130|283
19|134|131|284
20|134|131|285
20|134|132|286
20|135|132|287
20|135|133|288
20|136|133|289
20|136|134|290
20|137|134|291
20|137|135|292
20|138|135|293
20|138|136|294
21|138|136|295
21|138|137|296
21|139|137|297
21|139|138|298
21|140|138|299
21|140|139|300
21|141|139|301
21|141|140|302
21|142|140|303
21|142|141|304
21|143|141|305
21|143|142|306
21|144|142|307
21|144|143|308
21|144|144|309
22|144|144|310
22|145|144|311
22|145|145|312
22|146|145|313
22|146|146|314
22|147|146|315
22|147|147|316
22|147|148|317
23|147|148|318
23|148|148|319
23|148|149|320
23|149|149|321
23|149|150|322
23|149|151|323
23|149|152|324
23|150|152|325
23|150|153|326
23|151|153|327
23|151|154|328
23|151|155|329
23|151|156|330
23|152|156|331
23|152|157|332
23|152|158|333
23|153|158|334
23|154|158|335
23|154|159|336
23|155|159|337
23|155|160|338
23|156|160|339
23|156|161|340
23|157|161|341
23|157|162|342
23|157|163|343
24|157|163|344
24|158|163|345
24|158|164|346
24|159|164|347
24|159|165|348
24|160|165|349
24|160|166|350
24|160|167|351
25|160|167|352
25|161|167|353
25|161|168|354
25|162|168|355
25|162|169|356
25|162|170|357
25|162|171|358
25|163|171|359
25|163|172|360
25|164|172|361
25|164|173|362
25|164|174|363
25|164|175|364
25|164|176|365
25|164|177|366
25|165|177|367
25|165|178|368
25|165|179|369
25|166|179|370
25|167|179|371
25|167|180|372
25|168|180|373
25|168|181|374
25|169|181|375
25|169|182|376
25|170|182|377
25|170|183|378
25|171|183|379
26|171|183|380
26|172|183|381
26|172|184|382
26|173|184|383
26|173|185|384
26|174|185|385
26|174|186|386
26|175|186|387
27|175|186|388
27|176|186|389
27|176|187|390
27|177|187|391
27|177|188|392
28|177|188|393
28|177|189|394
28|178|189|395
28|178|190|396
28|179|190|397
28|179|191|398
28|180|191|399
28|180|192|400
28|181|192|401
28|181|193|402
28|182|193|403
28|182|194|404
28|183|194|405
28|183|195|406
28|184|195|407
28|184|196|408
28|185|196|409
28|185|197|410
28|186|197|411
28|186|198|412
28|187|198|413
28|187|199|414
28|187|200|415
29|187|200|416
29|188|200|417
29|188|201|418
29|189|201|419
29|189|202|420
29|190|202|421
29|190|203|422
29|190|204|423
30|190|204|424
30|191|204|425
30|191|205|426
30|192|205|427
30|192|206|428
30|193|206|429
30|193|207|430
30|194|207|431
30|194|208|432
30|195|208|433
30|195|209|434
30|196|209|435
30|196|210|436
30|197|210|437
30|197|211|438
30|197|212|439
30|197|213|440
30|197|214|441
30|197|215|442
30|198|215|443
30|198|216|444
30|199|216|445
30|199|217|446
30|200|217|447
30|200|218|448
30|201|218|449
30|201|219|450
30|201|220|451
30|201|221|452
30|202|221|453
30|202|222|454
30|203|222|455
30|203|223|456
30|204|223|457
30|204|224|458
30|204|225|459
30|204|226|460
30|205|226|461
30|205|227|462
30|206|227|463
30|206|228|464
30|207|228|465
30|207|229|466
30|208|229|467
30|208|230|468
30|209|230|469
30|209|231|470
31|209|231|471
31|209|232|472
31|209|233|473
31|209|234|474
31|209|235|475
31|209|236|476
31|210|236|477
31|210|237|478
31|211|237|479
31|211|238|480
31|212|238|481
31|212|239|482
31|213|239|483
31|213|240|484
31|214|240|485
31|214|241|486
31|215|241|487
31|215|242|488
31|216|242|489
31|216|243|490
31|217|243|491
31|217|244|492
31|218|244|493
31|218|245|494
31|219|245|495
31|219|246|496
31|220|246|497
31|220|247|498
31|221|247|499
31|221|248|500
31|222|248|501
31|222|249|502
31|223|249|503
31|223|250|504
31|224|250|505
31|224|251|506
31|225|251|507
31|225|252|508
31|226|252|509
31|226|253|510
31|227|253|511
31|227|254|512
31|228|254|513
31|228|255|514
31|228|256|515
32|228|256|516
32|228|257|517
33|228|257|518
33|228|258|519
34|228|258|520
34|228|259|521
35|228|259|522
35|228|260|523
36|228|260|524
36|228|261|525
37|228|261|526
37|228|262|527
38|228|262|528
38|228|263|529
39|228|263|530
39|228|264|531
40|228|264|532
40|228|265|533
41|228|265|534
41|228|266|535
42|228|266|536
42|228|267|537
43|228|267|538
43|228|268|539
44|228|268|540
44|228|269|541
45|228|269|542
45|228|270|543
46|228|270|544
46|228|271|545
47|228|271|546
47|228|272|547
48|228|272|548
48|228|273|549
49|228|273|550
49|229|273|551
49|229|274|552
49|230|274|553
49|230|275|554
49|231|275|555
49|231|276|556
49|232|276|557
49|232|277|558
49|233|277|559
49|233|278|560
49|234|278|561
49|234|279|562
49|235|279|563
49|235|280|564
49|236|280|565
49|236|281|566
49|237|281|567
49|237|282|568
49|238|282|569
49|238|283|570
49|239|283|571
49|239|284|572
49|240|284|573
49|240|285|574
49|241|285|575
49|241|286|576
49|242|286|577
49|242|287|578
50|242|287|579
50|242|288|580
50|243|288|581
50|243|289|582
50|244|289|583
50|244|290|584
50|244|291|585
50|244|292|586
50|245|292|587
50|245|293|588
50|246|293|589
50|246|294|590
50|247|294|591
50|247|295|592
50|248|295|593
50|248|296|594
50|249|296|595
50|249|297|596
50|250|297|597
50|250|298|598
50|251|298|599
50|251|299|600
50|252|299|601
50|252|300|602
50|253|300|603
50|253|301|604
50|254|301|605
50|254|302|606
50|255|302|607
50|255|303|608
50|256|303|609
50|256|304|610
50|257|304|611
50|257|305|612
50|258|305|613
50|258|306|614
50|259|306|615
50|259|307|616
50|260|307|617
50|260|308|618
50|261|308|619
50|261|309|620
50|262|309|621
50|262|310|622
50|263|310|623
50|263|311|624
50|264|311|625
50|264|312|626
50|265|312|627
50|265|313|628
50|266|313|629
50|266|314|630
50|267|314|631
50|267|315|632
50|268|315|633
50|268|316|634
50|269|316|635
50|269|317|636
50|270|317|637
50|270|318|638
50|271|318|639
50|271|319|640
50|272|319|641
50|272|320|642
50|273|320|643
50|273|321|644
50|274|321|645
50|274|322|646
50|275|322|647
50|275|323|648
50|276|323|649
50|276|324|650
51|276|324|651
51|276|325|652
51|277|325|653
51|277|326|654
52|277|326|655
52|277|327|656
52|278|327|657
52|278|328|658
52|278|329|659
53|278|329|660
53|278|330|661
54|278|330|662
54|278|331|663
55|278|331|664
55|278|332|665
56|278|332|666
56|278|333|667
57|278|333|668
57|278|334|669
58|278|334|670
58|278|335|671
59|278|335|672
59|278|336|673
60|278|336|674
60|278|337|675
61|278|337|676
61|278|338|677
62|278|338|678
62|278|339|679
63|278|339|680
63|278|340|681
64|278|340|682
64|278|341|683
65|278|341|684
65|278|342|685
66|278|342|686
66|278|343|687
67|278|343|688
67|278|344|689
68|278|344|690
68|278|345|691
69|278|345|692
69|278|346|693
70|278|346|694
70|279|346|695
70|279|347|696
70|280|347|697
70|280|348|698
70|281|348|699
70|281|349|700
70|282|349|701
70|282|350|702
70|283|350|703
70|283|351|704
70|284|351|705
70|284|352|706
70|285|352|707
70|285|353|708
70|286|353|709
70|286|354|710
70|287|354|711
70|287|355|712
70|288|355|713
70|288|356|714
70|289|356|715
70|289|357|716
70|290|357|717
70|290|358|718
70|291|358|719
70|291|359|720
70|292|359|721
70|292|360|722
70|293|360|723
70|293|361|724
70|294|361|725
70|294|362|726
70|295|362|727
70|295|363|728
70|296|363|729
70|296|364|730
70|297|364|731
70|297|365|732
70|298|365|733
70|298|366|734
70|299|366|735
70|299|367|736
70|300|367|737
70|300|368|738
70|301|368|739
70|301|369|740
70|302|369|741
70|302|370|742
70|303|370|743
70|303|371|744
70|304|371|745
70|304|372|746
70|305|372|747
70|305|373|748
70|306|373|749
70|306|374|750
70|307|374|751
70|307|375|752
70|308|375|753
70|308|376|754
70|309|376|755
70|309|377|756
70|310|377|757
70|310|378|758
71|310|378|759
71|310|379|760
72|310|379|761
72|311|379|762
72|312|379|763
72|312|380|764
72|313|380|765
72|313|381|766
72|313|382|767
72|313|383|768
72|313|384|769
72|313|385|770
72|313|386|771
72|313|387|772
72|313|388|773
72|313|389|774
72|314|389|775
72|314|390|776
72|314|391|777
73|314|391|778
73|314|392|779
73|314|393|780
73|314|394|781
73|314|395|782
73|315|395|783
73|315|396|784
73|315|397|785
74|315|397|786
74|316|397|787
74|316|398|788
74|316|399|789
74|316|400|790
74|317|400|791
74|317|401|792
74|317|402|793
74|317|403|794
74|317|404|795
74|317|405|796
74|317|406|797
74|317|407|798
74|317|408|799
74|317|409|800
74|317|410|801
74|317|411|802
74|318|411|803
74|318|412|804
74|319|412|805
74|319|413|806
74|320|413|807
74|320|414|808
74|321|414|809
74|321|415|810
74|322|415|811
74|322|416|812
74|323|416|813
74|323|417|814
74|324|417|815
74|324|418|816
74|325|418|817
74|325|419|818
74|326|419|819
74|326|420|820
74|327|420|821
74|327|421|822
74|328|421|823
74|328|422|824
74|329|422|825
74|329|423|826
74|330|423|827
74|330|424|828
74|331|424|829
74|331|425|830
74|332|425|831
74|332|426|832
74|333|426|833
74|333|427|834
74|334|427|835
74|334|428|836
74|335|428|837
74|335|429|838
74|336|429|839
74|336|430|840
74|337|430|841
74|337|431|842
74|338|431|843
74|338|432|844
74|339|432|845
74|339|433|846
74|340|433|847
74|340|434|848
74|340|435|849
75|340|435|850
75|341|435|851
75|341|436|852
75|342|436|853
75|342|437|854
75|343|437|855
75|343|438|856
75|343|439|857
76|343|439|858
76|344|439|859
76|344|440|860
76|345|440|861
76|345|441|862
76|345|442|863
76|345|443|864
76|346|443|865
76|346|444|866
76|347|444|867
76|347|445|868
76|348|445|869
76|348|446|870
76|348|447|871
76|348|448|872
76|349|448|873
76|349|449|874
76|349|450|875
76|350|450|876
76|351|450|877
76|352|450|878
77|352|450|879
77|353|450|880
77|353|451|881
77|354|451|882
77|354|452|883
77|355|452|884
78|355|452|885
78|356|452|886
78|356|453|887
78|357|453|888
78|358|453|889
78|359|453|890
79|359|453|891
79|360|453|892
79|360|454|893
79|361|454|894
80|361|454|895
80|362|454|896
80|362|455|897
80|363|455|898
80|363|456|899
80|364|456|900
81|364|456|901
81|365|456|902
81|366|456|903
81|367|456|904
81|368|456|905
81|369|456|906
81|369|457|907
81|370|457|908
81|370|458|909
81|371|458|910
81|371|459|911
81|372|459|912
81|373|459|913
81|374|459|914
81|374|460|915
81|375|460|916
81|375|461|917
81|376|461|918
81|376|462|919
81|377|462|920
81|377|463|921
81|378|463|922
81|379|463|923
81|380|463|924
81|380|464|925
81|381|464|926
81|381|465|927
81|382|465|928
81|383|465|929
81|384|465|930
81|385|465|931
81|386|465|932
81|387|465|933
81|388|465|934
81|389|465|935
81|390|465|936
81|390|466|937
81|391|466|938
81|392|466|939
81|393|466|940
81|393|467|941
81|394|467|942
81|394|468|943
81|395|468|944
81|395|469|945
81|396|469|946
81|397|469|947
81|397|470|948
82|397|470|949
82|397|471|950
82|398|471|951
82|398|472|952
82|399|472|953
82|399|473|954
82|400|473|955
82|400|474|956
82|401|474|957
82|401|475|958
82|401|476|959
82|401|477|960
82|402|477|961
82|402|478|962
83|402|478|963
83|402|479|964
83|403|479|965
83|403|480|966
83|404|480|967
83|404|481|968
84|404|481|969
84|404|482|970
84|405|482|971
84|405|483|972
84|406|483|973
84|406|484|974
84|407|484|975
84|407|485|976
84|408|485|977
84|408|486|978
84|409|486|979
84|409|487|980
84|410|487|981
84|410|488|982
84|411|488|983
84|411|489|984
84|412|489|985
84|412|490|986
84|413|490|987
84|413|491|988
84|414|491|989
84|414|492|990
84|415|492|991
84|415|493|992
84|415|494|993
84|415|495|994
84|416|495|995
84|416|496|996
84|417|496|997
84|417|497|998
84|418|497|999
84|418|498|1000
84|418|499|1001
84|418|500|1002
84|419|500|1003
84|419|501|1004
84|420|501|1005
84|420|502|1006
84|421|502|1007
84|421|503|1008
84|422|503|1009
84|422|504|1010
84|423|504|1011
84|423|505|1012
84|424|505|1013
84|424|506|1014
84|424|507|1015
84|424|508|1016
84|424|509|1017
84|424|510|1018
84|424|511|1019
84|424|512|1020
84|424|513|1021
84|424|514|1022
84|424|515|1023
84|424|516|1024
84|424|517|1025
84|424|518|1026
84|424|519|1027
85|424|519|1028
85|424|520|1029
85|424|521|1030
85|425|521|1031
85|425|522|1032
85|425|523|1033
85|425|524|1034
85|425|525|1035
86|425|525|1036
86|426|525|1037
86|426|526|1038
86|427|526|1039
86|427|527|1040
86|427|528|1041
86|427|529|1042
86|428|529|1043
86|428|530|1044
86|429|530|1045
86|429|531|1046
86|429|532|1047
86|429|533|1048
86|429|534|1049
86|430|534|1050
86|430|535|1051
86|430|536|1052
86|431|536|1053
86|431|537|1054
86|432|537|1055
86|432|538|1056
86|433|538|1057
86|433|539|1058
86|434|539|1059
86|434|540|1060
86|435|540|1061
86|435|541|1062
87|435|541|1063
88|435|541|1064
88|436|541|1065
88|436|542|1066
88|437|542|1067
88|437|543|1068
88|438|543|1069
88|438|544|1070
88|439|544|1071
89|439|544|1072
89|440|544|1073
89|440|545|1074
89|441|545|1075
89|441|546|1076
90|441|546|1077
90|441|547|1078
90|442|547|1079
90|442|548|1080
90|443|548|1081
90|443|549|1082
91|443|549|1083
91|443|550|1084
91|444|550|1085
91|444|551|1086
91|445|551|1087
91|445|552|1088
91|446|552|1089
91|446|553|1090
91|447|553|1091
91|447|554|1092
91|448|554|1093
91|448|555|1094
91|449|555|1095
91|449|556|1096
91|450|556|1097
91|450|557|1098
91|450|558|1099
92|450|558|1100
92|451|558|1101
92|451|559|1102
92|452|559|1103
92|452|560|1104
92|453|560|1105
92|453|561|1106
92|453|562|1107
93|453|562|1108
93|454|562|1109
93|454|563|1110
93|455|563|1111
93|455|564|1112
93|456|564|1113
93|456|565|1114
93|457|565|1115
93|457|566|1116
93|457|567|1117
93|457|568|1118
93|458|568|1119
93|458|569|1120
93|459|569|1121
93|459|570|1122
93|459|571|1123
93|459|572|1124
93|460|572|1125
93|460|573|1126
93|460|574|1127
93|460|575|1128
93|461|575|1129
93|461|576|1130
93|462|576|1131
93|462|577|1132
93|463|577|1133
93|463|578|1134
93|463|579|1135
93|463|580|1136
93|464|580|1137
93|464|581|1138
93|465|581|1139
93|465|582|1140
93|466|582|1141
93|466|583|1142
93|466|584|1143
93|466|585|1144
93|467|585|1145
93|467|586|1146
93|468|586|1147
93|468|587|1148
93|469|587|1149
93|469|588|1150
93|470|588|1151
93|470|589|1152
93|471|589|1153
93|471|590|1154
94|471|590|1155
94|471|591|1156
94|472|591|1157
94|472|592|1158
94|473|592|1159
94|473|593|1160
94|474|593|1161
94|474|594|1162
94|475|594|1163
94|475|595|1164
94|476|595|1165
94|476|596|1166
94|477|596|1167
94|477|597|1168
94|478|597|1169
94|478|598|1170
94|479|598|1171
94|480|598|1172
94|481|598|1173
94|481|599|1174
94|482|599|1175
94|482|600|1176
95|482|600|1177
95|483|600|1178
95|484|600|1179
95|485|600|1180
95|486|600|1181
95|486|601|1182
95|487|601|1183
95|487|602|1184
95|488|602|1185
95|488|603|1186
95|489|603|1187
95|489|604|1188
95|490|604|1189
95|490|605|1190
95|491|605|1191
95|491|606|1192
96|491|606|1193
96|491|607|1194
96|492|607|1195
96|492|608|1196
96|493|608|1197
96|493|609|1198
96|493|610|1199
97|493|610|1200
97|493|611|1201
98|493|611|1202
98|493|612|1203
99|493|612|1204
99|493|613|1205
100|493|613|1206
100|493|614|1207
101|493|614|1208
101|493|615|1209
102|493|615|1210
102|493|616|1211
103|493|616|1212
103|493|617|1213
104|493|617|1214
104|493|618|1215
105|493|618|1216
105|493|619|1217
106|493|619|1218
106|493|620|1219
107|493|620|1220
107|493|621|1221
108|493|621|1222
108|493|622|1223
109|493|622|1224
109|493|623|1225
110|493|623|1226
110|493|624|1227
111|493|624|1228
111|493|625|1229
112|493|625|1230
112|493|626|1231
113|493|626|1232
113|493|627|1233
114|493|627|1234
114|494|627|1235
114|494|628|1236
114|495|628|1237
114|495|629|1238
114|496|629|1239
114|496|630|1240
114|497|630|1241
114|497|631|1242
114|498|631|1243
114|498|632|1244
114|499|632|1245
114|499|633|1246
114|500|633|1247
114|500|634|1248
114|501|634|1249
114|501|635|1250
114|502|635|1251
114|502|636|1252
114|503|636|1253
114|503|637|1254
114|504|637|1255
114|504|638|1256
114|505|638|1257
114|505|639|1258
114|506|639|1259
114|506|640|1260
114|507|640|1261
114|507|641|1262
114|508|641|1263
114|508|642|1264
114|509|642|1265
114|509|643|1266
114|510|643|1267
114|510|644|1268
114|511|644|1269
114|511|645|1270
114|512|645|1271
114|512|646|1272
114|513|646|1273
114|513|647|1274
114|514|647|1275
114|514|648|1276
114|515|648|1277
114|515|649|1278
114|516|649|1279
114|516|650|1280
114|517|650|1281
114|517|651|1282
114|518|651|1283
114|518|652|1284
114|519|652|1285
114|519|653|1286
114|520|653|1287
114|520|654|1288
114|521|654|1289
114|521|655|1290
114|522|655|1291
114|522|656|1292
114|523|656|1293
114|523|657|1294
114|524|657|1295
114|524|658|1296
114|525|658|1297
114|525|659|1298
114|526|659|1299
114|526|660|1300
114|527|660|1301
114|527|661|1302
114|528|661|1303
114|528|662|1304
114|529|662|1305
114|529|663|1306
115|529|663|1307
115|529|664|1308
115|530|664|1309
115|530|665|1310
115|531|665|1311
115|531|666|1312
115|532|666|1313
115|532|667|1314
115|533|667|1315
115|533|668|1316
115|534|668|1317
115|534|669|1318
115|535|669|1319
115|535|670|1320
115|536|670|1321
115|536|671|1322
115|537|671|1323
115|538|671|1324
115|539|671|1325
115|539|672|1326
115|540|672|1327
115|540|673|1328
115|541|673|1329
115|541|674|1330
115|542|674|1331
115|542|675|1332
115|543|675|1333
115|543|676|1334
115|544|676|1335
115|545|676|1336
115|546|676|1337
115|546|677|1338
115|547|677|1339
115|547|678|1340
115|548|678|1341
115|548|679|1342
115|548|680|1343
116|548|680|1344
116|548|681|1345
117|548|681|1346
117|548|682|1347
118|548|682|1348
118|548|683|1349
119|548|683|1350
119|548|684|1351
120|548|684|1352
120|548|685|1353
121|548|685|1354
121|548|686|1355
122|548|686|1356
122|548|687|1357
123|548|687|1358
123|548|688|1359
124|548|688|1360
124|548|689|1361
125|548|689|1362
125|548|690|1363
126|548|690|1364
126|548|691|1365
127|548|691|1366
127|548|692|1367
128|548|692|1368
128|548|693|1369
129|548|693|1370
129|548|694|1371
130|548|694|1372
130|548|695|1373
131|548|695|1374
131|548|696|1375
132|548|696|1376
132|548|697|1377
133|548|697|1378
133|549|697|1379
133|549|698|1380
133|550|698|1381
133|550|699|1382
133|551|699|1383
133|551|700|1384
133|552|700|1385
133|552|701|1386
133|553|701|1387
133|553|702|1388
133|554|702|1389
133|554|703|1390
133|555|703|1391
133|555|704|1392
133|556|704|1393
133|556|705|1394
133|557|705|1395
133|557|706|1396
133|558|706|1397
133|558|707|1398
133|559|707|1399
133|559|708|1400
133|560|708|1401
133|560|709|1402
133|561|709|1403
133|561|710|1404
133|562|710|1405
133|562|711|1406
133|563|711|1407
133|563|712|1408
133|564|712|1409
133|564|713|1410
133|565|713|1411
133|565|714|1412
133|566|714|1413
133|566|715|1414
133|567|715|1415
133|567|716|1416
133|568|716|1417
133|568|717|1418
133|569|717|1419
133|569|718|1420
133|570|718|1421
133|570|719|1422
133|571|719|1423
133|571|720|1424
133|572|720|1425
133|572|721|1426
133|573|721|1427
133|573|722|1428
133|574|722|1429
133|574|723|1430
133|575|723|1431
133|575|724|1432
133|576|724|1433
133|576|725|1434
133|577|725|1435
133|577|726|1436
133|578|726|1437
133|578|727|1438
133|579|727|1439
133|579|728|1440
133|580|728|1441
133|580|729|1442
133|581|729|1443
133|581|730|1444
133|582|730|1445
133|582|731|1446
133|583|731|1447
133|583|732|1448
133|584|732|1449
133|584|733|1450
133|584|734|1451
133|584|735|1452
133|584|736|1453
133|585|736|1454
133|585|737|1455
133|585|738|1456
133|585|739|1457
133|585|740|1458
133|585|741|1459
133|585|742|1460
133|585|743|1461
134|585|743|1462
134|585|744|1463
134|585|745|1464
134|585|746|1465
134|585|747|1466
134|585|748|1467
134|586|748|1468
134|586|749|1469
135|586|749|1470
135|587|749|1471
135|587|750|1472
135|587|751|1473
135|587|752|1474
135|588|752|1475
135|588|753|1476
135|588|754|1477
135|588|755|1478
135|588|756|1479
135|588|757|1480
135|588|758|1481
135|588|759|1482
135|588|760|1483
135|588|761|1484
135|588|762|1485
135|588|763|1486
135|589|763|1487
135|589|764|1488
135|590|764|1489
135|590|765|1490
135|591|765|1491
135|591|766|1492
135|592|766|1493
135|592|767|1494
135|593|767|1495
135|593|768|1496
135|594|768|1497
135|594|769|1498
135|595|769|1499
135|595|770|1500
135|596|770|1501
135|596|771|1502
135|597|771|1503
135|597|772|1504
135|598|772|1505
135|598|773|1506
135|599|773|1507
135|599|774|1508
135|600|774|1509
135|600|775|1510
135|601|775|1511
135|601|776|1512
135|602|776|1513
135|602|777|1514
135|603|777|1515
135|603|778|1516
135|604|778|1517
135|604|779|1518
135|605|779|1519
135|605|780|1520
135|606|780|1521
135|606|781|1522
135|607|781|1523
135|607|782|1524
135|608|782|1525
135|608|783|1526
135|608|784|1527
135|608|785|1528
135|609|785|1529
135|609|786|1530
135|609|787|1531
135|609|788|1532
135|609|789|1533
136|609|789|1534
136|610|789|1535
136|610|790|1536
136|611|790|1537
136|611|791|1538
136|611|792|1539
136|611|793|1540
136|611|794|1541
137|611|794|1542
137|612|794|1543
137|612|795|1544
137|613|795|1545
137|613|796|1546
137|613|797|1547
137|613|798|1548
137|614|798|1549
137|614|799|1550
137|615|799|1551
137|615|800|1552
137|616|800|1553
137|616|801|1554
137|617|801|1555
137|617|802|1556
137|617|803|1557
138|617|803|1558
138|617|804|1559
138|618|804|1560
138|619|804|1561
138|620|804|1562
139|620|804|1563
139|621|804|1564
139|621|805|1565
139|622|805|1566
139|622|806|1567
139|623|806|1568
139|623|807|1569
139|624|807|1570
139|624|808|1571
139|625|808|1572
139|626|808|1573
139|627|808|1574
139|628|808|1575
139|629|808|1576
140|629|808|1577
140|630|808|1578
141|630|808|1579
141|631|808|1580
142|631|808|1581
142|632|808|1582
142|633|808|1583
142|634|808|1584
142|634|809|1585
142|635|809|1586
142|635|810|1587
142|636|810|1588
142|636|811|1589
142|637|811|1590
142|637|812|1591
142|638|812|1592
142|639|812|1593
142|640|812|1594
142|640|813|1595
142|641|813|1596
142|641|814|1597
142|642|814|1598
142|642|815|1599
142|643|815|1600
142|644|815|1601
142|645|815|1602
142|645|816|1603
142|646|816|1604
142|646|817|1605
142|647|817|1606
142|647|818|1607
142|648|818|1608
142|649|818|1609
142|650|818|1610
142|650|819|1611
142|651|819|1612
142|652|819|1613
142|653|819|1614
142|653|820|1615
142|654|820|1616
142|654|821|1617
142|655|821|1618
142|656|821|1619
142|657|821|1620
142|658|821|1621
142|659|821|1622
142|659|822|1623
142|660|822|1624
142|660|823|1625
142|661|823|1626
142|661|824|1627
142|662|824|1628
142|663|824|1629
142|664|824|1630
142|665|824|1631
142|665|825|1632
142|666|825|1633
142|666|826|1634
142|667|826|1635
142|667|827|1636
143|667|827|1637
143|667|828|1638
144|667|828|1639
144|667|829|1640
144|668|829|1641
144|668|830|1642
144|669|830|1643
144|669|831|1644
144|670|831|1645
144|670|832|1646
145|670|832|1647
145|670|833|1648
145|671|833|1649
145|671|834|1650
146|671|834|1651
146|671|835|1652
146|671|836|1653
146|671|837|1654
146|671|838|1655
146|671|839|1656
147|671|839|1657
147|671|840|1658
147|671|841|1659
147|671|842|1660
147|671|843|1661
147|671|844|1662
148|671|844|1663
148|671|845|1664
148|671|846|1665
148|671|847|1666
148|672|847|1667
148|673|847|1668
148|674|847|1669
148|674|848|1670
148|675|848|1671
148|675|849|1672
148|676|849|1673
148|676|850|1674
148|677|850|1675
148|677|851|1676
148|677|852|1677
149|677|852|1678
149|678|852|1679
149|678|853|1680
149|679|853|1681
149|679|854|1682
149|679|855|1683
149|679|856|1684
149|679|857|1685
150|679|857|1686
150|680|857|1687
150|680|858|1688
150|681|858|1689
150|681|859|1690
150|682|859|1691
150|682|860|1692
150|683|860|1693
150|683|861|1694
150|684|861|1695
150|684|862|1696
150|684|863|1697
150|684|864|1698
150|685|864|1699
150|685|865|1700
150|686|865|1701
150|687|865|1702
150|687|866|1703
150|687|867|1704
150|688|867|1705
150|688|868|1706
150|689|868|1707
150|689|869|1708
150|690|869|1709
150|690|870|1710
150|690|871|1711
151|690|871|1712
151|690|872|1713
151|690|873|1714
151|691|873|1715
151|691|874|1716
151|691|875|1717
151|692|875|1718
151|692|876|1719
152|692|876|1720
152|693|876|1721
152|693|877|1722
152|694|877|1723
152|694|878|1724
152|695|878|1725
152|695|879|1726
152|696|879|1727
152|696|880|1728
152|696|881|1729
152|696|882|1730
152|696|883|1731
152|696|884|1732
152|697|884|1733
152|698|884|1734
152|698|885|1735
152|698|886|1736
152|698|887|1737
152|699|887|1738
152|700|887|1739
152|700|888|1740
152|701|888|1741
152|701|889|1742
152|702|889|1743
152|702|890|1744
153|702|890|1745
153|702|891|1746
154|702|891|1747
155|702|891|1748
155|703|891|1749
155|703|892|1750
155|704|892|1751
155|704|893|1752
155|705|893|1753
155|705|894|1754
155|706|894|1755
156|706|894|1756
156|707|894|1757
156|707|895|1758
156|708|895|1759
156|708|896|1760
156|709|896|1761
156|710|896|1762
156|711|896|1763
156|711|897|1764
156|712|897|1765
156|712|898|1766
156|713|898|1767
156|714|898|1768
156|715|898|1769
156|715|899|1770
156|716|899|1771
156|716|900|1772
156|717|900|1773
156|717|901|1774
156|718|901|1775
156|718|902|1776
156|719|902|1777
156|719|903|1778
156|720|903|1779
156|720|904|1780
156|721|904|1781
156|721|905|1782
156|721|906|1783
157|721|906|1784
157|722|906|1785
157|722|907|1786
157|723|907|1787
157|723|908|1788
157|724|908|1789
157|724|909|1790
157|724|910|1791
158|724|910|1792
158|725|910|1793
158|725|911|1794
158|726|911|1795
158|726|912|1796
158|727|912|1797
158|727|913|1798
158|728|913|1799
158|728|914|1800
158|728|915|1801
158|728|916|1802
158|729|916|1803
158|729|917|1804
158|730|917|1805
158|730|918|1806
158|731|918|1807
158|731|919|1808
158|732|919|1809
158|732|920|1810
158|732|921|1811
158|732|922|1812
158|733|922|1813
158|733|923|1814
158|733|924|1815
158|733|925|1816
158|734|925|1817
158|734|926|1818
158|734|927|1819
158|734|928|1820
158|735|928|1821
158|735|929|1822
158|736|929|1823
158|736|930|1824
158|737|930|1825
158|737|931|1826
158|737|932|1827
158|737|933|1828
158|738|933|1829
158|738|934|1830
158|739|934|1831
158|739|935|1832
158|740|935|1833
158|740|936|1834
158|741|936|1835
158|741|937|1836
158|742|937|1837
158|742|938|1838
159|742|938|1839
159|742|939|1840
159|743|939|1841
159|743|940|1842
159|744|940|1843
159|744|941|1844
159|745|941|1845
159|745|942|1846
159|746|942|1847
159|746|943|1848
160|746|943|1849
160|746|944|1850
160|747|944|1851
160|747|945|1852
160|748|945|1853
160|748|946|1854
161|748|946|1855
161|748|947|1856
161|749|947|1857
161|749|948|1858
161|750|948|1859
161|750|949|1860
161|751|949|1861
161|751|950|1862
161|752|950|1863
161|752|951|1864
161|753|951|1865
161|753|952|1866
161|754|952|1867
161|754|953|1868
161|755|953|1869
161|755|954|1870
161|756|954|1871
161|756|955|1872
161|757|955|1873
161|757|956|1874
161|758|956|1875
161|758|957|1876
162|758|957|1877
162|758|958|1878
162|759|958|1879
162|759|959|1880
162|760|959|1881
162|760|960|1882
162|760|961|1883
163|760|961|1884
163|760|962|1885
164|760|962|1886
164|760|963|1887
165|760|963|1888
165|760|964|1889
166|760|964|1890
166|760|965|1891
167|760|965|1892
167|760|966|1893
168|760|966|1894
168|760|967|1895
169|760|967|1896
169|760|968|1897
170|760|968|1898
170|760|969|1899
171|760|969|1900
171|760|970|1901
172|760|970|1902
172|760|971|1903
173|760|971|1904
173|760|972|1905
174|760|972|1906
174|760|973|1907
175|760|973|1908
175|760|974|1909
176|760|974|1910
176|760|975|1911
177|760|975|1912
177|760|976|1913
178|760|976|1914
178|760|977|1915
179|760|977|1916
179|760|978|1917
180|760|978|1918
180|761|978|1919
180|761|979|1920
180|762|979|1921
180|762|980|1922
180|763|980|1923
180|763|981|1924
180|764|981|1925
180|764|982|1926
180|765|982|1927
180|765|983|1928
180|766|983|1929
180|766|984|1930
180|767|984|1931
180|767|985|1932
180|768|985|1933
180|768|986|1934
180|769|986|1935
180|769|987|1936
180|770|987|1937
180|770|988|1938
180|771|988|1939
180|771|989|1940
180|772|989|1941
180|772|990|1942
180|773|990|1943
180|773|991|1944
180|774|991|1945
180|774|992|1946
181|774|992|1947
181|774|993|1948
181|775|993|1949
181|775|994|1950
181|776|994|1951
181|776|995|1952
181|777|995|1953
181|777|996|1954
181|778|996|1955
181|778|997|1956
181|779|997|1957
181|779|998|1958
181|780|998|1959
181|780|999|1960
181|781|999|1961
181|781|1000|1962
181|782|1000|1963
181|782|1001|1964
181|783|1001|1965
181|783|1002|1966
181|784|1002|1967
181|784|1003|1968
181|785|1003|1969
181|785|1004|1970
181|786|1004|1971
181|786|1005|1972
181|787|1005|1973
181|787|1006|1974
181|788|1006|1975
181|788|1007|1976
181|789|1007|1977
181|789|1008|1978
181|790|1008|1979
181|790|1009|1980
181|791|1009|1981
181|791|1010|1982
181|792|1010|1983
181|792|1011|1984
181|793|1011|1985
181|793|1012|1986
181|794|1012|1987
181|794|1013|1988
181|795|1013|1989
181|795|1014|1990
181|796|1014|1991
181|796|1015|1992
182|796|1015|1993
182|796|1016|1994
182|797|1016|1995
182|797|1017|1996
182|798|1017|1997
182|798|1018|1998
182|799|1018|1999
182|799|1019|2000
