total
0|0|1|1
1|0|1|2
2|0|1|3
2|0|2|4
3|0|2|5
3|0|3|6
3|0|4|7
3|0|5|8
4|0|5|9
4|0|6|10
4|0|7|11
4|0|8|12
4|0|9|13
4|1|9|14
4|1|10|15
4|2|10|16
4|2|11|17
4|3|11|18
4|3|12|19
4|4|12|20
4|4|13|21
4|5|13|22
4|5|14|23
4|6|14|24
4|6|15|25
4|7|15|26
4|7|16|27
4|8|16|28
4|8|17|29
4|8|18|30
4|8|19|31
4|9|19|32
4|9|20|33
4|10|20|34
4|10|21|35
4|11|21|36
4|11|22|37
4|12|22|38
4|12|23|39
4|13|23|40
4|13|24|41
4|14|24|42
4|14|25|43
4|15|25|44
4|15|26|45
4|15|27|46
4|15|28|47
4|16|28|48
4|16|29|49
4|17|29|50
4|17|30|51
4|18|30|52
4|18|31|53
4|19|31|54
4|19|32|55
4|20|32|56
4|20|33|57
4|21|33|58
4|21|34|59
4|22|34|60
4|22|35|61
4|23|35|62
4|23|36|63
4|24|36|64
5|24|36|65
5|25|36|66
5|25|37|67
5|26|37|68
5|26|38|69
5|27|38|70
5|27|39|71
5|28|39|72
5|28|40|73
5|29|40|74
5|29|41|75
5|29|42|76
5|30|43|78
5|31|43|79
5|31|44|80
5|32|44|81
5|32|45|82
5|32|46|83
5|32|47|84
5|33|47|85
5|33|48|86
5|34|48|87
5|34|49|88
5|35|49|89
5|35|50|90
5|36|50|91
5|36|51|92
5|36|52|93
6|36|52|94
6|37|52|95
6|37|53|96
6|37|54|97
6|37|55|98
6|38|55|99
6|38|56|100
6|38|57|101
7|38|57|102
7|38|58|103
7|38|59|104
7|39|59|105
7|39|60|106
7|40|60|107
7|40|61|108
7|41|61|109
7|41|62|110
7|41|63|111
7|41|64|112
7|41|65|113
8|41|65|114
8|41|66|115
9|41|66|116
9|42|66|117
9|42|67|118
9|43|67|119
9|43|68|120
9|44|68|121
9|44|69|122
9|45|69|123
9|45|70|124
9|46|70|125
9|46|71|126
9|47|71|127
9|47|72|128
9|48|72|129
9|48|73|130
9|49|73|131
9|49|74|132
9|50|74|133
9|50|75|134
9|51|75|135
9|51|76|136
9|52|76|137
9|52|77|138
9|53|77|139
9|53|78|140
9|54|78|141
9|54|79|142
9|55|79|143
9|55|80|144
9|56|80|145
9|56|81|146
9|57|81|147
9|57|82|148
9|58|82|149
9|58|83|150
9|59|83|151
9|59|84|152
9|60|84|153
9|60|85|154
9|61|85|155
10|61|85|156
10|62|85|157
10|62|86|158
10|63|86|159
10|63|87|160
10|64|87|161
10|64|88|162
10|65|88|163
10|65|89|164
10|65|90|165
11|65|90|166
11|66|90|167
11|66|91|168
11|67|91|169
11|67|92|170
11|68|92|171
11|68|93|172
11|68|94|173
12|68|94|174
12|69|94|175
12|69|95|176
12|70|95|177
12|70|96|178
12|71|96|179
12|71|97|180
12|72|97|181
12|72|98|182
12|72|99|183
12|72|100|184
12|73|100|185
12|73|101|186
12|74|101|187
12|74|102|188
12|75|102|189
12|75|103|190
12|75|104|191
12|75|105|192
12|75|106|193
12|75|107|194
12|75|108|195
12|75|109|196
12|75|110|197
12|75|111|198
12|76|111|199
12|76|112|200
12|76|113|201
12|76|114|202
12|76|115|203
12|76|116|204
12|76|117|205
12|76|118|206
12|76|119|207
12|76|120|208
12|76|121|209
12|76|122|210
12|76|123|211
12|76|124|212
12|76|125|213
12|76|126|214
12|76|127|215
12|76|128|216
12|76|129|217
12|76|130|218
12|76|131|219
12|76|132|220
12|76|133|221
12|76|134|222
12|76|135|223
12|76|136|224
12|76|137|225
12|76|138|226
12|76|139|227
13|76|139|228
13|77|139|229
14|77|139|230
14|78|139|231
15|78|139|232
15|79|139|233
16|79|139|234
16|79|140|235
17|79|140|236
17|80|140|237
18|80|140|238
18|81|140|239
19|81|140|240
19|82|140|241
20|82|140|242
20|82|141|243
21|82|141|244
21|83|141|245
22|83|141|246
22|84|141|247
23|84|141|248
23|85|141|249
24|85|141|250
24|86|141|251
25|86|141|252
25|87|141|253
26|87|141|254
26|88|141|255
27|88|141|256
27|89|141|257
28|89|141|258
28|90|141|259
29|90|141|260
29|91|141|261
30|91|141|262
30|92|141|263
30|92|142|264
30|93|142|265
30|93|143|266
30|94|143|267
31|94|143|268
31|95|143|269
32|95|143|270
32|96|143|271
32|96|144|272
32|97|144|273
33|97|144|274
33|98|144|275
33|98|145|276
33|99|145|277
33|99|146|278
33|100|146|279
34|100|146|280
34|101|146|281
34|101|147|282
34|102|147|283
34|102|148|284
34|103|148|285
34|103|149|286
34|104|149|287
34|104|150|288
34|105|150|289
34|105|151|290
34|106|151|291
35|106|151|292
35|107|151|293
35|107|152|294
35|108|152|295
35|108|153|296
35|109|153|297
35|109|154|298
35|110|154|299
35|110|155|300
35|111|155|301
35|111|156|302
35|111|157|303
35|111|158|304
35|112|158|305
35|112|159|306
35|113|159|307
35|113|160|308
35|114|160|309
36|114|160|310
36|115|160|311
36|115|161|312
36|115|162|313
36|115|163|314
36|116|163|315
36|116|164|316
36|116|165|317
36|116|166|318
36|117|166|319
36|117|167|320
36|118|167|321
36|118|168|322
36|119|168|323
36|119|169|324
36|120|169|325
36|120|170|326
36|121|170|327
36|121|171|328
36|122|171|329
36|122|172|330
36|123|172|331
36|123|173|332
36|123|174|333
36|123|175|334
36|123|176|335
36|123|177|336
36|123|178|337
37|123|178|338
37|123|179|339
37|123|180|340
37|124|180|341
37|124|181|342
37|124|182|343
37|124|183|344
37|124|184|345
37|124|185|346
37|124|186|347
37|124|187|348
37|125|187|349
37|125|188|350
37|125|189|351
38|125|189|352
38|125|190|353
38|125|191|354
38|126|191|355
39|126|191|356
39|126|192|357
40|126|192|358
40|127|192|359
40|127|193|360
40|128|193|361
40|128|194|362
40|129|194|363
40|129|195|364
40|129|196|365
40|129|197|366
40|129|198|367
41|129|198|368
41|129|199|369
42|129|199|370
42|130|199|371
42|130|200|372
42|131|200|373
42|131|201|374
42|132|201|375
42|132|202|376
42|133|202|377
42|133|203|378
42|134|203|379
42|134|204|380
42|135|204|381
42|135|205|382
42|136|205|383
42|136|206|384
42|137|206|385
42|137|207|386
42|138|207|387
43|138|207|388
43|139|207|389
43|139|208|390
43|140|208|391
43|140|209|392
43|141|209|393
43|141|210|394
43|142|210|395
43|142|211|396
43|143|211|397
43|143|212|398
43|144|212|399
43|144|213|400
43|145|213|401
43|145|214|402
43|146|214|403
43|146|215|404
43|147|215|405
43|147|216|406
43|148|216|407
43|148|217|408
43|149|217|409
43|149|218|410
43|150|218|411
43|150|219|412
43|151|219|413
43|151|220|414
43|151|221|415
43|151|222|416
43|152|222|417
43|152|223|418
43|152|224|419
43|152|225|420
43|153|225|421
43|153|226|422
43|154|226|423
44|154|226|424
44|155|226|425
44|155|227|426
44|156|227|427
44|156|228|428
44|156|229|429
44|156|230|430
44|157|230|431
44|157|231|432
44|157|232|433
44|157|233|434
44|158|233|435
45|158|233|436
45|158|234|437
45|158|235|438
45|159|235|439
45|159|236|440
45|160|236|441
45|160|237|442
45|160|238|443
45|160|239|444
45|161|239|445
45|161|240|446
45|161|241|447
45|161|242|448
45|162|242|449
45|162|243|450
45|162|244|451
45|162|245|452
45|163|245|453
45|163|246|454
45|164|246|455
45|164|247|456
45|165|247|457
45|165|248|458
45|166|248|459
45|166|249|460
45|167|249|461
45|167|250|462
45|167|251|463
45|167|252|464
45|168|252|465
45|168|253|466
45|169|253|467
45|169|254|468
45|169|255|469
45|169|256|470
45|170|256|471
45|170|257|472
45|171|257|473
45|171|258|474
45|172|258|475
45|172|259|476
45|173|259|477
45|173|260|478
45|174|260|479
45|174|261|480
45|175|261|481
45|175|262|482
45|176|262|483
45|176|263|484
45|177|263|485
45|177|264|486
45|178|264|487
45|178|265|488
45|179|265|489
45|179|266|490
45|180|266|491
45|180|267|492
45|181|267|493
45|181|268|494
45|182|268|495
45|182|269|496
45|183|269|497
45|183|270|498
45|184|270|499
45|184|271|500
45|185|271|501
45|185|272|502
45|186|272|503
45|186|273|504
45|187|273|505
45|187|274|506
46|187|274|507
46|187|275|508
46|188|275|509
46|188|276|510
46|189|276|511
46|189|277|512
46|190|277|513
46|190|278|514
46|190|279|515
47|190|279|516
47|190|280|517
48|190|280|518
48|190|281|519
49|190|281|520
49|190|282|521
49|190|283|522
49|190|284|523
50|190|284|524
50|190|285|525
51|190|285|526
51|190|286|527
52|190|286|528
52|190|287|529
52|190|288|530
52|190|289|531
52|190|290|532
52|190|291|533
53|190|291|534
53|190|292|535
54|190|292|536
54|190|293|537
55|190|293|538
55|190|294|539
56|190|294|540
56|190|295|541
57|190|295|542
57|190|296|543
58|190|296|544
58|190|297|545
59|190|297|546
59|190|298|547
60|190|298|548
60|190|299|549
61|190|299|550
61|191|299|551
61|191|300|552
61|192|300|553
61|192|301|554
61|193|301|555
61|193|302|556
61|194|302|557
61|194|303|558
61|195|303|559
61|195|304|560
61|196|304|561
61|196|305|562
61|196|306|563
61|196|307|564
61|197|307|565
61|197|308|566
61|197|309|567
61|197|310|568
61|198|310|569
61|198|311|570
61|198|312|571
61|198|313|572
61|199|313|573
61|199|314|574
61|200|314|575
61|200|315|576
61|200|316|577
61|200|317|578
61|201|317|579
61|201|318|580
61|202|318|581
61|202|319|582
61|203|319|583
61|203|320|584
61|204|320|585
61|204|321|586
61|204|322|587
61|204|323|588
61|205|323|589
61|205|324|590
61|206|324|591
61|206|325|592
61|207|325|593
61|207|326|594
61|208|326|595
61|208|327|596
61|208|328|597
61|208|329|598
61|209|329|599
61|209|330|600
61|210|330|601
61|210|331|602
61|210|332|603
61|210|333|604
61|211|333|605
61|211|334|606
61|212|334|607
61|212|335|608
61|212|336|609
61|212|337|610
61|213|337|611
61|213|338|612
61|214|338|613
61|214|339|614
61|215|339|615
61|215|340|616
61|216|340|617
61|216|341|618
61|216|342|619
61|216|343|620
61|217|343|621
61|217|344|622
61|218|344|623
61|218|345|624
61|219|345|625
61|219|346|626
61|220|346|627
61|220|347|628
61|221|347|629
61|221|348|630
61|222|348|631
61|222|349|632
61|223|349|633
61|223|350|634
61|224|350|635
61|224|351|636
61|225|351|637
61|225|352|638
61|226|352|639
61|226|353|640
61|227|353|641
61|227|354|642
61|228|354|643
61|228|355|644
61|229|355|645
61|229|356|646
61|230|356|647
61|230|357|648
61|231|357|649
61|231|358|650
62|231|358|651
62|231|359|652
62|232|359|653
62|232|360|654
62|233|360|655
62|233|361|656
62|234|361|657
62|234|362|658
62|234|363|659
63|234|363|660
63|234|364|661
64|234|364|662
64|234|365|663
65|234|365|664
65|234|366|665
66|234|366|666
66|234|367|667
67|234|367|668
67|234|368|669
67|234|369|670
67|234|370|671
67|234|371|672
67|234|372|673
68|234|372|674
68|234|373|675
69|234|373|676
69|234|374|677
70|234|374|678
70|234|375|679
71|234|375|680
71|234|376|681
71|234|377|682
71|234|378|683
72|234|378|684
72|234|379|685
73|234|379|686
73|234|380|687
74|234|380|688
74|234|381|689
75|234|381|690
75|234|382|691
76|234|382|692
76|234|383|693
77|234|383|694
77|235|383|695
77|235|384|696
77|236|384|697
77|236|385|698
77|237|385|699
77|237|386|700
77|238|386|701
77|238|387|702
77|239|387|703
77|239|388|704
77|240|388|705
77|240|389|706
77|241|389|707
77|241|390|708
77|242|390|709
77|242|391|710
77|243|391|711
77|243|392|712
77|244|392|713
77|244|393|714
77|245|393|715
77|245|394|716
77|246|394|717
77|246|395|718
77|247|395|719
77|247|396|720
77|248|396|721
77|248|397|722
77|249|397|723
77|249|398|724
77|250|398|725
77|250|399|726
77|251|399|727
77|251|400|728
77|252|400|729
77|252|401|730
77|252|402|731
78|252|402|732
78|253|402|733
78|253|403|734
78|254|403|735
78|254|404|736
78|255|404|737
78|255|405|738
78|256|405|739
78|256|406|740
78|257|406|741
78|257|407|742
78|258|407|743
78|258|408|744
78|258|409|745
78|258|410|746
78|259|410|747
78|259|411|748
78|259|412|749
78|259|413|750
78|260|413|751
78|260|414|752
78|261|414|753
78|261|415|754
78|262|415|755
78|262|416|756
78|262|417|757
78|262|418|758
78|263|418|759
78|263|419|760
78|264|419|761
78|264|420|762
78|265|420|763
78|265|421|764
78|265|422|765
78|265|423|766
78|265|424|767
78|265|425|768
78|266|425|769
78|266|426|770
78|266|427|771
78|266|428|772
78|266|429|773
78|266|430|774
78|267|430|775
78|267|431|776
78|267|432|777
79|267|432|778
79|268|432|779
79|268|433|780
79|268|434|781
79|268|435|782
79|269|435|783
79|269|436|784
79|269|437|785
80|269|437|786
80|270|437|787
80|270|438|788
80|270|439|789
80|270|440|790
80|271|440|791
80|271|441|792
80|271|442|793
80|271|443|794
80|271|444|795
80|272|444|796
80|272|445|797
81|272|445|798
81|272|446|799
81|272|447|800
81|273|447|801
81|273|448|802
81|274|448|803
81|274|449|804
81|275|449|805
81|275|450|806
81|276|450|807
81|276|451|808
81|277|451|809
81|277|452|810
81|278|452|811
81|278|453|812
81|279|453|813
81|279|454|814
81|280|454|815
81|280|455|816
81|281|455|817
81|281|456|818
81|282|456|819
81|282|457|820
81|283|457|821
81|283|458|822
81|284|458|823
81|284|459|824
81|285|459|825
81|285|460|826
81|286|460|827
81|286|461|828
81|287|461|829
81|287|462|830
81|288|462|831
81|288|463|832
81|289|463|833
81|289|464|834
81|290|464|835
81|290|465|836
81|291|465|837
81|291|466|838
81|292|466|839
82|292|466|840
82|293|466|841
82|293|467|842
82|294|467|843
82|294|468|844
82|295|468|845
82|295|469|846
82|296|469|847
82|296|470|848
82|296|471|849
83|296|471|850
83|297|471|851
83|297|472|852
83|298|472|853
83|298|473|854
83|299|473|855
83|299|474|856
83|299|475|857
84|299|475|858
84|300|475|859
84|300|476|860
84|301|476|861
84|301|477|862
84|301|478|863
84|301|479|864
84|302|479|865
84|302|480|866
84|302|481|867
84|302|482|868
84|303|482|869
84|303|483|870
84|304|483|871
85|304|483|872
85|304|484|873
85|304|485|874
85|305|485|875
85|305|486|876
85|305|487|877
85|305|488|878
85|306|488|879
85|306|489|880
85|306|490|881
85|306|491|882
85|307|491|883
85|307|492|884
85|307|493|885
85|307|494|886
85|307|495|887
85|307|496|888
85|308|496|889
85|308|497|890
85|308|498|891
85|308|499|892
85|309|499|893
85|309|500|894
85|309|501|895
85|309|502|896
85|309|503|897
85|309|504|898
85|310|504|899
85|310|505|900
85|311|505|901
85|311|506|902
85|312|506|903
85|312|507|904
85|312|508|905
85|312|509|906
85|312|510|907
85|312|511|908
85|312|512|909
85|312|513|910
85|313|513|911
86|313|513|912
86|314|513|913
87|314|513|914
87|314|514|915
88|314|514|916
88|315|514|917
89|315|514|918
89|316|514|919
90|316|514|920
90|316|515|921
91|316|515|922
91|317|515|923
92|317|515|924
92|318|515|925
93|318|515|926
93|319|515|927
94|319|515|928
94|320|515|929
95|320|515|930
95|321|515|931
96|321|515|932
96|322|515|933
97|322|515|934
97|322|516|935
98|322|516|936
98|323|516|937
98|323|517|938
98|324|517|939
99|324|517|940
99|325|517|941
100|325|517|942
100|326|517|943
101|326|517|944
101|327|517|945
102|327|517|946
102|328|517|947
102|328|518|948
102|329|518|949
102|329|519|950
102|330|519|951
103|330|519|952
103|331|519|953
103|331|520|954
103|332|520|955
103|332|521|956
103|333|521|957
103|333|522|958
103|334|522|959
103|334|523|960
103|334|524|961
104|334|524|962
104|335|524|963
105|335|524|964
105|335|525|965
106|335|525|966
106|336|525|967
106|336|526|968
106|337|526|969
106|337|527|970
106|338|527|971
106|338|528|972
106|339|528|973
107|339|528|974
107|340|528|975
107|340|529|976
107|340|530|977
107|340|531|978
107|340|532|979
107|340|533|980
107|340|534|981
108|340|534|982
108|340|535|983
108|340|536|984
108|341|536|985
108|341|537|986
108|341|538|987
108|341|539|988
108|341|540|989
108|341|541|990
108|342|541|991
108|342|542|992
108|342|543|993
109|342|543|994
109|343|543|995
109|343|544|996
109|343|545|997
109|343|546|998
109|344|546|999
109|344|547|1000
109|344|548|1001
110|344|548|1002
110|345|548|1003
110|345|549|1004
110|345|550|1005
110|345|551|1006
110|346|551|1007
110|346|552|1008
110|347|552|1009
110|347|553|1010
110|348|553|1011
110|348|554|1012
110|349|554|1013
111|349|554|1014
111|349|555|1015
111|349|556|1016
111|350|556|1017
111|350|557|1018
111|350|558|1019
111|350|559|1020
111|350|560|1021
111|350|561|1022
111|350|562|1023
111|350|563|1024
111|350|564|1025
111|350|565|1026
111|350|566|1027
112|350|566|1028
112|351|566|1029
112|351|567|1030
112|352|567|1031
112|352|568|1032
112|352|569|1033
113|352|569|1034
113|352|570|1035
114|352|570|1036
114|353|570|1037
114|353|571|1038
114|354|571|1039
114|354|572|1040
114|354|573|1041
114|354|574|1042
114|354|575|1043
114|354|576|1044
114|355|576|1045
114|355|577|1046
114|356|577|1047
114|356|578|1048
114|356|579|1049
114|356|580|1050
114|357|580|1051
114|357|581|1052
114|357|582|1053
114|357|583|1054
114|358|583|1055
114|358|584|1056
114|359|584|1057
114|359|585|1058
114|360|585|1059
114|360|586|1060
114|361|586|1061
114|361|587|1062
114|362|587|1063
114|362|588|1064
114|363|588|1065
114|363|589|1066
114|364|589|1067
114|364|590|1068
115|364|590|1069
115|364|591|1070
115|365|591|1071
115|365|592|1072
115|366|592|1073
115|366|593|1074
115|367|593|1075
115|367|594|1076
115|368|594|1077
115|368|595|1078
115|369|595|1079
115|369|596|1080
115|370|596|1081
115|370|597|1082
115|371|597|1083
115|371|598|1084
115|372|598|1085
115|372|599|1086
115|373|599|1087
115|373|600|1088
115|374|600|1089
115|374|601|1090
115|375|601|1091
115|375|602|1092
115|376|602|1093
115|376|603|1094
115|377|603|1095
115|377|604|1096
115|378|604|1097
115|378|605|1098
115|378|606|1099
116|378|606|1100
116|379|606|1101
116|379|607|1102
116|380|607|1103
116|380|608|1104
116|381|608|1105
116|381|609|1106
116|381|610|1107
117|381|610|1108
117|382|610|1109
117|382|611|1110
117|383|611|1111
117|383|612|1112
117|383|613|1113
117|383|614|1114
117|384|614|1115
117|384|615|1116
117|385|615|1117
117|385|616|1118
117|385|617|1119
118|385|617|1120
118|385|618|1121
118|385|619|1122
118|385|620|1123
118|385|621|1124
118|386|621|1125
118|386|622|1126
118|387|622|1127
118|387|623|1128
118|388|623|1129
118|388|624|1130
118|389|624|1131
118|389|625|1132
118|390|625|1133
118|390|626|1134
118|390|627|1135
118|390|628|1136
118|391|628|1137
118|391|629|1138
118|392|629|1139
118|392|630|1140
118|393|630|1141
118|393|631|1142
118|394|631|1143
118|394|632|1144
118|395|632|1145
118|395|633|1146
118|396|633|1147
118|396|634|1148
118|397|634|1149
118|397|635|1150
118|398|635|1151
118|398|636|1152
118|399|636|1153
118|399|637|1154
118|400|637|1155
118|400|638|1156
118|401|638|1157
118|401|639|1158
118|402|639|1159
118|402|640|1160
118|403|640|1161
118|403|641|1162
118|404|641|1163
118|404|642|1164
118|405|642|1165
118|405|643|1166
118|406|643|1167
118|406|644|1168
118|407|644|1169
118|407|645|1170
118|408|645|1171
118|408|646|1172
118|409|646|1173
118|409|647|1174
118|410|647|1175
118|410|648|1176
118|411|648|1177
118|411|649|1178
118|412|649|1179
118|412|650|1180
118|413|650|1181
118|413|651|1182
118|414|651|1183
118|414|652|1184
118|415|652|1185
118|415|653|1186
118|416|653|1187
118|416|654|1188
118|417|654|1189
118|417|655|1190
119|417|655|1191
119|417|656|1192
119|418|656|1193
119|418|657|1194
119|419|657|1195
119|419|658|1196
119|420|658|1197
119|420|659|1198
119|420|660|1199
120|420|660|1200
120|420|661|1201
121|420|661|1202
121|420|662|1203
122|420|662|1204
122|420|663|1205
122|420|664|1206
122|420|665|1207
122|420|666|1208
122|420|667|1209
123|420|667|1210
123|420|668|1211
124|420|668|1212
124|420|669|1213
125|420|669|1214
125|420|670|1215
126|420|670|1216
126|420|671|1217
127|420|671|1218
127|420|672|1219
127|420|673|1220
127|420|674|1221
128|420|674|1222
128|420|675|1223
129|420|675|1224
129|420|676|1225
130|420|676|1226
130|420|677|1227
131|420|677|1228
131|420|678|1229
132|420|678|1230
132|420|679|1231
133|420|679|1232
133|420|680|1233
133|420|681|1234
133|421|681|1235
133|421|682|1236
133|422|682|1237
133|422|683|1238
133|423|683|1239
133|423|684|1240
133|424|684|1241
133|424|685|1242
133|425|685|1243
133|425|686|1244
133|425|687|1245
133|425|688|1246
133|426|688|1247
133|426|689|1248
133|427|689|1249
133|427|690|1250
133|427|691|1251
133|427|692|1252
133|428|692|1253
133|428|693|1254
133|429|693|1255
133|429|694|1256
133|430|694|1257
133|430|695|1258
133|431|695|1259
133|431|696|1260
133|432|696|1261
133|432|697|1262
133|432|698|1263
133|432|699|1264
133|433|699|1265
133|433|700|1266
133|434|700|1267
133|434|701|1268
133|435|701|1269
133|435|702|1270
133|436|702|1271
133|436|703|1272
133|437|703|1273
133|437|704|1274
133|438|704|1275
133|438|705|1276
133|439|705|1277
133|439|706|1278
133|440|706|1279
133|440|707|1280
133|440|708|1281
133|440|709|1282
133|441|709|1283
133|441|710|1284
133|442|710|1285
133|442|711|1286
133|443|711|1287
133|443|712|1288
133|444|712|1289
133|444|713|1290
133|444|714|1291
133|444|715|1292
133|444|716|1293
133|444|717|1294
133|445|717|1295
133|445|718|1296
133|445|719|1297
133|445|720|1298
133|445|721|1299
133|445|722|1300
133|446|722|1301
133|446|723|1302
133|447|723|1303
133|447|724|1304
133|448|724|1305
133|448|725|1306
133|449|725|1307
133|449|726|1308
133|450|726|1309
133|450|727|1310
133|451|727|1311
133|451|728|1312
133|452|728|1313
133|452|729|1314
134|452|729|1315
134|452|730|1316
134|453|730|1317
134|453|731|1318
134|454|731|1319
134|454|732|1320
134|455|732|1321
134|455|733|1322
135|455|733|1323
135|455|734|1324
135|456|734|1325
135|456|735|1326
135|457|735|1327
135|457|736|1328
136|457|736|1329
136|457|737|1330
136|458|737|1331
136|458|738|1332
136|459|738|1333
136|459|739|1334
137|459|739|1335
137|459|740|1336
137|460|740|1337
137|460|741|1338
137|461|741|1339
137|461|742|1340
137|462|742|1341
137|462|743|1342
137|462|744|1343
138|462|744|1344
138|462|745|1345
139|462|745|1346
139|462|746|1347
140|462|746|1348
140|462|747|1349
141|462|747|1350
141|462|748|1351
142|462|748|1352
142|462|749|1353
142|462|750|1354
142|462|751|1355
143|462|751|1356
143|462|752|1357
143|462|753|1358
143|462|754|1359
144|462|754|1360
144|462|755|1361
145|462|755|1362
145|462|756|1363
146|462|756|1364
146|462|757|1365
147|462|757|1366
147|462|758|1367
148|462|758|1368
148|462|759|1369
148|462|760|1370
148|462|761|1371
149|462|761|1372
149|462|762|1373
150|462|762|1374
150|462|763|1375
151|462|763|1376
151|462|764|1377
152|462|764|1378
152|463|764|1379
152|463|765|1380
152|464|765|1381
152|464|766|1382
152|465|766|1383
152|465|767|1384
152|466|767|1385
152|466|768|1386
152|467|768|1387
152|467|769|1388
152|468|769|1389
152|468|770|1390
152|469|770|1391
152|469|771|1392
152|470|771|1393
152|470|772|1394
152|471|772|1395
152|471|773|1396
152|472|773|1397
152|472|774|1398
152|473|774|1399
152|473|775|1400
152|474|775|1401
152|474|776|1402
152|475|776|1403
152|475|777|1404
152|476|777|1405
152|476|778|1406
152|477|778|1407
152|477|779|1408
152|478|779|1409
152|478|780|1410
152|479|780|1411
152|479|781|1412
152|480|781|1413
152|480|782|1414
152|480|783|1415
152|480|784|1416
152|481|784|1417
152|481|785|1418
152|482|785|1419
152|482|786|1420
152|483|786|1421
152|483|787|1422
152|484|787|1423
152|484|788|1424
152|484|789|1425
152|484|790|1426
152|485|790|1427
152|485|791|1428
152|486|791|1429
152|486|792|1430
152|487|792|1431
152|487|793|1432
152|487|794|1433
152|487|795|1434
152|488|795|1435
152|488|796|1436
152|489|796|1437
152|489|797|1438
152|490|797|1439
152|490|798|1440
152|491|798|1441
152|491|799|1442
152|492|799|1443
152|492|800|1444
152|492|801|1445
152|492|802|1446
152|492|803|1447
152|492|804|1448
152|492|805|1449
152|492|806|1450
152|492|807|1451
153|492|807|1452
153|492|808|1453
153|492|809|1454
153|492|810|1455
153|492|811|1456
153|493|811|1457
153|493|812|1458
154|493|812|1459
154|493|813|1460
154|493|814|1461
154|493|815|1462
154|493|816|1463
154|493|817|1464
154|493|818|1465
154|493|819|1466
154|494|819|1467
154|494|820|1468
154|494|821|1469
155|494|821|1470
155|495|821|1471
155|495|822|1472
155|495|823|1473
155|495|824|1474
155|496|824|1475
155|496|825|1476
155|496|826|1477
155|496|827|1478
155|496|828|1479
155|496|829|1480
155|496|830|1481
156|496|830|1482
156|496|831|1483
157|496|831|1484
157|496|832|1485
158|496|832|1486
158|497|832|1487
158|497|833|1488
158|498|833|1489
158|498|834|1490
158|499|834|1491
158|499|835|1492
158|500|835|1493
158|500|836|1494
158|501|836|1495
158|501|837|1496
158|502|837|1497
158|502|838|1498
158|503|838|1499
158|503|839|1500
158|504|839|1501
158|504|840|1502
158|505|840|1503
158|505|841|1504
158|506|841|1505
158|506|842|1506
158|507|842|1507
158|507|843|1508
158|508|843|1509
158|508|844|1510
158|509|844|1511
158|509|845|1512
158|510|845|1513
158|510|846|1514
158|511|846|1515
158|511|847|1516
158|512|847|1517
158|512|848|1518
158|513|848|1519
158|513|849|1520
158|514|849|1521
158|514|850|1522
158|515|850|1523
158|515|851|1524
158|516|851|1525
158|516|852|1526
158|517|852|1527
158|517|853|1528
158|518|853|1529
158|518|854|1530
158|519|854|1531
158|519|855|1532
158|519|856|1533
159|519|856|1534
159|520|856|1535
159|520|857|1536
159|521|857|1537
159|521|858|1538
159|522|858|1539
159|522|859|1540
159|522|860|1541
159|522|861|1542
159|523|861|1543
159|523|862|1544
159|524|862|1545
159|524|863|1546
159|524|864|1547
159|524|865|1548
159|525|865|1549
159|525|866|1550
159|525|867|1551
159|525|868|1552
159|526|868|1553
159|526|869|1554
159|526|870|1555
160|526|870|1556
160|526|871|1557
160|526|872|1558
160|526|873|1559
160|526|874|1560
160|526|875|1561
160|526|876|1562
160|526|877|1563
160|526|878|1564
160|526|879|1565
160|526|880|1566
160|526|881|1567
160|526|882|1568
160|526|883|1569
160|526|884|1570
160|526|885|1571
160|526|886|1572
160|526|887|1573
160|526|888|1574
160|526|889|1575
160|526|890|1576
160|526|891|1577
160|526|892|1578
160|526|893|1579
160|526|894|1580
160|526|895|1581
160|526|896|1582
160|526|897|1583
160|526|898|1584
160|526|899|1585
160|526|900|1586
160|526|901|1587
160|526|902|1588
160|526|903|1589
160|526|904|1590
160|526|905|1591
160|526|906|1592
160|526|907|1593
160|526|908|1594
160|526|909|1595
161|526|909|1596
161|526|910|1597
162|526|910|1598
162|526|911|1599
163|526|911|1600
163|527|911|1601
164|527|911|1602
164|528|911|1603
165|528|911|1604
165|529|911|1605
166|529|911|1606
166|530|911|1607
167|530|911|1608
167|530|912|1609
168|530|912|1610
168|531|912|1611
169|531|912|1612
169|531|913|1613
170|531|913|1614
170|532|913|1615
171|532|913|1616
171|533|913|1617
172|533|913|1618
172|534|913|1619
173|534|913|1620
173|535|913|1621
174|535|913|1622
174|536|913|1623
175|536|913|1624
175|537|913|1625
176|537|913|1626
176|538|913|1627
177|538|913|1628
177|539|913|1629
178|539|913|1630
178|540|913|1631
178|540|914|1632
178|541|914|1633
178|541|915|1634
178|542|915|1635
178|542|916|1636
178|543|916|1637
178|543|917|1638
178|544|917|1639
178|544|918|1640
178|544|919|1641
179|544|919|1642
179|545|919|1643
179|545|920|1644
179|546|920|1645
180|546|920|1646
180|547|920|1647
181|547|920|1648
181|548|920|1649
182|548|920|1650
182|549|920|1651
183|549|920|1652
183|550|920|1653
184|550|920|1654
184|551|920|1655
184|551|921|1656
184|552|921|1657
184|552|922|1658
184|553|922|1659
185|553|922|1660
185|554|922|1661
185|554|923|1662
185|555|923|1663
186|555|923|1664
186|556|923|1665
187|556|923|1666
187|556|924|1667
187|556|925|1668
187|557|925|1669
187|557|926|1670
187|558|926|1671
187|558|927|1672
187|559|927|1673
187|559|928|1674
187|560|928|1675
187|560|929|1676
187|561|929|1677
187|561|930|1678
187|562|930|1679
187|562|931|1680
187|562|932|1681
187|562|933|1682
187|563|933|1683
187|563|934|1684
187|563|935|1685
187|563|936|1686
187|564|936|1687
187|564|937|1688
187|565|937|1689
187|565|938|1690
187|566|938|1691
187|566|939|1692
187|567|939|1693
187|567|940|1694
187|567|941|1695
187|567|942|1696
187|568|942|1697
187|568|943|1698
187|568|944|1699
187|568|945|1700
187|568|946|1701
187|568|947|1702
187|568|948|1703
187|568|949|1704
187|569|949|1705
188|569|949|1706
188|569|950|1707
188|569|951|1708
188|569|952|1709
188|569|953|1710
188|569|954|1711
188|569|955|1712
188|570|955|1713
188|570|956|1714
188|571|956|1715
188|571|957|1716
188|572|957|1717
188|572|958|1718
188|572|959|1719
189|572|959|1720
189|572|960|1721
189|572|961|1722
189|572|962|1723
189|572|963|1724
189|573|963|1725
189|573|964|1726
189|573|965|1727
189|573|966|1728
189|574|966|1729
189|574|967|1730
189|574|968|1731
189|574|969|1732
189|574|970|1733
189|574|971|1734
189|574|972|1735
189|574|973|1736
189|574|974|1737
189|574|975|1738
189|575|975|1739
189|575|976|1740
189|576|976|1741
190|576|976|1742
190|577|976|1743
190|577|977|1744
190|578|977|1745
190|579|977|1746
190|580|977|1747
190|580|978|1748
190|581|978|1749
190|581|979|1750
190|582|979|1751
190|582|980|1752
191|582|980|1753
191|582|981|1754
191|583|981|1755
191|583|982|1756
191|584|982|1757
191|584|983|1758
191|585|983|1759
191|585|984|1760
191|586|984|1761
191|586|985|1762
191|587|985|1763
191|587|986|1764
191|588|986|1765
191|588|987|1766
191|589|987|1767
191|590|987|1768
191|591|987|1769
191|591|988|1770
191|592|988|1771
191|592|989|1772
191|593|989|1773
191|593|990|1774
191|593|991|1775
192|593|991|1776
192|594|991|1777
192|594|992|1778
192|595|992|1779
192|595|993|1780
192|596|993|1781
192|596|994|1782
192|597|994|1783
193|597|994|1784
193|598|994|1785
193|598|995|1786
193|598|996|1787
193|598|997|1788
193|599|997|1789
193|599|998|1790
193|600|998|1791
194|600|998|1792
194|601|998|1793
194|601|999|1794
194|602|999|1795
194|602|1000|1796
194|603|1000|1797
194|603|1001|1798
194|604|1001|1799
194|604|1002|1800
194|605|1002|1801
194|605|1003|1802
194|605|1004|1803
194|605|1005|1804
194|606|1005|1805
194|606|1006|1806
194|606|1007|1807
194|606|1008|1808
194|606|1009|1809
195|606|1009|1810
195|607|1009|1811
195|607|1010|1812
195|608|1010|1813
195|608|1011|1814
195|608|1012|1815
195|608|1013|1816
195|609|1013|1817
195|609|1014|1818
195|609|1015|1819
195|609|1016|1820
195|610|1016|1821
195|610|1017|1822
195|610|1018|1823
195|610|1019|1824
195|611|1019|1825
195|611|1020|1826
195|612|1020|1827
195|612|1021|1828
195|613|1021|1829
195|613|1022|1830
195|614|1022|1831
195|614|1023|1832
195|615|1023|1833
195|615|1024|1834
195|616|1024|1835
195|616|1025|1836
195|617|1025|1837
195|617|1026|1838
195|618|1026|1839
195|618|1027|1840
195|619|1027|1841
195|619|1028|1842
195|620|1028|1843
195|620|1029|1844
195|621|1029|1845
195|621|1030|1846
195|622|1030|1847
195|623|1030|1848
195|624|1030|1849
195|624|1031|1850
195|625|1031|1851
195|625|1032|1852
195|626|1032|1853
195|626|1033|1854
196|626|1033|1855
196|626|1034|1856
196|627|1034|1857
196|627|1035|1858
196|628|1035|1859
196|628|1036|1860
197|628|1036|1861
197|628|1037|1862
198|628|1037|1863
198|629|1037|1864
198|630|1037|1865
198|630|1038|1866
198|631|1038|1867
198|631|1039|1868
198|632|1039|1869
198|632|1040|1870
198|633|1040|1871
198|633|1041|1872
198|634|1041|1873
198|634|1042|1874
199|634|1042|1875
199|634|1043|1876
199|635|1043|1877
199|635|1044|1878
199|636|1044|1879
199|636|1045|1880
199|637|1045|1881
199|637|1046|1882
199|637|1047|1883
200|637|1047|1884
200|637|1048|1885
201|637|1048|1886
201|637|1049|1887
202|637|1049|1888
202|637|1050|1889
203|637|1050|1890
203|637|1051|1891
204|637|1051|1892
204|637|1052|1893
205|637|1052|1894
205|637|1053|1895
206|637|1053|1896
206|637|1054|1897
207|637|1054|1898
207|637|1055|1899
207|637|1056|1900
207|637|1057|1901
208|637|1057|1902
208|637|1058|1903
209|637|1058|1904
209|637|1059|1905
210|637|1059|1906
210|637|1060|1907
211|637|1060|1908
211|637|1061|1909
211|637|1062|1910
211|637|1063|1911
212|637|1063|1912
212|637|1064|1913
213|637|1064|1914
213|637|1065|1915
214|637|1065|1916
214|637|1066|1917
215|637|1066|1918
215|638|1066|1919
215|638|1067|1920
215|639|1067|1921
215|639|1068|1922
215|640|1068|1923
215|640|1069|1924
215|641|1069|1925
215|641|1070|1926
215|642|1070|1927
215|642|1071|1928
215|642|1072|1929
215|642|1073|1930
215|643|1073|1931
215|643|1074|1932
215|644|1074|1933
215|644|1075|1934
215|644|1076|1935
215|644|1077|1936
215|645|1077|1937
215|645|1078|1938
215|646|1078|1939
215|646|1079|1940
215|647|1079|1941
215|647|1080|1942
215|648|1080|1943
215|648|1081|1944
215|648|1082|1945
215|648|1083|1946
215|648|1084|1947
215|648|1085|1948
215|649|1085|1949
215|649|1086|1950
215|650|1086|1951
215|650|1087|1952
215|651|1087|1953
215|651|1088|1954
215|651|1089|1955
215|651|1090|1956
215|651|1091|1957
215|651|1092|1958
215|651|1093|1959
215|651|1094|1960
215|651|1095|1961
215|651|1096|1962
215|652|1096|1963
215|652|1097|1964
215|652|1098|1965
215|652|1099|1966
215|653|1099|1967
215|653|1100|1968
215|654|1100|1969
215|654|1101|1970
215|655|1101|1971
215|655|1102|1972
215|656|1102|1973
215|656|1103|1974
215|657|1103|1975
215|657|1104|1976
215|658|1104|1977
215|658|1105|1978
215|659|1105|1979
215|659|1106|1980
215|659|1107|1981
215|659|1108|1982
215|660|1108|1983
215|660|1109|1984
215|661|1109|1985
215|661|1110|1986
215|661|1111|1987
215|661|1112|1988
215|661|1113|1989
215|661|1114|1990
216|661|1114|1991
216|661|1115|1992
216|662|1115|1993
216|662|1116|1994
216|663|1116|1995
216|663|1117|1996
216|664|1117|1997
216|664|1118|1998
216|665|1118|1999
216|665|1119|2000
