total
0|0|1|1
0|1|1|2
0|2|1|3
0|2|2|4
0|3|2|5
0|3|3|6
0|3|4|7
0|3|5|8
0|4|5|9
0|4|6|10
0|4|7|11
0|4|8|12
0|4|9|13
0|5|9|14
0|5|10|15
0|6|10|16
0|6|11|17
0|7|11|18
0|7|12|19
0|8|12|20
0|8|13|21
0|8|14|22
0|8|15|23
0|9|15|24
0|9|16|25
0|10|16|26
0|10|17|27
0|11|17|28
0|11|18|29
0|12|18|30
0|12|19|31
0|13|19|32
0|13|20|33
0|14|20|34
0|14|21|35
0|15|21|36
0|15|22|37
0|16|22|38
0|16|23|39
0|16|24|40
0|16|25|41
0|17|25|42
0|17|26|43
0|18|26|44
0|18|27|45
0|19|27|46
0|19|28|47
0|20|28|48
0|20|29|49
0|21|29|50
0|21|30|51
0|22|30|52
0|22|31|53
0|23|31|54
0|23|32|55
0|24|32|56
0|25|32|57
0|26|32|58
0|26|33|59
0|27|33|60
0|27|34|61
0|28|34|62
0|28|35|63
0|29|35|64
0|29|36|65
0|30|36|66
0|30|37|67
0|31|37|68
0|31|38|69
0|32|38|70
0|32|39|71
0|33|39|72
0|33|40|73
0|34|40|74
0|35|40|75
0|36|40|76
0|36|41|77
0|37|41|78
0|37|42|79
0|38|42|80
0|38|43|81
0|39|43|82
0|39|44|83
0|39|45|84
0|39|46|85
0|40|46|86
0|40|47|87
0|41|47|88
0|41|48|89
0|42|48|90
0|42|49|91
0|43|49|92
0|43|50|93
0|43|51|94
0|43|52|95
0|44|52|96
0|44|53|97
0|44|54|98
0|45|54|99
0|46|54|100
0|46|55|101
0|46|56|102
0|46|57|103
0|46|58|104
0|46|59|105
0|47|59|106
0|47|60|107
0|48|60|108
0|48|61|109
0|49|61|110
0|50|61|111
0|50|62|112
0|50|63|113
0|50|64|114
0|50|65|115
0|50|66|116
0|50|67|117
0|50|68|118
0|50|69|119
0|51|69|120
0|51|70|121
0|52|70|122
0|52|71|123
0|53|71|124
0|53|72|125
0|54|72|126
0|54|73|127
0|55|73|128
0|55|74|129
0|56|74|130
0|56|75|131
0|57|75|132
0|57|76|133
0|58|76|134
0|58|77|135
0|59|77|136
0|59|78|137
0|60|78|138
0|60|79|139
0|61|79|140
0|61|80|141
0|62|80|142
0|62|81|143
0|63|81|144
0|63|82|145
0|64|82|146
0|64|83|147
0|65|83|148
0|65|84|149
0|66|84|150
0|66|85|151
0|67|85|152
0|67|86|153
0|68|86|154
0|68|87|155
0|68|88|156
0|68|89|157
0|69|89|158
0|69|90|159
0|70|90|160
0|70|91|161
0|71|91|162
0|72|91|163
0|73|91|164
0|73|92|165
0|73|93|166
0|73|94|167
0|74|94|168
0|74|95|169
0|75|95|170
0|75|96|171
0|76|96|172
0|76|97|173
0|76|98|174
0|76|99|175
0|77|99|176
0|77|100|177
0|78|100|178
0|78|101|179
0|79|101|180
0|79|102|181
0|80|102|182
0|80|103|183
0|80|104|184
0|81|105|186
0|82|105|187
0|83|105|188
0|84|105|189
0|84|106|190
0|84|107|191
0|84|108|192
0|85|108|193
0|85|109|194
0|85|110|195
0|85|111|196
0|85|112|197
0|85|113|198
0|85|114|199
0|85|115|200
0|85|116|201
0|85|117|202
0|86|117|203
0|86|118|204
0|87|118|205
0|87|119|206
0|88|119|207
0|88|120|208
0|89|120|209
0|89|121|210
0|89|122|211
0|89|123|212
0|89|124|213
0|89|125|214
0|90|125|215
0|90|126|216
0|91|126|217
0|91|127|218
0|91|128|219
0|91|129|220
0|92|129|221
0|92|130|222
0|93|130|223
0|93|131|224
0|93|132|225
0|93|133|226
0|94|133|227
0|95|133|228
0|96|133|229
0|97|133|230
0|97|134|231
0|98|134|232
0|99|134|233
0|100|134|234
0|100|135|235
0|101|135|236
0|101|136|237
0|102|136|238
0|103|136|239
0|104|136|240
0|105|136|241
0|106|136|242
0|107|136|243
0|108|136|244
0|109|136|245
0|110|136|246
0|111|136|247
0|112|136|248
0|113|136|249
0|114|136|250
0|114|137|251
0|115|137|252
0|115|138|253
0|116|138|254
0|117|138|255
0|118|138|256
0|119|138|257
0|120|138|258
0|121|138|259
0|122|138|260
0|123|138|261
0|124|138|262
0|125|138|263
0|125|139|264
0|126|139|265
0|126|140|266
0|127|140|267
0|127|141|268
0|128|141|269
0|128|142|270
0|128|143|271
0|128|144|272
0|129|144|273
0|129|145|274
0|130|145|275
0|130|146|276
0|131|146|277
0|131|147|278
0|131|148|279
0|131|149|280
0|131|150|281
0|131|151|282
0|132|151|283
0|132|152|284
0|133|152|285
0|133|153|286
0|134|153|287
0|134|154|288
0|135|154|289
0|135|155|290
0|136|155|291
0|136|156|292
0|137|156|293
0|137|157|294
0|138|157|295
0|138|158|296
0|139|158|297
0|139|159|298
0|140|159|299
0|140|160|300
0|141|160|301
0|141|161|302
0|142|161|303
0|142|162|304
0|143|162|305
0|143|163|306
0|144|163|307
0|144|164|308
0|144|165|309
0|144|166|310
0|145|166|311
0|145|167|312
0|145|168|313
0|145|169|314
0|146|169|315
0|147|169|316
0|147|170|317
0|147|171|318
0|147|172|319
0|147|173|320
0|148|173|321
0|148|174|322
0|149|174|323
0|149|175|324
0|150|175|325
0|150|176|326
0|151|176|327
0|151|177|328
0|152|177|329
0|153|177|330
0|154|177|331
0|154|178|332
0|154|179|333
0|154|180|334
0|155|180|335
0|155|181|336
0|155|182|337
0|155|183|338
0|156|183|339
0|156|184|340
0|156|185|341
0|156|186|342
0|156|187|343
0|156|188|344
0|157|188|345
0|157|189|346
0|157|190|347
0|157|191|348
0|157|192|349
0|157|193|350
0|157|194|351
0|157|195|352
0|157|196|353
0|157|197|354
0|157|198|355
0|157|199|356
0|157|200|357
0|157|201|358
0|157|202|359
0|157|203|360
0|157|204|361
0|157|205|362
0|158|205|363
0|159|205|364
0|159|206|365
0|159|207|366
0|159|208|367
0|159|209|368
0|160|209|369
0|160|210|370
0|161|210|371
0|161|211|372
0|162|211|373
0|162|212|374
0|163|212|375
0|163|213|376
0|164|213|377
0|164|214|378
0|165|214|379
0|165|215|380
0|166|215|381
0|166|216|382
0|167|216|383
0|167|217|384
0|168|217|385
0|168|218|386
0|169|218|387
0|170|218|388
0|171|218|389
0|171|219|390
0|172|219|391
0|172|220|392
0|173|220|393
0|173|221|394
0|174|221|395
0|174|222|396
0|175|222|397
0|175|223|398
0|176|223|399
0|176|224|400
0|177|224|401
0|178|224|402
0|179|224|403
0|179|225|404
0|180|225|405
0|180|226|406
0|180|227|407
0|180|228|408
0|181|228|409
0|181|229|410
0|182|229|411
0|182|230|412
0|183|230|413
0|183|231|414
0|183|232|415
0|183|233|416
0|184|233|417
0|184|234|418
0|184|235|419
0|184|236|420
0|185|236|421
0|185|237|422
0|185|238|423
0|185|239|424
0|186|239|425
0|186|240|426
0|187|240|427
0|187|241|428
0|187|242|429
0|187|243|430
0|188|243|431
0|188|244|432
0|189|244|433
0|189|245|434
0|190|245|435
0|190|246|436
0|191|246|437
0|191|247|438
0|192|247|439
0|192|248|440
0|193|248|441
0|193|249|442
0|194|249|443
0|194|250|444
0|195|250|445
0|195|251|446
0|196|251|447
0|196|252|448
0|197|252|449
0|197|253|450
0|198|253|451
0|198|254|452
0|199|254|453
0|200|254|454
0|201|254|455
0|201|255|456
0|202|255|457
0|202|256|458
0|203|256|459
0|203|257|460
0|204|257|461
0|204|258|462
0|205|258|463
0|205|259|464
0|206|259|465
0|206|260|466
0|207|260|467
0|207|261|468
0|208|261|469
0|208|262|470
0|209|262|471
0|209|263|472
0|210|263|473
0|210|264|474
0|211|264|475
0|211|265|476
0|212|265|477
0|212|266|478
0|213|266|479
0|214|266|480
0|215|266|481
0|216|266|482
0|217|266|483
0|217|267|484
0|218|267|485
0|219|267|486
0|220|267|487
0|220|268|488
0|221|268|489
0|221|269|490
0|222|269|491
0|222|270|492
0|223|270|493
0|223|271|494
0|224|271|495
0|224|272|496
0|225|272|497
0|225|273|498
0|226|273|499
0|226|274|500
0|227|274|501
0|227|275|502
0|228|275|503
0|228|276|504
0|229|276|505
0|229|277|506
1|229|277|507
1|229|278|508
1|230|278|509
1|230|279|510
1|231|279|511
1|231|280|512
1|232|280|513
1|232|281|514
1|232|282|515
1|232|283|516
1|232|284|517
1|232|285|518
1|232|286|519
1|233|286|520
1|233|287|521
1|233|288|522
1|233|289|523
1|234|289|524
1|234|290|525
1|235|290|526
1|235|291|527
1|236|291|528
1|236|292|529
1|237|292|530
1|237|293|531
1|238|293|532
1|238|294|533
1|238|295|534
1|238|296|535
1|239|296|536
1|239|297|537
1|239|298|538
1|239|299|539
1|240|299|540
1|240|300|541
1|241|300|542
1|241|301|543
1|242|301|544
1|242|302|545
1|242|303|546
1|242|304|547
1|243|304|548
1|243|305|549
1|243|306|550
1|244|306|551
1|245|306|552
1|246|306|553
1|246|307|554
1|247|307|555
1|247|308|556
1|248|308|557
1|249|308|558
1|250|308|559
1|250|309|560
1|251|309|561
1|251|310|562
1|252|310|563
1|253|310|564
1|254|310|565
1|255|310|566
1|256|310|567
1|257|310|568
1|258|310|569
1|259|310|570
1|260|310|571
1|260|311|572
1|261|311|573
1|261|312|574
1|262|312|575
1|262|313|576
1|263|313|577
1|263|314|578
1|264|314|579
1|264|315|580
1|265|315|581
1|266|315|582
1|267|315|583
1|268|315|584
1|269|315|585
1|270|315|586
1|270|316|587
1|270|317|588
1|271|317|589
1|271|318|590
1|272|318|591
1|272|319|592
1|273|319|593
1|273|320|594
1|274|320|595
1|274|321|596
1|274|322|597
1|274|323|598
1|275|323|599
1|275|324|600
1|276|324|601
1|276|325|602
1|276|326|603
1|276|327|604
1|277|327|605
1|277|328|606
1|278|328|607
1|278|329|608
1|278|330|609
1|278|331|610
1|279|331|611
1|279|332|612
1|280|332|613
1|280|333|614
1|281|333|615
1|281|334|616
1|282|334|617
1|282|335|618
1|283|335|619
1|283|336|620
1|284|336|621
1|284|337|622
1|285|337|623
1|286|337|624
1|287|337|625
1|287|338|626
1|288|338|627
1|288|339|628
1|289|339|629
1|290|339|630
1|291|339|631
1|291|340|632
1|292|340|633
1|292|341|634
1|293|341|635
1|293|342|636
1|294|342|637
1|294|343|638
1|295|343|639
1|296|343|640
1|297|343|641
1|297|344|642
1|298|344|643
1|298|345|644
1|299|345|645
1|299|346|646
1|300|346|647
1|301|346|648
1|302|346|649
1|302|347|650
1|303|347|651
1|303|348|652
1|304|348|653
1|304|349|654
1|305|349|655
1|305|350|656
1|306|350|657
1|307|350|658
1|307|351|659
1|307|352|660
1|307|353|661
1|307|354|662
1|307|355|663
1|307|356|664
1|307|357|665
1|307|358|666
1|307|359|667
1|307|360|668
1|307|361|669
1|307|362|670
1|307|363|671
1|307|364|672
1|307|365|673
1|307|366|674
1|307|367|675
1|307|368|676
1|307|369|677
1|307|370|678
1|307|371|679
1|307|372|680
1|307|373|681
1|307|374|682
1|307|375|683
1|307|376|684
1|307|377|685
1|308|377|686
1|308|378|687
1|309|378|688
1|309|379|689
1|309|380|690
1|309|381|691
1|309|382|692
1|309|383|693
1|310|383|694
1|311|383|695
1|311|384|696
1|312|384|697
1|312|385|698
1|313|385|699
1|313|386|700
1|314|386|701
1|314|387|702
1|315|387|703
1|315|388|704
1|316|388|705
1|316|389|706
1|317|389|707
1|317|390|708
1|318|390|709
1|318|391|710
1|319|391|711
1|319|392|712
1|320|392|713
1|320|393|714
1|321|393|715
1|321|394|716
1|322|394|717
1|322|395|718
1|323|395|719
1|323|396|720
1|324|396|721
1|324|397|722
1|325|397|723
1|325|398|724
1|326|398|725
1|326|399|726
1|327|399|727
1|327|400|728
1|328|400|729
1|328|401|730
1|329|401|731
1|330|401|732
1|331|401|733
1|331|402|734
1|332|402|735
1|332|403|736
1|333|403|737
1|333|404|738
1|334|404|739
1|334|405|740
1|335|405|741
1|335|406|742
1|336|406|743
1|336|407|744
1|337|407|745
1|337|408|746
1|338|408|747
1|338|409|748
1|339|409|749
1|340|409|750
1|341|409|751
1|341|410|752
1|342|410|753
1|342|411|754
1|343|411|755
1|343|412|756
1|344|412|757
1|344|413|758
1|345|413|759
1|345|414|760
1|346|414|761
1|346|415|762
1|347|415|763
1|347|416|764
1|348|416|765
1|348|417|766
1|348|418|767
1|348|419|768
1|348|420|769
1|348|421|770
1|349|421|771
1|349|422|772
1|349|423|773
1|349|424|774
1|350|424|775
1|350|425|776
1|350|426|777
1|350|427|778
1|350|428|779
1|350|429|780
1|350|430|781
1|350|431|782
1|351|431|783
1|351|432|784
1|351|433|785
1|351|434|786
1|352|434|787
1|352|435|788
1|352|436|789
1|352|437|790
1|353|437|791
1|353|438|792
1|353|439|793
1|353|440|794
1|353|441|795
1|354|441|796
1|354|442|797
1|354|443|798
1|354|444|799
1|354|445|800
1|354|446|801
1|354|447|802
1|355|447|803
1|355|448|804
1|356|448|805
1|356|449|806
1|357|449|807
1|357|450|808
1|358|450|809
1|358|451|810
1|359|451|811
1|359|452|812
1|360|452|813
1|360|453|814
1|361|453|815
1|361|454|816
1|362|454|817
1|362|455|818
1|363|455|819
1|363|456|820
1|364|456|821
1|364|457|822
1|365|457|823
1|365|458|824
1|366|458|825
1|366|459|826
1|367|459|827
1|367|460|828
1|368|460|829
1|368|461|830
1|369|461|831
1|369|462|832
1|370|462|833
1|370|463|834
1|371|463|835
1|371|464|836
1|372|464|837
1|372|465|838
1|372|466|839
1|372|467|840
1|373|467|841
1|373|468|842
1|374|468|843
1|374|469|844
1|375|469|845
1|375|470|846
1|376|470|847
1|376|471|848
1|376|472|849
1|376|473|850
1|377|473|851
1|377|474|852
1|378|474|853
1|378|475|854
1|379|475|855
1|379|476|856
1|379|477|857
1|379|478|858
1|380|478|859
1|380|479|860
1|381|479|861
1|381|480|862
1|381|481|863
1|381|482|864
1|382|482|865
1|382|483|866
1|383|483|867
1|383|484|868
1|384|484|869
1|384|485|870
1|385|485|871
1|385|486|872
1|385|487|873
1|385|488|874
1|385|489|875
1|385|490|876
1|386|490|877
1|386|491|878
1|386|492|879
1|386|493|880
1|387|493|881
1|387|494|882
1|387|495|883
1|387|496|884
1|388|496|885
1|388|497|886
1|389|497|887
1|389|498|888
1|389|499|889
1|389|500|890
1|389|501|891
1|389|502|892
1|390|502|893
1|390|503|894
1|390|504|895
1|390|505|896
1|390|506|897
1|390|507|898
1|391|507|899
1|391|508|900
1|392|508|901
1|392|509|902
1|392|510|903
1|392|511|904
1|393|511|905
1|393|512|906
1|394|512|907
1|394|513|908
1|394|514|909
1|394|515|910
1|395|515|911
1|396|515|912
1|397|515|913
1|398|515|914
1|398|516|915
1|399|516|916
1|400|516|917
1|401|516|918
1|402|516|919
1|403|516|920
1|403|517|921
1|404|517|922
1|404|518|923
1|405|518|924
1|406|518|925
1|407|518|926
1|408|518|927
1|409|518|928
1|410|518|929
1|411|518|930
1|411|519|931
1|412|519|932
1|413|519|933
1|414|519|934
1|414|520|935
1|415|520|936
1|415|521|937
1|416|521|938
1|417|521|939
1|418|521|940
1|419|521|941
1|420|521|942
1|420|522|943
1|421|522|944
1|421|523|945
1|422|523|946
1|422|524|947
1|422|525|948
1|423|525|949
1|423|526|950
1|423|527|951
1|423|528|952
1|423|529|953
1|423|530|954
1|423|531|955
1|423|532|956
1|423|533|957
1|423|534|958
1|424|534|959
1|424|535|960
1|425|535|961
1|425|536|962
1|425|537|963
1|425|538|964
1|425|539|965
1|425|540|966
1|426|540|967
1|426|541|968
1|427|541|969
1|427|542|970
1|428|542|971
1|428|543|972
1|429|543|973
1|429|544|974
1|430|544|975
1|430|545|976
1|431|545|977
1|431|546|978
1|432|546|979
1|432|547|980
1|433|547|981
1|433|548|982
1|433|549|983
1|433|550|984
1|434|550|985
1|434|551|986
1|435|551|987
1|435|552|988
1|436|552|989
1|436|553|990
1|437|553|991
1|438|553|992
1|438|554|993
1|438|555|994
1|439|555|995
1|440|555|996
1|440|556|997
1|440|557|998
1|441|557|999
1|441|558|1000
1|442|558|1001
1|442|559|1002
1|443|559|1003
1|443|560|1004
1|443|561|1005
1|443|562|1006
1|444|562|1007
1|444|563|1008
1|445|563|1009
1|445|564|1010
1|446|564|1011
1|446|565|1012
1|446|566|1013
1|447|566|1014
1|448|566|1015
1|448|567|1016
1|448|568|1017
1|448|569|1018
1|449|569|1019
1|449|570|1020
1|450|570|1021
1|450|571|1022
1|450|572|1023
1|450|573|1024
1|450|574|1025
1|451|574|1026
1|451|575|1027
1|452|575|1028
1|452|576|1029
1|452|577|1030
1|452|578|1031
1|452|579|1032
1|452|580|1033
1|452|581|1034
1|452|582|1035
1|452|583|1036
1|452|584|1037
1|452|585|1038
1|452|586|1039
1|452|587|1040
1|453|587|1041
1|454|587|1042
1|454|588|1043
1|454|589|1044
1|454|590|1045
1|455|590|1046
1|456|590|1047
1|456|591|1048
1|456|592|1049
1|457|592|1050
1|457|593|1051
1|457|594|1052
1|457|595|1053
1|457|596|1054
1|458|596|1055
1|458|597|1056
1|459|597|1057
1|460|597|1058
1|461|597|1059
1|461|598|1060
1|462|598|1061
1|463|598|1062
2|463|598|1063
2|463|599|1064
2|464|599|1065
2|465|599|1066
2|466|599|1067
2|466|600|1068
2|467|600|1069
2|467|601|1070
2|468|601|1071
2|469|601|1072
2|470|601|1073
2|470|602|1074
2|471|602|1075
2|471|603|1076
3|471|603|1077
3|471|604|1078
3|472|604|1079
3|472|605|1080
3|473|605|1081
3|474|605|1082
4|474|605|1083
4|474|606|1084
4|475|606|1085
4|476|606|1086
4|477|606|1087
4|478|606|1088
4|479|606|1089
4|479|607|1090
4|479|608|1091
4|479|609|1092
4|480|609|1093
4|480|610|1094
4|481|610|1095
4|481|611|1096
4|482|611|1097
4|482|612|1098
4|482|613|1099
4|482|614|1100
4|483|614|1101
4|483|615|1102
4|484|615|1103
4|484|616|1104
4|485|616|1105
4|485|617|1106
4|485|618|1107
4|485|619|1108
4|486|619|1109
4|486|620|1110
4|487|620|1111
4|487|621|1112
4|488|621|1113
4|488|622|1114
4|489|622|1115
4|489|623|1116
4|490|623|1117
4|490|624|1118
4|490|625|1119
4|490|626|1120
4|491|626|1121
4|491|627|1122
4|491|628|1123
4|491|629|1124
4|491|630|1125
4|491|631|1126
4|492|631|1127
4|492|632|1128
4|493|632|1129
4|493|633|1130
4|494|633|1131
4|494|634|1132
4|495|634|1133
4|496|634|1134
4|497|634|1135
4|497|635|1136
4|498|635|1137
4|498|636|1138
4|499|636|1139
4|499|637|1140
4|500|637|1141
4|500|638|1142
4|501|638|1143
4|501|639|1144
4|502|639|1145
4|502|640|1146
4|503|640|1147
4|503|641|1148
4|504|641|1149
4|504|642|1150
4|505|642|1151
4|505|643|1152
4|506|643|1153
4|506|644|1154
4|507|644|1155
4|507|645|1156
4|508|645|1157
4|508|646|1158
4|509|646|1159
4|509|647|1160
4|510|647|1161
4|510|648|1162
4|511|648|1163
4|512|648|1164
4|513|648|1165
4|514|648|1166
4|515|648|1167
4|516|648|1168
4|517|648|1169
4|518|648|1170
5|518|648|1171
5|519|648|1172
5|520|648|1173
5|521|648|1174
5|522|648|1175
5|522|649|1176
5|523|649|1177
5|524|649|1178
5|525|649|1179
5|526|649|1180
5|527|649|1181
5|528|649|1182
5|529|649|1183
5|529|650|1184
5|530|650|1185
5|531|650|1186
5|532|650|1187
5|532|651|1188
5|533|651|1189
5|533|652|1190
6|533|652|1191
6|533|653|1192
6|534|653|1193
6|534|654|1194
6|535|654|1195
6|535|655|1196
6|536|655|1197
6|537|655|1198
6|537|656|1199
6|537|657|1200
6|537|658|1201
6|538|658|1202
6|538|659|1203
6|538|660|1204
6|538|661|1205
6|538|662|1206
6|538|663|1207
6|538|664|1208
6|538|665|1209
6|538|666|1210
6|538|667|1211
6|538|668|1212
6|538|669|1213
6|539|669|1214
6|539|670|1215
6|540|670|1216
6|540|671|1217
6|541|671|1218
6|541|672|1219
6|541|673|1220
6|541|674|1221
6|541|675|1222
6|541|676|1223
6|541|677|1224
6|541|678|1225
6|541|679|1226
6|541|680|1227
6|542|680|1228
6|542|681|1229
6|543|681|1230
6|543|682|1231
6|543|683|1232
6|543|684|1233
6|544|684|1234
6|545|684|1235
6|546|684|1236
6|547|684|1237
6|547|685|1238
6|548|685|1239
6|549|685|1240
6|550|685|1241
6|550|686|1242
6|551|686|1243
6|551|687|1244
6|552|687|1245
6|552|688|1246
6|553|688|1247
6|554|688|1248
6|555|688|1249
6|555|689|1250
6|556|689|1251
6|556|690|1252
6|557|690|1253
6|558|690|1254
6|559|690|1255
6|559|691|1256
6|560|691|1257
6|560|692|1258
6|561|692|1259
6|562|692|1260
6|563|692|1261
6|564|692|1262
6|565|692|1263
6|565|693|1264
6|566|693|1265
6|567|693|1266
6|568|693|1267
6|568|694|1268
6|569|694|1269
6|570|694|1270
6|570|695|1271
6|570|696|1272
6|571|696|1273
6|571|697|1274
6|572|697|1275
6|572|698|1276
6|573|698|1277
6|573|699|1278
6|574|699|1279
6|574|700|1280
6|575|700|1281
6|575|701|1282
6|576|701|1283
6|576|702|1284
6|577|702|1285
6|577|703|1286
6|578|703|1287
6|578|704|1288
6|579|704|1289
6|579|705|1290
6|580|705|1291
6|580|706|1292
6|581|706|1293
6|581|707|1294
6|582|707|1295
6|582|708|1296
6|583|708|1297
6|583|709|1298
6|584|709|1299
6|584|710|1300
6|584|711|1301
6|584|712|1302
6|585|712|1303
6|585|713|1304
6|585|714|1305
6|585|715|1306
6|586|715|1307
6|586|716|1308
7|586|716|1309
7|586|717|1310
7|587|717|1311
7|587|718|1312
7|588|718|1313
7|588|719|1314
7|589|719|1315
7|589|720|1316
7|590|720|1317
7|590|721|1318
7|591|721|1319
7|591|722|1320
7|592|722|1321
7|592|723|1322
7|593|723|1323
7|594|723|1324
7|595|723|1325
7|595|724|1326
7|596|724|1327
7|596|725|1328
7|597|725|1329
7|598|725|1330
7|599|725|1331
7|599|726|1332
7|600|726|1333
7|600|727|1334
8|600|727|1335
8|600|728|1336
8|601|728|1337
8|601|729|1338
8|602|729|1339
8|602|730|1340
8|603|730|1341
8|604|730|1342
8|604|731|1343
8|604|732|1344
8|604|733|1345
8|605|733|1346
8|605|734|1347
8|606|734|1348
8|606|735|1349
8|607|735|1350
8|607|736|1351
8|607|737|1352
8|607|738|1353
8|608|738|1354
8|608|739|1355
8|609|739|1356
8|609|740|1357
8|609|741|1358
8|609|742|1359
8|610|742|1360
8|610|743|1361
8|611|743|1362
8|611|744|1363
8|611|745|1364
8|611|746|1365
8|612|746|1366
8|612|747|1367
8|612|748|1368
8|612|749|1369
8|613|749|1370
8|613|750|1371
8|614|750|1372
8|614|751|1373
8|614|752|1374
8|614|753|1375
8|614|754|1376
8|614|755|1377
8|614|756|1378
8|615|756|1379
8|615|757|1380
8|616|757|1381
8|616|758|1382
8|617|758|1383
8|617|759|1384
8|618|759|1385
8|618|760|1386
8|619|760|1387
8|619|761|1388
8|620|761|1389
8|620|762|1390
8|621|762|1391
8|621|763|1392
8|622|763|1393
8|622|764|1394
8|623|764|1395
8|623|765|1396
8|624|765|1397
8|624|766|1398
8|625|766|1399
8|625|767|1400
8|626|767|1401
8|626|768|1402
8|627|768|1403
8|627|769|1404
8|628|769|1405
8|628|770|1406
8|629|770|1407
8|629|771|1408
8|630|771|1409
8|630|772|1410
8|631|772|1411
8|631|773|1412
8|632|773|1413
8|632|774|1414
8|632|775|1415
8|632|776|1416
8|633|776|1417
8|633|777|1418
8|634|777|1419
8|634|778|1420
8|635|778|1421
8|635|779|1422
8|636|779|1423
8|636|780|1424
8|637|780|1425
8|637|781|1426
8|638|781|1427
8|638|782|1428
8|639|782|1429
8|639|783|1430
8|640|783|1431
8|640|784|1432
8|641|784|1433
8|641|785|1434
8|642|785|1435
8|642|786|1436
8|642|787|1437
8|642|788|1438
8|643|788|1439
8|643|789|1440
8|644|789|1441
8|644|790|1442
8|645|790|1443
8|645|791|1444
8|646|791|1445
8|646|792|1446
8|646|793|1447
8|646|794|1448
8|646|795|1449
8|646|796|1450
8|646|797|1451
8|647|797|1452
8|647|798|1453
8|647|799|1454
8|647|800|1455
8|647|801|1456
8|647|802|1457
8|647|803|1458
8|648|803|1459
8|648|804|1460
8|648|805|1461
8|648|806|1462
8|649|806|1463
8|650|806|1464
8|651|806|1465
8|651|807|1466
8|652|807|1467
8|653|807|1468
8|653|808|1469
8|654|808|1470
8|655|808|1471
8|655|809|1472
8|656|809|1473
8|656|810|1474
8|657|810|1475
8|657|811|1476
8|657|812|1477
8|657|813|1478
8|658|813|1479
8|658|814|1480
8|658|815|1481
8|658|816|1482
8|658|817|1483
8|658|818|1484
8|659|818|1485
8|659|819|1486
8|660|819|1487
8|660|820|1488
8|661|820|1489
8|661|821|1490
8|662|821|1491
8|662|822|1492
8|663|822|1493
8|663|823|1494
8|664|823|1495
8|664|824|1496
8|665|824|1497
8|665|825|1498
8|666|825|1499
8|666|826|1500
8|667|826|1501
8|667|827|1502
8|668|827|1503
8|668|828|1504
8|669|828|1505
8|669|829|1506
8|670|829|1507
8|670|830|1508
8|671|830|1509
8|671|831|1510
8|672|831|1511
8|672|832|1512
8|673|832|1513
8|673|833|1514
8|674|833|1515
8|674|834|1516
8|675|834|1517
8|675|835|1518
8|676|835|1519
8|676|836|1520
8|677|836|1521
8|677|837|1522
8|677|838|1523
8|677|839|1524
8|678|839|1525
8|678|840|1526
8|679|840|1527
8|679|841|1528
8|680|841|1529
8|680|842|1530
8|681|842|1531
8|681|843|1532
8|681|844|1533
8|681|845|1534
8|682|845|1535
8|682|846|1536
8|683|846|1537
8|683|847|1538
8|684|847|1539
8|684|848|1540
8|684|849|1541
8|685|849|1542
8|686|849|1543
8|686|850|1544
8|687|850|1545
8|687|851|1546
8|687|852|1547
8|687|853|1548
8|688|853|1549
8|688|854|1550
8|688|855|1551
8|688|856|1552
8|689|856|1553
8|689|857|1554
8|690|857|1555
8|690|858|1556
8|691|858|1557
8|691|859|1558
8|691|860|1559
8|691|861|1560
8|692|861|1561
8|692|862|1562
8|692|863|1563
8|693|863|1564
8|693|864|1565
8|693|865|1566
8|693|866|1567
8|693|867|1568
8|694|867|1569
8|694|868|1570
8|694|869|1571
8|694|870|1572
8|694|871|1573
8|694|872|1574
8|695|872|1575
8|695|873|1576
8|695|874|1577
8|695|875|1578
8|695|876|1579
8|695|877|1580
8|696|877|1581
8|696|878|1582
8|697|878|1583
8|697|879|1584
8|697|880|1585
8|697|881|1586
8|697|882|1587
8|697|883|1588
8|697|884|1589
8|697|885|1590
8|697|886|1591
8|697|887|1592
8|697|888|1593
8|697|889|1594
8|698|889|1595
8|699|889|1596
8|700|889|1597
8|701|889|1598
8|702|889|1599
8|703|889|1600
8|703|890|1601
8|704|890|1602
8|705|890|1603
8|705|891|1604
8|706|891|1605
8|707|891|1606
8|707|892|1607
8|708|892|1608
8|709|892|1609
8|710|892|1610
8|711|892|1611
8|712|892|1612
8|713|892|1613
8|714|892|1614
8|715|892|1615
8|716|892|1616
8|717|892|1617
8|718|892|1618
8|719|892|1619
8|720|892|1620
8|721|892|1621
8|722|892|1622
8|722|893|1623
8|723|893|1624
8|723|894|1625
8|724|894|1626
8|725|894|1627
8|726|894|1628
8|726|895|1629
8|727|895|1630
8|728|895|1631
8|728|896|1632
8|729|896|1633
8|729|897|1634
8|730|897|1635
8|730|898|1636
8|731|898|1637
8|731|899|1638
8|732|899|1639
8|732|900|1640
8|733|900|1641
8|733|901|1642
8|734|901|1643
8|734|902|1644
8|735|902|1645
8|735|903|1646
8|736|903|1647
8|736|904|1648
8|736|905|1649
8|736|906|1650
8|737|906|1651
8|737|907|1652
8|738|907|1653
8|738|908|1654
8|738|909|1655
8|738|910|1656
8|739|910|1657
8|739|911|1658
8|740|911|1659
8|740|912|1660
8|741|912|1661
8|741|913|1662
8|742|913|1663
8|742|914|1664
8|743|914|1665
8|743|915|1666
8|743|916|1667
8|743|917|1668
8|744|917|1669
8|744|918|1670
8|744|919|1671
8|744|920|1672
8|745|920|1673
8|745|921|1674
8|746|921|1675
8|747|921|1676
8|747|922|1677
8|748|922|1678
8|748|923|1679
8|749|923|1680
8|749|924|1681
8|749|925|1682
8|750|925|1683
8|751|925|1684
8|751|926|1685
8|751|927|1686
8|752|927|1687
8|752|928|1688
8|752|929|1689
8|752|930|1690
8|752|931|1691
8|752|932|1692
8|753|932|1693
8|753|933|1694
8|754|933|1695
8|754|934|1696
8|754|935|1697
8|754|936|1698
8|754|937|1699
8|755|937|1700
8|755|938|1701
8|755|939|1702
8|755|940|1703
8|755|941|1704
8|756|941|1705
8|756|942|1706
8|756|943|1707
8|757|943|1708
8|758|943|1709
8|758|944|1710
8|758|945|1711
8|758|946|1712
8|758|947|1713
8|758|948|1714
8|759|948|1715
8|759|949|1716
8|759|950|1717
8|759|951|1718
8|759|952|1719
8|759|953|1720
8|759|954|1721
8|759|955|1722
8|759|956|1723
8|759|957|1724
8|759|958|1725
8|759|959|1726
8|759|960|1727
8|759|961|1728
8|759|962|1729
8|760|962|1730
8|760|963|1731
8|760|964|1732
8|760|965|1733
8|760|966|1734
8|760|967|1735
8|760|968|1736
8|760|969|1737
8|760|970|1738
8|761|970|1739
8|761|971|1740
8|762|971|1741
8|762|972|1742
8|763|972|1743
8|763|973|1744
8|764|973|1745
8|764|974|1746
8|765|974|1747
8|766|974|1748
8|767|974|1749
8|767|975|1750
8|768|975|1751
8|768|976|1752
8|769|976|1753
8|769|977|1754
8|770|977|1755
8|770|978|1756
8|771|978|1757
8|771|979|1758
8|772|979|1759
8|772|980|1760
8|773|980|1761
8|773|981|1762
8|774|981|1763
8|774|982|1764
8|775|982|1765
8|776|982|1766
9|776|982|1767
9|777|982|1768
9|778|982|1769
9|779|982|1770
9|780|982|1771
9|780|983|1772
9|781|983|1773
9|781|984|1774
9|781|985|1775
9|781|986|1776
9|782|986|1777
9|783|986|1778
9|784|986|1779
9|784|987|1780
9|785|987|1781
9|785|988|1782
9|786|988|1783
9|786|989|1784
9|787|989|1785
9|787|990|1786
9|787|991|1787
9|787|992|1788
9|788|992|1789
9|788|993|1790
9|788|994|1791
9|788|995|1792
9|789|995|1793
9|789|996|1794
9|789|997|1795
9|789|998|1796
9|790|998|1797
9|790|999|1798
9|791|999|1799
9|791|1000|1800
9|791|1001|1801
9|791|1002|1802
9|792|1002|1803
9|792|1003|1804
9|793|1003|1805
9|794|1003|1806
9|794|1004|1807
9|794|1005|1808
9|794|1006|1809
9|794|1007|1810
9|795|1007|1811
9|795|1008|1812
9|796|1008|1813
9|796|1009|1814
9|797|1009|1815
9|797|1010|1816
9|798|1010|1817
9|798|1011|1818
9|799|1011|1819
9|799|1012|1820
9|800|1012|1821
9|800|1013|1822
9|801|1013|1823
9|801|1014|1824
9|802|1014|1825
9|802|1015|1826
9|803|1015|1827
9|803|1016|1828
9|804|1016|1829
9|804|1017|1830
9|805|1017|1831
9|805|1018|1832
9|806|1018|1833
9|806|1019|1834
9|807|1019|1835
9|807|1020|1836
9|808|1020|1837
9|808|1021|1838
9|809|1021|1839
9|809|1022|1840
9|810|1022|1841
9|810|1023|1842
9|811|1023|1843
9|811|1024|1844
9|812|1024|1845
9|812|1025|1846
10|812|1025|1847
10|813|1025|1848
11|813|1025|1849
11|814|1025|1850
11|815|1025|1851
11|815|1026|1852
11|816|1026|1853
11|817|1026|1854
11|818|1026|1855
11|819|1026|1856
11|820|1026|1857
11|820|1027|1858
11|821|1027|1859
11|821|1028|1860
12|821|1028|1861
12|821|1029|1862
12|822|1029|1863
12|822|1030|1864
12|823|1030|1865
12|823|1031|1866
12|824|1031|1867
12|824|1032|1868
12|825|1032|1869
12|825|1033|1870
12|826|1033|1871
12|827|1033|1872
12|828|1033|1873
12|828|1034|1874
12|829|1034|1875
12|829|1035|1876
12|830|1035|1877
12|831|1035|1878
12|832|1035|1879
12|833|1035|1880
12|834|1035|1881
12|835|1035|1882
12|835|1036|1883
12|836|1036|1884
12|836|1037|1885
12|836|1038|1886
12|836|1039|1887
12|837|1039|1888
12|837|1040|1889
12|837|1041|1890
12|837|1042|1891
12|838|1042|1892
12|838|1043|1893
12|838|1044|1894
12|838|1045|1895
12|839|1045|1896
12|839|1046|1897
12|840|1046|1898
12|840|1047|1899
12|840|1048|1900
12|840|1049|1901
12|840|1050|1902
12|840|1051|1903
12|840|1052|1904
12|840|1053|1905
12|841|1053|1906
12|841|1054|1907
12|841|1055|1908
12|841|1056|1909
12|842|1056|1910
12|842|1057|1911
12|843|1057|1912
12|843|1058|1913
12|843|1059|1914
12|843|1060|1915
12|843|1061|1916
12|843|1062|1917
12|844|1062|1918
12|845|1062|1919
12|846|1062|1920
12|847|1062|1921
12|847|1063|1922
12|848|1063|1923
12|849|1063|1924
12|850|1063|1925
12|850|1064|1926
12|851|1064|1927
12|852|1064|1928
12|853|1064|1929
12|853|1065|1930
12|854|1065|1931
12|854|1066|1932
12|855|1066|1933
12|856|1066|1934
12|857|1066|1935
12|857|1067|1936
12|858|1067|1937
12|858|1068|1938
12|859|1068|1939
12|860|1068|1940
12|861|1068|1941
12|861|1069|1942
12|862|1069|1943
12|862|1070|1944
12|863|1070|1945
12|863|1071|1946
12|864|1071|1947
12|865|1071|1948
12|866|1071|1949
12|867|1071|1950
12|868|1071|1951
12|868|1072|1952
12|869|1072|1953
12|870|1072|1954
12|871|1072|1955
12|871|1073|1956
12|872|1073|1957
12|872|1074|1958
12|872|1075|1959
12|872|1076|1960
12|873|1076|1961
12|873|1077|1962
12|874|1077|1963
12|874|1078|1964
12|875|1078|1965
12|875|1079|1966
12|876|1079|1967
12|876|1080|1968
12|877|1080|1969
12|877|1081|1970
12|878|1081|1971
12|878|1082|1972
12|879|1082|1973
12|879|1083|1974
12|880|1083|1975
12|880|1084|1976
12|881|1084|1977
12|881|1085|1978
12|882|1085|1979
12|882|1086|1980
12|882|1087|1981
12|882|1088|1982
12|883|1088|1983
12|883|1089|1984
12|883|1090|1985
12|883|1091|1986
12|883|1092|1987
12|883|1093|1988
12|883|1094|1989
12|883|1095|1990
12|884|1095|1991
12|885|1095|1992
12|886|1095|1993
12|886|1096|1994
12|887|1096|1995
12|887|1097|1996
12|888|1097|1997
12|888|1098|1998
13|888|1098|1999
13|888|1099|2000
