total
0|0|1|1
0|1|1|2
0|1|2|3
0|2|2|4
0|2|3|5
0|3|3|6
0|3|4|7
0|4|4|8
0|4|5|9
0|5|5|10
0|5|6|11
0|6|6|12
0|6|7|13
0|7|7|14
0|7|8|15
0|8|8|16
0|8|9|17
0|9|9|18
0|9|10|19
0|10|10|20
0|10|11|21
0|11|11|22
0|11|12|23
0|12|12|24
0|12|13|25
0|13|13|26
0|13|14|27
0|14|14|28
0|14|15|29
0|15|15|30
0|15|16|31
0|16|16|32
0|16|17|33
0|17|17|34
0|17|18|35
0|18|18|36
0|18|19|37
0|19|19|38
0|19|20|39
0|20|20|40
0|20|21|41
0|21|21|42
0|21|22|43
0|22|22|44
0|22|23|45
0|23|23|46
0|23|24|47
0|24|24|48
0|24|25|49
0|25|25|50
0|25|26|51
0|26|26|52
0|26|27|53
0|27|27|54
0|27|28|55
0|28|28|56
0|28|29|57
0|29|29|58
0|29|30|59
0|30|30|60
0|30|31|61
0|31|31|62
0|31|32|63
0|32|32|64
0|32|33|65
0|33|33|66
0|33|34|67
0|34|34|68
0|34|35|69
0|35|35|70
0|35|36|71
0|36|36|72
0|36|37|73
0|37|37|74
0|37|38|75
0|38|38|76
0|39|38|77
0|40|38|78
0|40|39|79
0|41|39|80
0|41|40|81
0|42|40|82
0|42|41|83
0|43|41|84
0|43|42|85
0|44|42|86
0|44|43|87
0|45|43|88
0|45|44|89
0|46|44|90
0|46|45|91
0|47|45|92
0|47|46|93
0|48|46|94
0|48|47|95
0|49|47|96
0|49|48|97
0|50|48|98
0|50|49|99
0|51|49|100
0|51|50|101
0|52|50|102
0|52|51|103
0|53|51|104
0|53|52|105
0|54|52|106
0|54|53|107
0|55|53|108
0|55|54|109
0|56|54|110
0|56|55|111
0|57|55|112
0|57|56|113
0|58|56|114
0|58|57|115
0|59|57|116
0|59|58|117
0|60|58|118
0|60|59|119
0|61|59|120
0|61|60|121
0|62|60|122
0|62|61|123
0|63|61|124
0|63|62|125
0|64|62|126
0|64|63|127
0|65|63|128
0|65|64|129
0|66|64|130
0|66|65|131
0|67|65|132
0|67|66|133
0|68|66|134
0|68|67|135
0|69|67|136
0|69|68|137
0|70|68|138
0|70|69|139
0|71|69|140
0|71|70|141
0|72|70|142
0|72|71|143
0|73|71|144
0|73|72|145
0|74|72|146
0|74|73|147
0|75|73|148
0|75|74|149
0|76|74|150
0|76|75|151
0|77|75|152
0|77|76|153
0|78|76|154
0|78|77|155
0|79|77|156
0|79|78|157
0|80|78|158
0|80|79|159
0|81|79|160
0|81|80|161
0|82|80|162
0|82|81|163
0|83|81|164
0|83|82|165
0|84|82|166
0|84|83|167
0|85|83|168
0|85|84|169
0|86|84|170
0|86|85|171
0|87|85|172
0|87|86|173
0|88|86|174
0|88|87|175
0|89|87|176
0|89|88|177
0|90|88|178
0|90|89|179
0|91|89|180
0|91|90|181
0|92|90|182
0|92|91|183
0|93|91|184
0|93|92|185
0|94|92|186
0|94|93|187
0|95|93|188
0|95|94|189
0|96|94|190
0|96|95|191
0|97|95|192
0|97|96|193
0|98|96|194
0|98|97|195
0|99|97|196
0|99|98|197
0|100|98|198
0|100|99|199
0|101|99|200
0|101|100|201
0|102|100|202
0|102|101|203
0|103|101|204
0|103|102|205
0|104|102|206
0|104|103|207
0|105|103|208
0|105|104|209
0|106|104|210
0|106|105|211
0|107|105|212
0|107|106|213
0|108|106|214
0|108|107|215
0|109|107|216
0|109|108|217
0|110|108|218
0|110|109|219
0|111|109|220
0|111|110|221
0|112|110|222
0|112|111|223
0|113|111|224
0|113|112|225
0|114|112|226
0|115|112|227
0|116|112|228
0|117|112|229
0|118|112|230
0|119|112|231
0|120|112|232
0|121|112|233
0|122|112|234
0|123|112|235
0|124|112|236
0|124|113|237
0|125|113|238
0|126|113|239
0|127|113|240
0|127|114|241
0|128|114|242
0|129|114|243
0|130|114|244
0|131|114|245
0|132|114|246
0|132|115|247
0|133|115|248
0|133|116|249
0|134|116|250
0|135|116|251
0|136|116|252
0|137|116|253
0|138|116|254
0|139|116|255
0|140|116|256
0|141|116|257
0|142|116|258
0|142|117|259
0|143|117|260
0|144|117|261
0|145|117|262
0|145|118|263
0|146|118|264
0|146|119|265
0|147|119|266
0|147|120|267
0|148|120|268
0|148|121|269
0|149|121|270
0|149|122|271
0|150|122|272
0|150|123|273
0|151|123|274
0|151|124|275
0|152|124|276
0|152|125|277
0|153|125|278
0|153|126|279
0|154|126|280
0|154|127|281
0|155|127|282
0|155|128|283
0|156|128|284
0|156|129|285
0|157|129|286
0|157|130|287
0|158|130|288
0|158|131|289
0|159|131|290
0|159|132|291
0|160|132|292
0|160|133|293
0|161|133|294
0|161|134|295
0|162|134|296
0|162|135|297
0|163|135|298
0|163|136|299
0|164|136|300
0|164|137|301
0|165|137|302
0|165|138|303
0|166|138|304
0|166|139|305
0|167|139|306
0|167|140|307
0|168|140|308
0|168|141|309
0|169|141|310
0|169|142|311
0|170|142|312
0|170|143|313
0|171|143|314
0|171|144|315
0|172|144|316
0|172|145|317
0|173|145|318
0|173|146|319
0|174|146|320
0|174|147|321
0|175|147|322
0|175|148|323
0|176|148|324
0|176|149|325
0|177|149|326
0|177|150|327
0|178|150|328
0|178|151|329
0|179|151|330
0|179|152|331
0|180|152|332
0|180|153|333
0|181|153|334
0|181|154|335
0|182|154|336
0|182|155|337
0|183|155|338
0|183|156|339
0|184|156|340
0|184|157|341
0|185|157|342
0|185|158|343
0|186|158|344
0|186|159|345
0|187|159|346
0|187|160|347
0|188|160|348
0|188|161|349
0|189|161|350
0|189|162|351
0|190|162|352
0|190|163|353
0|191|163|354
0|191|164|355
0|192|164|356
0|192|165|357
0|193|165|358
0|193|166|359
0|194|166|360
0|194|167|361
0|195|167|362
0|195|168|363
0|196|168|364
0|197|168|365
0|198|168|366
0|198|169|367
0|199|169|368
0|199|170|369
0|200|170|370
0|200|171|371
0|201|171|372
0|201|172|373
0|202|172|374
0|202|173|375
0|203|173|376
0|203|174|377
0|204|174|378
0|204|175|379
0|205|175|380
0|205|176|381
0|206|176|382
0|206|177|383
0|207|177|384
0|207|178|385
0|208|178|386
0|208|179|387
0|209|179|388
0|209|180|389
0|210|180|390
0|210|181|391
0|211|181|392
0|211|182|393
0|212|182|394
0|212|183|395
0|213|183|396
0|213|184|397
0|214|184|398
0|214|185|399
0|215|185|400
0|215|186|401
0|216|186|402
0|216|187|403
0|217|187|404
0|217|188|405
0|218|188|406
0|218|189|407
0|219|189|408
0|219|190|409
0|220|190|410
0|220|191|411
0|221|191|412
0|221|192|413
0|222|192|414
0|222|193|415
0|223|193|416
0|223|194|417
0|224|194|418
0|224|195|419
0|225|195|420
0|225|196|421
0|226|196|422
0|226|197|423
0|227|197|424
0|227|198|425
0|228|198|426
0|228|199|427
0|229|199|428
0|229|200|429
0|230|200|430
0|230|201|431
0|231|201|432
0|231|202|433
0|232|202|434
0|232|203|435
0|233|203|436
0|233|204|437
0|234|204|438
0|234|205|439
0|235|205|440
0|235|206|441
0|236|206|442
0|237|207|444
0|238|207|445
0|238|208|446
0|239|208|447
0|239|209|448
0|240|209|449
0|240|210|450
0|241|210|451
0|241|211|452
0|242|211|453
0|242|212|454
0|243|212|455
0|243|213|456
0|244|213|457
0|244|214|458
0|245|214|459
0|245|215|460
0|246|215|461
0|246|216|462
0|247|216|463
0|247|217|464
0|248|217|465
0|248|218|466
0|249|218|467
0|249|219|468
0|250|219|469
0|250|220|470
0|251|220|471
0|251|221|472
0|252|221|473
0|252|222|474
0|253|222|475
0|253|223|476
0|254|223|477
0|254|224|478
0|255|224|479
0|255|225|480
0|256|225|481
0|256|226|482
0|257|226|483
0|257|227|484
0|258|227|485
0|258|228|486
0|259|228|487
0|259|229|488
0|260|229|489
0|260|230|490
0|261|230|491
0|261|231|492
0|262|231|493
0|262|232|494
0|263|232|495
0|263|233|496
0|264|233|497
0|264|234|498
0|265|234|499
0|265|235|500
0|266|235|501
0|266|236|502
0|267|236|503
0|267|237|504
0|268|237|505
0|268|238|506
0|269|238|507
0|270|238|508
0|271|238|509
0|271|239|510
0|272|239|511
0|272|240|512
0|273|240|513
0|273|241|514
0|274|241|515
0|274|242|516
0|275|242|517
0|275|243|518
0|276|243|519
0|276|244|520
0|277|244|521
0|277|245|522
0|278|245|523
0|278|246|524
0|279|246|525
0|279|247|526
0|280|247|527
0|280|248|528
0|281|248|529
0|281|249|530
0|282|249|531
0|282|250|532
0|283|250|533
0|283|251|534
0|284|251|535
0|284|252|536
0|285|252|537
0|285|253|538
0|286|253|539
0|286|254|540
0|287|254|541
0|287|255|542
0|288|255|543
0|288|256|544
0|289|256|545
0|289|257|546
0|290|257|547
0|290|258|548
0|291|258|549
0|291|259|550
0|292|259|551
0|292|260|552
0|293|260|553
0|293|261|554
0|294|261|555
0|294|262|556
0|295|262|557
0|295|263|558
0|296|263|559
0|296|264|560
0|297|264|561
0|297|265|562
0|298|265|563
0|298|266|564
0|299|266|565
0|299|267|566
0|300|267|567
0|300|268|568
0|301|268|569
0|301|269|570
0|302|269|571
0|302|270|572
0|303|270|573
0|303|271|574
0|304|271|575
0|304|272|576
0|305|272|577
0|305|273|578
0|306|273|579
0|306|274|580
0|307|274|581
0|307|275|582
0|308|275|583
0|308|276|584
0|309|276|585
0|309|277|586
0|310|277|587
0|310|278|588
0|311|278|589
0|311|279|590
0|312|279|591
0|312|280|592
0|313|280|593
0|313|281|594
0|314|281|595
0|314|282|596
0|315|282|597
0|315|283|598
0|316|283|599
0|316|284|600
0|317|284|601
0|317|285|602
0|318|285|603
0|318|286|604
0|319|286|605
0|319|287|606
0|320|287|607
0|320|288|608
0|321|288|609
0|321|289|610
0|322|289|611
0|322|290|612
0|323|290|613
0|323|291|614
0|324|291|615
0|324|292|616
0|325|292|617
0|325|293|618
0|326|293|619
0|326|294|620
0|327|294|621
0|327|295|622
0|328|295|623
0|328|296|624
0|329|296|625
0|329|297|626
0|330|297|627
0|330|298|628
0|331|298|629
0|331|299|630
0|332|299|631
0|332|300|632
0|333|300|633
0|333|301|634
0|334|301|635
0|334|302|636
0|335|302|637
0|335|303|638
0|336|303|639
0|336|304|640
0|337|304|641
0|337|305|642
0|338|305|643
0|338|306|644
0|339|306|645
0|339|307|646
0|340|307|647
0|340|308|648
0|341|308|649
0|341|309|650
0|342|309|651
0|342|310|652
0|343|310|653
0|343|311|654
0|344|311|655
0|345|311|656
0|346|311|657
0|346|312|658
0|347|312|659
0|347|313|660
0|348|313|661
0|348|314|662
0|349|314|663
0|349|315|664
0|350|315|665
0|350|316|666
0|351|316|667
0|351|317|668
0|352|317|669
0|352|318|670
0|353|318|671
0|353|319|672
0|354|319|673
0|354|320|674
0|355|320|675
0|355|321|676
0|356|321|677
0|356|322|678
0|357|322|679
0|357|323|680
0|358|323|681
0|358|324|682
0|359|324|683
0|359|325|684
0|360|325|685
0|360|326|686
0|361|326|687
0|361|327|688
0|362|327|689
0|362|328|690
0|363|328|691
0|363|329|692
0|364|329|693
0|364|330|694
0|365|330|695
0|365|331|696
0|366|331|697
0|366|332|698
0|367|332|699
0|367|333|700
0|368|333|701
0|368|334|702
0|369|334|703
0|369|335|704
0|370|335|705
0|370|336|706
0|371|336|707
0|371|337|708
0|372|337|709
0|372|338|710
0|373|338|711
0|373|339|712
0|374|339|713
0|374|340|714
0|375|340|715
0|375|341|716
0|376|341|717
0|376|342|718
0|377|342|719
0|377|343|720
0|378|343|721
0|378|344|722
0|379|344|723
0|379|345|724
0|380|345|725
0|380|346|726
0|381|346|727
0|381|347|728
0|382|347|729
0|382|348|730
0|383|348|731
0|383|349|732
0|384|349|733
0|384|350|734
0|385|350|735
0|385|351|736
0|386|351|737
0|386|352|738
0|387|352|739
0|387|353|740
0|388|353|741
0|388|354|742
0|389|354|743
0|389|355|744
0|390|355|745
0|390|356|746
0|391|356|747
0|391|357|748
0|392|357|749
0|392|358|750
0|393|358|751
0|393|359|752
0|394|359|753
0|394|360|754
0|395|360|755
0|395|361|756
0|396|361|757
0|396|362|758
0|397|362|759
0|397|363|760
0|398|363|761
0|399|363|762
0|400|363|763
0|400|364|764
0|401|364|765
0|401|365|766
0|402|365|767
0|402|366|768
0|403|366|769
0|403|367|770
0|404|367|771
0|404|368|772
0|405|368|773
0|405|369|774
0|406|369|775
0|406|370|776
0|407|370|777
0|407|371|778
0|408|371|779
0|408|372|780
0|409|372|781
0|409|373|782
0|410|373|783
0|410|374|784
0|411|374|785
0|411|375|786
0|412|375|787
0|412|376|788
0|413|376|789
0|413|377|790
0|414|377|791
0|414|378|792
0|415|378|793
0|415|379|794
0|416|379|795
0|416|380|796
0|417|380|797
0|417|381|798
0|418|381|799
0|418|382|800
0|419|382|801
0|419|383|802
0|420|383|803
0|420|384|804
0|421|384|805
0|421|385|806
0|422|385|807
0|422|386|808
0|423|386|809
0|423|387|810
0|424|387|811
0|424|388|812
0|425|388|813
0|425|389|814
0|426|389|815
0|426|390|816
0|427|390|817
0|427|391|818
0|428|391|819
0|428|392|820
0|429|392|821
0|429|393|822
0|430|393|823
0|430|394|824
0|431|394|825
0|431|395|826
0|432|395|827
0|432|396|828
0|433|396|829
0|433|397|830
0|434|397|831
0|434|398|832
0|435|398|833
0|435|399|834
0|436|399|835
0|436|400|836
0|437|400|837
0|437|401|838
0|438|401|839
0|438|402|840
0|439|402|841
0|439|403|842
0|440|403|843
0|440|404|844
0|441|404|845
0|441|405|846
0|442|405|847
0|442|406|848
0|443|406|849
0|443|407|850
0|444|407|851
0|444|408|852
0|445|408|853
0|445|409|854
0|446|409|855
0|446|410|856
0|447|410|857
0|447|411|858
0|448|411|859
0|448|412|860
0|449|412|861
0|449|413|862
0|450|413|863
0|450|414|864
0|451|414|865
0|451|415|866
0|452|415|867
0|452|416|868
0|453|416|869
0|453|417|870
0|454|417|871
0|454|418|872
0|455|418|873
0|455|419|874
0|456|419|875
0|456|420|876
0|457|420|877
0|457|421|878
0|458|421|879
0|458|422|880
0|459|422|881
0|459|423|882
0|460|423|883
0|460|424|884
0|461|424|885
0|461|425|886
0|462|425|887
0|462|426|888
0|463|426|889
0|463|427|890
0|464|427|891
0|464|428|892
0|465|428|893
0|465|429|894
0|466|429|895
0|466|430|896
0|467|430|897
0|467|431|898
0|468|431|899
0|468|432|900
0|469|432|901
0|469|433|902
0|470|433|903
0|470|434|904
0|471|434|905
0|471|435|906
0|472|435|907
0|472|436|908
0|473|436|909
0|473|437|910
0|474|437|911
0|475|437|912
0|476|437|913
0|477|437|914
0|478|437|915
0|479|437|916
0|480|437|917
0|481|437|918
0|482|437|919
0|483|437|920
0|484|437|921
0|485|437|922
0|486|437|923
0|486|438|924
0|487|438|925
0|488|438|926
0|489|438|927
0|489|439|928
0|490|439|929
0|490|440|930
0|491|440|931
0|491|441|932
0|492|441|933
0|492|442|934
0|493|442|935
0|493|443|936
0|494|443|937
0|494|444|938
0|495|444|939
0|496|444|940
0|497|444|941
0|497|445|942
0|498|445|943
0|499|445|944
0|500|445|945
0|501|445|946
0|502|445|947
0|502|446|948
0|503|446|949
0|503|447|950
0|504|447|951
0|504|448|952
0|505|448|953
0|505|449|954
0|506|449|955
0|506|450|956
0|507|450|957
0|507|451|958
0|508|451|959
0|508|452|960
0|509|452|961
0|509|453|962
0|510|453|963
0|510|454|964
0|511|454|965
0|511|455|966
0|512|455|967
0|512|456|968
0|513|456|969
0|513|457|970
0|514|457|971
0|514|458|972
0|515|458|973
0|515|459|974
0|516|459|975
0|516|460|976
0|517|460|977
0|517|461|978
0|518|461|979
0|518|462|980
0|519|462|981
0|519|463|982
0|520|463|983
0|520|464|984
0|521|464|985
0|521|465|986
0|522|465|987
0|522|466|988
0|523|466|989
0|523|467|990
0|524|467|991
0|524|468|992
0|525|468|993
0|525|469|994
0|526|469|995
0|526|470|996
0|527|470|997
0|527|471|998
0|528|471|999
0|528|472|1000
0|529|472|1001
0|529|473|1002
0|530|473|1003
0|530|474|1004
0|531|474|1005
0|531|475|1006
0|532|475|1007
0|532|476|1008
0|533|476|1009
0|533|477|1010
0|534|477|1011
0|534|478|1012
0|535|478|1013
0|535|479|1014
0|536|479|1015
0|536|480|1016
0|537|480|1017
0|538|480|1018
0|539|480|1019
0|539|481|1020
0|540|481|1021
0|540|482|1022
0|541|482|1023
0|541|483|1024
0|542|483|1025
0|542|484|1026
0|543|484|1027
0|544|484|1028
0|545|484|1029
0|545|485|1030
0|546|485|1031
0|546|486|1032
0|547|486|1033
0|547|487|1034
0|548|487|1035
0|548|488|1036
0|549|488|1037
0|549|489|1038
0|550|489|1039
0|550|490|1040
0|551|490|1041
0|552|490|1042
0|553|490|1043
0|553|491|1044
0|554|491|1045
0|554|492|1046
0|555|492|1047
0|555|493|1048
0|556|493|1049
0|557|493|1050
0|558|493|1051
0|558|494|1052
0|559|494|1053
0|559|495|1054
0|560|495|1055
0|561|495|1056
0|562|495|1057
0|562|496|1058
0|563|496|1059
0|563|497|1060
0|564|497|1061
0|565|497|1062
1|565|497|1063
1|565|498|1064
1|566|498|1065
1|566|499|1066
1|567|499|1067
1|567|500|1068
1|568|500|1069
1|568|501|1070
1|569|501|1071
1|569|502|1072
1|570|502|1073
1|570|503|1074
1|571|503|1075
1|571|504|1076
1|572|504|1077
1|573|504|1078
1|574|504|1079
1|574|505|1080
1|575|505|1081
1|575|506|1082
1|576|506|1083
1|576|507|1084
1|577|507|1085
1|578|507|1086
1|579|507|1087
1|579|508|1088
1|580|508|1089
1|580|509|1090
1|581|509|1091
1|581|510|1092
1|582|510|1093
1|582|511|1094
1|583|511|1095
1|583|512|1096
1|584|512|1097
1|584|513|1098
1|585|513|1099
1|585|514|1100
1|586|514|1101
1|586|515|1102
1|587|515|1103
1|587|516|1104
1|588|516|1105
1|588|517|1106
1|589|517|1107
1|589|518|1108
1|590|518|1109
1|590|519|1110
1|591|519|1111
1|591|520|1112
1|592|520|1113
1|592|521|1114
1|593|521|1115
1|593|522|1116
1|594|522|1117
1|594|523|1118
1|595|523|1119
1|595|524|1120
1|596|524|1121
1|596|525|1122
1|597|525|1123
1|597|526|1124
1|598|526|1125
1|598|527|1126
1|599|527|1127
1|599|528|1128
1|600|528|1129
1|600|529|1130
1|601|529|1131
1|601|530|1132
1|602|530|1133
1|602|531|1134
1|603|531|1135
1|603|532|1136
1|604|532|1137
1|604|533|1138
1|605|533|1139
1|605|534|1140
1|606|534|1141
1|606|535|1142
1|607|535|1143
1|607|536|1144
1|608|536|1145
1|608|537|1146
1|609|537|1147
1|609|538|1148
1|610|538|1149
1|610|539|1150
1|611|539|1151
1|611|540|1152
1|612|540|1153
1|612|541|1154
1|613|541|1155
1|613|542|1156
1|614|542|1157
1|614|543|1158
1|615|543|1159
1|615|544|1160
1|616|544|1161
1|616|545|1162
1|617|545|1163
1|617|546|1164
1|618|546|1165
1|618|547|1166
1|619|547|1167
1|619|548|1168
1|620|548|1169
1|620|549|1170
1|621|549|1171
1|621|550|1172
1|622|550|1173
1|622|551|1174
1|623|551|1175
1|623|552|1176
1|624|552|1177
1|624|553|1178
1|625|553|1179
1|626|553|1180
1|627|553|1181
1|627|554|1182
1|628|554|1183
1|628|555|1184
1|629|555|1185
1|629|556|1186
1|630|556|1187
1|630|557|1188
1|631|557|1189
1|631|558|1190
1|632|558|1191
1|632|559|1192
1|633|559|1193
1|633|560|1194
1|634|560|1195
1|634|561|1196
1|635|561|1197
1|635|562|1198
1|636|562|1199
1|636|563|1200
1|637|563|1201
1|637|564|1202
1|638|564|1203
1|638|565|1204
1|639|565|1205
1|639|566|1206
1|640|566|1207
1|640|567|1208
1|641|567|1209
1|641|568|1210
1|642|568|1211
1|642|569|1212
1|643|569|1213
1|643|570|1214
1|644|570|1215
1|644|571|1216
1|645|571|1217
1|645|572|1218
1|646|572|1219
1|646|573|1220
1|647|573|1221
1|648|573|1222
1|649|573|1223
1|649|574|1224
1|650|574|1225
1|650|575|1226
1|651|575|1227
1|651|576|1228
1|652|576|1229
1|652|577|1230
1|653|577|1231
1|653|578|1232
1|654|578|1233
1|654|579|1234
1|655|579|1235
1|655|580|1236
1|656|580|1237
1|656|581|1238
1|657|581|1239
1|657|582|1240
1|658|582|1241
1|658|583|1242
1|659|583|1243
1|659|584|1244
1|660|584|1245
1|660|585|1246
1|661|585|1247
1|661|586|1248
1|662|586|1249
1|662|587|1250
1|663|587|1251
1|663|588|1252
1|664|588|1253
1|664|589|1254
1|665|589|1255
1|665|590|1256
1|666|590|1257
1|666|591|1258
1|667|591|1259
1|667|592|1260
1|668|592|1261
1|668|593|1262
1|669|593|1263
1|669|594|1264
1|670|594|1265
1|670|595|1266
1|671|595|1267
1|671|596|1268
1|672|596|1269
1|672|597|1270
1|673|597|1271
1|673|598|1272
1|674|598|1273
1|674|599|1274
1|675|599|1275
1|675|600|1276
1|676|600|1277
1|676|601|1278
1|677|601|1279
1|677|602|1280
1|678|602|1281
1|678|603|1282
1|679|603|1283
1|679|604|1284
1|680|604|1285
1|680|605|1286
1|681|605|1287
1|681|606|1288
1|682|606|1289
1|682|607|1290
1|683|607|1291
1|683|608|1292
1|684|608|1293
1|684|609|1294
1|685|609|1295
1|685|610|1296
1|686|610|1297
1|686|611|1298
1|687|611|1299
1|687|612|1300
1|688|612|1301
1|688|613|1302
1|689|613|1303
1|689|614|1304
1|690|614|1305
1|690|615|1306
1|691|615|1307
1|692|615|1308
1|693|615|1309
1|693|616|1310
1|694|616|1311
1|694|617|1312
1|695|617|1313
1|695|618|1314
1|696|618|1315
1|696|619|1316
1|697|619|1317
1|697|620|1318
1|698|620|1319
1|698|621|1320
1|699|621|1321
1|699|622|1322
1|700|622|1323
1|700|623|1324
1|701|623|1325
1|701|624|1326
1|702|624|1327
1|702|625|1328
1|703|625|1329
1|703|626|1330
1|704|626|1331
1|704|627|1332
1|705|627|1333
1|705|628|1334
1|706|628|1335
1|706|629|1336
1|707|629|1337
1|707|630|1338
1|708|630|1339
1|709|630|1340
1|710|630|1341
1|710|631|1342
1|711|631|1343
1|711|632|1344
1|712|632|1345
1|712|633|1346
1|713|633|1347
1|713|634|1348
1|714|634|1349
1|714|635|1350
1|715|635|1351
1|716|635|1352
1|717|635|1353
1|717|636|1354
1|718|636|1355
1|718|637|1356
1|719|637|1357
1|719|638|1358
1|720|638|1359
1|720|639|1360
1|721|639|1361
1|721|640|1362
1|722|640|1363
1|722|641|1364
1|723|641|1365
1|723|642|1366
1|724|642|1367
1|724|643|1368
1|725|643|1369
1|725|644|1370
1|726|644|1371
1|726|645|1372
1|727|645|1373
1|727|646|1374
1|728|646|1375
1|728|647|1376
1|729|647|1377
1|729|648|1378
1|730|648|1379
1|730|649|1380
1|731|649|1381
1|731|650|1382
1|732|650|1383
1|732|651|1384
1|733|651|1385
1|733|652|1386
1|734|652|1387
1|734|653|1388
1|735|653|1389
1|735|654|1390
1|736|654|1391
1|736|655|1392
1|737|655|1393
1|737|656|1394
1|738|656|1395
1|738|657|1396
1|739|657|1397
1|739|658|1398
1|740|658|1399
1|740|659|1400
1|741|659|1401
1|741|660|1402
1|742|660|1403
1|742|661|1404
1|743|661|1405
1|743|662|1406
1|744|662|1407
1|744|663|1408
1|745|663|1409
1|745|664|1410
1|746|664|1411
1|746|665|1412
1|747|665|1413
1|747|666|1414
1|748|666|1415
1|748|667|1416
1|749|667|1417
1|749|668|1418
1|750|668|1419
1|750|669|1420
1|751|669|1421
1|751|670|1422
1|752|670|1423
1|752|671|1424
1|753|671|1425
1|753|672|1426
1|754|672|1427
1|754|673|1428
1|755|673|1429
1|755|674|1430
1|756|674|1431
1|756|675|1432
1|757|675|1433
1|757|676|1434
1|758|676|1435
1|758|677|1436
1|759|677|1437
1|759|678|1438
1|760|678|1439
1|760|679|1440
1|761|679|1441
1|761|680|1442
1|762|680|1443
1|762|681|1444
1|763|681|1445
1|763|682|1446
1|764|682|1447
1|764|683|1448
1|765|683|1449
1|765|684|1450
1|766|684|1451
1|766|685|1452
1|767|685|1453
1|767|686|1454
1|768|686|1455
1|768|687|1456
1|769|687|1457
1|769|688|1458
1|770|688|1459
1|770|689|1460
1|771|689|1461
1|771|690|1462
1|772|690|1463
1|772|691|1464
1|773|691|1465
1|773|692|1466
1|774|692|1467
1|774|693|1468
1|775|693|1469
1|776|693|1470
1|777|693|1471
1|777|694|1472
1|778|694|1473
1|778|695|1474
1|779|695|1475
1|779|696|1476
1|780|696|1477
1|780|697|1478
1|781|697|1479
1|781|698|1480
1|782|698|1481
1|783|698|1482
1|784|698|1483
1|784|699|1484
1|785|699|1485
1|786|699|1486
1|787|699|1487
1|787|700|1488
1|788|700|1489
1|788|701|1490
1|789|701|1491
1|789|702|1492
1|790|702|1493
1|790|703|1494
1|791|703|1495
1|791|704|1496
1|792|704|1497
1|792|705|1498
1|793|705|1499
1|793|706|1500
1|794|706|1501
1|794|707|1502
1|795|707|1503
1|795|708|1504
1|796|708|1505
1|796|709|1506
1|797|709|1507
1|797|710|1508
1|798|710|1509
1|798|711|1510
1|799|711|1511
1|799|712|1512
1|800|712|1513
1|800|713|1514
1|801|713|1515
1|801|714|1516
1|802|714|1517
1|802|715|1518
1|803|715|1519
1|803|716|1520
1|804|716|1521
1|804|717|1522
1|805|717|1523
1|805|718|1524
1|806|718|1525
1|806|719|1526
1|807|719|1527
1|807|720|1528
1|808|720|1529
1|808|721|1530
1|809|721|1531
1|809|722|1532
1|810|722|1533
1|810|723|1534
1|811|723|1535
1|811|724|1536
1|812|724|1537
1|812|725|1538
1|813|725|1539
1|813|726|1540
1|814|726|1541
1|814|727|1542
1|815|727|1543
1|815|728|1544
1|816|728|1545
1|816|729|1546
1|817|729|1547
1|817|730|1548
1|818|730|1549
1|818|731|1550
1|819|731|1551
1|819|732|1552
1|820|732|1553
1|820|733|1554
1|821|733|1555
1|821|734|1556
1|822|734|1557
1|822|735|1558
1|823|735|1559
1|823|736|1560
1|824|736|1561
1|824|737|1562
1|825|737|1563
1|825|738|1564
1|826|738|1565
1|826|739|1566
1|827|739|1567
1|827|740|1568
1|828|740|1569
1|828|741|1570
1|829|741|1571
1|829|742|1572
1|830|742|1573
1|830|743|1574
1|831|743|1575
1|831|744|1576
1|832|744|1577
1|832|745|1578
1|833|745|1579
1|833|746|1580
1|834|746|1581
1|834|747|1582
1|835|747|1583
1|835|748|1584
1|836|748|1585
1|836|749|1586
1|837|749|1587
1|837|750|1588
1|838|750|1589
1|838|751|1590
1|839|751|1591
1|839|752|1592
1|840|752|1593
1|840|753|1594
1|841|753|1595
1|841|754|1596
1|842|754|1597
1|842|755|1598
1|843|755|1599
1|844|755|1600
1|845|755|1601
1|845|756|1602
1|846|756|1603
1|847|756|1604
1|848|756|1605
1|849|756|1606
1|850|756|1607
1|851|756|1608
1|852|756|1609
1|852|757|1610
1|853|757|1611
1|854|757|1612
1|855|757|1613
1|855|758|1614
1|856|758|1615
1|857|758|1616
1|858|758|1617
1|859|758|1618
1|860|758|1619
1|861|758|1620
1|862|758|1621
1|863|758|1622
1|864|758|1623
1|864|759|1624
1|865|759|1625
1|865|760|1626
1|866|760|1627
1|866|761|1628
1|867|761|1629
1|868|761|1630
1|869|761|1631
1|869|762|1632
1|870|762|1633
1|870|763|1634
1|871|763|1635
1|871|764|1636
1|872|764|1637
1|872|765|1638
1|873|765|1639
1|873|766|1640
1|874|766|1641
1|874|767|1642
1|875|767|1643
1|875|768|1644
1|876|768|1645
1|876|769|1646
1|877|769|1647
1|877|770|1648
1|878|770|1649
1|878|771|1650
1|879|771|1651
1|879|772|1652
1|880|772|1653
1|880|773|1654
1|881|773|1655
1|881|774|1656
1|882|774|1657
1|882|775|1658
1|883|775|1659
1|883|776|1660
1|884|776|1661
1|884|777|1662
1|885|777|1663
1|885|778|1664
1|886|778|1665
1|886|779|1666
1|887|779|1667
1|888|779|1668
1|889|779|1669
1|889|780|1670
1|890|780|1671
1|890|781|1672
1|891|781|1673
1|891|782|1674
1|892|782|1675
1|892|783|1676
1|893|783|1677
1|893|784|1678
1|894|784|1679
1|894|785|1680
1|895|785|1681
1|895|786|1682
1|896|786|1683
1|896|787|1684
1|897|787|1685
1|897|788|1686
1|898|788|1687
1|898|789|1688
1|899|789|1689
1|899|790|1690
1|900|790|1691
1|900|791|1692
1|901|791|1693
1|901|792|1694
1|902|792|1695
1|902|793|1696
1|903|793|1697
1|903|794|1698
1|904|794|1699
1|904|795|1700
1|905|795|1701
1|905|796|1702
1|906|796|1703
1|906|797|1704
1|907|797|1705
1|907|798|1706
1|908|798|1707
1|908|799|1708
1|909|799|1709
1|909|800|1710
1|910|800|1711
1|910|801|1712
1|911|801|1713
1|911|802|1714
1|912|802|1715
1|912|803|1716
1|913|803|1717
1|913|804|1718
1|914|804|1719
1|914|805|1720
1|915|805|1721
1|915|806|1722
1|916|806|1723
1|916|807|1724
1|917|807|1725
1|917|808|1726
1|918|808|1727
1|918|809|1728
1|919|809|1729
1|919|810|1730
1|920|810|1731
1|920|811|1732
1|921|811|1733
1|921|812|1734
1|922|812|1735
1|922|813|1736
1|923|813|1737
1|923|814|1738
1|924|814|1739
1|924|815|1740
1|925|815|1741
1|925|816|1742
1|926|816|1743
1|926|817|1744
1|927|817|1745
1|927|818|1746
1|928|818|1747
1|929|818|1748
1|930|818|1749
1|930|819|1750
1|931|819|1751
1|931|820|1752
1|932|820|1753
1|932|821|1754
2|932|821|1755
2|932|822|1756
2|933|822|1757
2|933|823|1758
2|934|823|1759
2|934|824|1760
2|935|824|1761
2|935|825|1762
2|936|825|1763
2|936|826|1764
2|937|826|1765
2|937|827|1766
2|938|827|1767
2|938|828|1768
2|939|828|1769
2|939|829|1770
2|940|829|1771
2|940|830|1772
2|941|830|1773
2|941|831|1774
2|942|831|1775
2|942|832|1776
2|943|832|1777
2|943|833|1778
2|944|833|1779
2|944|834|1780
2|945|834|1781
2|945|835|1782
2|946|835|1783
2|946|836|1784
2|947|836|1785
2|947|837|1786
2|948|837|1787
2|948|838|1788
2|949|838|1789
2|949|839|1790
2|950|839|1791
2|950|840|1792
2|951|840|1793
2|951|841|1794
2|952|841|1795
2|952|842|1796
2|953|842|1797
2|953|843|1798
2|954|843|1799
2|954|844|1800
2|955|844|1801
2|955|845|1802
2|956|845|1803
2|956|846|1804
2|957|846|1805
2|957|847|1806
2|958|847|1807
2|958|848|1808
2|959|848|1809
2|959|849|1810
2|960|849|1811
2|960|850|1812
2|961|850|1813
2|961|851|1814
2|962|851|1815
2|962|852|1816
2|963|852|1817
2|963|853|1818
2|964|853|1819
2|964|854|1820
2|965|854|1821
2|965|855|1822
2|966|855|1823
2|966|856|1824
2|967|856|1825
2|967|857|1826
2|968|857|1827
2|968|858|1828
2|969|858|1829
2|969|859|1830
2|970|859|1831
2|970|860|1832
2|971|860|1833
2|971|861|1834
2|972|861|1835
2|972|862|1836
2|973|862|1837
2|973|863|1838
2|974|863|1839
2|974|864|1840
2|975|864|1841
2|975|865|1842
2|976|865|1843
2|976|866|1844
2|977|866|1845
2|977|867|1846
2|978|867|1847
2|978|868|1848
2|979|868|1849
2|979|869|1850
2|980|869|1851
2|980|870|1852
2|981|870|1853
2|981|871|1854
2|982|871|1855
2|982|872|1856
2|983|872|1857
2|983|873|1858
2|984|873|1859
2|984|874|1860
2|985|874|1861
2|985|875|1862
2|986|875|1863
2|986|876|1864
2|987|876|1865
2|987|877|1866
2|988|877|1867
2|988|878|1868
2|989|878|1869
2|989|879|1870
2|990|879|1871
2|990|880|1872
2|991|880|1873
2|991|881|1874
2|992|881|1875
2|992|882|1876
2|993|882|1877
2|993|883|1878
2|994|883|1879
2|994|884|1880
2|995|884|1881
2|995|885|1882
2|996|885|1883
2|996|886|1884
2|997|886|1885
2|997|887|1886
2|998|887|1887
2|998|888|1888
2|999|888|1889
2|999|889|1890
2|1000|889|1891
2|1001|889|1892
2|1002|889|1893
2|1002|890|1894
2|1003|890|1895
2|1003|891|1896
2|1004|891|1897
2|1004|892|1898
2|1005|892|1899
2|1006|892|1900
2|1007|892|1901
2|1007|893|1902
2|1008|893|1903
2|1008|894|1904
2|1009|894|1905
2|1009|895|1906
2|1010|895|1907
2|1010|896|1908
2|1011|896|1909
2|1011|897|1910
2|1012|897|1911
2|1012|898|1912
2|1013|898|1913
2|1014|898|1914
2|1015|898|1915
2|1015|899|1916
2|1016|899|1917
2|1016|900|1918
2|1017|900|1919
2|1017|901|1920
2|1018|901|1921
2|1018|902|1922
2|1019|902|1923
2|1019|903|1924
2|1020|903|1925
2|1020|904|1926
2|1021|904|1927
2|1021|905|1928
2|1022|905|1929
2|1022|906|1930
2|1023|906|1931
2|1023|907|1932
2|1024|907|1933
2|1024|908|1934
2|1025|908|1935
2|1025|909|1936
2|1026|909|1937
2|1026|910|1938
2|1027|910|1939
2|1027|911|1940
2|1028|911|1941
2|1028|912|1942
2|1029|912|1943
2|1029|913|1944
2|1030|913|1945
2|1030|914|1946
2|1031|914|1947
2|1031|915|1948
2|1032|915|1949
2|1032|916|1950
2|1033|916|1951
2|1033|917|1952
2|1034|917|1953
2|1034|918|1954
2|1035|918|1955
2|1035|919|1956
2|1036|919|1957
2|1036|920|1958
2|1037|920|1959
2|1037|921|1960
2|1038|921|1961
2|1038|922|1962
2|1039|922|1963
2|1039|923|1964
2|1040|923|1965
2|1040|924|1966
2|1041|924|1967
2|1041|925|1968
2|1042|925|1969
2|1042|926|1970
2|1043|926|1971
2|1043|927|1972
2|1044|927|1973
2|1044|928|1974
2|1045|928|1975
2|1045|929|1976
2|1046|929|1977
2|1046|930|1978
2|1047|930|1979
2|1047|931|1980
2|1048|931|1981
2|1048|932|1982
2|1049|932|1983
2|1049|933|1984
2|1050|933|1985
2|1050|934|1986
2|1051|934|1987
2|1051|935|1988
2|1052|935|1989
2|1052|936|1990
2|1053|936|1991
2|1053|937|1992
2|1054|937|1993
2|1054|938|1994
2|1055|938|1995
2|1055|939|1996
2|1056|939|1997
2|1056|940|1998
2|1057|940|1999
2|1058|940|2000
