total
0|0|1|1
0|1|1|2
1|1|1|3
1|1|2|4
1|1|3|5
1|1|4|6
2|1|4|7
2|1|5|8
3|1|5|9
3|1|6|10
4|1|6|11
4|2|6|12
4|2|7|13
4|3|7|14
4|3|8|15
4|4|8|16
4|4|9|17
4|5|9|18
4|5|10|19
4|6|10|20
4|6|11|21
4|6|12|22
4|6|13|23
4|7|13|24
4|7|14|25
4|8|14|26
4|8|15|27
4|9|15|28
4|9|16|29
4|9|17|30
4|9|18|31
4|10|18|32
4|10|19|33
4|11|19|34
4|11|20|35
4|12|20|36
4|12|21|37
4|13|21|38
5|13|21|39
5|13|22|40
6|13|22|41
6|14|22|42
6|14|23|43
6|15|23|44
7|15|23|45
7|16|23|46
7|16|24|47
7|17|24|48
7|17|25|49
7|18|25|50
7|18|26|51
7|19|26|52
7|19|27|53
7|20|27|54
7|20|28|55
7|21|28|56
8|21|28|57
8|21|29|58
8|21|30|59
8|22|30|60
8|22|31|61
8|23|31|62
8|23|32|63
8|24|32|64
8|24|33|65
8|25|33|66
8|25|34|67
8|26|34|68
8|26|35|69
8|27|35|70
8|27|36|71
8|28|36|72
8|28|37|73
8|29|37|74
8|29|38|75
8|30|38|76
8|30|39|77
8|31|39|78
8|31|40|79
8|31|41|80
8|31|42|81
8|32|42|82
9|32|42|83
9|32|43|84
9|32|44|85
9|32|45|86
9|32|46|87
9|32|47|88
9|32|48|89
9|32|49|90
9|32|50|91
9|32|51|92
9|32|52|93
9|32|53|94
9|32|54|95
9|32|55|96
9|32|56|97
9|32|57|98
9|32|58|99
9|32|59|100
10|32|59|101
10|32|60|102
10|32|61|103
10|32|62|104
10|32|63|105
10|32|64|106
10|32|65|107
10|32|66|108
10|32|67|109
10|32|68|110
10|32|69|111
10|32|70|112
10|32|71|113
10|32|72|114
11|32|72|115
11|32|73|116
11|32|74|117
11|32|75|118
11|32|76|119
11|33|76|120
11|33|77|121
11|34|77|122
11|34|78|123
11|35|78|124
11|35|79|125
11|36|79|126
11|36|80|127
11|37|80|128
11|37|81|129
11|38|81|130
11|38|82|131
11|39|82|132
11|39|83|133
11|40|83|134
11|40|84|135
11|41|84|136
11|41|85|137
11|42|85|138
11|42|86|139
11|43|86|140
11|43|87|141
11|44|87|142
11|44|88|143
11|45|88|144
11|45|89|145
11|46|89|146
11|46|90|147
11|47|90|148
11|47|91|149
11|48|91|150
11|48|92|151
11|49|92|152
11|49|93|153
11|50|93|154
12|50|93|155
12|50|94|156
12|50|95|157
12|51|95|158
12|51|96|159
12|52|96|160
12|52|97|161
12|53|97|162
12|53|98|163
12|54|98|164
13|54|98|165
13|54|99|166
13|54|100|167
13|55|100|168
13|55|101|169
13|56|101|170
13|56|102|171
13|57|102|172
14|57|102|173
14|57|103|174
14|57|104|175
14|58|104|176
14|58|105|177
14|59|105|178
14|59|106|179
14|59|107|180
14|59|108|181
14|60|108|182
14|60|109|183
14|60|110|184
14|60|111|185
14|61|111|186
14|61|112|187
14|61|113|188
14|61|114|189
14|61|115|190
14|61|116|191
14|61|117|192
14|61|118|193
14|61|119|194
14|61|120|195
14|61|121|196
14|61|122|197
14|61|123|198
14|61|124|199
14|61|125|200
14|61|126|201
14|61|127|202
14|61|128|203
14|61|129|204
14|61|130|205
14|61|131|206
14|61|132|207
14|61|133|208
14|61|134|209
14|61|135|210
14|61|136|211
14|61|137|212
14|61|138|213
14|61|139|214
14|61|140|215
14|61|141|216
14|61|142|217
14|61|143|218
14|61|144|219
14|61|145|220
14|61|146|221
14|61|147|222
14|61|148|223
14|61|149|224
14|61|150|225
14|61|151|226
14|61|152|227
14|61|153|228
14|61|154|229
14|61|155|230
14|61|156|231
14|61|157|232
14|61|158|233
14|61|159|234
14|61|160|235
14|61|161|236
14|61|162|237
14|61|163|238
14|61|164|239
14|61|165|240
14|61|166|241
14|61|167|242
14|61|168|243
14|61|169|244
14|61|170|245
14|61|171|246
14|61|172|247
14|61|173|248
14|61|174|249
14|61|175|250
14|61|176|251
14|61|177|252
14|61|178|253
14|61|179|254
14|61|180|255
14|61|181|256
14|61|182|257
14|61|183|258
14|61|184|259
14|61|185|260
14|61|186|261
14|61|187|262
14|61|188|263
14|61|189|264
14|61|190|265
14|62|190|266
14|62|191|267
14|63|191|268
14|63|192|269
14|64|192|270
14|64|193|271
14|65|193|272
14|65|194|273
14|65|195|274
14|65|196|275
14|66|196|276
14|66|197|277
14|67|197|278
14|67|198|279
14|68|198|280
14|68|199|281
14|68|200|282
14|68|201|283
14|69|201|284
14|69|202|285
14|70|202|286
14|70|203|287
14|70|204|288
14|70|205|289
14|71|205|290
14|71|206|291
14|72|206|292
14|72|207|293
14|72|208|294
14|72|209|295
14|73|209|296
14|73|210|297
14|73|211|298
15|73|211|299
15|73|212|300
16|73|212|301
16|74|212|302
16|74|213|303
16|75|213|304
17|75|213|305
17|76|213|306
17|76|214|307
17|77|214|308
17|77|215|309
17|78|215|310
18|78|215|311
18|79|215|312
18|79|216|313
18|80|216|314
18|80|217|315
18|81|217|316
19|81|217|317
19|81|218|318
19|81|219|319
19|82|219|320
20|82|219|321
20|83|219|322
21|83|219|323
21|84|219|324
22|84|219|325
22|85|219|326
23|85|219|327
23|86|219|328
23|86|220|329
23|86|221|330
23|86|222|331
23|86|223|332
23|86|224|333
23|87|224|334
23|87|225|335
23|88|225|336
24|88|225|337
24|88|226|338
24|88|227|339
24|88|228|340
24|88|229|341
24|88|230|342
25|88|230|343
25|88|231|344
26|88|231|345
26|89|231|346
26|89|232|347
26|90|232|348
26|90|233|349
26|90|234|350
26|90|235|351
26|90|236|352
27|90|236|353
27|90|237|354
28|90|237|355
28|90|238|356
28|90|239|357
28|90|240|358
29|90|240|359
29|90|241|360
29|90|242|361
29|90|243|362
29|90|244|363
29|90|245|364
29|90|246|365
29|90|247|366
30|90|247|367
30|90|248|368
31|90|248|369
31|90|249|370
31|90|250|371
31|91|250|372
31|91|251|373
31|92|251|374
31|92|252|375
31|93|252|376
31|93|253|377
31|94|253|378
32|94|253|379
32|95|253|380
32|95|254|381
32|96|254|382
32|96|255|383
32|97|255|384
32|97|256|385
32|98|256|386
33|98|256|387
33|99|256|388
33|99|257|389
33|100|257|390
33|100|258|391
33|101|258|392
33|101|259|393
33|102|259|394
33|102|260|395
33|103|260|396
33|103|261|397
33|104|261|398
33|104|262|399
33|105|262|400
33|105|263|401
33|106|263|402
33|106|264|403
33|107|264|404
33|107|265|405
33|108|265|406
33|108|266|407
33|109|266|408
33|109|267|409
33|110|267|410
33|110|268|411
33|111|268|412
33|111|269|413
33|112|269|414
33|112|270|415
33|112|271|416
33|112|272|417
33|113|272|418
33|113|273|419
33|114|273|420
33|114|274|421
33|115|274|422
34|115|274|423
34|115|275|424
34|115|276|425
34|116|276|426
34|116|277|427
34|117|277|428
34|117|278|429
34|118|278|430
34|118|279|431
34|119|279|432
34|119|280|433
34|120|280|434
34|120|281|435
34|121|281|436
34|121|282|437
34|122|282|438
35|122|282|439
35|123|282|440
36|123|282|441
36|124|282|442
36|124|283|443
36|125|283|444
36|125|284|445
36|126|284|446
36|126|285|447
36|127|285|448
36|127|286|449
36|128|286|450
36|128|287|451
36|129|287|452
36|129|288|453
36|130|288|454
36|130|289|455
36|131|289|456
36|131|290|457
36|132|290|458
36|132|291|459
36|133|291|460
36|133|292|461
36|134|292|462
36|134|293|463
36|135|293|464
36|135|294|465
36|136|294|466
36|136|295|467
36|137|295|468
36|137|296|469
36|138|296|470
36|138|297|471
36|139|297|472
36|139|298|473
36|140|298|474
36|140|299|475
36|141|299|476
36|141|300|477
36|142|300|478
36|142|301|479
36|143|301|480
36|143|302|481
36|144|302|482
36|144|303|483
36|145|303|484
36|145|304|485
36|146|304|486
36|146|305|487
36|147|305|488
36|147|306|489
36|148|306|490
36|148|307|491
36|149|307|492
36|149|308|493
36|150|308|494
36|150|309|495
36|151|309|496
36|151|310|497
36|152|310|498
36|152|311|499
36|153|311|500
36|153|312|501
36|154|312|502
36|154|313|503
36|155|313|504
36|155|314|505
36|156|314|506
36|156|315|507
36|157|315|508
36|158|316|510
36|159|316|511
36|159|317|512
36|160|317|513
36|160|318|514
36|160|319|515
37|160|319|516
37|160|320|517
38|160|320|518
38|160|321|519
39|160|321|520
39|160|322|521
40|160|322|522
40|160|323|523
41|160|323|524
41|160|324|525
41|160|325|526
41|160|326|527
42|160|326|528
42|161|326|529
43|161|326|530
43|161|327|531
44|161|327|532
44|161|328|533
44|161|329|534
44|161|330|535
45|161|330|536
45|161|331|537
46|161|331|538
46|162|331|539
46|162|332|540
46|162|333|541
47|162|333|542
47|163|333|543
47|163|334|544
47|164|334|545
47|164|335|546
47|164|336|547
48|164|336|548
48|164|337|549
48|164|338|550
48|165|338|551
48|165|339|552
48|166|339|553
48|166|340|554
48|167|340|555
48|167|341|556
48|168|341|557
48|168|342|558
48|169|342|559
48|169|343|560
48|170|343|561
48|170|344|562
48|170|345|563
48|170|346|564
48|171|346|565
48|171|347|566
48|172|347|567
48|172|348|568
48|173|348|569
48|173|349|570
48|174|349|571
48|174|350|572
48|175|350|573
48|175|351|574
48|176|351|575
48|176|352|576
48|177|352|577
48|177|353|578
48|177|354|579
48|177|355|580
48|178|355|581
48|178|356|582
48|179|356|583
48|179|357|584
48|180|357|585
48|180|358|586
48|180|359|587
48|180|360|588
48|181|360|589
48|181|361|590
48|181|362|591
48|181|363|592
48|182|363|593
48|182|364|594
48|183|364|595
48|183|365|596
48|183|366|597
48|183|367|598
48|184|367|599
48|184|368|600
48|185|368|601
48|185|369|602
48|186|369|603
48|186|370|604
48|187|370|605
48|187|371|606
48|188|371|607
48|188|372|608
48|189|372|609
49|189|372|610
49|190|372|611
49|190|373|612
49|191|373|613
50|191|373|614
50|192|373|615
51|192|373|616
51|193|373|617
52|193|373|618
52|194|373|619
53|194|373|620
53|195|373|621
54|195|373|622
54|196|373|623
54|196|374|624
54|197|374|625
54|197|375|626
54|198|375|627
54|198|376|628
54|199|376|629
54|199|377|630
54|200|377|631
54|200|378|632
54|201|378|633
54|201|379|634
54|202|379|635
54|202|380|636
54|203|380|637
54|203|381|638
54|204|381|639
54|204|382|640
54|205|382|641
54|205|383|642
54|206|383|643
54|206|384|644
54|207|384|645
54|207|385|646
54|208|385|647
54|208|386|648
54|209|386|649
54|209|387|650
54|210|387|651
54|210|388|652
54|211|388|653
54|211|389|654
54|212|389|655
54|212|390|656
54|213|390|657
54|213|391|658
54|213|392|659
54|213|393|660
54|213|394|661
55|213|394|662
55|213|395|663
55|213|396|664
55|213|397|665
56|213|397|666
56|213|398|667
57|213|398|668
57|213|399|669
58|213|399|670
58|213|400|671
59|213|400|672
59|213|401|673
60|213|401|674
60|213|402|675
61|213|402|676
61|213|403|677
62|213|403|678
62|213|404|679
63|213|404|680
63|213|405|681
63|213|406|682
63|213|407|683
64|213|407|684
64|213|408|685
65|213|408|686
65|213|409|687
66|213|409|688
66|213|410|689
66|213|411|690
66|213|412|691
66|213|413|692
66|213|414|693
66|213|415|694
66|214|415|695
66|214|416|696
66|215|416|697
66|215|417|698
66|216|417|699
66|216|418|700
66|217|418|701
66|217|419|702
66|218|419|703
66|218|420|704
66|219|420|705
66|219|421|706
66|220|421|707
66|220|422|708
66|221|422|709
66|221|423|710
66|222|423|711
66|222|424|712
66|223|424|713
66|223|425|714
66|224|425|715
66|224|426|716
66|225|426|717
66|225|427|718
66|226|427|719
66|226|428|720
66|227|428|721
66|227|429|722
66|228|429|723
66|228|430|724
66|229|430|725
66|229|431|726
66|230|431|727
66|230|432|728
66|231|432|729
66|231|433|730
66|232|433|731
66|232|434|732
66|233|434|733
66|233|435|734
66|234|435|735
67|234|435|736
67|235|435|737
67|235|436|738
67|236|436|739
67|236|437|740
67|237|437|741
67|237|438|742
67|238|438|743
67|238|439|744
67|239|439|745
67|239|440|746
67|240|440|747
67|240|441|748
67|241|441|749
68|241|441|750
68|242|441|751
68|242|442|752
68|243|442|753
68|243|443|754
68|244|443|755
68|244|444|756
68|245|444|757
68|245|445|758
68|246|445|759
69|246|445|760
69|247|445|761
69|247|446|762
69|248|446|763
69|248|447|764
69|248|448|765
69|248|449|766
69|248|450|767
70|248|450|768
70|248|451|769
70|248|452|770
70|248|453|771
71|248|453|772
71|248|454|773
71|248|455|774
71|248|456|775
71|248|457|776
71|248|458|777
72|248|458|778
72|248|459|779
72|248|460|780
72|248|461|781
72|248|462|782
72|248|463|783
72|248|464|784
72|248|465|785
73|248|465|786
73|248|466|787
73|248|467|788
73|248|468|789
73|248|469|790
73|248|470|791
73|248|471|792
73|248|472|793
73|248|473|794
73|248|474|795
73|248|475|796
73|248|476|797
73|248|477|798
73|248|478|799
73|248|479|800
73|248|480|801
74|248|480|802
74|249|480|803
74|249|481|804
74|250|481|805
74|250|482|806
74|251|482|807
74|251|483|808
74|252|483|809
74|252|484|810
74|253|484|811
74|253|485|812
74|254|485|813
74|254|486|814
74|255|486|815
74|255|487|816
74|256|487|817
74|256|488|818
74|257|488|819
74|257|489|820
74|258|489|821
74|258|490|822
74|259|490|823
74|259|491|824
74|260|491|825
74|260|492|826
74|261|492|827
74|261|493|828
74|262|493|829
74|262|494|830
74|263|494|831
74|263|495|832
74|264|495|833
74|264|496|834
74|265|496|835
74|265|497|836
74|266|497|837
74|266|498|838
74|266|499|839
74|266|500|840
74|267|500|841
74|267|501|842
74|268|501|843
74|268|502|844
74|269|502|845
74|269|503|846
74|270|503|847
74|270|504|848
74|270|505|849
74|270|506|850
74|271|506|851
74|271|507|852
74|271|508|853
75|271|508|854
75|272|508|855
75|272|509|856
75|272|510|857
76|272|510|858
76|273|510|859
76|273|511|860
76|274|511|861
76|274|512|862
76|274|513|863
76|274|514|864
76|275|514|865
76|275|515|866
76|276|515|867
77|276|515|868
77|277|515|869
77|277|516|870
77|277|517|871
78|277|517|872
78|277|518|873
78|277|519|874
78|277|520|875
78|277|521|876
78|277|522|877
78|277|523|878
78|277|524|879
78|277|525|880
78|277|526|881
78|277|527|882
78|277|528|883
78|277|529|884
78|277|530|885
78|277|531|886
78|277|532|887
78|277|533|888
78|277|534|889
78|277|535|890
78|277|536|891
78|277|537|892
78|277|538|893
78|277|539|894
78|277|540|895
78|277|541|896
78|277|542|897
78|277|543|898
78|277|544|899
78|277|545|900
78|277|546|901
78|277|547|902
78|277|548|903
78|277|549|904
78|277|550|905
78|277|551|906
78|277|552|907
78|277|553|908
78|277|554|909
78|277|555|910
78|277|556|911
78|277|557|912
78|277|558|913
78|277|559|914
78|277|560|915
78|277|561|916
78|277|562|917
78|277|563|918
78|277|564|919
78|277|565|920
78|277|566|921
78|277|567|922
78|277|568|923
78|277|569|924
78|277|570|925
78|277|571|926
78|277|572|927
78|277|573|928
78|277|574|929
78|277|575|930
78|277|576|931
78|277|577|932
78|277|578|933
78|277|579|934
78|277|580|935
78|277|581|936
78|277|582|937
78|277|583|938
78|277|584|939
78|277|585|940
78|277|586|941
78|277|587|942
78|277|588|943
78|277|589|944
78|277|590|945
78|277|591|946
78|277|592|947
79|277|592|948
79|278|592|949
79|278|593|950
79|278|594|951
80|278|594|952
80|279|594|953
80|279|595|954
80|280|595|955
80|280|596|956
80|281|596|957
80|281|597|958
80|282|597|959
80|282|598|960
80|283|598|961
80|283|599|962
80|284|599|963
80|284|600|964
80|285|600|965
80|285|601|966
80|286|601|967
80|286|602|968
80|287|602|969
80|287|603|970
80|287|604|971
80|287|605|972
80|288|605|973
80|288|606|974
80|288|607|975
80|288|608|976
80|289|608|977
80|289|609|978
80|290|609|979
80|290|610|980
80|290|611|981
80|290|612|982
80|290|613|983
80|290|614|984
80|291|614|985
80|291|615|986
80|292|615|987
80|292|616|988
80|293|616|989
81|293|616|990
81|294|616|991
81|294|617|992
81|294|618|993
81|294|619|994
81|294|620|995
81|294|621|996
81|294|622|997
81|294|623|998
81|295|623|999
81|295|624|1000
81|295|625|1001
82|295|625|1002
82|296|625|1003
83|296|625|1004
83|297|625|1005
84|297|625|1006
84|298|625|1007
85|298|625|1008
85|299|625|1009
86|299|625|1010
86|300|625|1011
86|300|626|1012
86|301|626|1013
86|301|627|1014
86|302|627|1015
86|302|628|1016
86|303|628|1017
86|303|629|1018
86|304|629|1019
87|304|629|1020
87|304|630|1021
87|304|631|1022
87|304|632|1023
87|304|633|1024
87|304|634|1025
87|304|635|1026
87|304|636|1027
88|304|636|1028
88|304|637|1029
89|304|637|1030
89|304|638|1031
89|304|639|1032
89|304|640|1033
90|304|640|1034
90|304|641|1035
91|304|641|1036
91|304|642|1037
92|304|642|1038
92|304|643|1039
92|304|644|1040
92|304|645|1041
92|304|646|1042
92|304|647|1043
93|304|647|1044
93|304|648|1045
93|304|649|1046
93|304|650|1047
93|304|651|1048
93|305|651|1049
93|305|652|1050
93|305|653|1051
93|305|654|1052
93|305|655|1053
93|305|656|1054
93|306|656|1055
93|306|657|1056
93|307|657|1057
93|307|658|1058
93|308|658|1059
93|308|659|1060
93|309|659|1061
93|309|660|1062
93|310|660|1063
93|310|661|1064
93|311|661|1065
93|311|662|1066
93|312|662|1067
93|312|663|1068
93|313|663|1069
93|313|664|1070
93|314|664|1071
93|314|665|1072
93|315|665|1073
93|315|666|1074
93|316|666|1075
93|316|667|1076
93|317|667|1077
93|317|668|1078
93|318|668|1079
93|318|669|1080
93|319|669|1081
93|319|670|1082
93|320|670|1083
93|320|671|1084
93|321|671|1085
93|321|672|1086
93|322|672|1087
93|322|673|1088
93|323|673|1089
93|323|674|1090
93|323|675|1091
93|323|676|1092
93|324|676|1093
93|324|677|1094
93|325|677|1095
94|325|677|1096
94|326|677|1097
94|326|678|1098
94|326|679|1099
95|326|679|1100
95|327|679|1101
95|327|680|1102
95|328|680|1103
95|328|681|1104
95|329|681|1105
95|329|682|1106
95|329|683|1107
96|329|683|1108
96|330|683|1109
96|330|684|1110
96|331|684|1111
96|331|685|1112
96|332|685|1113
96|332|686|1114
96|333|686|1115
96|333|687|1116
96|334|687|1117
96|334|688|1118
96|335|688|1119
96|335|689|1120
96|336|689|1121
96|336|690|1122
96|337|690|1123
96|337|691|1124
96|338|691|1125
97|338|691|1126
97|339|691|1127
97|339|692|1128
97|340|692|1129
97|340|693|1130
97|341|693|1131
97|341|694|1132
97|342|694|1133
97|342|695|1134
97|343|695|1135
97|343|696|1136
97|344|696|1137
97|344|697|1138
97|345|697|1139
97|345|698|1140
97|346|698|1141
97|346|699|1142
97|347|699|1143
97|347|700|1144
97|348|700|1145
97|348|701|1146
97|349|701|1147
97|349|702|1148
97|350|702|1149
97|350|703|1150
97|351|703|1151
97|351|704|1152
97|352|704|1153
97|352|705|1154
97|353|705|1155
97|353|706|1156
97|354|706|1157
97|354|707|1158
97|354|708|1159
97|354|709|1160
97|354|710|1161
97|354|711|1162
97|355|711|1163
97|355|712|1164
97|356|712|1165
97|356|713|1166
97|357|713|1167
97|357|714|1168
97|358|714|1169
97|358|715|1170
97|359|715|1171
97|359|716|1172
97|360|716|1173
97|360|717|1174
97|361|717|1175
97|361|718|1176
97|362|718|1177
97|362|719|1178
97|363|719|1179
97|363|720|1180
97|364|720|1181
97|364|721|1182
97|365|721|1183
97|365|722|1184
97|366|722|1185
97|366|723|1186
97|367|723|1187
97|367|724|1188
97|368|724|1189
97|368|725|1190
97|369|725|1191
97|369|726|1192
97|370|726|1193
97|370|727|1194
97|371|727|1195
97|371|728|1196
97|372|728|1197
97|372|729|1198
97|372|730|1199
98|372|730|1200
98|372|731|1201
99|372|731|1202
99|372|732|1203
100|372|732|1204
100|372|733|1205
101|372|733|1206
101|372|734|1207
102|372|734|1208
102|372|735|1209
103|372|735|1210
103|372|736|1211
103|372|737|1212
103|373|737|1213
104|373|737|1214
104|373|738|1215
105|373|738|1216
105|373|739|1217
106|373|739|1218
106|374|739|1219
107|374|739|1220
107|374|740|1221
108|374|740|1222
108|374|741|1223
109|374|741|1224
109|374|742|1225
110|374|742|1226
110|374|743|1227
110|374|744|1228
110|374|745|1229
111|374|745|1230
111|374|746|1231
111|374|747|1232
111|374|748|1233
112|374|748|1234
112|375|748|1235
112|375|749|1236
112|376|749|1237
112|376|750|1238
112|377|750|1239
112|377|751|1240
112|377|752|1241
112|377|753|1242
112|378|753|1243
112|378|754|1244
112|378|755|1245
112|378|756|1246
112|379|756|1247
113|379|756|1248
113|380|756|1249
113|380|757|1250
113|381|757|1251
113|381|758|1252
113|382|758|1253
113|382|759|1254
113|383|759|1255
113|383|760|1256
113|384|760|1257
113|384|761|1258
113|385|761|1259
113|385|762|1260
113|386|762|1261
113|386|763|1262
113|386|764|1263
113|386|765|1264
113|387|765|1265
113|387|766|1266
113|388|766|1267
113|388|767|1268
113|388|768|1269
113|388|769|1270
113|389|769|1271
113|389|770|1272
113|390|770|1273
113|390|771|1274
113|391|771|1275
113|391|772|1276
113|392|772|1277
113|392|773|1278
113|393|773|1279
113|393|774|1280
113|394|774|1281
114|394|774|1282
114|395|774|1283
114|395|775|1284
114|396|775|1285
114|396|776|1286
114|396|777|1287
115|396|777|1288
115|397|777|1289
115|397|778|1290
115|398|778|1291
115|398|779|1292
115|399|779|1293
115|399|780|1294
115|400|780|1295
115|400|781|1296
115|401|781|1297
115|401|782|1298
115|402|782|1299
116|402|782|1300
116|402|783|1301
117|402|783|1302
117|402|784|1303
118|402|784|1304
118|403|784|1305
118|403|785|1306
118|404|785|1307
118|404|786|1308
118|405|786|1309
118|405|787|1310
118|406|787|1311
118|406|788|1312
118|407|788|1313
118|407|789|1314
118|408|789|1315
118|408|790|1316
118|409|790|1317
118|409|791|1318
118|410|791|1319
118|410|792|1320
118|411|792|1321
118|411|793|1322
118|412|793|1323
118|412|794|1324
118|413|794|1325
118|413|795|1326
118|414|795|1327
118|414|796|1328
118|415|796|1329
118|415|797|1330
118|416|797|1331
118|416|798|1332
118|417|798|1333
118|417|799|1334
118|418|799|1335
118|418|800|1336
118|419|800|1337
118|419|801|1338
118|420|801|1339
118|420|802|1340
118|421|802|1341
118|421|803|1342
118|421|804|1343
119|421|804|1344
119|421|805|1345
119|421|806|1346
119|421|807|1347
120|421|807|1348
120|421|808|1349
121|421|808|1350
121|421|809|1351
122|421|809|1352
122|421|810|1353
122|421|811|1354
122|421|812|1355
123|421|812|1356
123|421|813|1357
124|421|813|1358
124|421|814|1359
125|421|814|1360
125|421|815|1361
126|421|815|1362
126|421|816|1363
127|421|816|1364
127|421|817|1365
128|421|817|1366
128|421|818|1367
129|421|818|1368
129|421|819|1369
130|421|819|1370
130|421|820|1371
130|421|821|1372
130|421|822|1373
130|421|823|1374
130|421|824|1375
131|421|824|1376
131|421|825|1377
131|421|826|1378
131|422|826|1379
131|422|827|1380
131|423|827|1381
131|423|828|1382
131|424|828|1383
131|424|829|1384
131|425|829|1385
131|425|830|1386
131|426|830|1387
131|426|831|1388
131|427|831|1389
131|427|832|1390
131|428|832|1391
131|428|833|1392
131|429|833|1393
131|429|834|1394
131|430|834|1395
131|430|835|1396
131|431|835|1397
131|431|836|1398
131|432|836|1399
131|432|837|1400
131|433|837|1401
131|433|838|1402
131|434|838|1403
131|434|839|1404
131|435|839|1405
131|435|840|1406
131|436|840|1407
131|436|841|1408
131|437|841|1409
131|437|842|1410
131|438|842|1411
131|438|843|1412
131|439|843|1413
131|439|844|1414
131|439|845|1415
132|439|845|1416
132|440|845|1417
132|440|846|1418
132|441|846|1419
132|441|847|1420
132|441|848|1421
132|441|849|1422
132|442|849|1423
132|442|850|1424
132|443|850|1425
132|443|851|1426
132|444|851|1427
132|444|852|1428
132|445|852|1429
132|445|853|1430
132|446|853|1431
132|446|854|1432
132|446|855|1433
132|446|856|1434
132|447|856|1435
132|447|857|1436
132|447|858|1437
132|447|859|1438
132|448|859|1439
132|448|860|1440
132|449|860|1441
132|449|861|1442
132|450|861|1443
133|450|861|1444
133|451|861|1445
134|451|861|1446
134|451|862|1447
135|451|862|1448
135|452|862|1449
136|452|862|1450
136|452|863|1451
137|452|863|1452
137|452|864|1453
137|452|865|1454
137|452|866|1455
137|452|867|1456
137|452|868|1457
137|452|869|1458
137|452|870|1459
137|452|871|1460
137|452|872|1461
138|452|872|1462
138|452|873|1463
139|452|873|1464
139|452|874|1465
139|452|875|1466
139|452|876|1467
139|452|877|1468
139|452|878|1469
140|452|878|1470
140|452|879|1471
140|452|880|1472
140|452|881|1473
141|452|881|1474
141|452|882|1475
141|452|883|1476
141|452|884|1477
142|452|884|1478
142|452|885|1479
142|452|886|1480
142|452|887|1481
142|452|888|1482
142|452|889|1483
143|452|889|1484
143|452|890|1485
144|452|890|1486
144|453|890|1487
144|453|891|1488
144|454|891|1489
144|454|892|1490
144|455|892|1491
144|455|893|1492
144|456|893|1493
144|456|894|1494
144|457|894|1495
144|457|895|1496
144|458|895|1497
144|458|896|1498
144|459|896|1499
144|459|897|1500
144|460|897|1501
144|460|898|1502
144|461|898|1503
144|461|899|1504
144|462|899|1505
144|462|900|1506
144|463|900|1507
144|463|901|1508
144|464|901|1509
144|464|902|1510
144|465|902|1511
144|465|903|1512
144|466|903|1513
144|466|904|1514
144|467|904|1515
144|467|905|1516
144|468|905|1517
144|468|906|1518
144|469|906|1519
144|469|907|1520
144|470|907|1521
144|470|908|1522
144|470|909|1523
144|470|910|1524
144|471|910|1525
144|471|911|1526
144|472|911|1527
144|472|912|1528
144|473|912|1529
144|473|913|1530
144|474|913|1531
144|474|914|1532
144|474|915|1533
145|474|915|1534
145|475|915|1535
145|475|916|1536
145|476|916|1537
145|476|917|1538
145|477|917|1539
145|477|918|1540
145|477|919|1541
146|477|919|1542
146|478|919|1543
146|478|920|1544
146|479|920|1545
146|479|921|1546
146|479|922|1547
146|479|923|1548
146|480|923|1549
146|480|924|1550
146|481|924|1551
146|481|925|1552
146|481|926|1553
146|481|927|1554
146|481|928|1555
146|481|929|1556
146|481|930|1557
147|481|930|1558
147|481|931|1559
147|481|932|1560
147|481|933|1561
147|481|934|1562
147|481|935|1563
147|481|936|1564
147|481|937|1565
147|481|938|1566
147|481|939|1567
147|481|940|1568
147|481|941|1569
147|481|942|1570
147|481|943|1571
147|481|944|1572
147|481|945|1573
147|481|946|1574
147|481|947|1575
147|481|948|1576
147|481|949|1577
147|481|950|1578
147|481|951|1579
147|481|952|1580
147|481|953|1581
147|481|954|1582
147|481|955|1583
147|481|956|1584
147|481|957|1585
147|481|958|1586
147|481|959|1587
147|481|960|1588
147|481|961|1589
147|481|962|1590
147|481|963|1591
147|481|964|1592
147|481|965|1593
147|481|966|1594
147|481|967|1595
147|481|968|1596
147|481|969|1597
147|481|970|1598
147|481|971|1599
147|481|972|1600
147|481|973|1601
147|481|974|1602
147|481|975|1603
147|481|976|1604
147|481|977|1605
147|481|978|1606
147|481|979|1607
147|481|980|1608
147|481|981|1609
147|481|982|1610
147|481|983|1611
147|481|984|1612
147|481|985|1613
147|481|986|1614
147|481|987|1615
147|481|988|1616
147|481|989|1617
147|481|990|1618
147|481|991|1619
147|481|992|1620
147|481|993|1621
147|481|994|1622
147|481|995|1623
147|481|996|1624
147|481|997|1625
147|481|998|1626
147|481|999|1627
147|481|1000|1628
147|481|1001|1629
147|481|1002|1630
147|481|1003|1631
147|481|1004|1632
147|482|1004|1633
147|482|1005|1634
147|483|1005|1635
147|483|1006|1636
147|484|1006|1637
147|484|1007|1638
147|485|1007|1639
147|485|1008|1640
147|485|1009|1641
147|485|1010|1642
147|486|1010|1643
147|486|1011|1644
147|487|1011|1645
147|487|1012|1646
147|488|1012|1647
147|488|1013|1648
147|489|1013|1649
147|489|1014|1650
147|490|1014|1651
147|490|1015|1652
147|491|1015|1653
147|491|1016|1654
147|491|1017|1655
147|491|1018|1656
147|492|1018|1657
147|492|1019|1658
147|493|1019|1659
147|493|1020|1660
147|493|1021|1661
147|493|1022|1662
147|494|1022|1663
147|494|1023|1664
147|494|1024|1665
147|494|1025|1666
147|495|1025|1667
148|495|1025|1668
148|496|1025|1669
148|496|1026|1670
148|497|1026|1671
148|497|1027|1672
148|497|1028|1673
148|497|1029|1674
148|498|1029|1675
148|498|1030|1676
148|498|1031|1677
148|498|1032|1678
148|499|1032|1679
148|499|1033|1680
148|500|1033|1681
148|500|1034|1682
148|501|1034|1683
148|501|1035|1684
148|501|1036|1685
149|501|1036|1686
149|502|1036|1687
150|502|1036|1688
150|503|1036|1689
150|503|1037|1690
150|504|1037|1691
151|504|1037|1692
151|505|1037|1693
151|505|1038|1694
151|506|1038|1695
152|506|1038|1696
152|507|1038|1697
153|507|1038|1698
153|508|1038|1699
153|508|1039|1700
153|508|1040|1701
153|508|1041|1702
153|508|1042|1703
154|508|1042|1704
154|508|1043|1705
155|508|1043|1706
155|508|1044|1707
155|508|1045|1708
155|508|1046|1709
155|508|1047|1710
155|508|1048|1711
155|508|1049|1712
155|508|1050|1713
156|508|1050|1714
156|508|1051|1715
156|508|1052|1716
156|508|1053|1717
156|508|1054|1718
156|508|1055|1719
157|508|1055|1720
157|508|1056|1721
158|508|1056|1722
158|508|1057|1723
158|508|1058|1724
158|508|1059|1725
158|508|1060|1726
158|508|1061|1727
159|508|1061|1728
159|508|1062|1729
159|508|1063|1730
159|508|1064|1731
159|508|1065|1732
159|508|1066|1733
159|508|1067|1734
159|508|1068|1735
159|508|1069|1736
159|508|1070|1737
160|508|1070|1738
160|509|1070|1739
160|509|1071|1740
160|510|1071|1741
160|510|1072|1742
160|511|1072|1743
160|511|1073|1744
160|512|1073|1745
160|512|1074|1746
160|513|1074|1747
160|513|1075|1748
160|514|1075|1749
160|514|1076|1750
160|515|1076|1751
160|515|1077|1752
160|516|1077|1753
160|516|1078|1754
160|517|1078|1755
161|517|1078|1756
161|518|1078|1757
161|518|1079|1758
161|519|1079|1759
161|519|1080|1760
161|520|1080|1761
161|520|1081|1762
161|521|1081|1763
161|521|1082|1764
161|522|1082|1765
162|522|1082|1766
162|523|1082|1767
162|523|1083|1768
162|524|1083|1769
162|524|1084|1770
162|525|1084|1771
163|525|1084|1772
163|526|1084|1773
163|526|1085|1774
163|527|1085|1775
164|527|1085|1776
164|528|1085|1777
164|528|1086|1778
164|529|1086|1779
164|529|1087|1780
164|530|1087|1781
164|530|1088|1782
164|530|1089|1783
164|530|1090|1784
164|531|1090|1785
164|531|1091|1786
164|531|1092|1787
164|531|1093|1788
164|532|1093|1789
164|532|1094|1790
164|532|1095|1791
165|532|1095|1792
165|533|1095|1793
165|533|1096|1794
165|534|1096|1795
165|534|1097|1796
165|535|1097|1797
165|535|1098|1798
165|536|1098|1799
165|536|1099|1800
165|536|1100|1801
166|536|1100|1802
166|537|1100|1803
166|537|1101|1804
166|538|1101|1805
166|538|1102|1806
166|539|1102|1807
167|539|1102|1808
167|540|1102|1809
168|540|1102|1810
168|541|1102|1811
168|541|1103|1812
168|542|1103|1813
168|542|1104|1814
168|543|1104|1815
168|543|1105|1816
168|544|1105|1817
168|544|1106|1818
168|545|1106|1819
168|545|1107|1820
168|546|1107|1821
168|546|1108|1822
168|547|1108|1823
168|547|1109|1824
168|548|1109|1825
168|548|1110|1826
168|549|1110|1827
168|549|1111|1828
168|550|1111|1829
168|550|1112|1830
168|551|1112|1831
168|551|1113|1832
168|552|1113|1833
168|552|1114|1834
168|553|1114|1835
168|553|1115|1836
168|554|1115|1837
168|554|1116|1838
168|555|1116|1839
168|555|1117|1840
168|556|1117|1841
168|556|1118|1842
168|557|1118|1843
168|557|1119|1844
168|558|1119|1845
168|558|1120|1846
168|559|1120|1847
168|559|1121|1848
168|560|1121|1849
168|560|1122|1850
168|561|1122|1851
168|561|1123|1852
168|562|1123|1853
168|562|1124|1854
168|563|1124|1855
168|563|1125|1856
168|564|1125|1857
168|564|1126|1858
168|565|1126|1859
168|565|1127|1860
168|566|1127|1861
168|566|1128|1862
168|567|1128|1863
168|567|1129|1864
168|568|1129|1865
168|568|1130|1866
168|569|1130|1867
168|569|1131|1868
168|570|1131|1869
168|570|1132|1870
168|571|1132|1871
168|571|1133|1872
168|572|1133|1873
168|572|1134|1874
168|573|1134|1875
168|573|1135|1876
168|574|1135|1877
168|574|1136|1878
168|575|1136|1879
168|575|1137|1880
168|576|1137|1881
168|576|1138|1882
168|576|1139|1883
168|576|1140|1884
168|576|1141|1885
169|576|1141|1886
169|576|1142|1887
170|576|1142|1888
170|577|1142|1889
171|577|1142|1890
171|577|1143|1891
172|577|1143|1892
172|577|1144|1893
172|577|1145|1894
172|577|1146|1895
173|577|1146|1896
173|577|1147|1897
174|577|1147|1898
174|577|1148|1899
175|577|1148|1900
175|577|1149|1901
176|577|1149|1902
176|577|1150|1903
177|577|1150|1904
177|577|1151|1905
178|577|1151|1906
178|577|1152|1907
178|577|1153|1908
178|577|1154|1909
179|577|1154|1910
179|577|1155|1911
180|577|1155|1912
180|578|1155|1913
181|578|1155|1914
181|579|1155|1915
182|579|1155|1916
182|579|1156|1917
183|579|1156|1918
183|580|1156|1919
183|580|1157|1920
183|581|1157|1921
183|581|1158|1922
183|582|1158|1923
183|582|1159|1924
183|583|1159|1925
183|583|1160|1926
183|584|1160|1927
183|584|1161|1928
183|584|1162|1929
183|584|1163|1930
183|585|1163|1931
183|585|1164|1932
183|586|1164|1933
183|586|1165|1934
183|587|1165|1935
183|587|1166|1936
183|588|1166|1937
183|588|1167|1938
183|589|1167|1939
183|589|1168|1940
183|590|1168|1941
183|590|1169|1942
183|591|1169|1943
183|591|1170|1944
183|592|1170|1945
183|592|1171|1946
183|593|1171|1947
183|593|1172|1948
183|594|1172|1949
183|594|1173|1950
183|594|1174|1951
183|594|1175|1952
183|595|1175|1953
183|595|1176|1954
183|595|1177|1955
184|595|1177|1956
184|596|1177|1957
184|596|1178|1958
184|597|1178|1959
185|597|1178|1960
185|598|1178|1961
185|598|1179|1962
185|599|1179|1963
185|599|1180|1964
185|600|1180|1965
185|600|1181|1966
185|601|1181|1967
185|601|1182|1968
185|602|1182|1969
185|602|1183|1970
185|602|1184|1971
185|602|1185|1972
185|603|1185|1973
185|603|1186|1974
185|604|1186|1975
185|604|1187|1976
185|605|1187|1977
185|605|1188|1978
185|606|1188|1979
185|606|1189|1980
185|607|1189|1981
185|607|1190|1982
185|608|1190|1983
185|608|1191|1984
185|609|1191|1985
186|609|1191|1986
186|610|1191|1987
187|610|1191|1988
187|611|1191|1989
187|611|1192|1990
187|612|1192|1991
187|612|1193|1992
187|613|1193|1993
187|613|1194|1994
187|614|1194|1995
187|614|1195|1996
187|615|1195|1997
187|615|1196|1998
187|616|1196|1999
187|616|1197|2000
