total
0|0|1|1
0|1|1|2
1|1|1|3
1|1|2|4
1|2|2|5
1|2|3|6
1|3|3|7
1|3|4|8
1|4|4|9
1|4|5|10
1|4|6|11
1|4|7|12
1|4|8|13
1|5|8|14
1|5|9|15
1|6|9|16
1|6|10|17
1|7|10|18
1|7|11|19
1|8|11|20
1|8|12|21
1|8|13|22
1|8|14|23
1|9|14|24
1|9|15|25
1|10|15|26
1|10|16|27
1|11|16|28
1|11|17|29
1|11|18|30
1|11|19|31
1|12|19|32
1|12|20|33
1|13|20|34
1|13|21|35
1|14|21|36
1|14|22|37
1|15|22|38
1|15|23|39
1|15|24|40
1|15|25|41
1|15|26|42
1|15|27|43
1|16|27|44
1|16|28|45
1|16|29|46
1|16|30|47
1|17|30|48
1|17|31|49
1|18|31|50
1|18|32|51
1|19|32|52
1|19|33|53
1|20|33|54
1|21|33|55
1|22|33|56
1|23|33|57
1|23|34|58
1|23|35|59
1|24|35|60
1|24|36|61
1|25|36|62
1|26|36|63
1|27|36|64
1|28|36|65
1|28|37|66
1|28|38|67
1|29|38|68
1|29|39|69
1|30|39|70
1|30|40|71
1|31|40|72
1|31|41|73
1|32|41|74
1|32|42|75
1|33|42|76
1|34|42|77
1|35|42|78
1|36|42|79
1|37|42|80
1|37|43|81
1|38|43|82
1|38|44|83
1|38|45|84
1|38|46|85
1|38|47|86
1|38|48|87
1|38|49|88
1|38|50|89
1|38|51|90
1|39|51|91
1|39|52|92
1|40|52|93
1|40|53|94
1|41|53|95
1|41|54|96
1|41|55|97
1|41|56|98
1|42|56|99
1|42|57|100
1|43|57|101
1|43|58|102
1|43|59|103
1|43|60|104
1|43|61|105
1|43|62|106
1|43|63|107
1|43|64|108
1|43|65|109
1|43|66|110
1|43|67|111
1|43|68|112
1|44|68|113
1|44|69|114
1|45|69|115
1|45|70|116
1|45|71|117
1|45|72|118
1|45|73|119
1|46|73|120
1|46|74|121
1|47|74|122
1|47|75|123
1|48|75|124
1|48|76|125
1|49|76|126
1|49|77|127
1|50|77|128
1|50|78|129
1|51|78|130
1|51|79|131
1|52|79|132
1|52|80|133
1|53|80|134
1|53|81|135
1|54|81|136
1|54|82|137
1|55|82|138
1|55|83|139
1|56|83|140
1|56|84|141
1|57|84|142
1|57|85|143
1|58|85|144
1|58|86|145
1|59|86|146
1|59|87|147
1|60|87|148
1|60|88|149
1|61|88|150
1|61|89|151
1|62|89|152
1|62|90|153
1|63|90|154
1|63|91|155
1|63|92|156
1|63|93|157
1|64|93|158
1|64|94|159
1|65|94|160
1|65|95|161
1|66|95|162
1|67|95|163
1|68|95|164
2|68|95|165
2|68|96|166
2|68|97|167
2|69|97|168
2|69|98|169
2|70|98|170
2|70|99|171
2|71|99|172
2|72|99|173
2|72|100|174
2|72|101|175
2|73|101|176
2|73|102|177
2|74|102|178
2|74|103|179
2|74|104|180
2|74|105|181
2|75|105|182
2|75|106|183
2|75|107|184
2|76|107|185
2|77|107|186
2|78|107|187
2|79|107|188
2|79|108|189
2|80|108|190
2|80|109|191
2|81|109|192
2|81|110|193
2|82|110|194
2|82|111|195
2|83|111|196
2|83|112|197
2|84|112|198
2|84|113|199
2|85|113|200
2|85|114|201
2|86|114|202
2|86|115|203
2|87|115|204
2|87|116|205
2|88|116|206
2|88|117|207
2|89|117|208
2|89|118|209
2|90|118|210
2|90|119|211
2|91|119|212
2|91|120|213
2|92|120|214
2|92|121|215
2|93|121|216
2|93|122|217
2|94|122|218
2|94|123|219
2|95|123|220
2|95|124|221
2|96|124|222
2|96|125|223
2|97|125|224
2|97|126|225
2|98|126|226
2|99|126|227
2|100|126|228
2|101|126|229
2|102|126|230
2|103|126|231
2|104|126|232
2|105|126|233
2|106|126|234
2|107|126|235
2|108|126|236
2|109|126|237
2|110|126|238
2|111|126|239
2|112|126|240
2|113|126|241
2|114|126|242
2|115|126|243
2|116|126|244
2|117|126|245
2|118|126|246
2|119|126|247
2|120|126|248
2|121|126|249
2|122|126|250
2|123|126|251
2|124|126|252
2|125|126|253
2|126|126|254
2|127|126|255
2|128|126|256
2|129|126|257
2|130|126|258
2|131|126|259
2|132|126|260
2|133|126|261
2|134|126|262
2|134|127|263
2|135|127|264
2|135|128|265
2|136|128|266
2|136|129|267
2|137|129|268
2|137|130|269
2|138|130|270
2|138|131|271
2|139|131|272
2|139|132|273
2|140|132|274
2|140|133|275
2|141|133|276
2|141|134|277
2|142|134|278
2|142|135|279
2|143|135|280
2|143|136|281
2|144|136|282
2|144|137|283
2|145|137|284
2|145|138|285
2|146|138|286
2|146|139|287
2|147|139|288
2|147|140|289
2|148|140|290
2|148|141|291
2|149|141|292
2|149|142|293
2|150|142|294
2|150|143|295
2|151|143|296
2|151|144|297
2|152|144|298
2|152|145|299
2|153|145|300
2|153|146|301
2|154|146|302
2|154|147|303
2|155|147|304
2|155|148|305
2|156|148|306
2|157|148|307
2|158|148|308
3|158|148|309
3|158|149|310
3|159|149|311
3|160|149|312
3|160|150|313
3|160|151|314
3|161|151|315
3|162|151|316
4|162|151|317
4|162|152|318
4|162|153|319
4|163|153|320
4|163|154|321
4|164|154|322
4|164|155|323
4|165|155|324
4|165|156|325
4|166|156|326
4|166|157|327
4|167|157|328
4|167|158|329
4|167|159|330
4|167|160|331
4|167|161|332
4|167|162|333
4|167|163|334
4|167|164|335
4|167|165|336
4|167|166|337
4|167|167|338
4|167|168|339
4|167|169|340
4|167|170|341
4|167|171|342
5|167|171|343
5|167|172|344
5|167|173|345
5|167|174|346
6|167|174|347
6|167|175|348
6|167|176|349
6|167|177|350
7|167|177|351
7|167|178|352
7|167|179|353
7|167|180|354
7|167|181|355
7|167|182|356
7|167|183|357
7|167|184|358
7|167|185|359
7|167|186|360
7|167|187|361
7|167|188|362
7|167|189|363
7|167|190|364
7|168|190|365
7|169|190|366
7|170|190|367
7|171|190|368
7|171|191|369
7|171|192|370
7|171|193|371
7|172|193|372
7|172|194|373
7|173|194|374
7|173|195|375
7|174|195|376
7|174|196|377
7|175|196|378
7|175|197|379
7|176|197|380
7|177|197|381
7|178|197|382
7|178|198|383
7|179|198|384
7|180|198|385
7|181|198|386
7|181|199|387
7|182|199|388
7|182|200|389
7|183|200|390
7|183|201|391
7|184|201|392
7|184|202|393
7|185|202|394
7|185|203|395
7|186|203|396
7|186|204|397
7|187|204|398
7|187|205|399
8|187|205|400
8|188|205|401
8|189|205|402
8|190|205|403
8|191|205|404
8|191|206|405
8|192|206|406
8|192|207|407
8|192|208|408
8|192|209|409
8|193|209|410
8|193|210|411
8|194|210|412
8|194|211|413
8|195|211|414
9|195|211|415
9|195|212|416
9|195|213|417
9|196|213|418
9|196|214|419
9|197|214|420
9|197|215|421
9|198|215|422
9|198|216|423
9|198|217|424
9|198|218|425
9|199|218|426
9|199|219|427
9|200|219|428
9|200|220|429
9|200|221|430
9|200|222|431
9|201|222|432
9|201|223|433
9|202|223|434
9|202|224|435
9|203|224|436
9|203|225|437
9|203|226|438
9|203|227|439
9|204|227|440
9|204|228|441
9|205|228|442
9|205|229|443
9|206|229|444
9|206|230|445
9|207|230|446
9|207|231|447
9|208|231|448
9|209|231|449
9|210|231|450
9|210|232|451
9|210|233|452
9|210|234|453
9|211|234|454
9|211|235|455
9|212|235|456
9|213|235|457
9|214|235|458
9|214|236|459
9|214|237|460
9|214|238|461
9|215|238|462
9|215|239|463
9|216|239|464
9|216|240|465
9|217|240|466
9|217|241|467
9|218|241|468
9|218|242|469
9|219|242|470
9|219|243|471
9|220|243|472
9|220|244|473
9|221|244|474
9|222|244|475
9|223|244|476
9|223|245|477
9|224|245|478
9|224|246|479
9|225|246|480
9|226|246|481
9|227|246|482
9|227|247|483
9|228|247|484
9|228|248|485
9|229|248|486
9|229|249|487
9|230|249|488
9|230|250|489
9|231|250|490
9|231|251|491
9|232|251|492
9|233|251|493
9|234|251|494
9|234|252|495
9|235|252|496
9|236|252|497
9|237|252|498
9|237|253|499
9|238|253|500
9|239|253|501
9|240|253|502
9|241|253|503
9|242|253|504
9|242|254|505
9|243|254|506
9|244|254|507
9|245|254|508
9|246|254|509
9|247|254|510
9|248|254|511
9|249|254|512
9|250|254|513
9|251|254|514
9|252|254|515
9|252|255|516
9|253|255|517
9|253|256|518
9|254|256|519
9|254|257|520
10|254|257|521
10|254|258|522
10|255|258|523
10|255|259|524
10|256|259|525
10|256|260|526
10|257|260|527
10|257|261|528
10|258|261|529
10|258|262|530
10|259|262|531
10|259|263|532
10|259|264|533
10|259|265|534
10|260|265|535
10|260|266|536
10|261|266|537
10|261|267|538
10|262|267|539
10|262|268|540
10|263|268|541
10|263|269|542
11|263|269|543
11|263|270|544
11|264|270|545
11|264|271|546
11|265|271|547
11|265|272|548
11|266|272|549
11|266|273|550
11|266|274|551
11|267|274|552
11|268|274|553
11|269|274|554
11|269|275|555
11|270|275|556
11|271|275|557
11|272|275|558
11|272|276|559
11|273|276|560
11|273|277|561
11|273|278|562
11|274|278|563
11|275|278|564
11|275|279|565
11|276|279|566
11|277|279|567
11|277|280|568
11|278|280|569
11|279|280|570
11|280|280|571
11|281|280|572
11|281|281|573
11|282|281|574
11|282|282|575
11|283|282|576
11|284|282|577
11|285|282|578
11|286|282|579
11|287|282|580
11|288|282|581
11|289|282|582
11|290|282|583
11|291|282|584
11|292|282|585
11|293|282|586
11|293|283|587
11|293|284|588
11|293|285|589
11|294|285|590
11|294|286|591
11|295|286|592
11|295|287|593
11|296|287|594
11|296|288|595
11|297|288|596
11|297|289|597
11|297|290|598
11|297|291|599
11|298|291|600
11|298|292|601
11|299|292|602
11|299|293|603
11|299|294|604
11|299|295|605
11|300|295|606
11|300|296|607
11|301|296|608
11|301|297|609
11|302|297|610
11|302|298|611
11|303|298|612
11|303|299|613
11|304|299|614
11|304|300|615
11|305|300|616
11|305|301|617
11|306|301|618
11|306|302|619
11|307|302|620
11|307|303|621
11|308|303|622
11|309|303|623
11|310|303|624
11|310|304|625
11|311|304|626
11|311|305|627
11|312|305|628
11|312|306|629
11|313|306|630
11|314|306|631
11|315|306|632
11|316|306|633
11|317|306|634
11|317|307|635
11|318|307|636
11|318|308|637
11|319|308|638
11|320|308|639
11|321|308|640
11|321|309|641
11|322|309|642
11|323|309|643
11|324|309|644
11|324|310|645
11|325|310|646
11|326|310|647
11|327|310|648
11|327|311|649
11|328|311|650
11|329|311|651
11|330|311|652
11|331|311|653
11|332|311|654
11|333|311|655
11|334|311|656
11|335|311|657
11|336|311|658
11|336|312|659
11|336|313|660
11|337|313|661
11|337|314|662
11|337|315|663
11|337|316|664
11|337|317|665
11|337|318|666
11|338|318|667
11|338|319|668
11|339|319|669
11|339|320|670
11|339|321|671
11|339|322|672
11|340|322|673
11|340|323|674
11|341|323|675
11|341|324|676
11|341|325|677
11|341|326|678
11|342|326|679
11|342|327|680
11|343|327|681
11|343|328|682
11|343|329|683
11|343|330|684
12|343|330|685
12|343|331|686
13|343|331|687
13|343|332|688
13|344|332|689
13|344|333|690
13|345|333|691
13|345|334|692
13|345|335|693
13|345|336|694
13|345|337|695
13|346|337|696
13|346|338|697
13|347|338|698
13|347|339|699
13|348|339|700
13|348|340|701
13|349|340|702
13|349|341|703
13|350|341|704
13|350|342|705
13|351|342|706
13|351|343|707
13|352|343|708
13|352|344|709
13|353|344|710
13|353|345|711
13|354|345|712
13|354|346|713
13|355|346|714
13|355|347|715
13|356|347|716
13|356|348|717
13|357|348|718
13|357|349|719
13|358|349|720
13|358|350|721
13|359|350|722
13|359|351|723
13|360|351|724
13|360|352|725
13|361|352|726
13|361|353|727
13|362|353|728
13|362|354|729
13|363|354|730
13|363|355|731
13|364|355|732
13|364|356|733
13|365|356|734
13|365|357|735
13|366|357|736
13|366|358|737
13|367|358|738
13|368|358|739
13|369|358|740
13|369|359|741
13|369|360|742
13|369|361|743
13|370|361|744
13|370|362|745
13|371|362|746
13|372|362|747
13|373|362|748
13|373|363|749
13|373|364|750
13|373|365|751
13|374|365|752
13|374|366|753
13|375|366|754
13|375|367|755
13|376|367|756
13|376|368|757
13|377|368|758
13|377|369|759
13|378|369|760
13|379|369|761
13|380|369|762
13|381|369|763
13|382|369|764
13|382|370|765
13|383|370|766
14|383|370|767
14|383|371|768
14|383|372|769
14|383|373|770
14|383|374|771
14|383|375|772
14|383|376|773
14|383|377|774
14|383|378|775
14|383|379|776
14|384|379|777
14|384|380|778
14|385|380|779
14|385|381|780
14|385|382|781
14|385|383|782
14|385|384|783
14|385|385|784
14|386|385|785
14|386|386|786
14|386|387|787
14|386|388|788
14|386|389|789
14|386|390|790
14|386|391|791
14|386|392|792
14|386|393|793
14|386|394|794
14|386|395|795
14|386|396|796
14|387|396|797
14|387|397|798
14|388|397|799
14|388|398|800
14|388|399|801
14|388|400|802
14|388|401|803
14|389|401|804
14|389|402|805
14|390|402|806
14|390|403|807
14|391|403|808
14|391|404|809
14|392|404|810
14|392|405|811
14|393|405|812
14|393|406|813
14|394|406|814
14|394|407|815
14|395|407|816
14|395|408|817
14|396|408|818
14|396|409|819
14|397|409|820
14|397|410|821
14|398|410|822
14|398|411|823
14|399|411|824
14|399|412|825
14|400|412|826
14|400|413|827
14|401|413|828
14|401|414|829
14|402|414|830
14|402|415|831
14|403|415|832
14|403|416|833
14|404|416|834
14|404|417|835
14|405|417|836
14|405|418|837
14|406|418|838
14|406|419|839
14|406|420|840
14|406|421|841
14|407|421|842
14|407|422|843
14|408|422|844
14|408|423|845
14|409|423|846
14|410|423|847
14|411|423|848
15|411|423|849
15|411|424|850
15|412|424|851
15|412|425|852
15|412|426|853
15|413|426|854
15|413|427|855
15|414|427|856
15|415|427|857
15|415|428|858
15|415|429|859
15|416|429|860
15|416|430|861
15|417|430|862
15|417|431|863
15|417|432|864
15|417|433|865
15|418|433|866
15|418|434|867
15|419|434|868
15|420|434|869
15|421|434|870
15|422|434|871
15|423|434|872
15|423|435|873
15|424|435|874
15|424|436|875
15|425|436|876
15|425|437|877
15|426|437|878
15|426|438|879
15|427|438|880
15|427|439|881
15|428|439|882
15|428|440|883
15|429|440|884
15|429|441|885
15|430|441|886
15|430|442|887
15|431|442|888
15|431|443|889
15|432|443|890
15|432|444|891
15|433|444|892
15|433|445|893
15|434|445|894
15|434|446|895
15|435|446|896
15|436|447|898
15|437|447|899
15|437|448|900
15|438|448|901
15|438|449|902
15|439|449|903
15|439|450|904
15|440|450|905
15|440|451|906
15|441|451|907
15|441|452|908
15|442|452|909
15|442|453|910
15|443|453|911
15|444|453|912
15|445|453|913
15|446|453|914
15|447|453|915
15|448|453|916
15|449|453|917
15|450|453|918
15|451|453|919
15|452|453|920
15|453|453|921
15|454|453|922
15|455|453|923
15|456|453|924
15|457|453|925
15|458|453|926
15|459|453|927
15|460|453|928
15|461|453|929
15|462|453|930
15|463|453|931
15|464|453|932
15|465|453|933
15|466|453|934
15|467|453|935
15|468|453|936
15|469|453|937
15|470|453|938
15|471|453|939
15|472|453|940
15|473|453|941
15|474|453|942
15|475|453|943
15|476|453|944
15|477|453|945
15|478|453|946
15|479|453|947
15|479|454|948
15|480|454|949
15|480|455|950
15|481|455|951
15|481|456|952
15|482|456|953
15|482|457|954
15|483|457|955
15|483|458|956
15|484|458|957
15|484|459|958
15|485|459|959
15|485|460|960
15|486|460|961
15|486|461|962
15|487|461|963
15|487|462|964
15|488|462|965
15|488|463|966
15|489|463|967
15|489|464|968
15|490|464|969
15|490|465|970
15|491|465|971
15|491|466|972
15|492|466|973
15|492|467|974
15|493|467|975
15|493|468|976
15|494|468|977
15|494|469|978
15|495|469|979
15|495|470|980
15|496|470|981
15|496|471|982
15|496|472|983
16|496|472|984
16|496|473|985
16|496|474|986
16|497|474|987
16|497|475|988
16|498|475|989
16|498|476|990
16|499|476|991
16|499|477|992
16|499|478|993
17|499|478|994
17|500|478|995
17|501|478|996
17|502|478|997
17|502|479|998
17|503|479|999
17|504|479|1000
17|504|480|1001
18|504|480|1002
18|505|480|1003
18|505|481|1004
18|506|481|1005
18|506|482|1006
18|506|483|1007
18|506|484|1008
18|507|484|1009
18|507|485|1010
18|508|485|1011
18|508|486|1012
18|509|486|1013
18|509|487|1014
18|509|488|1015
18|510|488|1016
18|510|489|1017
18|510|490|1018
18|510|491|1019
19|510|491|1020
19|510|492|1021
19|510|493|1022
19|510|494|1023
19|510|495|1024
19|510|496|1025
19|511|496|1026
19|511|497|1027
19|512|497|1028
19|513|497|1029
19|513|498|1030
19|513|499|1031
19|513|500|1032
19|513|501|1033
19|513|502|1034
19|513|503|1035
19|513|504|1036
19|513|505|1037
19|513|506|1038
19|513|507|1039
19|513|508|1040
19|513|509|1041
19|513|510|1042
19|513|511|1043
20|513|511|1044
20|513|512|1045
20|513|513|1046
20|513|514|1047
20|513|515|1048
20|514|515|1049
20|515|515|1050
20|516|515|1051
20|517|515|1052
20|517|516|1053
20|518|516|1054
20|519|516|1055
20|519|517|1056
20|520|517|1057
20|521|517|1058
20|522|517|1059
20|522|518|1060
20|523|518|1061
20|524|518|1062
20|525|518|1063
20|525|519|1064
20|526|519|1065
20|527|519|1066
20|528|519|1067
20|528|520|1068
20|529|520|1069
20|530|520|1070
20|531|520|1071
20|531|521|1072
20|532|521|1073
20|532|522|1074
20|533|522|1075
20|533|523|1076
20|534|523|1077
20|534|524|1078
20|535|524|1079
20|535|525|1080
20|536|525|1081
20|537|525|1082
20|538|525|1083
20|538|526|1084
20|539|526|1085
20|540|526|1086
20|541|526|1087
20|542|526|1088
20|543|526|1089
20|543|527|1090
20|543|528|1091
20|543|529|1092
20|544|529|1093
21|544|529|1094
21|545|529|1095
21|545|530|1096
21|546|530|1097
21|546|531|1098
21|546|532|1099
21|546|533|1100
21|547|533|1101
21|547|534|1102
21|548|534|1103
21|548|535|1104
21|549|535|1105
21|549|536|1106
21|549|537|1107
22|549|537|1108
22|550|537|1109
22|550|538|1110
22|551|538|1111
22|551|539|1112
22|552|539|1113
22|552|540|1114
22|553|540|1115
22|553|541|1116
22|554|541|1117
22|554|542|1118
22|554|543|1119
23|554|543|1120
23|555|543|1121
23|555|544|1122
23|556|544|1123
23|556|545|1124
23|557|545|1125
23|557|546|1126
23|558|546|1127
23|558|547|1128
23|559|547|1129
23|559|548|1130
23|560|548|1131
23|560|549|1132
23|561|549|1133
23|562|549|1134
23|562|550|1135
23|562|551|1136
23|563|551|1137
23|564|551|1138
23|565|551|1139
23|565|552|1140
23|566|552|1141
23|566|553|1142
23|566|554|1143
23|566|555|1144
23|567|555|1145
23|567|556|1146
23|568|556|1147
23|568|557|1148
23|569|557|1149
23|569|558|1150
23|570|558|1151
23|570|559|1152
23|571|559|1153
23|571|560|1154
23|572|560|1155
23|572|561|1156
23|573|561|1157
23|573|562|1158
23|574|562|1159
23|574|563|1160
23|575|563|1161
23|575|564|1162
24|575|564|1163
24|575|565|1164
24|576|565|1165
24|577|565|1166
24|578|565|1167
24|578|566|1168
24|579|566|1169
24|579|567|1170
24|580|567|1171
24|581|567|1172
24|582|567|1173
24|583|567|1174
24|584|567|1175
24|585|567|1176
24|586|567|1177
24|587|567|1178
24|588|567|1179
24|588|568|1180
24|589|568|1181
24|590|568|1182
24|591|568|1183
24|592|568|1184
25|592|568|1185
25|593|568|1186
25|594|568|1187
25|594|569|1188
25|595|569|1189
25|596|569|1190
25|597|569|1191
25|598|569|1192
25|599|569|1193
25|600|569|1194
25|601|569|1195
25|602|569|1196
25|603|569|1197
25|604|569|1198
25|604|570|1199
26|604|570|1200
26|604|571|1201
27|604|571|1202
27|604|572|1203
28|604|572|1204
28|604|573|1205
28|604|574|1206
28|604|575|1207
29|604|575|1208
29|604|576|1209
29|605|576|1210
29|605|577|1211
29|606|577|1212
29|606|578|1213
29|607|578|1214
29|607|579|1215
29|608|579|1216
29|608|580|1217
30|608|580|1218
30|608|581|1219
30|608|582|1220
30|608|583|1221
31|608|583|1222
31|608|584|1223
31|609|584|1224
31|609|585|1225
32|609|585|1226
32|609|586|1227
33|609|586|1228
33|609|587|1229
33|610|587|1230
33|610|588|1231
33|611|588|1232
33|611|589|1233
33|612|589|1234
33|613|589|1235
33|614|589|1236
33|615|589|1237
33|616|589|1238
33|617|589|1239
33|617|590|1240
33|618|590|1241
33|619|590|1242
33|620|590|1243
33|621|590|1244
33|621|591|1245
33|622|591|1246
33|623|591|1247
33|623|592|1248
33|624|592|1249
33|625|592|1250
33|625|593|1251
33|626|593|1252
33|627|593|1253
33|628|593|1254
33|629|593|1255
33|629|594|1256
33|630|594|1257
33|630|595|1258
33|631|595|1259
33|631|596|1260
33|632|596|1261
33|633|596|1262
33|634|596|1263
33|634|597|1264
33|635|597|1265
33|636|597|1266
33|637|597|1267
33|638|597|1268
33|639|597|1269
33|640|597|1270
33|640|598|1271
33|640|599|1272
33|641|599|1273
33|641|600|1274
33|642|600|1275
33|642|601|1276
33|643|601|1277
33|643|602|1278
33|644|602|1279
33|644|603|1280
33|644|604|1281
33|644|605|1282
33|645|605|1283
33|645|606|1284
33|646|606|1285
33|646|607|1286
33|646|608|1287
33|646|609|1288
33|647|609|1289
33|647|610|1290
33|648|610|1291
33|648|611|1292
33|648|612|1293
33|648|613|1294
33|649|613|1295
33|649|614|1296
33|649|615|1297
33|649|616|1298
33|650|616|1299
33|650|617|1300
33|650|618|1301
33|650|619|1302
33|651|619|1303
33|651|620|1304
33|651|621|1305
33|651|622|1306
34|651|622|1307
34|651|623|1308
34|652|623|1309
34|652|624|1310
34|653|624|1311
34|653|625|1312
34|654|625|1313
34|655|625|1314
34|656|625|1315
34|657|625|1316
34|658|625|1317
34|658|626|1318
34|659|626|1319
34|660|626|1320
34|661|626|1321
34|661|627|1322
34|662|627|1323
34|663|627|1324
34|664|627|1325
34|664|628|1326
34|665|628|1327
34|666|628|1328
34|667|628|1329
34|668|628|1330
34|669|628|1331
34|670|628|1332
34|671|628|1333
34|672|628|1334
34|673|628|1335
34|674|628|1336
34|675|628|1337
34|676|628|1338
34|677|628|1339
34|678|628|1340
34|679|628|1341
34|680|628|1342
34|680|629|1343
34|681|629|1344
34|681|630|1345
35|681|630|1346
35|681|631|1347
35|682|631|1348
35|682|632|1349
35|683|632|1350
35|683|633|1351
35|684|633|1352
35|684|634|1353
35|685|634|1354
35|685|635|1355
36|685|635|1356
36|685|636|1357
36|685|637|1358
36|685|638|1359
37|685|638|1360
37|685|639|1361
38|685|639|1362
38|685|640|1363
38|686|640|1364
38|686|641|1365
39|686|641|1366
39|686|642|1367
40|686|642|1368
40|686|643|1369
40|687|643|1370
40|687|644|1371
41|687|644|1372
41|687|645|1373
41|688|645|1374
41|688|646|1375
41|689|646|1376
41|689|647|1377
42|689|647|1378
42|690|647|1379
42|690|648|1380
42|691|648|1381
42|691|649|1382
42|692|649|1383
42|692|650|1384
42|693|650|1385
42|693|651|1386
42|694|651|1387
42|694|652|1388
42|695|652|1389
42|695|653|1390
42|696|653|1391
42|696|654|1392
42|697|654|1393
42|697|655|1394
42|698|655|1395
42|698|656|1396
42|699|656|1397
42|699|657|1398
42|700|657|1399
42|700|658|1400
42|701|658|1401
42|701|659|1402
42|702|659|1403
42|702|660|1404
42|703|660|1405
42|703|661|1406
42|704|661|1407
42|704|662|1408
42|705|662|1409
42|705|663|1410
42|706|663|1411
42|706|664|1412
42|707|664|1413
42|707|665|1414
42|707|666|1415
42|707|667|1416
42|708|667|1417
42|708|668|1418
42|709|668|1419
42|709|669|1420
42|710|669|1421
42|710|670|1422
42|711|670|1423
42|711|671|1424
42|711|672|1425
42|711|673|1426
42|712|673|1427
42|712|674|1428
42|713|674|1429
42|713|675|1430
42|714|675|1431
42|714|676|1432
42|714|677|1433
42|714|678|1434
42|715|678|1435
42|715|679|1436
42|716|679|1437
42|716|680|1438
42|717|680|1439
42|717|681|1440
42|718|681|1441
42|718|682|1442
42|718|683|1443
42|718|684|1444
42|718|685|1445
42|718|686|1446
42|719|686|1447
42|719|687|1448
42|720|687|1449
42|720|688|1450
42|720|689|1451
42|720|690|1452
42|720|691|1453
42|720|692|1454
42|720|693|1455
42|720|694|1456
42|720|695|1457
42|720|696|1458
42|720|697|1459
42|721|697|1460
42|721|698|1461
43|721|698|1462
43|721|699|1463
43|721|700|1464
43|721|701|1465
43|721|702|1466
43|721|703|1467
43|721|704|1468
43|721|705|1469
44|721|705|1470
44|721|706|1471
44|721|707|1472
44|721|708|1473
44|721|709|1474
44|721|710|1475
44|721|711|1476
44|721|712|1477
44|722|712|1478
44|722|713|1479
44|722|714|1480
44|722|715|1481
44|722|716|1482
44|722|717|1483
44|722|718|1484
44|722|719|1485
44|723|719|1486
44|724|719|1487
44|724|720|1488
44|725|720|1489
44|725|721|1490
44|726|721|1491
44|726|722|1492
44|727|722|1493
44|727|723|1494
44|728|723|1495
44|728|724|1496
44|729|724|1497
44|729|725|1498
44|730|725|1499
44|730|726|1500
44|731|726|1501
44|731|727|1502
44|732|727|1503
44|732|728|1504
44|733|728|1505
44|733|729|1506
44|734|729|1507
44|734|730|1508
44|735|730|1509
44|735|731|1510
44|736|731|1511
44|736|732|1512
44|737|732|1513
44|737|733|1514
44|738|733|1515
44|738|734|1516
44|739|734|1517
44|739|735|1518
44|740|735|1519
44|740|736|1520
44|741|736|1521
44|741|737|1522
44|741|738|1523
44|741|739|1524
44|742|739|1525
44|742|740|1526
44|743|740|1527
44|743|741|1528
44|744|741|1529
44|744|742|1530
44|745|742|1531
44|746|742|1532
44|746|743|1533
44|747|743|1534
44|748|743|1535
44|748|744|1536
44|749|744|1537
44|749|745|1538
44|750|745|1539
44|751|745|1540
44|751|746|1541
45|751|746|1542
45|752|746|1543
45|752|747|1544
45|753|747|1545
45|753|748|1546
45|753|749|1547
45|753|750|1548
45|754|750|1549
45|754|751|1550
45|754|752|1551
46|754|752|1552
46|755|752|1553
46|756|752|1554
46|757|752|1555
46|757|753|1556
46|758|753|1557
46|759|753|1558
46|760|753|1559
46|760|754|1560
46|761|754|1561
46|761|755|1562
46|762|755|1563
46|762|756|1564
46|763|756|1565
46|763|757|1566
46|764|757|1567
46|764|758|1568
46|765|758|1569
46|765|759|1570
46|766|759|1571
46|766|760|1572
46|767|760|1573
46|767|761|1574
46|768|761|1575
46|768|762|1576
46|769|762|1577
46|769|763|1578
46|770|763|1579
46|770|764|1580
46|771|764|1581
46|771|765|1582
46|772|765|1583
46|772|766|1584
46|773|766|1585
46|773|767|1586
46|774|767|1587
46|774|768|1588
46|775|768|1589
46|775|769|1590
46|776|769|1591
46|776|770|1592
46|777|770|1593
46|777|771|1594
46|778|771|1595
46|779|771|1596
46|780|771|1597
46|781|771|1598
46|782|771|1599
46|783|771|1600
46|784|771|1601
46|785|771|1602
46|786|771|1603
46|787|771|1604
46|788|771|1605
46|789|771|1606
46|790|771|1607
46|791|771|1608
46|792|771|1609
46|793|771|1610
46|794|771|1611
46|795|771|1612
46|796|771|1613
46|797|771|1614
46|798|771|1615
46|799|771|1616
46|800|771|1617
46|801|771|1618
46|802|771|1619
46|803|771|1620
46|804|771|1621
46|805|771|1622
46|806|771|1623
46|807|771|1624
46|808|771|1625
46|809|771|1626
46|810|771|1627
46|811|771|1628
46|812|771|1629
46|813|771|1630
46|814|771|1631
46|814|772|1632
46|815|772|1633
46|815|773|1634
46|816|773|1635
46|816|774|1636
46|817|774|1637
46|817|775|1638
46|818|775|1639
46|818|776|1640
46|819|776|1641
46|819|777|1642
46|820|777|1643
46|820|778|1644
46|821|778|1645
46|821|779|1646
46|822|779|1647
46|822|780|1648
46|823|780|1649
46|823|781|1650
46|824|781|1651
46|824|782|1652
46|825|782|1653
46|825|783|1654
46|826|783|1655
46|826|784|1656
46|827|784|1657
46|827|785|1658
46|828|785|1659
46|828|786|1660
46|829|786|1661
46|829|787|1662
46|830|787|1663
46|830|788|1664
46|831|788|1665
46|831|789|1666
46|832|789|1667
46|832|790|1668
46|832|791|1669
46|833|791|1670
46|833|792|1671
46|833|793|1672
46|833|794|1673
46|833|795|1674
46|834|795|1675
46|835|795|1676
46|835|796|1677
47|835|796|1678
47|836|796|1679
47|836|797|1680
47|836|798|1681
47|836|799|1682
47|837|799|1683
47|837|800|1684
47|837|801|1685
48|837|801|1686
48|838|801|1687
48|838|802|1688
48|838|803|1689
48|838|804|1690
48|839|804|1691
48|839|805|1692
48|840|805|1693
48|840|806|1694
48|841|806|1695
48|842|806|1696
48|843|806|1697
48|843|807|1698
48|843|808|1699
48|843|809|1700
48|843|810|1701
48|843|811|1702
48|843|812|1703
48|844|812|1704
48|844|813|1705
49|844|813|1706
49|844|814|1707
49|845|814|1708
49|845|815|1709
49|846|815|1710
49|846|816|1711
50|846|816|1712
50|846|817|1713
50|846|818|1714
50|846|819|1715
51|846|819|1716
51|846|820|1717
51|846|821|1718
51|846|822|1719
51|847|822|1720
51|847|823|1721
51|847|824|1722
51|847|825|1723
51|847|826|1724
51|847|827|1725
51|847|828|1726
51|847|829|1727
52|847|829|1728
52|847|830|1729
52|848|830|1730
52|848|831|1731
53|848|831|1732
53|849|831|1733
53|850|831|1734
53|851|831|1735
53|851|832|1736
53|852|832|1737
53|853|832|1738
53|854|832|1739
53|854|833|1740
53|855|833|1741
53|855|834|1742
53|856|834|1743
53|856|835|1744
53|857|835|1745
53|858|835|1746
53|859|835|1747
53|859|836|1748
53|860|836|1749
53|861|836|1750
53|862|836|1751
53|862|837|1752
53|863|837|1753
53|864|837|1754
53|865|837|1755
53|865|838|1756
53|866|838|1757
53|866|839|1758
53|867|839|1759
53|867|840|1760
53|868|840|1761
53|868|841|1762
53|869|841|1763
53|869|842|1764
53|870|842|1765
53|870|843|1766
53|871|843|1767
53|871|844|1768
53|872|844|1769
53|873|844|1770
53|874|844|1771
53|875|844|1772
53|876|844|1773
53|876|845|1774
53|876|846|1775
53|876|847|1776
53|877|847|1777
53|878|847|1778
53|879|847|1779
53|879|848|1780
53|880|848|1781
53|880|849|1782
53|880|850|1783
53|880|851|1784
53|881|851|1785
53|881|852|1786
53|881|853|1787
53|881|854|1788
53|882|854|1789
53|882|855|1790
53|882|856|1791
53|882|857|1792
53|883|857|1793
53|883|858|1794
53|883|859|1795
53|883|860|1796
53|884|860|1797
53|884|861|1798
53|885|861|1799
53|885|862|1800
53|885|863|1801
53|885|864|1802
53|886|864|1803
53|886|865|1804
53|887|865|1805
53|887|866|1806
53|888|866|1807
53|888|867|1808
53|889|867|1809
54|889|867|1810
54|890|867|1811
54|890|868|1812
54|891|868|1813
54|891|869|1814
54|892|869|1815
54|892|870|1816
54|893|870|1817
54|894|870|1818
54|894|871|1819
54|894|872|1820
54|895|872|1821
54|896|872|1822
54|897|872|1823
54|897|873|1824
54|898|873|1825
54|899|873|1826
54|899|874|1827
54|899|875|1828
54|900|875|1829
54|900|876|1830
54|901|876|1831
54|901|877|1832
54|902|877|1833
54|902|878|1834
54|903|878|1835
54|903|879|1836
54|904|879|1837
54|904|880|1838
54|905|880|1839
54|905|881|1840
54|906|881|1841
54|906|882|1842
54|907|882|1843
54|907|883|1844
54|908|883|1845
54|908|884|1846
54|909|884|1847
54|910|884|1848
54|911|884|1849
54|912|884|1850
54|913|884|1851
54|913|885|1852
54|914|885|1853
54|914|886|1854
54|915|886|1855
54|916|886|1856
54|917|886|1857
54|918|886|1858
54|919|886|1859
54|919|887|1860
54|920|887|1861
54|921|887|1862
54|922|887|1863
54|923|887|1864
54|924|887|1865
54|924|888|1866
54|925|888|1867
54|925|889|1868
54|926|889|1869
54|927|889|1870
54|928|889|1871
54|929|889|1872
54|930|889|1873
54|931|889|1874
54|932|889|1875
54|933|889|1876
54|934|889|1877
54|935|889|1878
54|936|889|1879
54|937|889|1880
54|938|889|1881
54|939|889|1882
54|939|890|1883
55|939|890|1884
55|939|891|1885
55|940|891|1886
55|940|892|1887
56|940|892|1888
56|940|893|1889
57|940|893|1890
57|940|894|1891
57|940|895|1892
57|940|896|1893
58|940|896|1894
58|940|897|1895
58|941|897|1896
58|941|898|1897
58|942|898|1898
58|942|899|1899
58|943|899|1900
58|943|900|1901
58|943|901|1902
58|943|902|1903
58|944|902|1904
58|944|903|1905
58|945|903|1906
58|945|904|1907
58|946|904|1908
58|946|905|1909
59|946|905|1910
59|946|906|1911
60|946|906|1912
60|946|907|1913
60|947|907|1914
60|947|908|1915
60|948|908|1916
60|948|909|1917
60|949|909|1918
60|949|910|1919
60|950|910|1920
60|951|910|1921
60|952|910|1922
60|953|910|1923
60|953|911|1924
60|954|911|1925
60|954|912|1926
60|955|912|1927
60|955|913|1928
60|955|914|1929
60|956|914|1930
60|957|914|1931
60|958|914|1932
60|959|914|1933
60|960|914|1934
60|960|915|1935
60|960|916|1936
60|961|916|1937
60|962|916|1938
60|963|916|1939
60|964|916|1940
60|964|917|1941
60|965|917|1942
60|966|917|1943
60|967|917|1944
60|968|917|1945
60|969|917|1946
60|970|917|1947
60|971|917|1948
60|972|917|1949
60|973|917|1950
60|974|917|1951
60|975|917|1952
60|976|917|1953
60|977|917|1954
60|977|918|1955
60|977|919|1956
60|978|919|1957
60|978|920|1958
60|979|920|1959
60|979|921|1960
60|980|921|1961
60|980|922|1962
60|981|922|1963
60|981|923|1964
60|981|924|1965
60|981|925|1966
60|982|925|1967
60|982|926|1968
60|983|926|1969
60|983|927|1970
60|983|928|1971
60|983|929|1972
60|984|929|1973
60|984|930|1974
60|985|930|1975
60|985|931|1976
60|985|932|1977
60|985|933|1978
60|986|933|1979
60|986|934|1980
60|986|935|1981
60|986|936|1982
60|987|936|1983
60|987|937|1984
60|988|937|1985
60|988|938|1986
60|989|938|1987
60|989|939|1988
60|989|940|1989
60|989|941|1990
60|990|941|1991
60|990|942|1992
60|991|942|1993
60|992|942|1994
60|993|942|1995
60|993|943|1996
60|994|943|1997
60|994|944|1998
60|995|944|1999
60|996|944|2000
