total
0|0|1|1
0|1|1|2
1|1|1|3
1|1|2|4
2|1|2|5
2|1|3|6
3|1|3|7
3|1|4|8
4|1|4|9
4|1|5|10
4|1|6|11
4|1|7|12
4|1|8|13
4|2|8|14
4|2|9|15
4|3|9|16
4|3|10|17
4|4|10|18
4|4|11|19
4|5|11|20
5|5|11|21
5|5|12|22
5|5|13|23
5|6|13|24
5|6|14|25
5|7|14|26
5|7|15|27
5|8|15|28
6|8|15|29
6|8|16|30
6|8|17|31
6|9|17|32
6|9|18|33
6|10|18|34
6|10|19|35
6|11|19|36
6|11|20|37
6|12|20|38
6|12|21|39
6|13|21|40
7|13|21|41
7|13|22|42
7|13|23|43
7|14|23|44
7|14|24|45
7|14|25|46
7|14|26|47
7|15|26|48
7|15|27|49
7|16|27|50
7|16|28|51
7|17|28|52
7|17|29|53
7|18|29|54
7|18|30|55
7|19|30|56
8|19|30|57
8|20|30|58
8|20|31|59
8|21|31|60
8|21|32|61
8|22|32|62
8|22|33|63
8|23|33|64
8|23|34|65
8|24|34|66
8|24|35|67
8|25|35|68
8|25|36|69
8|26|36|70
8|26|37|71
8|27|37|72
8|27|38|73
8|28|38|74
8|28|39|75
8|28|40|76
8|28|41|77
8|29|41|78
8|29|42|79
8|30|42|80
8|30|43|81
8|31|43|82
8|31|44|83
8|31|45|84
8|31|46|85
8|31|47|86
8|31|48|87
8|31|49|88
8|31|50|89
8|31|51|90
8|31|52|91
8|31|53|92
9|31|53|93
9|31|54|94
9|31|55|95
9|31|56|96
9|31|57|97
9|31|58|98
9|31|59|99
9|31|60|100
9|31|61|101
9|31|62|102
9|31|63|103
9|31|64|104
9|31|65|105
9|31|66|106
9|31|67|107
9|31|68|108
9|31|69|109
9|31|70|110
9|31|71|111
9|31|72|112
9|31|73|113
9|31|74|114
9|31|75|115
9|31|76|116
9|31|77|117
9|31|78|118
9|31|79|119
9|32|79|120
9|32|80|121
9|33|80|122
9|33|81|123
9|34|81|124
9|34|82|125
9|35|82|126
9|35|83|127
9|36|83|128
9|36|84|129
9|37|84|130
9|37|85|131
9|38|85|132
9|38|86|133
9|39|86|134
9|39|87|135
9|40|87|136
9|40|88|137
9|41|88|138
9|41|89|139
9|42|89|140
9|42|90|141
9|43|90|142
9|43|91|143
9|44|91|144
9|44|92|145
9|45|92|146
9|45|93|147
9|46|93|148
9|46|94|149
9|47|94|150
9|47|95|151
9|48|95|152
9|48|96|153
9|49|96|154
9|49|97|155
9|49|98|156
9|49|99|157
9|50|99|158
9|50|100|159
9|51|100|160
9|51|101|161
9|52|101|162
9|52|102|163
9|53|102|164
10|53|102|165
10|53|103|166
10|53|104|167
10|54|104|168
10|54|105|169
10|55|105|170
10|55|106|171
10|56|106|172
10|56|107|173
10|56|108|174
10|56|109|175
10|57|109|176
10|57|110|177
10|58|110|178
10|58|111|179
10|58|112|180
10|58|113|181
10|59|113|182
10|59|114|183
10|60|114|184
11|60|114|185
11|61|114|186
11|61|115|187
11|62|115|188
11|62|116|189
11|62|117|190
11|62|118|191
11|62|119|192
11|62|120|193
11|62|121|194
11|62|122|195
11|62|123|196
11|62|124|197
11|62|125|198
11|62|126|199
11|62|127|200
11|62|128|201
11|62|129|202
12|62|129|203
12|62|130|204
12|62|131|205
12|62|132|206
12|62|133|207
12|62|134|208
12|62|135|209
12|62|136|210
12|62|137|211
12|62|138|212
12|62|139|213
12|62|140|214
12|62|141|215
12|62|142|216
12|62|143|217
12|62|144|218
12|62|145|219
12|62|146|220
12|62|147|221
12|62|148|222
12|62|149|223
12|62|150|224
12|62|151|225
12|62|152|226
13|62|152|227
13|62|153|228
14|62|153|229
14|63|153|230
15|63|153|231
15|63|154|232
15|63|155|233
15|63|156|234
15|63|157|235
15|63|158|236
15|63|159|237
15|63|160|238
15|63|161|239
15|64|161|240
15|64|162|241
15|64|163|242
15|64|164|243
15|64|165|244
16|64|165|245
16|64|166|246
17|64|166|247
17|64|167|248
17|64|168|249
17|65|168|250
17|65|169|251
17|65|170|252
17|65|171|253
17|65|172|254
18|65|172|255
18|65|173|256
19|65|173|257
19|66|173|258
19|66|174|259
19|66|175|260
19|66|176|261
19|66|177|262
19|66|178|263
19|67|178|264
19|67|179|265
19|68|179|266
19|68|180|267
19|69|180|268
19|69|181|269
19|70|181|270
19|70|182|271
19|71|182|272
19|71|183|273
19|71|184|274
19|71|185|275
19|72|185|276
19|72|186|277
19|73|186|278
19|73|187|279
19|74|187|280
19|74|188|281
19|75|188|282
19|75|189|283
19|76|189|284
20|76|189|285
20|77|189|286
21|77|189|287
21|78|189|288
21|78|190|289
21|79|190|290
21|79|191|291
21|80|191|292
21|80|192|293
21|81|192|294
21|81|193|295
21|82|193|296
21|82|194|297
21|82|195|298
21|82|196|299
21|82|197|300
21|82|198|301
21|83|198|302
22|83|198|303
22|83|199|304
23|83|199|305
23|83|200|306
24|83|200|307
24|83|201|308
25|83|201|309
25|83|202|310
25|83|203|311
25|83|204|312
25|83|205|313
25|84|205|314
25|84|206|315
25|84|207|316
25|84|208|317
25|84|209|318
25|84|210|319
25|85|210|320
25|85|211|321
25|85|212|322
26|85|212|323
26|86|212|324
26|86|213|325
26|86|214|326
26|86|215|327
26|87|215|328
26|87|216|329
26|87|217|330
26|87|218|331
26|88|218|332
26|88|219|333
26|88|220|334
27|88|220|335
27|88|221|336
27|88|222|337
27|88|223|338
27|88|224|339
27|88|225|340
27|88|226|341
27|88|227|342
28|88|227|343
28|89|227|344
28|89|228|345
28|89|229|346
28|89|230|347
28|90|230|348
28|90|231|349
28|90|232|350
29|90|232|351
29|90|233|352
29|90|234|353
29|90|235|354
29|90|236|355
29|90|237|356
30|90|237|357
30|90|238|358
30|90|239|359
30|90|240|360
30|90|241|361
30|90|242|362
31|90|242|363
31|90|243|364
32|90|243|365
32|90|244|366
33|90|244|367
33|91|244|368
34|91|244|369
34|91|245|370
34|91|246|371
34|92|246|372
34|92|247|373
34|93|247|374
34|93|248|375
34|94|248|376
34|94|249|377
34|95|249|378
35|95|249|379
35|96|249|380
35|96|250|381
35|97|250|382
35|97|251|383
35|98|251|384
35|98|252|385
35|99|252|386
35|99|253|387
35|100|253|388
35|100|254|389
35|101|254|390
35|101|255|391
35|102|255|392
35|102|256|393
35|103|256|394
35|103|257|395
35|104|257|396
35|104|258|397
35|105|258|398
35|105|259|399
35|106|259|400
35|106|260|401
35|107|260|402
35|107|261|403
35|108|261|404
35|108|262|405
35|109|262|406
35|109|263|407
35|109|264|408
35|109|265|409
35|110|265|410
35|110|266|411
35|111|266|412
35|111|267|413
35|112|267|414
36|112|267|415
36|112|268|416
36|112|269|417
36|113|269|418
37|113|269|419
37|114|269|420
37|114|270|421
37|115|270|422
38|115|270|423
38|115|271|424
38|115|272|425
38|116|272|426
38|116|273|427
38|117|273|428
38|117|274|429
38|117|275|430
38|117|276|431
38|118|276|432
38|118|277|433
38|119|277|434
38|119|278|435
38|119|279|436
39|119|279|437
39|119|280|438
39|119|281|439
39|119|282|440
39|119|283|441
39|120|283|442
39|120|284|443
39|121|284|444
39|121|285|445
39|122|285|446
39|122|286|447
39|123|286|448
39|123|287|449
39|124|287|450
39|124|288|451
39|125|288|452
39|125|289|453
39|125|290|454
39|125|291|455
39|126|291|456
39|126|292|457
39|127|292|458
39|127|293|459
39|128|293|460
39|128|294|461
39|129|294|462
39|129|295|463
39|129|296|464
39|129|297|465
39|130|297|466
39|130|298|467
39|131|298|468
39|131|299|469
39|132|299|470
39|132|300|471
39|133|300|472
39|133|301|473
39|134|301|474
39|134|302|475
39|135|302|476
39|135|303|477
39|136|303|478
39|136|304|479
39|137|304|480
39|137|305|481
39|138|305|482
39|138|306|483
39|139|306|484
39|139|307|485
39|140|307|486
39|140|308|487
39|141|308|488
39|141|309|489
39|142|309|490
39|142|310|491
39|143|310|492
39|143|311|493
39|144|311|494
39|144|312|495
39|145|312|496
39|145|313|497
39|146|313|498
39|146|314|499
39|147|314|500
39|147|315|501
39|148|315|502
39|148|316|503
39|149|316|504
39|149|317|505
39|150|317|506
39|150|318|507
39|151|318|508
39|151|319|509
39|152|319|510
39|152|320|511
39|153|320|512
39|153|321|513
39|154|321|514
40|154|321|515
40|154|322|516
40|154|323|517
40|154|324|518
41|154|324|519
41|155|324|520
42|155|324|521
42|155|325|522
43|155|325|523
43|155|326|524
44|155|326|525
44|156|326|526
45|156|326|527
45|156|327|528
45|156|328|529
45|156|329|530
46|156|329|531
46|157|329|532
47|157|329|533
47|157|330|534
47|157|331|535
47|157|332|536
48|157|332|537
48|157|333|538
49|157|333|539
49|157|334|540
50|157|334|541
50|157|335|542
51|157|335|543
51|157|336|544
52|157|336|545
52|157|337|546
53|157|337|547
53|157|338|548
54|157|338|549
54|157|339|550
54|157|340|551
54|158|340|552
54|158|341|553
54|159|341|554
54|159|342|555
54|160|342|556
54|160|343|557
54|161|343|558
54|161|344|559
54|162|344|560
54|162|345|561
54|162|346|562
54|162|347|563
54|163|347|564
54|163|348|565
54|164|348|566
54|164|349|567
54|164|350|568
54|164|351|569
54|165|351|570
54|165|352|571
54|166|352|572
54|166|353|573
54|167|353|574
54|167|354|575
54|168|354|576
54|168|355|577
54|169|355|578
54|169|356|579
54|170|356|580
54|170|357|581
54|171|357|582
54|171|358|583
54|172|358|584
54|172|359|585
54|173|359|586
54|173|360|587
54|173|361|588
54|173|362|589
54|174|362|590
54|174|363|591
54|174|364|592
54|174|365|593
54|175|365|594
54|175|366|595
54|176|366|596
54|176|367|597
54|176|368|598
54|176|369|599
54|177|369|600
54|177|370|601
54|178|370|602
54|178|371|603
54|178|372|604
54|178|373|605
54|179|373|606
54|179|374|607
54|180|374|608
55|180|374|609
55|181|374|610
55|181|375|611
55|182|375|612
55|182|376|613
55|183|376|614
55|183|377|615
55|183|378|616
56|183|378|617
56|184|378|618
56|184|379|619
56|185|379|620
57|185|379|621
57|186|379|622
57|186|380|623
57|187|380|624
57|187|381|625
57|188|381|626
57|188|382|627
57|189|382|628
57|189|383|629
57|190|383|630
57|190|384|631
57|191|384|632
57|191|385|633
57|192|385|634
57|192|386|635
57|193|386|636
57|193|387|637
57|194|387|638
57|194|388|639
57|195|388|640
57|195|389|641
57|196|389|642
57|196|390|643
57|197|390|644
57|197|391|645
57|198|391|646
57|198|392|647
57|199|392|648
57|199|393|649
57|200|393|650
57|200|394|651
57|201|394|652
57|201|395|653
57|202|395|654
57|202|396|655
57|203|396|656
57|203|397|657
57|204|397|658
58|204|397|659
58|204|398|660
59|204|398|661
59|204|399|662
60|204|399|663
60|204|400|664
61|204|400|665
61|204|401|666
62|204|401|667
62|204|402|668
62|204|403|669
62|204|404|670
63|204|404|671
63|204|405|672
64|204|405|673
64|204|406|674
65|204|406|675
65|204|407|676
65|204|408|677
65|204|409|678
66|204|409|679
66|204|410|680
66|204|411|681
66|204|412|682
67|204|412|683
67|204|413|684
68|204|413|685
68|204|414|686
69|204|414|687
69|204|415|688
69|204|416|689
69|204|417|690
70|204|417|691
70|204|418|692
70|204|419|693
70|204|420|694
70|204|421|695
70|205|421|696
70|205|422|697
70|206|422|698
70|206|423|699
70|207|423|700
70|207|424|701
70|208|424|702
70|208|425|703
70|209|425|704
70|209|426|705
70|210|426|706
70|210|427|707
70|211|427|708
70|211|428|709
70|212|428|710
70|212|429|711
70|213|429|712
70|213|430|713
70|214|430|714
70|214|431|715
70|215|431|716
70|215|432|717
70|216|432|718
70|216|433|719
70|217|433|720
70|217|434|721
70|218|434|722
70|218|435|723
70|219|435|724
70|219|436|725
70|220|436|726
70|220|437|727
70|221|437|728
70|221|438|729
70|222|438|730
70|222|439|731
70|222|440|732
70|222|441|733
70|223|441|734
70|223|442|735
70|224|442|736
70|224|443|737
70|224|444|738
70|224|445|739
70|225|445|740
71|225|445|741
71|225|446|742
71|225|447|743
71|226|447|744
71|226|448|745
71|227|448|746
71|227|449|747
71|228|449|748
72|228|449|749
72|229|449|750
72|229|450|751
72|230|450|752
72|230|451|753
72|231|451|754
72|231|452|755
72|232|452|756
72|232|453|757
72|233|453|758
72|233|454|759
72|234|454|760
72|234|455|761
72|234|456|762
72|234|457|763
72|235|457|764
72|235|458|765
72|236|458|766
73|236|458|767
73|236|459|768
73|236|460|769
73|236|461|770
73|236|462|771
73|236|463|772
73|236|464|773
73|236|465|774
73|236|466|775
73|236|467|776
74|236|467|777
74|236|468|778
74|236|469|779
74|236|470|780
74|236|471|781
74|236|472|782
74|236|473|783
74|236|474|784
75|236|474|785
75|236|475|786
75|236|476|787
75|236|477|788
76|236|477|789
76|236|478|790
76|236|479|791
76|236|480|792
76|236|481|793
76|236|482|794
76|236|483|795
76|236|484|796
77|236|484|797
77|236|485|798
77|236|486|799
77|236|487|800
78|236|487|801
78|236|488|802
78|236|489|803
78|237|489|804
78|237|490|805
78|238|490|806
78|238|491|807
78|239|491|808
78|239|492|809
78|240|492|810
78|240|493|811
78|241|493|812
78|241|494|813
78|242|494|814
78|242|495|815
78|243|495|816
78|243|496|817
78|244|496|818
78|244|497|819
78|245|497|820
78|245|498|821
78|246|498|822
78|246|499|823
78|247|499|824
78|247|500|825
78|248|500|826
78|248|501|827
78|249|501|828
78|249|502|829
78|250|502|830
78|250|503|831
78|251|503|832
78|251|504|833
78|252|504|834
78|252|505|835
78|253|505|836
78|253|506|837
78|254|506|838
78|254|507|839
78|254|508|840
78|254|509|841
78|255|509|842
78|255|510|843
78|255|511|844
78|255|512|845
78|256|512|846
78|256|513|847
78|257|513|848
79|257|513|849
79|258|513|850
79|258|514|851
79|259|514|852
79|259|515|853
79|260|515|854
79|260|516|855
79|261|516|856
80|261|516|857
80|261|517|858
80|261|518|859
80|262|518|860
80|262|519|861
80|263|519|862
80|263|520|863
80|263|521|864
80|263|522|865
80|264|522|866
80|264|523|867
80|265|523|868
81|265|523|869
81|266|523|870
81|266|524|871
81|266|525|872
81|266|526|873
81|267|526|874
81|267|527|875
81|267|528|876
81|267|529|877
81|267|530|878
81|267|531|879
81|267|532|880
81|267|533|881
81|268|533|882
81|268|534|883
81|268|535|884
81|268|536|885
81|268|537|886
81|268|538|887
81|268|539|888
81|268|540|889
81|268|541|890
81|268|542|891
81|269|542|892
81|269|543|893
81|269|544|894
81|269|545|895
81|269|546|896
81|269|547|897
81|270|547|898
81|270|548|899
81|270|549|900
81|270|550|901
81|270|551|902
81|270|552|903
81|270|553|904
81|270|554|905
81|270|555|906
81|270|556|907
81|270|557|908
81|270|558|909
81|271|558|910
82|271|558|911
82|271|559|912
82|271|560|913
82|272|560|914
83|272|560|915
83|272|561|916
84|272|561|917
84|273|561|918
85|273|561|919
85|273|562|920
86|273|562|921
86|273|563|922
86|273|564|923
86|273|565|924
86|273|566|925
86|273|567|926
87|273|567|927
87|273|568|928
88|273|568|929
88|273|569|930
89|273|569|931
89|273|570|932
90|273|570|933
90|273|571|934
91|273|571|935
91|273|572|936
92|273|572|937
92|273|573|938
92|273|574|939
92|273|575|940
92|273|576|941
92|273|577|942
93|273|577|943
93|273|578|944
94|273|578|945
94|273|579|946
94|273|580|947
94|273|581|948
94|273|582|949
94|274|582|950
95|274|582|951
95|275|582|952
95|275|583|953
95|276|583|954
95|276|584|955
95|277|584|956
95|277|585|957
95|278|585|958
96|278|585|959
96|279|585|960
96|279|586|961
96|280|586|962
96|280|587|963
96|281|587|964
96|281|588|965
96|281|589|966
97|281|589|967
97|282|589|968
97|282|590|969
97|283|590|970
97|283|591|971
97|283|592|972
97|283|593|973
97|284|593|974
97|284|594|975
97|285|594|976
97|285|595|977
97|285|596|978
97|285|597|979
97|286|597|980
97|286|598|981
97|286|599|982
97|286|600|983
97|286|601|984
97|286|602|985
97|286|603|986
97|286|604|987
97|286|605|988
97|286|606|989
97|286|607|990
97|286|608|991
97|287|608|992
98|287|608|993
98|287|609|994
99|287|609|995
99|288|609|996
100|288|609|997
100|288|610|998
100|288|611|999
100|289|611|1000
100|289|612|1001
100|289|613|1002
100|289|614|1003
100|290|614|1004
101|290|614|1005
101|290|615|1006
101|290|616|1007
101|291|616|1008
101|291|617|1009
101|292|617|1010
101|292|618|1011
101|293|618|1012
101|293|619|1013
101|293|620|1014
102|293|620|1015
102|294|620|1016
102|294|621|1017
102|295|621|1018
103|295|621|1019
103|295|622|1020
103|295|623|1021
103|295|624|1022
103|295|625|1023
103|295|626|1024
103|295|627|1025
103|295|628|1026
104|295|628|1027
104|295|629|1028
105|295|629|1029
105|296|629|1030
105|296|630|1031
105|297|630|1032
105|297|631|1033
105|297|632|1034
106|297|632|1035
106|297|633|1036
106|297|634|1037
106|297|635|1038
106|297|636|1039
106|298|636|1040
106|298|637|1041
106|298|638|1042
106|298|639|1043
106|299|639|1044
106|299|640|1045
106|300|640|1046
106|300|641|1047
106|300|642|1048
107|300|642|1049
107|301|642|1050
108|301|642|1051
108|301|643|1052
108|301|644|1053
108|302|644|1054
108|302|645|1055
108|303|645|1056
108|303|646|1057
108|304|646|1058
108|304|647|1059
108|305|647|1060
108|305|648|1061
108|306|648|1062
108|306|649|1063
108|307|649|1064
108|307|650|1065
108|308|650|1066
108|308|651|1067
108|309|651|1068
108|309|652|1069
108|310|652|1070
108|310|653|1071
108|311|653|1072
108|311|654|1073
108|312|654|1074
108|312|655|1075
108|313|655|1076
109|313|655|1077
109|314|655|1078
109|314|656|1079
109|315|656|1080
109|315|657|1081
109|316|657|1082
109|316|658|1083
109|317|658|1084
109|317|659|1085
109|318|659|1086
109|318|660|1087
109|319|660|1088
109|319|661|1089
109|320|661|1090
109|320|662|1091
109|320|663|1092
109|320|664|1093
109|321|664|1094
109|321|665|1095
109|322|665|1096
109|322|666|1097
109|323|666|1098
109|323|667|1099
109|323|668|1100
109|323|669|1101
109|324|669|1102
109|324|670|1103
109|324|671|1104
109|324|672|1105
109|325|672|1106
110|325|672|1107
110|325|673|1108
110|325|674|1109
110|326|674|1110
110|326|675|1111
110|327|675|1112
111|327|675|1113
111|327|676|1114
111|327|677|1115
111|328|677|1116
111|328|678|1117
111|329|678|1118
111|329|679|1119
111|330|679|1120
111|330|680|1121
111|331|680|1122
111|331|681|1123
111|332|681|1124
111|332|682|1125
111|333|682|1126
111|333|683|1127
111|334|683|1128
111|334|684|1129
111|335|684|1130
111|335|685|1131
111|336|685|1132
111|336|686|1133
111|337|686|1134
111|337|687|1135
111|338|687|1136
111|338|688|1137
111|339|688|1138
111|339|689|1139
111|340|689|1140
111|340|690|1141
111|341|690|1142
111|341|691|1143
111|342|691|1144
111|342|692|1145
111|343|692|1146
111|343|693|1147
111|343|694|1148
111|343|695|1149
111|344|695|1150
111|344|696|1151
111|345|696|1152
111|345|697|1153
111|346|697|1154
111|346|698|1155
111|347|698|1156
111|347|699|1157
111|348|699|1158
111|348|700|1159
111|349|700|1160
111|349|701|1161
111|350|701|1162
111|350|702|1163
111|351|702|1164
111|351|703|1165
111|352|703|1166
111|352|704|1167
111|353|704|1168
111|353|705|1169
111|354|705|1170
111|354|706|1171
111|355|706|1172
111|355|707|1173
111|356|707|1174
111|356|708|1175
111|357|708|1176
111|357|709|1177
111|358|709|1178
111|358|710|1179
111|359|710|1180
111|359|711|1181
111|360|711|1182
111|360|712|1183
111|361|712|1184
111|361|713|1185
111|362|713|1186
111|362|714|1187
111|363|714|1188
111|363|715|1189
111|364|715|1190
111|364|716|1191
111|365|716|1192
111|365|717|1193
111|366|717|1194
111|366|718|1195
111|367|718|1196
111|367|719|1197
111|368|719|1198
111|368|720|1199
111|368|721|1200
111|368|722|1201
111|368|723|1202
111|368|724|1203
111|368|725|1204
112|368|725|1205
112|368|726|1206
113|368|726|1207
113|369|726|1208
114|369|726|1209
114|369|727|1210
115|369|727|1211
115|369|728|1212
116|369|728|1213
116|369|729|1214
117|369|729|1215
117|369|730|1216
118|369|730|1217
118|370|730|1218
119|370|730|1219
119|371|730|1220
120|371|730|1221
120|372|730|1222
121|372|730|1223
121|372|731|1224
122|372|731|1225
122|372|732|1226
123|372|732|1227
123|372|733|1228
124|372|733|1229
124|372|734|1230
124|372|735|1231
124|372|736|1232
124|372|737|1233
124|372|738|1234
124|372|739|1235
124|373|739|1236
124|373|740|1237
124|374|740|1238
125|374|740|1239
125|375|740|1240
125|375|741|1241
125|376|741|1242
125|376|742|1243
125|377|742|1244
125|377|743|1245
125|377|744|1246
125|377|745|1247
125|378|745|1248
125|378|746|1249
125|379|746|1250
125|379|747|1251
125|380|747|1252
125|380|748|1253
125|381|748|1254
125|381|749|1255
125|382|749|1256
125|382|750|1257
125|383|750|1258
125|383|751|1259
125|384|751|1260
125|384|752|1261
125|385|752|1262
125|385|753|1263
125|386|753|1264
125|386|754|1265
125|387|754|1266
125|387|755|1267
125|388|755|1268
125|388|756|1269
125|388|757|1270
125|388|758|1271
125|388|759|1272
125|388|760|1273
125|389|760|1274
125|389|761|1275
125|390|761|1276
125|390|762|1277
125|391|762|1278
125|391|763|1279
125|392|763|1280
126|392|763|1281
126|393|763|1282
126|393|764|1283
126|394|764|1284
126|394|765|1285
126|395|765|1286
127|395|765|1287
127|395|766|1288
127|395|767|1289
127|396|767|1290
127|396|768|1291
127|397|768|1292
128|397|768|1293
128|398|768|1294
128|398|769|1295
128|399|769|1296
128|399|770|1297
128|400|770|1298
128|400|771|1299
128|401|771|1300
128|401|772|1301
128|402|772|1302
128|402|773|1303
128|403|773|1304
129|403|773|1305
129|403|774|1306
129|403|775|1307
129|404|775|1308
129|405|776|1310
129|406|776|1311
129|406|777|1312
129|407|777|1313
129|407|778|1314
129|408|778|1315
129|408|779|1316
129|409|779|1317
129|409|780|1318
129|410|780|1319
129|410|781|1320
129|411|781|1321
129|411|782|1322
129|412|782|1323
129|412|783|1324
129|413|783|1325
129|413|784|1326
129|414|784|1327
129|414|785|1328
129|415|785|1329
129|415|786|1330
129|416|786|1331
129|416|787|1332
129|417|787|1333
129|417|788|1334
129|418|788|1335
129|418|789|1336
129|419|789|1337
129|419|790|1338
129|420|790|1339
129|420|791|1340
129|421|791|1341
129|421|792|1342
129|421|793|1343
130|421|793|1344
130|421|794|1345
131|421|794|1346
131|421|795|1347
132|421|795|1348
132|421|796|1349
133|421|796|1350
133|421|797|1351
133|421|798|1352
133|421|799|1353
134|421|799|1354
134|421|800|1355
135|421|800|1356
135|421|801|1357
136|421|801|1358
136|421|802|1359
137|421|802|1360
137|421|803|1361
138|421|803|1362
138|421|804|1363
138|421|805|1364
138|421|806|1365
138|421|807|1366
138|421|808|1367
139|421|808|1368
139|421|809|1369
140|421|809|1370
140|421|810|1371
140|421|811|1372
140|421|812|1373
141|421|812|1374
141|421|813|1375
142|421|813|1376
142|421|814|1377
143|421|814|1378
143|422|814|1379
143|422|815|1380
143|423|815|1381
143|423|816|1382
143|424|816|1383
143|424|817|1384
143|425|817|1385
143|425|818|1386
143|426|818|1387
143|426|819|1388
143|427|819|1389
143|427|820|1390
143|428|820|1391
143|428|821|1392
143|429|821|1393
143|429|822|1394
143|430|822|1395
143|430|823|1396
143|431|823|1397
143|431|824|1398
143|432|824|1399
143|432|825|1400
143|433|825|1401
143|433|826|1402
143|434|826|1403
143|434|827|1404
143|435|827|1405
143|435|828|1406
143|436|828|1407
143|436|829|1408
143|437|829|1409
143|437|830|1410
143|438|830|1411
143|438|831|1412
143|439|831|1413
143|439|832|1414
143|439|833|1415
143|439|834|1416
143|440|834|1417
143|440|835|1418
143|441|835|1419
143|441|836|1420
143|442|836|1421
143|442|837|1422
143|443|837|1423
143|443|838|1424
143|443|839|1425
144|443|839|1426
144|444|839|1427
144|444|840|1428
144|444|841|1429
144|444|842|1430
144|445|842|1431
144|445|843|1432
144|445|844|1433
145|445|844|1434
145|446|844|1435
145|446|845|1436
145|447|845|1437
146|447|845|1438
146|448|845|1439
146|448|846|1440
146|449|846|1441
146|449|847|1442
146|449|848|1443
146|449|849|1444
146|450|849|1445
146|450|850|1446
146|451|850|1447
146|451|851|1448
146|451|852|1449
146|451|853|1450
146|451|854|1451
146|451|855|1452
146|451|856|1453
146|451|857|1454
146|451|858|1455
147|451|858|1456
147|451|859|1457
147|451|860|1458
147|451|861|1459
147|451|862|1460
147|451|863|1461
148|451|863|1462
148|451|864|1463
148|451|865|1464
148|451|866|1465
148|451|867|1466
148|451|868|1467
148|451|869|1468
148|451|870|1469
149|451|870|1470
149|451|871|1471
149|451|872|1472
149|451|873|1473
150|451|873|1474
150|451|874|1475
150|451|875|1476
150|451|876|1477
150|451|877|1478
150|451|878|1479
150|451|879|1480
150|451|880|1481
150|451|881|1482
150|451|882|1483
150|451|883|1484
150|451|884|1485
150|451|885|1486
150|452|885|1487
150|452|886|1488
150|453|886|1489
150|453|887|1490
150|454|887|1491
150|454|888|1492
150|455|888|1493
150|455|889|1494
150|456|889|1495
150|456|890|1496
150|457|890|1497
150|457|891|1498
150|458|891|1499
150|458|892|1500
150|459|892|1501
150|459|893|1502
150|460|893|1503
150|460|894|1504
150|461|894|1505
150|461|895|1506
150|462|895|1507
150|462|896|1508
150|463|896|1509
150|463|897|1510
150|464|897|1511
150|464|898|1512
150|465|898|1513
150|465|899|1514
150|466|899|1515
150|466|900|1516
150|467|900|1517
150|467|901|1518
150|468|901|1519
150|468|902|1520
150|469|902|1521
150|469|903|1522
150|469|904|1523
150|469|905|1524
150|470|905|1525
150|470|906|1526
150|471|906|1527
150|471|907|1528
150|472|907|1529
150|472|908|1530
150|473|908|1531
150|473|909|1532
150|474|909|1533
151|474|909|1534
151|475|909|1535
151|475|910|1536
151|476|910|1537
151|476|911|1538
151|477|911|1539
151|477|912|1540
151|477|913|1541
152|477|913|1542
152|478|913|1543
152|478|914|1544
152|479|914|1545
152|479|915|1546
152|479|916|1547
152|479|917|1548
152|480|917|1549
152|480|918|1550
152|481|918|1551
153|481|918|1552
153|481|919|1553
153|481|920|1554
153|481|921|1555
154|481|921|1556
154|481|922|1557
155|481|922|1558
155|481|923|1559
155|481|924|1560
155|481|925|1561
155|481|926|1562
155|481|927|1563
155|481|928|1564
155|481|929|1565
155|481|930|1566
155|481|931|1567
156|481|931|1568
156|481|932|1569
156|481|933|1570
156|481|934|1571
156|481|935|1572
156|481|936|1573
156|481|937|1574
156|481|938|1575
156|481|939|1576
156|481|940|1577
157|481|940|1578
157|481|941|1579
157|481|942|1580
157|481|943|1581
157|481|944|1582
157|481|945|1583
157|481|946|1584
157|482|946|1585
158|482|946|1586
158|482|947|1587
159|482|947|1588
159|482|948|1589
159|482|949|1590
159|482|950|1591
159|482|951|1592
159|482|952|1593
159|482|953|1594
159|482|954|1595
160|482|954|1596
160|482|955|1597
161|482|955|1598
161|482|956|1599
161|482|957|1600
161|482|958|1601
161|482|959|1602
161|483|959|1603
162|483|959|1604
162|484|959|1605
162|484|960|1606
162|485|960|1607
162|485|961|1608
162|485|962|1609
162|485|963|1610
162|485|964|1611
162|485|965|1612
162|485|966|1613
162|485|967|1614
162|485|968|1615
163|485|968|1616
163|485|969|1617
163|485|970|1618
163|485|971|1619
164|485|971|1620
164|485|972|1621
165|485|972|1622
165|486|972|1623
165|486|973|1624
165|486|974|1625
166|486|974|1626
166|486|975|1627
167|486|975|1628
167|486|976|1629
167|486|977|1630
167|486|978|1631
167|486|979|1632
167|487|979|1633
168|487|979|1634
168|488|979|1635
169|488|979|1636
169|488|980|1637
169|488|981|1638
169|489|981|1639
169|489|982|1640
169|489|983|1641
169|489|984|1642
169|490|984|1643
169|490|985|1644
169|491|985|1645
169|491|986|1646
169|492|986|1647
169|492|987|1648
169|493|987|1649
169|493|988|1650
169|494|988|1651
169|494|989|1652
169|495|989|1653
170|495|989|1654
170|495|990|1655
171|495|990|1656
171|496|990|1657
172|496|990|1658
172|497|990|1659
172|497|991|1660
172|498|991|1661
173|498|991|1662
173|499|991|1663
174|499|991|1664
174|500|991|1665
174|500|992|1666
174|501|992|1667
174|501|993|1668
174|501|994|1669
174|501|995|1670
174|502|995|1671
175|502|995|1672
175|503|995|1673
175|503|996|1674
175|504|996|1675
175|504|997|1676
175|504|998|1677
175|504|999|1678
175|505|999|1679
175|505|1000|1680
175|505|1001|1681
175|505|1002|1682
175|505|1003|1683
175|505|1004|1684
175|505|1005|1685
176|505|1005|1686
176|506|1005|1687
177|506|1005|1688
177|506|1006|1689
177|506|1007|1690
177|507|1007|1691
177|507|1008|1692
177|507|1009|1693
177|507|1010|1694
177|507|1011|1695
177|507|1012|1696
177|507|1013|1697
177|507|1014|1698
177|507|1015|1699
177|507|1016|1700
177|507|1017|1701
177|507|1018|1702
177|507|1019|1703
178|507|1019|1704
178|507|1020|1705
179|507|1020|1706
179|507|1021|1707
180|507|1021|1708
180|507|1022|1709
180|507|1023|1710
180|507|1024|1711
181|507|1024|1712
181|507|1025|1713
182|507|1025|1714
182|507|1026|1715
183|507|1026|1716
183|507|1027|1717
183|507|1028|1718
183|507|1029|1719
184|507|1029|1720
184|507|1030|1721
184|507|1031|1722
184|507|1032|1723
184|507|1033|1724
184|507|1034|1725
185|507|1034|1726
185|507|1035|1727
185|507|1036|1728
185|507|1037|1729
186|507|1037|1730
186|507|1038|1731
186|507|1039|1732
186|507|1040|1733
186|507|1041|1734
186|507|1042|1735
186|507|1043|1736
186|507|1044|1737
186|507|1045|1738
186|508|1045|1739
186|508|1046|1740
186|509|1046|1741
186|509|1047|1742
186|510|1047|1743
186|510|1048|1744
186|511|1048|1745
186|511|1049|1746
186|512|1049|1747
186|512|1050|1748
186|513|1050|1749
186|513|1051|1750
186|514|1051|1751
186|514|1052|1752
186|515|1052|1753
186|515|1053|1754
186|516|1053|1755
186|516|1054|1756
186|517|1054|1757
186|517|1055|1758
186|518|1055|1759
186|518|1056|1760
186|519|1056|1761
186|519|1057|1762
186|520|1057|1763
186|520|1058|1764
186|521|1058|1765
186|521|1059|1766
186|522|1059|1767
186|522|1060|1768
186|523|1060|1769
186|523|1061|1770
186|524|1061|1771
186|524|1062|1772
186|525|1062|1773
186|525|1063|1774
186|525|1064|1775
186|525|1065|1776
186|526|1065|1777
186|526|1066|1778
186|527|1066|1779
186|527|1067|1780
186|528|1067|1781
186|528|1068|1782
186|528|1069|1783
187|528|1069|1784
187|529|1069|1785
187|529|1070|1786
187|530|1070|1787
187|530|1071|1788
187|531|1071|1789
187|531|1072|1790
187|531|1073|1791
187|531|1074|1792
187|532|1074|1793
187|532|1075|1794
187|533|1075|1795
188|533|1075|1796
188|534|1075|1797
188|534|1076|1798
188|535|1076|1799
188|535|1077|1800
188|535|1078|1801
189|535|1078|1802
189|535|1079|1803
189|535|1080|1804
189|535|1081|1805
190|535|1081|1806
190|536|1081|1807
190|536|1082|1808
190|537|1082|1809
190|537|1083|1810
190|537|1084|1811
190|537|1085|1812
190|538|1085|1813
190|538|1086|1814
190|539|1086|1815
190|539|1087|1816
190|540|1087|1817
190|540|1088|1818
190|540|1089|1819
190|540|1090|1820
190|541|1090|1821
190|541|1091|1822
190|542|1091|1823
190|542|1092|1824
190|543|1092|1825
190|543|1093|1826
190|544|1093|1827
190|544|1094|1828
190|545|1094|1829
190|545|1095|1830
190|546|1095|1831
190|546|1096|1832
190|547|1096|1833
190|547|1097|1834
190|548|1097|1835
190|548|1098|1836
190|549|1098|1837
190|549|1099|1838
190|550|1099|1839
190|550|1100|1840
190|551|1100|1841
190|551|1101|1842
190|552|1101|1843
190|552|1102|1844
190|553|1102|1845
190|553|1103|1846
190|554|1103|1847
190|554|1104|1848
190|555|1104|1849
190|555|1105|1850
190|556|1105|1851
190|556|1106|1852
190|557|1106|1853
190|557|1107|1854
190|558|1107|1855
190|558|1108|1856
190|559|1108|1857
190|559|1109|1858
190|560|1109|1859
190|560|1110|1860
190|561|1110|1861
190|561|1111|1862
190|562|1111|1863
190|562|1112|1864
190|563|1112|1865
190|563|1113|1866
190|564|1113|1867
190|564|1114|1868
190|565|1114|1869
190|565|1115|1870
190|566|1115|1871
190|566|1116|1872
190|567|1116|1873
190|567|1117|1874
190|568|1117|1875
190|568|1118|1876
190|569|1118|1877
190|569|1119|1878
190|570|1119|1879
190|570|1120|1880
190|571|1120|1881
190|571|1121|1882
190|572|1121|1883
191|572|1121|1884
191|572|1122|1885
192|572|1122|1886
192|572|1123|1887
192|572|1124|1888
192|572|1125|1889
193|572|1125|1890
193|572|1126|1891
194|572|1126|1892
194|572|1127|1893
194|572|1128|1894
194|572|1129|1895
195|572|1129|1896
195|572|1130|1897
196|572|1130|1898
196|572|1131|1899
197|572|1131|1900
197|572|1132|1901
198|572|1132|1902
198|572|1133|1903
199|572|1133|1904
199|572|1134|1905
200|572|1134|1906
200|572|1135|1907
200|572|1136|1908
200|572|1137|1909
201|572|1137|1910
201|572|1138|1911
201|572|1139|1912
201|572|1140|1913
202|572|1140|1914
202|572|1141|1915
203|572|1141|1916
203|572|1142|1917
204|572|1142|1918
204|573|1142|1919
205|573|1142|1920
205|574|1142|1921
205|574|1143|1922
205|575|1143|1923
205|575|1144|1924
205|576|1144|1925
205|576|1145|1926
205|577|1145|1927
205|577|1146|1928
205|577|1147|1929
205|577|1148|1930
205|578|1148|1931
205|578|1149|1932
205|579|1149|1933
205|579|1150|1934
205|579|1151|1935
205|579|1152|1936
205|580|1152|1937
205|580|1153|1938
205|581|1153|1939
205|581|1154|1940
205|582|1154|1941
205|582|1155|1942
205|583|1155|1943
205|583|1156|1944
205|584|1156|1945
205|584|1157|1946
205|584|1158|1947
205|584|1159|1948
205|585|1159|1949
205|585|1160|1950
205|586|1160|1951
205|586|1161|1952
205|587|1161|1953
205|587|1162|1954
205|587|1163|1955
205|587|1164|1956
205|588|1164|1957
205|588|1165|1958
205|589|1165|1959
205|589|1166|1960
205|590|1166|1961
205|590|1167|1962
205|591|1167|1963
205|591|1168|1964
205|591|1169|1965
205|591|1170|1966
205|592|1170|1967
205|592|1171|1968
205|593|1171|1969
205|593|1172|1970
205|593|1173|1971
206|593|1173|1972
206|594|1173|1973
206|594|1174|1974
206|595|1174|1975
206|595|1175|1976
206|596|1175|1977
206|596|1176|1978
206|597|1176|1979
206|597|1177|1980
206|598|1177|1981
206|598|1178|1982
206|598|1179|1983
206|598|1180|1984
206|599|1180|1985
206|599|1181|1986
206|599|1182|1987
206|599|1183|1988
206|599|1184|1989
207|599|1184|1990
207|600|1184|1991
207|600|1185|1992
207|601|1185|1993
207|601|1186|1994
207|602|1186|1995
207|602|1187|1996
207|603|1187|1997
207|603|1188|1998
207|604|1188|1999
207|604|1189|2000
