total
0|1|0|1
1|1|0|2
1|2|0|3
1|2|1|4
1|2|2|5
1|2|3|6
1|2|4|7
1|2|5|8
1|2|6|9
1|2|7|10
1|2|8|11
1|2|9|12
1|2|10|13
1|3|10|14
1|3|11|15
1|4|11|16
1|4|12|17
1|5|12|18
1|5|13|19
1|6|13|20
1|6|14|21
1|7|14|22
1|7|15|23
1|8|15|24
1|8|16|25
1|9|16|26
1|9|17|27
1|10|17|28
1|10|18|29
1|10|19|30
1|10|20|31
1|11|20|32
1|11|21|33
1|12|21|34
1|12|22|35
1|13|22|36
1|13|23|37
1|14|23|38
1|14|24|39
1|15|24|40
1|15|25|41
1|16|25|42
1|16|26|43
1|17|26|44
1|17|27|45
1|18|27|46
1|18|28|47
1|19|28|48
1|20|28|49
1|21|28|50
1|21|29|51
1|22|29|52
1|22|30|53
1|23|30|54
1|23|31|55
1|24|31|56
1|25|31|57
1|26|31|58
1|26|32|59
1|27|32|60
1|27|33|61
1|28|33|62
1|28|34|63
1|29|34|64
1|30|34|65
2|30|34|66
2|30|35|67
2|31|35|68
2|31|36|69
2|32|36|70
2|32|37|71
2|33|37|72
2|33|38|73
2|34|38|74
2|35|38|75
2|36|38|76
2|37|38|77
2|38|38|78
2|38|39|79
2|39|39|80
2|39|40|81
2|40|40|82
2|40|41|83
2|41|41|84
2|41|42|85
2|42|42|86
2|42|43|87
2|42|44|88
2|42|45|89
2|43|45|90
2|43|46|91
2|44|46|92
2|44|47|93
2|44|48|94
2|44|49|95
2|45|49|96
2|45|50|97
2|46|50|98
2|47|50|99
2|48|50|100
2|48|51|101
2|48|52|102
2|48|53|103
2|49|53|104
2|49|54|105
2|49|55|106
2|49|56|107
2|50|56|108
2|50|57|109
2|50|58|110
2|51|58|111
2|51|59|112
2|51|60|113
2|52|60|114
2|52|61|115
2|53|61|116
2|53|62|117
2|53|63|118
2|53|64|119
2|54|64|120
2|54|65|121
2|55|65|122
2|55|66|123
2|56|66|124
2|56|67|125
2|57|67|126
2|57|68|127
2|58|68|128
2|58|69|129
2|59|69|130
2|59|70|131
2|60|70|132
2|60|71|133
2|61|71|134
2|61|72|135
2|62|72|136
2|62|73|137
2|63|73|138
2|63|74|139
2|64|74|140
2|64|75|141
2|65|75|142
2|65|76|143
2|66|76|144
2|66|77|145
2|67|77|146
2|67|78|147
2|68|78|148
2|68|79|149
2|69|79|150
2|69|80|151
2|70|80|152
2|70|81|153
2|71|81|154
2|71|82|155
2|72|82|156
2|72|83|157
2|73|83|158
2|73|84|159
2|74|84|160
2|74|85|161
2|75|85|162
2|75|86|163
2|76|86|164
2|76|87|165
2|76|88|166
2|76|89|167
2|77|89|168
2|77|90|169
2|78|90|170
2|78|91|171
2|79|91|172
2|79|92|173
2|79|93|174
2|79|94|175
2|80|94|176
2|80|95|177
2|81|95|178
2|81|96|179
2|81|97|180
2|81|98|181
2|82|98|182
2|83|98|183
2|84|98|184
2|84|99|185
2|85|99|186
2|85|100|187
2|86|100|188
2|86|101|189
2|87|101|190
2|87|102|191
2|87|103|192
2|88|103|193
3|88|103|194
3|88|104|195
3|88|105|196
3|89|105|197
3|89|106|198
3|90|106|199
3|90|107|200
3|91|107|201
3|91|108|202
3|91|109|203
3|91|110|204
3|91|111|205
3|92|111|206
3|92|112|207
4|92|112|208
4|92|113|209
4|92|114|210
4|92|115|211
4|92|116|212
4|92|117|213
4|92|118|214
4|92|119|215
5|92|119|216
5|92|120|217
5|92|121|218
5|92|122|219
5|93|122|220
5|93|123|221
5|94|123|222
5|95|123|223
5|96|123|224
5|96|124|225
5|96|125|226
5|97|125|227
5|98|125|228
5|99|125|229
5|100|125|230
5|101|125|231
5|102|125|232
5|103|125|233
5|104|125|234
5|104|126|235
5|105|126|236
5|105|127|237
5|106|127|238
5|106|128|239
5|107|128|240
5|107|129|241
5|108|129|242
5|109|129|243
5|110|129|244
5|110|130|245
5|110|131|246
5|110|132|247
5|110|133|248
5|110|134|249
5|111|134|250
5|111|135|251
5|112|135|252
5|113|135|253
5|113|136|254
5|114|136|255
5|115|136|256
5|116|136|257
5|117|136|258
5|117|137|259
5|118|137|260
5|119|137|261
5|119|138|262
5|119|139|263
5|120|139|264
5|120|140|265
5|121|140|266
5|121|141|267
5|122|141|268
5|122|142|269
5|123|142|270
5|123|143|271
5|124|143|272
5|124|144|273
5|125|144|274
5|125|145|275
5|126|145|276
5|126|146|277
5|127|146|278
5|127|147|279
5|128|147|280
5|128|148|281
5|129|148|282
5|130|148|283
5|131|148|284
5|131|149|285
5|132|149|286
5|132|150|287
5|133|150|288
5|133|151|289
5|134|151|290
5|134|152|291
5|135|152|292
5|135|153|293
5|136|153|294
5|136|154|295
5|137|154|296
5|137|155|297
5|138|155|298
5|138|156|299
5|138|157|300
5|138|158|301
5|139|158|302
5|139|159|303
5|139|160|304
5|139|161|305
5|140|161|306
5|140|162|307
5|141|162|308
5|141|163|309
5|141|164|310
5|142|164|311
5|143|164|312
5|143|165|313
5|144|165|314
5|144|166|315
5|145|166|316
5|146|166|317
5|146|167|318
5|146|168|319
5|147|168|320
5|147|169|321
5|148|169|322
5|148|170|323
5|149|170|324
5|149|171|325
5|150|171|326
5|150|172|327
5|151|172|328
5|151|173|329
5|151|174|330
5|151|175|331
5|152|175|332
5|152|176|333
5|153|176|334
5|153|177|335
5|153|178|336
5|153|179|337
5|154|179|338
5|154|180|339
5|155|180|340
5|155|181|341
5|155|182|342
5|156|182|343
5|157|182|344
5|157|183|345
5|157|184|346
5|157|185|347
5|158|185|348
5|158|186|349
5|158|187|350
5|158|188|351
5|158|189|352
5|158|190|353
5|159|190|354
5|160|190|355
5|161|190|356
5|161|191|357
5|161|192|358
5|161|193|359
5|161|194|360
5|161|195|361
5|162|195|362
5|162|196|363
5|162|197|364
5|162|198|365
5|163|198|366
5|163|199|367
5|164|199|368
5|164|200|369
5|164|201|370
5|164|202|371
5|165|202|372
5|165|203|373
5|166|203|374
5|166|204|375
5|167|204|376
5|167|205|377
5|168|205|378
5|168|206|379
5|169|206|380
5|169|207|381
5|170|207|382
5|170|208|383
5|171|208|384
5|171|209|385
5|172|209|386
5|172|210|387
5|173|210|388
5|173|211|389
5|174|211|390
5|174|212|391
5|175|212|392
5|175|213|393
5|176|213|394
5|176|214|395
5|177|214|396
5|177|215|397
5|178|215|398
5|179|215|399
5|180|215|400
5|180|216|401
5|181|216|402
5|181|217|403
5|182|217|404
5|182|218|405
5|183|218|406
5|183|219|407
5|183|220|408
5|183|221|409
5|184|221|410
5|184|222|411
5|185|222|412
5|185|223|413
5|186|223|414
5|186|224|415
5|186|225|416
5|186|226|417
5|187|226|418
5|187|227|419
5|188|227|420
5|188|228|421
5|189|228|422
5|189|229|423
5|189|230|424
5|189|231|425
5|190|231|426
5|190|232|427
5|191|232|428
5|191|233|429
5|191|234|430
5|191|235|431
5|192|235|432
5|192|236|433
5|193|236|434
5|193|237|435
5|194|237|436
5|194|238|437
5|194|239|438
5|194|240|439
5|195|240|440
5|195|241|441
5|196|241|442
5|196|242|443
5|197|242|444
5|197|243|445
5|198|243|446
5|198|244|447
5|199|244|448
5|199|245|449
5|200|245|450
5|200|246|451
5|201|246|452
5|201|247|453
5|202|247|454
5|202|248|455
5|203|248|456
5|203|249|457
5|204|249|458
5|204|250|459
5|205|250|460
5|205|251|461
5|206|251|462
5|206|252|463
5|207|252|464
5|207|253|465
5|208|253|466
5|208|254|467
5|209|254|468
5|209|255|469
5|210|255|470
5|210|256|471
5|211|256|472
5|211|257|473
5|212|257|474
5|212|258|475
5|213|258|476
5|213|259|477
5|214|259|478
5|215|259|479
5|216|259|480
5|216|260|481
5|217|260|482
5|217|261|483
5|218|261|484
5|218|262|485
5|219|262|486
5|219|263|487
5|220|263|488
5|220|264|489
5|221|264|490
5|221|265|491
5|222|265|492
5|222|266|493
5|223|266|494
5|224|266|495
5|225|266|496
5|225|267|497
5|226|267|498
5|226|268|499
5|227|268|500
5|227|269|501
5|228|269|502
5|228|270|503
5|229|270|504
5|229|271|505
5|230|271|506
5|231|271|507
5|232|271|508
5|233|271|509
6|233|271|510
6|233|272|511
6|234|272|512
6|234|273|513
6|235|273|514
6|235|274|515
6|235|275|516
6|235|276|517
6|235|277|518
6|235|278|519
6|235|279|520
6|235|280|521
6|236|280|522
6|236|281|523
6|236|282|524
6|236|283|525
6|236|284|526
6|237|284|527
6|238|284|528
6|238|285|529
6|239|285|530
6|239|286|531
6|239|287|532
6|239|288|533
6|239|289|534
6|239|290|535
6|239|291|536
6|239|292|537
6|239|293|538
6|240|293|539
6|241|293|540
6|242|293|541
6|242|294|542
6|243|294|543
6|244|294|544
6|245|294|545
6|245|295|546
6|246|295|547
6|246|296|548
6|247|296|549
6|248|296|550
6|249|296|551
6|250|296|552
6|250|297|553
6|251|297|554
6|251|298|555
6|252|298|556
6|252|299|557
6|253|299|558
6|253|300|559
6|254|300|560
6|254|301|561
6|255|301|562
6|255|302|563
6|256|302|564
6|257|302|565
6|258|302|566
6|258|303|567
6|259|303|568
6|260|303|569
6|261|303|570
6|261|304|571
6|262|304|572
6|263|304|573
6|264|304|574
6|264|305|575
6|265|305|576
6|266|305|577
6|267|305|578
6|267|306|579
6|268|306|580
6|268|307|581
6|269|307|582
6|270|307|583
6|271|307|584
6|271|308|585
6|272|308|586
6|272|309|587
6|272|310|588
6|272|311|589
6|273|311|590
6|273|312|591
6|274|312|592
6|274|313|593
6|275|313|594
6|275|314|595
6|276|314|596
6|276|315|597
6|277|315|598
6|277|316|599
6|278|316|600
6|278|317|601
6|279|317|602
6|279|318|603
6|279|319|604
6|279|320|605
6|280|320|606
6|280|321|607
6|281|321|608
6|281|322|609
6|282|322|610
6|282|323|611
6|283|323|612
6|283|324|613
6|283|325|614
6|283|326|615
6|284|326|616
6|284|327|617
6|285|327|618
6|285|328|619
6|286|328|620
6|286|329|621
6|287|329|622
6|287|330|623
6|288|330|624
6|288|331|625
6|289|331|626
6|290|331|627
6|291|331|628
6|291|332|629
6|292|332|630
6|292|333|631
6|293|333|632
6|293|334|633
6|294|334|634
6|294|335|635
6|295|335|636
6|295|336|637
6|296|336|638
6|296|337|639
6|297|337|640
6|297|338|641
6|298|338|642
6|298|339|643
6|299|339|644
6|299|340|645
6|300|340|646
6|300|341|647
6|301|341|648
6|301|342|649
6|302|342|650
6|303|342|651
6|304|342|652
6|305|342|653
6|306|342|654
6|306|343|655
6|307|343|656
6|307|344|657
6|308|344|658
6|308|345|659
6|308|346|660
6|308|347|661
6|308|348|662
6|308|349|663
6|308|350|664
6|308|351|665
6|309|351|666
6|309|352|667
6|309|353|668
6|309|354|669
6|309|355|670
6|309|356|671
6|309|357|672
6|309|358|673
6|309|359|674
6|310|359|675
6|310|360|676
6|310|361|677
6|310|362|678
6|310|363|679
6|310|364|680
6|310|365|681
6|310|366|682
6|310|367|683
6|310|368|684
6|310|369|685
6|310|370|686
6|311|370|687
6|312|370|688
6|312|371|689
6|312|372|690
6|313|372|691
6|313|373|692
6|313|374|693
6|313|375|694
6|313|376|695
6|314|376|696
6|314|377|697
6|315|377|698
6|315|378|699
6|316|378|700
6|316|379|701
6|317|379|702
6|317|380|703
6|318|380|704
6|318|381|705
6|319|381|706
6|319|382|707
6|320|382|708
6|320|383|709
6|321|383|710
6|321|384|711
6|322|384|712
6|322|385|713
6|323|385|714
6|323|386|715
6|324|386|716
6|324|387|717
6|325|387|718
6|325|388|719
6|326|388|720
6|326|389|721
6|327|389|722
6|327|390|723
6|328|390|724
6|328|391|725
6|329|391|726
6|329|392|727
6|330|392|728
6|330|393|729
6|331|393|730
6|331|394|731
6|332|394|732
6|332|395|733
6|333|395|734
6|333|396|735
6|334|396|736
6|334|397|737
6|335|397|738
6|335|398|739
6|336|398|740
6|336|399|741
6|337|399|742
6|337|400|743
6|338|400|744
6|338|401|745
6|339|401|746
6|339|402|747
6|340|402|748
6|340|403|749
6|341|403|750
6|341|404|751
6|342|404|752
6|342|405|753
6|343|405|754
6|343|406|755
6|344|406|756
6|344|407|757
6|345|407|758
6|345|408|759
6|346|408|760
6|346|409|761
6|347|409|762
6|347|410|763
7|347|410|764
7|347|411|765
7|348|411|766
7|348|412|767
7|348|413|768
7|348|414|769
7|348|415|770
7|348|416|771
7|348|417|772
7|348|418|773
7|348|419|774
7|348|420|775
7|349|420|776
7|349|421|777
7|350|421|778
7|350|422|779
7|350|423|780
7|350|424|781
7|350|425|782
7|350|426|783
7|350|427|784
7|350|428|785
7|350|429|786
7|350|430|787
7|351|430|788
7|351|431|789
7|351|432|790
7|351|433|791
7|352|433|792
7|352|434|793
7|352|435|794
7|352|436|795
7|352|437|796
7|353|437|797
7|353|438|798
7|353|439|799
7|354|439|800
7|354|440|801
7|354|441|802
7|354|442|803
7|355|442|804
7|355|443|805
7|356|443|806
7|356|444|807
7|357|444|808
7|357|445|809
7|358|445|810
7|358|446|811
7|359|446|812
7|359|447|813
7|360|447|814
7|360|448|815
7|361|448|816
7|361|449|817
7|362|449|818
7|362|450|819
7|363|450|820
7|363|451|821
7|364|451|822
7|364|452|823
7|365|452|824
7|365|453|825
7|366|453|826
7|366|454|827
7|367|454|828
7|367|455|829
7|368|455|830
7|368|456|831
7|369|456|832
7|369|457|833
7|370|457|834
7|370|458|835
7|371|458|836
7|371|459|837
7|372|459|838
7|372|460|839
7|373|460|840
7|373|461|841
7|374|461|842
7|374|462|843
7|375|462|844
7|375|463|845
7|376|463|846
7|376|464|847
7|377|464|848
7|378|464|849
7|379|464|850
7|380|464|851
7|381|464|852
7|381|465|853
7|382|465|854
7|382|466|855
7|383|466|856
7|383|467|857
7|383|468|858
7|383|469|859
7|384|469|860
7|384|470|861
7|385|470|862
7|385|471|863
7|385|472|864
7|385|473|865
7|386|473|866
7|386|474|867
7|387|474|868
7|387|475|869
7|388|475|870
7|388|476|871
7|388|477|872
7|388|478|873
7|389|478|874
7|390|478|875
7|390|479|876
7|390|480|877
7|390|481|878
7|390|482|879
7|391|482|880
7|391|483|881
8|391|483|882
8|392|483|883
8|393|483|884
8|393|484|885
8|393|485|886
8|393|486|887
8|393|487|888
8|394|487|889
8|394|488|890
8|394|489|891
8|394|490|892
8|394|491|893
8|395|491|894
8|396|491|895
8|396|492|896
8|396|493|897
8|396|494|898
8|396|495|899
8|397|495|900
8|397|496|901
8|397|497|902
8|397|498|903
8|398|498|904
8|398|499|905
8|398|500|906
8|398|501|907
8|398|502|908
8|398|503|909
8|398|504|910
8|399|504|911
8|400|504|912
8|401|504|913
8|402|504|914
8|402|505|915
8|402|506|916
8|403|506|917
8|404|506|918
8|405|506|919
8|406|506|920
8|407|506|921
8|408|506|922
8|408|507|923
8|409|507|924
8|410|507|925
8|410|508|926
8|410|509|927
8|411|509|928
8|411|510|929
8|412|510|930
8|412|511|931
8|413|511|932
8|414|511|933
8|415|511|934
8|415|512|935
8|416|512|936
8|417|512|937
8|418|512|938
8|418|513|939
8|419|513|940
8|420|513|941
8|421|513|942
8|422|513|943
8|423|513|944
8|424|513|945
8|425|513|946
8|425|514|947
8|426|514|948
8|426|515|949
8|427|515|950
8|427|516|951
8|428|516|952
8|428|517|953
8|429|517|954
8|429|518|955
8|430|518|956
8|430|519|957
8|431|519|958
8|431|520|959
8|432|520|960
8|432|521|961
8|433|521|962
8|433|522|963
8|434|522|964
8|434|523|965
8|435|523|966
8|435|524|967
8|436|524|968
8|436|525|969
8|437|525|970
8|437|526|971
8|438|526|972
8|438|527|973
8|439|527|974
8|439|528|975
8|440|528|976
8|440|529|977
8|441|529|978
8|441|530|979
8|442|530|980
8|442|531|981
8|443|531|982
8|443|532|983
8|443|533|984
8|443|534|985
8|443|535|986
8|443|536|987
8|444|536|988
8|444|537|989
8|444|538|990
8|444|539|991
8|445|539|992
8|445|540|993
8|446|540|994
8|447|540|995
8|448|540|996
8|448|541|997
8|449|541|998
8|449|542|999
8|450|542|1000
8|450|543|1001
8|451|543|1002
8|451|544|1003
8|452|544|1004
8|452|545|1005
8|453|545|1006
8|454|545|1007
8|455|545|1008
8|455|546|1009
8|456|546|1010
8|457|546|1011
8|458|546|1012
8|458|547|1013
8|459|547|1014
8|459|548|1015
8|459|549|1016
8|460|549|1017
8|461|549|1018
8|462|549|1019
8|462|550|1020
8|462|551|1021
8|462|552|1022
8|462|553|1023
8|463|553|1024
8|463|554|1025
8|464|554|1026
8|465|554|1027
8|465|555|1028
8|466|555|1029
8|466|556|1030
8|466|557|1031
8|467|557|1032
8|468|557|1033
8|469|557|1034
8|469|558|1035
8|469|559|1036
8|469|560|1037
8|470|560|1038
8|470|561|1039
8|470|562|1040
8|471|562|1041
8|471|563|1042
8|471|564|1043
8|472|564|1044
8|473|564|1045
8|474|564|1046
8|474|565|1047
8|474|566|1048
8|474|567|1049
8|475|567|1050
8|476|567|1051
8|477|567|1052
8|478|567|1053
8|479|567|1054
8|480|567|1055
8|481|567|1056
8|481|568|1057
8|482|568|1058
8|482|569|1059
8|483|569|1060
8|483|570|1061
8|484|570|1062
8|484|571|1063
8|485|571|1064
8|486|571|1065
8|487|571|1066
8|487|572|1067
8|488|572|1068
8|488|573|1069
8|489|573|1070
8|490|573|1071
8|491|573|1072
8|491|574|1073
8|492|574|1074
8|492|575|1075
8|493|575|1076
8|493|576|1077
8|494|576|1078
8|494|577|1079
8|495|577|1080
8|495|578|1081
8|496|578|1082
8|496|579|1083
8|497|579|1084
8|497|580|1085
8|498|580|1086
8|498|581|1087
8|499|581|1088
8|499|582|1089
8|500|582|1090
8|500|583|1091
8|501|583|1092
8|501|584|1093
8|502|584|1094
8|502|585|1095
8|503|585|1096
8|503|586|1097
8|504|586|1098
8|504|587|1099
8|504|588|1100
8|504|589|1101
8|505|589|1102
8|505|590|1103
8|506|590|1104
8|506|591|1105
8|507|591|1106
8|507|592|1107
8|507|593|1108
8|507|594|1109
8|508|594|1110
8|508|595|1111
8|509|595|1112
8|509|596|1113
8|510|596|1114
8|510|597|1115
8|511|597|1116
8|511|598|1117
8|512|598|1118
8|512|599|1119
8|513|599|1120
8|513|600|1121
8|514|600|1122
8|514|601|1123
8|515|601|1124
8|515|602|1125
8|516|602|1126
8|516|603|1127
8|517|603|1128
8|517|604|1129
8|518|604|1130
8|518|605|1131
8|519|605|1132
8|519|606|1133
8|520|606|1134
8|520|607|1135
8|521|607|1136
8|521|608|1137
8|522|608|1138
8|522|609|1139
8|523|609|1140
8|523|610|1141
8|524|610|1142
8|524|611|1143
8|525|611|1144
8|525|612|1145
8|526|612|1146
8|526|613|1147
8|527|613|1148
8|527|614|1149
8|528|614|1150
8|528|615|1151
8|529|615|1152
8|529|616|1153
8|530|616|1154
8|530|617|1155
8|531|617|1156
8|531|618|1157
8|532|618|1158
8|532|619|1159
8|533|619|1160
8|533|620|1161
8|534|620|1162
8|534|621|1163
8|535|621|1164
8|535|622|1165
8|536|622|1166
8|536|623|1167
8|537|623|1168
8|537|624|1169
8|538|624|1170
8|538|625|1171
8|539|625|1172
8|539|626|1173
8|540|626|1174
8|540|627|1175
8|541|627|1176
8|541|628|1177
8|542|628|1178
8|542|629|1179
8|543|629|1180
8|543|630|1181
8|544|630|1182
8|544|631|1183
8|545|631|1184
8|546|631|1185
8|547|631|1186
8|547|632|1187
8|548|632|1188
8|548|633|1189
8|549|633|1190
8|550|633|1191
8|551|633|1192
8|551|634|1193
8|552|634|1194
8|552|635|1195
9|552|635|1196
9|552|636|1197
9|553|636|1198
9|553|637|1199
9|553|638|1200
9|554|638|1201
9|555|638|1202
9|555|639|1203
9|555|640|1204
9|555|641|1205
9|555|642|1206
9|555|643|1207
9|555|644|1208
9|555|645|1209
9|556|645|1210
9|556|646|1211
9|557|646|1212
9|558|646|1213
9|558|647|1214
9|559|647|1215
9|559|648|1216
9|559|649|1217
9|560|649|1218
9|560|650|1219
9|560|651|1220
9|561|651|1221
9|561|652|1222
9|561|653|1223
9|561|654|1224
9|562|654|1225
9|562|655|1226
9|562|656|1227
10|562|656|1228
10|562|657|1229
10|562|658|1230
10|562|659|1231
10|562|660|1232
10|563|660|1233
10|564|660|1234
10|564|661|1235
10|565|661|1236
10|565|662|1237
10|566|662|1238
10|566|663|1239
10|567|663|1240
10|567|664|1241
10|568|664|1242
10|568|665|1243
10|569|665|1244
10|570|665|1245
10|571|665|1246
10|571|666|1247
10|572|666|1248
10|573|666|1249
10|574|666|1250
10|575|666|1251
10|576|666|1252
10|576|667|1253
10|577|667|1254
10|577|668|1255
10|578|668|1256
10|579|668|1257
10|580|668|1258
10|580|669|1259
10|581|669|1260
10|581|670|1261
10|582|670|1262
10|582|671|1263
10|583|671|1264
10|583|672|1265
10|584|672|1266
10|584|673|1267
10|585|673|1268
10|586|673|1269
10|587|673|1270
10|587|674|1271
10|587|675|1272
10|587|676|1273
10|588|676|1274
10|588|677|1275
10|589|677|1276
10|589|678|1277
10|590|678|1278
10|590|679|1279
10|591|679|1280
10|591|680|1281
10|591|681|1282
10|591|682|1283
10|592|682|1284
10|592|683|1285
10|593|683|1286
10|593|684|1287
10|593|685|1288
10|593|686|1289
10|594|686|1290
10|594|687|1291
10|595|687|1292
10|595|688|1293
10|595|689|1294
10|595|690|1295
10|596|690|1296
10|596|691|1297
10|597|691|1298
10|597|692|1299
10|598|692|1300
10|598|693|1301
10|599|693|1302
10|599|694|1303
10|600|694|1304
10|600|695|1305
10|601|695|1306
10|601|696|1307
10|602|696|1308
10|603|696|1309
11|603|696|1310
11|603|697|1311
11|604|697|1312
11|604|698|1313
11|605|698|1314
11|605|699|1315
12|605|699|1316
12|605|700|1317
13|605|700|1318
13|605|701|1319
13|606|701|1320
13|606|702|1321
13|607|702|1322
13|607|703|1323
13|608|703|1324
13|608|704|1325
13|609|704|1326
13|609|705|1327
13|610|705|1328
13|610|706|1329
13|611|706|1330
13|612|706|1331
13|613|706|1332
13|613|707|1333
13|614|707|1334
13|614|708|1335
13|615|708|1336
13|616|708|1337
13|617|708|1338
13|617|709|1339
13|618|709|1340
13|619|709|1341
13|620|709|1342
13|621|709|1343
13|621|710|1344
13|621|711|1345
13|621|712|1346
13|621|713|1347
13|621|714|1348
13|621|715|1349
13|621|716|1350
13|621|717|1351
13|621|718|1352
13|622|718|1353
13|623|718|1354
13|623|719|1355
13|623|720|1356
13|623|721|1357
13|623|722|1358
13|624|722|1359
13|624|723|1360
13|624|724|1361
13|624|725|1362
13|624|726|1363
13|624|727|1364
13|624|728|1365
13|625|728|1366
13|625|729|1367
13|625|730|1368
13|626|730|1369
13|626|731|1370
13|627|731|1371
13|627|732|1372
13|627|733|1373
13|627|734|1374
13|627|735|1375
13|627|736|1376
13|627|737|1377
13|627|738|1378
13|627|739|1379
13|628|739|1380
13|628|740|1381
13|629|740|1382
13|629|741|1383
13|630|741|1384
13|630|742|1385
13|631|742|1386
13|631|743|1387
13|632|743|1388
13|632|744|1389
13|633|744|1390
13|633|745|1391
13|634|745|1392
13|634|746|1393
13|635|746|1394
13|635|747|1395
13|636|747|1396
13|636|748|1397
13|637|748|1398
13|637|749|1399
13|638|749|1400
13|638|750|1401
13|639|750|1402
13|639|751|1403
13|640|751|1404
13|640|752|1405
13|641|752|1406
13|641|753|1407
13|642|753|1408
13|642|754|1409
13|643|754|1410
13|643|755|1411
13|644|755|1412
13|644|756|1413
13|645|756|1414
13|645|757|1415
13|645|758|1416
13|645|759|1417
13|646|759|1418
13|646|760|1419
13|647|760|1420
13|647|761|1421
13|648|761|1422
13|648|762|1423
13|649|762|1424
13|649|763|1425
13|649|764|1426
13|649|765|1427
13|650|765|1428
13|650|766|1429
13|651|766|1430
13|651|767|1431
13|652|767|1432
13|652|768|1433
13|652|769|1434
13|652|770|1435
13|653|770|1436
13|653|771|1437
13|653|772|1438
13|653|773|1439
13|654|773|1440
13|654|774|1441
13|655|774|1442
13|655|775|1443
13|656|775|1444
13|656|776|1445
13|657|776|1446
13|657|777|1447
13|658|777|1448
13|658|778|1449
13|659|778|1450
13|660|778|1451
13|661|778|1452
13|662|778|1453
13|662|779|1454
13|662|780|1455
13|662|781|1456
13|662|782|1457
13|663|782|1458
13|664|782|1459
13|664|783|1460
13|664|784|1461
13|664|785|1462
13|665|785|1463
13|665|786|1464
13|665|787|1465
13|665|788|1466
13|666|788|1467
13|667|788|1468
13|667|789|1469
13|667|790|1470
13|667|791|1471
13|667|792|1472
13|667|793|1473
13|668|793|1474
13|668|794|1475
13|669|794|1476
13|670|794|1477
13|671|794|1478
13|671|795|1479
13|672|795|1480
13|672|796|1481
13|673|796|1482
13|673|797|1483
13|673|798|1484
13|673|799|1485
13|674|799|1486
13|674|800|1487
13|675|800|1488
13|675|801|1489
13|676|801|1490
13|676|802|1491
13|677|802|1492
13|677|803|1493
13|678|803|1494
13|678|804|1495
13|679|804|1496
13|679|805|1497
13|680|805|1498
13|680|806|1499
13|681|806|1500
13|681|807|1501
13|682|807|1502
13|682|808|1503
13|683|808|1504
13|683|809|1505
13|684|809|1506
13|684|810|1507
13|685|810|1508
13|685|811|1509
13|686|811|1510
13|686|812|1511
13|687|812|1512
13|687|813|1513
13|688|813|1514
13|688|814|1515
13|689|814|1516
13|689|815|1517
13|690|815|1518
13|690|816|1519
13|691|816|1520
13|691|817|1521
13|692|817|1522
13|692|818|1523
13|692|819|1524
13|692|820|1525
13|693|820|1526
13|693|821|1527
13|694|821|1528
13|694|822|1529
13|695|822|1530
13|695|823|1531
13|696|823|1532
13|696|824|1533
13|697|824|1534
13|697|825|1535
13|698|825|1536
13|698|826|1537
13|699|826|1538
13|699|827|1539
13|700|827|1540
13|700|828|1541
13|700|829|1542
13|700|830|1543
13|701|830|1544
13|701|831|1545
13|702|831|1546
13|702|832|1547
13|703|832|1548
13|703|833|1549
13|704|833|1550
13|704|834|1551
13|705|834|1552
13|705|835|1553
13|706|835|1554
13|706|836|1555
13|707|836|1556
13|708|837|1558
13|708|838|1559
13|708|839|1560
13|708|840|1561
13|708|841|1562
13|708|842|1563
13|708|843|1564
14|708|843|1565
14|709|843|1566
14|709|844|1567
14|709|845|1568
14|709|846|1569
14|710|846|1570
14|710|847|1571
14|710|848|1572
14|710|849|1573
14|711|849|1574
14|712|849|1575
14|713|849|1576
15|713|849|1577
15|713|850|1578
15|713|851|1579
15|713|852|1580
15|714|852|1581
15|715|852|1582
15|715|853|1583
15|715|854|1584
15|716|854|1585
15|716|855|1586
15|716|856|1587
15|716|857|1588
15|717|857|1589
15|717|858|1590
16|717|858|1591
16|717|859|1592
16|718|859|1593
16|718|860|1594
16|719|860|1595
16|719|861|1596
16|720|861|1597
16|721|861|1598
16|722|861|1599
16|722|862|1600
16|723|862|1601
16|724|862|1602
16|725|862|1603
16|726|862|1604
16|727|862|1605
16|728|862|1606
16|729|862|1607
16|729|863|1608
16|730|863|1609
16|731|863|1610
16|732|863|1611
16|733|863|1612
16|734|863|1613
16|734|864|1614
16|734|865|1615
16|735|865|1616
16|735|866|1617
16|735|867|1618
16|735|868|1619
16|736|868|1620
16|737|868|1621
16|737|869|1622
16|738|869|1623
16|739|869|1624
16|740|869|1625
16|741|869|1626
16|742|869|1627
16|742|870|1628
16|743|870|1629
16|744|870|1630
16|744|871|1631
16|744|872|1632
16|745|872|1633
16|745|873|1634
16|746|873|1635
16|746|874|1636
16|747|874|1637
16|747|875|1638
16|748|875|1639
16|748|876|1640
16|749|876|1641
16|749|877|1642
16|750|877|1643
16|750|878|1644
16|751|878|1645
16|751|879|1646
16|752|879|1647
16|752|880|1648
16|753|880|1649
16|753|881|1650
16|754|881|1651
16|755|881|1652
16|756|881|1653
16|756|882|1654
16|757|882|1655
16|757|883|1656
16|758|883|1657
16|758|884|1658
16|759|884|1659
16|759|885|1660
16|759|886|1661
16|759|887|1662
16|760|887|1663
16|760|888|1664
16|761|888|1665
16|761|889|1666
16|762|889|1667
16|762|890|1668
16|763|890|1669
16|764|890|1670
16|764|891|1671
16|764|892|1672
16|765|892|1673
16|765|893|1674
16|766|893|1675
16|766|894|1676
16|766|895|1677
16|766|896|1678
16|767|896|1679
16|767|897|1680
16|767|898|1681
16|767|899|1682
16|768|899|1683
16|768|900|1684
16|769|900|1685
16|769|901|1686
16|770|901|1687
16|771|901|1688
16|772|901|1689
16|772|902|1690
16|773|902|1691
16|774|902|1692
16|775|902|1693
16|775|903|1694
16|776|903|1695
16|776|904|1696
16|777|904|1697
16|777|905|1698
16|778|905|1699
16|778|906|1700
17|778|906|1701
17|778|907|1702
17|779|907|1703
17|780|907|1704
17|780|908|1705
17|780|909|1706
17|780|910|1707
17|780|911|1708
17|781|911|1709
17|782|911|1710
17|783|911|1711
17|783|912|1712
17|784|912|1713
17|785|912|1714
17|786|912|1715
17|786|913|1716
17|787|913|1717
17|787|914|1718
17|787|915|1719
17|787|916|1720
17|788|916|1721
17|788|917|1722
17|789|917|1723
17|789|918|1724
17|790|918|1725
17|791|918|1726
17|792|918|1727
17|792|919|1728
17|792|920|1729
17|792|921|1730
17|792|922|1731
17|793|922|1732
17|793|923|1733
17|794|923|1734
17|794|924|1735
17|794|925|1736
17|795|925|1737
17|795|926|1738
17|796|926|1739
17|796|927|1740
17|797|927|1741
17|797|928|1742
17|798|928|1743
17|798|929|1744
17|799|929|1745
17|799|930|1746
18|799|930|1747
18|800|930|1748
19|800|930|1749
19|801|930|1750
19|802|930|1751
19|802|931|1752
20|802|931|1753
20|802|932|1754
20|803|932|1755
20|803|933|1756
20|804|933|1757
20|804|934|1758
20|805|934|1759
20|805|935|1760
20|806|935|1761
20|807|935|1762
20|808|935|1763
20|808|936|1764
20|809|936|1765
20|809|937|1766
20|810|937|1767
20|811|937|1768
20|812|937|1769
20|813|937|1770
20|814|937|1771
20|814|938|1772
20|815|938|1773
20|815|939|1774
20|815|940|1775
20|815|941|1776
20|816|941|1777
20|816|942|1778
20|817|942|1779
20|817|943|1780
20|818|943|1781
20|818|944|1782
20|818|945|1783
20|818|946|1784
20|819|946|1785
20|819|947|1786
20|820|947|1787
20|820|948|1788
20|821|948|1789
20|821|949|1790
20|821|950|1791
20|821|951|1792
20|822|951|1793
20|822|952|1794
20|822|953|1795
20|822|954|1796
20|823|954|1797
20|823|955|1798
20|824|955|1799
20|824|956|1800
20|825|956|1801
20|825|957|1802
20|826|957|1803
20|826|958|1804
20|827|958|1805
20|828|958|1806
20|829|958|1807
20|829|959|1808
20|830|959|1809
20|830|960|1810
20|831|960|1811
20|831|961|1812
20|832|961|1813
20|832|962|1814
20|833|962|1815
20|833|963|1816
20|834|963|1817
20|834|964|1818
20|834|965|1819
20|834|966|1820
20|835|966|1821
20|835|967|1822
20|836|967|1823
20|836|968|1824
20|837|968|1825
20|837|969|1826
20|838|969|1827
20|838|970|1828
20|839|970|1829
20|839|971|1830
20|840|971|1831
20|840|972|1832
20|841|972|1833
20|841|973|1834
20|842|973|1835
20|842|974|1836
20|843|974|1837
20|843|975|1838
20|844|975|1839
20|844|976|1840
20|845|976|1841
20|845|977|1842
20|846|977|1843
20|846|978|1844
20|847|978|1845
20|847|979|1846
20|848|979|1847
20|849|979|1848
20|850|979|1849
20|851|979|1850
20|852|979|1851
20|852|980|1852
20|853|980|1853
20|853|981|1854
20|854|981|1855
20|854|982|1856
20|855|982|1857
20|855|983|1858
20|856|983|1859
20|856|984|1860
21|856|984|1861
21|856|985|1862
21|857|985|1863
21|857|986|1864
21|858|986|1865
21|858|987|1866
21|859|987|1867
21|859|988|1868
21|860|988|1869
21|860|989|1870
21|861|989|1871
21|861|990|1872
21|862|990|1873
21|863|990|1874
21|864|990|1875
21|864|991|1876
22|864|991|1877
22|865|991|1878
22|866|991|1879
22|866|992|1880
22|867|992|1881
22|868|992|1882
22|868|993|1883
22|868|994|1884
22|869|994|1885
22|869|995|1886
22|869|996|1887
22|870|996|1888
22|870|997|1889
22|871|997|1890
22|871|998|1891
22|871|999|1892
22|872|999|1893
22|872|1000|1894
22|872|1001|1895
22|873|1001|1896
22|873|1002|1897
22|874|1002|1898
22|874|1003|1899
22|875|1003|1900
22|875|1004|1901
22|875|1005|1902
22|876|1005|1903
22|876|1006|1904
22|876|1007|1905
22|877|1007|1906
22|877|1008|1907
22|878|1008|1908
22|878|1009|1909
22|878|1010|1910
22|878|1011|1911
22|878|1012|1912
22|878|1013|1913
22|879|1013|1914
22|879|1014|1915
22|880|1014|1916
22|880|1015|1917
22|880|1016|1918
22|881|1016|1919
22|881|1017|1920
22|882|1017|1921
22|882|1018|1922
22|883|1018|1923
22|883|1019|1924
22|884|1019|1925
22|884|1020|1926
22|885|1020|1927
22|885|1021|1928
22|886|1021|1929
22|886|1022|1930
22|887|1022|1931
22|887|1023|1932
22|888|1023|1933
22|888|1024|1934
22|889|1024|1935
22|889|1025|1936
22|890|1025|1937
22|890|1026|1938
22|891|1026|1939
22|891|1027|1940
22|892|1027|1941
22|892|1028|1942
22|893|1028|1943
22|894|1028|1944
22|895|1028|1945
22|895|1029|1946
22|896|1029|1947
22|896|1030|1948
22|897|1030|1949
22|897|1031|1950
22|898|1031|1951
22|898|1032|1952
22|899|1032|1953
22|899|1033|1954
22|899|1034|1955
22|899|1035|1956
22|900|1035|1957
22|900|1036|1958
22|900|1037|1959
22|900|1038|1960
22|901|1038|1961
22|901|1039|1962
22|902|1039|1963
22|902|1040|1964
22|902|1041|1965
22|902|1042|1966
22|903|1042|1967
22|903|1043|1968
22|904|1043|1969
22|904|1044|1970
22|904|1045|1971
22|904|1046|1972
22|905|1046|1973
22|905|1047|1974
22|905|1048|1975
22|905|1049|1976
22|906|1049|1977
22|906|1050|1978
22|907|1050|1979
22|907|1051|1980
22|907|1052|1981
22|907|1053|1982
22|908|1053|1983
22|908|1054|1984
22|909|1054|1985
22|909|1055|1986
22|910|1055|1987
22|910|1056|1988
22|911|1056|1989
22|911|1057|1990
22|912|1057|1991
22|912|1058|1992
23|912|1058|1993
23|913|1058|1994
23|914|1058|1995
23|914|1059|1996
23|915|1059|1997
23|915|1060|1998
23|916|1060|1999
23|916|1061|2000
