total
0|1|0|1
0|2|0|2
0|3|0|3
0|3|1|4
1|3|1|5
1|3|2|6
2|3|2|7
2|3|3|8
3|3|3|9
3|3|4|10
3|3|5|11
3|3|6|12
3|3|7|13
3|4|7|14
3|4|8|15
3|5|8|16
3|5|9|17
3|6|9|18
3|6|10|19
3|7|10|20
3|7|11|21
3|7|12|22
3|7|13|23
3|8|13|24
3|8|14|25
3|9|14|26
3|9|15|27
3|10|15|28
3|10|16|29
3|10|17|30
3|10|18|31
3|11|18|32
3|11|19|33
3|12|19|34
3|12|20|35
3|13|20|36
3|13|21|37
3|14|21|38
3|14|22|39
3|14|23|40
3|14|24|41
3|15|24|42
3|15|25|43
3|16|25|44
3|16|26|45
3|16|27|46
3|16|28|47
3|17|28|48
3|17|29|49
3|18|29|50
3|18|30|51
3|19|30|52
3|19|31|53
3|20|31|54
3|21|31|55
3|22|31|56
3|22|32|57
3|22|33|58
3|23|33|59
3|24|33|60
3|24|34|61
3|25|34|62
3|25|35|63
3|26|35|64
3|27|35|65
3|27|36|66
3|27|37|67
3|28|37|68
3|28|38|69
3|29|38|70
3|29|39|71
3|30|39|72
3|30|40|73
3|31|40|74
3|32|40|75
3|33|40|76
3|33|41|77
4|33|41|78
4|33|42|79
5|33|42|80
5|33|43|81
5|34|43|82
5|34|44|83
5|34|45|84
5|34|46|85
5|35|46|86
5|35|47|87
5|36|47|88
5|36|48|89
5|37|48|90
5|38|48|91
5|39|48|92
5|40|48|93
5|40|49|94
5|41|49|95
5|42|49|96
5|42|50|97
5|42|51|98
5|42|52|99
5|43|52|100
5|44|52|101
5|44|53|102
5|44|54|103
5|45|54|104
5|45|55|105
5|46|55|106
5|46|56|107
5|47|56|108
5|47|57|109
5|48|57|110
5|49|57|111
5|49|58|112
5|50|58|113
5|50|59|114
6|50|59|115
6|50|60|116
6|50|61|117
6|51|61|118
6|51|62|119
6|52|62|120
6|52|63|121
6|53|63|122
6|53|64|123
6|54|64|124
6|54|65|125
6|55|65|126
6|55|66|127
6|56|66|128
6|56|67|129
6|57|67|130
6|57|68|131
6|58|68|132
6|58|69|133
6|59|69|134
6|59|70|135
6|60|70|136
6|60|71|137
6|61|71|138
6|61|72|139
6|62|72|140
6|62|73|141
6|63|73|142
6|63|74|143
6|64|74|144
6|64|75|145
6|65|75|146
6|65|76|147
6|66|76|148
6|66|77|149
6|67|77|150
6|67|78|151
6|68|78|152
6|68|79|153
6|69|79|154
6|69|80|155
6|69|81|156
6|69|82|157
6|70|82|158
6|70|83|159
6|71|83|160
6|71|84|161
6|72|84|162
6|73|84|163
6|74|84|164
6|75|84|165
6|75|85|166
6|75|86|167
6|76|86|168
6|76|87|169
6|77|87|170
6|77|88|171
6|78|88|172
6|79|88|173
6|79|89|174
6|79|90|175
6|80|90|176
6|80|91|177
6|81|91|178
6|81|92|179
6|82|92|180
6|82|93|181
6|83|93|182
6|83|94|183
6|83|95|184
6|83|96|185
6|83|97|186
7|83|97|187
7|84|97|188
7|84|98|189
7|85|98|190
7|85|99|191
7|85|100|192
7|85|101|193
7|85|102|194
7|85|103|195
7|85|104|196
7|85|105|197
7|85|106|198
7|85|107|199
7|85|108|200
7|85|109|201
7|85|110|202
7|85|111|203
7|85|112|204
7|85|113|205
7|85|114|206
7|85|115|207
7|85|116|208
7|85|117|209
7|85|118|210
7|85|119|211
7|85|120|212
7|85|121|213
7|85|122|214
7|85|123|215
7|85|124|216
7|85|125|217
7|85|126|218
7|85|127|219
7|85|128|220
7|85|129|221
7|85|130|222
7|85|131|223
7|85|132|224
7|85|133|225
7|85|134|226
7|86|134|227
7|86|135|228
7|87|135|229
7|87|136|230
7|88|136|231
7|88|137|232
7|89|137|233
7|89|138|234
7|90|138|235
7|90|139|236
7|91|139|237
7|91|140|238
7|92|140|239
7|92|141|240
7|93|141|241
7|93|142|242
7|94|142|243
7|94|143|244
7|95|143|245
7|95|144|246
7|96|144|247
7|96|145|248
7|97|145|249
7|97|146|250
7|98|146|251
7|98|147|252
7|99|147|253
7|99|148|254
7|100|148|255
7|100|149|256
7|101|149|257
7|101|150|258
7|102|150|259
7|102|151|260
7|103|151|261
7|103|152|262
8|103|152|263
8|103|153|264
9|103|153|265
9|103|154|266
10|103|154|267
10|103|155|268
11|103|155|269
11|103|156|270
12|103|156|271
12|103|157|272
13|103|157|273
13|103|158|274
14|103|158|275
14|103|159|276
15|103|159|277
15|103|160|278
16|103|160|279
16|103|161|280
17|103|161|281
17|103|162|282
18|103|162|283
18|103|163|284
19|103|163|285
19|103|164|286
20|103|164|287
20|103|165|288
21|103|165|289
21|103|166|290
22|103|166|291
22|103|167|292
23|103|167|293
23|103|168|294
24|103|168|295
24|103|169|296
25|103|169|297
25|103|170|298
25|103|171|299
25|103|172|300
25|103|173|301
25|104|173|302
25|104|174|303
25|105|174|304
25|105|175|305
25|106|175|306
25|107|175|307
25|108|175|308
25|109|175|309
25|109|176|310
25|110|176|311
25|111|176|312
25|111|177|313
25|111|178|314
25|112|178|315
25|113|178|316
25|114|178|317
25|114|179|318
25|114|180|319
25|115|180|320
25|115|181|321
25|116|181|322
25|116|182|323
25|117|182|324
25|117|183|325
25|118|183|326
25|118|184|327
25|119|184|328
25|120|184|329
25|121|184|330
25|122|184|331
25|122|185|332
25|123|185|333
25|124|185|334
26|124|185|335
26|124|186|336
26|124|187|337
26|124|188|338
26|124|189|339
26|124|190|340
26|124|191|341
26|124|192|342
26|125|192|343
26|125|193|344
26|125|194|345
26|125|195|346
26|125|196|347
26|125|197|348
26|125|198|349
26|125|199|350
26|126|199|351
26|126|200|352
26|126|201|353
26|126|202|354
26|127|202|355
26|127|203|356
26|127|204|357
26|128|204|358
26|128|205|359
26|128|206|360
26|128|207|361
26|128|208|362
26|129|208|363
26|129|209|364
27|129|209|365
27|129|210|366
27|130|210|367
27|130|211|368
27|130|212|369
27|130|213|370
27|130|214|371
27|131|214|372
27|131|215|373
27|132|215|374
27|132|216|375
27|133|216|376
27|134|216|377
27|135|216|378
27|135|217|379
27|136|217|380
27|137|217|381
27|138|217|382
27|138|218|383
27|139|218|384
27|140|218|385
27|141|218|386
27|141|219|387
27|142|219|388
27|142|220|389
27|143|220|390
27|143|221|391
27|144|221|392
27|144|222|393
27|145|222|394
27|145|223|395
27|146|223|396
27|146|224|397
27|147|224|398
27|148|224|399
27|149|224|400
27|150|224|401
27|151|224|402
27|151|225|403
27|152|225|404
27|152|226|405
27|153|226|406
27|153|227|407
27|153|228|408
27|153|229|409
27|154|229|410
27|154|230|411
27|154|231|412
27|154|232|413
27|155|232|414
27|155|233|415
27|155|234|416
27|155|235|417
27|155|236|418
27|155|237|419
27|155|238|420
27|155|239|421
27|156|239|422
27|156|240|423
27|156|241|424
27|156|242|425
27|157|242|426
27|157|243|427
27|158|243|428
27|158|244|429
27|159|244|430
27|159|245|431
27|160|245|432
27|160|246|433
27|160|247|434
27|160|248|435
27|160|249|436
27|161|249|437
27|162|249|438
27|162|250|439
27|162|251|440
27|162|252|441
27|162|253|442
27|162|254|443
27|162|255|444
27|162|256|445
27|163|256|446
27|163|257|447
27|164|257|448
27|165|257|449
27|166|257|450
27|166|258|451
27|166|259|452
27|167|259|453
27|167|260|454
27|167|261|455
27|168|261|456
27|168|262|457
27|169|262|458
27|169|263|459
27|169|264|460
27|169|265|461
27|170|265|462
27|170|266|463
27|170|267|464
27|170|268|465
27|171|268|466
27|171|269|467
27|172|269|468
27|172|270|469
27|173|270|470
27|173|271|471
27|174|271|472
27|174|272|473
27|175|272|474
27|175|273|475
27|176|273|476
27|176|274|477
27|176|275|478
27|177|275|479
27|178|275|480
27|179|275|481
27|180|275|482
27|180|276|483
27|181|276|484
27|182|276|485
27|183|276|486
27|184|276|487
27|185|276|488
27|186|276|489
27|187|276|490
27|188|276|491
27|189|276|492
27|190|276|493
27|191|276|494
27|192|276|495
27|193|276|496
27|194|276|497
27|195|276|498
27|195|277|499
27|196|277|500
27|196|278|501
27|197|278|502
27|198|278|503
27|199|278|504
27|200|278|505
27|201|278|506
27|201|279|507
28|201|279|508
28|202|279|509
28|203|279|510
28|204|279|511
28|205|279|512
28|205|280|513
28|206|280|514
28|207|280|515
28|207|281|516
28|208|281|517
28|208|282|518
28|208|283|519
28|208|284|520
28|208|285|521
28|208|286|522
29|208|286|523
29|208|287|524
29|208|288|525
29|208|289|526
29|208|290|527
29|208|291|528
29|209|291|529
29|209|292|530
29|210|292|531
29|210|293|532
30|210|293|533
30|210|294|534
30|211|294|535
30|211|295|536
30|212|295|537
30|212|296|538
30|213|296|539
30|213|297|540
30|213|298|541
30|213|299|542
30|214|299|543
30|214|300|544
31|214|300|545
31|214|301|546
32|214|301|547
32|214|302|548
32|215|302|549
32|215|303|550
32|216|303|551
32|216|304|552
32|216|305|553
32|217|305|554
32|217|306|555
32|217|307|556
32|218|307|557
32|218|308|558
32|219|308|559
32|220|308|560
32|220|309|561
32|220|310|562
32|220|311|563
32|220|312|564
32|221|312|565
32|222|312|566
32|223|312|567
32|223|313|568
32|224|313|569
32|225|313|570
32|225|314|571
32|225|315|572
32|226|315|573
32|227|315|574
32|228|315|575
32|229|315|576
32|229|316|577
32|230|316|578
32|230|317|579
32|230|318|580
32|231|318|581
32|232|318|582
32|233|318|583
32|234|318|584
32|235|318|585
32|236|318|586
32|236|319|587
32|236|320|588
32|236|321|589
32|237|321|590
32|237|322|591
32|237|323|592
32|237|324|593
32|238|324|594
32|238|325|595
32|239|325|596
32|239|326|597
32|239|327|598
32|239|328|599
32|240|328|600
32|240|329|601
32|241|329|602
32|241|330|603
32|241|331|604
32|241|332|605
32|242|332|606
32|242|333|607
32|243|333|608
32|243|334|609
32|244|334|610
32|244|335|611
32|245|335|612
32|245|336|613
32|246|336|614
32|246|337|615
32|246|338|616
32|246|339|617
32|247|339|618
32|247|340|619
32|248|340|620
32|248|341|621
32|248|342|622
32|248|343|623
32|249|343|624
32|250|343|625
32|251|343|626
32|251|344|627
32|252|344|628
32|253|344|629
32|254|344|630
32|254|345|631
32|255|345|632
32|255|346|633
32|256|346|634
32|257|346|635
32|258|346|636
32|258|347|637
32|259|347|638
32|260|347|639
32|261|347|640
32|262|347|641
32|263|347|642
32|264|347|643
32|265|347|644
32|266|347|645
32|267|347|646
32|268|347|647
32|269|347|648
32|269|348|649
32|270|348|650
32|270|349|651
33|270|349|652
33|271|349|653
33|272|349|654
33|273|349|655
33|274|349|656
33|274|350|657
33|275|350|658
34|275|350|659
34|275|351|660
34|276|351|661
34|276|352|662
35|276|352|663
35|276|353|664
35|277|353|665
35|277|354|666
36|277|354|667
36|277|355|668
37|277|355|669
37|277|356|670
38|277|356|671
38|277|357|672
39|277|357|673
39|277|358|674
39|278|358|675
39|278|359|676
39|279|359|677
39|279|360|678
39|280|360|679
39|280|361|680
40|280|361|681
40|280|362|682
40|281|362|683
40|281|363|684
40|281|364|685
40|281|365|686
40|282|365|687
40|282|366|688
40|283|366|689
40|283|367|690
40|283|368|691
40|283|369|692
40|284|369|693
40|284|370|694
40|284|371|695
40|285|371|696
40|285|372|697
40|286|372|698
40|286|373|699
40|287|373|700
40|287|374|701
40|288|374|702
40|288|375|703
40|289|375|704
40|289|376|705
40|290|376|706
40|290|377|707
40|291|377|708
40|291|378|709
40|292|378|710
40|292|379|711
40|293|379|712
40|293|380|713
40|294|380|714
40|294|381|715
40|295|381|716
40|295|382|717
40|296|382|718
40|296|383|719
40|297|383|720
40|297|384|721
40|298|384|722
40|298|385|723
40|299|385|724
40|299|386|725
40|300|386|726
40|300|387|727
40|301|387|728
40|301|388|729
40|302|388|730
40|303|388|731
40|303|389|732
40|303|390|733
40|304|390|734
40|304|391|735
40|304|392|736
40|304|393|737
40|304|394|738
40|304|395|739
40|305|395|740
40|306|395|741
40|306|396|742
40|307|396|743
40|308|396|744
40|308|397|745
40|308|398|746
40|309|398|747
40|310|398|748
40|310|399|749
40|310|400|750
40|310|401|751
40|311|401|752
40|311|402|753
40|312|402|754
40|312|403|755
40|313|403|756
40|313|404|757
40|313|405|758
40|314|405|759
40|315|405|760
40|316|405|761
41|316|405|762
41|316|406|763
42|316|406|764
42|316|407|765
42|317|407|766
42|317|408|767
42|317|409|768
42|317|410|769
42|317|411|770
42|317|412|771
42|317|413|772
42|317|414|773
42|317|415|774
42|317|416|775
42|318|416|776
42|318|417|777
42|318|418|778
42|318|419|779
42|318|420|780
42|318|421|781
42|318|422|782
42|319|422|783
42|320|422|784
43|320|422|785
43|320|423|786
43|320|424|787
43|321|424|788
43|321|425|789
43|322|425|790
43|322|426|791
43|323|426|792
43|323|427|793
43|323|428|794
43|324|428|795
43|324|429|796
43|325|429|797
43|325|430|798
44|325|430|799
44|325|431|800
44|325|432|801
44|325|433|802
44|325|434|803
44|326|434|804
44|326|435|805
44|327|435|806
44|327|436|807
44|328|436|808
44|328|437|809
44|329|437|810
44|329|438|811
44|330|438|812
44|330|439|813
44|331|439|814
44|331|440|815
44|332|440|816
44|332|441|817
44|333|441|818
44|333|442|819
44|334|442|820
44|334|443|821
44|335|443|822
44|335|444|823
44|336|444|824
44|336|445|825
44|337|445|826
44|337|446|827
44|338|446|828
44|338|447|829
44|339|447|830
44|339|448|831
44|340|448|832
44|340|449|833
44|341|449|834
44|341|450|835
44|342|450|836
44|342|451|837
44|343|451|838
44|343|452|839
44|343|453|840
44|343|454|841
44|344|454|842
44|344|455|843
44|344|456|844
44|344|457|845
44|345|457|846
44|346|457|847
44|347|457|848
44|348|457|849
44|348|458|850
44|349|458|851
44|349|459|852
44|349|460|853
44|349|461|854
44|350|461|855
44|351|461|856
45|351|461|857
45|351|462|858
45|351|463|859
45|352|463|860
45|352|464|861
45|353|464|862
45|353|465|863
45|353|466|864
45|353|467|865
45|354|467|866
45|355|467|867
45|355|468|868
45|355|469|869
45|355|470|870
46|355|470|871
46|355|471|872
46|355|472|873
46|355|473|874
46|355|474|875
46|355|475|876
46|355|476|877
46|355|477|878
46|355|478|879
46|355|479|880
46|355|480|881
46|355|481|882
46|355|482|883
46|355|483|884
46|355|484|885
46|355|485|886
46|355|486|887
46|355|487|888
46|355|488|889
46|355|489|890
46|355|490|891
46|355|491|892
46|355|492|893
46|355|493|894
46|355|494|895
46|355|495|896
46|355|496|897
46|355|497|898
46|355|498|899
46|355|499|900
46|355|500|901
46|355|501|902
46|355|502|903
46|355|503|904
46|355|504|905
46|355|505|906
46|355|506|907
46|355|507|908
46|355|508|909
46|355|509|910
46|356|509|911
46|356|510|912
46|357|510|913
46|357|511|914
46|358|511|915
46|358|512|916
46|359|512|917
46|359|513|918
46|360|513|919
46|360|514|920
46|361|514|921
46|361|515|922
46|362|515|923
46|362|516|924
46|363|516|925
46|363|517|926
46|364|517|927
46|364|518|928
46|365|518|929
46|365|519|930
46|366|519|931
46|366|520|932
46|367|520|933
46|367|521|934
46|368|521|935
46|368|522|936
46|369|522|937
46|369|523|938
46|370|523|939
46|370|524|940
46|371|524|941
46|371|525|942
46|372|525|943
46|372|526|944
46|373|526|945
46|373|527|946
47|373|527|947
47|373|528|948
48|373|528|949
48|373|529|950
49|373|529|951
49|373|530|952
50|373|530|953
50|373|531|954
51|373|531|955
51|373|532|956
52|373|532|957
52|373|533|958
53|373|533|959
53|373|534|960
54|373|534|961
54|373|535|962
55|373|535|963
55|373|536|964
56|373|536|965
56|373|537|966
57|373|537|967
57|373|538|968
58|373|538|969
58|373|539|970
59|373|539|971
59|373|540|972
60|373|540|973
60|373|541|974
61|373|541|975
61|373|542|976
62|373|542|977
62|373|543|978
63|373|543|979
63|373|544|980
64|373|544|981
64|373|545|982
64|373|546|983
64|373|547|984
64|373|548|985
64|374|548|986
64|374|549|987
64|374|550|988
64|374|551|989
64|375|551|990
64|376|551|991
64|377|551|992
64|378|551|993
64|378|552|994
64|379|552|995
64|380|552|996
64|380|553|997
64|381|553|998
64|382|553|999
64|383|553|1000
64|384|553|1001
64|384|554|1002
64|384|555|1003
64|385|555|1004
64|385|556|1005
64|385|557|1006
64|385|558|1007
64|386|558|1008
64|386|559|1009
64|387|559|1010
64|387|560|1011
64|387|561|1012
64|388|561|1013
64|389|561|1014
65|389|561|1015
65|389|562|1016
65|390|562|1017
65|390|563|1018
65|391|563|1019
65|392|563|1020
65|392|564|1021
65|392|565|1022
65|392|566|1023
65|392|567|1024
65|393|567|1025
65|393|568|1026
65|394|568|1027
65|394|569|1028
65|395|569|1029
65|396|569|1030
65|396|570|1031
65|396|571|1032
65|396|572|1033
65|396|573|1034
65|397|573|1035
65|397|574|1036
65|397|575|1037
65|397|576|1038
66|397|576|1039
66|397|577|1040
66|398|577|1041
66|398|578|1042
67|398|578|1043
67|398|579|1044
67|398|580|1045
67|398|581|1046
67|399|581|1047
67|399|582|1048
67|400|582|1049
67|400|583|1050
68|400|583|1051
68|400|584|1052
68|401|584|1053
68|401|585|1054
68|402|585|1055
69|402|585|1056
69|402|586|1057
69|403|586|1058
69|404|586|1059
69|405|586|1060
69|406|586|1061
69|407|586|1062
69|408|586|1063
69|409|586|1064
69|410|586|1065
69|411|586|1066
69|411|587|1067
69|412|587|1068
69|413|587|1069
70|413|587|1070
70|414|587|1071
70|415|587|1072
70|415|588|1073
70|416|588|1074
70|416|589|1075
70|417|589|1076
70|418|589|1077
71|418|589|1078
71|418|590|1079
71|419|590|1080
71|420|590|1081
71|421|590|1082
71|422|590|1083
71|423|590|1084
71|424|590|1085
71|425|590|1086
71|426|590|1087
71|427|590|1088
71|427|591|1089
71|428|591|1090
71|428|592|1091
71|429|592|1092
71|429|593|1093
71|430|593|1094
71|430|594|1095
71|431|594|1096
71|431|595|1097
71|432|595|1098
72|432|595|1099
72|432|596|1100
72|432|597|1101
72|432|598|1102
72|432|599|1103
72|432|600|1104
72|432|601|1105
72|433|601|1106
72|433|602|1107
72|433|603|1108
72|433|604|1109
72|434|604|1110
72|434|605|1111
72|435|605|1112
72|435|606|1113
72|435|607|1114
72|435|608|1115
72|436|608|1116
72|436|609|1117
72|437|609|1118
72|437|610|1119
72|437|611|1120
72|438|611|1121
72|439|611|1122
72|439|612|1123
72|439|613|1124
72|439|614|1125
72|440|614|1126
72|440|615|1127
72|441|615|1128
72|441|616|1129
72|442|616|1130
72|442|617|1131
72|443|617|1132
72|443|618|1133
72|444|618|1134
72|444|619|1135
72|444|620|1136
72|445|620|1137
72|446|620|1138
72|446|621|1139
72|447|621|1140
72|447|622|1141
72|448|622|1142
72|448|623|1143
72|448|624|1144
72|448|625|1145
72|449|625|1146
72|449|626|1147
72|449|627|1148
72|449|628|1149
72|450|628|1150
72|450|629|1151
72|451|629|1152
72|451|630|1153
72|452|630|1154
72|452|631|1155
72|453|631|1156
72|453|632|1157
72|454|632|1158
72|454|633|1159
72|454|634|1160
72|454|635|1161
72|454|636|1162
72|455|636|1163
72|456|636|1164
72|457|636|1165
72|458|636|1166
72|458|637|1167
72|459|637|1168
72|460|637|1169
72|461|637|1170
72|462|637|1171
73|462|637|1172
73|463|637|1173
73|464|637|1174
73|464|638|1175
73|465|638|1176
73|466|638|1177
73|467|638|1178
73|467|639|1179
74|467|639|1180
74|467|640|1181
74|468|640|1182
74|468|641|1183
74|469|641|1184
74|470|641|1185
75|470|641|1186
75|471|641|1187
75|472|641|1188
75|473|641|1189
75|474|641|1190
75|475|641|1191
76|475|641|1192
76|476|641|1193
76|477|641|1194
76|478|641|1195
76|479|641|1196
76|480|641|1197
76|481|641|1198
77|481|641|1199
77|481|642|1200
77|482|642|1201
77|482|643|1202
78|482|643|1203
78|482|644|1204
79|482|644|1205
79|482|645|1206
79|483|645|1207
79|483|646|1208
79|484|646|1209
79|484|647|1210
79|484|648|1211
79|484|649|1212
79|485|649|1213
79|485|650|1214
79|486|650|1215
79|486|651|1216
79|487|651|1217
79|487|652|1218
79|487|653|1219
79|487|654|1220
79|488|654|1221
79|488|655|1222
79|489|655|1223
79|489|656|1224
79|490|656|1225
79|490|657|1226
79|491|657|1227
79|491|658|1228
80|491|658|1229
80|491|659|1230
80|491|660|1231
80|491|661|1232
80|492|661|1233
80|492|662|1234
80|493|662|1235
80|494|662|1236
80|495|662|1237
80|496|662|1238
80|496|663|1239
80|497|663|1240
80|497|664|1241
80|498|664|1242
80|499|664|1243
80|500|664|1244
80|501|664|1245
80|501|665|1246
80|501|666|1247
80|501|667|1248
80|502|667|1249
80|503|667|1250
80|504|667|1251
80|504|668|1252
80|505|668|1253
80|506|668|1254
80|507|668|1255
80|508|668|1256
80|509|668|1257
80|510|668|1258
80|511|668|1259
80|512|668|1260
80|513|668|1261
80|514|668|1262
80|514|669|1263
80|515|669|1264
80|516|669|1265
80|517|669|1266
80|518|669|1267
80|518|670|1268
80|519|670|1269
80|519|671|1270
80|519|672|1271
80|519|673|1272
80|519|674|1273
80|520|674|1274
80|520|675|1275
80|521|675|1276
80|521|676|1277
80|521|677|1278
80|521|678|1279
80|522|678|1280
80|522|679|1281
80|522|680|1282
80|522|681|1283
80|523|681|1284
80|523|682|1285
80|524|682|1286
80|524|683|1287
80|524|684|1288
80|524|685|1289
80|525|685|1290
80|525|686|1291
80|525|687|1292
80|525|688|1293
80|526|688|1294
80|526|689|1295
80|527|689|1296
80|527|690|1297
80|528|690|1298
80|528|691|1299
80|528|692|1300
80|528|693|1301
80|529|693|1302
80|529|694|1303
80|530|694|1304
80|530|695|1305
80|530|696|1306
80|531|696|1307
81|531|696|1308
81|531|697|1309
81|532|697|1310
81|533|697|1311
81|534|697|1312
81|534|698|1313
81|535|698|1314
81|536|698|1315
82|536|698|1316
82|536|699|1317
82|537|699|1318
82|538|699|1319
82|539|699|1320
82|539|700|1321
82|540|700|1322
82|540|701|1323
82|541|701|1324
82|542|701|1325
82|543|701|1326
82|543|702|1327
82|544|702|1328
82|545|702|1329
82|546|702|1330
82|546|703|1331
82|547|703|1332
82|548|703|1333
82|549|703|1334
82|549|704|1335
83|549|704|1336
83|550|704|1337
83|551|704|1338
83|552|704|1339
83|553|704|1340
83|554|704|1341
83|555|704|1342
83|556|704|1343
83|556|705|1344
83|557|705|1345
83|557|706|1346
84|557|706|1347
84|557|707|1348
84|558|707|1349
84|558|708|1350
84|559|708|1351
84|559|709|1352
84|560|709|1353
84|560|710|1354
84|561|710|1355
84|561|711|1356
84|562|711|1357
84|562|712|1358
84|563|712|1359
84|563|713|1360
85|563|713|1361
85|563|714|1362
85|564|714|1363
85|564|715|1364
85|565|715|1365
85|565|716|1366
85|566|716|1367
85|566|717|1368
85|567|717|1369
85|567|718|1370
85|568|718|1371
85|568|719|1372
86|568|719|1373
86|568|720|1374
87|568|720|1375
87|568|721|1376
87|569|721|1377
87|569|722|1378
87|569|723|1379
87|570|723|1380
87|570|724|1381
87|571|724|1382
87|571|725|1383
87|572|725|1384
87|572|726|1385
87|573|726|1386
87|573|727|1387
87|574|727|1388
87|574|728|1389
87|575|728|1390
87|575|729|1391
87|576|729|1392
87|576|730|1393
87|577|730|1394
87|577|731|1395
87|578|731|1396
87|578|732|1397
87|579|732|1398
87|579|733|1399
87|580|733|1400
87|580|734|1401
87|581|734|1402
87|581|735|1403
87|582|735|1404
87|582|736|1405
87|583|736|1406
87|583|737|1407
87|584|737|1408
87|584|738|1409
87|585|738|1410
87|585|739|1411
87|586|739|1412
87|586|740|1413
87|587|740|1414
87|587|741|1415
87|587|742|1416
87|587|743|1417
87|588|743|1418
87|588|744|1419
87|588|745|1420
87|588|746|1421
87|589|746|1422
87|589|747|1423
87|590|747|1424
87|590|748|1425
87|590|749|1426
87|590|750|1427
87|590|751|1428
87|590|752|1429
87|590|753|1430
87|590|754|1431
87|591|754|1432
87|591|755|1433
87|591|756|1434
87|591|757|1435
87|592|757|1436
87|592|758|1437
87|592|759|1438
87|592|760|1439
87|593|760|1440
87|593|761|1441
87|594|761|1442
87|594|762|1443
87|594|763|1444
87|594|764|1445
87|595|764|1446
87|595|765|1447
87|596|765|1448
87|596|766|1449
87|596|767|1450
87|597|767|1451
87|598|767|1452
87|598|768|1453
87|599|768|1454
87|599|769|1455
87|599|770|1456
87|599|771|1457
87|599|772|1458
87|599|773|1459
87|600|773|1460
87|601|773|1461
87|601|774|1462
87|602|774|1463
87|602|775|1464
87|602|776|1465
87|602|777|1466
87|602|778|1467
87|603|778|1468
88|603|778|1469
88|603|779|1470
88|603|780|1471
88|604|780|1472
88|604|781|1473
88|604|782|1474
88|604|783|1475
88|605|783|1476
88|605|784|1477
88|605|785|1478
88|606|785|1479
88|606|786|1480
89|606|786|1481
89|606|787|1482
90|606|787|1483
90|606|788|1484
90|606|789|1485
90|607|789|1486
90|607|790|1487
90|608|790|1488
90|608|791|1489
90|609|791|1490
90|609|792|1491
90|610|792|1492
90|610|793|1493
90|611|793|1494
90|611|794|1495
90|612|794|1496
90|612|795|1497
90|613|795|1498
90|613|796|1499
90|614|796|1500
90|614|797|1501
90|615|797|1502
90|615|798|1503
90|616|798|1504
90|616|799|1505
90|617|799|1506
90|617|800|1507
90|618|800|1508
90|618|801|1509
90|619|801|1510
90|619|802|1511
90|620|802|1512
90|620|803|1513
90|621|803|1514
90|621|804|1515
90|622|804|1516
90|622|805|1517
90|623|805|1518
90|623|806|1519
90|624|806|1520
90|624|807|1521
90|625|807|1522
90|625|808|1523
90|625|809|1524
90|625|810|1525
90|626|810|1526
91|626|810|1527
91|626|811|1528
91|626|812|1529
91|626|813|1530
91|627|813|1531
91|628|813|1532
91|629|813|1533
91|629|814|1534
91|630|814|1535
91|631|814|1536
91|631|815|1537
91|632|815|1538
91|633|815|1539
91|634|815|1540
91|635|815|1541
91|635|816|1542
91|635|817|1543
91|636|817|1544
91|636|818|1545
91|636|819|1546
91|637|819|1547
91|637|820|1548
91|637|821|1549
91|638|821|1550
91|638|822|1551
91|638|823|1552
91|638|824|1553
91|638|825|1554
92|638|825|1555
92|638|826|1556
92|638|827|1557
92|638|828|1558
92|638|829|1559
92|638|830|1560
92|638|831|1561
92|638|832|1562
92|638|833|1563
92|638|834|1564
92|638|835|1565
92|638|836|1566
92|638|837|1567
92|638|838|1568
92|638|839|1569
92|638|840|1570
92|638|841|1571
92|638|842|1572
92|638|843|1573
92|638|844|1574
92|638|845|1575
92|638|846|1576
92|638|847|1577
92|638|848|1578
92|638|849|1579
92|638|850|1580
92|638|851|1581
92|638|852|1582
92|638|853|1583
92|638|854|1584
92|638|855|1585
92|638|856|1586
92|638|857|1587
92|638|858|1588
92|638|859|1589
92|638|860|1590
92|638|861|1591
92|638|862|1592
92|638|863|1593
92|638|864|1594
92|639|864|1595
92|639|865|1596
92|640|865|1597
92|640|866|1598
92|641|866|1599
92|641|867|1600
92|642|867|1601
92|642|868|1602
92|643|868|1603
92|643|869|1604
92|644|870|1606
92|644|871|1607
92|645|871|1608
92|645|872|1609
92|646|872|1610
92|646|873|1611
92|647|873|1612
92|647|874|1613
92|648|874|1614
92|648|875|1615
92|649|875|1616
92|649|876|1617
92|650|876|1618
92|650|877|1619
92|651|877|1620
92|651|878|1621
92|652|878|1622
92|652|879|1623
92|653|879|1624
92|653|880|1625
92|654|880|1626
92|654|881|1627
92|655|881|1628
92|655|882|1629
92|656|882|1630
92|656|883|1631
93|656|883|1632
93|656|884|1633
94|656|884|1634
94|656|885|1635
95|656|885|1636
95|656|886|1637
96|656|886|1638
96|656|887|1639
97|656|887|1640
97|656|888|1641
98|656|888|1642
98|656|889|1643
99|656|889|1644
99|656|890|1645
100|656|890|1646
100|656|891|1647
101|656|891|1648
101|656|892|1649
102|656|892|1650
102|656|893|1651
103|656|893|1652
103|656|894|1653
104|656|894|1654
104|656|895|1655
105|656|895|1656
105|656|896|1657
106|656|896|1658
106|656|897|1659
107|656|897|1660
107|656|898|1661
108|656|898|1662
108|656|899|1663
109|656|899|1664
109|656|900|1665
110|656|900|1666
110|656|901|1667
111|656|901|1668
111|656|902|1669
111|656|903|1670
111|657|903|1671
111|657|904|1672
111|658|904|1673
111|658|905|1674
111|659|905|1675
111|660|905|1676
111|660|906|1677
111|661|906|1678
111|662|906|1679
111|663|906|1680
111|664|906|1681
111|664|907|1682
111|665|907|1683
111|666|907|1684
111|666|908|1685
111|667|908|1686
111|668|908|1687
111|668|909|1688
111|668|910|1689
111|668|911|1690
111|668|912|1691
111|669|912|1692
111|670|912|1693
111|670|913|1694
111|671|913|1695
111|671|914|1696
111|672|914|1697
111|673|914|1698
111|673|915|1699
111|674|915|1700
111|674|916|1701
111|675|916|1702
111|675|917|1703
111|676|917|1704
111|676|918|1705
111|676|919|1706
111|676|920|1707
111|676|921|1708
111|676|922|1709
111|676|923|1710
111|676|924|1711
111|677|924|1712
111|678|924|1713
111|678|925|1714
111|678|926|1715
112|678|926|1716
112|678|927|1717
112|678|928|1718
112|678|929|1719
112|679|929|1720
112|679|930|1721
112|679|931|1722
112|679|932|1723
113|679|932|1724
113|679|933|1725
113|680|933|1726
113|680|934|1727
114|680|934|1728
114|680|935|1729
115|680|935|1730
115|680|936|1731
115|680|937|1732
115|680|938|1733
116|680|938|1734
116|680|939|1735
116|681|939|1736
116|681|940|1737
116|681|941|1738
116|682|941|1739
116|683|941|1740
116|684|941|1741
116|684|942|1742
116|685|942|1743
116|685|943|1744
116|686|943|1745
116|687|943|1746
116|688|943|1747
116|689|943|1748
116|690|943|1749
116|690|944|1750
116|691|944|1751
116|691|945|1752
116|692|945|1753
116|693|945|1754
116|694|945|1755
116|695|945|1756
116|696|945|1757
116|696|946|1758
116|697|946|1759
116|697|947|1760
116|698|947|1761
116|698|948|1762
116|699|948|1763
116|699|949|1764
116|700|949|1765
116|700|950|1766
116|701|950|1767
116|702|950|1768
116|703|950|1769
116|704|950|1770
116|705|950|1771
116|705|951|1772
116|706|951|1773
116|707|951|1774
116|707|952|1775
116|707|953|1776
116|708|953|1777
116|708|954|1778
116|709|954|1779
116|709|955|1780
116|710|955|1781
116|710|956|1782
116|710|957|1783
116|710|958|1784
116|711|958|1785
116|711|959|1786
116|711|960|1787
116|711|961|1788
116|712|961|1789
116|712|962|1790
116|712|963|1791
116|712|964|1792
116|713|964|1793
116|713|965|1794
116|713|966|1795
116|713|967|1796
116|714|967|1797
116|714|968|1798
116|715|968|1799
116|715|969|1800
116|715|970|1801
116|715|971|1802
116|715|972|1803
116|715|973|1804
116|716|973|1805
116|717|973|1806
116|717|974|1807
116|717|975|1808
116|717|976|1809
116|717|977|1810
116|718|977|1811
116|718|978|1812
116|719|978|1813
116|719|979|1814
116|719|980|1815
116|719|981|1816
116|720|981|1817
116|721|981|1818
116|721|982|1819
116|721|983|1820
116|722|983|1821
116|723|983|1822
116|723|984|1823
116|723|985|1824
116|724|985|1825
116|724|986|1826
116|724|987|1827
116|724|988|1828
116|725|988|1829
116|725|989|1830
116|725|990|1831
116|725|991|1832
116|726|991|1833
116|726|992|1834
116|727|992|1835
116|727|993|1836
116|728|993|1837
116|729|993|1838
116|729|994|1839
116|729|995|1840
116|730|995|1841
116|730|996|1842
116|730|997|1843
116|730|998|1844
116|731|998|1845
116|731|999|1846
117|731|999|1847
117|732|999|1848
118|732|999|1849
118|733|999|1850
118|734|999|1851
118|734|1000|1852
118|735|1000|1853
118|736|1000|1854
118|737|1000|1855
118|737|1001|1856
118|738|1001|1857
118|739|1001|1858
118|740|1001|1859
118|741|1001|1860
118|742|1001|1861
118|743|1001|1862
119|743|1001|1863
119|744|1001|1864
119|745|1001|1865
119|745|1002|1866
119|746|1002|1867
119|747|1002|1868
119|748|1002|1869
119|748|1003|1870
119|749|1003|1871
119|750|1003|1872
119|751|1003|1873
119|752|1003|1874
119|753|1003|1875
119|754|1003|1876
119|755|1003|1877
119|756|1003|1878
119|757|1003|1879
119|758|1003|1880
119|759|1003|1881
119|760|1003|1882
119|760|1004|1883
119|760|1005|1884
119|760|1006|1885
119|761|1006|1886
119|761|1007|1887
119|762|1007|1888
119|762|1008|1889
120|762|1008|1890
120|762|1009|1891
120|763|1009|1892
120|763|1010|1893
121|763|1010|1894
121|763|1011|1895
122|763|1011|1896
122|763|1012|1897
122|764|1012|1898
122|764|1013|1899
122|765|1013|1900
122|765|1014|1901
122|766|1014|1902
122|766|1015|1903
122|767|1015|1904
122|767|1016|1905
122|768|1016|1906
122|768|1017|1907
123|768|1017|1908
123|768|1018|1909
123|769|1018|1910
123|769|1019|1911
123|770|1019|1912
123|770|1020|1913
124|770|1020|1914
124|770|1021|1915
124|770|1022|1916
124|770|1023|1917
124|771|1023|1918
124|771|1024|1919
124|772|1024|1920
124|773|1024|1921
124|774|1024|1922
124|774|1025|1923
124|774|1026|1924
124|775|1026|1925
124|776|1026|1926
124|777|1026|1927
124|778|1026|1928
124|778|1027|1929
124|779|1027|1930
124|780|1027|1931
124|781|1027|1932
124|782|1027|1933
124|783|1027|1934
124|783|1028|1935
124|784|1028|1936
124|785|1028|1937
124|786|1028|1938
124|787|1028|1939
124|787|1029|1940
124|788|1029|1941
124|789|1029|1942
124|790|1029|1943
124|790|1030|1944
124|791|1030|1945
124|792|1030|1946
124|793|1030|1947
124|794|1030|1948
124|794|1031|1949
124|795|1031|1950
124|796|1031|1951
124|797|1031|1952
124|798|1031|1953
124|799|1031|1954
124|799|1032|1955
124|799|1033|1956
124|799|1034|1957
124|799|1035|1958
124|799|1036|1959
124|799|1037|1960
124|799|1038|1961
124|799|1039|1962
124|800|1039|1963
124|800|1040|1964
124|800|1041|1965
124|800|1042|1966
124|801|1042|1967
124|801|1043|1968
124|802|1043|1969
124|802|1044|1970
124|802|1045|1971
124|802|1046|1972
124|803|1046|1973
124|803|1047|1974
124|804|1047|1975
124|804|1048|1976
124|805|1048|1977
124|805|1049|1978
124|806|1049|1979
124|806|1050|1980
124|806|1051|1981
124|806|1052|1982
124|806|1053|1983
124|806|1054|1984
124|807|1054|1985
124|807|1055|1986
124|807|1056|1987
124|807|1057|1988
124|807|1058|1989
124|807|1059|1990
124|808|1059|1991
124|809|1059|1992
124|810|1059|1993
124|811|1059|1994
124|812|1059|1995
124|813|1059|1996
124|814|1059|1997
124|814|1060|1998
124|815|1060|1999
124|816|1060|2000
