total
0|0|1|1
0|1|1|2
0|1|2|3
0|1|3|4
0|1|4|5
0|1|5|6
1|1|5|7
1|1|6|8
1|1|7|9
1|1|8|10
1|1|9|11
1|2|9|12
1|2|10|13
1|3|10|14
1|3|11|15
1|4|11|16
1|4|12|17
1|5|12|18
1|5|13|19
1|6|13|20
1|6|14|21
1|6|15|22
1|6|16|23
1|7|16|24
1|7|17|25
1|8|17|26
1|8|18|27
1|9|18|28
1|9|19|29
1|9|20|30
1|9|21|31
1|10|21|32
1|10|22|33
1|10|23|34
1|10|24|35
1|11|24|36
1|11|25|37
1|12|25|38
1|12|26|39
1|13|26|40
1|13|27|41
1|14|27|42
1|14|28|43
1|15|28|44
1|15|29|45
1|16|29|46
1|16|30|47
1|17|30|48
1|17|31|49
1|18|31|50
1|18|32|51
1|19|32|52
1|19|33|53
1|20|33|54
1|20|34|55
1|21|34|56
2|21|34|57
2|22|34|58
2|22|35|59
2|23|35|60
2|23|36|61
2|24|36|62
2|24|37|63
2|25|37|64
3|25|37|65
3|26|37|66
3|26|38|67
3|27|38|68
3|27|39|69
3|28|39|70
3|28|40|71
3|29|40|72
3|29|41|73
3|30|41|74
3|31|41|75
3|32|41|76
3|32|42|77
3|33|42|78
3|33|43|79
3|34|43|80
3|34|44|81
3|35|44|82
3|35|45|83
3|36|45|84
3|36|46|85
3|36|47|86
3|36|48|87
3|36|49|88
3|36|50|89
3|36|51|90
3|36|52|91
3|37|52|92
3|37|53|93
3|37|54|94
3|37|55|95
3|37|56|96
3|37|57|97
3|38|57|98
3|38|58|99
3|39|58|100
3|39|59|101
3|39|60|102
3|39|61|103
3|40|61|104
3|40|62|105
3|41|62|106
3|41|63|107
3|41|64|108
3|41|65|109
3|42|65|110
3|43|65|111
3|43|66|112
3|43|67|113
3|43|68|114
3|43|69|115
3|43|70|116
3|43|71|117
3|44|71|118
3|44|72|119
3|45|72|120
3|45|73|121
3|46|73|122
3|46|74|123
3|47|74|124
3|47|75|125
3|48|75|126
3|48|76|127
3|49|76|128
3|49|77|129
3|50|77|130
3|50|78|131
3|51|78|132
3|51|79|133
3|52|79|134
3|52|80|135
3|53|80|136
3|53|81|137
3|54|81|138
3|54|82|139
3|55|82|140
3|55|83|141
3|56|83|142
3|56|84|143
3|57|84|144
3|57|85|145
3|58|85|146
3|58|86|147
3|59|86|148
3|59|87|149
3|60|87|150
3|60|88|151
3|61|88|152
3|61|89|153
3|62|89|154
3|62|90|155
3|62|91|156
3|62|92|157
3|63|92|158
3|63|93|159
3|64|93|160
3|64|94|161
3|65|94|162
3|65|95|163
3|66|95|164
3|66|96|165
3|66|97|166
3|66|98|167
3|67|98|168
3|67|99|169
3|68|99|170
3|68|100|171
3|69|100|172
3|69|101|173
3|69|102|174
3|69|103|175
3|70|103|176
3|70|104|177
3|71|104|178
3|71|105|179
3|71|106|180
3|71|107|181
3|72|107|182
3|72|108|183
3|73|108|184
3|73|109|185
3|74|109|186
3|74|110|187
3|75|110|188
3|75|111|189
3|76|111|190
3|76|112|191
3|77|112|192
3|77|113|193
3|78|113|194
3|78|114|195
3|79|114|196
3|79|115|197
3|80|115|198
3|80|116|199
3|81|116|200
3|81|117|201
3|82|117|202
3|82|118|203
3|83|118|204
3|83|119|205
3|84|119|206
3|84|120|207
3|85|120|208
3|85|121|209
3|86|121|210
3|86|122|211
3|87|122|212
3|87|123|213
3|88|123|214
3|88|124|215
3|89|124|216
3|89|125|217
3|90|125|218
3|90|126|219
3|91|126|220
3|91|127|221
3|92|127|222
3|92|128|223
3|93|128|224
3|93|129|225
3|94|129|226
3|95|129|227
4|95|129|228
4|96|129|229
5|96|129|230
5|97|129|231
6|97|129|232
6|98|129|233
7|98|129|234
7|99|129|235
8|99|129|236
8|100|129|237
9|100|129|238
9|101|129|239
10|101|129|240
10|102|129|241
11|102|129|242
11|103|129|243
12|103|129|244
12|104|129|245
13|104|129|246
13|105|129|247
14|105|129|248
14|106|129|249
15|106|129|250
15|107|129|251
16|107|129|252
16|108|129|253
17|108|129|254
17|109|129|255
18|109|129|256
18|110|129|257
19|110|129|258
19|111|129|259
20|111|129|260
20|112|129|261
21|112|129|262
21|112|130|263
21|113|130|264
21|113|131|265
21|114|131|266
21|114|132|267
21|115|132|268
21|115|133|269
21|116|133|270
21|116|134|271
21|117|134|272
21|117|135|273
21|118|135|274
21|118|136|275
21|119|136|276
21|119|137|277
21|120|137|278
21|120|138|279
21|121|138|280
21|121|139|281
21|122|139|282
21|122|140|283
21|123|140|284
21|123|141|285
21|124|141|286
21|124|142|287
21|125|142|288
21|125|143|289
21|126|143|290
21|126|144|291
21|127|144|292
21|127|145|293
21|128|145|294
21|128|146|295
21|129|146|296
21|129|147|297
21|130|147|298
21|130|148|299
21|131|148|300
21|131|149|301
21|132|149|302
21|132|150|303
21|133|150|304
21|133|151|305
21|134|151|306
21|134|152|307
21|135|152|308
21|135|153|309
21|136|153|310
21|136|154|311
21|137|154|312
21|137|155|313
21|138|155|314
21|138|156|315
21|139|156|316
21|139|157|317
21|140|157|318
21|140|158|319
21|141|158|320
21|141|159|321
21|142|159|322
21|142|160|323
21|143|160|324
21|143|161|325
21|144|161|326
21|144|162|327
21|145|162|328
21|145|163|329
21|146|163|330
21|146|164|331
21|147|164|332
21|147|165|333
21|148|165|334
21|148|166|335
21|149|166|336
21|149|167|337
21|150|167|338
21|150|168|339
21|151|168|340
21|151|169|341
21|152|169|342
21|152|170|343
21|152|171|344
21|152|172|345
21|153|172|346
21|153|173|347
21|154|173|348
21|154|174|349
21|154|175|350
21|154|176|351
21|154|177|352
21|154|178|353
21|155|178|354
21|156|178|355
21|157|178|356
21|157|179|357
21|158|179|358
21|158|180|359
21|159|180|360
21|159|181|361
21|160|181|362
21|161|181|363
21|162|181|364
21|162|182|365
21|162|183|366
21|162|184|367
21|162|185|368
21|162|186|369
21|163|186|370
21|163|187|371
21|164|187|372
21|164|188|373
21|165|188|374
21|165|189|375
21|166|189|376
21|166|190|377
21|167|190|378
21|167|191|379
21|168|191|380
21|168|192|381
21|169|192|382
21|169|193|383
21|170|193|384
21|170|194|385
21|171|194|386
21|171|195|387
21|172|195|388
21|172|196|389
21|173|196|390
21|173|197|391
21|174|197|392
21|174|198|393
21|175|198|394
21|175|199|395
21|176|199|396
21|176|200|397
21|177|200|398
21|178|200|399
21|179|200|400
21|179|201|401
21|180|201|402
21|180|202|403
21|181|202|404
21|181|203|405
21|182|203|406
21|182|204|407
21|182|205|408
21|182|206|409
21|183|206|410
21|183|207|411
21|184|207|412
21|184|208|413
21|185|208|414
21|185|209|415
21|186|209|416
21|186|210|417
21|187|210|418
21|187|211|419
21|188|211|420
21|188|212|421
21|189|212|422
21|189|213|423
21|190|213|424
21|190|214|425
21|191|214|426
21|191|215|427
21|192|215|428
21|192|216|429
21|193|216|430
21|193|217|431
21|194|217|432
21|194|218|433
21|195|218|434
21|195|219|435
21|196|219|436
21|196|220|437
21|196|221|438
21|196|222|439
21|196|223|440
21|196|224|441
21|197|224|442
21|197|225|443
21|198|225|444
21|198|226|445
21|199|226|446
21|199|227|447
21|200|227|448
21|200|228|449
21|201|228|450
21|201|229|451
21|202|229|452
21|202|230|453
21|203|230|454
21|203|231|455
21|204|231|456
21|204|232|457
21|205|232|458
21|205|233|459
21|206|233|460
21|206|234|461
21|207|234|462
21|207|235|463
21|208|235|464
21|208|236|465
21|209|236|466
21|209|237|467
21|210|237|468
21|210|238|469
21|211|238|470
21|211|239|471
21|212|239|472
21|212|240|473
21|213|240|474
21|213|241|475
21|214|241|476
21|214|242|477
21|215|242|478
21|215|243|479
21|216|243|480
21|216|244|481
21|217|244|482
21|217|245|483
21|218|245|484
21|218|246|485
21|219|246|486
21|219|247|487
21|220|247|488
21|220|248|489
21|221|248|490
21|221|249|491
21|222|249|492
21|222|250|493
21|223|250|494
21|223|251|495
21|224|251|496
21|224|252|497
21|225|252|498
21|225|253|499
21|226|253|500
21|226|254|501
21|227|254|502
21|227|255|503
21|228|255|504
21|228|256|505
21|229|256|506
21|229|257|507
22|229|257|508
22|229|258|509
22|230|258|510
22|230|259|511
22|231|259|512
22|231|260|513
22|232|260|514
22|232|261|515
22|232|262|516
22|232|263|517
22|232|264|518
22|232|265|519
22|232|266|520
22|232|267|521
22|232|268|522
22|232|269|523
22|232|270|524
23|232|270|525
23|232|271|526
23|232|272|527
23|232|273|528
23|232|274|529
23|232|275|530
23|232|276|531
23|232|277|532
23|232|278|533
23|232|279|534
24|232|279|535
24|232|280|536
24|232|281|537
24|232|282|538
25|232|282|539
25|232|283|540
26|232|283|541
26|232|284|542
27|232|284|543
27|232|285|544
27|232|286|545
27|232|287|546
27|232|288|547
27|232|289|548
28|232|289|549
28|232|290|550
28|232|291|551
28|233|291|552
28|233|292|553
28|234|292|554
28|234|293|555
28|235|293|556
28|235|294|557
28|236|294|558
28|236|295|559
28|237|295|560
28|237|296|561
28|238|296|562
28|238|297|563
28|239|297|564
28|239|298|565
28|240|298|566
28|240|299|567
28|241|299|568
28|241|300|569
28|242|300|570
28|242|301|571
28|243|301|572
28|243|302|573
28|244|302|574
28|244|303|575
28|245|303|576
28|245|304|577
28|246|304|578
28|246|305|579
28|247|305|580
28|247|306|581
28|248|306|582
28|248|307|583
28|249|307|584
28|249|308|585
28|250|308|586
28|250|309|587
28|251|309|588
28|251|310|589
28|252|310|590
28|252|311|591
28|253|311|592
28|253|312|593
28|254|312|594
28|254|313|595
28|255|313|596
28|255|314|597
28|256|314|598
28|256|315|599
28|257|315|600
28|257|316|601
28|258|316|602
28|258|317|603
28|258|318|604
28|258|319|605
28|259|319|606
28|259|320|607
28|260|320|608
28|260|321|609
28|260|322|610
28|260|323|611
28|261|323|612
28|261|324|613
28|262|324|614
28|262|325|615
28|263|325|616
28|263|326|617
28|264|326|618
28|264|327|619
28|265|327|620
28|265|328|621
28|266|328|622
28|266|329|623
28|267|329|624
28|267|330|625
28|268|330|626
28|268|331|627
28|269|331|628
28|269|332|629
28|270|332|630
28|270|333|631
28|271|333|632
28|271|334|633
28|272|334|634
28|272|335|635
28|273|335|636
28|273|336|637
28|274|336|638
28|274|337|639
28|275|337|640
28|275|338|641
28|276|338|642
28|276|339|643
28|277|339|644
28|277|340|645
28|278|340|646
28|278|341|647
28|279|341|648
28|279|342|649
28|280|342|650
28|280|343|651
29|280|343|652
29|280|344|653
29|281|344|654
29|281|345|655
29|282|345|656
29|282|346|657
29|283|346|658
29|283|347|659
29|283|348|660
29|283|349|661
29|283|350|662
29|283|351|663
29|283|352|664
29|283|353|665
29|283|354|666
29|283|355|667
29|283|356|668
29|283|357|669
29|283|358|670
29|283|359|671
29|283|360|672
29|283|361|673
29|283|362|674
29|283|363|675
29|283|364|676
29|283|365|677
29|283|366|678
30|283|366|679
30|283|367|680
30|283|368|681
30|283|369|682
30|283|370|683
30|283|371|684
30|283|372|685
30|283|373|686
30|283|374|687
30|283|375|688
31|283|375|689
31|283|376|690
31|283|377|691
31|283|378|692
31|283|379|693
31|283|380|694
31|283|381|695
31|284|381|696
31|284|382|697
31|285|382|698
31|285|383|699
31|286|383|700
31|286|384|701
31|287|384|702
31|287|385|703
31|288|385|704
31|288|386|705
31|289|386|706
31|289|387|707
31|290|387|708
31|290|388|709
31|291|388|710
31|291|389|711
31|292|389|712
31|292|390|713
31|293|390|714
31|293|391|715
31|294|391|716
31|294|392|717
31|295|392|718
31|295|393|719
31|296|393|720
31|296|394|721
31|297|394|722
31|297|395|723
31|298|395|724
31|298|396|725
31|299|396|726
31|299|397|727
31|300|397|728
31|300|398|729
31|301|398|730
32|301|398|731
32|302|398|732
32|302|399|733
32|303|399|734
32|303|400|735
32|304|400|736
32|304|401|737
32|305|401|738
32|305|402|739
32|306|402|740
32|306|403|741
32|307|403|742
32|307|404|743
32|308|404|744
32|308|405|745
32|309|405|746
32|309|406|747
32|310|406|748
33|310|406|749
33|311|406|750
33|311|407|751
33|312|407|752
33|312|408|753
33|313|408|754
33|313|409|755
33|314|409|756
33|314|410|757
33|315|410|758
33|316|410|759
33|317|410|760
33|317|411|761
33|318|411|762
33|318|412|763
33|319|412|764
33|319|413|765
33|320|413|766
33|320|414|767
33|320|415|768
33|320|416|769
33|320|417|770
33|320|418|771
33|320|419|772
33|320|420|773
33|321|420|774
33|321|421|775
33|322|421|776
33|322|422|777
33|322|423|778
33|322|424|779
33|322|425|780
33|322|426|781
33|322|427|782
33|322|428|783
33|323|428|784
33|323|429|785
33|323|430|786
33|323|431|787
33|323|432|788
33|323|433|789
33|323|434|790
33|323|435|791
33|324|435|792
33|324|436|793
33|325|436|794
33|326|436|795
33|326|437|796
33|326|438|797
33|326|439|798
33|326|440|799
33|326|441|800
33|326|442|801
33|326|443|802
33|326|444|803
33|327|444|804
33|327|445|805
33|328|445|806
33|328|446|807
33|329|446|808
33|329|447|809
33|330|447|810
33|330|448|811
33|331|448|812
33|331|449|813
33|332|449|814
33|332|450|815
33|333|450|816
33|333|451|817
33|334|451|818
33|334|452|819
33|335|452|820
33|335|453|821
33|336|453|822
33|336|454|823
33|337|454|824
33|337|455|825
33|338|455|826
33|338|456|827
33|339|456|828
33|339|457|829
33|340|457|830
33|340|458|831
33|341|458|832
33|341|459|833
33|342|459|834
33|342|460|835
33|343|460|836
33|343|461|837
33|344|461|838
33|344|462|839
33|345|462|840
33|345|463|841
33|346|463|842
33|346|464|843
33|347|464|844
33|347|465|845
33|348|465|846
33|348|466|847
33|349|466|848
34|349|466|849
34|349|467|850
34|349|468|851
34|350|468|852
34|350|469|853
34|351|469|854
34|351|470|855
34|352|470|856
34|352|471|857
34|352|472|858
34|352|473|859
34|353|473|860
34|353|474|861
34|354|474|862
34|354|475|863
34|354|476|864
34|354|477|865
34|355|477|866
34|355|478|867
34|356|478|868
34|356|479|869
34|357|479|870
34|357|480|871
34|358|480|872
34|358|481|873
34|359|481|874
34|359|482|875
34|360|482|876
34|360|483|877
34|361|483|878
34|361|484|879
34|362|484|880
34|362|485|881
34|363|485|882
34|363|486|883
34|364|486|884
34|364|487|885
34|365|487|886
34|365|488|887
34|366|488|888
34|366|489|889
34|367|489|890
34|367|490|891
34|368|490|892
34|368|491|893
34|369|491|894
34|369|492|895
34|370|492|896
34|370|493|897
34|371|493|898
34|371|494|899
34|372|494|900
34|372|495|901
34|373|495|902
34|373|496|903
34|374|496|904
34|374|497|905
34|375|497|906
34|375|498|907
34|376|498|908
34|376|499|909
34|377|499|910
34|378|499|911
35|378|499|912
35|379|499|913
36|379|499|914
36|380|499|915
37|380|499|916
37|381|499|917
38|381|499|918
38|382|499|919
39|382|499|920
39|383|499|921
40|383|499|922
40|384|499|923
41|384|499|924
41|385|499|925
42|385|499|926
42|386|499|927
43|386|499|928
43|387|499|929
44|387|499|930
44|388|499|931
45|388|499|932
45|389|499|933
46|389|499|934
46|390|499|935
47|390|499|936
47|391|499|937
48|391|499|938
48|392|499|939
49|392|499|940
49|393|499|941
50|393|499|942
50|394|499|943
51|394|499|944
51|395|499|945
52|395|499|946
52|395|500|947
52|396|500|948
52|396|501|949
52|397|501|950
52|397|502|951
52|398|502|952
52|398|503|953
52|399|503|954
52|399|504|955
52|400|504|956
52|400|505|957
52|401|505|958
52|401|506|959
52|402|506|960
52|402|507|961
52|403|507|962
52|403|508|963
52|404|508|964
52|404|509|965
52|405|509|966
52|405|510|967
52|406|510|968
52|406|511|969
52|407|511|970
52|407|512|971
52|408|512|972
52|408|513|973
52|409|513|974
52|409|514|975
52|410|514|976
52|410|515|977
52|411|515|978
52|411|516|979
52|412|516|980
52|412|517|981
52|413|517|982
52|413|518|983
52|414|518|984
52|414|519|985
52|415|519|986
52|415|520|987
52|416|520|988
52|416|521|989
52|417|521|990
52|417|522|991
52|418|522|992
52|418|523|993
52|419|523|994
52|419|524|995
52|420|524|996
52|420|525|997
52|421|525|998
52|421|526|999
52|422|526|1000
52|422|527|1001
52|423|527|1002
52|423|528|1003
52|424|528|1004
52|424|529|1005
52|425|529|1006
52|425|530|1007
52|426|530|1008
52|426|531|1009
52|427|531|1010
52|427|532|1011
52|428|532|1012
52|428|533|1013
52|429|533|1014
52|429|534|1015
52|430|534|1016
52|430|535|1017
52|431|535|1018
53|431|535|1019
53|432|535|1020
53|432|536|1021
53|432|537|1022
53|432|538|1023
53|433|538|1024
53|433|539|1025
53|434|539|1026
53|434|540|1027
53|434|541|1028
53|434|542|1029
53|434|543|1030
53|434|544|1031
53|435|544|1032
53|435|545|1033
53|435|546|1034
54|435|546|1035
54|435|547|1036
54|435|548|1037
54|436|548|1038
54|436|549|1039
54|437|549|1040
54|437|550|1041
54|437|551|1042
54|437|552|1043
54|437|553|1044
54|437|554|1045
54|438|554|1046
54|438|555|1047
54|439|555|1048
54|439|556|1049
54|439|557|1050
54|439|558|1051
54|439|559|1052
54|439|560|1053
54|439|561|1054
54|439|562|1055
54|440|562|1056
54|441|562|1057
54|442|562|1058
54|442|563|1059
54|443|563|1060
54|443|564|1061
54|444|564|1062
54|444|565|1063
54|445|565|1064
54|445|566|1065
54|446|566|1066
54|446|567|1067
54|447|567|1068
54|447|568|1069
54|448|568|1070
54|448|569|1071
54|449|569|1072
54|449|570|1073
54|450|570|1074
54|450|571|1075
54|451|571|1076
54|451|572|1077
54|452|572|1078
54|452|573|1079
54|453|573|1080
54|453|574|1081
54|454|574|1082
54|455|574|1083
54|456|574|1084
54|457|574|1085
54|458|574|1086
54|458|575|1087
54|459|575|1088
54|459|576|1089
54|460|576|1090
54|460|577|1091
54|461|577|1092
54|461|578|1093
54|462|578|1094
54|462|579|1095
54|463|579|1096
54|463|580|1097
54|464|580|1098
54|464|581|1099
54|465|581|1100
54|465|582|1101
54|466|582|1102
54|466|583|1103
54|467|583|1104
54|467|584|1105
54|468|584|1106
54|468|585|1107
54|469|585|1108
54|469|586|1109
54|470|586|1110
54|470|587|1111
54|471|587|1112
54|471|588|1113
54|471|589|1114
54|471|590|1115
54|472|590|1116
54|472|591|1117
54|473|591|1118
54|473|592|1119
54|474|592|1120
54|475|592|1121
54|476|592|1122
54|476|593|1123
54|476|594|1124
54|476|595|1125
54|477|595|1126
54|477|596|1127
54|478|596|1128
54|478|597|1129
54|479|597|1130
54|479|598|1131
54|480|598|1132
54|480|599|1133
54|481|599|1134
54|481|600|1135
54|482|600|1136
54|482|601|1137
54|483|601|1138
54|483|602|1139
54|484|602|1140
54|484|603|1141
54|485|603|1142
54|485|604|1143
54|486|604|1144
54|486|605|1145
54|487|605|1146
54|487|606|1147
54|488|606|1148
54|488|607|1149
54|489|607|1150
54|489|608|1151
54|490|608|1152
54|490|609|1153
54|491|609|1154
54|491|610|1155
54|492|610|1156
54|492|611|1157
54|493|611|1158
54|493|612|1159
54|494|612|1160
54|494|613|1161
54|495|613|1162
54|495|614|1163
54|496|614|1164
54|496|615|1165
54|497|615|1166
54|497|616|1167
54|498|616|1168
54|498|617|1169
54|499|617|1170
54|499|618|1171
54|500|618|1172
54|500|619|1173
54|501|619|1174
54|501|620|1175
54|502|620|1176
54|502|621|1177
54|503|621|1178
54|503|622|1179
55|503|622|1180
55|503|623|1181
55|504|623|1182
55|504|624|1183
55|505|624|1184
55|505|625|1185
55|506|625|1186
55|506|626|1187
55|507|626|1188
55|507|627|1189
55|508|627|1190
55|508|628|1191
55|509|628|1192
55|509|629|1193
55|510|629|1194
55|510|630|1195
55|511|630|1196
55|511|631|1197
55|512|631|1198
55|512|632|1199
55|512|633|1200
55|512|634|1201
55|512|635|1202
56|512|635|1203
56|512|636|1204
56|512|637|1205
56|512|638|1206
57|512|638|1207
57|512|639|1208
58|512|639|1209
58|512|640|1210
58|512|641|1211
58|512|642|1212
58|512|643|1213
58|512|644|1214
58|512|645|1215
58|512|646|1216
58|512|647|1217
58|512|648|1218
59|512|648|1219
59|512|649|1220
60|512|649|1221
60|512|650|1222
60|512|651|1223
60|512|652|1224
61|512|652|1225
61|512|653|1226
62|512|653|1227
62|512|654|1228
62|512|655|1229
62|512|656|1230
62|512|657|1231
62|512|658|1232
63|512|658|1233
63|512|659|1234
63|512|660|1235
63|513|660|1236
63|513|661|1237
63|514|661|1238
63|514|662|1239
63|515|662|1240
63|515|663|1241
63|516|663|1242
63|516|664|1243
63|517|664|1244
63|517|665|1245
63|518|665|1246
63|518|666|1247
63|519|666|1248
63|519|667|1249
63|520|667|1250
63|520|668|1251
63|521|668|1252
63|521|669|1253
63|522|669|1254
63|522|670|1255
63|523|670|1256
63|523|671|1257
63|524|671|1258
63|524|672|1259
63|525|672|1260
63|525|673|1261
63|526|673|1262
63|526|674|1263
63|527|674|1264
63|527|675|1265
63|528|675|1266
63|528|676|1267
63|529|676|1268
63|529|677|1269
63|530|677|1270
63|530|678|1271
63|531|678|1272
63|531|679|1273
63|532|679|1274
63|532|680|1275
63|533|680|1276
63|533|681|1277
63|534|681|1278
63|534|682|1279
63|535|682|1280
63|535|683|1281
63|536|683|1282
63|536|684|1283
63|537|684|1284
63|537|685|1285
63|538|685|1286
63|538|686|1287
63|538|687|1288
63|538|688|1289
63|539|688|1290
63|539|689|1291
63|540|689|1292
63|540|690|1293
63|541|690|1294
63|541|691|1295
63|542|691|1296
63|542|692|1297
63|543|692|1298
63|543|693|1299
63|544|693|1300
63|544|694|1301
63|545|694|1302
63|545|695|1303
63|546|695|1304
63|546|696|1305
63|547|696|1306
63|547|697|1307
63|548|697|1308
63|549|697|1309
63|550|697|1310
63|550|698|1311
63|551|698|1312
63|551|699|1313
63|552|699|1314
63|552|700|1315
63|553|700|1316
63|553|701|1317
63|554|701|1318
63|554|702|1319
63|555|702|1320
63|555|703|1321
63|556|703|1322
63|557|703|1323
64|557|703|1324
64|557|704|1325
64|558|704|1326
64|558|705|1327
64|559|705|1328
64|559|706|1329
64|560|706|1330
64|560|707|1331
64|561|707|1332
64|561|708|1333
64|562|708|1334
64|562|709|1335
65|562|709|1336
65|562|710|1337
65|563|710|1338
65|563|711|1339
65|564|711|1340
65|564|712|1341
65|565|712|1342
66|565|712|1343
66|565|713|1344
67|565|713|1345
67|565|714|1346
67|565|715|1347
67|565|716|1348
67|565|717|1349
67|565|718|1350
67|565|719|1351
67|565|720|1352
68|565|720|1353
68|565|721|1354
68|565|722|1355
68|565|723|1356
68|565|724|1357
68|565|725|1358
69|565|725|1359
69|565|726|1360
69|565|727|1361
69|565|728|1362
69|565|729|1363
69|565|730|1364
69|565|731|1365
69|565|732|1366
69|565|733|1367
69|565|734|1368
69|565|735|1369
69|565|736|1370
69|565|737|1371
69|565|738|1372
69|565|739|1373
69|565|740|1374
70|565|740|1375
70|565|741|1376
70|565|742|1377
70|565|743|1378
70|565|744|1379
70|566|744|1380
70|566|745|1381
70|567|745|1382
70|567|746|1383
70|568|746|1384
70|568|747|1385
70|569|747|1386
70|569|748|1387
70|570|748|1388
70|570|749|1389
70|571|749|1390
70|571|750|1391
70|572|750|1392
70|572|751|1393
70|573|751|1394
70|573|752|1395
70|574|752|1396
70|574|753|1397
70|575|753|1398
70|575|754|1399
70|576|754|1400
70|576|755|1401
70|577|755|1402
70|577|756|1403
70|578|756|1404
70|578|757|1405
70|579|757|1406
70|579|758|1407
70|580|758|1408
70|580|759|1409
70|581|759|1410
70|581|760|1411
70|582|760|1412
70|582|761|1413
70|583|761|1414
70|583|762|1415
70|584|762|1416
70|584|763|1417
70|585|763|1418
70|585|764|1419
70|586|764|1420
70|586|765|1421
70|587|765|1422
70|587|766|1423
70|588|766|1424
70|588|767|1425
70|588|768|1426
70|588|769|1427
70|589|769|1428
70|589|770|1429
70|590|770|1430
70|590|771|1431
70|591|771|1432
70|591|772|1433
70|592|772|1434
70|592|773|1435
70|593|773|1436
70|593|774|1437
70|593|775|1438
70|593|776|1439
70|594|776|1440
70|594|777|1441
70|595|777|1442
70|595|778|1443
70|596|778|1444
70|596|779|1445
70|597|779|1446
70|597|780|1447
70|598|780|1448
70|598|781|1449
70|599|781|1450
70|599|782|1451
70|599|783|1452
70|599|784|1453
70|600|784|1454
70|601|784|1455
70|601|785|1456
70|601|786|1457
70|601|787|1458
70|601|788|1459
70|601|789|1460
70|601|790|1461
70|601|791|1462
70|601|792|1463
70|601|793|1464
70|601|794|1465
70|601|795|1466
70|601|796|1467
70|602|796|1468
70|602|797|1469
70|602|798|1470
70|602|799|1471
70|603|799|1472
70|603|800|1473
70|604|800|1474
70|604|801|1475
70|604|802|1476
70|604|803|1477
70|604|804|1478
70|605|804|1479
70|605|805|1480
70|606|805|1481
70|606|806|1482
70|606|807|1483
70|606|808|1484
70|606|809|1485
70|606|810|1486
70|606|811|1487
70|607|811|1488
70|607|812|1489
70|608|812|1490
70|608|813|1491
70|609|813|1492
70|609|814|1493
70|610|814|1494
70|610|815|1495
70|611|815|1496
70|611|816|1497
70|612|816|1498
70|612|817|1499
70|613|817|1500
70|613|818|1501
70|614|818|1502
70|614|819|1503
70|615|819|1504
70|615|820|1505
70|616|820|1506
70|616|821|1507
70|617|821|1508
70|617|822|1509
70|618|822|1510
70|618|823|1511
70|619|823|1512
70|619|824|1513
70|620|824|1514
70|620|825|1515
70|621|825|1516
70|621|826|1517
70|622|826|1518
70|622|827|1519
70|623|827|1520
70|623|828|1521
70|624|828|1522
70|624|829|1523
70|625|829|1524
70|625|830|1525
70|626|830|1526
70|626|831|1527
70|627|831|1528
70|627|832|1529
70|628|832|1530
70|628|833|1531
70|629|833|1532
71|629|833|1533
71|629|834|1534
71|629|835|1535
71|630|835|1536
71|630|836|1537
71|631|836|1538
71|631|837|1539
71|632|837|1540
71|632|838|1541
71|632|839|1542
71|632|840|1543
71|633|840|1544
71|633|841|1545
71|634|841|1546
71|634|842|1547
71|635|842|1548
71|635|843|1549
71|636|843|1550
71|636|844|1551
71|637|844|1552
71|637|845|1553
71|638|845|1554
72|638|845|1555
72|639|845|1556
72|639|846|1557
72|640|846|1558
72|640|847|1559
72|641|847|1560
72|641|848|1561
72|642|848|1562
72|642|849|1563
72|643|849|1564
72|643|850|1565
72|644|850|1566
72|644|851|1567
72|645|851|1568
72|645|852|1569
72|646|852|1570
72|646|853|1571
72|647|853|1572
72|647|854|1573
72|648|854|1574
72|648|855|1575
72|649|855|1576
72|649|856|1577
72|650|856|1578
72|650|857|1579
72|651|857|1580
72|651|858|1581
72|652|858|1582
72|652|859|1583
72|653|859|1584
72|653|860|1585
72|654|860|1586
72|654|861|1587
72|655|861|1588
72|655|862|1589
72|656|862|1590
72|656|863|1591
72|657|863|1592
72|657|864|1593
72|658|864|1594
72|659|864|1595
73|659|864|1596
73|660|864|1597
74|660|864|1598
74|661|864|1599
75|661|864|1600
75|662|864|1601
76|662|864|1602
76|663|864|1603
77|663|864|1604
77|664|864|1605
78|664|864|1606
78|665|864|1607
79|665|864|1608
79|666|864|1609
80|666|864|1610
80|667|864|1611
81|667|864|1612
81|668|864|1613
82|668|864|1614
82|669|864|1615
83|669|864|1616
83|670|864|1617
84|670|864|1618
84|671|864|1619
85|671|864|1620
85|672|864|1621
86|672|864|1622
86|673|864|1623
87|673|864|1624
87|674|864|1625
88|674|864|1626
88|675|864|1627
89|675|864|1628
89|676|864|1629
90|676|864|1630
90|676|865|1631
90|677|865|1632
90|677|866|1633
90|678|866|1634
90|678|867|1635
90|679|867|1636
90|680|868|1638
90|681|868|1639
90|681|869|1640
90|682|869|1641
90|682|870|1642
90|683|870|1643
90|683|871|1644
90|684|871|1645
90|684|872|1646
90|685|872|1647
90|685|873|1648
90|686|873|1649
90|686|874|1650
90|687|874|1651
90|687|875|1652
90|688|875|1653
90|688|876|1654
90|689|876|1655
90|689|877|1656
90|690|877|1657
90|690|878|1658
90|691|878|1659
90|691|879|1660
90|692|879|1661
90|692|880|1662
90|693|880|1663
90|693|881|1664
90|694|881|1665
90|694|882|1666
90|695|882|1667
90|695|883|1668
90|696|883|1669
90|696|884|1670
90|697|884|1671
90|697|885|1672
90|697|886|1673
90|697|887|1674
90|698|887|1675
90|698|888|1676
90|699|888|1677
90|699|889|1678
90|700|889|1679
90|700|890|1680
90|701|890|1681
90|701|891|1682
90|702|891|1683
90|702|892|1684
90|703|892|1685
90|703|893|1686
90|704|893|1687
90|704|894|1688
90|705|894|1689
90|705|895|1690
90|706|895|1691
90|706|896|1692
90|707|896|1693
90|707|897|1694
90|708|897|1695
90|708|898|1696
90|709|898|1697
90|709|899|1698
90|710|899|1699
90|710|900|1700
90|711|900|1701
90|711|901|1702
90|712|901|1703
90|712|902|1704
90|712|903|1705
90|712|904|1706
90|713|904|1707
90|713|905|1708
90|714|905|1709
90|714|906|1710
90|714|907|1711
90|714|908|1712
90|714|909|1713
90|714|910|1714
90|714|911|1715
90|714|912|1716
90|715|912|1717
90|715|913|1718
90|715|914|1719
90|715|915|1720
90|716|915|1721
90|716|916|1722
90|716|917|1723
90|716|918|1724
90|717|918|1725
90|717|919|1726
90|718|919|1727
90|718|920|1728
90|718|921|1729
90|718|922|1730
90|719|922|1731
90|720|922|1732
90|720|923|1733
90|720|924|1734
90|720|925|1735
90|721|925|1736
90|721|926|1737
90|721|927|1738
90|722|927|1739
90|722|928|1740
90|723|928|1741
90|723|929|1742
90|724|929|1743
90|724|930|1744
90|725|930|1745
90|726|930|1746
90|727|930|1747
90|727|931|1748
90|728|931|1749
90|728|932|1750
90|729|932|1751
90|729|933|1752
91|729|933|1753
91|729|934|1754
91|730|934|1755
91|730|935|1756
91|731|935|1757
91|731|936|1758
91|732|936|1759
91|732|937|1760
91|733|937|1761
91|733|938|1762
91|734|938|1763
91|734|939|1764
91|735|939|1765
91|735|940|1766
91|736|940|1767
91|737|940|1768
91|738|940|1769
91|738|941|1770
91|739|941|1771
91|739|942|1772
91|740|942|1773
91|740|943|1774
91|741|943|1775
91|741|944|1776
91|742|944|1777
91|742|945|1778
91|743|945|1779
91|743|946|1780
91|744|946|1781
91|744|947|1782
91|745|947|1783
91|745|948|1784
91|746|948|1785
91|746|949|1786
91|747|949|1787
91|747|950|1788
91|748|950|1789
91|748|951|1790
91|749|951|1791
91|749|952|1792
91|750|952|1793
91|750|953|1794
91|750|954|1795
91|750|955|1796
91|751|955|1797
91|751|956|1798
91|752|956|1799
91|752|957|1800
91|753|957|1801
91|753|958|1802
91|754|958|1803
91|754|959|1804
91|755|959|1805
91|756|959|1806
91|756|960|1807
91|756|961|1808
91|757|961|1809
91|757|962|1810
91|758|962|1811
91|758|963|1812
91|759|963|1813
91|759|964|1814
91|760|964|1815
91|760|965|1816
91|761|965|1817
91|761|966|1818
91|762|966|1819
91|762|967|1820
91|763|967|1821
91|763|968|1822
91|764|968|1823
91|764|969|1824
91|765|969|1825
91|765|970|1826
91|766|970|1827
91|766|971|1828
91|767|971|1829
91|767|972|1830
91|768|972|1831
91|768|973|1832
91|769|973|1833
91|769|974|1834
91|770|974|1835
91|770|975|1836
91|771|975|1837
91|771|976|1838
91|772|976|1839
91|772|977|1840
91|773|977|1841
91|773|978|1842
91|774|978|1843
91|774|979|1844
91|775|979|1845
91|775|980|1846
91|776|980|1847
91|776|981|1848
91|777|981|1849
91|777|982|1850
91|778|982|1851
91|778|983|1852
91|779|983|1853
91|779|984|1854
91|780|984|1855
91|780|985|1856
91|781|985|1857
91|781|986|1858
91|782|986|1859
91|782|987|1860
91|783|987|1861
91|783|988|1862
91|784|988|1863
91|784|989|1864
91|785|989|1865
91|785|990|1866
91|786|990|1867
91|786|991|1868
91|787|991|1869
91|788|991|1870
91|789|991|1871
91|789|992|1872
91|790|992|1873
91|790|993|1874
92|790|993|1875
92|790|994|1876
92|791|994|1877
92|791|995|1878
92|792|995|1879
92|792|996|1880
92|793|996|1881
92|793|997|1882
92|793|998|1883
93|793|998|1884
93|793|999|1885
94|793|999|1886
94|793|1000|1887
95|793|1000|1888
95|793|1001|1889
96|793|1001|1890
96|793|1002|1891
96|793|1003|1892
96|793|1004|1893
97|793|1004|1894
97|793|1005|1895
98|793|1005|1896
98|793|1006|1897
99|793|1006|1898
99|793|1007|1899
99|793|1008|1900
99|793|1009|1901
100|793|1009|1902
100|793|1010|1903
101|793|1010|1904
101|793|1011|1905
101|793|1012|1906
101|793|1013|1907
101|793|1014|1908
101|793|1015|1909
102|793|1015|1910
102|793|1016|1911
103|793|1016|1912
103|793|1017|1913
103|793|1018|1914
103|793|1019|1915
104|793|1019|1916
104|793|1020|1917
105|793|1020|1918
105|794|1020|1919
105|794|1021|1920
105|795|1021|1921
105|795|1022|1922
105|796|1022|1923
105|796|1023|1924
105|797|1023|1925
105|797|1024|1926
105|798|1024|1927
105|798|1025|1928
105|799|1025|1929
105|799|1026|1930
105|800|1026|1931
105|800|1027|1932
105|801|1027|1933
105|801|1028|1934
105|802|1028|1935
105|802|1029|1936
105|803|1029|1937
105|803|1030|1938
105|804|1030|1939
105|804|1031|1940
105|805|1031|1941
105|805|1032|1942
105|806|1032|1943
105|806|1033|1944
105|807|1033|1945
105|807|1034|1946
105|808|1034|1947
105|808|1035|1948
105|809|1035|1949
105|809|1036|1950
105|810|1036|1951
105|810|1037|1952
105|811|1037|1953
105|811|1038|1954
105|811|1039|1955
105|811|1040|1956
105|812|1040|1957
105|812|1041|1958
105|812|1042|1959
105|812|1043|1960
105|813|1043|1961
105|813|1044|1962
105|814|1044|1963
105|814|1045|1964
105|814|1046|1965
105|814|1047|1966
105|815|1047|1967
105|815|1048|1968
105|816|1048|1969
105|816|1049|1970
105|817|1049|1971
105|817|1050|1972
105|818|1050|1973
105|818|1051|1974
105|819|1051|1975
105|819|1052|1976
105|820|1052|1977
105|820|1053|1978
105|821|1053|1979
105|821|1054|1980
105|821|1055|1981
105|821|1056|1982
105|822|1056|1983
105|822|1057|1984
105|823|1057|1985
105|823|1058|1986
105|824|1058|1987
105|824|1059|1988
105|825|1059|1989
105|825|1060|1990
106|825|1060|1991
106|825|1061|1992
106|826|1061|1993
106|826|1062|1994
106|827|1062|1995
106|827|1063|1996
106|828|1063|1997
106|828|1064|1998
106|829|1064|1999
106|829|1065|2000
