total
0|1|0|1
0|2|0|2
1|2|0|3
1|2|1|4
1|2|2|5
1|2|3|6
1|2|4|7
1|2|5|8
1|2|6|9
1|2|7|10
1|2|8|11
1|2|9|12
1|2|10|13
1|3|10|14
1|3|11|15
1|4|11|16
1|4|12|17
1|5|12|18
1|5|13|19
1|6|13|20
1|6|14|21
1|6|15|22
1|6|16|23
1|7|16|24
1|7|17|25
1|8|17|26
1|8|18|27
1|9|18|28
1|9|19|29
1|10|19|30
1|10|20|31
1|11|20|32
1|11|21|33
1|12|21|34
1|12|22|35
1|13|22|36
1|13|23|37
1|14|23|38
1|14|24|39
1|15|24|40
1|15|25|41
1|16|25|42
1|16|26|43
1|16|27|44
1|16|28|45
1|16|29|46
1|16|30|47
1|17|30|48
1|17|31|49
1|18|31|50
1|18|32|51
1|19|32|52
1|19|33|53
1|20|33|54
1|20|34|55
1|21|34|56
1|21|35|57
1|22|35|58
1|22|36|59
1|23|36|60
1|23|37|61
1|24|37|62
1|24|38|63
1|25|38|64
1|26|38|65
1|27|38|66
1|27|39|67
1|28|39|68
1|28|40|69
1|29|40|70
1|29|41|71
1|30|41|72
1|30|42|73
1|31|42|74
1|31|43|75
1|32|43|76
1|32|44|77
1|33|44|78
1|33|45|79
1|33|46|80
1|33|47|81
1|34|47|82
1|34|48|83
1|34|49|84
1|34|50|85
1|34|51|86
1|34|52|87
1|34|53|88
1|34|54|89
1|34|55|90
1|34|56|91
1|34|57|92
1|34|58|93
1|34|59|94
1|34|60|95
1|34|61|96
1|34|62|97
1|34|63|98
1|34|64|99
1|34|65|100
1|34|66|101
1|34|67|102
1|34|68|103
1|34|69|104
1|34|70|105
1|34|71|106
1|34|72|107
1|34|73|108
1|34|74|109
1|34|75|110
1|34|76|111
1|34|77|112
1|34|78|113
1|34|79|114
1|34|80|115
1|34|81|116
1|34|82|117
1|34|83|118
1|34|84|119
1|35|84|120
1|35|85|121
1|36|85|122
1|36|86|123
1|37|86|124
1|37|87|125
1|38|87|126
1|38|88|127
1|39|88|128
1|39|89|129
1|40|89|130
1|40|90|131
1|41|90|132
1|41|91|133
1|42|91|134
1|42|92|135
1|43|92|136
1|43|93|137
1|44|93|138
1|44|94|139
1|45|94|140
1|45|95|141
1|46|95|142
1|46|96|143
1|47|96|144
1|47|97|145
1|48|97|146
1|48|98|147
1|49|98|148
1|49|99|149
1|50|99|150
1|50|100|151
1|51|100|152
1|51|101|153
1|52|101|154
1|52|102|155
1|52|103|156
1|52|104|157
1|53|104|158
1|53|105|159
1|54|105|160
1|54|106|161
1|55|106|162
1|55|107|163
1|56|107|164
1|56|108|165
1|57|108|166
1|57|109|167
1|58|109|168
1|58|110|169
1|59|110|170
1|59|111|171
1|60|111|172
1|60|112|173
1|60|113|174
1|60|114|175
1|61|114|176
1|61|115|177
1|62|115|178
1|62|116|179
1|62|117|180
1|62|118|181
1|63|118|182
1|63|119|183
1|63|120|184
1|63|121|185
1|63|122|186
1|63|123|187
1|63|124|188
1|63|125|189
1|64|125|190
1|64|126|191
1|64|127|192
1|64|128|193
1|64|129|194
1|64|130|195
1|65|130|196
1|65|131|197
1|66|131|198
1|66|132|199
1|66|133|200
1|66|134|201
1|66|135|202
1|66|136|203
1|66|137|204
1|66|138|205
1|66|139|206
1|66|140|207
1|66|141|208
1|66|142|209
1|66|143|210
1|66|144|211
1|66|145|212
1|66|146|213
1|66|147|214
1|66|148|215
1|66|149|216
1|66|150|217
1|67|150|218
1|67|151|219
1|67|152|220
1|67|153|221
1|67|154|222
1|67|155|223
1|67|156|224
1|67|157|225
1|67|158|226
1|67|159|227
1|67|160|228
1|67|161|229
1|67|162|230
1|67|163|231
1|67|164|232
1|67|165|233
1|67|166|234
1|67|167|235
1|67|168|236
1|67|169|237
1|67|170|238
1|67|171|239
1|67|172|240
1|67|173|241
1|67|174|242
1|67|175|243
1|67|176|244
1|67|177|245
1|67|178|246
1|67|179|247
1|67|180|248
1|67|181|249
1|67|182|250
1|67|183|251
1|67|184|252
1|67|185|253
1|67|186|254
1|67|187|255
1|67|188|256
1|67|189|257
1|67|190|258
1|67|191|259
1|67|192|260
1|67|193|261
1|67|194|262
1|67|195|263
1|68|195|264
1|68|196|265
1|69|196|266
1|69|197|267
1|70|197|268
1|70|198|269
1|71|198|270
1|71|199|271
1|72|199|272
1|72|200|273
1|73|200|274
1|73|201|275
1|74|201|276
1|74|202|277
1|75|202|278
1|75|203|279
1|76|203|280
1|76|204|281
1|77|204|282
1|77|205|283
1|78|205|284
1|78|206|285
1|79|206|286
1|79|207|287
1|80|207|288
1|80|208|289
1|81|208|290
1|81|209|291
1|82|209|292
1|82|210|293
1|83|210|294
1|83|211|295
1|84|211|296
1|84|212|297
1|85|212|298
1|85|213|299
1|86|213|300
1|86|214|301
1|86|215|302
1|86|216|303
1|87|216|304
1|87|217|305
1|88|217|306
1|89|217|307
1|90|217|308
1|90|218|309
1|90|219|310
1|90|220|311
1|90|221|312
1|90|222|313
1|90|223|314
1|90|224|315
1|91|224|316
1|91|225|317
1|91|226|318
1|91|227|319
1|92|227|320
1|92|228|321
1|92|229|322
1|92|230|323
1|93|230|324
1|93|231|325
1|94|231|326
1|94|232|327
1|95|232|328
1|95|233|329
1|95|234|330
1|95|235|331
1|96|235|332
1|96|236|333
1|96|237|334
1|96|238|335
1|97|238|336
1|97|239|337
1|98|239|338
1|98|240|339
1|99|240|340
1|99|241|341
1|99|242|342
1|99|243|343
1|100|243|344
1|100|244|345
1|100|245|346
1|100|246|347
1|100|247|348
1|100|248|349
1|100|249|350
1|100|250|351
1|100|251|352
1|100|252|353
1|101|252|354
1|101|253|355
1|101|254|356
1|101|255|357
1|101|256|358
1|101|257|359
1|101|258|360
1|101|259|361
1|101|260|362
1|101|261|363
1|101|262|364
1|101|263|365
1|101|264|366
1|101|265|367
1|101|266|368
1|101|267|369
1|101|268|370
1|101|269|371
1|102|269|372
1|102|270|373
1|103|270|374
1|103|271|375
1|104|271|376
1|104|272|377
1|105|272|378
1|105|273|379
1|106|273|380
1|106|274|381
1|107|274|382
1|107|275|383
1|108|275|384
1|108|276|385
1|109|276|386
1|109|277|387
1|110|277|388
1|110|278|389
1|111|278|390
1|111|279|391
1|112|279|392
1|112|280|393
1|113|280|394
1|113|281|395
1|114|281|396
1|114|282|397
1|115|282|398
1|115|283|399
1|116|283|400
1|116|284|401
1|117|284|402
1|117|285|403
1|118|285|404
1|118|286|405
1|119|286|406
1|119|287|407
1|119|288|408
1|119|289|409
1|120|289|410
1|120|290|411
1|121|290|412
1|121|291|413
1|122|291|414
1|122|292|415
1|123|292|416
1|123|293|417
1|124|293|418
1|124|294|419
1|125|294|420
1|125|295|421
1|126|295|422
1|126|296|423
1|126|297|424
1|126|298|425
1|127|298|426
1|127|299|427
1|128|299|428
1|128|300|429
1|129|300|430
1|129|301|431
1|130|301|432
1|130|302|433
1|131|302|434
1|131|303|435
1|132|303|436
1|132|304|437
1|133|304|438
1|133|305|439
1|134|305|440
1|134|306|441
1|135|306|442
1|135|307|443
1|136|307|444
1|136|308|445
1|137|308|446
1|137|309|447
1|138|309|448
1|138|310|449
1|139|310|450
1|139|311|451
1|140|311|452
1|140|312|453
1|141|312|454
1|141|313|455
1|142|313|456
1|142|314|457
1|143|314|458
1|143|315|459
1|144|315|460
1|144|316|461
1|145|316|462
1|145|317|463
1|146|317|464
1|146|318|465
1|147|318|466
1|147|319|467
1|148|319|468
1|148|320|469
1|149|320|470
1|149|321|471
1|150|321|472
1|150|322|473
1|151|322|474
1|151|323|475
1|151|324|476
1|151|325|477
1|152|325|478
1|152|326|479
1|153|326|480
1|153|327|481
1|154|327|482
1|154|328|483
1|155|328|484
1|155|329|485
1|156|329|486
1|156|330|487
1|157|330|488
1|157|331|489
1|158|331|490
1|158|332|491
1|159|332|492
1|159|333|493
1|160|333|494
1|160|334|495
1|161|334|496
1|161|335|497
1|162|335|498
1|162|336|499
1|163|336|500
1|163|337|501
1|164|337|502
1|164|338|503
1|165|338|504
1|165|339|505
1|166|339|506
1|166|340|507
1|167|340|508
1|167|341|509
1|168|341|510
1|168|342|511
1|169|342|512
1|169|343|513
1|170|343|514
1|170|344|515
1|171|344|516
1|171|345|517
1|172|345|518
1|172|346|519
1|172|347|520
1|172|348|521
1|172|349|522
2|172|349|523
2|172|350|524
2|172|351|525
2|172|352|526
2|172|353|527
2|172|354|528
2|172|355|529
2|173|355|530
3|173|355|531
3|174|355|532
3|174|356|533
3|175|356|534
4|175|356|535
4|175|357|536
4|175|358|537
4|176|358|538
4|176|359|539
4|176|360|540
4|176|361|541
4|176|362|542
5|176|362|543
5|176|363|544
5|176|364|545
5|176|365|546
5|176|366|547
5|176|367|548
6|176|367|549
6|176|368|550
6|176|369|551
6|177|369|552
6|177|370|553
6|178|370|554
6|178|371|555
6|179|371|556
6|179|372|557
6|180|372|558
6|180|373|559
6|181|373|560
6|181|374|561
6|182|374|562
6|182|375|563
6|183|375|564
6|183|376|565
6|184|376|566
6|184|377|567
6|185|377|568
6|185|378|569
6|186|378|570
6|186|379|571
6|187|379|572
6|187|380|573
6|188|380|574
6|188|381|575
6|189|381|576
6|189|382|577
6|190|382|578
6|191|382|579
6|192|382|580
6|192|383|581
6|193|383|582
6|193|384|583
6|194|384|584
6|194|385|585
6|195|385|586
6|195|386|587
6|195|387|588
6|195|388|589
6|196|388|590
6|196|389|591
6|197|389|592
6|197|390|593
6|198|390|594
6|198|391|595
6|199|391|596
6|199|392|597
6|199|393|598
6|199|394|599
6|200|394|600
6|200|395|601
6|201|395|602
6|201|396|603
6|201|397|604
6|201|398|605
6|202|398|606
6|202|399|607
6|203|399|608
6|203|400|609
6|204|400|610
6|204|401|611
6|205|401|612
6|205|402|613
6|205|403|614
6|205|404|615
6|206|404|616
6|206|405|617
6|207|405|618
6|207|406|619
6|207|407|620
6|207|408|621
6|207|409|622
6|207|410|623
6|208|410|624
6|208|411|625
6|209|411|626
6|209|412|627
6|210|412|628
6|210|413|629
6|211|413|630
6|211|414|631
6|212|414|632
6|212|415|633
6|213|415|634
6|213|416|635
6|214|416|636
6|214|417|637
6|215|417|638
6|215|418|639
6|216|418|640
6|216|419|641
6|217|419|642
6|217|420|643
6|218|420|644
6|218|421|645
6|219|421|646
6|219|422|647
6|220|422|648
6|220|423|649
6|221|423|650
6|221|424|651
6|222|424|652
6|222|425|653
6|223|425|654
6|223|426|655
6|224|426|656
6|225|426|657
6|226|426|658
6|226|427|659
6|226|428|660
6|226|429|661
6|226|430|662
6|226|431|663
6|226|432|664
6|226|433|665
6|226|434|666
7|226|434|667
7|226|435|668
7|226|436|669
7|226|437|670
8|226|437|671
8|226|438|672
8|226|439|673
8|226|440|674
8|226|441|675
8|226|442|676
8|226|443|677
8|226|444|678
8|226|445|679
8|226|446|680
8|226|447|681
8|226|448|682
8|226|449|683
8|226|450|684
8|226|451|685
8|226|452|686
8|226|453|687
8|226|454|688
8|226|455|689
8|226|456|690
8|226|457|691
8|226|458|692
9|226|458|693
9|226|459|694
9|226|460|695
9|227|460|696
9|227|461|697
9|228|461|698
9|228|462|699
9|229|462|700
9|229|463|701
9|230|463|702
9|230|464|703
9|231|464|704
9|231|465|705
9|232|465|706
9|232|466|707
9|233|466|708
9|233|467|709
9|234|467|710
9|234|468|711
9|235|468|712
9|235|469|713
9|236|469|714
9|236|470|715
9|237|470|716
9|237|471|717
9|238|471|718
9|238|472|719
9|239|472|720
9|239|473|721
9|240|473|722
9|240|474|723
9|241|474|724
9|241|475|725
9|242|475|726
9|242|476|727
9|243|476|728
9|243|477|729
9|244|477|730
9|244|478|731
9|245|478|732
9|245|479|733
9|246|479|734
9|246|480|735
9|247|480|736
9|247|481|737
9|248|481|738
9|248|482|739
9|249|482|740
9|249|483|741
9|250|483|742
9|250|484|743
9|251|484|744
9|251|485|745
9|252|485|746
9|252|486|747
9|253|486|748
9|254|486|749
9|255|486|750
9|255|487|751
9|256|487|752
9|256|488|753
9|257|488|754
9|257|489|755
9|258|489|756
9|258|490|757
9|259|490|758
9|259|491|759
9|260|491|760
9|260|492|761
9|261|492|762
9|261|493|763
9|262|493|764
9|262|494|765
9|263|494|766
9|263|495|767
9|263|496|768
9|263|497|769
9|263|498|770
9|263|499|771
9|263|500|772
9|263|501|773
9|263|502|774
9|263|503|775
9|263|504|776
9|263|505|777
9|263|506|778
9|263|507|779
9|263|508|780
9|263|509|781
9|263|510|782
9|263|511|783
9|263|512|784
9|263|513|785
9|263|514|786
9|263|515|787
9|263|516|788
9|263|517|789
9|263|518|790
9|263|519|791
9|263|520|792
9|263|521|793
9|263|522|794
9|263|523|795
9|263|524|796
9|263|525|797
9|263|526|798
9|263|527|799
9|263|528|800
9|263|529|801
9|263|530|802
9|263|531|803
9|264|531|804
9|264|532|805
9|265|532|806
9|265|533|807
9|266|533|808
9|266|534|809
9|267|534|810
9|267|535|811
9|268|535|812
9|268|536|813
9|269|536|814
9|269|537|815
9|270|537|816
9|270|538|817
9|271|538|818
9|271|539|819
9|272|539|820
9|272|540|821
9|273|540|822
9|273|541|823
9|274|541|824
9|274|542|825
9|275|542|826
9|275|543|827
9|276|543|828
9|276|544|829
9|277|544|830
9|277|545|831
9|278|545|832
9|278|546|833
9|279|546|834
9|279|547|835
9|280|547|836
9|280|548|837
9|281|548|838
9|281|549|839
9|281|550|840
9|281|551|841
9|282|551|842
9|282|552|843
9|283|552|844
9|283|553|845
9|284|553|846
9|284|554|847
9|285|554|848
9|285|555|849
9|285|556|850
9|285|557|851
9|286|557|852
9|286|558|853
9|286|559|854
9|286|560|855
9|287|560|856
9|287|561|857
9|287|562|858
9|287|563|859
9|288|563|860
9|288|564|861
9|289|564|862
9|289|565|863
9|289|566|864
9|289|567|865
9|290|567|866
9|290|568|867
9|290|569|868
9|290|570|869
9|290|571|870
9|290|572|871
9|291|572|872
9|291|573|873
9|292|573|874
9|292|574|875
9|292|575|876
9|292|576|877
9|293|576|878
9|293|577|879
9|293|578|880
9|293|579|881
9|293|580|882
9|293|581|883
9|293|582|884
9|293|583|885
9|293|584|886
9|293|585|887
9|293|586|888
9|293|587|889
9|293|588|890
9|293|589|891
9|293|590|892
9|293|591|893
9|293|592|894
9|293|593|895
9|293|594|896
9|293|595|897
9|294|595|898
9|294|596|899
9|294|597|900
9|294|598|901
9|294|599|902
9|294|600|903
9|295|600|904
9|295|601|905
9|295|602|906
9|295|603|907
9|295|604|908
9|295|605|909
9|295|606|910
9|295|607|911
9|295|608|912
9|295|609|913
9|295|610|914
9|295|611|915
9|295|612|916
9|295|613|917
9|295|614|918
9|295|615|919
9|295|616|920
9|295|617|921
9|295|618|922
9|295|619|923
9|295|620|924
9|295|621|925
9|295|622|926
9|295|623|927
9|295|624|928
9|295|625|929
9|295|626|930
9|295|627|931
9|295|628|932
9|295|629|933
9|295|630|934
9|295|631|935
9|295|632|936
9|295|633|937
9|295|634|938
9|295|635|939
9|295|636|940
9|295|637|941
9|295|638|942
9|295|639|943
9|295|640|944
9|295|641|945
9|295|642|946
9|295|643|947
9|296|643|948
9|296|644|949
9|297|644|950
9|297|645|951
9|298|645|952
9|298|646|953
9|299|646|954
9|299|647|955
9|300|647|956
9|300|648|957
9|301|648|958
9|301|649|959
9|302|649|960
9|302|650|961
9|303|650|962
9|303|651|963
9|304|651|964
9|304|652|965
9|304|653|966
9|304|654|967
9|305|654|968
9|305|655|969
9|306|655|970
9|306|656|971
9|307|656|972
9|307|657|973
9|308|657|974
9|308|658|975
9|309|658|976
9|309|659|977
9|310|659|978
9|310|660|979
9|311|660|980
9|311|661|981
9|312|661|982
9|312|662|983
9|312|663|984
9|312|664|985
9|313|664|986
9|313|665|987
9|313|666|988
9|313|667|989
9|313|668|990
9|314|668|991
9|315|668|992
9|315|669|993
9|315|670|994
9|315|671|995
9|315|672|996
9|315|673|997
9|315|674|998
9|315|675|999
9|315|676|1000
9|315|677|1001
9|315|678|1002
9|315|679|1003
9|316|679|1004
9|316|680|1005
9|316|681|1006
9|316|682|1007
9|316|683|1008
9|316|684|1009
9|317|684|1010
9|317|685|1011
9|317|686|1012
9|317|687|1013
9|317|688|1014
9|317|689|1015
9|317|690|1016
9|317|691|1017
9|317|692|1018
9|317|693|1019
9|317|694|1020
9|317|695|1021
9|317|696|1022
9|317|697|1023
9|317|698|1024
9|317|699|1025
9|317|700|1026
10|317|700|1027
10|318|700|1028
10|319|700|1029
10|320|700|1030
10|320|701|1031
10|321|701|1032
10|322|701|1033
10|322|702|1034
11|322|702|1035
11|322|703|1036
11|322|704|1037
11|322|705|1038
11|322|706|1039
11|322|707|1040
11|323|707|1041
11|323|708|1042
11|323|709|1043
11|324|709|1044
11|324|710|1045
11|324|711|1046
11|324|712|1047
11|324|713|1048
11|324|714|1049
11|324|715|1050
11|324|716|1051
11|325|716|1052
11|325|717|1053
11|325|718|1054
11|326|718|1055
11|327|718|1056
11|327|719|1057
11|328|719|1058
11|328|720|1059
11|329|720|1060
11|329|721|1061
11|330|721|1062
11|330|722|1063
11|331|722|1064
11|331|723|1065
11|332|723|1066
11|332|724|1067
11|333|724|1068
11|334|724|1069
11|335|724|1070
11|335|725|1071
11|336|725|1072
11|336|726|1073
11|337|726|1074
11|337|727|1075
11|338|727|1076
11|338|728|1077
11|339|728|1078
11|339|729|1079
11|340|729|1080
11|340|730|1081
11|341|730|1082
11|341|731|1083
11|342|731|1084
11|342|732|1085
11|343|732|1086
11|343|733|1087
11|344|733|1088
11|344|734|1089
11|345|734|1090
11|345|735|1091
11|346|735|1092
11|346|736|1093
11|347|736|1094
11|347|737|1095
11|348|737|1096
11|348|738|1097
11|349|738|1098
11|349|739|1099
11|350|739|1100
11|350|740|1101
11|351|740|1102
11|351|741|1103
11|352|741|1104
11|352|742|1105
11|353|742|1106
11|353|743|1107
11|354|743|1108
11|354|744|1109
11|355|744|1110
11|355|745|1111
11|356|745|1112
11|356|746|1113
11|357|746|1114
11|357|747|1115
11|358|747|1116
11|358|748|1117
11|359|748|1118
11|359|749|1119
11|360|749|1120
11|360|750|1121
11|361|750|1122
11|361|751|1123
11|362|751|1124
11|362|752|1125
11|363|752|1126
11|363|753|1127
11|364|753|1128
11|364|754|1129
11|365|754|1130
11|365|755|1131
11|366|755|1132
11|366|756|1133
11|367|756|1134
11|367|757|1135
11|368|757|1136
11|368|758|1137
11|368|759|1138
11|368|760|1139
11|369|760|1140
11|369|761|1141
11|370|761|1142
11|370|762|1143
11|371|762|1144
11|371|763|1145
11|372|763|1146
11|372|764|1147
11|373|764|1148
11|373|765|1149
11|374|765|1150
11|374|766|1151
11|375|766|1152
11|375|767|1153
11|376|767|1154
11|376|768|1155
11|377|768|1156
11|377|769|1157
11|378|769|1158
11|378|770|1159
11|379|770|1160
11|379|771|1161
11|380|771|1162
11|381|771|1163
11|382|771|1164
11|382|772|1165
11|383|772|1166
11|383|773|1167
11|384|773|1168
11|384|774|1169
11|385|774|1170
11|385|775|1171
11|386|775|1172
11|387|775|1173
11|388|775|1174
11|388|776|1175
11|389|776|1176
11|390|776|1177
11|391|776|1178
11|391|777|1179
11|392|777|1180
11|392|778|1181
11|393|778|1182
11|393|779|1183
11|394|779|1184
11|395|779|1185
11|396|779|1186
11|396|780|1187
11|397|780|1188
11|397|781|1189
11|398|781|1190
11|398|782|1191
11|399|782|1192
11|399|783|1193
11|400|783|1194
11|400|784|1195
11|401|784|1196
11|402|784|1197
11|403|784|1198
11|403|785|1199
11|404|785|1200
12|404|785|1201
12|405|785|1202
12|405|786|1203
12|405|787|1204
12|405|788|1205
12|406|788|1206
12|406|789|1207
12|406|790|1208
12|406|791|1209
12|406|792|1210
13|406|792|1211
13|406|793|1212
13|406|794|1213
13|406|795|1214
13|406|796|1215
13|407|796|1216
13|407|797|1217
13|407|798|1218
13|407|799|1219
13|407|800|1220
13|407|801|1221
13|408|801|1222
13|408|802|1223
13|408|803|1224
13|408|804|1225
13|409|804|1226
14|409|804|1227
14|409|805|1228
14|409|806|1229
14|410|806|1230
15|410|806|1231
15|410|807|1232
16|410|807|1233
16|411|807|1234
16|412|807|1235
16|413|807|1236
16|413|808|1237
16|414|808|1238
16|414|809|1239
16|415|809|1240
16|415|810|1241
16|416|810|1242
16|416|811|1243
16|417|811|1244
16|417|812|1245
16|418|812|1246
16|418|813|1247
16|419|813|1248
16|420|813|1249
16|421|813|1250
16|422|813|1251
16|423|813|1252
16|423|814|1253
16|424|814|1254
16|424|815|1255
16|425|815|1256
16|426|815|1257
16|427|815|1258
16|427|816|1259
16|428|816|1260
16|428|817|1261
16|429|817|1262
16|429|818|1263
16|430|818|1264
16|430|819|1265
16|431|819|1266
16|431|820|1267
16|432|820|1268
16|433|820|1269
16|434|820|1270
16|434|821|1271
16|434|822|1272
16|434|823|1273
16|435|823|1274
16|435|824|1275
16|436|824|1276
16|436|825|1277
16|437|825|1278
16|437|826|1279
16|438|826|1280
16|438|827|1281
16|439|827|1282
16|439|828|1283
16|440|828|1284
16|440|829|1285
16|441|829|1286
16|441|830|1287
16|441|831|1288
16|441|832|1289
16|442|832|1290
16|442|833|1291
16|443|833|1292
16|443|834|1293
16|444|834|1294
16|444|835|1295
16|445|835|1296
16|445|836|1297
16|446|836|1298
16|446|837|1299
16|446|838|1300
16|446|839|1301
16|447|839|1302
16|447|840|1303
16|448|840|1304
16|448|841|1305
16|448|842|1306
16|449|842|1307
16|450|842|1308
16|451|842|1309
16|452|842|1310
16|452|843|1311
16|453|843|1312
16|453|844|1313
16|454|844|1314
16|455|844|1315
16|456|844|1316
16|457|844|1317
16|458|844|1318
16|458|845|1319
16|459|845|1320
16|459|846|1321
16|460|846|1322
16|460|847|1323
16|461|847|1324
16|461|848|1325
16|462|848|1326
16|462|849|1327
16|463|849|1328
16|464|849|1329
16|465|849|1330
16|465|850|1331
16|466|850|1332
16|466|851|1333
16|467|851|1334
16|468|851|1335
16|469|851|1336
16|469|852|1337
16|470|852|1338
16|470|853|1339
16|471|853|1340
16|471|854|1341
16|472|854|1342
17|472|854|1343
17|472|855|1344
17|472|856|1345
17|472|857|1346
17|472|858|1347
17|472|859|1348
17|472|860|1349
17|472|861|1350
17|472|862|1351
17|472|863|1352
17|472|864|1353
17|472|865|1354
17|472|866|1355
17|472|867|1356
17|472|868|1357
17|472|869|1358
17|473|869|1359
17|473|870|1360
17|473|871|1361
17|473|872|1362
17|473|873|1363
17|473|874|1364
18|473|874|1365
18|473|875|1366
18|473|876|1367
18|473|877|1368
18|474|877|1369
18|474|878|1370
19|474|878|1371
19|474|879|1372
19|474|880|1373
19|474|881|1374
19|474|882|1375
19|474|883|1376
19|474|884|1377
19|474|885|1378
19|474|886|1379
19|475|886|1380
19|475|887|1381
19|476|887|1382
19|476|888|1383
19|477|888|1384
19|477|889|1385
19|478|889|1386
19|478|890|1387
19|479|890|1388
19|479|891|1389
19|480|891|1390
19|480|892|1391
19|481|892|1392
19|481|893|1393
19|482|893|1394
19|482|894|1395
19|483|894|1396
19|483|895|1397
19|484|895|1398
19|484|896|1399
19|485|896|1400
19|485|897|1401
19|486|897|1402
19|486|898|1403
19|487|898|1404
19|487|899|1405
19|488|899|1406
19|488|900|1407
19|489|900|1408
19|489|901|1409
19|490|901|1410
19|490|902|1411
19|491|902|1412
19|491|903|1413
19|492|903|1414
19|492|904|1415
19|492|905|1416
19|492|906|1417
19|493|906|1418
19|493|907|1419
19|494|907|1420
19|494|908|1421
19|495|908|1422
19|495|909|1423
19|496|909|1424
19|496|910|1425
19|496|911|1426
19|496|912|1427
19|497|912|1428
19|497|913|1429
19|498|913|1430
19|498|914|1431
19|499|914|1432
19|499|915|1433
19|500|915|1434
19|500|916|1435
19|501|916|1436
19|501|917|1437
19|502|917|1438
19|502|918|1439
19|503|918|1440
19|503|919|1441
19|504|919|1442
19|504|920|1443
19|505|920|1444
19|505|921|1445
19|506|921|1446
19|506|922|1447
19|507|922|1448
19|507|923|1449
19|508|923|1450
19|508|924|1451
19|508|925|1452
19|508|926|1453
19|508|927|1454
19|508|928|1455
19|508|929|1456
19|508|930|1457
19|508|931|1458
19|508|932|1459
19|508|933|1460
19|508|934|1461
19|508|935|1462
19|508|936|1463
19|508|937|1464
19|508|938|1465
19|508|939|1466
19|509|939|1467
19|509|940|1468
19|510|940|1469
19|510|941|1470
19|510|942|1471
19|510|943|1472
19|510|944|1473
19|510|945|1474
19|510|946|1475
19|510|947|1476
20|510|947|1477
20|510|948|1478
20|510|949|1479
20|510|950|1480
20|510|951|1481
20|510|952|1482
20|510|953|1483
20|510|954|1484
21|510|954|1485
21|510|955|1486
21|510|956|1487
21|511|956|1488
21|511|957|1489
21|512|957|1490
21|512|958|1491
21|513|958|1492
21|513|959|1493
21|514|959|1494
21|514|960|1495
21|515|960|1496
21|515|961|1497
21|516|961|1498
21|516|962|1499
21|517|962|1500
21|517|963|1501
21|518|963|1502
21|518|964|1503
21|519|964|1504
21|519|965|1505
21|520|965|1506
21|520|966|1507
21|521|966|1508
21|521|967|1509
21|522|967|1510
21|522|968|1511
21|523|968|1512
21|523|969|1513
21|524|969|1514
21|524|970|1515
21|525|970|1516
21|525|971|1517
21|526|971|1518
21|526|972|1519
21|527|972|1520
21|527|973|1521
21|528|973|1522
21|528|974|1523
21|529|974|1524
21|530|974|1525
21|531|974|1526
21|531|975|1527
21|532|975|1528
21|532|976|1529
21|533|976|1530
21|533|977|1531
21|534|977|1532
21|535|977|1533
21|536|977|1534
21|537|977|1535
21|538|977|1536
21|538|978|1537
21|539|978|1538
21|539|979|1539
21|540|979|1540
22|540|979|1541
22|540|980|1542
22|540|981|1543
22|541|981|1544
22|541|982|1545
22|542|982|1546
22|542|983|1547
22|542|984|1548
22|542|985|1549
22|543|985|1550
22|543|986|1551
22|544|986|1552
22|544|987|1553
22|544|988|1554
22|544|989|1555
22|544|990|1556
22|544|991|1557
22|545|991|1558
22|545|992|1559
22|545|993|1560
22|545|994|1561
22|545|995|1562
22|545|996|1563
22|545|997|1564
22|545|998|1565
22|545|999|1566
22|545|1000|1567
22|545|1001|1568
22|545|1002|1569
22|545|1003|1570
22|545|1004|1571
22|545|1005|1572
22|545|1006|1573
22|545|1007|1574
22|545|1008|1575
22|545|1009|1576
22|545|1010|1577
22|545|1011|1578
22|545|1012|1579
22|545|1013|1580
22|545|1014|1581
22|545|1015|1582
22|545|1016|1583
22|545|1017|1584
22|545|1018|1585
22|545|1019|1586
22|545|1020|1587
22|546|1020|1588
22|546|1021|1589
22|546|1022|1590
22|546|1023|1591
22|546|1024|1592
22|546|1025|1593
22|546|1026|1594
22|546|1027|1595
22|546|1028|1596
22|546|1029|1597
22|546|1030|1598
22|546|1031|1599
22|546|1032|1600
22|546|1033|1601
22|546|1034|1602
22|546|1035|1603
22|546|1036|1604
22|546|1037|1605
22|546|1038|1606
22|546|1039|1607
22|546|1040|1608
22|546|1041|1609
22|546|1042|1610
22|546|1043|1611
22|546|1044|1612
22|546|1045|1613
22|546|1046|1614
22|546|1047|1615
22|546|1048|1616
22|546|1049|1617
22|546|1050|1618
22|546|1051|1619
22|546|1052|1620
22|546|1053|1621
22|546|1054|1622
22|546|1055|1623
22|546|1056|1624
22|546|1057|1625
22|546|1058|1626
22|546|1059|1627
22|546|1060|1628
22|546|1061|1629
22|546|1062|1630
22|546|1063|1631
22|547|1063|1632
22|547|1064|1633
22|548|1064|1634
22|548|1065|1635
22|549|1065|1636
22|549|1066|1637
22|550|1066|1638
22|550|1067|1639
22|551|1067|1640
22|551|1068|1641
22|552|1068|1642
22|552|1069|1643
22|553|1069|1644
22|553|1070|1645
22|554|1070|1646
22|554|1071|1647
22|555|1071|1648
22|555|1072|1649
22|556|1072|1650
22|556|1073|1651
22|557|1073|1652
22|557|1074|1653
22|558|1074|1654
22|558|1075|1655
22|559|1075|1656
22|559|1076|1657
22|560|1076|1658
22|560|1077|1659
22|561|1077|1660
22|561|1078|1661
22|562|1078|1662
22|562|1079|1663
22|563|1079|1664
22|563|1080|1665
22|564|1080|1666
22|564|1081|1667
22|564|1082|1668
22|564|1083|1669
22|564|1084|1670
22|564|1085|1671
22|564|1086|1672
22|564|1087|1673
22|564|1088|1674
22|565|1088|1675
22|565|1089|1676
22|565|1090|1677
22|565|1091|1678
22|565|1092|1679
22|565|1093|1680
22|565|1094|1681
22|566|1094|1682
22|567|1095|1684
22|567|1096|1685
22|567|1097|1686
22|567|1098|1687
22|567|1099|1688
22|567|1100|1689
22|567|1101|1690
22|567|1102|1691
22|568|1102|1692
22|569|1102|1693
22|569|1103|1694
22|569|1104|1695
22|570|1104|1696
22|571|1104|1697
22|571|1105|1698
22|572|1105|1699
22|572|1106|1700
22|572|1107|1701
22|572|1108|1702
22|572|1109|1703
22|572|1110|1704
22|572|1111|1705
22|572|1112|1706
22|573|1112|1707
22|573|1113|1708
22|573|1114|1709
22|573|1115|1710
22|573|1116|1711
22|573|1117|1712
22|574|1117|1713
22|574|1118|1714
22|574|1119|1715
22|574|1120|1716
22|574|1121|1717
22|574|1122|1718
22|574|1123|1719
23|574|1123|1720
23|574|1124|1721
23|574|1125|1722
23|574|1126|1723
23|574|1127|1724
23|574|1128|1725
23|574|1129|1726
23|574|1130|1727
23|574|1131|1728
23|574|1132|1729
23|575|1132|1730
23|575|1133|1731
23|575|1134|1732
23|575|1135|1733
23|575|1136|1734
23|575|1137|1735
23|575|1138|1736
23|575|1139|1737
23|575|1140|1738
23|576|1140|1739
23|576|1141|1740
23|577|1141|1741
23|577|1142|1742
23|578|1142|1743
23|578|1143|1744
23|579|1143|1745
23|579|1144|1746
23|580|1144|1747
23|581|1144|1748
23|582|1144|1749
23|582|1145|1750
23|583|1145|1751
23|583|1146|1752
23|584|1146|1753
23|584|1147|1754
23|585|1147|1755
23|585|1148|1756
23|586|1148|1757
23|586|1149|1758
23|587|1149|1759
23|587|1150|1760
23|588|1150|1761
23|588|1151|1762
23|589|1151|1763
23|589|1152|1764
23|590|1152|1765
23|590|1153|1766
23|591|1153|1767
23|591|1154|1768
23|592|1154|1769
23|592|1155|1770
23|593|1155|1771
23|593|1156|1772
23|594|1156|1773
23|594|1157|1774
23|594|1158|1775
24|594|1158|1776
24|595|1158|1777
24|595|1159|1778
24|596|1159|1779
24|596|1160|1780
24|597|1160|1781
24|597|1161|1782
24|597|1162|1783
24|597|1163|1784
24|598|1163|1785
24|598|1164|1786
24|599|1164|1787
24|599|1165|1788
24|600|1165|1789
24|600|1166|1790
24|600|1167|1791
24|600|1168|1792
24|601|1168|1793
24|601|1169|1794
24|602|1169|1795
24|602|1170|1796
24|603|1170|1797
24|603|1171|1798
24|604|1171|1799
24|604|1172|1800
24|605|1172|1801
25|605|1172|1802
25|606|1172|1803
25|606|1173|1804
25|607|1173|1805
25|607|1174|1806
25|608|1174|1807
25|608|1175|1808
25|609|1175|1809
26|609|1175|1810
26|610|1175|1811
26|610|1176|1812
26|611|1176|1813
26|611|1177|1814
26|612|1177|1815
26|612|1178|1816
26|613|1178|1817
26|613|1179|1818
26|614|1179|1819
26|614|1180|1820
26|615|1180|1821
26|615|1181|1822
26|616|1181|1823
26|616|1182|1824
26|617|1182|1825
26|617|1183|1826
26|618|1183|1827
26|618|1184|1828
26|619|1184|1829
26|619|1185|1830
26|620|1185|1831
26|620|1186|1832
26|621|1186|1833
26|621|1187|1834
26|622|1187|1835
26|622|1188|1836
26|623|1188|1837
26|623|1189|1838
26|624|1189|1839
26|624|1190|1840
26|625|1190|1841
26|625|1191|1842
26|626|1191|1843
26|626|1192|1844
26|627|1192|1845
26|627|1193|1846
26|628|1193|1847
26|628|1194|1848
26|629|1194|1849
26|629|1195|1850
26|630|1195|1851
26|630|1196|1852
26|631|1196|1853
26|631|1197|1854
26|632|1197|1855
26|632|1198|1856
26|633|1198|1857
26|633|1199|1858
26|634|1199|1859
26|634|1200|1860
26|635|1200|1861
26|635|1201|1862
26|636|1201|1863
26|636|1202|1864
26|637|1202|1865
26|637|1203|1866
26|638|1203|1867
26|638|1204|1868
26|639|1204|1869
26|639|1205|1870
26|640|1205|1871
26|640|1206|1872
26|641|1206|1873
26|642|1206|1874
26|643|1206|1875
26|643|1207|1876
26|644|1207|1877
26|644|1208|1878
26|645|1208|1879
26|645|1209|1880
26|646|1209|1881
26|647|1209|1882
26|647|1210|1883
26|648|1210|1884
26|648|1211|1885
26|648|1212|1886
26|648|1213|1887
27|648|1213|1888
27|649|1213|1889
27|649|1214|1890
27|650|1214|1891
28|650|1214|1892
28|650|1215|1893
29|650|1215|1894
29|650|1216|1895
29|650|1217|1896
29|651|1217|1897
29|652|1217|1898
29|652|1218|1899
29|652|1219|1900
29|652|1220|1901
29|652|1221|1902
29|652|1222|1903
29|652|1223|1904
29|652|1224|1905
30|652|1224|1906
30|652|1225|1907
30|652|1226|1908
30|652|1227|1909
30|653|1227|1910
30|653|1228|1911
31|653|1228|1912
31|653|1229|1913
31|653|1230|1914
31|654|1230|1915
31|654|1231|1916
31|654|1232|1917
31|654|1233|1918
31|655|1233|1919
31|655|1234|1920
31|656|1234|1921
31|656|1235|1922
31|657|1235|1923
31|657|1236|1924
31|658|1236|1925
31|658|1237|1926
31|659|1237|1927
31|659|1238|1928
31|660|1238|1929
31|661|1238|1930
31|662|1238|1931
31|662|1239|1932
31|663|1239|1933
31|664|1239|1934
31|665|1239|1935
31|666|1239|1936
31|667|1239|1937
31|667|1240|1938
31|668|1240|1939
31|668|1241|1940
31|669|1241|1941
31|669|1242|1942
31|670|1242|1943
31|670|1243|1944
31|671|1243|1945
31|671|1244|1946
31|672|1244|1947
31|672|1245|1948
31|673|1245|1949
31|673|1246|1950
31|673|1247|1951
31|673|1248|1952
31|674|1248|1953
31|675|1248|1954
31|675|1249|1955
31|675|1250|1956
31|676|1250|1957
31|676|1251|1958
31|676|1252|1959
31|676|1253|1960
31|677|1253|1961
31|677|1254|1962
31|678|1254|1963
31|678|1255|1964
31|679|1255|1965
31|679|1256|1966
31|680|1256|1967
31|680|1257|1968
31|681|1257|1969
31|681|1258|1970
31|681|1259|1971
31|681|1260|1972
31|682|1260|1973
31|682|1261|1974
31|682|1262|1975
31|682|1263|1976
31|683|1263|1977
31|683|1264|1978
31|684|1264|1979
31|684|1265|1980
31|684|1266|1981
31|684|1267|1982
31|684|1268|1983
31|684|1269|1984
31|685|1269|1985
31|685|1270|1986
31|686|1270|1987
31|686|1271|1988
31|686|1272|1989
31|686|1273|1990
31|687|1273|1991
31|688|1273|1992
31|689|1273|1993
31|689|1274|1994
31|690|1274|1995
31|690|1275|1996
31|691|1275|1997
31|691|1276|1998
31|692|1276|1999
31|692|1277|2000
