total
0|0|1|1
0|1|1|2
1|1|1|3
1|1|2|4
2|1|2|5
2|2|2|6
3|2|2|7
3|2|3|8
3|2|4|9
3|2|5|10
3|2|6|11
3|3|6|12
3|3|7|13
3|4|7|14
3|4|8|15
3|5|8|16
3|5|9|17
3|6|9|18
3|6|10|19
3|7|10|20
3|7|11|21
3|7|12|22
3|7|13|23
3|8|13|24
3|8|14|25
3|9|14|26
3|9|15|27
3|10|15|28
3|10|16|29
3|10|17|30
3|10|18|31
3|11|18|32
3|11|19|33
3|12|19|34
3|12|20|35
3|13|20|36
3|13|21|37
3|14|21|38
3|14|22|39
3|15|22|40
3|15|23|41
3|16|23|42
3|16|24|43
3|17|24|44
3|17|25|45
3|18|25|46
3|18|26|47
3|19|26|48
3|19|27|49
3|20|27|50
3|20|28|51
3|21|28|52
3|21|29|53
3|22|29|54
3|22|30|55
3|23|30|56
3|23|31|57
3|24|31|58
3|24|32|59
3|25|32|60
3|25|33|61
3|26|33|62
3|26|34|63
3|27|34|64
3|27|35|65
3|28|35|66
3|28|36|67
3|29|36|68
3|29|37|69
3|30|37|70
3|30|38|71
3|31|38|72
3|31|39|73
3|32|39|74
3|32|40|75
3|33|40|76
3|33|41|77
3|34|41|78
3|34|42|79
3|35|42|80
3|35|43|81
3|36|43|82
3|36|44|83
3|37|44|84
3|37|45|85
3|38|45|86
3|38|46|87
3|39|46|88
3|39|47|89
3|40|47|90
3|40|48|91
3|41|48|92
4|41|48|93
4|41|49|94
4|41|50|95
4|41|51|96
4|41|52|97
4|41|53|98
4|41|54|99
4|42|54|100
5|42|54|101
5|43|54|102
5|43|55|103
5|43|56|104
5|43|57|105
5|43|58|106
5|43|59|107
5|44|59|108
5|44|60|109
5|45|60|110
5|45|61|111
5|46|61|112
6|46|61|113
6|47|61|114
6|47|62|115
6|48|62|116
6|48|63|117
6|49|63|118
6|49|64|119
6|50|64|120
6|50|65|121
6|51|65|122
6|51|66|123
6|52|66|124
6|52|67|125
6|53|67|126
6|53|68|127
6|54|68|128
6|54|69|129
6|55|69|130
6|55|70|131
6|56|70|132
6|56|71|133
6|57|71|134
6|57|72|135
6|58|72|136
6|58|73|137
6|59|73|138
6|59|74|139
6|60|74|140
6|60|75|141
6|61|75|142
6|61|76|143
6|62|76|144
6|62|77|145
6|63|77|146
6|63|78|147
6|64|78|148
6|64|79|149
6|65|79|150
6|65|80|151
6|66|80|152
6|66|81|153
6|67|81|154
6|67|82|155
6|68|82|156
6|68|83|157
6|69|83|158
6|69|84|159
6|70|84|160
6|70|85|161
6|71|85|162
6|71|86|163
6|72|86|164
7|72|86|165
7|72|87|166
7|72|88|167
7|73|88|168
7|73|89|169
7|74|89|170
7|74|90|171
7|75|90|172
7|75|91|173
7|75|92|174
7|75|93|175
7|76|93|176
7|76|94|177
7|77|94|178
7|77|95|179
7|78|95|180
7|78|96|181
7|79|96|182
7|79|97|183
7|80|97|184
7|80|98|185
7|81|98|186
7|81|99|187
7|82|99|188
7|82|100|189
7|83|100|190
7|83|101|191
7|84|101|192
7|84|102|193
7|85|102|194
7|85|103|195
7|86|103|196
7|86|104|197
7|87|104|198
7|87|105|199
7|88|105|200
7|88|106|201
7|89|106|202
7|89|107|203
7|90|107|204
7|90|108|205
7|91|108|206
7|91|109|207
7|92|109|208
7|92|110|209
7|93|110|210
7|93|111|211
7|94|111|212
7|94|112|213
7|95|112|214
7|95|113|215
7|96|113|216
7|96|114|217
7|97|114|218
7|97|115|219
7|98|115|220
7|98|116|221
7|99|116|222
7|99|117|223
7|100|117|224
7|100|118|225
7|101|118|226
7|101|119|227
7|102|119|228
7|102|120|229
7|103|120|230
7|103|121|231
7|104|121|232
7|104|122|233
7|105|122|234
7|105|123|235
7|106|123|236
7|106|124|237
7|107|124|238
7|107|125|239
7|108|125|240
7|108|126|241
7|109|126|242
7|109|127|243
7|110|127|244
7|110|128|245
7|111|128|246
7|111|129|247
7|112|129|248
7|112|130|249
7|113|130|250
7|113|131|251
7|114|131|252
7|114|132|253
7|115|132|254
7|115|133|255
7|116|133|256
7|116|134|257
7|117|134|258
7|117|135|259
7|118|135|260
7|118|136|261
7|119|136|262
7|119|137|263
7|120|137|264
7|120|138|265
7|121|138|266
7|121|139|267
7|122|139|268
7|122|140|269
7|123|140|270
7|123|141|271
7|124|141|272
7|124|142|273
7|125|142|274
7|125|143|275
7|126|143|276
7|126|144|277
7|127|144|278
7|127|145|279
7|128|145|280
7|128|146|281
7|129|146|282
7|129|147|283
7|130|147|284
7|130|148|285
7|131|148|286
7|131|149|287
7|132|149|288
7|132|150|289
7|133|150|290
7|133|151|291
7|134|151|292
7|134|152|293
7|135|152|294
7|135|153|295
7|136|153|296
7|136|154|297
7|137|154|298
7|137|155|299
7|138|155|300
7|138|156|301
7|139|156|302
7|139|157|303
7|140|157|304
7|140|158|305
7|141|158|306
7|141|159|307
7|142|159|308
7|142|160|309
7|143|160|310
7|143|161|311
7|144|161|312
7|144|162|313
7|145|162|314
7|145|163|315
7|146|163|316
8|146|163|317
8|146|164|318
8|146|165|319
8|147|165|320
8|147|166|321
8|148|166|322
8|148|167|323
8|149|167|324
8|149|168|325
8|150|168|326
8|150|169|327
8|151|169|328
8|151|170|329
8|152|170|330
8|152|171|331
8|153|171|332
8|153|172|333
8|154|172|334
8|154|173|335
8|154|174|336
8|154|175|337
8|155|175|338
8|155|176|339
8|156|176|340
8|156|177|341
8|157|177|342
8|157|178|343
8|157|179|344
8|157|180|345
8|158|180|346
8|158|181|347
8|159|181|348
8|159|182|349
8|160|182|350
8|160|183|351
8|160|184|352
8|160|185|353
8|161|185|354
8|161|186|355
8|162|186|356
8|162|187|357
8|162|188|358
8|162|189|359
8|163|189|360
8|163|190|361
8|163|191|362
8|163|192|363
8|164|192|364
8|164|193|365
8|165|193|366
8|165|194|367
8|166|194|368
8|166|195|369
8|167|195|370
8|167|196|371
8|168|196|372
8|168|197|373
8|169|197|374
8|169|198|375
8|170|198|376
8|170|199|377
8|171|199|378
8|171|200|379
8|172|200|380
8|172|201|381
8|173|201|382
8|173|202|383
8|174|202|384
8|174|203|385
8|175|203|386
8|175|204|387
8|176|204|388
8|176|205|389
8|177|205|390
8|177|206|391
8|178|206|392
8|178|207|393
8|179|207|394
8|179|208|395
8|180|208|396
8|180|209|397
8|181|209|398
8|181|210|399
8|182|210|400
8|182|211|401
8|183|211|402
8|183|212|403
8|184|212|404
8|184|213|405
8|185|213|406
8|185|214|407
8|186|214|408
8|186|215|409
8|187|215|410
8|187|216|411
8|188|216|412
8|188|217|413
8|189|217|414
8|189|218|415
8|190|218|416
8|190|219|417
8|191|219|418
8|191|220|419
8|192|220|420
8|192|221|421
8|193|221|422
9|193|221|423
9|194|221|424
9|194|222|425
9|195|222|426
9|195|223|427
9|196|223|428
9|196|224|429
9|197|224|430
9|197|225|431
9|198|225|432
9|198|226|433
9|199|226|434
9|199|227|435
9|200|227|436
9|200|228|437
9|201|228|438
9|201|229|439
9|202|229|440
9|202|230|441
9|203|230|442
9|203|231|443
9|204|231|444
9|204|232|445
9|205|232|446
9|205|233|447
9|206|233|448
9|206|234|449
9|207|234|450
9|207|235|451
9|208|235|452
9|208|236|453
9|209|236|454
9|209|237|455
9|210|237|456
9|210|238|457
9|211|238|458
9|211|239|459
9|212|239|460
9|212|240|461
9|213|240|462
9|213|241|463
9|214|241|464
9|214|242|465
9|215|242|466
9|215|243|467
9|216|243|468
9|216|244|469
9|217|244|470
9|217|245|471
9|218|245|472
9|218|246|473
9|219|246|474
9|219|247|475
9|220|247|476
9|220|248|477
9|221|248|478
9|221|249|479
9|222|249|480
9|222|250|481
9|223|250|482
9|223|251|483
9|224|251|484
9|224|252|485
9|225|252|486
9|225|253|487
9|226|253|488
9|226|254|489
9|227|254|490
9|227|255|491
9|228|255|492
9|228|256|493
9|229|256|494
9|229|257|495
9|230|257|496
9|230|258|497
9|231|258|498
9|231|259|499
9|232|259|500
9|232|260|501
9|233|260|502
9|233|261|503
9|234|261|504
9|234|262|505
9|235|262|506
9|235|263|507
9|236|263|508
9|236|264|509
9|237|264|510
9|237|265|511
9|238|265|512
9|238|266|513
9|239|266|514
9|239|267|515
9|239|268|516
9|239|269|517
9|239|270|518
9|239|271|519
9|240|271|520
9|240|272|521
9|240|273|522
9|240|274|523
9|240|275|524
9|240|276|525
9|241|276|526
10|241|276|527
10|242|276|528
10|242|277|529
10|242|278|530
11|242|278|531
11|242|279|532
12|242|279|533
12|242|280|534
13|242|280|535
13|242|281|536
14|242|281|537
14|243|281|538
14|243|282|539
14|243|283|540
14|243|284|541
14|244|284|542
15|244|284|543
15|244|285|544
16|244|285|545
16|244|286|546
17|244|286|547
17|244|287|548
17|244|288|549
17|244|289|550
17|244|290|551
17|245|290|552
17|245|291|553
17|246|291|554
17|246|292|555
17|247|292|556
17|247|293|557
17|248|293|558
17|248|294|559
17|249|294|560
17|249|295|561
17|250|295|562
17|250|296|563
17|251|296|564
17|251|297|565
17|252|297|566
17|252|298|567
17|253|298|568
17|253|299|569
17|254|299|570
17|254|300|571
17|255|300|572
17|255|301|573
17|256|301|574
17|256|302|575
17|257|302|576
17|257|303|577
17|258|303|578
17|258|304|579
17|259|304|580
17|259|305|581
17|260|305|582
17|260|306|583
17|261|306|584
17|261|307|585
17|262|307|586
17|262|308|587
17|262|309|588
17|262|310|589
17|263|310|590
17|263|311|591
17|264|311|592
17|264|312|593
17|265|312|594
17|265|313|595
17|266|313|596
17|266|314|597
17|266|315|598
17|266|316|599
17|267|316|600
17|267|317|601
17|268|317|602
17|268|318|603
17|268|319|604
17|268|320|605
17|269|320|606
17|269|321|607
17|270|321|608
17|270|322|609
17|271|322|610
17|271|323|611
17|272|323|612
17|272|324|613
17|273|324|614
17|273|325|615
17|274|325|616
17|274|326|617
17|275|326|618
17|275|327|619
17|275|328|620
17|275|329|621
17|276|329|622
17|276|330|623
17|277|330|624
17|277|331|625
17|278|331|626
17|278|332|627
17|279|332|628
17|279|333|629
17|280|333|630
17|280|334|631
17|281|334|632
17|281|335|633
17|282|335|634
17|282|336|635
17|283|336|636
17|283|337|637
17|284|337|638
17|284|338|639
17|285|338|640
17|285|339|641
17|286|339|642
17|286|340|643
17|287|340|644
17|287|341|645
17|288|341|646
17|288|342|647
17|289|342|648
17|289|343|649
17|290|343|650
17|290|344|651
17|291|344|652
17|291|345|653
17|292|345|654
17|292|346|655
17|293|346|656
17|293|347|657
17|294|347|658
17|294|348|659
17|294|349|660
18|294|349|661
18|294|350|662
18|294|351|663
18|294|352|664
19|294|352|665
19|294|353|666
19|294|354|667
19|294|355|668
19|294|356|669
19|294|357|670
20|294|357|671
20|294|358|672
20|294|359|673
20|294|360|674
20|294|361|675
20|294|362|676
20|294|363|677
20|294|364|678
20|294|365|679
20|295|365|680
21|295|365|681
21|295|366|682
21|295|367|683
21|295|368|684
22|295|368|685
22|295|369|686
23|295|369|687
23|295|370|688
23|295|371|689
23|295|372|690
24|295|372|691
24|295|373|692
24|295|374|693
24|295|375|694
24|295|376|695
24|296|376|696
24|296|377|697
24|297|377|698
24|297|378|699
24|298|378|700
24|298|379|701
24|299|379|702
24|299|380|703
24|300|380|704
24|300|381|705
24|301|381|706
24|301|382|707
24|302|382|708
24|302|383|709
24|303|383|710
24|303|384|711
24|304|384|712
24|304|385|713
24|305|385|714
24|305|386|715
24|306|386|716
24|306|387|717
24|307|387|718
24|307|388|719
24|308|388|720
24|308|389|721
24|309|389|722
24|309|390|723
24|310|390|724
24|310|391|725
24|311|391|726
24|311|392|727
24|312|392|728
24|312|393|729
24|313|393|730
24|313|394|731
24|314|394|732
24|314|395|733
24|315|395|734
24|315|396|735
24|316|396|736
24|316|397|737
24|317|397|738
24|317|398|739
24|318|398|740
24|318|399|741
24|319|399|742
24|319|400|743
24|320|400|744
24|320|401|745
24|321|401|746
24|321|402|747
24|322|402|748
24|322|403|749
24|323|403|750
24|323|404|751
24|324|404|752
24|324|405|753
24|325|405|754
24|325|406|755
24|326|406|756
24|326|407|757
24|327|407|758
24|328|407|759
24|329|407|760
24|329|408|761
24|330|408|762
24|330|409|763
24|331|409|764
24|331|410|765
24|332|410|766
24|332|411|767
24|332|412|768
24|332|413|769
24|332|414|770
24|332|415|771
24|332|416|772
24|332|417|773
24|333|417|774
24|333|418|775
24|334|418|776
25|334|418|777
25|334|419|778
25|334|420|779
25|334|421|780
25|334|422|781
25|334|423|782
25|334|424|783
25|335|424|784
25|335|425|785
25|335|426|786
25|335|427|787
25|335|428|788
25|335|429|789
25|336|429|790
25|336|430|791
25|337|430|792
25|337|431|793
25|337|432|794
25|337|433|795
25|337|434|796
25|337|435|797
25|338|435|798
25|338|436|799
25|339|436|800
25|339|437|801
25|339|438|802
25|339|439|803
25|340|439|804
25|340|440|805
25|341|440|806
25|341|441|807
25|342|441|808
25|342|442|809
25|343|442|810
25|343|443|811
25|344|443|812
25|344|444|813
25|345|444|814
25|345|445|815
25|346|445|816
25|346|446|817
25|347|446|818
25|347|447|819
25|348|447|820
25|348|448|821
25|349|448|822
25|349|449|823
25|350|449|824
25|350|450|825
25|351|450|826
25|351|451|827
25|352|451|828
25|352|452|829
25|353|452|830
25|353|453|831
25|354|453|832
25|354|454|833
25|355|454|834
25|355|455|835
25|356|455|836
25|356|456|837
25|357|456|838
25|357|457|839
25|357|458|840
25|357|459|841
25|358|459|842
25|358|460|843
25|359|460|844
25|359|461|845
25|360|461|846
25|360|462|847
25|361|462|848
25|361|463|849
25|361|464|850
25|361|465|851
25|362|465|852
25|362|466|853
25|363|466|854
25|363|467|855
25|364|467|856
26|364|467|857
26|364|468|858
26|364|469|859
26|365|469|860
26|365|470|861
26|366|470|862
26|366|471|863
26|367|471|864
26|367|472|865
26|368|472|866
26|368|473|867
26|369|473|868
26|369|474|869
26|370|474|870
26|370|475|871
26|371|475|872
26|371|476|873
26|372|476|874
26|372|477|875
26|373|477|876
26|373|478|877
26|374|478|878
26|374|479|879
26|375|479|880
26|375|480|881
26|376|480|882
26|376|481|883
26|377|481|884
26|377|482|885
26|378|482|886
26|378|483|887
26|379|483|888
26|379|484|889
26|380|484|890
26|380|485|891
26|381|485|892
26|381|486|893
26|382|486|894
26|382|487|895
26|383|487|896
26|383|488|897
26|384|488|898
26|384|489|899
26|385|489|900
26|385|490|901
26|386|490|902
26|386|491|903
26|387|491|904
26|387|492|905
26|388|492|906
26|388|493|907
26|389|493|908
26|389|494|909
26|389|495|910
26|389|496|911
26|390|496|912
26|390|497|913
26|391|497|914
26|391|498|915
26|392|498|916
26|392|499|917
26|393|499|918
26|393|500|919
26|394|500|920
26|394|501|921
26|395|501|922
26|395|502|923
26|396|502|924
26|396|503|925
26|397|503|926
26|397|504|927
26|398|504|928
26|398|505|929
26|399|505|930
26|399|506|931
26|400|506|932
26|400|507|933
26|401|507|934
26|401|508|935
26|402|508|936
26|402|509|937
26|403|509|938
26|403|510|939
26|404|510|940
26|404|511|941
26|405|511|942
26|405|512|943
26|406|512|944
26|406|513|945
26|407|513|946
26|407|514|947
26|408|514|948
26|408|515|949
26|409|515|950
26|409|516|951
26|410|516|952
26|410|517|953
26|411|517|954
26|411|518|955
26|412|518|956
26|412|519|957
26|413|519|958
26|413|520|959
26|414|520|960
26|414|521|961
26|415|521|962
26|415|522|963
26|416|522|964
26|416|523|965
26|417|523|966
26|417|524|967
26|418|524|968
26|418|525|969
26|419|525|970
26|419|526|971
26|420|526|972
26|420|527|973
26|421|527|974
26|421|528|975
26|422|528|976
26|422|529|977
26|423|529|978
26|423|530|979
26|424|530|980
26|424|531|981
26|425|531|982
26|425|532|983
26|426|532|984
26|426|533|985
26|427|533|986
26|427|534|987
26|428|534|988
26|428|535|989
26|429|535|990
26|429|536|991
26|430|536|992
26|430|537|993
26|431|537|994
26|431|538|995
26|432|538|996
26|432|539|997
26|433|539|998
26|433|540|999
26|434|540|1000
27|434|540|1001
27|435|540|1002
27|435|541|1003
27|436|541|1004
27|436|542|1005
27|437|542|1006
27|437|543|1007
27|438|543|1008
27|438|544|1009
27|439|544|1010
27|439|545|1011
27|440|545|1012
27|440|546|1013
27|441|546|1014
27|441|547|1015
27|442|547|1016
27|442|548|1017
27|443|548|1018
27|443|549|1019
27|444|549|1020
27|444|550|1021
27|445|550|1022
27|445|551|1023
27|446|551|1024
27|446|552|1025
27|447|552|1026
28|447|552|1027
28|447|553|1028
28|447|554|1029
28|448|554|1030
28|448|555|1031
28|449|555|1032
28|449|556|1033
28|450|556|1034
28|450|557|1035
28|450|558|1036
28|450|559|1037
28|451|559|1038
28|451|560|1039
28|452|560|1040
28|452|561|1041
28|452|562|1042
28|452|563|1043
28|453|563|1044
28|453|564|1045
28|454|564|1046
28|454|565|1047
28|455|565|1048
28|455|566|1049
28|456|566|1050
28|456|567|1051
28|457|567|1052
28|457|568|1053
28|458|568|1054
28|458|569|1055
28|459|569|1056
28|459|570|1057
28|460|570|1058
28|460|571|1059
28|461|571|1060
28|461|572|1061
28|462|572|1062
29|462|572|1063
29|463|572|1064
29|463|573|1065
29|464|573|1066
29|464|574|1067
29|465|574|1068
29|465|575|1069
29|466|575|1070
29|466|576|1071
29|467|576|1072
29|467|577|1073
29|468|577|1074
29|468|578|1075
29|469|578|1076
29|469|579|1077
29|470|579|1078
29|470|580|1079
29|471|580|1080
29|471|581|1081
29|472|581|1082
29|472|582|1083
29|473|582|1084
29|473|583|1085
29|474|583|1086
29|474|584|1087
29|475|584|1088
29|475|585|1089
29|476|585|1090
29|476|586|1091
29|477|586|1092
29|477|587|1093
29|478|587|1094
29|478|588|1095
29|479|588|1096
29|479|589|1097
29|480|589|1098
29|480|590|1099
29|481|590|1100
29|481|591|1101
29|482|591|1102
29|482|592|1103
29|483|592|1104
29|483|593|1105
29|484|593|1106
29|484|594|1107
29|485|594|1108
29|485|595|1109
29|486|595|1110
29|486|596|1111
29|487|596|1112
29|487|597|1113
29|487|598|1114
29|487|599|1115
29|488|599|1116
29|488|600|1117
29|489|600|1118
29|489|601|1119
29|490|601|1120
29|490|602|1121
29|491|602|1122
29|491|603|1123
29|492|603|1124
29|492|604|1125
29|493|604|1126
29|493|605|1127
29|494|605|1128
29|494|606|1129
29|495|606|1130
29|495|607|1131
29|496|607|1132
29|496|608|1133
29|497|608|1134
29|497|609|1135
29|498|609|1136
29|498|610|1137
29|499|610|1138
29|499|611|1139
29|500|611|1140
29|500|612|1141
29|501|612|1142
29|501|613|1143
29|502|613|1144
29|502|614|1145
29|503|614|1146
29|503|615|1147
29|504|615|1148
29|504|616|1149
29|505|616|1150
29|505|617|1151
29|506|617|1152
29|506|618|1153
29|507|618|1154
29|507|619|1155
29|508|619|1156
29|508|620|1157
29|509|620|1158
29|509|621|1159
29|510|621|1160
29|510|622|1161
29|511|622|1162
29|511|623|1163
29|512|623|1164
29|512|624|1165
29|513|624|1166
29|513|625|1167
29|514|625|1168
29|514|626|1169
29|515|626|1170
29|515|627|1171
29|516|627|1172
29|516|628|1173
29|517|628|1174
29|517|629|1175
29|518|629|1176
29|518|630|1177
29|519|630|1178
29|519|631|1179
29|520|631|1180
29|520|632|1181
29|521|632|1182
29|521|633|1183
29|522|633|1184
29|522|634|1185
29|523|634|1186
29|523|635|1187
29|524|635|1188
29|524|636|1189
29|525|636|1190
29|525|637|1191
29|526|637|1192
29|526|638|1193
29|527|638|1194
29|527|639|1195
29|528|639|1196
29|528|640|1197
29|529|640|1198
30|529|640|1199
30|529|641|1200
30|529|642|1201
30|530|642|1202
31|530|642|1203
31|530|643|1204
32|530|643|1205
32|530|644|1206
33|530|644|1207
33|530|645|1208
34|530|645|1209
34|530|646|1210
35|530|646|1211
35|530|647|1212
35|530|648|1213
35|531|648|1214
35|531|649|1215
35|531|650|1216
35|531|651|1217
35|532|651|1218
36|532|651|1219
36|532|652|1220
37|532|652|1221
37|532|653|1222
38|532|653|1223
38|533|653|1224
39|533|653|1225
39|533|654|1226
39|533|655|1227
39|534|655|1228
39|534|656|1229
39|534|657|1230
40|534|657|1231
40|534|658|1232
41|534|658|1233
41|534|659|1234
41|534|660|1235
41|535|660|1236
41|535|661|1237
41|536|661|1238
41|536|662|1239
41|537|662|1240
41|537|663|1241
41|538|663|1242
41|538|664|1243
41|539|664|1244
41|539|665|1245
41|540|665|1246
41|540|666|1247
41|541|666|1248
41|541|667|1249
41|542|667|1250
41|542|668|1251
41|543|668|1252
41|543|669|1253
41|544|669|1254
41|544|670|1255
41|545|670|1256
41|545|671|1257
41|546|671|1258
41|546|672|1259
41|547|672|1260
41|547|673|1261
41|548|673|1262
41|548|674|1263
41|549|674|1264
41|549|675|1265
41|550|675|1266
41|550|676|1267
41|551|676|1268
41|551|677|1269
41|552|677|1270
41|552|678|1271
41|553|678|1272
41|553|679|1273
41|554|679|1274
41|554|680|1275
41|555|680|1276
41|555|681|1277
41|556|681|1278
41|556|682|1279
41|557|682|1280
41|557|683|1281
41|558|683|1282
41|558|684|1283
41|559|684|1284
41|559|685|1285
41|560|685|1286
41|560|686|1287
41|560|687|1288
41|560|688|1289
41|561|688|1290
41|561|689|1291
41|562|689|1292
41|562|690|1293
41|563|690|1294
41|563|691|1295
41|564|691|1296
41|564|692|1297
41|565|692|1298
41|565|693|1299
41|566|693|1300
41|566|694|1301
41|567|694|1302
41|567|695|1303
41|568|695|1304
41|568|696|1305
41|569|696|1306
41|569|697|1307
41|570|697|1308
41|570|698|1309
41|571|698|1310
41|571|699|1311
41|572|699|1312
41|572|700|1313
41|573|700|1314
41|573|701|1315
41|574|701|1316
41|574|702|1317
41|575|702|1318
41|575|703|1319
41|576|703|1320
41|576|704|1321
41|577|704|1322
41|577|705|1323
41|578|705|1324
41|578|706|1325
41|579|706|1326
41|579|707|1327
41|580|707|1328
41|580|708|1329
41|581|708|1330
41|581|709|1331
41|582|709|1332
41|582|710|1333
41|583|710|1334
41|583|711|1335
41|584|711|1336
41|584|712|1337
41|585|712|1338
41|585|713|1339
41|586|713|1340
41|586|714|1341
41|587|714|1342
41|587|715|1343
41|587|716|1344
41|587|717|1345
41|587|718|1346
41|587|719|1347
41|587|720|1348
41|587|721|1349
41|587|722|1350
41|587|723|1351
41|587|724|1352
41|587|725|1353
41|587|726|1354
42|587|726|1355
42|587|727|1356
42|587|728|1357
42|587|729|1358
42|587|730|1359
42|587|731|1360
42|587|732|1361
42|588|732|1362
42|588|733|1363
42|588|734|1364
43|588|734|1365
43|588|735|1366
44|588|735|1367
44|588|736|1368
44|588|737|1369
44|588|738|1370
45|588|738|1371
45|588|739|1372
46|588|739|1373
46|588|740|1374
47|588|740|1375
47|588|741|1376
47|588|742|1377
47|589|742|1378
47|589|743|1379
47|590|743|1380
47|590|744|1381
47|591|744|1382
47|591|745|1383
47|592|745|1384
47|592|746|1385
47|593|746|1386
47|593|747|1387
47|594|747|1388
47|594|748|1389
47|595|748|1390
47|595|749|1391
47|596|749|1392
47|596|750|1393
47|597|750|1394
47|597|751|1395
47|598|751|1396
47|598|752|1397
47|599|752|1398
47|599|753|1399
47|600|753|1400
47|600|754|1401
47|601|754|1402
47|601|755|1403
47|602|755|1404
47|602|756|1405
47|603|756|1406
47|603|757|1407
47|604|757|1408
47|604|758|1409
47|605|758|1410
47|605|759|1411
47|606|759|1412
47|606|760|1413
47|607|760|1414
47|607|761|1415
47|608|761|1416
47|608|762|1417
47|609|762|1418
47|609|763|1419
47|610|763|1420
47|610|764|1421
47|611|764|1422
47|611|765|1423
47|612|765|1424
47|612|766|1425
47|613|766|1426
47|613|767|1427
47|614|767|1428
47|614|768|1429
47|615|768|1430
47|615|769|1431
47|616|769|1432
47|616|770|1433
47|616|771|1434
47|616|772|1435
47|617|772|1436
47|617|773|1437
47|618|773|1438
47|618|774|1439
47|619|774|1440
47|619|775|1441
47|620|775|1442
47|620|776|1443
47|621|776|1444
47|621|777|1445
47|622|777|1446
47|622|778|1447
47|623|778|1448
47|623|779|1449
47|624|779|1450
47|624|780|1451
47|624|781|1452
48|624|781|1453
48|624|782|1454
48|624|783|1455
48|625|783|1456
48|625|784|1457
48|625|785|1458
48|625|786|1459
48|626|786|1460
49|626|786|1461
49|626|787|1462
49|626|788|1463
49|626|789|1464
49|626|790|1465
49|626|791|1466
49|626|792|1467
49|626|793|1468
49|626|794|1469
49|626|795|1470
49|626|796|1471
49|627|796|1472
49|627|797|1473
49|627|798|1474
49|627|799|1475
49|628|799|1476
49|628|800|1477
49|629|800|1478
49|629|801|1479
49|630|801|1480
49|630|802|1481
49|630|803|1482
49|630|804|1483
49|630|805|1484
49|630|806|1485
49|630|807|1486
49|630|808|1487
49|631|808|1488
49|631|809|1489
49|632|809|1490
49|632|810|1491
49|633|810|1492
49|633|811|1493
49|634|811|1494
49|634|812|1495
49|635|812|1496
49|635|813|1497
49|636|813|1498
49|636|814|1499
49|637|814|1500
49|637|815|1501
49|638|815|1502
49|638|816|1503
49|639|816|1504
49|639|817|1505
49|640|817|1506
49|640|818|1507
49|641|818|1508
49|641|819|1509
49|642|819|1510
49|642|820|1511
49|643|820|1512
49|643|821|1513
49|644|821|1514
49|644|822|1515
49|645|822|1516
49|645|823|1517
49|646|823|1518
49|646|824|1519
49|647|824|1520
49|647|825|1521
49|648|825|1522
49|648|826|1523
49|649|826|1524
49|649|827|1525
49|650|827|1526
49|650|828|1527
49|651|828|1528
49|651|829|1529
49|652|829|1530
49|652|830|1531
49|653|830|1532
49|653|831|1533
49|654|831|1534
49|654|832|1535
49|655|832|1536
49|655|833|1537
49|656|833|1538
49|656|834|1539
49|657|834|1540
49|657|835|1541
49|657|836|1542
49|657|837|1543
49|658|837|1544
49|658|838|1545
49|659|838|1546
49|659|839|1547
49|659|840|1548
49|659|841|1549
49|660|841|1550
49|660|842|1551
49|661|842|1552
49|661|843|1553
49|662|843|1554
49|662|844|1555
49|663|844|1556
49|663|845|1557
49|664|845|1558
49|664|846|1559
49|665|846|1560
49|665|847|1561
49|666|847|1562
49|666|848|1563
49|667|848|1564
49|667|849|1565
49|668|849|1566
49|668|850|1567
49|669|850|1568
49|669|851|1569
49|670|851|1570
49|670|852|1571
49|671|852|1572
49|671|853|1573
49|672|853|1574
49|672|854|1575
49|673|854|1576
49|673|855|1577
49|674|855|1578
49|674|856|1579
49|675|856|1580
49|675|857|1581
49|676|857|1582
49|676|858|1583
49|677|858|1584
49|677|859|1585
49|678|859|1586
49|678|860|1587
49|679|860|1588
49|679|861|1589
49|680|861|1590
49|680|862|1591
49|681|862|1592
49|681|863|1593
49|682|863|1594
49|682|864|1595
49|683|864|1596
49|683|865|1597
49|684|865|1598
49|684|866|1599
49|685|866|1600
49|685|867|1601
49|686|867|1602
49|686|868|1603
49|687|868|1604
49|687|869|1605
49|688|869|1606
49|688|870|1607
49|689|870|1608
49|689|871|1609
49|690|871|1610
49|690|872|1611
49|691|872|1612
49|691|873|1613
49|692|873|1614
49|692|874|1615
49|693|874|1616
49|693|875|1617
49|694|875|1618
49|694|876|1619
49|695|876|1620
49|695|877|1621
49|696|877|1622
49|696|878|1623
49|697|878|1624
49|697|879|1625
49|698|879|1626
49|698|880|1627
49|699|880|1628
49|699|881|1629
49|700|881|1630
49|700|882|1631
49|701|882|1632
49|701|883|1633
49|702|883|1634
49|702|884|1635
49|703|884|1636
49|703|885|1637
49|704|885|1638
49|704|886|1639
49|705|886|1640
49|705|887|1641
49|706|887|1642
49|706|888|1643
49|707|888|1644
49|707|889|1645
49|708|889|1646
49|708|890|1647
49|709|890|1648
49|709|891|1649
49|710|891|1650
49|710|892|1651
49|711|892|1652
49|711|893|1653
49|712|893|1654
49|712|894|1655
49|713|894|1656
49|713|895|1657
49|714|895|1658
49|714|896|1659
49|715|896|1660
49|715|897|1661
49|716|897|1662
49|716|898|1663
49|717|898|1664
49|717|899|1665
49|718|899|1666
49|718|900|1667
49|719|900|1668
49|719|901|1669
49|720|901|1670
49|720|902|1671
49|721|902|1672
49|721|903|1673
49|722|903|1674
49|722|904|1675
49|723|904|1676
49|723|905|1677
49|724|905|1678
49|724|906|1679
49|725|906|1680
49|725|907|1681
49|726|907|1682
49|726|908|1683
49|727|908|1684
49|727|909|1685
49|727|910|1686
49|727|911|1687
49|728|911|1688
49|728|912|1689
49|729|912|1690
49|729|913|1691
49|730|913|1692
49|730|914|1693
49|731|914|1694
49|731|915|1695
49|732|915|1696
49|732|916|1697
49|733|916|1698
49|733|917|1699
49|733|918|1700
49|733|919|1701
49|734|919|1702
49|734|920|1703
49|734|921|1704
49|734|922|1705
49|735|922|1706
49|735|923|1707
49|736|923|1708
49|736|924|1709
49|737|924|1710
49|737|925|1711
49|738|925|1712
49|738|926|1713
49|739|926|1714
49|739|927|1715
49|739|928|1716
49|739|929|1717
49|740|929|1718
49|740|930|1719
49|740|931|1720
49|740|932|1721
49|741|932|1722
49|741|933|1723
49|742|933|1724
49|742|934|1725
49|743|934|1726
49|743|935|1727
49|744|935|1728
50|744|935|1729
50|745|935|1730
50|745|936|1731
50|746|936|1732
50|746|937|1733
50|747|937|1734
50|747|938|1735
50|747|939|1736
50|747|940|1737
50|748|940|1738
50|748|941|1739
50|749|941|1740
50|749|942|1741
50|750|942|1742
50|751|943|1744
50|752|943|1745
50|752|944|1746
50|753|944|1747
50|753|945|1748
50|754|945|1749
50|754|946|1750
50|755|946|1751
50|755|947|1752
50|756|947|1753
50|756|948|1754
50|757|948|1755
50|757|949|1756
50|758|949|1757
50|758|950|1758
50|759|950|1759
50|759|951|1760
50|760|951|1761
50|760|952|1762
50|761|952|1763
50|761|953|1764
50|762|953|1765
50|762|954|1766
50|763|954|1767
50|763|955|1768
50|764|955|1769
50|764|956|1770
50|765|956|1771
50|765|957|1772
50|766|957|1773
50|766|958|1774
50|767|958|1775
50|767|959|1776
50|768|959|1777
50|768|960|1778
50|769|960|1779
50|769|961|1780
50|770|961|1781
50|770|962|1782
50|771|962|1783
50|771|963|1784
50|772|963|1785
50|772|964|1786
50|772|965|1787
50|772|966|1788
50|773|966|1789
50|773|967|1790
50|774|967|1791
51|774|967|1792
51|775|967|1793
51|775|968|1794
51|775|969|1795
51|775|970|1796
51|776|970|1797
51|776|971|1798
51|777|971|1799
51|777|972|1800
51|778|972|1801
51|778|973|1802
51|779|973|1803
51|779|974|1804
51|780|974|1805
51|780|975|1806
51|781|975|1807
51|781|976|1808
51|782|976|1809
51|782|977|1810
51|783|977|1811
51|783|978|1812
51|784|978|1813
51|784|979|1814
51|785|979|1815
51|785|980|1816
51|786|980|1817
51|786|981|1818
51|787|981|1819
51|787|982|1820
51|788|982|1821
51|788|983|1822
51|789|983|1823
51|789|984|1824
51|790|984|1825
51|790|985|1826
51|791|985|1827
51|791|986|1828
51|792|986|1829
51|792|987|1830
51|793|987|1831
51|793|988|1832
51|794|988|1833
51|794|989|1834
51|795|989|1835
51|795|990|1836
51|796|990|1837
51|796|991|1838
51|797|991|1839
51|797|992|1840
51|798|992|1841
51|798|993|1842
51|799|993|1843
51|799|994|1844
51|800|994|1845
51|800|995|1846
51|801|995|1847
51|801|996|1848
51|802|996|1849
51|802|997|1850
51|803|997|1851
51|803|998|1852
51|804|998|1853
51|804|999|1854
51|805|999|1855
51|805|1000|1856
51|806|1000|1857
51|806|1001|1858
51|807|1001|1859
51|807|1002|1860
51|808|1002|1861
51|808|1003|1862
51|809|1003|1863
51|809|1004|1864
51|810|1004|1865
51|810|1005|1866
51|811|1005|1867
51|811|1006|1868
51|812|1006|1869
51|812|1007|1870
51|813|1007|1871
51|813|1008|1872
51|814|1008|1873
51|814|1009|1874
51|815|1009|1875
51|815|1010|1876
51|816|1010|1877
51|816|1011|1878
51|817|1011|1879
51|817|1012|1880
51|818|1012|1881
51|818|1013|1882
51|818|1014|1883
52|818|1014|1884
52|818|1015|1885
53|818|1015|1886
53|819|1015|1887
53|819|1016|1888
53|819|1017|1889
53|819|1018|1890
53|819|1019|1891
53|819|1020|1892
53|820|1020|1893
53|820|1021|1894
53|820|1022|1895
54|820|1022|1896
54|820|1023|1897
54|820|1024|1898
54|820|1025|1899
54|820|1026|1900
54|820|1027|1901
55|820|1027|1902
55|820|1028|1903
55|820|1029|1904
55|821|1029|1905
55|821|1030|1906
55|822|1030|1907
55|822|1031|1908
55|822|1032|1909
56|822|1032|1910
56|822|1033|1911
57|822|1033|1912
57|822|1034|1913
58|822|1034|1914
58|822|1035|1915
59|822|1035|1916
59|822|1036|1917
60|822|1036|1918
60|823|1036|1919
60|823|1037|1920
60|824|1037|1921
60|824|1038|1922
60|825|1038|1923
60|825|1039|1924
60|826|1039|1925
60|826|1040|1926
60|827|1040|1927
60|827|1041|1928
60|828|1041|1929
60|828|1042|1930
60|829|1042|1931
60|829|1043|1932
60|830|1043|1933
60|830|1044|1934
60|831|1044|1935
60|831|1045|1936
60|832|1045|1937
60|832|1046|1938
60|833|1046|1939
60|833|1047|1940
60|834|1047|1941
60|834|1048|1942
60|835|1048|1943
60|835|1049|1944
60|836|1049|1945
60|836|1050|1946
60|837|1050|1947
60|837|1051|1948
60|838|1051|1949
60|838|1052|1950
60|839|1052|1951
60|839|1053|1952
60|840|1053|1953
60|840|1054|1954
60|840|1055|1955
60|840|1056|1956
60|841|1056|1957
60|841|1057|1958
60|841|1058|1959
60|841|1059|1960
60|842|1059|1961
60|842|1060|1962
60|843|1060|1963
60|843|1061|1964
60|843|1062|1965
60|843|1063|1966
60|844|1063|1967
60|844|1064|1968
60|845|1064|1969
60|845|1065|1970
60|845|1066|1971
60|845|1067|1972
60|846|1067|1973
60|846|1068|1974
60|846|1069|1975
60|846|1070|1976
60|847|1070|1977
60|847|1071|1978
60|848|1071|1979
60|848|1072|1980
60|849|1072|1981
60|849|1073|1982
60|850|1073|1983
60|850|1074|1984
60|851|1074|1985
60|851|1075|1986
60|852|1075|1987
60|852|1076|1988
60|853|1076|1989
60|853|1077|1990
60|854|1077|1991
60|854|1078|1992
60|855|1078|1993
60|855|1079|1994
60|856|1079|1995
60|856|1080|1996
60|857|1080|1997
60|857|1081|1998
60|858|1081|1999
60|858|1082|2000
