total
0|1|0|1
0|2|0|2
0|3|0|3
0|3|1|4
0|4|2|6
0|4|3|7
0|5|3|8
0|5|4|9
0|5|5|10
0|5|6|11
0|5|7|12
0|5|8|13
1|5|8|14
2|5|8|15
2|6|8|16
2|7|8|17
2|7|9|18
2|8|9|19
2|8|10|20
2|8|11|21
2|9|11|22
2|9|12|23
2|9|13|24
2|9|14|25
2|9|15|26
2|9|16|27
3|9|16|28
3|9|17|29
3|10|17|30
3|11|17|31
3|11|18|32
3|12|18|33
3|12|19|34
3|12|20|35
3|13|20|36
3|13|21|37
3|14|21|38
3|14|22|39
3|15|22|40
3|15|23|41
3|16|23|42
3|16|24|43
3|17|24|44
3|17|25|45
3|18|25|46
3|18|26|47
3|19|26|48
3|19|27|49
3|20|27|50
3|20|28|51
3|21|28|52
3|21|29|53
3|22|29|54
3|22|30|55
3|23|30|56
3|23|31|57
3|24|31|58
3|24|32|59
4|24|32|60
4|24|33|61
5|24|33|62
5|25|33|63
5|25|34|64
5|25|35|65
6|25|35|66
6|26|35|67
6|26|36|68
6|27|36|69
6|27|37|70
6|27|38|71
6|28|38|72
6|28|39|73
7|28|39|74
7|28|40|75
7|29|40|76
7|29|41|77
7|29|42|78
7|29|43|79
7|29|44|80
7|30|44|81
7|30|45|82
7|31|45|83
7|31|46|84
7|32|46|85
7|32|47|86
7|33|47|87
7|33|48|88
7|33|49|89
7|33|50|90
7|33|51|91
7|33|52|92
7|33|53|93
7|33|54|94
7|34|54|95
7|34|55|96
7|34|56|97
7|34|57|98
7|35|57|99
7|35|58|100
7|36|58|101
7|36|59|102
7|37|59|103
7|37|60|104
7|37|61|105
7|37|62|106
7|37|63|107
7|37|64|108
7|38|64|109
7|38|65|110
7|38|66|111
7|38|67|112
7|39|67|113
7|39|68|114
7|39|69|115
7|39|70|116
8|39|70|117
9|39|70|118
9|40|70|119
9|40|71|120
9|41|71|121
9|41|72|122
9|41|73|123
9|41|74|124
9|41|75|125
9|42|75|126
9|42|76|127
10|42|76|128
10|42|77|129
11|42|77|130
11|42|78|131
11|43|78|132
11|43|79|133
11|44|79|134
11|44|80|135
11|45|80|136
12|45|80|137
12|46|80|138
12|46|81|139
12|47|81|140
13|47|81|141
13|48|81|142
14|48|81|143
14|49|81|144
14|49|82|145
14|50|82|146
14|50|83|147
14|51|83|148
15|51|83|149
15|52|83|150
15|53|83|151
15|53|84|152
15|54|84|153
15|54|85|154
15|55|85|155
15|55|86|156
15|56|86|157
15|56|87|158
15|57|87|159
15|57|88|160
15|58|88|161
15|58|89|162
15|59|89|163
15|59|90|164
15|60|90|165
15|60|91|166
15|61|91|167
15|61|92|168
15|62|92|169
15|62|93|170
15|63|93|171
15|63|94|172
15|64|94|173
15|64|95|174
15|65|95|175
15|65|96|176
15|66|96|177
15|66|97|178
15|67|97|179
15|67|98|180
15|68|98|181
15|68|99|182
15|69|99|183
15|69|100|184
15|70|100|185
15|70|101|186
15|70|102|187
15|71|102|188
15|71|103|189
15|72|103|190
15|72|104|191
15|73|104|192
15|73|105|193
15|74|105|194
15|74|106|195
15|75|106|196
15|75|107|197
15|76|107|198
15|76|108|199
15|77|108|200
15|77|109|201
15|78|109|202
15|78|110|203
15|79|110|204
15|79|111|205
15|79|112|206
15|79|113|207
15|79|114|208
15|79|115|209
15|79|116|210
15|80|116|211
15|80|117|212
15|81|117|213
15|81|118|214
15|81|119|215
15|82|119|216
15|82|120|217
15|82|121|218
15|82|122|219
15|83|122|220
15|83|123|221
15|84|123|222
15|84|124|223
15|85|124|224
15|85|125|225
15|86|125|226
15|86|126|227
15|87|126|228
15|87|127|229
15|88|127|230
15|88|128|231
15|89|128|232
15|89|129|233
15|90|129|234
15|90|130|235
15|91|130|236
15|91|131|237
15|91|132|238
15|91|133|239
16|91|133|240
16|91|134|241
16|91|135|242
16|92|135|243
16|92|136|244
16|93|136|245
16|93|137|246
16|93|138|247
16|94|138|248
16|94|139|249
17|94|139|250
17|94|140|251
17|95|140|252
17|96|140|253
17|96|141|254
17|97|141|255
17|97|142|256
17|98|142|257
17|98|143|258
17|99|143|259
17|99|144|260
17|99|145|261
17|99|146|262
17|99|147|263
17|99|148|264
17|99|149|265
17|99|150|266
17|99|151|267
17|99|152|268
17|99|153|269
17|99|154|270
17|100|154|271
17|100|155|272
17|101|155|273
17|101|156|274
17|102|156|275
17|102|157|276
17|102|158|277
17|102|159|278
17|103|159|279
17|103|160|280
17|103|161|281
17|103|162|282
17|103|163|283
17|103|164|284
17|103|165|285
17|104|165|286
17|104|166|287
17|105|166|288
18|105|166|289
18|106|166|290
18|106|167|291
18|107|167|292
18|107|168|293
18|108|168|294
18|108|169|295
18|109|169|296
19|109|169|297
19|110|169|298
19|110|170|299
19|111|170|300
19|111|171|301
19|112|171|302
19|113|171|303
19|113|172|304
19|114|172|305
19|114|173|306
19|115|173|307
19|115|174|308
19|116|174|309
19|116|175|310
19|117|175|311
19|117|176|312
19|118|176|313
19|118|177|314
19|119|177|315
19|119|178|316
19|120|178|317
19|120|179|318
19|121|179|319
19|121|180|320
19|122|180|321
19|122|181|322
19|123|181|323
19|123|182|324
19|124|182|325
19|124|183|326
19|125|183|327
19|125|184|328
19|126|184|329
19|126|185|330
19|127|185|331
19|127|186|332
19|128|186|333
19|128|187|334
19|128|188|335
19|129|188|336
19|129|189|337
19|130|189|338
19|130|190|339
19|131|190|340
19|131|191|341
19|132|191|342
19|132|192|343
19|133|192|344
19|133|193|345
19|134|193|346
19|134|194|347
19|135|194|348
19|135|195|349
19|136|195|350
19|136|196|351
19|136|197|352
19|136|198|353
19|136|199|354
19|136|200|355
19|136|201|356
19|137|201|357
19|137|202|358
19|138|202|359
20|138|202|360
20|138|203|361
20|139|203|362
20|139|204|363
20|139|205|364
20|139|206|365
20|140|206|366
20|140|207|367
20|141|207|368
20|141|208|369
20|142|208|370
20|142|209|371
20|143|209|372
20|143|210|373
20|144|210|374
20|144|211|375
20|145|211|376
20|145|212|377
20|146|212|378
20|146|213|379
20|147|213|380
20|147|214|381
20|148|214|382
20|148|215|383
20|148|216|384
20|148|217|385
21|148|217|386
21|149|217|387
21|149|218|388
21|150|218|389
21|150|219|390
21|151|219|391
21|151|220|392
21|151|221|393
21|152|221|394
21|152|222|395
21|152|223|396
21|152|224|397
21|153|224|398
21|154|224|399
21|154|225|400
21|155|225|401
21|155|226|402
21|156|226|403
21|156|227|404
21|157|227|405
21|157|228|406
21|157|229|407
21|157|230|408
21|157|231|409
21|157|232|410
21|157|233|411
21|157|234|412
21|157|235|413
21|157|236|414
21|157|237|415
21|157|238|416
21|157|239|417
21|157|240|418
21|158|240|419
21|158|241|420
21|159|241|421
21|159|242|422
21|159|243|423
21|159|244|424
21|159|245|425
21|159|246|426
21|159|247|427
21|159|248|428
21|159|249|429
22|159|249|430
22|159|250|431
22|160|250|432
23|160|250|433
23|161|250|434
23|161|251|435
23|162|251|436
24|162|251|437
24|163|251|438
25|163|251|439
25|164|251|440
26|164|251|441
26|165|251|442
27|165|251|443
27|166|251|444
28|166|251|445
28|167|251|446
28|167|252|447
28|168|252|448
28|169|252|449
28|169|253|450
28|170|253|451
28|170|254|452
28|171|254|453
28|171|255|454
28|172|255|455
28|172|256|456
28|173|256|457
28|173|257|458
28|174|257|459
28|174|258|460
28|175|258|461
28|175|259|462
28|176|259|463
28|176|260|464
28|177|260|465
28|177|261|466
28|178|261|467
28|178|262|468
28|179|262|469
28|179|263|470
28|180|263|471
28|180|264|472
28|181|264|473
28|181|265|474
28|182|265|475
28|182|266|476
28|183|266|477
28|183|267|478
28|184|267|479
28|184|268|480
28|184|269|481
28|185|269|482
28|185|270|483
28|186|270|484
28|186|271|485
28|187|271|486
28|187|272|487
28|188|272|488
28|188|273|489
28|189|273|490
28|189|274|491
28|190|274|492
28|190|275|493
28|191|275|494
28|191|276|495
28|192|276|496
28|192|277|497
28|192|278|498
28|192|279|499
28|192|280|500
28|193|280|501
28|193|281|502
28|194|281|503
28|194|282|504
28|195|282|505
28|195|283|506
28|195|284|507
28|196|284|508
28|197|284|509
28|197|285|510
28|197|286|511
28|198|286|512
28|198|287|513
28|199|287|514
28|199|288|515
28|200|288|516
28|200|289|517
28|201|289|518
28|201|290|519
28|202|290|520
28|202|291|521
28|203|291|522
28|203|292|523
28|204|292|524
28|204|293|525
28|205|293|526
28|205|294|527
28|206|294|528
28|206|295|529
28|206|296|530
28|206|297|531
29|206|297|532
29|207|297|533
29|207|298|534
29|208|298|535
30|208|298|536
30|209|298|537
30|209|299|538
30|209|300|539
30|210|300|540
30|211|300|541
30|211|301|542
30|211|302|543
30|212|302|544
30|213|302|545
30|213|303|546
30|214|303|547
30|214|304|548
30|215|304|549
30|215|305|550
30|216|305|551
30|216|306|552
30|217|306|553
30|217|307|554
30|217|308|555
30|217|309|556
30|217|310|557
30|217|311|558
30|218|311|559
30|218|312|560
30|219|312|561
30|219|313|562
30|220|313|563
30|220|314|564
30|221|314|565
30|221|315|566
30|222|315|567
30|222|316|568
30|222|317|569
30|222|318|570
30|223|318|571
30|223|319|572
30|223|320|573
30|223|321|574
30|223|322|575
30|223|323|576
30|224|323|577
30|224|324|578
30|225|324|579
30|225|325|580
30|226|325|581
30|226|326|582
30|227|326|583
30|227|327|584
30|227|328|585
31|227|328|586
31|228|328|587
31|228|329|588
31|229|329|589
31|229|330|590
31|229|331|591
31|229|332|592
31|230|332|593
31|231|332|594
31|231|333|595
31|232|333|596
31|232|334|597
31|233|334|598
32|233|334|599
32|234|334|600
32|234|335|601
32|235|335|602
33|235|335|603
33|236|335|604
34|236|335|605
34|237|335|606
35|237|335|607
35|238|335|608
36|238|335|609
36|239|335|610
36|240|335|611
36|240|336|612
36|241|336|613
36|241|337|614
36|242|337|615
36|242|338|616
36|243|338|617
36|243|339|618
36|244|339|619
36|244|340|620
36|245|340|621
36|245|341|622
36|246|341|623
36|246|342|624
36|247|342|625
36|247|343|626
36|247|344|627
36|248|344|628
36|248|345|629
36|249|345|630
36|249|346|631
36|250|346|632
36|250|347|633
36|251|347|634
36|251|348|635
36|252|348|636
36|252|349|637
36|253|349|638
36|253|350|639
36|254|350|640
36|254|351|641
36|255|351|642
36|255|352|643
36|255|353|644
36|255|354|645
36|255|355|646
37|255|355|647
38|255|355|648
38|256|355|649
38|256|356|650
38|257|356|651
38|257|357|652
38|257|358|653
38|258|358|654
38|258|359|655
39|258|359|656
39|258|360|657
39|259|360|658
39|259|361|659
39|260|361|660
39|260|362|661
39|261|362|662
39|261|363|663
39|262|363|664
39|262|364|665
39|263|364|666
39|263|365|667
39|264|365|668
39|264|366|669
39|265|366|670
39|265|367|671
39|266|367|672
39|266|368|673
39|267|368|674
39|267|369|675
39|267|370|676
39|267|371|677
39|267|372|678
39|267|373|679
39|267|374|680
39|268|374|681
39|268|375|682
39|269|375|683
40|269|375|684
40|269|376|685
40|270|376|686
40|270|377|687
41|270|377|688
41|270|378|689
41|271|378|690
41|272|378|691
41|272|379|692
41|272|380|693
41|272|381|694
41|273|381|695
41|273|382|696
41|274|382|697
41|274|383|698
41|274|384|699
41|274|385|700
41|274|386|701
41|274|387|702
41|274|388|703
41|274|389|704
41|274|390|705
41|274|391|706
41|275|391|707
41|275|392|708
41|276|392|709
41|276|393|710
41|277|393|711
41|277|394|712
41|278|394|713
41|278|395|714
41|278|396|715
41|278|397|716
41|278|398|717
41|278|399|718
41|279|399|719
41|279|400|720
41|279|401|721
41|279|402|722
41|280|402|723
41|280|403|724
41|281|403|725
41|281|404|726
41|282|404|727
41|282|405|728
41|283|405|729
41|283|406|730
41|283|407|731
41|283|408|732
41|284|408|733
42|284|408|734
42|284|409|735
43|284|409|736
43|284|410|737
44|284|410|738
44|284|411|739
44|285|411|740
44|286|411|741
44|287|411|742
45|287|411|743
45|288|411|744
45|288|412|745
45|289|412|746
46|289|412|747
46|290|412|748
47|290|412|749
47|291|412|750
48|291|412|751
48|292|412|752
49|292|412|753
49|293|412|754
49|293|413|755
49|294|413|756
49|295|413|757
49|295|414|758
49|296|414|759
49|296|415|760
49|297|415|761
49|297|416|762
49|298|416|763
49|298|417|764
49|299|417|765
49|299|418|766
49|300|418|767
49|300|419|768
49|301|419|769
49|301|420|770
49|302|420|771
49|302|421|772
49|303|421|773
49|303|422|774
49|304|422|775
49|304|423|776
49|305|423|777
49|305|424|778
49|306|424|779
49|306|425|780
49|307|425|781
49|307|426|782
49|308|426|783
49|308|427|784
49|309|427|785
49|309|428|786
49|310|428|787
49|310|429|788
49|310|430|789
49|311|430|790
49|311|431|791
49|312|431|792
49|312|432|793
49|313|432|794
49|313|433|795
49|314|433|796
49|314|434|797
49|315|434|798
49|315|435|799
49|316|435|800
49|316|436|801
49|317|436|802
49|317|437|803
49|318|437|804
49|318|438|805
49|318|439|806
49|318|440|807
49|318|441|808
49|319|441|809
49|319|442|810
49|320|442|811
50|320|442|812
50|321|442|813
50|321|443|814
50|321|444|815
50|322|444|816
50|323|444|817
51|323|444|818
51|323|445|819
51|324|445|820
51|324|446|821
51|325|446|822
51|325|447|823
51|326|447|824
51|326|448|825
51|327|448|826
51|327|449|827
51|328|449|828
51|328|450|829
51|329|450|830
51|329|451|831
51|330|451|832
51|330|452|833
51|331|452|834
51|331|453|835
51|332|453|836
51|332|454|837
51|332|455|838
51|332|456|839
51|332|457|840
51|333|457|841
51|333|458|842
51|334|458|843
51|334|459|844
51|335|459|845
51|335|460|846
51|335|461|847
51|336|461|848
51|337|461|849
51|337|462|850
51|337|463|851
51|338|463|852
51|339|463|853
51|339|464|854
51|340|464|855
51|340|465|856
51|341|465|857
51|341|466|858
51|342|466|859
51|342|467|860
51|342|468|861
51|342|469|862
51|343|469|863
51|343|470|864
51|343|471|865
51|343|472|866
51|343|473|867
51|343|474|868
51|344|474|869
51|344|475|870
51|345|475|871
51|345|476|872
51|346|476|873
51|346|477|874
51|347|477|875
51|347|478|876
51|347|479|877
51|347|480|878
51|347|481|879
51|347|482|880
51|348|482|881
51|348|483|882
51|348|484|883
51|348|485|884
51|349|485|885
51|349|486|886
51|350|486|887
51|350|487|888
51|351|487|889
51|351|488|890
51|352|488|891
51|352|489|892
51|352|490|893
51|352|491|894
51|353|491|895
52|353|491|896
52|354|491|897
52|354|492|898
52|354|493|899
52|354|494|900
53|354|494|901
53|355|494|902
54|355|494|903
54|356|494|904
54|356|495|905
54|357|495|906
54|357|496|907
54|358|496|908
55|358|496|909
55|359|496|910
55|359|497|911
55|360|497|912
55|360|498|913
55|361|498|914
55|361|499|915
55|362|499|916
55|362|500|917
55|363|500|918
55|364|500|919
55|364|501|920
55|365|501|921
55|365|502|922
55|366|502|923
55|366|503|924
55|367|503|925
55|367|504|926
55|368|504|927
55|368|505|928
55|369|505|929
55|369|506|930
55|370|506|931
55|370|507|932
55|371|507|933
55|371|508|934
55|371|509|935
55|372|509|936
55|372|510|937
55|373|510|938
55|373|511|939
55|374|511|940
55|374|512|941
55|375|512|942
55|375|513|943
55|376|513|944
55|376|514|945
55|377|514|946
55|377|515|947
55|378|515|948
55|378|516|949
55|379|516|950
55|379|517|951
55|379|518|952
55|379|519|953
55|379|520|954
55|379|521|955
56|379|521|956
56|380|521|957
56|380|522|958
56|381|522|959
56|381|523|960
56|381|524|961
56|382|524|962
56|382|525|963
56|382|526|964
56|382|527|965
56|383|527|966
56|383|528|967
56|384|528|968
56|384|529|969
56|385|529|970
56|385|530|971
56|386|530|972
56|386|531|973
56|387|531|974
56|387|532|975
56|388|532|976
56|388|533|977
56|389|533|978
56|389|534|979
56|390|534|980
56|390|535|981
56|391|535|982
56|392|535|983
56|392|536|984
56|392|537|985
56|392|538|986
56|392|539|987
57|392|539|988
57|393|539|989
58|393|539|990
58|394|539|991
58|394|540|992
58|394|541|993
58|395|541|994
58|395|542|995
59|395|542|996
59|395|543|997
59|396|543|998
59|397|543|999
59|397|544|1000
59|397|545|1001
59|397|546|1002
59|398|546|1003
59|398|547|1004
59|399|547|1005
59|399|548|1006
59|399|549|1007
59|399|550|1008
59|400|550|1009
59|400|551|1010
59|400|552|1011
59|400|553|1012
59|400|554|1013
59|400|555|1014
59|400|556|1015
59|400|557|1016
59|401|557|1017
59|401|558|1018
59|402|558|1019
59|402|559|1020
59|403|559|1021
59|403|560|1022
59|404|560|1023
59|404|561|1024
59|405|561|1025
59|405|562|1026
59|405|563|1027
59|405|564|1028
59|405|565|1029
59|405|566|1030
59|405|567|1031
59|406|567|1032
59|406|568|1033
59|407|568|1034
60|407|568|1035
60|408|568|1036
60|408|569|1037
60|409|569|1038
60|409|570|1039
60|410|570|1040
60|410|571|1041
60|411|571|1042
60|411|572|1043
60|412|572|1044
61|412|572|1045
61|413|572|1046
62|413|572|1047
62|414|572|1048
62|415|572|1049
62|415|573|1050
62|416|573|1051
62|416|574|1052
62|417|574|1053
62|417|575|1054
62|418|575|1055
62|418|576|1056
62|419|576|1057
62|419|577|1058
62|420|577|1059
62|420|578|1060
62|421|578|1061
62|421|579|1062
62|422|579|1063
62|422|580|1064
62|423|580|1065
62|423|581|1066
62|424|581|1067
62|424|582|1068
62|425|582|1069
62|425|583|1070
62|426|583|1071
62|426|584|1072
62|427|584|1073
62|427|585|1074
62|428|585|1075
62|428|586|1076
62|429|586|1077
62|429|587|1078
62|430|587|1079
62|430|588|1080
62|430|589|1081
62|431|589|1082
62|431|590|1083
62|432|590|1084
62|432|591|1085
62|433|591|1086
62|433|592|1087
62|434|592|1088
62|434|593|1089
62|435|593|1090
62|435|594|1091
62|436|594|1092
62|436|595|1093
62|437|595|1094
62|437|596|1095
62|438|596|1096
62|438|597|1097
62|438|598|1098
62|438|599|1099
62|438|600|1100
62|438|601|1101
62|438|602|1102
62|438|603|1103
62|438|604|1104
62|439|604|1105
62|439|605|1106
62|440|605|1107
63|440|605|1108
63|440|606|1109
63|441|606|1110
63|441|607|1111
64|441|607|1112
64|441|608|1113
64|442|608|1114
64|442|609|1115
64|443|609|1116
64|443|610|1117
64|444|610|1118
64|444|611|1119
64|445|611|1120
64|445|612|1121
64|446|612|1122
64|446|613|1123
64|447|613|1124
64|447|614|1125
64|448|614|1126
64|448|615|1127
64|449|615|1128
64|449|616|1129
64|450|616|1130
64|450|617|1131
64|451|617|1132
64|451|618|1133
64|451|619|1134
64|451|620|1135
64|451|621|1136
64|451|622|1137
65|451|622|1138
65|451|623|1139
65|452|623|1140
65|453|623|1141
65|453|624|1142
65|454|624|1143
65|454|625|1144
65|454|626|1145
65|455|626|1146
65|455|627|1147
65|456|627|1148
65|456|628|1149
65|457|628|1150
65|458|628|1151
65|458|629|1152
65|458|630|1153
65|458|631|1154
65|459|631|1155
65|459|632|1156
65|460|632|1157
65|460|633|1158
65|461|633|1159
65|461|634|1160
65|461|635|1161
65|461|636|1162
65|461|637|1163
65|461|638|1164
65|461|639|1165
65|461|640|1166
65|461|641|1167
65|461|642|1168
65|461|643|1169
65|461|644|1170
65|461|645|1171
65|461|646|1172
65|462|646|1173
65|462|647|1174
65|463|647|1175
65|463|648|1176
65|464|648|1177
65|464|649|1178
65|464|650|1179
65|464|651|1180
65|464|652|1181
65|464|653|1182
65|464|654|1183
65|464|655|1184
65|464|656|1185
65|464|657|1186
65|464|658|1187
65|464|659|1188
65|465|659|1189
65|465|660|1190
65|465|661|1191
66|465|661|1192
66|466|661|1193
66|466|662|1194
66|467|662|1195
66|467|663|1196
66|467|664|1197
66|467|665|1198
66|467|666|1199
67|467|666|1200
67|467|667|1201
67|467|668|1202
67|467|669|1203
67|467|670|1204
68|467|670|1205
68|468|670|1206
68|468|671|1207
68|469|671|1208
69|469|671|1209
69|470|671|1210
69|470|672|1211
69|471|672|1212
70|471|672|1213
70|472|672|1214
70|473|672|1215
70|474|672|1216
71|474|672|1217
71|475|672|1218
72|475|672|1219
72|476|672|1220
72|476|673|1221
72|477|673|1222
73|477|673|1223
73|478|673|1224
73|479|673|1225
73|479|674|1226
73|480|674|1227
73|480|675|1228
73|481|675|1229
73|481|676|1230
73|482|676|1231
73|482|677|1232
73|483|677|1233
73|483|678|1234
73|484|678|1235
73|484|679|1236
73|485|679|1237
73|485|680|1238
73|486|680|1239
73|486|681|1240
73|487|681|1241
73|487|682|1242
73|488|682|1243
73|488|683|1244
73|489|683|1245
73|489|684|1246
73|490|684|1247
73|490|685|1248
73|491|685|1249
73|491|686|1250
73|492|686|1251
73|492|687|1252
73|493|687|1253
73|493|688|1254
73|494|688|1255
73|494|689|1256
73|495|689|1257
73|495|690|1258
73|496|690|1259
73|496|691|1260
73|496|692|1261
73|497|692|1262
73|497|693|1263
73|498|693|1264
73|498|694|1265
73|499|694|1266
73|499|695|1267
73|500|695|1268
73|500|696|1269
73|501|696|1270
73|501|697|1271
73|502|697|1272
73|502|698|1273
73|503|698|1274
73|503|699|1275
73|504|699|1276
73|504|700|1277
73|505|700|1278
73|505|701|1279
73|505|702|1280
73|505|703|1281
73|505|704|1282
73|506|704|1283
74|506|704|1284
74|506|705|1285
74|507|705|1286
74|508|705|1287
74|508|706|1288
74|509|706|1289
75|509|706|1290
75|509|707|1291
75|510|707|1292
75|510|708|1293
76|510|708|1294
76|510|709|1295
76|511|709|1296
76|511|710|1297
76|512|710|1298
76|512|711|1299
76|513|711|1300
76|513|712|1301
76|514|712|1302
76|514|713|1303
76|515|713|1304
76|515|714|1305
76|516|714|1306
76|516|715|1307
76|517|715|1308
76|517|716|1309
76|518|716|1310
76|518|717|1311
76|519|717|1312
76|519|718|1313
76|520|718|1314
76|520|719|1315
77|520|719|1316
77|520|720|1317
78|520|720|1318
78|520|721|1319
78|520|722|1320
78|521|722|1321
78|521|723|1322
78|522|723|1323
78|522|724|1324
78|523|724|1325
79|523|724|1326
79|523|725|1327
79|524|725|1328
79|524|726|1329
80|524|726|1330
80|524|727|1331
80|525|727|1332
80|526|727|1333
80|526|728|1334
80|527|728|1335
80|527|729|1336
80|528|729|1337
80|528|730|1338
80|529|730|1339
80|529|731|1340
80|530|731|1341
80|530|732|1342
80|530|733|1343
80|530|734|1344
80|530|735|1345
80|530|736|1346
80|530|737|1347
80|530|738|1348
80|530|739|1349
80|530|740|1350
80|530|741|1351
80|530|742|1352
80|530|743|1353
80|530|744|1354
80|531|744|1355
80|531|745|1356
80|532|745|1357
80|532|746|1358
80|533|746|1359
80|533|747|1360
80|534|747|1361
80|534|748|1362
80|534|749|1363
80|534|750|1364
80|534|751|1365
80|534|752|1366
80|534|753|1367
80|534|754|1368
80|534|755|1369
80|534|756|1370
80|535|756|1371
80|535|757|1372
80|536|757|1373
81|536|757|1374
81|537|757|1375
81|537|758|1376
81|538|758|1377
81|538|759|1378
81|538|760|1379
82|538|760|1380
82|538|761|1381
83|538|761|1382
83|538|762|1383
83|538|763|1384
83|538|764|1385
83|538|765|1386
84|538|765|1387
84|539|765|1388
85|539|765|1389
85|540|765|1390
85|540|766|1391
85|541|766|1392
86|541|766|1393
86|542|766|1394
86|542|767|1395
86|543|767|1396
86|543|768|1397
86|544|768|1398
87|544|768|1399
87|545|768|1400
87|545|769|1401
87|546|769|1402
87|546|770|1403
87|547|770|1404
87|547|771|1405
87|548|771|1406
87|549|771|1407
87|549|772|1408
87|550|772|1409
87|550|773|1410
87|551|773|1411
87|551|774|1412
87|552|774|1413
87|552|775|1414
87|553|775|1415
87|553|776|1416
87|554|776|1417
87|554|777|1418
87|555|777|1419
87|555|778|1420
87|556|778|1421
87|556|779|1422
87|557|779|1423
87|557|780|1424
87|558|780|1425
87|558|781|1426
87|559|781|1427
87|559|782|1428
87|560|782|1429
87|560|783|1430
87|561|783|1431
87|561|784|1432
87|562|784|1433
87|562|785|1434
87|563|785|1435
87|563|786|1436
87|564|786|1437
87|564|787|1438
87|565|787|1439
87|565|788|1440
87|566|788|1441
87|566|789|1442
87|566|790|1443
87|567|790|1444
87|567|791|1445
87|568|791|1446
87|568|792|1447
87|569|792|1448
87|569|793|1449
87|570|793|1450
87|570|794|1451
87|571|794|1452
87|571|795|1453
87|572|795|1454
87|572|796|1455
87|573|796|1456
87|573|797|1457
87|574|797|1458
87|574|798|1459
87|575|798|1460
87|575|799|1461
87|575|800|1462
87|575|801|1463
87|575|802|1464
87|575|803|1465
88|575|803|1466
88|575|804|1467
88|576|804|1468
88|577|804|1469
88|577|805|1470
88|578|805|1471
88|578|806|1472
88|578|807|1473
88|579|807|1474
88|579|808|1475
88|580|808|1476
88|580|809|1477
88|581|809|1478
88|581|810|1479
88|582|810|1480
88|582|811|1481
88|583|811|1482
88|583|812|1483
88|584|812|1484
88|584|813|1485
88|585|813|1486
88|585|814|1487
88|586|814|1488
88|586|815|1489
88|587|815|1490
88|587|816|1491
88|588|816|1492
88|588|817|1493
88|589|817|1494
88|589|818|1495
88|590|818|1496
88|590|819|1497
88|590|820|1498
88|590|821|1499
88|590|822|1500
88|590|823|1501
89|590|823|1502
89|591|823|1503
89|592|823|1504
89|593|823|1505
89|593|824|1506
89|594|824|1507
90|594|824|1508
90|594|825|1509
90|595|825|1510
90|595|826|1511
90|596|826|1512
90|596|827|1513
90|597|827|1514
90|598|827|1515
90|598|828|1516
90|599|828|1517
90|599|829|1518
90|600|829|1519
90|600|830|1520
90|601|830|1521
90|601|831|1522
90|602|831|1523
90|602|832|1524
90|602|833|1525
90|602|834|1526
90|603|834|1527
90|603|835|1528
90|603|836|1529
90|603|837|1530
90|603|838|1531
90|603|839|1532
90|604|839|1533
90|604|840|1534
90|605|840|1535
90|605|841|1536
90|606|841|1537
90|606|842|1538
90|607|842|1539
90|607|843|1540
90|608|843|1541
90|608|844|1542
90|608|845|1543
90|608|846|1544
90|608|847|1545
90|608|848|1546
90|608|849|1547
90|608|850|1548
90|608|851|1549
90|608|852|1550
90|609|852|1551
90|609|853|1552
90|610|853|1553
90|610|854|1554
90|610|855|1555
91|610|855|1556
91|611|855|1557
91|611|856|1558
91|612|856|1559
91|612|857|1560
91|612|858|1561
92|612|858|1562
92|613|858|1563
93|613|858|1564
93|613|859|1565
93|613|860|1566
93|613|861|1567
93|613|862|1568
94|613|862|1569
94|614|862|1570
95|614|862|1571
95|615|862|1572
95|615|863|1573
95|616|863|1574
96|616|863|1575
96|617|863|1576
97|617|863|1577
97|618|863|1578
98|618|863|1579
98|619|863|1580
98|619|864|1581
98|620|864|1582
99|620|864|1583
99|621|864|1584
100|621|864|1585
100|622|864|1586
100|622|865|1587
100|623|865|1588
100|624|865|1589
100|624|866|1590
100|625|866|1591
100|625|867|1592
100|626|867|1593
100|626|868|1594
100|627|868|1595
100|627|869|1596
100|628|869|1597
100|628|870|1598
100|629|870|1599
100|629|871|1600
100|630|871|1601
100|630|872|1602
100|631|872|1603
100|631|873|1604
100|632|873|1605
100|632|874|1606
100|633|874|1607
100|633|875|1608
100|634|875|1609
100|634|876|1610
100|635|876|1611
100|635|877|1612
100|636|877|1613
100|636|878|1614
100|637|878|1615
100|637|879|1616
100|638|879|1617
100|638|880|1618
100|639|880|1619
100|639|881|1620
100|640|881|1621
100|640|882|1622
100|641|882|1623
100|641|883|1624
100|641|884|1625
100|642|884|1626
100|642|885|1627
100|643|885|1628
100|643|886|1629
100|644|886|1630
100|644|887|1631
100|645|887|1632
100|645|888|1633
100|646|888|1634
100|646|889|1635
100|647|889|1636
100|647|890|1637
100|648|890|1638
100|648|891|1639
100|649|891|1640
100|649|892|1641
100|650|892|1642
100|650|893|1643
100|650|894|1644
100|650|895|1645
100|650|896|1646
100|650|897|1647
101|650|897|1648
101|650|898|1649
102|650|898|1650
102|651|898|1651
102|651|899|1652
102|652|899|1653
103|652|899|1654
103|652|900|1655
103|653|900|1656
103|653|901|1657
103|654|901|1658
103|654|902|1659
103|655|902|1660
103|655|903|1661
103|656|903|1662
103|656|904|1663
103|657|904|1664
103|657|905|1665
103|658|905|1666
103|658|906|1667
103|659|906|1668
103|659|907|1669
103|660|907|1670
103|660|908|1671
103|661|908|1672
103|661|909|1673
103|662|909|1674
103|662|910|1675
104|662|910|1676
104|662|911|1677
105|662|911|1678
105|662|912|1679
105|662|913|1680
105|662|914|1681
105|663|914|1682
105|664|914|1683
106|664|914|1684
106|665|914|1685
106|665|915|1686
106|665|916|1687
106|666|916|1688
106|666|917|1689
106|667|917|1690
106|667|918|1691
106|667|919|1692
106|667|920|1693
106|667|921|1694
106|668|921|1695
106|668|922|1696
106|669|922|1697
106|669|923|1698
106|670|923|1699
106|670|924|1700
106|670|925|1701
106|670|926|1702
106|670|927|1703
106|670|928|1704
106|671|928|1705
106|671|929|1706
106|671|930|1707
106|671|931|1708
106|671|932|1709
106|671|933|1710
106|671|934|1711
106|671|935|1712
106|672|935|1713
106|672|936|1714
106|673|936|1715
106|673|937|1716
106|673|938|1717
106|673|939|1718
106|673|940|1719
106|673|941|1720
106|673|942|1721
106|673|943|1722
106|673|944|1723
106|673|945|1724
106|674|945|1725
106|674|946|1726
106|674|947|1727
107|674|947|1728
107|675|947|1729
107|675|948|1730
107|676|948|1731
107|676|949|1732
107|676|950|1733
107|676|951|1734
107|676|952|1735
108|676|952|1736
108|676|953|1737
108|676|954|1738
108|676|955|1739
108|677|955|1740
108|677|956|1741
108|678|956|1742
108|678|957|1743
108|679|957|1744
109|679|957|1745
109|680|957|1746
109|680|958|1747
109|681|958|1748
110|681|958|1749
110|682|958|1750
111|682|958|1751
111|683|958|1752
112|683|958|1753
112|684|958|1754
113|684|958|1755
113|685|958|1756
113|686|958|1757
113|686|959|1758
113|687|959|1759
113|687|960|1760
113|688|960|1761
113|688|961|1762
113|689|961|1763
113|689|962|1764
113|690|962|1765
113|690|963|1766
113|691|963|1767
113|691|964|1768
113|692|964|1769
113|692|965|1770
113|693|965|1771
113|693|966|1772
113|694|966|1773
113|694|967|1774
113|695|967|1775
113|695|968|1776
113|696|968|1777
113|696|969|1778
113|697|969|1779
113|697|970|1780
113|698|970|1781
113|698|971|1782
113|699|971|1783
113|699|972|1784
113|700|972|1785
113|700|973|1786
113|701|973|1787
113|701|974|1788
