total
0|0|1|1
0|1|1|2
0|1|2|3
0|1|3|4
0|2|3|5
0|2|4|6
0|3|4|7
0|4|4|8
0|4|5|9
0|5|5|10
0|5|6|11
0|6|6|12
0|6|7|13
0|7|7|14
0|8|7|15
1|8|7|16
1|8|8|17
1|9|8|18
1|9|9|19
1|10|9|20
1|11|9|21
1|11|10|22
1|11|11|23
1|11|12|24
1|11|13|25
1|11|14|26
1|11|15|27
1|11|16|28
1|11|17|29
1|11|18|30
1|11|19|31
1|12|19|32
1|12|20|33
1|13|20|34
1|14|20|35
1|14|21|36
1|15|21|37
1|16|21|38
1|17|21|39
1|17|22|40
1|18|22|41
1|18|23|42
1|19|23|43
1|19|24|44
1|20|24|45
1|20|25|46
1|21|25|47
1|21|26|48
1|22|26|49
1|22|27|50
1|23|27|51
1|23|28|52
1|24|28|53
1|24|29|54
1|25|29|55
1|25|30|56
1|26|30|57
1|26|31|58
1|26|32|59
1|27|32|60
1|27|33|61
1|28|33|62
1|28|34|63
1|28|35|64
1|28|36|65
1|28|37|66
1|28|38|67
1|29|38|68
1|29|39|69
1|30|39|70
1|31|39|71
1|31|40|72
1|32|40|73
1|32|41|74
1|33|41|75
1|33|42|76
1|33|43|77
1|34|43|78
1|34|44|79
1|35|44|80
1|35|45|81
1|36|45|82
1|36|46|83
1|37|46|84
1|37|47|85
1|38|47|86
1|38|48|87
1|39|48|88
1|39|49|89
1|40|49|90
1|40|50|91
1|41|50|92
1|41|51|93
1|42|51|94
1|42|52|95
1|43|52|96
1|43|53|97
1|44|53|98
1|44|54|99
1|45|54|100
1|45|55|101
1|46|55|102
1|46|56|103
1|47|56|104
1|47|57|105
1|48|57|106
1|48|58|107
1|49|58|108
1|49|59|109
1|50|59|110
1|50|60|111
1|51|60|112
1|51|61|113
1|52|61|114
1|52|62|115
1|53|62|116
1|53|63|117
1|54|63|118
1|54|64|119
1|55|64|120
1|55|65|121
1|56|65|122
1|56|66|123
1|56|67|124
1|56|68|125
1|57|68|126
1|57|69|127
1|57|70|128
1|57|71|129
1|57|72|130
1|58|72|131
2|58|72|132
2|59|72|133
2|59|73|134
2|60|73|135
2|60|74|136
2|61|74|137
2|61|75|138
2|62|75|139
3|62|75|140
3|63|75|141
3|63|76|142
3|64|76|143
3|64|77|144
3|65|77|145
3|66|77|146
3|67|77|147
4|67|77|148
4|68|77|149
4|68|78|150
4|68|79|151
4|69|79|152
4|69|80|153
4|70|80|154
4|70|81|155
4|71|81|156
4|71|82|157
4|72|82|158
4|72|83|159
4|73|83|160
4|73|84|161
4|74|84|162
4|74|85|163
4|75|85|164
4|75|86|165
4|76|86|166
4|76|87|167
4|77|87|168
4|77|88|169
4|78|88|170
4|78|89|171
4|79|89|172
4|79|90|173
4|80|90|174
4|80|91|175
4|81|91|176
4|81|92|177
4|82|92|178
4|82|93|179
4|83|93|180
4|83|94|181
4|84|94|182
4|84|95|183
4|85|95|184
4|85|96|185
4|86|96|186
4|87|96|187
4|87|97|188
4|88|97|189
4|88|98|190
4|89|98|191
4|89|99|192
4|90|99|193
4|90|100|194
4|91|100|195
4|91|101|196
4|92|101|197
4|92|102|198
4|93|102|199
4|93|103|200
4|94|103|201
4|94|104|202
4|95|104|203
4|95|105|204
4|95|106|205
4|95|107|206
4|95|108|207
4|95|109|208
4|95|110|209
4|95|111|210
4|95|112|211
4|96|112|212
4|96|113|213
4|97|113|214
4|98|113|215
4|98|114|216
4|98|115|217
4|98|116|218
4|99|116|219
4|99|117|220
4|100|117|221
4|100|118|222
4|101|118|223
4|101|119|224
4|102|119|225
4|102|120|226
4|103|120|227
4|103|121|228
4|104|121|229
4|104|122|230
4|105|122|231
4|105|123|232
4|106|123|233
4|106|124|234
4|107|124|235
4|107|125|236
4|107|126|237
4|108|126|238
4|108|127|239
4|109|127|240
4|109|128|241
4|110|128|242
4|110|129|243
4|111|129|244
4|111|130|245
4|112|130|246
4|113|130|247
4|113|131|248
4|113|132|249
4|113|133|250
4|114|133|251
4|114|134|252
4|114|135|253
4|115|135|254
4|115|136|255
4|116|136|256
4|116|137|257
4|117|137|258
4|117|138|259
4|118|138|260
4|118|139|261
4|119|139|262
4|119|140|263
4|120|140|264
4|120|141|265
4|121|141|266
4|121|142|267
4|122|142|268
4|122|143|269
4|123|143|270
4|123|144|271
4|124|144|272
4|124|145|273
4|125|145|274
4|125|146|275
4|126|146|276
4|126|147|277
4|126|148|278
4|126|149|279
4|127|149|280
4|127|150|281
4|128|150|282
4|128|151|283
4|128|152|284
4|129|152|285
4|129|153|286
4|130|153|287
4|130|154|288
4|131|154|289
5|131|154|290
5|132|154|291
6|132|154|292
6|133|154|293
6|133|155|294
6|134|155|295
6|134|156|296
6|135|156|297
6|136|156|298
6|137|156|299
7|137|156|300
7|138|156|301
7|139|156|302
7|139|157|303
7|140|157|304
7|140|158|305
7|141|158|306
7|141|159|307
7|142|159|308
7|142|160|309
7|143|160|310
7|143|161|311
7|144|161|312
7|144|162|313
7|145|162|314
7|145|163|315
7|146|163|316
7|146|164|317
7|147|164|318
7|147|165|319
7|148|165|320
7|148|166|321
7|149|166|322
7|149|167|323
7|150|167|324
7|150|168|325
7|151|168|326
7|151|169|327
7|152|169|328
7|152|170|329
7|153|170|330
7|153|171|331
7|154|171|332
7|154|172|333
7|155|172|334
7|156|172|335
7|156|173|336
7|157|173|337
7|157|174|338
7|158|175|340
7|158|176|341
7|159|176|342
7|159|177|343
7|160|177|344
7|160|178|345
7|161|178|346
7|161|179|347
7|162|179|348
7|162|180|349
7|163|180|350
7|163|181|351
7|163|182|352
7|163|183|353
7|163|184|354
7|163|185|355
7|163|186|356
7|164|186|357
7|164|187|358
7|165|187|359
7|165|188|360
7|165|189|361
7|166|189|362
7|166|190|363
7|166|191|364
7|166|192|365
7|167|192|366
7|167|193|367
7|168|193|368
7|168|194|369
7|169|194|370
7|169|195|371
7|170|195|372
7|170|196|373
7|171|196|374
7|171|197|375
7|172|197|376
7|172|198|377
7|173|198|378
7|173|199|379
7|174|199|380
7|174|200|381
7|175|200|382
7|176|200|383
7|176|201|384
7|177|201|385
7|177|202|386
7|178|202|387
7|178|203|388
7|179|203|389
7|179|204|390
7|180|204|391
7|180|205|392
7|180|206|393
7|181|206|394
7|181|207|395
7|181|208|396
7|181|209|397
7|182|209|398
7|183|209|399
7|183|210|400
7|184|210|401
7|184|211|402
7|185|211|403
7|185|212|404
7|186|212|405
7|186|213|406
7|187|213|407
7|187|214|408
7|188|214|409
7|188|215|410
7|189|215|411
7|189|216|412
7|190|216|413
7|190|217|414
7|191|217|415
7|191|218|416
7|192|218|417
7|192|219|418
7|193|219|419
7|193|220|420
7|194|220|421
7|194|221|422
7|194|222|423
7|194|223|424
7|195|223|425
7|195|224|426
7|196|224|427
7|196|225|428
7|196|226|429
7|196|227|430
7|196|228|431
7|197|228|432
7|197|229|433
7|198|229|434
8|198|229|435
8|199|229|436
8|200|229|437
8|201|229|438
8|201|230|439
8|202|230|440
9|202|230|441
9|203|230|442
9|204|230|443
9|205|230|444
9|206|230|445
9|207|230|446
9|208|230|447
9|209|230|448
9|210|230|449
9|210|231|450
9|211|231|451
9|211|232|452
9|212|232|453
9|212|233|454
9|213|233|455
9|213|234|456
9|214|234|457
9|214|235|458
9|215|235|459
9|215|236|460
9|216|236|461
9|216|237|462
9|217|237|463
9|217|238|464
9|218|238|465
9|218|239|466
9|219|239|467
9|219|240|468
9|220|240|469
9|220|241|470
9|221|241|471
9|221|242|472
9|222|242|473
9|222|243|474
9|223|243|475
9|223|244|476
9|224|244|477
9|224|245|478
9|225|245|479
9|225|246|480
9|225|247|481
9|226|247|482
9|226|248|483
9|227|248|484
9|227|249|485
9|228|249|486
9|228|250|487
9|229|250|488
9|229|251|489
9|230|251|490
9|230|252|491
9|231|252|492
9|231|253|493
9|232|253|494
9|232|254|495
9|233|254|496
9|233|255|497
9|233|256|498
9|233|257|499
9|233|258|500
9|234|258|501
9|234|259|502
9|235|259|503
9|235|260|504
9|236|260|505
9|236|261|506
9|236|262|507
9|237|262|508
9|238|262|509
9|238|263|510
9|238|264|511
9|239|264|512
9|239|265|513
9|240|265|514
9|240|266|515
9|241|266|516
9|241|267|517
9|242|267|518
9|242|268|519
9|243|268|520
9|243|269|521
9|244|269|522
9|244|270|523
9|245|270|524
9|245|271|525
9|246|271|526
9|246|272|527
9|247|272|528
9|248|272|529
9|248|273|530
9|249|273|531
9|249|274|532
9|250|274|533
9|250|275|534
9|251|275|535
9|251|276|536
9|252|276|537
9|252|277|538
9|252|278|539
9|253|278|540
9|254|278|541
9|254|279|542
9|254|280|543
9|255|280|544
9|256|280|545
9|256|281|546
9|257|281|547
9|257|282|548
9|258|282|549
9|258|283|550
9|259|283|551
9|259|284|552
9|260|284|553
9|260|285|554
9|261|285|555
9|261|286|556
9|262|286|557
9|262|287|558
9|263|287|559
9|263|288|560
9|264|288|561
9|264|289|562
9|265|289|563
9|265|290|564
9|266|290|565
9|266|291|566
9|267|291|567
9|267|292|568
9|268|292|569
9|268|293|570
9|269|293|571
9|269|294|572
9|270|294|573
9|270|295|574
9|271|295|575
9|271|296|576
9|272|296|577
9|272|297|578
9|273|297|579
9|273|298|580
9|274|298|581
9|274|299|582
9|275|299|583
9|275|300|584
9|275|301|585
9|275|302|586
9|276|302|587
9|276|303|588
9|277|303|589
9|277|304|590
9|277|305|591
9|277|306|592
9|277|307|593
9|278|307|594
10|278|307|595
10|279|307|596
10|279|308|597
10|280|308|598
10|280|309|599
10|281|309|600
10|281|310|601
10|282|310|602
10|282|311|603
10|283|311|604
10|284|311|605
10|285|311|606
10|285|312|607
10|286|312|608
10|287|312|609
10|288|312|610
10|289|312|611
10|289|313|612
10|290|313|613
10|290|314|614
10|291|314|615
10|291|315|616
10|292|315|617
10|292|316|618
10|293|316|619
10|293|317|620
10|294|317|621
10|294|318|622
10|295|318|623
10|295|319|624
10|296|319|625
10|296|320|626
10|296|321|627
10|297|321|628
10|297|322|629
10|298|322|630
10|298|323|631
10|299|323|632
10|299|324|633
10|300|324|634
10|300|325|635
10|301|325|636
10|301|326|637
10|302|326|638
10|302|327|639
10|303|327|640
10|303|328|641
10|304|328|642
10|304|329|643
10|304|330|644
10|304|331|645
10|304|332|646
10|304|333|647
10|304|334|648
10|305|334|649
10|305|335|650
10|306|335|651
10|306|336|652
10|306|337|653
10|307|337|654
10|307|338|655
10|307|339|656
10|307|340|657
10|308|340|658
10|308|341|659
10|309|341|660
10|309|342|661
10|310|342|662
10|310|343|663
10|311|343|664
10|311|344|665
10|312|344|666
10|312|345|667
10|313|345|668
10|313|346|669
10|314|346|670
10|314|347|671
10|315|347|672
10|315|348|673
10|316|348|674
10|317|348|675
10|317|349|676
10|318|349|677
10|318|350|678
10|318|351|679
10|318|352|680
10|319|352|681
10|319|353|682
10|320|353|683
10|320|354|684
10|320|355|685
10|321|355|686
10|321|356|687
10|321|357|688
10|321|358|689
10|322|358|690
10|323|358|691
10|323|359|692
10|324|359|693
10|324|360|694
10|325|360|695
10|325|361|696
10|326|361|697
10|326|362|698
10|327|362|699
10|327|363|700
10|328|363|701
10|328|364|702
10|329|364|703
10|329|365|704
10|330|365|705
10|330|366|706
10|331|366|707
10|331|367|708
10|332|367|709
10|332|368|710
10|333|368|711
10|333|369|712
10|334|369|713
10|334|370|714
10|335|370|715
10|335|371|716
10|336|371|717
10|336|372|718
10|337|372|719
10|337|373|720
10|338|373|721
10|338|374|722
10|339|374|723
10|339|375|724
10|340|375|725
10|340|376|726
10|341|376|727
10|341|377|728
10|342|377|729
10|342|378|730
10|342|379|731
10|342|380|732
10|343|380|733
10|343|381|734
10|344|381|735
10|344|382|736
10|344|383|737
10|344|384|738
10|344|385|739
10|345|385|740
11|345|385|741
11|346|385|742
11|346|386|743
11|347|386|744
11|347|387|745
11|348|387|746
11|349|387|747
11|350|387|748
12|350|387|749
12|351|387|750
12|351|388|751
12|352|388|752
12|352|389|753
12|353|389|754
13|353|389|755
13|354|389|756
13|355|389|757
13|355|390|758
13|356|390|759
13|356|391|760
13|357|391|761
13|357|392|762
13|358|392|763
13|358|393|764
13|359|393|765
13|359|394|766
13|360|394|767
13|360|395|768
13|361|395|769
13|361|396|770
13|362|396|771
13|362|397|772
13|363|397|773
13|363|398|774
13|364|398|775
13|364|399|776
13|365|399|777
13|365|400|778
13|366|400|779
13|366|401|780
13|367|401|781
13|367|402|782
13|368|402|783
13|368|403|784
13|369|403|785
13|369|404|786
13|370|404|787
13|370|405|788
13|370|406|789
13|371|406|790
13|371|407|791
13|372|407|792
13|372|408|793
13|373|408|794
13|373|409|795
13|374|409|796
13|374|410|797
13|375|410|798
13|375|411|799
13|376|411|800
13|376|412|801
13|377|412|802
13|377|413|803
13|378|413|804
13|378|414|805
13|378|415|806
13|378|416|807
13|378|417|808
13|379|417|809
13|379|418|810
13|380|418|811
13|380|419|812
13|381|419|813
13|381|420|814
13|381|421|815
13|382|421|816
13|383|421|817
13|383|422|818
13|383|423|819
13|384|423|820
13|384|424|821
13|385|424|822
13|385|425|823
13|386|425|824
13|386|426|825
13|387|426|826
13|387|427|827
13|388|427|828
13|388|428|829
13|389|428|830
13|389|429|831
13|390|429|832
13|390|430|833
13|391|430|834
13|391|431|835
13|392|431|836
13|393|431|837
13|393|432|838
13|394|432|839
13|394|433|840
13|395|433|841
13|395|434|842
13|396|434|843
13|396|435|844
13|397|435|845
13|397|436|846
13|397|437|847
13|398|437|848
13|399|437|849
13|399|438|850
13|399|439|851
13|400|439|852
13|401|439|853
13|401|440|854
13|402|440|855
13|402|441|856
13|403|441|857
13|403|442|858
13|404|442|859
13|404|443|860
13|405|443|861
13|405|444|862
13|406|444|863
13|406|445|864
13|407|445|865
13|407|446|866
13|408|446|867
13|408|447|868
13|409|447|869
13|409|448|870
13|410|448|871
13|410|449|872
13|411|449|873
13|411|450|874
13|412|450|875
13|412|451|876
13|413|451|877
13|413|452|878
13|414|452|879
13|414|453|880
13|415|453|881
13|415|454|882
13|416|454|883
13|416|455|884
13|417|455|885
13|417|456|886
13|418|456|887
13|418|457|888
13|419|457|889
13|419|458|890
13|420|458|891
13|420|459|892
13|420|460|893
13|420|461|894
13|421|461|895
13|421|462|896
13|422|462|897
13|422|463|898
13|422|464|899
13|422|465|900
13|422|466|901
13|423|466|902
13|424|466|903
13|425|466|904
13|425|467|905
13|426|467|906
13|427|467|907
13|428|467|908
13|428|468|909
13|429|468|910
13|429|469|911
13|430|469|912
14|430|469|913
14|431|469|914
14|431|470|915
14|432|470|916
14|432|471|917
14|433|471|918
14|434|471|919
14|434|472|920
14|435|472|921
14|435|473|922
14|436|473|923
14|436|474|924
14|437|474|925
14|437|475|926
14|438|475|927
14|438|476|928
14|439|476|929
14|439|477|930
14|440|477|931
14|440|478|932
14|441|478|933
14|441|479|934
14|441|480|935
14|442|480|936
14|442|481|937
14|443|481|938
14|443|482|939
14|444|482|940
14|444|483|941
14|445|483|942
14|445|484|943
14|446|484|944
14|446|485|945
14|447|485|946
14|447|486|947
14|448|486|948
14|448|487|949
14|449|487|950
14|449|488|951
14|449|489|952
14|449|490|953
14|449|491|954
14|449|492|955
14|449|493|956
14|450|493|957
14|450|494|958
14|451|494|959
14|451|495|960
14|451|496|961
14|452|496|962
14|453|496|963
14|453|497|964
14|453|498|965
14|454|498|966
14|454|499|967
14|455|499|968
14|455|500|969
14|456|500|970
14|456|501|971
14|457|501|972
14|457|502|973
14|458|502|974
14|458|503|975
14|459|503|976
14|459|504|977
14|460|504|978
14|460|505|979
14|461|505|980
14|461|506|981
14|462|506|982
14|463|506|983
14|463|507|984
14|464|507|985
14|464|508|986
14|465|508|987
14|465|509|988
14|466|509|989
14|466|510|990
14|467|510|991
14|467|511|992
14|467|512|993
14|468|512|994
15|468|512|995
15|468|513|996
15|468|514|997
15|469|514|998
15|470|514|999
15|470|515|1000
15|471|515|1001
15|471|516|1002
15|472|516|1003
15|472|517|1004
15|473|517|1005
15|473|518|1006
15|474|518|1007
15|474|519|1008
15|475|519|1009
15|475|520|1010
15|476|520|1011
15|476|521|1012
15|477|521|1013
15|477|522|1014
15|478|522|1015
15|478|523|1016
15|479|523|1017
15|479|524|1018
15|480|524|1019
15|480|525|1020
15|481|525|1021
15|481|526|1022
15|482|526|1023
15|482|527|1024
15|483|527|1025
15|483|528|1026
15|484|528|1027
15|484|529|1028
15|485|529|1029
15|485|530|1030
15|485|531|1031
15|486|531|1032
15|487|531|1033
15|488|531|1034
15|489|531|1035
15|490|531|1036
15|490|532|1037
15|491|532|1038
15|491|533|1039
15|492|533|1040
15|492|534|1041
15|493|534|1042
15|493|535|1043
15|494|535|1044
15|495|535|1045
15|496|535|1046
15|496|536|1047
15|497|536|1048
15|498|536|1049
15|498|537|1050
15|499|537|1051
15|499|538|1052
15|500|538|1053
15|500|539|1054
15|501|539|1055
15|501|540|1056
15|502|540|1057
15|502|541|1058
15|503|541|1059
15|503|542|1060
15|504|542|1061
15|504|543|1062
15|505|543|1063
15|505|544|1064
15|506|544|1065
15|506|545|1066
15|507|545|1067
15|507|546|1068
15|508|546|1069
15|508|547|1070
15|509|547|1071
15|509|548|1072
15|510|548|1073
15|510|549|1074
15|511|549|1075
15|511|550|1076
15|512|550|1077
15|512|551|1078
15|513|551|1079
15|513|552|1080
15|513|553|1081
15|514|553|1082
15|514|554|1083
15|515|554|1084
15|515|555|1085
15|516|555|1086
15|516|556|1087
15|517|556|1088
15|517|557|1089
15|518|557|1090
15|518|558|1091
15|519|558|1092
15|519|559|1093
15|520|559|1094
15|520|560|1095
15|521|560|1096
15|521|561|1097
15|521|562|1098
15|521|563|1099
15|521|564|1100
15|521|565|1101
15|521|566|1102
15|521|567|1103
15|521|568|1104
15|522|568|1105
15|522|569|1106
15|523|569|1107
15|523|570|1108
15|523|571|1109
15|524|571|1110
15|524|572|1111
15|524|573|1112
15|524|574|1113
15|525|574|1114
15|525|575|1115
15|526|575|1116
15|526|576|1117
15|527|576|1118
15|527|577|1119
15|528|577|1120
15|528|578|1121
15|529|578|1122
15|529|579|1123
15|530|579|1124
15|530|580|1125
15|531|580|1126
15|531|581|1127
15|532|581|1128
15|532|582|1129
15|533|582|1130
15|533|583|1131
15|534|583|1132
15|535|583|1133
15|535|584|1134
15|536|584|1135
15|536|585|1136
15|537|585|1137
15|537|586|1138
15|537|587|1139
15|537|588|1140
15|538|588|1141
15|538|589|1142
15|539|589|1143
15|539|590|1144
15|539|591|1145
15|540|591|1146
15|540|592|1147
15|540|593|1148
15|540|594|1149
15|541|594|1150
15|542|594|1151
15|542|595|1152
15|543|595|1153
15|543|596|1154
15|544|596|1155
15|544|597|1156
15|545|597|1157
15|545|598|1158
15|546|598|1159
15|546|599|1160
15|547|599|1161
15|547|600|1162
15|548|600|1163
15|548|601|1164
15|549|601|1165
15|549|602|1166
15|550|602|1167
15|550|603|1168
15|551|603|1169
15|551|604|1170
15|552|604|1171
15|552|605|1172
15|553|605|1173
15|553|606|1174
15|554|606|1175
15|554|607|1176
15|555|607|1177
15|555|608|1178
15|556|608|1179
15|556|609|1180
15|557|609|1181
15|557|610|1182
15|558|610|1183
15|558|611|1184
15|559|611|1185
15|559|612|1186
15|560|612|1187
15|560|613|1188
15|561|613|1189
15|561|614|1190
15|562|614|1191
15|562|615|1192
15|563|615|1193
15|563|616|1194
15|564|616|1195
15|564|617|1196
15|564|618|1197
15|564|619|1198
15|565|619|1199
15|565|620|1200
15|566|620|1201
15|566|621|1202
15|566|622|1203
15|566|623|1204
15|567|623|1205
15|568|623|1206
15|569|623|1207
15|570|623|1208
16|570|623|1209
16|571|623|1210
16|572|623|1211
16|573|623|1212
16|574|623|1213
16|575|623|1214
17|575|623|1215
17|576|623|1216
17|576|624|1217
17|577|624|1218
17|577|625|1219
17|578|625|1220
17|579|625|1221
17|580|625|1222
17|580|626|1223
17|581|626|1224
17|582|626|1225
17|582|627|1226
17|583|627|1227
17|583|628|1228
17|584|628|1229
17|584|629|1230
17|585|629|1231
17|585|630|1232
17|586|630|1233
17|586|631|1234
17|587|631|1235
17|587|632|1236
17|588|632|1237
17|588|633|1238
17|589|633|1239
17|589|634|1240
17|590|634|1241
17|590|635|1242
17|591|635|1243
17|591|636|1244
17|592|636|1245
17|592|637|1246
17|593|637|1247
17|593|638|1248
17|594|638|1249
17|594|639|1250
17|595|639|1251
17|595|640|1252
17|596|640|1253
17|596|641|1254
17|597|641|1255
17|597|642|1256
17|598|642|1257
17|598|643|1258
17|599|643|1259
17|599|644|1260
17|599|645|1261
17|600|645|1262
17|600|646|1263
17|601|646|1264
17|601|647|1265
17|602|647|1266
17|602|648|1267
17|603|648|1268
17|603|649|1269
17|604|649|1270
17|604|650|1271
17|605|650|1272
17|605|651|1273
17|606|651|1274
17|606|652|1275
17|607|652|1276
17|607|653|1277
17|608|653|1278
17|608|654|1279
17|608|655|1280
17|608|656|1281
17|608|657|1282
17|608|658|1283
17|608|659|1284
17|608|660|1285
17|608|661|1286
17|609|661|1287
17|609|662|1288
17|610|662|1289
17|610|663|1290
17|610|664|1291
17|611|664|1292
17|611|665|1293
17|612|665|1294
17|612|666|1295
17|613|666|1296
17|613|667|1297
17|614|667|1298
17|614|668|1299
17|615|668|1300
17|615|669|1301
17|616|669|1302
17|616|670|1303
17|617|670|1304
17|617|671|1305
17|618|671|1306
17|618|672|1307
17|619|672|1308
17|619|673|1309
17|620|673|1310
17|620|674|1311
17|621|674|1312
17|621|675|1313
17|622|675|1314
17|623|675|1315
17|623|676|1316
17|624|676|1317
17|624|677|1318
17|624|678|1319
17|624|679|1320
17|624|680|1321
17|624|681|1322
17|625|681|1323
17|625|682|1324
17|626|682|1325
17|626|683|1326
17|626|684|1327
17|627|684|1328
17|627|685|1329
17|627|686|1330
17|627|687|1331
17|628|687|1332
17|629|687|1333
17|629|688|1334
17|630|688|1335
17|630|689|1336
17|631|689|1337
17|631|690|1338
17|632|690|1339
17|632|691|1340
17|633|691|1341
17|633|692|1342
17|634|692|1343
17|634|693|1344
17|635|693|1345
17|635|694|1346
17|636|694|1347
17|636|695|1348
17|637|695|1349
17|637|696|1350
17|638|696|1351
17|638|697|1352
17|639|697|1353
17|639|698|1354
17|640|698|1355
17|640|699|1356
17|641|699|1357
17|641|700|1358
17|642|700|1359
17|642|701|1360
17|643|701|1361
17|643|702|1362
17|644|702|1363
17|644|703|1364
17|645|703|1365
17|645|704|1366
17|646|704|1367
17|646|705|1368
17|647|705|1369
17|647|706|1370
17|648|706|1371
17|648|707|1372
17|649|707|1373
17|649|708|1374
17|650|708|1375
17|650|709|1376
17|651|709|1377
17|651|710|1378
17|651|711|1379
17|651|712|1380
17|652|712|1381
17|652|713|1382
17|653|713|1383
17|653|714|1384
17|653|715|1385
17|653|716|1386
17|653|717|1387
17|654|717|1388
17|654|718|1389
17|655|718|1390
17|655|719|1391
17|656|719|1392
18|656|719|1393
18|657|719|1394
18|657|720|1395
18|658|720|1396
19|658|720|1397
19|659|720|1398
19|659|721|1399
19|660|721|1400
19|661|721|1401
19|662|721|1402
19|662|722|1403
19|663|722|1404
19|664|722|1405
19|665|722|1406
19|666|722|1407
19|666|723|1408
19|667|723|1409
19|667|724|1410
19|668|724|1411
19|668|725|1412
19|669|725|1413
19|669|726|1414
19|670|726|1415
19|670|727|1416
19|671|727|1417
19|671|728|1418
19|672|728|1419
19|672|729|1420
19|673|729|1421
19|673|730|1422
19|674|730|1423
19|674|731|1424
19|675|731|1425
19|675|732|1426
19|676|732|1427
19|676|733|1428
19|677|733|1429
19|677|734|1430
19|678|734|1431
19|678|735|1432
19|679|735|1433
19|679|736|1434
19|680|736|1435
19|680|737|1436
19|681|737|1437
19|681|738|1438
19|682|738|1439
19|682|739|1440
19|683|739|1441
19|683|740|1442
19|683|741|1443
19|684|741|1444
19|684|742|1445
19|685|742|1446
19|685|743|1447
19|686|743|1448
19|686|744|1449
19|687|744|1450
19|687|745|1451
19|688|745|1452
19|688|746|1453
19|689|746|1454
19|689|747|1455
19|690|747|1456
19|690|748|1457
19|691|748|1458
19|691|749|1459
19|692|749|1460
19|692|750|1461
19|692|751|1462
19|692|752|1463
19|692|753|1464
19|692|754|1465
19|693|754|1466
19|693|755|1467
19|693|756|1468
19|694|756|1469
19|694|757|1470
19|695|757|1471
19|695|758|1472
19|695|759|1473
19|696|759|1474
19|696|760|1475
19|697|760|1476
19|697|761|1477
19|698|761|1478
19|698|762|1479
19|699|762|1480
19|699|763|1481
19|700|763|1482
19|700|764|1483
19|701|764|1484
19|701|765|1485
19|702|765|1486
19|702|766|1487
19|703|766|1488
19|703|767|1489
19|704|767|1490
19|704|768|1491
19|705|768|1492
19|705|769|1493
19|706|769|1494
19|706|770|1495
19|707|770|1496
19|708|770|1497
19|708|771|1498
19|709|771|1499
19|709|772|1500
19|709|773|1501
19|709|774|1502
19|709|775|1503
19|709|776|1504
19|710|776|1505
19|710|777|1506
19|711|777|1507
19|711|778|1508
19|711|779|1509
19|712|779|1510
19|712|780|1511
19|713|780|1512
19|713|781|1513
19|714|781|1514
19|715|781|1515
19|715|782|1516
19|716|782|1517
19|716|783|1518
19|717|783|1519
19|717|784|1520
19|718|784|1521
19|718|785|1522
19|719|785|1523
19|719|786|1524
19|720|786|1525
19|720|787|1526
19|721|787|1527
19|721|788|1528
19|722|788|1529
19|722|789|1530
19|723|789|1531
19|723|790|1532
19|724|790|1533
19|724|791|1534
19|725|791|1535
19|725|792|1536
19|726|792|1537
19|726|793|1538
19|727|793|1539
19|727|794|1540
19|728|794|1541
19|728|795|1542
19|729|795|1543
19|729|796|1544
19|730|796|1545
19|730|797|1546
19|731|797|1547
19|731|798|1548
19|732|798|1549
19|732|799|1550
19|733|799|1551
19|733|800|1552
19|734|800|1553
19|734|801|1554
19|735|801|1555
19|735|802|1556
19|736|802|1557
19|736|803|1558
19|737|803|1559
19|737|804|1560
19|737|805|1561
19|737|806|1562
19|737|807|1563
19|737|808|1564
19|738|808|1565
19|738|809|1566
19|738|810|1567
19|738|811|1568
19|738|812|1569
19|739|812|1570
19|739|813|1571
19|740|813|1572
19|740|814|1573
19|741|814|1574
19|741|815|1575
19|742|815|1576
19|742|816|1577
19|743|816|1578
20|743|816|1579
20|744|816|1580
20|745|816|1581
20|746|816|1582
20|747|816|1583
20|748|816|1584
21|748|816|1585
21|749|816|1586
22|749|816|1587
22|750|816|1588
22|751|816|1589
22|751|817|1590
22|752|817|1591
22|752|818|1592
22|753|818|1593
22|753|819|1594
22|754|819|1595
22|754|820|1596
22|755|820|1597
22|755|821|1598
22|756|821|1599
22|756|822|1600
22|757|822|1601
22|757|823|1602
22|758|823|1603
22|758|824|1604
22|759|824|1605
22|759|825|1606
22|760|825|1607
22|760|826|1608
22|761|826|1609
22|761|827|1610
22|762|827|1611
22|762|828|1612
22|763|828|1613
22|763|829|1614
22|764|829|1615
22|764|830|1616
22|765|830|1617
22|765|831|1618
22|766|831|1619
22|766|832|1620
22|767|832|1621
22|767|833|1622
22|768|833|1623
22|768|834|1624
22|768|835|1625
22|769|835|1626
22|769|836|1627
22|770|836|1628
22|770|837|1629
22|771|837|1630
22|771|838|1631
22|772|838|1632
22|772|839|1633
22|773|839|1634
22|773|840|1635
22|774|840|1636
22|774|841|1637
22|775|841|1638
22|775|842|1639
22|776|842|1640
22|776|843|1641
22|777|843|1642
22|777|844|1643
22|777|845|1644
22|777|846|1645
22|777|847|1646
22|777|848|1647
22|777|849|1648
22|777|850|1649
22|777|851|1650
22|778|851|1651
22|778|852|1652
22|779|852|1653
22|779|853|1654
22|779|854|1655
22|780|854|1656
22|780|855|1657
22|781|855|1658
22|781|856|1659
22|782|856|1660
22|782|857|1661
22|783|857|1662
22|783|858|1663
22|784|858|1664
22|784|859|1665
22|785|859|1666
22|785|860|1667
22|786|860|1668
22|786|861|1669
22|787|861|1670
22|787|862|1671
22|788|862|1672
22|788|863|1673
22|789|863|1674
22|790|863|1675
22|790|864|1676
22|791|864|1677
22|791|865|1678
22|791|866|1679
22|791|867|1680
22|791|868|1681
22|791|869|1682
22|792|869|1683
22|792|870|1684
22|793|870|1685
22|793|871|1686
22|793|872|1687
22|794|872|1688
22|794|873|1689
22|795|873|1690
22|796|873|1691
22|796|874|1692
22|797|874|1693
22|797|875|1694
22|798|875|1695
22|798|876|1696
22|799|876|1697
22|799|877|1698
22|800|877|1699
22|800|878|1700
22|801|878|1701
22|801|879|1702
22|802|879|1703
22|802|880|1704
22|803|880|1705
22|803|881|1706
22|804|881|1707
22|804|882|1708
22|805|882|1709
22|805|883|1710
22|806|883|1711
22|806|884|1712
22|807|884|1713
22|807|885|1714
22|808|885|1715
22|808|886|1716
22|809|886|1717
22|809|887|1718
22|810|887|1719
22|810|888|1720
22|811|888|1721
22|811|889|1722
22|812|889|1723
22|812|890|1724
22|813|890|1725
22|813|891|1726
22|813|892|1727
22|813|893|1728
22|814|893|1729
22|814|894|1730
22|815|894|1731
22|815|895|1732
22|815|896|1733
22|815|897|1734
22|815|898|1735
22|815|899|1736
22|815|900|1737
22|815|901|1738
22|815|902|1739
22|816|902|1740
22|816|903|1741
22|817|903|1742
22|818|903|1743
22|819|903|1744
22|819|904|1745
22|820|904|1746
23|820|904|1747
23|821|904|1748
23|822|904|1749
23|823|904|1750
23|823|905|1751
23|824|905|1752
23|825|905|1753
23|826|905|1754
23|827|905|1755
23|828|905|1756
23|829|905|1757
23|829|906|1758
23|830|906|1759
23|830|907|1760
23|831|907|1761
23|831|908|1762
23|832|908|1763
23|832|909|1764
23|833|909|1765
23|833|910|1766
23|834|910|1767
23|834|911|1768
23|835|911|1769
23|835|912|1770
23|836|912|1771
23|836|913|1772
23|837|913|1773
23|837|914|1774
23|838|914|1775
23|838|915|1776
23|839|915|1777
23|839|916|1778
23|840|916|1779
23|840|917|1780
23|841|917|1781
23|841|918|1782
23|842|918|1783
23|842|919|1784
23|843|919|1785
23|843|920|1786
23|844|920|1787
23|844|921|1788
