total
0|1|0|1
0|2|0|2
0|3|0|3
0|3|1|4
0|4|1|5
0|4|2|6
0|5|2|7
0|6|2|8
0|6|3|9
0|7|3|10
0|7|4|11
0|8|4|12
0|8|5|13
0|9|5|14
0|10|5|15
0|11|5|16
0|11|6|17
0|12|6|18
0|12|7|19
0|13|7|20
0|14|7|21
0|14|8|22
0|14|9|23
0|14|10|24
0|14|11|25
0|14|12|26
0|14|13|27
0|14|14|28
1|14|14|29
1|14|15|30
1|14|16|31
1|15|16|32
1|15|17|33
1|16|17|34
1|17|17|35
1|17|18|36
2|17|18|37
2|17|19|38
2|18|19|39
2|18|20|40
2|19|20|41
2|19|21|42
2|20|21|43
2|20|22|44
2|21|22|45
2|21|23|46
2|22|23|47
2|22|24|48
2|23|24|49
2|23|25|50
2|24|25|51
2|24|26|52
2|25|26|53
2|25|27|54
2|26|27|55
2|26|28|56
2|27|28|57
2|27|29|58
2|27|30|59
2|28|30|60
2|28|31|61
2|29|31|62
2|29|32|63
2|29|33|64
2|30|33|65
2|31|33|66
2|31|34|67
2|32|34|68
2|32|35|69
2|33|35|70
2|34|35|71
2|34|36|72
2|35|36|73
3|35|36|74
3|36|36|75
3|36|37|76
3|36|38|77
3|37|38|78
3|37|39|79
3|38|39|80
3|38|40|81
3|39|40|82
3|39|41|83
3|40|41|84
3|40|42|85
3|41|42|86
3|41|43|87
3|42|43|88
3|42|44|89
3|43|44|90
3|43|45|91
3|44|45|92
3|44|46|93
3|45|46|94
3|45|47|95
3|46|47|96
3|46|48|97
3|47|48|98
3|47|49|99
3|48|49|100
3|48|50|101
3|49|50|102
3|49|51|103
3|50|51|104
3|50|52|105
3|51|52|106
3|51|53|107
3|52|53|108
3|52|54|109
3|53|54|110
3|53|55|111
3|54|55|112
3|54|56|113
3|55|56|114
3|55|57|115
3|56|57|116
4|56|57|117
5|56|57|118
5|56|58|119
5|57|58|120
5|57|59|121
5|58|59|122
5|58|60|123
5|58|61|124
5|58|62|125
5|59|62|126
5|59|63|127
5|59|64|128
5|59|65|129
5|59|66|130
5|60|66|131
5|60|67|132
5|61|67|133
6|61|67|134
6|62|67|135
6|62|68|136
6|63|68|137
6|64|68|138
6|65|68|139
6|65|69|140
6|66|69|141
6|66|70|142
6|67|70|143
6|67|71|144
6|68|71|145
7|68|71|146
7|69|71|147
7|69|72|148
7|70|72|149
7|70|73|150
7|70|74|151
7|71|74|152
7|71|75|153
7|72|75|154
7|72|76|155
7|73|76|156
7|73|77|157
7|74|77|158
7|74|78|159
7|75|78|160
7|75|79|161
7|76|79|162
7|76|80|163
7|77|80|164
7|77|81|165
7|78|81|166
7|78|82|167
7|79|82|168
7|79|83|169
7|80|83|170
7|80|84|171
7|81|84|172
7|81|85|173
7|82|85|174
7|82|86|175
7|83|86|176
7|83|87|177
7|84|87|178
7|84|88|179
7|85|88|180
7|85|89|181
7|86|89|182
7|86|90|183
7|87|90|184
7|87|91|185
7|88|91|186
7|89|91|187
7|89|92|188
7|90|92|189
7|90|93|190
7|91|93|191
7|91|94|192
7|92|94|193
7|92|95|194
7|93|95|195
7|93|96|196
7|94|96|197
7|94|97|198
7|95|97|199
7|95|98|200
7|96|98|201
7|96|99|202
7|97|99|203
7|97|100|204
7|97|101|205
7|97|102|206
7|97|103|207
7|97|104|208
7|97|105|209
7|97|106|210
7|97|107|211
7|98|107|212
7|98|108|213
7|99|108|214
7|100|108|215
7|100|109|216
7|100|110|217
7|100|111|218
7|101|111|219
7|101|112|220
7|102|112|221
7|102|113|222
7|103|113|223
7|103|114|224
7|104|114|225
7|104|115|226
7|105|115|227
7|105|116|228
7|106|116|229
7|106|117|230
7|107|117|231
7|107|118|232
7|108|118|233
7|108|119|234
7|109|119|235
7|109|120|236
7|109|121|237
7|110|121|238
7|110|122|239
7|111|122|240
7|111|123|241
7|112|123|242
7|112|124|243
7|113|124|244
7|113|125|245
7|114|125|246
7|115|125|247
7|115|126|248
7|115|127|249
7|115|128|250
7|116|128|251
7|116|129|252
7|116|130|253
7|117|130|254
7|117|131|255
7|118|131|256
7|118|132|257
7|119|132|258
7|119|133|259
7|120|133|260
7|120|134|261
7|121|134|262
7|121|135|263
7|122|135|264
7|122|136|265
7|123|136|266
7|123|137|267
7|124|137|268
7|124|138|269
7|125|138|270
7|125|139|271
7|126|139|272
7|126|140|273
7|127|140|274
7|127|141|275
7|128|141|276
7|128|142|277
7|128|143|278
7|128|144|279
7|129|144|280
7|129|145|281
7|130|145|282
7|130|146|283
7|130|147|284
7|131|147|285
7|131|148|286
7|132|148|287
7|132|149|288
7|133|149|289
8|133|149|290
8|134|149|291
9|134|149|292
9|135|149|293
10|135|149|294
10|136|149|295
10|136|150|296
10|137|150|297
10|137|151|298
10|138|151|299
10|139|151|300
10|140|151|301
10|140|152|302
10|140|153|303
10|141|153|304
10|141|154|305
10|142|154|306
10|142|155|307
10|143|155|308
10|143|156|309
10|144|156|310
10|144|157|311
10|145|157|312
10|145|158|313
10|146|158|314
10|146|159|315
10|147|159|316
10|147|160|317
10|148|160|318
10|148|161|319
10|149|161|320
10|149|162|321
10|150|162|322
10|150|163|323
10|151|163|324
10|151|164|325
10|152|164|326
10|152|165|327
10|153|165|328
10|153|166|329
10|154|166|330
10|154|167|331
10|155|167|332
10|155|168|333
10|156|168|334
10|157|168|335
10|157|169|336
10|158|169|337
10|158|170|338
10|159|170|339
10|159|171|340
10|160|171|341
10|160|172|342
10|161|172|343
10|161|173|344
10|162|173|345
10|162|174|346
10|163|174|347
10|163|175|348
10|164|175|349
10|164|176|350
10|164|177|351
10|164|178|352
10|164|179|353
10|164|180|354
10|164|181|355
10|164|182|356
10|164|183|357
10|165|183|358
10|165|184|359
10|166|184|360
10|167|184|361
10|167|185|362
10|167|186|363
10|167|187|364
10|168|187|365
10|168|188|366
10|169|188|367
10|169|189|368
10|170|190|370
10|170|191|371
10|171|191|372
10|171|192|373
10|172|192|374
10|172|193|375
10|173|193|376
10|173|194|377
10|174|194|378
10|174|195|379
10|175|195|380
10|175|196|381
10|176|196|382
10|177|196|383
10|177|197|384
10|178|197|385
10|178|198|386
10|179|198|387
10|179|199|388
10|180|199|389
10|180|200|390
10|181|200|391
10|181|201|392
10|181|202|393
10|182|202|394
10|182|203|395
10|182|204|396
10|182|205|397
10|183|205|398
10|184|205|399
10|184|206|400
10|185|206|401
10|185|207|402
10|186|207|403
10|186|208|404
10|187|208|405
10|187|209|406
10|188|209|407
10|188|210|408
10|189|210|409
10|189|211|410
10|190|211|411
10|190|212|412
10|191|212|413
10|191|213|414
10|192|213|415
10|192|214|416
10|193|214|417
10|193|215|418
10|194|215|419
10|194|216|420
10|195|216|421
10|195|217|422
10|195|218|423
10|195|219|424
10|196|219|425
10|196|220|426
10|197|220|427
10|197|221|428
10|197|222|429
10|197|223|430
10|198|223|431
10|199|223|432
10|199|224|433
10|200|224|434
11|200|224|435
11|201|224|436
11|201|225|437
11|202|225|438
11|203|225|439
11|204|225|440
12|204|225|441
12|205|225|442
13|205|225|443
13|206|225|444
13|207|225|445
13|208|225|446
13|208|226|447
13|209|226|448
13|210|226|449
13|210|227|450
13|211|227|451
13|211|228|452
13|212|228|453
13|212|229|454
13|213|229|455
13|213|230|456
13|214|230|457
13|214|231|458
13|215|231|459
13|215|232|460
13|216|232|461
13|216|233|462
13|217|233|463
13|217|234|464
13|218|234|465
13|218|235|466
13|219|235|467
13|219|236|468
13|220|236|469
13|220|237|470
13|221|237|471
13|221|238|472
13|222|238|473
13|222|239|474
13|223|239|475
13|223|240|476
13|224|240|477
13|224|241|478
13|225|241|479
13|225|242|480
13|225|243|481
13|226|243|482
13|226|244|483
13|227|244|484
13|227|245|485
13|228|245|486
13|228|246|487
13|229|246|488
13|229|247|489
13|230|247|490
13|230|248|491
13|231|248|492
13|231|249|493
13|232|249|494
13|232|250|495
13|233|250|496
13|233|251|497
13|233|252|498
13|233|253|499
13|233|254|500
13|234|254|501
13|234|255|502
13|235|255|503
13|235|256|504
13|236|256|505
13|236|257|506
13|236|258|507
13|237|258|508
13|238|258|509
13|238|259|510
13|238|260|511
13|239|260|512
13|239|261|513
13|240|261|514
13|240|262|515
13|241|262|516
13|241|263|517
13|242|263|518
13|242|264|519
13|243|264|520
13|243|265|521
13|244|265|522
13|244|266|523
13|245|266|524
13|245|267|525
13|246|267|526
13|246|268|527
13|247|268|528
13|248|268|529
13|248|269|530
13|249|269|531
13|249|270|532
13|250|270|533
13|250|271|534
13|251|271|535
13|251|272|536
13|252|272|537
13|252|273|538
13|252|274|539
13|253|274|540
13|254|274|541
13|254|275|542
13|254|276|543
13|255|276|544
13|256|276|545
13|256|277|546
13|257|277|547
13|257|278|548
13|258|278|549
13|258|279|550
13|259|279|551
13|259|280|552
13|260|280|553
13|260|281|554
13|261|281|555
13|261|282|556
13|262|282|557
13|262|283|558
13|263|283|559
13|263|284|560
13|264|284|561
13|264|285|562
13|265|285|563
13|265|286|564
13|266|286|565
13|266|287|566
13|267|287|567
13|267|288|568
13|268|288|569
13|268|289|570
13|269|289|571
13|269|290|572
13|270|290|573
13|270|291|574
13|271|291|575
13|271|292|576
13|272|292|577
13|272|293|578
13|273|293|579
13|273|294|580
13|274|294|581
13|274|295|582
13|275|295|583
13|275|296|584
13|275|297|585
13|275|298|586
13|276|298|587
13|276|299|588
13|277|299|589
13|277|300|590
13|277|301|591
13|277|302|592
13|278|302|593
13|279|302|594
13|279|303|595
13|280|303|596
14|280|303|597
14|281|303|598
14|281|304|599
14|282|304|600
14|282|305|601
14|283|305|602
14|284|305|603
14|285|305|604
14|285|306|605
14|286|306|606
14|286|307|607
14|287|307|608
14|288|307|609
14|289|307|610
14|290|307|611
14|290|308|612
14|291|308|613
14|291|309|614
14|292|309|615
14|292|310|616
14|293|310|617
14|293|311|618
14|294|311|619
14|294|312|620
14|295|312|621
14|295|313|622
14|296|313|623
14|296|314|624
14|297|314|625
14|297|315|626
14|297|316|627
14|298|316|628
14|298|317|629
14|299|317|630
14|299|318|631
14|300|318|632
14|300|319|633
14|301|319|634
14|301|320|635
14|302|320|636
14|302|321|637
14|303|321|638
14|303|322|639
14|304|322|640
14|304|323|641
14|305|323|642
14|305|324|643
14|305|325|644
14|305|326|645
14|305|327|646
14|305|328|647
15|305|328|648
15|306|328|649
15|306|329|650
15|307|329|651
15|307|330|652
15|307|331|653
15|308|331|654
15|308|332|655
16|308|332|656
16|308|333|657
16|309|333|658
16|309|334|659
16|310|334|660
16|310|335|661
16|311|335|662
16|311|336|663
16|312|336|664
16|312|337|665
16|313|337|666
16|313|338|667
16|314|338|668
16|314|339|669
16|315|339|670
16|315|340|671
16|316|340|672
16|316|341|673
16|317|341|674
16|318|341|675
16|318|342|676
16|319|342|677
16|319|343|678
16|319|344|679
17|319|344|680
17|320|344|681
17|320|345|682
17|321|345|683
17|321|346|684
17|321|347|685
17|322|347|686
17|322|348|687
18|322|348|688
18|322|349|689
18|323|349|690
18|324|349|691
18|324|350|692
18|325|350|693
18|325|351|694
18|326|351|695
18|326|352|696
18|327|352|697
18|327|353|698
18|328|353|699
18|328|354|700
18|329|354|701
18|329|355|702
18|330|355|703
18|330|356|704
18|331|356|705
18|331|357|706
18|332|357|707
18|332|358|708
18|333|358|709
18|333|359|710
18|334|359|711
18|334|360|712
18|335|360|713
18|335|361|714
18|336|361|715
18|336|362|716
18|337|362|717
18|337|363|718
18|338|363|719
18|338|364|720
18|339|364|721
18|339|365|722
18|340|365|723
18|340|366|724
18|341|366|725
18|341|367|726
18|342|367|727
18|342|368|728
18|343|368|729
18|343|369|730
18|343|370|731
18|343|371|732
18|344|371|733
19|344|371|734
19|344|372|735
20|344|372|736
20|344|373|737
20|344|374|738
20|344|375|739
20|345|375|740
20|346|375|741
20|347|375|742
21|347|375|743
21|348|375|744
21|348|376|745
21|349|376|746
21|349|377|747
21|350|377|748
21|351|377|749
21|352|377|750
21|352|378|751
21|353|378|752
21|353|379|753
21|354|379|754
22|354|379|755
22|355|379|756
22|356|379|757
22|356|380|758
22|357|380|759
22|357|381|760
22|358|381|761
22|358|382|762
22|359|382|763
22|359|383|764
22|360|383|765
22|360|384|766
22|361|384|767
22|361|385|768
22|362|385|769
22|362|386|770
22|363|386|771
22|363|387|772
22|364|387|773
22|364|388|774
22|365|388|775
22|365|389|776
22|366|389|777
22|366|390|778
22|367|390|779
22|367|391|780
22|368|391|781
22|368|392|782
22|369|392|783
22|369|393|784
22|370|393|785
22|370|394|786
22|371|394|787
22|371|395|788
22|371|396|789
22|372|396|790
22|372|397|791
22|373|397|792
22|373|398|793
22|374|398|794
22|374|399|795
22|375|399|796
22|375|400|797
22|376|400|798
22|376|401|799
22|377|401|800
22|377|402|801
22|378|402|802
22|378|403|803
22|379|403|804
22|379|404|805
22|379|405|806
22|379|406|807
22|379|407|808
22|380|407|809
22|380|408|810
22|381|408|811
22|381|409|812
22|382|409|813
22|382|410|814
22|382|411|815
22|383|411|816
22|384|411|817
22|384|412|818
22|384|413|819
22|385|413|820
22|385|414|821
22|386|414|822
22|386|415|823
22|387|415|824
22|387|416|825
22|388|416|826
22|388|417|827
22|389|417|828
22|389|418|829
22|390|418|830
22|390|419|831
22|391|419|832
22|391|420|833
22|392|420|834
22|392|421|835
22|393|421|836
22|394|421|837
22|394|422|838
22|395|422|839
22|395|423|840
22|396|423|841
22|396|424|842
22|397|424|843
22|397|425|844
22|398|425|845
22|398|426|846
22|398|427|847
22|399|427|848
22|400|427|849
22|400|428|850
22|400|429|851
22|401|429|852
22|402|429|853
22|402|430|854
22|403|430|855
22|403|431|856
22|404|431|857
22|404|432|858
22|405|432|859
22|405|433|860
22|406|433|861
22|406|434|862
22|407|434|863
22|407|435|864
22|408|435|865
22|408|436|866
22|409|436|867
22|409|437|868
22|410|437|869
22|410|438|870
22|411|438|871
22|411|439|872
22|412|439|873
22|412|440|874
22|413|440|875
22|413|441|876
22|414|441|877
22|414|442|878
22|415|442|879
22|415|443|880
22|416|443|881
22|416|444|882
22|417|444|883
22|417|445|884
22|418|445|885
22|418|446|886
22|419|446|887
22|419|447|888
22|420|447|889
22|420|448|890
22|421|448|891
22|421|449|892
22|421|450|893
22|421|451|894
22|422|451|895
22|422|452|896
22|423|452|897
22|423|453|898
22|423|454|899
22|423|455|900
23|423|455|901
23|424|455|902
23|424|456|903
23|425|456|904
23|425|457|905
23|426|457|906
23|426|458|907
23|427|458|908
23|428|458|909
23|429|458|910
23|430|458|911
23|431|458|912
24|431|458|913
24|432|458|914
24|433|458|915
24|434|458|916
24|434|459|917
24|435|459|918
24|436|459|919
24|436|460|920
24|437|460|921
24|437|461|922
24|438|461|923
24|438|462|924
24|439|462|925
24|439|463|926
24|440|463|927
24|440|464|928
24|441|464|929
24|441|465|930
24|442|465|931
24|442|466|932
24|443|466|933
24|443|467|934
24|443|468|935
24|444|468|936
24|444|469|937
24|445|469|938
24|445|470|939
24|446|470|940
24|446|471|941
24|447|471|942
24|447|472|943
24|448|472|944
24|448|473|945
24|449|473|946
24|449|474|947
24|450|474|948
24|450|475|949
24|451|475|950
24|451|476|951
24|451|477|952
24|451|478|953
24|451|479|954
24|451|480|955
25|451|480|956
25|452|480|957
25|452|481|958
25|453|481|959
25|453|482|960
25|453|483|961
25|454|483|962
25|454|484|963
26|454|484|964
26|454|485|965
26|455|485|966
26|455|486|967
26|456|486|968
26|456|487|969
26|457|487|970
26|457|488|971
26|458|488|972
26|458|489|973
26|459|489|974
26|459|490|975
26|460|490|976
26|460|491|977
26|461|491|978
26|461|492|979
26|462|492|980
26|462|493|981
26|463|493|982
26|464|493|983
26|464|494|984
26|465|494|985
26|465|495|986
26|466|495|987
26|466|496|988
26|467|496|989
26|467|497|990
26|468|497|991
26|468|498|992
26|468|499|993
26|469|499|994
26|469|500|995
26|469|501|996
26|469|502|997
26|470|502|998
26|471|502|999
26|471|503|1000
26|472|503|1001
26|472|504|1002
26|473|504|1003
26|473|505|1004
26|474|505|1005
26|474|506|1006
26|475|506|1007
26|475|507|1008
26|476|507|1009
26|476|508|1010
26|477|508|1011
26|477|509|1012
26|478|509|1013
26|478|510|1014
26|479|510|1015
26|479|511|1016
26|480|511|1017
26|480|512|1018
26|481|512|1019
26|481|513|1020
26|482|513|1021
26|482|514|1022
26|483|514|1023
26|483|515|1024
26|484|515|1025
26|484|516|1026
26|485|516|1027
26|485|517|1028
26|486|517|1029
26|486|518|1030
26|486|519|1031
26|487|519|1032
26|487|520|1033
26|488|520|1034
26|488|521|1035
26|489|521|1036
26|490|521|1037
26|491|521|1038
27|491|521|1039
27|492|521|1040
28|492|521|1041
28|493|521|1042
29|493|521|1043
29|494|521|1044
29|495|521|1045
29|496|521|1046
29|496|522|1047
29|497|522|1048
29|498|522|1049
29|498|523|1050
29|499|523|1051
29|499|524|1052
29|500|524|1053
29|500|525|1054
29|501|525|1055
29|501|526|1056
29|502|526|1057
29|502|527|1058
29|503|527|1059
29|503|528|1060
29|504|528|1061
29|504|529|1062
29|505|529|1063
29|505|530|1064
29|506|530|1065
29|506|531|1066
29|507|531|1067
29|507|532|1068
29|508|532|1069
29|508|533|1070
29|509|533|1071
29|509|534|1072
29|510|534|1073
29|510|535|1074
29|511|535|1075
29|511|536|1076
29|512|536|1077
29|512|537|1078
29|513|537|1079
29|513|538|1080
29|513|539|1081
29|514|539|1082
29|514|540|1083
29|515|540|1084
29|515|541|1085
29|516|541|1086
29|516|542|1087
29|517|542|1088
29|517|543|1089
29|518|543|1090
29|518|544|1091
29|519|544|1092
29|519|545|1093
29|520|545|1094
29|520|546|1095
29|521|546|1096
29|521|547|1097
29|521|548|1098
29|521|549|1099
29|521|550|1100
29|521|551|1101
30|521|551|1102
30|521|552|1103
30|522|552|1104
30|523|552|1105
30|523|553|1106
30|524|553|1107
30|524|554|1108
30|524|555|1109
30|525|555|1110
30|525|556|1111
30|526|556|1112
30|526|557|1113
30|527|557|1114
30|527|558|1115
30|528|558|1116
30|528|559|1117
30|529|559|1118
30|529|560|1119
30|530|560|1120
30|530|561|1121
30|531|561|1122
30|531|562|1123
30|532|562|1124
30|532|563|1125
30|533|563|1126
30|533|564|1127
30|534|564|1128
30|534|565|1129
30|535|565|1130
30|535|566|1131
30|536|566|1132
30|537|566|1133
30|537|567|1134
30|538|567|1135
30|538|568|1136
30|539|568|1137
30|539|569|1138
30|539|570|1139
30|540|570|1140
30|541|570|1141
30|541|571|1142
30|542|571|1143
30|542|572|1144
30|542|573|1145
30|543|573|1146
30|543|574|1147
30|544|574|1148
30|544|575|1149
30|545|575|1150
30|546|575|1151
30|546|576|1152
30|547|576|1153
30|547|577|1154
30|548|577|1155
30|548|578|1156
30|549|578|1157
30|549|579|1158
30|550|579|1159
30|550|580|1160
30|551|580|1161
30|551|581|1162
30|552|581|1163
30|552|582|1164
30|553|582|1165
30|553|583|1166
30|554|583|1167
30|554|584|1168
30|555|584|1169
30|555|585|1170
30|556|585|1171
30|556|586|1172
30|557|586|1173
30|557|587|1174
30|558|587|1175
30|558|588|1176
30|559|588|1177
30|559|589|1178
30|560|589|1179
30|560|590|1180
30|561|590|1181
30|561|591|1182
30|562|591|1183
30|562|592|1184
30|563|592|1185
30|563|593|1186
30|564|593|1187
30|564|594|1188
30|565|594|1189
30|565|595|1190
30|566|595|1191
31|566|595|1192
31|567|595|1193
31|567|596|1194
31|568|596|1195
31|568|597|1196
31|568|598|1197
31|568|599|1198
31|569|599|1199
31|569|600|1200
31|569|601|1201
31|569|602|1202
31|569|603|1203
31|569|604|1204
31|569|605|1205
31|570|605|1206
31|571|605|1207
31|572|605|1208
32|572|605|1209
32|573|605|1210
32|573|606|1211
32|574|606|1212
32|575|606|1213
32|576|606|1214
33|576|606|1215
33|577|606|1216
33|578|606|1217
33|579|606|1218
34|579|606|1219
34|580|606|1220
34|580|607|1221
34|581|607|1222
34|581|608|1223
34|582|608|1224
34|583|608|1225
34|583|609|1226
34|584|609|1227
34|584|610|1228
34|585|610|1229
34|585|611|1230
34|586|611|1231
34|586|612|1232
34|587|612|1233
34|587|613|1234
34|588|613|1235
34|588|614|1236
34|589|614|1237
34|589|615|1238
34|590|615|1239
34|590|616|1240
34|591|616|1241
34|591|617|1242
34|592|617|1243
34|592|618|1244
34|593|618|1245
34|593|619|1246
34|594|619|1247
34|594|620|1248
34|595|620|1249
34|595|621|1250
34|596|621|1251
34|596|622|1252
34|597|622|1253
34|597|623|1254
34|598|623|1255
34|598|624|1256
34|599|624|1257
34|599|625|1258
34|600|625|1259
34|600|626|1260
34|600|627|1261
34|601|627|1262
34|601|628|1263
34|602|628|1264
34|602|629|1265
34|603|629|1266
34|603|630|1267
34|604|630|1268
34|604|631|1269
34|605|631|1270
34|605|632|1271
34|606|632|1272
34|606|633|1273
34|607|633|1274
34|607|634|1275
34|608|634|1276
34|608|635|1277
34|609|635|1278
34|609|636|1279
34|609|637|1280
34|609|638|1281
34|609|639|1282
34|609|640|1283
34|609|641|1284
34|610|641|1285
34|611|641|1286
34|612|641|1287
34|612|642|1288
34|613|642|1289
34|613|643|1290
34|613|644|1291
34|614|644|1292
34|614|645|1293
34|614|646|1294
34|614|647|1295
34|615|647|1296
34|615|648|1297
34|616|648|1298
34|616|649|1299
34|617|649|1300
34|617|650|1301
34|618|650|1302
34|618|651|1303
34|619|651|1304
34|619|652|1305
34|620|652|1306
34|620|653|1307
34|621|653|1308
34|621|654|1309
34|622|654|1310
34|622|655|1311
34|623|655|1312
34|623|656|1313
34|624|656|1314
34|625|656|1315
34|625|657|1316
34|626|657|1317
34|626|658|1318
34|627|658|1319
34|627|659|1320
34|627|660|1321
34|627|661|1322
34|628|661|1323
34|628|662|1324
34|629|662|1325
34|629|663|1326
34|629|664|1327
34|630|664|1328
34|630|665|1329
34|630|666|1330
34|630|667|1331
34|631|667|1332
34|632|667|1333
34|632|668|1334
34|633|668|1335
34|633|669|1336
34|634|669|1337
34|634|670|1338
34|635|670|1339
34|635|671|1340
34|636|671|1341
34|636|672|1342
34|637|672|1343
34|637|673|1344
34|638|673|1345
34|638|674|1346
34|639|674|1347
34|639|675|1348
34|640|675|1349
34|640|676|1350
34|641|676|1351
34|641|677|1352
34|642|677|1353
34|642|678|1354
34|643|678|1355
34|643|679|1356
34|644|679|1357
34|644|680|1358
34|645|680|1359
34|645|681|1360
34|646|681|1361
34|646|682|1362
34|647|682|1363
34|647|683|1364
34|648|683|1365
34|648|684|1366
34|649|684|1367
34|649|685|1368
34|650|685|1369
34|650|686|1370
34|651|686|1371
34|651|687|1372
34|652|687|1373
34|652|688|1374
34|653|688|1375
34|653|689|1376
34|654|689|1377
34|654|690|1378
34|654|691|1379
34|654|692|1380
34|654|693|1381
34|654|694|1382
34|654|695|1383
34|654|696|1384
34|654|697|1385
34|654|698|1386
34|655|698|1387
34|656|698|1388
34|657|698|1389
34|658|698|1390
34|658|699|1391
34|659|699|1392
34|659|700|1393
34|660|700|1394
34|661|700|1395
34|662|700|1396
35|662|700|1397
35|663|700|1398
35|663|701|1399
35|664|701|1400
36|664|701|1401
36|665|701|1402
37|665|701|1403
37|666|701|1404
37|666|702|1405
37|667|702|1406
37|668|702|1407
37|668|703|1408
37|669|703|1409
37|669|704|1410
37|670|704|1411
37|670|705|1412
37|671|705|1413
37|671|706|1414
37|672|706|1415
37|672|707|1416
37|673|707|1417
37|673|708|1418
37|674|708|1419
37|674|709|1420
37|675|709|1421
37|675|710|1422
37|676|710|1423
37|676|711|1424
37|677|711|1425
37|677|712|1426
37|678|712|1427
37|678|713|1428
37|679|713|1429
37|679|714|1430
37|680|714|1431
37|680|715|1432
37|681|715|1433
37|681|716|1434
37|682|716|1435
37|682|717|1436
37|683|717|1437
37|683|718|1438
37|684|718|1439
37|684|719|1440
37|685|719|1441
37|685|720|1442
37|685|721|1443
37|686|721|1444
37|686|722|1445
37|687|722|1446
37|687|723|1447
37|688|723|1448
37|688|724|1449
37|689|724|1450
37|689|725|1451
37|690|725|1452
37|690|726|1453
37|691|726|1454
37|691|727|1455
37|692|727|1456
37|692|728|1457
37|693|728|1458
37|693|729|1459
37|694|729|1460
37|694|730|1461
37|694|731|1462
37|694|732|1463
37|694|733|1464
37|694|734|1465
37|694|735|1466
37|694|736|1467
37|695|736|1468
37|696|736|1469
37|696|737|1470
37|697|737|1471
37|697|738|1472
37|697|739|1473
37|698|739|1474
37|698|740|1475
37|699|740|1476
37|699|741|1477
37|700|741|1478
37|700|742|1479
37|701|742|1480
37|701|743|1481
37|702|743|1482
37|702|744|1483
37|703|744|1484
37|703|745|1485
37|704|745|1486
37|704|746|1487
37|705|746|1488
37|705|747|1489
37|706|747|1490
37|706|748|1491
37|707|748|1492
37|707|749|1493
37|708|749|1494
37|708|750|1495
37|709|750|1496
37|710|750|1497
37|710|751|1498
37|711|751|1499
37|711|752|1500
37|712|752|1501
37|713|752|1502
37|713|753|1503
38|713|753|1504
38|714|753|1505
38|714|754|1506
38|715|754|1507
38|715|755|1508
38|715|756|1509
38|716|756|1510
38|716|757|1511
38|717|757|1512
38|717|758|1513
38|718|758|1514
38|719|758|1515
38|719|759|1516
38|720|759|1517
38|720|760|1518
38|721|760|1519
38|721|761|1520
38|722|761|1521
38|722|762|1522
38|723|762|1523
38|723|763|1524
38|724|763|1525
38|724|764|1526
38|725|764|1527
38|725|765|1528
38|726|765|1529
38|726|766|1530
38|727|766|1531
38|727|767|1532
38|728|767|1533
38|728|768|1534
38|729|768|1535
38|729|769|1536
38|730|769|1537
38|730|770|1538
38|731|770|1539
38|731|771|1540
38|732|771|1541
38|732|772|1542
38|733|772|1543
38|733|773|1544
38|734|773|1545
38|734|774|1546
38|735|774|1547
38|735|775|1548
38|736|775|1549
38|736|776|1550
38|737|776|1551
38|737|777|1552
38|738|777|1553
38|738|778|1554
38|739|778|1555
39|739|778|1556
39|740|778|1557
39|740|779|1558
39|741|779|1559
39|741|780|1560
39|741|781|1561
39|741|782|1562
39|741|783|1563
39|741|784|1564
39|741|785|1565
39|741|786|1566
39|741|787|1567
39|741|788|1568
40|741|788|1569
40|742|788|1570
40|742|789|1571
40|743|789|1572
41|743|789|1573
41|744|789|1574
41|744|790|1575
41|745|790|1576
41|745|791|1577
41|746|791|1578
42|746|791|1579
42|747|791|1580
42|747|792|1581
42|748|792|1582
43|748|792|1583
43|749|792|1584
43|750|792|1585
43|751|792|1586
43|752|792|1587
43|753|792|1588
43|754|792|1589
43|754|793|1590
43|755|793|1591
43|755|794|1592
43|756|794|1593
43|756|795|1594
43|757|795|1595
43|757|796|1596
43|758|796|1597
43|758|797|1598
43|759|797|1599
43|759|798|1600
43|760|798|1601
43|760|799|1602
43|761|799|1603
43|761|800|1604
43|762|800|1605
43|762|801|1606
43|763|801|1607
43|763|802|1608
43|764|802|1609
43|764|803|1610
43|765|803|1611
43|765|804|1612
43|766|804|1613
43|766|805|1614
43|767|805|1615
43|767|806|1616
43|768|806|1617
43|768|807|1618
43|769|807|1619
43|769|808|1620
43|770|808|1621
43|770|809|1622
43|771|809|1623
43|771|810|1624
43|771|811|1625
43|772|811|1626
43|772|812|1627
43|773|812|1628
43|773|813|1629
43|774|813|1630
43|774|814|1631
43|775|814|1632
43|775|815|1633
43|776|815|1634
43|776|816|1635
43|777|816|1636
43|777|817|1637
43|778|817|1638
43|778|818|1639
43|779|818|1640
43|779|819|1641
43|780|819|1642
43|780|820|1643
43|780|821|1644
43|780|822|1645
43|780|823|1646
43|780|824|1647
43|780|825|1648
43|780|826|1649
44|780|826|1650
44|781|826|1651
44|781|827|1652
44|782|827|1653
44|782|828|1654
44|782|829|1655
44|783|829|1656
44|783|830|1657
44|784|830|1658
44|784|831|1659
44|785|831|1660
44|785|832|1661
44|786|832|1662
44|786|833|1663
44|787|833|1664
44|787|834|1665
44|788|834|1666
44|788|835|1667
44|789|835|1668
44|789|836|1669
44|790|836|1670
44|790|837|1671
44|791|837|1672
44|791|838|1673
44|792|838|1674
44|793|838|1675
44|793|839|1676
44|794|839|1677
44|794|840|1678
44|794|841|1679
44|794|842|1680
44|794|843|1681
45|794|843|1682
45|795|843|1683
45|795|844|1684
45|796|844|1685
45|796|845|1686
45|796|846|1687
45|797|846|1688
45|797|847|1689
45|798|847|1690
45|799|847|1691
45|799|848|1692
45|800|848|1693
45|800|849|1694
45|801|849|1695
45|801|850|1696
45|802|850|1697
45|802|851|1698
45|803|851|1699
45|803|852|1700
45|804|852|1701
45|804|853|1702
45|805|853|1703
45|805|854|1704
45|806|854|1705
45|806|855|1706
45|807|855|1707
45|807|856|1708
45|808|856|1709
45|808|857|1710
45|809|857|1711
45|809|858|1712
45|810|858|1713
45|810|859|1714
45|811|859|1715
45|811|860|1716
45|812|860|1717
45|812|861|1718
45|813|861|1719
45|813|862|1720
45|814|862|1721
45|814|863|1722
45|815|863|1723
45|815|864|1724
45|816|864|1725
45|816|865|1726
45|816|866|1727
46|816|866|1728
46|817|866|1729
46|817|867|1730
46|818|867|1731
46|818|868|1732
46|818|869|1733
46|818|870|1734
46|818|871|1735
46|818|872|1736
46|818|873|1737
46|818|874|1738
46|819|874|1739
46|820|874|1740
46|821|874|1741
46|822|874|1742
46|822|875|1743
46|823|875|1744
47|823|875|1745
47|824|875|1746
48|824|875|1747
48|825|875|1748
48|825|876|1749
48|826|876|1750
49|826|876|1751
49|827|876|1752
49|827|877|1753
49|828|877|1754
49|828|878|1755
49|829|878|1756
49|830|878|1757
49|830|879|1758
49|831|879|1759
49|831|880|1760
49|832|880|1761
49|832|881|1762
49|833|881|1763
49|833|882|1764
49|834|882|1765
49|834|883|1766
49|835|883|1767
49|835|884|1768
49|836|884|1769
49|836|885|1770
49|837|885|1771
49|837|886|1772
49|838|886|1773
49|838|887|1774
49|839|887|1775
49|839|888|1776
49|840|888|1777
49|840|889|1778
49|841|889|1779
49|841|890|1780
49|842|890|1781
49|842|891|1782
49|843|891|1783
49|843|892|1784
49|844|892|1785
49|844|893|1786
49|845|893|1787
49|845|894|1788
