total
0|1|0|1
0|2|0|2
0|3|0|3
0|4|0|4
0|4|1|5
0|5|1|6
0|6|1|7
1|6|1|8
1|6|2|9
1|7|2|10
1|7|3|11
1|8|3|12
1|8|4|13
1|9|4|14
1|10|4|15
1|11|4|16
1|11|5|17
1|12|5|18
1|12|6|19
1|13|6|20
1|13|7|21
2|13|7|22
2|13|8|23
2|14|8|24
2|14|9|25
2|15|9|26
2|15|10|27
2|16|10|28
2|16|11|29
2|17|11|30
2|17|12|31
2|18|12|32
2|18|13|33
2|19|13|34
2|19|14|35
2|20|14|36
2|21|14|37
2|22|14|38
2|22|15|39
2|23|15|40
2|23|16|41
2|24|16|42
2|24|17|43
2|25|17|44
2|25|18|45
2|26|18|46
2|26|19|47
2|27|19|48
2|27|20|49
2|28|20|50
2|28|21|51
2|29|21|52
2|29|22|53
2|30|22|54
2|30|23|55
2|31|23|56
2|31|24|57
2|32|24|58
2|32|25|59
2|33|25|60
2|33|26|61
2|34|26|62
2|34|27|63
2|35|27|64
2|35|28|65
2|36|28|66
2|36|29|67
2|37|29|68
2|37|30|69
2|38|30|70
2|38|31|71
2|39|31|72
2|39|32|73
2|40|32|74
2|40|33|75
3|40|33|76
3|40|34|77
3|41|34|78
3|41|35|79
3|42|35|80
3|42|36|81
3|43|36|82
3|43|37|83
3|44|37|84
3|44|38|85
3|45|38|86
3|45|39|87
3|46|39|88
3|46|40|89
3|47|40|90
3|47|41|91
3|48|41|92
3|48|42|93
3|49|42|94
3|49|43|95
3|50|43|96
3|50|44|97
3|51|44|98
3|51|45|99
3|52|45|100
3|52|46|101
3|53|46|102
3|53|47|103
3|54|47|104
3|54|48|105
3|55|48|106
3|55|49|107
3|56|49|108
3|56|50|109
3|57|50|110
3|57|51|111
3|58|51|112
3|58|52|113
3|59|52|114
3|59|53|115
3|60|53|116
3|60|54|117
3|61|54|118
3|61|55|119
3|62|55|120
3|62|56|121
3|63|56|122
3|63|57|123
3|64|57|124
3|64|58|125
3|65|58|126
3|65|59|127
3|66|59|128
3|66|60|129
3|67|60|130
3|68|60|131
3|69|60|132
3|70|60|133
3|71|60|134
3|72|60|135
3|73|60|136
3|74|60|137
3|75|60|138
3|76|60|139
3|77|60|140
3|78|60|141
3|79|60|142
3|80|60|143
3|81|60|144
3|82|60|145
3|83|60|146
3|84|60|147
3|85|60|148
3|86|60|149
3|87|60|150
3|87|61|151
3|88|61|152
3|88|62|153
3|89|62|154
3|89|63|155
3|90|63|156
3|90|64|157
3|91|64|158
3|91|65|159
3|92|65|160
3|92|66|161
3|93|66|162
3|93|67|163
3|94|67|164
3|94|68|165
3|95|68|166
3|95|69|167
3|96|69|168
3|96|70|169
3|97|70|170
3|97|71|171
3|98|71|172
3|98|72|173
3|99|72|174
3|99|73|175
3|100|73|176
3|100|74|177
3|101|74|178
3|101|75|179
3|102|75|180
3|102|76|181
3|103|76|182
3|103|77|183
3|104|77|184
3|104|78|185
3|105|78|186
3|105|79|187
3|106|79|188
3|106|80|189
3|107|80|190
3|107|81|191
3|108|81|192
3|108|82|193
3|109|82|194
3|109|83|195
3|110|83|196
3|110|84|197
3|111|84|198
3|111|85|199
4|111|85|200
4|111|86|201
5|111|86|202
5|111|87|203
5|112|87|204
5|112|88|205
5|113|88|206
5|113|89|207
5|114|89|208
5|114|90|209
5|115|90|210
5|115|91|211
5|116|91|212
5|116|92|213
5|117|92|214
5|117|93|215
5|118|93|216
5|118|94|217
5|119|94|218
5|119|95|219
5|120|95|220
5|120|96|221
5|121|96|222
5|121|97|223
5|122|97|224
5|122|98|225
5|123|98|226
5|123|99|227
5|124|99|228
5|124|100|229
5|125|100|230
5|125|101|231
5|126|101|232
5|126|102|233
5|127|102|234
5|127|103|235
5|128|103|236
5|128|104|237
5|129|104|238
5|129|105|239
5|130|105|240
5|130|106|241
5|131|106|242
5|131|107|243
5|132|107|244
5|132|108|245
5|133|108|246
5|133|109|247
5|134|109|248
5|134|110|249
5|135|110|250
5|135|111|251
5|136|111|252
5|136|112|253
5|137|112|254
5|137|113|255
5|138|113|256
5|138|114|257
5|139|114|258
5|139|115|259
5|140|115|260
5|140|116|261
5|141|116|262
5|141|117|263
5|142|117|264
5|142|118|265
5|143|118|266
5|143|119|267
5|144|119|268
5|144|120|269
5|145|120|270
5|145|121|271
5|146|121|272
5|146|122|273
5|147|122|274
5|147|123|275
5|148|123|276
5|148|124|277
5|149|124|278
5|149|125|279
5|150|125|280
5|150|126|281
5|151|126|282
5|151|127|283
5|152|127|284
5|153|127|285
5|154|127|286
5|155|127|287
5|156|127|288
5|157|127|289
5|158|127|290
5|159|127|291
5|160|127|292
5|161|127|293
5|162|127|294
5|163|127|295
5|164|127|296
5|165|127|297
5|166|127|298
5|167|127|299
5|168|127|300
5|169|127|301
5|170|127|302
5|170|128|303
5|171|128|304
5|171|129|305
5|172|129|306
5|172|130|307
5|173|130|308
5|173|131|309
5|174|131|310
5|174|132|311
5|175|132|312
5|175|133|313
5|176|133|314
5|176|134|315
5|177|134|316
5|177|135|317
5|178|135|318
5|178|136|319
5|179|136|320
5|179|137|321
5|180|137|322
5|180|138|323
5|181|138|324
5|181|139|325
5|182|139|326
5|182|140|327
5|183|140|328
5|183|141|329
5|184|141|330
5|184|142|331
5|185|142|332
5|185|143|333
5|186|143|334
5|186|144|335
5|187|144|336
5|187|145|337
5|188|145|338
5|188|146|339
5|189|146|340
5|189|147|341
5|190|147|342
5|190|148|343
5|191|148|344
5|191|149|345
5|192|149|346
5|192|150|347
5|193|150|348
5|193|151|349
5|194|151|350
5|194|152|351
5|195|152|352
5|195|153|353
5|196|153|354
5|196|154|355
5|197|154|356
5|197|155|357
5|198|155|358
5|198|156|359
5|199|156|360
5|199|157|361
5|200|157|362
5|200|158|363
5|201|158|364
5|201|159|365
5|202|159|366
5|202|160|367
5|203|160|368
5|203|161|369
5|204|161|370
5|204|162|371
5|205|162|372
5|205|163|373
5|206|163|374
5|206|164|375
5|207|164|376
5|207|165|377
5|208|165|378
5|208|166|379
5|209|166|380
5|209|167|381
5|210|167|382
5|210|168|383
5|211|168|384
5|211|169|385
5|212|169|386
5|212|170|387
5|213|170|388
5|213|171|389
5|214|171|390
5|215|172|392
5|216|172|393
5|216|173|394
5|217|173|395
5|217|174|396
5|218|174|397
5|218|175|398
5|219|175|399
5|219|176|400
5|220|176|401
5|220|177|402
5|221|177|403
5|221|178|404
5|222|178|405
5|222|179|406
5|223|179|407
5|223|180|408
5|224|180|409
5|224|181|410
5|225|181|411
5|225|182|412
5|226|182|413
5|226|183|414
5|227|183|415
5|227|184|416
5|228|184|417
5|228|185|418
5|229|185|419
5|229|186|420
5|230|186|421
5|230|187|422
5|231|187|423
5|231|188|424
5|232|188|425
5|232|189|426
5|233|189|427
5|233|190|428
5|234|190|429
5|234|191|430
5|235|191|431
5|236|191|432
5|237|191|433
5|238|191|434
5|239|191|435
5|240|191|436
5|241|191|437
5|242|191|438
5|243|191|439
5|244|191|440
5|245|191|441
5|246|191|442
5|247|191|443
5|248|191|444
5|249|191|445
5|250|191|446
5|251|191|447
5|252|191|448
5|253|191|449
5|253|192|450
5|254|192|451
5|254|193|452
5|255|193|453
5|255|194|454
5|256|194|455
5|256|195|456
5|257|195|457
5|257|196|458
5|258|196|459
5|258|197|460
5|259|197|461
5|259|198|462
5|260|198|463
5|260|199|464
5|261|199|465
5|261|200|466
5|262|200|467
5|262|201|468
5|263|201|469
5|263|202|470
5|264|202|471
5|264|203|472
5|265|203|473
5|265|204|474
5|266|204|475
5|266|205|476
5|267|205|477
5|267|206|478
5|268|206|479
5|268|207|480
5|269|207|481
5|269|208|482
5|270|208|483
5|270|209|484
5|271|209|485
5|271|210|486
5|272|210|487
5|272|211|488
5|273|211|489
5|273|212|490
5|274|212|491
5|274|213|492
5|275|213|493
5|275|214|494
5|276|214|495
5|276|215|496
5|277|215|497
5|277|216|498
5|278|216|499
5|278|217|500
5|279|217|501
5|279|218|502
5|280|218|503
5|280|219|504
5|281|219|505
5|281|220|506
5|282|220|507
5|282|221|508
5|283|221|509
5|283|222|510
5|284|222|511
5|284|223|512
5|285|223|513
5|285|224|514
5|286|224|515
5|286|225|516
5|287|225|517
5|287|226|518
5|288|226|519
5|288|227|520
5|289|227|521
5|289|228|522
5|290|228|523
5|290|229|524
5|291|229|525
5|291|230|526
5|292|230|527
5|292|231|528
5|293|231|529
5|293|232|530
5|294|232|531
5|294|233|532
5|295|233|533
5|295|234|534
5|296|234|535
5|296|235|536
5|297|235|537
5|297|236|538
5|298|236|539
5|298|237|540
5|299|237|541
5|299|238|542
5|300|238|543
5|300|239|544
5|301|239|545
5|301|240|546
5|302|240|547
5|302|241|548
5|303|241|549
5|303|242|550
5|304|242|551
5|304|243|552
5|305|243|553
5|305|244|554
5|306|244|555
5|306|245|556
5|307|245|557
5|307|246|558
5|308|246|559
5|308|247|560
5|309|247|561
5|309|248|562
5|310|248|563
5|310|249|564
5|311|249|565
5|311|250|566
5|312|250|567
5|312|251|568
5|313|251|569
5|313|252|570
5|314|252|571
5|314|253|572
5|315|253|573
5|315|254|574
5|316|254|575
5|316|255|576
5|317|255|577
5|317|256|578
5|318|256|579
5|318|257|580
5|319|257|581
5|319|258|582
5|320|258|583
5|320|259|584
5|321|259|585
5|321|260|586
5|322|260|587
5|322|261|588
5|323|261|589
5|323|262|590
5|324|262|591
5|324|263|592
5|325|263|593
5|326|263|594
5|327|263|595
5|328|263|596
5|329|263|597
5|330|263|598
5|331|263|599
5|332|263|600
5|333|263|601
5|334|263|602
5|335|263|603
5|336|263|604
5|337|263|605
5|338|263|606
5|339|263|607
5|340|263|608
5|341|263|609
5|342|263|610
5|343|263|611
5|343|264|612
5|344|264|613
5|344|265|614
5|345|265|615
5|345|266|616
5|346|266|617
5|346|267|618
5|347|267|619
5|347|268|620
5|348|268|621
5|348|269|622
5|349|269|623
5|349|270|624
5|350|270|625
5|350|271|626
5|351|271|627
5|351|272|628
5|352|272|629
5|352|273|630
5|353|273|631
5|353|274|632
5|354|274|633
5|354|275|634
5|355|275|635
5|355|276|636
5|356|276|637
5|356|277|638
5|357|277|639
5|357|278|640
5|358|278|641
5|358|279|642
5|359|279|643
5|359|280|644
5|360|280|645
5|360|281|646
5|361|281|647
5|361|282|648
5|362|282|649
5|362|283|650
5|363|283|651
5|363|284|652
5|364|284|653
5|364|285|654
5|365|285|655
5|365|286|656
5|366|286|657
5|366|287|658
5|367|287|659
5|367|288|660
5|368|288|661
5|368|289|662
5|369|289|663
5|369|290|664
5|370|290|665
5|370|291|666
5|371|291|667
5|371|292|668
5|372|292|669
5|372|293|670
5|373|293|671
5|373|294|672
5|374|294|673
5|374|295|674
5|375|295|675
5|375|296|676
5|376|296|677
5|376|297|678
5|377|297|679
5|377|298|680
5|378|298|681
5|378|299|682
5|379|299|683
5|379|300|684
5|380|300|685
5|380|301|686
5|381|301|687
5|381|302|688
5|382|302|689
5|382|303|690
5|383|303|691
5|383|304|692
5|384|304|693
5|384|305|694
5|385|305|695
5|385|306|696
5|386|306|697
5|386|307|698
5|387|307|699
5|387|308|700
5|388|308|701
5|388|309|702
5|389|309|703
5|389|310|704
5|390|310|705
5|390|311|706
5|391|311|707
5|391|312|708
5|392|312|709
5|392|313|710
5|393|313|711
5|393|314|712
5|394|314|713
5|394|315|714
5|395|315|715
5|395|316|716
5|396|316|717
5|396|317|718
5|397|317|719
5|397|318|720
5|398|318|721
5|398|319|722
5|399|319|723
5|399|320|724
5|400|320|725
5|400|321|726
5|401|321|727
5|401|322|728
5|402|322|729
5|402|323|730
5|403|323|731
5|403|324|732
5|404|324|733
5|404|325|734
5|405|325|735
5|405|326|736
5|406|326|737
5|406|327|738
5|407|327|739
5|408|327|740
5|409|327|741
5|410|327|742
5|411|327|743
5|412|327|744
5|413|327|745
5|414|327|746
5|415|327|747
5|416|327|748
5|417|327|749
5|418|327|750
5|419|327|751
5|420|327|752
5|421|327|753
5|422|327|754
5|423|327|755
5|424|327|756
5|425|327|757
5|425|328|758
5|426|328|759
5|426|329|760
5|427|329|761
5|427|330|762
5|428|330|763
5|428|331|764
5|429|331|765
5|429|332|766
5|430|332|767
5|430|333|768
5|431|333|769
5|431|334|770
5|432|334|771
5|432|335|772
5|433|335|773
5|433|336|774
5|434|336|775
5|434|337|776
5|435|337|777
5|435|338|778
5|436|338|779
5|436|339|780
5|437|339|781
5|437|340|782
5|438|340|783
5|438|341|784
5|439|341|785
5|439|342|786
5|440|342|787
5|440|343|788
5|441|343|789
5|441|344|790
5|442|344|791
5|442|345|792
5|443|345|793
5|443|346|794
5|444|346|795
5|444|347|796
5|445|347|797
5|445|348|798
5|446|348|799
5|446|349|800
5|447|349|801
5|447|350|802
5|448|350|803
5|448|351|804
5|449|351|805
5|449|352|806
5|450|352|807
5|450|353|808
5|451|353|809
5|451|354|810
5|452|354|811
5|452|355|812
5|453|355|813
5|453|356|814
5|454|356|815
5|454|357|816
5|455|357|817
5|455|358|818
5|456|358|819
5|456|359|820
5|457|359|821
5|457|360|822
5|458|360|823
5|458|361|824
5|459|361|825
5|459|362|826
5|460|362|827
5|460|363|828
5|461|363|829
5|461|364|830
5|462|364|831
5|462|365|832
5|463|365|833
5|463|366|834
5|464|366|835
5|464|367|836
5|465|367|837
5|465|368|838
5|466|368|839
5|466|369|840
5|467|369|841
5|467|370|842
5|468|370|843
5|468|371|844
5|469|371|845
5|469|372|846
5|470|372|847
5|470|373|848
5|471|373|849
5|471|374|850
5|472|374|851
5|472|375|852
5|473|375|853
5|473|376|854
5|474|376|855
5|474|377|856
5|475|377|857
5|475|378|858
5|476|378|859
5|476|379|860
5|477|379|861
5|477|380|862
5|478|380|863
5|478|381|864
5|479|381|865
5|479|382|866
5|480|382|867
5|480|383|868
5|481|383|869
5|481|384|870
5|482|384|871
5|482|385|872
5|483|385|873
5|483|386|874
5|484|386|875
5|484|387|876
5|485|387|877
5|485|388|878
5|486|388|879
5|486|389|880
5|487|389|881
5|487|390|882
5|488|390|883
5|488|391|884
5|489|391|885
5|489|392|886
5|490|392|887
5|490|393|888
5|491|393|889
5|491|394|890
5|492|394|891
5|492|395|892
5|493|395|893
5|493|396|894
5|494|396|895
5|494|397|896
5|495|397|897
5|495|398|898
5|496|398|899
5|496|399|900
5|497|399|901
5|498|399|902
5|499|399|903
5|500|399|904
5|501|399|905
5|502|399|906
5|503|399|907
5|504|399|908
5|505|399|909
5|506|399|910
5|507|399|911
5|508|399|912
5|509|399|913
5|510|399|914
5|511|399|915
5|512|399|916
5|513|399|917
5|514|399|918
5|515|399|919
5|515|400|920
5|516|400|921
5|516|401|922
5|517|401|923
5|517|402|924
5|518|402|925
5|518|403|926
5|519|403|927
5|519|404|928
5|520|404|929
5|520|405|930
5|521|405|931
5|521|406|932
5|522|406|933
5|522|407|934
5|523|407|935
5|523|408|936
5|524|408|937
5|524|409|938
5|525|409|939
5|525|410|940
5|526|410|941
5|526|411|942
5|527|411|943
5|527|412|944
5|528|412|945
5|528|413|946
5|529|413|947
5|529|414|948
5|530|414|949
5|530|415|950
5|531|415|951
5|531|416|952
5|532|416|953
5|532|417|954
5|533|417|955
5|533|418|956
5|534|418|957
5|534|419|958
5|535|419|959
5|535|420|960
5|536|420|961
5|536|421|962
5|537|421|963
5|537|422|964
5|538|422|965
5|538|423|966
5|539|423|967
5|539|424|968
5|540|424|969
5|540|425|970
5|541|425|971
5|541|426|972
5|542|426|973
5|542|427|974
5|543|427|975
5|543|428|976
5|544|428|977
5|544|429|978
5|545|429|979
5|545|430|980
5|546|430|981
5|546|431|982
5|547|431|983
5|547|432|984
5|548|432|985
5|548|433|986
5|549|433|987
5|549|434|988
5|550|434|989
5|550|435|990
5|551|435|991
5|551|436|992
5|552|436|993
5|552|437|994
5|553|437|995
5|553|438|996
5|554|438|997
5|554|439|998
5|555|439|999
5|555|440|1000
5|556|440|1001
5|556|441|1002
5|557|441|1003
5|557|442|1004
5|558|442|1005
5|558|443|1006
5|559|443|1007
5|559|444|1008
5|560|444|1009
5|560|445|1010
5|561|445|1011
5|561|446|1012
5|562|446|1013
5|562|447|1014
5|563|447|1015
5|563|448|1016
5|564|448|1017
5|564|449|1018
5|565|449|1019
5|565|450|1020
5|566|450|1021
5|566|451|1022
5|567|451|1023
5|567|452|1024
5|568|452|1025
5|568|453|1026
5|569|453|1027
5|569|454|1028
5|570|454|1029
5|570|455|1030
5|571|455|1031
5|572|455|1032
5|573|455|1033
5|574|455|1034
5|575|455|1035
5|576|455|1036
5|577|455|1037
5|578|455|1038
5|579|455|1039
5|580|455|1040
5|581|455|1041
5|582|455|1042
5|583|455|1043
5|584|455|1044
5|585|455|1045
5|586|455|1046
5|587|455|1047
5|588|455|1048
5|589|455|1049
5|589|456|1050
5|590|456|1051
5|590|457|1052
5|591|457|1053
5|591|458|1054
5|592|458|1055
5|592|459|1056
5|593|459|1057
5|593|460|1058
5|594|460|1059
5|594|461|1060
5|595|461|1061
5|595|462|1062
5|596|462|1063
5|596|463|1064
5|597|463|1065
5|597|464|1066
5|598|464|1067
5|598|465|1068
5|599|465|1069
5|599|466|1070
5|600|466|1071
5|600|467|1072
5|601|467|1073
5|601|468|1074
5|602|468|1075
5|602|469|1076
5|603|469|1077
5|603|470|1078
5|604|470|1079
5|604|471|1080
5|605|471|1081
5|605|472|1082
5|606|472|1083
5|606|473|1084
5|607|473|1085
5|607|474|1086
5|608|474|1087
5|608|475|1088
5|609|475|1089
5|609|476|1090
5|610|476|1091
5|610|477|1092
5|611|477|1093
5|611|478|1094
5|612|478|1095
5|612|479|1096
5|613|479|1097
5|613|480|1098
5|614|480|1099
5|614|481|1100
5|615|481|1101
5|615|482|1102
5|616|482|1103
5|616|483|1104
5|617|483|1105
5|617|484|1106
5|618|484|1107
5|618|485|1108
5|619|485|1109
5|619|486|1110
5|620|486|1111
5|620|487|1112
6|620|487|1113
6|620|488|1114
6|621|488|1115
6|621|489|1116
6|622|489|1117
6|622|490|1118
6|623|490|1119
6|623|491|1120
6|624|491|1121
6|624|492|1122
6|625|492|1123
6|625|493|1124
6|626|493|1125
6|626|494|1126
7|626|494|1127
7|626|495|1128
7|627|495|1129
7|627|496|1130
7|628|496|1131
7|628|497|1132
7|629|497|1133
7|629|498|1134
7|630|498|1135
7|630|499|1136
7|631|499|1137
7|631|500|1138
7|632|500|1139
7|632|501|1140
7|633|501|1141
7|633|502|1142
7|634|502|1143
7|634|503|1144
7|635|503|1145
7|635|504|1146
7|636|504|1147
7|637|504|1148
7|638|504|1149
7|638|505|1150
7|639|505|1151
7|639|506|1152
7|640|506|1153
7|640|507|1154
7|641|507|1155
7|641|508|1156
7|642|508|1157
7|642|509|1158
7|643|509|1159
7|643|510|1160
7|644|510|1161
7|644|511|1162
7|645|511|1163
7|645|512|1164
7|646|512|1165
7|646|513|1166
7|647|513|1167
7|647|514|1168
7|648|514|1169
7|648|515|1170
7|649|515|1171
7|649|516|1172
7|650|516|1173
7|650|517|1174
7|651|517|1175
7|651|518|1176
7|652|518|1177
7|652|519|1178
7|653|519|1179
7|653|520|1180
7|654|520|1181
7|654|521|1182
7|655|521|1183
7|655|522|1184
7|656|522|1185
7|656|523|1186
7|657|523|1187
7|657|524|1188
7|658|524|1189
7|658|525|1190
7|659|525|1191
7|659|526|1192
7|660|526|1193
7|660|527|1194
7|661|527|1195
7|661|528|1196
7|662|528|1197
7|662|529|1198
7|663|529|1199
7|663|530|1200
7|664|530|1201
7|664|531|1202
7|665|531|1203
7|665|532|1204
7|666|532|1205
7|667|532|1206
7|668|532|1207
7|669|532|1208
7|670|532|1209
7|671|532|1210
7|672|532|1211
7|673|532|1212
7|674|532|1213
7|675|532|1214
7|676|532|1215
7|677|532|1216
7|678|532|1217
7|679|532|1218
7|680|532|1219
7|681|532|1220
7|682|532|1221
7|683|532|1222
7|684|532|1223
7|685|532|1224
7|686|532|1225
7|686|533|1226
7|687|533|1227
7|687|534|1228
7|688|534|1229
7|688|535|1230
7|689|535|1231
7|689|536|1232
7|690|536|1233
7|690|537|1234
7|691|537|1235
7|691|538|1236
7|692|538|1237
7|692|539|1238
7|693|539|1239
7|693|540|1240
7|694|540|1241
7|694|541|1242
7|695|541|1243
7|695|542|1244
7|696|542|1245
7|696|543|1246
7|697|543|1247
7|697|544|1248
7|698|544|1249
7|698|545|1250
7|699|545|1251
7|699|546|1252
7|700|546|1253
7|700|547|1254
7|701|547|1255
7|701|548|1256
7|702|548|1257
7|702|549|1258
7|703|549|1259
7|703|550|1260
7|704|550|1261
7|704|551|1262
7|705|551|1263
7|705|552|1264
7|706|552|1265
7|706|553|1266
7|707|553|1267
7|707|554|1268
7|708|554|1269
7|708|555|1270
7|709|555|1271
7|709|556|1272
7|710|556|1273
7|710|557|1274
7|711|557|1275
7|711|558|1276
7|712|558|1277
7|712|559|1278
7|713|559|1279
7|713|560|1280
7|714|560|1281
7|714|561|1282
7|715|561|1283
7|715|562|1284
7|716|562|1285
7|716|563|1286
7|717|563|1287
7|717|564|1288
7|718|564|1289
7|718|565|1290
7|719|565|1291
7|719|566|1292
7|720|566|1293
7|721|566|1294
7|722|566|1295
7|722|567|1296
7|723|567|1297
7|723|568|1298
7|724|568|1299
7|724|569|1300
7|725|569|1301
7|725|570|1302
7|726|570|1303
7|726|571|1304
7|727|571|1305
7|727|572|1306
7|728|572|1307
7|728|573|1308
7|729|573|1309
7|729|574|1310
7|730|574|1311
7|730|575|1312
7|731|575|1313
7|731|576|1314
7|732|576|1315
7|732|577|1316
7|733|577|1317
7|733|578|1318
7|734|578|1319
7|734|579|1320
7|735|579|1321
7|735|580|1322
7|736|580|1323
7|736|581|1324
7|737|581|1325
7|737|582|1326
7|738|582|1327
7|738|583|1328
7|739|583|1329
7|739|584|1330
7|740|584|1331
7|740|585|1332
7|741|585|1333
7|741|586|1334
7|742|586|1335
7|742|587|1336
7|743|587|1337
7|743|588|1338
7|744|588|1339
7|744|589|1340
7|745|589|1341
7|745|590|1342
7|746|590|1343
7|746|591|1344
7|747|591|1345
7|747|592|1346
7|748|592|1347
7|748|593|1348
7|749|593|1349
7|749|594|1350
7|750|594|1351
7|750|595|1352
7|751|595|1353
7|751|596|1354
7|752|596|1355
7|752|597|1356
7|753|597|1357
7|753|598|1358
7|754|598|1359
7|754|599|1360
7|755|599|1361
7|755|600|1362
7|756|600|1363
7|756|601|1364
7|757|601|1365
7|757|602|1366
7|758|602|1367
7|758|603|1368
7|759|603|1369
7|759|604|1370
7|760|604|1371
7|760|605|1372
7|761|605|1373
7|761|606|1374
7|762|606|1375
7|762|607|1376
7|763|607|1377
7|763|608|1378
7|764|608|1379
7|764|609|1380
7|765|609|1381
7|765|610|1382
7|766|610|1383
7|766|611|1384
7|767|611|1385
7|767|612|1386
7|768|612|1387
7|769|612|1388
7|770|612|1389
7|771|612|1390
7|772|612|1391
7|773|612|1392
7|774|612|1393
7|775|612|1394
7|776|612|1395
7|777|612|1396
7|778|612|1397
7|779|612|1398
7|780|612|1399
7|781|612|1400
7|782|612|1401
7|783|612|1402
7|784|612|1403
7|785|612|1404
7|786|612|1405
7|787|612|1406
7|788|612|1407
7|788|613|1408
7|789|613|1409
7|789|614|1410
7|790|614|1411
7|790|615|1412
7|791|615|1413
7|791|616|1414
7|792|616|1415
7|792|617|1416
7|793|617|1417
7|793|618|1418
7|794|618|1419
7|794|619|1420
7|795|619|1421
7|795|620|1422
7|796|620|1423
7|796|621|1424
7|797|621|1425
7|797|622|1426
7|798|622|1427
7|798|623|1428
7|799|623|1429
7|799|624|1430
7|800|624|1431
7|800|625|1432
7|801|625|1433
7|801|626|1434
7|802|626|1435
7|802|627|1436
7|803|627|1437
7|803|628|1438
7|804|628|1439
7|804|629|1440
7|805|629|1441
7|805|630|1442
7|806|630|1443
7|806|631|1444
7|807|631|1445
7|807|632|1446
7|808|632|1447
7|808|633|1448
7|809|633|1449
7|809|634|1450
7|810|634|1451
7|810|635|1452
7|811|635|1453
7|811|636|1454
7|812|636|1455
7|812|637|1456
7|813|637|1457
7|813|638|1458
7|814|638|1459
7|814|639|1460
7|815|639|1461
7|815|640|1462
7|816|640|1463
7|816|641|1464
7|817|641|1465
7|817|642|1466
7|818|642|1467
7|818|643|1468
7|819|643|1469
7|819|644|1470
7|820|644|1471
7|820|645|1472
7|821|645|1473
7|821|646|1474
7|822|646|1475
7|822|647|1476
7|823|647|1477
7|823|648|1478
7|824|648|1479
7|824|649|1480
7|825|649|1481
7|825|650|1482
7|826|650|1483
7|826|651|1484
7|827|651|1485
7|827|652|1486
7|828|652|1487
7|828|653|1488
7|829|653|1489
7|829|654|1490
7|830|654|1491
7|830|655|1492
7|831|655|1493
7|831|656|1494
7|832|656|1495
7|832|657|1496
7|833|657|1497
7|833|658|1498
7|834|658|1499
7|834|659|1500
7|835|659|1501
7|835|660|1502
7|836|660|1503
7|836|661|1504
7|837|661|1505
7|837|662|1506
7|838|662|1507
7|838|663|1508
7|839|663|1509
7|839|664|1510
7|840|664|1511
7|841|664|1512
7|842|664|1513
7|842|665|1514
7|843|665|1515
7|843|666|1516
7|844|666|1517
7|844|667|1518
7|845|667|1519
7|845|668|1520
7|846|668|1521
7|846|669|1522
7|847|669|1523
7|847|670|1524
7|848|670|1525
7|848|671|1526
7|849|671|1527
7|849|672|1528
7|850|672|1529
7|850|673|1530
7|851|673|1531
7|851|674|1532
7|852|674|1533
7|852|675|1534
7|853|675|1535
7|853|676|1536
7|854|676|1537
7|854|677|1538
7|855|677|1539
7|855|678|1540
7|856|678|1541
7|856|679|1542
7|857|679|1543
7|857|680|1544
7|858|680|1545
7|858|681|1546
7|859|681|1547
7|859|682|1548
7|860|682|1549
7|860|683|1550
7|861|683|1551
7|861|684|1552
7|862|684|1553
7|862|685|1554
7|863|685|1555
7|863|686|1556
7|864|686|1557
7|864|687|1558
7|865|687|1559
7|865|688|1560
7|866|688|1561
7|866|689|1562
7|867|689|1563
7|867|690|1564
7|868|690|1565
7|868|691|1566
7|869|691|1567
7|869|692|1568
7|870|692|1569
7|871|692|1570
7|872|692|1571
7|873|692|1572
7|874|692|1573
7|875|692|1574
7|876|692|1575
7|877|692|1576
7|878|692|1577
7|879|692|1578
7|880|692|1579
7|881|692|1580
7|882|692|1581
7|883|692|1582
7|884|692|1583
7|885|692|1584
7|886|692|1585
7|887|692|1586
7|888|692|1587
7|889|692|1588
7|890|692|1589
7|890|693|1590
7|891|693|1591
7|891|694|1592
7|892|694|1593
7|892|695|1594
7|893|695|1595
7|893|696|1596
7|894|696|1597
7|894|697|1598
7|895|697|1599
7|895|698|1600
7|896|698|1601
7|896|699|1602
7|897|699|1603
7|897|700|1604
7|898|700|1605
7|898|701|1606
7|899|701|1607
7|899|702|1608
7|900|702|1609
7|900|703|1610
7|901|703|1611
7|901|704|1612
7|902|704|1613
7|902|705|1614
7|903|705|1615
7|903|706|1616
7|904|706|1617
7|904|707|1618
7|905|707|1619
7|905|708|1620
7|906|708|1621
7|906|709|1622
7|907|709|1623
7|907|710|1624
7|908|710|1625
7|908|711|1626
7|909|711|1627
7|909|712|1628
7|910|712|1629
7|910|713|1630
7|911|713|1631
7|911|714|1632
7|912|714|1633
7|912|715|1634
7|913|715|1635
7|913|716|1636
7|914|716|1637
7|914|717|1638
7|915|717|1639
7|915|718|1640
7|916|718|1641
7|916|719|1642
7|917|719|1643
7|917|720|1644
7|918|720|1645
7|918|721|1646
7|919|721|1647
7|919|722|1648
7|920|722|1649
7|920|723|1650
7|921|723|1651
7|921|724|1652
7|922|724|1653
7|922|725|1654
7|923|725|1655
7|923|726|1656
8|923|726|1657
8|923|727|1658
8|924|727|1659
8|924|728|1660
8|925|728|1661
8|925|729|1662
8|926|729|1663
8|926|730|1664
8|927|730|1665
8|927|731|1666
8|928|731|1667
8|928|732|1668
8|929|732|1669
8|929|733|1670
9|929|733|1671
9|929|734|1672
10|929|734|1673
10|929|735|1674
10|930|735|1675
10|930|736|1676
10|931|736|1677
10|931|737|1678
10|932|737|1679
10|932|738|1680
10|933|738|1681
10|933|739|1682
10|934|739|1683
10|934|740|1684
10|935|740|1685
10|935|741|1686
10|936|741|1687
10|936|742|1688
10|937|742|1689
10|937|743|1690
10|938|743|1691
10|938|744|1692
10|939|744|1693
10|939|745|1694
10|940|745|1695
10|940|746|1696
10|941|746|1697
10|941|747|1698
10|942|747|1699
10|942|748|1700
10|943|748|1701
10|943|749|1702
10|944|749|1703
10|944|750|1704
10|945|750|1705
10|945|751|1706
10|946|751|1707
10|946|752|1708
10|947|752|1709
10|947|753|1710
10|948|753|1711
10|948|754|1712
10|949|754|1713
10|949|755|1714
10|950|755|1715
10|950|756|1716
10|951|756|1717
10|951|757|1718
10|952|757|1719
10|952|758|1720
10|953|758|1721
10|953|759|1722
10|954|759|1723
10|954|760|1724
10|955|760|1725
10|955|761|1726
10|956|761|1727
10|956|762|1728
10|957|762|1729
10|957|763|1730
10|958|763|1731
10|958|764|1732
10|959|764|1733
10|959|765|1734
10|960|765|1735
10|960|766|1736
10|961|766|1737
10|961|767|1738
10|962|767|1739
10|963|767|1740
10|964|767|1741
10|965|767|1742
10|966|767|1743
10|967|767|1744
10|968|767|1745
10|969|767|1746
10|970|767|1747
10|971|767|1748
10|972|767|1749
10|973|767|1750
10|974|767|1751
10|975|767|1752
10|976|767|1753
10|977|767|1754
10|978|767|1755
10|979|767|1756
10|980|767|1757
10|980|768|1758
10|981|768|1759
10|981|769|1760
10|982|769|1761
10|982|770|1762
10|983|770|1763
10|983|771|1764
10|984|771|1765
10|984|772|1766
10|985|772|1767
10|985|773|1768
10|986|773|1769
10|986|774|1770
10|987|774|1771
10|987|775|1772
10|988|775|1773
10|988|776|1774
10|989|776|1775
10|989|777|1776
10|990|777|1777
10|990|778|1778
10|991|778|1779
10|991|779|1780
10|992|779|1781
10|992|780|1782
10|993|780|1783
10|993|781|1784
10|994|781|1785
10|994|782|1786
10|995|782|1787
10|995|783|1788
