total
0|0|1|1
0|1|1|2
0|2|1|3
0|3|1|4
0|3|2|5
0|4|2|6
0|5|2|7
0|6|2|8
0|6|3|9
0|7|3|10
0|7|4|11
0|8|4|12
0|8|5|13
0|9|5|14
0|10|5|15
0|11|5|16
0|11|6|17
0|12|6|18
0|12|7|19
0|13|7|20
0|13|8|21
0|14|8|22
0|14|9|23
0|15|9|24
0|15|10|25
0|16|10|26
0|16|11|27
0|17|11|28
0|17|12|29
0|18|12|30
0|18|13|31
0|19|13|32
0|19|14|33
0|20|14|34
0|20|15|35
0|21|15|36
0|21|16|37
0|22|16|38
0|22|17|39
0|23|17|40
0|23|18|41
0|24|18|42
0|24|19|43
0|25|19|44
0|25|20|45
0|26|20|46
0|26|21|47
0|27|21|48
0|27|22|49
0|28|22|50
0|28|23|51
0|29|23|52
0|29|24|53
0|30|24|54
0|30|25|55
0|31|25|56
0|31|26|57
0|32|26|58
0|32|27|59
0|33|27|60
0|33|28|61
0|34|28|62
0|34|29|63
0|35|29|64
0|36|29|65
0|37|29|66
0|37|30|67
0|38|30|68
0|38|31|69
0|39|31|70
0|39|32|71
0|40|32|72
0|40|33|73
0|41|33|74
0|41|34|75
0|42|34|76
0|42|35|77
0|43|35|78
0|43|36|79
0|44|36|80
0|44|37|81
0|45|37|82
0|45|38|83
0|46|38|84
0|46|39|85
0|47|39|86
0|47|40|87
0|48|40|88
0|48|41|89
0|49|41|90
0|49|42|91
0|50|42|92
0|50|43|93
0|51|43|94
0|51|44|95
0|52|44|96
0|52|45|97
0|53|45|98
0|53|46|99
0|54|46|100
0|54|47|101
0|55|47|102
0|55|48|103
0|56|48|104
0|56|49|105
0|57|49|106
0|57|50|107
0|58|50|108
0|58|51|109
0|59|51|110
0|59|52|111
0|60|52|112
0|60|53|113
0|61|53|114
0|61|54|115
0|62|54|116
0|62|55|117
0|63|55|118
0|63|56|119
0|64|56|120
0|64|57|121
0|65|57|122
0|65|58|123
0|66|58|124
0|66|59|125
0|67|59|126
0|67|60|127
0|68|60|128
0|68|61|129
0|69|61|130
0|70|61|131
0|71|61|132
0|72|61|133
0|73|61|134
0|74|61|135
0|75|61|136
0|76|61|137
0|77|61|138
0|78|61|139
0|79|61|140
0|80|61|141
0|81|61|142
0|82|61|143
0|83|61|144
0|84|61|145
0|85|61|146
0|86|61|147
0|87|61|148
0|88|61|149
0|89|61|150
0|89|62|151
0|90|62|152
0|90|63|153
0|91|63|154
0|91|64|155
0|92|64|156
0|92|65|157
0|93|65|158
0|93|66|159
0|94|66|160
0|94|67|161
0|95|67|162
0|95|68|163
0|96|68|164
0|96|69|165
0|97|69|166
0|97|70|167
0|98|70|168
0|98|71|169
0|99|71|170
0|99|72|171
0|100|72|172
0|100|73|173
0|101|73|174
0|101|74|175
0|102|74|176
0|102|75|177
0|103|75|178
0|103|76|179
0|104|76|180
0|104|77|181
0|105|77|182
0|105|78|183
0|106|78|184
0|106|79|185
0|107|79|186
0|107|80|187
0|108|80|188
0|108|81|189
0|109|81|190
0|109|82|191
0|110|82|192
0|110|83|193
0|111|83|194
0|111|84|195
0|112|84|196
0|112|85|197
0|113|85|198
0|113|86|199
0|114|86|200
0|114|87|201
0|115|87|202
0|115|88|203
0|116|88|204
0|116|89|205
0|117|89|206
0|117|90|207
0|118|90|208
0|118|91|209
0|119|91|210
0|119|92|211
0|120|92|212
0|120|93|213
0|121|93|214
0|121|94|215
0|122|94|216
0|122|95|217
0|123|95|218
0|123|96|219
0|124|96|220
0|124|97|221
0|125|97|222
0|125|98|223
0|126|98|224
0|126|99|225
0|127|99|226
0|127|100|227
0|128|100|228
0|128|101|229
0|129|101|230
0|129|102|231
0|130|102|232
0|130|103|233
0|131|103|234
0|131|104|235
0|132|104|236
0|132|105|237
0|133|105|238
0|133|106|239
0|134|106|240
0|134|107|241
0|135|107|242
0|135|108|243
0|136|108|244
0|136|109|245
0|137|109|246
0|137|110|247
0|138|110|248
0|138|111|249
0|139|111|250
0|139|112|251
0|140|112|252
0|140|113|253
0|141|113|254
0|141|114|255
0|142|114|256
0|142|115|257
0|143|115|258
0|143|116|259
0|144|116|260
0|144|117|261
0|145|117|262
0|145|118|263
0|146|118|264
0|146|119|265
0|147|119|266
0|147|120|267
0|148|120|268
0|148|121|269
0|149|121|270
0|149|122|271
0|150|122|272
0|150|123|273
0|151|123|274
0|151|124|275
0|152|124|276
0|152|125|277
0|153|125|278
0|153|126|279
0|154|126|280
0|154|127|281
0|155|127|282
0|155|128|283
0|156|128|284
0|157|128|285
0|158|128|286
0|159|128|287
0|160|128|288
0|161|128|289
0|162|128|290
0|163|128|291
0|164|128|292
0|165|128|293
0|166|128|294
0|167|128|295
0|168|128|296
0|169|128|297
0|170|128|298
0|171|128|299
0|172|128|300
0|173|128|301
0|174|128|302
0|174|129|303
0|175|129|304
0|175|130|305
0|176|130|306
0|176|131|307
0|177|131|308
0|177|132|309
0|178|132|310
0|178|133|311
0|179|133|312
0|179|134|313
0|180|134|314
0|180|135|315
0|181|135|316
0|181|136|317
0|182|136|318
0|182|137|319
0|183|137|320
0|183|138|321
0|184|138|322
0|184|139|323
0|185|139|324
0|185|140|325
0|186|140|326
0|186|141|327
0|187|141|328
0|187|142|329
0|188|142|330
0|188|143|331
0|189|143|332
0|189|144|333
0|190|144|334
0|190|145|335
0|191|145|336
0|191|146|337
0|192|146|338
0|192|147|339
0|193|147|340
0|193|148|341
0|194|148|342
0|194|149|343
0|195|149|344
0|195|150|345
0|196|150|346
0|196|151|347
0|197|151|348
0|197|152|349
0|198|152|350
0|198|153|351
0|199|153|352
0|199|154|353
0|200|154|354
0|200|155|355
0|201|155|356
0|201|156|357
0|202|156|358
0|202|157|359
0|203|157|360
0|203|158|361
0|204|158|362
0|204|159|363
0|205|159|364
0|205|160|365
0|206|160|366
0|206|161|367
0|207|161|368
0|207|162|369
0|208|162|370
0|208|163|371
0|209|163|372
0|209|164|373
0|210|164|374
0|210|165|375
0|211|165|376
0|211|166|377
0|212|166|378
0|212|167|379
0|213|167|380
0|213|168|381
0|214|168|382
0|214|169|383
0|215|169|384
0|215|170|385
0|216|170|386
0|216|171|387
0|217|171|388
0|217|172|389
0|218|172|390
0|218|173|391
0|219|173|392
0|219|174|393
0|220|174|394
0|220|175|395
0|221|175|396
0|221|176|397
0|222|176|398
0|222|177|399
0|223|177|400
0|223|178|401
0|224|178|402
0|224|179|403
0|225|179|404
0|225|180|405
0|226|180|406
0|226|181|407
0|227|181|408
0|227|182|409
0|228|182|410
0|228|183|411
0|229|183|412
0|229|184|413
0|230|184|414
0|230|185|415
0|231|185|416
0|231|186|417
0|232|186|418
0|232|187|419
0|233|187|420
0|233|188|421
0|234|188|422
0|234|189|423
0|235|189|424
0|235|190|425
0|236|190|426
0|236|191|427
0|237|191|428
0|237|192|429
0|238|192|430
0|239|192|431
0|240|192|432
0|241|192|433
0|242|192|434
0|243|192|435
0|244|192|436
0|245|192|437
0|246|192|438
0|247|192|439
0|248|192|440
0|249|192|441
0|250|192|442
0|251|192|443
0|252|192|444
0|253|192|445
0|254|192|446
0|255|192|447
0|256|192|448
0|256|193|449
0|257|193|450
0|257|194|451
0|258|194|452
0|258|195|453
0|259|195|454
0|259|196|455
0|260|196|456
0|260|197|457
0|261|197|458
0|261|198|459
0|262|198|460
0|262|199|461
0|263|199|462
0|263|200|463
0|264|200|464
0|264|201|465
0|265|201|466
0|265|202|467
0|266|202|468
0|266|203|469
0|267|203|470
0|267|204|471
0|268|204|472
0|268|205|473
0|269|205|474
0|269|206|475
0|270|206|476
0|270|207|477
0|271|207|478
0|271|208|479
0|272|208|480
0|272|209|481
0|273|209|482
0|273|210|483
0|274|210|484
0|274|211|485
0|275|211|486
0|275|212|487
0|276|212|488
0|276|213|489
0|277|213|490
0|277|214|491
0|278|214|492
0|278|215|493
0|279|215|494
0|279|216|495
0|280|216|496
0|280|217|497
0|281|217|498
0|281|218|499
0|282|218|500
0|283|219|502
0|284|219|503
0|284|220|504
0|285|220|505
0|285|221|506
0|286|221|507
0|286|222|508
0|287|222|509
0|287|223|510
0|288|223|511
0|288|224|512
0|289|224|513
0|289|225|514
0|290|225|515
0|290|226|516
0|291|226|517
0|291|227|518
0|292|227|519
0|292|228|520
0|293|228|521
0|293|229|522
0|294|229|523
0|294|230|524
0|295|230|525
0|295|231|526
0|296|231|527
0|296|232|528
0|297|232|529
0|297|233|530
0|298|233|531
0|298|234|532
0|299|234|533
0|299|235|534
0|300|235|535
0|300|236|536
0|301|236|537
0|301|237|538
0|302|237|539
0|302|238|540
0|303|238|541
0|303|239|542
0|304|239|543
0|304|240|544
0|305|240|545
0|305|241|546
0|306|241|547
0|306|242|548
0|307|242|549
0|307|243|550
0|308|243|551
0|308|244|552
0|309|244|553
0|309|245|554
0|310|245|555
0|310|246|556
0|311|246|557
0|311|247|558
0|312|247|559
0|312|248|560
0|313|248|561
0|313|249|562
0|314|249|563
0|314|250|564
0|315|250|565
0|315|251|566
0|316|251|567
0|316|252|568
0|317|252|569
0|317|253|570
0|318|253|571
0|318|254|572
0|319|254|573
0|319|255|574
0|320|255|575
0|320|256|576
0|321|256|577
0|321|257|578
0|322|257|579
0|322|258|580
0|323|258|581
0|323|259|582
0|324|259|583
0|324|260|584
0|325|260|585
0|325|261|586
0|326|261|587
0|326|262|588
0|327|262|589
0|327|263|590
0|328|263|591
0|328|264|592
0|329|264|593
0|330|264|594
0|331|264|595
0|332|264|596
0|333|264|597
0|334|264|598
0|335|264|599
0|336|264|600
0|337|264|601
0|338|264|602
0|339|264|603
0|340|264|604
0|341|264|605
0|342|264|606
0|343|264|607
0|344|264|608
0|345|264|609
0|346|264|610
0|347|264|611
0|347|265|612
0|348|265|613
0|348|266|614
0|349|266|615
0|349|267|616
0|350|267|617
0|350|268|618
0|351|268|619
0|351|269|620
0|352|269|621
0|352|270|622
0|353|270|623
0|353|271|624
0|354|271|625
0|354|272|626
0|355|272|627
0|355|273|628
0|356|273|629
0|356|274|630
0|357|274|631
0|357|275|632
0|358|275|633
0|358|276|634
0|359|276|635
0|359|277|636
0|360|277|637
0|360|278|638
0|361|278|639
0|361|279|640
0|362|279|641
0|362|280|642
0|363|280|643
0|363|281|644
0|364|281|645
0|364|282|646
0|365|282|647
0|365|283|648
0|366|283|649
0|366|284|650
0|367|284|651
0|367|285|652
0|368|285|653
0|368|286|654
0|369|286|655
0|369|287|656
0|370|287|657
0|370|288|658
0|371|288|659
0|371|289|660
0|372|289|661
0|372|290|662
0|373|290|663
0|373|291|664
0|374|291|665
0|374|292|666
0|375|292|667
0|375|293|668
0|376|293|669
0|376|294|670
0|377|294|671
0|377|295|672
0|378|295|673
0|378|296|674
0|379|296|675
0|379|297|676
0|380|297|677
0|380|298|678
0|381|298|679
0|381|299|680
0|382|299|681
0|382|300|682
0|383|300|683
0|383|301|684
0|384|301|685
0|384|302|686
0|385|302|687
0|385|303|688
0|386|303|689
0|386|304|690
0|387|304|691
0|387|305|692
0|388|305|693
0|388|306|694
0|389|306|695
0|389|307|696
0|390|307|697
0|390|308|698
0|391|308|699
0|391|309|700
0|392|309|701
0|392|310|702
0|393|310|703
0|393|311|704
0|394|311|705
0|394|312|706
0|395|312|707
0|395|313|708
0|396|313|709
0|396|314|710
0|397|314|711
0|397|315|712
0|398|315|713
0|398|316|714
0|399|316|715
0|399|317|716
0|400|317|717
0|400|318|718
0|401|318|719
0|401|319|720
0|402|319|721
0|402|320|722
0|403|320|723
0|403|321|724
0|404|321|725
0|404|322|726
0|405|322|727
0|405|323|728
0|406|323|729
0|406|324|730
0|407|324|731
0|407|325|732
0|408|325|733
0|408|326|734
0|409|326|735
0|409|327|736
0|410|327|737
0|410|328|738
0|411|328|739
0|412|328|740
0|413|328|741
0|414|328|742
0|415|328|743
0|416|328|744
0|417|328|745
0|418|328|746
0|419|328|747
0|420|328|748
0|421|328|749
0|422|328|750
0|423|328|751
0|424|328|752
0|425|328|753
0|426|328|754
0|427|328|755
0|428|328|756
0|429|328|757
0|429|329|758
0|430|329|759
0|430|330|760
0|431|330|761
0|431|331|762
0|432|331|763
0|432|332|764
0|433|332|765
0|433|333|766
0|434|333|767
0|434|334|768
0|435|334|769
0|435|335|770
0|436|335|771
0|436|336|772
0|437|336|773
0|437|337|774
0|438|337|775
0|438|338|776
0|439|338|777
0|439|339|778
0|440|339|779
0|440|340|780
0|441|340|781
0|441|341|782
0|442|341|783
0|442|342|784
0|443|342|785
0|443|343|786
0|444|343|787
0|444|344|788
0|445|344|789
0|445|345|790
0|446|345|791
0|446|346|792
0|447|346|793
0|447|347|794
0|448|347|795
0|448|348|796
0|449|348|797
0|449|349|798
0|450|349|799
0|450|350|800
0|451|350|801
0|451|351|802
0|452|351|803
0|452|352|804
0|453|352|805
0|453|353|806
0|454|353|807
0|454|354|808
0|455|354|809
0|455|355|810
0|456|355|811
0|456|356|812
0|457|356|813
0|457|357|814
0|458|357|815
0|458|358|816
0|459|358|817
0|459|359|818
0|460|359|819
0|460|360|820
0|461|360|821
0|461|361|822
0|462|361|823
0|462|362|824
0|463|362|825
0|463|363|826
0|464|363|827
0|464|364|828
0|465|364|829
0|465|365|830
0|466|365|831
0|466|366|832
0|467|366|833
0|467|367|834
0|468|367|835
0|468|368|836
0|469|368|837
0|469|369|838
0|470|369|839
0|470|370|840
0|471|370|841
0|471|371|842
0|472|371|843
0|472|372|844
0|473|372|845
0|473|373|846
0|474|373|847
0|474|374|848
0|475|374|849
0|475|375|850
0|476|375|851
0|476|376|852
0|477|376|853
0|477|377|854
0|478|377|855
0|478|378|856
0|479|378|857
0|479|379|858
0|480|379|859
0|480|380|860
0|481|380|861
0|481|381|862
0|482|381|863
0|482|382|864
0|483|382|865
0|483|383|866
0|484|383|867
0|484|384|868
0|485|384|869
0|485|385|870
0|486|385|871
0|486|386|872
0|487|386|873
0|487|387|874
0|488|387|875
0|488|388|876
0|489|388|877
0|489|389|878
0|490|389|879
0|490|390|880
0|491|390|881
0|491|391|882
0|492|391|883
0|492|392|884
0|493|392|885
0|493|393|886
0|494|393|887
0|494|394|888
0|495|394|889
0|495|395|890
0|496|395|891
0|496|396|892
0|497|396|893
0|497|397|894
0|498|397|895
0|498|398|896
0|499|398|897
0|499|399|898
0|500|399|899
0|500|400|900
0|501|400|901
0|502|400|902
0|503|400|903
0|504|400|904
0|505|400|905
0|506|400|906
0|507|400|907
0|508|400|908
0|509|400|909
0|510|400|910
0|511|400|911
0|512|400|912
0|513|400|913
0|514|400|914
0|515|400|915
0|516|400|916
0|517|400|917
0|518|400|918
0|519|400|919
0|519|401|920
0|520|401|921
0|520|402|922
0|521|402|923
0|521|403|924
0|522|403|925
0|522|404|926
0|523|404|927
0|523|405|928
0|524|405|929
0|524|406|930
0|525|406|931
0|525|407|932
0|526|407|933
0|526|408|934
0|527|408|935
0|527|409|936
0|528|409|937
0|528|410|938
0|529|410|939
0|529|411|940
0|530|411|941
0|530|412|942
0|531|412|943
0|531|413|944
0|532|413|945
0|532|414|946
0|533|414|947
0|533|415|948
0|534|415|949
0|534|416|950
0|535|416|951
0|535|417|952
0|536|417|953
0|536|418|954
0|537|418|955
0|537|419|956
0|538|419|957
0|538|420|958
0|539|420|959
0|539|421|960
0|540|421|961
0|540|422|962
0|541|422|963
0|541|423|964
0|542|423|965
0|542|424|966
0|543|424|967
0|543|425|968
0|544|425|969
0|544|426|970
0|545|426|971
0|545|427|972
0|546|427|973
0|546|428|974
0|547|428|975
0|547|429|976
0|548|429|977
0|548|430|978
0|549|430|979
0|549|431|980
0|550|431|981
0|550|432|982
0|551|432|983
0|551|433|984
0|552|433|985
0|552|434|986
0|553|434|987
0|553|435|988
0|554|435|989
0|554|436|990
0|555|436|991
0|555|437|992
0|556|437|993
0|556|438|994
0|557|438|995
0|557|439|996
0|558|439|997
0|558|440|998
0|559|440|999
0|559|441|1000
0|560|441|1001
0|560|442|1002
0|561|442|1003
0|561|443|1004
0|562|443|1005
0|562|444|1006
0|563|444|1007
0|563|445|1008
0|564|445|1009
0|564|446|1010
0|565|446|1011
0|565|447|1012
0|566|447|1013
0|566|448|1014
0|567|448|1015
0|567|449|1016
0|568|449|1017
0|568|450|1018
0|569|450|1019
0|569|451|1020
0|570|451|1021
0|570|452|1022
0|571|452|1023
0|571|453|1024
0|572|453|1025
0|572|454|1026
0|573|454|1027
0|573|455|1028
0|574|455|1029
0|574|456|1030
0|575|456|1031
0|576|456|1032
0|577|456|1033
0|578|456|1034
0|579|456|1035
0|580|456|1036
0|581|456|1037
0|582|456|1038
0|583|456|1039
0|584|456|1040
0|585|456|1041
0|586|456|1042
0|587|456|1043
0|588|456|1044
0|589|456|1045
0|590|456|1046
0|591|456|1047
0|592|456|1048
0|593|456|1049
0|593|457|1050
0|594|457|1051
0|594|458|1052
0|595|458|1053
0|595|459|1054
0|596|459|1055
0|596|460|1056
0|597|460|1057
0|597|461|1058
0|598|461|1059
0|598|462|1060
0|599|462|1061
0|599|463|1062
0|600|463|1063
0|600|464|1064
0|601|464|1065
0|601|465|1066
0|602|465|1067
0|602|466|1068
0|603|466|1069
0|603|467|1070
0|604|467|1071
0|604|468|1072
0|605|468|1073
0|605|469|1074
0|606|469|1075
0|606|470|1076
0|607|470|1077
0|607|471|1078
0|608|471|1079
0|608|472|1080
0|609|472|1081
0|609|473|1082
0|610|473|1083
0|610|474|1084
0|611|474|1085
0|611|475|1086
0|612|475|1087
0|612|476|1088
0|613|476|1089
0|613|477|1090
0|614|477|1091
0|614|478|1092
0|615|478|1093
0|615|479|1094
0|616|479|1095
0|616|480|1096
0|617|480|1097
0|617|481|1098
0|618|481|1099
0|618|482|1100
0|619|482|1101
0|619|483|1102
0|620|483|1103
0|620|484|1104
0|621|484|1105
0|621|485|1106
0|622|485|1107
0|622|486|1108
0|623|486|1109
0|623|487|1110
0|624|487|1111
0|624|488|1112
0|625|488|1113
0|625|489|1114
0|626|489|1115
0|626|490|1116
0|627|490|1117
0|627|491|1118
0|628|491|1119
0|628|492|1120
0|629|492|1121
0|629|493|1122
0|630|493|1123
0|630|494|1124
0|631|494|1125
0|631|495|1126
0|632|495|1127
0|632|496|1128
0|633|496|1129
0|633|497|1130
0|634|497|1131
0|634|498|1132
0|635|498|1133
0|635|499|1134
0|636|499|1135
0|636|500|1136
0|637|500|1137
0|637|501|1138
0|638|501|1139
0|638|502|1140
0|639|502|1141
0|639|503|1142
0|640|503|1143
0|640|504|1144
0|641|504|1145
0|641|505|1146
0|642|505|1147
0|643|505|1148
0|644|505|1149
0|644|506|1150
0|645|506|1151
0|645|507|1152
0|646|507|1153
0|646|508|1154
0|647|508|1155
0|647|509|1156
0|648|509|1157
0|648|510|1158
0|649|510|1159
0|649|511|1160
0|650|511|1161
0|650|512|1162
0|651|512|1163
0|651|513|1164
0|652|513|1165
0|652|514|1166
0|653|514|1167
0|653|515|1168
0|654|515|1169
0|654|516|1170
0|655|516|1171
0|655|517|1172
0|656|517|1173
0|656|518|1174
0|657|518|1175
0|657|519|1176
0|658|519|1177
0|658|520|1178
0|659|520|1179
0|659|521|1180
0|660|521|1181
0|660|522|1182
0|661|522|1183
0|661|523|1184
0|662|523|1185
0|662|524|1186
0|663|524|1187
0|663|525|1188
0|664|525|1189
0|664|526|1190
0|665|526|1191
0|665|527|1192
0|666|527|1193
0|666|528|1194
0|667|528|1195
0|667|529|1196
0|668|529|1197
0|668|530|1198
0|669|530|1199
0|669|531|1200
0|670|531|1201
0|670|532|1202
0|671|532|1203
0|671|533|1204
0|672|533|1205
0|673|533|1206
0|674|533|1207
0|675|533|1208
0|676|533|1209
0|677|533|1210
0|678|533|1211
0|679|533|1212
0|680|533|1213
0|681|533|1214
0|682|533|1215
0|683|533|1216
0|684|533|1217
0|685|533|1218
0|686|533|1219
0|687|533|1220
0|688|533|1221
0|689|533|1222
0|690|533|1223
0|691|533|1224
0|692|533|1225
0|692|534|1226
0|693|534|1227
0|693|535|1228
0|694|535|1229
0|694|536|1230
0|695|536|1231
0|695|537|1232
0|696|537|1233
0|696|538|1234
0|697|538|1235
0|697|539|1236
0|698|539|1237
0|698|540|1238
0|699|540|1239
0|699|541|1240
0|700|541|1241
0|700|542|1242
0|701|542|1243
0|701|543|1244
0|702|543|1245
0|702|544|1246
0|703|544|1247
0|703|545|1248
0|704|545|1249
0|704|546|1250
0|705|546|1251
0|705|547|1252
0|706|547|1253
0|706|548|1254
0|707|548|1255
0|707|549|1256
0|708|549|1257
0|708|550|1258
0|709|550|1259
0|709|551|1260
0|710|551|1261
0|710|552|1262
0|711|552|1263
0|711|553|1264
0|712|553|1265
0|712|554|1266
0|713|554|1267
0|713|555|1268
0|714|555|1269
0|714|556|1270
0|715|556|1271
0|715|557|1272
0|716|557|1273
0|716|558|1274
0|717|558|1275
0|717|559|1276
0|718|559|1277
0|718|560|1278
0|719|560|1279
0|719|561|1280
0|720|561|1281
0|720|562|1282
0|721|562|1283
0|721|563|1284
0|722|563|1285
0|722|564|1286
0|723|564|1287
0|723|565|1288
0|724|565|1289
0|724|566|1290
0|725|566|1291
0|725|567|1292
0|726|567|1293
0|726|568|1294
0|727|568|1295
0|727|569|1296
0|728|569|1297
0|728|570|1298
0|729|570|1299
0|729|571|1300
0|730|571|1301
0|730|572|1302
0|731|572|1303
0|731|573|1304
0|732|573|1305
0|732|574|1306
0|733|574|1307
0|733|575|1308
0|734|575|1309
0|734|576|1310
0|735|576|1311
0|735|577|1312
0|736|577|1313
0|736|578|1314
0|737|578|1315
0|737|579|1316
0|738|579|1317
0|738|580|1318
0|739|580|1319
0|739|581|1320
0|740|581|1321
0|740|582|1322
0|741|582|1323
0|741|583|1324
0|742|583|1325
0|742|584|1326
0|743|584|1327
0|743|585|1328
0|744|585|1329
0|744|586|1330
0|745|586|1331
0|745|587|1332
0|746|587|1333
0|746|588|1334
0|747|588|1335
0|747|589|1336
0|748|589|1337
0|748|590|1338
0|749|590|1339
0|749|591|1340
0|750|591|1341
0|750|592|1342
0|751|592|1343
0|751|593|1344
0|752|593|1345
0|752|594|1346
0|753|594|1347
0|753|595|1348
0|754|595|1349
0|754|596|1350
0|755|596|1351
0|755|597|1352
0|756|597|1353
0|756|598|1354
0|757|598|1355
0|757|599|1356
0|758|599|1357
0|758|600|1358
0|759|600|1359
0|759|601|1360
0|760|601|1361
0|760|602|1362
0|761|602|1363
0|761|603|1364
0|762|603|1365
0|762|604|1366
0|763|604|1367
0|763|605|1368
0|764|605|1369
0|764|606|1370
0|765|606|1371
0|765|607|1372
0|766|607|1373
0|766|608|1374
0|767|608|1375
0|767|609|1376
0|768|609|1377
0|768|610|1378
0|769|610|1379
0|769|611|1380
0|770|611|1381
0|770|612|1382
0|771|612|1383
0|771|613|1384
0|772|613|1385
0|772|614|1386
0|773|614|1387
0|774|614|1388
0|775|614|1389
0|776|614|1390
0|777|614|1391
0|778|614|1392
0|779|614|1393
0|780|614|1394
0|781|614|1395
0|782|614|1396
0|783|614|1397
0|784|614|1398
0|785|614|1399
0|786|614|1400
0|787|614|1401
0|788|614|1402
0|789|614|1403
0|790|614|1404
0|791|614|1405
0|792|614|1406
0|793|614|1407
0|793|615|1408
0|794|615|1409
0|794|616|1410
0|795|616|1411
0|795|617|1412
0|796|617|1413
0|796|618|1414
0|797|618|1415
0|797|619|1416
0|798|619|1417
0|798|620|1418
0|799|620|1419
0|799|621|1420
0|800|621|1421
0|800|622|1422
0|801|622|1423
0|801|623|1424
0|802|623|1425
0|802|624|1426
0|803|624|1427
0|803|625|1428
0|804|625|1429
0|804|626|1430
0|805|626|1431
0|805|627|1432
0|806|627|1433
0|806|628|1434
0|807|628|1435
0|807|629|1436
0|808|629|1437
0|808|630|1438
0|809|630|1439
0|809|631|1440
0|810|631|1441
0|810|632|1442
0|811|632|1443
0|811|633|1444
0|812|633|1445
0|812|634|1446
0|813|634|1447
0|813|635|1448
0|814|635|1449
0|814|636|1450
0|815|636|1451
0|815|637|1452
0|816|637|1453
0|816|638|1454
0|817|638|1455
0|817|639|1456
0|818|639|1457
0|818|640|1458
0|819|640|1459
0|819|641|1460
0|820|641|1461
0|820|642|1462
0|821|642|1463
0|821|643|1464
0|822|643|1465
0|822|644|1466
0|823|644|1467
0|823|645|1468
0|824|645|1469
0|824|646|1470
0|825|646|1471
0|825|647|1472
0|826|647|1473
0|826|648|1474
0|827|648|1475
0|827|649|1476
0|828|649|1477
0|828|650|1478
0|829|650|1479
0|829|651|1480
0|830|651|1481
0|830|652|1482
0|831|652|1483
0|831|653|1484
0|832|653|1485
0|832|654|1486
0|833|654|1487
0|833|655|1488
0|834|655|1489
0|834|656|1490
0|835|656|1491
0|835|657|1492
0|836|657|1493
0|836|658|1494
0|837|658|1495
0|837|659|1496
0|838|659|1497
0|838|660|1498
0|839|660|1499
0|839|661|1500
0|840|661|1501
0|840|662|1502
0|841|662|1503
0|842|662|1504
0|843|662|1505
0|843|663|1506
0|844|663|1507
0|844|664|1508
0|845|664|1509
0|845|665|1510
0|846|665|1511
0|846|666|1512
0|847|666|1513
0|847|667|1514
0|848|667|1515
0|848|668|1516
0|849|668|1517
0|849|669|1518
0|850|669|1519
0|850|670|1520
0|851|670|1521
0|851|671|1522
0|852|671|1523
0|852|672|1524
0|853|672|1525
0|853|673|1526
0|854|673|1527
0|854|674|1528
0|855|674|1529
0|855|675|1530
0|856|675|1531
0|856|676|1532
0|857|676|1533
0|857|677|1534
0|858|677|1535
0|858|678|1536
0|859|678|1537
0|859|679|1538
0|860|679|1539
0|860|680|1540
0|861|680|1541
0|861|681|1542
0|862|681|1543
0|862|682|1544
0|863|682|1545
0|863|683|1546
0|864|683|1547
0|864|684|1548
0|865|684|1549
0|865|685|1550
0|866|685|1551
0|866|686|1552
0|867|686|1553
0|867|687|1554
0|868|687|1555
0|868|688|1556
0|869|688|1557
0|869|689|1558
0|870|689|1559
0|870|690|1560
0|871|690|1561
0|871|691|1562
0|872|691|1563
0|872|692|1564
0|873|692|1565
0|873|693|1566
0|874|693|1567
0|874|694|1568
0|875|694|1569
0|876|694|1570
0|877|694|1571
0|878|694|1572
0|879|694|1573
0|880|694|1574
0|881|694|1575
0|882|694|1576
0|883|694|1577
0|884|694|1578
0|885|694|1579
0|886|694|1580
0|887|694|1581
0|888|694|1582
0|889|694|1583
0|890|694|1584
0|891|694|1585
0|892|694|1586
0|893|694|1587
0|894|694|1588
0|895|694|1589
0|895|695|1590
0|896|695|1591
0|896|696|1592
0|897|696|1593
0|897|697|1594
0|898|697|1595
0|898|698|1596
0|899|698|1597
0|899|699|1598
0|900|699|1599
0|900|700|1600
0|901|700|1601
0|901|701|1602
0|902|701|1603
0|902|702|1604
0|903|702|1605
0|903|703|1606
0|904|703|1607
0|904|704|1608
0|905|704|1609
0|905|705|1610
0|906|705|1611
0|906|706|1612
0|907|706|1613
0|907|707|1614
0|908|707|1615
0|908|708|1616
0|909|708|1617
0|909|709|1618
0|910|709|1619
0|910|710|1620
0|911|710|1621
0|911|711|1622
0|912|711|1623
0|912|712|1624
0|913|712|1625
0|913|713|1626
0|914|713|1627
0|914|714|1628
0|915|714|1629
0|915|715|1630
0|916|715|1631
0|916|716|1632
0|917|716|1633
0|917|717|1634
0|918|717|1635
0|918|718|1636
0|919|718|1637
0|919|719|1638
0|920|719|1639
0|920|720|1640
0|921|720|1641
0|921|721|1642
0|922|721|1643
0|922|722|1644
0|923|722|1645
0|923|723|1646
0|924|723|1647
0|924|724|1648
0|925|724|1649
0|925|725|1650
0|926|725|1651
0|926|726|1652
0|927|726|1653
0|927|727|1654
0|928|727|1655
0|928|728|1656
0|929|728|1657
0|929|729|1658
0|930|729|1659
0|930|730|1660
0|931|730|1661
0|931|731|1662
0|932|731|1663
0|932|732|1664
0|933|732|1665
0|933|733|1666
0|934|733|1667
0|934|734|1668
0|935|734|1669
0|935|735|1670
0|936|735|1671
0|936|736|1672
0|937|736|1673
0|937|737|1674
0|938|737|1675
0|938|738|1676
0|939|738|1677
0|939|739|1678
0|940|739|1679
0|940|740|1680
0|941|740|1681
0|941|741|1682
0|942|741|1683
0|942|742|1684
0|943|742|1685
0|943|743|1686
0|944|743|1687
0|944|744|1688
0|945|744|1689
0|945|745|1690
0|946|745|1691
0|946|746|1692
0|947|746|1693
0|947|747|1694
0|948|747|1695
0|948|748|1696
0|949|748|1697
0|949|749|1698
0|950|749|1699
0|950|750|1700
0|951|750|1701
0|951|751|1702
0|952|751|1703
0|952|752|1704
0|953|752|1705
0|953|753|1706
0|954|753|1707
0|954|754|1708
0|955|754|1709
0|955|755|1710
0|956|755|1711
0|956|756|1712
0|957|756|1713
0|957|757|1714
0|958|757|1715
0|958|758|1716
0|959|758|1717
0|959|759|1718
0|960|759|1719
0|960|760|1720
0|961|760|1721
0|961|761|1722
0|962|761|1723
0|962|762|1724
0|963|762|1725
0|963|763|1726
0|964|763|1727
0|964|764|1728
0|965|764|1729
0|965|765|1730
0|966|765|1731
0|966|766|1732
0|967|766|1733
0|967|767|1734
0|968|767|1735
0|968|768|1736
0|969|768|1737
0|969|769|1738
0|970|769|1739
0|971|769|1740
0|972|769|1741
0|973|769|1742
0|974|769|1743
0|975|769|1744
0|976|769|1745
0|977|769|1746
0|978|769|1747
0|979|769|1748
0|980|769|1749
0|981|769|1750
0|982|769|1751
0|983|769|1752
0|984|769|1753
0|985|769|1754
0|986|769|1755
0|987|769|1756
0|988|769|1757
0|988|770|1758
0|989|770|1759
0|989|771|1760
0|990|771|1761
0|990|772|1762
0|991|772|1763
0|991|773|1764
0|992|773|1765
0|992|774|1766
0|993|774|1767
0|993|775|1768
0|994|775|1769
0|994|776|1770
0|995|776|1771
0|995|777|1772
0|996|777|1773
0|996|778|1774
0|997|778|1775
0|997|779|1776
0|998|779|1777
0|998|780|1778
0|999|780|1779
0|999|781|1780
0|1000|781|1781
0|1000|782|1782
0|1001|782|1783
0|1001|783|1784
0|1002|783|1785
0|1002|784|1786
0|1003|784|1787
0|1003|785|1788
