total
0|1|0|1
0|2|0|2
0|3|0|3
0|4|0|4
0|5|0|5
0|6|0|6
0|7|0|7
1|7|0|8
1|7|1|9
1|8|1|10
1|8|2|11
1|9|2|12
1|9|3|13
1|10|3|14
1|11|3|15
1|12|3|16
1|12|4|17
1|13|4|18
1|13|5|19
1|14|5|20
1|15|5|21
1|16|5|22
1|16|6|23
1|17|6|24
1|17|7|25
1|18|7|26
1|18|8|27
1|19|8|28
1|19|9|29
1|20|9|30
1|20|10|31
1|21|10|32
1|21|11|33
1|22|11|34
1|23|11|35
1|24|11|36
1|24|12|37
1|25|12|38
1|26|12|39
1|27|12|40
1|27|13|41
1|28|13|42
1|28|14|43
1|29|14|44
1|29|15|45
1|30|15|46
1|30|16|47
1|31|16|48
1|31|17|49
1|32|17|50
1|32|18|51
1|33|18|52
1|33|19|53
1|34|19|54
1|35|19|55
1|36|19|56
1|37|19|57
1|38|19|58
1|38|20|59
1|39|20|60
1|39|21|61
1|40|21|62
1|40|22|63
1|41|22|64
1|41|23|65
1|42|23|66
1|42|24|67
1|43|24|68
1|43|25|69
1|44|25|70
1|45|25|71
1|46|25|72
1|47|25|73
2|47|25|74
2|47|26|75
2|48|26|76
2|48|27|77
2|49|27|78
2|49|28|79
2|50|28|80
2|50|29|81
2|51|29|82
2|51|30|83
2|52|30|84
2|52|31|85
2|53|31|86
2|53|32|87
2|54|32|88
2|54|33|89
2|55|33|90
2|55|34|91
2|56|34|92
2|56|35|93
2|57|35|94
2|57|36|95
2|58|36|96
2|58|37|97
2|59|37|98
2|59|38|99
2|60|38|100
2|60|39|101
2|61|39|102
2|61|40|103
2|62|40|104
2|62|41|105
2|63|41|106
2|63|42|107
2|64|42|108
2|64|43|109
2|65|43|110
2|65|44|111
2|66|44|112
2|66|45|113
2|67|45|114
2|67|46|115
2|68|46|116
2|68|47|117
2|69|47|118
2|69|48|119
2|70|48|120
2|70|49|121
2|71|49|122
2|71|50|123
2|72|50|124
2|72|51|125
2|73|51|126
2|73|52|127
2|74|52|128
2|74|53|129
2|75|53|130
2|76|53|131
2|77|53|132
2|78|53|133
2|79|53|134
2|80|53|135
2|81|53|136
2|82|53|137
2|83|53|138
2|84|53|139
2|85|53|140
2|86|53|141
2|87|53|142
2|88|53|143
2|89|53|144
2|90|53|145
2|91|53|146
2|92|53|147
2|93|53|148
2|94|53|149
2|95|53|150
2|95|54|151
2|96|54|152
2|96|55|153
2|97|55|154
2|97|56|155
2|98|56|156
2|98|57|157
2|99|57|158
2|99|58|159
2|100|58|160
2|100|59|161
2|101|59|162
2|101|60|163
2|102|60|164
2|102|61|165
2|103|61|166
2|103|62|167
2|104|62|168
2|104|63|169
2|105|63|170
2|105|64|171
2|106|64|172
2|106|65|173
2|107|65|174
2|107|66|175
2|108|66|176
2|108|67|177
2|109|67|178
2|109|68|179
2|110|68|180
2|110|69|181
2|111|69|182
2|111|70|183
2|112|70|184
2|112|71|185
2|113|71|186
2|113|72|187
2|114|72|188
2|114|73|189
2|115|73|190
2|115|74|191
2|116|74|192
2|116|75|193
2|117|75|194
2|117|76|195
2|118|76|196
2|118|77|197
2|119|77|198
2|120|77|199
2|121|77|200
2|122|77|201
2|123|77|202
2|124|77|203
2|125|77|204
2|125|78|205
2|126|78|206
2|126|79|207
2|127|79|208
2|127|80|209
2|128|80|210
2|128|81|211
2|129|81|212
2|129|82|213
2|130|82|214
2|130|83|215
2|131|83|216
2|131|84|217
2|132|84|218
2|132|85|219
2|133|85|220
2|133|86|221
2|134|86|222
2|134|87|223
2|135|87|224
2|135|88|225
2|136|88|226
2|136|89|227
2|137|89|228
2|137|90|229
2|138|90|230
2|138|91|231
2|139|91|232
2|139|92|233
2|140|92|234
2|140|93|235
2|141|93|236
2|141|94|237
2|142|94|238
2|142|95|239
2|143|95|240
2|143|96|241
2|144|96|242
2|144|97|243
2|145|97|244
2|145|98|245
2|146|98|246
2|146|99|247
2|147|99|248
2|147|100|249
2|148|100|250
2|148|101|251
2|149|101|252
2|149|102|253
2|150|102|254
2|150|103|255
2|151|103|256
2|151|104|257
2|152|104|258
2|152|105|259
2|153|105|260
2|153|106|261
2|154|106|262
2|154|107|263
2|155|107|264
2|155|108|265
2|156|108|266
2|156|109|267
2|157|109|268
2|157|110|269
2|158|110|270
2|158|111|271
2|159|111|272
2|159|112|273
2|160|112|274
2|160|113|275
2|161|113|276
2|161|114|277
2|162|114|278
2|162|115|279
2|163|115|280
2|163|116|281
2|164|116|282
2|164|117|283
2|165|117|284
2|166|117|285
2|167|117|286
2|168|117|287
2|169|117|288
2|170|117|289
2|171|117|290
2|172|117|291
2|173|117|292
2|174|117|293
2|175|117|294
2|176|117|295
2|177|117|296
2|178|117|297
2|179|117|298
2|180|117|299
2|181|117|300
2|182|117|301
2|183|117|302
2|183|118|303
2|184|118|304
2|184|119|305
2|185|119|306
2|185|120|307
2|186|120|308
2|186|121|309
2|187|121|310
2|187|122|311
2|188|122|312
2|188|123|313
2|189|123|314
2|189|124|315
2|190|124|316
2|190|125|317
2|191|125|318
2|191|126|319
2|192|126|320
2|192|127|321
2|193|127|322
2|193|128|323
2|194|128|324
2|194|129|325
2|195|129|326
2|195|130|327
2|196|130|328
2|196|131|329
2|197|131|330
2|197|132|331
2|198|132|332
2|198|133|333
2|199|133|334
2|199|134|335
2|200|134|336
2|200|135|337
2|201|135|338
2|201|136|339
2|202|136|340
2|202|137|341
2|203|137|342
2|203|138|343
2|204|138|344
2|204|139|345
2|205|139|346
2|205|140|347
2|206|140|348
2|206|141|349
2|207|141|350
2|207|142|351
2|208|142|352
2|208|143|353
2|209|143|354
2|209|144|355
2|210|144|356
2|210|145|357
2|211|145|358
2|211|146|359
2|212|146|360
2|212|147|361
2|213|147|362
2|213|148|363
2|214|148|364
2|214|149|365
2|215|149|366
2|215|150|367
2|216|150|368
2|216|151|369
2|217|151|370
2|217|152|371
2|218|152|372
2|218|153|373
2|219|153|374
2|219|154|375
2|220|154|376
2|220|155|377
2|221|155|378
2|221|156|379
2|222|156|380
2|222|157|381
2|223|157|382
2|223|158|383
2|224|158|384
2|224|159|385
2|225|159|386
2|225|160|387
2|226|160|388
2|226|161|389
2|227|161|390
2|227|162|391
2|228|162|392
2|228|163|393
2|229|163|394
2|229|164|395
2|230|164|396
2|230|165|397
2|231|165|398
2|231|166|399
2|232|166|400
2|232|167|401
2|233|167|402
2|233|168|403
2|234|168|404
2|234|169|405
2|235|169|406
2|235|170|407
2|236|170|408
2|236|171|409
2|237|171|410
2|237|172|411
2|238|172|412
2|238|173|413
2|239|173|414
2|239|174|415
2|240|174|416
2|240|175|417
2|241|175|418
2|241|176|419
2|242|176|420
2|242|177|421
2|243|177|422
2|243|178|423
2|244|178|424
2|244|179|425
2|245|179|426
2|245|180|427
2|246|180|428
2|246|181|429
2|247|181|430
2|248|181|431
2|249|181|432
2|250|181|433
2|251|181|434
2|252|181|435
2|253|181|436
2|254|181|437
2|255|181|438
2|256|181|439
2|257|181|440
2|258|181|441
2|259|181|442
2|260|181|443
2|261|181|444
2|262|181|445
2|263|181|446
2|264|181|447
2|265|181|448
2|265|182|449
2|266|182|450
2|266|183|451
2|267|183|452
2|267|184|453
2|268|184|454
2|268|185|455
2|269|185|456
2|269|186|457
2|270|186|458
2|270|187|459
2|271|187|460
2|271|188|461
2|272|188|462
2|272|189|463
2|273|189|464
2|273|190|465
2|274|190|466
2|274|191|467
2|275|191|468
2|275|192|469
2|276|192|470
2|276|193|471
2|277|193|472
2|277|194|473
2|278|194|474
2|278|195|475
2|279|195|476
2|279|196|477
2|280|196|478
2|280|197|479
2|281|197|480
2|281|198|481
2|282|198|482
2|282|199|483
2|283|199|484
2|283|200|485
2|284|200|486
2|284|201|487
2|285|201|488
2|285|202|489
2|286|202|490
2|286|203|491
2|287|203|492
2|287|204|493
2|288|204|494
2|288|205|495
2|289|205|496
2|289|206|497
2|290|206|498
2|290|207|499
2|291|207|500
2|291|208|501
2|292|208|502
2|292|209|503
2|293|209|504
2|293|210|505
2|294|210|506
2|294|211|507
2|295|211|508
2|295|212|509
2|296|212|510
2|296|213|511
2|297|213|512
2|297|214|513
2|298|214|514
2|298|215|515
2|299|215|516
2|299|216|517
2|300|216|518
2|300|217|519
2|301|217|520
2|301|218|521
2|302|218|522
2|302|219|523
2|303|219|524
2|303|220|525
2|304|220|526
2|304|221|527
2|305|221|528
2|305|222|529
2|306|222|530
2|306|223|531
2|307|223|532
2|307|224|533
2|308|224|534
2|308|225|535
2|309|225|536
2|309|226|537
2|310|226|538
2|310|227|539
2|311|227|540
2|311|228|541
2|312|228|542
2|312|229|543
2|313|229|544
2|313|230|545
2|314|230|546
2|314|231|547
2|315|231|548
2|315|232|549
2|316|232|550
2|316|233|551
2|317|233|552
2|317|234|553
2|318|234|554
2|319|235|556
2|320|235|557
2|320|236|558
2|321|236|559
2|321|237|560
2|322|237|561
2|322|238|562
2|323|238|563
2|323|239|564
2|324|239|565
2|324|240|566
2|325|240|567
2|325|241|568
2|326|241|569
2|326|242|570
2|327|242|571
2|327|243|572
2|328|243|573
2|328|244|574
2|329|244|575
2|329|245|576
2|330|245|577
2|330|246|578
2|331|246|579
2|331|247|580
2|332|247|581
2|332|248|582
2|333|248|583
2|333|249|584
2|334|249|585
2|334|250|586
2|335|250|587
2|335|251|588
2|336|251|589
2|336|252|590
2|337|252|591
2|337|253|592
2|338|253|593
2|339|253|594
2|340|253|595
2|341|253|596
2|342|253|597
2|343|253|598
2|344|253|599
2|345|253|600
2|346|253|601
2|347|253|602
2|348|253|603
2|349|253|604
2|350|253|605
2|351|253|606
2|352|253|607
2|353|253|608
2|354|253|609
2|355|253|610
2|356|253|611
2|356|254|612
2|357|254|613
2|357|255|614
2|358|255|615
2|358|256|616
2|359|256|617
2|359|257|618
2|360|257|619
2|360|258|620
2|361|258|621
2|361|259|622
2|362|259|623
2|362|260|624
2|363|260|625
2|363|261|626
2|364|261|627
2|364|262|628
2|365|262|629
2|365|263|630
2|366|263|631
2|366|264|632
2|367|264|633
2|367|265|634
2|368|265|635
2|368|266|636
2|369|266|637
2|369|267|638
2|370|267|639
2|370|268|640
2|371|268|641
2|371|269|642
2|372|269|643
2|372|270|644
2|373|270|645
2|373|271|646
2|374|271|647
2|374|272|648
2|375|272|649
2|375|273|650
2|376|273|651
2|376|274|652
2|377|274|653
2|377|275|654
2|378|275|655
2|378|276|656
2|379|276|657
2|379|277|658
2|380|277|659
2|380|278|660
2|381|278|661
2|381|279|662
2|382|279|663
2|382|280|664
2|383|280|665
2|383|281|666
2|384|281|667
2|384|282|668
2|385|282|669
2|385|283|670
2|386|283|671
2|386|284|672
2|387|284|673
2|387|285|674
2|388|285|675
2|388|286|676
2|389|286|677
2|389|287|678
2|390|287|679
2|390|288|680
2|391|288|681
2|391|289|682
2|392|289|683
2|392|290|684
2|393|290|685
2|393|291|686
2|394|291|687
2|394|292|688
2|395|292|689
2|395|293|690
2|396|293|691
2|396|294|692
2|397|294|693
2|397|295|694
2|398|295|695
2|398|296|696
2|399|296|697
2|399|297|698
2|400|297|699
2|400|298|700
2|401|298|701
2|401|299|702
2|402|299|703
2|402|300|704
2|403|300|705
2|403|301|706
2|404|301|707
2|404|302|708
2|405|302|709
2|405|303|710
2|406|303|711
2|406|304|712
2|407|304|713
2|407|305|714
2|408|305|715
2|408|306|716
2|409|306|717
2|409|307|718
2|410|307|719
2|410|308|720
2|411|308|721
2|411|309|722
2|412|309|723
2|412|310|724
2|413|310|725
2|413|311|726
2|414|311|727
2|414|312|728
2|415|312|729
2|415|313|730
2|416|313|731
2|416|314|732
2|417|314|733
2|417|315|734
2|418|315|735
2|418|316|736
2|419|316|737
2|419|317|738
2|420|317|739
2|421|317|740
2|422|317|741
2|423|317|742
2|424|317|743
2|425|317|744
2|426|317|745
2|427|317|746
2|428|317|747
2|429|317|748
2|430|317|749
2|431|317|750
2|432|317|751
2|433|317|752
2|434|317|753
2|435|317|754
2|436|317|755
2|437|317|756
2|438|317|757
2|438|318|758
2|439|318|759
2|439|319|760
2|440|319|761
2|440|320|762
2|441|320|763
2|441|321|764
2|442|321|765
2|442|322|766
2|443|322|767
2|443|323|768
2|444|323|769
2|444|324|770
2|445|324|771
2|445|325|772
2|446|325|773
2|446|326|774
2|447|326|775
2|447|327|776
2|448|327|777
2|448|328|778
2|449|328|779
2|449|329|780
2|450|329|781
2|450|330|782
2|451|330|783
2|451|331|784
2|452|331|785
2|452|332|786
2|453|332|787
2|453|333|788
2|454|333|789
2|454|334|790
2|455|334|791
2|455|335|792
2|456|335|793
2|456|336|794
2|457|336|795
2|457|337|796
2|458|337|797
2|458|338|798
2|459|338|799
2|459|339|800
2|460|339|801
2|460|340|802
2|461|340|803
2|461|341|804
2|462|341|805
2|462|342|806
2|463|342|807
2|463|343|808
2|464|343|809
2|464|344|810
2|465|344|811
2|465|345|812
2|466|345|813
2|466|346|814
2|467|346|815
2|467|347|816
2|468|347|817
2|468|348|818
2|469|348|819
2|469|349|820
2|470|349|821
2|470|350|822
2|471|350|823
2|471|351|824
2|472|351|825
2|472|352|826
2|473|352|827
2|473|353|828
2|474|353|829
2|474|354|830
2|475|354|831
2|475|355|832
2|476|355|833
2|476|356|834
2|477|356|835
2|477|357|836
2|478|357|837
2|478|358|838
2|479|358|839
2|479|359|840
2|480|359|841
2|480|360|842
2|481|360|843
2|481|361|844
2|482|361|845
2|482|362|846
2|483|362|847
2|483|363|848
2|484|363|849
2|484|364|850
2|485|364|851
2|485|365|852
2|486|365|853
2|486|366|854
2|487|366|855
2|487|367|856
2|488|367|857
2|488|368|858
2|489|368|859
2|489|369|860
2|490|369|861
2|490|370|862
2|491|370|863
2|491|371|864
2|492|371|865
2|492|372|866
2|493|372|867
2|493|373|868
2|494|373|869
2|494|374|870
2|495|374|871
2|495|375|872
2|496|375|873
2|496|376|874
2|497|376|875
2|497|377|876
2|498|377|877
2|498|378|878
2|499|378|879
2|499|379|880
2|500|379|881
2|500|380|882
2|501|380|883
2|501|381|884
2|502|381|885
2|502|382|886
2|503|382|887
2|503|383|888
2|504|383|889
2|504|384|890
2|505|384|891
2|505|385|892
2|506|385|893
2|506|386|894
2|507|386|895
2|507|387|896
2|508|387|897
2|508|388|898
2|509|388|899
2|509|389|900
2|510|389|901
2|511|389|902
2|512|389|903
2|513|389|904
2|514|389|905
2|515|389|906
2|516|389|907
2|517|389|908
2|518|389|909
2|519|389|910
2|520|389|911
2|521|389|912
2|522|389|913
2|523|389|914
2|524|389|915
2|525|389|916
2|526|389|917
2|527|389|918
2|528|389|919
2|528|390|920
2|529|390|921
2|529|391|922
2|530|391|923
2|530|392|924
2|531|392|925
2|531|393|926
2|532|393|927
2|532|394|928
2|533|394|929
2|533|395|930
2|534|395|931
2|534|396|932
2|535|396|933
2|535|397|934
2|536|397|935
2|536|398|936
2|537|398|937
2|537|399|938
2|538|399|939
2|538|400|940
2|539|400|941
2|539|401|942
2|540|401|943
2|540|402|944
2|541|402|945
2|541|403|946
2|542|403|947
2|542|404|948
2|543|404|949
2|543|405|950
2|544|405|951
2|544|406|952
2|545|406|953
2|545|407|954
2|546|407|955
2|546|408|956
2|547|408|957
2|547|409|958
2|548|409|959
2|548|410|960
2|549|410|961
2|549|411|962
2|550|411|963
2|550|412|964
2|551|412|965
2|551|413|966
2|552|413|967
2|552|414|968
2|553|414|969
2|553|415|970
2|554|415|971
2|554|416|972
2|555|416|973
2|555|417|974
2|556|417|975
2|556|418|976
2|557|418|977
2|557|419|978
2|558|419|979
2|558|420|980
2|559|420|981
2|559|421|982
2|560|421|983
2|560|422|984
2|561|422|985
2|561|423|986
2|562|423|987
2|562|424|988
2|563|424|989
2|563|425|990
2|564|425|991
2|564|426|992
2|565|426|993
2|565|427|994
2|566|427|995
2|566|428|996
2|567|428|997
2|567|429|998
2|568|429|999
2|568|430|1000
2|569|430|1001
2|569|431|1002
2|570|431|1003
2|570|432|1004
2|571|432|1005
2|571|433|1006
2|572|433|1007
2|572|434|1008
2|573|434|1009
2|573|435|1010
2|574|435|1011
2|574|436|1012
2|575|436|1013
2|575|437|1014
2|576|437|1015
2|576|438|1016
2|577|438|1017
2|577|439|1018
2|578|439|1019
2|578|440|1020
2|579|440|1021
2|579|441|1022
2|580|441|1023
2|580|442|1024
2|581|442|1025
2|581|443|1026
2|582|443|1027
2|582|444|1028
2|583|444|1029
2|583|445|1030
2|584|445|1031
2|585|445|1032
2|586|445|1033
2|587|445|1034
2|588|445|1035
2|589|445|1036
2|590|445|1037
2|591|445|1038
2|592|445|1039
2|593|445|1040
2|594|445|1041
2|595|445|1042
2|596|445|1043
2|597|445|1044
2|598|445|1045
2|599|445|1046
2|600|445|1047
2|601|445|1048
2|602|445|1049
2|602|446|1050
2|603|446|1051
2|603|447|1052
2|604|447|1053
2|604|448|1054
2|605|448|1055
2|605|449|1056
2|606|449|1057
2|606|450|1058
2|607|450|1059
2|607|451|1060
2|608|451|1061
2|608|452|1062
2|609|452|1063
2|609|453|1064
2|610|453|1065
2|610|454|1066
2|611|454|1067
2|611|455|1068
2|612|455|1069
2|612|456|1070
2|613|456|1071
2|613|457|1072
2|614|457|1073
2|614|458|1074
2|615|458|1075
2|615|459|1076
2|616|459|1077
2|616|460|1078
2|617|460|1079
2|617|461|1080
2|618|461|1081
2|618|462|1082
2|619|462|1083
2|619|463|1084
2|620|463|1085
2|620|464|1086
2|621|464|1087
2|621|465|1088
2|622|465|1089
2|622|466|1090
2|623|466|1091
2|623|467|1092
2|624|467|1093
2|624|468|1094
2|625|468|1095
2|625|469|1096
2|626|469|1097
2|626|470|1098
2|627|470|1099
2|627|471|1100
2|628|471|1101
2|628|472|1102
2|629|472|1103
2|629|473|1104
2|630|473|1105
2|630|474|1106
2|631|474|1107
2|631|475|1108
2|632|475|1109
2|633|475|1110
2|634|475|1111
2|635|475|1112
2|636|475|1113
2|637|475|1114
2|638|475|1115
2|638|476|1116
2|639|476|1117
2|639|477|1118
2|640|477|1119
2|640|478|1120
2|641|478|1121
2|641|479|1122
2|642|479|1123
2|642|480|1124
2|643|480|1125
2|643|481|1126
2|644|481|1127
2|645|481|1128
2|646|481|1129
2|647|481|1130
2|648|481|1131
2|649|481|1132
2|650|481|1133
2|650|482|1134
2|651|482|1135
2|651|483|1136
2|652|483|1137
2|652|484|1138
2|653|484|1139
2|653|485|1140
2|654|485|1141
2|654|486|1142
2|655|486|1143
2|655|487|1144
2|656|487|1145
2|657|487|1146
2|658|487|1147
2|658|488|1148
2|659|488|1149
2|660|488|1150
2|661|488|1151
2|661|489|1152
2|662|489|1153
2|662|490|1154
2|663|490|1155
2|663|491|1156
2|664|491|1157
2|664|492|1158
2|665|492|1159
2|665|493|1160
2|666|493|1161
2|666|494|1162
2|667|494|1163
2|667|495|1164
2|668|495|1165
2|668|496|1166
2|669|496|1167
2|669|497|1168
2|670|497|1169
2|670|498|1170
2|671|498|1171
2|671|499|1172
2|672|499|1173
2|672|500|1174
2|673|500|1175
2|673|501|1176
2|674|501|1177
2|674|502|1178
2|675|502|1179
2|675|503|1180
2|676|503|1181
2|676|504|1182
2|677|504|1183
2|677|505|1184
2|678|505|1185
2|678|506|1186
2|679|506|1187
2|679|507|1188
2|680|507|1189
2|680|508|1190
2|681|508|1191
2|681|509|1192
2|682|509|1193
2|682|510|1194
2|683|510|1195
2|683|511|1196
2|684|511|1197
2|684|512|1198
2|685|512|1199
2|685|513|1200
2|686|513|1201
2|686|514|1202
2|687|514|1203
2|687|515|1204
2|688|515|1205
2|689|515|1206
2|690|515|1207
2|691|515|1208
2|692|515|1209
2|693|515|1210
2|694|515|1211
2|695|515|1212
2|696|515|1213
2|697|515|1214
2|698|515|1215
2|699|515|1216
2|700|515|1217
2|701|515|1218
2|702|515|1219
2|703|515|1220
2|704|515|1221
2|705|515|1222
2|706|515|1223
2|707|515|1224
2|708|515|1225
2|708|516|1226
2|709|516|1227
2|709|517|1228
2|710|517|1229
2|710|518|1230
2|711|518|1231
2|711|519|1232
2|712|519|1233
2|712|520|1234
2|713|520|1235
2|713|521|1236
2|714|521|1237
2|714|522|1238
2|715|522|1239
2|715|523|1240
2|716|523|1241
2|716|524|1242
2|717|524|1243
2|717|525|1244
2|718|525|1245
2|718|526|1246
2|719|526|1247
2|719|527|1248
2|720|527|1249
2|720|528|1250
2|721|528|1251
2|721|529|1252
2|722|529|1253
2|722|530|1254
2|723|530|1255
2|723|531|1256
2|724|531|1257
2|724|532|1258
2|725|532|1259
2|725|533|1260
2|726|533|1261
2|726|534|1262
2|727|534|1263
2|727|535|1264
2|728|535|1265
2|728|536|1266
2|729|536|1267
2|729|537|1268
2|730|537|1269
2|730|538|1270
2|731|538|1271
2|731|539|1272
2|732|539|1273
2|733|539|1274
2|734|539|1275
2|735|539|1276
2|736|539|1277
2|737|539|1278
2|738|539|1279
2|738|540|1280
2|739|540|1281
2|739|541|1282
2|740|541|1283
2|740|542|1284
2|741|542|1285
2|741|543|1286
2|742|543|1287
2|742|544|1288
2|743|544|1289
2|743|545|1290
2|744|545|1291
2|745|545|1292
2|746|545|1293
2|746|546|1294
2|747|546|1295
2|747|547|1296
2|748|547|1297
2|748|548|1298
2|749|548|1299
2|749|549|1300
2|750|549|1301
2|750|550|1302
2|751|550|1303
2|751|551|1304
2|752|551|1305
2|752|552|1306
2|753|552|1307
2|753|553|1308
2|754|553|1309
2|755|553|1310
2|756|553|1311
2|757|553|1312
2|758|553|1313
2|759|553|1314
2|760|553|1315
2|760|554|1316
2|761|554|1317
2|761|555|1318
2|762|555|1319
2|762|556|1320
2|763|556|1321
2|763|557|1322
2|764|557|1323
2|764|558|1324
2|765|558|1325
2|765|559|1326
2|766|559|1327
2|767|559|1328
2|768|559|1329
2|769|559|1330
2|770|559|1331
2|771|559|1332
2|772|559|1333
2|772|560|1334
2|773|560|1335
2|773|561|1336
2|774|561|1337
2|774|562|1338
2|775|562|1339
2|775|563|1340
2|776|563|1341
2|776|564|1342
2|777|564|1343
2|777|565|1344
2|778|565|1345
2|778|566|1346
2|779|566|1347
2|779|567|1348
2|780|567|1349
2|780|568|1350
2|781|568|1351
2|781|569|1352
2|782|569|1353
2|782|570|1354
2|783|570|1355
2|783|571|1356
2|784|571|1357
2|784|572|1358
2|785|572|1359
2|785|573|1360
2|786|573|1361
2|786|574|1362
2|787|574|1363
2|787|575|1364
2|788|575|1365
2|788|576|1366
2|789|576|1367
2|789|577|1368
2|790|577|1369
2|790|578|1370
2|791|578|1371
2|791|579|1372
2|792|579|1373
2|792|580|1374
2|793|580|1375
2|793|581|1376
2|794|581|1377
2|794|582|1378
2|795|582|1379
2|795|583|1380
2|796|583|1381
2|796|584|1382
2|797|584|1383
2|797|585|1384
2|798|585|1385
2|798|586|1386
2|799|586|1387
2|800|586|1388
2|801|586|1389
2|802|586|1390
2|803|586|1391
2|804|586|1392
2|805|586|1393
2|806|586|1394
2|807|586|1395
2|808|586|1396
2|809|586|1397
2|810|586|1398
2|811|586|1399
2|812|586|1400
2|813|586|1401
2|814|586|1402
2|815|586|1403
2|816|586|1404
2|817|586|1405
2|818|586|1406
2|819|586|1407
2|819|587|1408
2|820|587|1409
2|820|588|1410
2|821|588|1411
2|821|589|1412
2|822|589|1413
2|822|590|1414
2|823|590|1415
2|823|591|1416
2|824|591|1417
2|824|592|1418
2|825|592|1419
2|825|593|1420
2|826|593|1421
2|826|594|1422
2|827|594|1423
2|827|595|1424
2|828|595|1425
2|828|596|1426
2|829|596|1427
2|829|597|1428
2|830|597|1429
2|830|598|1430
2|831|598|1431
2|831|599|1432
2|832|599|1433
2|832|600|1434
2|833|600|1435
2|833|601|1436
2|834|601|1437
2|834|602|1438
2|835|602|1439
2|835|603|1440
2|836|603|1441
2|836|604|1442
2|837|604|1443
2|837|605|1444
2|838|605|1445
2|838|606|1446
2|839|606|1447
2|839|607|1448
2|840|607|1449
2|840|608|1450
2|841|608|1451
2|841|609|1452
2|842|609|1453
2|842|610|1454
2|843|610|1455
2|844|610|1456
2|845|610|1457
2|846|610|1458
2|847|610|1459
2|847|611|1460
2|848|611|1461
2|848|612|1462
2|849|612|1463
2|849|613|1464
2|850|613|1465
2|850|614|1466
2|851|614|1467
2|851|615|1468
2|852|615|1469
2|852|616|1470
2|853|616|1471
2|853|617|1472
2|854|617|1473
2|855|617|1474
2|856|617|1475
2|856|618|1476
2|857|618|1477
2|858|618|1478
2|859|618|1479
2|859|619|1480
2|860|619|1481
2|860|620|1482
2|861|620|1483
2|861|621|1484
2|862|621|1485
2|862|622|1486
2|863|622|1487
2|863|623|1488
2|864|623|1489
2|864|624|1490
2|865|624|1491
2|866|624|1492
2|867|624|1493
2|867|625|1494
2|868|625|1495
2|869|625|1496
2|870|625|1497
2|870|626|1498
2|871|626|1499
2|871|627|1500
2|872|627|1501
2|872|628|1502
2|873|628|1503
2|873|629|1504
2|874|629|1505
2|874|630|1506
2|875|630|1507
2|875|631|1508
2|876|631|1509
2|877|631|1510
2|878|631|1511
2|879|631|1512
2|880|631|1513
2|881|631|1514
2|882|631|1515
2|882|632|1516
2|883|632|1517
2|883|633|1518
2|884|633|1519
2|884|634|1520
2|885|634|1521
2|885|635|1522
2|886|635|1523
2|886|636|1524
2|887|636|1525
2|887|637|1526
2|888|637|1527
2|888|638|1528
2|889|638|1529
2|889|639|1530
2|890|639|1531
2|890|640|1532
2|891|640|1533
2|891|641|1534
2|892|641|1535
2|892|642|1536
2|893|642|1537
2|893|643|1538
2|894|643|1539
2|894|644|1540
2|895|644|1541
2|895|645|1542
2|896|645|1543
2|896|646|1544
2|897|646|1545
2|897|647|1546
2|898|647|1547
2|898|648|1548
2|899|648|1549
2|899|649|1550
2|900|649|1551
2|900|650|1552
2|901|650|1553
2|901|651|1554
2|902|651|1555
2|902|652|1556
2|903|652|1557
2|903|653|1558
2|904|653|1559
2|904|654|1560
2|905|654|1561
2|905|655|1562
2|906|655|1563
2|906|656|1564
2|907|656|1565
2|907|657|1566
2|908|657|1567
2|908|658|1568
2|909|658|1569
2|910|658|1570
2|911|658|1571
2|912|658|1572
2|913|658|1573
2|914|658|1574
2|915|658|1575
2|916|658|1576
2|917|658|1577
2|918|658|1578
2|919|658|1579
2|920|658|1580
2|921|658|1581
2|922|658|1582
2|923|658|1583
2|924|658|1584
2|925|658|1585
2|926|658|1586
2|927|658|1587
2|928|658|1588
2|929|658|1589
2|929|659|1590
2|930|659|1591
2|930|660|1592
2|931|660|1593
2|931|661|1594
2|932|661|1595
2|932|662|1596
2|933|662|1597
2|933|663|1598
2|934|663|1599
2|934|664|1600
2|935|664|1601
2|935|665|1602
2|936|665|1603
2|936|666|1604
2|937|666|1605
2|937|667|1606
2|938|667|1607
2|938|668|1608
2|939|668|1609
2|939|669|1610
2|940|669|1611
2|940|670|1612
2|941|670|1613
2|941|671|1614
2|942|671|1615
2|942|672|1616
2|943|672|1617
2|943|673|1618
2|944|673|1619
2|944|674|1620
2|945|674|1621
2|945|675|1622
2|946|675|1623
2|946|676|1624
2|947|676|1625
2|947|677|1626
2|948|677|1627
2|948|678|1628
2|949|678|1629
2|949|679|1630
2|950|679|1631
2|950|680|1632
2|951|680|1633
2|951|681|1634
2|952|681|1635
2|952|682|1636
2|953|682|1637
2|954|682|1638
2|955|682|1639
2|955|683|1640
2|956|683|1641
2|957|683|1642
2|958|683|1643
2|958|684|1644
2|959|684|1645
2|959|685|1646
2|960|685|1647
2|960|686|1648
2|961|686|1649
2|961|687|1650
2|962|687|1651
2|962|688|1652
2|963|688|1653
2|963|689|1654
2|964|689|1655
2|965|689|1656
2|966|689|1657
2|967|689|1658
2|968|689|1659
2|968|690|1660
2|969|690|1661
2|969|691|1662
2|970|691|1663
2|970|692|1664
2|971|692|1665
2|971|693|1666
2|972|693|1667
2|972|694|1668
2|973|694|1669
2|973|695|1670
2|974|695|1671
2|975|695|1672
2|976|695|1673
2|977|695|1674
2|978|695|1675
2|978|696|1676
2|979|696|1677
2|979|697|1678
2|980|697|1679
2|980|698|1680
2|981|698|1681
2|981|699|1682
2|982|699|1683
2|982|700|1684
2|983|700|1685
2|983|701|1686
2|984|701|1687
2|984|702|1688
2|985|702|1689
2|985|703|1690
2|986|703|1691
2|986|704|1692
2|987|704|1693
2|987|705|1694
2|988|705|1695
2|988|706|1696
2|989|706|1697
2|989|707|1698
2|990|707|1699
2|990|708|1700
2|991|708|1701
2|991|709|1702
2|992|709|1703
2|992|710|1704
2|993|710|1705
2|993|711|1706
2|994|711|1707
2|994|712|1708
2|995|712|1709
2|995|713|1710
2|996|713|1711
2|996|714|1712
2|997|714|1713
2|997|715|1714
2|998|715|1715
2|998|716|1716
2|999|716|1717
2|999|717|1718
2|1000|717|1719
2|1000|718|1720
2|1001|718|1721
2|1001|719|1722
2|1002|719|1723
2|1002|720|1724
2|1003|720|1725
2|1003|721|1726
2|1004|721|1727
2|1004|722|1728
2|1005|722|1729
2|1005|723|1730
2|1006|723|1731
2|1006|724|1732
2|1007|724|1733
2|1007|725|1734
2|1008|725|1735
2|1008|726|1736
2|1009|726|1737
2|1009|727|1738
2|1010|727|1739
2|1011|727|1740
2|1012|727|1741
2|1013|727|1742
2|1014|727|1743
2|1015|727|1744
2|1016|727|1745
2|1017|727|1746
2|1018|727|1747
2|1019|727|1748
2|1020|727|1749
2|1021|727|1750
2|1022|727|1751
2|1023|727|1752
2|1024|727|1753
2|1025|727|1754
2|1026|727|1755
2|1027|727|1756
2|1028|727|1757
2|1028|728|1758
2|1029|728|1759
2|1029|729|1760
2|1030|729|1761
2|1030|730|1762
2|1031|730|1763
2|1031|731|1764
2|1032|731|1765
2|1032|732|1766
2|1033|732|1767
2|1033|733|1768
2|1034|733|1769
2|1034|734|1770
2|1035|734|1771
2|1035|735|1772
2|1036|735|1773
2|1036|736|1774
2|1037|736|1775
2|1037|737|1776
2|1038|737|1777
2|1038|738|1778
2|1039|738|1779
2|1039|739|1780
2|1040|739|1781
2|1040|740|1782
2|1041|740|1783
2|1041|741|1784
2|1042|741|1785
2|1042|742|1786
2|1043|742|1787
2|1043|743|1788
