total
0|1|0|1
1|1|0|2
1|1|1|3
1|2|1|4
1|2|2|5
1|3|2|6
1|4|2|7
1|5|2|8
1|5|3|9
1|6|3|10
1|6|4|11
1|7|4|12
1|7|5|13
1|8|5|14
1|9|5|15
1|10|5|16
1|10|6|17
1|11|6|18
1|11|7|19
1|12|7|20
1|13|7|21
1|14|7|22
1|14|8|23
1|15|8|24
1|15|9|25
1|16|9|26
1|16|10|27
1|17|10|28
1|17|11|29
1|18|11|30
1|18|12|31
1|19|12|32
1|19|13|33
1|20|13|34
1|21|13|35
1|22|13|36
1|23|13|37
1|24|13|38
1|25|13|39
1|26|13|40
1|26|14|41
1|27|14|42
1|27|15|43
1|28|15|44
1|28|16|45
1|29|16|46
1|29|17|47
1|30|17|48
1|30|18|49
1|31|18|50
1|31|19|51
1|32|19|52
1|33|19|53
1|34|19|54
1|35|19|55
1|36|19|56
1|36|20|57
1|37|20|58
1|37|21|59
1|38|21|60
1|38|22|61
1|39|22|62
1|39|23|63
1|40|23|64
1|40|24|65
1|41|24|66
1|41|25|67
1|42|25|68
1|42|26|69
1|43|26|70
1|44|26|71
1|45|26|72
1|46|26|73
1|47|26|74
1|48|26|75
1|49|26|76
1|49|27|77
1|50|27|78
1|50|28|79
1|51|28|80
1|51|29|81
1|52|29|82
1|52|30|83
1|53|30|84
1|53|31|85
1|54|31|86
1|54|32|87
1|55|32|88
1|55|33|89
1|56|33|90
1|56|34|91
1|57|34|92
1|57|35|93
1|58|35|94
1|58|36|95
1|59|36|96
1|59|37|97
1|60|37|98
1|60|38|99
1|61|38|100
1|61|39|101
1|62|39|102
1|62|40|103
1|63|40|104
1|63|41|105
1|64|41|106
1|64|42|107
1|65|42|108
1|65|43|109
1|66|43|110
1|66|44|111
1|67|44|112
1|67|45|113
1|68|45|114
1|68|46|115
1|69|46|116
1|69|47|117
1|70|47|118
1|70|48|119
1|71|48|120
1|71|49|121
1|72|49|122
1|72|50|123
1|73|50|124
1|73|51|125
1|74|51|126
1|74|52|127
1|75|52|128
1|75|53|129
1|76|53|130
1|77|53|131
1|78|53|132
1|79|53|133
1|80|53|134
1|81|53|135
1|82|53|136
1|83|53|137
1|84|53|138
1|85|53|139
1|86|53|140
1|87|53|141
1|88|53|142
1|89|53|143
1|90|53|144
1|91|53|145
1|92|53|146
1|93|53|147
1|94|53|148
1|95|53|149
1|96|53|150
1|96|54|151
1|97|54|152
1|97|55|153
1|98|55|154
1|98|56|155
1|99|56|156
1|99|57|157
1|100|57|158
1|100|58|159
1|101|58|160
1|101|59|161
1|102|59|162
1|102|60|163
1|103|60|164
1|103|61|165
1|104|61|166
1|104|62|167
1|105|62|168
1|105|63|169
1|106|63|170
1|106|64|171
1|107|64|172
1|107|65|173
1|108|65|174
1|108|66|175
1|109|66|176
1|109|67|177
1|110|67|178
1|110|68|179
1|111|68|180
1|111|69|181
1|112|69|182
1|112|70|183
1|113|70|184
1|113|71|185
1|114|71|186
1|114|72|187
1|115|72|188
1|115|73|189
1|116|73|190
1|116|74|191
1|117|74|192
1|117|75|193
1|118|75|194
1|118|76|195
1|119|76|196
1|119|77|197
1|120|77|198
1|121|77|199
1|122|77|200
1|123|77|201
1|124|77|202
1|125|77|203
1|126|77|204
1|126|78|205
1|127|78|206
1|127|79|207
1|128|79|208
1|128|80|209
1|129|80|210
1|129|81|211
1|130|81|212
1|130|82|213
1|131|82|214
1|131|83|215
1|132|83|216
1|132|84|217
1|133|84|218
1|133|85|219
1|134|85|220
1|134|86|221
1|135|86|222
1|135|87|223
1|136|87|224
1|136|88|225
1|137|88|226
1|137|89|227
1|138|89|228
1|138|90|229
1|139|90|230
1|139|91|231
1|140|91|232
1|140|92|233
1|141|92|234
1|141|93|235
1|142|93|236
1|142|94|237
1|143|94|238
1|143|95|239
1|144|95|240
1|144|96|241
1|145|96|242
1|145|97|243
1|146|97|244
1|146|98|245
1|147|98|246
1|147|99|247
1|148|99|248
1|148|100|249
1|149|100|250
1|149|101|251
1|150|101|252
1|150|102|253
1|151|102|254
1|151|103|255
1|152|103|256
1|152|104|257
1|153|104|258
1|153|105|259
1|154|105|260
1|154|106|261
1|155|106|262
1|155|107|263
1|156|107|264
1|156|108|265
1|157|108|266
1|157|109|267
1|158|109|268
1|158|110|269
1|159|110|270
1|159|111|271
1|160|111|272
1|160|112|273
1|161|112|274
1|161|113|275
1|162|113|276
1|162|114|277
1|163|114|278
1|163|115|279
1|164|115|280
1|164|116|281
1|165|116|282
1|165|117|283
1|166|117|284
1|167|117|285
1|168|117|286
1|169|117|287
1|170|117|288
1|171|117|289
1|172|117|290
1|173|117|291
1|174|117|292
1|175|117|293
1|176|117|294
1|177|117|295
1|178|117|296
1|179|117|297
1|180|117|298
1|181|117|299
1|182|117|300
1|183|117|301
1|184|117|302
1|184|118|303
1|185|118|304
1|185|119|305
1|186|119|306
1|186|120|307
1|187|120|308
1|187|121|309
1|188|121|310
1|188|122|311
1|189|122|312
1|189|123|313
1|190|123|314
1|190|124|315
1|191|124|316
1|191|125|317
1|192|125|318
1|192|126|319
1|193|126|320
1|193|127|321
1|194|127|322
1|194|128|323
1|195|128|324
1|195|129|325
1|196|129|326
1|196|130|327
1|197|130|328
1|197|131|329
1|198|131|330
1|198|132|331
1|199|132|332
1|199|133|333
1|200|133|334
1|200|134|335
1|201|134|336
1|201|135|337
1|202|135|338
1|202|136|339
1|203|136|340
1|203|137|341
1|204|137|342
1|204|138|343
1|205|138|344
1|205|139|345
1|206|139|346
1|206|140|347
1|207|140|348
1|207|141|349
1|208|141|350
1|208|142|351
1|209|142|352
1|209|143|353
1|210|143|354
1|210|144|355
1|211|144|356
1|211|145|357
1|212|145|358
1|212|146|359
1|213|146|360
1|213|147|361
1|214|147|362
1|214|148|363
1|215|148|364
1|215|149|365
1|216|149|366
1|216|150|367
1|217|150|368
1|217|151|369
1|218|151|370
1|218|152|371
1|219|152|372
1|219|153|373
1|220|153|374
1|220|154|375
1|221|154|376
1|221|155|377
1|222|155|378
1|222|156|379
1|223|156|380
1|223|157|381
1|224|157|382
1|224|158|383
1|225|158|384
1|225|159|385
1|226|159|386
1|226|160|387
1|227|160|388
1|227|161|389
1|228|161|390
1|228|162|391
1|229|162|392
1|229|163|393
1|230|163|394
1|230|164|395
1|231|164|396
1|231|165|397
1|232|165|398
1|232|166|399
1|233|166|400
1|233|167|401
1|234|167|402
1|234|168|403
1|235|168|404
1|235|169|405
1|236|169|406
1|236|170|407
1|237|170|408
1|237|171|409
1|238|171|410
1|238|172|411
1|239|172|412
1|239|173|413
1|240|173|414
1|240|174|415
1|241|174|416
1|241|175|417
1|242|175|418
1|242|176|419
1|243|176|420
1|243|177|421
1|244|177|422
1|244|178|423
1|245|178|424
1|245|179|425
1|246|179|426
1|246|180|427
1|247|180|428
1|247|181|429
1|248|181|430
1|249|181|431
1|250|181|432
1|251|181|433
1|252|181|434
1|253|181|435
1|254|181|436
1|255|181|437
1|256|181|438
1|257|181|439
1|258|181|440
1|259|181|441
1|260|181|442
1|261|181|443
1|262|181|444
1|263|181|445
1|264|181|446
1|265|181|447
1|266|181|448
1|266|182|449
1|267|182|450
1|267|183|451
1|268|183|452
1|268|184|453
1|269|184|454
1|269|185|455
1|270|185|456
1|270|186|457
1|271|186|458
1|271|187|459
1|272|187|460
1|272|188|461
1|273|188|462
1|273|189|463
1|274|189|464
1|274|190|465
1|275|190|466
1|275|191|467
1|276|191|468
1|276|192|469
1|277|192|470
1|277|193|471
1|278|193|472
1|278|194|473
1|279|194|474
1|279|195|475
1|280|195|476
1|280|196|477
1|281|196|478
1|281|197|479
1|282|197|480
1|282|198|481
1|283|198|482
1|283|199|483
1|284|199|484
1|284|200|485
1|285|200|486
1|285|201|487
1|286|201|488
1|286|202|489
1|287|202|490
1|287|203|491
1|288|203|492
1|288|204|493
1|289|204|494
1|289|205|495
1|290|205|496
1|290|206|497
1|291|206|498
1|291|207|499
1|292|207|500
1|292|208|501
1|293|208|502
1|293|209|503
1|294|209|504
1|294|210|505
1|295|210|506
1|295|211|507
1|296|211|508
1|296|212|509
1|297|212|510
1|297|213|511
1|298|213|512
1|298|214|513
1|299|214|514
1|299|215|515
1|300|215|516
1|300|216|517
1|301|216|518
1|301|217|519
1|302|217|520
1|302|218|521
1|303|218|522
1|303|219|523
1|304|219|524
1|304|220|525
1|305|220|526
1|305|221|527
1|306|221|528
1|306|222|529
1|307|222|530
1|307|223|531
1|308|223|532
1|308|224|533
1|309|224|534
1|309|225|535
1|310|225|536
1|310|226|537
1|311|226|538
1|311|227|539
1|312|227|540
1|312|228|541
1|313|228|542
1|313|229|543
1|314|229|544
1|314|230|545
1|315|230|546
1|315|231|547
1|316|231|548
1|316|232|549
1|317|232|550
1|317|233|551
1|318|233|552
1|318|234|553
1|319|234|554
1|319|235|555
1|320|235|556
1|320|236|557
1|321|236|558
1|321|237|559
1|322|237|560
1|322|238|561
1|323|238|562
1|323|239|563
1|324|239|564
1|324|240|565
1|325|240|566
1|325|241|567
1|326|241|568
1|326|242|569
1|327|242|570
1|328|243|572
1|329|243|573
1|329|244|574
1|330|244|575
1|330|245|576
1|331|245|577
1|331|246|578
1|332|246|579
1|332|247|580
1|333|247|581
1|333|248|582
1|334|248|583
1|334|249|584
1|335|249|585
1|335|250|586
1|336|250|587
1|336|251|588
1|337|251|589
1|337|252|590
1|338|252|591
1|338|253|592
1|339|253|593
1|340|253|594
1|341|253|595
1|342|253|596
1|343|253|597
1|344|253|598
1|345|253|599
1|346|253|600
1|347|253|601
1|348|253|602
1|349|253|603
1|350|253|604
1|351|253|605
1|352|253|606
1|353|253|607
1|354|253|608
1|355|253|609
1|356|253|610
1|357|253|611
1|357|254|612
1|358|254|613
1|358|255|614
1|359|255|615
1|359|256|616
1|360|256|617
1|360|257|618
1|361|257|619
1|361|258|620
1|362|258|621
1|362|259|622
1|363|259|623
1|363|260|624
1|364|260|625
1|364|261|626
1|365|261|627
1|365|262|628
1|366|262|629
1|366|263|630
1|367|263|631
1|367|264|632
1|368|264|633
1|368|265|634
1|369|265|635
1|369|266|636
1|370|266|637
1|370|267|638
1|371|267|639
1|371|268|640
1|372|268|641
1|372|269|642
1|373|269|643
1|373|270|644
1|374|270|645
1|374|271|646
1|375|271|647
1|375|272|648
1|376|272|649
1|376|273|650
1|377|273|651
1|377|274|652
1|378|274|653
1|378|275|654
1|379|275|655
1|379|276|656
1|380|276|657
1|380|277|658
1|381|277|659
1|381|278|660
1|382|278|661
1|382|279|662
1|383|279|663
1|383|280|664
1|384|280|665
1|384|281|666
1|385|281|667
1|385|282|668
1|386|282|669
1|386|283|670
1|387|283|671
1|387|284|672
1|388|284|673
1|388|285|674
1|389|285|675
1|389|286|676
1|390|286|677
1|390|287|678
1|391|287|679
1|391|288|680
1|392|288|681
1|392|289|682
1|393|289|683
1|393|290|684
1|394|290|685
1|394|291|686
1|395|291|687
1|395|292|688
1|396|292|689
1|396|293|690
1|397|293|691
1|397|294|692
1|398|294|693
1|398|295|694
1|399|295|695
1|399|296|696
1|400|296|697
1|400|297|698
1|401|297|699
1|401|298|700
1|402|298|701
1|402|299|702
1|403|299|703
1|403|300|704
1|404|300|705
1|404|301|706
1|405|301|707
1|405|302|708
1|406|302|709
1|406|303|710
1|407|303|711
1|407|304|712
1|408|304|713
1|408|305|714
1|409|305|715
1|409|306|716
1|410|306|717
1|410|307|718
1|411|307|719
1|411|308|720
1|412|308|721
1|412|309|722
1|413|309|723
1|413|310|724
1|414|310|725
1|414|311|726
1|415|311|727
1|415|312|728
1|416|312|729
1|416|313|730
1|417|313|731
1|417|314|732
1|418|314|733
1|418|315|734
1|419|315|735
1|419|316|736
1|420|316|737
1|420|317|738
1|421|317|739
1|422|317|740
1|423|317|741
1|424|317|742
1|425|317|743
1|426|317|744
1|427|317|745
1|428|317|746
1|429|317|747
1|430|317|748
1|431|317|749
1|432|317|750
1|433|317|751
1|434|317|752
1|435|317|753
1|436|317|754
1|437|317|755
1|438|317|756
1|439|317|757
1|439|318|758
1|440|318|759
1|440|319|760
1|441|319|761
1|441|320|762
1|442|320|763
1|442|321|764
1|443|321|765
1|443|322|766
1|444|322|767
1|444|323|768
1|445|323|769
1|445|324|770
1|446|324|771
1|446|325|772
1|447|325|773
1|447|326|774
1|448|326|775
1|448|327|776
1|449|327|777
1|449|328|778
1|450|328|779
1|450|329|780
1|451|329|781
1|451|330|782
1|452|330|783
1|452|331|784
1|453|331|785
1|453|332|786
1|454|332|787
1|454|333|788
1|455|333|789
1|455|334|790
1|456|334|791
1|456|335|792
1|457|335|793
1|457|336|794
1|458|336|795
1|458|337|796
1|459|337|797
1|459|338|798
1|460|338|799
1|460|339|800
1|461|339|801
1|461|340|802
1|462|340|803
1|462|341|804
1|463|341|805
1|463|342|806
1|464|342|807
1|464|343|808
1|465|343|809
1|465|344|810
1|466|344|811
1|466|345|812
1|467|345|813
1|467|346|814
1|468|346|815
1|468|347|816
1|469|347|817
1|469|348|818
1|470|348|819
1|470|349|820
1|471|349|821
1|471|350|822
1|472|350|823
1|472|351|824
1|473|351|825
1|473|352|826
1|474|352|827
1|474|353|828
1|475|353|829
1|475|354|830
1|476|354|831
1|476|355|832
1|477|355|833
1|477|356|834
1|478|356|835
1|478|357|836
1|479|357|837
1|479|358|838
1|480|358|839
1|480|359|840
1|481|359|841
1|481|360|842
1|482|360|843
1|482|361|844
1|483|361|845
1|483|362|846
1|484|362|847
1|484|363|848
1|485|363|849
1|485|364|850
1|486|364|851
1|486|365|852
1|487|365|853
1|487|366|854
1|488|366|855
1|488|367|856
1|489|367|857
1|489|368|858
1|490|368|859
1|490|369|860
1|491|369|861
1|491|370|862
1|492|370|863
1|492|371|864
1|493|371|865
1|493|372|866
1|494|372|867
1|494|373|868
1|495|373|869
1|495|374|870
1|496|374|871
1|496|375|872
1|497|375|873
1|497|376|874
1|498|376|875
1|498|377|876
1|499|377|877
1|499|378|878
1|500|378|879
1|500|379|880
1|501|379|881
1|501|380|882
1|502|380|883
1|502|381|884
1|503|381|885
1|503|382|886
1|504|382|887
1|504|383|888
1|505|383|889
1|505|384|890
1|506|384|891
1|506|385|892
1|507|385|893
1|507|386|894
1|508|386|895
1|508|387|896
1|509|387|897
1|509|388|898
1|510|388|899
1|510|389|900
1|511|389|901
1|512|389|902
1|513|389|903
1|514|389|904
1|515|389|905
1|516|389|906
1|517|389|907
1|518|389|908
1|519|389|909
1|520|389|910
1|521|389|911
1|522|389|912
1|523|389|913
1|524|389|914
1|525|389|915
1|526|389|916
1|527|389|917
1|528|389|918
1|529|389|919
1|529|390|920
1|530|390|921
1|530|391|922
1|531|391|923
1|531|392|924
1|532|392|925
1|532|393|926
1|533|393|927
1|533|394|928
1|534|394|929
1|534|395|930
1|535|395|931
1|535|396|932
1|536|396|933
1|536|397|934
1|537|397|935
1|537|398|936
1|538|398|937
1|538|399|938
1|539|399|939
1|539|400|940
1|540|400|941
1|540|401|942
1|541|401|943
1|541|402|944
1|542|402|945
1|542|403|946
1|543|403|947
1|543|404|948
1|544|404|949
1|544|405|950
1|545|405|951
1|545|406|952
1|546|406|953
1|546|407|954
1|547|407|955
1|547|408|956
1|548|408|957
1|548|409|958
1|549|409|959
1|549|410|960
1|550|410|961
1|550|411|962
1|551|411|963
1|551|412|964
1|552|412|965
1|552|413|966
1|553|413|967
1|553|414|968
1|554|414|969
1|554|415|970
1|555|415|971
1|555|416|972
1|556|416|973
1|556|417|974
1|557|417|975
1|557|418|976
1|558|418|977
1|558|419|978
1|559|419|979
1|559|420|980
1|560|420|981
1|560|421|982
1|561|421|983
1|561|422|984
1|562|422|985
1|562|423|986
1|563|423|987
1|563|424|988
1|564|424|989
1|564|425|990
1|565|425|991
1|565|426|992
1|566|426|993
1|566|427|994
1|567|427|995
1|567|428|996
1|568|428|997
1|568|429|998
1|569|429|999
1|569|430|1000
1|570|430|1001
1|570|431|1002
1|571|431|1003
1|571|432|1004
1|572|432|1005
1|572|433|1006
1|573|433|1007
1|573|434|1008
1|574|434|1009
1|574|435|1010
1|575|435|1011
1|575|436|1012
1|576|436|1013
1|576|437|1014
1|577|437|1015
1|577|438|1016
1|578|438|1017
1|578|439|1018
1|579|439|1019
1|579|440|1020
1|580|440|1021
1|580|441|1022
1|581|441|1023
1|581|442|1024
1|582|442|1025
1|582|443|1026
1|583|443|1027
1|583|444|1028
1|584|444|1029
1|584|445|1030
1|585|445|1031
1|586|445|1032
1|587|445|1033
1|588|445|1034
1|589|445|1035
1|590|445|1036
1|591|445|1037
1|592|445|1038
1|593|445|1039
1|594|445|1040
1|595|445|1041
1|596|445|1042
1|597|445|1043
1|598|445|1044
1|599|445|1045
1|600|445|1046
1|601|445|1047
1|602|445|1048
1|603|445|1049
1|603|446|1050
1|604|446|1051
1|604|447|1052
1|605|447|1053
1|605|448|1054
1|606|448|1055
1|606|449|1056
1|607|449|1057
1|607|450|1058
1|608|450|1059
1|608|451|1060
1|609|451|1061
1|609|452|1062
1|610|452|1063
1|610|453|1064
1|611|453|1065
1|611|454|1066
1|612|454|1067
1|612|455|1068
1|613|455|1069
1|613|456|1070
1|614|456|1071
1|614|457|1072
1|615|457|1073
1|615|458|1074
1|616|458|1075
1|616|459|1076
1|617|459|1077
1|617|460|1078
1|618|460|1079
1|618|461|1080
1|619|461|1081
1|619|462|1082
1|620|462|1083
1|620|463|1084
1|621|463|1085
1|621|464|1086
1|622|464|1087
1|622|465|1088
1|623|465|1089
1|623|466|1090
1|624|466|1091
1|624|467|1092
1|625|467|1093
1|625|468|1094
1|626|468|1095
1|626|469|1096
1|627|469|1097
1|627|470|1098
1|628|470|1099
1|628|471|1100
1|629|471|1101
1|629|472|1102
1|630|472|1103
1|630|473|1104
1|631|473|1105
1|631|474|1106
1|632|474|1107
1|632|475|1108
1|633|475|1109
1|634|475|1110
1|635|475|1111
1|636|475|1112
1|637|475|1113
1|638|475|1114
1|639|475|1115
1|639|476|1116
1|640|476|1117
1|640|477|1118
1|641|477|1119
1|641|478|1120
1|642|478|1121
1|642|479|1122
1|643|479|1123
1|643|480|1124
1|644|480|1125
1|644|481|1126
1|645|481|1127
1|646|481|1128
1|647|481|1129
1|648|481|1130
1|649|481|1131
1|650|481|1132
1|651|481|1133
1|651|482|1134
1|652|482|1135
1|652|483|1136
1|653|483|1137
1|653|484|1138
1|654|484|1139
1|654|485|1140
1|655|485|1141
1|655|486|1142
1|656|486|1143
1|656|487|1144
1|657|487|1145
1|658|487|1146
1|659|487|1147
1|660|487|1148
1|661|487|1149
1|662|487|1150
1|663|487|1151
1|663|488|1152
1|664|488|1153
1|664|489|1154
1|665|489|1155
1|665|490|1156
1|666|490|1157
1|666|491|1158
1|667|491|1159
1|667|492|1160
1|668|492|1161
1|668|493|1162
1|669|493|1163
1|669|494|1164
1|670|494|1165
1|670|495|1166
1|671|495|1167
1|671|496|1168
1|672|496|1169
1|672|497|1170
1|673|497|1171
1|673|498|1172
1|674|498|1173
1|674|499|1174
1|675|499|1175
1|675|500|1176
1|676|500|1177
1|676|501|1178
1|677|501|1179
1|677|502|1180
1|678|502|1181
1|678|503|1182
1|679|503|1183
1|679|504|1184
1|680|504|1185
1|680|505|1186
1|681|505|1187
1|681|506|1188
1|682|506|1189
1|682|507|1190
1|683|507|1191
1|683|508|1192
1|684|508|1193
1|684|509|1194
1|685|509|1195
1|685|510|1196
1|686|510|1197
1|686|511|1198
1|687|511|1199
1|687|512|1200
1|688|512|1201
1|688|513|1202
1|689|513|1203
1|689|514|1204
1|690|514|1205
1|691|514|1206
1|692|514|1207
1|693|514|1208
1|694|514|1209
1|695|514|1210
1|696|514|1211
1|697|514|1212
1|698|514|1213
1|699|514|1214
1|700|514|1215
1|701|514|1216
1|702|514|1217
1|703|514|1218
1|704|514|1219
1|705|514|1220
1|706|514|1221
1|707|514|1222
1|708|514|1223
1|709|514|1224
1|710|514|1225
1|710|515|1226
1|711|515|1227
1|711|516|1228
1|712|516|1229
1|712|517|1230
1|713|517|1231
1|713|518|1232
1|714|518|1233
1|714|519|1234
1|715|519|1235
1|715|520|1236
1|716|520|1237
1|716|521|1238
1|717|521|1239
1|717|522|1240
1|718|522|1241
1|718|523|1242
1|719|523|1243
1|719|524|1244
1|720|524|1245
1|720|525|1246
1|721|525|1247
1|721|526|1248
1|722|526|1249
1|722|527|1250
1|723|527|1251
1|723|528|1252
1|724|528|1253
1|724|529|1254
1|725|529|1255
1|725|530|1256
1|726|530|1257
1|726|531|1258
1|727|531|1259
1|727|532|1260
1|728|532|1261
1|728|533|1262
1|729|533|1263
1|729|534|1264
1|730|534|1265
1|730|535|1266
1|731|535|1267
1|731|536|1268
1|732|536|1269
1|732|537|1270
1|733|537|1271
1|733|538|1272
1|734|538|1273
1|735|538|1274
1|736|538|1275
1|737|538|1276
1|738|538|1277
1|739|538|1278
1|740|538|1279
1|740|539|1280
1|741|539|1281
1|741|540|1282
1|742|540|1283
1|742|541|1284
1|743|541|1285
1|743|542|1286
1|744|542|1287
1|744|543|1288
1|745|543|1289
1|745|544|1290
1|746|544|1291
1|747|544|1292
1|748|544|1293
1|749|544|1294
1|750|544|1295
1|751|544|1296
1|752|544|1297
1|752|545|1298
1|753|545|1299
1|753|546|1300
1|754|546|1301
1|754|547|1302
1|755|547|1303
1|755|548|1304
1|756|548|1305
1|756|549|1306
1|757|549|1307
1|757|550|1308
1|758|550|1309
1|759|550|1310
1|760|550|1311
1|761|550|1312
1|762|550|1313
1|762|551|1314
1|763|551|1315
1|763|552|1316
1|764|552|1317
1|764|553|1318
1|765|553|1319
1|765|554|1320
1|766|554|1321
1|766|555|1322
1|767|555|1323
1|767|556|1324
1|768|556|1325
1|768|557|1326
1|769|557|1327
1|770|557|1328
1|771|557|1329
1|771|558|1330
1|772|558|1331
1|773|558|1332
1|774|558|1333
1|774|559|1334
1|775|559|1335
1|775|560|1336
1|776|560|1337
1|776|561|1338
1|777|561|1339
1|777|562|1340
1|778|562|1341
1|778|563|1342
1|779|563|1343
1|779|564|1344
1|780|564|1345
1|780|565|1346
1|781|565|1347
1|781|566|1348
1|782|566|1349
1|782|567|1350
1|783|567|1351
1|783|568|1352
1|784|568|1353
1|784|569|1354
1|785|569|1355
1|785|570|1356
1|786|570|1357
1|786|571|1358
1|787|571|1359
1|787|572|1360
1|788|572|1361
1|788|573|1362
1|789|573|1363
1|789|574|1364
1|790|574|1365
1|790|575|1366
1|791|575|1367
1|791|576|1368
1|792|576|1369
1|792|577|1370
1|793|577|1371
1|793|578|1372
1|794|578|1373
1|794|579|1374
1|795|579|1375
1|795|580|1376
1|796|580|1377
1|796|581|1378
1|797|581|1379
1|797|582|1380
1|798|582|1381
1|798|583|1382
1|799|583|1383
1|799|584|1384
1|800|584|1385
1|800|585|1386
1|801|585|1387
1|802|585|1388
1|803|585|1389
1|804|585|1390
1|805|585|1391
1|806|585|1392
1|807|585|1393
1|808|585|1394
1|809|585|1395
1|810|585|1396
1|811|585|1397
1|812|585|1398
1|813|585|1399
1|814|585|1400
1|815|585|1401
1|816|585|1402
1|817|585|1403
1|818|585|1404
1|819|585|1405
1|820|585|1406
1|821|585|1407
1|821|586|1408
1|822|586|1409
1|822|587|1410
1|823|587|1411
1|823|588|1412
1|824|588|1413
1|824|589|1414
1|825|589|1415
1|825|590|1416
1|826|590|1417
1|826|591|1418
1|827|591|1419
1|827|592|1420
1|828|592|1421
1|828|593|1422
1|829|593|1423
1|829|594|1424
1|830|594|1425
1|830|595|1426
1|831|595|1427
1|831|596|1428
1|832|596|1429
1|832|597|1430
1|833|597|1431
1|833|598|1432
1|834|598|1433
1|834|599|1434
1|835|599|1435
1|835|600|1436
1|836|600|1437
1|836|601|1438
1|837|601|1439
1|837|602|1440
1|838|602|1441
1|838|603|1442
1|839|603|1443
1|839|604|1444
1|840|604|1445
1|840|605|1446
1|841|605|1447
1|841|606|1448
1|842|606|1449
1|842|607|1450
1|843|607|1451
1|843|608|1452
1|844|608|1453
1|844|609|1454
1|845|609|1455
1|846|609|1456
1|847|609|1457
1|848|609|1458
1|849|609|1459
1|850|609|1460
1|851|609|1461
1|851|610|1462
1|852|610|1463
1|852|611|1464
1|853|611|1465
1|853|612|1466
1|854|612|1467
1|854|613|1468
1|855|613|1469
1|855|614|1470
1|856|614|1471
1|856|615|1472
1|857|615|1473
1|858|615|1474
1|859|615|1475
1|859|616|1476
1|860|616|1477
1|860|617|1478
1|861|617|1479
1|861|618|1480
1|862|618|1481
1|862|619|1482
1|863|619|1483
1|863|620|1484
1|864|620|1485
1|864|621|1486
1|865|621|1487
1|865|622|1488
1|866|622|1489
1|866|623|1490
1|867|623|1491
1|867|624|1492
1|868|624|1493
1|868|625|1494
1|869|625|1495
1|870|625|1496
1|871|625|1497
1|871|626|1498
1|872|626|1499
1|872|627|1500
1|873|627|1501
1|873|628|1502
1|874|628|1503
1|874|629|1504
1|875|629|1505
1|875|630|1506
1|876|630|1507
1|876|631|1508
1|877|631|1509
1|878|631|1510
1|879|631|1511
1|880|631|1512
1|881|631|1513
1|881|632|1514
1|882|632|1515
1|882|633|1516
1|883|633|1517
1|883|634|1518
1|884|634|1519
1|884|635|1520
1|885|635|1521
1|885|636|1522
1|886|636|1523
1|886|637|1524
1|887|637|1525
1|887|638|1526
1|888|638|1527
1|888|639|1528
1|889|639|1529
1|889|640|1530
1|890|640|1531
1|890|641|1532
1|891|641|1533
1|891|642|1534
1|892|642|1535
1|892|643|1536
1|893|643|1537
1|893|644|1538
1|894|644|1539
1|894|645|1540
1|895|645|1541
1|895|646|1542
1|896|646|1543
1|896|647|1544
1|897|647|1545
1|897|648|1546
1|898|648|1547
1|898|649|1548
1|899|649|1549
1|899|650|1550
1|900|650|1551
1|900|651|1552
1|901|651|1553
1|901|652|1554
1|902|652|1555
1|902|653|1556
1|903|653|1557
1|903|654|1558
1|904|654|1559
1|904|655|1560
1|905|655|1561
1|905|656|1562
1|906|656|1563
1|906|657|1564
1|907|657|1565
1|907|658|1566
1|908|658|1567
1|908|659|1568
1|909|659|1569
1|910|659|1570
1|911|659|1571
1|912|659|1572
1|913|659|1573
1|914|659|1574
1|915|659|1575
1|916|659|1576
1|917|659|1577
1|918|659|1578
1|919|659|1579
1|920|659|1580
1|921|659|1581
1|922|659|1582
1|923|659|1583
1|924|659|1584
1|925|659|1585
1|926|659|1586
1|927|659|1587
1|928|659|1588
1|929|659|1589
1|929|660|1590
1|930|660|1591
1|930|661|1592
1|931|661|1593
1|931|662|1594
1|932|662|1595
1|932|663|1596
1|933|663|1597
1|933|664|1598
1|934|664|1599
1|934|665|1600
1|935|665|1601
1|935|666|1602
1|936|666|1603
1|936|667|1604
1|937|667|1605
1|937|668|1606
1|938|668|1607
1|938|669|1608
1|939|669|1609
1|939|670|1610
1|940|670|1611
1|940|671|1612
1|941|671|1613
1|941|672|1614
1|942|672|1615
1|942|673|1616
1|943|673|1617
1|943|674|1618
1|944|674|1619
1|944|675|1620
1|945|675|1621
1|945|676|1622
1|946|676|1623
1|946|677|1624
1|947|677|1625
1|947|678|1626
1|948|678|1627
1|948|679|1628
1|949|679|1629
1|949|680|1630
1|950|680|1631
1|950|681|1632
1|951|681|1633
1|951|682|1634
1|952|682|1635
1|952|683|1636
1|953|683|1637
1|954|683|1638
1|955|683|1639
1|956|683|1640
1|957|683|1641
1|958|683|1642
1|959|683|1643
1|959|684|1644
1|960|684|1645
1|960|685|1646
1|961|685|1647
1|961|686|1648
1|962|686|1649
1|962|687|1650
1|963|687|1651
1|963|688|1652
1|964|688|1653
1|964|689|1654
1|965|689|1655
1|966|689|1656
1|967|689|1657
1|968|689|1658
1|969|689|1659
1|969|690|1660
1|970|690|1661
1|970|691|1662
1|971|691|1663
1|971|692|1664
1|972|692|1665
1|972|693|1666
1|973|693|1667
1|973|694|1668
1|974|694|1669
1|974|695|1670
1|975|695|1671
1|975|696|1672
1|976|696|1673
1|977|696|1674
1|978|696|1675
1|978|697|1676
1|979|697|1677
1|979|698|1678
1|980|698|1679
1|980|699|1680
1|981|699|1681
1|981|700|1682
1|982|700|1683
1|982|701|1684
1|983|701|1685
1|983|702|1686
1|984|702|1687
1|985|702|1688
1|986|702|1689
1|987|702|1690
1|988|702|1691
1|988|703|1692
1|989|703|1693
1|989|704|1694
1|990|704|1695
1|990|705|1696
1|991|705|1697
1|991|706|1698
1|992|706|1699
1|992|707|1700
1|993|707|1701
1|993|708|1702
1|994|708|1703
1|994|709|1704
1|995|709|1705
1|995|710|1706
1|996|710|1707
1|996|711|1708
1|997|711|1709
1|997|712|1710
1|998|712|1711
1|998|713|1712
1|999|713|1713
1|999|714|1714
1|1000|714|1715
1|1000|715|1716
1|1001|715|1717
1|1001|716|1718
1|1002|716|1719
1|1002|717|1720
1|1003|717|1721
1|1003|718|1722
1|1004|718|1723
1|1004|719|1724
1|1005|719|1725
1|1005|720|1726
1|1006|720|1727
1|1006|721|1728
1|1007|721|1729
1|1007|722|1730
1|1008|722|1731
1|1008|723|1732
1|1009|723|1733
1|1009|724|1734
1|1010|724|1735
1|1010|725|1736
1|1011|725|1737
1|1011|726|1738
1|1012|726|1739
1|1013|726|1740
1|1014|726|1741
1|1015|726|1742
1|1016|726|1743
1|1017|726|1744
1|1018|726|1745
1|1019|726|1746
1|1020|726|1747
1|1021|726|1748
1|1022|726|1749
1|1023|726|1750
1|1024|726|1751
1|1025|726|1752
1|1026|726|1753
1|1027|726|1754
1|1028|726|1755
1|1029|726|1756
1|1030|726|1757
1|1030|727|1758
1|1031|727|1759
1|1031|728|1760
1|1032|728|1761
1|1032|729|1762
1|1033|729|1763
1|1033|730|1764
1|1034|730|1765
1|1034|731|1766
1|1035|731|1767
1|1035|732|1768
1|1036|732|1769
1|1036|733|1770
1|1037|733|1771
1|1037|734|1772
1|1038|734|1773
1|1038|735|1774
1|1039|735|1775
1|1039|736|1776
1|1040|736|1777
1|1040|737|1778
1|1041|737|1779
1|1041|738|1780
1|1042|738|1781
1|1042|739|1782
1|1043|739|1783
1|1043|740|1784
1|1044|740|1785
1|1044|741|1786
1|1045|741|1787
1|1045|742|1788
