total
0|0|1|1
0|1|1|2
0|1|2|3
0|1|3|4
0|2|3|5
0|2|4|6
0|2|5|7
0|2|6|8
0|2|7|9
0|2|8|10
0|2|9|11
0|3|9|12
0|3|10|13
0|3|11|14
0|3|12|15
0|4|12|16
0|4|13|17
0|5|13|18
0|5|14|19
0|6|14|20
1|6|14|21
1|6|15|22
1|6|16|23
1|6|17|24
1|6|18|25
1|6|19|26
1|6|20|27
1|6|21|28
1|6|22|29
1|6|23|30
1|6|24|31
1|6|25|32
1|6|26|33
1|6|27|34
2|6|27|35
2|6|28|36
2|7|28|37
2|7|29|38
2|8|29|39
2|8|30|40
2|9|30|41
2|9|31|42
3|9|31|43
3|9|32|44
4|9|32|45
4|9|33|46
5|9|33|47
5|9|34|48
6|9|34|49
6|9|35|50
6|10|35|51
6|10|36|52
6|11|36|53
6|11|37|54
7|11|37|55
7|11|38|56
8|11|38|57
8|11|39|58
8|11|40|59
8|11|41|60
9|11|41|61
9|11|42|62
9|11|43|63
9|11|44|64
9|11|45|65
9|11|46|66
9|11|47|67
9|11|48|68
9|11|49|69
9|11|50|70
10|11|50|71
10|11|51|72
10|11|52|73
10|11|53|74
11|11|53|75
11|11|54|76
11|11|55|77
11|12|55|78
11|12|56|79
11|13|56|80
11|13|57|81
11|14|57|82
11|14|58|83
11|15|58|84
11|15|59|85
11|16|59|86
11|16|60|87
11|16|61|88
11|16|62|89
11|16|63|90
11|16|64|91
11|16|65|92
11|16|66|93
11|16|67|94
11|16|68|95
11|17|68|96
11|17|69|97
11|18|69|98
11|18|70|99
11|19|70|100
11|19|71|101
11|20|71|102
11|20|72|103
11|21|72|104
11|21|73|105
11|21|74|106
11|21|75|107
11|21|76|108
11|21|77|109
11|21|78|110
11|21|79|111
11|21|80|112
11|21|81|113
11|22|81|114
11|22|82|115
11|23|82|116
11|23|83|117
11|24|83|118
11|24|84|119
11|25|84|120
11|25|85|121
11|26|85|122
11|26|86|123
11|26|87|124
11|26|88|125
11|26|89|126
11|26|90|127
11|27|90|128
11|27|91|129
11|27|92|130
11|27|93|131
11|28|93|132
11|28|94|133
11|29|94|134
11|29|95|135
11|30|95|136
11|30|96|137
11|31|96|138
11|31|97|139
11|32|97|140
11|32|98|141
11|33|98|142
11|33|99|143
11|34|99|144
11|34|100|145
11|35|100|146
11|35|101|147
11|36|101|148
11|36|102|149
11|37|102|150
11|37|103|151
11|38|103|152
11|38|104|153
11|39|104|154
11|39|105|155
11|40|105|156
11|40|106|157
11|41|106|158
11|41|107|159
11|42|107|160
11|42|108|161
11|43|108|162
11|43|109|163
11|44|109|164
11|44|110|165
11|45|110|166
11|45|111|167
11|46|111|168
11|46|112|169
11|47|112|170
11|47|113|171
11|48|113|172
11|48|114|173
11|49|114|174
11|49|115|175
11|50|115|176
11|50|116|177
11|51|116|178
11|51|117|179
11|52|117|180
11|52|118|181
11|53|118|182
11|53|119|183
11|54|119|184
11|54|120|185
11|55|120|186
11|55|121|187
11|55|122|188
11|56|122|189
11|56|123|190
11|57|123|191
11|57|124|192
12|57|124|193
12|57|125|194
13|57|125|195
13|57|126|196
14|57|126|197
14|57|127|198
15|57|127|199
15|57|128|200
16|57|128|201
16|57|129|202
16|57|130|203
16|57|131|204
16|57|132|205
16|57|133|206
16|57|134|207
16|57|135|208
16|57|136|209
16|57|137|210
16|57|138|211
16|57|139|212
16|57|140|213
16|57|141|214
16|58|141|215
16|58|142|216
16|58|143|217
16|58|144|218
16|58|145|219
16|58|146|220
16|59|146|221
16|59|147|222
17|59|147|223
17|59|148|224
17|60|148|225
17|60|149|226
18|60|149|227
18|60|150|228
19|60|150|229
19|60|151|230
19|60|152|231
19|60|153|232
20|60|153|233
20|60|154|234
20|61|154|235
20|61|155|236
20|61|156|237
20|61|157|238
20|61|158|239
20|61|159|240
20|61|160|241
20|61|161|242
20|61|162|243
20|61|163|244
20|61|164|245
20|61|165|246
20|61|166|247
20|61|167|248
20|61|168|249
20|61|169|250
20|61|170|251
20|61|171|252
20|61|172|253
20|62|172|254
20|62|173|255
20|63|173|256
20|63|174|257
20|64|174|258
20|64|175|259
20|65|175|260
20|65|176|261
20|65|177|262
20|65|178|263
20|65|179|264
20|65|180|265
20|66|180|266
20|66|181|267
20|66|182|268
20|66|183|269
20|67|183|270
20|67|184|271
20|68|184|272
20|68|185|273
20|69|185|274
20|69|186|275
20|70|186|276
20|70|187|277
20|70|188|278
20|70|189|279
20|70|190|280
20|70|191|281
20|70|192|282
20|70|193|283
20|70|194|284
20|70|195|285
20|71|195|286
20|71|196|287
20|72|196|288
20|72|197|289
20|73|197|290
20|73|198|291
20|74|198|292
20|74|199|293
20|75|199|294
20|75|200|295
20|76|200|296
20|76|201|297
20|77|201|298
20|77|202|299
20|78|202|300
20|78|203|301
20|79|203|302
20|79|204|303
20|80|204|304
20|80|205|305
20|81|205|306
20|81|206|307
20|82|206|308
20|82|207|309
20|83|207|310
20|83|208|311
20|84|208|312
20|84|209|313
20|85|209|314
20|85|210|315
20|86|210|316
20|86|211|317
20|87|211|318
20|87|212|319
20|88|212|320
20|88|213|321
20|89|213|322
20|89|214|323
20|90|214|324
20|90|215|325
20|91|215|326
20|91|216|327
20|92|216|328
20|92|217|329
20|93|217|330
20|93|218|331
20|94|218|332
20|94|219|333
20|95|219|334
21|95|219|335
21|95|220|336
22|95|220|337
22|95|221|338
22|96|221|339
22|96|222|340
22|96|223|341
22|96|224|342
22|97|224|343
22|97|225|344
22|98|225|345
22|98|226|346
22|99|226|347
22|99|227|348
23|99|227|349
23|99|228|350
23|99|229|351
23|99|230|352
23|99|231|353
23|99|232|354
23|99|233|355
23|99|234|356
23|99|235|357
23|99|236|358
23|99|237|359
23|99|238|360
24|99|238|361
24|99|239|362
24|99|240|363
24|99|241|364
24|100|241|365
24|100|242|366
24|100|243|367
24|100|244|368
24|101|244|369
24|101|245|370
25|101|245|371
25|101|246|372
26|101|246|373
26|101|247|374
27|101|247|375
27|101|248|376
27|102|248|377
27|102|249|378
27|102|250|379
27|102|251|380
27|102|252|381
27|102|253|382
28|102|253|383
28|102|254|384
28|102|255|385
28|102|256|386
28|102|257|387
28|102|258|388
28|102|259|389
28|102|260|390
28|102|261|391
28|102|262|392
29|102|262|393
29|102|263|394
29|102|264|395
29|102|265|396
30|102|265|397
30|102|266|398
30|102|267|399
30|103|267|400
30|103|268|401
30|104|268|402
30|104|269|403
30|105|269|404
30|105|270|405
30|106|270|406
30|106|271|407
30|106|272|408
30|106|273|409
30|106|274|410
30|106|275|411
30|107|275|412
30|107|276|413
30|107|277|414
30|107|278|415
30|107|279|416
30|107|280|417
30|108|280|418
30|108|281|419
30|109|281|420
30|109|282|421
30|110|282|422
30|110|283|423
30|110|284|424
30|110|285|425
30|110|286|426
30|110|287|427
30|111|287|428
30|111|288|429
30|111|289|430
30|111|290|431
30|112|290|432
30|112|291|433
30|113|291|434
30|113|292|435
30|114|292|436
30|114|293|437
30|115|293|438
30|115|294|439
30|116|294|440
30|116|295|441
30|117|295|442
30|117|296|443
30|118|296|444
30|118|297|445
30|119|297|446
30|119|298|447
30|120|298|448
30|120|299|449
30|121|299|450
30|121|300|451
30|122|300|452
30|122|301|453
30|123|301|454
30|123|302|455
30|124|302|456
30|124|303|457
30|125|303|458
30|125|304|459
30|126|304|460
30|126|305|461
30|127|305|462
30|127|306|463
30|128|306|464
30|128|307|465
30|129|307|466
30|129|308|467
30|130|308|468
30|130|309|469
30|131|309|470
30|131|310|471
30|132|310|472
30|132|311|473
30|133|311|474
30|133|312|475
30|134|312|476
30|134|313|477
30|135|313|478
30|135|314|479
30|136|314|480
31|136|314|481
31|136|315|482
31|137|315|483
31|137|316|484
31|137|317|485
31|137|318|486
31|138|318|487
31|138|319|488
31|138|320|489
31|138|321|490
31|139|321|491
31|139|322|492
31|139|323|493
31|139|324|494
31|140|324|495
31|140|325|496
31|140|326|497
31|140|327|498
31|140|328|499
31|140|329|500
31|140|330|501
31|140|331|502
31|140|332|503
31|140|333|504
31|140|334|505
31|140|335|506
31|141|335|507
31|141|336|508
32|141|336|509
32|141|337|510
33|141|337|511
33|141|338|512
33|142|338|513
33|142|339|514
33|142|340|515
33|142|341|516
33|143|341|517
33|143|342|518
34|143|342|519
34|143|343|520
34|144|343|521
34|144|344|522
34|144|345|523
34|144|346|524
34|144|347|525
34|144|348|526
34|145|348|527
34|145|349|528
34|145|350|529
34|145|351|530
34|145|352|531
34|145|353|532
34|145|354|533
34|145|355|534
34|145|356|535
34|145|357|536
34|145|358|537
34|145|359|538
35|145|359|539
35|145|360|540
35|145|361|541
35|145|362|542
35|145|363|543
35|145|364|544
35|145|365|545
35|146|365|546
35|146|366|547
35|147|366|548
35|147|367|549
35|148|367|550
35|148|368|551
35|149|368|552
35|149|369|553
35|149|370|554
35|149|371|555
35|149|372|556
35|149|373|557
35|150|373|558
35|150|374|559
35|150|375|560
35|150|376|561
35|151|376|562
35|151|377|563
35|152|377|564
35|152|378|565
35|153|378|566
35|153|379|567
35|154|379|568
35|154|380|569
35|154|381|570
35|154|382|571
35|154|383|572
35|154|384|573
35|155|384|574
35|155|385|575
35|155|386|576
35|155|387|577
35|156|387|578
35|156|388|579
35|157|388|580
35|157|389|581
35|158|389|582
35|158|390|583
35|159|390|584
35|159|391|585
35|159|392|586
35|159|393|587
35|159|394|588
35|159|395|589
35|160|395|590
35|160|396|591
35|160|397|592
35|160|398|593
35|161|398|594
35|161|399|595
35|162|399|596
35|162|400|597
35|163|400|598
35|163|401|599
35|164|401|600
35|165|402|602
35|166|402|603
35|166|403|604
35|167|403|605
35|167|404|606
35|168|404|607
35|168|405|608
35|169|405|609
35|169|406|610
35|170|406|611
35|170|407|612
35|171|407|613
35|171|408|614
35|172|408|615
35|172|409|616
35|173|409|617
35|173|410|618
35|174|410|619
35|174|411|620
35|175|411|621
35|175|412|622
35|176|412|623
35|176|413|624
35|177|413|625
35|177|414|626
35|177|415|627
35|178|415|628
35|178|416|629
35|178|417|630
35|178|418|631
36|178|418|632
36|178|419|633
36|179|419|634
36|179|420|635
36|180|420|636
36|180|421|637
36|180|422|638
36|180|423|639
36|180|424|640
36|180|425|641
36|181|425|642
36|181|426|643
36|181|427|644
36|181|428|645
36|181|429|646
36|181|430|647
36|181|431|648
36|181|432|649
36|181|433|650
36|181|434|651
36|181|435|652
36|181|436|653
36|182|436|654
36|182|437|655
36|182|438|656
36|182|439|657
36|183|439|658
36|183|440|659
36|184|440|660
36|184|441|661
36|185|441|662
36|185|442|663
36|185|443|664
36|185|444|665
36|185|445|666
36|185|446|667
36|186|446|668
36|186|447|669
36|186|448|670
36|186|449|671
36|187|449|672
36|187|450|673
36|188|450|674
36|188|451|675
36|188|452|676
36|188|453|677
36|188|454|678
36|188|455|679
36|188|456|680
36|188|457|681
36|188|458|682
36|188|459|683
36|188|460|684
36|188|461|685
36|188|462|686
36|188|463|687
37|188|463|688
37|188|464|689
37|189|464|690
37|190|464|691
37|190|465|692
37|190|466|693
37|190|467|694
37|191|467|695
37|191|468|696
37|192|468|697
37|192|469|698
37|192|470|699
37|192|471|700
37|192|472|701
37|192|473|702
37|193|473|703
37|193|474|704
37|193|475|705
37|193|476|706
37|193|477|707
37|193|478|708
37|194|478|709
37|194|479|710
37|195|479|711
37|195|480|712
37|196|480|713
37|196|481|714
37|196|482|715
37|196|483|716
37|196|484|717
37|196|485|718
37|197|485|719
37|197|486|720
37|197|487|721
37|197|488|722
37|198|488|723
37|198|489|724
37|199|489|725
37|199|490|726
37|200|490|727
37|200|491|728
37|201|491|729
37|201|492|730
37|201|493|731
37|201|494|732
37|201|495|733
37|201|496|734
37|202|496|735
37|202|497|736
37|202|498|737
37|202|499|738
37|203|499|739
37|203|500|740
37|204|500|741
37|204|501|742
37|205|501|743
37|205|502|744
37|206|502|745
37|206|503|746
37|207|503|747
37|207|504|748
37|208|504|749
37|208|505|750
37|209|505|751
37|209|506|752
37|210|506|753
37|210|507|754
37|211|507|755
37|211|508|756
37|212|508|757
37|212|509|758
37|213|509|759
37|213|510|760
37|214|510|761
37|214|511|762
37|215|511|763
37|215|512|764
37|216|512|765
37|216|513|766
37|217|513|767
37|217|514|768
37|218|514|769
37|218|515|770
37|219|515|771
37|219|516|772
37|220|516|773
37|220|517|774
37|221|517|775
37|221|518|776
37|222|518|777
37|222|519|778
37|223|519|779
37|223|520|780
37|224|520|781
37|224|521|782
37|225|521|783
37|225|522|784
37|226|522|785
37|226|523|786
37|227|523|787
37|227|524|788
37|227|525|789
37|228|525|790
37|228|526|791
37|228|527|792
37|228|528|793
38|228|528|794
38|228|529|795
38|229|529|796
38|229|530|797
38|229|531|798
38|229|532|799
38|229|533|800
38|229|534|801
38|230|534|802
38|230|535|803
38|231|535|804
38|231|536|805
38|231|537|806
38|231|538|807
38|231|539|808
38|231|540|809
38|231|541|810
38|231|542|811
38|231|543|812
38|231|544|813
38|231|545|814
38|231|546|815
38|232|546|816
38|232|547|817
38|232|548|818
38|232|549|819
38|233|549|820
38|233|550|821
38|234|550|822
38|234|551|823
38|235|551|824
38|235|552|825
39|235|552|826
39|235|553|827
40|235|553|828
40|235|554|829
40|236|554|830
40|236|555|831
41|236|555|832
41|236|556|833
41|237|556|834
41|237|557|835
42|237|557|836
42|237|558|837
42|237|559|838
42|237|560|839
42|237|561|840
42|237|562|841
42|237|563|842
42|237|564|843
42|237|565|844
42|237|566|845
42|237|567|846
42|237|568|847
42|237|569|848
42|237|570|849
42|237|571|850
42|237|572|851
42|237|573|852
42|238|573|853
42|238|574|854
42|239|574|855
42|239|575|856
42|240|575|857
42|240|576|858
42|241|576|859
42|241|577|860
42|241|578|861
42|241|579|862
42|241|580|863
42|241|581|864
42|242|581|865
42|242|582|866
42|242|583|867
42|242|584|868
42|243|584|869
42|243|585|870
42|244|585|871
42|244|586|872
42|245|586|873
42|245|587|874
42|246|587|875
42|246|588|876
42|246|589|877
42|246|590|878
42|246|591|879
42|246|592|880
42|247|592|881
42|247|593|882
42|247|594|883
42|247|595|884
42|248|595|885
42|248|596|886
42|249|596|887
42|249|597|888
42|250|597|889
42|250|598|890
42|251|598|891
42|251|599|892
42|251|600|893
42|251|601|894
42|251|602|895
42|251|603|896
42|252|603|897
42|252|604|898
42|252|605|899
42|252|606|900
42|253|606|901
42|253|607|902
42|254|607|903
42|254|608|904
42|255|608|905
42|255|609|906
42|256|609|907
42|256|610|908
42|257|610|909
42|257|611|910
42|258|611|911
42|258|612|912
42|259|612|913
42|259|613|914
42|260|613|915
42|260|614|916
42|261|614|917
42|261|615|918
42|262|615|919
42|262|616|920
42|263|616|921
42|263|617|922
42|264|617|923
42|264|618|924
42|265|618|925
42|265|619|926
42|266|619|927
42|266|620|928
42|267|620|929
42|267|621|930
42|268|621|931
42|268|622|932
42|269|622|933
42|269|623|934
42|269|624|935
42|270|624|936
42|270|625|937
42|271|625|938
42|271|626|939
42|272|626|940
42|272|627|941
43|272|627|942
43|272|628|943
44|272|628|944
44|272|629|945
44|273|629|946
44|273|630|947
45|273|630|948
45|273|631|949
46|273|631|950
46|273|632|951
46|273|633|952
46|273|634|953
46|273|635|954
46|273|636|955
46|273|637|956
46|273|638|957
46|273|639|958
46|273|640|959
46|273|641|960
46|273|642|961
47|273|642|962
47|273|643|963
47|273|644|964
47|273|645|965
47|274|645|966
47|274|646|967
47|274|647|968
47|274|648|969
47|274|649|970
47|274|650|971
47|274|651|972
47|274|652|973
47|275|652|974
47|275|653|975
47|276|653|976
47|276|654|977
48|276|654|978
48|276|655|979
48|277|655|980
48|277|656|981
48|278|656|982
48|278|657|983
49|278|657|984
49|278|658|985
50|278|658|986
50|278|659|987
50|278|660|988
50|278|661|989
50|278|662|990
50|278|663|991
50|278|664|992
50|278|665|993
50|279|665|994
50|279|666|995
50|279|667|996
50|279|668|997
51|279|668|998
51|280|668|999
51|280|669|1000
51|281|669|1001
51|281|670|1002
51|282|670|1003
51|282|671|1004
51|283|671|1005
51|283|672|1006
51|283|673|1007
51|283|674|1008
51|283|675|1009
51|283|676|1010
51|283|677|1011
51|283|678|1012
51|283|679|1013
51|283|680|1014
51|284|680|1015
51|284|681|1016
51|285|681|1017
51|285|682|1018
51|286|682|1019
51|286|683|1020
51|287|683|1021
51|287|684|1022
51|287|685|1023
51|287|686|1024
51|287|687|1025
51|287|688|1026
51|288|688|1027
51|288|689|1028
51|288|690|1029
51|288|691|1030
51|289|691|1031
51|289|692|1032
51|290|692|1033
51|290|693|1034
51|291|693|1035
51|291|694|1036
51|292|694|1037
51|292|695|1038
51|293|695|1039
51|293|696|1040
51|294|696|1041
51|294|697|1042
51|295|697|1043
51|295|698|1044
51|296|698|1045
51|296|699|1046
51|297|699|1047
51|297|700|1048
51|298|700|1049
51|298|701|1050
51|299|701|1051
51|299|702|1052
51|300|702|1053
51|300|703|1054
51|301|703|1055
51|301|704|1056
51|302|704|1057
51|302|705|1058
51|303|705|1059
51|303|706|1060
51|304|706|1061
51|304|707|1062
51|305|707|1063
51|305|708|1064
51|306|708|1065
51|306|709|1066
51|307|709|1067
51|307|710|1068
51|308|710|1069
51|308|711|1070
51|309|711|1071
51|309|712|1072
51|310|712|1073
51|310|713|1074
51|311|713|1075
51|311|714|1076
51|312|714|1077
51|312|715|1078
51|313|715|1079
51|313|716|1080
51|313|717|1081
52|313|717|1082
52|313|718|1083
52|314|718|1084
52|314|719|1085
52|314|720|1086
52|314|721|1087
52|314|722|1088
52|314|723|1089
52|315|723|1090
52|315|724|1091
52|316|724|1092
52|316|725|1093
52|316|726|1094
52|316|727|1095
52|317|727|1096
52|317|728|1097
52|317|729|1098
52|317|730|1099
52|317|731|1100
52|317|732|1101
52|317|733|1102
52|317|734|1103
52|317|735|1104
52|317|736|1105
52|317|737|1106
52|317|738|1107
52|317|739|1108
52|317|740|1109
52|318|740|1110
52|318|741|1111
52|318|742|1112
52|318|743|1113
52|319|743|1114
52|319|744|1115
52|320|744|1116
52|320|745|1117
53|320|745|1118
53|320|746|1119
53|321|746|1120
53|321|747|1121
53|322|747|1122
53|322|748|1123
53|323|748|1124
53|323|749|1125
53|324|749|1126
53|324|750|1127
53|325|750|1128
53|325|751|1129
53|326|751|1130
53|326|752|1131
53|327|752|1132
53|327|753|1133
54|327|753|1134
54|327|754|1135
55|327|754|1136
55|327|755|1137
55|327|756|1138
55|328|756|1139
55|328|757|1140
55|328|758|1141
56|328|758|1142
56|328|759|1143
56|328|760|1144
56|328|761|1145
56|329|761|1146
56|329|762|1147
56|330|762|1148
56|330|763|1149
56|331|763|1150
56|332|763|1151
56|332|764|1152
56|333|764|1153
56|333|765|1154
56|334|765|1155
56|334|766|1156
56|335|766|1157
56|335|767|1158
56|336|767|1159
56|336|768|1160
56|336|769|1161
56|336|770|1162
56|336|771|1163
56|336|772|1164
56|337|772|1165
56|337|773|1166
56|337|774|1167
56|337|775|1168
56|338|775|1169
56|338|776|1170
56|339|776|1171
56|339|777|1172
56|340|777|1173
56|340|778|1174
56|341|778|1175
56|341|779|1176
56|342|779|1177
56|342|780|1178
56|342|781|1179
56|342|782|1180
56|342|783|1181
56|342|784|1182
56|343|784|1183
56|343|785|1184
56|343|786|1185
56|343|787|1186
56|344|787|1187
56|344|788|1188
56|345|788|1189
56|345|789|1190
56|346|789|1191
56|346|790|1192
56|347|790|1193
56|347|791|1194
56|348|791|1195
56|348|792|1196
56|348|793|1197
56|348|794|1198
56|348|795|1199
56|348|796|1200
56|348|797|1201
56|348|798|1202
56|348|799|1203
56|348|800|1204
56|349|800|1205
56|349|801|1206
56|350|801|1207
56|350|802|1208
56|351|802|1209
56|351|803|1210
56|352|803|1211
56|352|804|1212
56|353|804|1213
56|353|805|1214
56|354|805|1215
56|354|806|1216
56|355|806|1217
56|355|807|1218
56|356|807|1219
56|356|808|1220
56|357|808|1221
56|357|809|1222
56|358|809|1223
56|358|810|1224
56|359|810|1225
56|359|811|1226
56|360|811|1227
56|360|812|1228
56|361|812|1229
56|361|813|1230
56|362|813|1231
56|362|814|1232
56|363|814|1233
56|363|815|1234
56|364|815|1235
56|364|816|1236
56|365|816|1237
56|365|817|1238
56|366|817|1239
56|366|818|1240
56|367|818|1241
56|367|819|1242
56|368|819|1243
56|368|820|1244
56|369|820|1245
56|369|821|1246
56|370|821|1247
56|370|822|1248
56|371|822|1249
56|371|823|1250
56|372|823|1251
56|372|824|1252
56|373|824|1253
56|373|825|1254
56|374|825|1255
56|374|826|1256
56|375|826|1257
56|375|827|1258
56|376|827|1259
56|376|828|1260
56|376|829|1261
56|377|829|1262
56|377|830|1263
56|378|830|1264
56|378|831|1265
56|379|831|1266
56|379|832|1267
56|380|832|1268
56|380|833|1269
56|381|833|1270
56|381|834|1271
56|382|834|1272
56|382|835|1273
56|383|835|1274
56|383|836|1275
56|384|836|1276
56|384|837|1277
56|385|837|1278
56|385|838|1279
56|385|839|1280
56|385|840|1281
56|385|841|1282
56|385|842|1283
56|385|843|1284
56|385|844|1285
56|386|844|1286
56|386|845|1287
56|386|846|1288
56|386|847|1289
56|386|848|1290
56|386|849|1291
57|386|849|1292
57|386|850|1293
57|386|851|1294
57|386|852|1295
57|387|852|1296
57|387|853|1297
57|388|853|1298
57|388|854|1299
57|389|854|1300
57|389|855|1301
57|390|855|1302
57|390|856|1303
57|391|856|1304
57|391|857|1305
57|392|857|1306
57|392|858|1307
58|392|858|1308
58|392|859|1309
58|393|859|1310
58|393|860|1311
58|394|860|1312
58|394|861|1313
58|395|861|1314
58|395|862|1315
58|395|863|1316
58|395|864|1317
58|395|865|1318
58|395|866|1319
58|395|867|1320
58|395|868|1321
58|395|869|1322
58|395|870|1323
58|395|871|1324
58|395|872|1325
58|395|873|1326
58|395|874|1327
59|395|874|1328
59|395|875|1329
59|396|875|1330
59|396|876|1331
60|396|876|1332
60|397|876|1333
60|397|877|1334
60|397|878|1335
60|397|879|1336
60|398|879|1337
60|398|880|1338
60|399|880|1339
60|399|881|1340
60|400|881|1341
60|400|882|1342
60|400|883|1343
60|400|884|1344
60|400|885|1345
60|400|886|1346
60|401|886|1347
60|401|887|1348
60|401|888|1349
60|401|889|1350
60|402|889|1351
60|402|890|1352
60|403|890|1353
60|403|891|1354
60|404|891|1355
60|404|892|1356
60|405|892|1357
60|405|893|1358
60|406|893|1359
60|406|894|1360
60|406|895|1361
60|406|896|1362
60|406|897|1363
60|406|898|1364
60|406|899|1365
60|406|900|1366
60|406|901|1367
60|406|902|1368
60|407|902|1369
60|407|903|1370
60|408|903|1371
60|408|904|1372
60|409|904|1373
60|409|905|1374
60|410|905|1375
60|410|906|1376
60|411|906|1377
60|411|907|1378
60|411|908|1379
60|411|909|1380
60|412|909|1381
60|412|910|1382
60|413|910|1383
60|413|911|1384
60|413|912|1385
61|413|912|1386
61|414|912|1387
61|414|913|1388
61|415|913|1389
61|415|914|1390
61|416|914|1391
61|416|915|1392
61|417|915|1393
61|417|916|1394
61|418|916|1395
61|418|917|1396
61|419|917|1397
61|419|918|1398
61|420|918|1399
61|420|919|1400
61|421|919|1401
61|421|920|1402
61|422|920|1403
61|422|921|1404
61|423|921|1405
61|423|922|1406
61|424|922|1407
61|424|923|1408
61|425|923|1409
61|425|924|1410
61|426|924|1411
61|426|925|1412
61|427|925|1413
61|427|926|1414
61|428|926|1415
61|428|927|1416
61|429|927|1417
61|429|928|1418
61|430|928|1419
61|430|929|1420
61|431|929|1421
61|431|930|1422
61|432|930|1423
61|432|931|1424
61|433|931|1425
61|433|932|1426
61|434|932|1427
61|434|933|1428
61|435|933|1429
61|435|934|1430
61|436|934|1431
61|436|935|1432
61|437|935|1433
61|437|936|1434
61|438|936|1435
61|438|937|1436
61|439|937|1437
61|439|938|1438
61|440|938|1439
61|440|939|1440
61|441|939|1441
61|441|940|1442
61|441|941|1443
61|442|941|1444
61|442|942|1445
62|442|942|1446
62|442|943|1447
62|442|944|1448
62|442|945|1449
62|442|946|1450
62|442|947|1451
62|443|947|1452
62|443|948|1453
62|443|949|1454
62|443|950|1455
62|444|950|1456
62|444|951|1457
63|444|951|1458
63|444|952|1459
64|444|952|1460
64|444|953|1461
64|444|954|1462
64|444|955|1463
64|444|956|1464
64|444|957|1465
64|444|958|1466
64|444|959|1467
64|444|960|1468
64|444|961|1469
64|444|962|1470
64|444|963|1471
64|444|964|1472
64|444|965|1473
65|444|965|1474
65|444|966|1475
65|445|966|1476
65|445|967|1477
65|446|967|1478
65|446|968|1479
65|447|968|1480
65|447|969|1481
65|448|969|1482
65|448|970|1483
65|449|970|1484
65|449|971|1485
66|449|971|1486
66|449|972|1487
66|450|972|1488
66|450|973|1489
67|450|973|1490
67|450|974|1491
68|450|974|1492
68|450|975|1493
69|450|975|1494
69|450|976|1495
69|451|976|1496
69|451|977|1497
70|451|977|1498
70|451|978|1499
70|451|979|1500
70|451|980|1501
70|451|981|1502
70|451|982|1503
70|452|982|1504
70|452|983|1505
70|452|984|1506
70|452|985|1507
70|452|986|1508
70|452|987|1509
71|452|987|1510
71|452|988|1511
71|453|988|1512
71|453|989|1513
71|454|989|1514
71|455|989|1515
71|455|990|1516
71|456|990|1517
71|456|991|1518
71|457|991|1519
71|457|992|1520
71|458|992|1521
71|458|993|1522
71|459|993|1523
71|459|994|1524
71|459|995|1525
71|459|996|1526
71|459|997|1527
71|459|998|1528
71|460|998|1529
71|460|999|1530
71|460|1000|1531
71|460|1001|1532
71|461|1001|1533
71|461|1002|1534
71|462|1002|1535
71|462|1003|1536
71|463|1003|1537
71|463|1004|1538
71|464|1004|1539
71|464|1005|1540
71|465|1005|1541
71|465|1006|1542
71|465|1007|1543
71|465|1008|1544
71|465|1009|1545
71|465|1010|1546
71|466|1010|1547
71|466|1011|1548
71|466|1012|1549
71|466|1013|1550
71|466|1014|1551
71|466|1015|1552
71|467|1015|1553
71|467|1016|1554
71|468|1016|1555
71|468|1017|1556
71|469|1017|1557
71|469|1018|1558
71|470|1018|1559
71|470|1019|1560
71|470|1020|1561
72|470|1020|1562
72|470|1021|1563
72|470|1022|1564
72|470|1023|1565
72|470|1024|1566
72|470|1025|1567
72|470|1026|1568
72|471|1026|1569
72|471|1027|1570
72|472|1027|1571
72|472|1028|1572
72|473|1028|1573
72|473|1029|1574
72|474|1029|1575
72|474|1030|1576
72|475|1030|1577
72|475|1031|1578
72|476|1031|1579
72|476|1032|1580
72|477|1032|1581
72|477|1033|1582
72|478|1033|1583
72|478|1034|1584
72|479|1034|1585
72|479|1035|1586
72|480|1035|1587
72|480|1036|1588
72|481|1036|1589
72|481|1037|1590
72|482|1037|1591
72|482|1038|1592
72|483|1038|1593
72|483|1039|1594
72|484|1039|1595
72|484|1040|1596
72|485|1040|1597
72|485|1041|1598
72|486|1041|1599
72|486|1042|1600
72|487|1042|1601
72|487|1043|1602
72|488|1043|1603
72|488|1044|1604
72|489|1044|1605
72|489|1045|1606
72|490|1045|1607
72|490|1046|1608
72|491|1046|1609
72|491|1047|1610
72|492|1047|1611
72|492|1048|1612
72|493|1048|1613
72|493|1049|1614
72|494|1049|1615
72|494|1050|1616
72|495|1050|1617
72|495|1051|1618
72|496|1051|1619
72|496|1052|1620
72|497|1052|1621
72|497|1053|1622
72|498|1053|1623
72|498|1054|1624
72|498|1055|1625
73|498|1055|1626
73|498|1056|1627
73|498|1057|1628
73|498|1058|1629
73|499|1058|1630
73|499|1059|1631
73|500|1059|1632
73|500|1060|1633
73|501|1060|1634
73|501|1061|1635
74|501|1061|1636
74|501|1062|1637
74|502|1062|1638
74|502|1063|1639
74|503|1063|1640
74|503|1064|1641
74|504|1064|1642
74|504|1065|1643
74|504|1066|1644
74|504|1067|1645
74|504|1068|1646
74|504|1069|1647
75|504|1069|1648
75|504|1070|1649
75|504|1071|1650
75|504|1072|1651
75|504|1073|1652
75|504|1074|1653
75|504|1075|1654
75|504|1076|1655
75|505|1076|1656
75|505|1077|1657
75|506|1077|1658
75|506|1078|1659
75|506|1079|1660
75|506|1080|1661
76|506|1080|1662
76|506|1081|1663
76|507|1081|1664
76|507|1082|1665
76|508|1082|1666
76|508|1083|1667
77|508|1083|1668
77|508|1084|1669
77|509|1084|1670
77|509|1085|1671
77|510|1085|1672
77|510|1086|1673
77|511|1086|1674
77|511|1087|1675
77|511|1088|1676
77|511|1089|1677
77|511|1090|1678
77|511|1091|1679
77|511|1092|1680
77|511|1093|1681
77|511|1094|1682
77|511|1095|1683
78|511|1095|1684
78|511|1096|1685
78|511|1097|1686
78|511|1098|1687
79|511|1098|1688
79|511|1099|1689
79|512|1099|1690
79|512|1100|1691
79|512|1101|1692
79|512|1102|1693
79|512|1103|1694
79|513|1103|1695
79|513|1104|1696
79|514|1104|1697
79|514|1105|1698
79|515|1105|1699
79|515|1106|1700
79|515|1107|1701
79|515|1108|1702
79|515|1109|1703
79|515|1110|1704
79|515|1111|1705
79|515|1112|1706
79|515|1113|1707
79|515|1114|1708
79|515|1115|1709
79|515|1116|1710
79|516|1116|1711
79|516|1117|1712
79|517|1117|1713
79|517|1118|1714
79|518|1118|1715
79|518|1119|1716
79|518|1120|1717
79|518|1121|1718
79|518|1122|1719
79|518|1123|1720
79|518|1124|1721
79|518|1125|1722
79|518|1126|1723
79|518|1127|1724
79|518|1128|1725
79|518|1129|1726
79|518|1130|1727
79|518|1131|1728
79|519|1131|1729
79|519|1132|1730
79|520|1132|1731
79|520|1133|1732
79|520|1134|1733
79|520|1135|1734
79|520|1136|1735
80|520|1136|1736
80|520|1137|1737
81|520|1137|1738
81|521|1137|1739
81|521|1138|1740
81|522|1138|1741
81|522|1139|1742
81|523|1139|1743
81|523|1140|1744
81|524|1140|1745
81|524|1141|1746
81|525|1141|1747
81|525|1142|1748
81|526|1142|1749
81|526|1143|1750
81|527|1143|1751
81|527|1144|1752
81|528|1144|1753
81|528|1145|1754
81|529|1145|1755
81|529|1146|1756
81|530|1146|1757
81|530|1147|1758
81|531|1147|1759
81|531|1148|1760
81|532|1148|1761
81|532|1149|1762
81|533|1149|1763
81|533|1150|1764
81|534|1150|1765
81|534|1151|1766
81|535|1151|1767
81|535|1152|1768
81|536|1152|1769
81|536|1153|1770
81|537|1153|1771
81|537|1154|1772
81|538|1154|1773
81|538|1155|1774
81|539|1155|1775
81|539|1156|1776
81|540|1156|1777
81|540|1157|1778
81|541|1157|1779
81|541|1158|1780
81|542|1158|1781
81|542|1159|1782
81|543|1159|1783
81|543|1160|1784
81|544|1160|1785
81|544|1161|1786
81|545|1161|1787
81|545|1162|1788
