total
0|1|0|1
0|2|0|2
0|3|0|3
0|3|1|4
0|4|1|5
0|4|2|6
0|5|2|7
1|5|2|8
1|5|3|9
1|6|3|10
1|6|4|11
1|7|4|12
1|7|5|13
2|7|5|14
2|8|5|15
2|8|6|16
2|8|7|17
2|9|7|18
2|9|8|19
2|10|8|20
2|11|8|21
2|11|9|22
2|11|10|23
2|11|11|24
2|11|12|25
2|11|13|26
2|12|13|27
2|12|14|28
2|13|14|29
2|13|15|30
2|13|16|31
2|14|16|32
2|14|17|33
2|15|17|34
2|16|17|35
2|16|18|36
2|17|18|37
2|17|19|38
2|18|19|39
2|18|20|40
2|19|20|41
2|19|21|42
2|20|21|43
2|20|22|44
2|21|22|45
2|21|23|46
2|22|23|47
2|22|24|48
2|23|24|49
2|23|25|50
2|24|25|51
2|24|26|52
2|25|26|53
2|25|27|54
2|26|27|55
2|26|28|56
2|27|28|57
2|27|29|58
2|27|30|59
2|28|30|60
2|28|31|61
2|29|31|62
2|29|32|63
2|29|33|64
3|29|33|65
3|29|34|66
3|29|35|67
3|30|35|68
3|30|36|69
3|31|36|70
3|32|36|71
3|32|37|72
3|33|37|73
3|33|38|74
3|34|38|75
3|34|39|76
3|34|40|77
3|35|40|78
3|35|41|79
3|36|41|80
3|36|42|81
3|37|42|82
3|37|43|83
3|38|43|84
3|38|44|85
3|39|44|86
3|39|45|87
3|40|45|88
3|40|46|89
3|41|46|90
3|41|47|91
3|42|47|92
3|42|48|93
3|43|48|94
3|43|49|95
3|44|49|96
3|44|50|97
3|45|50|98
3|45|51|99
3|46|51|100
3|46|52|101
3|47|52|102
3|47|53|103
3|48|53|104
3|48|54|105
3|49|54|106
3|49|55|107
3|50|55|108
3|50|56|109
3|51|56|110
3|51|57|111
3|52|57|112
3|52|58|113
3|53|58|114
3|53|59|115
3|54|59|116
4|54|59|117
4|55|59|118
4|55|60|119
4|56|60|120
4|56|61|121
4|57|61|122
4|57|62|123
4|57|63|124
4|57|64|125
4|58|64|126
4|58|65|127
4|59|65|128
4|59|66|129
4|59|67|130
4|60|67|131
4|61|67|132
4|62|67|133
4|63|67|134
4|64|67|135
4|65|67|136
4|66|67|137
5|66|67|138
5|67|67|139
5|67|68|140
5|68|68|141
6|68|68|142
6|69|68|143
6|70|68|144
6|71|68|145
6|71|69|146
6|72|69|147
7|72|69|148
7|73|69|149
7|73|70|150
7|73|71|151
7|74|71|152
7|74|72|153
7|75|72|154
7|75|73|155
7|76|73|156
7|76|74|157
7|77|74|158
7|77|75|159
7|78|75|160
7|78|76|161
7|79|76|162
7|79|77|163
7|80|77|164
7|80|78|165
7|81|78|166
7|81|79|167
7|82|79|168
7|82|80|169
7|83|80|170
7|83|81|171
7|84|81|172
7|84|82|173
7|85|82|174
7|85|83|175
7|86|83|176
7|86|84|177
7|87|84|178
7|87|85|179
7|88|85|180
7|88|86|181
7|89|86|182
7|89|87|183
7|90|87|184
7|90|88|185
7|91|88|186
7|92|88|187
7|92|89|188
7|93|89|189
7|93|90|190
7|94|90|191
7|94|91|192
7|95|91|193
7|95|92|194
7|96|92|195
7|96|93|196
7|97|93|197
7|97|94|198
7|98|94|199
7|98|95|200
7|99|95|201
7|99|96|202
7|100|96|203
7|100|97|204
7|100|98|205
7|100|99|206
7|100|100|207
7|100|101|208
7|100|102|209
7|100|103|210
7|100|104|211
7|101|104|212
7|101|105|213
7|102|105|214
7|103|105|215
7|103|106|216
7|103|107|217
7|103|108|218
7|104|108|219
7|104|109|220
7|105|109|221
7|105|110|222
7|106|110|223
7|106|111|224
7|107|111|225
7|107|112|226
7|108|112|227
7|108|113|228
7|109|113|229
7|109|114|230
7|110|114|231
7|110|115|232
7|111|115|233
7|111|116|234
7|112|116|235
7|112|117|236
7|112|118|237
7|113|118|238
7|113|119|239
7|114|119|240
7|114|120|241
7|115|120|242
7|115|121|243
7|116|121|244
7|116|122|245
7|117|122|246
7|118|122|247
7|118|123|248
7|118|124|249
7|118|125|250
7|119|125|251
7|119|126|252
7|119|127|253
7|120|127|254
7|120|128|255
7|121|128|256
7|121|129|257
7|122|129|258
7|122|130|259
7|123|130|260
7|123|131|261
7|124|131|262
7|124|132|263
7|125|132|264
7|125|133|265
7|126|133|266
7|126|134|267
7|127|134|268
7|127|135|269
7|128|135|270
7|128|136|271
7|129|136|272
7|129|137|273
7|130|137|274
7|130|138|275
7|131|138|276
7|131|139|277
7|131|140|278
7|131|141|279
7|132|141|280
7|132|142|281
7|133|142|282
7|133|143|283
7|133|144|284
7|134|144|285
7|135|144|286
7|136|144|287
7|136|145|288
7|137|145|289
7|138|145|290
7|139|145|291
8|139|145|292
8|140|145|293
8|140|146|294
8|141|146|295
9|141|146|296
9|142|146|297
9|143|146|298
9|144|146|299
9|144|147|300
9|145|147|301
10|145|147|302
10|145|148|303
10|146|148|304
10|146|149|305
10|147|149|306
10|147|150|307
10|148|150|308
10|148|151|309
10|149|151|310
10|149|152|311
10|150|152|312
10|150|153|313
10|151|153|314
10|151|154|315
10|152|154|316
10|152|155|317
10|153|155|318
10|153|156|319
10|154|156|320
10|154|157|321
10|155|157|322
10|155|158|323
10|156|158|324
10|156|159|325
10|157|159|326
10|157|160|327
10|158|160|328
10|158|161|329
10|159|161|330
10|159|162|331
10|160|162|332
10|160|163|333
10|161|163|334
10|162|163|335
10|162|164|336
10|163|164|337
10|163|165|338
10|164|165|339
10|164|166|340
10|165|166|341
10|165|167|342
10|166|167|343
10|166|168|344
10|167|168|345
10|167|169|346
10|168|169|347
10|168|170|348
10|169|170|349
10|169|171|350
10|169|172|351
10|169|173|352
10|169|174|353
10|169|175|354
10|169|176|355
10|169|177|356
10|169|178|357
10|170|178|358
10|170|179|359
10|171|179|360
10|172|179|361
10|172|180|362
10|172|181|363
10|172|182|364
10|173|182|365
10|173|183|366
10|174|183|367
10|174|184|368
10|175|184|369
10|175|185|370
10|176|185|371
10|176|186|372
10|177|186|373
10|177|187|374
10|178|187|375
10|178|188|376
10|179|188|377
10|179|189|378
10|180|189|379
10|180|190|380
10|181|190|381
10|181|191|382
10|181|192|383
10|182|192|384
10|182|193|385
10|183|193|386
10|183|194|387
10|184|194|388
10|184|195|389
10|185|195|390
10|185|196|391
10|186|196|392
10|187|196|393
10|187|197|394
10|187|198|395
10|187|199|396
10|188|199|397
10|188|200|398
10|188|201|399
10|189|201|400
10|189|202|401
10|190|202|402
10|190|203|403
10|191|203|404
10|191|204|405
10|192|204|406
10|192|205|407
10|193|205|408
10|193|206|409
10|194|206|410
10|194|207|411
10|195|207|412
10|195|208|413
10|196|208|414
10|196|209|415
10|197|209|416
10|197|210|417
10|198|210|418
10|198|211|419
10|199|211|420
10|199|212|421
10|200|212|422
10|200|213|423
10|200|214|424
10|200|215|425
10|201|215|426
10|201|216|427
10|202|216|428
10|202|217|429
10|202|218|430
10|203|218|431
11|203|218|432
11|204|218|433
11|204|219|434
11|205|219|435
12|205|219|436
12|206|219|437
12|207|219|438
12|208|219|439
12|208|220|440
12|209|220|441
13|209|220|442
13|210|220|443
13|211|220|444
13|212|220|445
13|212|221|446
13|213|221|447
13|213|222|448
13|213|223|449
13|214|223|450
13|214|224|451
13|215|224|452
13|215|225|453
13|216|225|454
13|216|226|455
13|217|226|456
13|217|227|457
13|218|227|458
13|218|228|459
13|219|228|460
13|219|229|461
13|220|229|462
13|220|230|463
13|221|230|464
13|221|231|465
13|222|231|466
13|222|232|467
13|223|232|468
13|223|233|469
13|224|233|470
13|224|234|471
13|225|234|472
13|225|235|473
13|226|235|474
13|226|236|475
13|227|236|476
13|227|237|477
13|228|237|478
13|228|238|479
13|229|238|480
13|230|238|481
13|230|239|482
13|231|239|483
13|231|240|484
13|232|240|485
13|232|241|486
13|233|241|487
13|233|242|488
13|234|242|489
13|234|243|490
13|235|243|491
13|235|244|492
13|236|244|493
13|236|245|494
13|237|245|495
13|237|246|496
13|237|247|497
13|237|248|498
13|237|249|499
13|237|250|500
13|237|251|501
13|238|251|502
13|238|252|503
13|239|252|504
13|239|253|505
13|240|253|506
13|241|253|507
13|241|254|508
13|241|255|509
13|242|255|510
13|243|255|511
13|243|256|512
13|244|256|513
13|244|257|514
13|245|257|515
13|245|258|516
13|246|258|517
13|246|259|518
13|247|259|519
13|247|260|520
13|248|260|521
13|248|261|522
13|249|261|523
13|249|262|524
13|250|262|525
13|250|263|526
13|251|263|527
13|251|264|528
13|251|265|529
13|252|265|530
13|252|266|531
13|253|266|532
13|253|267|533
13|254|267|534
13|254|268|535
13|255|268|536
13|255|269|537
13|256|269|538
13|257|269|539
13|257|270|540
13|257|271|541
13|258|271|542
13|259|271|543
13|259|272|544
13|259|273|545
13|260|273|546
13|260|274|547
13|261|274|548
13|261|275|549
13|262|275|550
13|262|276|551
13|263|276|552
13|263|277|553
13|264|277|554
13|264|278|555
13|265|278|556
13|265|279|557
13|266|279|558
13|266|280|559
13|267|280|560
13|267|281|561
13|268|281|562
13|268|282|563
13|269|282|564
13|269|283|565
13|270|283|566
13|270|284|567
13|271|284|568
13|271|285|569
13|272|285|570
13|272|286|571
13|273|286|572
13|273|287|573
13|274|287|574
13|274|288|575
13|275|288|576
13|275|289|577
13|276|289|578
13|276|290|579
13|277|290|580
13|277|291|581
13|278|291|582
13|278|292|583
13|279|292|584
13|279|293|585
13|279|294|586
13|279|295|587
13|280|295|588
13|280|296|589
13|281|296|590
13|281|297|591
13|281|298|592
13|282|298|593
14|282|298|594
14|283|298|595
14|284|298|596
14|285|298|597
14|286|298|598
14|287|298|599
14|287|299|600
14|288|299|601
14|289|299|602
14|290|299|603
14|290|300|604
14|291|300|605
14|292|300|606
14|293|300|607
14|293|301|608
14|294|301|609
14|294|302|610
14|294|303|611
14|295|303|612
14|295|304|613
14|296|304|614
14|296|305|615
14|297|305|616
14|297|306|617
14|298|306|618
14|298|307|619
14|299|307|620
14|299|308|621
14|300|308|622
14|300|309|623
14|301|309|624
14|301|310|625
14|302|310|626
14|303|310|627
14|303|311|628
14|304|311|629
14|304|312|630
14|305|312|631
14|305|313|632
14|306|313|633
14|306|314|634
14|307|314|635
14|307|315|636
14|308|315|637
14|308|316|638
14|309|316|639
14|309|317|640
14|310|317|641
14|310|318|642
14|310|319|643
14|310|320|644
14|310|321|645
14|310|322|646
15|310|322|647
15|310|323|648
15|310|324|649
15|311|324|650
15|311|325|651
15|312|325|652
15|313|325|653
15|313|326|654
16|313|326|655
16|313|327|656
16|314|327|657
16|314|328|658
16|315|328|659
16|315|329|660
16|316|329|661
16|316|330|662
16|317|330|663
16|317|331|664
16|318|332|666
16|318|333|667
16|319|333|668
16|319|334|669
16|320|334|670
16|320|335|671
16|321|335|672
16|321|336|673
16|322|336|674
16|323|336|675
16|323|337|676
16|324|337|677
16|324|338|678
16|325|338|679
17|325|338|680
17|326|338|681
17|326|339|682
17|327|339|683
17|327|340|684
17|327|341|685
17|328|341|686
17|329|341|687
18|329|341|688
18|329|342|689
18|330|342|690
18|331|342|691
18|331|343|692
18|332|343|693
18|332|344|694
18|333|344|695
18|333|345|696
18|334|345|697
18|334|346|698
18|335|346|699
18|335|347|700
18|336|347|701
18|336|348|702
18|337|348|703
18|337|349|704
18|338|349|705
18|338|350|706
18|339|350|707
18|339|351|708
18|340|351|709
18|340|352|710
18|341|352|711
18|341|353|712
18|342|353|713
18|342|354|714
18|343|354|715
18|343|355|716
18|344|355|717
18|344|356|718
18|345|356|719
18|345|357|720
18|346|357|721
18|346|358|722
18|347|358|723
18|347|359|724
18|348|359|725
18|348|360|726
18|349|360|727
18|349|361|728
18|350|361|729
18|350|362|730
18|350|363|731
18|350|364|732
18|350|365|733
19|350|365|734
19|350|366|735
20|350|366|736
20|350|367|737
20|350|368|738
20|350|369|739
20|351|369|740
20|351|370|741
20|352|370|742
20|352|371|743
20|353|371|744
20|354|371|745
20|355|371|746
20|356|371|747
20|357|371|748
21|357|371|749
21|358|371|750
21|358|372|751
21|359|372|752
21|360|372|753
21|361|372|754
21|362|372|755
21|363|372|756
21|364|372|757
21|364|373|758
21|365|373|759
21|365|374|760
21|366|374|761
21|366|375|762
21|367|375|763
21|367|376|764
21|368|376|765
21|368|377|766
21|369|377|767
21|369|378|768
21|370|378|769
21|370|379|770
21|371|379|771
21|371|380|772
21|372|380|773
21|372|381|774
21|373|381|775
21|373|382|776
21|374|382|777
21|374|383|778
21|375|383|779
21|375|384|780
21|376|384|781
21|376|385|782
21|377|385|783
21|377|386|784
21|378|386|785
21|378|387|786
21|379|387|787
21|379|388|788
21|379|389|789
21|380|389|790
21|380|390|791
21|381|390|792
21|381|391|793
21|382|391|794
21|382|392|795
21|383|392|796
21|383|393|797
21|384|393|798
21|384|394|799
21|385|394|800
21|385|395|801
21|386|395|802
21|386|396|803
21|387|396|804
21|387|397|805
21|387|398|806
21|387|399|807
21|387|400|808
21|388|400|809
21|388|401|810
21|389|401|811
21|389|402|812
21|390|402|813
21|390|403|814
21|390|404|815
21|391|404|816
21|392|404|817
21|392|405|818
21|392|406|819
21|393|406|820
21|393|407|821
21|394|407|822
21|394|408|823
21|395|408|824
21|395|409|825
21|396|409|826
21|396|410|827
21|397|410|828
21|397|411|829
21|398|411|830
21|398|412|831
21|399|412|832
21|399|413|833
21|400|413|834
21|400|414|835
21|401|414|836
21|402|414|837
21|402|415|838
21|403|415|839
21|403|416|840
21|404|416|841
21|404|417|842
21|405|417|843
21|405|418|844
21|406|418|845
21|406|419|846
21|406|420|847
21|407|420|848
21|408|420|849
21|408|421|850
21|408|422|851
21|409|422|852
21|410|422|853
21|410|423|854
21|411|423|855
21|411|424|856
21|412|424|857
21|412|425|858
21|413|425|859
21|413|426|860
21|414|426|861
21|414|427|862
21|415|427|863
21|415|428|864
21|416|428|865
21|416|429|866
21|417|429|867
21|417|430|868
21|418|430|869
21|418|431|870
21|419|431|871
21|419|432|872
21|420|432|873
21|420|433|874
21|421|433|875
21|421|434|876
21|422|434|877
21|422|435|878
21|423|435|879
21|423|436|880
21|424|436|881
21|424|437|882
21|425|437|883
21|425|438|884
21|426|438|885
21|426|439|886
21|427|439|887
21|427|440|888
21|428|440|889
21|428|441|890
21|429|441|891
21|429|442|892
21|429|443|893
21|429|444|894
21|430|444|895
21|430|445|896
21|431|445|897
21|431|446|898
21|431|447|899
21|431|448|900
22|431|448|901
22|432|448|902
23|432|448|903
23|433|448|904
23|433|449|905
23|434|449|906
23|434|450|907
23|435|450|908
23|435|451|909
23|436|451|910
24|436|451|911
24|437|451|912
24|437|452|913
24|438|452|914
24|438|453|915
24|439|453|916
24|439|454|917
24|440|454|918
24|441|454|919
24|441|455|920
24|442|455|921
24|442|456|922
24|443|456|923
24|443|457|924
24|444|457|925
24|444|458|926
24|445|458|927
24|445|459|928
24|446|459|929
24|446|460|930
24|447|460|931
24|447|461|932
24|448|461|933
24|448|462|934
24|448|463|935
24|449|463|936
24|449|464|937
24|450|464|938
24|450|465|939
24|451|465|940
24|451|466|941
24|452|466|942
24|452|467|943
24|453|467|944
24|453|468|945
24|454|468|946
24|454|469|947
24|455|469|948
24|455|470|949
24|456|470|950
24|456|471|951
24|456|472|952
24|456|473|953
24|456|474|954
24|456|475|955
25|456|475|956
25|457|475|957
25|457|476|958
25|458|476|959
25|458|477|960
25|458|478|961
25|459|478|962
25|459|479|963
25|459|480|964
25|459|481|965
25|460|481|966
25|460|482|967
25|461|482|968
25|461|483|969
25|462|483|970
25|462|484|971
25|463|484|972
25|463|485|973
25|464|485|974
25|464|486|975
25|465|486|976
25|465|487|977
25|466|487|978
25|466|488|979
25|467|488|980
25|467|489|981
25|468|489|982
25|469|489|983
25|469|490|984
25|470|490|985
25|470|491|986
25|471|491|987
26|471|491|988
26|472|491|989
26|472|492|990
26|473|492|991
26|473|493|992
26|473|494|993
26|474|494|994
26|474|495|995
26|474|496|996
26|474|497|997
26|475|497|998
26|476|497|999
26|476|498|1000
26|477|498|1001
26|477|499|1002
26|478|499|1003
26|478|500|1004
26|479|500|1005
26|479|501|1006
26|480|501|1007
26|480|502|1008
26|481|502|1009
26|481|503|1010
26|482|503|1011
26|482|504|1012
26|483|504|1013
26|483|505|1014
26|484|505|1015
26|484|506|1016
26|485|506|1017
26|485|507|1018
26|486|507|1019
26|486|508|1020
26|487|508|1021
26|487|509|1022
26|488|509|1023
26|488|510|1024
26|489|510|1025
26|489|511|1026
26|490|511|1027
26|490|512|1028
26|491|512|1029
26|491|513|1030
26|491|514|1031
26|492|514|1032
26|492|515|1033
26|493|515|1034
26|493|516|1035
26|494|516|1036
26|494|517|1037
26|495|517|1038
26|495|518|1039
26|496|518|1040
26|496|519|1041
26|497|519|1042
27|497|519|1043
27|498|519|1044
27|498|520|1045
27|499|520|1046
27|499|521|1047
27|500|521|1048
27|501|521|1049
27|501|522|1050
27|502|522|1051
27|502|523|1052
27|503|523|1053
27|503|524|1054
27|504|524|1055
27|504|525|1056
27|505|525|1057
27|505|526|1058
27|506|526|1059
27|506|527|1060
27|507|527|1061
27|507|528|1062
27|508|528|1063
27|508|529|1064
27|509|529|1065
27|509|530|1066
27|510|530|1067
27|510|531|1068
27|511|531|1069
27|511|532|1070
27|512|532|1071
27|512|533|1072
27|513|533|1073
27|513|534|1074
27|514|534|1075
27|514|535|1076
27|515|535|1077
27|515|536|1078
27|516|536|1079
27|516|537|1080
27|516|538|1081
27|517|538|1082
27|517|539|1083
27|518|539|1084
27|518|540|1085
27|519|540|1086
27|519|541|1087
27|520|541|1088
27|520|542|1089
27|521|542|1090
27|521|543|1091
27|522|543|1092
27|522|544|1093
27|523|544|1094
27|523|545|1095
27|524|545|1096
27|524|546|1097
27|524|547|1098
27|524|548|1099
27|524|549|1100
27|524|550|1101
28|524|550|1102
28|524|551|1103
28|525|551|1104
28|526|551|1105
28|526|552|1106
28|527|552|1107
28|527|553|1108
28|527|554|1109
28|528|554|1110
28|528|555|1111
28|528|556|1112
28|528|557|1113
28|529|557|1114
28|529|558|1115
28|530|558|1116
28|530|559|1117
28|531|559|1118
28|531|560|1119
28|532|560|1120
28|532|561|1121
28|533|561|1122
28|533|562|1123
28|534|562|1124
28|534|563|1125
28|535|563|1126
28|535|564|1127
28|536|564|1128
28|536|565|1129
28|537|565|1130
28|537|566|1131
28|538|566|1132
28|539|566|1133
28|539|567|1134
28|540|567|1135
28|540|568|1136
28|541|568|1137
28|541|569|1138
28|542|569|1139
29|542|569|1140
29|543|569|1141
29|543|570|1142
29|544|570|1143
29|544|571|1144
29|544|572|1145
29|545|572|1146
29|545|573|1147
29|546|573|1148
29|546|574|1149
29|547|574|1150
29|548|574|1151
29|548|575|1152
29|549|575|1153
29|549|576|1154
29|550|576|1155
29|550|577|1156
29|551|577|1157
29|551|578|1158
29|552|578|1159
29|552|579|1160
29|553|579|1161
29|553|580|1162
29|554|580|1163
29|554|581|1164
29|555|581|1165
29|555|582|1166
29|556|582|1167
29|556|583|1168
29|557|583|1169
29|557|584|1170
29|558|584|1171
29|558|585|1172
29|559|585|1173
29|559|586|1174
29|560|586|1175
29|560|587|1176
29|561|587|1177
29|561|588|1178
29|562|588|1179
29|562|589|1180
29|563|589|1181
29|563|590|1182
29|564|590|1183
29|564|591|1184
29|565|591|1185
29|565|592|1186
29|566|592|1187
29|566|593|1188
29|567|593|1189
29|567|594|1190
29|568|594|1191
30|568|594|1192
30|569|594|1193
30|569|595|1194
30|570|595|1195
30|570|596|1196
30|570|597|1197
30|570|598|1198
30|570|599|1199
30|570|600|1200
30|571|600|1201
30|571|601|1202
30|571|602|1203
30|571|603|1204
30|571|604|1205
30|572|604|1206
30|572|605|1207
30|573|605|1208
30|573|606|1209
30|574|606|1210
31|574|606|1211
31|575|606|1212
31|575|607|1213
31|576|607|1214
32|576|607|1215
32|577|607|1216
32|578|607|1217
32|579|607|1218
33|579|607|1219
33|580|607|1220
33|580|608|1221
33|581|608|1222
33|581|609|1223
33|582|609|1224
33|583|609|1225
33|583|610|1226
33|584|610|1227
33|584|611|1228
33|585|611|1229
33|585|612|1230
33|586|612|1231
33|586|613|1232
33|587|613|1233
33|587|614|1234
33|588|614|1235
33|588|615|1236
33|589|615|1237
33|589|616|1238
33|590|616|1239
33|590|617|1240
33|591|617|1241
33|591|618|1242
33|592|618|1243
33|592|619|1244
33|593|619|1245
33|593|620|1246
33|594|620|1247
33|594|621|1248
33|595|621|1249
33|595|622|1250
33|596|622|1251
33|596|623|1252
33|597|623|1253
33|597|624|1254
33|598|624|1255
33|598|625|1256
33|599|625|1257
33|599|626|1258
33|600|626|1259
33|600|627|1260
33|600|628|1261
33|601|628|1262
33|601|629|1263
33|602|629|1264
33|602|630|1265
33|603|630|1266
33|603|631|1267
33|604|631|1268
33|604|632|1269
33|605|632|1270
33|605|633|1271
33|606|633|1272
33|606|634|1273
33|607|634|1274
33|607|635|1275
33|608|635|1276
33|608|636|1277
33|609|636|1278
33|609|637|1279
33|609|638|1280
33|609|639|1281
33|609|640|1282
33|609|641|1283
33|609|642|1284
33|609|643|1285
33|610|643|1286
33|611|643|1287
33|611|644|1288
33|612|644|1289
33|612|645|1290
33|612|646|1291
33|613|646|1292
33|613|647|1293
33|613|648|1294
33|613|649|1295
33|614|649|1296
33|614|650|1297
33|615|650|1298
33|615|651|1299
33|616|651|1300
33|616|652|1301
33|617|652|1302
33|617|653|1303
33|618|653|1304
33|618|654|1305
33|619|654|1306
33|619|655|1307
33|620|655|1308
33|620|656|1309
33|621|656|1310
33|621|657|1311
33|622|657|1312
33|622|658|1313
33|623|658|1314
33|624|658|1315
33|624|659|1316
33|625|659|1317
33|625|660|1318
33|626|660|1319
33|626|661|1320
33|627|661|1321
33|627|662|1322
33|628|662|1323
33|628|663|1324
33|629|663|1325
33|629|664|1326
33|629|665|1327
33|630|665|1328
33|630|666|1329
33|630|667|1330
33|630|668|1331
33|631|668|1332
33|632|668|1333
33|632|669|1334
33|633|669|1335
33|633|670|1336
33|634|670|1337
33|634|671|1338
33|635|671|1339
33|635|672|1340
33|636|672|1341
33|636|673|1342
33|637|673|1343
33|637|674|1344
33|638|674|1345
33|638|675|1346
33|639|675|1347
33|639|676|1348
33|640|676|1349
33|640|677|1350
33|641|677|1351
33|641|678|1352
33|642|678|1353
33|642|679|1354
33|643|679|1355
33|643|680|1356
33|644|680|1357
33|644|681|1358
33|645|681|1359
33|645|682|1360
33|646|682|1361
33|646|683|1362
33|647|683|1363
33|647|684|1364
33|648|684|1365
33|648|685|1366
33|649|685|1367
33|649|686|1368
33|650|686|1369
33|650|687|1370
33|651|687|1371
33|651|688|1372
33|652|688|1373
33|652|689|1374
33|653|689|1375
33|653|690|1376
33|654|690|1377
33|654|691|1378
33|654|692|1379
33|654|693|1380
33|654|694|1381
33|654|695|1382
33|655|695|1383
33|655|696|1384
33|655|697|1385
33|655|698|1386
34|655|698|1387
34|656|698|1388
34|657|698|1389
34|658|698|1390
35|658|698|1391
35|659|698|1392
35|659|699|1393
35|660|699|1394
36|660|699|1395
36|661|699|1396
36|662|699|1397
36|663|699|1398
36|664|699|1399
36|665|699|1400
36|665|700|1401
36|666|700|1402
36|667|700|1403
36|668|700|1404
37|668|700|1405
37|669|700|1406
37|670|700|1407
37|670|701|1408
37|671|701|1409
37|671|702|1410
37|672|702|1411
37|672|703|1412
37|673|703|1413
37|673|704|1414
37|674|704|1415
37|674|705|1416
37|675|705|1417
37|675|706|1418
37|676|706|1419
37|676|707|1420
37|677|707|1421
37|677|708|1422
37|678|708|1423
37|678|709|1424
37|679|709|1425
37|679|710|1426
37|680|710|1427
37|680|711|1428
37|681|711|1429
37|681|712|1430
37|682|712|1431
37|682|713|1432
37|683|713|1433
37|683|714|1434
37|684|714|1435
37|684|715|1436
37|685|715|1437
37|685|716|1438
37|686|716|1439
37|686|717|1440
37|687|717|1441
37|687|718|1442
37|687|719|1443
37|688|719|1444
37|688|720|1445
37|689|720|1446
37|689|721|1447
37|690|721|1448
37|690|722|1449
37|691|722|1450
37|691|723|1451
37|692|723|1452
37|692|724|1453
37|693|724|1454
37|693|725|1455
37|694|725|1456
37|694|726|1457
37|695|726|1458
37|695|727|1459
37|696|727|1460
37|696|728|1461
37|696|729|1462
37|696|730|1463
37|696|731|1464
37|696|732|1465
37|696|733|1466
37|696|734|1467
38|696|734|1468
38|697|734|1469
38|697|735|1470
38|698|735|1471
38|698|736|1472
38|698|737|1473
38|699|737|1474
38|699|738|1475
38|700|738|1476
38|700|739|1477
38|701|739|1478
38|701|740|1479
38|702|740|1480
38|702|741|1481
38|703|741|1482
38|703|742|1483
38|704|742|1484
38|704|743|1485
38|705|743|1486
38|705|744|1487
38|706|744|1488
38|706|745|1489
38|707|745|1490
38|707|746|1491
38|708|746|1492
38|708|747|1493
38|709|747|1494
38|709|748|1495
38|710|748|1496
38|711|748|1497
38|711|749|1498
38|712|749|1499
38|712|750|1500
38|713|750|1501
39|713|750|1502
39|714|750|1503
39|715|750|1504
39|716|750|1505
39|716|751|1506
39|717|751|1507
39|717|752|1508
39|717|753|1509
39|718|753|1510
39|718|754|1511
39|719|754|1512
39|719|755|1513
39|720|755|1514
39|721|755|1515
39|721|756|1516
39|722|756|1517
39|722|757|1518
39|723|757|1519
39|723|758|1520
39|724|758|1521
39|724|759|1522
39|725|759|1523
39|725|760|1524
39|726|760|1525
39|726|761|1526
39|727|761|1527
39|727|762|1528
39|728|762|1529
39|728|763|1530
39|729|763|1531
39|729|764|1532
39|730|764|1533
39|730|765|1534
39|731|765|1535
39|731|766|1536
39|732|766|1537
39|732|767|1538
39|733|767|1539
39|733|768|1540
39|734|768|1541
39|734|769|1542
39|735|769|1543
39|735|770|1544
39|736|770|1545
39|736|771|1546
39|737|771|1547
39|737|772|1548
39|738|772|1549
39|738|773|1550
39|739|773|1551
39|739|774|1552
39|740|774|1553
39|740|775|1554
39|741|775|1555
40|741|775|1556
40|742|775|1557
40|742|776|1558
40|743|776|1559
40|743|777|1560
40|743|778|1561
40|743|779|1562
40|744|779|1563
40|744|780|1564
40|744|781|1565
40|744|782|1566
40|744|783|1567
40|744|784|1568
41|744|784|1569
41|745|784|1570
41|745|785|1571
41|746|785|1572
41|746|786|1573
41|747|786|1574
41|747|787|1575
41|748|787|1576
41|748|788|1577
41|749|788|1578
41|749|789|1579
41|750|789|1580
42|750|789|1581
42|751|789|1582
42|751|790|1583
42|752|790|1584
42|752|791|1585
42|753|791|1586
42|753|792|1587
42|754|792|1588
42|755|792|1589
42|755|793|1590
42|756|793|1591
42|756|794|1592
42|757|794|1593
42|757|795|1594
42|758|795|1595
42|758|796|1596
42|759|796|1597
42|759|797|1598
42|760|797|1599
42|760|798|1600
42|761|798|1601
42|761|799|1602
42|762|799|1603
42|762|800|1604
42|763|800|1605
42|763|801|1606
42|764|801|1607
42|764|802|1608
42|765|802|1609
42|765|803|1610
42|766|803|1611
42|766|804|1612
42|767|804|1613
42|767|805|1614
42|768|805|1615
42|768|806|1616
42|769|806|1617
42|769|807|1618
42|770|807|1619
42|770|808|1620
42|771|808|1621
42|771|809|1622
42|772|809|1623
42|772|810|1624
42|772|811|1625
42|773|811|1626
42|773|812|1627
42|774|812|1628
42|774|813|1629
42|775|813|1630
42|775|814|1631
42|776|814|1632
42|776|815|1633
42|777|815|1634
42|777|816|1635
42|778|816|1636
42|778|817|1637
42|779|817|1638
42|779|818|1639
42|780|818|1640
42|780|819|1641
42|781|819|1642
42|781|820|1643
42|781|821|1644
42|781|822|1645
42|781|823|1646
42|781|824|1647
42|781|825|1648
42|781|826|1649
43|781|826|1650
43|782|826|1651
43|782|827|1652
43|783|827|1653
43|783|828|1654
43|783|829|1655
43|784|829|1656
43|784|830|1657
43|785|830|1658
43|785|831|1659
43|786|831|1660
43|786|832|1661
43|787|832|1662
43|787|833|1663
43|788|833|1664
43|788|834|1665
43|789|834|1666
43|789|835|1667
43|790|835|1668
43|790|836|1669
43|791|836|1670
43|791|837|1671
43|792|837|1672
43|792|838|1673
43|793|838|1674
43|794|838|1675
43|794|839|1676
43|795|839|1677
43|795|840|1678
43|795|841|1679
43|795|842|1680
43|795|843|1681
44|795|843|1682
44|796|843|1683
44|796|844|1684
44|797|844|1685
44|797|845|1686
44|797|846|1687
44|798|846|1688
44|798|847|1689
44|799|847|1690
44|800|847|1691
44|800|848|1692
44|801|848|1693
44|801|849|1694
44|802|849|1695
44|802|850|1696
44|803|850|1697
44|803|851|1698
44|804|851|1699
44|804|852|1700
44|805|852|1701
44|805|853|1702
44|806|853|1703
44|806|854|1704
44|807|854|1705
44|807|855|1706
44|808|855|1707
44|808|856|1708
44|809|856|1709
44|809|857|1710
44|810|857|1711
44|810|858|1712
44|811|858|1713
44|811|859|1714
44|812|859|1715
44|812|860|1716
44|813|860|1717
44|813|861|1718
44|814|861|1719
44|814|862|1720
44|815|862|1721
44|815|863|1722
44|816|863|1723
44|816|864|1724
44|817|864|1725
44|817|865|1726
44|817|866|1727
45|817|866|1728
45|818|866|1729
45|818|867|1730
45|819|867|1731
45|819|868|1732
45|819|869|1733
45|819|870|1734
45|819|871|1735
45|819|872|1736
45|819|873|1737
45|819|874|1738
45|819|875|1739
45|820|875|1740
45|820|876|1741
45|821|876|1742
45|821|877|1743
45|822|877|1744
46|822|877|1745
46|823|877|1746
46|823|878|1747
46|824|878|1748
46|824|879|1749
46|825|879|1750
46|826|879|1751
46|827|879|1752
46|827|880|1753
46|828|880|1754
46|828|881|1755
46|829|881|1756
46|830|881|1757
46|830|882|1758
46|831|882|1759
46|831|883|1760
46|832|883|1761
46|832|884|1762
46|833|884|1763
46|833|885|1764
46|834|885|1765
46|834|886|1766
46|835|886|1767
46|835|887|1768
46|836|887|1769
46|836|888|1770
46|837|888|1771
46|837|889|1772
46|838|889|1773
46|838|890|1774
46|839|890|1775
46|839|891|1776
46|840|891|1777
46|840|892|1778
46|841|892|1779
46|841|893|1780
46|842|893|1781
46|842|894|1782
46|843|894|1783
46|843|895|1784
46|844|895|1785
46|844|896|1786
46|845|896|1787
46|845|897|1788
