total
0|1|0|1
0|2|0|2
0|2|1|3
0|2|2|4
0|3|2|5
0|3|3|6
1|3|3|7
1|3|4|8
1|3|5|9
1|4|5|10
1|4|6|11
1|5|6|12
1|5|7|13
1|5|8|14
1|5|9|15
1|6|9|16
1|6|10|17
1|7|10|18
1|7|11|19
1|8|11|20
1|8|12|21
1|8|13|22
1|8|14|23
1|8|15|24
1|8|16|25
1|8|17|26
1|8|18|27
1|8|19|28
1|8|20|29
1|8|21|30
1|8|22|31
1|8|23|32
1|8|24|33
1|8|25|34
2|8|25|35
2|8|26|36
2|8|27|37
2|8|28|38
3|8|28|39
3|8|29|40
3|9|29|41
3|9|30|42
3|9|31|43
3|9|32|44
3|10|32|45
3|10|33|46
3|11|33|47
3|11|34|48
3|11|35|49
3|11|36|50
3|11|37|51
3|11|38|52
4|11|38|53
4|11|39|54
4|12|39|55
4|12|40|56
4|13|40|57
4|13|41|58
4|13|42|59
4|13|43|60
4|13|44|61
4|13|45|62
4|13|46|63
4|13|47|64
4|13|48|65
4|13|49|66
4|13|50|67
4|13|51|68
4|13|52|69
4|13|53|70
5|13|53|71
5|13|54|72
5|13|55|73
5|13|56|74
6|13|56|75
6|13|57|76
6|13|58|77
6|14|58|78
6|14|59|79
6|14|60|80
6|14|61|81
6|15|61|82
6|15|62|83
6|16|62|84
6|16|63|85
6|17|63|86
6|17|64|87
6|17|65|88
6|17|66|89
6|17|67|90
6|17|68|91
6|18|68|92
6|18|69|93
6|18|70|94
6|18|71|95
6|19|71|96
6|19|72|97
6|20|72|98
6|20|73|99
6|21|73|100
6|21|74|101
6|22|74|102
6|22|75|103
6|23|75|104
6|23|76|105
6|23|77|106
6|23|78|107
6|23|79|108
6|23|80|109
6|23|81|110
6|23|82|111
6|23|83|112
6|23|84|113
6|24|84|114
6|24|85|115
6|25|85|116
6|25|86|117
6|26|86|118
6|26|87|119
6|27|87|120
6|27|88|121
6|28|88|122
6|28|89|123
6|28|90|124
6|28|91|125
6|28|92|126
6|28|93|127
6|29|93|128
6|29|94|129
6|29|95|130
6|29|96|131
6|30|96|132
6|30|97|133
6|31|97|134
6|31|98|135
6|32|98|136
6|32|99|137
6|33|99|138
6|33|100|139
6|34|100|140
6|34|101|141
6|35|101|142
6|35|102|143
6|36|102|144
6|36|103|145
6|37|103|146
6|37|104|147
6|38|104|148
6|38|105|149
6|39|105|150
6|39|106|151
6|40|106|152
6|40|107|153
6|41|107|154
6|41|108|155
6|42|108|156
6|42|109|157
6|43|109|158
6|43|110|159
6|44|110|160
6|44|111|161
6|45|111|162
6|45|112|163
6|46|112|164
6|46|113|165
6|47|113|166
6|47|114|167
6|48|114|168
6|48|115|169
6|49|115|170
6|49|116|171
6|50|116|172
6|50|117|173
6|51|117|174
6|51|118|175
6|52|118|176
6|52|119|177
6|53|119|178
6|53|120|179
6|54|120|180
6|54|121|181
6|55|121|182
6|55|122|183
6|56|122|184
6|56|123|185
6|57|123|186
6|58|123|187
6|58|124|188
6|59|124|189
6|59|125|190
7|59|125|191
7|59|126|192
7|60|126|193
7|60|127|194
8|60|127|195
8|60|128|196
8|61|128|197
8|61|129|198
9|61|129|199
9|61|130|200
9|62|130|201
9|62|131|202
10|62|131|203
10|62|132|204
10|62|133|205
10|62|134|206
10|62|135|207
10|62|136|208
10|62|137|209
10|62|138|210
10|62|139|211
10|62|140|212
10|62|141|213
10|62|142|214
10|63|142|215
10|63|143|216
10|63|144|217
10|63|145|218
11|63|145|219
11|63|146|220
12|63|146|221
12|63|147|222
12|64|147|223
12|64|148|224
12|64|149|225
12|64|150|226
12|65|150|227
12|65|151|228
13|65|151|229
13|65|152|230
14|65|152|231
14|65|153|232
14|66|153|233
14|66|154|234
14|67|154|235
14|67|155|236
14|67|156|237
14|67|157|238
14|67|158|239
14|67|159|240
14|67|160|241
14|67|161|242
15|67|161|243
15|67|162|244
15|67|163|245
15|67|164|246
15|68|164|247
15|68|165|248
15|68|166|249
15|68|167|250
15|69|167|251
15|69|168|252
15|69|169|253
15|70|169|254
15|70|170|255
15|71|170|256
15|71|171|257
15|72|171|258
15|72|172|259
15|73|172|260
15|73|173|261
15|73|174|262
15|73|175|263
15|73|176|264
15|73|177|265
15|74|177|266
15|74|178|267
15|74|179|268
15|74|180|269
15|74|181|270
15|74|182|271
15|75|182|272
15|75|183|273
15|76|183|274
15|76|184|275
15|77|184|276
16|77|184|277
16|77|185|278
16|77|186|279
16|77|187|280
16|77|188|281
16|77|189|282
16|77|190|283
16|77|191|284
16|77|192|285
16|78|192|286
16|78|193|287
16|79|193|288
16|79|194|289
16|80|194|290
16|80|195|291
16|81|195|292
16|81|196|293
16|82|196|294
16|82|197|295
16|83|197|296
16|83|198|297
16|84|198|298
16|84|199|299
16|85|199|300
16|85|200|301
16|86|200|302
16|86|201|303
16|87|201|304
16|87|202|305
16|88|202|306
16|88|203|307
16|89|203|308
16|89|204|309
16|90|204|310
16|90|205|311
16|91|205|312
16|91|206|313
16|92|206|314
16|92|207|315
16|93|207|316
16|93|208|317
16|94|208|318
16|94|209|319
16|95|209|320
16|95|210|321
16|96|210|322
16|96|211|323
16|97|211|324
16|97|212|325
16|98|212|326
16|98|213|327
16|99|213|328
16|99|214|329
16|100|214|330
16|100|215|331
16|101|215|332
16|101|216|333
16|102|216|334
17|102|216|335
17|102|217|336
17|103|217|337
17|103|218|338
18|103|218|339
18|103|219|340
19|103|219|341
19|103|220|342
19|104|220|343
19|104|221|344
19|105|221|345
19|105|222|346
19|105|223|347
19|105|224|348
19|106|224|349
19|106|225|350
19|106|226|351
19|106|227|352
19|106|228|353
19|106|229|354
19|106|230|355
19|106|231|356
19|106|232|357
19|106|233|358
19|106|234|359
19|106|235|360
20|106|235|361
20|106|236|362
20|106|237|363
20|106|238|364
21|106|238|365
21|106|239|366
21|107|239|367
21|107|240|368
22|107|240|369
22|107|241|370
22|108|241|371
22|108|242|372
23|108|242|373
23|108|243|374
23|109|243|375
23|109|244|376
23|110|244|377
23|110|245|378
23|111|245|379
23|111|246|380
23|112|246|381
23|112|247|382
23|112|248|383
23|112|249|384
23|112|250|385
23|112|251|386
23|112|252|387
23|112|253|388
23|112|254|389
23|112|255|390
23|112|256|391
23|112|257|392
23|113|257|393
23|113|258|394
23|113|259|395
23|113|260|396
23|114|260|397
23|114|261|398
23|114|262|399
23|115|262|400
23|115|263|401
23|116|263|402
23|116|264|403
23|117|264|404
23|117|265|405
23|118|265|406
23|118|266|407
23|118|267|408
23|118|268|409
23|118|269|410
23|118|270|411
23|118|271|412
23|118|272|413
23|118|273|414
23|118|274|415
23|119|274|416
23|119|275|417
23|120|275|418
23|120|276|419
23|121|276|420
23|121|277|421
23|122|277|422
23|122|278|423
23|122|279|424
23|122|280|425
23|122|281|426
23|122|282|427
23|122|283|428
23|122|284|429
23|122|285|430
23|122|286|431
23|123|286|432
23|123|287|433
23|124|287|434
23|124|288|435
23|125|288|436
23|125|289|437
23|126|289|438
23|126|290|439
23|127|290|440
23|127|291|441
23|128|291|442
23|128|292|443
23|129|292|444
23|129|293|445
23|130|293|446
23|130|294|447
23|131|294|448
23|131|295|449
23|132|295|450
23|132|296|451
23|133|296|452
23|133|297|453
23|134|297|454
23|134|298|455
23|135|298|456
23|135|299|457
23|136|299|458
23|136|300|459
23|137|300|460
23|137|301|461
23|138|301|462
23|138|302|463
23|139|302|464
23|139|303|465
23|140|303|466
23|140|304|467
23|141|304|468
23|141|305|469
23|142|305|470
23|142|306|471
23|143|306|472
23|143|307|473
23|144|307|474
23|144|308|475
23|145|308|476
23|145|309|477
23|146|309|478
23|146|310|479
23|147|310|480
24|147|310|481
24|147|311|482
25|147|311|483
25|147|312|484
25|147|313|485
25|147|314|486
25|147|315|487
25|147|316|488
25|148|316|489
25|148|317|490
25|149|317|491
25|149|318|492
26|149|318|493
26|149|319|494
26|149|320|495
26|149|321|496
26|149|322|497
26|149|323|498
26|149|324|499
26|149|325|500
26|149|326|501
26|149|327|502
26|149|328|503
26|149|329|504
26|149|330|505
26|149|331|506
26|149|332|507
26|149|333|508
27|149|333|509
27|149|334|510
27|149|335|511
27|149|336|512
27|150|336|513
27|150|337|514
27|151|337|515
27|151|338|516
27|151|339|517
27|151|340|518
28|151|340|519
28|151|341|520
28|152|341|521
28|152|342|522
28|153|342|523
28|153|343|524
29|153|343|525
29|153|344|526
30|153|344|527
30|153|345|528
30|153|346|529
30|153|347|530
30|153|348|531
30|153|349|532
31|153|349|533
31|153|350|534
32|153|350|535
32|153|351|536
32|153|352|537
32|153|353|538
32|154|353|539
32|154|354|540
33|154|354|541
33|154|355|542
33|155|355|543
33|155|356|544
33|155|357|545
33|156|357|546
33|156|358|547
33|157|358|548
33|157|359|549
33|158|359|550
33|158|360|551
33|159|360|552
33|159|361|553
33|159|362|554
33|159|363|555
33|159|364|556
33|159|365|557
33|160|365|558
33|160|366|559
33|160|367|560
33|160|368|561
33|161|368|562
33|161|369|563
33|162|369|564
33|162|370|565
33|163|370|566
33|163|371|567
33|164|371|568
33|164|372|569
33|164|373|570
33|164|374|571
33|164|375|572
33|164|376|573
33|165|376|574
33|165|377|575
33|165|378|576
33|165|379|577
33|166|379|578
33|166|380|579
33|167|380|580
33|167|381|581
33|168|381|582
33|168|382|583
33|169|382|584
33|169|383|585
33|169|384|586
33|169|385|587
33|169|386|588
33|169|387|589
33|170|387|590
33|170|388|591
33|170|389|592
33|170|390|593
33|171|390|594
33|171|391|595
33|172|391|596
33|172|392|597
33|173|392|598
33|173|393|599
33|174|393|600
33|174|394|601
33|175|394|602
33|175|395|603
33|176|395|604
33|176|396|605
33|177|396|606
33|177|397|607
33|178|397|608
33|178|398|609
33|179|398|610
33|179|399|611
33|180|399|612
33|180|400|613
33|181|400|614
33|181|401|615
33|182|401|616
33|182|402|617
33|183|402|618
33|183|403|619
33|184|403|620
33|184|404|621
33|185|404|622
33|185|405|623
33|186|405|624
33|186|406|625
33|187|406|626
33|187|407|627
33|187|408|628
34|187|408|629
34|187|409|630
34|187|410|631
34|187|411|632
34|187|412|633
34|187|413|634
35|187|413|635
35|187|414|636
35|187|415|637
35|187|416|638
36|187|416|639
36|187|417|640
36|188|417|641
36|188|418|642
36|188|419|643
36|188|420|644
36|188|421|645
36|188|422|646
36|188|423|647
36|188|424|648
36|188|425|649
36|188|426|650
36|188|427|651
36|188|428|652
36|189|428|653
36|189|429|654
36|189|430|655
36|189|431|656
36|190|431|657
36|190|432|658
36|191|432|659
36|191|433|660
37|191|433|661
37|191|434|662
38|191|434|663
38|191|435|664
38|191|436|665
38|191|437|666
39|191|437|667
39|191|438|668
39|192|438|669
39|192|439|670
39|192|440|671
39|192|441|672
39|193|441|673
39|193|442|674
39|193|443|675
39|193|444|676
39|193|445|677
39|193|446|678
39|193|447|679
39|193|448|680
39|193|449|681
39|193|450|682
39|193|451|683
39|193|452|684
40|193|452|685
40|193|453|686
40|193|454|687
40|193|455|688
41|193|455|689
41|193|456|690
41|193|457|691
41|194|457|692
41|194|458|693
41|195|458|694
41|195|459|695
41|196|459|696
41|196|460|697
41|197|460|698
41|197|461|699
41|197|462|700
41|197|463|701
41|197|464|702
41|197|465|703
41|197|466|704
41|197|467|705
41|197|468|706
41|197|469|707
41|198|469|708
41|198|470|709
41|199|470|710
41|199|471|711
41|200|471|712
41|200|472|713
41|201|472|714
41|201|473|715
41|201|474|716
41|201|475|717
41|201|476|718
41|201|477|719
41|202|477|720
41|202|478|721
41|202|479|722
41|202|480|723
41|203|480|724
41|203|481|725
41|203|482|726
41|203|483|727
41|204|483|728
41|204|484|729
41|205|484|730
41|205|485|731
41|205|486|732
41|205|487|733
41|205|488|734
41|205|489|735
41|205|490|736
41|205|491|737
41|205|492|738
41|205|493|739
41|206|493|740
41|206|494|741
41|207|494|742
41|207|495|743
41|208|495|744
41|208|496|745
41|209|496|746
41|209|497|747
41|210|497|748
41|210|498|749
41|211|498|750
41|211|499|751
41|212|499|752
41|212|500|753
41|213|500|754
41|214|501|756
41|215|501|757
41|215|502|758
41|216|502|759
41|216|503|760
41|217|503|761
41|217|504|762
41|218|504|763
41|218|505|764
41|219|505|765
41|219|506|766
41|220|506|767
41|220|507|768
41|221|507|769
41|221|508|770
41|222|508|771
41|222|509|772
41|223|509|773
41|223|510|774
41|224|510|775
41|224|511|776
41|225|511|777
41|225|512|778
41|226|512|779
41|226|513|780
41|227|513|781
41|227|514|782
41|228|514|783
41|228|515|784
41|229|515|785
41|229|516|786
41|230|516|787
41|230|517|788
41|230|518|789
42|230|518|790
42|230|519|791
43|230|519|792
43|230|520|793
43|231|520|794
43|231|521|795
43|232|521|796
43|232|522|797
43|233|522|798
43|233|523|799
43|234|523|800
43|234|524|801
43|234|525|802
43|234|526|803
44|234|526|804
44|234|527|805
44|234|528|806
44|234|529|807
44|234|530|808
44|234|531|809
44|234|532|810
44|234|533|811
44|234|534|812
44|234|535|813
44|234|536|814
44|234|537|815
45|234|537|816
45|234|538|817
45|234|539|818
45|234|540|819
46|234|540|820
46|234|541|821
47|234|541|822
47|234|542|823
47|234|543|824
47|234|544|825
47|235|544|826
47|235|545|827
47|236|545|828
47|236|546|829
48|236|546|830
48|236|547|831
48|237|547|832
48|237|548|833
48|237|549|834
48|237|550|835
48|238|550|836
48|238|551|837
48|238|552|838
48|238|553|839
48|238|554|840
48|238|555|841
48|238|556|842
48|238|557|843
48|238|558|844
48|238|559|845
48|238|560|846
48|238|561|847
49|238|561|848
49|238|562|849
49|238|563|850
49|238|564|851
49|238|565|852
49|239|565|853
49|239|566|854
49|240|566|855
49|240|567|856
49|241|567|857
49|241|568|858
49|242|568|859
49|242|569|860
49|242|570|861
49|242|571|862
49|242|572|863
49|242|573|864
49|243|573|865
49|243|574|866
49|243|575|867
49|243|576|868
49|244|576|869
49|244|577|870
49|245|577|871
49|245|578|872
49|246|578|873
49|246|579|874
49|247|579|875
49|247|580|876
49|247|581|877
49|247|582|878
49|247|583|879
49|247|584|880
49|248|584|881
49|248|585|882
49|248|586|883
49|248|587|884
49|249|587|885
49|249|588|886
49|250|588|887
49|250|589|888
49|251|589|889
49|251|590|890
49|252|590|891
49|252|591|892
49|252|592|893
49|252|593|894
49|252|594|895
49|252|595|896
49|253|595|897
49|253|596|898
49|253|597|899
49|253|598|900
49|254|598|901
49|254|599|902
49|255|599|903
49|255|600|904
49|256|600|905
49|256|601|906
49|257|601|907
49|257|602|908
49|258|602|909
49|258|603|910
49|259|603|911
49|259|604|912
49|260|604|913
49|260|605|914
49|261|605|915
49|261|606|916
49|262|606|917
49|262|607|918
49|263|607|919
49|263|608|920
49|264|608|921
49|264|609|922
49|265|609|923
49|265|610|924
49|266|610|925
49|266|611|926
49|267|611|927
49|267|612|928
49|268|612|929
49|268|613|930
49|269|613|931
49|269|614|932
49|270|614|933
49|270|615|934
49|270|616|935
49|270|617|936
49|270|618|937
50|270|618|938
50|270|619|939
50|271|619|940
50|271|620|941
50|272|620|942
50|272|621|943
50|273|621|944
50|273|622|945
50|274|622|946
50|274|623|947
50|275|623|948
50|275|624|949
50|276|624|950
50|276|625|951
50|276|626|952
50|276|627|953
50|276|628|954
50|276|629|955
50|276|630|956
50|276|631|957
50|276|632|958
50|276|633|959
50|276|634|960
50|276|635|961
50|277|635|962
50|277|636|963
50|277|637|964
50|277|638|965
50|278|638|966
50|278|639|967
50|279|639|968
50|279|640|969
50|280|640|970
50|280|641|971
50|281|641|972
50|281|642|973
51|281|642|974
51|281|643|975
52|281|643|976
52|281|644|977
52|282|644|978
52|282|645|979
52|283|645|980
52|283|646|981
53|283|646|982
53|283|647|983
54|283|647|984
54|283|648|985
54|283|649|986
54|283|650|987
54|283|651|988
54|283|652|989
54|283|653|990
54|283|654|991
54|283|655|992
54|283|656|993
54|284|656|994
54|284|657|995
54|284|658|996
54|284|659|997
55|284|659|998
55|284|660|999
55|284|661|1000
55|285|661|1001
55|285|662|1002
55|286|662|1003
55|286|663|1004
55|287|663|1005
55|287|664|1006
55|287|665|1007
55|287|666|1008
55|287|667|1009
55|287|668|1010
55|288|668|1011
55|288|669|1012
55|288|670|1013
55|288|671|1014
55|289|671|1015
55|289|672|1016
55|290|672|1017
55|290|673|1018
55|291|673|1019
55|291|674|1020
55|292|674|1021
55|292|675|1022
55|292|676|1023
55|292|677|1024
55|292|678|1025
55|292|679|1026
55|292|680|1027
55|292|681|1028
55|292|682|1029
55|292|683|1030
55|293|683|1031
55|293|684|1032
55|294|684|1033
55|294|685|1034
55|295|685|1035
55|295|686|1036
55|296|686|1037
55|296|687|1038
55|297|687|1039
55|297|688|1040
55|298|688|1041
55|298|689|1042
55|299|689|1043
55|299|690|1044
55|300|690|1045
55|300|691|1046
55|301|691|1047
55|301|692|1048
55|302|692|1049
55|302|693|1050
55|303|693|1051
55|303|694|1052
55|304|694|1053
55|304|695|1054
55|305|695|1055
55|305|696|1056
55|306|696|1057
55|306|697|1058
55|307|697|1059
55|307|698|1060
55|308|698|1061
55|308|699|1062
55|309|699|1063
55|309|700|1064
55|310|700|1065
55|310|701|1066
55|311|701|1067
55|311|702|1068
55|312|702|1069
55|312|703|1070
55|313|703|1071
55|313|704|1072
55|314|704|1073
55|314|705|1074
55|315|705|1075
55|315|706|1076
55|316|706|1077
55|316|707|1078
55|317|707|1079
55|317|708|1080
55|317|709|1081
56|317|709|1082
56|317|710|1083
56|317|711|1084
56|317|712|1085
56|318|712|1086
56|318|713|1087
56|319|713|1088
56|319|714|1089
56|320|714|1090
56|320|715|1091
56|321|715|1092
56|321|716|1093
57|321|716|1094
57|321|717|1095
57|322|717|1096
57|322|718|1097
57|322|719|1098
57|322|720|1099
57|322|721|1100
57|322|722|1101
57|322|723|1102
57|322|724|1103
57|322|725|1104
57|322|726|1105
57|322|727|1106
57|322|728|1107
57|322|729|1108
57|322|730|1109
58|322|730|1110
58|322|731|1111
58|323|731|1112
58|323|732|1113
58|324|732|1114
58|324|733|1115
58|325|733|1116
58|325|734|1117
58|326|734|1118
58|326|735|1119
58|327|735|1120
58|327|736|1121
58|328|736|1122
58|328|737|1123
58|329|737|1124
58|329|738|1125
58|330|738|1126
58|330|739|1127
58|331|739|1128
58|331|740|1129
58|332|740|1130
58|332|741|1131
58|333|741|1132
58|333|742|1133
59|333|742|1134
59|333|743|1135
60|333|743|1136
60|333|744|1137
60|333|745|1138
60|334|745|1139
60|335|745|1140
60|335|746|1141
61|335|746|1142
61|335|747|1143
61|335|748|1144
61|335|749|1145
61|336|749|1146
61|336|750|1147
61|337|750|1148
61|337|751|1149
61|338|751|1150
61|339|751|1151
61|339|752|1152
61|340|752|1153
61|340|753|1154
61|341|753|1155
61|341|754|1156
61|342|754|1157
61|342|755|1158
61|343|755|1159
61|343|756|1160
61|343|757|1161
61|343|758|1162
61|343|759|1163
61|343|760|1164
61|343|761|1165
61|343|762|1166
61|343|763|1167
61|343|764|1168
61|344|764|1169
61|344|765|1170
61|345|765|1171
61|345|766|1172
61|346|766|1173
61|346|767|1174
61|347|767|1175
61|347|768|1176
61|348|768|1177
61|348|769|1178
61|348|770|1179
61|348|771|1180
61|348|772|1181
61|348|773|1182
61|348|774|1183
61|348|775|1184
61|348|776|1185
61|348|777|1186
61|349|777|1187
61|349|778|1188
61|350|778|1189
61|350|779|1190
61|351|779|1191
61|351|780|1192
61|352|780|1193
61|352|781|1194
61|353|781|1195
61|353|782|1196
61|353|783|1197
61|353|784|1198
61|353|785|1199
61|353|786|1200
61|353|787|1201
61|353|788|1202
61|353|789|1203
61|353|790|1204
61|354|790|1205
61|354|791|1206
61|355|791|1207
61|355|792|1208
61|356|792|1209
61|356|793|1210
61|357|793|1211
61|357|794|1212
61|358|794|1213
61|358|795|1214
61|359|795|1215
61|359|796|1216
61|360|796|1217
61|360|797|1218
61|361|797|1219
61|361|798|1220
61|362|798|1221
61|362|799|1222
61|363|799|1223
61|363|800|1224
61|364|800|1225
61|364|801|1226
61|365|801|1227
61|365|802|1228
61|366|802|1229
61|366|803|1230
61|367|803|1231
61|367|804|1232
61|368|804|1233
61|368|805|1234
61|369|805|1235
61|369|806|1236
61|370|806|1237
61|370|807|1238
61|371|807|1239
61|371|808|1240
61|372|808|1241
61|372|809|1242
61|373|809|1243
61|373|810|1244
61|374|810|1245
61|374|811|1246
61|375|811|1247
61|375|812|1248
61|376|812|1249
61|376|813|1250
61|377|813|1251
61|377|814|1252
61|378|814|1253
61|378|815|1254
61|379|815|1255
61|379|816|1256
61|380|816|1257
61|380|817|1258
61|381|817|1259
61|381|818|1260
61|381|819|1261
61|382|819|1262
61|382|820|1263
61|383|820|1264
61|383|821|1265
61|384|821|1266
61|384|822|1267
61|385|822|1268
61|385|823|1269
61|386|823|1270
61|386|824|1271
61|387|824|1272
61|387|825|1273
61|388|825|1274
61|388|826|1275
61|389|826|1276
61|389|827|1277
61|390|827|1278
61|390|828|1279
61|390|829|1280
61|390|830|1281
61|390|831|1282
61|390|832|1283
61|390|833|1284
61|390|834|1285
61|390|835|1286
61|390|836|1287
61|390|837|1288
61|390|838|1289
61|390|839|1290
61|390|840|1291
62|390|840|1292
62|390|841|1293
62|391|841|1294
62|391|842|1295
62|392|842|1296
62|392|843|1297
62|392|844|1298
62|392|845|1299
62|393|845|1300
62|393|846|1301
62|394|846|1302
62|394|847|1303
62|394|848|1304
62|394|849|1305
62|394|850|1306
62|394|851|1307
62|394|852|1308
62|394|853|1309
63|394|853|1310
63|394|854|1311
64|394|854|1312
64|394|855|1313
64|395|855|1314
64|395|856|1315
64|395|857|1316
64|395|858|1317
64|395|859|1318
64|395|860|1319
64|395|861|1320
64|395|862|1321
64|395|863|1322
64|395|864|1323
64|395|865|1324
64|395|866|1325
64|395|867|1326
64|395|868|1327
64|396|868|1328
64|396|869|1329
64|396|870|1330
64|396|871|1331
64|397|871|1332
64|397|872|1333
64|397|873|1334
64|397|874|1335
64|397|875|1336
64|398|875|1337
64|398|876|1338
64|399|876|1339
64|399|877|1340
64|400|877|1341
64|400|878|1342
64|400|879|1343
64|400|880|1344
64|400|881|1345
64|400|882|1346
64|400|883|1347
64|400|884|1348
64|400|885|1349
64|400|886|1350
64|401|886|1351
64|401|887|1352
64|402|887|1353
64|402|888|1354
64|403|888|1355
64|403|889|1356
64|404|889|1357
64|404|890|1358
64|405|890|1359
64|405|891|1360
64|405|892|1361
64|405|893|1362
64|405|894|1363
64|405|895|1364
64|406|895|1365
64|406|896|1366
64|406|897|1367
64|406|898|1368
64|406|899|1369
64|406|900|1370
64|407|900|1371
64|407|901|1372
64|408|901|1373
64|408|902|1374
64|409|902|1375
64|409|903|1376
64|410|903|1377
64|410|904|1378
64|410|905|1379
64|410|906|1380
64|410|907|1381
64|410|908|1382
64|410|909|1383
64|410|910|1384
64|410|911|1385
64|410|912|1386
64|411|912|1387
64|411|913|1388
64|412|913|1389
64|412|914|1390
64|413|914|1391
64|413|915|1392
64|414|915|1393
64|414|916|1394
64|415|916|1395
64|415|917|1396
64|416|917|1397
64|416|918|1398
64|417|918|1399
64|417|919|1400
64|418|919|1401
64|418|920|1402
64|419|920|1403
64|419|921|1404
64|420|921|1405
64|420|922|1406
64|421|922|1407
64|421|923|1408
64|422|923|1409
64|422|924|1410
64|423|924|1411
64|423|925|1412
64|424|925|1413
64|424|926|1414
64|425|926|1415
64|425|927|1416
64|426|927|1417
64|426|928|1418
64|427|928|1419
64|427|929|1420
64|428|929|1421
64|428|930|1422
64|429|930|1423
64|429|931|1424
64|430|931|1425
64|430|932|1426
64|431|932|1427
64|431|933|1428
64|432|933|1429
64|432|934|1430
64|433|934|1431
64|433|935|1432
64|434|935|1433
64|434|936|1434
64|435|936|1435
64|435|937|1436
64|436|937|1437
64|436|938|1438
64|437|938|1439
64|437|939|1440
64|438|939|1441
64|438|940|1442
64|438|941|1443
65|438|941|1444
65|438|942|1445
66|438|942|1446
66|438|943|1447
66|439|943|1448
66|439|944|1449
66|440|944|1450
66|440|945|1451
67|440|945|1452
67|440|946|1453
68|440|946|1454
68|440|947|1455
69|440|947|1456
69|440|948|1457
70|440|948|1458
70|440|949|1459
70|441|949|1460
70|441|950|1461
70|441|951|1462
70|441|952|1463
70|441|953|1464
70|441|954|1465
70|441|955|1466
70|441|956|1467
70|441|957|1468
70|441|958|1469
70|441|959|1470
70|441|960|1471
70|441|961|1472
70|441|962|1473
70|442|962|1474
70|442|963|1475
70|443|963|1476
70|443|964|1477
70|444|964|1478
70|444|965|1479
70|445|965|1480
70|445|966|1481
70|445|967|1482
70|445|968|1483
70|445|969|1484
70|445|970|1485
70|446|970|1486
70|446|971|1487
70|446|972|1488
70|446|973|1489
71|446|973|1490
71|446|974|1491
71|447|974|1492
71|447|975|1493
71|448|975|1494
71|448|976|1495
71|449|976|1496
71|449|977|1497
71|449|978|1498
71|449|979|1499
71|449|980|1500
71|449|981|1501
71|449|982|1502
71|449|983|1503
71|449|984|1504
71|449|985|1505
72|449|985|1506
72|449|986|1507
72|449|987|1508
72|449|988|1509
72|450|988|1510
72|450|989|1511
72|450|990|1512
72|450|991|1513
73|450|991|1514
73|451|991|1515
73|451|992|1516
73|451|993|1517
73|451|994|1518
73|452|994|1519
73|452|995|1520
73|453|995|1521
73|453|996|1522
73|454|996|1523
73|454|997|1524
73|454|998|1525
73|454|999|1526
73|454|1000|1527
73|454|1001|1528
73|455|1001|1529
73|455|1002|1530
73|455|1003|1531
73|455|1004|1532
73|456|1004|1533
73|456|1005|1534
73|457|1005|1535
73|457|1006|1536
73|458|1006|1537
73|458|1007|1538
73|459|1007|1539
73|459|1008|1540
73|460|1008|1541
73|460|1009|1542
73|460|1010|1543
73|460|1011|1544
73|460|1012|1545
73|460|1013|1546
73|461|1013|1547
73|461|1014|1548
73|461|1015|1549
73|461|1016|1550
73|462|1016|1551
73|462|1017|1552
73|463|1017|1553
73|463|1018|1554
73|464|1018|1555
73|464|1019|1556
73|465|1019|1557
73|465|1020|1558
73|466|1020|1559
73|466|1021|1560
73|466|1022|1561
73|466|1023|1562
73|466|1024|1563
73|466|1025|1564
73|467|1025|1565
73|467|1026|1566
73|467|1027|1567
73|467|1028|1568
73|468|1028|1569
73|468|1029|1570
73|469|1029|1571
73|469|1030|1572
73|470|1030|1573
73|470|1031|1574
73|471|1031|1575
73|471|1032|1576
73|472|1032|1577
73|472|1033|1578
73|473|1033|1579
73|473|1034|1580
73|474|1034|1581
73|474|1035|1582
73|475|1035|1583
73|475|1036|1584
73|476|1036|1585
73|476|1037|1586
73|477|1037|1587
73|477|1038|1588
73|478|1038|1589
73|478|1039|1590
73|479|1039|1591
73|479|1040|1592
73|480|1040|1593
73|480|1041|1594
73|481|1041|1595
73|481|1042|1596
73|482|1042|1597
73|482|1043|1598
73|483|1043|1599
73|483|1044|1600
73|484|1044|1601
73|484|1045|1602
73|485|1045|1603
73|485|1046|1604
73|486|1046|1605
73|486|1047|1606
73|487|1047|1607
73|487|1048|1608
73|488|1048|1609
73|488|1049|1610
73|489|1049|1611
73|489|1050|1612
73|490|1050|1613
73|490|1051|1614
73|491|1051|1615
73|491|1052|1616
73|492|1052|1617
73|492|1053|1618
73|493|1053|1619
73|493|1054|1620
73|494|1054|1621
73|494|1055|1622
73|495|1055|1623
73|495|1056|1624
73|495|1057|1625
73|496|1057|1626
73|496|1058|1627
73|497|1058|1628
73|497|1059|1629
74|497|1059|1630
74|497|1060|1631
74|497|1061|1632
74|497|1062|1633
75|497|1062|1634
75|497|1063|1635
75|498|1063|1636
75|498|1064|1637
76|498|1064|1638
76|498|1065|1639
76|499|1065|1640
76|499|1066|1641
76|499|1067|1642
76|499|1068|1643
76|499|1069|1644
76|499|1070|1645
76|499|1071|1646
76|499|1072|1647
76|499|1073|1648
76|499|1074|1649
76|499|1075|1650
76|499|1076|1651
76|499|1077|1652
76|499|1078|1653
76|499|1079|1654
76|499|1080|1655
77|499|1080|1656
77|499|1081|1657
77|500|1081|1658
77|500|1082|1659
78|500|1082|1660
78|500|1083|1661
78|501|1083|1662
78|501|1084|1663
78|502|1084|1664
78|502|1085|1665
79|502|1085|1666
79|502|1086|1667
79|503|1086|1668
79|503|1087|1669
79|504|1087|1670
79|504|1088|1671
79|505|1088|1672
79|505|1089|1673
79|506|1089|1674
79|506|1090|1675
79|506|1091|1676
79|506|1092|1677
79|506|1093|1678
79|506|1094|1679
79|506|1095|1680
79|506|1096|1681
79|507|1096|1682
79|507|1097|1683
79|507|1098|1684
79|507|1099|1685
79|507|1100|1686
79|507|1101|1687
80|507|1101|1688
80|507|1102|1689
81|507|1102|1690
81|507|1103|1691
81|507|1104|1692
81|507|1105|1693
81|507|1106|1694
81|508|1106|1695
81|508|1107|1696
81|509|1107|1697
81|509|1108|1698
81|510|1108|1699
81|510|1109|1700
81|510|1110|1701
81|510|1111|1702
81|510|1112|1703
81|510|1113|1704
81|510|1114|1705
81|510|1115|1706
81|510|1116|1707
81|510|1117|1708
81|510|1118|1709
81|510|1119|1710
81|511|1119|1711
81|511|1120|1712
81|512|1120|1713
81|512|1121|1714
81|513|1121|1715
81|513|1122|1716
81|513|1123|1717
81|513|1124|1718
81|513|1125|1719
81|513|1126|1720
81|513|1127|1721
81|513|1128|1722
81|513|1129|1723
81|513|1130|1724
81|513|1131|1725
81|513|1132|1726
81|513|1133|1727
81|513|1134|1728
81|514|1134|1729
81|514|1135|1730
81|515|1135|1731
81|515|1136|1732
81|515|1137|1733
81|515|1138|1734
81|515|1139|1735
81|515|1140|1736
81|515|1141|1737
82|515|1141|1738
82|516|1141|1739
82|516|1142|1740
82|517|1142|1741
82|517|1143|1742
82|518|1143|1743
82|518|1144|1744
82|519|1144|1745
82|519|1145|1746
82|520|1145|1747
82|520|1146|1748
82|521|1146|1749
82|521|1147|1750
82|522|1147|1751
82|522|1148|1752
82|523|1148|1753
82|523|1149|1754
82|524|1149|1755
82|524|1150|1756
82|525|1150|1757
82|525|1151|1758
82|526|1151|1759
82|526|1152|1760
82|527|1152|1761
82|527|1153|1762
82|528|1153|1763
82|528|1154|1764
82|529|1154|1765
82|529|1155|1766
82|530|1155|1767
82|530|1156|1768
82|531|1156|1769
82|531|1157|1770
82|532|1157|1771
82|532|1158|1772
82|533|1158|1773
82|533|1159|1774
82|534|1159|1775
82|534|1160|1776
82|535|1160|1777
82|535|1161|1778
82|536|1161|1779
82|536|1162|1780
82|537|1162|1781
82|537|1163|1782
82|538|1163|1783
82|538|1164|1784
82|539|1164|1785
82|539|1165|1786
82|540|1165|1787
82|540|1166|1788
