total
0|1|0|1
0|2|0|2
0|2|1|3
0|3|1|4
0|3|2|5
0|4|2|6
0|4|3|7
0|5|3|8
0|5|4|9
0|6|4|10
0|6|5|11
0|7|5|12
0|7|6|13
0|8|6|14
0|8|7|15
0|9|7|16
0|9|8|17
0|10|8|18
0|10|9|19
0|11|9|20
0|12|9|21
0|13|9|22
0|13|10|23
0|14|10|24
0|14|11|25
0|15|11|26
0|15|12|27
0|16|12|28
0|16|13|29
0|17|13|30
0|17|14|31
0|18|14|32
0|18|15|33
0|19|15|34
0|20|15|35
0|21|15|36
0|21|16|37
0|22|16|38
0|23|16|39
0|24|16|40
0|24|17|41
0|25|17|42
0|25|18|43
0|26|18|44
0|26|19|45
0|27|19|46
0|27|20|47
0|28|20|48
0|28|21|49
0|29|21|50
0|29|22|51
0|30|22|52
0|31|22|53
0|32|22|54
0|33|22|55
0|34|22|56
0|34|23|57
0|35|23|58
0|35|24|59
0|36|24|60
0|36|25|61
0|37|25|62
0|37|26|63
0|38|26|64
0|38|27|65
0|39|27|66
0|39|28|67
0|40|28|68
0|40|29|69
0|41|29|70
0|42|29|71
0|43|29|72
0|43|30|73
0|44|30|74
0|45|30|75
0|46|30|76
0|46|31|77
0|47|31|78
0|47|32|79
0|48|32|80
0|48|33|81
0|49|33|82
0|49|34|83
0|50|34|84
0|50|35|85
0|51|35|86
0|51|36|87
0|52|36|88
0|52|37|89
0|53|37|90
0|53|38|91
0|54|38|92
0|54|39|93
0|55|39|94
0|55|40|95
0|56|40|96
0|56|41|97
0|57|41|98
0|57|42|99
0|58|42|100
0|58|43|101
0|59|43|102
0|59|44|103
0|60|44|104
0|60|45|105
0|61|45|106
0|61|46|107
0|62|46|108
0|62|47|109
0|63|47|110
0|63|48|111
0|64|48|112
0|64|49|113
0|65|49|114
0|65|50|115
0|66|50|116
0|66|51|117
0|67|51|118
0|67|52|119
0|68|52|120
0|68|53|121
0|69|53|122
0|69|54|123
0|70|54|124
0|70|55|125
0|71|55|126
0|71|56|127
0|72|56|128
0|72|57|129
0|73|57|130
0|73|58|131
0|74|58|132
0|74|59|133
0|75|59|134
0|75|60|135
0|76|60|136
0|76|61|137
0|77|61|138
0|77|62|139
0|78|62|140
0|78|63|141
0|79|63|142
0|79|64|143
0|80|64|144
0|80|65|145
0|81|65|146
0|81|66|147
0|82|66|148
0|82|67|149
0|83|67|150
0|83|68|151
0|84|68|152
0|84|69|153
0|85|69|154
0|85|70|155
0|86|70|156
0|86|71|157
0|87|71|158
0|87|72|159
0|88|72|160
0|88|73|161
0|89|73|162
0|89|74|163
0|90|74|164
0|90|75|165
0|91|75|166
0|91|76|167
0|92|76|168
0|92|77|169
0|93|77|170
0|93|78|171
0|94|78|172
0|94|79|173
0|95|79|174
0|95|80|175
0|96|80|176
0|96|81|177
0|97|81|178
0|97|82|179
0|98|82|180
0|98|83|181
0|99|83|182
0|99|84|183
0|100|84|184
0|100|85|185
0|101|85|186
0|101|86|187
0|102|86|188
0|102|87|189
0|103|87|190
0|103|88|191
0|104|88|192
0|104|89|193
0|105|89|194
0|105|90|195
0|106|90|196
0|106|91|197
0|107|91|198
0|108|91|199
0|109|91|200
0|110|91|201
0|111|91|202
0|112|91|203
0|113|91|204
0|113|92|205
0|114|92|206
0|114|93|207
0|115|93|208
0|115|94|209
0|116|94|210
0|116|95|211
0|117|95|212
0|117|96|213
0|118|96|214
0|118|97|215
0|119|97|216
0|119|98|217
0|120|98|218
0|120|99|219
0|121|99|220
0|121|100|221
0|122|100|222
0|122|101|223
0|123|101|224
0|123|102|225
0|124|102|226
0|124|103|227
0|125|103|228
0|125|104|229
0|126|104|230
0|126|105|231
0|127|105|232
0|127|106|233
0|128|106|234
0|128|107|235
0|129|107|236
0|129|108|237
0|130|108|238
0|130|109|239
0|131|109|240
0|131|110|241
0|132|110|242
0|132|111|243
0|133|111|244
0|133|112|245
0|134|112|246
0|134|113|247
0|135|113|248
0|135|114|249
0|136|114|250
0|136|115|251
0|137|115|252
0|137|116|253
0|138|116|254
0|138|117|255
0|139|117|256
0|139|118|257
0|140|118|258
0|140|119|259
0|141|119|260
0|141|120|261
0|142|120|262
0|142|121|263
0|143|121|264
0|143|122|265
0|144|122|266
0|144|123|267
0|145|123|268
0|145|124|269
0|146|124|270
0|146|125|271
0|147|125|272
0|147|126|273
0|148|126|274
0|148|127|275
0|149|127|276
0|149|128|277
0|150|128|278
0|150|129|279
0|151|129|280
0|151|130|281
0|152|130|282
0|152|131|283
0|153|131|284
0|153|132|285
0|154|132|286
0|154|133|287
0|155|133|288
0|155|134|289
0|156|134|290
0|156|135|291
0|157|135|292
0|157|136|293
0|158|136|294
0|158|137|295
0|159|137|296
0|159|138|297
0|160|138|298
0|160|139|299
0|161|139|300
0|161|140|301
0|162|140|302
0|162|141|303
0|163|141|304
0|163|142|305
0|164|142|306
0|164|143|307
0|165|143|308
0|165|144|309
0|166|144|310
0|166|145|311
0|167|145|312
0|167|146|313
0|168|146|314
0|168|147|315
0|169|147|316
0|169|148|317
0|170|148|318
0|170|149|319
0|171|149|320
0|171|150|321
0|172|150|322
0|172|151|323
0|173|151|324
0|173|152|325
0|174|152|326
0|174|153|327
0|175|153|328
0|175|154|329
0|176|154|330
0|176|155|331
0|177|155|332
0|177|156|333
0|178|156|334
0|178|157|335
0|179|157|336
0|179|158|337
0|180|158|338
0|180|159|339
0|181|159|340
0|181|160|341
0|182|160|342
0|182|161|343
0|183|161|344
0|183|162|345
0|184|162|346
0|184|163|347
0|185|163|348
0|185|164|349
0|186|164|350
0|186|165|351
0|187|165|352
0|187|166|353
0|188|166|354
0|188|167|355
0|189|167|356
0|189|168|357
0|190|168|358
0|190|169|359
0|191|169|360
0|191|170|361
0|192|170|362
0|192|171|363
0|193|171|364
0|193|172|365
0|194|172|366
0|194|173|367
0|195|173|368
0|195|174|369
0|196|174|370
0|196|175|371
0|197|175|372
0|197|176|373
0|198|176|374
0|198|177|375
0|199|177|376
0|199|178|377
0|200|178|378
0|200|179|379
0|201|179|380
0|201|180|381
0|202|180|382
0|202|181|383
0|203|181|384
0|203|182|385
0|204|182|386
0|204|183|387
0|205|183|388
0|205|184|389
0|206|184|390
0|206|185|391
0|207|185|392
0|207|186|393
0|208|186|394
0|208|187|395
0|209|187|396
0|209|188|397
0|210|188|398
0|210|189|399
0|211|189|400
0|211|190|401
0|212|190|402
0|212|191|403
0|213|191|404
0|213|192|405
0|214|192|406
0|214|193|407
0|215|193|408
0|215|194|409
0|216|194|410
0|216|195|411
0|217|195|412
0|217|196|413
0|218|196|414
0|218|197|415
0|219|197|416
0|219|198|417
0|220|198|418
0|220|199|419
0|221|199|420
0|221|200|421
0|222|200|422
0|222|201|423
0|223|201|424
0|223|202|425
0|224|202|426
0|224|203|427
0|225|203|428
0|225|204|429
0|226|204|430
0|226|205|431
0|227|205|432
0|227|206|433
0|228|206|434
0|228|207|435
0|229|207|436
0|229|208|437
0|230|208|438
0|230|209|439
0|231|209|440
0|231|210|441
0|232|210|442
0|232|211|443
0|233|211|444
0|233|212|445
0|234|212|446
0|234|213|447
0|235|213|448
0|235|214|449
0|236|214|450
0|236|215|451
0|237|215|452
0|237|216|453
0|238|216|454
0|238|217|455
0|239|217|456
0|239|218|457
0|240|218|458
0|240|219|459
0|241|219|460
0|241|220|461
0|242|220|462
0|242|221|463
0|243|221|464
0|243|222|465
0|244|222|466
0|244|223|467
0|245|223|468
0|245|224|469
0|246|224|470
0|246|225|471
0|247|225|472
0|247|226|473
0|248|226|474
0|248|227|475
0|249|227|476
0|249|228|477
0|250|228|478
0|250|229|479
0|251|229|480
0|251|230|481
0|252|230|482
0|252|231|483
0|253|231|484
0|253|232|485
0|254|232|486
0|254|233|487
0|255|233|488
0|255|234|489
0|256|234|490
0|256|235|491
0|257|235|492
0|257|236|493
0|258|236|494
0|258|237|495
0|259|237|496
0|259|238|497
0|260|238|498
0|260|239|499
0|261|239|500
0|261|240|501
0|262|240|502
0|262|241|503
0|263|241|504
0|263|242|505
0|264|242|506
0|264|243|507
0|265|243|508
0|265|244|509
0|266|244|510
0|266|245|511
0|267|245|512
0|267|246|513
0|268|246|514
0|268|247|515
0|269|247|516
0|269|248|517
0|270|248|518
0|270|249|519
0|271|249|520
0|271|250|521
0|272|250|522
0|272|251|523
0|273|251|524
0|273|252|525
0|274|252|526
0|274|253|527
0|275|253|528
0|275|254|529
0|276|254|530
0|276|255|531
0|277|255|532
0|277|256|533
0|278|256|534
0|278|257|535
0|279|257|536
0|279|258|537
0|280|258|538
0|280|259|539
0|281|259|540
0|281|260|541
0|282|260|542
0|282|261|543
0|283|261|544
0|283|262|545
0|284|262|546
0|284|263|547
0|285|263|548
0|285|264|549
0|286|264|550
0|286|265|551
0|287|265|552
0|287|266|553
0|288|266|554
0|288|267|555
0|289|267|556
0|289|268|557
0|290|268|558
0|290|269|559
0|291|269|560
0|291|270|561
0|292|270|562
0|292|271|563
0|293|271|564
0|293|272|565
0|294|272|566
0|294|273|567
0|295|273|568
0|295|274|569
0|296|274|570
0|296|275|571
0|297|275|572
0|297|276|573
0|298|276|574
0|298|277|575
0|299|277|576
0|299|278|577
0|300|278|578
0|300|279|579
0|301|279|580
0|301|280|581
0|302|280|582
0|302|281|583
0|303|281|584
0|303|282|585
0|304|282|586
0|304|283|587
0|305|283|588
0|305|284|589
0|306|284|590
0|306|285|591
0|307|285|592
0|307|286|593
0|308|286|594
0|308|287|595
0|309|287|596
0|309|288|597
0|310|288|598
0|310|289|599
0|311|289|600
0|311|290|601
0|312|290|602
0|312|291|603
0|313|291|604
0|313|292|605
0|314|292|606
0|314|293|607
0|315|293|608
0|315|294|609
0|316|294|610
0|316|295|611
0|317|295|612
0|317|296|613
0|318|296|614
0|318|297|615
0|319|297|616
0|319|298|617
0|320|298|618
0|320|299|619
0|321|299|620
0|321|300|621
0|322|300|622
0|322|301|623
0|323|301|624
0|323|302|625
0|324|302|626
0|324|303|627
0|325|303|628
0|325|304|629
0|326|304|630
0|326|305|631
0|327|305|632
0|327|306|633
0|328|306|634
0|328|307|635
0|329|307|636
0|329|308|637
0|330|308|638
0|330|309|639
0|331|309|640
0|331|310|641
0|332|310|642
0|332|311|643
0|333|311|644
0|333|312|645
0|334|312|646
0|334|313|647
0|335|313|648
0|335|314|649
0|336|314|650
0|336|315|651
0|337|315|652
0|337|316|653
0|338|316|654
0|338|317|655
0|339|317|656
0|339|318|657
0|340|318|658
0|340|319|659
0|341|319|660
0|341|320|661
0|342|320|662
0|342|321|663
0|343|321|664
0|343|322|665
0|344|322|666
0|344|323|667
0|345|323|668
0|345|324|669
0|346|324|670
0|346|325|671
0|347|325|672
0|347|326|673
0|348|326|674
0|348|327|675
0|349|327|676
0|349|328|677
0|350|328|678
0|350|329|679
0|351|329|680
0|351|330|681
0|352|330|682
0|352|331|683
0|353|331|684
0|353|332|685
0|354|332|686
0|354|333|687
0|355|333|688
0|355|334|689
0|356|334|690
0|356|335|691
0|357|335|692
0|357|336|693
0|358|336|694
0|358|337|695
0|359|337|696
0|359|338|697
0|360|338|698
0|360|339|699
0|361|339|700
0|361|340|701
0|362|340|702
0|362|341|703
0|363|341|704
0|363|342|705
0|364|342|706
0|364|343|707
0|365|343|708
0|365|344|709
0|366|344|710
0|366|345|711
0|367|345|712
0|367|346|713
0|368|346|714
0|368|347|715
0|369|347|716
0|369|348|717
0|370|348|718
0|370|349|719
0|371|349|720
0|371|350|721
0|372|350|722
0|372|351|723
0|373|351|724
0|373|352|725
0|374|352|726
0|374|353|727
0|375|353|728
0|375|354|729
0|376|354|730
0|376|355|731
0|377|355|732
0|377|356|733
0|378|356|734
0|378|357|735
0|379|357|736
0|379|358|737
0|380|358|738
0|380|359|739
0|381|359|740
0|381|360|741
0|382|360|742
0|382|361|743
0|383|361|744
0|383|362|745
0|384|362|746
0|384|363|747
0|385|363|748
0|385|364|749
0|386|364|750
0|386|365|751
0|387|365|752
0|387|366|753
0|388|366|754
0|388|367|755
0|389|367|756
0|389|368|757
0|390|368|758
0|390|369|759
0|391|369|760
0|391|370|761
0|392|370|762
0|392|371|763
0|393|371|764
0|393|372|765
0|394|372|766
0|394|373|767
0|395|373|768
0|395|374|769
0|396|374|770
0|396|375|771
0|397|375|772
0|397|376|773
0|398|376|774
0|398|377|775
0|399|377|776
0|399|378|777
0|400|378|778
0|400|379|779
0|401|379|780
0|401|380|781
0|402|380|782
0|402|381|783
0|403|381|784
0|403|382|785
0|404|382|786
0|404|383|787
0|405|383|788
0|405|384|789
0|406|384|790
0|406|385|791
0|407|385|792
0|407|386|793
0|408|386|794
0|408|387|795
0|409|387|796
0|409|388|797
0|410|388|798
0|410|389|799
0|411|389|800
0|411|390|801
0|412|390|802
0|412|391|803
0|413|391|804
0|413|392|805
0|414|392|806
0|414|393|807
0|415|393|808
0|415|394|809
0|416|394|810
0|416|395|811
0|417|395|812
0|417|396|813
0|418|396|814
0|418|397|815
0|419|397|816
0|419|398|817
0|420|398|818
0|420|399|819
0|421|399|820
0|421|400|821
0|422|400|822
0|422|401|823
0|423|401|824
0|423|402|825
0|424|402|826
0|424|403|827
0|425|403|828
0|425|404|829
0|426|404|830
0|426|405|831
0|427|405|832
0|427|406|833
0|428|406|834
0|428|407|835
0|429|407|836
0|429|408|837
0|430|408|838
0|430|409|839
0|431|409|840
0|431|410|841
0|432|410|842
0|432|411|843
0|433|411|844
0|433|412|845
0|434|412|846
0|434|413|847
0|435|413|848
0|435|414|849
0|436|414|850
0|436|415|851
0|437|415|852
0|437|416|853
0|438|416|854
0|438|417|855
0|439|417|856
0|439|418|857
0|440|418|858
0|440|419|859
0|441|419|860
0|441|420|861
0|442|420|862
0|442|421|863
0|443|421|864
0|443|422|865
0|444|422|866
0|444|423|867
0|445|423|868
0|445|424|869
0|446|424|870
0|446|425|871
0|447|425|872
0|447|426|873
0|448|426|874
0|448|427|875
0|449|427|876
0|449|428|877
0|450|428|878
0|450|429|879
0|451|429|880
0|452|430|882
0|453|430|883
0|453|431|884
0|454|431|885
0|454|432|886
0|455|432|887
0|455|433|888
0|456|433|889
0|456|434|890
0|457|434|891
0|457|435|892
0|458|435|893
0|458|436|894
0|459|436|895
0|459|437|896
0|460|437|897
0|460|438|898
0|461|438|899
0|461|439|900
0|462|439|901
0|462|440|902
0|463|440|903
0|463|441|904
0|464|441|905
0|464|442|906
0|465|442|907
0|465|443|908
0|466|443|909
0|466|444|910
0|467|444|911
0|467|445|912
0|468|445|913
0|468|446|914
0|469|446|915
0|469|447|916
0|470|447|917
0|470|448|918
0|471|448|919
0|471|449|920
0|472|449|921
0|472|450|922
0|473|450|923
0|473|451|924
0|474|451|925
0|474|452|926
0|475|452|927
0|475|453|928
0|476|453|929
0|476|454|930
0|477|454|931
0|477|455|932
0|478|455|933
0|478|456|934
0|479|456|935
0|479|457|936
0|480|457|937
0|480|458|938
0|481|458|939
0|481|459|940
0|482|459|941
0|482|460|942
0|483|460|943
0|483|461|944
0|484|461|945
0|484|462|946
0|485|462|947
0|485|463|948
0|486|463|949
0|486|464|950
0|487|464|951
0|487|465|952
0|488|465|953
0|488|466|954
0|489|466|955
0|489|467|956
0|490|467|957
0|490|468|958
0|491|468|959
0|491|469|960
0|492|469|961
0|492|470|962
0|493|470|963
0|493|471|964
0|494|471|965
0|494|472|966
0|495|472|967
0|495|473|968
0|496|473|969
0|496|474|970
0|497|474|971
0|497|475|972
0|498|475|973
0|498|476|974
0|499|476|975
0|499|477|976
0|500|477|977
0|500|478|978
0|501|478|979
0|501|479|980
0|502|479|981
0|502|480|982
0|503|480|983
0|503|481|984
0|504|481|985
0|504|482|986
0|505|482|987
0|505|483|988
0|506|483|989
0|506|484|990
0|507|484|991
0|507|485|992
0|508|485|993
0|508|486|994
0|509|486|995
0|509|487|996
0|510|487|997
0|510|488|998
0|511|488|999
0|511|489|1000
0|512|489|1001
0|512|490|1002
0|513|490|1003
0|513|491|1004
0|514|491|1005
0|514|492|1006
0|515|492|1007
0|515|493|1008
0|516|493|1009
0|516|494|1010
0|517|494|1011
0|517|495|1012
0|518|495|1013
0|518|496|1014
0|519|496|1015
0|519|497|1016
0|520|497|1017
0|520|498|1018
0|521|498|1019
0|521|499|1020
0|522|499|1021
0|522|500|1022
0|523|500|1023
0|523|501|1024
0|524|501|1025
0|524|502|1026
0|525|502|1027
0|525|503|1028
0|526|503|1029
0|526|504|1030
0|527|504|1031
0|527|505|1032
0|528|505|1033
0|528|506|1034
0|529|506|1035
0|529|507|1036
0|530|507|1037
0|530|508|1038
0|531|508|1039
0|531|509|1040
0|532|509|1041
0|532|510|1042
0|533|510|1043
0|533|511|1044
0|534|511|1045
0|534|512|1046
0|535|512|1047
0|535|513|1048
0|536|513|1049
0|536|514|1050
0|537|514|1051
0|537|515|1052
0|538|515|1053
0|538|516|1054
0|539|516|1055
0|539|517|1056
0|540|517|1057
0|540|518|1058
0|541|518|1059
0|541|519|1060
0|542|519|1061
0|542|520|1062
0|543|520|1063
0|543|521|1064
0|544|521|1065
0|544|522|1066
0|545|522|1067
0|545|523|1068
0|546|523|1069
0|546|524|1070
0|547|524|1071
0|547|525|1072
0|548|525|1073
0|548|526|1074
0|549|526|1075
0|549|527|1076
0|550|527|1077
0|550|528|1078
0|551|528|1079
0|551|529|1080
0|552|529|1081
0|552|530|1082
0|553|530|1083
0|553|531|1084
0|554|531|1085
0|554|532|1086
0|555|532|1087
0|555|533|1088
0|556|533|1089
0|556|534|1090
0|557|534|1091
0|557|535|1092
0|558|535|1093
0|558|536|1094
0|559|536|1095
0|559|537|1096
0|560|537|1097
0|560|538|1098
0|561|538|1099
0|561|539|1100
0|562|539|1101
0|562|540|1102
0|563|540|1103
0|563|541|1104
0|564|541|1105
0|564|542|1106
0|565|542|1107
0|565|543|1108
0|566|543|1109
0|567|543|1110
0|568|543|1111
0|568|544|1112
0|569|544|1113
0|570|544|1114
0|571|544|1115
0|571|545|1116
0|572|545|1117
0|572|546|1118
0|573|546|1119
0|573|547|1120
0|574|547|1121
0|574|548|1122
0|575|548|1123
0|575|549|1124
0|576|549|1125
0|576|550|1126
0|577|550|1127
0|578|550|1128
0|579|550|1129
0|580|550|1130
0|581|550|1131
0|582|550|1132
0|583|550|1133
0|583|551|1134
0|584|551|1135
0|584|552|1136
0|585|552|1137
0|585|553|1138
0|586|553|1139
0|586|554|1140
0|587|554|1141
0|587|555|1142
0|588|555|1143
0|588|556|1144
0|589|556|1145
0|590|556|1146
0|591|556|1147
0|592|556|1148
0|593|556|1149
0|594|556|1150
0|595|556|1151
0|595|557|1152
0|596|557|1153
0|596|558|1154
0|597|558|1155
0|597|559|1156
0|598|559|1157
0|598|560|1158
0|599|560|1159
0|599|561|1160
0|600|561|1161
0|600|562|1162
0|601|562|1163
0|601|563|1164
0|602|563|1165
0|602|564|1166
0|603|564|1167
0|603|565|1168
0|604|565|1169
0|604|566|1170
0|605|566|1171
0|605|567|1172
0|606|567|1173
0|606|568|1174
0|607|568|1175
0|607|569|1176
0|608|569|1177
0|608|570|1178
0|609|570|1179
0|609|571|1180
0|610|571|1181
0|610|572|1182
0|611|572|1183
0|611|573|1184
0|612|573|1185
0|612|574|1186
0|613|574|1187
0|613|575|1188
0|614|575|1189
0|614|576|1190
0|615|576|1191
0|615|577|1192
0|616|577|1193
0|616|578|1194
0|617|578|1195
0|617|579|1196
0|618|579|1197
0|618|580|1198
0|619|580|1199
0|619|581|1200
0|620|581|1201
0|620|582|1202
0|621|582|1203
0|621|583|1204
0|622|583|1205
0|622|584|1206
0|623|584|1207
0|623|585|1208
0|624|585|1209
0|624|586|1210
0|625|586|1211
0|625|587|1212
0|626|587|1213
0|626|588|1214
0|627|588|1215
0|627|589|1216
0|628|589|1217
0|628|590|1218
0|629|590|1219
0|629|591|1220
0|630|591|1221
0|630|592|1222
0|631|592|1223
0|631|593|1224
0|632|593|1225
0|632|594|1226
0|633|594|1227
0|633|595|1228
0|634|595|1229
0|634|596|1230
0|635|596|1231
0|635|597|1232
0|636|597|1233
0|636|598|1234
0|637|598|1235
0|637|599|1236
0|638|599|1237
0|638|600|1238
0|639|600|1239
0|639|601|1240
0|640|601|1241
0|640|602|1242
0|641|602|1243
0|641|603|1244
0|642|603|1245
0|642|604|1246
0|643|604|1247
0|643|605|1248
0|644|605|1249
0|644|606|1250
0|645|606|1251
0|645|607|1252
0|646|607|1253
0|646|608|1254
0|647|608|1255
0|647|609|1256
0|648|609|1257
0|648|610|1258
0|649|610|1259
0|649|611|1260
0|650|611|1261
0|650|612|1262
0|651|612|1263
0|651|613|1264
0|652|613|1265
0|652|614|1266
0|653|614|1267
0|653|615|1268
0|654|615|1269
0|654|616|1270
0|655|616|1271
0|655|617|1272
0|656|617|1273
0|657|617|1274
0|658|617|1275
0|659|617|1276
0|660|617|1277
0|661|617|1278
0|662|617|1279
0|662|618|1280
0|663|618|1281
0|663|619|1282
0|664|619|1283
0|664|620|1284
0|665|620|1285
0|665|621|1286
0|666|621|1287
0|666|622|1288
0|667|622|1289
0|667|623|1290
0|668|623|1291
0|669|623|1292
0|670|623|1293
0|670|624|1294
0|671|624|1295
0|672|624|1296
0|673|624|1297
0|673|625|1298
0|674|625|1299
0|674|626|1300
0|675|626|1301
0|675|627|1302
0|676|627|1303
0|676|628|1304
0|677|628|1305
0|677|629|1306
0|678|629|1307
0|678|630|1308
0|679|630|1309
0|680|630|1310
0|681|630|1311
0|682|630|1312
0|683|630|1313
0|683|631|1314
0|684|631|1315
0|684|632|1316
0|685|632|1317
0|685|633|1318
0|686|633|1319
0|686|634|1320
0|687|634|1321
0|687|635|1322
0|688|635|1323
0|688|636|1324
0|689|636|1325
0|689|637|1326
0|690|637|1327
0|691|637|1328
0|692|637|1329
0|692|638|1330
0|693|638|1331
0|694|638|1332
0|695|638|1333
0|695|639|1334
0|696|639|1335
0|696|640|1336
0|697|640|1337
0|697|641|1338
0|698|641|1339
0|698|642|1340
0|699|642|1341
0|699|643|1342
0|700|643|1343
0|700|644|1344
0|701|644|1345
0|701|645|1346
0|702|645|1347
0|702|646|1348
0|703|646|1349
0|703|647|1350
0|704|647|1351
0|704|648|1352
0|705|648|1353
0|705|649|1354
0|706|649|1355
0|706|650|1356
0|707|650|1357
0|707|651|1358
0|708|651|1359
0|708|652|1360
0|709|652|1361
0|709|653|1362
0|710|653|1363
0|710|654|1364
0|711|654|1365
0|711|655|1366
0|712|655|1367
0|712|656|1368
0|713|656|1369
0|713|657|1370
0|714|657|1371
0|714|658|1372
0|715|658|1373
0|715|659|1374
0|716|659|1375
0|716|660|1376
0|717|660|1377
0|717|661|1378
0|718|661|1379
0|718|662|1380
0|719|662|1381
0|719|663|1382
0|720|663|1383
0|720|664|1384
0|721|664|1385
0|721|665|1386
0|722|665|1387
0|722|666|1388
0|723|666|1389
0|723|667|1390
0|724|667|1391
0|724|668|1392
0|725|668|1393
0|725|669|1394
0|726|669|1395
0|726|670|1396
0|727|670|1397
0|727|671|1398
0|728|671|1399
0|728|672|1400
0|729|672|1401
0|729|673|1402
0|730|673|1403
0|730|674|1404
0|731|674|1405
0|731|675|1406
0|732|675|1407
0|732|676|1408
0|733|676|1409
0|733|677|1410
0|734|677|1411
0|734|678|1412
0|735|678|1413
0|735|679|1414
0|736|679|1415
0|736|680|1416
0|737|680|1417
0|737|681|1418
0|738|681|1419
0|738|682|1420
0|739|682|1421
0|739|683|1422
0|740|683|1423
0|740|684|1424
0|741|684|1425
0|741|685|1426
0|742|685|1427
0|742|686|1428
0|743|686|1429
0|743|687|1430
0|744|687|1431
0|744|688|1432
0|745|688|1433
0|745|689|1434
0|746|689|1435
0|746|690|1436
0|747|690|1437
0|747|691|1438
0|748|691|1439
0|748|692|1440
0|749|692|1441
0|749|693|1442
0|750|693|1443
0|750|694|1444
0|751|694|1445
0|751|695|1446
0|752|695|1447
0|752|696|1448
0|753|696|1449
0|753|697|1450
0|754|697|1451
0|754|698|1452
0|755|698|1453
0|755|699|1454
0|756|699|1455
0|757|699|1456
0|758|699|1457
0|759|699|1458
0|760|699|1459
0|761|699|1460
0|762|699|1461
0|762|700|1462
0|763|700|1463
0|763|701|1464
0|764|701|1465
0|764|702|1466
0|765|702|1467
0|766|702|1468
0|767|702|1469
0|767|703|1470
0|768|703|1471
0|768|704|1472
0|769|704|1473
0|769|705|1474
0|770|705|1475
0|771|705|1476
0|772|705|1477
0|773|705|1478
0|774|705|1479
0|774|706|1480
0|775|706|1481
0|775|707|1482
0|776|707|1483
0|776|708|1484
0|777|708|1485
0|777|709|1486
0|778|709|1487
0|778|710|1488
0|779|710|1489
0|779|711|1490
0|780|711|1491
0|781|711|1492
0|782|711|1493
0|783|711|1494
0|784|711|1495
0|785|711|1496
0|786|711|1497
0|786|712|1498
0|787|712|1499
0|787|713|1500
0|788|713|1501
0|788|714|1502
0|789|714|1503
0|789|715|1504
0|790|715|1505
0|790|716|1506
0|791|716|1507
0|791|717|1508
0|792|717|1509
0|792|718|1510
0|793|718|1511
0|793|719|1512
0|794|719|1513
0|794|720|1514
0|795|720|1515
0|795|721|1516
0|796|721|1517
0|796|722|1518
0|797|722|1519
0|797|723|1520
0|798|723|1521
0|798|724|1522
0|799|724|1523
0|799|725|1524
0|800|725|1525
0|800|726|1526
0|801|726|1527
0|801|727|1528
0|802|727|1529
0|802|728|1530
0|803|728|1531
0|803|729|1532
0|804|729|1533
0|804|730|1534
0|805|730|1535
0|805|731|1536
0|806|731|1537
0|806|732|1538
0|807|732|1539
0|807|733|1540
0|808|733|1541
0|808|734|1542
0|809|734|1543
0|809|735|1544
0|810|735|1545
0|810|736|1546
0|811|736|1547
0|811|737|1548
0|812|737|1549
0|812|738|1550
0|813|738|1551
0|813|739|1552
0|814|739|1553
0|814|740|1554
0|815|740|1555
0|815|741|1556
0|816|741|1557
0|816|742|1558
0|817|742|1559
0|817|743|1560
0|818|743|1561
0|818|744|1562
0|819|744|1563
0|819|745|1564
0|820|745|1565
0|820|746|1566
0|821|746|1567
0|821|747|1568
0|822|747|1569
0|822|748|1570
0|823|748|1571
0|823|749|1572
0|824|749|1573
0|824|750|1574
0|825|750|1575
0|825|751|1576
0|826|751|1577
0|826|752|1578
0|827|752|1579
0|827|753|1580
0|828|753|1581
0|828|754|1582
0|829|754|1583
0|829|755|1584
0|830|755|1585
0|830|756|1586
0|831|756|1587
0|831|757|1588
0|832|757|1589
0|832|758|1590
0|833|758|1591
0|833|759|1592
0|834|759|1593
0|834|760|1594
0|835|760|1595
0|835|761|1596
0|836|761|1597
0|836|762|1598
0|837|762|1599
0|837|763|1600
0|838|763|1601
0|838|764|1602
0|839|764|1603
0|839|765|1604
0|840|765|1605
0|840|766|1606
0|841|766|1607
0|841|767|1608
0|842|767|1609
0|842|768|1610
0|843|768|1611
0|843|769|1612
0|844|769|1613
0|844|770|1614
0|845|770|1615
0|845|771|1616
0|846|771|1617
0|846|772|1618
0|847|772|1619
0|847|773|1620
0|848|773|1621
0|848|774|1622
0|849|774|1623
0|849|775|1624
0|850|775|1625
0|850|776|1626
0|851|776|1627
0|851|777|1628
0|852|777|1629
0|852|778|1630
0|853|778|1631
0|853|779|1632
0|854|779|1633
0|854|780|1634
0|855|780|1635
0|855|781|1636
0|856|781|1637
0|857|781|1638
0|858|781|1639
0|858|782|1640
0|859|782|1641
0|860|782|1642
0|861|782|1643
0|861|783|1644
0|862|783|1645
0|862|784|1646
0|863|784|1647
0|863|785|1648
0|864|785|1649
0|864|786|1650
0|865|786|1651
0|865|787|1652
0|866|787|1653
0|866|788|1654
0|867|788|1655
0|868|788|1656
0|869|788|1657
0|870|788|1658
0|871|788|1659
0|871|789|1660
0|872|789|1661
0|872|790|1662
0|873|790|1663
0|873|791|1664
0|874|791|1665
0|874|792|1666
0|875|792|1667
0|875|793|1668
0|876|793|1669
0|876|794|1670
0|877|794|1671
0|878|794|1672
0|879|794|1673
0|880|794|1674
0|881|794|1675
0|881|795|1676
0|882|795|1677
0|882|796|1678
0|883|796|1679
0|883|797|1680
0|884|797|1681
0|884|798|1682
0|885|798|1683
0|885|799|1684
0|886|799|1685
0|886|800|1686
0|887|800|1687
0|888|800|1688
0|889|800|1689
0|890|800|1690
0|891|800|1691
0|891|801|1692
0|892|801|1693
0|892|802|1694
0|893|802|1695
0|893|803|1696
0|894|803|1697
0|894|804|1698
0|895|804|1699
0|895|805|1700
0|896|805|1701
0|896|806|1702
0|897|806|1703
0|897|807|1704
0|898|807|1705
0|898|808|1706
0|899|808|1707
0|899|809|1708
0|900|809|1709
0|900|810|1710
0|901|810|1711
0|901|811|1712
0|902|811|1713
0|902|812|1714
0|903|812|1715
0|903|813|1716
0|904|813|1717
0|904|814|1718
0|905|814|1719
0|905|815|1720
0|906|815|1721
0|906|816|1722
0|907|816|1723
0|907|817|1724
0|908|817|1725
0|908|818|1726
0|909|818|1727
0|909|819|1728
0|910|819|1729
0|910|820|1730
0|911|820|1731
0|911|821|1732
0|912|821|1733
0|912|822|1734
0|913|822|1735
0|913|823|1736
0|914|823|1737
0|914|824|1738
0|915|824|1739
0|915|825|1740
0|916|825|1741
0|916|826|1742
0|917|826|1743
0|917|827|1744
0|918|827|1745
0|918|828|1746
0|919|828|1747
0|919|829|1748
0|920|829|1749
0|920|830|1750
0|921|830|1751
0|921|831|1752
0|922|831|1753
0|922|832|1754
0|923|832|1755
0|923|833|1756
0|924|833|1757
0|924|834|1758
0|925|834|1759
0|925|835|1760
0|926|835|1761
0|926|836|1762
0|927|836|1763
0|927|837|1764
0|928|837|1765
0|928|838|1766
0|929|838|1767
0|929|839|1768
0|930|839|1769
0|930|840|1770
0|931|840|1771
0|931|841|1772
0|932|841|1773
0|932|842|1774
0|933|842|1775
0|933|843|1776
0|934|843|1777
0|934|844|1778
0|935|844|1779
0|935|845|1780
0|936|845|1781
0|936|846|1782
0|937|846|1783
0|937|847|1784
0|938|847|1785
0|938|848|1786
0|939|848|1787
0|939|849|1788
