total
0|0|1|1
1|0|1|2
1|1|1|3
1|2|1|4
1|3|1|5
1|4|1|6
1|5|1|7
1|6|1|8
1|6|2|9
1|7|2|10
1|7|3|11
1|8|3|12
1|8|4|13
1|9|4|14
1|10|4|15
1|11|4|16
1|11|5|17
1|12|5|18
1|12|6|19
1|13|6|20
1|14|6|21
1|15|6|22
1|15|7|23
1|15|8|24
1|15|9|25
1|15|10|26
1|15|11|27
2|15|11|28
2|15|12|29
2|15|13|30
2|15|14|31
2|16|14|32
2|16|15|33
2|17|15|34
2|18|15|35
2|19|15|36
2|20|15|37
2|20|16|38
2|21|16|39
2|22|16|40
2|23|16|41
2|24|16|42
2|25|16|43
2|26|16|44
2|27|16|45
2|28|16|46
2|29|16|47
2|30|16|48
2|31|16|49
2|32|16|50
2|33|16|51
2|34|16|52
2|35|16|53
2|36|16|54
2|37|16|55
2|38|16|56
2|39|16|57
2|40|16|58
2|40|17|59
2|41|17|60
2|41|18|61
2|42|18|62
2|42|19|63
2|43|19|64
2|43|20|65
2|44|20|66
2|44|21|67
2|45|21|68
2|45|22|69
2|46|22|70
2|47|22|71
2|48|22|72
2|49|22|73
3|49|22|74
3|50|22|75
3|51|22|76
3|51|23|77
3|52|23|78
3|52|24|79
3|53|24|80
3|53|25|81
3|54|25|82
3|54|26|83
3|55|26|84
3|55|27|85
3|56|27|86
3|56|28|87
3|57|28|88
3|57|29|89
3|58|29|90
3|58|30|91
3|59|30|92
3|59|31|93
3|60|31|94
3|60|32|95
3|61|32|96
3|61|33|97
3|62|33|98
3|62|34|99
3|63|34|100
3|63|35|101
3|64|35|102
3|64|36|103
3|65|36|104
3|65|37|105
3|66|37|106
3|66|38|107
3|67|38|108
3|67|39|109
3|68|39|110
3|68|40|111
3|69|40|112
3|69|41|113
3|70|41|114
3|70|42|115
3|71|42|116
3|71|43|117
3|72|43|118
3|72|44|119
3|73|44|120
3|73|45|121
3|74|45|122
3|74|46|123
3|75|46|124
3|75|47|125
3|76|47|126
3|76|48|127
3|77|48|128
3|77|49|129
3|78|49|130
3|79|49|131
3|80|49|132
3|81|49|133
3|82|49|134
3|83|49|135
3|84|49|136
3|85|49|137
4|85|49|138
4|86|49|139
4|87|49|140
4|88|49|141
4|89|49|142
4|90|49|143
4|91|49|144
4|92|49|145
4|93|49|146
4|94|49|147
4|95|49|148
4|96|49|149
4|97|49|150
4|97|50|151
4|98|50|152
4|98|51|153
4|99|51|154
4|99|52|155
4|100|52|156
4|100|53|157
4|101|53|158
4|101|54|159
4|102|54|160
4|102|55|161
4|103|55|162
4|103|56|163
4|104|56|164
4|104|57|165
4|105|57|166
4|105|58|167
4|106|58|168
4|106|59|169
4|107|59|170
4|107|60|171
4|108|60|172
4|108|61|173
4|109|61|174
4|109|62|175
4|110|62|176
4|110|63|177
4|111|63|178
4|111|64|179
4|112|64|180
4|112|65|181
4|113|65|182
4|113|66|183
4|114|66|184
4|114|67|185
4|115|67|186
4|116|67|187
4|117|67|188
4|118|67|189
4|119|67|190
4|120|67|191
4|121|67|192
4|122|67|193
4|123|67|194
4|124|67|195
4|125|67|196
4|126|67|197
4|127|67|198
4|128|67|199
4|129|67|200
4|130|67|201
4|131|67|202
4|132|67|203
4|133|67|204
4|133|68|205
4|133|69|206
4|133|70|207
4|133|71|208
4|133|72|209
4|133|73|210
4|133|74|211
4|134|74|212
4|134|75|213
4|135|75|214
4|136|75|215
4|137|75|216
4|137|76|217
4|137|77|218
4|138|77|219
4|139|77|220
4|140|77|221
4|141|77|222
4|142|77|223
4|143|77|224
4|144|77|225
4|145|77|226
4|146|77|227
4|147|77|228
4|148|77|229
4|149|77|230
4|150|77|231
4|151|77|232
4|152|77|233
4|153|77|234
4|154|77|235
4|155|77|236
4|155|78|237
4|156|78|238
4|156|79|239
4|157|79|240
4|157|80|241
4|158|80|242
4|158|81|243
4|159|81|244
4|159|82|245
4|160|82|246
4|161|82|247
4|162|82|248
4|162|83|249
4|162|84|250
4|163|84|251
4|164|84|252
4|164|85|253
4|165|85|254
4|165|86|255
4|166|86|256
4|166|87|257
4|167|87|258
4|167|88|259
4|168|88|260
4|168|89|261
4|169|89|262
4|169|90|263
4|170|90|264
4|170|91|265
4|171|91|266
4|171|92|267
4|172|92|268
4|172|93|269
4|173|93|270
4|173|94|271
4|174|94|272
4|174|95|273
4|175|95|274
4|175|96|275
4|176|96|276
4|176|97|277
4|177|97|278
4|177|98|279
4|178|98|280
4|178|99|281
4|179|99|282
4|179|100|283
4|180|100|284
4|181|100|285
4|182|100|286
4|183|100|287
5|183|100|288
5|184|100|289
6|184|100|290
6|185|100|291
6|186|100|292
6|187|100|293
6|188|100|294
6|189|100|295
6|190|100|296
6|191|100|297
6|192|100|298
6|193|100|299
6|194|100|300
6|195|100|301
6|196|100|302
6|196|101|303
6|197|101|304
6|197|102|305
6|198|102|306
6|198|103|307
6|199|103|308
6|199|104|309
6|200|104|310
6|200|105|311
6|201|105|312
6|201|106|313
6|202|106|314
6|202|107|315
6|203|107|316
6|203|108|317
6|204|108|318
6|204|109|319
6|205|109|320
6|205|110|321
6|206|110|322
6|206|111|323
6|207|111|324
6|207|112|325
6|208|112|326
6|208|113|327
6|209|113|328
6|209|114|329
6|210|114|330
6|210|115|331
6|211|115|332
6|211|116|333
6|212|116|334
6|213|116|335
6|214|116|336
6|215|116|337
6|216|116|338
6|217|116|339
6|218|116|340
6|219|116|341
6|220|116|342
6|221|116|343
6|222|116|344
6|223|116|345
6|224|116|346
6|225|116|347
6|226|116|348
6|227|116|349
6|228|116|350
6|228|117|351
6|228|118|352
6|228|119|353
6|228|120|354
6|228|121|355
6|228|122|356
6|228|123|357
6|229|123|358
6|229|124|359
6|230|124|360
6|231|124|361
6|232|124|362
6|232|125|363
6|232|126|364
6|233|126|365
6|234|126|366
6|235|126|367
6|236|126|368
6|237|126|369
6|238|126|370
6|239|126|371
6|240|126|372
6|241|126|373
6|242|126|374
6|243|126|375
6|244|126|376
6|245|126|377
6|246|126|378
6|247|126|379
6|248|126|380
6|249|126|381
6|250|126|382
6|250|127|383
6|251|127|384
6|251|128|385
6|252|128|386
6|252|129|387
6|253|129|388
6|253|130|389
6|254|130|390
6|254|131|391
6|255|131|392
6|256|131|393
6|257|131|394
6|257|132|395
6|257|133|396
6|258|133|397
6|259|133|398
6|259|134|399
6|260|134|400
6|260|135|401
6|261|135|402
6|261|136|403
6|262|136|404
6|262|137|405
6|263|137|406
6|263|138|407
6|264|138|408
6|264|139|409
6|265|139|410
6|265|140|411
6|266|140|412
6|266|141|413
6|267|141|414
6|267|142|415
6|268|142|416
6|268|143|417
6|269|143|418
6|269|144|419
6|270|144|420
6|270|145|421
6|271|145|422
6|271|146|423
6|272|146|424
6|272|147|425
6|273|147|426
6|273|148|427
6|274|148|428
6|274|149|429
6|275|149|430
6|276|149|431
6|277|149|432
6|278|149|433
6|279|149|434
6|280|149|435
6|281|149|436
6|282|149|437
6|283|149|438
6|284|149|439
6|285|149|440
6|286|149|441
6|287|149|442
6|288|149|443
6|289|149|444
6|290|149|445
6|291|149|446
6|292|149|447
7|292|149|448
7|292|150|449
7|293|150|450
7|293|151|451
7|294|151|452
7|294|152|453
7|295|152|454
7|295|153|455
7|296|153|456
7|296|154|457
7|297|154|458
7|297|155|459
7|298|155|460
7|298|156|461
7|299|156|462
7|299|157|463
7|300|157|464
7|300|158|465
7|301|158|466
7|301|159|467
7|302|159|468
7|302|160|469
7|303|160|470
7|303|161|471
7|304|161|472
7|304|162|473
7|305|162|474
7|305|163|475
7|306|163|476
7|306|164|477
7|307|164|478
7|307|165|479
7|308|165|480
7|309|165|481
7|310|165|482
7|311|165|483
7|312|165|484
7|313|165|485
7|314|165|486
7|315|165|487
7|316|165|488
7|317|165|489
7|318|165|490
7|319|165|491
7|320|165|492
7|321|165|493
7|322|165|494
7|323|165|495
7|324|165|496
7|324|166|497
7|324|167|498
7|324|168|499
7|324|169|500
7|324|170|501
7|325|170|502
7|325|171|503
7|326|171|504
7|326|172|505
7|327|172|506
7|328|172|507
7|329|172|508
7|329|173|509
7|330|173|510
7|331|173|511
7|332|173|512
7|333|173|513
7|334|173|514
7|335|173|515
7|336|173|516
7|337|173|517
7|338|173|518
7|339|173|519
7|340|173|520
7|341|173|521
7|342|173|522
7|343|173|523
7|344|173|524
7|345|173|525
7|346|173|526
7|347|173|527
7|348|173|528
7|348|174|529
7|349|174|530
7|349|175|531
7|350|175|532
7|350|176|533
7|351|176|534
7|351|177|535
7|352|177|536
7|352|178|537
7|353|178|538
7|354|178|539
7|355|178|540
7|355|179|541
7|356|179|542
7|357|179|543
7|358|179|544
7|358|180|545
7|359|180|546
7|359|181|547
7|360|181|548
7|360|182|549
7|361|182|550
7|361|183|551
7|362|183|552
7|362|184|553
7|363|184|554
7|363|185|555
7|364|185|556
7|364|186|557
7|365|186|558
7|365|187|559
7|366|187|560
7|366|188|561
7|367|188|562
7|367|189|563
7|368|189|564
7|368|190|565
7|369|190|566
7|369|191|567
7|370|191|568
7|370|192|569
7|371|192|570
7|371|193|571
7|372|193|572
7|372|194|573
7|373|194|574
7|373|195|575
7|374|195|576
7|374|196|577
7|375|196|578
7|375|197|579
7|376|197|580
7|376|198|581
7|377|198|582
7|377|199|583
7|378|199|584
7|378|200|585
7|379|200|586
7|379|201|587
7|380|201|588
7|380|202|589
7|381|202|590
7|381|203|591
7|382|203|592
7|383|203|593
7|384|203|594
7|385|203|595
7|386|203|596
7|387|203|597
8|387|203|598
8|388|203|599
8|389|203|600
8|390|203|601
8|391|203|602
8|392|203|603
8|393|203|604
8|394|203|605
8|395|203|606
8|396|203|607
8|397|203|608
8|398|203|609
9|398|203|610
9|398|204|611
9|399|204|612
9|399|205|613
9|400|205|614
9|400|206|615
9|401|206|616
9|401|207|617
9|402|207|618
9|402|208|619
9|403|208|620
9|403|209|621
9|404|209|622
9|404|210|623
9|405|210|624
9|405|211|625
9|406|211|626
9|407|211|627
9|408|211|628
9|409|211|629
9|410|211|630
9|411|211|631
9|412|211|632
9|413|211|633
9|414|211|634
9|415|211|635
9|416|211|636
9|417|211|637
9|418|211|638
9|419|211|639
9|420|211|640
9|421|211|641
9|422|211|642
9|422|212|643
9|422|213|644
9|422|214|645
9|422|215|646
9|422|216|647
9|423|216|648
9|423|217|649
9|424|217|650
9|424|218|651
9|425|218|652
9|426|218|653
9|427|218|654
9|427|219|655
9|428|219|656
9|429|219|657
9|430|219|658
9|431|219|659
9|432|219|660
9|433|219|661
9|434|219|662
9|435|219|663
9|436|219|664
9|437|219|665
9|438|219|666
9|439|219|667
9|440|219|668
9|441|219|669
9|442|219|670
9|443|219|671
9|444|219|672
9|445|219|673
9|446|219|674
9|446|220|675
9|447|220|676
9|447|221|677
9|448|221|678
9|448|222|679
9|449|222|680
9|449|223|681
9|450|223|682
9|450|224|683
9|451|224|684
9|452|224|685
9|453|224|686
9|453|225|687
9|454|225|688
9|455|225|689
9|456|225|690
9|456|226|691
9|457|226|692
9|457|227|693
9|458|227|694
9|458|228|695
9|459|228|696
9|459|229|697
9|460|229|698
9|460|230|699
9|461|230|700
9|461|231|701
9|462|231|702
9|462|232|703
9|463|232|704
9|463|233|705
9|464|233|706
9|464|234|707
9|465|234|708
9|465|235|709
9|466|235|710
9|466|236|711
9|467|236|712
9|467|237|713
9|468|237|714
9|468|238|715
9|469|238|716
9|469|239|717
9|470|239|718
9|470|240|719
9|471|240|720
9|471|241|721
9|472|241|722
9|472|242|723
9|473|242|724
9|473|243|725
9|474|243|726
9|474|244|727
9|475|244|728
9|475|245|729
9|476|245|730
9|476|246|731
9|477|246|732
9|477|247|733
9|478|247|734
9|478|248|735
9|479|248|736
9|479|249|737
9|480|249|738
9|481|249|739
9|482|249|740
9|483|249|741
10|483|249|742
10|484|249|743
10|485|249|744
10|486|249|745
11|486|249|746
11|487|249|747
11|488|249|748
11|489|249|749
11|490|249|750
11|491|249|751
11|492|249|752
11|493|249|753
11|494|249|754
11|495|249|755
11|496|249|756
11|496|250|757
11|497|250|758
11|497|251|759
11|498|251|760
11|498|252|761
11|499|252|762
11|499|253|763
11|500|253|764
11|500|254|765
11|501|254|766
11|501|255|767
11|502|255|768
11|502|256|769
11|503|256|770
11|503|257|771
11|504|257|772
11|504|258|773
11|505|258|774
11|505|259|775
11|506|259|776
11|506|260|777
11|507|260|778
11|507|261|779
11|508|261|780
11|508|262|781
11|509|262|782
11|509|263|783
11|510|263|784
11|510|264|785
11|511|264|786
11|511|265|787
11|512|265|788
11|513|265|789
11|514|265|790
11|515|265|791
11|516|265|792
11|517|265|793
11|518|265|794
11|519|265|795
11|520|265|796
11|521|265|797
11|522|265|798
11|523|265|799
11|524|265|800
11|525|265|801
11|526|265|802
11|527|265|803
11|528|265|804
11|528|266|805
11|528|267|806
11|528|268|807
11|528|269|808
11|528|270|809
11|529|270|810
11|529|271|811
11|530|271|812
11|530|272|813
11|531|272|814
11|532|272|815
11|533|272|816
11|533|273|817
11|534|273|818
11|535|273|819
11|536|273|820
11|537|273|821
11|538|273|822
11|539|273|823
11|540|273|824
11|541|273|825
11|542|273|826
11|543|273|827
11|544|273|828
11|545|273|829
11|546|273|830
11|547|273|831
11|548|273|832
11|549|273|833
11|550|273|834
11|551|273|835
11|552|273|836
11|552|274|837
11|553|274|838
11|553|275|839
11|554|275|840
11|554|276|841
11|555|276|842
11|555|277|843
11|556|277|844
11|556|278|845
11|557|278|846
11|558|278|847
11|559|278|848
11|559|279|849
11|560|279|850
11|561|279|851
11|562|279|852
11|562|280|853
11|563|280|854
11|563|281|855
11|564|281|856
11|564|282|857
11|565|282|858
11|565|283|859
11|566|283|860
11|566|284|861
11|567|284|862
11|567|285|863
11|568|285|864
11|568|286|865
11|569|286|866
11|569|287|867
11|570|287|868
11|570|288|869
11|571|288|870
11|571|289|871
11|572|289|872
11|572|290|873
11|573|290|874
11|573|291|875
11|574|291|876
11|574|292|877
11|575|292|878
11|575|293|879
11|576|293|880
11|576|294|881
11|577|294|882
11|577|295|883
11|578|295|884
11|578|296|885
11|579|296|886
11|579|297|887
11|580|297|888
11|580|298|889
11|581|298|890
11|581|299|891
11|582|299|892
11|582|300|893
11|583|300|894
11|583|301|895
11|584|301|896
11|584|302|897
11|585|302|898
11|586|303|900
11|587|303|901
11|588|303|902
11|589|303|903
11|590|303|904
11|591|303|905
11|592|303|906
11|593|303|907
11|594|303|908
11|595|303|909
11|596|303|910
12|596|303|911
12|597|303|912
13|597|303|913
13|598|303|914
13|599|303|915
13|600|303|916
13|601|303|917
13|602|303|918
13|603|303|919
13|603|304|920
13|604|304|921
13|604|305|922
13|605|305|923
13|605|306|924
13|606|306|925
13|606|307|926
13|607|307|927
13|607|308|928
13|608|308|929
13|608|309|930
13|609|309|931
13|609|310|932
13|610|310|933
13|610|311|934
13|611|311|935
13|612|311|936
13|613|311|937
13|614|311|938
13|615|311|939
13|616|311|940
13|617|311|941
13|618|311|942
13|619|311|943
13|620|311|944
13|621|311|945
13|622|311|946
13|623|311|947
13|624|311|948
13|625|311|949
13|626|311|950
13|626|312|951
13|626|313|952
13|626|314|953
13|626|315|954
13|627|315|955
13|627|316|956
13|628|316|957
13|628|317|958
13|629|317|959
13|629|318|960
13|630|318|961
13|631|318|962
13|631|319|963
13|631|320|964
13|632|320|965
13|633|320|966
13|634|320|967
13|635|320|968
13|636|320|969
13|637|320|970
13|638|320|971
13|639|320|972
13|640|320|973
13|641|320|974
13|642|320|975
13|643|320|976
13|644|320|977
13|645|320|978
13|646|320|979
13|647|320|980
13|648|320|981
13|649|320|982
13|650|320|983
13|650|321|984
13|651|321|985
13|651|322|986
13|652|322|987
13|652|323|988
13|653|323|989
13|653|324|990
13|654|324|991
13|654|325|992
13|655|325|993
13|656|325|994
13|657|325|995
13|657|326|996
13|658|326|997
13|659|326|998
13|660|326|999
13|660|327|1000
13|661|327|1001
13|661|328|1002
13|662|328|1003
13|662|329|1004
13|663|329|1005
13|663|330|1006
13|664|330|1007
13|664|331|1008
13|665|331|1009
13|665|332|1010
13|666|332|1011
13|666|333|1012
13|667|333|1013
13|667|334|1014
13|668|334|1015
13|668|335|1016
13|669|335|1017
13|669|336|1018
13|670|336|1019
13|670|337|1020
13|671|337|1021
13|671|338|1022
13|672|338|1023
13|672|339|1024
13|673|339|1025
13|673|340|1026
13|674|340|1027
13|674|341|1028
13|675|341|1029
13|675|342|1030
14|675|342|1031
14|676|342|1032
14|677|342|1033
14|678|342|1034
14|679|342|1035
14|680|342|1036
14|681|342|1037
14|682|342|1038
14|683|342|1039
14|684|342|1040
15|684|342|1041
15|685|342|1042
15|686|342|1043
15|687|342|1044
15|688|342|1045
15|689|342|1046
15|690|342|1047
15|691|342|1048
15|692|342|1049
15|692|343|1050
15|693|343|1051
15|693|344|1052
15|694|344|1053
15|694|345|1054
15|695|345|1055
15|695|346|1056
15|696|346|1057
15|696|347|1058
15|697|347|1059
15|697|348|1060
15|698|348|1061
15|698|349|1062
15|699|349|1063
15|699|350|1064
15|700|350|1065
15|700|351|1066
15|701|351|1067
15|701|352|1068
15|702|352|1069
15|702|353|1070
15|703|353|1071
15|703|354|1072
15|704|354|1073
15|704|355|1074
15|705|355|1075
15|705|356|1076
15|706|356|1077
15|706|357|1078
15|707|357|1079
15|707|358|1080
15|708|358|1081
15|709|358|1082
15|710|358|1083
15|711|358|1084
15|712|358|1085
15|713|358|1086
15|714|358|1087
15|715|358|1088
15|716|358|1089
15|717|358|1090
15|718|358|1091
15|719|358|1092
15|720|358|1093
15|721|358|1094
15|722|358|1095
15|723|358|1096
15|723|359|1097
15|723|360|1098
15|723|361|1099
15|723|362|1100
15|724|362|1101
15|724|363|1102
15|724|364|1103
15|724|365|1104
15|725|365|1105
15|725|366|1106
15|726|366|1107
15|726|367|1108
15|727|367|1109
15|728|367|1110
15|728|368|1111
15|729|368|1112
16|729|368|1113
16|730|368|1114
16|731|368|1115
16|732|368|1116
16|733|368|1117
16|734|368|1118
16|735|368|1119
16|736|368|1120
16|737|368|1121
16|738|368|1122
16|739|368|1123
16|740|368|1124
16|741|368|1125
16|742|368|1126
16|743|368|1127
16|744|368|1128
16|745|368|1129
16|746|368|1130
16|747|368|1131
16|748|368|1132
16|749|368|1133
16|749|369|1134
16|750|369|1135
16|750|370|1136
16|751|370|1137
16|751|371|1138
16|752|371|1139
16|752|372|1140
16|753|372|1141
16|753|373|1142
16|754|373|1143
16|754|374|1144
17|754|374|1145
17|755|374|1146
17|756|374|1147
17|756|375|1148
17|757|375|1149
17|758|375|1150
17|759|375|1151
17|759|376|1152
17|760|376|1153
17|760|377|1154
17|761|377|1155
17|761|378|1156
17|762|378|1157
17|762|379|1158
17|763|379|1159
17|763|380|1160
17|764|380|1161
17|764|381|1162
17|765|381|1163
17|765|382|1164
17|766|382|1165
17|766|383|1166
17|767|383|1167
17|767|384|1168
17|768|384|1169
17|768|385|1170
17|769|385|1171
17|769|386|1172
17|770|386|1173
17|770|387|1174
17|771|387|1175
17|771|388|1176
17|772|388|1177
17|772|389|1178
17|773|389|1179
17|773|390|1180
17|774|390|1181
17|774|391|1182
17|775|391|1183
17|775|392|1184
17|776|392|1185
17|776|393|1186
17|777|393|1187
17|777|394|1188
17|778|394|1189
17|778|395|1190
17|779|395|1191
17|779|396|1192
17|780|396|1193
17|780|397|1194
17|781|397|1195
17|781|398|1196
17|782|398|1197
17|782|399|1198
17|783|399|1199
17|783|400|1200
17|784|400|1201
17|784|401|1202
17|785|401|1203
17|785|402|1204
17|786|402|1205
17|787|402|1206
18|787|402|1207
18|788|402|1208
18|789|402|1209
18|790|402|1210
18|791|402|1211
18|792|402|1212
18|793|402|1213
18|794|402|1214
18|795|402|1215
18|796|402|1216
19|796|402|1217
19|797|402|1218
19|798|402|1219
19|799|402|1220
19|800|402|1221
19|801|402|1222
20|801|402|1223
20|802|402|1224
20|803|402|1225
20|803|403|1226
20|804|403|1227
20|804|404|1228
20|805|404|1229
20|805|405|1230
20|806|405|1231
20|806|406|1232
20|807|406|1233
20|807|407|1234
20|808|407|1235
20|808|408|1236
20|809|408|1237
20|809|409|1238
20|810|409|1239
20|810|410|1240
20|811|410|1241
20|811|411|1242
20|812|411|1243
20|812|412|1244
20|813|412|1245
20|813|413|1246
20|814|413|1247
20|814|414|1248
20|815|414|1249
20|815|415|1250
20|816|415|1251
20|816|416|1252
20|817|416|1253
20|817|417|1254
20|818|417|1255
20|818|418|1256
20|819|418|1257
20|819|419|1258
20|820|419|1259
20|820|420|1260
20|821|420|1261
20|822|420|1262
20|823|420|1263
20|824|420|1264
20|825|420|1265
20|826|420|1266
20|827|420|1267
20|828|420|1268
20|829|420|1269
20|830|420|1270
20|831|420|1271
20|832|420|1272
20|833|420|1273
20|834|420|1274
20|835|420|1275
20|836|420|1276
20|837|420|1277
20|838|420|1278
20|838|421|1279
20|838|422|1280
20|838|423|1281
20|838|424|1282
20|839|424|1283
20|839|425|1284
20|840|425|1285
20|840|426|1286
20|841|426|1287
20|841|427|1288
20|842|427|1289
20|842|428|1290
20|843|428|1291
20|844|428|1292
20|845|428|1293
20|846|428|1294
20|847|428|1295
20|848|428|1296
20|849|428|1297
20|850|428|1298
20|851|428|1299
20|852|428|1300
20|853|428|1301
20|854|428|1302
20|855|428|1303
20|856|428|1304
20|857|428|1305
20|858|428|1306
20|859|428|1307
20|860|428|1308
20|861|428|1309
20|862|428|1310
20|863|428|1311
20|864|428|1312
20|865|428|1313
20|866|428|1314
20|867|428|1315
20|867|429|1316
20|868|429|1317
20|868|430|1318
20|869|430|1319
20|869|431|1320
20|870|431|1321
20|870|432|1322
20|871|432|1323
20|871|433|1324
20|872|433|1325
20|872|434|1326
20|873|434|1327
20|874|434|1328
20|875|434|1329
20|876|434|1330
20|877|434|1331
20|878|434|1332
20|879|434|1333
20|879|435|1334
20|880|435|1335
20|880|436|1336
20|881|436|1337
20|881|437|1338
20|882|437|1339
20|882|438|1340
20|883|438|1341
20|883|439|1342
20|884|439|1343
20|884|440|1344
20|885|440|1345
20|885|441|1346
20|886|441|1347
20|886|442|1348
20|887|442|1349
20|887|443|1350
20|888|443|1351
20|888|444|1352
20|889|444|1353
20|889|445|1354
20|890|445|1355
20|890|446|1356
20|891|446|1357
20|891|447|1358
20|892|447|1359
20|892|448|1360
20|893|448|1361
20|893|449|1362
20|894|449|1363
20|894|450|1364
20|895|450|1365
20|895|451|1366
20|896|451|1367
20|896|452|1368
20|897|452|1369
20|897|453|1370
20|898|453|1371
20|898|454|1372
20|899|454|1373
20|899|455|1374
20|900|455|1375
20|900|456|1376
20|901|456|1377
20|901|457|1378
20|902|457|1379
20|902|458|1380
20|903|458|1381
20|903|459|1382
20|904|459|1383
20|904|460|1384
20|905|460|1385
20|905|461|1386
20|906|461|1387
20|907|461|1388
20|908|461|1389
20|909|461|1390
20|910|461|1391
20|911|461|1392
21|911|461|1393
21|912|461|1394
21|913|461|1395
21|914|461|1396
21|915|461|1397
21|916|461|1398
21|917|461|1399
21|918|461|1400
21|919|461|1401
21|920|461|1402
22|920|461|1403
22|921|461|1404
22|922|461|1405
22|923|461|1406
22|924|461|1407
22|924|462|1408
22|925|462|1409
22|925|463|1410
22|926|463|1411
22|926|464|1412
22|927|464|1413
22|927|465|1414
22|928|465|1415
22|928|466|1416
22|929|466|1417
22|929|467|1418
22|930|467|1419
22|930|468|1420
22|931|468|1421
22|931|469|1422
22|932|469|1423
22|932|470|1424
22|933|470|1425
22|933|471|1426
22|934|471|1427
22|934|472|1428
22|935|472|1429
22|935|473|1430
22|936|473|1431
22|936|474|1432
22|937|474|1433
22|937|475|1434
22|938|475|1435
22|938|476|1436
22|939|476|1437
22|939|477|1438
22|940|477|1439
22|940|478|1440
22|941|478|1441
22|941|479|1442
22|942|479|1443
22|943|479|1444
22|944|479|1445
22|945|479|1446
22|946|479|1447
22|947|479|1448
22|948|479|1449
22|949|479|1450
22|950|479|1451
22|951|479|1452
22|952|479|1453
22|953|479|1454
22|954|479|1455
22|955|479|1456
22|956|479|1457
22|957|479|1458
22|958|479|1459
22|959|479|1460
22|959|480|1461
22|959|481|1462
22|959|482|1463
22|959|483|1464
22|960|483|1465
22|960|484|1466
22|960|485|1467
22|960|486|1468
22|961|486|1469
22|961|487|1470
22|962|487|1471
22|962|488|1472
22|963|488|1473
22|964|488|1474
22|965|488|1475
22|966|488|1476
22|967|488|1477
22|968|488|1478
22|969|488|1479
22|970|488|1480
22|971|488|1481
22|972|488|1482
22|973|488|1483
22|974|488|1484
22|975|488|1485
22|976|488|1486
22|977|488|1487
22|978|488|1488
22|979|488|1489
22|980|488|1490
22|981|488|1491
22|982|488|1492
22|983|488|1493
22|984|488|1494
22|985|488|1495
22|986|488|1496
22|987|488|1497
22|987|489|1498
22|988|489|1499
22|988|490|1500
22|989|490|1501
22|989|491|1502
22|990|491|1503
22|990|492|1504
22|991|492|1505
22|991|493|1506
22|992|493|1507
22|992|494|1508
22|993|494|1509
22|994|494|1510
22|995|494|1511
22|995|495|1512
22|996|495|1513
22|997|495|1514
22|998|495|1515
22|998|496|1516
22|999|496|1517
22|999|497|1518
22|1000|497|1519
22|1000|498|1520
22|1001|498|1521
22|1001|499|1522
22|1002|499|1523
22|1002|500|1524
22|1003|500|1525
22|1003|501|1526
22|1004|501|1527
22|1004|502|1528
22|1005|502|1529
22|1005|503|1530
22|1006|503|1531
22|1006|504|1532
22|1007|504|1533
22|1007|505|1534
22|1008|505|1535
22|1008|506|1536
22|1009|506|1537
22|1009|507|1538
22|1010|507|1539
22|1010|508|1540
22|1011|508|1541
22|1011|509|1542
22|1012|509|1543
22|1012|510|1544
22|1013|510|1545
22|1013|511|1546
22|1014|511|1547
22|1014|512|1548
22|1015|512|1549
22|1015|513|1550
22|1016|513|1551
22|1016|514|1552
22|1017|514|1553
22|1017|515|1554
22|1018|515|1555
22|1018|516|1556
22|1019|516|1557
22|1019|517|1558
22|1020|517|1559
22|1020|518|1560
22|1021|518|1561
22|1021|519|1562
22|1022|519|1563
22|1022|520|1564
22|1023|520|1565
22|1023|521|1566
22|1024|521|1567
22|1024|522|1568
22|1025|522|1569
22|1026|522|1570
22|1027|522|1571
22|1028|522|1572
23|1028|522|1573
23|1029|522|1574
23|1030|522|1575
23|1031|522|1576
23|1032|522|1577
23|1033|522|1578
23|1034|522|1579
23|1035|522|1580
23|1036|522|1581
23|1037|522|1582
24|1037|522|1583
24|1038|522|1584
25|1038|522|1585
25|1039|522|1586
25|1040|522|1587
25|1041|522|1588
25|1042|522|1589
25|1042|523|1590
25|1043|523|1591
25|1043|524|1592
25|1044|524|1593
25|1044|525|1594
25|1045|525|1595
25|1045|526|1596
25|1046|526|1597
25|1046|527|1598
25|1047|527|1599
25|1047|528|1600
25|1048|528|1601
25|1048|529|1602
25|1049|529|1603
25|1049|530|1604
25|1050|530|1605
25|1050|531|1606
25|1051|531|1607
25|1051|532|1608
25|1052|532|1609
25|1052|533|1610
25|1053|533|1611
25|1053|534|1612
25|1054|534|1613
25|1054|535|1614
25|1055|535|1615
25|1055|536|1616
25|1056|536|1617
25|1056|537|1618
25|1057|537|1619
25|1057|538|1620
25|1058|538|1621
25|1058|539|1622
25|1059|539|1623
25|1059|540|1624
25|1060|540|1625
25|1061|540|1626
25|1062|540|1627
25|1063|540|1628
25|1064|540|1629
25|1065|540|1630
25|1066|540|1631
25|1067|540|1632
25|1068|540|1633
25|1069|540|1634
25|1070|540|1635
25|1071|540|1636
25|1072|540|1637
25|1073|540|1638
25|1074|540|1639
25|1075|540|1640
25|1076|540|1641
25|1077|540|1642
25|1077|541|1643
25|1077|542|1644
25|1077|543|1645
25|1077|544|1646
25|1078|544|1647
25|1078|545|1648
25|1079|545|1649
25|1079|546|1650
25|1080|546|1651
25|1080|547|1652
25|1081|547|1653
25|1081|548|1654
25|1082|548|1655
25|1083|548|1656
25|1084|548|1657
25|1085|548|1658
25|1086|548|1659
25|1087|548|1660
25|1088|548|1661
25|1089|548|1662
25|1090|548|1663
25|1091|548|1664
25|1092|548|1665
25|1093|548|1666
25|1094|548|1667
25|1095|548|1668
25|1096|548|1669
25|1097|548|1670
25|1098|548|1671
25|1099|548|1672
26|1099|548|1673
26|1100|548|1674
26|1101|548|1675
26|1101|549|1676
26|1102|549|1677
26|1102|550|1678
26|1103|550|1679
26|1103|551|1680
26|1104|551|1681
26|1104|552|1682
26|1105|552|1683
26|1105|553|1684
26|1106|553|1685
26|1106|554|1686
26|1107|554|1687
26|1108|554|1688
26|1109|554|1689
26|1110|554|1690
26|1111|554|1691
26|1111|555|1692
26|1112|555|1693
26|1112|556|1694
26|1113|556|1695
26|1113|557|1696
26|1114|557|1697
26|1114|558|1698
26|1115|558|1699
26|1115|559|1700
26|1116|559|1701
26|1116|560|1702
26|1117|560|1703
26|1117|561|1704
26|1118|561|1705
26|1118|562|1706
26|1119|562|1707
26|1119|563|1708
26|1120|563|1709
26|1120|564|1710
26|1121|564|1711
26|1121|565|1712
26|1122|565|1713
26|1122|566|1714
26|1123|566|1715
26|1123|567|1716
26|1124|567|1717
26|1124|568|1718
26|1125|568|1719
26|1125|569|1720
26|1126|569|1721
26|1126|570|1722
26|1127|570|1723
26|1127|571|1724
26|1128|571|1725
26|1128|572|1726
26|1129|572|1727
26|1129|573|1728
26|1130|573|1729
26|1130|574|1730
26|1131|574|1731
26|1131|575|1732
26|1132|575|1733
26|1132|576|1734
26|1133|576|1735
26|1133|577|1736
26|1134|577|1737
26|1134|578|1738
26|1135|578|1739
26|1136|578|1740
27|1136|578|1741
27|1137|578|1742
27|1138|578|1743
27|1139|578|1744
27|1140|578|1745
27|1141|578|1746
27|1142|578|1747
27|1143|578|1748
27|1144|578|1749
27|1145|578|1750
27|1146|578|1751
27|1147|578|1752
27|1148|578|1753
27|1149|578|1754
27|1150|578|1755
27|1151|578|1756
27|1152|578|1757
27|1152|579|1758
27|1153|579|1759
27|1153|580|1760
27|1154|580|1761
27|1154|581|1762
27|1155|581|1763
27|1155|582|1764
27|1156|582|1765
27|1156|583|1766
27|1157|583|1767
27|1157|584|1768
27|1158|584|1769
27|1158|585|1770
27|1159|585|1771
27|1159|586|1772
27|1160|586|1773
27|1160|587|1774
27|1161|587|1775
27|1161|588|1776
27|1162|588|1777
27|1162|589|1778
27|1163|589|1779
27|1163|590|1780
27|1164|590|1781
27|1164|591|1782
27|1165|591|1783
27|1165|592|1784
27|1166|592|1785
27|1166|593|1786
27|1167|593|1787
27|1167|594|1788
