total
0|1|0|1
0|1|1|2
0|1|2|3
0|1|3|4
0|2|3|5
0|2|4|6
0|3|4|7
0|3|5|8
0|3|6|9
0|4|6|10
0|4|7|11
0|5|7|12
0|5|8|13
0|6|8|14
0|6|9|15
0|7|9|16
0|7|10|17
0|8|10|18
0|8|11|19
0|9|11|20
0|10|11|21
0|10|12|22
0|10|13|23
0|10|14|24
0|10|15|25
0|10|16|26
0|10|17|27
0|10|18|28
0|10|19|29
0|10|20|30
0|10|21|31
0|10|22|32
0|10|23|33
0|10|24|34
0|11|24|35
0|11|25|36
0|12|25|37
0|12|26|38
1|12|26|39
1|12|27|40
1|13|27|41
1|13|28|42
1|14|28|43
1|14|29|44
1|14|30|45
1|14|31|46
1|14|32|47
1|14|33|48
2|14|33|49
2|14|34|50
2|14|35|51
2|14|36|52
2|15|36|53
2|15|37|54
3|15|37|55
3|15|38|56
4|15|38|57
4|15|39|58
4|15|40|59
4|15|41|60
4|15|42|61
4|15|43|62
4|15|44|63
4|15|45|64
4|15|46|65
4|16|46|66
4|16|47|67
4|16|48|68
4|16|49|69
4|16|50|70
5|16|50|71
5|16|51|72
5|16|52|73
5|16|53|74
5|17|53|75
5|17|54|76
5|17|55|77
5|18|55|78
5|18|56|79
5|19|56|80
5|19|57|81
5|20|57|82
5|20|58|83
5|21|58|84
5|21|59|85
5|22|59|86
5|22|60|87
5|22|61|88
5|22|62|89
5|22|63|90
5|22|64|91
5|23|64|92
5|23|65|93
5|23|66|94
5|23|67|95
5|24|67|96
5|24|68|97
5|25|68|98
5|25|69|99
5|26|69|100
5|26|70|101
5|27|70|102
5|27|71|103
5|28|71|104
5|28|72|105
5|28|73|106
5|28|74|107
5|28|75|108
5|28|76|109
5|29|76|110
5|29|77|111
5|29|78|112
5|29|79|113
5|30|79|114
5|30|80|115
5|30|81|116
5|30|82|117
5|30|83|118
5|30|84|119
5|31|84|120
5|31|85|121
5|32|85|122
5|32|86|123
5|32|87|124
5|32|88|125
5|32|89|126
5|32|90|127
5|33|90|128
5|33|91|129
5|33|92|130
5|33|93|131
5|34|93|132
5|34|94|133
5|35|94|134
5|35|95|135
5|36|95|136
5|36|96|137
5|37|96|138
5|37|97|139
5|38|97|140
5|38|98|141
5|39|98|142
5|39|99|143
5|40|99|144
5|40|100|145
5|41|100|146
5|41|101|147
5|42|101|148
5|42|102|149
5|43|102|150
5|43|103|151
5|44|103|152
5|44|104|153
5|45|104|154
5|45|105|155
5|46|105|156
5|46|106|157
5|47|106|158
5|47|107|159
5|48|107|160
5|48|108|161
5|49|108|162
5|49|109|163
5|50|109|164
5|50|110|165
5|51|110|166
5|51|111|167
5|52|111|168
5|52|112|169
5|53|112|170
5|53|113|171
5|54|113|172
5|54|114|173
5|55|114|174
5|55|115|175
5|56|115|176
5|56|116|177
5|57|116|178
5|57|117|179
5|58|117|180
5|58|118|181
5|59|118|182
5|59|119|183
5|60|119|184
5|60|120|185
5|61|120|186
5|62|120|187
5|62|121|188
5|63|121|189
5|63|122|190
5|64|122|191
5|64|123|192
5|64|124|193
5|64|125|194
5|64|126|195
5|64|127|196
5|64|128|197
5|64|129|198
5|65|129|199
5|65|130|200
6|65|130|201
6|65|131|202
6|66|131|203
6|66|132|204
6|66|133|205
6|66|134|206
6|66|135|207
6|66|136|208
6|66|137|209
6|66|138|210
6|66|139|211
6|66|140|212
6|66|141|213
6|66|142|214
6|67|142|215
6|67|143|216
6|67|144|217
6|67|145|218
7|67|145|219
7|67|146|220
7|68|146|221
7|68|147|222
7|69|147|223
7|69|148|224
8|69|148|225
8|69|149|226
8|70|149|227
8|70|150|228
8|71|150|229
8|71|151|230
8|72|151|231
8|72|152|232
8|73|152|233
8|73|153|234
8|74|153|235
8|74|154|236
8|74|155|237
8|74|156|238
8|74|157|239
8|74|158|240
8|74|159|241
8|74|160|242
9|74|160|243
9|74|161|244
9|74|162|245
9|74|163|246
9|75|163|247
9|75|164|248
10|75|164|249
10|75|165|250
10|76|165|251
10|76|166|252
10|76|167|253
10|76|168|254
10|76|169|255
10|77|169|256
10|77|170|257
10|78|170|258
10|78|171|259
10|79|171|260
10|79|172|261
10|79|173|262
10|79|174|263
10|79|175|264
10|79|176|265
10|80|176|266
10|80|177|267
10|80|178|268
10|80|179|269
10|80|180|270
10|80|181|271
10|81|181|272
10|81|182|273
10|82|182|274
10|82|183|275
10|83|183|276
11|83|183|277
11|83|184|278
11|83|185|279
11|83|186|280
11|83|187|281
11|84|187|282
11|84|188|283
11|84|189|284
11|84|190|285
11|85|190|286
11|85|191|287
11|86|191|288
11|86|192|289
11|87|192|290
11|87|193|291
11|88|193|292
11|88|194|293
11|89|194|294
11|89|195|295
11|90|195|296
11|90|196|297
11|91|196|298
11|91|197|299
11|92|197|300
11|92|198|301
11|93|198|302
11|93|199|303
11|94|199|304
11|94|200|305
11|95|200|306
11|95|201|307
11|96|201|308
11|96|202|309
11|97|202|310
11|97|203|311
11|98|203|312
11|98|204|313
11|99|204|314
11|99|205|315
11|100|205|316
11|100|206|317
11|101|206|318
11|101|207|319
11|102|207|320
11|102|208|321
11|103|208|322
11|103|209|323
11|104|209|324
11|104|210|325
11|105|210|326
11|105|211|327
11|106|211|328
11|106|212|329
11|107|212|330
11|107|213|331
11|108|213|332
11|108|214|333
11|109|214|334
11|109|215|335
11|109|216|336
11|109|217|337
11|109|218|338
11|110|218|339
11|110|219|340
11|111|219|341
11|111|220|342
12|111|220|343
12|111|221|344
12|111|222|345
12|111|223|346
12|111|224|347
12|111|225|348
12|112|225|349
12|112|226|350
12|112|227|351
12|112|228|352
12|112|229|353
12|112|230|354
12|112|231|355
12|112|232|356
12|112|233|357
12|112|234|358
12|112|235|359
12|112|236|360
12|113|236|361
12|113|237|362
12|113|238|363
12|113|239|364
13|113|239|365
13|113|240|366
13|114|240|367
13|114|241|368
13|114|242|369
13|114|243|370
13|115|243|371
13|115|244|372
13|116|244|373
13|116|245|374
14|116|245|375
14|116|246|376
15|116|246|377
15|116|247|378
16|116|247|379
16|116|248|380
16|117|248|381
16|117|249|382
16|117|250|383
16|117|251|384
16|117|252|385
16|117|253|386
16|117|254|387
16|117|255|388
16|117|256|389
16|117|257|390
16|117|258|391
16|117|259|392
17|117|259|393
17|117|260|394
17|117|261|395
17|117|262|396
18|117|262|397
18|117|263|398
18|117|264|399
18|118|264|400
18|118|265|401
18|119|265|402
18|119|266|403
18|120|266|404
18|120|267|405
18|121|267|406
18|121|268|407
18|121|269|408
18|121|270|409
18|121|271|410
18|121|272|411
18|122|272|412
18|122|273|413
18|122|274|414
18|122|275|415
18|123|275|416
18|123|276|417
18|124|276|418
18|124|277|419
18|125|277|420
18|125|278|421
18|126|278|422
18|126|279|423
18|126|280|424
18|126|281|425
18|126|282|426
18|126|283|427
18|126|284|428
18|126|285|429
18|126|286|430
18|126|287|431
18|127|287|432
18|127|288|433
18|128|288|434
18|128|289|435
18|129|289|436
18|129|290|437
18|130|290|438
18|130|291|439
18|131|291|440
18|131|292|441
18|132|292|442
18|132|293|443
18|133|293|444
18|133|294|445
18|134|294|446
18|134|295|447
18|135|295|448
18|135|296|449
18|136|296|450
18|136|297|451
18|137|297|452
18|137|298|453
18|138|298|454
18|138|299|455
18|139|299|456
18|139|300|457
18|140|300|458
18|140|301|459
18|141|301|460
18|141|302|461
18|142|302|462
18|142|303|463
18|143|303|464
18|143|304|465
18|144|304|466
18|144|305|467
18|145|305|468
18|145|306|469
18|146|306|470
18|146|307|471
18|147|307|472
18|147|308|473
18|148|308|474
18|148|309|475
18|149|309|476
18|149|310|477
18|150|310|478
18|150|311|479
18|151|311|480
18|152|311|481
18|152|312|482
18|153|312|483
18|153|313|484
18|154|313|485
18|154|314|486
18|155|314|487
18|155|315|488
19|155|315|489
19|155|316|490
19|156|316|491
19|156|317|492
19|157|317|493
19|157|318|494
19|158|318|495
19|158|319|496
19|158|320|497
19|158|321|498
19|158|322|499
19|158|323|500
19|158|324|501
19|158|325|502
19|158|326|503
19|158|327|504
19|158|328|505
19|158|329|506
20|158|329|507
20|158|330|508
21|158|330|509
21|158|331|510
22|158|331|511
22|158|332|512
22|159|332|513
22|159|333|514
22|159|334|515
22|159|335|516
22|160|335|517
22|160|336|518
23|160|336|519
23|160|337|520
23|160|338|521
23|160|339|522
24|160|339|523
24|160|340|524
25|160|340|525
25|160|341|526
26|160|341|527
26|160|342|528
26|160|343|529
26|160|344|530
27|160|344|531
27|160|345|532
27|160|346|533
27|160|347|534
27|160|348|535
27|160|349|536
27|160|350|537
27|160|351|538
27|161|351|539
27|161|352|540
27|161|353|541
27|161|354|542
27|162|354|543
27|162|355|544
27|162|356|545
27|163|356|546
27|163|357|547
27|164|357|548
27|164|358|549
27|165|358|550
27|165|359|551
27|166|359|552
27|166|360|553
27|166|361|554
27|166|362|555
27|166|363|556
27|166|364|557
27|167|364|558
27|167|365|559
27|167|366|560
27|167|367|561
27|168|367|562
27|168|368|563
27|169|368|564
27|169|369|565
27|170|369|566
27|170|370|567
27|171|370|568
27|171|371|569
27|171|372|570
27|171|373|571
27|171|374|572
27|171|375|573
27|172|375|574
27|172|376|575
27|172|377|576
27|172|378|577
27|173|378|578
27|173|379|579
27|174|379|580
27|174|380|581
27|175|380|582
27|175|381|583
27|176|381|584
28|176|381|585
28|176|382|586
28|176|383|587
28|176|384|588
28|176|385|589
28|177|385|590
28|177|386|591
28|177|387|592
28|177|388|593
28|178|388|594
28|178|389|595
28|179|389|596
28|179|390|597
28|180|390|598
28|180|391|599
28|181|391|600
28|181|392|601
28|182|392|602
28|182|393|603
28|183|393|604
28|183|394|605
28|184|394|606
28|184|395|607
28|185|395|608
28|185|396|609
28|186|396|610
28|186|397|611
28|187|397|612
28|187|398|613
28|188|398|614
28|188|399|615
28|189|399|616
28|189|400|617
28|190|400|618
28|190|401|619
28|191|401|620
28|191|402|621
28|192|402|622
28|192|403|623
28|193|403|624
28|193|404|625
28|194|404|626
29|194|404|627
29|194|405|628
29|195|405|629
29|195|406|630
29|196|406|631
29|196|407|632
29|197|407|633
29|197|408|634
29|198|408|635
29|198|409|636
29|199|409|637
29|199|410|638
29|199|411|639
29|199|412|640
29|199|413|641
29|199|414|642
29|199|415|643
29|199|416|644
29|199|417|645
29|199|418|646
29|199|419|647
29|199|420|648
29|199|421|649
29|199|422|650
29|199|423|651
29|199|424|652
30|199|424|653
30|199|425|654
30|199|426|655
30|199|427|656
31|199|427|657
31|199|428|658
31|200|428|659
31|200|429|660
31|200|430|661
31|200|431|662
31|201|431|663
31|201|432|664
31|202|432|665
31|202|433|666
31|202|434|667
31|202|435|668
31|203|435|669
31|203|436|670
31|204|436|671
31|204|437|672
31|205|437|673
31|205|438|674
31|205|439|675
31|205|440|676
31|205|441|677
31|205|442|678
31|205|443|679
31|205|444|680
31|205|445|681
31|205|446|682
31|205|447|683
31|205|448|684
31|205|449|685
31|205|450|686
31|205|451|687
31|205|452|688
32|205|452|689
32|205|453|690
32|205|454|691
32|206|454|692
32|206|455|693
32|206|456|694
32|206|457|695
32|207|457|696
32|207|458|697
32|208|458|698
32|208|459|699
32|208|460|700
32|208|461|701
32|208|462|702
32|208|463|703
32|208|464|704
32|208|465|705
32|208|466|706
32|208|467|707
32|209|467|708
32|209|468|709
32|210|468|710
32|210|469|711
32|211|469|712
32|211|470|713
32|212|470|714
32|212|471|715
32|212|472|716
32|212|473|717
32|212|474|718
32|212|475|719
32|212|476|720
32|212|477|721
32|212|478|722
32|212|479|723
32|213|479|724
32|213|480|725
32|214|480|726
32|214|481|727
32|215|481|728
32|215|482|729
32|216|482|730
32|216|483|731
32|216|484|732
32|216|485|733
32|216|486|734
32|216|487|735
32|216|488|736
33|216|488|737
33|216|489|738
33|216|490|739
33|217|490|740
33|217|491|741
33|218|491|742
33|218|492|743
33|219|492|744
33|219|493|745
33|220|493|746
33|220|494|747
33|221|494|748
33|221|495|749
33|222|495|750
33|222|496|751
33|223|496|752
33|223|497|753
33|224|497|754
33|224|498|755
33|225|498|756
33|225|499|757
33|226|499|758
33|226|500|759
33|227|500|760
33|227|501|761
33|228|501|762
33|228|502|763
33|229|502|764
33|229|503|765
33|230|503|766
33|230|504|767
33|231|504|768
33|231|505|769
33|232|505|770
33|232|506|771
33|233|506|772
33|233|507|773
33|234|507|774
33|234|508|775
33|235|508|776
33|235|509|777
33|236|509|778
33|236|510|779
33|237|510|780
33|237|511|781
33|238|511|782
33|238|512|783
33|239|512|784
33|239|513|785
33|240|513|786
33|240|514|787
33|241|514|788
33|242|514|789
33|242|515|790
33|243|515|791
33|243|516|792
33|244|516|793
33|244|517|794
33|245|517|795
33|245|518|796
33|246|518|797
33|246|519|798
34|246|519|799
34|246|520|800
35|246|520|801
35|246|521|802
35|247|521|803
35|247|522|804
35|247|523|805
35|247|524|806
35|247|525|807
35|247|526|808
35|247|527|809
35|247|528|810
35|247|529|811
35|247|530|812
35|247|531|813
35|247|532|814
35|247|533|815
35|247|534|816
35|247|535|817
35|247|536|818
35|248|536|819
35|248|537|820
35|249|537|821
35|249|538|822
36|249|538|823
36|249|539|824
36|250|539|825
36|250|540|826
36|250|541|827
36|250|542|828
36|251|542|829
36|251|543|830
36|251|544|831
36|251|545|832
36|252|545|833
36|252|546|834
37|252|546|835
37|252|547|836
37|252|548|837
37|252|549|838
37|252|550|839
37|252|551|840
37|252|552|841
37|252|553|842
37|252|554|843
37|252|555|844
37|252|556|845
37|252|557|846
37|253|557|847
37|253|558|848
37|253|559|849
37|253|560|850
37|254|560|851
37|254|561|852
37|254|562|853
37|255|562|854
37|255|563|855
37|256|563|856
37|256|564|857
37|257|564|858
37|257|565|859
37|258|565|860
37|258|566|861
37|258|567|862
37|258|568|863
37|258|569|864
37|258|570|865
37|259|570|866
37|259|571|867
37|259|572|868
37|259|573|869
37|260|573|870
37|260|574|871
37|261|574|872
37|261|575|873
37|262|575|874
37|262|576|875
37|263|576|876
37|263|577|877
37|263|578|878
37|263|579|879
37|263|580|880
37|263|581|881
37|264|581|882
37|264|582|883
37|264|583|884
37|264|584|885
37|265|584|886
37|265|585|887
37|266|585|888
37|266|586|889
37|267|586|890
37|267|587|891
37|268|587|892
37|268|588|893
37|268|589|894
37|268|590|895
37|268|591|896
37|268|592|897
37|269|592|898
37|269|593|899
37|269|594|900
37|269|595|901
37|270|595|902
37|270|596|903
37|271|596|904
37|271|597|905
37|272|597|906
37|272|598|907
37|273|598|908
37|273|599|909
37|274|599|910
37|274|600|911
37|275|600|912
37|275|601|913
37|276|601|914
37|277|602|916
37|278|602|917
37|278|603|918
37|279|603|919
37|279|604|920
37|280|604|921
37|280|605|922
37|281|605|923
37|281|606|924
37|282|606|925
37|282|607|926
37|283|607|927
37|283|608|928
37|284|608|929
37|284|609|930
37|285|609|931
37|285|610|932
37|286|610|933
37|286|611|934
37|286|612|935
38|286|612|936
38|286|613|937
39|286|613|938
39|286|614|939
39|286|615|940
39|286|616|941
40|286|616|942
40|286|617|943
40|287|617|944
40|287|618|945
40|287|619|946
40|287|620|947
40|287|621|948
40|287|622|949
41|287|622|950
41|287|623|951
41|287|624|952
41|287|625|953
41|287|626|954
41|287|627|955
41|287|628|956
41|287|629|957
41|287|630|958
41|287|631|959
41|287|632|960
41|287|633|961
41|287|634|962
41|287|635|963
41|287|636|964
41|287|637|965
41|288|637|966
41|288|638|967
42|288|638|968
42|288|639|969
42|288|640|970
42|288|641|971
42|288|642|972
42|288|643|973
42|289|643|974
42|289|644|975
42|290|644|976
42|290|645|977
42|290|646|978
42|290|647|979
42|291|647|980
42|291|648|981
43|291|648|982
43|291|649|983
43|291|650|984
43|291|651|985
43|291|652|986
43|291|653|987
43|291|654|988
43|291|655|989
43|291|656|990
43|291|657|991
43|291|658|992
43|291|659|993
43|292|659|994
43|292|660|995
43|292|661|996
43|292|662|997
43|293|662|998
43|294|662|999
43|294|663|1000
43|295|663|1001
43|295|664|1002
43|296|664|1003
43|296|665|1004
43|297|665|1005
43|297|666|1006
43|297|667|1007
43|297|668|1008
43|297|669|1009
43|297|670|1010
43|298|670|1011
43|298|671|1012
43|298|672|1013
43|298|673|1014
43|299|673|1015
43|299|674|1016
43|300|674|1017
43|300|675|1018
43|301|675|1019
43|301|676|1020
43|302|676|1021
43|302|677|1022
43|302|678|1023
43|302|679|1024
43|302|680|1025
43|302|681|1026
43|303|681|1027
43|303|682|1028
43|303|683|1029
43|303|684|1030
43|304|684|1031
43|304|685|1032
43|305|685|1033
43|305|686|1034
43|306|686|1035
43|306|687|1036
43|307|687|1037
43|307|688|1038
43|308|688|1039
43|308|689|1040
43|309|689|1041
43|309|690|1042
43|310|690|1043
43|310|691|1044
43|311|691|1045
43|311|692|1046
43|312|692|1047
43|312|693|1048
43|313|693|1049
43|313|694|1050
43|314|694|1051
43|314|695|1052
43|315|695|1053
43|315|696|1054
43|316|696|1055
43|316|697|1056
43|317|697|1057
43|317|698|1058
43|318|698|1059
43|318|699|1060
43|319|699|1061
43|319|700|1062
43|320|700|1063
43|320|701|1064
43|321|701|1065
43|321|702|1066
43|322|702|1067
43|322|703|1068
43|323|703|1069
43|323|704|1070
43|324|704|1071
43|324|705|1072
43|325|705|1073
43|325|706|1074
43|326|706|1075
43|326|707|1076
43|327|707|1077
43|327|708|1078
43|328|708|1079
43|328|709|1080
43|328|710|1081
43|329|710|1082
43|329|711|1083
43|330|711|1084
43|330|712|1085
43|330|713|1086
43|330|714|1087
43|331|714|1088
43|331|715|1089
43|332|715|1090
43|332|716|1091
43|333|716|1092
43|333|717|1093
43|334|717|1094
43|334|718|1095
43|335|718|1096
43|335|719|1097
43|335|720|1098
43|335|721|1099
43|335|722|1100
43|335|723|1101
43|335|724|1102
43|335|725|1103
43|335|726|1104
43|335|727|1105
43|335|728|1106
43|335|729|1107
43|335|730|1108
43|335|731|1109
43|336|731|1110
43|336|732|1111
43|336|733|1112
43|336|734|1113
43|337|734|1114
43|337|735|1115
43|338|735|1116
43|338|736|1117
43|339|736|1118
43|339|737|1119
43|340|737|1120
43|340|738|1121
43|341|738|1122
43|341|739|1123
43|342|739|1124
43|342|740|1125
43|343|740|1126
43|343|741|1127
44|343|741|1128
44|343|742|1129
44|344|742|1130
44|344|743|1131
44|345|743|1132
44|345|744|1133
45|345|744|1134
45|345|745|1135
46|345|745|1136
46|345|746|1137
46|345|747|1138
46|346|747|1139
46|346|748|1140
46|346|749|1141
47|346|749|1142
47|346|750|1143
47|346|751|1144
47|346|752|1145
47|347|752|1146
47|347|753|1147
47|347|754|1148
47|347|755|1149
47|348|755|1150
47|349|755|1151
47|349|756|1152
47|350|756|1153
47|350|757|1154
47|351|757|1155
47|351|758|1156
47|352|758|1157
47|352|759|1158
47|353|759|1159
47|353|760|1160
47|353|761|1161
47|353|762|1162
47|353|763|1163
47|353|764|1164
47|354|764|1165
47|354|765|1166
47|354|766|1167
47|354|767|1168
47|355|767|1169
47|355|768|1170
47|356|768|1171
47|356|769|1172
47|357|769|1173
47|357|770|1174
47|358|770|1175
47|358|771|1176
47|359|771|1177
47|359|772|1178
47|359|773|1179
47|359|774|1180
47|359|775|1181
47|359|776|1182
47|360|776|1183
47|360|777|1184
47|360|778|1185
47|360|779|1186
47|361|779|1187
47|361|780|1188
47|362|780|1189
47|362|781|1190
47|363|781|1191
47|363|782|1192
47|364|782|1193
47|364|783|1194
47|365|783|1195
47|365|784|1196
47|365|785|1197
47|365|786|1198
47|365|787|1199
48|365|787|1200
48|365|788|1201
48|365|789|1202
48|365|790|1203
48|365|791|1204
48|366|791|1205
48|366|792|1206
48|367|792|1207
48|367|793|1208
48|368|793|1209
48|368|794|1210
48|369|794|1211
48|369|795|1212
48|370|795|1213
48|370|796|1214
48|371|796|1215
48|371|797|1216
48|372|797|1217
48|372|798|1218
48|373|798|1219
48|373|799|1220
48|374|799|1221
48|374|800|1222
48|375|800|1223
48|375|801|1224
48|376|801|1225
48|376|802|1226
48|377|802|1227
48|377|803|1228
48|378|803|1229
48|378|804|1230
48|379|804|1231
48|379|805|1232
48|380|805|1233
48|380|806|1234
48|381|806|1235
48|381|807|1236
48|382|807|1237
48|382|808|1238
48|383|808|1239
48|383|809|1240
48|384|809|1241
48|384|810|1242
48|385|810|1243
48|385|811|1244
48|386|811|1245
48|386|812|1246
48|387|812|1247
48|387|813|1248
48|388|813|1249
48|388|814|1250
48|389|814|1251
48|389|815|1252
48|390|815|1253
48|390|816|1254
48|391|816|1255
48|391|817|1256
48|392|817|1257
48|392|818|1258
48|393|818|1259
48|393|819|1260
48|393|820|1261
48|394|820|1262
48|394|821|1263
48|395|821|1264
48|395|822|1265
48|396|822|1266
48|396|823|1267
48|397|823|1268
48|397|824|1269
48|398|824|1270
48|398|825|1271
48|399|825|1272
48|399|826|1273
48|400|826|1274
48|400|827|1275
48|401|827|1276
48|401|828|1277
48|402|828|1278
48|402|829|1279
48|402|830|1280
48|402|831|1281
48|402|832|1282
48|402|833|1283
48|402|834|1284
48|402|835|1285
48|402|836|1286
48|402|837|1287
48|402|838|1288
48|402|839|1289
48|402|840|1290
48|402|841|1291
49|402|841|1292
49|402|842|1293
49|402|843|1294
49|402|844|1295
50|402|844|1296
50|402|845|1297
50|403|845|1298
50|403|846|1299
51|403|846|1300
51|403|847|1301
51|404|847|1302
51|404|848|1303
51|405|848|1304
51|405|849|1305
51|405|850|1306
51|405|851|1307
51|405|852|1308
51|405|853|1309
52|405|853|1310
52|405|854|1311
53|405|854|1312
53|405|855|1313
53|406|855|1314
53|406|856|1315
54|406|856|1316
54|406|857|1317
55|406|857|1318
55|406|858|1319
55|406|859|1320
55|406|860|1321
55|406|861|1322
55|406|862|1323
55|406|863|1324
55|406|864|1325
55|406|865|1326
55|406|866|1327
55|407|866|1328
55|407|867|1329
55|407|868|1330
55|407|869|1331
56|407|869|1332
56|408|869|1333
56|408|870|1334
56|409|870|1335
56|409|871|1336
56|410|871|1337
56|410|872|1338
56|411|872|1339
56|411|873|1340
56|412|873|1341
56|412|874|1342
56|412|875|1343
56|412|876|1344
56|412|877|1345
56|412|878|1346
56|413|878|1347
56|413|879|1348
56|413|880|1349
56|413|881|1350
56|414|881|1351
56|414|882|1352
56|415|882|1353
56|415|883|1354
56|416|883|1355
56|416|884|1356
56|417|884|1357
56|417|885|1358
56|418|885|1359
56|418|886|1360
56|418|887|1361
56|418|888|1362
56|418|889|1363
56|418|890|1364
56|418|891|1365
56|418|892|1366
56|418|893|1367
56|418|894|1368
56|419|894|1369
56|419|895|1370
56|420|895|1371
56|420|896|1372
56|421|896|1373
56|421|897|1374
56|422|897|1375
56|422|898|1376
56|423|898|1377
56|423|899|1378
56|423|900|1379
56|423|901|1380
56|423|902|1381
56|423|903|1382
56|423|904|1383
56|423|905|1384
56|423|906|1385
56|423|907|1386
56|424|907|1387
56|424|908|1388
56|425|908|1389
56|425|909|1390
56|426|909|1391
56|426|910|1392
56|427|910|1393
56|427|911|1394
56|428|911|1395
56|428|912|1396
56|429|912|1397
56|429|913|1398
56|430|913|1399
56|430|914|1400
56|431|914|1401
56|431|915|1402
56|432|915|1403
56|432|916|1404
56|433|916|1405
56|433|917|1406
56|434|917|1407
56|434|918|1408
56|435|918|1409
56|435|919|1410
56|436|919|1411
56|436|920|1412
56|437|920|1413
56|437|921|1414
56|438|921|1415
56|438|922|1416
56|439|922|1417
56|439|923|1418
56|440|923|1419
56|440|924|1420
56|441|924|1421
56|441|925|1422
56|442|925|1423
56|442|926|1424
56|443|926|1425
56|443|927|1426
56|444|927|1427
56|444|928|1428
56|445|928|1429
56|445|929|1430
56|446|929|1431
56|446|930|1432
56|447|930|1433
56|447|931|1434
56|448|931|1435
56|448|932|1436
56|449|932|1437
56|449|933|1438
56|450|933|1439
56|450|934|1440
56|451|934|1441
56|451|935|1442
56|451|936|1443
56|452|936|1444
56|452|937|1445
56|453|937|1446
56|453|938|1447
56|453|939|1448
56|453|940|1449
57|453|940|1450
57|453|941|1451
57|453|942|1452
57|453|943|1453
58|453|943|1454
58|453|944|1455
58|454|944|1456
58|454|945|1457
59|454|945|1458
59|454|946|1459
59|455|946|1460
59|455|947|1461
59|455|948|1462
59|455|949|1463
59|455|950|1464
59|455|951|1465
59|455|952|1466
59|455|953|1467
59|455|954|1468
59|455|955|1469
59|455|956|1470
59|455|957|1471
59|455|958|1472
59|455|959|1473
59|456|959|1474
59|456|960|1475
59|456|961|1476
59|456|962|1477
59|457|962|1478
59|457|963|1479
60|457|963|1480
60|457|964|1481
60|457|965|1482
60|457|966|1483
61|457|966|1484
61|457|967|1485
62|457|967|1486
62|457|968|1487
62|457|969|1488
62|457|970|1489
62|458|970|1490
62|458|971|1491
62|459|971|1492
62|459|972|1493
62|460|972|1494
62|460|973|1495
62|461|973|1496
62|461|974|1497
62|461|975|1498
62|461|976|1499
62|461|977|1500
62|461|978|1501
62|461|979|1502
62|461|980|1503
62|461|981|1504
62|461|982|1505
62|461|983|1506
62|461|984|1507
62|461|985|1508
62|461|986|1509
62|462|986|1510
62|462|987|1511
62|462|988|1512
62|462|989|1513
63|462|989|1514
63|463|989|1515
63|463|990|1516
63|464|990|1517
63|464|991|1518
63|465|991|1519
63|465|992|1520
63|466|992|1521
63|466|993|1522
63|467|993|1523
63|467|994|1524
63|467|995|1525
63|467|996|1526
63|467|997|1527
63|467|998|1528
63|467|999|1529
63|467|1000|1530
63|467|1001|1531
63|467|1002|1532
63|468|1002|1533
63|468|1003|1534
63|469|1003|1535
63|469|1004|1536
63|469|1005|1537
63|469|1006|1538
63|470|1006|1539
63|470|1007|1540
63|471|1007|1541
63|471|1008|1542
63|471|1009|1543
63|471|1010|1544
63|471|1011|1545
63|471|1012|1546
63|471|1013|1547
63|471|1014|1548
63|471|1015|1549
63|471|1016|1550
63|472|1016|1551
63|472|1017|1552
63|473|1017|1553
63|473|1018|1554
63|474|1018|1555
63|474|1019|1556
63|475|1019|1557
63|475|1020|1558
63|476|1020|1559
63|476|1021|1560
63|476|1022|1561
64|476|1022|1562
64|476|1023|1563
64|476|1024|1564
64|477|1024|1565
64|477|1025|1566
64|477|1026|1567
65|477|1026|1568
65|478|1026|1569
65|478|1027|1570
65|479|1027|1571
65|479|1028|1572
65|480|1028|1573
65|480|1029|1574
65|481|1029|1575
65|481|1030|1576
65|482|1030|1577
65|482|1031|1578
65|483|1031|1579
65|483|1032|1580
65|484|1032|1581
65|484|1033|1582
65|485|1033|1583
65|485|1034|1584
65|486|1034|1585
65|486|1035|1586
65|487|1035|1587
65|487|1036|1588
65|488|1036|1589
65|488|1037|1590
65|489|1037|1591
65|489|1038|1592
65|490|1038|1593
65|490|1039|1594
65|491|1039|1595
65|491|1040|1596
65|492|1040|1597
65|492|1041|1598
65|493|1041|1599
65|493|1042|1600
65|494|1042|1601
65|494|1043|1602
65|495|1043|1603
65|495|1044|1604
65|496|1044|1605
65|496|1045|1606
65|497|1045|1607
65|497|1046|1608
65|498|1046|1609
65|498|1047|1610
65|499|1047|1611
65|499|1048|1612
65|500|1048|1613
65|500|1049|1614
65|501|1049|1615
65|501|1050|1616
65|502|1050|1617
65|502|1051|1618
65|503|1051|1619
65|503|1052|1620
65|504|1052|1621
65|504|1053|1622
65|505|1053|1623
65|505|1054|1624
65|505|1055|1625
66|505|1055|1626
66|505|1056|1627
66|506|1056|1628
66|506|1057|1629
67|506|1057|1630
67|506|1058|1631
67|507|1058|1632
67|507|1059|1633
68|507|1059|1634
68|507|1060|1635
68|508|1060|1636
68|508|1061|1637
68|509|1061|1638
68|509|1062|1639
68|510|1062|1640
68|510|1063|1641
68|511|1063|1642
68|511|1064|1643
68|511|1065|1644
68|511|1066|1645
68|511|1067|1646
68|511|1068|1647
68|511|1069|1648
68|511|1070|1649
68|511|1071|1650
68|511|1072|1651
68|511|1073|1652
68|511|1074|1653
68|511|1075|1654
68|511|1076|1655
69|511|1076|1656
69|511|1077|1657
70|511|1077|1658
70|511|1078|1659
71|511|1078|1660
71|511|1079|1661
72|511|1079|1662
72|511|1080|1663
72|512|1080|1664
72|512|1081|1665
72|512|1082|1666
72|512|1083|1667
72|512|1084|1668
72|512|1085|1669
72|512|1086|1670
72|512|1087|1671
72|513|1087|1672
72|513|1088|1673
72|514|1088|1674
72|514|1089|1675
72|514|1090|1676
72|514|1091|1677
73|514|1091|1678
73|514|1092|1679
73|514|1093|1680
73|514|1094|1681
73|514|1095|1682
73|514|1096|1683
73|514|1097|1684
73|514|1098|1685
73|514|1099|1686
73|514|1100|1687
73|515|1100|1688
73|515|1101|1689
73|516|1101|1690
73|516|1102|1691
73|516|1103|1692
73|516|1104|1693
73|516|1105|1694
73|517|1105|1695
73|517|1106|1696
73|518|1106|1697
73|518|1107|1698
73|519|1107|1699
73|519|1108|1700
73|519|1109|1701
73|519|1110|1702
73|519|1111|1703
73|519|1112|1704
73|519|1113|1705
73|519|1114|1706
73|519|1115|1707
73|519|1116|1708
73|519|1117|1709
73|519|1118|1710
73|520|1118|1711
73|520|1119|1712
73|521|1119|1713
73|521|1120|1714
73|522|1120|1715
73|522|1121|1716
73|522|1122|1717
73|522|1123|1718
73|522|1124|1719
73|522|1125|1720
73|522|1126|1721
73|522|1127|1722
73|522|1128|1723
73|522|1129|1724
73|522|1130|1725
73|522|1131|1726
73|522|1132|1727
73|522|1133|1728
73|523|1133|1729
73|523|1134|1730
73|524|1134|1731
73|524|1135|1732
73|524|1136|1733
73|524|1137|1734
73|524|1138|1735
73|524|1139|1736
73|524|1140|1737
73|524|1141|1738
73|525|1141|1739
73|525|1142|1740
73|526|1142|1741
73|526|1143|1742
73|527|1143|1743
73|527|1144|1744
73|528|1144|1745
73|528|1145|1746
73|529|1145|1747
73|529|1146|1748
73|530|1146|1749
73|530|1147|1750
73|531|1147|1751
73|531|1148|1752
73|532|1148|1753
73|532|1149|1754
73|533|1149|1755
73|533|1150|1756
73|534|1150|1757
73|534|1151|1758
73|535|1151|1759
73|535|1152|1760
73|536|1152|1761
73|536|1153|1762
73|537|1153|1763
73|537|1154|1764
73|538|1154|1765
73|538|1155|1766
73|539|1155|1767
73|539|1156|1768
73|540|1156|1769
73|540|1157|1770
73|541|1157|1771
73|541|1158|1772
73|542|1158|1773
73|542|1159|1774
73|543|1159|1775
73|543|1160|1776
73|544|1160|1777
73|544|1161|1778
73|545|1161|1779
73|545|1162|1780
73|546|1162|1781
73|546|1163|1782
73|547|1163|1783
73|547|1164|1784
73|548|1164|1785
73|548|1165|1786
73|549|1165|1787
73|549|1166|1788
