total
0|1|0|1
0|2|0|2
0|2|1|3
0|3|1|4
0|3|2|5
0|4|2|6
0|5|2|7
0|6|2|8
0|6|3|9
0|7|3|10
0|7|4|11
0|8|4|12
0|8|5|13
0|9|5|14
0|9|6|15
0|10|6|16
0|10|7|17
0|11|7|18
0|11|8|19
0|12|8|20
0|12|9|21
0|13|9|22
0|13|10|23
0|14|10|24
0|14|11|25
0|15|11|26
0|15|12|27
0|16|12|28
0|16|13|29
0|17|13|30
0|17|14|31
0|18|14|32
0|18|15|33
0|19|15|34
0|19|16|35
0|20|16|36
0|20|17|37
0|21|17|38
0|21|18|39
0|22|18|40
0|22|19|41
0|23|19|42
0|23|20|43
0|24|20|44
0|24|21|45
0|25|21|46
0|25|22|47
0|26|22|48
0|26|23|49
0|27|23|50
0|27|24|51
0|28|24|52
0|29|24|53
0|30|24|54
0|30|25|55
0|31|25|56
0|32|25|57
0|33|25|58
0|33|26|59
0|34|26|60
0|34|27|61
0|35|27|62
0|35|28|63
0|36|28|64
0|36|29|65
0|37|29|66
0|37|30|67
0|38|30|68
0|38|31|69
0|39|31|70
0|40|31|71
0|41|31|72
0|41|32|73
0|42|32|74
0|42|33|75
0|43|33|76
0|43|34|77
0|44|34|78
0|44|35|79
0|45|35|80
0|45|36|81
0|46|36|82
0|46|37|83
0|47|37|84
0|47|38|85
0|48|38|86
0|48|39|87
0|49|39|88
0|49|40|89
0|50|40|90
0|50|41|91
0|51|41|92
0|51|42|93
0|52|42|94
0|52|43|95
0|53|43|96
0|53|44|97
0|54|44|98
0|54|45|99
0|55|45|100
0|55|46|101
0|56|46|102
0|56|47|103
0|57|47|104
0|57|48|105
0|58|48|106
0|58|49|107
0|59|49|108
0|59|50|109
0|60|50|110
0|60|51|111
0|61|51|112
0|61|52|113
0|62|52|114
0|62|53|115
0|63|53|116
0|63|54|117
0|64|54|118
0|64|55|119
0|65|55|120
0|65|56|121
0|66|56|122
0|66|57|123
0|67|57|124
0|67|58|125
0|68|58|126
0|68|59|127
0|69|59|128
0|69|60|129
0|70|60|130
0|70|61|131
0|71|61|132
0|71|62|133
0|72|62|134
0|72|63|135
0|73|63|136
0|73|64|137
0|74|64|138
0|74|65|139
0|75|65|140
0|75|66|141
0|76|66|142
0|76|67|143
0|77|67|144
0|77|68|145
0|78|68|146
0|79|68|147
0|80|68|148
0|81|68|149
0|82|68|150
0|82|69|151
0|83|69|152
0|83|70|153
0|84|70|154
0|84|71|155
0|85|71|156
0|85|72|157
0|86|72|158
0|86|73|159
0|87|73|160
0|87|74|161
0|88|74|162
0|88|75|163
0|89|75|164
0|89|76|165
0|90|76|166
0|90|77|167
0|91|77|168
0|91|78|169
0|92|78|170
0|92|79|171
0|93|79|172
0|93|80|173
0|94|80|174
0|94|81|175
0|95|81|176
0|95|82|177
0|96|82|178
0|96|83|179
0|97|83|180
0|97|84|181
0|98|84|182
0|98|85|183
0|99|85|184
0|99|86|185
0|100|86|186
0|100|87|187
0|101|87|188
0|101|88|189
0|102|88|190
0|102|89|191
0|103|89|192
0|103|90|193
0|104|90|194
0|104|91|195
0|105|91|196
0|105|92|197
0|106|92|198
0|107|92|199
0|108|92|200
0|108|93|201
0|109|93|202
0|109|94|203
0|110|94|204
0|110|95|205
0|111|95|206
0|111|96|207
0|112|96|208
0|112|97|209
0|113|97|210
0|113|98|211
0|114|98|212
0|114|99|213
0|115|99|214
0|115|100|215
0|116|100|216
0|116|101|217
0|117|101|218
0|117|102|219
0|118|102|220
0|118|103|221
0|119|103|222
0|119|104|223
0|120|104|224
0|120|105|225
0|121|105|226
0|121|106|227
0|122|106|228
0|122|107|229
0|123|107|230
0|123|108|231
0|124|108|232
0|124|109|233
0|125|109|234
0|125|110|235
0|126|110|236
0|126|111|237
0|127|111|238
0|127|112|239
0|128|112|240
0|128|113|241
0|129|113|242
0|129|114|243
0|130|114|244
0|130|115|245
0|131|115|246
0|131|116|247
0|132|116|248
0|132|117|249
0|133|117|250
0|133|118|251
0|134|118|252
0|134|119|253
0|135|119|254
0|135|120|255
0|136|120|256
0|136|121|257
0|137|121|258
0|137|122|259
0|138|122|260
0|138|123|261
0|139|123|262
0|139|124|263
0|140|124|264
0|140|125|265
0|141|125|266
0|141|126|267
0|142|126|268
0|142|127|269
0|143|127|270
0|143|128|271
0|144|128|272
0|144|129|273
0|145|129|274
0|145|130|275
0|146|130|276
0|146|131|277
0|147|131|278
0|147|132|279
0|148|132|280
0|148|133|281
0|149|133|282
0|149|134|283
0|150|134|284
0|150|135|285
0|151|135|286
0|151|136|287
0|152|136|288
0|152|137|289
0|153|137|290
0|153|138|291
0|154|138|292
0|154|139|293
0|155|139|294
0|155|140|295
0|156|140|296
0|157|140|297
0|158|140|298
0|158|141|299
0|159|141|300
0|159|142|301
0|160|142|302
0|160|143|303
0|161|143|304
0|161|144|305
0|162|144|306
0|162|145|307
0|163|145|308
0|163|146|309
0|164|146|310
0|164|147|311
0|165|147|312
0|165|148|313
0|166|148|314
0|166|149|315
0|167|149|316
0|167|150|317
0|168|150|318
0|168|151|319
0|169|151|320
0|169|152|321
0|170|152|322
0|170|153|323
0|171|153|324
0|171|154|325
0|172|154|326
0|172|155|327
0|173|155|328
0|173|156|329
0|174|156|330
0|174|157|331
0|175|157|332
0|175|158|333
0|176|158|334
0|176|159|335
0|177|159|336
0|177|160|337
0|178|160|338
0|178|161|339
0|179|161|340
0|179|162|341
0|180|162|342
0|180|163|343
0|181|163|344
0|181|164|345
0|182|164|346
0|182|165|347
0|183|165|348
0|183|166|349
0|184|166|350
0|184|167|351
0|185|167|352
0|185|168|353
0|186|168|354
0|186|169|355
0|187|169|356
0|187|170|357
0|188|170|358
0|188|171|359
0|189|171|360
0|189|172|361
0|190|172|362
0|190|173|363
0|191|173|364
0|191|174|365
0|192|174|366
0|192|175|367
0|193|175|368
0|193|176|369
0|194|176|370
0|194|177|371
0|195|177|372
0|195|178|373
0|196|178|374
0|196|179|375
0|197|179|376
0|197|180|377
0|198|180|378
0|198|181|379
0|199|181|380
0|199|182|381
0|200|182|382
0|200|183|383
0|201|183|384
0|201|184|385
0|202|184|386
0|202|185|387
0|203|185|388
0|203|186|389
0|204|186|390
0|204|187|391
0|205|187|392
0|205|188|393
0|206|188|394
0|206|189|395
0|207|189|396
0|207|190|397
0|208|190|398
0|208|191|399
0|209|191|400
0|209|192|401
0|210|192|402
0|210|193|403
0|211|193|404
0|211|194|405
0|212|194|406
0|212|195|407
0|213|195|408
0|213|196|409
0|214|196|410
0|214|197|411
0|215|197|412
0|215|198|413
0|216|198|414
0|216|199|415
0|217|199|416
0|217|200|417
0|218|200|418
0|218|201|419
0|219|201|420
0|219|202|421
0|220|202|422
0|220|203|423
0|221|203|424
0|221|204|425
0|222|204|426
0|222|205|427
0|223|205|428
0|223|206|429
0|224|206|430
0|224|207|431
0|225|207|432
0|225|208|433
0|226|208|434
0|227|208|435
0|228|208|436
0|228|209|437
0|229|209|438
0|229|210|439
0|230|210|440
0|230|211|441
0|231|211|442
0|231|212|443
0|232|212|444
0|232|213|445
0|233|213|446
0|234|213|447
0|235|213|448
0|235|214|449
0|236|214|450
0|236|215|451
0|237|215|452
0|237|216|453
0|238|216|454
0|238|217|455
0|239|217|456
0|239|218|457
0|240|218|458
0|240|219|459
0|241|219|460
0|241|220|461
0|242|220|462
0|242|221|463
0|243|221|464
0|243|222|465
0|244|222|466
0|244|223|467
0|245|223|468
0|245|224|469
0|246|224|470
0|246|225|471
0|247|225|472
0|247|226|473
0|248|226|474
0|248|227|475
0|249|227|476
0|249|228|477
0|250|228|478
0|250|229|479
0|251|229|480
0|251|230|481
0|252|230|482
0|252|231|483
0|253|231|484
0|253|232|485
0|254|232|486
0|254|233|487
0|255|233|488
0|255|234|489
0|256|234|490
0|256|235|491
0|257|235|492
0|257|236|493
0|258|236|494
0|258|237|495
0|259|237|496
0|259|238|497
0|260|238|498
0|260|239|499
0|261|239|500
0|261|240|501
0|262|240|502
0|262|241|503
0|263|241|504
0|263|242|505
0|264|242|506
0|264|243|507
0|265|243|508
0|265|244|509
0|266|244|510
0|266|245|511
0|267|245|512
0|267|246|513
0|268|246|514
0|268|247|515
0|269|247|516
0|269|248|517
0|270|248|518
0|270|249|519
0|271|249|520
0|271|250|521
0|272|250|522
0|272|251|523
0|273|251|524
0|273|252|525
0|274|252|526
0|274|253|527
0|275|253|528
0|275|254|529
0|276|254|530
0|276|255|531
0|277|255|532
0|277|256|533
0|278|256|534
0|278|257|535
0|279|257|536
0|279|258|537
0|280|258|538
0|280|259|539
0|281|259|540
0|281|260|541
0|282|260|542
0|282|261|543
0|283|261|544
0|283|262|545
0|284|262|546
0|284|263|547
0|285|263|548
0|285|264|549
0|286|264|550
0|286|265|551
0|287|265|552
0|287|266|553
0|288|266|554
0|288|267|555
0|289|267|556
0|289|268|557
0|290|268|558
0|290|269|559
0|291|269|560
0|291|270|561
0|292|270|562
0|292|271|563
0|293|271|564
0|293|272|565
0|294|272|566
0|294|273|567
0|295|273|568
0|295|274|569
0|296|274|570
0|296|275|571
0|297|275|572
0|297|276|573
0|298|276|574
0|298|277|575
0|299|277|576
0|299|278|577
0|300|278|578
0|300|279|579
0|301|279|580
0|301|280|581
0|302|280|582
0|302|281|583
0|303|281|584
0|303|282|585
0|304|282|586
0|304|283|587
0|305|283|588
0|305|284|589
0|306|284|590
0|306|285|591
0|307|285|592
0|307|286|593
0|308|286|594
0|308|287|595
0|309|287|596
0|309|288|597
0|310|288|598
0|310|289|599
0|311|289|600
0|311|290|601
0|312|290|602
0|312|291|603
0|313|291|604
0|313|292|605
0|314|292|606
0|315|292|607
0|316|292|608
0|317|292|609
0|318|292|610
0|318|293|611
0|319|293|612
0|319|294|613
0|320|294|614
0|320|295|615
0|321|295|616
0|321|296|617
0|322|296|618
0|322|297|619
0|323|297|620
0|323|298|621
0|324|298|622
0|324|299|623
0|325|299|624
0|325|300|625
0|326|300|626
0|326|301|627
0|327|301|628
0|327|302|629
0|328|302|630
0|328|303|631
0|329|303|632
0|329|304|633
0|330|304|634
0|330|305|635
0|331|305|636
0|331|306|637
0|332|306|638
0|332|307|639
0|333|307|640
0|333|308|641
0|334|308|642
0|334|309|643
0|335|309|644
0|335|310|645
0|336|310|646
0|336|311|647
0|337|311|648
0|337|312|649
0|338|312|650
0|338|313|651
0|339|313|652
0|339|314|653
0|340|314|654
0|340|315|655
0|341|315|656
0|341|316|657
0|342|316|658
0|342|317|659
0|343|317|660
0|343|318|661
0|344|318|662
0|344|319|663
0|345|319|664
0|345|320|665
0|346|320|666
0|346|321|667
0|347|321|668
0|347|322|669
0|348|322|670
0|348|323|671
0|349|323|672
0|349|324|673
0|350|324|674
0|350|325|675
0|351|325|676
0|351|326|677
0|352|326|678
0|352|327|679
0|353|327|680
0|353|328|681
0|354|328|682
0|354|329|683
0|355|329|684
0|355|330|685
0|356|330|686
0|356|331|687
0|357|331|688
0|357|332|689
0|358|332|690
0|358|333|691
0|359|333|692
0|359|334|693
0|360|334|694
0|360|335|695
0|361|335|696
0|361|336|697
0|362|336|698
0|362|337|699
0|363|337|700
0|363|338|701
0|364|338|702
0|364|339|703
0|365|339|704
0|365|340|705
0|366|340|706
0|366|341|707
0|367|341|708
0|367|342|709
0|368|342|710
0|368|343|711
0|369|343|712
0|369|344|713
0|370|344|714
0|370|345|715
0|371|345|716
0|371|346|717
0|372|346|718
0|372|347|719
0|373|347|720
0|373|348|721
0|374|348|722
0|374|349|723
0|375|349|724
0|375|350|725
0|376|350|726
0|376|351|727
0|377|351|728
0|377|352|729
0|378|352|730
0|378|353|731
0|379|353|732
0|379|354|733
0|380|354|734
0|380|355|735
0|381|355|736
0|381|356|737
0|382|356|738
0|382|357|739
0|383|357|740
0|383|358|741
0|384|358|742
0|384|359|743
0|385|359|744
0|385|360|745
0|386|360|746
0|386|361|747
0|387|361|748
0|387|362|749
0|388|362|750
0|389|362|751
0|390|362|752
0|390|363|753
0|391|363|754
0|392|363|755
0|393|363|756
0|393|364|757
0|394|364|758
0|394|365|759
0|395|365|760
0|395|366|761
0|396|366|762
0|396|367|763
0|397|367|764
0|397|368|765
0|398|368|766
0|398|369|767
0|399|369|768
0|399|370|769
0|400|370|770
0|400|371|771
0|401|371|772
0|401|372|773
0|402|372|774
0|402|373|775
0|403|373|776
0|403|374|777
0|404|374|778
0|404|375|779
0|405|375|780
0|405|376|781
0|406|376|782
0|406|377|783
0|407|377|784
0|407|378|785
0|408|378|786
0|408|379|787
0|409|379|788
0|409|380|789
0|410|380|790
0|410|381|791
0|411|381|792
0|411|382|793
0|412|382|794
0|412|383|795
0|413|383|796
0|413|384|797
0|414|384|798
0|414|385|799
0|415|385|800
0|415|386|801
0|416|386|802
0|416|387|803
0|417|387|804
0|417|388|805
0|418|388|806
0|418|389|807
0|419|389|808
0|419|390|809
0|420|390|810
0|420|391|811
0|421|391|812
0|421|392|813
0|422|392|814
0|422|393|815
0|423|393|816
0|423|394|817
0|424|394|818
0|424|395|819
0|425|395|820
0|425|396|821
0|426|396|822
0|426|397|823
0|427|397|824
0|427|398|825
0|428|398|826
0|428|399|827
0|429|399|828
0|429|400|829
0|430|400|830
0|430|401|831
0|431|401|832
0|431|402|833
0|432|402|834
0|432|403|835
0|433|403|836
0|433|404|837
0|434|404|838
0|434|405|839
0|435|405|840
0|435|406|841
0|436|406|842
0|436|407|843
0|437|407|844
0|437|408|845
0|438|408|846
0|438|409|847
0|439|409|848
0|439|410|849
0|440|410|850
0|440|411|851
0|441|411|852
0|441|412|853
0|442|412|854
0|442|413|855
0|443|413|856
0|443|414|857
0|444|414|858
0|444|415|859
0|445|415|860
0|445|416|861
0|446|416|862
0|446|417|863
0|447|417|864
0|447|418|865
0|448|418|866
0|448|419|867
0|449|419|868
0|449|420|869
0|450|420|870
0|450|421|871
0|451|421|872
0|451|422|873
0|452|422|874
0|452|423|875
0|453|423|876
0|453|424|877
0|454|424|878
0|454|425|879
0|455|425|880
0|455|426|881
0|456|426|882
0|456|427|883
0|457|427|884
0|457|428|885
0|458|428|886
0|458|429|887
0|459|429|888
0|459|430|889
0|460|430|890
0|460|431|891
0|461|431|892
0|461|432|893
0|462|432|894
0|462|433|895
0|463|433|896
0|463|434|897
0|464|434|898
0|464|435|899
0|465|435|900
0|465|436|901
0|466|436|902
0|466|437|903
0|467|437|904
0|467|438|905
0|468|438|906
0|468|439|907
0|469|439|908
0|469|440|909
0|470|440|910
0|471|440|911
0|472|440|912
0|472|441|913
0|473|441|914
0|473|442|915
0|474|442|916
0|474|443|917
0|475|443|918
0|475|444|919
0|476|444|920
0|476|445|921
0|477|445|922
0|477|446|923
0|478|446|924
0|478|447|925
0|479|447|926
0|479|448|927
0|480|448|928
0|480|449|929
0|481|449|930
0|481|450|931
0|482|450|932
0|482|451|933
0|483|451|934
0|483|452|935
0|484|452|936
0|484|453|937
0|485|453|938
0|485|454|939
0|486|454|940
0|486|455|941
0|487|455|942
0|487|456|943
0|488|456|944
0|488|457|945
0|489|457|946
0|489|458|947
0|490|458|948
0|490|459|949
0|491|459|950
0|491|460|951
0|492|460|952
0|492|461|953
0|493|461|954
0|493|462|955
0|494|462|956
0|494|463|957
0|495|463|958
0|495|464|959
0|496|464|960
0|496|465|961
0|497|465|962
0|497|466|963
0|498|466|964
0|498|467|965
0|499|467|966
0|499|468|967
0|500|468|968
0|500|469|969
0|501|469|970
0|501|470|971
0|502|470|972
0|502|471|973
0|503|471|974
0|503|472|975
0|504|472|976
0|504|473|977
0|505|473|978
0|505|474|979
0|506|474|980
0|506|475|981
0|507|475|982
0|507|476|983
0|508|476|984
0|508|477|985
0|509|477|986
0|509|478|987
0|510|478|988
0|510|479|989
0|511|479|990
0|511|480|991
0|512|480|992
0|512|481|993
0|513|481|994
0|513|482|995
0|514|482|996
0|514|483|997
0|515|483|998
0|516|484|1000
0|517|484|1001
0|517|485|1002
0|518|485|1003
0|518|486|1004
0|519|486|1005
0|519|487|1006
0|520|487|1007
0|520|488|1008
0|521|488|1009
0|521|489|1010
0|522|489|1011
0|522|490|1012
0|523|490|1013
0|523|491|1014
0|524|491|1015
0|524|492|1016
0|525|492|1017
0|525|493|1018
0|526|493|1019
0|526|494|1020
0|527|494|1021
0|527|495|1022
0|528|495|1023
0|528|496|1024
0|529|496|1025
0|529|497|1026
0|530|497|1027
0|530|498|1028
0|531|498|1029
0|531|499|1030
0|532|499|1031
0|532|500|1032
0|533|500|1033
0|533|501|1034
0|534|501|1035
0|535|501|1036
0|536|501|1037
0|537|501|1038
0|538|501|1039
0|538|502|1040
0|539|502|1041
0|539|503|1042
0|540|503|1043
0|540|504|1044
0|541|504|1045
0|541|505|1046
0|542|505|1047
0|542|506|1048
0|543|506|1049
0|543|507|1050
0|544|507|1051
0|544|508|1052
0|545|508|1053
0|545|509|1054
0|546|509|1055
0|546|510|1056
0|547|510|1057
0|547|511|1058
0|548|511|1059
0|548|512|1060
0|549|512|1061
0|549|513|1062
0|550|513|1063
0|550|514|1064
0|551|514|1065
0|551|515|1066
0|552|515|1067
0|552|516|1068
0|553|516|1069
0|553|517|1070
0|554|517|1071
0|554|518|1072
0|555|518|1073
0|555|519|1074
0|556|519|1075
0|556|520|1076
0|557|520|1077
0|557|521|1078
0|558|521|1079
0|558|522|1080
0|559|522|1081
0|559|523|1082
0|560|523|1083
0|560|524|1084
0|561|524|1085
0|561|525|1086
0|562|525|1087
0|562|526|1088
0|563|526|1089
0|563|527|1090
0|564|527|1091
0|564|528|1092
0|565|528|1093
0|565|529|1094
0|566|529|1095
0|566|530|1096
0|567|530|1097
0|567|531|1098
0|568|531|1099
0|568|532|1100
0|569|532|1101
0|569|533|1102
0|570|533|1103
0|570|534|1104
0|571|534|1105
0|571|535|1106
0|572|535|1107
0|572|536|1108
0|573|536|1109
0|574|536|1110
0|575|536|1111
0|576|536|1112
0|577|536|1113
0|578|536|1114
0|579|536|1115
0|579|537|1116
0|580|537|1117
0|580|538|1118
0|581|538|1119
0|581|539|1120
0|582|539|1121
0|582|540|1122
0|583|540|1123
0|583|541|1124
0|584|541|1125
0|584|542|1126
0|585|542|1127
0|585|543|1128
0|586|543|1129
0|587|543|1130
0|588|543|1131
0|589|543|1132
0|590|543|1133
0|590|544|1134
0|591|544|1135
0|591|545|1136
0|592|545|1137
0|592|546|1138
0|593|546|1139
0|593|547|1140
0|594|547|1141
0|594|548|1142
0|595|548|1143
0|595|549|1144
0|596|549|1145
0|597|549|1146
0|598|549|1147
0|598|550|1148
0|599|550|1149
0|600|550|1150
0|601|550|1151
0|601|551|1152
0|602|551|1153
0|602|552|1154
0|603|552|1155
0|603|553|1156
0|604|553|1157
0|604|554|1158
0|605|554|1159
0|605|555|1160
0|606|555|1161
0|606|556|1162
0|607|556|1163
0|607|557|1164
0|608|557|1165
0|608|558|1166
0|609|558|1167
0|609|559|1168
0|610|559|1169
0|610|560|1170
0|611|560|1171
0|611|561|1172
0|612|561|1173
0|612|562|1174
0|613|562|1175
0|613|563|1176
0|614|563|1177
0|614|564|1178
0|615|564|1179
0|615|565|1180
0|616|565|1181
0|616|566|1182
0|617|566|1183
0|617|567|1184
0|618|567|1185
0|618|568|1186
0|619|568|1187
0|619|569|1188
0|620|569|1189
0|620|570|1190
0|621|570|1191
0|621|571|1192
0|622|571|1193
0|622|572|1194
0|623|572|1195
0|623|573|1196
0|624|573|1197
0|624|574|1198
0|625|574|1199
0|625|575|1200
0|626|575|1201
0|626|576|1202
0|627|576|1203
0|627|577|1204
0|628|577|1205
0|629|577|1206
0|630|577|1207
0|630|578|1208
0|631|578|1209
0|631|579|1210
0|632|579|1211
0|632|580|1212
0|633|580|1213
0|633|581|1214
0|634|581|1215
0|634|582|1216
0|635|582|1217
0|635|583|1218
0|636|583|1219
0|636|584|1220
0|637|584|1221
0|637|585|1222
0|638|585|1223
0|638|586|1224
0|639|586|1225
0|639|587|1226
0|640|587|1227
0|640|588|1228
0|641|588|1229
0|641|589|1230
0|642|589|1231
0|642|590|1232
0|643|590|1233
0|643|591|1234
0|644|591|1235
0|644|592|1236
0|645|592|1237
0|645|593|1238
0|646|593|1239
0|646|594|1240
0|647|594|1241
0|647|595|1242
0|648|595|1243
0|648|596|1244
0|649|596|1245
0|649|597|1246
0|650|597|1247
0|650|598|1248
0|651|598|1249
0|651|599|1250
0|652|599|1251
0|652|600|1252
0|653|600|1253
0|653|601|1254
0|654|601|1255
0|654|602|1256
0|655|602|1257
0|655|603|1258
0|656|603|1259
0|656|604|1260
0|657|604|1261
0|657|605|1262
0|658|605|1263
0|658|606|1264
0|659|606|1265
0|659|607|1266
0|660|607|1267
0|660|608|1268
0|661|608|1269
0|661|609|1270
0|662|609|1271
0|662|610|1272
0|663|610|1273
0|663|611|1274
0|664|611|1275
0|665|611|1276
0|666|611|1277
0|666|612|1278
0|667|612|1279
0|667|613|1280
0|668|613|1281
0|668|614|1282
0|669|614|1283
0|669|615|1284
0|670|615|1285
0|670|616|1286
0|671|616|1287
0|671|617|1288
0|672|617|1289
0|672|618|1290
0|673|618|1291
0|673|619|1292
0|674|619|1293
0|674|620|1294
0|675|620|1295
0|676|620|1296
0|677|620|1297
0|677|621|1298
0|678|621|1299
0|678|622|1300
0|679|622|1301
0|679|623|1302
0|680|623|1303
0|680|624|1304
0|681|624|1305
0|681|625|1306
0|682|625|1307
0|682|626|1308
0|683|626|1309
0|683|627|1310
0|684|627|1311
0|684|628|1312
0|685|628|1313
0|686|628|1314
0|687|628|1315
0|687|629|1316
0|688|629|1317
0|688|630|1318
0|689|630|1319
0|689|631|1320
0|690|631|1321
0|690|632|1322
0|691|632|1323
0|691|633|1324
0|692|633|1325
0|692|634|1326
0|693|634|1327
0|693|635|1328
0|694|635|1329
0|694|636|1330
0|695|636|1331
0|695|637|1332
0|696|637|1333
0|696|638|1334
0|697|638|1335
0|697|639|1336
0|698|639|1337
0|698|640|1338
0|699|640|1339
0|699|641|1340
0|700|641|1341
0|700|642|1342
0|701|642|1343
0|701|643|1344
0|702|643|1345
0|702|644|1346
0|703|644|1347
0|703|645|1348
0|704|645|1349
0|704|646|1350
0|705|646|1351
0|705|647|1352
0|706|647|1353
0|706|648|1354
0|707|648|1355
0|707|649|1356
0|708|649|1357
0|708|650|1358
0|709|650|1359
0|709|651|1360
0|710|651|1361
0|710|652|1362
0|711|652|1363
0|711|653|1364
0|712|653|1365
0|712|654|1366
0|713|654|1367
0|713|655|1368
0|714|655|1369
0|714|656|1370
0|715|656|1371
0|715|657|1372
0|716|657|1373
0|716|658|1374
0|717|658|1375
0|717|659|1376
0|718|659|1377
0|718|660|1378
0|719|660|1379
0|719|661|1380
0|720|661|1381
0|720|662|1382
0|721|662|1383
0|721|663|1384
0|722|663|1385
0|722|664|1386
0|723|664|1387
0|723|665|1388
0|724|665|1389
0|724|666|1390
0|725|666|1391
0|725|667|1392
0|726|667|1393
0|726|668|1394
0|727|668|1395
0|727|669|1396
0|728|669|1397
0|728|670|1398
0|729|670|1399
0|729|671|1400
0|730|671|1401
0|730|672|1402
0|731|672|1403
0|732|672|1404
0|733|672|1405
0|734|672|1406
0|735|672|1407
0|735|673|1408
0|736|673|1409
0|736|674|1410
0|737|674|1411
0|737|675|1412
0|738|675|1413
0|738|676|1414
0|739|676|1415
0|739|677|1416
0|740|677|1417
0|740|678|1418
0|741|678|1419
0|741|679|1420
0|742|679|1421
0|742|680|1422
0|743|680|1423
0|743|681|1424
0|744|681|1425
0|744|682|1426
0|745|682|1427
0|745|683|1428
0|746|683|1429
0|746|684|1430
0|747|684|1431
0|747|685|1432
0|748|685|1433
0|748|686|1434
0|749|686|1435
0|749|687|1436
0|750|687|1437
0|750|688|1438
0|751|688|1439
0|751|689|1440
0|752|689|1441
0|752|690|1442
0|753|690|1443
0|753|691|1444
0|754|691|1445
0|754|692|1446
0|755|692|1447
0|755|693|1448
0|756|693|1449
0|756|694|1450
0|757|694|1451
0|757|695|1452
0|758|695|1453
0|758|696|1454
0|759|696|1455
0|760|696|1456
0|761|696|1457
0|761|697|1458
0|762|697|1459
0|762|698|1460
0|763|698|1461
0|763|699|1462
0|764|699|1463
0|764|700|1464
0|765|700|1465
0|765|701|1466
0|766|701|1467
0|766|702|1468
0|767|702|1469
0|767|703|1470
0|768|703|1471
0|768|704|1472
0|769|704|1473
0|770|704|1474
0|771|704|1475
0|771|705|1476
0|772|705|1477
0|773|705|1478
0|774|705|1479
0|774|706|1480
0|775|706|1481
0|775|707|1482
0|776|707|1483
0|776|708|1484
0|777|708|1485
0|777|709|1486
0|778|709|1487
0|778|710|1488
0|779|710|1489
0|779|711|1490
0|780|711|1491
0|780|712|1492
0|781|712|1493
0|782|712|1494
0|783|712|1495
0|783|713|1496
0|784|713|1497
0|784|714|1498
0|785|714|1499
0|785|715|1500
0|786|715|1501
0|786|716|1502
0|787|716|1503
0|787|717|1504
0|788|717|1505
0|788|718|1506
0|789|718|1507
0|789|719|1508
0|790|719|1509
0|791|719|1510
0|792|719|1511
0|792|720|1512
0|793|720|1513
0|794|720|1514
0|795|720|1515
0|795|721|1516
0|796|721|1517
0|796|722|1518
0|797|722|1519
0|797|723|1520
0|798|723|1521
0|798|724|1522
0|799|724|1523
0|799|725|1524
0|800|725|1525
0|800|726|1526
0|801|726|1527
0|801|727|1528
0|802|727|1529
0|802|728|1530
0|803|728|1531
0|803|729|1532
0|804|729|1533
0|804|730|1534
0|805|730|1535
0|805|731|1536
0|806|731|1537
0|806|732|1538
0|807|732|1539
0|807|733|1540
0|808|733|1541
0|808|734|1542
0|809|734|1543
0|809|735|1544
0|810|735|1545
0|810|736|1546
0|811|736|1547
0|811|737|1548
0|812|737|1549
0|812|738|1550
0|813|738|1551
0|813|739|1552
0|814|739|1553
0|814|740|1554
0|815|740|1555
0|815|741|1556
0|816|741|1557
0|816|742|1558
0|817|742|1559
0|817|743|1560
0|818|743|1561
0|818|744|1562
0|819|744|1563
0|819|745|1564
0|820|745|1565
0|820|746|1566
0|821|746|1567
0|821|747|1568
0|822|747|1569
0|822|748|1570
0|823|748|1571
0|823|749|1572
0|824|749|1573
0|824|750|1574
0|825|750|1575
0|825|751|1576
0|826|751|1577
0|826|752|1578
0|827|752|1579
0|827|753|1580
0|828|753|1581
0|828|754|1582
0|829|754|1583
0|830|754|1584
0|831|754|1585
0|831|755|1586
0|832|755|1587
0|832|756|1588
0|833|756|1589
0|833|757|1590
0|834|757|1591
0|834|758|1592
0|835|758|1593
0|835|759|1594
0|836|759|1595
0|836|760|1596
0|837|760|1597
0|837|761|1598
0|838|761|1599
0|838|762|1600
0|839|762|1601
0|839|763|1602
0|840|763|1603
0|840|764|1604
0|841|764|1605
0|841|765|1606
0|842|765|1607
0|842|766|1608
0|843|766|1609
0|843|767|1610
0|844|767|1611
0|844|768|1612
0|845|768|1613
0|845|769|1614
0|846|769|1615
0|846|770|1616
0|847|770|1617
0|847|771|1618
0|848|771|1619
0|848|772|1620
0|849|772|1621
0|849|773|1622
0|850|773|1623
0|850|774|1624
0|851|774|1625
0|851|775|1626
0|852|775|1627
0|852|776|1628
0|853|776|1629
0|853|777|1630
0|854|777|1631
0|854|778|1632
0|855|778|1633
0|855|779|1634
0|856|779|1635
0|856|780|1636
0|857|780|1637
0|857|781|1638
0|858|781|1639
0|858|782|1640
0|859|782|1641
0|859|783|1642
0|860|783|1643
0|860|784|1644
0|861|784|1645
0|861|785|1646
0|862|785|1647
0|862|786|1648
0|863|786|1649
0|863|787|1650
0|864|787|1651
0|864|788|1652
0|865|788|1653
0|865|789|1654
0|866|789|1655
0|866|790|1656
0|867|790|1657
0|867|791|1658
0|868|791|1659
0|868|792|1660
0|869|792|1661
0|869|793|1662
0|870|793|1663
0|870|794|1664
0|871|794|1665
0|871|795|1666
0|872|795|1667
0|872|796|1668
0|873|796|1669
0|873|797|1670
0|874|797|1671
0|874|798|1672
0|875|798|1673
0|875|799|1674
0|876|799|1675
0|876|800|1676
0|877|800|1677
0|877|801|1678
0|878|801|1679
0|878|802|1680
0|879|802|1681
0|879|803|1682
0|880|803|1683
0|880|804|1684
0|881|804|1685
0|881|805|1686
0|882|805|1687
0|882|806|1688
0|883|806|1689
0|884|806|1690
0|885|806|1691
0|885|807|1692
0|886|807|1693
0|886|808|1694
0|887|808|1695
0|887|809|1696
0|888|809|1697
0|888|810|1698
0|889|810|1699
0|889|811|1700
0|890|811|1701
0|890|812|1702
0|891|812|1703
0|891|813|1704
0|892|813|1705
0|892|814|1706
0|893|814|1707
0|893|815|1708
0|894|815|1709
0|894|816|1710
0|895|816|1711
0|895|817|1712
0|896|817|1713
0|896|818|1714
0|897|818|1715
0|897|819|1716
0|898|819|1717
0|898|820|1718
0|899|820|1719
0|899|821|1720
0|900|821|1721
0|900|822|1722
0|901|822|1723
0|901|823|1724
0|902|823|1725
0|902|824|1726
0|903|824|1727
0|903|825|1728
0|904|825|1729
0|904|826|1730
0|905|826|1731
0|905|827|1732
0|906|827|1733
0|906|828|1734
0|907|828|1735
0|907|829|1736
0|908|829|1737
0|908|830|1738
0|909|830|1739
0|909|831|1740
0|910|831|1741
0|910|832|1742
0|911|832|1743
0|911|833|1744
0|912|833|1745
0|912|834|1746
0|913|834|1747
0|913|835|1748
0|914|835|1749
0|915|835|1750
0|916|835|1751
0|916|836|1752
0|917|836|1753
0|918|836|1754
0|919|836|1755
0|919|837|1756
0|920|837|1757
0|920|838|1758
0|921|838|1759
0|921|839|1760
0|922|839|1761
0|922|840|1762
0|923|840|1763
0|923|841|1764
0|924|841|1765
0|924|842|1766
0|925|842|1767
0|925|843|1768
0|926|843|1769
0|926|844|1770
0|927|844|1771
0|927|845|1772
0|928|845|1773
0|928|846|1774
0|929|846|1775
0|929|847|1776
0|930|847|1777
0|930|848|1778
0|931|848|1779
0|931|849|1780
0|932|849|1781
0|932|850|1782
0|933|850|1783
0|933|851|1784
0|934|851|1785
0|934|852|1786
0|935|852|1787
0|935|853|1788
