total
0|1|0|1
0|2|0|2
0|2|1|3
0|3|1|4
0|4|1|5
0|5|1|6
0|6|1|7
0|7|1|8
0|7|2|9
0|8|2|10
0|8|3|11
0|9|3|12
0|9|4|13
0|10|4|14
0|11|4|15
0|12|4|16
0|12|5|17
0|13|5|18
0|13|6|19
0|14|6|20
0|15|6|21
0|16|6|22
0|16|7|23
0|17|7|24
0|17|8|25
0|18|8|26
0|18|9|27
0|19|9|28
0|19|10|29
0|20|10|30
0|20|11|31
0|21|11|32
0|21|12|33
0|22|12|34
0|22|13|35
0|23|13|36
0|24|13|37
1|24|13|38
1|25|13|39
1|26|13|40
1|26|14|41
1|27|14|42
1|27|15|43
1|28|15|44
1|28|16|45
1|29|16|46
1|29|17|47
1|30|17|48
1|30|18|49
1|31|18|50
1|31|19|51
1|32|19|52
1|32|20|53
1|33|20|54
1|34|20|55
1|35|20|56
1|35|21|57
1|36|21|58
1|36|22|59
1|37|22|60
1|37|23|61
1|38|23|62
1|38|24|63
1|39|24|64
1|39|25|65
1|40|25|66
1|40|26|67
1|41|26|68
1|41|27|69
1|42|27|70
1|42|28|71
1|43|28|72
1|44|28|73
1|45|28|74
1|46|28|75
1|47|28|76
1|47|29|77
1|48|29|78
1|48|30|79
1|49|30|80
1|49|31|81
1|50|31|82
1|50|32|83
1|51|32|84
1|51|33|85
1|52|33|86
1|52|34|87
1|53|34|88
1|53|35|89
1|54|35|90
1|54|36|91
1|55|36|92
1|55|37|93
1|56|37|94
1|56|38|95
1|57|38|96
1|57|39|97
1|58|39|98
1|58|40|99
1|59|40|100
1|59|41|101
1|60|41|102
1|60|42|103
1|61|42|104
1|61|43|105
1|62|43|106
1|62|44|107
1|63|44|108
1|63|45|109
1|64|45|110
1|64|46|111
1|65|46|112
1|65|47|113
1|66|47|114
1|66|48|115
1|67|48|116
1|67|49|117
1|68|49|118
1|68|50|119
1|69|50|120
1|69|51|121
1|70|51|122
1|70|52|123
1|71|52|124
1|71|53|125
1|72|53|126
1|72|54|127
1|73|54|128
1|73|55|129
1|74|55|130
1|75|55|131
1|76|55|132
1|77|55|133
1|78|55|134
1|79|55|135
1|80|55|136
1|81|55|137
1|82|55|138
1|83|55|139
1|84|55|140
1|85|55|141
1|86|55|142
1|87|55|143
1|88|55|144
1|89|55|145
1|90|55|146
1|91|55|147
1|92|55|148
1|93|55|149
1|94|55|150
1|94|56|151
1|95|56|152
1|95|57|153
1|96|57|154
1|96|58|155
1|97|58|156
1|97|59|157
1|98|59|158
1|98|60|159
1|99|60|160
1|99|61|161
1|100|61|162
1|100|62|163
1|101|62|164
1|101|63|165
1|102|63|166
1|102|64|167
1|103|64|168
1|103|65|169
1|104|65|170
1|104|66|171
1|105|66|172
1|105|67|173
1|106|67|174
1|106|68|175
1|107|68|176
1|107|69|177
1|108|69|178
1|108|70|179
1|109|70|180
1|109|71|181
1|110|71|182
1|110|72|183
1|111|72|184
1|111|73|185
1|112|73|186
1|112|74|187
1|113|74|188
1|113|75|189
1|114|75|190
1|114|76|191
1|115|76|192
1|115|77|193
1|116|77|194
1|116|78|195
1|117|78|196
1|117|79|197
1|118|79|198
1|119|79|199
1|120|79|200
1|121|79|201
1|122|79|202
1|123|79|203
1|124|79|204
1|124|80|205
1|125|80|206
1|125|81|207
1|126|81|208
1|126|82|209
1|127|82|210
1|127|83|211
1|128|83|212
1|128|84|213
1|129|84|214
1|129|85|215
1|130|85|216
1|130|86|217
1|131|86|218
1|131|87|219
1|132|87|220
1|132|88|221
1|133|88|222
1|133|89|223
1|134|89|224
1|134|90|225
1|135|90|226
1|135|91|227
1|136|91|228
1|136|92|229
1|137|92|230
1|137|93|231
1|138|93|232
1|138|94|233
1|139|94|234
1|139|95|235
1|140|95|236
1|140|96|237
1|141|96|238
1|141|97|239
1|142|97|240
1|142|98|241
1|143|98|242
1|143|99|243
1|144|99|244
1|144|100|245
1|145|100|246
1|145|101|247
1|146|101|248
1|146|102|249
1|147|102|250
1|147|103|251
1|148|103|252
1|148|104|253
1|149|104|254
1|149|105|255
1|150|105|256
1|150|106|257
1|151|106|258
1|151|107|259
1|152|107|260
1|152|108|261
1|153|108|262
1|153|109|263
1|154|109|264
1|154|110|265
1|155|110|266
1|155|111|267
1|156|111|268
1|156|112|269
1|157|112|270
1|157|113|271
1|158|113|272
1|158|114|273
1|159|114|274
1|159|115|275
1|160|115|276
1|160|116|277
1|161|116|278
1|161|117|279
1|162|117|280
1|162|118|281
1|163|118|282
1|163|119|283
1|164|119|284
1|165|119|285
1|166|119|286
1|167|119|287
1|168|119|288
1|169|119|289
1|170|119|290
1|171|119|291
1|172|119|292
1|173|119|293
1|174|119|294
1|175|119|295
1|176|119|296
1|177|119|297
1|178|119|298
1|179|119|299
1|180|119|300
1|181|119|301
1|182|119|302
1|182|120|303
1|183|120|304
1|183|121|305
1|184|121|306
1|184|122|307
1|185|122|308
1|185|123|309
1|186|123|310
1|186|124|311
1|187|124|312
1|187|125|313
1|188|125|314
1|188|126|315
1|189|126|316
1|189|127|317
1|190|127|318
1|190|128|319
1|191|128|320
1|191|129|321
1|192|129|322
1|192|130|323
1|193|130|324
1|193|131|325
1|194|131|326
1|194|132|327
1|195|132|328
1|195|133|329
1|196|133|330
1|196|134|331
1|197|134|332
1|197|135|333
1|198|135|334
1|198|136|335
1|199|136|336
1|199|137|337
1|200|137|338
1|200|138|339
1|201|138|340
1|201|139|341
1|202|139|342
1|202|140|343
1|203|140|344
1|203|141|345
1|204|141|346
1|204|142|347
1|205|142|348
1|205|143|349
1|206|143|350
1|206|144|351
1|207|144|352
1|207|145|353
1|208|145|354
1|208|146|355
1|209|146|356
1|209|147|357
1|210|147|358
1|210|148|359
1|211|148|360
1|211|149|361
1|212|149|362
1|212|150|363
1|213|150|364
1|213|151|365
1|214|151|366
1|214|152|367
1|215|152|368
1|215|153|369
1|216|153|370
1|216|154|371
1|217|154|372
1|217|155|373
1|218|155|374
1|218|156|375
1|219|156|376
1|219|157|377
1|220|157|378
1|220|158|379
1|221|158|380
1|221|159|381
1|222|159|382
1|222|160|383
1|223|160|384
1|223|161|385
1|224|161|386
1|224|162|387
1|225|162|388
1|225|163|389
1|226|163|390
1|226|164|391
1|227|164|392
1|227|165|393
1|228|165|394
1|228|166|395
1|229|166|396
1|229|167|397
1|230|167|398
1|230|168|399
1|231|168|400
1|231|169|401
1|232|169|402
1|232|170|403
1|233|170|404
1|233|171|405
1|234|171|406
1|234|172|407
1|235|172|408
1|235|173|409
1|236|173|410
1|236|174|411
1|237|174|412
1|237|175|413
1|238|175|414
1|238|176|415
1|239|176|416
1|239|177|417
1|240|177|418
1|240|178|419
1|241|178|420
1|241|179|421
1|242|179|422
1|242|180|423
1|243|180|424
1|243|181|425
1|244|181|426
1|244|182|427
1|245|182|428
1|245|183|429
1|246|183|430
1|247|183|431
1|248|183|432
1|249|183|433
1|250|183|434
1|251|183|435
1|252|183|436
1|253|183|437
1|254|183|438
1|255|183|439
1|256|183|440
1|257|183|441
1|258|183|442
1|259|183|443
1|260|183|444
1|261|183|445
1|262|183|446
1|263|183|447
1|264|183|448
1|264|184|449
1|265|184|450
1|265|185|451
1|266|185|452
1|266|186|453
1|267|186|454
1|267|187|455
1|268|187|456
1|268|188|457
1|269|188|458
1|269|189|459
1|270|189|460
1|270|190|461
1|271|190|462
1|271|191|463
1|272|191|464
1|272|192|465
1|273|192|466
1|273|193|467
1|274|193|468
1|274|194|469
1|275|194|470
1|275|195|471
1|276|195|472
1|276|196|473
1|277|196|474
1|277|197|475
1|278|197|476
1|278|198|477
1|279|198|478
1|279|199|479
1|280|199|480
1|280|200|481
1|281|200|482
1|281|201|483
1|282|201|484
1|282|202|485
1|283|202|486
1|283|203|487
1|284|203|488
1|284|204|489
1|285|204|490
1|285|205|491
1|286|205|492
1|286|206|493
1|287|206|494
1|287|207|495
1|288|207|496
1|288|208|497
1|289|208|498
1|289|209|499
1|290|209|500
1|290|210|501
1|291|210|502
1|291|211|503
1|292|211|504
1|292|212|505
1|293|212|506
1|293|213|507
1|294|213|508
1|294|214|509
1|295|214|510
1|295|215|511
1|296|215|512
1|296|216|513
1|297|216|514
1|297|217|515
1|298|217|516
1|298|218|517
1|299|218|518
1|299|219|519
1|300|219|520
1|300|220|521
1|301|220|522
1|301|221|523
1|302|221|524
1|302|222|525
1|303|222|526
1|303|223|527
1|304|223|528
1|304|224|529
1|305|224|530
1|305|225|531
1|306|225|532
1|306|226|533
1|307|226|534
1|307|227|535
1|308|227|536
1|308|228|537
1|309|228|538
1|309|229|539
1|310|229|540
1|310|230|541
1|311|230|542
1|311|231|543
1|312|231|544
1|312|232|545
1|313|232|546
1|313|233|547
1|314|233|548
1|314|234|549
1|315|234|550
1|315|235|551
1|316|235|552
1|316|236|553
1|317|236|554
1|317|237|555
1|318|237|556
1|318|238|557
1|319|238|558
1|319|239|559
1|320|239|560
1|320|240|561
1|321|240|562
1|321|241|563
1|322|241|564
1|322|242|565
1|323|242|566
1|323|243|567
1|324|243|568
1|324|244|569
1|325|244|570
1|325|245|571
1|326|245|572
1|326|246|573
1|327|246|574
1|327|247|575
1|328|247|576
1|328|248|577
1|329|248|578
1|329|249|579
1|330|249|580
1|330|250|581
1|331|250|582
1|331|251|583
1|332|251|584
1|332|252|585
1|333|252|586
1|333|253|587
1|334|253|588
1|334|254|589
1|335|254|590
1|335|255|591
1|336|255|592
1|337|255|593
1|338|255|594
1|339|255|595
1|340|255|596
1|341|255|597
1|342|255|598
1|343|255|599
1|344|255|600
1|345|255|601
1|346|255|602
1|347|255|603
1|348|255|604
1|349|255|605
1|350|255|606
1|351|255|607
1|352|255|608
1|353|255|609
1|354|255|610
1|354|256|611
1|355|256|612
1|355|257|613
1|356|257|614
1|356|258|615
1|357|258|616
1|357|259|617
1|358|259|618
1|358|260|619
1|359|260|620
1|359|261|621
1|360|261|622
1|360|262|623
1|361|262|624
1|361|263|625
1|362|263|626
1|362|264|627
1|363|264|628
1|363|265|629
1|364|265|630
1|364|266|631
1|365|266|632
1|365|267|633
1|366|267|634
1|366|268|635
1|367|268|636
1|367|269|637
1|368|269|638
1|368|270|639
1|369|270|640
1|369|271|641
1|370|271|642
1|370|272|643
1|371|272|644
1|371|273|645
1|372|273|646
1|372|274|647
1|373|274|648
1|373|275|649
1|374|275|650
1|374|276|651
1|375|276|652
1|375|277|653
1|376|277|654
1|376|278|655
1|377|278|656
1|377|279|657
1|378|279|658
1|378|280|659
1|379|280|660
1|379|281|661
1|380|281|662
1|380|282|663
1|381|282|664
1|381|283|665
1|382|283|666
1|382|284|667
1|383|284|668
1|383|285|669
1|384|285|670
1|384|286|671
1|385|286|672
1|385|287|673
1|386|287|674
1|386|288|675
1|387|288|676
1|387|289|677
1|388|289|678
1|388|290|679
1|389|290|680
1|389|291|681
1|390|291|682
1|390|292|683
1|391|292|684
1|391|293|685
1|392|293|686
1|392|294|687
1|393|294|688
1|393|295|689
1|394|295|690
1|394|296|691
1|395|296|692
1|395|297|693
1|396|297|694
1|396|298|695
1|397|298|696
1|397|299|697
1|398|299|698
1|398|300|699
1|399|300|700
1|399|301|701
1|400|301|702
1|400|302|703
1|401|302|704
1|401|303|705
1|402|303|706
1|402|304|707
1|403|304|708
1|403|305|709
1|404|305|710
1|404|306|711
1|405|306|712
1|405|307|713
1|406|307|714
1|406|308|715
1|407|308|716
1|407|309|717
1|408|309|718
1|408|310|719
1|409|310|720
1|409|311|721
1|410|311|722
1|410|312|723
1|411|312|724
1|411|313|725
1|412|313|726
1|412|314|727
1|413|314|728
1|413|315|729
1|414|315|730
1|414|316|731
1|415|316|732
1|415|317|733
1|416|317|734
1|416|318|735
1|417|318|736
1|417|319|737
1|418|319|738
1|419|319|739
1|420|319|740
1|421|319|741
1|422|319|742
1|423|319|743
1|424|319|744
1|425|319|745
1|426|319|746
1|427|319|747
1|428|319|748
1|429|319|749
1|430|319|750
1|431|319|751
1|432|319|752
1|433|319|753
1|434|319|754
1|435|319|755
1|436|319|756
1|436|320|757
1|437|320|758
1|437|321|759
1|438|321|760
1|438|322|761
1|439|322|762
1|439|323|763
1|440|323|764
1|440|324|765
1|441|324|766
1|441|325|767
1|442|325|768
1|442|326|769
1|443|326|770
1|443|327|771
1|444|327|772
1|444|328|773
1|445|328|774
1|445|329|775
1|446|329|776
1|446|330|777
1|447|330|778
1|447|331|779
1|448|331|780
1|448|332|781
1|449|332|782
1|449|333|783
1|450|333|784
1|450|334|785
1|451|334|786
1|451|335|787
1|452|335|788
1|452|336|789
1|453|336|790
1|453|337|791
1|454|337|792
1|454|338|793
1|455|338|794
1|455|339|795
1|456|339|796
1|456|340|797
1|457|340|798
1|457|341|799
1|458|341|800
1|458|342|801
1|459|342|802
1|459|343|803
1|460|343|804
1|460|344|805
1|461|344|806
1|461|345|807
1|462|345|808
1|462|346|809
1|463|346|810
1|463|347|811
1|464|347|812
1|464|348|813
1|465|348|814
1|465|349|815
1|466|349|816
1|466|350|817
1|467|350|818
1|467|351|819
1|468|351|820
1|468|352|821
1|469|352|822
1|469|353|823
1|470|353|824
1|470|354|825
1|471|354|826
1|471|355|827
1|472|355|828
1|472|356|829
1|473|356|830
1|473|357|831
1|474|357|832
1|474|358|833
1|475|358|834
1|475|359|835
1|476|359|836
1|476|360|837
1|477|360|838
1|477|361|839
1|478|361|840
1|478|362|841
1|479|362|842
1|479|363|843
1|480|363|844
1|480|364|845
1|481|364|846
1|481|365|847
1|482|365|848
1|482|366|849
1|483|366|850
1|483|367|851
1|484|367|852
1|484|368|853
1|485|368|854
1|485|369|855
1|486|369|856
1|486|370|857
1|487|370|858
1|487|371|859
1|488|371|860
1|488|372|861
1|489|372|862
1|489|373|863
1|490|373|864
1|490|374|865
1|491|374|866
1|491|375|867
1|492|375|868
1|492|376|869
1|493|376|870
1|493|377|871
1|494|377|872
1|494|378|873
1|495|378|874
1|495|379|875
1|496|379|876
1|496|380|877
1|497|380|878
1|497|381|879
1|498|381|880
1|498|382|881
1|499|382|882
1|499|383|883
1|500|383|884
1|500|384|885
1|501|384|886
1|501|385|887
1|502|385|888
1|502|386|889
1|503|386|890
1|503|387|891
1|504|387|892
1|504|388|893
1|505|388|894
1|505|389|895
1|506|389|896
1|506|390|897
1|507|390|898
1|507|391|899
1|508|391|900
1|509|391|901
1|510|391|902
1|511|391|903
1|512|391|904
1|513|391|905
1|514|391|906
1|515|391|907
1|516|391|908
1|517|391|909
1|518|391|910
1|519|391|911
1|520|391|912
1|521|391|913
1|522|391|914
1|523|391|915
1|524|391|916
1|525|391|917
1|526|391|918
1|526|392|919
1|527|392|920
1|527|393|921
1|528|393|922
1|528|394|923
1|529|394|924
1|529|395|925
1|530|395|926
1|530|396|927
1|531|396|928
1|531|397|929
1|532|397|930
1|532|398|931
1|533|398|932
1|533|399|933
1|534|399|934
1|534|400|935
1|535|400|936
1|535|401|937
1|536|401|938
1|536|402|939
1|537|402|940
1|537|403|941
1|538|403|942
1|538|404|943
1|539|404|944
1|539|405|945
1|540|405|946
1|540|406|947
1|541|406|948
1|541|407|949
1|542|407|950
1|542|408|951
1|543|408|952
1|543|409|953
1|544|409|954
1|544|410|955
1|545|410|956
1|545|411|957
1|546|411|958
1|546|412|959
1|547|412|960
1|547|413|961
1|548|413|962
1|548|414|963
1|549|414|964
1|549|415|965
1|550|415|966
1|550|416|967
1|551|416|968
1|551|417|969
1|552|417|970
1|552|418|971
1|553|418|972
1|553|419|973
1|554|419|974
1|554|420|975
1|555|420|976
1|555|421|977
1|556|421|978
1|556|422|979
1|557|422|980
1|557|423|981
1|558|423|982
1|558|424|983
1|559|424|984
1|559|425|985
1|560|425|986
1|560|426|987
1|561|426|988
1|561|427|989
1|562|427|990
1|562|428|991
1|563|428|992
1|563|429|993
1|564|429|994
1|564|430|995
1|565|430|996
1|565|431|997
1|566|431|998
1|566|432|999
1|567|432|1000
1|567|433|1001
1|568|433|1002
1|568|434|1003
1|569|434|1004
1|569|435|1005
1|570|435|1006
1|570|436|1007
1|571|436|1008
1|571|437|1009
1|572|437|1010
1|572|438|1011
1|573|438|1012
1|573|439|1013
1|574|439|1014
1|574|440|1015
1|575|440|1016
1|575|441|1017
1|576|441|1018
1|576|442|1019
1|577|442|1020
1|577|443|1021
1|578|443|1022
1|578|444|1023
1|579|444|1024
1|579|445|1025
1|580|445|1026
1|580|446|1027
1|581|446|1028
1|581|447|1029
1|582|447|1030
1|583|447|1031
1|584|447|1032
1|585|447|1033
1|586|447|1034
1|587|447|1035
1|588|447|1036
1|589|447|1037
1|590|447|1038
1|591|447|1039
1|592|447|1040
1|593|447|1041
1|594|447|1042
1|595|447|1043
1|596|447|1044
1|597|447|1045
1|598|447|1046
1|599|447|1047
1|600|447|1048
1|600|448|1049
1|601|448|1050
1|601|449|1051
1|602|449|1052
1|602|450|1053
1|603|450|1054
1|603|451|1055
1|604|451|1056
1|604|452|1057
1|605|452|1058
1|605|453|1059
1|606|453|1060
1|606|454|1061
1|607|454|1062
1|607|455|1063
1|608|455|1064
1|608|456|1065
1|609|456|1066
1|609|457|1067
1|610|457|1068
1|610|458|1069
1|611|458|1070
1|611|459|1071
1|612|459|1072
1|612|460|1073
1|613|460|1074
1|613|461|1075
1|614|461|1076
1|614|462|1077
1|615|462|1078
1|615|463|1079
1|616|463|1080
1|616|464|1081
1|617|464|1082
1|617|465|1083
1|618|465|1084
1|618|466|1085
1|619|466|1086
1|619|467|1087
1|620|467|1088
1|620|468|1089
1|621|468|1090
1|621|469|1091
1|622|469|1092
1|622|470|1093
1|623|470|1094
1|623|471|1095
1|624|471|1096
1|624|472|1097
1|625|472|1098
1|625|473|1099
1|626|473|1100
1|626|474|1101
1|627|474|1102
1|627|475|1103
1|628|475|1104
1|628|476|1105
1|629|476|1106
1|629|477|1107
1|630|477|1108
1|631|477|1109
1|632|477|1110
1|633|477|1111
1|634|477|1112
1|635|477|1113
1|636|477|1114
1|636|478|1115
1|637|478|1116
1|637|479|1117
1|638|479|1118
1|638|480|1119
1|639|480|1120
1|639|481|1121
1|640|481|1122
1|640|482|1123
1|641|482|1124
1|641|483|1125
1|642|483|1126
1|643|483|1127
1|644|483|1128
1|645|483|1129
1|646|483|1130
1|647|483|1131
1|648|483|1132
1|648|484|1133
1|649|484|1134
1|649|485|1135
1|650|485|1136
1|650|486|1137
1|651|486|1138
1|651|487|1139
1|652|487|1140
1|652|488|1141
1|653|488|1142
1|653|489|1143
1|654|489|1144
1|655|489|1145
1|656|489|1146
1|656|490|1147
1|657|490|1148
1|658|490|1149
1|659|490|1150
1|659|491|1151
1|660|491|1152
1|660|492|1153
1|661|492|1154
1|661|493|1155
1|662|493|1156
1|662|494|1157
1|663|494|1158
1|663|495|1159
1|664|495|1160
1|664|496|1161
1|665|496|1162
1|665|497|1163
1|666|497|1164
1|666|498|1165
1|667|498|1166
1|667|499|1167
1|668|499|1168
1|668|500|1169
1|669|500|1170
1|669|501|1171
1|670|501|1172
1|670|502|1173
1|671|502|1174
1|671|503|1175
1|672|503|1176
1|672|504|1177
1|673|504|1178
1|673|505|1179
1|674|505|1180
1|674|506|1181
1|675|506|1182
1|675|507|1183
1|676|507|1184
1|676|508|1185
1|677|508|1186
1|677|509|1187
1|678|509|1188
1|678|510|1189
1|679|510|1190
1|679|511|1191
1|680|511|1192
1|680|512|1193
1|681|512|1194
1|681|513|1195
1|682|513|1196
1|682|514|1197
1|683|514|1198
1|683|515|1199
1|684|515|1200
1|684|516|1201
1|685|516|1202
1|685|517|1203
1|686|517|1204
1|687|517|1205
1|688|517|1206
1|689|517|1207
1|690|517|1208
1|691|517|1209
1|692|517|1210
1|693|517|1211
1|694|517|1212
1|695|517|1213
1|696|517|1214
1|697|517|1215
1|698|517|1216
1|699|517|1217
1|700|517|1218
1|701|517|1219
1|702|517|1220
1|703|517|1221
1|704|517|1222
1|705|517|1223
1|706|517|1224
1|706|518|1225
1|707|518|1226
1|707|519|1227
1|708|519|1228
1|708|520|1229
1|709|520|1230
1|709|521|1231
1|710|521|1232
1|710|522|1233
1|711|522|1234
1|711|523|1235
1|712|523|1236
1|712|524|1237
1|713|524|1238
1|713|525|1239
1|714|525|1240
1|714|526|1241
1|715|526|1242
1|715|527|1243
1|716|527|1244
1|716|528|1245
1|717|528|1246
1|717|529|1247
1|718|529|1248
1|718|530|1249
1|719|530|1250
1|719|531|1251
1|720|531|1252
1|720|532|1253
1|721|532|1254
1|721|533|1255
1|722|533|1256
1|722|534|1257
1|723|534|1258
1|723|535|1259
1|724|535|1260
1|724|536|1261
1|725|536|1262
1|725|537|1263
1|726|537|1264
1|726|538|1265
1|727|538|1266
1|727|539|1267
1|728|539|1268
1|728|540|1269
1|729|540|1270
1|729|541|1271
1|730|541|1272
1|731|541|1273
1|732|541|1274
1|733|541|1275
1|734|541|1276
1|735|541|1277
1|736|541|1278
1|736|542|1279
1|737|542|1280
1|737|543|1281
1|738|543|1282
1|738|544|1283
1|739|544|1284
1|739|545|1285
1|740|545|1286
1|740|546|1287
1|741|546|1288
1|741|547|1289
1|742|547|1290
1|742|548|1291
1|743|548|1292
1|744|548|1293
1|745|548|1294
1|746|548|1295
1|747|548|1296
1|747|549|1297
1|748|549|1298
1|748|550|1299
1|749|550|1300
1|749|551|1301
1|750|551|1302
1|750|552|1303
1|751|552|1304
1|751|553|1305
1|752|553|1306
1|752|554|1307
1|753|554|1308
1|754|554|1309
1|755|554|1310
1|756|554|1311
1|757|554|1312
1|758|554|1313
1|759|554|1314
1|759|555|1315
1|760|555|1316
1|760|556|1317
1|761|556|1318
1|761|557|1319
1|762|557|1320
1|762|558|1321
1|763|558|1322
1|763|559|1323
1|764|559|1324
1|764|560|1325
1|765|560|1326
1|765|561|1327
1|766|561|1328
1|767|561|1329
1|768|561|1330
1|769|561|1331
1|770|561|1332
1|770|562|1333
1|771|562|1334
1|771|563|1335
1|772|563|1336
1|772|564|1337
1|773|564|1338
1|773|565|1339
1|774|565|1340
1|774|566|1341
1|775|566|1342
1|775|567|1343
1|776|567|1344
1|776|568|1345
1|777|568|1346
1|777|569|1347
1|778|569|1348
1|778|570|1349
1|779|570|1350
1|779|571|1351
1|780|571|1352
1|780|572|1353
1|781|572|1354
1|781|573|1355
1|782|573|1356
1|782|574|1357
1|783|574|1358
1|783|575|1359
1|784|575|1360
1|784|576|1361
1|785|576|1362
1|786|577|1364
1|787|577|1365
1|787|578|1366
1|788|578|1367
1|788|579|1368
1|789|579|1369
1|789|580|1370
1|790|580|1371
1|790|581|1372
1|791|581|1373
1|791|582|1374
1|792|582|1375
1|792|583|1376
1|793|583|1377
1|793|584|1378
1|794|584|1379
1|794|585|1380
1|795|585|1381
1|795|586|1382
1|796|586|1383
1|796|587|1384
1|797|587|1385
1|797|588|1386
1|798|588|1387
1|799|588|1388
1|800|588|1389
1|801|588|1390
1|802|588|1391
1|803|588|1392
1|804|588|1393
1|805|588|1394
1|806|588|1395
1|807|588|1396
1|808|588|1397
1|809|588|1398
1|810|588|1399
1|811|588|1400
1|812|588|1401
1|813|588|1402
1|814|588|1403
1|815|588|1404
1|816|588|1405
1|817|588|1406
1|818|588|1407
1|818|589|1408
1|819|589|1409
1|819|590|1410
1|820|590|1411
1|820|591|1412
1|821|591|1413
1|821|592|1414
1|822|592|1415
1|822|593|1416
1|823|593|1417
1|823|594|1418
1|824|594|1419
1|824|595|1420
1|825|595|1421
1|825|596|1422
1|826|596|1423
1|826|597|1424
1|827|597|1425
1|827|598|1426
1|828|598|1427
1|828|599|1428
1|829|599|1429
1|829|600|1430
1|830|600|1431
1|830|601|1432
1|831|601|1433
1|831|602|1434
1|832|602|1435
1|832|603|1436
1|833|603|1437
1|833|604|1438
1|834|604|1439
1|834|605|1440
1|835|605|1441
1|835|606|1442
1|836|606|1443
1|836|607|1444
1|837|607|1445
1|837|608|1446
1|838|608|1447
1|838|609|1448
1|839|609|1449
1|839|610|1450
1|840|610|1451
1|840|611|1452
1|841|611|1453
1|841|612|1454
1|842|612|1455
1|843|612|1456
1|844|612|1457
1|845|612|1458
1|846|612|1459
1|847|612|1460
1|848|612|1461
1|848|613|1462
1|849|613|1463
1|849|614|1464
1|850|614|1465
1|850|615|1466
1|851|615|1467
1|851|616|1468
1|852|616|1469
1|852|617|1470
1|853|617|1471
1|853|618|1472
1|854|618|1473
1|855|618|1474
1|856|618|1475
1|857|618|1476
1|858|618|1477
1|859|618|1478
1|860|618|1479
1|860|619|1480
1|861|619|1481
1|861|620|1482
1|862|620|1483
1|862|621|1484
1|863|621|1485
1|863|622|1486
1|864|622|1487
1|864|623|1488
1|865|623|1489
1|865|624|1490
1|866|624|1491
1|867|624|1492
1|868|624|1493
1|869|624|1494
1|870|624|1495
1|871|624|1496
1|872|624|1497
1|872|625|1498
1|873|625|1499
1|873|626|1500
1|874|626|1501
1|874|627|1502
1|875|627|1503
1|875|628|1504
1|876|628|1505
1|876|629|1506
1|877|629|1507
1|877|630|1508
1|878|630|1509
1|878|631|1510
1|879|631|1511
1|880|631|1512
1|881|631|1513
1|881|632|1514
1|882|632|1515
1|882|633|1516
1|883|633|1517
1|883|634|1518
1|884|634|1519
1|884|635|1520
1|885|635|1521
1|885|636|1522
1|886|636|1523
1|886|637|1524
1|887|637|1525
1|887|638|1526
1|888|638|1527
1|888|639|1528
1|889|639|1529
1|889|640|1530
1|890|640|1531
1|890|641|1532
1|891|641|1533
1|891|642|1534
1|892|642|1535
1|892|643|1536
1|893|643|1537
1|893|644|1538
1|894|644|1539
1|894|645|1540
1|895|645|1541
1|895|646|1542
1|896|646|1543
1|896|647|1544
1|897|647|1545
1|897|648|1546
1|898|648|1547
1|898|649|1548
1|899|649|1549
1|899|650|1550
1|900|650|1551
1|900|651|1552
1|901|651|1553
1|901|652|1554
1|902|652|1555
1|902|653|1556
1|903|653|1557
1|903|654|1558
1|904|654|1559
1|904|655|1560
1|905|655|1561
1|905|656|1562
1|906|656|1563
1|906|657|1564
1|907|657|1565
1|907|658|1566
1|908|658|1567
1|908|659|1568
1|909|659|1569
1|910|659|1570
1|911|659|1571
1|912|659|1572
1|913|659|1573
1|914|659|1574
1|915|659|1575
1|916|659|1576
1|917|659|1577
1|918|659|1578
1|919|659|1579
1|920|659|1580
1|921|659|1581
1|922|659|1582
1|923|659|1583
1|924|659|1584
1|925|659|1585
1|926|659|1586
1|927|659|1587
1|928|659|1588
1|929|659|1589
1|929|660|1590
1|930|660|1591
1|930|661|1592
1|931|661|1593
1|931|662|1594
1|932|662|1595
1|932|663|1596
1|933|663|1597
1|933|664|1598
1|934|664|1599
1|934|665|1600
1|935|665|1601
1|935|666|1602
1|936|666|1603
1|936|667|1604
1|937|667|1605
1|937|668|1606
1|938|668|1607
1|938|669|1608
1|939|669|1609
1|939|670|1610
1|940|670|1611
1|940|671|1612
1|941|671|1613
1|941|672|1614
1|942|672|1615
1|942|673|1616
1|943|673|1617
1|943|674|1618
1|944|674|1619
1|944|675|1620
1|945|675|1621
1|945|676|1622
1|946|676|1623
1|946|677|1624
1|947|677|1625
1|947|678|1626
1|948|678|1627
1|948|679|1628
1|949|679|1629
1|949|680|1630
1|950|680|1631
1|950|681|1632
1|951|681|1633
1|951|682|1634
1|952|682|1635
1|952|683|1636
1|953|683|1637
1|954|683|1638
1|955|683|1639
1|955|684|1640
1|956|684|1641
1|957|684|1642
1|958|684|1643
1|958|685|1644
1|959|685|1645
1|959|686|1646
1|960|686|1647
1|960|687|1648
1|961|687|1649
1|961|688|1650
1|962|688|1651
1|962|689|1652
1|963|689|1653
1|963|690|1654
1|964|690|1655
1|965|690|1656
1|966|690|1657
1|966|691|1658
1|967|691|1659
1|967|692|1660
1|968|692|1661
1|968|693|1662
1|969|693|1663
1|969|694|1664
1|970|694|1665
1|970|695|1666
1|971|695|1667
1|971|696|1668
1|972|696|1669
1|972|697|1670
1|973|697|1671
1|974|697|1672
1|975|697|1673
1|976|697|1674
1|977|697|1675
1|977|698|1676
1|978|698|1677
1|978|699|1678
1|979|699|1679
1|979|700|1680
1|980|700|1681
1|980|701|1682
1|981|701|1683
1|981|702|1684
1|982|702|1685
1|982|703|1686
1|983|703|1687
1|984|703|1688
1|985|703|1689
1|985|704|1690
1|986|704|1691
1|986|705|1692
1|987|705|1693
1|987|706|1694
1|988|706|1695
1|988|707|1696
1|989|707|1697
1|989|708|1698
1|990|708|1699
1|990|709|1700
1|991|709|1701
1|991|710|1702
1|992|710|1703
1|992|711|1704
1|993|711|1705
1|993|712|1706
1|994|712|1707
1|994|713|1708
1|995|713|1709
1|995|714|1710
1|996|714|1711
1|996|715|1712
1|997|715|1713
1|997|716|1714
1|998|716|1715
1|998|717|1716
1|999|717|1717
1|999|718|1718
1|1000|718|1719
1|1000|719|1720
1|1001|719|1721
1|1001|720|1722
1|1002|720|1723
1|1002|721|1724
1|1003|721|1725
1|1003|722|1726
1|1004|722|1727
1|1004|723|1728
1|1005|723|1729
1|1005|724|1730
1|1006|724|1731
1|1006|725|1732
1|1007|725|1733
1|1007|726|1734
1|1008|726|1735
1|1008|727|1736
1|1009|727|1737
1|1009|728|1738
1|1010|728|1739
1|1011|728|1740
1|1012|728|1741
1|1013|728|1742
1|1014|728|1743
1|1015|728|1744
1|1016|728|1745
1|1017|728|1746
1|1018|728|1747
1|1019|728|1748
1|1020|728|1749
1|1021|728|1750
1|1022|728|1751
1|1023|728|1752
1|1024|728|1753
1|1025|728|1754
1|1026|728|1755
1|1027|728|1756
1|1028|728|1757
1|1028|729|1758
1|1029|729|1759
1|1029|730|1760
1|1030|730|1761
1|1030|731|1762
1|1031|731|1763
1|1031|732|1764
1|1032|732|1765
1|1032|733|1766
1|1033|733|1767
1|1033|734|1768
1|1034|734|1769
1|1034|735|1770
1|1035|735|1771
1|1035|736|1772
1|1036|736|1773
1|1036|737|1774
1|1037|737|1775
1|1037|738|1776
1|1038|738|1777
1|1038|739|1778
1|1039|739|1779
1|1039|740|1780
1|1040|740|1781
1|1040|741|1782
1|1041|741|1783
1|1041|742|1784
1|1042|742|1785
1|1042|743|1786
1|1043|743|1787
1|1043|744|1788
