total
0|1|0|1
0|2|0|2
0|3|0|3
0|4|0|4
0|5|0|5
0|6|0|6
0|7|0|7
0|8|0|8
0|8|1|9
0|9|1|10
0|9|2|11
0|10|2|12
0|10|3|13
0|11|3|14
0|12|3|15
0|13|3|16
0|13|4|17
0|14|4|18
0|14|5|19
0|15|5|20
0|16|5|21
1|16|5|22
1|16|6|23
1|17|6|24
1|17|7|25
1|18|7|26
1|18|8|27
1|19|8|28
1|19|9|29
1|20|9|30
1|20|10|31
1|21|10|32
1|21|11|33
1|22|11|34
1|22|12|35
2|22|12|36
2|23|12|37
2|24|12|38
2|24|13|39
2|25|13|40
2|25|14|41
2|26|14|42
2|26|15|43
2|27|15|44
2|27|16|45
2|28|16|46
2|28|17|47
2|29|17|48
2|29|18|49
2|30|18|50
2|30|19|51
2|31|19|52
2|32|19|53
3|32|19|54
3|33|19|55
3|34|19|56
3|35|19|57
4|35|19|58
4|35|20|59
4|36|20|60
4|36|21|61
4|37|21|62
4|37|22|63
4|38|22|64
4|38|23|65
4|39|23|66
4|39|24|67
4|40|24|68
4|40|25|69
4|41|25|70
4|42|25|71
4|43|25|72
4|44|25|73
4|45|25|74
4|46|25|75
4|47|25|76
4|47|26|77
4|48|26|78
4|48|27|79
4|49|27|80
4|49|28|81
4|50|28|82
4|50|29|83
4|51|29|84
4|51|30|85
4|52|30|86
4|52|31|87
4|53|31|88
4|53|32|89
4|54|32|90
4|54|33|91
4|55|33|92
4|55|34|93
4|56|34|94
4|56|35|95
4|57|35|96
4|57|36|97
4|58|36|98
4|58|37|99
4|59|37|100
4|59|38|101
4|60|38|102
4|60|39|103
4|61|39|104
4|61|40|105
4|62|40|106
4|62|41|107
4|63|41|108
4|63|42|109
4|64|42|110
4|64|43|111
4|65|43|112
4|65|44|113
4|66|44|114
4|66|45|115
4|67|45|116
4|67|46|117
4|68|46|118
4|68|47|119
4|69|47|120
4|69|48|121
4|70|48|122
4|70|49|123
4|71|49|124
4|71|50|125
4|72|50|126
4|72|51|127
4|73|51|128
4|73|52|129
4|74|52|130
4|75|52|131
4|76|52|132
4|77|52|133
5|77|52|134
5|78|52|135
5|79|52|136
5|80|52|137
5|81|52|138
5|82|52|139
5|83|52|140
5|84|52|141
5|85|52|142
5|86|52|143
5|87|52|144
5|88|52|145
5|89|52|146
5|90|52|147
5|91|52|148
5|92|52|149
5|93|52|150
5|93|53|151
5|94|53|152
5|94|54|153
5|95|54|154
5|95|55|155
5|96|55|156
5|96|56|157
5|97|56|158
5|97|57|159
5|98|57|160
5|98|58|161
5|99|58|162
5|99|59|163
5|100|59|164
5|100|60|165
5|101|60|166
5|101|61|167
5|102|61|168
5|102|62|169
5|103|62|170
5|103|63|171
5|104|63|172
5|104|64|173
5|105|64|174
5|105|65|175
5|106|65|176
5|106|66|177
5|107|66|178
5|107|67|179
5|108|67|180
5|108|68|181
5|109|68|182
5|109|69|183
5|110|69|184
5|110|70|185
5|111|70|186
5|111|71|187
5|112|71|188
5|112|72|189
5|113|72|190
5|113|73|191
5|114|73|192
5|114|74|193
5|115|74|194
5|115|75|195
5|116|75|196
5|116|76|197
5|117|76|198
5|117|77|199
5|118|77|200
5|118|78|201
5|119|78|202
5|120|78|203
5|121|78|204
5|121|79|205
5|122|79|206
5|122|80|207
5|123|80|208
5|123|81|209
5|124|81|210
5|124|82|211
5|125|82|212
5|125|83|213
5|126|83|214
5|126|84|215
5|127|84|216
5|127|85|217
5|128|85|218
5|128|86|219
5|129|86|220
5|129|87|221
5|130|87|222
5|130|88|223
5|131|88|224
5|131|89|225
5|132|89|226
5|132|90|227
5|133|90|228
5|133|91|229
5|134|91|230
5|134|92|231
5|135|92|232
5|135|93|233
5|136|93|234
5|136|94|235
5|137|94|236
5|137|95|237
5|138|95|238
5|138|96|239
5|139|96|240
5|139|97|241
5|140|97|242
5|140|98|243
5|141|98|244
5|141|99|245
5|142|99|246
5|142|100|247
5|143|100|248
5|143|101|249
5|144|101|250
5|144|102|251
5|145|102|252
5|145|103|253
5|146|103|254
5|146|104|255
5|147|104|256
5|147|105|257
5|148|105|258
5|148|106|259
5|149|106|260
5|149|107|261
5|150|107|262
5|150|108|263
5|151|108|264
5|151|109|265
5|152|109|266
5|152|110|267
5|153|110|268
5|153|111|269
5|154|111|270
5|154|112|271
5|155|112|272
5|155|113|273
5|156|113|274
5|156|114|275
5|157|114|276
5|157|115|277
5|158|115|278
5|158|116|279
5|159|116|280
5|159|117|281
5|160|117|282
5|160|118|283
5|161|118|284
5|162|118|285
5|163|118|286
5|164|118|287
5|165|118|288
5|166|118|289
6|166|118|290
6|167|118|291
6|168|118|292
6|169|118|293
6|170|118|294
6|171|118|295
6|172|118|296
6|173|118|297
6|174|118|298
6|175|118|299
6|176|118|300
6|177|118|301
6|178|118|302
6|178|119|303
6|179|119|304
6|179|120|305
6|180|120|306
6|180|121|307
6|181|121|308
6|181|122|309
6|182|122|310
6|182|123|311
6|183|123|312
6|183|124|313
6|184|124|314
6|184|125|315
6|185|125|316
6|185|126|317
6|186|126|318
6|186|127|319
6|187|127|320
6|187|128|321
6|188|128|322
6|188|129|323
6|189|129|324
6|189|130|325
6|190|130|326
6|190|131|327
6|191|131|328
6|191|132|329
6|192|132|330
6|192|133|331
6|193|133|332
6|193|134|333
6|194|134|334
6|194|135|335
6|195|135|336
6|195|136|337
6|196|136|338
6|196|137|339
6|197|137|340
6|197|138|341
6|198|138|342
6|198|139|343
6|199|139|344
6|199|140|345
6|200|140|346
6|200|141|347
6|201|141|348
6|201|142|349
6|202|142|350
6|202|143|351
6|203|143|352
6|203|144|353
6|204|144|354
6|204|145|355
6|205|145|356
6|205|146|357
6|206|146|358
6|206|147|359
6|207|147|360
6|207|148|361
6|208|148|362
6|208|149|363
6|209|149|364
6|209|150|365
6|210|150|366
6|210|151|367
6|211|151|368
6|211|152|369
6|212|152|370
6|212|153|371
6|213|153|372
6|213|154|373
6|214|154|374
6|214|155|375
6|215|155|376
6|215|156|377
6|216|156|378
6|216|157|379
6|217|157|380
6|217|158|381
6|218|158|382
6|218|159|383
6|219|159|384
6|219|160|385
6|220|160|386
6|220|161|387
6|221|161|388
6|221|162|389
6|222|162|390
6|222|163|391
6|223|163|392
6|223|164|393
6|224|164|394
6|224|165|395
6|225|165|396
6|225|166|397
6|226|166|398
6|226|167|399
6|227|167|400
6|227|168|401
6|228|168|402
6|228|169|403
6|229|169|404
6|229|170|405
6|230|170|406
6|230|171|407
6|231|171|408
6|231|172|409
6|232|172|410
6|232|173|411
6|233|173|412
6|233|174|413
6|234|174|414
6|234|175|415
6|235|175|416
6|235|176|417
6|236|176|418
6|236|177|419
6|237|177|420
6|237|178|421
6|238|178|422
6|238|179|423
6|239|179|424
6|239|180|425
6|240|180|426
6|240|181|427
6|241|181|428
6|241|182|429
6|242|182|430
6|243|182|431
6|244|182|432
6|245|182|433
6|246|182|434
6|247|182|435
7|247|182|436
7|248|182|437
8|248|182|438
8|249|182|439
8|250|182|440
8|251|182|441
8|252|182|442
8|253|182|443
9|253|182|444
9|254|182|445
9|255|182|446
9|256|182|447
9|257|182|448
9|257|183|449
9|258|183|450
9|258|184|451
9|259|184|452
9|259|185|453
9|260|185|454
9|260|186|455
9|261|186|456
9|261|187|457
9|262|187|458
9|262|188|459
9|263|188|460
9|263|189|461
9|264|189|462
9|264|190|463
9|265|190|464
9|265|191|465
9|266|191|466
9|266|192|467
9|267|192|468
9|267|193|469
9|268|193|470
9|268|194|471
9|269|194|472
9|269|195|473
9|270|195|474
9|270|196|475
9|271|196|476
9|271|197|477
9|272|197|478
9|272|198|479
9|273|198|480
9|273|199|481
9|274|199|482
9|274|200|483
9|275|200|484
9|275|201|485
9|276|201|486
9|276|202|487
9|277|202|488
9|277|203|489
9|278|203|490
9|278|204|491
9|279|204|492
9|279|205|493
9|280|205|494
9|280|206|495
9|281|206|496
9|281|207|497
9|282|207|498
9|282|208|499
9|283|208|500
9|283|209|501
9|284|209|502
9|284|210|503
9|285|210|504
9|285|211|505
9|286|211|506
9|286|212|507
9|287|212|508
9|287|213|509
9|288|213|510
9|288|214|511
9|289|214|512
9|289|215|513
9|290|215|514
9|290|216|515
9|291|216|516
9|291|217|517
9|292|217|518
9|292|218|519
9|293|218|520
9|293|219|521
9|294|219|522
9|294|220|523
9|295|220|524
9|295|221|525
9|296|221|526
9|296|222|527
9|297|222|528
9|297|223|529
9|298|223|530
9|298|224|531
9|299|224|532
9|299|225|533
9|300|225|534
9|300|226|535
9|301|226|536
9|301|227|537
9|302|227|538
9|302|228|539
9|303|228|540
9|303|229|541
9|304|229|542
9|304|230|543
9|305|230|544
9|305|231|545
9|306|231|546
9|306|232|547
9|307|232|548
9|307|233|549
9|308|233|550
9|308|234|551
9|309|234|552
9|309|235|553
9|310|235|554
9|310|236|555
9|311|236|556
9|311|237|557
9|312|237|558
9|312|238|559
9|313|238|560
9|313|239|561
9|314|239|562
9|314|240|563
9|315|240|564
9|315|241|565
9|316|241|566
9|316|242|567
9|317|242|568
9|317|243|569
9|318|243|570
9|318|244|571
9|319|244|572
9|319|245|573
9|320|245|574
9|320|246|575
9|321|246|576
9|321|247|577
9|322|247|578
9|322|248|579
9|323|248|580
9|323|249|581
9|324|249|582
9|324|250|583
9|325|250|584
9|325|251|585
9|326|251|586
9|326|252|587
9|327|252|588
9|327|253|589
9|328|253|590
9|328|254|591
9|329|254|592
9|330|254|593
10|330|254|594
10|331|254|595
10|332|254|596
10|333|254|597
10|334|254|598
10|335|254|599
10|336|254|600
10|337|254|601
11|337|254|602
11|338|254|603
11|339|254|604
11|340|254|605
11|341|254|606
11|342|254|607
11|343|254|608
11|344|254|609
11|345|254|610
11|345|255|611
11|346|255|612
11|346|256|613
11|347|256|614
11|347|257|615
11|348|257|616
11|348|258|617
11|349|258|618
11|349|259|619
11|350|259|620
11|350|260|621
11|351|260|622
11|351|261|623
11|352|261|624
11|352|262|625
11|353|262|626
11|353|263|627
11|354|263|628
11|354|264|629
11|355|264|630
11|355|265|631
11|356|265|632
11|356|266|633
11|357|266|634
11|357|267|635
11|358|267|636
11|358|268|637
11|359|268|638
11|359|269|639
11|360|269|640
11|360|270|641
11|361|270|642
11|361|271|643
11|362|271|644
11|362|272|645
11|363|272|646
11|363|273|647
11|364|273|648
11|364|274|649
11|365|274|650
11|365|275|651
11|366|275|652
11|366|276|653
11|367|276|654
11|367|277|655
11|368|277|656
11|368|278|657
11|369|278|658
11|369|279|659
11|370|279|660
11|370|280|661
11|371|280|662
11|371|281|663
11|372|281|664
11|372|282|665
11|373|282|666
11|373|283|667
11|374|283|668
11|374|284|669
11|375|284|670
11|375|285|671
11|376|285|672
11|376|286|673
11|377|286|674
11|377|287|675
11|378|287|676
11|378|288|677
11|379|288|678
11|379|289|679
11|380|289|680
11|380|290|681
11|381|290|682
11|381|291|683
11|382|291|684
11|382|292|685
11|383|292|686
11|383|293|687
11|384|293|688
11|384|294|689
11|385|294|690
11|385|295|691
11|386|295|692
11|386|296|693
11|387|296|694
11|387|297|695
11|388|297|696
11|388|298|697
11|389|298|698
11|389|299|699
11|390|299|700
11|390|300|701
11|391|300|702
11|391|301|703
11|392|301|704
11|392|302|705
11|393|302|706
11|393|303|707
11|394|303|708
11|394|304|709
11|395|304|710
11|395|305|711
11|396|305|712
11|396|306|713
11|397|306|714
11|397|307|715
11|398|307|716
11|398|308|717
11|399|308|718
11|399|309|719
11|400|309|720
11|400|310|721
11|401|310|722
11|401|311|723
11|402|311|724
11|402|312|725
11|403|312|726
11|403|313|727
11|404|313|728
11|404|314|729
11|405|314|730
11|405|315|731
11|406|315|732
11|406|316|733
11|407|316|734
11|407|317|735
11|408|317|736
11|408|318|737
11|409|318|738
11|410|318|739
12|410|318|740
12|411|318|741
12|412|318|742
12|413|318|743
12|414|318|744
12|415|318|745
13|415|318|746
13|416|318|747
14|416|318|748
14|417|318|749
14|418|318|750
14|419|318|751
14|420|318|752
14|421|318|753
14|422|318|754
14|423|318|755
14|424|318|756
14|424|319|757
14|425|319|758
14|425|320|759
14|426|320|760
14|426|321|761
14|427|321|762
14|427|322|763
14|428|322|764
14|428|323|765
14|429|323|766
14|429|324|767
14|430|324|768
14|430|325|769
14|431|325|770
14|431|326|771
14|432|326|772
14|432|327|773
14|433|327|774
14|433|328|775
14|434|328|776
14|434|329|777
14|435|329|778
14|435|330|779
14|436|330|780
14|436|331|781
14|437|331|782
14|437|332|783
14|438|332|784
14|438|333|785
14|439|333|786
14|439|334|787
14|440|334|788
14|440|335|789
14|441|335|790
14|441|336|791
14|442|336|792
14|442|337|793
14|443|337|794
14|443|338|795
14|444|338|796
14|444|339|797
14|445|339|798
14|445|340|799
14|446|340|800
14|446|341|801
14|447|341|802
14|447|342|803
14|448|342|804
14|448|343|805
14|449|343|806
14|449|344|807
14|450|344|808
14|450|345|809
14|451|345|810
14|451|346|811
14|452|346|812
14|452|347|813
14|453|347|814
14|453|348|815
14|454|348|816
14|454|349|817
14|455|349|818
14|455|350|819
14|456|350|820
14|456|351|821
14|457|351|822
14|457|352|823
14|458|352|824
14|458|353|825
14|459|353|826
14|459|354|827
14|460|354|828
14|460|355|829
14|461|355|830
14|461|356|831
14|462|356|832
14|462|357|833
14|463|357|834
14|463|358|835
14|464|358|836
14|464|359|837
14|465|359|838
14|465|360|839
14|466|360|840
14|466|361|841
14|467|361|842
14|467|362|843
14|468|362|844
14|468|363|845
14|469|363|846
14|469|364|847
14|470|364|848
14|470|365|849
14|471|365|850
14|471|366|851
14|472|366|852
14|472|367|853
14|473|367|854
14|473|368|855
14|474|368|856
14|474|369|857
14|475|369|858
14|475|370|859
14|476|370|860
14|476|371|861
14|477|371|862
14|477|372|863
14|478|372|864
14|478|373|865
14|479|373|866
14|479|374|867
14|480|374|868
14|480|375|869
14|481|375|870
14|481|376|871
14|482|376|872
14|482|377|873
14|483|377|874
14|483|378|875
14|484|378|876
14|484|379|877
14|485|379|878
14|485|380|879
14|486|380|880
14|486|381|881
14|487|381|882
14|487|382|883
14|488|382|884
14|488|383|885
14|489|383|886
14|489|384|887
14|490|384|888
14|490|385|889
14|491|385|890
14|491|386|891
14|492|386|892
14|492|387|893
14|493|387|894
14|493|388|895
14|494|388|896
14|494|389|897
14|495|389|898
14|495|390|899
14|496|390|900
14|497|390|901
14|498|390|902
14|499|390|903
15|499|390|904
15|500|390|905
15|501|390|906
15|502|390|907
16|502|390|908
16|503|390|909
16|504|390|910
16|505|390|911
17|505|390|912
17|506|390|913
17|507|390|914
17|508|390|915
17|509|390|916
17|510|390|917
17|511|390|918
17|511|391|919
17|512|391|920
17|512|392|921
17|513|392|922
17|513|393|923
17|514|393|924
17|514|394|925
17|515|394|926
17|515|395|927
17|516|395|928
17|516|396|929
17|517|396|930
17|517|397|931
17|518|397|932
17|518|398|933
17|519|398|934
17|519|399|935
17|520|399|936
17|520|400|937
17|521|400|938
17|521|401|939
17|522|401|940
17|522|402|941
17|523|402|942
17|523|403|943
17|524|403|944
17|524|404|945
17|525|404|946
17|525|405|947
17|526|405|948
17|526|406|949
17|527|406|950
17|527|407|951
17|528|407|952
17|528|408|953
17|529|408|954
17|529|409|955
17|530|409|956
17|530|410|957
17|531|410|958
17|531|411|959
17|532|411|960
17|532|412|961
17|533|412|962
17|533|413|963
17|534|413|964
17|534|414|965
17|535|414|966
17|535|415|967
17|536|415|968
17|536|416|969
17|537|416|970
17|537|417|971
17|538|417|972
17|538|418|973
17|539|418|974
17|539|419|975
17|540|419|976
17|540|420|977
17|541|420|978
17|541|421|979
17|542|421|980
17|542|422|981
17|543|422|982
17|543|423|983
17|544|423|984
17|544|424|985
17|545|424|986
17|545|425|987
17|546|425|988
17|546|426|989
17|547|426|990
17|547|427|991
17|548|427|992
17|548|428|993
17|549|428|994
17|549|429|995
17|550|429|996
17|550|430|997
17|551|430|998
17|551|431|999
17|552|431|1000
17|552|432|1001
17|553|432|1002
17|553|433|1003
17|554|433|1004
17|554|434|1005
17|555|434|1006
17|555|435|1007
17|556|435|1008
17|556|436|1009
17|557|436|1010
17|557|437|1011
17|558|437|1012
17|558|438|1013
17|559|438|1014
17|559|439|1015
17|560|439|1016
17|560|440|1017
17|561|440|1018
17|561|441|1019
17|562|441|1020
17|562|442|1021
17|563|442|1022
17|563|443|1023
17|564|443|1024
17|564|444|1025
17|565|444|1026
17|565|445|1027
17|566|445|1028
17|566|446|1029
17|567|446|1030
17|568|446|1031
17|569|446|1032
17|570|446|1033
17|571|446|1034
17|572|446|1035
17|573|446|1036
17|574|446|1037
17|575|446|1038
17|576|446|1039
17|577|446|1040
17|578|446|1041
17|579|446|1042
17|580|446|1043
18|580|446|1044
18|581|446|1045
19|581|446|1046
19|582|446|1047
19|583|446|1048
19|583|447|1049
19|584|447|1050
19|584|448|1051
19|585|448|1052
19|585|449|1053
19|586|449|1054
19|586|450|1055
19|587|450|1056
19|587|451|1057
19|588|451|1058
19|588|452|1059
19|589|452|1060
19|589|453|1061
19|590|453|1062
19|590|454|1063
19|591|454|1064
19|591|455|1065
19|592|455|1066
19|592|456|1067
19|593|456|1068
19|593|457|1069
19|594|457|1070
19|594|458|1071
19|595|458|1072
19|595|459|1073
19|596|459|1074
19|596|460|1075
19|597|460|1076
19|597|461|1077
19|598|461|1078
19|598|462|1079
19|599|462|1080
19|599|463|1081
19|600|463|1082
19|600|464|1083
19|601|464|1084
19|601|465|1085
19|602|465|1086
19|602|466|1087
19|603|466|1088
19|603|467|1089
19|604|467|1090
19|604|468|1091
19|605|468|1092
19|605|469|1093
19|606|469|1094
19|606|470|1095
19|607|470|1096
19|607|471|1097
19|608|471|1098
19|608|472|1099
19|609|472|1100
19|609|473|1101
19|610|473|1102
19|610|474|1103
19|611|474|1104
19|611|475|1105
19|612|475|1106
19|612|476|1107
19|613|476|1108
19|614|476|1109
19|615|476|1110
19|615|477|1111
19|616|477|1112
19|617|477|1113
19|618|477|1114
19|618|478|1115
19|619|478|1116
19|619|479|1117
19|620|479|1118
19|620|480|1119
19|621|480|1120
19|621|481|1121
19|622|481|1122
19|622|482|1123
19|623|482|1124
19|623|483|1125
19|624|483|1126
19|625|483|1127
19|626|483|1128
19|627|483|1129
19|628|483|1130
19|629|483|1131
19|630|483|1132
19|630|484|1133
19|631|484|1134
19|631|485|1135
19|632|485|1136
19|632|486|1137
19|633|486|1138
19|633|487|1139
19|634|487|1140
19|634|488|1141
19|635|488|1142
19|635|489|1143
19|636|489|1144
19|637|489|1145
20|637|489|1146
20|638|489|1147
20|639|489|1148
20|639|490|1149
20|640|490|1150
20|640|491|1151
20|641|491|1152
20|641|492|1153
20|642|492|1154
20|642|493|1155
20|643|493|1156
20|643|494|1157
20|644|494|1158
20|644|495|1159
20|645|495|1160
20|645|496|1161
20|646|496|1162
20|646|497|1163
20|647|497|1164
20|647|498|1165
20|648|498|1166
20|648|499|1167
20|649|499|1168
20|649|500|1169
20|650|500|1170
20|650|501|1171
20|651|501|1172
20|651|502|1173
20|652|502|1174
20|652|503|1175
20|653|503|1176
20|653|504|1177
20|654|504|1178
20|654|505|1179
20|655|505|1180
20|655|506|1181
20|656|506|1182
20|656|507|1183
20|657|507|1184
20|657|508|1185
20|658|508|1186
20|658|509|1187
20|659|509|1188
20|659|510|1189
20|660|510|1190
20|660|511|1191
20|661|511|1192
20|661|512|1193
20|662|512|1194
20|662|513|1195
20|663|513|1196
20|663|514|1197
20|664|514|1198
20|664|515|1199
20|665|515|1200
20|665|516|1201
20|666|516|1202
20|666|517|1203
20|667|517|1204
20|668|517|1205
20|669|517|1206
20|670|517|1207
21|670|517|1208
21|671|517|1209
21|672|517|1210
21|673|517|1211
22|673|517|1212
22|674|517|1213
23|674|517|1214
23|675|517|1215
23|676|517|1216
23|677|517|1217
23|678|517|1218
23|679|517|1219
23|680|517|1220
23|681|517|1221
23|682|517|1222
23|683|517|1223
23|684|517|1224
23|684|518|1225
23|685|518|1226
23|685|519|1227
23|686|519|1228
23|686|520|1229
23|687|520|1230
23|687|521|1231
23|688|521|1232
23|688|522|1233
23|689|522|1234
23|689|523|1235
23|690|523|1236
23|690|524|1237
23|691|524|1238
23|691|525|1239
23|692|525|1240
23|692|526|1241
23|693|526|1242
23|693|527|1243
23|694|527|1244
23|694|528|1245
23|695|528|1246
23|695|529|1247
23|696|529|1248
23|696|530|1249
23|697|530|1250
23|697|531|1251
23|698|531|1252
23|698|532|1253
23|699|532|1254
23|699|533|1255
23|700|533|1256
23|700|534|1257
23|701|534|1258
23|701|535|1259
23|702|535|1260
23|702|536|1261
23|703|536|1262
23|703|537|1263
23|704|537|1264
23|704|538|1265
23|705|538|1266
23|705|539|1267
23|706|539|1268
23|706|540|1269
23|707|540|1270
23|707|541|1271
23|708|541|1272
23|709|541|1273
23|710|541|1274
23|711|541|1275
23|712|541|1276
23|713|541|1277
24|713|541|1278
24|713|542|1279
24|714|542|1280
24|714|543|1281
24|715|543|1282
24|715|544|1283
24|716|544|1284
24|716|545|1285
24|717|545|1286
24|717|546|1287
24|718|546|1288
24|718|547|1289
24|719|547|1290
24|720|547|1291
24|721|547|1292
24|722|547|1293
24|723|547|1294
24|724|547|1295
24|725|547|1296
24|725|548|1297
24|726|548|1298
24|726|549|1299
24|727|549|1300
24|727|550|1301
24|728|550|1302
24|728|551|1303
24|729|551|1304
24|729|552|1305
24|730|552|1306
24|730|553|1307
24|731|553|1308
24|732|553|1309
24|733|553|1310
24|734|553|1311
24|735|553|1312
24|736|553|1313
24|737|553|1314
24|737|554|1315
24|738|554|1316
24|738|555|1317
24|739|555|1318
24|739|556|1319
24|740|556|1320
24|740|557|1321
24|741|557|1322
24|741|558|1323
24|742|558|1324
24|742|559|1325
24|743|559|1326
24|744|559|1327
24|745|559|1328
24|746|559|1329
24|747|559|1330
24|748|559|1331
24|749|559|1332
24|749|560|1333
24|750|560|1334
24|750|561|1335
24|751|561|1336
24|751|562|1337
24|752|562|1338
24|752|563|1339
24|753|563|1340
24|753|564|1341
24|754|564|1342
24|754|565|1343
24|755|565|1344
24|755|566|1345
24|756|566|1346
24|756|567|1347
24|757|567|1348
24|757|568|1349
24|758|568|1350
24|758|569|1351
24|759|569|1352
24|759|570|1353
24|760|570|1354
24|760|571|1355
24|761|571|1356
24|761|572|1357
24|762|572|1358
24|762|573|1359
24|763|573|1360
24|763|574|1361
24|764|574|1362
24|764|575|1363
24|765|575|1364
24|765|576|1365
24|766|576|1366
24|766|577|1367
24|767|577|1368
24|767|578|1369
24|768|578|1370
24|768|579|1371
24|769|579|1372
24|769|580|1373
24|770|580|1374
24|770|581|1375
24|771|581|1376
24|771|582|1377
24|772|582|1378
24|772|583|1379
24|773|583|1380
24|773|584|1381
24|774|584|1382
24|774|585|1383
24|775|585|1384
24|775|586|1385
24|776|586|1386
24|777|586|1387
24|778|586|1388
24|779|586|1389
24|780|586|1390
24|781|586|1391
24|782|586|1392
24|783|586|1393
24|784|586|1394
24|785|586|1395
24|786|586|1396
24|787|586|1397
24|788|586|1398
24|789|586|1399
25|789|586|1400
25|790|586|1401
25|791|586|1402
25|792|586|1403
25|793|586|1404
25|794|586|1405
26|794|586|1406
26|794|587|1407
26|795|587|1408
26|795|588|1409
26|796|588|1410
26|796|589|1411
26|797|589|1412
26|797|590|1413
26|798|590|1414
26|798|591|1415
26|799|591|1416
26|799|592|1417
26|800|592|1418
26|800|593|1419
26|801|593|1420
26|801|594|1421
26|802|594|1422
26|802|595|1423
26|803|595|1424
26|803|596|1425
26|804|596|1426
26|804|597|1427
26|805|597|1428
26|805|598|1429
26|806|598|1430
26|806|599|1431
26|807|599|1432
26|807|600|1433
26|808|600|1434
26|808|601|1435
26|809|601|1436
26|809|602|1437
26|810|602|1438
26|810|603|1439
26|811|603|1440
26|811|604|1441
26|812|604|1442
26|812|605|1443
26|813|605|1444
26|813|606|1445
26|814|606|1446
26|814|607|1447
26|815|607|1448
26|815|608|1449
26|816|608|1450
26|816|609|1451
26|817|609|1452
26|817|610|1453
26|818|610|1454
26|819|610|1455
26|820|610|1456
26|821|610|1457
26|822|610|1458
26|823|610|1459
26|824|610|1460
26|824|611|1461
26|825|611|1462
26|825|612|1463
26|826|612|1464
26|827|612|1465
26|828|612|1466
26|828|613|1467
26|829|613|1468
26|829|614|1469
26|830|614|1470
26|830|615|1471
26|831|615|1472
26|832|615|1473
26|833|615|1474
26|834|615|1475
26|835|615|1476
26|835|616|1477
26|836|616|1478
26|836|617|1479
26|837|617|1480
26|837|618|1481
26|838|618|1482
26|838|619|1483
26|839|619|1484
26|839|620|1485
26|840|620|1486
26|840|621|1487
26|841|621|1488
26|841|622|1489
26|842|622|1490
26|843|622|1491
26|844|622|1492
26|845|622|1493
26|846|622|1494
26|847|622|1495
26|848|622|1496
26|849|623|1498
26|850|623|1499
26|850|624|1500
26|851|624|1501
26|851|625|1502
26|852|625|1503
26|853|625|1504
26|854|625|1505
26|854|626|1506
26|855|626|1507
26|855|627|1508
26|856|627|1509
26|857|627|1510
26|858|627|1511
26|859|627|1512
26|860|627|1513
26|860|628|1514
26|861|628|1515
26|861|629|1516
26|862|629|1517
26|862|630|1518
26|863|630|1519
26|863|631|1520
26|864|631|1521
26|864|632|1522
26|865|632|1523
26|865|633|1524
26|866|633|1525
26|866|634|1526
26|867|634|1527
26|867|635|1528
26|868|635|1529
26|868|636|1530
26|869|636|1531
26|869|637|1532
26|870|637|1533
26|870|638|1534
26|871|638|1535
26|871|639|1536
26|872|639|1537
26|872|640|1538
26|873|640|1539
26|873|641|1540
26|874|641|1541
26|874|642|1542
26|875|642|1543
26|875|643|1544
26|876|643|1545
26|876|644|1546
26|877|644|1547
26|877|645|1548
26|878|645|1549
26|878|646|1550
26|879|646|1551
26|879|647|1552
26|880|647|1553
26|880|648|1554
26|881|648|1555
26|881|649|1556
26|882|649|1557
26|882|650|1558
26|883|650|1559
26|883|651|1560
26|884|651|1561
26|884|652|1562
26|885|652|1563
26|885|653|1564
26|886|653|1565
26|886|654|1566
26|887|654|1567
26|887|655|1568
26|888|655|1569
26|889|655|1570
26|890|655|1571
26|891|655|1572
26|892|655|1573
26|893|655|1574
26|894|655|1575
26|895|655|1576
26|896|655|1577
26|897|655|1578
26|898|655|1579
26|899|655|1580
27|899|655|1581
27|900|655|1582
27|901|655|1583
27|902|655|1584
27|903|655|1585
27|904|655|1586
27|905|655|1587
27|906|655|1588
27|907|655|1589
27|907|656|1590
27|908|656|1591
27|908|657|1592
27|909|657|1593
27|909|658|1594
27|910|658|1595
27|910|659|1596
27|911|659|1597
27|911|660|1598
27|912|660|1599
27|912|661|1600
27|913|661|1601
27|913|662|1602
27|914|662|1603
27|914|663|1604
27|915|663|1605
27|915|664|1606
27|916|664|1607
27|916|665|1608
27|917|665|1609
27|917|666|1610
27|918|666|1611
27|918|667|1612
27|919|667|1613
27|919|668|1614
27|920|668|1615
27|920|669|1616
27|921|669|1617
27|921|670|1618
27|922|670|1619
27|922|671|1620
27|923|671|1621
27|923|672|1622
27|924|672|1623
27|924|673|1624
27|925|673|1625
27|925|674|1626
27|926|674|1627
27|926|675|1628
27|927|675|1629
27|927|676|1630
27|928|676|1631
27|928|677|1632
27|929|677|1633
27|929|678|1634
27|930|678|1635
27|930|679|1636
27|931|679|1637
27|932|679|1638
27|933|679|1639
27|934|679|1640
27|935|679|1641
27|936|679|1642
27|937|679|1643
27|937|680|1644
27|938|680|1645
27|938|681|1646
27|939|681|1647
27|939|682|1648
27|940|682|1649
27|940|683|1650
27|941|683|1651
27|941|684|1652
27|942|684|1653
27|942|685|1654
28|942|685|1655
28|942|686|1656
28|943|686|1657
28|944|686|1658
28|945|686|1659
28|945|687|1660
28|946|687|1661
28|946|688|1662
28|947|688|1663
28|947|689|1664
28|948|689|1665
28|948|690|1666
28|949|690|1667
28|949|691|1668
28|950|691|1669
28|950|692|1670
28|951|692|1671
28|951|693|1672
28|952|693|1673
28|953|693|1674
28|954|693|1675
28|954|694|1676
28|955|694|1677
28|955|695|1678
28|956|695|1679
28|956|696|1680
28|957|696|1681
28|957|697|1682
28|958|697|1683
28|958|698|1684
28|959|698|1685
28|959|699|1686
28|960|699|1687
28|961|699|1688
28|962|699|1689
28|963|699|1690
28|964|699|1691
28|964|700|1692
28|965|700|1693
28|965|701|1694
28|966|701|1695
28|966|702|1696
28|967|702|1697
28|967|703|1698
28|968|703|1699
28|968|704|1700
28|969|704|1701
28|969|705|1702
28|970|705|1703
28|970|706|1704
28|971|706|1705
28|971|707|1706
28|972|707|1707
28|972|708|1708
28|973|708|1709
28|973|709|1710
28|974|709|1711
28|974|710|1712
28|975|710|1713
28|975|711|1714
28|976|711|1715
28|976|712|1716
28|977|712|1717
28|977|713|1718
28|978|713|1719
28|978|714|1720
28|979|714|1721
28|979|715|1722
28|980|715|1723
28|980|716|1724
28|981|716|1725
28|981|717|1726
28|982|717|1727
28|982|718|1728
28|983|718|1729
28|983|719|1730
28|984|719|1731
28|984|720|1732
28|985|720|1733
28|985|721|1734
28|986|721|1735
28|986|722|1736
28|987|722|1737
28|987|723|1738
29|987|723|1739
29|988|723|1740
29|989|723|1741
29|990|723|1742
29|991|723|1743
29|992|723|1744
30|992|723|1745
30|993|723|1746
30|994|723|1747
30|995|723|1748
30|996|723|1749
30|997|723|1750
30|998|723|1751
30|999|723|1752
30|1000|723|1753
30|1001|723|1754
30|1002|723|1755
30|1003|723|1756
30|1004|723|1757
30|1004|724|1758
30|1005|724|1759
30|1005|725|1760
30|1006|725|1761
30|1006|726|1762
30|1007|726|1763
30|1007|727|1764
30|1008|727|1765
30|1008|728|1766
30|1009|728|1767
30|1009|729|1768
30|1010|729|1769
30|1010|730|1770
30|1011|730|1771
30|1011|731|1772
30|1012|731|1773
30|1012|732|1774
30|1013|732|1775
30|1013|733|1776
30|1014|733|1777
30|1014|734|1778
30|1015|734|1779
30|1015|735|1780
30|1016|735|1781
30|1016|736|1782
30|1017|736|1783
30|1017|737|1784
30|1018|737|1785
30|1018|738|1786
30|1019|738|1787
30|1019|739|1788
