total
0|1|0|1
1|1|0|2
1|2|0|3
1|2|1|4
1|3|1|5
1|3|2|6
1|4|2|7
1|4|3|8
1|4|4|9
1|5|4|10
1|5|5|11
1|6|5|12
2|6|5|13
2|7|5|14
2|8|5|15
2|8|6|16
2|8|7|17
2|9|7|18
2|9|8|19
2|10|8|20
2|11|8|21
2|11|9|22
2|11|10|23
2|11|11|24
2|11|12|25
2|11|13|26
3|11|13|27
3|11|14|28
4|11|14|29
4|11|15|30
4|11|16|31
4|12|16|32
4|12|17|33
4|13|17|34
4|14|17|35
4|14|18|36
4|15|18|37
4|15|19|38
4|16|19|39
4|16|20|40
4|17|20|41
4|17|21|42
4|18|21|43
4|18|22|44
4|19|22|45
4|19|23|46
4|20|23|47
4|20|24|48
4|21|24|49
4|21|25|50
4|22|25|51
4|22|26|52
4|23|26|53
4|23|27|54
4|24|27|55
4|24|28|56
4|25|28|57
4|25|29|58
4|25|30|59
4|26|30|60
4|26|31|61
4|27|31|62
4|27|32|63
4|28|32|64
4|29|32|65
4|30|32|66
4|30|33|67
4|31|33|68
4|31|34|69
4|32|34|70
4|33|34|71
4|33|35|72
4|33|36|73
4|33|37|74
4|34|37|75
4|34|38|76
4|34|39|77
4|35|39|78
4|35|40|79
4|36|40|80
4|36|41|81
4|37|41|82
4|37|42|83
4|38|42|84
4|38|43|85
4|39|43|86
4|39|44|87
4|40|44|88
4|40|45|89
4|41|45|90
4|41|46|91
4|42|46|92
4|42|47|93
4|43|47|94
4|43|48|95
4|44|48|96
4|44|49|97
4|45|49|98
4|45|50|99
4|46|50|100
4|46|51|101
4|47|51|102
4|47|52|103
4|48|52|104
4|48|53|105
4|49|53|106
4|49|54|107
4|50|54|108
4|50|55|109
4|51|55|110
4|51|56|111
4|52|56|112
4|52|57|113
4|53|57|114
4|53|58|115
4|54|58|116
5|54|58|117
5|55|58|118
5|55|59|119
5|56|59|120
5|56|60|121
5|57|60|122
5|57|61|123
5|57|62|124
6|57|62|125
6|58|62|126
6|58|63|127
6|58|64|128
6|58|65|129
6|58|66|130
6|59|66|131
7|59|66|132
7|60|66|133
7|60|67|134
7|61|67|135
7|62|67|136
7|63|67|137
7|64|67|138
7|65|67|139
8|65|67|140
8|66|67|141
8|67|67|142
8|68|67|143
8|68|68|144
8|69|68|145
8|69|69|146
8|70|69|147
8|70|70|148
8|71|70|149
8|72|70|150
8|72|71|151
8|73|71|152
8|73|72|153
8|74|72|154
8|74|73|155
8|75|73|156
8|75|74|157
8|76|74|158
8|76|75|159
8|77|75|160
8|77|76|161
8|78|76|162
8|78|77|163
8|79|77|164
8|79|78|165
8|80|78|166
8|80|79|167
8|81|79|168
8|81|80|169
8|82|80|170
8|82|81|171
8|83|81|172
8|83|82|173
8|84|82|174
8|84|83|175
8|85|83|176
8|85|84|177
8|86|84|178
8|86|85|179
8|87|85|180
8|87|86|181
8|88|86|182
8|88|87|183
8|89|87|184
8|89|88|185
8|90|88|186
8|91|88|187
8|91|89|188
8|92|89|189
8|92|90|190
8|93|90|191
8|93|91|192
8|94|91|193
8|94|92|194
8|95|92|195
8|95|93|196
8|96|93|197
8|96|94|198
8|97|94|199
8|97|95|200
8|98|95|201
8|98|96|202
8|99|96|203
8|99|97|204
8|99|98|205
8|99|99|206
8|99|100|207
8|99|101|208
8|99|102|209
8|99|103|210
8|99|104|211
8|100|104|212
8|100|105|213
8|101|105|214
8|102|105|215
8|102|106|216
8|102|107|217
8|102|108|218
8|103|108|219
8|103|109|220
8|104|109|221
8|104|110|222
8|105|110|223
8|105|111|224
8|106|111|225
8|106|112|226
8|107|112|227
8|107|113|228
8|108|113|229
8|108|114|230
8|109|114|231
8|109|115|232
8|110|115|233
8|110|116|234
8|111|116|235
8|111|117|236
8|111|118|237
8|112|118|238
8|112|119|239
8|113|119|240
8|113|120|241
8|114|120|242
8|114|121|243
8|115|121|244
8|115|122|245
8|116|122|246
8|117|122|247
8|117|123|248
8|117|124|249
8|117|125|250
8|118|125|251
8|118|126|252
8|118|127|253
8|119|127|254
8|119|128|255
8|120|128|256
8|120|129|257
8|121|129|258
8|121|130|259
8|122|130|260
8|122|131|261
8|123|131|262
8|123|132|263
8|124|132|264
8|124|133|265
8|125|133|266
8|125|134|267
8|126|134|268
8|126|135|269
8|127|135|270
8|127|136|271
8|128|136|272
8|128|137|273
8|129|137|274
8|129|138|275
8|130|138|276
8|130|139|277
8|130|140|278
8|130|141|279
8|131|141|280
8|131|142|281
8|132|142|282
8|132|143|283
8|132|144|284
8|133|144|285
8|133|145|286
8|134|145|287
8|134|146|288
8|135|146|289
8|135|147|290
8|136|147|291
8|136|148|292
8|137|148|293
8|137|149|294
8|138|149|295
8|138|150|296
8|139|150|297
8|139|151|298
8|140|151|299
8|140|152|300
8|141|152|301
9|141|152|302
9|141|153|303
9|142|153|304
9|142|154|305
9|143|154|306
9|143|155|307
9|144|155|308
9|144|156|309
9|145|156|310
9|145|157|311
9|146|157|312
9|146|158|313
9|147|158|314
9|147|159|315
9|148|159|316
9|148|160|317
9|149|160|318
9|149|161|319
9|150|161|320
9|150|162|321
9|151|162|322
9|151|163|323
9|152|163|324
9|152|164|325
9|153|164|326
9|153|165|327
9|154|165|328
9|154|166|329
9|155|166|330
9|155|167|331
9|156|167|332
9|156|168|333
9|157|168|334
9|158|168|335
9|158|169|336
9|159|169|337
9|159|170|338
9|160|170|339
9|160|171|340
9|161|171|341
9|161|172|342
9|162|172|343
9|162|173|344
9|163|173|345
9|163|174|346
9|164|174|347
9|164|175|348
9|165|175|349
9|165|176|350
9|165|177|351
9|165|178|352
9|165|179|353
9|165|180|354
9|165|181|355
9|165|182|356
9|165|183|357
9|166|183|358
9|166|184|359
9|167|184|360
9|168|184|361
9|168|185|362
9|168|186|363
9|168|187|364
9|169|187|365
9|169|188|366
9|170|188|367
9|170|189|368
9|171|189|369
9|171|190|370
9|172|190|371
9|172|191|372
9|173|191|373
9|173|192|374
9|174|192|375
9|174|193|376
9|175|193|377
9|175|194|378
9|176|194|379
9|176|195|380
9|177|195|381
9|177|196|382
9|177|197|383
9|178|197|384
9|178|198|385
9|179|198|386
9|179|199|387
9|180|199|388
9|180|200|389
9|181|200|390
9|181|201|391
9|182|201|392
9|183|201|393
9|183|202|394
9|183|203|395
9|183|204|396
9|184|204|397
9|184|205|398
9|184|206|399
9|185|206|400
9|185|207|401
9|186|207|402
9|186|208|403
9|187|208|404
9|187|209|405
9|188|209|406
9|188|210|407
9|189|210|408
9|189|211|409
9|190|211|410
9|190|212|411
9|191|212|412
9|191|213|413
9|192|213|414
9|192|214|415
9|193|214|416
9|193|215|417
9|194|215|418
9|194|216|419
9|195|216|420
9|195|217|421
9|196|217|422
9|196|218|423
9|196|219|424
9|196|220|425
9|197|220|426
9|197|221|427
9|198|221|428
9|198|222|429
9|198|223|430
9|199|223|431
10|199|223|432
10|200|223|433
10|200|224|434
10|201|224|435
10|201|225|436
10|202|225|437
11|202|225|438
11|203|225|439
11|203|226|440
11|204|226|441
11|204|227|442
11|205|227|443
12|205|227|444
12|206|227|445
12|206|228|446
12|207|228|447
12|208|228|448
12|208|229|449
12|209|229|450
12|209|230|451
12|210|230|452
12|210|231|453
12|211|231|454
12|211|232|455
12|212|232|456
12|212|233|457
12|213|233|458
12|213|234|459
12|214|234|460
12|214|235|461
12|215|235|462
12|215|236|463
12|216|236|464
12|216|237|465
12|217|237|466
12|217|238|467
12|218|238|468
12|218|239|469
12|219|239|470
12|219|240|471
12|220|240|472
12|220|241|473
12|221|241|474
12|221|242|475
12|222|242|476
12|222|243|477
12|223|243|478
12|223|244|479
12|224|244|480
12|225|244|481
12|225|245|482
12|226|245|483
12|226|246|484
12|227|246|485
12|227|247|486
12|228|247|487
12|228|248|488
12|229|248|489
12|229|249|490
12|230|249|491
12|230|250|492
12|231|250|493
12|231|251|494
12|232|251|495
12|232|252|496
12|232|253|497
12|232|254|498
12|232|255|499
12|232|256|500
12|232|257|501
12|233|257|502
12|233|258|503
12|234|258|504
12|234|259|505
12|235|259|506
12|236|259|507
12|236|260|508
12|236|261|509
12|237|261|510
12|238|261|511
12|238|262|512
12|239|262|513
12|239|263|514
12|240|263|515
12|240|264|516
12|241|264|517
12|241|265|518
12|242|265|519
12|242|266|520
12|243|266|521
12|243|267|522
12|244|267|523
12|244|268|524
12|245|268|525
12|245|269|526
12|246|269|527
12|246|270|528
12|246|271|529
12|247|271|530
12|247|272|531
12|248|272|532
12|248|273|533
12|249|273|534
12|249|274|535
12|250|274|536
12|250|275|537
12|251|275|538
12|252|275|539
12|252|276|540
12|252|277|541
12|253|277|542
12|254|277|543
12|254|278|544
12|254|279|545
12|255|279|546
12|255|280|547
12|256|280|548
12|256|281|549
12|257|281|550
12|257|282|551
12|258|282|552
12|258|283|553
12|259|283|554
12|259|284|555
12|260|284|556
12|260|285|557
12|261|285|558
12|261|286|559
12|262|286|560
12|262|287|561
12|263|287|562
12|263|288|563
12|264|288|564
12|264|289|565
12|265|289|566
12|265|290|567
12|266|290|568
12|266|291|569
12|267|291|570
12|267|292|571
12|268|292|572
12|268|293|573
12|269|293|574
12|269|294|575
12|270|294|576
12|270|295|577
12|271|295|578
12|271|296|579
12|272|296|580
12|272|297|581
12|273|297|582
12|273|298|583
12|274|298|584
12|274|299|585
12|274|300|586
12|274|301|587
12|275|301|588
12|275|302|589
12|276|302|590
12|276|303|591
12|276|304|592
12|277|304|593
12|277|305|594
12|278|305|595
12|279|305|596
12|280|305|597
12|280|306|598
12|281|306|599
12|281|307|600
12|282|307|601
12|282|308|602
12|283|308|603
13|283|308|604
13|284|308|605
14|284|308|606
14|285|308|607
14|285|309|608
14|286|309|609
14|287|309|610
14|287|310|611
14|288|310|612
14|288|311|613
14|289|311|614
14|289|312|615
14|290|312|616
14|290|313|617
14|291|313|618
14|291|314|619
14|292|314|620
14|292|315|621
14|293|315|622
14|293|316|623
14|294|316|624
14|294|317|625
14|295|317|626
14|296|317|627
14|296|318|628
14|297|318|629
14|297|319|630
14|298|319|631
14|298|320|632
14|299|320|633
14|299|321|634
14|300|321|635
14|300|322|636
14|301|322|637
14|301|323|638
14|302|323|639
14|302|324|640
14|303|324|641
14|303|325|642
14|303|326|643
14|303|327|644
14|303|328|645
14|303|329|646
15|303|329|647
15|304|329|648
15|304|330|649
15|305|330|650
15|305|331|651
15|306|331|652
15|307|331|653
15|307|332|654
16|307|332|655
16|307|333|656
16|308|333|657
16|308|334|658
16|309|334|659
16|309|335|660
16|310|335|661
16|310|336|662
16|311|336|663
16|311|337|664
16|312|337|665
16|312|338|666
16|313|338|667
16|313|339|668
16|314|339|669
16|314|340|670
16|315|340|671
16|315|341|672
16|316|341|673
16|316|342|674
16|316|343|675
16|317|343|676
16|317|344|677
16|318|344|678
17|318|344|679
17|319|344|680
17|319|345|681
17|320|345|682
17|320|346|683
17|321|346|684
17|322|346|685
17|322|347|686
17|322|348|687
17|322|349|688
17|323|349|689
17|323|350|690
17|323|351|691
17|324|351|692
17|324|352|693
17|325|352|694
17|325|353|695
17|326|353|696
17|326|354|697
17|327|354|698
17|327|355|699
17|328|355|700
17|328|356|701
17|329|356|702
17|329|357|703
17|330|357|704
17|330|358|705
17|331|358|706
17|331|359|707
17|332|359|708
17|332|360|709
17|333|360|710
17|333|361|711
17|334|361|712
17|334|362|713
17|335|362|714
17|335|363|715
17|336|363|716
17|336|364|717
17|337|364|718
17|337|365|719
17|338|365|720
17|338|366|721
17|339|366|722
17|339|367|723
17|340|367|724
17|340|368|725
17|341|368|726
17|341|369|727
17|342|369|728
17|342|370|729
17|343|370|730
17|343|371|731
17|343|372|732
17|343|373|733
17|343|374|734
17|343|375|735
17|344|375|736
17|344|376|737
17|344|377|738
17|345|377|739
17|345|378|740
17|346|378|741
17|346|379|742
17|347|379|743
17|347|380|744
17|348|380|745
18|348|380|746
18|349|380|747
18|350|380|748
18|351|380|749
19|351|380|750
19|352|380|751
19|352|381|752
19|353|381|753
19|354|381|754
19|355|381|755
19|355|382|756
19|355|383|757
19|356|383|758
19|356|384|759
19|357|384|760
19|357|385|761
19|358|385|762
19|358|386|763
19|359|386|764
19|359|387|765
19|360|387|766
19|360|388|767
19|361|388|768
19|361|389|769
19|362|389|770
19|362|390|771
19|363|390|772
19|363|391|773
19|364|391|774
19|364|392|775
19|365|392|776
19|365|393|777
19|366|393|778
19|366|394|779
19|367|394|780
19|367|395|781
19|368|395|782
19|368|396|783
19|369|396|784
19|369|397|785
19|370|397|786
19|370|398|787
19|371|398|788
19|372|398|789
19|372|399|790
19|373|399|791
19|373|400|792
19|374|400|793
19|374|401|794
19|375|401|795
19|375|402|796
19|376|402|797
19|376|403|798
19|377|403|799
19|377|404|800
19|378|404|801
19|378|405|802
19|379|405|803
19|379|406|804
19|379|407|805
19|379|408|806
19|379|409|807
19|379|410|808
19|379|411|809
19|380|411|810
19|380|412|811
19|381|412|812
19|381|413|813
19|382|413|814
19|383|413|815
19|383|414|816
19|383|415|817
19|384|415|818
19|385|415|819
19|385|416|820
19|386|416|821
19|386|417|822
19|387|417|823
19|387|418|824
19|388|418|825
19|388|419|826
19|389|419|827
19|389|420|828
19|390|420|829
19|390|421|830
19|391|421|831
19|391|422|832
19|392|422|833
19|392|423|834
19|393|423|835
19|393|424|836
19|393|425|837
19|394|425|838
19|394|426|839
19|395|426|840
19|395|427|841
19|396|427|842
19|396|428|843
19|397|428|844
19|397|429|845
19|398|429|846
19|399|429|847
19|399|430|848
19|399|431|849
19|400|431|850
19|401|431|851
19|401|432|852
19|401|433|853
19|402|433|854
19|402|434|855
19|403|434|856
19|403|435|857
19|404|435|858
19|404|436|859
19|405|436|860
19|405|437|861
19|406|437|862
19|406|438|863
19|407|438|864
19|407|439|865
19|408|439|866
19|408|440|867
19|409|440|868
19|409|441|869
19|410|441|870
19|410|442|871
19|411|442|872
19|411|443|873
19|412|443|874
19|412|444|875
19|413|444|876
19|413|445|877
19|414|445|878
19|414|446|879
19|415|446|880
19|415|447|881
19|416|447|882
19|416|448|883
19|417|448|884
19|417|449|885
19|418|449|886
19|418|450|887
19|419|450|888
19|419|451|889
19|420|451|890
19|420|452|891
19|421|452|892
19|421|453|893
19|421|454|894
19|421|455|895
19|422|455|896
19|422|456|897
19|423|456|898
19|423|457|899
19|423|458|900
19|424|458|901
19|424|459|902
19|425|459|903
19|426|459|904
19|427|459|905
19|427|460|906
19|428|460|907
19|428|461|908
19|429|461|909
19|429|462|910
19|430|462|911
20|430|462|912
20|431|462|913
20|432|462|914
20|433|462|915
20|434|462|916
20|435|462|917
20|435|463|918
20|435|464|919
20|436|464|920
20|436|465|921
20|437|465|922
20|437|466|923
20|438|466|924
20|438|467|925
20|439|467|926
20|439|468|927
20|440|468|928
20|440|469|929
20|441|469|930
20|441|470|931
20|442|470|932
20|442|471|933
20|443|471|934
20|444|471|935
20|444|472|936
20|445|472|937
20|445|473|938
20|446|473|939
20|446|474|940
20|447|474|941
20|447|475|942
20|448|475|943
20|448|476|944
20|449|476|945
20|449|477|946
20|450|477|947
20|450|478|948
20|451|478|949
20|451|479|950
20|451|480|951
20|451|481|952
20|451|482|953
20|451|483|954
21|451|483|955
21|451|484|956
21|451|485|957
21|452|485|958
21|452|486|959
21|453|486|960
21|454|486|961
21|454|487|962
21|454|488|963
21|454|489|964
21|455|489|965
21|455|490|966
21|456|490|967
21|456|491|968
21|457|491|969
21|457|492|970
21|458|492|971
21|458|493|972
21|459|493|973
21|459|494|974
21|460|494|975
21|460|495|976
21|461|495|977
21|461|496|978
21|462|496|979
21|462|497|980
21|463|497|981
21|463|498|982
21|463|499|983
21|464|499|984
21|464|500|985
21|465|500|986
21|466|500|987
21|466|501|988
21|466|502|989
21|467|502|990
21|467|503|991
21|468|503|992
21|469|503|993
21|469|504|994
21|469|505|995
21|470|505|996
21|471|505|997
21|471|506|998
21|471|507|999
21|472|507|1000
21|472|508|1001
21|473|508|1002
21|473|509|1003
21|474|509|1004
21|474|510|1005
21|475|510|1006
21|475|511|1007
21|476|511|1008
21|476|512|1009
21|477|512|1010
21|477|513|1011
21|478|513|1012
21|478|514|1013
21|479|514|1014
21|479|515|1015
21|480|515|1016
21|480|516|1017
21|481|516|1018
21|481|517|1019
21|482|517|1020
21|482|518|1021
21|483|518|1022
21|483|519|1023
21|484|519|1024
21|484|520|1025
21|485|520|1026
21|485|521|1027
21|486|521|1028
21|486|522|1029
21|487|522|1030
21|488|522|1031
21|488|523|1032
21|489|523|1033
21|489|524|1034
21|490|524|1035
21|491|524|1036
21|492|524|1037
21|493|524|1038
21|494|524|1039
22|494|524|1040
22|495|524|1041
22|495|525|1042
22|496|525|1043
23|496|525|1044
23|497|525|1045
23|498|525|1046
23|499|525|1047
23|499|526|1048
23|499|527|1049
23|500|527|1050
23|500|528|1051
23|501|528|1052
23|501|529|1053
23|502|529|1054
23|502|530|1055
23|503|530|1056
23|503|531|1057
23|504|531|1058
23|504|532|1059
23|505|532|1060
23|505|533|1061
23|506|533|1062
23|506|534|1063
23|507|534|1064
23|507|535|1065
23|508|535|1066
23|508|536|1067
23|509|536|1068
23|509|537|1069
23|510|537|1070
23|510|538|1071
23|511|538|1072
23|511|539|1073
23|512|539|1074
23|512|540|1075
23|513|540|1076
23|513|541|1077
23|514|541|1078
23|514|542|1079
23|515|542|1080
23|516|542|1081
23|516|543|1082
23|517|543|1083
23|517|544|1084
23|518|544|1085
23|518|545|1086
23|519|545|1087
23|519|546|1088
23|520|546|1089
23|520|547|1090
23|521|547|1091
23|521|548|1092
23|522|548|1093
23|522|549|1094
23|523|549|1095
23|523|550|1096
23|523|551|1097
23|523|552|1098
23|523|553|1099
23|523|554|1100
24|523|554|1101
24|523|555|1102
25|523|555|1103
25|523|556|1104
25|523|557|1105
25|524|557|1106
25|524|558|1107
25|525|558|1108
25|526|558|1109
25|526|559|1110
25|527|559|1111
25|527|560|1112
25|528|560|1113
25|528|561|1114
25|529|561|1115
25|529|562|1116
25|530|562|1117
25|530|563|1118
25|531|563|1119
25|531|564|1120
25|532|564|1121
25|532|565|1122
25|533|565|1123
25|533|566|1124
25|534|566|1125
25|534|567|1126
25|535|567|1127
25|535|568|1128
25|536|568|1129
25|536|569|1130
25|537|569|1131
25|537|570|1132
25|537|571|1133
25|538|571|1134
25|538|572|1135
25|539|572|1136
25|539|573|1137
25|540|573|1138
25|541|573|1139
25|541|574|1140
25|541|575|1141
25|542|575|1142
25|542|576|1143
25|543|576|1144
25|544|576|1145
25|544|577|1146
25|545|577|1147
25|545|578|1148
25|546|578|1149
25|546|579|1150
25|546|580|1151
25|547|580|1152
25|547|581|1153
25|548|581|1154
25|548|582|1155
25|549|582|1156
25|549|583|1157
25|550|583|1158
25|550|584|1159
25|551|584|1160
25|551|585|1161
25|552|585|1162
25|552|586|1163
25|553|586|1164
25|553|587|1165
25|554|587|1166
25|554|588|1167
25|555|588|1168
25|555|589|1169
25|556|589|1170
25|556|590|1171
25|557|590|1172
25|557|591|1173
25|558|591|1174
25|558|592|1175
25|559|592|1176
25|559|593|1177
25|560|593|1178
25|560|594|1179
25|561|594|1180
25|561|595|1181
25|562|595|1182
25|562|596|1183
25|563|596|1184
25|563|597|1185
25|564|597|1186
25|564|598|1187
25|565|598|1188
25|565|599|1189
25|566|599|1190
26|566|599|1191
26|567|599|1192
26|567|600|1193
26|568|600|1194
26|568|601|1195
26|569|601|1196
26|569|602|1197
26|569|603|1198
27|569|603|1199
27|570|603|1200
28|570|603|1201
28|570|604|1202
28|570|605|1203
28|570|606|1204
28|571|606|1205
28|571|607|1206
28|572|607|1207
28|572|608|1208
28|573|608|1209
28|574|608|1210
28|575|608|1211
28|575|609|1212
28|576|609|1213
28|577|609|1214
28|578|609|1215
28|578|610|1216
28|579|610|1217
28|579|611|1218
28|580|611|1219
28|580|612|1220
28|581|612|1221
29|581|612|1222
29|582|612|1223
30|582|612|1224
30|582|613|1225
30|583|613|1226
30|583|614|1227
30|584|614|1228
30|584|615|1229
30|585|615|1230
30|585|616|1231
30|586|616|1232
30|586|617|1233
30|587|617|1234
30|587|618|1235
30|588|618|1236
30|588|619|1237
30|589|619|1238
30|589|620|1239
30|590|620|1240
30|590|621|1241
30|591|621|1242
30|591|622|1243
30|592|622|1244
30|592|623|1245
30|593|623|1246
30|593|624|1247
30|594|624|1248
30|594|625|1249
30|595|625|1250
30|595|626|1251
30|596|626|1252
30|596|627|1253
30|597|627|1254
30|597|628|1255
30|598|628|1256
30|598|629|1257
30|599|629|1258
30|599|630|1259
30|600|630|1260
30|601|630|1261
30|601|631|1262
30|602|631|1263
30|602|632|1264
30|603|632|1265
30|603|633|1266
30|604|633|1267
30|604|634|1268
30|605|634|1269
30|605|635|1270
30|606|635|1271
30|606|636|1272
30|607|636|1273
30|607|637|1274
30|608|637|1275
30|608|638|1276
30|609|638|1277
30|609|639|1278
30|609|640|1279
30|609|641|1280
30|609|642|1281
30|609|643|1282
30|609|644|1283
30|609|645|1284
30|610|645|1285
30|610|646|1286
30|610|647|1287
30|611|647|1288
30|611|648|1289
30|612|648|1290
30|613|648|1291
30|613|649|1292
30|613|650|1293
30|614|650|1294
30|615|650|1295
30|615|651|1296
30|616|651|1297
30|616|652|1298
30|617|652|1299
30|617|653|1300
30|618|653|1301
30|618|654|1302
30|619|654|1303
30|619|655|1304
30|620|655|1305
30|620|656|1306
30|621|656|1307
30|621|657|1308
30|622|657|1309
30|622|658|1310
30|623|658|1311
30|623|659|1312
30|624|659|1313
30|624|660|1314
30|624|661|1315
30|625|661|1316
30|625|662|1317
30|626|662|1318
30|626|663|1319
30|626|664|1320
30|626|665|1321
30|627|665|1322
30|627|666|1323
30|628|666|1324
30|628|667|1325
30|629|667|1326
30|630|667|1327
30|630|668|1328
30|630|669|1329
30|630|670|1330
30|631|670|1331
30|631|671|1332
30|631|672|1333
30|632|672|1334
30|632|673|1335
30|633|673|1336
30|633|674|1337
30|634|674|1338
30|634|675|1339
30|635|675|1340
30|635|676|1341
30|636|676|1342
30|636|677|1343
30|637|677|1344
30|637|678|1345
30|638|678|1346
30|638|679|1347
30|639|679|1348
30|639|680|1349
30|640|680|1350
30|640|681|1351
30|641|681|1352
30|641|682|1353
30|642|682|1354
30|642|683|1355
30|643|683|1356
30|643|684|1357
30|644|684|1358
30|644|685|1359
30|645|685|1360
30|645|686|1361
30|646|686|1362
30|646|687|1363
30|647|687|1364
30|647|688|1365
30|648|688|1366
30|648|689|1367
30|649|689|1368
30|649|690|1369
30|650|690|1370
30|650|691|1371
30|651|691|1372
30|651|692|1373
31|651|692|1374
31|651|693|1375
31|652|693|1376
31|652|694|1377
31|653|694|1378
31|653|695|1379
31|653|696|1380
31|653|697|1381
31|653|698|1382
31|653|699|1383
31|654|699|1384
31|654|700|1385
31|654|701|1386
31|655|701|1387
31|655|702|1388
31|656|702|1389
31|656|703|1390
31|657|703|1391
31|658|703|1392
31|659|703|1393
31|659|704|1394
31|660|704|1395
31|661|704|1396
31|662|704|1397
32|662|704|1398
32|663|704|1399
32|664|704|1400
32|665|704|1401
32|665|705|1402
32|666|705|1403
32|666|706|1404
32|667|706|1405
32|667|707|1406
32|667|708|1407
32|668|708|1408
32|668|709|1409
32|669|709|1410
32|669|710|1411
32|670|710|1412
32|670|711|1413
32|671|711|1414
32|671|712|1415
32|672|712|1416
32|672|713|1417
32|673|713|1418
32|673|714|1419
32|674|714|1420
32|674|715|1421
32|675|715|1422
32|675|716|1423
32|676|716|1424
32|676|717|1425
32|677|717|1426
32|677|718|1427
32|678|718|1428
32|678|719|1429
32|679|719|1430
32|679|720|1431
32|680|720|1432
32|680|721|1433
32|681|721|1434
32|681|722|1435
32|682|722|1436
32|682|723|1437
32|683|723|1438
32|683|724|1439
32|684|724|1440
32|684|725|1441
32|685|725|1442
32|686|725|1443
32|686|726|1444
32|687|726|1445
32|687|727|1446
32|688|727|1447
32|688|728|1448
32|689|728|1449
32|689|729|1450
32|690|729|1451
32|690|730|1452
32|691|730|1453
32|691|731|1454
32|692|731|1455
32|692|732|1456
32|693|732|1457
32|693|733|1458
32|694|733|1459
32|694|734|1460
32|694|735|1461
32|694|736|1462
32|694|737|1463
32|694|738|1464
32|694|739|1465
32|694|740|1466
32|694|741|1467
32|694|742|1468
32|694|743|1469
32|695|743|1470
32|695|744|1471
32|696|744|1472
32|697|744|1473
32|697|745|1474
32|698|745|1475
32|698|746|1476
32|699|746|1477
32|699|747|1478
32|700|747|1479
32|700|748|1480
32|701|748|1481
32|701|749|1482
32|702|749|1483
32|702|750|1484
32|703|750|1485
32|703|751|1486
32|704|751|1487
32|704|752|1488
32|705|752|1489
32|705|753|1490
32|706|753|1491
32|706|754|1492
32|707|754|1493
32|707|755|1494
32|708|755|1495
32|708|756|1496
32|708|757|1497
32|709|757|1498
32|709|758|1499
32|710|758|1500
32|710|759|1501
32|711|759|1502
32|712|759|1503
32|712|760|1504
32|712|761|1505
32|713|761|1506
32|713|762|1507
32|714|762|1508
32|715|762|1509
32|715|763|1510
33|715|763|1511
33|715|764|1512
33|716|764|1513
33|716|765|1514
33|716|766|1515
33|717|766|1516
33|717|767|1517
33|718|767|1518
33|718|768|1519
33|719|768|1520
33|719|769|1521
33|720|769|1522
33|720|770|1523
33|721|770|1524
33|721|771|1525
33|722|771|1526
33|722|772|1527
33|723|772|1528
33|723|773|1529
33|724|773|1530
33|724|774|1531
33|725|774|1532
33|725|775|1533
33|726|775|1534
33|726|776|1535
33|727|776|1536
33|727|777|1537
33|728|777|1538
33|728|778|1539
33|729|778|1540
33|729|779|1541
33|730|779|1542
33|730|780|1543
33|731|780|1544
33|731|781|1545
33|732|781|1546
33|732|782|1547
33|733|782|1548
33|733|783|1549
33|734|783|1550
33|734|784|1551
33|735|784|1552
33|735|785|1553
33|736|785|1554
33|736|786|1555
33|737|786|1556
33|737|787|1557
33|738|787|1558
33|738|788|1559
33|739|788|1560
33|739|789|1561
33|739|790|1562
34|739|790|1563
34|739|791|1564
35|739|791|1565
35|740|791|1566
35|740|792|1567
35|740|793|1568
35|741|793|1569
36|741|793|1570
36|742|793|1571
36|742|794|1572
36|743|794|1573
36|743|795|1574
36|744|795|1575
36|744|796|1576
36|745|796|1577
36|745|797|1578
36|746|797|1579
36|746|798|1580
36|747|798|1581
36|747|799|1582
36|748|799|1583
36|748|800|1584
36|749|800|1585
36|749|801|1586
36|750|801|1587
36|751|801|1588
36|751|802|1589
36|752|802|1590
36|752|803|1591
36|753|803|1592
36|753|804|1593
36|754|804|1594
36|754|805|1595
36|755|805|1596
36|755|806|1597
36|756|806|1598
36|756|807|1599
36|757|807|1600
36|757|808|1601
36|758|808|1602
36|758|809|1603
36|759|809|1604
36|759|810|1605
36|760|810|1606
36|760|811|1607
36|761|811|1608
36|761|812|1609
36|762|812|1610
36|762|813|1611
36|763|813|1612
36|763|814|1613
36|764|814|1614
36|764|815|1615
36|765|815|1616
36|765|816|1617
36|766|816|1618
36|766|817|1619
36|767|817|1620
36|767|818|1621
36|768|818|1622
36|768|819|1623
36|769|819|1624
36|770|819|1625
36|770|820|1626
36|771|820|1627
36|771|821|1628
36|772|821|1629
36|772|822|1630
36|773|822|1631
36|773|823|1632
36|774|823|1633
36|774|824|1634
36|775|824|1635
36|775|825|1636
36|776|825|1637
36|776|826|1638
36|777|826|1639
36|777|827|1640
36|778|827|1641
36|778|828|1642
36|778|829|1643
36|778|830|1644
36|778|831|1645
36|778|832|1646
36|778|833|1647
36|778|834|1648
37|778|834|1649
37|778|835|1650
37|778|836|1651
37|779|836|1652
37|779|837|1653
37|780|837|1654
37|781|837|1655
37|781|838|1656
37|782|838|1657
37|782|839|1658
37|783|839|1659
37|783|840|1660
37|784|840|1661
37|784|841|1662
37|785|841|1663
37|785|842|1664
37|786|842|1665
37|786|843|1666
37|787|843|1667
37|787|844|1668
37|788|845|1670
37|788|846|1671
37|789|846|1672
37|789|847|1673
37|790|847|1674
37|791|847|1675
37|791|848|1676
37|792|848|1677
37|792|849|1678
37|792|850|1679
37|792|851|1680
37|792|852|1681
37|793|852|1682
37|794|852|1683
37|794|853|1684
37|795|853|1685
37|795|854|1686
37|795|855|1687
37|796|855|1688
37|796|856|1689
37|797|856|1690
37|798|856|1691
37|798|857|1692
37|799|857|1693
37|799|858|1694
37|800|858|1695
37|800|859|1696
37|801|859|1697
37|801|860|1698
37|802|860|1699
37|802|861|1700
37|803|861|1701
37|803|862|1702
37|804|862|1703
37|804|863|1704
37|805|863|1705
37|805|864|1706
37|806|864|1707
37|806|865|1708
37|807|865|1709
37|807|866|1710
37|808|866|1711
37|808|867|1712
37|809|867|1713
37|809|868|1714
37|810|868|1715
37|810|869|1716
37|811|869|1717
37|811|870|1718
37|812|870|1719
37|812|871|1720
37|813|871|1721
37|813|872|1722
37|814|872|1723
37|814|873|1724
37|815|873|1725
37|815|874|1726
37|815|875|1727
38|815|875|1728
38|816|875|1729
38|816|876|1730
38|817|876|1731
38|817|877|1732
38|817|878|1733
38|817|879|1734
38|817|880|1735
38|817|881|1736
38|817|882|1737
38|817|883|1738
38|817|884|1739
38|818|884|1740
38|818|885|1741
38|819|885|1742
39|819|885|1743
39|820|885|1744
39|821|885|1745
39|822|885|1746
39|823|885|1747
39|824|885|1748
39|824|886|1749
39|825|886|1750
39|825|887|1751
39|826|887|1752
39|826|888|1753
39|827|888|1754
39|827|889|1755
39|828|889|1756
39|829|889|1757
39|829|890|1758
39|830|890|1759
39|830|891|1760
39|831|891|1761
39|831|892|1762
39|832|892|1763
39|832|893|1764
39|833|893|1765
39|833|894|1766
39|834|894|1767
39|834|895|1768
39|835|895|1769
39|835|896|1770
39|836|896|1771
39|836|897|1772
39|837|897|1773
39|837|898|1774
39|838|898|1775
39|838|899|1776
39|839|899|1777
39|839|900|1778
39|840|900|1779
39|840|901|1780
39|841|901|1781
39|841|902|1782
39|842|902|1783
39|842|903|1784
39|843|903|1785
39|843|904|1786
39|844|904|1787
39|844|905|1788
