total
0|0|1|1
0|1|1|2
0|1|2|3
0|2|2|4
0|2|3|5
0|3|3|6
0|3|4|7
0|4|4|8
0|4|5|9
0|5|5|10
0|5|6|11
0|6|6|12
0|6|7|13
0|7|7|14
0|7|8|15
0|8|8|16
0|8|9|17
0|9|9|18
0|9|10|19
0|10|10|20
0|10|11|21
0|11|11|22
0|11|12|23
0|12|12|24
0|12|13|25
0|13|13|26
0|13|14|27
0|14|14|28
0|14|15|29
0|15|15|30
0|15|16|31
0|16|16|32
0|17|17|34
0|18|17|35
0|18|18|36
0|19|18|37
0|19|19|38
0|20|19|39
0|20|20|40
0|21|20|41
0|21|21|42
0|22|21|43
0|22|22|44
0|23|22|45
0|23|23|46
0|24|23|47
0|24|24|48
0|25|24|49
0|25|25|50
0|26|25|51
0|26|26|52
0|27|26|53
0|27|27|54
0|28|27|55
0|28|28|56
0|29|28|57
0|29|29|58
0|30|29|59
0|30|30|60
0|31|30|61
0|31|31|62
0|32|31|63
0|32|32|64
0|33|32|65
0|33|33|66
0|34|33|67
0|34|34|68
0|35|34|69
0|35|35|70
0|36|35|71
0|36|36|72
0|37|36|73
0|37|37|74
0|38|37|75
0|38|38|76
0|39|38|77
0|39|39|78
0|40|39|79
0|40|40|80
0|41|40|81
0|41|41|82
0|42|41|83
0|42|42|84
0|43|42|85
0|43|43|86
0|44|43|87
0|44|44|88
0|45|44|89
0|45|45|90
0|46|45|91
0|46|46|92
0|47|46|93
0|47|47|94
0|48|47|95
0|48|48|96
0|49|48|97
0|49|49|98
0|50|49|99
0|50|50|100
0|51|50|101
0|51|51|102
0|52|51|103
0|52|52|104
0|53|52|105
0|53|53|106
0|54|53|107
0|54|54|108
0|55|54|109
0|55|55|110
0|56|55|111
0|56|56|112
0|57|56|113
0|57|57|114
0|58|57|115
0|58|58|116
0|59|58|117
0|59|59|118
0|60|59|119
0|60|60|120
0|61|60|121
0|61|61|122
0|62|61|123
0|62|62|124
0|63|62|125
0|63|63|126
0|64|63|127
0|64|64|128
0|65|64|129
0|65|65|130
0|66|65|131
0|66|66|132
0|67|66|133
0|67|67|134
0|68|67|135
0|68|68|136
0|69|68|137
0|69|69|138
0|70|69|139
0|70|70|140
0|71|70|141
0|71|71|142
0|72|71|143
0|72|72|144
0|73|72|145
0|73|73|146
0|74|73|147
0|74|74|148
0|75|74|149
0|75|75|150
0|76|75|151
0|76|76|152
0|77|76|153
0|77|77|154
0|78|77|155
0|78|78|156
0|79|78|157
0|79|79|158
0|80|79|159
0|80|80|160
0|81|80|161
0|81|81|162
0|82|81|163
0|82|82|164
0|83|82|165
0|83|83|166
0|84|83|167
0|84|84|168
0|85|84|169
0|85|85|170
0|86|85|171
0|86|86|172
0|87|86|173
0|87|87|174
0|88|87|175
0|88|88|176
0|89|88|177
0|89|89|178
0|90|89|179
0|90|90|180
0|91|90|181
0|91|91|182
0|92|91|183
0|92|92|184
0|93|92|185
0|93|93|186
0|94|93|187
0|94|94|188
0|95|94|189
0|95|95|190
0|96|95|191
0|97|95|192
0|98|95|193
0|98|96|194
0|99|96|195
0|99|97|196
0|100|97|197
0|100|98|198
0|101|98|199
0|101|99|200
0|102|99|201
0|102|100|202
0|103|100|203
0|103|101|204
0|104|101|205
0|104|102|206
0|105|102|207
0|105|103|208
0|106|103|209
0|106|104|210
0|107|104|211
0|107|105|212
0|108|105|213
0|108|106|214
0|109|106|215
0|109|107|216
0|110|107|217
0|110|108|218
0|111|108|219
0|111|109|220
0|112|109|221
0|112|110|222
0|113|110|223
0|113|111|224
0|114|111|225
0|114|112|226
0|115|112|227
0|115|113|228
0|116|113|229
0|116|114|230
0|117|114|231
0|117|115|232
0|118|115|233
0|118|116|234
0|119|116|235
0|119|117|236
0|120|117|237
0|120|118|238
0|121|118|239
0|121|119|240
0|122|119|241
0|122|120|242
0|123|120|243
0|123|121|244
0|124|121|245
0|124|122|246
0|125|122|247
0|125|123|248
0|126|123|249
0|126|124|250
0|127|124|251
0|127|125|252
0|128|125|253
0|128|126|254
0|129|126|255
0|129|127|256
0|130|127|257
0|130|128|258
0|131|128|259
0|131|129|260
0|132|129|261
0|132|130|262
0|133|130|263
0|133|131|264
0|134|131|265
0|134|132|266
0|135|132|267
0|135|133|268
0|136|133|269
0|136|134|270
0|137|134|271
0|137|135|272
0|138|135|273
0|138|136|274
0|139|136|275
0|139|137|276
0|140|137|277
0|140|138|278
0|141|138|279
0|141|139|280
0|142|139|281
0|142|140|282
0|143|140|283
0|143|141|284
0|144|141|285
0|144|142|286
0|145|142|287
0|145|143|288
0|146|143|289
0|146|144|290
0|147|144|291
0|147|145|292
0|148|145|293
0|148|146|294
0|149|146|295
0|149|147|296
0|150|147|297
0|150|148|298
0|151|148|299
0|151|149|300
0|152|149|301
0|152|150|302
0|153|150|303
0|153|151|304
0|154|151|305
0|154|152|306
0|155|152|307
0|155|153|308
0|156|153|309
0|156|154|310
0|157|154|311
0|157|155|312
0|158|155|313
0|158|156|314
0|159|156|315
0|159|157|316
0|160|157|317
0|160|158|318
0|161|158|319
0|161|159|320
0|162|159|321
0|162|160|322
0|163|160|323
0|163|161|324
0|164|161|325
0|164|162|326
0|165|162|327
0|165|163|328
0|166|163|329
0|166|164|330
0|167|164|331
0|167|165|332
0|168|165|333
0|168|166|334
0|169|166|335
0|169|167|336
0|170|167|337
0|170|168|338
0|171|168|339
0|171|169|340
0|172|169|341
0|172|170|342
0|173|170|343
0|173|171|344
0|174|171|345
0|174|172|346
0|175|172|347
0|175|173|348
0|176|173|349
0|176|174|350
0|177|174|351
0|177|175|352
0|178|175|353
0|178|176|354
0|179|176|355
0|179|177|356
0|180|177|357
0|180|178|358
0|181|178|359
0|181|179|360
0|182|179|361
0|182|180|362
0|183|180|363
0|183|181|364
0|184|181|365
0|184|182|366
0|185|182|367
0|185|183|368
0|186|183|369
0|186|184|370
0|187|184|371
0|187|185|372
0|188|185|373
0|188|186|374
0|189|186|375
0|189|187|376
0|190|187|377
0|190|188|378
0|191|188|379
0|191|189|380
0|192|189|381
0|192|190|382
0|193|190|383
0|193|191|384
0|194|191|385
0|194|192|386
0|195|192|387
0|195|193|388
0|196|193|389
0|196|194|390
0|197|194|391
0|197|195|392
0|198|195|393
0|198|196|394
0|199|196|395
0|199|197|396
0|200|197|397
0|200|198|398
0|201|198|399
0|201|199|400
0|202|199|401
0|202|200|402
0|203|200|403
0|203|201|404
0|204|201|405
0|204|202|406
0|205|202|407
0|205|203|408
0|206|203|409
0|206|204|410
0|207|204|411
0|207|205|412
0|208|205|413
0|208|206|414
0|209|206|415
0|209|207|416
0|210|207|417
0|210|208|418
0|211|208|419
0|211|209|420
0|212|209|421
0|212|210|422
0|213|210|423
0|213|211|424
0|214|211|425
0|214|212|426
0|215|212|427
0|215|213|428
0|216|213|429
0|216|214|430
0|217|214|431
0|217|215|432
0|218|215|433
0|218|216|434
0|219|216|435
0|219|217|436
0|220|217|437
0|220|218|438
0|221|218|439
0|221|219|440
0|222|219|441
0|222|220|442
0|223|220|443
0|224|220|444
0|225|220|445
0|225|221|446
0|226|221|447
0|226|222|448
0|227|222|449
0|228|222|450
0|229|222|451
0|230|222|452
0|231|222|453
0|231|223|454
0|232|223|455
0|232|224|456
0|233|224|457
0|234|224|458
0|235|224|459
0|235|225|460
0|236|225|461
0|236|226|462
0|237|226|463
0|237|227|464
0|238|227|465
0|238|228|466
0|239|228|467
0|239|229|468
0|240|229|469
0|240|230|470
0|241|230|471
0|241|231|472
0|242|231|473
0|242|232|474
0|243|232|475
0|243|233|476
0|244|233|477
0|244|234|478
0|245|234|479
0|246|234|480
0|247|234|481
0|247|235|482
0|248|235|483
0|248|236|484
0|249|236|485
0|249|237|486
0|250|237|487
0|250|238|488
0|251|238|489
0|251|239|490
0|252|239|491
0|252|240|492
0|253|240|493
0|253|241|494
0|254|241|495
0|254|242|496
0|255|242|497
0|255|243|498
0|256|243|499
0|256|244|500
0|257|244|501
0|257|245|502
0|258|245|503
0|259|245|504
0|260|245|505
0|260|246|506
0|261|246|507
0|261|247|508
0|262|247|509
0|262|248|510
0|263|248|511
0|263|249|512
0|264|249|513
0|264|250|514
0|265|250|515
0|265|251|516
0|266|251|517
0|266|252|518
0|267|252|519
0|267|253|520
0|268|253|521
0|268|254|522
0|269|254|523
0|269|255|524
0|270|255|525
0|270|256|526
0|271|256|527
0|271|257|528
0|272|257|529
0|272|258|530
0|273|258|531
0|273|259|532
0|274|259|533
0|274|260|534
0|275|260|535
0|275|261|536
0|276|261|537
0|276|262|538
0|277|262|539
0|277|263|540
0|278|263|541
0|278|264|542
0|279|264|543
0|279|265|544
0|280|265|545
0|280|266|546
0|281|266|547
0|281|267|548
0|282|267|549
0|282|268|550
0|283|268|551
0|283|269|552
0|284|269|553
0|284|270|554
0|285|270|555
0|285|271|556
0|286|271|557
0|286|272|558
0|287|272|559
0|287|273|560
0|288|273|561
0|288|274|562
0|289|274|563
0|289|275|564
0|290|275|565
0|290|276|566
0|291|276|567
0|291|277|568
0|292|277|569
0|292|278|570
0|293|278|571
0|293|279|572
0|294|279|573
0|294|280|574
0|295|280|575
0|295|281|576
0|296|281|577
0|296|282|578
0|297|282|579
0|297|283|580
0|298|283|581
0|298|284|582
0|299|284|583
0|299|285|584
0|300|285|585
0|300|286|586
0|301|286|587
0|301|287|588
0|302|287|589
0|302|288|590
0|303|288|591
0|303|289|592
0|304|289|593
0|304|290|594
0|305|290|595
0|305|291|596
0|306|291|597
0|306|292|598
0|307|292|599
0|307|293|600
0|308|293|601
0|309|293|602
0|310|293|603
0|311|293|604
0|312|293|605
0|312|294|606
0|313|294|607
0|313|295|608
0|314|295|609
0|314|296|610
0|315|296|611
0|315|297|612
0|316|297|613
0|316|298|614
0|317|298|615
0|317|299|616
0|318|299|617
0|318|300|618
0|319|300|619
0|319|301|620
0|320|301|621
0|320|302|622
0|321|302|623
0|322|302|624
0|323|302|625
0|324|302|626
0|325|302|627
0|325|303|628
0|326|303|629
0|326|304|630
0|327|304|631
0|327|305|632
0|328|305|633
0|328|306|634
0|329|306|635
0|329|307|636
0|330|307|637
0|331|307|638
0|332|307|639
0|333|307|640
0|334|307|641
0|334|308|642
0|335|308|643
0|335|309|644
0|336|309|645
0|337|309|646
0|338|309|647
0|338|310|648
0|339|310|649
0|339|311|650
0|340|311|651
0|340|312|652
0|341|312|653
0|341|313|654
0|342|313|655
0|342|314|656
0|343|314|657
0|344|314|658
0|345|314|659
0|345|315|660
0|346|315|661
0|346|316|662
0|347|316|663
0|347|317|664
0|348|317|665
0|348|318|666
0|349|318|667
0|349|319|668
0|350|319|669
0|350|320|670
0|351|320|671
0|351|321|672
0|352|321|673
0|352|322|674
0|353|322|675
0|353|323|676
0|354|323|677
0|354|324|678
0|355|324|679
0|355|325|680
0|356|325|681
0|356|326|682
0|357|326|683
0|357|327|684
0|358|327|685
0|358|328|686
0|359|328|687
0|359|329|688
0|360|329|689
0|360|330|690
0|361|330|691
0|361|331|692
0|362|331|693
0|362|332|694
0|363|332|695
0|363|333|696
0|364|333|697
0|364|334|698
0|365|334|699
0|365|335|700
0|366|335|701
0|366|336|702
0|367|336|703
0|367|337|704
0|368|337|705
0|368|338|706
0|369|338|707
0|369|339|708
0|370|339|709
0|370|340|710
0|371|340|711
0|371|341|712
0|372|341|713
0|372|342|714
0|373|342|715
0|373|343|716
0|374|343|717
0|374|344|718
0|375|344|719
0|375|345|720
0|376|345|721
0|376|346|722
0|377|346|723
0|377|347|724
0|378|347|725
0|378|348|726
0|379|348|727
0|379|349|728
0|380|349|729
0|380|350|730
0|381|350|731
0|382|350|732
0|383|350|733
0|383|351|734
0|384|351|735
0|384|352|736
0|385|352|737
0|385|353|738
0|386|353|739
0|386|354|740
0|387|354|741
0|387|355|742
0|388|355|743
0|388|356|744
0|389|356|745
0|389|357|746
0|390|357|747
0|390|358|748
0|391|358|749
0|391|359|750
0|392|359|751
0|392|360|752
0|393|360|753
0|393|361|754
0|394|361|755
0|394|362|756
0|395|362|757
0|395|363|758
0|396|363|759
0|396|364|760
0|397|364|761
0|397|365|762
0|398|365|763
0|398|366|764
0|399|366|765
0|399|367|766
0|400|367|767
0|401|367|768
0|402|367|769
0|402|368|770
0|403|368|771
0|403|369|772
0|404|369|773
0|404|370|774
0|405|370|775
0|406|370|776
0|407|370|777
0|407|371|778
0|408|371|779
0|408|372|780
0|409|372|781
0|409|373|782
0|410|373|783
0|410|374|784
0|411|374|785
0|411|375|786
0|412|375|787
0|412|376|788
0|413|376|789
0|414|376|790
0|415|376|791
0|415|377|792
0|416|377|793
0|416|378|794
0|417|378|795
0|417|379|796
0|418|379|797
0|418|380|798
0|419|380|799
0|419|381|800
0|420|381|801
0|420|382|802
0|421|382|803
0|421|383|804
0|422|383|805
0|422|384|806
0|423|384|807
0|423|385|808
0|424|385|809
0|424|386|810
0|425|386|811
0|425|387|812
0|426|387|813
0|426|388|814
0|427|388|815
0|427|389|816
0|428|389|817
0|428|390|818
0|429|390|819
0|429|391|820
0|430|391|821
0|430|392|822
0|431|392|823
0|431|393|824
0|432|393|825
0|432|394|826
0|433|394|827
0|433|395|828
0|434|395|829
0|434|396|830
0|435|396|831
0|435|397|832
0|436|397|833
0|436|398|834
0|437|398|835
0|437|399|836
0|438|399|837
0|438|400|838
0|439|400|839
0|439|401|840
0|440|401|841
0|440|402|842
0|441|402|843
0|441|403|844
0|442|403|845
0|442|404|846
0|443|404|847
0|443|405|848
0|444|405|849
0|444|406|850
0|445|406|851
0|445|407|852
0|446|407|853
0|446|408|854
0|447|408|855
0|447|409|856
0|448|409|857
0|448|410|858
0|449|410|859
0|449|411|860
0|450|411|861
0|450|412|862
0|451|412|863
0|451|413|864
0|452|413|865
0|452|414|866
0|453|414|867
0|453|415|868
0|454|415|869
0|454|416|870
0|455|416|871
0|455|417|872
0|456|417|873
0|456|418|874
0|457|418|875
0|457|419|876
0|458|419|877
0|459|419|878
0|460|419|879
0|460|420|880
0|461|420|881
0|461|421|882
0|462|421|883
0|463|421|884
0|464|421|885
0|464|422|886
0|465|422|887
0|465|423|888
0|466|423|889
0|466|424|890
0|467|424|891
0|468|424|892
0|469|424|893
0|469|425|894
0|470|425|895
0|470|426|896
0|471|426|897
0|471|427|898
0|472|427|899
0|472|428|900
0|473|428|901
0|473|429|902
0|474|429|903
0|474|430|904
0|475|430|905
0|475|431|906
0|476|431|907
0|476|432|908
0|477|432|909
0|478|432|910
0|479|432|911
0|479|433|912
0|480|433|913
0|481|433|914
0|482|433|915
0|482|434|916
0|483|434|917
0|483|435|918
0|484|435|919
0|484|436|920
0|485|436|921
0|486|436|922
0|487|436|923
0|487|437|924
0|488|437|925
0|488|438|926
0|489|438|927
0|489|439|928
0|490|439|929
0|491|439|930
0|492|439|931
0|492|440|932
0|493|440|933
0|493|441|934
0|494|441|935
0|494|442|936
0|495|442|937
0|495|443|938
0|496|443|939
0|496|444|940
0|497|444|941
0|497|445|942
0|498|445|943
0|498|446|944
0|499|446|945
0|499|447|946
0|500|447|947
0|500|448|948
0|501|448|949
0|501|449|950
0|502|449|951
0|502|450|952
0|503|450|953
0|503|451|954
0|504|451|955
0|504|452|956
0|505|452|957
0|505|453|958
0|506|453|959
0|506|454|960
0|507|454|961
0|507|455|962
0|508|455|963
0|508|456|964
0|509|456|965
0|509|457|966
0|510|457|967
0|510|458|968
0|511|458|969
0|511|459|970
0|512|459|971
0|512|460|972
0|513|460|973
0|513|461|974
0|514|461|975
0|514|462|976
0|515|462|977
0|515|463|978
0|516|463|979
0|516|464|980
0|517|464|981
0|517|465|982
0|518|465|983
0|518|466|984
0|519|466|985
0|519|467|986
0|520|467|987
0|520|468|988
0|521|468|989
0|521|469|990
0|522|469|991
0|522|470|992
0|523|470|993
0|523|471|994
0|524|471|995
0|524|472|996
0|525|472|997
0|525|473|998
0|526|473|999
0|526|474|1000
0|527|474|1001
0|527|475|1002
0|528|475|1003
0|528|476|1004
0|529|476|1005
0|529|477|1006
0|530|477|1007
0|530|478|1008
0|531|478|1009
0|531|479|1010
0|532|479|1011
0|532|480|1012
0|533|480|1013
0|533|481|1014
0|534|481|1015
0|534|482|1016
0|535|482|1017
0|535|483|1018
0|536|483|1019
0|536|484|1020
0|537|484|1021
0|537|485|1022
0|538|485|1023
0|538|486|1024
0|539|486|1025
0|539|487|1026
0|540|487|1027
0|541|487|1028
0|542|487|1029
0|543|487|1030
0|544|487|1031
0|544|488|1032
0|545|488|1033
0|545|489|1034
0|546|489|1035
0|546|490|1036
0|547|490|1037
0|548|490|1038
0|549|490|1039
0|550|490|1040
0|551|490|1041
0|552|490|1042
0|553|490|1043
0|553|491|1044
0|554|491|1045
0|555|491|1046
0|556|491|1047
0|556|492|1048
0|557|492|1049
0|558|492|1050
0|559|492|1051
0|560|492|1052
0|561|492|1053
0|561|493|1054
0|562|493|1055
0|562|494|1056
0|563|494|1057
0|563|495|1058
0|564|495|1059
0|564|496|1060
0|565|496|1061
0|565|497|1062
0|566|497|1063
0|566|498|1064
0|567|498|1065
0|567|499|1066
0|568|499|1067
0|568|500|1068
0|569|500|1069
0|569|501|1070
0|570|501|1071
0|570|502|1072
0|571|502|1073
0|571|503|1074
0|572|503|1075
0|572|504|1076
0|573|504|1077
0|573|505|1078
0|574|505|1079
0|574|506|1080
0|575|506|1081
0|575|507|1082
0|576|507|1083
0|576|508|1084
0|577|508|1085
0|577|509|1086
0|578|509|1087
0|578|510|1088
0|579|510|1089
0|579|511|1090
0|580|511|1091
0|580|512|1092
0|581|512|1093
0|581|513|1094
0|582|513|1095
0|582|514|1096
0|583|514|1097
0|583|515|1098
0|584|515|1099
0|585|515|1100
0|586|515|1101
0|586|516|1102
0|587|516|1103
0|587|517|1104
0|588|517|1105
0|588|518|1106
0|589|518|1107
0|590|518|1108
0|591|518|1109
0|591|519|1110
0|592|519|1111
0|592|520|1112
0|593|520|1113
0|593|521|1114
0|594|521|1115
0|594|522|1116
0|595|522|1117
0|595|523|1118
0|596|523|1119
0|596|524|1120
0|597|524|1121
0|597|525|1122
0|598|525|1123
0|598|526|1124
0|599|526|1125
0|599|527|1126
0|600|527|1127
0|600|528|1128
0|601|528|1129
0|601|529|1130
0|602|529|1131
0|602|530|1132
0|603|530|1133
0|603|531|1134
0|604|531|1135
0|604|532|1136
0|605|532|1137
0|605|533|1138
0|606|533|1139
0|606|534|1140
0|607|534|1141
0|607|535|1142
0|608|535|1143
0|608|536|1144
0|609|536|1145
0|609|537|1146
0|610|537|1147
0|610|538|1148
0|611|538|1149
0|611|539|1150
0|612|539|1151
0|612|540|1152
0|613|540|1153
0|613|541|1154
0|614|541|1155
0|614|542|1156
0|615|542|1157
0|615|543|1158
0|616|543|1159
0|617|543|1160
0|618|543|1161
0|618|544|1162
0|619|544|1163
0|619|545|1164
0|620|545|1165
0|620|546|1166
0|621|546|1167
0|621|547|1168
0|622|547|1169
0|622|548|1170
0|623|548|1171
0|623|549|1172
0|624|549|1173
0|624|550|1174
0|625|550|1175
0|625|551|1176
0|626|551|1177
0|626|552|1178
0|627|552|1179
0|627|553|1180
0|628|553|1181
0|628|554|1182
0|629|554|1183
0|629|555|1184
0|630|555|1185
0|630|556|1186
0|631|556|1187
0|631|557|1188
0|632|557|1189
0|632|558|1190
0|633|558|1191
0|633|559|1192
0|634|559|1193
0|634|560|1194
0|635|560|1195
0|635|561|1196
0|636|561|1197
0|636|562|1198
0|637|562|1199
0|637|563|1200
0|638|563|1201
0|638|564|1202
0|639|564|1203
0|639|565|1204
0|640|565|1205
0|640|566|1206
0|641|566|1207
0|641|567|1208
0|642|567|1209
0|642|568|1210
0|643|568|1211
0|643|569|1212
0|644|569|1213
0|644|570|1214
0|645|570|1215
0|645|571|1216
0|646|571|1217
0|646|572|1218
0|647|572|1219
0|647|573|1220
0|648|573|1221
0|648|574|1222
0|649|574|1223
0|649|575|1224
0|650|575|1225
0|650|576|1226
0|651|576|1227
0|651|577|1228
0|652|577|1229
0|652|578|1230
0|653|578|1231
0|653|579|1232
0|654|579|1233
0|654|580|1234
0|655|580|1235
0|655|581|1236
0|656|581|1237
0|656|582|1238
0|657|582|1239
0|657|583|1240
0|658|583|1241
0|658|584|1242
0|659|584|1243
0|659|585|1244
0|660|585|1245
0|660|586|1246
0|661|586|1247
0|661|587|1248
0|662|587|1249
0|662|588|1250
0|663|588|1251
0|663|589|1252
0|664|589|1253
0|664|590|1254
0|665|590|1255
0|665|591|1256
0|666|591|1257
0|666|592|1258
0|667|592|1259
0|667|593|1260
0|668|593|1261
0|668|594|1262
0|669|594|1263
0|669|595|1264
0|670|595|1265
0|670|596|1266
0|671|596|1267
0|671|597|1268
0|672|597|1269
0|672|598|1270
0|673|598|1271
0|673|599|1272
0|674|599|1273
0|674|600|1274
0|675|600|1275
0|675|601|1276
0|676|601|1277
0|676|602|1278
0|677|602|1279
0|677|603|1280
0|678|603|1281
0|678|604|1282
0|679|604|1283
0|679|605|1284
0|680|605|1285
0|680|606|1286
0|681|606|1287
0|681|607|1288
0|682|607|1289
0|682|608|1290
0|683|608|1291
0|683|609|1292
0|684|609|1293
0|684|610|1294
0|685|610|1295
0|685|611|1296
0|686|611|1297
0|686|612|1298
0|687|612|1299
0|687|613|1300
0|688|613|1301
0|688|614|1302
0|689|614|1303
0|689|615|1304
0|690|615|1305
0|690|616|1306
0|691|616|1307
0|691|617|1308
0|692|617|1309
0|692|618|1310
0|693|618|1311
0|693|619|1312
0|694|619|1313
0|694|620|1314
0|695|620|1315
0|695|621|1316
0|696|621|1317
0|696|622|1318
0|697|622|1319
0|697|623|1320
0|698|623|1321
0|698|624|1322
0|699|624|1323
0|699|625|1324
0|700|625|1325
0|700|626|1326
0|701|626|1327
0|701|627|1328
0|702|627|1329
0|702|628|1330
0|703|628|1331
0|703|629|1332
0|704|629|1333
0|704|630|1334
0|705|630|1335
0|705|631|1336
0|706|631|1337
0|706|632|1338
0|707|632|1339
0|708|632|1340
0|709|632|1341
0|709|633|1342
0|710|633|1343
0|710|634|1344
0|711|634|1345
0|711|635|1346
0|712|635|1347
0|712|636|1348
0|713|636|1349
0|713|637|1350
0|714|637|1351
0|714|638|1352
0|715|638|1353
0|715|639|1354
0|716|639|1355
0|716|640|1356
0|717|640|1357
0|717|641|1358
0|718|641|1359
0|718|642|1360
0|719|642|1361
0|719|643|1362
0|720|643|1363
0|720|644|1364
0|721|644|1365
0|721|645|1366
0|722|645|1367
0|722|646|1368
0|723|646|1369
0|723|647|1370
0|724|647|1371
0|724|648|1372
0|725|648|1373
0|725|649|1374
0|726|649|1375
0|726|650|1376
0|727|650|1377
0|727|651|1378
0|728|651|1379
0|728|652|1380
0|729|652|1381
0|729|653|1382
0|730|653|1383
0|730|654|1384
0|731|654|1385
0|731|655|1386
0|732|655|1387
0|732|656|1388
0|733|656|1389
0|733|657|1390
0|734|657|1391
0|734|658|1392
0|735|658|1393
0|735|659|1394
0|736|659|1395
0|736|660|1396
0|737|660|1397
0|737|661|1398
0|738|661|1399
0|738|662|1400
0|739|662|1401
0|739|663|1402
0|740|663|1403
0|740|664|1404
0|741|664|1405
0|741|665|1406
0|742|665|1407
0|742|666|1408
0|743|666|1409
0|743|667|1410
0|744|667|1411
0|744|668|1412
0|745|668|1413
0|745|669|1414
0|746|669|1415
0|746|670|1416
0|747|670|1417
0|747|671|1418
0|748|671|1419
0|748|672|1420
0|749|672|1421
0|749|673|1422
0|750|673|1423
0|750|674|1424
0|751|674|1425
0|751|675|1426
0|752|675|1427
0|752|676|1428
0|753|676|1429
0|753|677|1430
0|754|677|1431
0|754|678|1432
0|755|678|1433
0|755|679|1434
0|756|679|1435
0|756|680|1436
0|757|680|1437
0|757|681|1438
0|758|681|1439
0|758|682|1440
0|759|682|1441
0|759|683|1442
0|760|683|1443
0|760|684|1444
0|761|684|1445
0|761|685|1446
0|762|685|1447
0|762|686|1448
0|763|686|1449
0|763|687|1450
0|764|687|1451
0|764|688|1452
0|765|688|1453
0|765|689|1454
0|766|689|1455
0|766|690|1456
0|767|690|1457
0|767|691|1458
0|768|691|1459
0|768|692|1460
0|769|692|1461
0|769|693|1462
0|770|693|1463
0|770|694|1464
0|771|694|1465
0|771|695|1466
0|772|695|1467
0|772|696|1468
0|773|696|1469
0|773|697|1470
0|774|697|1471
0|774|698|1472
0|775|698|1473
0|775|699|1474
0|776|699|1475
0|776|700|1476
0|777|700|1477
0|777|701|1478
0|778|701|1479
0|778|702|1480
0|779|702|1481
0|779|703|1482
0|780|703|1483
0|781|703|1484
0|782|703|1485
0|782|704|1486
0|783|704|1487
0|783|705|1488
0|784|705|1489
0|784|706|1490
0|785|706|1491
0|785|707|1492
0|786|707|1493
0|786|708|1494
0|787|708|1495
0|787|709|1496
0|788|709|1497
0|788|710|1498
0|789|710|1499
0|789|711|1500
0|790|711|1501
0|790|712|1502
0|791|712|1503
0|791|713|1504
0|792|713|1505
0|792|714|1506
0|793|714|1507
0|793|715|1508
0|794|715|1509
0|794|716|1510
0|795|716|1511
0|795|717|1512
0|796|717|1513
0|796|718|1514
0|797|718|1515
0|797|719|1516
0|798|719|1517
0|798|720|1518
0|799|720|1519
0|799|721|1520
0|800|721|1521
0|800|722|1522
0|801|722|1523
0|801|723|1524
0|802|723|1525
0|802|724|1526
0|803|724|1527
0|803|725|1528
0|804|725|1529
0|804|726|1530
0|805|726|1531
0|805|727|1532
0|806|727|1533
0|806|728|1534
0|807|728|1535
0|807|729|1536
0|808|729|1537
0|808|730|1538
0|809|730|1539
0|809|731|1540
0|810|731|1541
0|810|732|1542
0|811|732|1543
0|811|733|1544
0|812|733|1545
0|812|734|1546
0|813|734|1547
0|813|735|1548
0|814|735|1549
0|814|736|1550
0|815|736|1551
0|815|737|1552
0|816|737|1553
0|816|738|1554
0|817|738|1555
0|817|739|1556
0|818|739|1557
0|818|740|1558
0|819|740|1559
0|819|741|1560
0|820|741|1561
0|820|742|1562
0|821|742|1563
0|821|743|1564
0|822|743|1565
0|822|744|1566
0|823|744|1567
0|823|745|1568
0|824|745|1569
0|824|746|1570
0|825|746|1571
0|825|747|1572
0|826|747|1573
0|826|748|1574
0|827|748|1575
0|827|749|1576
0|828|749|1577
0|828|750|1578
0|829|750|1579
0|829|751|1580
0|830|751|1581
0|830|752|1582
0|831|752|1583
0|831|753|1584
0|832|753|1585
0|832|754|1586
0|833|754|1587
0|833|755|1588
0|834|755|1589
0|834|756|1590
0|835|756|1591
0|835|757|1592
0|836|757|1593
0|836|758|1594
0|837|758|1595
0|837|759|1596
0|838|759|1597
0|838|760|1598
0|839|760|1599
0|839|761|1600
0|840|761|1601
0|840|762|1602
0|841|762|1603
0|841|763|1604
0|842|763|1605
0|842|764|1606
0|843|764|1607
0|843|765|1608
0|844|765|1609
0|844|766|1610
0|845|766|1611
0|845|767|1612
0|846|767|1613
0|846|768|1614
0|847|768|1615
0|847|769|1616
0|848|769|1617
0|848|770|1618
0|849|770|1619
0|849|771|1620
0|850|771|1621
0|850|772|1622
0|851|772|1623
0|851|773|1624
0|852|773|1625
0|852|774|1626
0|853|774|1627
0|853|775|1628
0|854|775|1629
0|854|776|1630
0|855|776|1631
0|855|777|1632
0|856|777|1633
0|856|778|1634
0|857|778|1635
0|857|779|1636
0|858|779|1637
0|858|780|1638
0|859|780|1639
0|859|781|1640
0|860|781|1641
0|860|782|1642
0|861|782|1643
0|861|783|1644
0|862|783|1645
0|862|784|1646
0|863|784|1647
0|863|785|1648
0|864|785|1649
0|864|786|1650
0|865|786|1651
0|865|787|1652
0|866|787|1653
0|866|788|1654
0|867|788|1655
0|867|789|1656
0|868|789|1657
0|868|790|1658
0|869|790|1659
0|869|791|1660
0|870|791|1661
0|870|792|1662
0|871|792|1663
0|871|793|1664
0|872|793|1665
0|872|794|1666
0|873|794|1667
0|873|795|1668
0|874|795|1669
0|874|796|1670
0|875|796|1671
0|875|797|1672
0|876|797|1673
0|876|798|1674
0|877|798|1675
0|877|799|1676
0|878|799|1677
0|878|800|1678
0|879|800|1679
0|879|801|1680
0|880|801|1681
0|880|802|1682
0|881|802|1683
0|881|803|1684
0|882|803|1685
0|882|804|1686
0|883|804|1687
0|883|805|1688
0|884|805|1689
0|884|806|1690
0|885|806|1691
0|885|807|1692
0|886|807|1693
0|886|808|1694
0|887|808|1695
0|887|809|1696
0|888|809|1697
0|888|810|1698
0|889|810|1699
0|889|811|1700
0|890|811|1701
0|890|812|1702
0|891|812|1703
0|892|812|1704
0|893|812|1705
0|894|812|1706
0|895|812|1707
0|895|813|1708
0|896|813|1709
0|897|813|1710
0|898|813|1711
0|898|814|1712
0|899|814|1713
0|900|814|1714
0|901|814|1715
0|902|814|1716
0|903|814|1717
0|904|814|1718
0|905|814|1719
0|905|815|1720
0|906|815|1721
0|907|815|1722
0|908|815|1723
0|908|816|1724
0|909|816|1725
0|909|817|1726
0|910|817|1727
0|911|817|1728
0|912|817|1729
0|912|818|1730
0|913|818|1731
0|913|819|1732
0|914|819|1733
0|914|820|1734
0|915|820|1735
0|915|821|1736
0|916|821|1737
0|916|822|1738
0|917|822|1739
0|917|823|1740
0|918|823|1741
0|918|824|1742
0|919|824|1743
0|919|825|1744
0|920|825|1745
0|920|826|1746
0|921|826|1747
0|921|827|1748
0|922|827|1749
0|922|828|1750
0|923|828|1751
0|923|829|1752
0|924|829|1753
0|924|830|1754
0|925|830|1755
0|925|831|1756
0|926|831|1757
0|926|832|1758
0|927|832|1759
0|927|833|1760
0|928|833|1761
0|928|834|1762
0|929|834|1763
0|929|835|1764
0|930|835|1765
0|930|836|1766
0|931|836|1767
0|931|837|1768
0|932|837|1769
0|932|838|1770
0|933|838|1771
0|933|839|1772
0|934|839|1773
0|934|840|1774
0|935|840|1775
0|936|840|1776
0|937|840|1777
0|937|841|1778
0|938|841|1779
0|938|842|1780
0|939|842|1781
0|939|843|1782
0|940|843|1783
0|940|844|1784
0|941|844|1785
0|941|845|1786
0|942|845|1787
0|942|846|1788
0|943|846|1789
0|943|847|1790
0|944|847|1791
0|944|848|1792
0|945|848|1793
0|946|848|1794
0|947|848|1795
0|947|849|1796
0|948|849|1797
0|948|850|1798
0|949|850|1799
0|949|851|1800
0|950|851|1801
0|950|852|1802
0|951|852|1803
0|951|853|1804
0|952|853|1805
0|952|854|1806
0|953|854|1807
0|953|855|1808
0|954|855|1809
0|954|856|1810
0|955|856|1811
0|955|857|1812
0|956|857|1813
0|956|858|1814
0|957|858|1815
0|957|859|1816
0|958|859|1817
0|958|860|1818
0|959|860|1819
0|959|861|1820
0|960|861|1821
0|960|862|1822
0|961|862|1823
0|961|863|1824
0|962|863|1825
0|962|864|1826
0|963|864|1827
0|963|865|1828
0|964|865|1829
0|964|866|1830
0|965|866|1831
0|965|867|1832
0|966|867|1833
0|966|868|1834
0|967|868|1835
0|967|869|1836
0|968|869|1837
0|968|870|1838
0|969|870|1839
0|969|871|1840
0|970|871|1841
0|970|872|1842
0|971|872|1843
0|972|872|1844
0|973|872|1845
0|973|873|1846
0|974|873|1847
0|974|874|1848
0|975|874|1849
0|975|875|1850
0|976|875|1851
0|976|876|1852
0|977|876|1853
0|977|877|1854
0|978|877|1855
0|978|878|1856
0|979|878|1857
0|979|879|1858
0|980|879|1859
0|980|880|1860
0|981|880|1861
0|981|881|1862
0|982|881|1863
0|982|882|1864
0|983|882|1865
0|983|883|1866
0|984|883|1867
0|984|884|1868
0|985|884|1869
0|985|885|1870
0|986|885|1871
0|986|886|1872
0|987|886|1873
0|987|887|1874
0|988|887|1875
0|988|888|1876
0|989|888|1877
0|989|889|1878
0|990|889|1879
0|991|889|1880
0|992|889|1881
0|992|890|1882
0|993|890|1883
0|993|891|1884
0|994|891|1885
0|994|892|1886
0|995|892|1887
0|995|893|1888
0|996|893|1889
0|996|894|1890
0|997|894|1891
0|997|895|1892
0|998|895|1893
0|998|896|1894
0|999|896|1895
0|999|897|1896
0|1000|897|1897
0|1000|898|1898
0|1001|898|1899
0|1001|899|1900
0|1002|899|1901
0|1002|900|1902
0|1003|900|1903
0|1003|901|1904
0|1004|901|1905
0|1004|902|1906
0|1005|902|1907
0|1005|903|1908
0|1006|903|1909
0|1006|904|1910
0|1007|904|1911
0|1007|905|1912
0|1008|905|1913
0|1008|906|1914
0|1009|906|1915
0|1009|907|1916
0|1010|907|1917
0|1010|908|1918
0|1011|908|1919
0|1011|909|1920
0|1012|909|1921
0|1012|910|1922
0|1013|910|1923
0|1013|911|1924
0|1014|911|1925
0|1014|912|1926
0|1015|912|1927
0|1015|913|1928
0|1016|913|1929
0|1016|914|1930
0|1017|914|1931
0|1017|915|1932
0|1018|915|1933
0|1018|916|1934
0|1019|916|1935
0|1019|917|1936
0|1020|917|1937
0|1020|918|1938
0|1021|918|1939
0|1021|919|1940
0|1022|919|1941
0|1022|920|1942
0|1023|920|1943
0|1023|921|1944
0|1024|921|1945
0|1024|922|1946
0|1025|922|1947
0|1025|923|1948
0|1026|923|1949
0|1026|924|1950
0|1027|924|1951
0|1027|925|1952
0|1028|925|1953
0|1028|926|1954
0|1029|926|1955
0|1029|927|1956
0|1030|927|1957
0|1030|928|1958
0|1031|928|1959
0|1031|929|1960
0|1032|929|1961
0|1032|930|1962
0|1033|930|1963
0|1033|931|1964
0|1034|931|1965
0|1034|932|1966
0|1035|932|1967
0|1035|933|1968
0|1036|933|1969
0|1036|934|1970
0|1037|934|1971
0|1037|935|1972
0|1038|935|1973
0|1038|936|1974
0|1039|936|1975
0|1039|937|1976
0|1040|937|1977
0|1040|938|1978
0|1041|938|1979
0|1041|939|1980
0|1042|939|1981
0|1042|940|1982
0|1043|940|1983
0|1043|941|1984
0|1044|941|1985
0|1044|942|1986
0|1045|942|1987
0|1045|943|1988
0|1046|943|1989
0|1046|944|1990
0|1047|944|1991
0|1048|944|1992
0|1049|944|1993
0|1049|945|1994
0|1050|945|1995
0|1050|946|1996
0|1051|946|1997
0|1051|947|1998
0|1052|947|1999
0|1052|948|2000
