total
0|1|0|1
0|2|0|2
0|3|0|3
0|4|0|4
0|5|0|5
0|6|0|6
0|7|0|7
0|8|0|8
0|9|0|9
0|10|0|10
0|10|1|11
0|11|1|12
0|11|2|13
0|12|2|14
0|12|3|15
0|13|3|16
0|13|4|17
0|14|4|18
0|14|5|19
0|15|5|20
0|15|6|21
0|16|6|22
0|16|7|23
0|17|7|24
0|17|8|25
0|18|8|26
0|18|9|27
0|19|9|28
0|19|10|29
0|20|10|30
0|20|11|31
0|21|11|32
0|21|12|33
0|22|12|34
0|22|13|35
0|23|13|36
0|23|14|37
0|24|14|38
0|24|15|39
0|25|15|40
0|25|16|41
0|26|16|42
0|26|17|43
0|27|17|44
0|27|18|45
0|28|18|46
0|29|18|47
0|30|18|48
0|31|18|49
1|31|18|50
1|31|19|51
1|32|19|52
1|32|20|53
1|33|20|54
1|34|20|55
2|34|20|56
2|35|20|57
3|35|20|58
3|36|20|59
3|37|20|60
3|37|21|61
3|38|21|62
3|39|21|63
4|39|21|64
4|39|22|65
4|40|22|66
4|40|23|67
4|41|23|68
4|42|23|69
5|42|23|70
5|42|24|71
6|42|24|72
6|42|25|73
6|43|25|74
6|44|25|75
6|45|25|76
6|46|25|77
7|46|25|78
7|46|26|79
8|46|26|80
8|46|27|81
8|47|27|82
8|48|27|83
8|49|27|84
8|50|27|85
8|51|27|86
8|51|28|87
8|52|28|88
8|52|29|89
8|53|29|90
8|54|29|91
8|55|29|92
8|55|30|93
8|56|30|94
8|57|30|95
8|58|30|96
8|58|31|97
8|59|31|98
8|60|31|99
8|61|31|100
8|61|32|101
8|62|32|102
8|62|33|103
8|63|33|104
8|64|33|105
8|65|33|106
8|66|33|107
8|67|33|108
8|67|34|109
8|68|34|110
8|69|34|111
8|70|34|112
8|71|34|113
8|72|34|114
8|72|35|115
8|73|35|116
8|74|35|117
8|75|35|118
8|75|36|119
8|76|36|120
8|76|37|121
8|77|37|122
8|77|38|123
8|78|38|124
8|78|39|125
8|79|39|126
8|79|40|127
8|80|40|128
8|80|41|129
8|81|41|130
8|81|42|131
8|82|42|132
8|82|43|133
8|83|43|134
8|83|44|135
8|84|44|136
8|84|45|137
8|85|45|138
8|85|46|139
8|86|46|140
8|86|47|141
8|87|47|142
8|87|48|143
8|88|48|144
8|88|49|145
8|89|49|146
8|89|50|147
8|90|50|148
8|90|51|149
8|91|51|150
8|91|52|151
8|92|52|152
8|92|53|153
8|93|53|154
8|93|54|155
8|94|54|156
8|94|55|157
8|95|55|158
8|95|56|159
8|96|56|160
8|96|57|161
8|97|57|162
8|97|58|163
8|98|58|164
8|98|59|165
8|99|59|166
8|99|60|167
8|100|60|168
8|100|61|169
8|101|61|170
8|101|62|171
8|102|62|172
8|103|63|174
8|104|63|175
8|104|64|176
8|105|64|177
8|105|65|178
8|106|65|179
8|106|66|180
8|107|66|181
8|107|67|182
8|108|67|183
8|108|68|184
8|109|68|185
8|109|69|186
8|110|69|187
8|110|70|188
8|111|70|189
8|111|71|190
8|112|71|191
8|112|72|192
8|113|72|193
8|114|72|194
8|115|72|195
8|115|73|196
8|116|73|197
8|116|74|198
8|117|74|199
8|118|74|200
8|119|74|201
8|120|74|202
8|121|74|203
8|122|74|204
8|123|74|205
8|123|75|206
9|123|75|207
9|124|75|208
9|125|75|209
9|126|75|210
9|127|75|211
9|127|76|212
9|128|76|213
9|128|77|214
9|129|77|215
9|130|77|216
9|131|77|217
9|131|78|218
9|132|78|219
9|133|78|220
9|134|78|221
9|134|79|222
9|135|79|223
9|136|79|224
9|137|79|225
9|137|80|226
9|138|80|227
9|138|81|228
9|139|81|229
9|140|81|230
9|141|81|231
9|141|82|232
9|142|82|233
9|142|83|234
10|142|83|235
10|143|83|236
10|144|83|237
10|145|83|238
10|146|83|239
10|147|83|240
10|148|83|241
10|148|84|242
11|148|84|243
11|149|84|244
11|150|84|245
11|151|84|246
11|152|84|247
11|152|85|248
11|153|85|249
11|153|86|250
11|154|86|251
11|155|86|252
11|156|86|253
11|156|87|254
11|157|87|255
11|158|87|256
11|159|87|257
11|159|88|258
11|160|88|259
11|161|88|260
11|162|88|261
11|163|88|262
11|164|88|263
11|164|89|264
11|165|89|265
11|165|90|266
11|166|90|267
11|166|91|268
11|167|91|269
11|167|92|270
11|168|92|271
11|168|93|272
11|169|93|273
11|169|94|274
11|170|94|275
11|170|95|276
11|171|95|277
11|171|96|278
11|172|96|279
11|172|97|280
11|173|97|281
11|173|98|282
11|174|98|283
11|174|99|284
11|175|99|285
11|175|100|286
11|176|100|287
11|176|101|288
11|177|101|289
11|177|102|290
11|178|102|291
11|178|103|292
11|179|103|293
11|179|104|294
11|180|104|295
11|180|105|296
11|181|105|297
11|181|106|298
11|182|106|299
11|182|107|300
11|183|107|301
11|184|107|302
11|185|107|303
11|185|108|304
11|186|108|305
11|186|109|306
11|187|109|307
11|188|109|308
11|189|109|309
11|189|110|310
11|190|110|311
11|191|110|312
11|192|110|313
11|192|111|314
11|193|111|315
11|194|111|316
11|195|111|317
11|195|112|318
11|196|112|319
11|196|113|320
11|197|113|321
11|197|114|322
11|198|114|323
11|199|114|324
11|200|114|325
11|201|114|326
11|202|114|327
11|202|115|328
11|203|115|329
11|203|116|330
11|204|116|331
11|205|116|332
11|206|116|333
11|207|116|334
11|208|116|335
11|209|116|336
11|210|116|337
11|211|116|338
11|212|116|339
11|213|116|340
11|214|116|341
11|215|116|342
11|216|116|343
11|217|116|344
11|218|116|345
11|219|116|346
11|220|116|347
11|221|116|348
11|222|116|349
11|223|116|350
11|224|116|351
11|225|116|352
11|226|116|353
11|227|116|354
11|228|116|355
11|229|116|356
11|230|116|357
11|231|116|358
11|232|116|359
11|233|116|360
11|234|116|361
11|235|116|362
11|236|116|363
11|237|116|364
11|238|116|365
11|239|116|366
11|240|116|367
11|241|116|368
11|242|116|369
11|243|116|370
11|244|116|371
11|245|116|372
11|246|116|373
11|247|116|374
11|248|116|375
11|249|116|376
11|250|116|377
11|251|116|378
11|252|116|379
11|253|116|380
11|254|116|381
11|255|116|382
11|256|116|383
11|257|116|384
11|258|116|385
11|259|116|386
11|260|116|387
11|261|116|388
11|262|116|389
11|263|116|390
11|264|116|391
11|265|116|392
11|266|116|393
11|267|116|394
11|268|116|395
11|269|116|396
11|270|116|397
11|271|116|398
11|272|116|399
11|273|116|400
11|274|116|401
11|275|116|402
11|276|116|403
11|277|116|404
11|278|116|405
11|279|116|406
11|280|116|407
11|281|116|408
11|282|116|409
11|283|116|410
11|284|116|411
11|284|117|412
11|285|117|413
11|285|118|414
11|286|118|415
11|287|118|416
11|288|118|417
11|289|118|418
11|290|118|419
11|290|119|420
11|291|119|421
11|291|120|422
11|292|120|423
11|293|120|424
11|294|120|425
11|295|120|426
11|296|120|427
11|296|121|428
11|297|121|429
11|297|122|430
11|298|122|431
11|299|122|432
11|300|122|433
11|301|122|434
11|302|122|435
11|302|123|436
11|303|123|437
11|304|123|438
11|305|123|439
11|305|124|440
11|306|124|441
11|306|125|442
11|307|125|443
11|308|125|444
11|309|125|445
11|310|125|446
11|311|125|447
11|311|126|448
12|311|126|449
12|312|126|450
12|313|126|451
12|314|126|452
12|315|126|453
12|316|126|454
12|317|126|455
12|317|127|456
13|317|127|457
13|318|127|458
13|319|127|459
13|320|127|460
13|321|127|461
13|321|128|462
13|322|128|463
13|322|129|464
13|323|129|465
13|324|129|466
13|325|129|467
13|326|129|468
13|327|129|469
13|327|130|470
13|328|130|471
13|329|130|472
13|330|130|473
13|330|131|474
13|331|131|475
13|331|132|476
13|332|132|477
13|333|132|478
13|334|132|479
13|335|132|480
13|336|132|481
13|336|133|482
13|337|133|483
13|338|133|484
14|338|133|485
14|339|133|486
15|339|133|487
15|340|133|488
15|341|133|489
15|342|133|490
15|343|133|491
15|343|134|492
16|343|134|493
16|344|134|494
16|345|134|495
16|346|134|496
16|347|134|497
16|347|135|498
16|348|135|499
16|348|136|500
16|349|136|501
16|350|136|502
16|351|136|503
16|352|136|504
16|353|136|505
16|353|137|506
16|354|137|507
16|354|138|508
16|355|138|509
16|356|138|510
16|357|138|511
16|358|138|512
16|359|138|513
16|360|138|514
16|361|138|515
16|362|138|516
16|363|138|517
16|363|139|518
16|364|139|519
16|364|140|520
16|365|140|521
16|365|141|522
16|366|141|523
16|367|141|524
16|368|141|525
16|368|142|526
16|369|142|527
16|369|143|528
16|370|143|529
16|370|144|530
16|371|144|531
16|371|145|532
16|372|145|533
16|372|146|534
16|373|146|535
16|373|147|536
16|374|147|537
16|374|148|538
16|375|148|539
16|375|149|540
16|376|149|541
16|376|150|542
16|377|150|543
16|377|151|544
16|378|151|545
16|378|152|546
16|379|152|547
16|379|153|548
16|380|153|549
16|380|154|550
16|381|154|551
16|381|155|552
16|382|155|553
16|383|155|554
16|384|155|555
16|384|156|556
16|385|156|557
16|385|157|558
16|386|157|559
16|386|158|560
16|387|158|561
16|387|159|562
16|388|159|563
16|388|160|564
16|389|160|565
16|389|161|566
16|390|161|567
16|390|162|568
16|391|162|569
16|391|163|570
16|392|163|571
16|392|164|572
16|393|164|573
16|394|164|574
16|395|164|575
16|395|165|576
16|396|165|577
16|396|166|578
16|397|166|579
16|398|166|580
16|399|166|581
16|399|167|582
16|400|167|583
16|400|168|584
16|401|168|585
16|401|169|586
17|401|169|587
17|402|169|588
18|402|169|589
18|403|169|590
18|404|169|591
18|404|170|592
18|405|170|593
18|405|171|594
19|405|171|595
19|405|172|596
19|406|172|597
19|407|172|598
19|408|172|599
19|408|173|600
20|408|173|601
20|408|174|602
21|408|174|603
21|408|175|604
21|409|175|605
21|409|176|606
21|410|176|607
21|410|177|608
22|410|177|609
22|411|177|610
23|411|177|611
23|412|177|612
23|413|177|613
23|413|178|614
23|414|178|615
23|415|178|616
23|416|178|617
23|417|178|618
24|417|178|619
24|417|179|620
24|418|179|621
24|419|179|622
24|420|179|623
24|421|179|624
24|422|179|625
24|423|179|626
24|424|179|627
24|424|180|628
24|425|180|629
24|425|181|630
24|426|181|631
24|426|182|632
24|427|182|633
24|428|182|634
24|429|182|635
24|429|183|636
24|430|183|637
24|430|184|638
24|431|184|639
24|432|184|640
24|433|184|641
24|433|185|642
24|434|185|643
24|434|186|644
24|435|186|645
24|435|187|646
24|436|187|647
24|437|187|648
24|438|187|649
24|438|188|650
24|439|188|651
24|439|189|652
24|440|189|653
24|441|189|654
24|442|189|655
24|443|189|656
24|444|189|657
24|445|189|658
24|446|189|659
24|447|189|660
24|448|189|661
24|448|190|662
24|449|190|663
24|449|191|664
24|450|191|665
24|450|192|666
24|451|192|667
24|452|192|668
24|453|192|669
24|454|192|670
24|455|192|671
24|455|193|672
24|456|193|673
24|457|193|674
24|458|193|675
24|459|193|676
24|460|193|677
24|460|194|678
24|461|194|679
24|461|195|680
24|462|195|681
24|463|195|682
24|464|195|683
24|465|195|684
24|466|195|685
24|466|196|686
24|467|196|687
24|468|196|688
24|469|196|689
24|470|196|690
24|471|196|691
24|471|197|692
24|472|197|693
24|473|197|694
24|474|197|695
24|474|198|696
24|475|198|697
24|475|199|698
24|476|199|699
24|476|200|700
24|477|200|701
24|477|201|702
24|478|201|703
24|478|202|704
24|479|202|705
24|479|203|706
24|480|203|707
24|480|204|708
24|481|204|709
24|481|205|710
24|482|205|711
24|482|206|712
24|483|206|713
24|483|207|714
24|484|207|715
24|484|208|716
24|485|208|717
24|485|209|718
24|486|209|719
24|486|210|720
24|487|210|721
24|487|211|722
24|488|211|723
24|488|212|724
24|489|212|725
24|489|213|726
24|490|213|727
24|490|214|728
24|491|214|729
24|491|215|730
25|491|215|731
25|492|215|732
26|492|215|733
26|493|215|734
26|494|215|735
26|494|216|736
26|495|216|737
26|495|217|738
27|495|217|739
27|496|217|740
28|496|217|741
28|497|217|742
28|498|217|743
28|499|217|744
28|500|217|745
28|500|218|746
29|500|218|747
29|501|218|748
29|502|218|749
29|502|219|750
29|503|219|751
29|503|220|752
30|503|220|753
30|504|220|754
31|504|220|755
31|505|220|756
31|506|220|757
31|506|221|758
31|507|221|759
31|508|221|760
32|508|221|761
32|509|221|762
33|509|221|763
33|509|222|764
33|510|222|765
33|511|222|766
33|512|222|767
33|513|222|768
33|514|222|769
33|515|222|770
33|516|222|771
33|516|223|772
33|517|223|773
33|517|224|774
33|518|224|775
33|519|224|776
33|520|224|777
33|521|224|778
33|522|224|779
33|523|224|780
33|524|224|781
33|524|225|782
33|525|225|783
33|526|225|784
33|527|225|785
33|527|226|786
33|528|226|787
33|528|227|788
33|529|227|789
33|530|227|790
33|531|227|791
33|532|227|792
33|533|227|793
33|533|228|794
33|534|228|795
33|535|228|796
33|536|228|797
33|536|229|798
33|537|229|799
33|538|229|800
33|539|229|801
33|540|229|802
33|541|229|803
33|541|230|804
33|542|230|805
33|542|231|806
33|543|231|807
33|543|232|808
33|544|232|809
33|544|233|810
33|545|233|811
33|545|234|812
33|546|234|813
33|546|235|814
33|547|235|815
33|547|236|816
33|548|236|817
33|548|237|818
33|549|237|819
33|549|238|820
33|550|238|821
33|550|239|822
33|551|239|823
33|551|240|824
33|552|240|825
33|552|241|826
33|553|241|827
33|553|242|828
33|554|242|829
33|554|243|830
33|555|243|831
33|555|244|832
33|556|244|833
33|556|245|834
33|557|245|835
33|557|246|836
33|558|246|837
33|558|247|838
33|559|247|839
33|559|248|840
33|560|248|841
33|560|249|842
33|561|249|843
33|561|250|844
33|562|250|845
33|562|251|846
33|563|251|847
33|563|252|848
33|564|252|849
33|564|253|850
33|565|253|851
33|565|254|852
33|566|254|853
33|566|255|854
33|567|255|855
33|567|256|856
33|568|256|857
33|568|257|858
33|569|257|859
33|569|258|860
33|570|258|861
33|570|259|862
33|571|259|863
33|571|260|864
33|572|260|865
33|572|261|866
33|573|261|867
33|573|262|868
33|574|262|869
33|574|263|870
33|575|263|871
33|575|264|872
33|576|264|873
33|576|265|874
33|577|265|875
33|578|265|876
33|579|265|877
33|580|265|878
33|581|265|879
33|581|266|880
33|582|266|881
33|582|267|882
34|582|267|883
34|583|267|884
34|584|267|885
34|585|267|886
34|586|267|887
34|587|267|888
34|588|267|889
34|588|268|890
35|588|268|891
35|588|269|892
35|589|269|893
35|590|269|894
35|591|269|895
35|591|270|896
35|592|270|897
35|592|271|898
35|593|271|899
35|594|271|900
35|595|271|901
35|595|272|902
35|596|272|903
35|597|272|904
35|598|272|905
35|599|272|906
35|600|272|907
35|601|272|908
35|602|272|909
35|603|272|910
35|604|272|911
35|605|272|912
35|606|272|913
35|607|272|914
35|608|272|915
35|608|273|916
35|609|273|917
35|609|274|918
35|610|274|919
35|611|274|920
35|612|274|921
35|613|274|922
35|614|274|923
35|615|274|924
35|616|274|925
35|616|275|926
36|616|275|927
36|617|275|928
36|618|275|929
36|619|275|930
36|620|275|931
36|620|276|932
36|621|276|933
36|621|277|934
36|622|277|935
36|623|277|936
36|624|277|937
36|624|278|938
36|625|278|939
36|626|278|940
36|627|278|941
36|628|278|942
36|629|278|943
36|630|278|944
36|631|278|945
36|632|278|946
36|633|278|947
36|633|279|948
36|634|279|949
36|634|280|950
36|635|280|951
36|635|281|952
36|636|281|953
36|636|282|954
36|637|282|955
36|637|283|956
36|638|283|957
36|638|284|958
36|639|284|959
36|639|285|960
36|640|285|961
36|640|286|962
36|641|286|963
36|641|287|964
36|642|287|965
36|642|288|966
36|643|288|967
36|643|289|968
36|644|289|969
36|644|290|970
36|645|290|971
36|645|291|972
36|646|291|973
36|646|292|974
36|647|292|975
36|647|293|976
36|648|293|977
36|648|294|978
36|649|294|979
36|649|295|980
36|650|295|981
36|650|296|982
36|651|296|983
36|652|296|984
36|653|296|985
36|653|297|986
36|654|297|987
36|654|298|988
36|655|298|989
36|656|298|990
36|657|298|991
36|658|298|992
36|659|298|993
36|660|298|994
36|661|298|995
36|661|299|996
36|662|299|997
36|662|300|998
36|663|300|999
36|664|300|1000
36|665|300|1001
36|666|300|1002
36|667|300|1003
36|667|301|1004
36|668|301|1005
36|668|302|1006
36|669|302|1007
36|670|302|1008
36|671|302|1009
36|672|302|1010
36|673|302|1011
36|673|303|1012
36|674|303|1013
36|675|303|1014
36|676|303|1015
36|677|303|1016
36|678|303|1017
36|679|303|1018
36|680|303|1019
36|681|303|1020
36|682|303|1021
36|683|303|1022
36|684|303|1023
36|685|303|1024
36|686|303|1025
36|687|303|1026
36|688|303|1027
36|689|303|1028
36|690|303|1029
36|691|303|1030
36|692|303|1031
36|693|303|1032
36|694|303|1033
36|695|303|1034
36|696|303|1035
36|697|303|1036
36|698|303|1037
36|699|303|1038
36|700|303|1039
36|701|303|1040
36|702|303|1041
36|703|303|1042
36|704|303|1043
36|705|303|1044
36|706|303|1045
36|707|303|1046
36|708|303|1047
36|709|303|1048
36|710|303|1049
36|711|303|1050
36|712|303|1051
36|713|303|1052
36|714|303|1053
36|715|303|1054
36|716|303|1055
36|717|303|1056
36|718|303|1057
36|719|303|1058
36|720|303|1059
36|721|303|1060
36|722|303|1061
36|723|303|1062
36|724|303|1063
36|725|303|1064
36|726|303|1065
36|727|303|1066
36|728|303|1067
36|729|303|1068
36|730|303|1069
36|731|303|1070
36|732|303|1071
36|733|303|1072
36|734|303|1073
36|735|303|1074
36|736|303|1075
36|737|303|1076
36|738|303|1077
36|739|303|1078
36|740|303|1079
36|741|303|1080
36|742|303|1081
36|743|303|1082
36|744|303|1083
36|745|303|1084
36|746|303|1085
36|747|303|1086
36|748|303|1087
36|749|303|1088
36|750|303|1089
36|751|303|1090
36|752|303|1091
36|753|303|1092
36|754|303|1093
36|755|303|1094
36|756|303|1095
36|756|304|1096
36|757|304|1097
36|757|305|1098
36|758|305|1099
36|758|306|1100
36|759|306|1101
36|760|306|1102
36|761|306|1103
36|761|307|1104
36|762|307|1105
36|762|308|1106
36|763|308|1107
36|763|309|1108
36|764|309|1109
36|765|309|1110
36|766|309|1111
36|766|310|1112
36|767|310|1113
36|767|311|1114
36|768|311|1115
36|768|312|1116
36|769|312|1117
36|769|313|1118
36|770|313|1119
36|770|314|1120
36|771|314|1121
36|771|315|1122
36|772|315|1123
36|773|315|1124
36|774|315|1125
36|775|315|1126
36|776|315|1127
36|777|315|1128
36|778|315|1129
36|778|316|1130
36|779|316|1131
36|779|317|1132
37|779|317|1133
37|780|317|1134
37|781|317|1135
37|782|317|1136
37|783|317|1137
37|784|317|1138
37|785|317|1139
37|785|318|1140
37|786|318|1141
37|787|318|1142
37|788|318|1143
37|789|318|1144
37|790|318|1145
37|790|319|1146
37|791|319|1147
37|791|320|1148
37|792|320|1149
37|793|320|1150
37|794|320|1151
37|795|320|1152
37|796|320|1153
37|796|321|1154
37|797|321|1155
37|798|321|1156
37|799|321|1157
37|800|321|1158
37|801|321|1159
37|802|321|1160
37|803|321|1161
37|804|321|1162
37|805|321|1163
37|806|321|1164
37|807|321|1165
37|807|322|1166
37|808|322|1167
37|809|322|1168
38|809|322|1169
38|810|322|1170
38|811|322|1171
38|812|322|1172
38|813|322|1173
38|814|322|1174
38|815|322|1175
38|815|323|1176
39|815|323|1177
39|815|324|1178
40|815|324|1179
40|816|324|1180
40|817|324|1181
40|817|325|1182
40|818|325|1183
40|818|326|1184
40|819|326|1185
40|820|326|1186
40|821|326|1187
40|822|326|1188
40|823|326|1189
40|823|327|1190
40|824|327|1191
40|825|327|1192
40|826|327|1193
40|827|327|1194
40|828|327|1195
40|829|327|1196
40|830|327|1197
40|831|327|1198
40|832|327|1199
40|832|328|1200
40|833|328|1201
40|833|329|1202
40|834|329|1203
40|834|330|1204
40|835|330|1205
40|835|331|1206
40|836|331|1207
40|836|332|1208
40|837|332|1209
40|837|333|1210
40|838|333|1211
40|838|334|1212
40|839|334|1213
40|839|335|1214
40|840|335|1215
40|841|335|1216
40|842|335|1217
40|842|336|1218
40|843|336|1219
40|843|337|1220
40|844|337|1221
40|844|338|1222
40|845|338|1223
40|845|339|1224
40|846|339|1225
40|846|340|1226
40|847|340|1227
40|848|340|1228
40|849|340|1229
40|849|341|1230
40|850|341|1231
40|850|342|1232
40|851|342|1233
40|851|343|1234
40|852|343|1235
40|852|344|1236
40|853|344|1237
40|854|344|1238
40|855|344|1239
40|856|344|1240
40|857|344|1241
40|857|345|1242
40|858|345|1243
40|858|346|1244
40|859|346|1245
40|859|347|1246
40|860|347|1247
40|860|348|1248
40|861|348|1249
40|861|349|1250
40|862|349|1251
40|862|350|1252
40|863|350|1253
40|863|351|1254
40|864|351|1255
40|864|352|1256
40|865|352|1257
40|865|353|1258
40|866|353|1259
40|866|354|1260
40|867|354|1261
40|867|355|1262
40|868|355|1263
40|868|356|1264
40|869|356|1265
40|869|357|1266
40|870|357|1267
40|871|357|1268
40|872|357|1269
40|873|357|1270
41|873|357|1271
41|873|358|1272
42|873|358|1273
42|874|358|1274
42|875|358|1275
42|875|359|1276
42|876|359|1277
42|876|360|1278
43|876|360|1279
43|876|361|1280
43|877|361|1281
43|878|361|1282
43|879|361|1283
43|879|362|1284
43|880|362|1285
43|880|363|1286
44|880|363|1287
44|880|364|1288
44|881|364|1289
44|881|365|1290
44|882|365|1291
44|882|366|1292
44|883|366|1293
44|884|366|1294
44|885|366|1295
44|886|366|1296
44|887|366|1297
44|887|367|1298
44|888|367|1299
44|889|367|1300
45|889|367|1301
45|890|367|1302
46|890|367|1303
46|891|367|1304
46|892|367|1305
46|893|367|1306
46|894|367|1307
46|895|367|1308
46|896|367|1309
46|897|367|1310
46|898|367|1311
46|899|367|1312
46|900|367|1313
46|900|368|1314
46|901|368|1315
46|902|368|1316
46|903|368|1317
46|904|368|1318
46|905|368|1319
46|905|369|1320
46|906|369|1321
46|907|369|1322
46|908|369|1323
46|909|369|1324
46|910|369|1325
46|910|370|1326
46|911|370|1327
46|911|371|1328
46|912|371|1329
46|913|371|1330
46|914|371|1331
46|915|371|1332
46|916|371|1333
46|916|372|1334
46|917|372|1335
46|918|372|1336
46|919|372|1337
46|920|372|1338
46|921|372|1339
46|922|372|1340
46|923|372|1341
46|923|373|1342
46|924|373|1343
46|925|373|1344
46|926|373|1345
46|927|373|1346
46|928|373|1347
46|928|374|1348
46|929|374|1349
46|929|375|1350
46|930|375|1351
46|931|375|1352
46|932|375|1353
46|933|375|1354
46|934|375|1355
46|934|376|1356
46|935|376|1357
46|936|376|1358
46|937|376|1359
46|938|376|1360
46|939|376|1361
46|939|377|1362
46|940|377|1363
46|940|378|1364
46|941|378|1365
46|942|378|1366
46|943|378|1367
46|944|378|1368
46|945|378|1369
46|945|379|1370
46|946|379|1371
46|947|379|1372
46|948|379|1373
46|948|380|1374
46|949|380|1375
46|949|381|1376
46|950|381|1377
46|951|381|1378
46|952|381|1379
46|952|382|1380
46|953|382|1381
46|953|383|1382
46|954|383|1383
46|954|384|1384
46|955|384|1385
46|955|385|1386
46|956|385|1387
46|956|386|1388
46|957|386|1389
46|957|387|1390
46|958|387|1391
46|958|388|1392
46|959|388|1393
46|959|389|1394
46|960|389|1395
46|960|390|1396
46|961|390|1397
46|961|391|1398
46|962|391|1399
46|962|392|1400
46|963|392|1401
46|963|393|1402
46|964|393|1403
46|964|394|1404
46|965|394|1405
46|965|395|1406
46|966|395|1407
46|966|396|1408
46|967|396|1409
46|967|397|1410
46|968|397|1411
46|968|398|1412
46|969|398|1413
46|969|399|1414
47|969|399|1415
47|970|399|1416
48|970|399|1417
48|970|400|1418
48|971|400|1419
48|971|401|1420
48|972|401|1421
48|972|402|1422
49|972|402|1423
49|973|402|1424
49|974|402|1425
49|974|403|1426
49|975|403|1427
49|975|404|1428
49|976|404|1429
49|976|405|1430
49|977|405|1431
49|977|406|1432
49|978|406|1433
49|978|407|1434
49|979|407|1435
49|979|408|1436
50|979|408|1437
50|979|409|1438
50|980|409|1439
50|980|410|1440
50|981|410|1441
50|981|411|1442
50|982|411|1443
50|982|412|1444
50|983|412|1445
50|984|412|1446
51|984|412|1447
51|984|413|1448
51|985|413|1449
51|986|413|1450
51|987|413|1451
51|988|413|1452
51|989|413|1453
51|990|413|1454
51|991|413|1455
51|992|413|1456
51|993|413|1457
51|993|414|1458
51|994|414|1459
51|995|414|1460
51|996|414|1461
51|997|414|1462
51|998|414|1463
51|998|415|1464
51|999|415|1465
51|999|416|1466
51|1000|416|1467
51|1001|416|1468
51|1002|416|1469
51|1002|417|1470
51|1003|417|1471
51|1003|418|1472
51|1004|418|1473
51|1005|418|1474
51|1006|418|1475
51|1007|418|1476
51|1008|418|1477
51|1008|419|1478
51|1009|419|1479
51|1010|419|1480
51|1011|419|1481
51|1012|419|1482
51|1013|419|1483
51|1013|420|1484
51|1014|420|1485
51|1015|420|1486
51|1016|420|1487
51|1016|421|1488
51|1017|421|1489
51|1017|422|1490
51|1018|422|1491
51|1018|423|1492
51|1019|423|1493
51|1019|424|1494
51|1020|424|1495
51|1020|425|1496
51|1021|425|1497
51|1021|426|1498
51|1022|426|1499
51|1022|427|1500
51|1023|427|1501
51|1023|428|1502
51|1024|428|1503
51|1024|429|1504
51|1025|429|1505
51|1025|430|1506
51|1026|430|1507
51|1026|431|1508
51|1027|431|1509
51|1027|432|1510
51|1028|432|1511
51|1028|433|1512
51|1029|433|1513
51|1029|434|1514
51|1030|434|1515
51|1030|435|1516
51|1031|435|1517
51|1031|436|1518
51|1032|436|1519
51|1032|437|1520
51|1033|437|1521
51|1033|438|1522
51|1034|438|1523
51|1034|439|1524
51|1035|439|1525
51|1035|440|1526
51|1036|440|1527
51|1036|441|1528
51|1037|441|1529
51|1037|442|1530
51|1038|442|1531
51|1038|443|1532
51|1039|443|1533
51|1039|444|1534
51|1040|444|1535
51|1040|445|1536
51|1041|445|1537
51|1041|446|1538
51|1042|446|1539
51|1042|447|1540
51|1043|447|1541
51|1043|448|1542
51|1044|448|1543
51|1044|449|1544
51|1045|449|1545
51|1045|450|1546
51|1046|450|1547
51|1046|451|1548
51|1047|451|1549
51|1047|452|1550
51|1048|452|1551
51|1048|453|1552
51|1049|453|1553
51|1049|454|1554
51|1050|454|1555
51|1050|455|1556
51|1051|455|1557
51|1051|456|1558
51|1052|456|1559
51|1052|457|1560
51|1053|457|1561
51|1054|457|1562
51|1055|457|1563
51|1056|457|1564
51|1057|457|1565
51|1057|458|1566
52|1057|458|1567
52|1057|459|1568
52|1058|459|1569
52|1059|459|1570
52|1060|459|1571
52|1060|460|1572
52|1061|460|1573
52|1061|461|1574
53|1061|461|1575
53|1061|462|1576
53|1062|462|1577
53|1063|462|1578
53|1064|462|1579
53|1064|463|1580
53|1065|463|1581
53|1065|464|1582
53|1066|464|1583
53|1067|464|1584
53|1068|464|1585
53|1068|465|1586
53|1069|465|1587
53|1069|466|1588
53|1070|466|1589
53|1071|466|1590
53|1072|466|1591
53|1073|466|1592
53|1074|466|1593
53|1075|466|1594
53|1076|466|1595
53|1077|466|1596
53|1078|466|1597
53|1079|466|1598
53|1080|466|1599
53|1080|467|1600
53|1081|467|1601
53|1081|468|1602
54|1081|468|1603
54|1081|469|1604
54|1082|469|1605
54|1083|469|1606
54|1084|469|1607
54|1085|469|1608
54|1086|469|1609
54|1086|470|1610
55|1086|470|1611
55|1086|471|1612
55|1087|471|1613
55|1088|471|1614
55|1089|471|1615
55|1089|472|1616
55|1090|472|1617
55|1090|473|1618
55|1091|473|1619
55|1092|473|1620
55|1093|473|1621
55|1093|474|1622
55|1094|474|1623
55|1095|474|1624
55|1096|474|1625
55|1097|474|1626
55|1098|474|1627
55|1098|475|1628
55|1099|475|1629
55|1100|475|1630
55|1101|475|1631
55|1101|476|1632
55|1102|476|1633
55|1102|477|1634
55|1103|477|1635
55|1103|478|1636
55|1104|478|1637
55|1104|479|1638
55|1105|479|1639
55|1105|480|1640
55|1106|480|1641
55|1106|481|1642
55|1107|481|1643
55|1107|482|1644
55|1108|482|1645
55|1108|483|1646
55|1109|483|1647
55|1109|484|1648
55|1110|484|1649
55|1110|485|1650
55|1111|485|1651
55|1111|486|1652
55|1112|486|1653
55|1112|487|1654
55|1113|487|1655
55|1113|488|1656
55|1114|488|1657
55|1114|489|1658
55|1115|489|1659
55|1115|490|1660
55|1116|490|1661
55|1116|491|1662
55|1117|491|1663
55|1117|492|1664
55|1118|492|1665
55|1118|493|1666
55|1119|493|1667
55|1120|493|1668
55|1121|493|1669
55|1122|493|1670
55|1123|493|1671
55|1123|494|1672
55|1124|494|1673
55|1125|494|1674
55|1126|494|1675
55|1126|495|1676
55|1127|495|1677
55|1128|495|1678
55|1129|495|1679
55|1129|496|1680
55|1130|496|1681
55|1130|497|1682
55|1131|497|1683
55|1132|497|1684
55|1133|497|1685
55|1134|497|1686
55|1135|497|1687
55|1135|498|1688
55|1136|498|1689
55|1136|499|1690
55|1137|499|1691
55|1138|499|1692
55|1139|499|1693
55|1140|499|1694
55|1141|499|1695
55|1141|500|1696
55|1142|500|1697
55|1143|500|1698
55|1144|500|1699
55|1145|500|1700
55|1146|500|1701
55|1146|501|1702
55|1147|501|1703
55|1148|501|1704
55|1149|501|1705
55|1150|501|1706
55|1151|501|1707
55|1152|501|1708
55|1153|501|1709
55|1154|501|1710
55|1155|501|1711
55|1156|501|1712
55|1157|501|1713
55|1158|501|1714
55|1159|501|1715
55|1160|501|1716
55|1161|501|1717
55|1162|501|1718
55|1163|501|1719
55|1164|501|1720
55|1165|501|1721
55|1166|501|1722
55|1167|501|1723
55|1168|501|1724
55|1169|501|1725
55|1170|501|1726
55|1171|501|1727
55|1172|501|1728
55|1173|501|1729
55|1174|501|1730
55|1175|501|1731
55|1176|501|1732
55|1177|501|1733
55|1178|501|1734
55|1179|501|1735
55|1180|501|1736
55|1181|501|1737
55|1182|501|1738
55|1183|501|1739
55|1184|501|1740
55|1185|501|1741
55|1186|501|1742
55|1187|501|1743
55|1188|501|1744
55|1189|501|1745
55|1190|501|1746
55|1191|501|1747
55|1192|501|1748
55|1193|501|1749
55|1194|501|1750
55|1195|501|1751
55|1196|501|1752
55|1197|501|1753
55|1198|501|1754
55|1199|501|1755
55|1200|501|1756
55|1201|501|1757
55|1202|501|1758
55|1203|501|1759
55|1204|501|1760
55|1205|501|1761
55|1206|501|1762
55|1207|501|1763
55|1208|501|1764
55|1209|501|1765
55|1210|501|1766
55|1211|501|1767
55|1212|501|1768
55|1213|501|1769
55|1214|501|1770
55|1215|501|1771
55|1216|501|1772
55|1217|501|1773
55|1218|501|1774
55|1219|501|1775
55|1219|502|1776
55|1220|502|1777
55|1220|503|1778
55|1221|503|1779
55|1221|504|1780
55|1222|504|1781
55|1222|505|1782
55|1223|505|1783
55|1224|505|1784
55|1225|505|1785
55|1226|505|1786
55|1227|505|1787
55|1228|505|1788
55|1229|505|1789
55|1229|506|1790
55|1230|506|1791
55|1231|506|1792
55|1232|506|1793
55|1233|506|1794
55|1234|506|1795
55|1234|507|1796
55|1235|507|1797
55|1235|508|1798
55|1236|508|1799
55|1236|509|1800
55|1237|509|1801
55|1237|510|1802
55|1238|510|1803
55|1238|511|1804
55|1239|511|1805
55|1239|512|1806
55|1240|512|1807
55|1241|512|1808
55|1242|512|1809
55|1243|512|1810
55|1244|512|1811
55|1244|513|1812
55|1245|513|1813
55|1245|514|1814
55|1246|514|1815
55|1246|515|1816
56|1246|515|1817
56|1247|515|1818
56|1248|515|1819
56|1248|516|1820
56|1249|516|1821
56|1250|516|1822
56|1251|516|1823
56|1251|517|1824
56|1252|517|1825
56|1253|517|1826
56|1254|517|1827
56|1255|517|1828
56|1256|517|1829
56|1256|518|1830
56|1257|518|1831
56|1257|519|1832
56|1258|519|1833
56|1259|519|1834
56|1260|519|1835
56|1260|520|1836
56|1261|520|1837
56|1261|521|1838
56|1262|521|1839
56|1262|522|1840
56|1263|522|1841
56|1263|523|1842
56|1264|523|1843
56|1265|523|1844
56|1266|523|1845
56|1266|524|1846
56|1267|524|1847
56|1267|525|1848
56|1268|525|1849
56|1269|525|1850
56|1270|525|1851
56|1271|525|1852
56|1272|525|1853
56|1272|526|1854
57|1272|526|1855
57|1272|527|1856
57|1273|527|1857
57|1274|527|1858
57|1275|527|1859
57|1275|528|1860
58|1275|528|1861
58|1275|529|1862
58|1276|529|1863
58|1277|529|1864
58|1278|529|1865
58|1278|530|1866
58|1279|530|1867
58|1279|531|1868
58|1280|531|1869
58|1281|531|1870
59|1281|531|1871
59|1282|531|1872
59|1283|531|1873
59|1283|532|1874
59|1284|532|1875
59|1285|532|1876
59|1286|532|1877
59|1287|532|1878
59|1288|532|1879
59|1289|532|1880
59|1290|532|1881
59|1291|532|1882
59|1292|532|1883
59|1292|533|1884
59|1293|533|1885
59|1294|533|1886
59|1295|533|1887
59|1295|534|1888
59|1296|534|1889
59|1296|535|1890
59|1297|535|1891
59|1297|536|1892
59|1298|536|1893
59|1298|537|1894
59|1299|537|1895
59|1299|538|1896
59|1300|538|1897
59|1300|539|1898
59|1301|539|1899
59|1301|540|1900
59|1302|540|1901
59|1302|541|1902
59|1303|541|1903
59|1303|542|1904
59|1304|542|1905
59|1304|543|1906
59|1305|543|1907
59|1305|544|1908
59|1306|544|1909
59|1306|545|1910
59|1307|545|1911
59|1307|546|1912
59|1308|546|1913
59|1308|547|1914
59|1309|547|1915
59|1309|548|1916
59|1310|548|1917
59|1310|549|1918
59|1311|549|1919
59|1311|550|1920
59|1312|550|1921
59|1313|550|1922
59|1314|550|1923
59|1314|551|1924
59|1315|551|1925
59|1315|552|1926
59|1316|552|1927
59|1316|553|1928
59|1317|553|1929
59|1317|554|1930
59|1318|554|1931
59|1318|555|1932
59|1319|555|1933
59|1319|556|1934
59|1320|556|1935
59|1320|557|1936
59|1321|557|1937
59|1321|558|1938
59|1322|558|1939
59|1322|559|1940
59|1323|559|1941
59|1323|560|1942
59|1324|560|1943
59|1325|560|1944
59|1326|560|1945
59|1326|561|1946
59|1327|561|1947
59|1327|562|1948
59|1328|562|1949
59|1328|563|1950
59|1329|563|1951
59|1329|564|1952
59|1330|564|1953
59|1330|565|1954
60|1330|565|1955
60|1331|565|1956
61|1331|565|1957
61|1332|565|1958
61|1333|565|1959
61|1333|566|1960
61|1334|566|1961
61|1334|567|1962
61|1335|567|1963
61|1336|567|1964
61|1337|567|1965
61|1338|567|1966
61|1339|567|1967
61|1339|568|1968
61|1340|568|1969
61|1341|568|1970
61|1342|568|1971
61|1342|569|1972
61|1343|569|1973
61|1343|570|1974
61|1344|570|1975
61|1344|571|1976
61|1345|571|1977
61|1346|571|1978
62|1346|571|1979
62|1347|571|1980
62|1348|571|1981
62|1348|572|1982
62|1349|572|1983
62|1350|572|1984
63|1350|572|1985
63|1351|572|1986
64|1351|572|1987
64|1352|572|1988
65|1352|572|1989
65|1353|572|1990
65|1354|572|1991
65|1355|572|1992
65|1356|572|1993
65|1357|572|1994
65|1358|572|1995
65|1358|573|1996
65|1359|573|1997
65|1359|574|1998
65|1360|574|1999
65|1361|574|2000
