total
0|0|1|1
0|1|1|2
0|1|2|3
0|2|2|4
0|2|3|5
0|3|3|6
0|3|4|7
0|4|4|8
0|4|5|9
0|5|5|10
0|5|6|11
0|6|6|12
0|6|7|13
0|7|7|14
0|7|8|15
0|8|8|16
0|8|9|17
0|9|9|18
0|9|10|19
0|10|10|20
0|10|11|21
0|11|11|22
0|11|12|23
0|12|12|24
0|12|13|25
0|13|13|26
0|13|14|27
0|14|14|28
0|14|15|29
0|15|15|30
0|15|16|31
0|16|16|32
0|16|17|33
0|17|17|34
0|17|18|35
0|18|18|36
0|18|19|37
0|19|19|38
0|19|20|39
0|20|20|40
0|20|21|41
0|21|21|42
0|21|22|43
0|22|22|44
0|22|23|45
0|23|23|46
0|23|24|47
0|24|24|48
0|24|25|49
0|25|25|50
0|25|26|51
0|26|26|52
0|26|27|53
0|27|27|54
0|27|28|55
0|28|28|56
0|28|29|57
0|29|29|58
0|29|30|59
0|30|30|60
0|30|31|61
0|31|31|62
0|31|32|63
0|32|32|64
0|32|33|65
0|33|33|66
0|33|34|67
0|34|34|68
0|34|35|69
0|35|35|70
0|35|36|71
0|36|36|72
0|36|37|73
0|37|37|74
0|37|38|75
0|38|38|76
0|38|39|77
0|39|39|78
0|39|40|79
0|40|40|80
0|40|41|81
0|41|41|82
0|41|42|83
0|41|43|84
1|41|43|85
1|41|44|86
2|41|44|87
2|41|45|88
3|41|45|89
3|41|46|90
4|41|46|91
4|41|47|92
4|41|48|93
4|41|49|94
5|41|49|95
5|41|50|96
5|41|51|97
5|41|52|98
6|41|52|99
6|41|53|100
6|41|54|101
6|41|55|102
6|41|56|103
6|41|57|104
7|41|57|105
7|41|58|106
8|41|58|107
8|41|59|108
9|41|59|109
9|41|60|110
10|41|60|111
10|41|61|112
11|41|61|113
11|41|62|114
11|41|63|115
11|41|64|116
12|41|64|117
12|41|65|118
12|41|66|119
12|42|66|120
12|42|67|121
12|43|67|122
12|43|68|123
12|44|68|124
12|44|69|125
12|45|69|126
12|45|70|127
12|46|70|128
12|46|71|129
12|47|71|130
12|47|72|131
12|48|72|132
12|48|73|133
12|49|73|134
12|49|74|135
12|50|74|136
12|50|75|137
12|51|75|138
12|51|76|139
12|52|76|140
12|52|77|141
12|53|77|142
12|53|78|143
12|54|78|144
12|54|79|145
12|55|79|146
12|55|80|147
12|56|80|148
12|56|81|149
12|57|81|150
12|57|82|151
12|58|82|152
12|58|83|153
12|59|83|154
12|59|84|155
12|60|84|156
12|60|85|157
12|61|85|158
12|61|86|159
12|62|86|160
12|62|87|161
12|63|87|162
12|63|88|163
12|64|88|164
12|64|89|165
12|65|89|166
12|65|90|167
12|66|90|168
12|66|91|169
12|67|91|170
12|67|92|171
12|68|92|172
12|68|93|173
12|69|93|174
12|69|94|175
12|70|94|176
12|70|95|177
12|71|95|178
12|71|96|179
12|72|96|180
12|72|97|181
12|73|97|182
12|73|98|183
12|74|98|184
12|74|99|185
12|75|99|186
12|75|100|187
12|76|100|188
12|76|101|189
12|77|101|190
12|77|102|191
12|78|102|192
12|78|103|193
12|79|103|194
12|79|104|195
12|80|104|196
12|80|105|197
12|81|105|198
12|81|106|199
12|82|106|200
12|82|107|201
12|83|107|202
12|83|108|203
12|84|108|204
12|84|109|205
12|85|109|206
12|85|110|207
12|86|110|208
12|86|111|209
12|87|111|210
12|87|112|211
12|88|112|212
12|88|113|213
12|89|113|214
12|89|114|215
12|90|114|216
12|90|115|217
12|91|115|218
12|91|116|219
12|92|116|220
12|92|117|221
12|93|117|222
12|93|118|223
12|94|118|224
12|94|119|225
12|95|119|226
12|95|120|227
12|95|121|228
12|95|122|229
12|95|123|230
12|95|124|231
12|95|125|232
12|95|126|233
12|95|127|234
12|95|128|235
12|95|129|236
13|95|129|237
13|95|130|238
13|95|131|239
13|95|132|240
13|95|133|241
13|95|134|242
13|95|135|243
13|95|136|244
14|95|136|245
14|95|137|246
14|95|138|247
14|95|139|248
14|95|140|249
14|95|141|250
14|95|142|251
14|95|143|252
14|95|144|253
14|95|145|254
14|95|146|255
14|95|147|256
14|95|148|257
14|95|149|258
14|95|150|259
14|95|151|260
14|95|152|261
14|95|153|262
14|95|154|263
14|96|154|264
14|96|155|265
14|97|155|266
14|97|156|267
14|98|156|268
14|98|157|269
14|99|157|270
14|99|158|271
14|100|158|272
14|100|159|273
14|101|159|274
14|101|160|275
14|102|160|276
14|102|161|277
14|103|161|278
14|103|162|279
14|104|162|280
14|104|163|281
14|105|163|282
14|105|164|283
14|106|164|284
14|106|165|285
14|107|165|286
14|107|166|287
14|108|166|288
14|108|167|289
14|109|167|290
14|109|168|291
14|110|168|292
14|110|169|293
14|111|169|294
14|111|170|295
14|112|170|296
14|112|171|297
14|113|171|298
14|113|172|299
14|114|172|300
14|114|173|301
14|115|173|302
14|115|174|303
14|116|174|304
14|116|175|305
14|117|175|306
14|117|176|307
14|118|176|308
14|118|177|309
14|119|177|310
14|119|178|311
14|120|178|312
14|120|179|313
14|121|179|314
14|121|180|315
14|122|180|316
15|122|180|317
15|122|181|318
15|122|182|319
15|123|182|320
15|123|183|321
15|124|183|322
15|124|184|323
15|125|184|324
15|125|185|325
15|125|186|326
15|125|187|327
15|126|187|328
15|126|188|329
15|126|189|330
15|126|190|331
15|127|190|332
15|127|191|333
15|128|191|334
15|128|192|335
15|128|193|336
15|128|194|337
15|128|195|338
15|128|196|339
15|128|197|340
15|128|198|341
15|128|199|342
15|128|200|343
15|128|201|344
15|128|202|345
15|128|203|346
15|128|204|347
15|128|205|348
15|128|206|349
15|128|207|350
15|128|208|351
15|129|208|352
15|129|209|353
15|129|210|354
15|129|211|355
15|129|212|356
15|129|213|357
15|130|213|358
15|130|214|359
15|130|215|360
15|130|216|361
15|130|217|362
15|130|218|363
15|130|219|364
15|130|220|365
15|130|221|366
15|130|222|367
15|130|223|368
15|130|224|369
15|130|225|370
15|130|226|371
15|131|226|372
15|131|227|373
15|132|227|374
15|132|228|375
15|133|228|376
15|133|229|377
15|134|229|378
15|134|230|379
15|135|230|380
15|135|231|381
15|136|231|382
15|136|232|383
15|137|232|384
15|137|233|385
15|138|233|386
15|138|234|387
15|139|234|388
15|139|235|389
15|140|235|390
15|140|236|391
15|141|236|392
15|141|237|393
15|142|237|394
15|142|238|395
15|143|238|396
15|143|239|397
15|144|239|398
15|144|240|399
15|145|240|400
15|145|241|401
15|146|241|402
15|146|242|403
15|147|242|404
15|147|243|405
15|148|243|406
15|148|244|407
15|149|244|408
15|149|245|409
15|150|245|410
16|150|245|411
16|151|245|412
16|151|246|413
16|152|246|414
16|152|247|415
16|153|247|416
16|153|248|417
16|154|248|418
16|154|249|419
16|155|249|420
16|155|250|421
16|156|250|422
16|156|251|423
16|157|251|424
16|157|252|425
16|158|252|426
16|158|253|427
16|159|253|428
16|159|254|429
16|160|254|430
17|160|254|431
17|161|254|432
18|161|254|433
18|162|254|434
18|162|255|435
18|163|255|436
18|163|256|437
18|164|256|438
18|164|257|439
18|165|257|440
18|165|258|441
18|166|258|442
18|166|259|443
18|166|260|444
18|166|261|445
18|167|261|446
18|167|262|447
18|168|262|448
18|168|263|449
18|169|263|450
19|169|263|451
19|170|263|452
19|170|264|453
19|171|264|454
19|171|265|455
19|172|265|456
19|172|266|457
19|173|266|458
20|173|266|459
20|173|267|460
20|173|268|461
20|174|268|462
20|174|269|463
20|175|269|464
20|175|270|465
20|176|270|466
20|176|271|467
20|176|272|468
20|176|273|469
20|177|273|470
20|177|274|471
20|177|275|472
20|177|276|473
20|178|276|474
20|178|277|475
20|178|278|476
20|178|279|477
20|179|279|478
20|179|280|479
20|180|280|480
20|180|281|481
20|181|281|482
20|181|282|483
20|182|282|484
20|182|283|485
20|183|283|486
20|183|284|487
20|184|284|488
20|184|285|489
20|185|285|490
20|185|286|491
20|186|286|492
20|186|287|493
20|187|287|494
20|187|288|495
20|188|288|496
20|188|289|497
20|189|289|498
20|189|290|499
20|190|290|500
20|190|291|501
20|191|291|502
20|191|292|503
20|192|292|504
20|192|293|505
20|193|293|506
20|193|294|507
20|194|294|508
20|194|295|509
20|195|295|510
20|195|296|511
20|196|296|512
20|196|297|513
20|197|297|514
20|197|298|515
20|198|298|516
20|198|299|517
20|199|299|518
20|199|300|519
20|200|300|520
20|200|301|521
20|201|301|522
21|201|301|523
21|202|301|524
21|202|302|525
21|203|302|526
21|203|303|527
21|204|303|528
21|204|304|529
21|205|304|530
22|205|304|531
22|206|304|532
22|206|305|533
22|207|305|534
22|207|306|535
22|208|306|536
22|208|307|537
22|209|307|538
22|209|308|539
22|210|308|540
22|210|309|541
22|211|309|542
22|211|310|543
22|212|310|544
22|212|311|545
22|213|311|546
22|213|312|547
22|214|312|548
22|214|313|549
22|215|313|550
22|215|314|551
22|216|314|552
22|216|315|553
22|217|315|554
22|217|316|555
22|218|316|556
22|218|317|557
22|219|317|558
22|219|318|559
22|220|318|560
22|220|319|561
22|221|319|562
22|221|320|563
22|222|320|564
22|222|321|565
22|223|321|566
22|223|322|567
22|224|322|568
22|224|323|569
22|225|323|570
22|225|324|571
22|226|324|572
22|226|325|573
22|227|325|574
22|227|326|575
22|228|326|576
22|228|327|577
22|229|327|578
22|229|328|579
22|230|328|580
22|230|329|581
22|231|329|582
22|231|330|583
22|232|330|584
22|232|331|585
22|233|331|586
22|233|332|587
22|234|332|588
22|234|333|589
22|235|333|590
22|235|334|591
22|236|334|592
22|236|335|593
22|237|335|594
22|237|336|595
22|238|336|596
22|238|337|597
22|239|337|598
22|239|338|599
22|240|338|600
22|240|339|601
22|241|339|602
22|241|340|603
22|242|340|604
22|242|341|605
22|243|341|606
22|243|342|607
22|244|342|608
22|244|343|609
22|245|343|610
22|245|344|611
22|246|344|612
22|246|345|613
22|247|345|614
22|247|346|615
22|248|346|616
22|248|347|617
22|249|347|618
22|249|348|619
22|250|348|620
22|250|349|621
22|251|349|622
23|251|349|623
23|252|349|624
23|252|350|625
23|253|350|626
24|253|350|627
24|254|350|628
24|254|351|629
24|255|351|630
25|255|351|631
25|256|351|632
26|256|351|633
26|257|351|634
27|257|351|635
27|258|351|636
27|258|352|637
27|259|352|638
27|259|353|639
27|260|353|640
27|260|354|641
27|261|354|642
27|261|355|643
27|262|355|644
28|262|355|645
28|263|355|646
29|263|355|647
29|264|355|648
29|264|356|649
29|265|356|650
30|265|356|651
30|266|356|652
30|266|357|653
30|267|357|654
31|267|357|655
31|268|357|656
32|268|357|657
32|269|357|658
32|269|358|659
32|270|358|660
32|270|359|661
32|271|359|662
32|271|360|663
32|272|360|664
32|272|361|665
32|273|361|666
32|273|362|667
32|274|362|668
32|274|363|669
32|275|363|670
32|275|364|671
32|276|364|672
32|276|365|673
32|277|365|674
32|277|366|675
32|278|366|676
32|278|367|677
32|279|367|678
32|279|368|679
32|280|368|680
32|280|369|681
32|281|369|682
32|281|370|683
32|282|370|684
32|282|371|685
32|283|371|686
32|283|372|687
32|284|372|688
32|284|373|689
32|285|373|690
32|285|374|691
32|286|374|692
32|286|375|693
32|287|375|694
32|287|376|695
32|288|376|696
32|288|377|697
32|289|377|698
32|289|378|699
32|290|378|700
32|290|379|701
32|291|379|702
32|291|380|703
32|292|380|704
32|292|381|705
32|293|381|706
32|293|382|707
32|294|382|708
32|294|383|709
32|295|383|710
32|295|384|711
32|296|384|712
32|296|385|713
32|297|385|714
32|297|386|715
32|298|386|716
32|298|387|717
32|299|387|718
32|299|388|719
32|300|388|720
32|300|389|721
32|301|389|722
32|301|390|723
32|302|390|724
32|302|391|725
32|303|391|726
32|303|392|727
32|304|392|728
32|304|393|729
32|305|393|730
32|305|394|731
32|306|394|732
32|306|395|733
32|307|395|734
32|308|396|736
32|309|396|737
32|309|397|738
32|310|397|739
32|310|398|740
32|311|398|741
32|311|399|742
32|312|399|743
32|312|400|744
32|313|400|745
32|313|401|746
32|314|401|747
32|314|402|748
32|315|402|749
32|315|403|750
32|316|403|751
32|316|404|752
32|317|404|753
32|317|405|754
32|318|405|755
32|318|406|756
32|319|406|757
32|319|407|758
32|320|407|759
32|320|408|760
32|321|408|761
32|321|409|762
32|322|409|763
32|322|410|764
32|323|410|765
32|323|411|766
32|323|412|767
33|323|412|768
33|323|413|769
33|323|414|770
33|323|415|771
33|323|416|772
33|323|417|773
33|323|418|774
33|323|419|775
33|323|420|776
33|323|421|777
33|323|422|778
33|323|423|779
33|323|424|780
33|323|425|781
33|323|426|782
33|323|427|783
33|323|428|784
33|323|429|785
33|323|430|786
33|323|431|787
33|323|432|788
33|323|433|789
33|323|434|790
33|323|435|791
33|323|436|792
33|323|437|793
33|323|438|794
33|323|439|795
33|323|440|796
33|323|441|797
34|323|441|798
34|323|442|799
35|323|442|800
35|323|443|801
36|323|443|802
36|324|443|803
36|324|444|804
36|325|444|805
36|325|445|806
36|326|445|807
36|326|446|808
36|327|446|809
36|327|447|810
36|328|447|811
36|328|448|812
36|329|448|813
36|329|449|814
36|330|449|815
36|330|450|816
36|331|450|817
36|331|451|818
36|332|451|819
36|332|452|820
36|333|452|821
36|333|453|822
36|334|453|823
36|334|454|824
36|335|454|825
36|335|455|826
36|336|455|827
36|336|456|828
36|337|456|829
36|337|457|830
36|338|457|831
36|338|458|832
36|339|458|833
36|339|459|834
36|340|459|835
36|340|460|836
36|341|460|837
36|341|461|838
36|342|461|839
36|342|462|840
36|343|462|841
36|343|463|842
36|344|463|843
36|344|464|844
36|345|464|845
36|345|465|846
36|346|465|847
36|346|466|848
36|347|466|849
36|347|467|850
36|348|467|851
36|348|468|852
36|349|468|853
36|349|469|854
36|350|469|855
36|350|470|856
36|351|470|857
36|351|471|858
36|352|471|859
36|352|472|860
36|353|472|861
36|353|473|862
36|354|473|863
36|354|474|864
36|355|474|865
36|355|475|866
36|356|475|867
36|356|476|868
36|357|476|869
36|357|477|870
36|358|477|871
36|358|478|872
36|359|478|873
36|359|479|874
36|360|479|875
36|360|480|876
36|361|480|877
36|361|481|878
36|362|481|879
36|362|482|880
36|363|482|881
36|363|483|882
36|364|483|883
36|364|484|884
36|365|484|885
36|365|485|886
36|366|485|887
36|366|486|888
36|367|486|889
36|367|487|890
36|368|487|891
36|368|488|892
36|369|488|893
36|369|489|894
36|370|489|895
36|370|490|896
36|371|490|897
36|371|491|898
36|372|491|899
36|372|492|900
36|373|492|901
36|373|493|902
36|374|493|903
36|374|494|904
36|375|494|905
36|375|495|906
36|376|495|907
36|376|496|908
36|377|496|909
36|377|497|910
36|377|498|911
36|377|499|912
36|377|500|913
36|377|501|914
36|377|502|915
37|377|502|916
37|377|503|917
37|377|504|918
37|377|505|919
37|377|506|920
37|377|507|921
38|377|507|922
38|377|508|923
38|377|509|924
38|377|510|925
38|377|511|926
38|377|512|927
38|377|513|928
38|377|514|929
39|377|514|930
39|377|515|931
39|377|516|932
39|377|517|933
39|377|518|934
39|377|519|935
39|377|520|936
39|377|521|937
39|377|522|938
39|377|523|939
39|377|524|940
39|377|525|941
39|377|526|942
39|377|527|943
39|377|528|944
39|377|529|945
39|377|530|946
39|378|530|947
39|378|531|948
39|379|531|949
39|379|532|950
39|380|532|951
39|380|533|952
39|381|533|953
39|381|534|954
39|382|534|955
39|382|535|956
39|383|535|957
39|383|536|958
39|384|536|959
39|384|537|960
39|385|537|961
39|385|538|962
39|386|538|963
39|386|539|964
39|387|539|965
39|387|540|966
39|388|540|967
39|388|541|968
39|389|541|969
39|389|542|970
39|390|542|971
39|390|543|972
39|391|543|973
39|391|544|974
39|392|544|975
39|392|545|976
39|393|545|977
39|393|546|978
39|394|546|979
39|394|547|980
39|395|547|981
39|395|548|982
39|396|548|983
39|396|549|984
39|397|549|985
39|397|550|986
39|398|550|987
39|398|551|988
39|399|551|989
39|399|552|990
39|400|552|991
39|400|553|992
39|401|553|993
39|401|554|994
39|402|554|995
39|402|555|996
39|403|555|997
39|403|556|998
39|404|556|999
39|404|557|1000
39|404|558|1001
39|404|559|1002
39|405|559|1003
39|405|560|1004
39|406|560|1005
39|406|561|1006
39|407|561|1007
39|407|562|1008
39|407|563|1009
39|407|564|1010
39|408|564|1011
39|408|565|1012
39|409|565|1013
39|409|566|1014
39|409|567|1015
39|409|568|1016
39|410|568|1017
39|410|569|1018
39|411|569|1019
39|411|570|1020
39|412|570|1021
39|412|571|1022
39|413|571|1023
39|413|572|1024
39|414|572|1025
39|414|573|1026
39|415|573|1027
39|415|574|1028
39|416|574|1029
39|416|575|1030
39|417|575|1031
39|417|576|1032
39|418|576|1033
39|418|577|1034
39|419|577|1035
39|419|578|1036
39|420|578|1037
39|420|579|1038
39|421|579|1039
39|421|580|1040
39|422|580|1041
39|422|581|1042
39|423|581|1043
39|423|582|1044
39|424|582|1045
39|424|583|1046
39|425|583|1047
39|425|584|1048
39|426|584|1049
39|426|585|1050
39|427|585|1051
39|427|586|1052
39|428|586|1053
39|428|587|1054
39|429|587|1055
39|429|588|1056
39|430|588|1057
39|430|589|1058
39|431|589|1059
39|431|590|1060
39|432|590|1061
39|432|591|1062
39|433|591|1063
39|433|592|1064
39|434|592|1065
39|434|593|1066
39|435|593|1067
39|435|594|1068
39|436|594|1069
39|436|595|1070
39|437|595|1071
39|437|596|1072
39|438|596|1073
39|438|597|1074
39|439|597|1075
39|439|598|1076
39|440|598|1077
39|440|599|1078
39|441|599|1079
39|441|600|1080
39|442|600|1081
39|442|601|1082
39|443|601|1083
39|443|602|1084
39|444|602|1085
39|444|603|1086
39|445|603|1087
39|445|604|1088
39|446|604|1089
39|446|605|1090
39|447|605|1091
39|447|606|1092
39|448|606|1093
39|448|607|1094
39|449|607|1095
39|449|608|1096
39|450|608|1097
39|450|609|1098
39|451|609|1099
39|451|610|1100
39|452|610|1101
40|452|610|1102
40|453|610|1103
40|453|611|1104
40|454|611|1105
40|454|612|1106
40|455|612|1107
40|455|613|1108
40|456|613|1109
41|456|613|1110
41|457|613|1111
41|457|614|1112
41|458|614|1113
41|458|615|1114
41|459|615|1115
41|459|616|1116
41|460|616|1117
42|460|616|1118
42|461|616|1119
42|461|617|1120
42|462|617|1121
42|462|618|1122
42|463|618|1123
42|463|619|1124
42|464|619|1125
42|464|620|1126
42|465|620|1127
42|465|621|1128
42|466|621|1129
42|466|622|1130
42|467|622|1131
42|467|623|1132
42|468|623|1133
42|468|624|1134
42|469|624|1135
43|469|624|1136
43|470|624|1137
43|470|625|1138
43|471|625|1139
43|471|626|1140
43|472|626|1141
43|472|627|1142
43|472|628|1143
44|472|628|1144
44|473|628|1145
44|473|629|1146
44|474|629|1147
44|474|630|1148
44|475|630|1149
44|475|631|1150
44|475|632|1151
45|475|632|1152
45|476|632|1153
45|476|633|1154
45|477|633|1155
45|477|634|1156
45|478|634|1157
45|478|635|1158
45|479|635|1159
45|479|636|1160
45|479|637|1161
45|479|638|1162
45|480|638|1163
45|480|639|1164
45|481|639|1165
45|481|640|1166
45|482|640|1167
45|482|641|1168
45|483|641|1169
45|483|642|1170
45|484|642|1171
45|484|643|1172
45|485|643|1173
45|485|644|1174
45|486|644|1175
45|486|645|1176
45|487|645|1177
45|487|646|1178
45|488|646|1179
45|488|647|1180
45|489|647|1181
45|489|648|1182
45|490|648|1183
45|490|649|1184
45|491|649|1185
45|491|650|1186
45|492|650|1187
45|492|651|1188
45|493|651|1189
45|493|652|1190
45|494|652|1191
45|494|653|1192
45|495|653|1193
45|495|654|1194
45|496|654|1195
45|496|655|1196
45|497|655|1197
45|497|656|1198
45|498|656|1199
45|498|657|1200
45|499|657|1201
45|499|658|1202
45|500|658|1203
45|500|659|1204
45|501|659|1205
45|501|660|1206
45|502|660|1207
45|502|661|1208
45|503|661|1209
45|503|662|1210
45|504|662|1211
45|504|663|1212
45|505|663|1213
45|505|664|1214
45|506|664|1215
45|506|665|1216
45|507|665|1217
45|507|666|1218
45|508|666|1219
45|508|667|1220
45|509|667|1221
45|509|668|1222
45|510|668|1223
45|510|669|1224
45|511|669|1225
45|511|670|1226
45|512|670|1227
45|512|671|1228
45|513|671|1229
45|513|672|1230
45|514|672|1231
45|514|673|1232
45|515|673|1233
46|515|673|1234
46|516|673|1235
46|516|674|1236
46|517|674|1237
46|517|675|1238
46|518|675|1239
46|518|676|1240
46|519|676|1241
46|519|677|1242
46|520|677|1243
46|520|678|1244
46|521|678|1245
46|521|679|1246
46|522|679|1247
46|522|680|1248
46|523|680|1249
46|523|681|1250
46|524|681|1251
46|524|682|1252
46|525|682|1253
46|525|683|1254
46|526|683|1255
46|526|684|1256
46|527|684|1257
46|527|685|1258
46|528|685|1259
46|528|686|1260
46|529|686|1261
46|529|687|1262
46|530|687|1263
46|530|688|1264
46|531|688|1265
46|531|689|1266
46|532|689|1267
46|532|690|1268
46|533|690|1269
46|533|691|1270
46|534|691|1271
46|534|692|1272
46|535|692|1273
46|535|693|1274
46|536|693|1275
46|536|694|1276
46|537|694|1277
46|537|695|1278
46|538|695|1279
46|538|696|1280
46|539|696|1281
46|539|697|1282
46|540|697|1283
46|540|698|1284
46|541|698|1285
46|541|699|1286
46|542|699|1287
46|542|700|1288
46|543|700|1289
46|543|701|1290
46|544|701|1291
46|544|702|1292
46|545|702|1293
46|545|703|1294
46|546|703|1295
46|546|704|1296
46|547|704|1297
46|547|705|1298
46|548|705|1299
46|548|706|1300
46|549|706|1301
46|549|707|1302
46|550|707|1303
46|550|708|1304
46|551|708|1305
46|551|709|1306
46|552|709|1307
46|552|710|1308
46|553|710|1309
46|553|711|1310
46|554|711|1311
46|554|712|1312
46|555|712|1313
46|555|713|1314
46|556|713|1315
46|556|714|1316
46|557|714|1317
46|557|715|1318
46|558|715|1319
46|558|716|1320
46|559|716|1321
47|559|716|1322
47|560|716|1323
47|560|717|1324
47|561|717|1325
47|561|718|1326
47|562|718|1327
47|562|719|1328
47|563|719|1329
47|563|720|1330
47|564|720|1331
47|564|721|1332
47|565|721|1333
47|565|722|1334
47|566|722|1335
47|566|723|1336
47|567|723|1337
48|567|723|1338
48|568|723|1339
48|568|724|1340
48|569|724|1341
49|569|724|1342
49|570|724|1343
49|570|725|1344
49|571|725|1345
49|571|726|1346
49|572|726|1347
49|572|727|1348
49|573|727|1349
49|573|728|1350
49|574|728|1351
49|574|729|1352
49|575|729|1353
49|575|730|1354
49|576|730|1355
49|576|731|1356
49|577|731|1357
49|577|732|1358
49|578|732|1359
49|578|733|1360
49|579|733|1361
49|579|734|1362
49|580|734|1363
49|580|735|1364
49|581|735|1365
49|581|736|1366
49|582|736|1367
49|582|737|1368
49|583|737|1369
49|583|738|1370
49|584|738|1371
49|584|739|1372
49|585|739|1373
49|585|740|1374
49|586|740|1375
49|586|741|1376
49|587|741|1377
49|587|742|1378
49|588|742|1379
49|588|743|1380
49|589|743|1381
49|589|744|1382
49|590|744|1383
49|590|745|1384
49|591|745|1385
49|591|746|1386
49|592|746|1387
49|592|747|1388
49|593|747|1389
49|593|748|1390
49|594|748|1391
49|594|749|1392
49|595|749|1393
49|595|750|1394
49|596|750|1395
49|596|751|1396
49|597|751|1397
49|597|752|1398
49|598|752|1399
49|598|753|1400
49|599|753|1401
49|599|754|1402
49|600|754|1403
49|600|755|1404
49|601|755|1405
49|601|756|1406
49|602|756|1407
49|602|757|1408
49|603|757|1409
49|603|758|1410
49|604|758|1411
49|604|759|1412
49|605|759|1413
49|605|760|1414
49|606|760|1415
49|606|761|1416
49|607|761|1417
49|607|762|1418
49|608|762|1419
49|608|763|1420
49|609|763|1421
49|609|764|1422
49|610|764|1423
49|610|765|1424
49|611|765|1425
49|611|766|1426
49|612|766|1427
49|612|767|1428
49|613|767|1429
49|613|768|1430
49|614|768|1431
49|614|769|1432
49|615|769|1433
49|615|770|1434
49|616|770|1435
49|616|771|1436
49|617|771|1437
49|617|772|1438
49|618|772|1439
49|618|773|1440
49|619|773|1441
49|619|774|1442
49|620|774|1443
49|620|775|1444
49|621|775|1445
49|621|776|1446
49|622|776|1447
49|622|777|1448
49|623|777|1449
49|623|778|1450
49|623|779|1451
49|623|780|1452
49|623|781|1453
50|623|781|1454
50|623|782|1455
51|623|782|1456
51|623|783|1457
52|623|783|1458
52|623|784|1459
52|623|785|1460
52|623|786|1461
53|623|786|1462
53|623|787|1463
53|623|788|1464
53|623|789|1465
54|623|789|1466
54|623|790|1467
55|623|790|1468
55|623|791|1469
55|623|792|1470
55|623|793|1471
56|623|793|1472
56|623|794|1473
57|623|794|1474
57|623|795|1475
58|623|795|1476
58|623|796|1477
58|623|797|1478
58|623|798|1479
58|623|799|1480
58|623|800|1481
58|623|801|1482
58|623|802|1483
58|623|803|1484
58|623|804|1485
59|623|804|1486
59|624|804|1487
59|624|805|1488
59|625|805|1489
59|625|806|1490
59|626|806|1491
59|626|807|1492
59|627|807|1493
59|627|808|1494
59|628|808|1495
59|628|809|1496
59|629|809|1497
59|629|810|1498
59|630|810|1499
59|630|811|1500
59|631|811|1501
59|631|812|1502
59|632|812|1503
59|632|813|1504
59|633|813|1505
59|633|814|1506
59|634|814|1507
59|634|815|1508
59|635|815|1509
59|635|816|1510
59|636|816|1511
59|636|817|1512
59|637|817|1513
59|637|818|1514
59|638|818|1515
59|638|819|1516
59|639|819|1517
59|639|820|1518
59|640|820|1519
59|640|821|1520
59|641|821|1521
59|641|822|1522
59|642|822|1523
59|642|823|1524
59|643|823|1525
59|643|824|1526
59|644|824|1527
59|644|825|1528
59|645|825|1529
59|645|826|1530
59|646|826|1531
59|646|827|1532
59|647|827|1533
59|647|828|1534
59|648|828|1535
59|648|829|1536
59|649|829|1537
59|649|830|1538
59|650|830|1539
59|650|831|1540
59|651|831|1541
59|651|832|1542
59|652|832|1543
59|652|833|1544
59|653|833|1545
59|653|834|1546
59|654|834|1547
59|654|835|1548
59|655|835|1549
59|655|836|1550
59|656|836|1551
59|656|837|1552
59|657|837|1553
59|657|838|1554
59|658|838|1555
59|658|839|1556
59|659|839|1557
59|659|840|1558
59|660|840|1559
59|660|841|1560
59|661|841|1561
59|661|842|1562
59|662|842|1563
59|662|843|1564
59|663|843|1565
59|663|844|1566
59|664|844|1567
59|664|845|1568
59|665|845|1569
59|665|846|1570
59|666|846|1571
59|666|847|1572
59|667|847|1573
59|667|848|1574
59|668|848|1575
59|668|849|1576
59|669|849|1577
59|669|850|1578
59|670|850|1579
59|670|851|1580
59|671|851|1581
59|671|852|1582
59|672|852|1583
59|672|853|1584
59|673|853|1585
59|673|854|1586
59|674|854|1587
59|674|855|1588
59|675|855|1589
59|675|856|1590
59|676|856|1591
59|676|857|1592
59|677|857|1593
59|677|858|1594
59|677|859|1595
59|677|860|1596
59|677|861|1597
60|677|861|1598
60|677|862|1599
60|677|863|1600
60|677|864|1601
60|677|865|1602
60|677|866|1603
60|677|867|1604
60|677|868|1605
60|677|869|1606
60|677|870|1607
60|677|871|1608
60|677|872|1609
60|677|873|1610
60|677|874|1611
60|677|875|1612
60|677|876|1613
61|677|876|1614
61|677|877|1615
61|677|878|1616
61|677|879|1617
61|677|880|1618
61|677|881|1619
61|677|882|1620
61|677|883|1621
61|677|884|1622
61|677|885|1623
61|677|886|1624
61|677|887|1625
61|677|888|1626
61|677|889|1627
61|677|890|1628
61|677|891|1629
61|677|892|1630
61|678|892|1631
61|678|893|1632
61|679|893|1633
61|679|894|1634
61|680|894|1635
61|680|895|1636
61|681|895|1637
61|681|896|1638
61|682|896|1639
61|682|897|1640
61|683|897|1641
61|683|898|1642
61|684|898|1643
61|684|899|1644
61|685|899|1645
61|685|900|1646
61|686|900|1647
61|686|901|1648
61|687|901|1649
61|687|902|1650
61|688|902|1651
61|688|903|1652
61|689|903|1653
61|689|904|1654
61|690|904|1655
61|690|905|1656
61|691|905|1657
61|691|906|1658
61|692|906|1659
61|692|907|1660
61|693|907|1661
61|693|908|1662
61|694|908|1663
61|694|909|1664
61|695|909|1665
61|695|910|1666
61|695|911|1667
61|695|912|1668
61|696|912|1669
61|696|913|1670
61|697|913|1671
61|697|914|1672
61|698|914|1673
61|698|915|1674
61|699|915|1675
61|699|916|1676
61|700|916|1677
61|700|917|1678
61|701|917|1679
61|701|918|1680
61|702|918|1681
61|702|919|1682
61|703|919|1683
61|703|920|1684
61|703|921|1685
61|703|922|1686
61|704|922|1687
61|704|923|1688
61|705|923|1689
61|705|924|1690
61|706|924|1691
61|706|925|1692
61|706|926|1693
61|706|927|1694
61|707|927|1695
61|707|928|1696
61|708|928|1697
61|708|929|1698
61|709|929|1699
61|709|930|1700
61|710|930|1701
61|710|931|1702
61|711|931|1703
61|711|932|1704
61|712|932|1705
61|712|933|1706
61|713|933|1707
61|713|934|1708
61|714|934|1709
61|714|935|1710
61|715|935|1711
61|715|936|1712
61|716|936|1713
61|716|937|1714
61|717|937|1715
61|717|938|1716
61|718|938|1717
61|718|939|1718
61|719|939|1719
61|719|940|1720
61|720|940|1721
61|720|941|1722
61|721|941|1723
61|721|942|1724
61|722|942|1725
61|722|943|1726
61|723|943|1727
61|723|944|1728
61|724|944|1729
61|724|945|1730
61|725|945|1731
61|725|946|1732
61|726|946|1733
61|726|947|1734
61|727|947|1735
61|727|948|1736
61|728|948|1737
61|728|949|1738
61|728|950|1739
61|728|951|1740
61|728|952|1741
61|728|953|1742
61|728|954|1743
61|728|955|1744
61|728|956|1745
61|728|957|1746
61|728|958|1747
61|728|959|1748
61|728|960|1749
61|728|961|1750
61|728|962|1751
61|728|963|1752
61|728|964|1753
61|728|965|1754
61|728|966|1755
61|728|967|1756
61|728|968|1757
61|728|969|1758
61|728|970|1759
61|728|971|1760
61|728|972|1761
61|728|973|1762
61|728|974|1763
61|728|975|1764
61|728|976|1765
61|728|977|1766
61|728|978|1767
61|728|979|1768
61|728|980|1769
61|728|981|1770
61|728|982|1771
61|728|983|1772
61|728|984|1773
61|728|985|1774
61|729|985|1775
61|729|986|1776
61|730|986|1777
61|730|987|1778
61|731|987|1779
61|731|988|1780
61|732|988|1781
61|732|989|1782
61|733|989|1783
61|733|990|1784
61|734|990|1785
62|734|990|1786
62|735|990|1787
62|735|991|1788
62|736|991|1789
62|736|992|1790
62|737|992|1791
62|737|993|1792
62|738|993|1793
62|738|994|1794
62|739|994|1795
62|739|995|1796
62|740|995|1797
62|740|996|1798
62|741|996|1799
62|741|997|1800
62|742|997|1801
62|742|998|1802
62|743|998|1803
62|743|999|1804
62|744|999|1805
62|744|1000|1806
62|745|1000|1807
62|745|1001|1808
62|746|1001|1809
62|746|1002|1810
62|747|1002|1811
62|747|1003|1812
62|748|1003|1813
62|748|1004|1814
62|749|1004|1815
62|749|1005|1816
62|750|1005|1817
62|750|1006|1818
62|751|1006|1819
63|751|1006|1820
63|752|1006|1821
63|752|1007|1822
63|753|1007|1823
63|753|1008|1824
63|754|1008|1825
63|754|1009|1826
63|754|1010|1827
64|754|1010|1828
64|755|1010|1829
64|755|1011|1830
64|756|1011|1831
64|756|1012|1832
64|757|1012|1833
64|757|1013|1834
64|757|1014|1835
64|757|1015|1836
64|758|1015|1837
64|758|1016|1838
64|759|1016|1839
64|759|1017|1840
64|760|1017|1841
64|760|1018|1842
64|761|1018|1843
64|761|1019|1844
64|762|1019|1845
64|762|1020|1846
64|763|1020|1847
64|763|1021|1848
64|764|1021|1849
64|764|1022|1850
64|765|1022|1851
64|765|1023|1852
64|766|1023|1853
64|766|1024|1854
64|767|1024|1855
65|767|1024|1856
65|768|1024|1857
65|768|1025|1858
65|769|1025|1859
65|769|1026|1860
65|770|1026|1861
65|770|1027|1862
65|771|1027|1863
66|771|1027|1864
66|772|1027|1865
66|772|1028|1866
66|773|1028|1867
66|773|1029|1868
66|774|1029|1869
66|774|1030|1870
66|775|1030|1871
67|775|1030|1872
67|776|1030|1873
67|776|1031|1874
67|777|1031|1875
67|777|1032|1876
67|778|1032|1877
67|778|1033|1878
67|779|1033|1879
67|779|1034|1880
67|780|1034|1881
67|780|1035|1882
67|781|1035|1883
67|781|1036|1884
67|782|1036|1885
67|782|1037|1886
67|783|1037|1887
67|783|1038|1888
67|784|1038|1889
67|784|1039|1890
67|785|1039|1891
68|785|1039|1892
68|786|1039|1893
68|786|1040|1894
68|787|1040|1895
68|787|1041|1896
68|788|1041|1897
68|788|1042|1898
68|789|1042|1899
69|789|1042|1900
69|790|1042|1901
69|790|1043|1902
69|791|1043|1903
69|791|1044|1904
69|792|1044|1905
69|792|1045|1906
69|793|1045|1907
69|793|1046|1908
69|794|1046|1909
69|794|1047|1910
69|795|1047|1911
69|795|1048|1912
69|796|1048|1913
69|796|1049|1914
69|797|1049|1915
69|797|1050|1916
69|798|1050|1917
69|798|1051|1918
69|799|1051|1919
69|799|1052|1920
69|800|1052|1921
69|800|1053|1922
69|801|1053|1923
69|801|1054|1924
69|802|1054|1925
69|802|1055|1926
69|803|1055|1927
69|803|1056|1928
69|804|1056|1929
69|804|1057|1930
69|805|1057|1931
69|805|1058|1932
69|806|1058|1933
69|806|1059|1934
69|807|1059|1935
69|807|1060|1936
69|808|1060|1937
69|808|1061|1938
69|809|1061|1939
69|809|1062|1940
69|810|1062|1941
69|810|1063|1942
69|811|1063|1943
69|811|1064|1944
69|812|1064|1945
69|812|1065|1946
69|813|1065|1947
69|813|1066|1948
69|814|1066|1949
69|814|1067|1950
69|815|1067|1951
69|815|1068|1952
69|816|1068|1953
69|816|1069|1954
69|817|1069|1955
69|817|1070|1956
69|818|1070|1957
69|818|1071|1958
69|819|1071|1959
69|819|1072|1960
69|820|1072|1961
69|820|1073|1962
69|821|1073|1963
69|821|1074|1964
69|822|1074|1965
69|822|1075|1966
69|823|1075|1967
69|823|1076|1968
69|824|1076|1969
69|824|1077|1970
69|825|1077|1971
69|825|1078|1972
69|826|1078|1973
69|826|1079|1974
69|827|1079|1975
69|827|1080|1976
69|828|1080|1977
69|828|1081|1978
69|829|1081|1979
69|829|1082|1980
69|830|1082|1981
69|830|1083|1982
69|831|1083|1983
69|831|1084|1984
69|832|1084|1985
69|832|1085|1986
69|833|1085|1987
69|833|1086|1988
69|834|1086|1989
69|834|1087|1990
69|835|1087|1991
70|835|1087|1992
70|836|1087|1993
71|836|1087|1994
71|837|1087|1995
72|837|1087|1996
72|838|1087|1997
73|838|1087|1998
73|839|1087|1999
74|839|1087|2000
