total
0|1|0|1
0|2|0|2
0|3|0|3
0|4|0|4
0|5|0|5
1|5|0|6
1|6|0|7
1|7|0|8
1|8|0|9
1|9|0|10
1|9|1|11
1|9|2|12
1|9|3|13
1|10|3|14
1|10|4|15
1|11|4|16
1|11|5|17
1|11|6|18
1|11|7|19
1|11|8|20
1|11|9|21
1|11|10|22
1|11|11|23
1|11|12|24
1|11|13|25
1|12|13|26
1|12|14|27
1|13|14|28
1|13|15|29
1|14|15|30
1|14|16|31
1|15|16|32
1|15|17|33
1|15|18|34
1|15|19|35
1|16|19|36
1|16|20|37
1|17|20|38
1|17|21|39
1|18|21|40
1|18|22|41
1|19|22|42
1|19|23|43
1|19|24|44
1|19|25|45
1|19|26|46
1|20|26|47
1|21|26|48
1|22|26|49
2|22|26|50
2|23|26|51
2|24|26|52
2|25|26|53
2|26|26|54
2|27|26|55
2|28|26|56
2|29|26|57
3|29|26|58
3|30|26|59
3|31|26|60
3|32|26|61
3|33|26|62
3|34|26|63
4|34|26|64
4|35|26|65
4|36|26|66
4|37|26|67
4|38|26|68
4|39|26|69
4|40|26|70
4|41|26|71
5|41|26|72
5|42|26|73
5|43|26|74
5|44|26|75
5|45|26|76
5|46|26|77
5|47|26|78
5|48|26|79
6|48|26|80
6|49|26|81
6|50|26|82
6|51|26|83
6|51|27|84
6|52|27|85
6|52|28|86
6|53|28|87
6|53|29|88
6|54|29|89
6|54|30|90
6|55|30|91
6|55|31|92
6|56|31|93
6|56|32|94
6|57|32|95
6|57|33|96
6|58|33|97
6|58|34|98
6|59|34|99
6|59|35|100
6|60|35|101
6|60|36|102
6|61|36|103
6|61|37|104
6|62|37|105
6|62|38|106
6|63|38|107
6|63|39|108
6|64|39|109
6|64|40|110
6|65|40|111
6|65|41|112
6|66|41|113
6|66|42|114
6|67|42|115
6|67|43|116
6|68|43|117
6|68|44|118
6|68|45|119
6|69|45|120
6|69|46|121
6|70|46|122
6|70|47|123
6|71|47|124
6|71|48|125
6|72|48|126
6|72|49|127
6|73|49|128
6|73|50|129
6|74|50|130
6|74|51|131
6|75|51|132
6|75|52|133
6|76|52|134
6|76|53|135
6|77|53|136
6|77|54|137
6|78|54|138
6|78|55|139
6|79|55|140
6|79|56|141
6|80|56|142
6|80|57|143
6|81|57|144
6|81|58|145
6|82|58|146
6|82|59|147
6|83|59|148
6|83|60|149
6|84|60|150
6|84|61|151
6|85|61|152
6|85|62|153
6|86|62|154
6|86|63|155
6|87|63|156
6|87|64|157
6|87|65|158
6|87|66|159
6|88|66|160
6|88|67|161
6|89|67|162
6|89|68|163
6|90|68|164
6|90|69|165
6|90|70|166
6|90|71|167
6|91|71|168
6|91|72|169
6|92|72|170
6|92|73|171
6|92|74|172
6|92|75|173
6|92|76|174
6|92|77|175
6|93|77|176
6|93|78|177
6|93|79|178
6|93|80|179
6|94|80|180
6|94|81|181
6|95|81|182
6|95|82|183
6|96|82|184
6|96|83|185
6|96|84|186
6|96|85|187
6|96|86|188
6|96|87|189
6|97|87|190
6|98|87|191
7|98|87|192
7|99|87|193
7|100|87|194
7|100|88|195
8|100|88|196
8|101|88|197
8|102|88|198
8|103|88|199
9|103|88|200
9|104|88|201
10|104|88|202
10|105|88|203
11|105|88|204
11|105|89|205
11|106|89|206
11|107|89|207
12|107|89|208
12|108|89|209
13|108|89|210
13|108|90|211
13|109|90|212
13|109|91|213
13|110|91|214
13|111|91|215
14|111|91|216
14|111|92|217
14|112|92|218
14|113|92|219
14|114|92|220
14|115|92|221
15|115|92|222
15|116|92|223
16|116|92|224
16|116|93|225
17|116|93|226
17|117|93|227
17|117|94|228
17|118|94|229
17|118|95|230
17|118|96|231
17|118|97|232
17|119|97|233
17|119|98|234
17|120|98|235
18|120|98|236
18|121|98|237
18|121|99|238
18|122|99|239
18|122|100|240
18|122|101|241
18|122|102|242
18|123|102|243
19|123|102|244
19|124|102|245
19|124|103|246
20|124|103|247
20|125|103|248
20|125|104|249
20|125|105|250
20|126|105|251
20|126|106|252
20|126|107|253
20|127|107|254
20|128|107|255
20|128|108|256
20|129|108|257
20|129|109|258
20|130|109|259
20|130|110|260
21|130|110|261
21|130|111|262
21|130|112|263
21|131|112|264
21|131|113|265
21|132|113|266
21|132|114|267
21|133|114|268
21|133|115|269
21|134|115|270
21|134|116|271
21|135|116|272
21|135|117|273
21|136|117|274
21|136|118|275
21|137|118|276
21|137|119|277
21|138|119|278
21|138|120|279
21|139|120|280
21|139|121|281
21|140|121|282
21|140|122|283
21|141|122|284
21|141|123|285
21|142|123|286
21|142|124|287
21|143|124|288
21|143|125|289
21|144|125|290
21|144|126|291
21|145|126|292
21|145|127|293
21|146|127|294
21|146|128|295
21|147|128|296
21|147|129|297
21|148|129|298
21|149|129|299
21|149|130|300
21|150|130|301
21|151|130|302
21|151|131|303
21|151|132|304
21|152|132|305
21|153|132|306
21|154|132|307
21|155|132|308
21|156|132|309
21|156|133|310
21|157|133|311
21|158|133|312
21|158|134|313
21|158|135|314
21|159|135|315
21|160|135|316
21|161|135|317
21|161|136|318
21|161|137|319
21|162|137|320
21|162|138|321
21|163|138|322
21|164|138|323
21|165|138|324
21|166|138|325
21|166|139|326
21|166|140|327
21|167|140|328
21|168|140|329
21|169|140|330
21|170|140|331
21|170|141|332
21|171|141|333
21|172|141|334
21|173|141|335
22|173|141|336
22|174|141|337
22|174|142|338
22|175|142|339
22|175|143|340
22|176|143|341
22|176|144|342
22|177|144|343
23|177|144|344
23|178|144|345
24|178|144|346
24|179|144|347
24|179|145|348
24|180|145|349
25|180|145|350
25|181|145|351
25|181|146|352
25|182|146|353
25|182|147|354
25|183|147|355
25|183|148|356
25|184|148|357
26|184|148|358
26|185|148|359
27|185|148|360
27|186|148|361
28|186|148|362
28|187|148|363
28|187|149|364
28|188|149|365
28|188|150|366
28|189|150|367
29|189|150|368
29|190|150|369
30|190|150|370
30|191|150|371
30|192|150|372
30|193|150|373
30|194|150|374
30|195|150|375
30|196|150|376
30|197|150|377
30|198|150|378
30|199|150|379
30|200|150|380
30|201|150|381
30|202|150|382
30|203|150|383
30|204|150|384
30|205|150|385
30|206|150|386
30|207|150|387
30|208|150|388
30|209|150|389
30|210|150|390
30|211|150|391
30|212|150|392
30|213|150|393
30|214|150|394
30|215|150|395
30|216|150|396
30|217|150|397
30|218|150|398
30|219|150|399
30|220|150|400
30|221|150|401
30|222|150|402
30|223|150|403
30|224|150|404
30|225|150|405
30|226|150|406
30|227|150|407
30|227|151|408
30|228|151|409
30|228|152|410
31|228|152|411
31|228|153|412
31|229|153|413
31|229|154|414
31|230|154|415
31|231|154|416
31|232|154|417
31|232|155|418
31|233|155|419
31|233|156|420
31|233|157|421
31|234|157|422
31|235|157|423
31|236|157|424
31|237|157|425
31|237|158|426
31|238|158|427
31|239|158|428
31|240|158|429
31|240|159|430
31|241|159|431
31|241|160|432
31|242|160|433
31|242|161|434
31|242|162|435
31|243|162|436
31|244|162|437
31|244|163|438
31|245|163|439
32|245|163|440
32|246|163|441
32|246|164|442
32|247|164|443
32|247|165|444
33|247|165|445
33|247|166|446
34|247|166|447
34|247|167|448
34|247|168|449
34|248|168|450
34|249|168|451
34|249|169|452
34|249|170|453
34|249|171|454
34|249|172|455
34|249|173|456
34|250|173|457
34|251|173|458
34|252|173|459
34|252|174|460
34|252|175|461
34|253|175|462
34|253|176|463
34|253|177|464
34|254|177|465
34|254|178|466
34|255|178|467
34|255|179|468
34|255|180|469
34|256|180|470
34|257|180|471
34|257|181|472
34|258|181|473
34|258|182|474
34|259|182|475
34|259|183|476
34|260|183|477
34|260|184|478
34|261|184|479
35|261|184|480
35|262|184|481
36|262|184|482
36|263|184|483
37|263|184|484
37|264|184|485
38|264|184|486
38|265|184|487
39|265|184|488
39|266|184|489
39|267|184|490
39|267|185|491
40|267|185|492
40|268|185|493
40|269|185|494
40|270|185|495
41|270|185|496
41|271|185|497
41|272|185|498
41|272|186|499
42|272|186|500
42|273|186|501
43|273|186|502
43|274|186|503
44|274|186|504
44|274|187|505
44|275|187|506
44|276|187|507
44|277|187|508
44|278|187|509
45|278|187|510
45|279|187|511
46|279|187|512
46|280|187|513
46|281|187|514
47|281|187|515
47|281|188|516
48|281|188|517
48|282|188|518
49|282|188|519
49|283|188|520
49|283|189|521
49|284|189|522
50|284|189|523
50|284|190|524
50|284|191|525
51|284|191|526
51|284|192|527
51|284|193|528
51|284|194|529
51|285|194|530
51|285|195|531
51|285|196|532
51|285|197|533
51|286|197|534
51|286|198|535
51|286|199|536
52|286|199|537
52|287|199|538
53|287|199|539
53|287|200|540
53|287|201|541
53|288|201|542
54|288|201|543
54|289|201|544
55|289|201|545
55|289|202|546
56|289|202|547
56|290|202|548
56|290|203|549
56|290|204|550
57|290|204|551
57|291|204|552
57|292|204|553
58|292|204|554
59|292|204|555
59|293|204|556
59|294|204|557
59|295|204|558
60|295|204|559
60|295|205|560
60|296|205|561
60|297|205|562
60|297|206|563
60|297|207|564
60|298|207|565
60|299|207|566
61|299|207|567
61|300|207|568
61|300|208|569
61|301|208|570
61|301|209|571
61|301|210|572
61|302|210|573
62|302|210|574
63|302|210|575
63|303|210|576
63|303|211|577
63|304|211|578
64|304|211|579
64|305|211|580
64|306|211|581
64|307|211|582
65|307|211|583
65|308|211|584
65|309|211|585
65|310|211|586
65|311|211|587
65|312|211|588
65|313|211|589
65|314|211|590
65|315|211|591
65|316|211|592
65|317|211|593
65|318|211|594
65|319|211|595
66|319|211|596
66|320|211|597
66|321|211|598
66|322|211|599
66|323|211|600
66|324|211|601
66|325|211|602
66|326|211|603
67|326|211|604
67|327|211|605
67|328|211|606
67|329|211|607
67|330|211|608
67|331|211|609
67|332|211|610
67|333|211|611
67|334|211|612
67|335|211|613
67|336|211|614
67|337|211|615
67|338|211|616
67|339|211|617
68|339|211|618
68|340|211|619
68|341|211|620
68|342|211|621
68|343|211|622
68|344|211|623
68|344|212|624
68|345|212|625
68|345|213|626
68|346|213|627
68|346|214|628
68|347|214|629
68|347|215|630
68|348|215|631
68|348|216|632
68|349|216|633
68|349|217|634
68|350|217|635
68|350|218|636
68|351|218|637
68|351|219|638
68|352|219|639
68|352|220|640
68|353|220|641
68|353|221|642
68|354|221|643
68|354|222|644
68|355|222|645
68|355|223|646
68|356|223|647
68|356|224|648
68|357|224|649
68|357|225|650
68|358|225|651
68|358|226|652
68|359|226|653
68|359|227|654
68|360|227|655
68|360|228|656
68|361|228|657
68|361|229|658
68|362|229|659
68|363|229|660
68|364|229|661
69|364|229|662
69|365|229|663
69|366|229|664
69|367|229|665
69|368|229|666
69|369|229|667
69|370|229|668
69|371|229|669
70|371|229|670
70|372|229|671
71|372|229|672
71|373|229|673
71|374|229|674
71|375|229|675
72|375|229|676
72|376|229|677
72|377|229|678
72|378|229|679
73|378|229|680
73|379|229|681
74|379|229|682
74|380|229|683
74|381|229|684
74|382|229|685
74|383|229|686
74|384|229|687
75|384|229|688
75|385|229|689
75|386|229|690
75|387|229|691
75|388|229|692
75|389|229|693
75|390|229|694
75|390|230|695
75|390|231|696
75|390|232|697
75|391|232|698
75|391|233|699
75|392|233|700
75|392|234|701
75|392|235|702
75|392|236|703
75|393|236|704
75|393|237|705
75|393|238|706
75|393|239|707
75|394|239|708
75|394|240|709
75|395|240|710
75|395|241|711
75|395|242|712
75|395|243|713
75|396|243|714
75|396|244|715
75|396|245|716
75|396|246|717
75|396|247|718
75|396|248|719
75|396|249|720
75|396|250|721
75|397|250|722
75|397|251|723
75|397|252|724
75|397|253|725
75|397|254|726
75|397|255|727
75|397|256|728
75|397|257|729
75|398|257|730
75|399|257|731
76|399|257|732
76|400|257|733
76|401|257|734
76|402|257|735
76|403|257|736
76|404|257|737
76|405|257|738
76|406|257|739
77|406|257|740
77|407|257|741
77|408|257|742
77|409|257|743
77|410|257|744
77|411|257|745
77|412|257|746
77|413|257|747
78|413|257|748
78|414|257|749
78|415|257|750
78|416|257|751
78|417|257|752
78|418|257|753
78|419|257|754
78|420|257|755
78|421|257|756
78|422|257|757
78|423|257|758
78|424|257|759
78|425|257|760
78|426|257|761
79|426|257|762
79|427|257|763
79|428|257|764
79|429|257|765
79|430|257|766
79|431|257|767
79|431|258|768
79|432|258|769
79|432|259|770
79|433|259|771
79|433|260|772
79|434|260|773
79|434|261|774
79|435|262|776
79|435|263|777
79|436|263|778
79|436|264|779
79|437|264|780
79|437|265|781
79|438|265|782
79|438|266|783
79|439|266|784
79|439|267|785
79|440|267|786
79|440|268|787
79|441|268|788
79|441|269|789
79|442|269|790
79|442|270|791
79|443|270|792
79|443|271|793
79|444|271|794
79|444|272|795
79|445|272|796
79|445|273|797
79|446|273|798
79|446|274|799
79|447|274|800
79|447|275|801
79|448|275|802
79|449|275|803
79|449|276|804
79|450|276|805
79|450|277|806
79|451|277|807
79|451|278|808
79|452|278|809
79|452|279|810
79|453|279|811
79|453|280|812
79|454|280|813
79|454|281|814
79|455|281|815
79|455|282|816
79|456|282|817
79|456|283|818
79|457|283|819
79|457|284|820
79|458|284|821
79|458|285|822
79|459|285|823
79|459|286|824
79|460|286|825
79|460|287|826
79|461|287|827
79|461|288|828
79|462|288|829
79|462|289|830
79|463|289|831
79|463|290|832
79|464|290|833
79|464|291|834
79|465|291|835
79|465|292|836
79|466|292|837
79|466|293|838
79|466|294|839
79|466|295|840
79|467|295|841
79|467|296|842
79|467|297|843
79|467|298|844
79|467|299|845
79|467|300|846
79|468|300|847
79|468|301|848
79|468|302|849
79|468|303|850
79|468|304|851
79|468|305|852
79|468|306|853
79|468|307|854
79|468|308|855
79|468|309|856
79|468|310|857
79|468|311|858
79|469|311|859
79|469|312|860
79|469|313|861
79|469|314|862
79|469|315|863
79|469|316|864
79|470|316|865
79|470|317|866
79|470|318|867
79|470|319|868
79|471|319|869
79|471|320|870
79|471|321|871
79|471|322|872
79|472|322|873
79|472|323|874
80|472|323|875
80|473|323|876
81|473|323|877
81|474|323|878
81|475|323|879
81|476|323|880
81|477|323|881
81|478|323|882
82|478|323|883
82|479|323|884
83|479|323|885
83|480|323|886
83|481|323|887
83|482|323|888
84|482|323|889
84|482|324|890
85|482|324|891
85|483|324|892
86|483|324|893
86|484|324|894
86|485|324|895
86|485|325|896
87|485|325|897
87|485|326|898
88|485|326|899
88|486|326|900
88|487|326|901
88|487|327|902
89|487|327|903
89|488|327|904
89|489|327|905
89|490|327|906
90|490|327|907
90|491|327|908
91|491|327|909
91|492|327|910
91|492|328|911
91|493|328|912
91|493|329|913
91|494|329|914
91|494|330|915
92|494|330|916
92|494|331|917
93|494|331|918
94|494|331|919
94|495|331|920
94|495|332|921
94|496|332|922
94|496|333|923
94|497|333|924
94|497|334|925
94|497|335|926
94|498|335|927
94|499|335|928
94|499|336|929
94|500|336|930
94|501|336|931
94|501|337|932
94|501|338|933
94|501|339|934
94|501|340|935
94|502|340|936
94|503|340|937
94|503|341|938
94|503|342|939
94|504|342|940
94|504|343|941
94|505|343|942
94|505|344|943
94|506|344|944
94|506|345|945
94|507|345|946
94|508|345|947
94|508|346|948
94|509|346|949
94|509|347|950
94|510|347|951
94|510|348|952
94|511|348|953
94|511|349|954
94|512|349|955
94|512|350|956
94|513|350|957
94|513|351|958
94|514|351|959
94|514|352|960
94|515|352|961
94|515|353|962
94|516|353|963
94|516|354|964
94|517|354|965
94|517|355|966
94|518|355|967
94|518|356|968
94|519|356|969
94|519|357|970
94|520|357|971
94|520|358|972
94|521|358|973
94|521|359|974
94|522|359|975
94|522|360|976
94|523|360|977
94|523|361|978
94|524|361|979
94|524|362|980
94|525|362|981
94|525|363|982
94|525|364|983
94|526|364|984
94|527|364|985
94|528|364|986
94|529|364|987
95|529|364|988
95|530|364|989
96|530|364|990
96|531|364|991
96|532|364|992
96|532|365|993
96|533|365|994
96|534|365|995
96|535|365|996
96|536|365|997
96|536|366|998
96|537|366|999
96|538|366|1000
96|538|367|1001
96|539|367|1002
96|540|367|1003
96|540|368|1004
96|540|369|1005
96|540|370|1006
96|541|370|1007
96|542|370|1008
96|542|371|1009
96|543|371|1010
96|544|371|1011
96|544|372|1012
96|545|372|1013
96|546|372|1014
96|547|372|1015
96|548|372|1016
96|549|372|1017
96|550|372|1018
96|550|373|1019
96|551|373|1020
96|551|374|1021
96|552|374|1022
96|552|375|1023
96|553|375|1024
96|553|376|1025
96|554|376|1026
96|554|377|1027
96|555|377|1028
96|555|378|1029
96|556|378|1030
97|556|378|1031
97|557|378|1032
97|557|379|1033
97|558|379|1034
97|558|380|1035
97|559|380|1036
97|559|381|1037
97|560|381|1038
98|560|381|1039
98|561|381|1040
99|561|381|1041
99|562|381|1042
100|562|381|1043
100|563|381|1044
100|563|382|1045
100|564|382|1046
101|564|382|1047
101|565|382|1048
101|565|383|1049
101|566|383|1050
101|566|384|1051
101|567|384|1052
102|567|384|1053
102|568|384|1054
102|569|384|1055
102|570|384|1056
102|571|384|1057
102|572|384|1058
102|573|384|1059
102|574|384|1060
102|575|384|1061
102|576|384|1062
102|577|384|1063
102|578|384|1064
102|579|384|1065
102|580|384|1066
102|581|384|1067
102|582|384|1068
102|583|384|1069
102|584|384|1070
102|585|384|1071
102|586|384|1072
102|587|384|1073
102|588|384|1074
102|589|384|1075
102|590|384|1076
102|591|384|1077
102|592|384|1078
102|593|384|1079
102|594|384|1080
102|595|384|1081
102|596|384|1082
102|597|384|1083
102|598|384|1084
102|599|384|1085
102|600|384|1086
102|601|384|1087
102|602|384|1088
102|603|384|1089
102|604|384|1090
102|604|385|1091
102|605|385|1092
103|605|385|1093
103|606|385|1094
103|606|386|1095
104|606|386|1096
105|606|386|1097
105|607|386|1098
105|608|386|1099
105|609|386|1100
105|609|387|1101
105|610|387|1102
105|610|388|1103
105|611|388|1104
105|611|389|1105
105|612|389|1106
105|613|389|1107
105|614|389|1108
105|614|390|1109
105|615|390|1110
105|616|390|1111
105|617|390|1112
105|617|391|1113
105|618|391|1114
105|618|392|1115
105|619|392|1116
105|619|393|1117
105|620|393|1118
105|621|393|1119
105|622|393|1120
106|622|393|1121
106|623|393|1122
106|623|394|1123
106|624|394|1124
107|624|394|1125
107|625|394|1126
107|625|395|1127
107|626|395|1128
107|626|396|1129
107|626|397|1130
107|626|398|1131
107|627|398|1132
107|628|398|1133
107|628|399|1134
107|628|400|1135
107|629|400|1136
107|629|401|1137
107|629|402|1138
107|629|403|1139
107|629|404|1140
107|630|404|1141
107|631|404|1142
107|631|405|1143
107|632|405|1144
107|633|405|1145
107|633|406|1146
107|633|407|1147
108|633|407|1148
108|633|408|1149
108|634|408|1150
108|634|409|1151
108|635|409|1152
108|636|409|1153
108|636|410|1154
108|636|411|1155
108|637|411|1156
108|637|412|1157
109|637|412|1158
109|637|413|1159
109|638|413|1160
109|638|414|1161
109|638|415|1162
110|638|415|1163
110|639|415|1164
110|640|415|1165
110|641|415|1166
111|641|415|1167
111|642|415|1168
112|642|415|1169
112|643|415|1170
113|643|415|1171
113|644|415|1172
114|644|415|1173
114|645|415|1174
115|645|415|1175
115|645|416|1176
115|646|416|1177
115|647|416|1178
116|647|416|1179
116|648|416|1180
116|649|416|1181
116|650|416|1182
117|650|416|1183
117|650|417|1184
118|650|417|1185
118|651|417|1186
119|651|417|1187
119|652|417|1188
119|653|417|1189
119|653|418|1190
119|654|418|1191
119|654|419|1192
119|655|419|1193
119|656|419|1194
120|656|419|1195
120|657|419|1196
121|657|419|1197
121|658|419|1198
121|658|420|1199
121|658|421|1200
121|659|421|1201
121|659|422|1202
121|660|422|1203
122|660|422|1204
122|661|422|1205
122|661|423|1206
122|661|424|1207
122|661|425|1208
122|662|425|1209
122|662|426|1210
122|662|427|1211
122|662|428|1212
122|663|428|1213
122|663|429|1214
122|663|430|1215
122|663|431|1216
122|664|431|1217
122|664|432|1218
122|664|433|1219
122|664|434|1220
123|664|434|1221
124|664|434|1222
124|664|435|1223
124|664|436|1224
124|665|436|1225
124|665|437|1226
124|666|437|1227
124|666|438|1228
124|667|438|1229
125|667|438|1230
125|668|438|1231
126|668|438|1232
126|669|438|1233
126|669|439|1234
126|670|439|1235
126|670|440|1236
127|670|440|1237
127|671|440|1238
127|672|440|1239
127|673|440|1240
127|674|440|1241
127|675|440|1242
127|675|441|1243
127|676|441|1244
127|677|441|1245
127|678|441|1246
127|679|441|1247
127|679|442|1248
127|680|442|1249
127|681|442|1250
127|682|442|1251
128|682|442|1252
128|683|442|1253
128|683|443|1254
128|684|443|1255
128|684|444|1256
129|684|444|1257
129|685|444|1258
129|686|444|1259
129|687|444|1260
129|688|444|1261
129|688|445|1262
129|689|445|1263
129|690|445|1264
129|691|445|1265
129|692|445|1266
129|693|445|1267
130|693|445|1268
130|694|445|1269
130|695|445|1270
131|695|445|1271
131|696|445|1272
131|697|445|1273
131|698|445|1274
131|699|445|1275
131|700|445|1276
131|701|445|1277
131|702|445|1278
131|703|445|1279
131|704|445|1280
131|705|445|1281
131|706|445|1282
131|707|445|1283
131|708|445|1284
131|709|445|1285
131|710|445|1286
131|711|445|1287
131|712|445|1288
131|713|445|1289
131|714|445|1290
131|715|445|1291
131|716|445|1292
131|717|445|1293
131|718|445|1294
131|719|445|1295
131|720|445|1296
131|721|445|1297
131|722|445|1298
131|723|445|1299
131|724|445|1300
131|725|445|1301
131|726|445|1302
132|726|445|1303
132|727|445|1304
132|728|445|1305
132|729|445|1306
132|729|446|1307
132|730|446|1308
132|730|447|1309
132|731|447|1310
132|731|448|1311
132|732|448|1312
132|732|449|1313
132|733|449|1314
132|733|450|1315
132|734|450|1316
132|734|451|1317
132|735|451|1318
132|735|452|1319
132|736|452|1320
132|736|453|1321
132|737|453|1322
132|737|454|1323
132|738|454|1324
132|738|455|1325
132|739|455|1326
132|739|456|1327
132|740|456|1328
132|740|457|1329
132|741|457|1330
132|741|458|1331
132|742|458|1332
132|742|459|1333
132|743|459|1334
132|743|460|1335
132|744|460|1336
132|744|461|1337
132|745|461|1338
132|745|462|1339
132|746|462|1340
132|746|463|1341
132|747|463|1342
132|748|463|1343
132|749|463|1344
133|749|463|1345
133|750|463|1346
133|751|463|1347
133|752|463|1348
133|753|463|1349
133|754|463|1350
133|755|463|1351
133|756|463|1352
134|756|463|1353
134|757|463|1354
135|757|463|1355
135|758|463|1356
135|759|463|1357
135|760|463|1358
136|760|463|1359
136|761|463|1360
136|762|463|1361
136|763|463|1362
137|763|463|1363
137|764|463|1364
137|765|463|1365
137|766|463|1366
137|767|463|1367
137|768|463|1368
137|769|463|1369
137|770|463|1370
137|771|463|1371
137|772|463|1372
137|773|463|1373
137|774|463|1374
137|775|463|1375
137|776|463|1376
137|777|463|1377
137|778|463|1378
137|778|464|1379
137|778|465|1380
137|778|466|1381
137|778|467|1382
137|778|468|1383
137|778|469|1384
137|779|469|1385
137|779|470|1386
137|780|470|1387
137|780|471|1388
137|780|472|1389
137|780|473|1390
137|780|474|1391
137|780|475|1392
137|781|475|1393
137|781|476|1394
137|781|477|1395
137|781|478|1396
137|782|478|1397
137|782|479|1398
137|782|480|1399
137|782|481|1400
137|783|481|1401
137|783|482|1402
137|783|483|1403
137|783|484|1404
137|784|484|1405
137|784|485|1406
137|784|486|1407
137|784|487|1408
137|785|487|1409
137|785|488|1410
137|786|488|1411
137|786|489|1412
137|787|489|1413
137|787|490|1414
138|787|490|1415
138|788|490|1416
138|789|490|1417
138|790|490|1418
139|790|490|1419
139|791|490|1420
139|792|490|1421
139|793|490|1422
140|793|490|1423
140|794|490|1424
140|795|490|1425
140|796|490|1426
140|797|490|1427
140|798|490|1428
140|799|490|1429
140|800|490|1430
140|801|490|1431
140|802|490|1432
140|803|490|1433
140|804|490|1434
140|805|490|1435
140|806|490|1436
140|807|490|1437
140|808|490|1438
140|809|490|1439
140|810|490|1440
140|811|490|1441
140|812|490|1442
140|813|490|1443
140|814|490|1444
141|814|490|1445
141|815|490|1446
142|815|490|1447
142|816|490|1448
142|817|490|1449
142|818|490|1450
142|818|491|1451
142|819|491|1452
142|819|492|1453
142|820|492|1454
142|820|493|1455
142|821|493|1456
142|821|494|1457
142|822|494|1458
142|822|495|1459
142|823|495|1460
142|823|496|1461
142|824|496|1462
142|824|497|1463
142|825|497|1464
142|825|498|1465
142|826|498|1466
142|826|499|1467
142|827|499|1468
142|827|500|1469
142|828|500|1470
142|828|501|1471
142|829|501|1472
142|829|502|1473
142|830|502|1474
142|830|503|1475
142|831|503|1476
142|831|504|1477
142|832|504|1478
142|832|505|1479
142|833|505|1480
142|833|506|1481
142|834|506|1482
142|834|507|1483
142|835|507|1484
142|835|508|1485
142|836|508|1486
142|837|508|1487
142|837|509|1488
142|838|509|1489
142|838|510|1490
142|839|510|1491
142|839|511|1492
142|840|511|1493
142|840|512|1494
142|841|512|1495
142|841|513|1496
142|842|513|1497
142|842|514|1498
142|843|514|1499
142|843|515|1500
142|844|515|1501
142|844|516|1502
142|845|516|1503
142|845|517|1504
142|846|517|1505
142|846|518|1506
142|847|518|1507
142|847|519|1508
142|848|519|1509
142|848|520|1510
142|849|520|1511
142|849|521|1512
142|850|521|1513
142|850|522|1514
142|851|522|1515
142|851|523|1516
142|852|523|1517
142|852|524|1518
142|853|524|1519
142|853|525|1520
142|854|525|1521
142|854|526|1522
142|854|527|1523
142|854|528|1524
142|854|529|1525
142|854|530|1526
142|854|531|1527
142|854|532|1528
142|854|533|1529
142|854|534|1530
142|855|534|1531
142|855|535|1532
142|855|536|1533
142|855|537|1534
142|856|537|1535
142|856|538|1536
142|856|539|1537
142|856|540|1538
142|857|540|1539
142|857|541|1540
142|857|542|1541
142|857|543|1542
142|858|543|1543
142|858|544|1544
142|859|544|1545
142|859|545|1546
142|859|546|1547
142|859|547|1548
142|860|547|1549
142|860|548|1550
142|860|549|1551
142|860|550|1552
142|861|550|1553
142|861|551|1554
142|862|551|1555
142|862|552|1556
142|862|553|1557
142|862|554|1558
143|862|554|1559
143|863|554|1560
144|863|554|1561
144|864|554|1562
145|864|554|1563
145|865|554|1564
146|865|554|1565
146|866|554|1566
147|866|554|1567
147|867|554|1568
148|867|554|1569
148|868|554|1570
148|869|554|1571
148|870|554|1572
149|870|554|1573
149|870|555|1574
150|870|555|1575
150|871|555|1576
151|871|555|1577
151|872|555|1578
151|873|555|1579
151|873|556|1580
152|873|556|1581
152|873|557|1582
153|873|557|1583
153|874|557|1584
153|875|557|1585
153|875|558|1586
153|876|558|1587
153|877|558|1588
153|878|558|1589
153|879|558|1590
154|879|558|1591
154|880|558|1592
154|881|558|1593
154|882|558|1594
154|882|559|1595
154|883|559|1596
154|883|560|1597
154|884|560|1598
154|884|561|1599
154|884|562|1600
154|884|563|1601
154|885|563|1602
155|885|563|1603
155|886|563|1604
155|886|564|1605
155|887|564|1606
155|887|565|1607
155|888|565|1608
155|888|566|1609
155|888|567|1610
156|888|567|1611
156|889|567|1612
156|889|568|1613
156|890|568|1614
156|891|568|1615
156|891|569|1616
156|891|570|1617
156|891|571|1618
156|891|572|1619
157|891|572|1620
157|892|572|1621
157|892|573|1622
157|892|574|1623
157|893|574|1624
157|893|575|1625
157|894|575|1626
157|894|576|1627
157|895|576|1628
157|895|577|1629
157|896|577|1630
157|897|577|1631
157|897|578|1632
157|898|578|1633
157|898|579|1634
157|899|579|1635
157|899|580|1636
157|900|580|1637
157|900|581|1638
157|901|581|1639
157|901|582|1640
157|902|582|1641
157|902|583|1642
157|903|583|1643
157|903|584|1644
157|904|584|1645
157|904|585|1646
157|905|585|1647
157|905|586|1648
157|906|586|1649
157|906|587|1650
157|907|587|1651
157|907|588|1652
157|908|588|1653
157|908|589|1654
157|909|589|1655
157|909|590|1656
157|910|590|1657
157|910|591|1658
157|911|591|1659
157|911|592|1660
157|912|592|1661
157|912|593|1662
157|913|593|1663
157|913|594|1664
157|914|594|1665
157|914|595|1666
157|914|596|1667
157|915|596|1668
157|916|596|1669
157|917|596|1670
157|917|597|1671
158|917|597|1672
158|918|597|1673
158|919|597|1674
158|920|597|1675
158|921|597|1676
158|921|598|1677
158|922|598|1678
158|923|598|1679
158|924|598|1680
158|924|599|1681
158|924|600|1682
158|925|600|1683
158|926|600|1684
158|926|601|1685
158|927|601|1686
158|928|601|1687
158|928|602|1688
158|928|603|1689
158|928|604|1690
158|929|604|1691
158|930|604|1692
158|930|605|1693
158|931|605|1694
158|932|605|1695
158|932|606|1696
158|933|606|1697
158|934|606|1698
158|935|606|1699
158|936|606|1700
158|937|606|1701
158|938|606|1702
158|938|607|1703
158|939|607|1704
159|939|607|1705
159|940|607|1706
159|940|608|1707
159|941|608|1708
159|941|609|1709
159|942|609|1710
160|942|609|1711
160|943|609|1712
160|943|610|1713
160|944|610|1714
160|944|611|1715
160|945|611|1716
160|945|612|1717
160|946|612|1718
160|946|613|1719
160|947|613|1720
160|947|614|1721
160|948|614|1722
160|948|615|1723
160|949|615|1724
160|949|616|1725
160|950|616|1726
160|950|617|1727
160|951|617|1728
160|951|618|1729
160|952|618|1730
160|952|619|1731
160|953|619|1732
160|953|620|1733
160|954|620|1734
160|954|621|1735
160|955|621|1736
160|955|622|1737
160|956|622|1738
161|956|622|1739
161|957|622|1740
162|957|622|1741
162|958|622|1742
163|958|622|1743
163|959|622|1744
164|959|622|1745
164|960|622|1746
165|960|622|1747
165|961|622|1748
165|961|623|1749
165|962|623|1750
166|962|623|1751
166|963|623|1752
167|963|623|1753
167|964|623|1754
168|964|623|1755
168|965|623|1756
168|965|624|1757
168|966|624|1758
168|966|625|1759
168|967|625|1760
169|967|625|1761
169|968|625|1762
170|968|625|1763
170|969|625|1764
171|969|625|1765
171|970|625|1766
171|970|626|1767
171|971|626|1768
171|971|627|1769
171|972|627|1770
172|972|627|1771
172|973|627|1772
172|973|628|1773
172|974|628|1774
172|975|628|1775
172|976|628|1776
172|977|628|1777
172|978|628|1778
172|979|628|1779
173|979|628|1780
173|980|628|1781
173|981|628|1782
173|982|628|1783
173|983|628|1784
173|983|629|1785
173|984|629|1786
174|984|629|1787
174|985|629|1788
174|985|630|1789
174|986|630|1790
174|987|630|1791
174|988|630|1792
174|988|631|1793
174|989|631|1794
174|990|631|1795
174|991|631|1796
174|991|632|1797
174|992|632|1798
175|992|632|1799
175|993|632|1800
175|993|633|1801
175|994|633|1802
175|995|633|1803
175|996|633|1804
175|997|633|1805
175|998|633|1806
175|998|634|1807
175|999|634|1808
176|999|634|1809
176|1000|634|1810
176|1000|635|1811
176|1001|635|1812
176|1002|635|1813
176|1002|636|1814
176|1002|637|1815
176|1003|637|1816
177|1003|637|1817
177|1003|638|1818
177|1003|639|1819
177|1004|639|1820
177|1005|639|1821
177|1005|640|1822
177|1005|641|1823
177|1005|642|1824
177|1006|642|1825
178|1006|642|1826
178|1006|643|1827
178|1007|643|1828
178|1008|643|1829
178|1008|644|1830
178|1009|644|1831
179|1009|644|1832
179|1009|645|1833
179|1010|645|1834
179|1010|646|1835
179|1011|646|1836
179|1012|646|1837
179|1012|647|1838
179|1012|648|1839
180|1012|648|1840
180|1012|649|1841
180|1013|649|1842
180|1013|650|1843
180|1014|650|1844
180|1014|651|1845
180|1015|651|1846
181|1015|651|1847
181|1016|651|1848
182|1016|651|1849
182|1017|651|1850
182|1018|651|1851
182|1019|651|1852
183|1019|651|1853
183|1020|651|1854
184|1020|651|1855
184|1021|651|1856
185|1021|651|1857
185|1022|651|1858
186|1022|651|1859
186|1022|652|1860
187|1022|652|1861
187|1023|652|1862
188|1023|652|1863
188|1024|652|1864
188|1025|652|1865
188|1026|652|1866
189|1026|652|1867
189|1026|653|1868
190|1026|653|1869
190|1027|653|1870
191|1027|653|1871
191|1028|653|1872
191|1029|653|1873
191|1029|654|1874
191|1030|654|1875
191|1031|654|1876
191|1032|654|1877
191|1033|654|1878
192|1033|654|1879
192|1034|654|1880
193|1034|654|1881
193|1035|654|1882
193|1035|655|1883
193|1035|656|1884
193|1036|656|1885
193|1036|657|1886
193|1037|657|1887
193|1037|658|1888
194|1037|658|1889
194|1037|659|1890
194|1037|660|1891
194|1037|661|1892
194|1037|662|1893
194|1037|663|1894
194|1037|664|1895
194|1037|665|1896
195|1037|665|1897
195|1037|666|1898
195|1037|667|1899
196|1037|667|1900
196|1038|667|1901
196|1038|668|1902
196|1039|668|1903
196|1039|669|1904
197|1039|669|1905
197|1039|670|1906
197|1040|670|1907
198|1040|670|1908
198|1041|670|1909
198|1041|671|1910
198|1042|671|1911
198|1042|672|1912
198|1043|672|1913
198|1043|673|1914
198|1044|673|1915
199|1044|673|1916
199|1044|674|1917
199|1044|675|1918
199|1045|675|1919
200|1045|675|1920
200|1046|675|1921
200|1047|675|1922
200|1048|675|1923
201|1048|675|1924
201|1049|675|1925
201|1050|675|1926
201|1050|676|1927
202|1050|676|1928
202|1051|676|1929
202|1052|676|1930
202|1052|677|1931
202|1052|678|1932
203|1052|678|1933
203|1053|678|1934
203|1054|678|1935
204|1054|678|1936
204|1055|678|1937
204|1055|679|1938
204|1055|680|1939
204|1055|681|1940
205|1055|681|1941
205|1056|681|1942
205|1057|681|1943
206|1057|681|1944
206|1058|681|1945
206|1058|682|1946
206|1059|682|1947
206|1060|682|1948
206|1061|682|1949
206|1062|682|1950
206|1063|682|1951
206|1064|682|1952
206|1065|682|1953
206|1066|682|1954
206|1067|682|1955
206|1068|682|1956
207|1068|682|1957
207|1069|682|1958
207|1070|682|1959
207|1071|682|1960
207|1072|682|1961
207|1073|682|1962
208|1073|682|1963
208|1074|682|1964
208|1075|682|1965
208|1076|682|1966
208|1077|682|1967
208|1078|682|1968
209|1078|682|1969
209|1079|682|1970
210|1079|682|1971
210|1080|682|1972
210|1081|682|1973
210|1082|682|1974
210|1083|682|1975
210|1084|682|1976
211|1084|682|1977
211|1085|682|1978
211|1086|682|1979
211|1087|682|1980
211|1088|682|1981
211|1089|682|1982
211|1090|682|1983
211|1091|682|1984
211|1092|682|1985
211|1093|682|1986
211|1094|682|1987
211|1095|682|1988
211|1096|682|1989
211|1097|682|1990
211|1097|683|1991
211|1098|683|1992
211|1098|684|1993
211|1099|684|1994
211|1099|685|1995
211|1100|685|1996
211|1100|686|1997
211|1101|686|1998
211|1101|687|1999
211|1102|687|2000
