total
0|1|0|1
0|1|1|2
0|2|1|3
0|3|1|4
0|4|1|5
1|4|1|6
1|5|1|7
2|5|1|8
2|6|1|9
2|7|1|10
2|7|2|11
2|8|2|12
2|8|3|13
2|9|3|14
2|9|4|15
2|10|4|16
2|10|5|17
2|11|5|18
2|11|6|19
2|12|6|20
2|12|7|21
2|12|8|22
2|12|9|23
2|13|9|24
2|13|10|25
2|14|10|26
2|14|11|27
2|14|12|28
2|14|13|29
2|15|13|30
2|15|14|31
2|16|14|32
2|16|15|33
2|17|15|34
2|17|16|35
2|17|17|36
2|17|18|37
2|18|18|38
2|18|19|39
2|18|20|40
2|18|21|41
2|19|21|42
2|19|22|43
2|20|22|44
2|20|23|45
2|21|23|46
2|22|23|47
2|23|23|48
2|24|23|49
2|25|23|50
2|26|23|51
2|27|23|52
2|28|23|53
2|29|23|54
2|30|23|55
2|31|23|56
2|32|23|57
2|33|23|58
2|34|23|59
2|35|23|60
2|36|23|61
2|37|23|62
2|38|23|63
2|39|23|64
2|40|23|65
2|41|23|66
2|42|23|67
2|43|23|68
2|44|23|69
2|45|23|70
2|46|23|71
2|47|23|72
2|48|23|73
2|49|23|74
2|50|23|75
2|51|23|76
2|52|23|77
2|53|23|78
2|54|23|79
2|55|23|80
2|56|23|81
2|57|23|82
2|58|23|83
2|58|24|84
2|59|24|85
2|59|25|86
2|60|25|87
2|60|26|88
2|61|26|89
2|61|27|90
2|62|27|91
2|62|28|92
2|63|28|93
2|63|29|94
2|64|29|95
2|64|30|96
2|65|30|97
2|65|31|98
2|66|31|99
2|66|32|100
2|67|32|101
2|67|33|102
2|68|33|103
2|68|34|104
2|69|34|105
2|69|35|106
2|70|35|107
2|70|36|108
2|71|36|109
2|71|37|110
2|72|37|111
2|72|38|112
2|73|38|113
2|73|39|114
2|74|39|115
2|74|40|116
2|75|40|117
2|75|41|118
2|75|42|119
2|76|42|120
2|76|43|121
2|77|43|122
2|77|44|123
2|78|44|124
2|78|45|125
2|79|45|126
2|79|46|127
2|80|46|128
2|80|47|129
2|81|47|130
2|81|48|131
2|82|48|132
2|82|49|133
2|83|49|134
2|83|50|135
2|84|50|136
2|84|51|137
2|85|51|138
2|85|52|139
2|86|52|140
2|86|53|141
2|87|53|142
2|87|54|143
2|88|54|144
2|88|55|145
2|89|55|146
2|89|56|147
2|90|56|148
2|90|57|149
2|91|57|150
2|91|58|151
2|92|58|152
2|92|59|153
2|93|59|154
2|93|60|155
2|94|60|156
2|94|61|157
2|95|61|158
2|95|62|159
2|96|62|160
2|96|63|161
2|97|63|162
2|97|64|163
2|98|64|164
2|98|65|165
2|98|66|166
2|98|67|167
2|99|67|168
2|99|68|169
2|100|68|170
2|100|69|171
2|101|69|172
2|101|70|173
2|101|71|174
2|101|72|175
2|102|72|176
2|102|73|177
2|103|73|178
2|103|74|179
2|103|75|180
2|103|76|181
2|104|76|182
2|104|77|183
2|105|77|184
2|105|78|185
2|106|78|186
2|106|79|187
2|107|79|188
2|107|80|189
2|107|81|190
2|108|81|191
2|109|81|192
2|110|81|193
2|111|81|194
2|111|82|195
2|112|82|196
2|113|82|197
2|114|82|198
2|115|82|199
2|116|82|200
2|117|82|201
2|118|82|202
2|119|82|203
2|120|82|204
2|120|83|205
2|121|83|206
2|122|83|207
2|123|83|208
2|124|83|209
2|125|83|210
2|125|84|211
2|126|84|212
2|126|85|213
2|127|85|214
2|128|85|215
2|129|85|216
2|129|86|217
2|130|86|218
2|131|86|219
2|132|86|220
2|133|86|221
3|133|86|222
3|134|86|223
4|134|86|224
4|134|87|225
4|135|87|226
4|136|87|227
4|136|88|228
4|137|88|229
4|137|89|230
5|137|89|231
5|137|90|232
6|137|90|233
6|137|91|234
6|138|91|235
6|139|91|236
6|140|91|237
6|140|92|238
6|141|92|239
6|141|93|240
6|141|94|241
6|141|95|242
6|142|95|243
6|143|95|244
6|144|95|245
6|144|96|246
6|144|97|247
6|145|97|248
6|145|98|249
6|145|99|250
7|145|99|251
7|145|100|252
7|145|101|253
7|146|101|254
8|146|101|255
8|146|102|256
8|147|102|257
8|147|103|258
8|148|103|259
8|148|104|260
8|148|105|261
8|148|106|262
8|148|107|263
8|149|107|264
8|149|108|265
8|150|108|266
8|150|109|267
8|151|109|268
8|151|110|269
8|152|110|270
8|152|111|271
8|153|111|272
8|153|112|273
8|154|112|274
8|154|113|275
8|155|113|276
8|155|114|277
8|156|114|278
8|156|115|279
8|157|115|280
8|157|116|281
8|158|116|282
8|158|117|283
8|159|117|284
8|159|118|285
8|160|118|286
8|160|119|287
8|161|119|288
8|161|120|289
8|162|120|290
8|162|121|291
8|163|121|292
8|163|122|293
8|164|122|294
8|164|123|295
8|165|123|296
8|165|124|297
8|166|124|298
9|166|124|299
9|167|124|300
9|168|124|301
9|169|124|302
9|169|125|303
9|170|125|304
10|170|125|305
10|171|125|306
10|172|125|307
10|173|125|308
10|174|125|309
10|174|126|310
10|175|126|311
10|176|126|312
10|176|127|313
10|177|127|314
10|178|127|315
10|179|127|316
10|180|127|317
10|180|128|318
10|180|129|319
10|181|129|320
10|181|130|321
10|182|130|322
10|183|130|323
10|184|130|324
10|184|131|325
10|184|132|326
10|184|133|327
10|185|133|328
10|186|133|329
10|187|133|330
10|188|133|331
10|189|133|332
10|190|133|333
10|190|134|334
10|191|134|335
10|192|134|336
10|193|134|337
10|193|135|338
10|194|135|339
11|194|135|340
11|195|135|341
11|196|135|342
11|197|135|343
11|197|136|344
11|198|136|345
11|199|136|346
11|200|136|347
11|201|136|348
11|202|136|349
11|203|136|350
11|204|136|351
11|204|137|352
11|205|137|353
11|206|137|354
11|207|137|355
12|207|137|356
12|208|137|357
12|208|138|358
12|209|138|359
12|210|138|360
12|211|138|361
12|212|138|362
12|213|138|363
12|213|139|364
12|214|139|365
12|214|140|366
12|215|140|367
12|215|141|368
12|216|141|369
12|217|141|370
12|218|141|371
12|219|141|372
12|220|141|373
12|221|141|374
12|222|141|375
12|222|142|376
12|223|142|377
12|224|142|378
12|225|142|379
12|226|142|380
12|227|142|381
12|228|142|382
12|229|142|383
12|230|142|384
12|231|142|385
12|231|143|386
12|232|143|387
12|233|143|388
12|234|143|389
12|235|143|390
12|236|143|391
12|237|143|392
12|238|143|393
12|239|143|394
12|240|143|395
12|241|143|396
12|242|143|397
12|243|143|398
12|244|143|399
12|245|143|400
12|246|143|401
12|247|143|402
12|248|143|403
12|249|143|404
12|250|143|405
12|251|143|406
12|252|143|407
12|253|143|408
12|254|143|409
12|255|143|410
12|256|143|411
12|257|143|412
12|257|144|413
12|258|144|414
12|259|144|415
12|260|144|416
12|261|144|417
12|262|144|418
12|263|144|419
12|264|144|420
12|264|145|421
12|264|146|422
12|265|146|423
12|266|146|424
13|266|146|425
13|267|146|426
13|267|147|427
13|268|147|428
13|268|148|429
13|268|149|430
13|269|149|431
13|270|149|432
13|271|149|433
13|272|149|434
13|272|150|435
13|273|150|436
13|274|150|437
13|275|150|438
13|276|150|439
13|277|150|440
13|278|150|441
13|278|151|442
13|279|151|443
13|279|152|444
13|279|153|445
13|279|154|446
13|280|154|447
13|280|155|448
13|280|156|449
13|281|156|450
13|282|156|451
13|282|157|452
13|282|158|453
13|282|159|454
13|282|160|455
13|283|160|456
13|284|160|457
13|285|160|458
13|286|160|459
13|286|161|460
14|286|161|461
14|287|161|462
14|287|162|463
14|288|162|464
14|289|162|465
14|289|163|466
14|290|163|467
14|290|164|468
14|290|165|469
14|291|165|470
14|292|165|471
14|292|166|472
14|293|166|473
14|294|166|474
14|295|166|475
14|295|167|476
14|296|167|477
14|297|167|478
14|298|167|479
15|298|167|480
15|299|167|481
15|300|167|482
15|301|167|483
16|301|167|484
16|302|167|485
16|303|167|486
16|304|167|487
16|305|167|488
16|306|167|489
17|306|167|490
17|306|168|491
17|307|168|492
17|308|168|493
17|309|168|494
17|310|168|495
17|311|168|496
17|312|168|497
17|313|168|498
17|313|169|499
17|314|169|500
17|315|169|501
18|315|169|502
18|316|169|503
19|316|169|504
19|316|170|505
19|317|170|506
19|318|170|507
20|318|170|508
20|319|170|509
20|320|170|510
20|321|170|511
21|321|170|512
21|321|171|513
22|321|171|514
22|321|172|515
22|321|173|516
22|321|174|517
22|322|174|518
22|322|175|519
22|323|175|520
22|323|176|521
22|324|176|522
22|324|177|523
22|325|177|524
22|325|178|525
22|326|178|526
22|326|179|527
22|327|179|528
22|327|180|529
22|328|180|530
22|328|181|531
22|329|181|532
22|329|182|533
22|330|182|534
22|330|183|535
22|331|183|536
22|331|184|537
22|332|184|538
22|332|185|539
22|332|186|540
22|332|187|541
22|333|187|542
22|333|188|543
22|333|189|544
23|333|189|545
23|334|189|546
24|334|189|547
24|334|190|548
25|334|190|549
25|335|190|550
25|336|190|551
25|337|190|552
25|338|190|553
26|338|190|554
26|339|190|555
26|340|190|556
26|341|190|557
26|342|190|558
26|342|191|559
26|343|191|560
26|344|191|561
27|344|191|562
27|344|192|563
27|345|192|564
27|346|192|565
27|347|192|566
27|347|193|567
27|348|193|568
27|348|194|569
27|349|194|570
27|349|195|571
27|350|195|572
27|351|195|573
28|351|195|574
28|352|195|575
28|353|195|576
28|353|196|577
28|354|196|578
28|354|197|579
28|355|197|580
29|355|197|581
29|356|197|582
29|357|197|583
29|358|197|584
29|359|197|585
29|360|197|586
29|361|197|587
29|362|197|588
29|363|197|589
29|364|197|590
29|365|197|591
29|366|197|592
29|367|197|593
29|368|197|594
29|369|197|595
29|370|197|596
29|371|197|597
29|372|197|598
29|373|197|599
29|374|197|600
29|375|197|601
29|376|197|602
29|377|197|603
29|378|197|604
29|379|197|605
29|380|197|606
29|381|197|607
29|382|197|608
29|383|197|609
29|384|197|610
29|385|197|611
29|386|197|612
29|387|197|613
29|388|197|614
29|389|197|615
29|390|197|616
29|391|197|617
29|392|197|618
29|393|197|619
29|394|197|620
29|395|197|621
29|396|197|622
29|397|197|623
29|397|198|624
29|398|198|625
29|398|199|626
29|399|199|627
29|399|200|628
29|400|200|629
29|401|200|630
29|402|200|631
29|402|201|632
29|403|201|633
29|403|202|634
29|404|202|635
29|404|203|636
29|405|203|637
29|405|204|638
29|406|204|639
29|406|205|640
29|407|205|641
29|407|206|642
29|408|206|643
29|408|207|644
29|409|207|645
29|409|208|646
29|410|208|647
29|410|209|648
29|411|209|649
29|411|210|650
29|412|210|651
29|412|211|652
29|413|211|653
29|413|212|654
29|414|212|655
29|414|213|656
29|415|213|657
29|415|214|658
29|416|214|659
30|416|214|660
30|417|214|661
30|418|214|662
30|419|214|663
31|419|214|664
31|420|214|665
32|420|214|666
32|421|214|667
32|422|214|668
32|423|214|669
32|424|214|670
32|425|214|671
32|426|214|672
32|427|214|673
32|428|214|674
32|429|214|675
32|430|214|676
32|431|214|677
32|432|214|678
32|433|214|679
32|434|214|680
32|435|214|681
33|435|214|682
33|436|214|683
34|436|214|684
34|437|214|685
34|438|214|686
34|439|214|687
35|439|214|688
35|440|214|689
35|441|214|690
35|442|214|691
36|442|214|692
36|443|214|693
36|444|214|694
36|444|215|695
36|445|215|696
36|445|216|697
36|446|216|698
36|446|217|699
36|447|217|700
36|447|218|701
36|448|218|702
36|448|219|703
36|449|219|704
36|449|220|705
36|450|220|706
36|450|221|707
36|451|221|708
36|451|222|709
36|452|222|710
36|452|223|711
36|453|223|712
36|453|224|713
36|454|224|714
36|454|225|715
36|455|225|716
36|455|226|717
36|456|226|718
36|456|227|719
36|457|227|720
36|457|228|721
36|458|228|722
36|458|229|723
36|459|229|724
36|459|230|725
36|460|230|726
36|460|231|727
36|461|231|728
36|461|232|729
36|462|232|730
36|463|232|731
36|464|232|732
36|465|232|733
36|466|232|734
36|467|232|735
36|468|232|736
36|469|232|737
36|470|232|738
36|471|232|739
36|472|232|740
36|473|232|741
36|474|232|742
36|475|232|743
36|476|232|744
36|477|232|745
36|478|232|746
36|479|232|747
36|480|232|748
36|481|232|749
36|482|232|750
36|483|232|751
36|484|232|752
36|485|232|753
36|486|232|754
36|487|232|755
36|488|232|756
36|489|232|757
36|490|232|758
36|491|232|759
36|492|232|760
36|493|232|761
36|494|232|762
36|495|232|763
36|496|232|764
36|497|232|765
36|498|232|766
36|499|232|767
36|499|233|768
36|500|233|769
36|500|234|770
36|501|234|771
36|501|235|772
36|502|235|773
36|502|236|774
36|503|236|775
36|503|237|776
36|504|237|777
36|504|238|778
36|505|238|779
36|505|239|780
36|506|239|781
36|506|240|782
36|507|240|783
36|507|241|784
36|508|241|785
36|508|242|786
36|509|242|787
36|509|243|788
36|510|243|789
36|510|244|790
36|511|244|791
36|511|245|792
36|512|245|793
36|512|246|794
36|513|246|795
36|513|247|796
36|514|247|797
36|514|248|798
36|515|248|799
36|515|249|800
36|516|249|801
36|516|250|802
36|516|251|803
36|517|251|804
36|517|252|805
36|518|252|806
36|518|253|807
36|519|253|808
36|519|254|809
36|520|254|810
36|520|255|811
36|521|255|812
36|521|256|813
36|522|256|814
36|522|257|815
36|523|257|816
36|523|258|817
36|524|258|818
36|524|259|819
36|525|259|820
36|525|260|821
36|526|260|822
36|526|261|823
36|527|261|824
36|527|262|825
36|528|262|826
36|528|263|827
36|529|263|828
36|529|264|829
36|530|264|830
36|530|265|831
36|531|265|832
36|531|266|833
36|532|266|834
36|532|267|835
36|533|267|836
36|533|268|837
36|534|268|838
36|534|269|839
36|535|269|840
36|535|270|841
36|536|270|842
36|536|271|843
36|537|271|844
36|537|272|845
36|538|272|846
36|538|273|847
36|539|273|848
36|539|274|849
36|540|274|850
36|540|275|851
36|541|275|852
36|541|276|853
36|542|276|854
36|542|277|855
36|543|277|856
36|543|278|857
36|544|278|858
36|544|279|859
36|545|279|860
36|545|280|861
36|546|280|862
36|546|281|863
36|547|281|864
36|547|282|865
36|548|282|866
36|548|283|867
36|549|283|868
36|549|284|869
36|550|284|870
36|550|285|871
36|551|285|872
36|551|286|873
36|552|286|874
36|553|286|875
37|553|286|876
37|554|286|877
38|554|286|878
38|555|286|879
39|555|286|880
39|556|286|881
40|556|286|882
40|557|286|883
40|558|286|884
40|559|286|885
40|560|286|886
40|561|286|887
41|561|286|888
41|561|287|889
41|562|287|890
41|563|287|891
41|564|287|892
41|565|287|893
41|566|287|894
41|566|288|895
41|567|288|896
41|567|289|897
41|568|289|898
41|569|289|899
42|569|289|900
42|569|290|901
42|570|290|902
42|571|290|903
43|571|290|904
43|572|290|905
43|573|290|906
43|574|290|907
44|574|290|908
44|574|291|909
44|575|291|910
44|576|291|911
44|576|292|912
44|577|292|913
44|577|293|914
44|577|294|915
44|577|295|916
44|578|295|917
44|578|296|918
44|579|296|919
44|580|296|920
44|581|296|921
44|581|297|922
44|582|297|923
44|582|298|924
44|582|299|925
44|582|300|926
44|583|300|927
44|584|300|928
44|585|300|929
44|585|301|930
44|585|302|931
44|586|302|932
44|586|303|933
44|586|304|934
44|587|304|935
44|587|305|936
44|587|306|937
44|588|306|938
44|589|306|939
44|589|307|940
44|590|307|941
44|590|308|942
44|591|309|944
44|592|309|945
44|592|310|946
44|593|310|947
44|593|311|948
44|594|311|949
44|594|312|950
44|595|312|951
44|595|313|952
44|596|313|953
44|596|314|954
44|597|314|955
44|597|315|956
44|598|315|957
44|598|316|958
44|599|316|959
44|599|317|960
44|600|317|961
44|600|318|962
44|601|318|963
44|601|319|964
44|602|319|965
44|602|320|966
44|603|320|967
44|603|321|968
44|604|321|969
44|604|322|970
44|605|322|971
44|605|323|972
44|606|323|973
44|606|324|974
44|607|324|975
44|607|325|976
44|608|325|977
44|608|326|978
44|609|326|979
44|609|327|980
44|610|327|981
44|610|328|982
44|610|329|983
44|611|329|984
44|612|329|985
44|613|329|986
44|613|330|987
44|613|331|988
44|614|331|989
44|615|331|990
44|616|331|991
44|617|331|992
44|617|332|993
44|618|332|994
44|619|332|995
44|620|332|996
44|620|333|997
44|620|334|998
44|621|334|999
44|622|334|1000
44|622|335|1001
44|623|335|1002
44|624|335|1003
44|624|336|1004
44|625|336|1005
44|625|337|1006
44|626|337|1007
44|627|337|1008
44|627|338|1009
44|628|338|1010
44|629|338|1011
44|629|339|1012
44|630|339|1013
45|630|339|1014
45|631|339|1015
45|632|339|1016
45|633|339|1017
45|633|340|1018
45|634|340|1019
45|635|340|1020
45|636|340|1021
45|637|340|1022
45|638|340|1023
45|639|340|1024
45|640|340|1025
45|641|340|1026
45|642|340|1027
45|643|340|1028
45|644|340|1029
45|645|340|1030
45|646|340|1031
45|647|340|1032
45|648|340|1033
45|649|340|1034
45|650|340|1035
45|651|340|1036
45|652|340|1037
45|653|340|1038
45|654|340|1039
45|655|340|1040
45|656|340|1041
45|657|340|1042
45|658|340|1043
45|659|340|1044
45|660|340|1045
45|661|340|1046
45|662|340|1047
45|663|340|1048
45|664|340|1049
45|665|340|1050
45|666|340|1051
45|667|340|1052
45|668|340|1053
45|669|340|1054
45|670|340|1055
45|671|340|1056
45|672|340|1057
45|673|340|1058
45|674|340|1059
45|675|340|1060
45|676|340|1061
45|677|340|1062
45|678|340|1063
45|679|340|1064
45|680|340|1065
45|681|340|1066
45|682|340|1067
45|683|340|1068
45|684|340|1069
45|685|340|1070
45|686|340|1071
45|687|340|1072
45|688|340|1073
45|689|340|1074
45|690|340|1075
45|691|340|1076
45|692|340|1077
45|693|340|1078
45|694|340|1079
45|695|340|1080
45|696|340|1081
45|697|340|1082
45|698|340|1083
45|699|340|1084
45|700|340|1085
45|701|340|1086
45|702|340|1087
45|703|340|1088
45|704|340|1089
45|705|340|1090
45|706|340|1091
45|707|340|1092
45|708|340|1093
45|709|340|1094
45|710|340|1095
45|710|341|1096
45|711|341|1097
45|712|341|1098
45|713|341|1099
45|714|341|1100
45|715|341|1101
45|716|341|1102
45|717|341|1103
45|718|341|1104
45|719|341|1105
45|719|342|1106
45|720|342|1107
45|721|342|1108
45|722|342|1109
45|723|342|1110
45|724|342|1111
45|724|343|1112
45|725|343|1113
45|725|344|1114
45|726|344|1115
45|727|344|1116
45|728|344|1117
45|729|344|1118
45|730|344|1119
45|730|345|1120
45|731|345|1121
45|732|345|1122
45|733|345|1123
45|734|345|1124
45|735|345|1125
45|736|345|1126
45|736|346|1127
45|737|346|1128
45|737|347|1129
45|737|348|1130
45|737|349|1131
45|738|349|1132
45|739|349|1133
45|739|350|1134
45|739|351|1135
45|740|351|1136
45|740|352|1137
45|740|353|1138
45|741|353|1139
45|741|354|1140
45|742|354|1141
45|743|354|1142
45|743|355|1143
45|744|355|1144
45|745|355|1145
45|745|356|1146
45|746|356|1147
45|746|357|1148
45|746|358|1149
45|747|358|1150
45|747|359|1151
45|748|359|1152
45|749|359|1153
45|749|360|1154
45|749|361|1155
45|750|361|1156
45|751|361|1157
45|752|361|1158
45|752|362|1159
45|753|362|1160
45|753|363|1161
45|753|364|1162
46|753|364|1163
46|754|364|1164
46|755|364|1165
46|756|364|1166
47|756|364|1167
47|757|364|1168
47|758|364|1169
47|759|364|1170
47|760|364|1171
47|761|364|1172
48|761|364|1173
48|762|364|1174
48|763|364|1175
48|763|365|1176
48|764|365|1177
48|765|365|1178
48|766|365|1179
48|767|365|1180
48|768|365|1181
48|769|365|1182
48|770|365|1183
48|770|366|1184
49|770|366|1185
49|771|366|1186
50|771|366|1187
50|772|366|1188
50|773|366|1189
50|773|367|1190
51|773|367|1191
51|774|367|1192
51|775|367|1193
51|776|367|1194
52|776|367|1195
52|777|367|1196
52|778|367|1197
52|778|368|1198
52|778|369|1199
52|778|370|1200
52|779|370|1201
52|779|371|1202
52|780|371|1203
52|780|372|1204
52|781|372|1205
52|781|373|1206
52|782|373|1207
52|782|374|1208
52|783|374|1209
52|783|375|1210
52|784|375|1211
52|784|376|1212
52|785|376|1213
52|785|377|1214
52|786|377|1215
52|786|378|1216
52|787|378|1217
52|787|379|1218
52|788|379|1219
52|788|380|1220
52|789|380|1221
52|789|381|1222
52|789|382|1223
53|789|382|1224
53|790|382|1225
53|790|383|1226
53|790|384|1227
53|790|385|1228
53|791|385|1229
53|791|386|1230
53|792|386|1231
54|792|386|1232
54|792|387|1233
54|792|388|1234
54|793|388|1235
54|794|388|1236
55|794|388|1237
55|795|388|1238
55|796|388|1239
55|796|389|1240
55|797|389|1241
55|798|389|1242
55|799|389|1243
55|800|389|1244
56|800|389|1245
56|801|389|1246
56|802|389|1247
56|802|390|1248
56|803|390|1249
56|804|390|1250
56|805|390|1251
56|805|391|1252
56|806|391|1253
56|806|392|1254
56|807|392|1255
56|807|393|1256
57|807|393|1257
57|807|394|1258
57|808|394|1259
57|808|395|1260
57|809|395|1261
57|809|396|1262
57|810|396|1263
57|811|396|1264
57|812|396|1265
57|813|396|1266
57|814|396|1267
57|815|396|1268
57|816|396|1269
57|816|397|1270
57|817|397|1271
57|818|397|1272
57|819|397|1273
57|820|397|1274
57|821|397|1275
57|822|397|1276
57|823|397|1277
57|824|397|1278
57|825|397|1279
57|826|397|1280
57|827|397|1281
57|828|397|1282
57|829|397|1283
57|830|397|1284
57|831|397|1285
57|832|397|1286
57|833|397|1287
57|834|397|1288
57|835|397|1289
57|836|397|1290
57|837|397|1291
57|838|397|1292
57|839|397|1293
57|840|397|1294
57|841|397|1295
57|842|397|1296
57|843|397|1297
57|844|397|1298
57|845|397|1299
57|846|397|1300
57|847|397|1301
57|848|397|1302
57|849|397|1303
57|850|397|1304
57|851|397|1305
57|852|397|1306
57|852|398|1307
57|853|398|1308
57|853|399|1309
57|854|399|1310
57|854|400|1311
57|855|400|1312
57|855|401|1313
57|856|401|1314
57|856|402|1315
57|857|402|1316
57|857|403|1317
57|858|403|1318
57|858|404|1319
57|859|404|1320
57|859|405|1321
57|860|405|1322
57|860|406|1323
57|861|406|1324
57|861|407|1325
57|862|407|1326
57|862|408|1327
57|863|408|1328
57|863|409|1329
57|864|409|1330
57|864|410|1331
57|865|410|1332
57|865|411|1333
57|866|411|1334
57|867|411|1335
57|868|411|1336
57|868|412|1337
57|869|412|1338
57|869|413|1339
57|870|413|1340
57|870|414|1341
57|871|414|1342
58|871|414|1343
58|872|414|1344
59|872|414|1345
59|873|414|1346
60|873|414|1347
60|874|414|1348
60|875|414|1349
60|876|414|1350
60|877|414|1351
60|878|414|1352
60|879|414|1353
60|880|414|1354
60|881|414|1355
60|882|414|1356
60|883|414|1357
60|884|414|1358
60|885|414|1359
60|886|414|1360
60|887|414|1361
60|888|414|1362
60|889|414|1363
60|890|414|1364
60|891|414|1365
60|892|414|1366
61|892|414|1367
61|893|414|1368
61|894|414|1369
61|895|414|1370
62|895|414|1371
62|896|414|1372
62|897|414|1373
62|898|414|1374
63|898|414|1375
63|899|414|1376
63|900|414|1377
63|901|414|1378
63|902|414|1379
63|902|415|1380
63|903|415|1381
63|903|416|1382
63|904|416|1383
63|904|417|1384
63|905|417|1385
63|905|418|1386
63|906|418|1387
63|906|419|1388
63|907|419|1389
63|907|420|1390
63|908|420|1391
63|908|421|1392
63|909|421|1393
63|909|422|1394
63|910|422|1395
63|910|423|1396
63|911|423|1397
63|911|424|1398
63|912|424|1399
63|912|425|1400
63|913|425|1401
63|913|426|1402
63|914|426|1403
63|914|427|1404
63|915|427|1405
63|915|428|1406
63|916|428|1407
63|916|429|1408
63|917|429|1409
63|917|430|1410
63|918|430|1411
63|918|431|1412
63|919|431|1413
63|919|432|1414
63|920|432|1415
63|921|432|1416
63|922|432|1417
63|923|432|1418
63|924|432|1419
63|925|432|1420
63|926|432|1421
63|927|432|1422
63|928|432|1423
63|929|432|1424
63|930|432|1425
63|931|432|1426
63|932|432|1427
63|933|432|1428
63|934|432|1429
63|935|432|1430
63|936|432|1431
63|937|432|1432
63|938|432|1433
63|939|432|1434
63|940|432|1435
63|941|432|1436
63|942|432|1437
63|943|432|1438
63|944|432|1439
63|945|432|1440
63|946|432|1441
63|947|432|1442
63|948|432|1443
63|949|432|1444
64|949|432|1445
64|950|432|1446
64|951|432|1447
64|952|432|1448
64|953|432|1449
64|954|432|1450
64|954|433|1451
64|955|433|1452
64|955|434|1453
64|956|434|1454
64|956|435|1455
64|957|435|1456
64|957|436|1457
64|958|436|1458
64|958|437|1459
64|959|437|1460
64|959|438|1461
64|960|438|1462
64|960|439|1463
64|961|439|1464
64|961|440|1465
64|962|440|1466
64|962|441|1467
64|963|441|1468
64|963|442|1469
64|964|442|1470
64|964|443|1471
64|965|443|1472
64|965|444|1473
64|966|444|1474
64|966|445|1475
64|967|445|1476
64|967|446|1477
64|968|446|1478
64|968|447|1479
64|969|447|1480
64|969|448|1481
64|970|448|1482
64|970|449|1483
64|971|449|1484
64|971|450|1485
64|972|450|1486
64|973|450|1487
64|973|451|1488
64|974|451|1489
64|974|452|1490
64|975|452|1491
64|975|453|1492
64|976|453|1493
64|976|454|1494
64|977|454|1495
64|977|455|1496
64|978|455|1497
64|978|456|1498
64|979|456|1499
64|979|457|1500
64|980|457|1501
64|980|458|1502
64|981|458|1503
64|981|459|1504
64|982|459|1505
64|982|460|1506
64|983|460|1507
64|983|461|1508
64|984|461|1509
64|984|462|1510
64|985|462|1511
64|985|463|1512
64|986|463|1513
64|986|464|1514
64|987|464|1515
64|987|465|1516
64|988|465|1517
64|988|466|1518
64|989|466|1519
64|989|467|1520
64|990|467|1521
64|990|468|1522
64|991|468|1523
64|991|469|1524
64|992|469|1525
64|992|470|1526
64|993|470|1527
64|993|471|1528
64|994|471|1529
64|994|472|1530
64|995|472|1531
64|995|473|1532
64|996|473|1533
64|996|474|1534
64|997|474|1535
64|997|475|1536
64|998|475|1537
64|998|476|1538
64|999|476|1539
64|999|477|1540
64|1000|477|1541
64|1000|478|1542
64|1001|478|1543
64|1001|479|1544
64|1002|479|1545
64|1002|480|1546
64|1003|480|1547
64|1003|481|1548
64|1004|481|1549
64|1004|482|1550
64|1005|482|1551
64|1005|483|1552
64|1006|483|1553
64|1006|484|1554
64|1007|484|1555
64|1007|485|1556
64|1008|485|1557
64|1008|486|1558
65|1008|486|1559
65|1009|486|1560
65|1010|486|1561
65|1011|486|1562
66|1011|486|1563
66|1012|486|1564
66|1013|486|1565
66|1013|487|1566
66|1014|487|1567
66|1015|487|1568
66|1016|487|1569
66|1017|487|1570
67|1017|487|1571
67|1018|487|1572
67|1019|487|1573
67|1019|488|1574
67|1020|488|1575
67|1021|488|1576
67|1022|488|1577
67|1023|488|1578
67|1024|488|1579
67|1024|489|1580
67|1025|489|1581
67|1025|490|1582
68|1025|490|1583
68|1026|490|1584
68|1027|490|1585
68|1027|491|1586
68|1028|491|1587
68|1029|491|1588
68|1030|491|1589
68|1031|491|1590
69|1031|491|1591
69|1032|491|1592
69|1033|491|1593
69|1034|491|1594
69|1034|492|1595
69|1035|492|1596
69|1035|493|1597
69|1036|493|1598
69|1036|494|1599
70|1036|494|1600
70|1036|495|1601
70|1037|495|1602
70|1038|495|1603
70|1039|495|1604
70|1039|496|1605
70|1040|496|1606
70|1040|497|1607
70|1041|497|1608
70|1041|498|1609
70|1041|499|1610
70|1042|499|1611
70|1043|499|1612
70|1043|500|1613
70|1044|500|1614
70|1045|500|1615
71|1045|500|1616
71|1045|501|1617
71|1045|502|1618
71|1045|503|1619
71|1046|503|1620
71|1047|503|1621
71|1047|504|1622
71|1047|505|1623
72|1047|505|1624
72|1047|506|1625
72|1048|506|1626
72|1048|507|1627
72|1049|507|1628
72|1049|508|1629
72|1050|508|1630
72|1051|508|1631
72|1051|509|1632
72|1052|509|1633
72|1052|510|1634
72|1053|510|1635
72|1053|511|1636
72|1054|511|1637
72|1054|512|1638
72|1055|512|1639
72|1055|513|1640
72|1056|513|1641
72|1056|514|1642
72|1057|514|1643
72|1057|515|1644
72|1058|515|1645
72|1058|516|1646
72|1059|516|1647
72|1059|517|1648
72|1060|517|1649
72|1060|518|1650
72|1061|518|1651
72|1061|519|1652
72|1062|519|1653
72|1062|520|1654
72|1063|520|1655
72|1063|521|1656
72|1064|521|1657
72|1064|522|1658
72|1065|522|1659
72|1065|523|1660
72|1066|523|1661
72|1066|524|1662
72|1067|524|1663
72|1067|525|1664
72|1068|525|1665
72|1068|526|1666
72|1068|527|1667
72|1069|527|1668
72|1070|527|1669
72|1071|527|1670
72|1071|528|1671
72|1071|529|1672
72|1072|529|1673
72|1072|530|1674
72|1073|530|1675
72|1074|530|1676
72|1074|531|1677
72|1075|531|1678
72|1076|531|1679
72|1077|531|1680
72|1077|532|1681
72|1077|533|1682
72|1078|533|1683
72|1079|533|1684
72|1079|534|1685
72|1080|534|1686
72|1081|534|1687
72|1081|535|1688
72|1082|535|1689
72|1082|536|1690
72|1083|536|1691
72|1084|536|1692
72|1084|537|1693
72|1085|537|1694
72|1086|537|1695
72|1086|538|1696
72|1087|538|1697
72|1088|538|1698
72|1089|538|1699
72|1090|538|1700
72|1091|538|1701
72|1092|538|1702
72|1093|538|1703
72|1094|538|1704
72|1095|538|1705
72|1096|538|1706
72|1097|538|1707
72|1098|538|1708
72|1099|538|1709
72|1100|538|1710
72|1101|538|1711
72|1102|538|1712
72|1103|538|1713
72|1104|538|1714
72|1105|538|1715
72|1106|538|1716
72|1107|538|1717
72|1108|538|1718
72|1109|538|1719
72|1110|538|1720
72|1111|538|1721
72|1112|538|1722
72|1113|538|1723
72|1114|538|1724
72|1115|538|1725
72|1116|538|1726
72|1117|538|1727
72|1118|538|1728
72|1119|538|1729
72|1120|538|1730
72|1121|538|1731
72|1122|538|1732
72|1123|538|1733
72|1124|538|1734
72|1125|538|1735
72|1126|538|1736
72|1127|538|1737
72|1128|538|1738
72|1129|538|1739
72|1130|538|1740
72|1131|538|1741
72|1132|538|1742
72|1133|538|1743
72|1134|538|1744
72|1135|538|1745
72|1136|538|1746
72|1137|538|1747
72|1138|538|1748
72|1139|538|1749
72|1140|538|1750
72|1141|538|1751
72|1142|538|1752
72|1143|538|1753
72|1144|538|1754
72|1145|538|1755
72|1146|538|1756
72|1147|538|1757
72|1148|538|1758
73|1148|538|1759
73|1149|538|1760
73|1150|538|1761
73|1151|538|1762
74|1151|538|1763
74|1152|538|1764
74|1153|538|1765
74|1154|538|1766
74|1155|538|1767
74|1156|538|1768
74|1157|538|1769
74|1158|538|1770
74|1159|538|1771
74|1160|538|1772
74|1161|538|1773
74|1162|538|1774
74|1163|538|1775
74|1164|538|1776
74|1165|538|1777
74|1166|538|1778
74|1167|538|1779
74|1167|539|1780
74|1168|539|1781
74|1169|539|1782
74|1170|539|1783
74|1171|539|1784
74|1172|539|1785
74|1173|539|1786
74|1174|539|1787
74|1175|539|1788
74|1176|539|1789
74|1176|540|1790
74|1177|540|1791
74|1178|540|1792
74|1179|540|1793
74|1180|540|1794
74|1181|540|1795
74|1182|540|1796
74|1183|540|1797
74|1183|541|1798
74|1184|541|1799
74|1185|541|1800
74|1186|541|1801
74|1187|541|1802
74|1188|541|1803
74|1188|542|1804
74|1189|542|1805
74|1190|542|1806
74|1191|542|1807
74|1192|542|1808
74|1193|542|1809
74|1194|542|1810
74|1195|542|1811
75|1195|542|1812
75|1196|542|1813
76|1196|542|1814
76|1197|542|1815
76|1198|542|1816
76|1199|542|1817
76|1199|543|1818
76|1199|544|1819
76|1200|544|1820
76|1201|544|1821
76|1201|545|1822
76|1201|546|1823
77|1201|546|1824
77|1202|546|1825
77|1202|547|1826
77|1202|548|1827
77|1203|548|1828
77|1204|548|1829
77|1204|549|1830
77|1204|550|1831
77|1204|551|1832
77|1204|552|1833
77|1204|553|1834
77|1205|553|1835
78|1205|553|1836
78|1206|553|1837
79|1206|553|1838
79|1206|554|1839
80|1206|554|1840
80|1207|554|1841
81|1207|554|1842
81|1207|555|1843
81|1208|555|1844
81|1208|556|1845
81|1209|556|1846
81|1210|556|1847
81|1210|557|1848
81|1211|557|1849
81|1211|558|1850
81|1212|558|1851
81|1212|559|1852
81|1213|559|1853
81|1214|559|1854
81|1215|559|1855
81|1216|559|1856
81|1217|559|1857
81|1218|559|1858
81|1219|559|1859
81|1219|560|1860
82|1219|560|1861
82|1220|560|1862
82|1221|560|1863
82|1222|560|1864
82|1223|560|1865
82|1224|560|1866
82|1225|560|1867
82|1225|561|1868
82|1226|561|1869
82|1226|562|1870
82|1227|562|1871
82|1227|563|1872
82|1228|563|1873
82|1228|564|1874
82|1229|564|1875
82|1230|564|1876
82|1231|564|1877
82|1232|564|1878
83|1232|564|1879
83|1233|564|1880
84|1233|564|1881
84|1234|564|1882
84|1234|565|1883
85|1234|565|1884
85|1235|565|1885
85|1235|566|1886
85|1236|566|1887
85|1236|567|1888
85|1237|567|1889
85|1237|568|1890
85|1238|568|1891
85|1238|569|1892
85|1239|569|1893
85|1239|570|1894
85|1240|570|1895
85|1240|571|1896
85|1241|571|1897
85|1241|572|1898
85|1242|572|1899
85|1242|573|1900
85|1243|573|1901
85|1243|574|1902
85|1244|574|1903
85|1244|575|1904
85|1245|575|1905
85|1245|576|1906
85|1246|576|1907
85|1246|577|1908
85|1247|577|1909
85|1247|578|1910
85|1248|578|1911
85|1248|579|1912
85|1249|579|1913
86|1249|579|1914
86|1250|579|1915
86|1250|580|1916
86|1250|581|1917
86|1250|582|1918
86|1251|582|1919
86|1251|583|1920
86|1252|583|1921
86|1252|584|1922
86|1253|584|1923
86|1253|585|1924
86|1254|585|1925
86|1255|585|1926
86|1256|585|1927
86|1256|586|1928
86|1257|586|1929
86|1258|586|1930
86|1259|586|1931
86|1259|587|1932
86|1260|587|1933
86|1261|587|1934
86|1262|587|1935
86|1262|588|1936
86|1263|588|1937
86|1263|589|1938
86|1264|589|1939
86|1264|590|1940
86|1265|590|1941
86|1266|590|1942
86|1267|590|1943
86|1267|591|1944
86|1268|591|1945
86|1268|592|1946
86|1269|592|1947
86|1269|593|1948
86|1270|593|1949
86|1271|593|1950
86|1272|593|1951
86|1273|593|1952
86|1274|593|1953
86|1275|593|1954
86|1276|593|1955
86|1277|593|1956
86|1278|593|1957
86|1279|593|1958
86|1280|593|1959
86|1281|593|1960
86|1282|593|1961
86|1283|593|1962
86|1284|593|1963
86|1285|593|1964
86|1286|593|1965
86|1287|593|1966
86|1288|593|1967
86|1289|593|1968
86|1290|593|1969
86|1291|593|1970
86|1292|593|1971
86|1293|593|1972
86|1294|593|1973
86|1295|593|1974
86|1296|593|1975
86|1297|593|1976
86|1298|593|1977
86|1299|593|1978
86|1300|593|1979
86|1301|593|1980
86|1302|593|1981
86|1303|593|1982
86|1304|593|1983
86|1305|593|1984
86|1306|593|1985
86|1307|593|1986
86|1308|593|1987
86|1309|593|1988
86|1310|593|1989
86|1311|593|1990
86|1311|594|1991
86|1312|594|1992
86|1312|595|1993
86|1313|595|1994
86|1313|596|1995
86|1314|596|1996
86|1314|597|1997
86|1315|597|1998
86|1315|598|1999
86|1316|598|2000
