total
1|0|0|1
1|1|0|2
1|2|0|3
1|3|0|4
1|4|0|5
1|5|0|6
1|6|0|7
1|7|0|8
1|8|0|9
1|9|0|10
1|9|1|11
1|9|2|12
1|9|3|13
1|10|3|14
1|10|4|15
1|11|4|16
1|11|5|17
1|12|5|18
1|12|6|19
1|13|6|20
1|13|7|21
1|13|8|22
1|13|9|23
1|14|9|24
1|14|10|25
1|15|10|26
1|15|11|27
1|15|12|28
1|15|13|29
1|16|13|30
1|16|14|31
1|17|14|32
1|17|15|33
1|18|15|34
1|18|16|35
1|18|17|36
1|18|18|37
1|19|18|38
1|19|19|39
1|20|19|40
1|20|20|41
1|20|21|42
1|20|22|43
1|21|22|44
1|21|23|45
1|22|23|46
1|23|23|47
1|24|23|48
1|25|23|49
1|26|23|50
1|27|23|51
1|28|23|52
1|29|23|53
1|30|23|54
1|31|23|55
1|32|23|56
1|33|23|57
1|34|23|58
1|35|23|59
1|36|23|60
1|37|23|61
1|38|23|62
1|39|23|63
1|40|23|64
1|41|23|65
1|42|23|66
1|43|23|67
1|44|23|68
1|45|23|69
1|46|23|70
1|47|23|71
1|48|23|72
1|49|23|73
1|50|23|74
1|51|23|75
1|52|23|76
1|53|23|77
1|54|23|78
1|55|23|79
1|56|23|80
1|57|23|81
1|58|23|82
2|58|23|83
2|58|24|84
2|59|24|85
2|59|25|86
2|60|25|87
2|60|26|88
3|60|26|89
3|60|27|90
4|60|27|91
4|60|28|92
5|60|28|93
5|60|29|94
5|61|29|95
5|61|30|96
6|61|30|97
6|61|31|98
7|61|31|99
7|61|32|100
7|62|32|101
7|62|33|102
7|63|33|103
7|63|34|104
8|63|34|105
8|63|35|106
8|64|35|107
8|64|36|108
9|64|36|109
9|64|37|110
10|64|37|111
10|64|38|112
10|65|38|113
10|65|39|114
10|66|39|115
10|66|40|116
11|66|40|117
11|66|41|118
11|66|42|119
11|67|42|120
11|67|43|121
11|68|43|122
11|68|44|123
11|69|44|124
11|69|45|125
11|70|45|126
11|70|46|127
11|71|46|128
11|71|47|129
11|72|47|130
11|72|48|131
11|73|48|132
11|73|49|133
11|74|49|134
11|74|50|135
11|75|50|136
11|75|51|137
11|76|51|138
11|76|52|139
11|77|52|140
11|77|53|141
11|78|53|142
11|78|54|143
11|79|54|144
11|79|55|145
11|80|55|146
11|80|56|147
11|81|56|148
11|81|57|149
11|82|57|150
11|82|58|151
11|83|58|152
11|83|59|153
11|84|59|154
11|84|60|155
11|84|61|156
11|84|62|157
11|85|62|158
11|85|63|159
11|86|63|160
11|86|64|161
11|87|64|162
11|87|65|163
11|88|65|164
11|88|66|165
11|88|67|166
11|88|68|167
11|89|68|168
11|89|69|169
11|90|69|170
11|90|70|171
11|91|70|172
11|91|71|173
11|91|72|174
11|91|73|175
11|92|73|176
11|92|74|177
11|93|74|178
11|93|75|179
11|94|75|180
11|94|76|181
11|95|76|182
11|95|77|183
11|96|77|184
11|96|78|185
11|96|79|186
11|96|80|187
11|97|80|188
11|97|81|189
11|97|82|190
11|98|82|191
11|99|82|192
11|99|83|193
11|100|83|194
12|100|83|195
12|101|83|196
12|101|84|197
12|102|84|198
12|103|84|199
12|104|84|200
13|104|84|201
13|104|85|202
13|105|85|203
13|106|85|204
13|106|86|205
13|107|86|206
13|108|86|207
13|109|86|208
14|109|86|209
14|109|87|210
14|109|88|211
14|110|88|212
14|110|89|213
14|111|89|214
14|111|90|215
14|112|90|216
14|112|91|217
14|113|91|218
14|113|92|219
14|114|92|220
14|115|92|221
14|116|92|222
14|116|93|223
14|117|93|224
15|117|93|225
15|118|93|226
15|118|94|227
15|118|95|228
15|118|96|229
15|118|97|230
16|118|97|231
16|118|98|232
16|118|99|233
16|118|100|234
16|119|100|235
16|119|101|236
17|119|101|237
17|119|102|238
17|120|102|239
17|120|103|240
17|120|104|241
17|120|105|242
17|121|105|243
17|121|106|244
17|122|106|245
17|122|107|246
17|122|108|247
17|122|109|248
17|122|110|249
17|122|111|250
17|122|112|251
17|122|113|252
17|122|114|253
17|122|115|254
17|122|116|255
17|122|117|256
17|122|118|257
17|122|119|258
17|122|120|259
17|122|121|260
17|122|122|261
17|122|123|262
17|122|124|263
17|123|124|264
17|123|125|265
17|124|125|266
17|124|126|267
17|125|126|268
17|125|127|269
17|126|127|270
17|126|128|271
17|127|128|272
17|127|129|273
17|128|129|274
17|128|130|275
17|129|130|276
17|129|131|277
17|130|131|278
17|130|132|279
17|131|132|280
17|131|133|281
17|132|133|282
17|132|134|283
17|133|134|284
17|133|135|285
17|134|135|286
17|134|136|287
17|135|136|288
17|135|137|289
17|136|137|290
17|136|138|291
17|137|138|292
17|137|139|293
17|138|139|294
17|138|140|295
17|139|140|296
17|139|141|297
17|140|141|298
17|141|141|299
17|141|142|300
17|141|143|301
17|142|143|302
18|142|143|303
18|143|143|304
18|143|144|305
18|144|144|306
18|145|144|307
18|146|144|308
19|146|144|309
19|146|145|310
19|147|145|311
19|148|145|312
19|148|146|313
19|149|146|314
19|150|146|315
19|151|146|316
20|151|146|317
20|151|147|318
20|151|148|319
20|152|148|320
20|152|149|321
20|153|149|322
20|153|150|323
20|154|150|324
20|154|151|325
20|154|152|326
20|154|153|327
20|155|153|328
20|156|153|329
20|157|153|330
20|157|154|331
20|158|154|332
20|159|154|333
20|159|155|334
20|160|155|335
20|161|155|336
20|162|155|337
20|163|155|338
20|164|155|339
20|165|155|340
20|166|155|341
20|167|155|342
20|168|155|343
20|169|155|344
20|170|155|345
20|171|155|346
20|172|155|347
20|173|155|348
20|174|155|349
20|175|155|350
20|176|155|351
20|177|155|352
20|178|155|353
20|179|155|354
20|180|155|355
20|181|155|356
20|182|155|357
20|183|155|358
20|184|155|359
20|185|155|360
20|186|155|361
20|187|155|362
20|188|155|363
20|189|155|364
20|190|155|365
20|191|155|366
20|192|155|367
20|193|155|368
20|194|155|369
20|195|155|370
20|195|156|371
20|196|156|372
20|196|157|373
20|197|157|374
20|197|158|375
20|198|158|376
20|198|159|377
20|199|159|378
20|199|160|379
20|200|160|380
20|200|161|381
20|201|161|382
20|201|162|383
20|202|162|384
20|202|163|385
20|203|163|386
20|203|164|387
20|204|164|388
20|204|165|389
20|205|165|390
20|205|166|391
20|206|166|392
20|206|167|393
20|207|167|394
20|207|168|395
20|208|168|396
20|208|169|397
20|209|169|398
20|209|170|399
20|210|170|400
20|210|171|401
20|211|171|402
20|211|172|403
20|212|172|404
20|212|173|405
20|213|173|406
20|213|174|407
20|213|175|408
21|213|175|409
21|213|176|410
21|213|177|411
21|213|178|412
21|213|179|413
21|213|180|414
21|214|180|415
21|215|180|416
22|215|180|417
22|215|181|418
22|216|181|419
22|216|182|420
22|216|183|421
22|217|183|422
22|218|183|423
22|219|183|424
23|219|183|425
23|219|184|426
23|219|185|427
23|220|185|428
23|220|186|429
23|220|187|430
23|220|188|431
23|220|189|432
23|220|190|433
23|220|191|434
23|220|192|435
23|221|192|436
23|221|193|437
23|221|194|438
23|221|195|439
23|221|196|440
23|221|197|441
23|221|198|442
23|222|198|443
23|222|199|444
23|222|200|445
23|222|201|446
23|223|201|447
23|223|202|448
23|224|202|449
23|224|203|450
24|224|203|451
24|224|204|452
24|225|204|453
24|225|205|454
25|225|205|455
25|225|206|456
25|226|206|457
25|226|207|458
25|227|207|459
25|227|208|460
25|227|209|461
25|227|210|462
26|227|210|463
26|227|211|464
26|228|211|465
26|228|212|466
26|229|212|467
26|229|213|468
27|229|213|469
27|229|214|470
27|230|214|471
27|231|214|472
28|231|214|473
28|231|215|474
28|232|215|475
28|233|215|476
28|233|216|477
28|233|217|478
28|234|217|479
28|235|217|480
28|235|218|481
28|236|218|482
28|236|219|483
28|237|219|484
28|238|219|485
28|239|219|486
28|240|219|487
28|241|219|488
28|242|219|489
28|243|219|490
28|243|220|491
28|244|220|492
28|245|220|493
28|246|220|494
28|247|220|495
28|248|220|496
28|248|221|497
28|249|221|498
28|249|222|499
28|250|222|500
28|251|222|501
28|252|222|502
28|253|222|503
28|254|222|504
28|254|223|505
28|255|223|506
28|256|223|507
28|257|223|508
28|257|224|509
28|258|224|510
28|259|224|511
28|260|224|512
28|261|224|513
28|262|224|514
28|262|225|515
28|262|226|516
28|262|227|517
28|262|228|518
28|262|229|519
28|263|229|520
28|263|230|521
28|264|230|522
28|264|231|523
28|264|232|524
28|264|233|525
28|264|234|526
28|264|235|527
28|264|236|528
28|264|237|529
28|265|237|530
29|265|237|531
29|265|238|532
29|265|239|533
29|266|239|534
29|266|240|535
29|266|241|536
29|266|242|537
29|267|242|538
29|267|243|539
29|267|244|540
29|267|245|541
29|268|245|542
29|268|246|543
29|269|246|544
29|269|247|545
29|269|248|546
29|269|249|547
29|270|249|548
29|270|250|549
29|271|250|550
29|272|250|551
29|273|250|552
29|273|251|553
29|274|251|554
29|274|252|555
29|274|253|556
29|274|254|557
29|275|254|558
29|275|255|559
29|275|256|560
29|275|257|561
29|276|257|562
29|276|258|563
29|277|258|564
29|277|259|565
29|278|259|566
29|278|260|567
29|278|261|568
29|278|262|569
29|279|262|570
29|279|263|571
29|280|263|572
29|280|264|573
29|281|264|574
29|281|265|575
29|282|265|576
29|282|266|577
29|283|266|578
29|283|267|579
29|284|267|580
29|284|268|581
29|285|268|582
29|285|269|583
29|286|269|584
29|286|270|585
29|287|270|586
29|288|270|587
29|289|270|588
29|290|270|589
29|291|270|590
29|291|271|591
29|292|271|592
29|292|272|593
29|293|272|594
29|294|272|595
29|295|272|596
29|296|272|597
29|297|272|598
29|297|273|599
29|298|273|600
29|299|273|601
29|300|273|602
29|301|273|603
29|302|273|604
29|302|274|605
29|303|274|606
29|303|275|607
29|304|275|608
29|305|275|609
29|306|275|610
29|307|275|611
29|308|275|612
29|308|276|613
29|309|276|614
29|310|276|615
29|311|276|616
29|312|276|617
29|313|276|618
29|314|276|619
29|315|276|620
29|316|276|621
29|317|276|622
30|317|276|623
30|317|277|624
30|318|277|625
30|318|278|626
30|319|278|627
30|319|279|628
30|320|279|629
30|320|280|630
30|321|280|631
30|321|281|632
30|322|281|633
30|322|282|634
30|323|282|635
30|323|283|636
30|324|283|637
30|324|284|638
30|325|284|639
30|325|285|640
30|325|286|641
30|325|287|642
30|326|287|643
30|326|288|644
31|326|288|645
31|326|289|646
31|327|289|647
31|327|290|648
31|328|290|649
31|328|291|650
31|329|291|651
31|329|292|652
32|329|292|653
32|329|293|654
32|330|293|655
32|330|294|656
32|331|294|657
32|331|295|658
32|332|295|659
32|333|295|660
32|334|295|661
32|335|295|662
32|335|296|663
32|335|297|664
32|335|298|665
32|336|298|666
32|337|298|667
32|338|298|668
32|339|298|669
32|339|299|670
32|339|300|671
32|340|300|672
32|341|300|673
32|342|300|674
32|343|300|675
32|343|301|676
32|343|302|677
32|344|302|678
32|344|303|679
32|345|303|680
32|346|303|681
32|347|303|682
32|348|303|683
32|349|303|684
32|349|304|685
32|350|304|686
32|351|304|687
32|352|304|688
32|353|304|689
32|354|304|690
32|355|304|691
32|356|304|692
32|357|304|693
32|358|304|694
32|358|305|695
32|358|306|696
32|358|307|697
32|359|307|698
32|359|308|699
32|360|308|700
32|360|309|701
32|361|309|702
32|361|310|703
32|362|310|704
32|362|311|705
32|362|312|706
32|362|313|707
32|363|313|708
32|363|314|709
32|364|314|710
32|364|315|711
32|364|316|712
32|364|317|713
32|365|317|714
32|365|318|715
32|365|319|716
32|365|320|717
32|366|320|718
32|366|321|719
32|366|322|720
32|366|323|721
32|367|323|722
32|367|324|723
32|368|324|724
32|368|325|725
32|368|326|726
32|368|327|727
32|369|327|728
32|369|328|729
32|370|328|730
32|371|328|731
32|372|328|732
32|373|328|733
32|374|328|734
32|374|329|735
32|375|329|736
32|375|330|737
32|376|330|738
32|377|330|739
32|378|330|740
32|379|330|741
32|380|330|742
32|381|330|743
32|382|330|744
32|382|331|745
32|383|331|746
32|384|331|747
32|385|331|748
32|385|332|749
32|386|332|750
32|386|333|751
32|387|333|752
32|388|333|753
32|389|333|754
32|390|333|755
32|391|333|756
32|391|334|757
32|392|334|758
32|393|334|759
32|394|334|760
32|395|334|761
32|396|334|762
32|397|334|763
32|398|334|764
32|399|334|765
32|400|334|766
32|401|334|767
32|401|335|768
32|402|335|769
32|402|336|770
32|403|336|771
32|403|337|772
32|403|338|773
32|403|339|774
33|403|339|775
33|403|340|776
33|404|340|777
33|404|341|778
33|405|341|779
33|405|342|780
33|406|342|781
33|406|343|782
33|407|343|783
33|407|344|784
33|408|344|785
33|408|345|786
33|409|345|787
33|409|346|788
33|410|346|789
33|410|347|790
34|410|347|791
34|410|348|792
34|411|348|793
34|411|349|794
34|412|349|795
34|412|350|796
35|412|350|797
35|412|351|798
35|413|351|799
35|413|352|800
35|414|352|801
35|414|353|802
35|414|354|803
35|415|354|804
35|415|355|805
35|416|355|806
35|416|356|807
35|417|356|808
35|417|357|809
35|418|357|810
35|418|358|811
35|419|358|812
35|419|359|813
35|420|359|814
35|420|360|815
35|421|360|816
35|421|361|817
35|422|361|818
35|422|362|819
35|423|362|820
35|423|363|821
35|424|363|822
35|424|364|823
35|425|364|824
35|425|365|825
35|426|365|826
35|426|366|827
35|427|366|828
35|427|367|829
35|428|367|830
35|428|368|831
35|429|368|832
35|429|369|833
35|430|369|834
35|430|370|835
35|431|370|836
35|431|371|837
35|432|371|838
35|432|372|839
35|432|373|840
35|432|374|841
35|433|374|842
35|433|375|843
35|434|375|844
35|434|376|845
35|435|376|846
35|435|377|847
35|436|377|848
35|436|378|849
35|436|379|850
35|436|380|851
35|437|380|852
35|437|381|853
35|437|382|854
35|437|383|855
35|438|383|856
35|438|384|857
35|438|385|858
35|438|386|859
35|439|386|860
35|439|387|861
35|440|387|862
35|440|388|863
35|440|389|864
35|440|390|865
35|441|390|866
35|441|391|867
35|442|391|868
35|442|392|869
35|443|392|870
35|443|393|871
35|444|393|872
35|444|394|873
35|444|395|874
35|445|395|875
35|446|395|876
35|447|395|877
35|448|395|878
35|448|396|879
35|448|397|880
35|448|398|881
35|449|398|882
35|450|398|883
35|451|398|884
35|452|398|885
35|452|399|886
35|453|399|887
35|454|399|888
35|454|400|889
35|455|400|890
35|456|400|891
35|457|400|892
35|457|401|893
35|457|402|894
35|457|403|895
35|458|403|896
35|458|404|897
35|459|404|898
35|460|404|899
35|461|404|900
35|461|405|901
35|462|405|902
35|463|405|903
35|464|405|904
35|464|406|905
35|465|406|906
35|465|407|907
35|466|407|908
35|467|407|909
35|467|408|910
35|468|408|911
35|468|409|912
35|469|409|913
35|469|410|914
35|469|411|915
35|469|412|916
35|469|413|917
35|469|414|918
35|470|414|919
35|470|415|920
35|471|415|921
35|471|416|922
35|472|416|923
35|472|417|924
35|472|418|925
35|472|419|926
35|473|419|927
35|473|420|928
35|474|420|929
35|474|421|930
35|474|422|931
35|474|423|932
35|474|424|933
35|474|425|934
35|475|425|935
35|475|426|936
35|475|427|937
35|475|428|938
35|475|429|939
35|475|430|940
35|475|431|941
35|475|432|942
35|475|433|943
35|475|434|944
35|475|435|945
35|475|436|946
35|475|437|947
35|476|437|948
35|476|438|949
35|477|438|950
35|477|439|951
35|478|439|952
35|478|440|953
35|479|440|954
35|479|441|955
35|480|441|956
35|480|442|957
35|481|442|958
35|481|443|959
35|482|443|960
35|482|444|961
35|483|444|962
35|483|445|963
35|484|445|964
35|484|446|965
35|485|446|966
35|485|447|967
35|486|447|968
35|486|448|969
35|487|448|970
35|487|449|971
35|488|449|972
35|488|450|973
35|489|450|974
35|489|451|975
35|490|451|976
35|490|452|977
35|491|452|978
35|491|453|979
35|492|453|980
35|492|454|981
35|493|454|982
35|494|454|983
35|494|455|984
35|495|455|985
35|496|455|986
35|496|456|987
35|497|456|988
35|497|457|989
35|498|457|990
35|499|457|991
35|500|457|992
35|501|457|993
35|501|458|994
35|502|458|995
35|503|458|996
35|503|459|997
35|504|459|998
35|505|459|999
35|506|459|1000
35|507|459|1001
35|507|460|1002
35|507|461|1003
35|508|461|1004
35|508|462|1005
35|508|463|1006
35|509|463|1007
35|510|463|1008
35|510|464|1009
35|510|465|1010
35|510|466|1011
35|511|466|1012
35|511|467|1013
35|512|467|1014
35|512|468|1015
35|513|468|1016
35|514|468|1017
35|514|469|1018
35|514|470|1019
35|515|470|1020
35|515|471|1021
35|516|471|1022
35|516|472|1023
35|517|472|1024
35|517|473|1025
35|518|473|1026
35|518|474|1027
35|519|474|1028
35|519|475|1029
35|520|475|1030
35|520|476|1031
35|521|476|1032
35|521|477|1033
35|522|477|1034
35|522|478|1035
35|523|478|1036
35|523|479|1037
35|524|479|1038
35|524|480|1039
35|525|480|1040
35|525|481|1041
35|526|481|1042
35|527|482|1044
35|528|482|1045
35|528|483|1046
35|529|483|1047
35|529|484|1048
35|530|484|1049
35|530|485|1050
35|531|485|1051
35|531|486|1052
35|532|486|1053
35|532|487|1054
35|533|487|1055
35|533|488|1056
35|534|488|1057
35|534|489|1058
35|535|489|1059
35|535|490|1060
35|536|490|1061
35|536|491|1062
35|537|491|1063
35|537|492|1064
35|538|492|1065
35|538|493|1066
35|539|493|1067
35|539|494|1068
35|540|494|1069
35|540|495|1070
35|541|495|1071
35|541|496|1072
35|542|496|1073
35|542|497|1074
35|543|497|1075
35|543|498|1076
35|544|498|1077
35|544|499|1078
35|545|499|1079
35|545|500|1080
35|546|500|1081
35|546|501|1082
35|547|501|1083
35|547|502|1084
35|548|502|1085
35|548|503|1086
35|549|503|1087
35|549|504|1088
35|550|504|1089
35|550|505|1090
35|550|506|1091
35|550|507|1092
35|550|508|1093
35|551|508|1094
35|551|509|1095
35|551|510|1096
35|551|511|1097
35|552|511|1098
35|553|511|1099
35|554|511|1100
35|554|512|1101
35|555|512|1102
35|555|513|1103
35|556|513|1104
35|557|513|1105
35|557|514|1106
35|558|514|1107
35|559|514|1108
35|559|515|1109
35|560|515|1110
35|561|515|1111
35|561|516|1112
35|562|516|1113
35|562|517|1114
35|562|518|1115
35|562|519|1116
35|562|520|1117
35|562|521|1118
35|563|521|1119
35|563|522|1120
35|563|523|1121
35|564|523|1122
35|565|523|1123
36|565|523|1124
36|565|524|1125
36|565|525|1126
36|566|525|1127
36|567|525|1128
36|567|526|1129
36|567|527|1130
36|568|527|1131
36|568|528|1132
36|568|529|1133
36|569|529|1134
36|569|530|1135
36|570|530|1136
36|571|530|1137
36|572|530|1138
36|572|531|1139
37|572|531|1140
37|572|532|1141
37|573|532|1142
37|573|533|1143
37|574|533|1144
37|574|534|1145
37|574|535|1146
37|574|536|1147
38|574|536|1148
38|575|536|1149
38|576|536|1150
38|576|537|1151
38|576|538|1152
38|576|539|1153
39|576|539|1154
39|577|539|1155
39|577|540|1156
39|577|541|1157
40|577|541|1158
40|578|541|1159
40|579|541|1160
40|579|542|1161
40|580|542|1162
40|581|542|1163
40|582|542|1164
40|583|542|1165
40|583|543|1166
40|584|543|1167
40|584|544|1168
40|585|544|1169
40|586|544|1170
40|587|544|1171
40|588|544|1172
40|589|544|1173
40|590|544|1174
40|591|544|1175
40|591|545|1176
40|592|545|1177
40|593|545|1178
40|594|545|1179
40|594|546|1180
40|595|546|1181
40|595|547|1182
40|596|547|1183
40|596|548|1184
40|597|548|1185
40|597|549|1186
40|598|549|1187
40|599|549|1188
40|600|549|1189
40|600|550|1190
40|601|550|1191
40|602|550|1192
40|603|550|1193
40|603|551|1194
40|604|551|1195
40|605|551|1196
40|606|551|1197
40|607|551|1198
40|607|552|1199
41|607|552|1200
41|608|552|1201
41|608|553|1202
41|609|553|1203
41|609|554|1204
41|610|554|1205
41|610|555|1206
41|610|556|1207
41|610|557|1208
41|611|557|1209
41|611|558|1210
41|612|558|1211
41|612|559|1212
41|613|559|1213
41|613|560|1214
41|613|561|1215
41|613|562|1216
41|614|562|1217
41|614|563|1218
41|615|563|1219
41|615|564|1220
41|616|564|1221
41|616|565|1222
41|616|566|1223
41|616|567|1224
41|617|567|1225
41|617|568|1226
41|618|568|1227
41|618|569|1228
41|618|570|1229
42|618|570|1230
42|619|570|1231
42|619|571|1232
42|619|572|1233
42|619|573|1234
42|620|573|1235
42|620|574|1236
42|621|574|1237
42|621|575|1238
42|622|575|1239
42|622|576|1240
42|623|576|1241
42|623|577|1242
42|623|578|1243
42|623|579|1244
42|624|579|1245
42|624|580|1246
42|625|580|1247
42|625|581|1248
42|626|581|1249
42|626|582|1250
42|626|583|1251
42|626|584|1252
42|627|584|1253
42|627|585|1254
42|628|585|1255
42|628|586|1256
42|629|586|1257
42|629|587|1258
42|630|587|1259
42|630|588|1260
42|631|588|1261
42|631|589|1262
42|632|589|1263
42|632|590|1264
42|633|590|1265
42|633|591|1266
42|634|591|1267
42|634|592|1268
42|634|593|1269
42|634|594|1270
42|635|594|1271
42|636|594|1272
42|637|594|1273
42|638|594|1274
42|639|594|1275
42|639|595|1276
42|640|595|1277
42|640|596|1278
42|641|596|1279
42|642|596|1280
42|643|596|1281
42|644|596|1282
42|645|596|1283
42|645|597|1284
42|646|597|1285
42|647|597|1286
42|648|597|1287
42|649|597|1288
42|650|597|1289
42|650|598|1290
42|651|598|1291
42|651|599|1292
42|652|599|1293
42|653|599|1294
42|654|599|1295
42|655|599|1296
42|656|599|1297
42|656|600|1298
42|657|600|1299
42|658|600|1300
42|659|600|1301
42|660|600|1302
42|661|600|1303
42|662|600|1304
42|663|600|1305
42|664|600|1306
42|664|601|1307
42|665|601|1308
42|665|602|1309
42|666|602|1310
42|666|603|1311
42|667|603|1312
42|667|604|1313
42|668|604|1314
42|668|605|1315
42|669|605|1316
42|669|606|1317
42|670|606|1318
42|670|607|1319
42|671|607|1320
42|671|608|1321
42|672|608|1322
42|672|609|1323
42|673|609|1324
42|673|610|1325
42|674|610|1326
42|674|611|1327
42|675|611|1328
42|675|612|1329
42|676|612|1330
42|676|613|1331
42|677|613|1332
42|677|614|1333
42|678|614|1334
42|678|615|1335
42|679|615|1336
42|679|616|1337
43|679|616|1338
43|679|617|1339
43|680|617|1340
43|680|618|1341
43|681|618|1342
43|682|618|1343
43|683|618|1344
43|684|618|1345
43|685|618|1346
43|686|618|1347
43|686|619|1348
43|687|619|1349
43|687|620|1350
43|688|620|1351
43|689|620|1352
43|689|621|1353
43|690|621|1354
43|691|621|1355
43|691|622|1356
43|692|622|1357
43|693|622|1358
43|693|623|1359
43|694|623|1360
43|695|623|1361
43|695|624|1362
43|696|624|1363
43|696|625|1364
43|697|625|1365
43|698|625|1366
43|699|625|1367
43|700|625|1368
43|701|625|1369
43|701|626|1370
43|702|626|1371
43|703|626|1372
43|704|626|1373
43|705|626|1374
43|706|626|1375
43|707|626|1376
43|708|626|1377
43|709|626|1378
43|709|627|1379
43|709|628|1380
43|710|628|1381
43|710|629|1382
43|711|629|1383
43|711|630|1384
43|712|630|1385
43|712|631|1386
43|713|631|1387
43|713|632|1388
43|713|633|1389
43|713|634|1390
43|714|634|1391
43|714|635|1392
43|715|635|1393
43|715|636|1394
43|715|637|1395
43|715|638|1396
43|716|638|1397
43|716|639|1398
43|717|639|1399
43|717|640|1400
43|718|640|1401
43|718|641|1402
43|719|641|1403
43|719|642|1404
43|720|642|1405
43|720|643|1406
43|721|643|1407
43|721|644|1408
43|721|645|1409
43|721|646|1410
43|722|646|1411
43|722|647|1412
43|722|648|1413
43|722|649|1414
44|722|649|1415
44|723|649|1416
44|724|649|1417
44|725|649|1418
44|726|649|1419
44|726|650|1420
44|727|650|1421
44|728|650|1422
44|729|650|1423
44|730|650|1424
44|731|650|1425
44|732|650|1426
44|733|650|1427
44|734|650|1428
44|735|650|1429
44|735|651|1430
44|736|651|1431
44|737|651|1432
44|738|651|1433
44|738|652|1434
44|739|652|1435
44|739|653|1436
44|740|653|1437
44|741|653|1438
44|742|653|1439
44|743|653|1440
44|744|653|1441
44|744|654|1442
44|745|654|1443
44|746|654|1444
44|747|654|1445
44|748|654|1446
44|749|654|1447
44|750|654|1448
44|751|654|1449
44|752|654|1450
44|752|655|1451
44|753|655|1452
44|753|656|1453
44|754|656|1454
44|754|657|1455
44|755|657|1456
44|755|658|1457
44|756|658|1458
44|756|659|1459
44|757|659|1460
44|757|660|1461
44|758|660|1462
44|758|661|1463
44|759|661|1464
44|759|662|1465
44|760|662|1466
44|760|663|1467
44|761|663|1468
44|761|664|1469
44|762|664|1470
44|762|665|1471
44|763|665|1472
44|763|666|1473
44|764|666|1474
44|764|667|1475
44|765|667|1476
44|765|668|1477
44|766|668|1478
44|766|669|1479
44|767|669|1480
44|767|670|1481
45|767|670|1482
45|767|671|1483
45|768|671|1484
45|768|672|1485
45|769|672|1486
45|770|672|1487
45|770|673|1488
45|771|673|1489
45|771|674|1490
45|772|674|1491
45|772|675|1492
45|773|675|1493
45|773|676|1494
45|774|676|1495
45|774|677|1496
45|775|677|1497
45|775|678|1498
45|776|678|1499
45|776|679|1500
45|777|679|1501
45|777|680|1502
45|778|680|1503
45|778|681|1504
45|779|681|1505
45|779|682|1506
45|780|682|1507
45|780|683|1508
45|781|683|1509
45|781|684|1510
45|782|684|1511
45|782|685|1512
45|783|685|1513
45|783|686|1514
45|784|686|1515
45|784|687|1516
45|785|687|1517
45|785|688|1518
45|786|688|1519
45|786|689|1520
45|787|689|1521
45|787|690|1522
45|787|691|1523
45|787|692|1524
45|788|692|1525
45|788|693|1526
45|789|693|1527
45|789|694|1528
45|790|694|1529
45|790|695|1530
45|791|695|1531
45|791|696|1532
45|791|697|1533
45|791|698|1534
45|792|698|1535
45|792|699|1536
45|793|699|1537
45|793|700|1538
45|794|700|1539
45|794|701|1540
45|794|702|1541
45|794|703|1542
45|795|703|1543
45|795|704|1544
45|796|704|1545
45|796|705|1546
45|797|705|1547
45|797|706|1548
45|798|706|1549
45|798|707|1550
45|799|707|1551
45|799|708|1552
45|800|708|1553
45|800|709|1554
45|801|709|1555
45|801|710|1556
45|801|711|1557
45|801|712|1558
45|802|712|1559
45|803|712|1560
45|804|712|1561
45|805|712|1562
45|806|712|1563
45|806|713|1564
45|807|713|1565
45|807|714|1566
45|808|714|1567
45|809|714|1568
45|809|715|1569
45|810|715|1570
45|811|715|1571
45|812|715|1572
45|813|715|1573
45|813|716|1574
45|814|716|1575
45|815|716|1576
45|815|717|1577
45|816|717|1578
45|817|717|1579
45|817|718|1580
45|818|718|1581
45|818|719|1582
45|819|719|1583
45|820|719|1584
45|821|719|1585
45|821|720|1586
45|822|720|1587
45|823|720|1588
45|824|720|1589
45|824|721|1590
45|825|721|1591
45|826|721|1592
45|827|721|1593
45|828|721|1594
45|828|722|1595
45|828|723|1596
45|828|724|1597
45|828|725|1598
45|828|726|1599
45|828|727|1600
45|828|728|1601
45|828|729|1602
45|828|730|1603
45|829|730|1604
45|829|731|1605
45|830|731|1606
45|830|732|1607
45|831|732|1608
45|831|733|1609
45|831|734|1610
45|831|735|1611
45|832|735|1612
45|832|736|1613
45|833|736|1614
45|833|737|1615
45|833|738|1616
45|833|739|1617
45|833|740|1618
45|833|741|1619
45|833|742|1620
45|833|743|1621
45|833|744|1622
45|833|745|1623
45|833|746|1624
45|833|747|1625
45|833|748|1626
45|833|749|1627
45|833|750|1628
45|833|751|1629
45|834|751|1630
45|835|751|1631
45|835|752|1632
45|836|752|1633
45|836|753|1634
45|837|753|1635
45|837|754|1636
45|838|754|1637
45|838|755|1638
45|839|755|1639
45|839|756|1640
45|840|756|1641
45|840|757|1642
45|841|757|1643
45|841|758|1644
45|842|758|1645
45|842|759|1646
45|843|759|1647
45|843|760|1648
45|844|760|1649
45|844|761|1650
45|845|761|1651
45|845|762|1652
45|846|762|1653
45|846|763|1654
45|847|763|1655
45|847|764|1656
45|848|764|1657
45|848|765|1658
45|849|765|1659
45|849|766|1660
45|850|766|1661
45|850|767|1662
45|851|767|1663
45|851|768|1664
45|852|768|1665
45|852|769|1666
45|853|769|1667
45|854|769|1668
45|855|769|1669
45|855|770|1670
45|856|770|1671
45|856|771|1672
45|857|771|1673
45|857|772|1674
45|858|772|1675
45|859|772|1676
45|859|773|1677
45|860|773|1678
45|861|773|1679
45|862|773|1680
45|863|773|1681
45|863|774|1682
45|864|774|1683
45|865|774|1684
45|865|775|1685
45|866|775|1686
45|867|775|1687
45|867|776|1688
45|868|776|1689
45|868|777|1690
45|869|777|1691
45|869|778|1692
45|869|779|1693
45|869|780|1694
45|870|780|1695
45|870|781|1696
45|871|781|1697
45|871|782|1698
45|872|782|1699
45|873|782|1700
45|874|782|1701
45|875|782|1702
45|876|782|1703
45|876|783|1704
45|877|783|1705
45|877|784|1706
45|878|784|1707
45|878|785|1708
45|879|785|1709
45|879|786|1710
45|880|786|1711
45|880|787|1712
45|881|787|1713
45|881|788|1714
45|882|788|1715
45|882|789|1716
45|883|789|1717
45|883|790|1718
45|884|790|1719
45|884|791|1720
45|885|791|1721
45|885|792|1722
45|886|792|1723
45|886|793|1724
45|887|793|1725
45|887|794|1726
45|888|794|1727
45|888|795|1728
45|889|795|1729
45|889|796|1730
45|890|796|1731
45|890|797|1732
45|891|797|1733
45|891|798|1734
45|892|798|1735
45|892|799|1736
45|893|799|1737
45|893|800|1738
45|894|800|1739
45|895|800|1740
45|896|800|1741
45|897|800|1742
45|898|800|1743
45|899|800|1744
45|900|800|1745
45|901|800|1746
45|902|800|1747
45|903|800|1748
45|904|800|1749
45|905|800|1750
45|906|800|1751
45|907|800|1752
45|908|800|1753
45|909|800|1754
45|910|800|1755
45|911|800|1756
45|912|800|1757
45|913|800|1758
45|914|800|1759
45|915|800|1760
45|916|800|1761
45|917|800|1762
45|918|800|1763
45|919|800|1764
45|920|800|1765
45|921|800|1766
45|922|800|1767
45|923|800|1768
45|924|800|1769
45|925|800|1770
45|926|800|1771
45|927|800|1772
45|928|800|1773
45|929|800|1774
45|929|801|1775
45|929|802|1776
45|929|803|1777
45|930|803|1778
45|930|804|1779
45|930|805|1780
45|930|806|1781
45|931|806|1782
45|932|806|1783
45|932|807|1784
45|932|808|1785
45|933|808|1786
45|933|809|1787
45|934|809|1788
45|935|809|1789
45|935|810|1790
45|936|810|1791
45|937|810|1792
45|937|811|1793
45|938|811|1794
45|939|811|1795
45|939|812|1796
45|940|812|1797
45|940|813|1798
45|940|814|1799
45|940|815|1800
45|940|816|1801
45|940|817|1802
45|941|817|1803
45|941|818|1804
45|941|819|1805
45|941|820|1806
45|942|820|1807
46|942|820|1808
46|942|821|1809
46|942|822|1810
46|942|823|1811
46|943|823|1812
46|943|824|1813
46|943|825|1814
46|943|826|1815
46|944|826|1816
46|944|827|1817
46|944|828|1818
46|944|829|1819
46|945|829|1820
46|945|830|1821
46|945|831|1822
46|945|832|1823
46|945|833|1824
46|945|834|1825
46|945|835|1826
46|945|836|1827
46|946|836|1828
46|946|837|1829
46|946|838|1830
46|946|839|1831
46|946|840|1832
46|946|841|1833
46|947|841|1834
46|947|842|1835
46|947|843|1836
46|947|844|1837
46|947|845|1838
46|947|846|1839
46|947|847|1840
46|947|848|1841
47|947|848|1842
47|948|848|1843
47|949|848|1844
47|949|849|1845
47|950|849|1846
47|951|849|1847
47|952|849|1848
47|953|849|1849
47|953|850|1850
47|954|850|1851
47|954|851|1852
47|955|851|1853
47|956|851|1854
47|957|851|1855
47|957|852|1856
47|958|852|1857
47|959|852|1858
47|960|852|1859
47|960|853|1860
47|961|853|1861
47|962|853|1862
47|963|853|1863
47|964|853|1864
47|965|853|1865
47|965|854|1866
47|966|854|1867
47|966|855|1868
47|967|855|1869
47|967|856|1870
47|968|856|1871
47|969|856|1872
47|970|856|1873
47|970|857|1874
47|971|857|1875
47|972|857|1876
47|973|857|1877
47|973|858|1878
47|974|858|1879
47|975|858|1880
47|976|858|1881
47|976|859|1882
47|976|860|1883
47|976|861|1884
47|977|861|1885
47|977|862|1886
47|978|862|1887
47|978|863|1888
47|979|863|1889
47|979|864|1890
47|979|865|1891
47|979|866|1892
47|979|867|1893
47|979|868|1894
47|979|869|1895
47|979|870|1896
47|980|870|1897
47|980|871|1898
47|980|872|1899
47|980|873|1900
47|981|873|1901
47|981|874|1902
47|982|874|1903
47|982|875|1904
47|983|875|1905
47|983|876|1906
47|983|877|1907
47|983|878|1908
47|984|878|1909
47|984|879|1910
47|985|879|1911
47|985|880|1912
47|986|880|1913
47|986|881|1914
47|987|881|1915
47|987|882|1916
47|988|882|1917
47|988|883|1918
47|989|883|1919
47|989|884|1920
47|990|884|1921
47|990|885|1922
47|991|885|1923
47|991|886|1924
47|992|886|1925
47|993|886|1926
47|993|887|1927
47|993|888|1928
47|994|888|1929
47|995|888|1930
47|996|888|1931
47|996|889|1932
47|997|889|1933
47|998|889|1934
47|998|890|1935
47|998|891|1936
47|999|891|1937
47|999|892|1938
47|999|893|1939
47|999|894|1940
47|1000|894|1941
47|1000|895|1942
47|1001|895|1943
47|1001|896|1944
47|1002|896|1945
47|1002|897|1946
47|1003|897|1947
47|1003|898|1948
47|1004|898|1949
47|1004|899|1950
47|1005|899|1951
47|1005|900|1952
47|1006|900|1953
47|1006|901|1954
47|1007|901|1955
47|1008|901|1956
47|1009|901|1957
47|1010|901|1958
47|1011|901|1959
47|1012|901|1960
47|1013|901|1961
47|1014|901|1962
47|1015|901|1963
47|1016|901|1964
47|1017|901|1965
47|1018|901|1966
47|1019|901|1967
47|1020|901|1968
47|1021|901|1969
47|1022|901|1970
47|1023|901|1971
47|1024|901|1972
47|1025|901|1973
47|1026|901|1974
47|1027|901|1975
47|1028|901|1976
47|1029|901|1977
47|1030|901|1978
47|1031|901|1979
47|1032|901|1980
47|1033|901|1981
47|1034|901|1982
47|1035|901|1983
47|1036|901|1984
47|1037|901|1985
47|1038|901|1986
47|1039|901|1987
47|1040|901|1988
47|1041|901|1989
47|1042|901|1990
47|1042|902|1991
47|1043|902|1992
47|1043|903|1993
47|1044|903|1994
47|1044|904|1995
47|1045|904|1996
47|1045|905|1997
47|1046|905|1998
47|1046|906|1999
47|1047|906|2000
