total
0|1|0|1
0|2|0|2
0|2|1|3
0|3|1|4
0|4|1|5
0|5|1|6
0|5|2|7
0|6|2|8
0|7|2|9
0|8|2|10
0|8|3|11
0|9|3|12
0|9|4|13
0|10|4|14
0|10|5|15
0|11|5|16
0|11|6|17
0|12|6|18
0|12|7|19
0|13|7|20
0|13|8|21
0|14|8|22
0|14|9|23
0|15|9|24
0|15|10|25
0|16|10|26
0|16|11|27
0|17|11|28
0|17|12|29
0|18|12|30
0|18|13|31
0|19|13|32
0|19|14|33
0|20|14|34
0|20|15|35
0|21|15|36
0|21|16|37
0|22|16|38
0|22|17|39
0|23|17|40
0|23|18|41
0|24|18|42
0|24|19|43
0|25|19|44
0|25|20|45
0|26|20|46
0|26|21|47
0|27|21|48
0|28|21|49
0|29|21|50
0|29|22|51
0|30|22|52
0|30|23|53
0|31|23|54
0|31|24|55
0|32|24|56
0|32|25|57
0|33|25|58
0|33|26|59
0|34|26|60
0|34|27|61
0|35|27|62
0|35|28|63
0|36|28|64
0|36|29|65
0|37|29|66
0|37|30|67
0|38|30|68
0|38|31|69
0|39|31|70
0|39|32|71
0|40|32|72
0|40|33|73
0|41|33|74
0|41|34|75
0|42|34|76
0|42|35|77
0|43|35|78
0|44|35|79
1|44|35|80
1|45|35|81
1|46|35|82
1|46|36|83
1|46|37|84
2|46|37|85
2|46|38|86
2|46|39|87
2|46|40|88
2|46|41|89
2|46|42|90
2|47|42|91
2|47|43|92
3|47|43|93
3|47|44|94
3|47|45|95
3|47|46|96
3|47|47|97
3|47|48|98
4|47|48|99
4|47|49|100
4|47|50|101
4|47|51|102
5|47|51|103
5|47|52|104
6|47|52|105
6|47|53|106
7|47|53|107
7|47|54|108
8|47|54|109
8|47|55|110
9|47|55|111
9|47|56|112
9|47|57|113
9|47|58|114
9|47|59|115
9|47|60|116
10|47|60|117
10|47|61|118
10|47|62|119
10|48|62|120
10|48|63|121
10|49|63|122
10|49|64|123
10|50|64|124
10|50|65|125
10|51|65|126
10|51|66|127
10|52|66|128
10|52|67|129
10|53|67|130
10|53|68|131
10|54|68|132
10|54|69|133
10|55|69|134
10|55|70|135
10|56|70|136
10|56|71|137
10|57|71|138
10|57|72|139
10|58|72|140
10|58|73|141
10|59|73|142
10|59|74|143
10|60|74|144
10|60|75|145
10|61|75|146
10|61|76|147
10|62|76|148
10|62|77|149
10|63|77|150
10|63|78|151
10|64|78|152
10|64|79|153
10|65|79|154
10|65|80|155
10|66|80|156
10|66|81|157
10|67|81|158
10|67|82|159
10|68|82|160
10|68|83|161
10|69|83|162
10|69|84|163
10|70|84|164
10|70|85|165
10|71|85|166
10|71|86|167
10|72|86|168
10|72|87|169
10|73|87|170
10|73|88|171
10|74|88|172
10|74|89|173
10|75|89|174
10|75|90|175
10|76|90|176
10|76|91|177
10|77|91|178
10|77|92|179
10|78|92|180
10|78|93|181
10|79|93|182
10|79|94|183
10|80|94|184
10|80|95|185
10|81|95|186
10|81|96|187
10|82|96|188
10|82|97|189
10|83|97|190
10|83|98|191
10|84|98|192
10|84|99|193
10|85|99|194
10|85|100|195
10|86|100|196
10|86|101|197
10|87|101|198
10|88|101|199
10|89|101|200
10|89|102|201
10|90|102|202
10|90|103|203
10|91|103|204
10|91|104|205
10|92|104|206
10|92|105|207
10|93|105|208
10|93|106|209
10|94|106|210
10|94|107|211
10|95|107|212
10|95|108|213
10|96|108|214
10|96|109|215
10|97|109|216
10|97|110|217
10|98|110|218
10|98|111|219
10|99|111|220
10|99|112|221
10|100|112|222
10|101|112|223
10|102|112|224
10|102|113|225
10|103|113|226
10|103|114|227
10|103|115|228
10|103|116|229
10|103|117|230
10|103|118|231
10|103|119|232
10|103|120|233
10|103|121|234
10|103|122|235
10|103|123|236
11|103|123|237
11|103|124|238
11|103|125|239
11|103|126|240
11|103|127|241
11|103|128|242
11|103|129|243
11|104|129|244
12|104|129|245
12|104|130|246
12|104|131|247
12|104|132|248
12|104|133|249
12|104|134|250
12|105|134|251
12|105|135|252
12|105|136|253
12|105|137|254
12|105|138|255
12|105|139|256
12|106|139|257
12|106|140|258
12|107|140|259
12|107|141|260
12|107|142|261
12|107|143|262
12|107|144|263
12|108|144|264
12|108|145|265
12|109|145|266
12|109|146|267
12|110|146|268
12|110|147|269
12|111|147|270
12|111|148|271
12|112|148|272
12|112|149|273
12|113|149|274
12|113|150|275
12|114|150|276
12|114|151|277
12|115|151|278
12|115|152|279
12|116|152|280
12|116|153|281
12|117|153|282
12|117|154|283
12|118|154|284
12|118|155|285
12|119|155|286
12|119|156|287
12|120|156|288
12|120|157|289
12|121|157|290
12|121|158|291
12|122|158|292
12|122|159|293
12|123|159|294
12|123|160|295
12|124|160|296
12|124|161|297
12|125|161|298
12|125|162|299
12|125|163|300
12|125|164|301
12|126|164|302
12|126|165|303
12|127|165|304
12|127|166|305
12|128|166|306
12|129|166|307
12|130|166|308
13|130|166|309
13|131|166|310
13|131|167|311
13|132|167|312
13|132|168|313
13|133|168|314
13|134|168|315
13|135|168|316
14|135|168|317
14|135|169|318
14|135|170|319
14|136|170|320
14|136|171|321
14|137|171|322
14|137|172|323
14|138|172|324
14|138|173|325
14|138|174|326
14|138|175|327
14|139|175|328
14|139|176|329
14|139|177|330
14|139|178|331
14|139|179|332
14|139|180|333
14|140|180|334
14|141|180|335
14|141|181|336
14|142|181|337
14|142|182|338
14|143|182|339
14|143|183|340
14|144|183|341
14|144|184|342
14|145|184|343
14|145|185|344
14|146|185|345
14|146|186|346
14|147|186|347
14|147|187|348
14|148|187|349
14|148|188|350
14|149|188|351
14|149|189|352
14|150|189|353
14|150|190|354
14|151|190|355
14|151|191|356
14|152|191|357
14|152|192|358
14|153|192|359
14|153|193|360
14|154|193|361
14|154|194|362
14|155|194|363
14|155|195|364
14|156|195|365
14|156|196|366
14|157|196|367
14|157|197|368
14|158|197|369
14|158|198|370
14|158|199|371
14|159|199|372
14|159|200|373
14|160|200|374
14|160|201|375
14|161|201|376
14|161|202|377
14|162|202|378
14|162|203|379
14|163|203|380
14|163|204|381
14|164|204|382
14|164|205|383
14|165|205|384
14|165|206|385
14|166|206|386
14|166|207|387
14|167|207|388
14|167|208|389
14|167|209|390
14|167|210|391
14|168|210|392
14|168|211|393
14|169|211|394
14|169|212|395
14|170|212|396
14|170|213|397
14|171|213|398
14|171|214|399
14|172|214|400
14|172|215|401
14|173|215|402
14|173|216|403
14|174|216|404
14|174|217|405
14|175|217|406
14|175|218|407
14|176|218|408
14|177|218|409
14|178|218|410
14|178|219|411
14|178|220|412
14|178|221|413
14|178|222|414
14|179|222|415
14|180|222|416
14|180|223|417
14|181|223|418
14|182|223|419
14|183|223|420
14|183|224|421
14|184|224|422
14|185|224|423
14|186|224|424
14|186|225|425
14|187|225|426
14|187|226|427
14|188|226|428
14|188|227|429
14|188|228|430
14|189|228|431
14|189|229|432
14|190|229|433
14|191|229|434
14|192|229|435
14|193|229|436
14|194|229|437
14|194|230|438
14|195|230|439
14|196|230|440
14|197|230|441
14|198|230|442
14|198|231|443
14|199|231|444
14|199|232|445
14|199|233|446
14|199|234|447
14|199|235|448
14|199|236|449
14|199|237|450
14|199|238|451
14|200|238|452
14|200|239|453
14|200|240|454
14|200|241|455
14|200|242|456
14|200|243|457
15|200|243|458
15|200|244|459
15|200|245|460
15|200|246|461
15|201|246|462
15|201|247|463
15|201|248|464
15|201|249|465
15|201|250|466
15|201|251|467
15|201|252|468
15|201|253|469
15|202|253|470
15|202|254|471
15|202|255|472
15|202|256|473
15|202|257|474
15|202|258|475
15|202|259|476
15|203|259|477
15|203|260|478
15|204|260|479
15|205|260|480
15|206|260|481
15|207|260|482
15|207|261|483
15|208|261|484
15|209|261|485
15|210|261|486
15|210|262|487
15|211|262|488
15|211|263|489
15|212|263|490
15|212|264|491
15|213|264|492
15|213|265|493
15|214|265|494
15|215|265|495
15|216|265|496
15|216|266|497
15|217|266|498
15|217|267|499
15|218|267|500
15|219|267|501
15|220|267|502
15|220|268|503
15|221|268|504
15|221|269|505
15|222|269|506
15|222|270|507
15|223|270|508
15|223|271|509
15|224|271|510
15|225|271|511
15|226|271|512
15|227|271|513
15|228|271|514
15|228|272|515
15|228|273|516
15|229|273|517
15|230|273|518
15|231|273|519
15|232|273|520
15|232|274|521
15|233|274|522
15|233|275|523
15|234|275|524
15|234|276|525
15|235|276|526
15|235|277|527
15|236|277|528
15|236|278|529
15|237|278|530
15|237|279|531
15|238|279|532
15|238|280|533
15|239|280|534
15|239|281|535
15|240|281|536
15|241|281|537
15|242|281|538
15|242|282|539
15|242|283|540
15|242|284|541
15|243|284|542
15|244|284|543
15|245|284|544
15|245|285|545
15|246|285|546
15|246|286|547
15|247|286|548
15|247|287|549
15|247|288|550
15|247|289|551
15|248|289|552
15|248|290|553
15|249|290|554
15|249|291|555
15|250|291|556
15|250|292|557
15|251|292|558
15|251|293|559
15|252|293|560
15|252|294|561
15|253|294|562
15|253|295|563
15|254|295|564
15|254|296|565
15|255|296|566
15|255|297|567
15|256|297|568
15|256|298|569
15|257|298|570
15|257|299|571
15|258|299|572
15|258|300|573
15|259|300|574
15|259|301|575
15|260|301|576
15|260|302|577
15|261|302|578
15|261|303|579
15|262|303|580
15|262|304|581
15|263|304|582
15|263|305|583
15|264|305|584
15|264|306|585
15|265|306|586
15|265|307|587
15|266|307|588
15|266|308|589
15|267|308|590
15|267|309|591
15|268|309|592
15|268|310|593
15|269|310|594
15|269|311|595
15|270|311|596
15|270|312|597
15|271|312|598
15|271|313|599
15|272|313|600
15|272|314|601
15|273|314|602
15|273|315|603
15|274|315|604
15|274|316|605
15|275|316|606
15|275|317|607
15|276|317|608
15|276|318|609
15|277|318|610
15|277|319|611
15|278|319|612
15|278|320|613
15|279|320|614
15|279|321|615
15|280|321|616
15|280|322|617
15|281|322|618
15|282|322|619
15|283|322|620
15|283|323|621
15|284|323|622
15|284|324|623
15|284|325|624
15|284|326|625
15|284|327|626
15|284|328|627
15|285|328|628
15|285|329|629
15|286|329|630
15|286|330|631
15|287|330|632
15|287|331|633
15|288|331|634
15|288|332|635
15|289|332|636
15|289|333|637
15|289|334|638
15|289|335|639
15|290|335|640
15|290|336|641
15|291|336|642
15|291|337|643
15|291|338|644
16|291|338|645
16|292|338|646
16|293|338|647
16|294|338|648
16|294|339|649
16|295|339|650
16|295|340|651
16|296|340|652
17|296|340|653
17|296|341|654
17|296|342|655
17|297|342|656
17|297|343|657
17|298|343|658
17|298|344|659
17|299|344|660
17|299|345|661
17|300|345|662
17|300|346|663
17|301|346|664
17|301|347|665
17|302|347|666
17|303|347|667
17|304|347|668
17|304|348|669
17|305|348|670
17|305|349|671
17|306|349|672
17|306|350|673
17|307|350|674
17|308|350|675
17|309|350|676
17|309|351|677
17|310|351|678
17|310|352|679
17|311|352|680
17|311|353|681
17|312|353|682
17|312|354|683
17|313|354|684
17|313|355|685
17|314|355|686
17|315|355|687
17|316|355|688
17|316|356|689
17|317|356|690
17|318|356|691
17|319|356|692
17|320|356|693
17|321|356|694
17|321|357|695
17|321|358|696
17|321|359|697
17|322|359|698
17|322|360|699
17|323|360|700
17|323|361|701
17|324|361|702
17|324|362|703
17|325|362|704
17|325|363|705
17|326|363|706
17|326|364|707
17|327|364|708
17|327|365|709
17|328|365|710
17|328|366|711
17|328|367|712
17|328|368|713
17|329|368|714
17|329|369|715
17|329|370|716
17|329|371|717
17|330|371|718
17|330|372|719
17|330|373|720
17|330|374|721
17|331|374|722
17|331|375|723
17|332|375|724
17|332|376|725
17|332|377|726
17|332|378|727
17|333|378|728
17|333|379|729
17|334|379|730
17|334|380|731
17|335|380|732
17|335|381|733
18|335|381|734
18|335|382|735
18|336|382|736
18|336|383|737
18|337|383|738
18|337|384|739
19|337|384|740
19|337|385|741
19|338|385|742
19|338|386|743
19|339|386|744
19|339|387|745
19|340|387|746
19|340|388|747
19|341|388|748
19|341|389|749
19|342|389|750
19|342|390|751
19|343|390|752
19|343|391|753
19|344|391|754
19|344|392|755
20|344|392|756
20|344|393|757
20|345|393|758
20|345|394|759
20|346|394|760
20|346|395|761
20|347|395|762
20|348|395|763
20|349|395|764
20|350|395|765
20|351|395|766
20|351|396|767
20|351|397|768
20|351|398|769
20|351|399|770
21|351|399|771
21|351|400|772
21|351|401|773
21|351|402|774
21|352|402|775
21|352|403|776
21|353|403|777
21|353|404|778
21|353|405|779
21|353|406|780
21|353|407|781
21|353|408|782
21|353|409|783
21|353|410|784
21|353|411|785
21|353|412|786
21|353|413|787
21|353|414|788
22|353|414|789
22|353|415|790
22|353|416|791
22|353|417|792
22|353|418|793
22|353|419|794
22|353|420|795
22|353|421|796
23|353|421|797
23|353|422|798
23|353|423|799
23|353|424|800
23|353|425|801
23|353|426|802
23|353|427|803
23|354|427|804
23|354|428|805
23|355|428|806
23|355|429|807
23|356|429|808
23|356|430|809
23|357|430|810
23|357|431|811
23|358|431|812
23|358|432|813
23|359|432|814
23|359|433|815
23|360|433|816
23|360|434|817
23|361|434|818
23|361|435|819
23|362|435|820
23|362|436|821
23|363|436|822
23|363|437|823
23|364|437|824
23|364|438|825
23|365|438|826
23|365|439|827
23|366|439|828
23|366|440|829
23|367|440|830
23|367|441|831
23|368|441|832
23|368|442|833
23|369|442|834
23|369|443|835
23|370|443|836
23|370|444|837
23|371|444|838
23|371|445|839
23|371|446|840
23|371|447|841
23|372|447|842
23|372|448|843
23|373|448|844
23|373|449|845
23|374|449|846
23|374|450|847
23|375|450|848
23|375|451|849
23|375|452|850
23|375|453|851
23|376|453|852
23|376|454|853
23|377|454|854
23|377|455|855
23|378|455|856
23|378|456|857
23|379|456|858
23|379|457|859
23|380|457|860
23|380|458|861
23|381|458|862
23|381|459|863
23|381|460|864
23|381|461|865
23|382|461|866
23|382|462|867
23|383|462|868
23|383|463|869
23|384|463|870
23|384|464|871
23|385|464|872
23|385|465|873
23|386|465|874
23|386|466|875
23|387|466|876
23|388|466|877
23|389|466|878
23|390|466|879
23|391|466|880
23|391|467|881
23|392|467|882
23|392|468|883
23|393|468|884
23|393|469|885
23|394|469|886
23|395|469|887
23|396|469|888
23|396|470|889
23|397|470|890
23|398|470|891
23|399|470|892
23|400|470|893
23|401|470|894
23|401|471|895
23|402|471|896
23|402|472|897
23|403|472|898
23|404|472|899
23|405|472|900
23|405|473|901
23|406|473|902
23|406|474|903
23|407|474|904
23|407|475|905
23|408|475|906
23|408|476|907
23|409|476|908
23|410|476|909
23|411|476|910
23|411|477|911
23|411|478|912
23|411|479|913
23|411|480|914
23|411|481|915
23|411|482|916
23|411|483|917
23|411|484|918
23|411|485|919
23|411|486|920
23|412|486|921
23|412|487|922
23|412|488|923
23|412|489|924
23|412|490|925
23|412|491|926
23|412|492|927
23|412|493|928
23|412|494|929
23|412|495|930
23|412|496|931
23|413|496|932
23|413|497|933
23|413|498|934
23|413|499|935
23|413|500|936
23|413|501|937
23|413|502|938
23|413|503|939
23|413|504|940
23|413|505|941
23|413|506|942
23|413|507|943
23|413|508|944
23|414|508|945
23|414|509|946
23|414|510|947
23|415|510|948
23|415|511|949
23|416|511|950
23|416|512|951
23|417|512|952
23|417|513|953
23|418|513|954
23|418|514|955
23|419|514|956
23|419|515|957
23|420|515|958
23|420|516|959
23|421|516|960
23|421|517|961
23|422|517|962
23|422|518|963
23|423|518|964
23|423|519|965
23|424|519|966
23|424|520|967
23|425|520|968
23|425|521|969
23|426|521|970
23|426|522|971
23|427|522|972
23|427|523|973
23|428|523|974
23|428|524|975
23|429|524|976
23|429|525|977
23|430|525|978
23|430|526|979
23|431|526|980
23|431|527|981
23|432|527|982
23|432|528|983
23|432|529|984
23|433|529|985
23|434|529|986
23|435|529|987
23|436|529|988
23|436|530|989
23|437|530|990
23|437|531|991
23|438|531|992
23|439|531|993
23|439|532|994
23|440|532|995
23|441|532|996
23|441|533|997
23|442|533|998
23|442|534|999
23|443|534|1000
23|444|534|1001
23|444|535|1002
23|444|536|1003
23|445|536|1004
23|445|537|1005
23|446|537|1006
23|446|538|1007
23|447|538|1008
23|447|539|1009
23|447|540|1010
23|447|541|1011
23|448|541|1012
23|448|542|1013
23|448|543|1014
23|448|544|1015
23|448|545|1016
23|449|545|1017
23|449|546|1018
23|450|546|1019
23|450|547|1020
23|451|547|1021
23|451|548|1022
23|452|548|1023
23|452|549|1024
23|453|549|1025
23|453|550|1026
23|454|550|1027
23|454|551|1028
23|455|551|1029
23|455|552|1030
23|456|552|1031
23|456|553|1032
23|457|553|1033
23|457|554|1034
23|458|554|1035
23|458|555|1036
23|459|555|1037
23|459|556|1038
23|460|556|1039
23|460|557|1040
23|461|557|1041
23|461|558|1042
23|462|558|1043
23|462|559|1044
23|463|559|1045
23|463|560|1046
23|464|560|1047
23|464|561|1048
23|465|561|1049
23|465|562|1050
23|466|562|1051
23|466|563|1052
23|467|563|1053
23|467|564|1054
23|467|565|1055
23|467|566|1056
23|467|567|1057
23|468|567|1058
23|468|568|1059
23|469|568|1060
23|469|569|1061
23|470|569|1062
23|470|570|1063
23|471|570|1064
23|471|571|1065
23|471|572|1066
23|471|573|1067
23|472|573|1068
23|472|574|1069
23|473|574|1070
23|473|575|1071
23|474|575|1072
23|474|576|1073
23|474|577|1074
23|474|578|1075
23|475|578|1076
23|475|579|1077
23|476|579|1078
23|476|580|1079
23|477|580|1080
23|477|581|1081
23|477|582|1082
23|477|583|1083
23|478|583|1084
23|478|584|1085
23|479|584|1086
23|479|585|1087
23|480|585|1088
23|480|586|1089
23|481|586|1090
23|481|587|1091
23|482|587|1092
23|483|587|1093
23|484|587|1094
23|485|587|1095
23|486|587|1096
23|487|587|1097
23|488|587|1098
23|488|588|1099
23|489|588|1100
23|490|588|1101
23|490|589|1102
23|491|590|1104
23|492|590|1105
23|493|590|1106
23|494|590|1107
23|494|591|1108
23|495|591|1109
23|495|592|1110
23|496|592|1111
23|496|593|1112
23|497|593|1113
23|497|594|1114
23|498|594|1115
23|499|594|1116
23|500|594|1117
23|501|594|1118
23|501|595|1119
23|501|596|1120
23|502|596|1121
23|502|597|1122
23|502|598|1123
23|503|598|1124
23|504|598|1125
23|504|599|1126
23|504|600|1127
23|505|600|1128
23|505|601|1129
23|505|602|1130
23|506|602|1131
23|506|603|1132
23|506|604|1133
23|506|605|1134
23|507|605|1135
23|507|606|1136
23|508|606|1137
23|508|607|1138
23|509|607|1139
23|509|608|1140
23|510|608|1141
23|510|609|1142
23|510|610|1143
23|510|611|1144
23|511|611|1145
23|511|612|1146
23|511|613|1147
23|511|614|1148
23|511|615|1149
23|511|616|1150
23|511|617|1151
23|512|617|1152
23|513|617|1153
23|513|618|1154
23|514|618|1155
23|514|619|1156
23|514|620|1157
23|514|621|1158
23|514|622|1159
23|514|623|1160
23|514|624|1161
23|514|625|1162
23|515|625|1163
23|515|626|1164
23|516|626|1165
23|516|627|1166
23|517|627|1167
23|517|628|1168
23|518|628|1169
23|519|628|1170
23|520|628|1171
23|520|629|1172
23|521|629|1173
23|521|630|1174
23|522|630|1175
23|522|631|1176
23|523|631|1177
23|524|631|1178
23|525|631|1179
23|525|632|1180
23|526|632|1181
23|526|633|1182
23|527|633|1183
23|527|634|1184
23|528|634|1185
23|528|635|1186
23|529|635|1187
23|529|636|1188
23|530|636|1189
23|530|637|1190
23|531|637|1191
23|531|638|1192
23|532|638|1193
23|532|639|1194
23|533|639|1195
23|534|639|1196
23|535|639|1197
23|535|640|1198
23|535|641|1199
23|535|642|1200
23|536|642|1201
23|536|643|1202
23|537|643|1203
23|537|644|1204
23|538|644|1205
23|538|645|1206
23|539|645|1207
23|539|646|1208
23|540|646|1209
23|540|647|1210
23|541|647|1211
23|541|648|1212
23|542|648|1213
23|542|649|1214
23|543|649|1215
23|543|650|1216
23|544|650|1217
23|544|651|1218
23|545|651|1219
23|545|652|1220
23|546|652|1221
23|546|653|1222
23|547|653|1223
23|547|654|1224
23|548|654|1225
23|548|655|1226
23|549|655|1227
23|549|656|1228
23|550|656|1229
23|550|657|1230
23|551|657|1231
23|552|657|1232
23|553|657|1233
23|554|657|1234
23|555|657|1235
23|555|658|1236
23|556|658|1237
23|556|659|1238
23|557|659|1239
23|557|660|1240
23|558|660|1241
23|558|661|1242
23|559|661|1243
23|559|662|1244
23|560|662|1245
23|560|663|1246
23|561|663|1247
23|561|664|1248
23|562|664|1249
23|562|665|1250
23|563|665|1251
23|563|666|1252
23|564|666|1253
23|564|667|1254
23|565|667|1255
23|565|668|1256
23|566|668|1257
23|566|669|1258
23|567|669|1259
23|567|670|1260
23|568|670|1261
23|568|671|1262
23|569|671|1263
23|569|672|1264
23|570|672|1265
23|570|673|1266
23|571|673|1267
23|571|674|1268
23|572|674|1269
23|572|675|1270
23|573|675|1271
23|574|675|1272
23|575|675|1273
23|576|675|1274
23|577|675|1275
23|577|676|1276
23|578|676|1277
23|578|677|1278
23|579|677|1279
23|580|677|1280
23|581|677|1281
23|581|678|1282
23|582|678|1283
23|582|679|1284
23|583|679|1285
23|584|679|1286
23|585|679|1287
23|586|679|1288
23|587|679|1289
23|587|680|1290
23|588|680|1291
23|588|681|1292
23|589|681|1293
23|590|681|1294
23|591|681|1295
23|592|681|1296
23|593|681|1297
23|593|682|1298
23|594|682|1299
23|594|683|1300
24|594|683|1301
24|594|684|1302
25|594|684|1303
25|595|684|1304
25|596|684|1305
25|596|685|1306
25|597|685|1307
25|597|686|1308
25|597|687|1309
25|597|688|1310
25|598|688|1311
25|598|689|1312
25|599|689|1313
25|599|690|1314
25|599|691|1315
25|599|692|1316
25|600|692|1317
25|600|693|1318
25|601|693|1319
25|601|694|1320
25|602|694|1321
25|602|695|1322
25|603|695|1323
25|603|696|1324
25|603|697|1325
25|603|698|1326
25|604|698|1327
25|604|699|1328
25|605|699|1329
25|605|700|1330
25|606|700|1331
25|606|701|1332
25|607|701|1333
25|607|702|1334
25|608|702|1335
25|608|703|1336
25|608|704|1337
26|608|704|1338
26|609|704|1339
26|609|705|1340
26|609|706|1341
26|609|707|1342
26|610|707|1343
26|610|708|1344
26|611|708|1345
26|612|708|1346
26|613|708|1347
26|613|709|1348
26|614|709|1349
26|614|710|1350
26|615|710|1351
26|615|711|1352
26|616|711|1353
26|616|712|1354
26|617|712|1355
26|617|713|1356
26|618|713|1357
26|618|714|1358
26|619|714|1359
26|619|715|1360
26|620|715|1361
26|620|716|1362
26|621|716|1363
26|621|717|1364
26|622|717|1365
26|622|718|1366
26|623|718|1367
26|623|719|1368
26|624|719|1369
26|624|720|1370
26|625|720|1371
26|625|721|1372
26|626|721|1373
26|626|722|1374
26|627|722|1375
26|627|723|1376
26|628|723|1377
26|628|724|1378
26|628|725|1379
26|628|726|1380
26|629|726|1381
26|629|727|1382
26|630|727|1383
26|630|728|1384
26|631|728|1385
26|631|729|1386
26|632|729|1387
26|632|730|1388
26|632|731|1389
26|632|732|1390
26|633|732|1391
26|633|733|1392
26|634|733|1393
26|634|734|1394
26|635|734|1395
26|635|735|1396
26|636|735|1397
26|636|736|1398
26|636|737|1399
26|636|738|1400
26|637|738|1401
26|637|739|1402
26|637|740|1403
26|637|741|1404
26|638|741|1405
26|638|742|1406
26|639|742|1407
26|639|743|1408
26|640|743|1409
26|640|744|1410
26|641|744|1411
26|641|745|1412
26|642|745|1413
26|642|746|1414
26|643|746|1415
26|644|746|1416
26|645|746|1417
26|646|746|1418
26|647|746|1419
26|647|747|1420
26|648|747|1421
26|648|748|1422
26|649|748|1423
26|650|748|1424
26|651|748|1425
26|652|748|1426
26|653|748|1427
26|653|749|1428
26|654|749|1429
26|654|750|1430
26|655|750|1431
26|656|750|1432
26|657|750|1433
26|657|751|1434
26|658|751|1435
26|658|752|1436
26|659|752|1437
26|660|752|1438
26|661|752|1439
26|662|752|1440
26|663|752|1441
26|663|753|1442
26|664|753|1443
26|664|754|1444
26|665|754|1445
26|665|755|1446
26|666|755|1447
26|666|756|1448
26|667|756|1449
26|667|757|1450
26|667|758|1451
26|667|759|1452
26|667|760|1453
26|667|761|1454
26|667|762|1455
26|667|763|1456
26|667|764|1457
26|667|765|1458
26|667|766|1459
26|667|767|1460
26|667|768|1461
26|667|769|1462
26|667|770|1463
26|667|771|1464
26|667|772|1465
26|667|773|1466
26|667|774|1467
26|667|775|1468
26|667|776|1469
26|667|777|1470
26|667|778|1471
26|667|779|1472
26|667|780|1473
26|667|781|1474
26|667|782|1475
26|667|783|1476
26|667|784|1477
26|667|785|1478
26|667|786|1479
26|667|787|1480
26|667|788|1481
26|667|789|1482
26|667|790|1483
26|667|791|1484
26|667|792|1485
26|668|792|1486
26|669|792|1487
26|669|793|1488
26|670|793|1489
26|670|794|1490
26|671|794|1491
26|671|795|1492
26|672|795|1493
26|672|796|1494
26|673|796|1495
26|673|797|1496
26|674|797|1497
26|674|798|1498
26|675|798|1499
26|675|799|1500
26|676|799|1501
26|676|800|1502
26|677|800|1503
26|677|801|1504
26|678|801|1505
26|678|802|1506
26|679|802|1507
26|679|803|1508
26|680|803|1509
26|680|804|1510
26|681|804|1511
26|681|805|1512
26|682|805|1513
26|682|806|1514
26|683|806|1515
26|683|807|1516
26|684|807|1517
26|684|808|1518
26|685|808|1519
26|685|809|1520
26|686|809|1521
26|686|810|1522
26|686|811|1523
26|686|812|1524
26|687|812|1525
26|687|813|1526
26|688|813|1527
26|688|814|1528
26|689|814|1529
26|689|815|1530
26|690|815|1531
26|690|816|1532
26|690|817|1533
26|690|818|1534
26|691|818|1535
26|691|819|1536
26|691|820|1537
26|691|821|1538
26|692|821|1539
26|692|822|1540
26|692|823|1541
26|692|824|1542
26|693|824|1543
26|693|825|1544
26|694|825|1545
26|694|826|1546
26|694|827|1547
26|694|828|1548
26|695|828|1549
26|695|829|1550
26|695|830|1551
26|695|831|1552
26|696|831|1553
26|696|832|1554
26|697|832|1555
26|697|833|1556
26|698|833|1557
26|698|834|1558
26|699|834|1559
26|699|835|1560
26|700|835|1561
26|700|836|1562
26|701|836|1563
26|701|837|1564
26|702|837|1565
26|702|838|1566
26|703|838|1567
26|704|838|1568
26|705|838|1569
26|705|839|1570
26|706|839|1571
26|706|840|1572
26|707|840|1573
26|707|841|1574
26|708|841|1575
26|709|841|1576
26|710|841|1577
26|710|842|1578
26|711|842|1579
26|711|843|1580
26|712|843|1581
26|712|844|1582
26|713|844|1583
26|713|845|1584
26|714|845|1585
26|714|846|1586
26|715|846|1587
26|715|847|1588
26|716|847|1589
26|716|848|1590
26|717|848|1591
26|718|848|1592
26|719|848|1593
26|719|849|1594
26|719|850|1595
26|719|851|1596
26|719|852|1597
26|719|853|1598
26|719|854|1599
26|719|855|1600
26|719|856|1601
26|719|857|1602
26|720|857|1603
26|721|857|1604
26|721|858|1605
26|721|859|1606
26|721|860|1607
26|721|861|1608
26|721|862|1609
26|721|863|1610
26|722|863|1611
26|723|863|1612
26|723|864|1613
27|723|864|1614
27|723|865|1615
27|723|866|1616
27|723|867|1617
27|723|868|1618
27|723|869|1619
27|723|870|1620
27|723|871|1621
27|723|872|1622
27|723|873|1623
27|723|874|1624
27|723|875|1625
27|723|876|1626
27|723|877|1627
27|723|878|1628
27|723|879|1629
27|724|879|1630
27|725|879|1631
27|725|880|1632
27|726|880|1633
27|726|881|1634
27|727|881|1635
27|727|882|1636
27|728|882|1637
27|728|883|1638
27|729|883|1639
27|729|884|1640
27|730|884|1641
27|730|885|1642
27|731|885|1643
27|731|886|1644
27|732|886|1645
27|732|887|1646
27|733|887|1647
27|733|888|1648
27|734|888|1649
27|734|889|1650
27|735|889|1651
27|735|890|1652
27|736|890|1653
27|736|891|1654
27|737|891|1655
27|737|892|1656
27|738|892|1657
27|738|893|1658
27|739|893|1659
27|739|894|1660
27|740|894|1661
27|740|895|1662
27|741|895|1663
27|741|896|1664
27|742|896|1665
27|742|897|1666
27|742|898|1667
27|743|898|1668
27|744|898|1669
27|744|899|1670
27|745|899|1671
27|745|900|1672
27|746|900|1673
27|746|901|1674
27|747|901|1675
27|747|902|1676
27|747|903|1677
27|747|904|1678
27|748|904|1679
27|748|905|1680
27|748|906|1681
27|748|907|1682
27|749|907|1683
27|749|908|1684
27|749|909|1685
27|749|910|1686
27|750|910|1687
27|750|911|1688
27|751|911|1689
27|751|912|1690
27|752|912|1691
27|753|912|1692
27|753|913|1693
27|753|914|1694
27|754|914|1695
27|754|915|1696
27|754|916|1697
27|754|917|1698
27|754|918|1699
27|754|919|1700
27|755|919|1701
27|755|920|1702
27|755|921|1703
27|756|921|1704
27|756|922|1705
27|757|922|1706
27|757|923|1707
27|758|923|1708
27|758|924|1709
27|759|924|1710
27|759|925|1711
27|760|925|1712
27|760|926|1713
27|761|926|1714
27|761|927|1715
27|762|927|1716
27|762|928|1717
27|763|928|1718
27|763|929|1719
27|764|929|1720
27|764|930|1721
27|765|930|1722
27|765|931|1723
27|766|931|1724
27|766|932|1725
27|767|932|1726
27|767|933|1727
27|768|933|1728
27|768|934|1729
27|769|934|1730
27|769|935|1731
27|770|935|1732
27|770|936|1733
27|771|936|1734
27|771|937|1735
27|772|937|1736
27|772|938|1737
27|773|938|1738
27|773|939|1739
27|774|939|1740
27|774|940|1741
27|775|940|1742
27|775|941|1743
27|776|941|1744
27|776|942|1745
27|777|942|1746
27|777|943|1747
27|778|943|1748
27|778|944|1749
27|779|944|1750
27|779|945|1751
27|780|945|1752
27|780|946|1753
27|781|946|1754
27|781|947|1755
27|782|947|1756
27|782|948|1757
27|783|948|1758
27|783|949|1759
27|784|949|1760
27|784|950|1761
27|785|950|1762
27|785|951|1763
27|786|951|1764
27|786|952|1765
27|787|952|1766
27|787|953|1767
27|788|953|1768
27|788|954|1769
27|789|954|1770
27|789|955|1771
27|790|955|1772
27|790|956|1773
27|791|956|1774
27|792|956|1775
27|792|957|1776
27|793|957|1777
27|793|958|1778
27|794|958|1779
27|795|958|1780
27|796|958|1781
27|796|959|1782
27|797|959|1783
27|797|960|1784
27|798|960|1785
27|798|961|1786
27|799|961|1787
27|799|962|1788
27|800|962|1789
27|801|962|1790
27|802|962|1791
27|802|963|1792
27|803|963|1793
27|803|964|1794
27|804|964|1795
27|804|965|1796
27|805|965|1797
27|806|965|1798
27|807|965|1799
27|807|966|1800
27|808|966|1801
27|808|967|1802
27|809|967|1803
27|809|968|1804
27|810|968|1805
27|810|969|1806
27|811|969|1807
27|812|969|1808
27|813|969|1809
27|814|969|1810
27|814|970|1811
27|814|971|1812
27|814|972|1813
27|814|973|1814
27|815|973|1815
27|815|974|1816
27|815|975|1817
27|815|976|1818
27|816|976|1819
27|816|977|1820
27|816|978|1821
27|816|979|1822
27|816|980|1823
27|816|981|1824
27|817|981|1825
27|818|981|1826
27|818|982|1827
27|818|983|1828
27|819|983|1829
27|819|984|1830
27|820|984|1831
27|820|985|1832
27|821|985|1833
27|821|986|1834
27|822|986|1835
27|822|987|1836
27|823|987|1837
27|823|988|1838
27|823|989|1839
27|823|990|1840
27|824|990|1841
27|824|991|1842
27|824|992|1843
27|824|993|1844
27|824|994|1845
27|824|995|1846
27|825|995|1847
27|826|995|1848
27|827|995|1849
27|827|996|1850
27|828|996|1851
27|828|997|1852
27|829|997|1853
27|830|997|1854
27|831|997|1855
27|832|997|1856
27|833|997|1857
27|834|997|1858
27|835|997|1859
27|835|998|1860
27|836|998|1861
27|837|998|1862
27|838|998|1863
27|838|999|1864
27|839|999|1865
27|839|1000|1866
27|840|1000|1867
27|840|1001|1868
27|841|1001|1869
27|841|1002|1870
27|842|1002|1871
27|842|1003|1872
27|843|1003|1873
27|843|1004|1874
27|844|1004|1875
27|844|1005|1876
27|845|1005|1877
27|845|1006|1878
27|846|1006|1879
27|847|1006|1880
27|848|1006|1881
27|848|1007|1882
27|849|1007|1883
27|849|1008|1884
27|850|1008|1885
27|850|1009|1886
27|851|1009|1887
27|851|1010|1888
27|852|1010|1889
27|852|1011|1890
27|853|1011|1891
28|853|1011|1892
28|854|1011|1893
28|854|1012|1894
28|854|1013|1895
28|854|1014|1896
28|855|1014|1897
28|855|1015|1898
28|855|1016|1899
29|855|1016|1900
29|856|1016|1901
29|856|1017|1902
29|857|1017|1903
29|857|1018|1904
29|858|1018|1905
29|858|1019|1906
29|859|1019|1907
29|859|1020|1908
29|860|1020|1909
29|860|1021|1910
29|861|1021|1911
29|861|1022|1912
29|862|1022|1913
29|862|1023|1914
29|863|1023|1915
29|864|1023|1916
29|864|1024|1917
29|864|1025|1918
29|865|1025|1919
29|865|1026|1920
29|866|1026|1921
29|866|1027|1922
29|867|1027|1923
29|867|1028|1924
29|868|1028|1925
29|868|1029|1926
29|869|1029|1927
29|869|1030|1928
29|870|1030|1929
29|870|1031|1930
29|871|1031|1931
29|871|1032|1932
29|872|1032|1933
29|872|1033|1934
29|873|1033|1935
29|873|1034|1936
29|874|1034|1937
29|874|1035|1938
29|875|1035|1939
29|875|1036|1940
29|876|1036|1941
29|876|1037|1942
29|877|1037|1943
29|877|1038|1944
29|878|1038|1945
29|878|1039|1946
29|879|1039|1947
29|879|1040|1948
29|880|1040|1949
29|880|1041|1950
29|881|1041|1951
29|881|1042|1952
29|882|1042|1953
29|882|1043|1954
29|883|1043|1955
29|884|1043|1956
29|885|1043|1957
29|885|1044|1958
29|886|1044|1959
29|886|1045|1960
29|887|1045|1961
29|887|1046|1962
29|888|1046|1963
29|889|1046|1964
29|890|1046|1965
29|891|1046|1966
29|892|1046|1967
29|892|1047|1968
29|893|1047|1969
29|894|1047|1970
29|895|1047|1971
29|895|1048|1972
29|896|1048|1973
29|896|1049|1974
29|897|1049|1975
29|897|1050|1976
29|898|1050|1977
29|899|1050|1978
29|900|1050|1979
29|901|1050|1980
29|902|1050|1981
29|902|1051|1982
29|903|1051|1983
29|904|1051|1984
30|904|1051|1985
30|904|1052|1986
30|905|1052|1987
30|905|1053|1988
30|906|1053|1989
30|907|1053|1990
30|908|1053|1991
30|908|1054|1992
30|908|1055|1993
30|908|1056|1994
30|909|1056|1995
30|909|1057|1996
30|910|1057|1997
30|910|1058|1998
30|911|1058|1999
30|911|1059|2000
