total
0|1|0|1
1|1|0|2
1|2|0|3
1|3|0|4
1|4|0|5
1|5|0|6
1|5|1|7
1|6|1|8
1|7|1|9
1|8|1|10
1|8|2|11
1|9|2|12
1|9|3|13
1|10|3|14
1|10|4|15
1|11|4|16
1|11|5|17
1|12|5|18
1|12|6|19
1|13|6|20
1|13|7|21
1|14|7|22
1|14|8|23
1|15|8|24
1|15|9|25
1|16|9|26
1|16|10|27
1|17|10|28
1|17|11|29
1|18|11|30
1|18|12|31
1|19|12|32
1|19|13|33
1|20|13|34
1|20|14|35
1|21|14|36
1|21|15|37
1|22|15|38
1|22|16|39
1|23|16|40
1|23|17|41
1|24|17|42
1|24|18|43
1|25|18|44
1|25|19|45
1|26|19|46
1|27|19|47
1|28|19|48
1|29|19|49
1|30|19|50
1|30|20|51
1|31|20|52
1|31|21|53
1|32|21|54
1|33|21|55
1|34|21|56
1|35|21|57
1|36|21|58
1|37|21|59
1|38|21|60
1|38|22|61
1|39|22|62
1|40|22|63
1|41|22|64
1|41|23|65
1|42|23|66
1|42|24|67
1|43|24|68
1|44|24|69
2|44|24|70
2|45|24|71
2|46|24|72
2|46|25|73
2|47|25|74
2|48|25|75
2|49|25|76
2|50|25|77
3|50|25|78
3|50|26|79
4|50|26|80
4|51|26|81
5|51|26|82
5|52|26|83
6|52|26|84
6|53|26|85
7|53|26|86
7|54|26|87
7|55|26|88
7|56|26|89
7|57|26|90
7|58|26|91
7|59|26|92
7|60|26|93
8|60|26|94
8|61|26|95
8|62|26|96
8|63|26|97
8|64|26|98
8|65|26|99
9|65|26|100
9|65|27|101
9|66|27|102
9|66|28|103
10|66|28|104
10|67|28|105
11|67|28|106
11|68|28|107
11|69|28|108
11|69|29|109
11|70|29|110
11|71|29|111
12|71|29|112
12|72|29|113
13|72|29|114
13|73|29|115
14|73|29|116
14|74|29|117
14|75|29|118
14|75|30|119
14|76|30|120
14|76|31|121
14|77|31|122
14|77|32|123
14|78|32|124
14|78|33|125
14|79|33|126
14|79|34|127
14|80|34|128
14|80|35|129
14|81|35|130
14|81|36|131
14|82|36|132
14|82|37|133
14|83|37|134
14|83|38|135
14|84|38|136
14|84|39|137
14|85|39|138
14|85|40|139
14|86|40|140
14|86|41|141
14|87|41|142
14|87|42|143
14|88|42|144
14|88|43|145
14|89|43|146
14|89|44|147
14|90|44|148
14|90|45|149
14|91|45|150
14|91|46|151
14|92|46|152
14|92|47|153
14|93|47|154
14|93|48|155
14|94|48|156
14|94|49|157
14|95|49|158
14|95|50|159
14|96|50|160
14|96|51|161
14|97|51|162
14|97|52|163
14|98|52|164
14|98|53|165
14|99|53|166
14|99|54|167
14|100|54|168
14|100|55|169
14|101|55|170
14|101|56|171
14|102|56|172
14|102|57|173
14|103|57|174
14|103|58|175
14|104|58|176
14|104|59|177
14|105|59|178
14|105|60|179
14|106|60|180
14|106|61|181
14|107|61|182
14|107|62|183
14|108|62|184
14|108|63|185
14|109|63|186
14|109|64|187
14|110|64|188
14|110|65|189
14|111|65|190
14|112|65|191
15|112|65|192
15|113|65|193
15|114|65|194
15|114|66|195
15|115|66|196
15|115|67|197
15|116|67|198
15|117|67|199
15|118|67|200
15|119|67|201
15|120|67|202
15|121|67|203
15|122|67|204
15|122|68|205
15|123|68|206
15|124|68|207
16|124|68|208
16|125|68|209
16|126|68|210
16|126|69|211
16|127|69|212
16|127|70|213
16|128|70|214
16|129|70|215
16|130|70|216
16|130|71|217
16|131|71|218
16|132|71|219
16|133|71|220
16|134|71|221
17|134|71|222
17|135|71|223
17|136|71|224
17|137|71|225
17|138|71|226
17|139|71|227
17|140|71|228
17|141|71|229
17|142|71|230
17|142|72|231
17|143|72|232
17|143|73|233
17|143|74|234
17|144|74|235
17|145|74|236
17|146|74|237
17|147|74|238
17|148|74|239
17|149|74|240
17|149|75|241
17|150|75|242
17|151|75|243
17|152|75|244
17|153|75|245
18|153|75|246
18|153|76|247
18|154|76|248
18|154|77|249
18|154|78|250
18|155|78|251
18|156|78|252
18|156|79|253
18|157|79|254
18|157|80|255
18|157|81|256
18|158|81|257
18|159|81|258
18|160|81|259
19|160|81|260
19|160|82|261
19|161|82|262
19|161|83|263
19|162|83|264
19|162|84|265
19|163|84|266
19|163|85|267
19|164|85|268
19|164|86|269
19|165|86|270
19|165|87|271
19|166|87|272
19|166|88|273
19|167|88|274
19|167|89|275
19|168|89|276
19|168|90|277
19|169|90|278
19|169|91|279
19|170|91|280
19|170|92|281
19|171|92|282
19|171|93|283
19|172|93|284
19|172|94|285
19|173|94|286
19|173|95|287
19|174|95|288
19|174|96|289
19|175|96|290
19|175|97|291
19|176|97|292
19|176|98|293
19|177|98|294
19|177|99|295
19|178|99|296
19|178|100|297
19|179|100|298
19|180|100|299
19|181|100|300
19|182|100|301
19|183|100|302
19|183|101|303
19|184|101|304
19|184|102|305
19|185|102|306
19|186|102|307
19|187|102|308
19|188|102|309
19|189|102|310
19|190|102|311
19|191|102|312
19|191|103|313
19|192|103|314
19|193|103|315
19|194|103|316
19|195|103|317
19|196|103|318
19|196|104|319
19|197|104|320
19|197|105|321
19|198|105|322
19|198|106|323
19|199|106|324
19|200|106|325
19|201|106|326
19|201|107|327
19|202|107|328
19|203|107|329
19|204|107|330
19|205|107|331
19|205|108|332
19|206|108|333
19|207|108|334
19|208|108|335
19|208|109|336
19|209|109|337
19|209|110|338
19|210|110|339
20|210|110|340
20|211|110|341
20|212|110|342
20|213|110|343
21|213|110|344
21|213|111|345
21|214|111|346
21|215|111|347
22|215|111|348
22|215|112|349
22|216|112|350
22|216|113|351
23|216|113|352
23|217|113|353
24|217|113|354
24|218|113|355
24|218|114|356
24|219|114|357
24|220|114|358
24|221|114|359
25|221|114|360
25|222|114|361
25|223|114|362
25|224|114|363
25|225|114|364
25|226|114|365
25|227|114|366
25|228|114|367
25|228|115|368
25|229|115|369
25|229|116|370
25|230|116|371
25|231|116|372
25|232|116|373
25|233|116|374
25|234|116|375
25|235|116|376
25|236|116|377
25|237|116|378
25|238|116|379
25|239|116|380
25|240|116|381
25|241|116|382
25|242|116|383
25|243|116|384
25|244|116|385
25|245|116|386
25|246|116|387
25|247|116|388
25|248|116|389
25|249|116|390
25|250|116|391
25|251|116|392
25|252|116|393
25|253|116|394
25|254|116|395
25|255|116|396
25|256|116|397
25|257|116|398
25|258|116|399
25|259|116|400
25|260|116|401
25|261|116|402
25|262|116|403
25|263|116|404
25|264|116|405
25|265|116|406
25|265|117|407
25|266|117|408
25|267|117|409
25|268|117|410
25|268|118|411
25|269|118|412
25|269|119|413
25|270|119|414
25|271|119|415
25|272|119|416
25|273|119|417
25|274|119|418
25|275|119|419
25|276|119|420
25|276|120|421
25|277|120|422
25|278|120|423
25|279|120|424
25|280|120|425
25|281|120|426
25|281|121|427
25|282|121|428
25|282|122|429
25|283|122|430
25|283|123|431
25|284|123|432
25|285|123|433
25|286|123|434
25|286|124|435
25|287|124|436
25|287|125|437
25|288|125|438
25|289|125|439
25|290|125|440
25|290|126|441
25|291|126|442
25|292|126|443
25|293|126|444
25|293|127|445
25|294|127|446
25|294|128|447
25|295|128|448
25|296|128|449
26|296|128|450
26|297|128|451
26|298|128|452
26|299|128|453
26|300|128|454
26|300|129|455
26|301|129|456
26|302|129|457
27|302|129|458
27|303|129|459
28|303|129|460
28|303|130|461
28|304|130|462
28|304|131|463
28|305|131|464
28|305|132|465
28|306|132|466
28|307|132|467
28|308|132|468
28|308|133|469
28|309|133|470
28|310|133|471
28|311|133|472
28|312|133|473
28|313|133|474
28|314|133|475
28|314|134|476
28|314|135|477
28|315|135|478
28|316|135|479
29|316|135|480
29|316|136|481
29|317|136|482
29|317|137|483
29|318|137|484
29|319|137|485
30|319|137|486
30|320|137|487
30|321|137|488
30|322|137|489
30|323|137|490
30|323|138|491
30|324|138|492
30|325|138|493
31|325|138|494
31|326|138|495
31|327|138|496
31|327|139|497
31|328|139|498
31|328|140|499
31|329|140|500
31|330|140|501
32|330|140|502
32|331|140|503
32|332|140|504
32|332|141|505
32|333|141|506
32|334|141|507
32|335|141|508
32|335|142|509
32|336|142|510
32|337|142|511
32|338|142|512
32|338|143|513
32|339|143|514
32|339|144|515
32|340|144|516
32|340|145|517
32|341|145|518
32|341|146|519
32|342|146|520
32|342|147|521
32|343|147|522
32|343|148|523
32|344|148|524
32|344|149|525
32|345|149|526
32|345|150|527
32|346|150|528
32|346|151|529
32|347|151|530
32|347|152|531
32|348|152|532
32|348|153|533
32|349|153|534
32|349|154|535
32|350|154|536
32|350|155|537
32|351|155|538
32|351|156|539
32|352|156|540
32|352|157|541
32|353|157|542
32|353|158|543
32|354|158|544
32|354|159|545
33|354|159|546
33|354|160|547
33|355|160|548
33|355|161|549
33|356|161|550
33|356|162|551
33|357|162|552
33|357|163|553
33|358|163|554
33|358|164|555
33|359|164|556
33|359|165|557
33|360|165|558
33|360|166|559
33|361|166|560
33|361|167|561
33|362|167|562
33|362|168|563
33|363|168|564
33|363|169|565
33|364|169|566
33|364|170|567
33|365|170|568
33|365|171|569
33|366|171|570
33|366|172|571
33|367|172|572
33|367|173|573
33|368|173|574
33|368|174|575
33|369|174|576
33|369|175|577
33|370|175|578
33|370|176|579
33|371|176|580
33|371|177|581
33|372|177|582
33|372|178|583
33|373|178|584
33|373|179|585
33|374|179|586
33|375|179|587
34|375|179|588
34|376|179|589
34|377|179|590
34|377|180|591
34|378|180|592
34|378|181|593
34|379|181|594
34|380|181|595
35|380|181|596
35|381|181|597
35|382|181|598
35|382|182|599
35|383|182|600
35|384|182|601
36|384|182|602
36|385|182|603
37|385|182|604
37|385|183|605
37|386|183|606
37|386|184|607
37|387|184|608
37|388|184|609
37|389|184|610
37|390|184|611
38|390|184|612
38|390|185|613
38|391|185|614
38|392|185|615
38|393|185|616
38|394|185|617
38|395|185|618
38|395|186|619
39|395|186|620
39|396|186|621
39|397|186|622
39|398|186|623
39|399|186|624
39|400|186|625
40|400|186|626
40|401|186|627
40|402|186|628
40|403|186|629
40|404|186|630
40|405|186|631
40|406|186|632
40|407|186|633
40|408|186|634
40|409|186|635
40|410|186|636
40|411|186|637
40|412|186|638
40|413|186|639
40|414|186|640
40|415|186|641
40|416|186|642
40|417|186|643
40|418|186|644
40|419|186|645
40|420|186|646
40|421|186|647
40|422|186|648
40|423|186|649
40|424|186|650
40|425|186|651
40|426|186|652
40|427|186|653
40|428|186|654
40|429|186|655
40|430|186|656
40|431|186|657
40|432|186|658
40|433|186|659
40|434|186|660
40|435|186|661
40|436|186|662
40|436|187|663
40|437|187|664
40|437|188|665
40|438|188|666
40|439|188|667
40|440|188|668
40|441|188|669
40|442|188|670
40|442|189|671
40|443|189|672
40|444|189|673
40|445|189|674
40|446|189|675
40|447|189|676
40|447|190|677
40|448|190|678
40|448|191|679
40|449|191|680
40|449|192|681
40|450|192|682
40|451|192|683
40|452|192|684
40|452|193|685
40|453|193|686
40|454|193|687
40|455|193|688
40|456|193|689
40|457|193|690
40|457|194|691
40|458|194|692
40|459|194|693
40|460|194|694
40|460|195|695
40|461|195|696
40|461|196|697
40|462|196|698
40|462|197|699
40|463|197|700
40|463|198|701
40|464|198|702
40|464|199|703
40|465|199|704
40|465|200|705
40|466|200|706
40|466|201|707
40|467|201|708
40|467|202|709
40|468|202|710
40|468|203|711
40|469|203|712
40|469|204|713
40|470|204|714
40|470|205|715
40|471|205|716
40|471|206|717
40|472|206|718
40|472|207|719
40|473|207|720
40|473|208|721
40|474|208|722
40|474|209|723
40|475|209|724
40|475|210|725
40|476|210|726
40|476|211|727
40|477|211|728
40|477|212|729
40|478|212|730
40|479|212|731
40|480|212|732
40|481|212|733
41|481|212|734
41|481|213|735
41|482|213|736
41|482|214|737
41|483|214|738
41|483|215|739
41|484|215|740
41|485|215|741
42|485|215|742
42|486|215|743
42|487|215|744
42|487|216|745
42|488|216|746
42|489|216|747
42|490|216|748
42|490|217|749
42|491|217|750
42|491|218|751
42|492|218|752
42|493|218|753
43|493|218|754
43|494|218|755
44|494|218|756
44|494|219|757
44|495|219|758
44|496|219|759
44|497|219|760
44|498|219|761
44|499|219|762
44|499|220|763
45|499|220|764
45|499|221|765
45|500|221|766
45|501|221|767
45|502|221|768
45|503|221|769
46|503|221|770
46|504|221|771
46|505|221|772
46|506|221|773
47|506|221|774
47|507|221|775
47|508|221|776
47|509|221|777
47|510|221|778
47|511|221|779
47|512|221|780
47|513|221|781
48|513|221|782
48|514|221|783
49|514|221|784
49|515|221|785
50|515|221|786
50|516|221|787
50|517|221|788
50|518|221|789
51|518|221|790
51|519|221|791
52|519|221|792
52|520|221|793
52|521|221|794
52|522|221|795
52|522|222|796
52|523|222|797
52|524|222|798
52|525|222|799
52|526|222|800
52|527|222|801
52|528|222|802
52|528|223|803
52|529|223|804
52|529|224|805
52|530|224|806
52|530|225|807
52|531|225|808
52|531|226|809
52|532|226|810
52|532|227|811
52|533|227|812
52|533|228|813
52|534|228|814
52|534|229|815
52|535|229|816
52|535|230|817
52|536|230|818
52|536|231|819
52|537|231|820
52|537|232|821
52|538|232|822
52|538|233|823
52|539|233|824
52|539|234|825
52|540|234|826
52|540|235|827
52|541|235|828
52|541|236|829
52|542|236|830
52|542|237|831
52|543|237|832
52|543|238|833
52|544|238|834
52|544|239|835
52|545|239|836
52|545|240|837
52|546|240|838
52|546|241|839
52|547|241|840
52|547|242|841
52|548|242|842
52|548|243|843
52|549|243|844
52|549|244|845
52|550|244|846
52|550|245|847
52|551|245|848
52|551|246|849
52|552|246|850
52|552|247|851
52|553|247|852
52|553|248|853
52|554|248|854
52|554|249|855
52|555|249|856
52|555|250|857
52|556|250|858
52|556|251|859
52|557|251|860
52|557|252|861
52|558|252|862
52|558|253|863
52|559|253|864
52|559|254|865
52|560|254|866
52|560|255|867
52|561|255|868
52|561|256|869
52|562|256|870
52|562|257|871
52|563|257|872
52|563|258|873
52|564|258|874
52|565|258|875
52|566|258|876
52|566|259|877
52|567|259|878
52|567|260|879
52|568|260|880
52|568|261|881
52|569|261|882
52|569|262|883
52|570|262|884
52|571|262|885
52|572|262|886
52|573|262|887
52|574|262|888
52|574|263|889
52|575|263|890
52|576|263|891
53|576|263|892
53|577|263|893
53|578|263|894
53|578|264|895
53|579|264|896
53|579|265|897
53|580|265|898
53|581|265|899
53|582|265|900
53|582|266|901
53|583|266|902
53|584|266|903
53|585|266|904
53|586|266|905
54|586|266|906
54|587|266|907
54|588|266|908
54|588|267|909
54|589|267|910
54|590|267|911
55|590|267|912
55|591|267|913
55|592|267|914
55|592|268|915
55|593|268|916
55|593|269|917
56|593|269|918
56|593|270|919
56|594|270|920
56|595|270|921
56|596|270|922
56|597|270|923
56|598|270|924
56|598|271|925
56|598|272|926
56|599|272|927
57|599|272|928
57|600|272|929
57|601|272|930
57|601|273|931
57|602|273|932
57|602|274|933
57|603|274|934
57|604|274|935
57|605|274|936
57|605|275|937
57|606|275|938
57|606|276|939
57|607|276|940
57|608|276|941
57|609|276|942
57|610|276|943
57|611|276|944
57|611|277|945
58|611|277|946
58|611|278|947
58|612|278|948
58|612|279|949
58|613|279|950
58|613|280|951
58|614|280|952
58|614|281|953
58|615|281|954
58|615|282|955
58|616|282|956
58|616|283|957
58|617|283|958
58|617|284|959
58|618|284|960
58|618|285|961
58|619|285|962
58|619|286|963
58|620|286|964
58|620|287|965
58|621|287|966
58|621|288|967
58|622|288|968
58|622|289|969
58|623|289|970
58|623|290|971
58|624|290|972
58|624|291|973
58|625|291|974
58|625|292|975
58|626|292|976
58|626|293|977
58|627|293|978
58|627|294|979
58|628|294|980
58|628|295|981
58|629|295|982
58|630|295|983
58|631|295|984
58|632|295|985
58|633|295|986
58|633|296|987
58|634|296|988
58|634|297|989
58|635|297|990
58|635|298|991
58|636|298|992
58|637|298|993
58|638|298|994
58|639|298|995
58|640|298|996
58|640|299|997
58|641|299|998
58|642|299|999
58|643|299|1000
58|644|299|1001
58|645|299|1002
58|645|300|1003
58|646|300|1004
58|646|301|1005
58|647|301|1006
58|647|302|1007
58|648|302|1008
58|649|302|1009
58|650|302|1010
58|650|303|1011
58|651|303|1012
58|652|303|1013
58|653|303|1014
58|654|303|1015
58|655|303|1016
58|655|304|1017
58|656|304|1018
58|657|304|1019
58|658|304|1020
58|659|304|1021
58|660|304|1022
58|661|304|1023
58|662|304|1024
58|663|304|1025
58|664|304|1026
58|665|304|1027
58|666|304|1028
58|667|304|1029
58|668|304|1030
58|669|304|1031
58|670|304|1032
58|671|304|1033
58|672|304|1034
58|673|304|1035
58|674|304|1036
58|675|304|1037
59|675|304|1038
59|676|304|1039
59|677|304|1040
59|678|304|1041
59|679|304|1042
59|680|304|1043
60|680|304|1044
60|681|304|1045
60|682|304|1046
60|683|304|1047
60|684|304|1048
60|685|304|1049
60|686|304|1050
60|687|304|1051
60|688|304|1052
60|689|304|1053
60|690|304|1054
60|691|304|1055
60|692|304|1056
60|693|304|1057
60|694|304|1058
60|695|304|1059
60|696|304|1060
60|697|304|1061
60|698|304|1062
60|699|304|1063
60|700|304|1064
60|701|304|1065
60|702|304|1066
60|703|304|1067
60|704|304|1068
60|705|304|1069
60|706|304|1070
60|707|304|1071
60|708|304|1072
60|709|304|1073
60|710|304|1074
60|711|304|1075
60|712|304|1076
60|713|304|1077
60|714|304|1078
60|715|304|1079
60|716|304|1080
60|717|304|1081
60|718|304|1082
60|719|304|1083
60|720|304|1084
60|721|304|1085
60|722|304|1086
60|723|304|1087
60|724|304|1088
60|725|304|1089
60|726|304|1090
60|726|305|1091
60|727|305|1092
60|727|306|1093
60|728|306|1094
60|728|307|1095
60|729|307|1096
60|729|308|1097
60|730|308|1098
60|731|308|1099
60|732|308|1100
60|733|308|1101
60|734|308|1102
60|735|308|1103
60|736|308|1104
60|736|309|1105
60|737|309|1106
60|738|309|1107
60|739|309|1108
60|740|309|1109
60|741|309|1110
60|741|310|1111
60|742|310|1112
60|742|311|1113
60|743|311|1114
60|744|311|1115
60|745|311|1116
60|746|311|1117
60|747|311|1118
60|747|312|1119
60|748|312|1120
60|749|312|1121
60|750|312|1122
60|751|312|1123
60|752|312|1124
60|752|313|1125
60|753|313|1126
60|754|313|1127
60|754|314|1128
60|754|315|1129
60|755|315|1130
60|755|316|1131
60|756|316|1132
60|756|317|1133
60|757|317|1134
60|758|317|1135
60|759|317|1136
60|759|318|1137
60|760|318|1138
60|760|319|1139
60|761|319|1140
60|761|320|1141
60|762|320|1142
60|763|320|1143
60|764|320|1144
60|764|321|1145
60|765|321|1146
60|765|322|1147
60|766|322|1148
60|767|322|1149
60|768|322|1150
60|769|322|1151
60|770|322|1152
60|770|323|1153
60|771|323|1154
60|772|323|1155
60|773|323|1156
60|774|323|1157
61|774|323|1158
61|775|323|1159
61|776|323|1160
61|776|324|1161
61|777|324|1162
61|778|324|1163
61|779|324|1164
61|779|325|1165
61|780|325|1166
61|780|326|1167
61|781|326|1168
61|781|327|1169
62|781|327|1170
62|782|327|1171
62|783|327|1172
62|783|328|1173
62|784|328|1174
62|784|329|1175
62|785|329|1176
62|785|330|1177
63|785|330|1178
63|786|330|1179
63|787|330|1180
63|787|331|1181
63|788|331|1182
63|788|332|1183
63|789|332|1184
63|790|332|1185
63|791|332|1186
63|792|332|1187
64|792|332|1188
64|792|333|1189
64|793|333|1190
64|794|333|1191
64|795|333|1192
64|796|333|1193
64|797|333|1194
64|798|333|1195
64|799|333|1196
64|799|334|1197
64|800|334|1198
64|801|335|1200
64|802|335|1201
64|802|336|1202
64|803|336|1203
64|803|337|1204
65|803|337|1205
65|803|338|1206
65|804|338|1207
65|804|339|1208
65|805|339|1209
65|805|340|1210
65|806|340|1211
65|806|341|1212
66|806|341|1213
66|806|342|1214
66|807|342|1215
66|807|343|1216
66|808|343|1217
66|808|344|1218
66|809|344|1219
66|809|345|1220
66|810|345|1221
66|810|346|1222
66|811|346|1223
66|811|347|1224
66|812|347|1225
66|812|348|1226
66|813|348|1227
66|813|349|1228
66|814|349|1229
66|814|350|1230
66|815|350|1231
66|815|351|1232
66|816|351|1233
66|816|352|1234
66|817|352|1235
66|817|353|1236
66|818|353|1237
66|818|354|1238
66|819|354|1239
66|819|355|1240
66|820|355|1241
66|820|356|1242
66|821|356|1243
66|821|357|1244
66|822|357|1245
66|822|358|1246
66|823|358|1247
66|823|359|1248
66|824|359|1249
66|824|360|1250
66|825|360|1251
66|825|361|1252
66|826|361|1253
66|826|362|1254
66|827|362|1255
66|827|363|1256
66|828|363|1257
66|828|364|1258
66|829|364|1259
66|829|365|1260
66|830|365|1261
66|830|366|1262
66|831|366|1263
66|831|367|1264
66|832|367|1265
66|832|368|1266
66|833|368|1267
66|833|369|1268
66|834|369|1269
66|834|370|1270
66|835|370|1271
66|835|371|1272
66|836|371|1273
66|836|372|1274
66|837|372|1275
66|837|373|1276
66|838|373|1277
66|838|374|1278
66|839|374|1279
66|839|375|1280
66|840|375|1281
66|840|376|1282
66|841|376|1283
66|841|377|1284
66|842|377|1285
66|842|378|1286
67|842|378|1287
67|843|378|1288
67|844|378|1289
67|844|379|1290
67|845|379|1291
67|845|380|1292
67|846|380|1293
67|846|381|1294
67|847|381|1295
67|847|382|1296
67|848|382|1297
67|848|383|1298
67|849|383|1299
67|849|384|1300
68|849|384|1301
68|850|384|1302
68|851|384|1303
68|852|384|1304
69|852|384|1305
69|853|384|1306
70|853|384|1307
70|854|384|1308
70|855|384|1309
70|856|384|1310
70|857|384|1311
70|858|384|1312
70|859|384|1313
70|860|384|1314
70|861|384|1315
70|862|384|1316
70|863|384|1317
70|864|384|1318
70|865|384|1319
70|866|384|1320
70|867|384|1321
70|868|384|1322
70|869|384|1323
70|870|384|1324
70|871|384|1325
70|872|384|1326
70|873|384|1327
70|873|385|1328
70|874|385|1329
70|875|385|1330
70|876|385|1331
70|877|385|1332
70|878|385|1333
70|879|385|1334
70|879|386|1335
70|880|386|1336
70|881|386|1337
70|882|386|1338
70|883|386|1339
70|884|386|1340
70|885|386|1341
70|886|386|1342
70|887|386|1343
70|888|386|1344
70|889|386|1345
70|889|387|1346
70|890|387|1347
70|890|388|1348
70|891|388|1349
70|891|389|1350
70|892|389|1351
70|892|390|1352
70|893|390|1353
70|893|391|1354
70|894|391|1355
70|894|392|1356
70|895|392|1357
70|895|393|1358
70|896|393|1359
70|896|394|1360
70|897|394|1361
70|897|395|1362
70|898|395|1363
70|898|396|1364
70|899|396|1365
70|899|397|1366
70|900|397|1367
70|900|398|1368
70|901|398|1369
70|901|399|1370
70|902|399|1371
70|902|400|1372
70|903|400|1373
70|904|400|1374
70|905|400|1375
70|906|400|1376
70|907|400|1377
70|908|400|1378
70|909|400|1379
70|909|401|1380
70|910|401|1381
70|910|402|1382
70|911|402|1383
70|911|403|1384
70|912|403|1385
70|912|404|1386
70|913|404|1387
70|913|405|1388
70|914|405|1389
70|914|406|1390
70|915|406|1391
70|915|407|1392
70|916|407|1393
70|916|408|1394
70|917|408|1395
70|917|409|1396
70|918|409|1397
70|918|410|1398
70|919|410|1399
70|919|411|1400
70|920|411|1401
70|920|412|1402
70|921|412|1403
70|921|413|1404
70|922|413|1405
70|922|414|1406
70|923|414|1407
70|923|415|1408
70|924|415|1409
70|924|416|1410
70|925|416|1411
70|925|417|1412
70|926|417|1413
70|926|418|1414
71|926|418|1415
71|926|419|1416
72|926|419|1417
72|926|420|1418
72|927|420|1419
72|927|421|1420
72|928|421|1421
72|928|422|1422
73|928|422|1423
73|928|423|1424
74|928|423|1425
74|928|424|1426
74|929|424|1427
74|930|424|1428
74|931|424|1429
74|931|425|1430
75|931|425|1431
75|931|426|1432
75|932|426|1433
75|932|427|1434
75|933|427|1435
75|933|428|1436
76|933|428|1437
76|933|429|1438
76|934|429|1439
76|934|430|1440
76|935|430|1441
76|935|431|1442
76|936|431|1443
76|936|432|1444
76|937|432|1445
76|938|432|1446
76|939|432|1447
76|940|432|1448
76|941|432|1449
76|942|432|1450
77|942|432|1451
77|943|432|1452
77|944|432|1453
77|945|432|1454
78|945|432|1455
78|945|433|1456
78|946|433|1457
78|947|433|1458
78|948|433|1459
78|949|433|1460
78|950|433|1461
78|951|433|1462
79|951|433|1463
79|952|433|1464
79|953|433|1465
79|954|433|1466
79|955|433|1467
79|956|433|1468
79|957|433|1469
79|958|433|1470
80|958|433|1471
80|958|434|1472
80|959|434|1473
80|960|434|1474
81|960|434|1475
81|961|434|1476
82|961|434|1477
82|962|434|1478
82|963|434|1479
82|964|434|1480
83|964|434|1481
83|965|434|1482
83|966|434|1483
83|967|434|1484
84|967|434|1485
84|968|434|1486
84|969|434|1487
84|969|435|1488
84|970|435|1489
84|970|436|1490
84|971|436|1491
84|971|437|1492
84|972|437|1493
84|972|438|1494
84|973|438|1495
84|973|439|1496
84|974|439|1497
84|974|440|1498
84|975|440|1499
84|975|441|1500
84|976|441|1501
84|976|442|1502
84|977|442|1503
84|977|443|1504
84|978|443|1505
84|978|444|1506
84|979|444|1507
84|979|445|1508
84|980|445|1509
84|980|446|1510
84|981|446|1511
84|981|447|1512
84|982|447|1513
84|982|448|1514
84|983|448|1515
84|983|449|1516
84|984|449|1517
84|984|450|1518
84|985|450|1519
84|985|451|1520
84|986|451|1521
84|986|452|1522
84|987|452|1523
84|987|453|1524
84|988|453|1525
84|988|454|1526
84|989|454|1527
84|989|455|1528
84|990|455|1529
84|990|456|1530
84|991|456|1531
84|991|457|1532
84|992|457|1533
84|992|458|1534
84|993|458|1535
84|993|459|1536
84|994|459|1537
84|994|460|1538
84|995|460|1539
84|995|461|1540
84|996|461|1541
84|996|462|1542
84|997|462|1543
84|997|463|1544
84|998|463|1545
84|998|464|1546
84|999|464|1547
84|999|465|1548
84|1000|465|1549
84|1000|466|1550
84|1001|466|1551
84|1001|467|1552
84|1002|467|1553
84|1002|468|1554
84|1003|468|1555
84|1003|469|1556
84|1004|469|1557
84|1004|470|1558
85|1004|470|1559
85|1005|470|1560
85|1006|470|1561
85|1007|470|1562
85|1008|470|1563
85|1008|471|1564
85|1009|471|1565
85|1009|472|1566
86|1009|472|1567
86|1009|473|1568
86|1010|473|1569
86|1011|473|1570
86|1012|473|1571
86|1012|474|1572
86|1013|474|1573
86|1013|475|1574
87|1013|475|1575
87|1013|476|1576
87|1014|476|1577
87|1015|476|1578
87|1016|476|1579
87|1016|477|1580
87|1017|477|1581
87|1017|478|1582
87|1018|478|1583
87|1019|478|1584
87|1020|478|1585
87|1020|479|1586
87|1021|479|1587
87|1022|479|1588
88|1022|479|1589
88|1023|479|1590
88|1024|479|1591
88|1025|479|1592
88|1026|479|1593
88|1026|480|1594
89|1026|480|1595
89|1027|480|1596
89|1028|480|1597
89|1029|480|1598
90|1029|480|1599
90|1029|481|1600
90|1030|481|1601
90|1030|482|1602
90|1031|482|1603
90|1031|483|1604
91|1031|483|1605
91|1032|483|1606
92|1032|483|1607
92|1032|484|1608
92|1032|485|1609
92|1032|486|1610
92|1033|486|1611
92|1033|487|1612
93|1033|487|1613
93|1034|487|1614
93|1035|487|1615
93|1035|488|1616
93|1035|489|1617
93|1035|490|1618
93|1036|490|1619
93|1037|490|1620
93|1038|490|1621
93|1038|491|1622
93|1039|491|1623
93|1040|491|1624
93|1041|491|1625
93|1042|491|1626
93|1043|491|1627
93|1044|491|1628
94|1044|491|1629
94|1044|492|1630
94|1045|492|1631
94|1045|493|1632
94|1046|493|1633
94|1046|494|1634
94|1047|494|1635
94|1047|495|1636
94|1048|495|1637
94|1048|496|1638
94|1049|496|1639
94|1049|497|1640
94|1050|497|1641
94|1050|498|1642
94|1051|498|1643
94|1051|499|1644
94|1052|499|1645
94|1052|500|1646
94|1053|500|1647
94|1053|501|1648
94|1054|501|1649
94|1054|502|1650
94|1055|502|1651
94|1055|503|1652
94|1056|503|1653
94|1056|504|1654
94|1057|504|1655
94|1057|505|1656
94|1058|505|1657
94|1058|506|1658
94|1059|506|1659
94|1059|507|1660
94|1060|507|1661
94|1060|508|1662
94|1061|508|1663
94|1061|509|1664
94|1062|509|1665
94|1062|510|1666
94|1063|510|1667
94|1064|510|1668
94|1065|510|1669
94|1066|510|1670
94|1067|510|1671
94|1067|511|1672
94|1068|511|1673
94|1068|512|1674
94|1069|512|1675
94|1069|513|1676
94|1070|513|1677
94|1071|513|1678
94|1072|513|1679
94|1072|514|1680
94|1073|514|1681
94|1073|515|1682
94|1074|515|1683
94|1074|516|1684
94|1075|516|1685
94|1076|516|1686
94|1077|516|1687
94|1077|517|1688
94|1078|517|1689
94|1078|518|1690
94|1079|518|1691
94|1080|518|1692
94|1081|518|1693
94|1082|518|1694
94|1083|518|1695
94|1083|519|1696
94|1084|519|1697
94|1085|519|1698
94|1086|519|1699
94|1087|519|1700
94|1088|519|1701
94|1088|520|1702
94|1089|520|1703
94|1090|520|1704
94|1091|520|1705
94|1092|520|1706
94|1093|520|1707
94|1094|520|1708
94|1095|520|1709
94|1096|520|1710
94|1097|520|1711
94|1098|520|1712
94|1099|520|1713
94|1100|520|1714
94|1101|520|1715
94|1102|520|1716
94|1103|520|1717
94|1104|520|1718
94|1105|520|1719
94|1106|520|1720
94|1107|520|1721
94|1108|520|1722
94|1109|520|1723
94|1110|520|1724
94|1111|520|1725
94|1112|520|1726
94|1113|520|1727
94|1114|520|1728
94|1115|520|1729
94|1116|520|1730
94|1117|520|1731
94|1118|520|1732
94|1119|520|1733
94|1120|520|1734
94|1121|520|1735
94|1122|520|1736
94|1123|520|1737
94|1124|520|1738
94|1125|520|1739
94|1126|520|1740
94|1127|520|1741
94|1128|520|1742
94|1129|520|1743
94|1130|520|1744
94|1131|520|1745
94|1132|520|1746
94|1133|520|1747
94|1134|520|1748
95|1134|520|1749
95|1135|520|1750
95|1136|520|1751
95|1137|520|1752
96|1137|520|1753
96|1138|520|1754
96|1139|520|1755
96|1140|520|1756
96|1141|520|1757
96|1142|520|1758
96|1142|521|1759
96|1143|521|1760
96|1143|522|1761
96|1144|522|1762
97|1144|522|1763
97|1145|522|1764
97|1146|522|1765
97|1147|522|1766
98|1147|522|1767
98|1148|522|1768
99|1148|522|1769
99|1149|522|1770
99|1149|523|1771
99|1150|523|1772
100|1150|523|1773
100|1151|523|1774
100|1152|523|1775
100|1152|524|1776
100|1153|524|1777
100|1153|525|1778
100|1154|525|1779
100|1154|526|1780
100|1155|526|1781
100|1155|527|1782
100|1156|527|1783
100|1156|528|1784
100|1157|528|1785
100|1158|528|1786
100|1159|528|1787
100|1159|529|1788
100|1160|529|1789
100|1160|530|1790
100|1161|530|1791
100|1162|530|1792
100|1163|530|1793
100|1164|530|1794
100|1165|530|1795
100|1165|531|1796
100|1166|531|1797
100|1166|532|1798
100|1167|532|1799
100|1167|533|1800
100|1168|533|1801
100|1168|534|1802
100|1169|534|1803
100|1169|535|1804
100|1170|535|1805
100|1170|536|1806
100|1171|536|1807
100|1171|537|1808
100|1172|537|1809
100|1173|537|1810
100|1174|537|1811
100|1175|537|1812
100|1176|537|1813
100|1176|538|1814
100|1177|538|1815
100|1177|539|1816
100|1178|539|1817
100|1179|539|1818
100|1180|539|1819
100|1181|539|1820
100|1182|539|1821
100|1183|539|1822
100|1184|539|1823
100|1184|540|1824
100|1185|540|1825
100|1186|540|1826
100|1187|540|1827
100|1188|540|1828
100|1189|540|1829
100|1189|541|1830
100|1190|541|1831
100|1190|542|1832
100|1191|542|1833
100|1191|543|1834
100|1192|543|1835
100|1193|543|1836
100|1194|543|1837
100|1194|544|1838
100|1195|544|1839
100|1195|545|1840
101|1195|545|1841
101|1196|545|1842
101|1197|545|1843
101|1197|546|1844
101|1198|546|1845
101|1199|546|1846
101|1200|546|1847
101|1200|547|1848
101|1201|547|1849
101|1201|548|1850
101|1202|548|1851
101|1202|549|1852
101|1203|549|1853
101|1204|549|1854
101|1205|549|1855
101|1205|550|1856
101|1206|550|1857
101|1207|550|1858
101|1208|550|1859
101|1208|551|1860
101|1209|551|1861
101|1209|552|1862
101|1210|552|1863
101|1211|552|1864
101|1212|552|1865
101|1212|553|1866
101|1213|553|1867
101|1213|554|1868
101|1214|554|1869
101|1215|554|1870
101|1216|554|1871
101|1216|555|1872
101|1217|555|1873
101|1217|556|1874
101|1218|556|1875
101|1218|557|1876
101|1219|557|1877
101|1220|557|1878
102|1220|557|1879
102|1220|558|1880
103|1220|558|1881
103|1221|558|1882
103|1222|558|1883
103|1222|559|1884
103|1223|559|1885
103|1223|560|1886
103|1224|560|1887
103|1224|561|1888
103|1225|561|1889
103|1225|562|1890
103|1226|562|1891
103|1226|563|1892
103|1227|563|1893
103|1227|564|1894
103|1228|564|1895
103|1228|565|1896
103|1229|565|1897
103|1229|566|1898
103|1230|566|1899
103|1230|567|1900
103|1231|567|1901
103|1231|568|1902
103|1232|568|1903
103|1232|569|1904
103|1233|569|1905
103|1233|570|1906
103|1234|570|1907
103|1234|571|1908
103|1235|571|1909
103|1235|572|1910
103|1236|572|1911
103|1236|573|1912
103|1237|573|1913
103|1237|574|1914
103|1238|574|1915
103|1238|575|1916
103|1239|575|1917
103|1239|576|1918
103|1240|576|1919
103|1240|577|1920
103|1241|577|1921
103|1241|578|1922
103|1242|578|1923
103|1242|579|1924
103|1243|579|1925
103|1243|580|1926
103|1244|580|1927
103|1244|581|1928
103|1245|581|1929
103|1245|582|1930
103|1246|582|1931
103|1246|583|1932
103|1247|583|1933
103|1247|584|1934
103|1248|584|1935
103|1248|585|1936
103|1249|585|1937
103|1249|586|1938
103|1250|586|1939
103|1250|587|1940
103|1251|587|1941
103|1251|588|1942
103|1252|588|1943
103|1252|589|1944
103|1253|589|1945
103|1253|590|1946
103|1254|590|1947
103|1254|591|1948
103|1255|591|1949
103|1255|592|1950
103|1256|592|1951
103|1256|593|1952
103|1257|593|1953
103|1257|594|1954
103|1258|594|1955
103|1258|595|1956
103|1259|595|1957
103|1260|595|1958
103|1261|595|1959
103|1261|596|1960
103|1262|596|1961
103|1262|597|1962
103|1263|597|1963
103|1263|598|1964
103|1264|598|1965
103|1264|599|1966
103|1265|599|1967
103|1265|600|1968
103|1266|600|1969
103|1267|600|1970
103|1268|600|1971
103|1269|600|1972
103|1270|600|1973
103|1270|601|1974
103|1271|601|1975
103|1271|602|1976
103|1272|602|1977
103|1273|602|1978
103|1274|602|1979
103|1275|602|1980
103|1276|602|1981
103|1276|603|1982
103|1277|603|1983
103|1278|603|1984
103|1279|603|1985
103|1280|603|1986
103|1281|603|1987
103|1282|603|1988
104|1282|603|1989
104|1282|604|1990
104|1283|604|1991
104|1283|605|1992
104|1284|605|1993
104|1285|605|1994
104|1286|605|1995
104|1287|605|1996
104|1288|605|1997
104|1289|605|1998
104|1290|605|1999
104|1291|605|2000
