total
0|0|1|1
0|1|1|2
0|1|2|3
0|2|2|4
0|2|3|5
0|3|3|6
0|3|4|7
0|4|4|8
0|4|5|9
0|5|5|10
0|5|6|11
0|6|6|12
0|6|7|13
0|7|7|14
1|7|7|15
1|8|7|16
1|8|8|17
1|9|8|18
1|9|9|19
1|10|9|20
2|10|9|21
2|11|9|22
2|11|10|23
2|12|10|24
2|12|11|25
2|13|11|26
2|13|12|27
2|13|13|28
2|13|14|29
2|14|14|30
2|14|15|31
2|15|15|32
2|15|16|33
2|16|16|34
2|16|17|35
2|17|17|36
2|17|18|37
2|18|18|38
3|18|18|39
3|19|18|40
3|19|19|41
3|20|19|42
3|20|20|43
3|21|20|44
3|21|21|45
3|22|21|46
3|22|22|47
3|23|22|48
3|23|23|49
3|24|23|50
3|24|24|51
3|25|24|52
3|25|25|53
3|26|25|54
3|26|26|55
3|27|26|56
3|27|27|57
3|28|27|58
3|28|28|59
3|29|28|60
3|29|29|61
3|30|29|62
3|30|30|63
3|31|30|64
3|31|31|65
3|32|31|66
3|32|32|67
3|33|32|68
3|33|33|69
3|34|33|70
3|34|34|71
3|35|34|72
3|35|35|73
3|36|35|74
3|36|36|75
3|37|36|76
3|37|37|77
3|38|37|78
3|38|38|79
3|39|38|80
3|39|39|81
3|40|39|82
4|40|39|83
4|40|40|84
5|40|40|85
5|40|41|86
6|40|41|87
6|40|42|88
7|40|42|89
7|40|43|90
8|40|43|91
8|40|44|92
9|40|44|93
9|40|45|94
10|40|45|95
10|40|46|96
10|40|47|97
10|40|48|98
11|40|48|99
11|40|49|100
11|40|50|101
11|40|51|102
12|40|51|103
12|40|52|104
13|40|52|105
13|40|53|106
14|40|53|107
14|40|54|108
15|40|54|109
15|40|55|110
16|40|55|111
16|40|56|112
17|40|56|113
17|40|57|114
17|40|58|115
17|40|59|116
17|40|60|117
17|40|61|118
17|40|62|119
17|41|62|120
17|41|63|121
17|42|63|122
17|42|64|123
17|43|64|124
17|43|65|125
17|44|65|126
17|44|66|127
17|45|66|128
17|45|67|129
17|46|67|130
17|46|68|131
17|47|68|132
17|47|69|133
17|48|69|134
17|48|70|135
17|49|70|136
17|49|71|137
17|50|71|138
17|50|72|139
17|51|72|140
17|51|73|141
17|52|73|142
17|52|74|143
17|53|74|144
17|53|75|145
17|54|75|146
17|54|76|147
17|55|76|148
17|55|77|149
17|56|77|150
17|56|78|151
17|57|78|152
17|57|79|153
17|58|79|154
17|58|80|155
17|58|81|156
17|58|82|157
17|59|82|158
17|59|83|159
17|60|83|160
17|60|84|161
17|61|84|162
17|61|85|163
17|62|85|164
18|62|85|165
18|63|85|166
18|63|86|167
18|64|86|168
18|64|87|169
18|65|87|170
18|65|88|171
18|66|88|172
19|66|88|173
19|67|88|174
19|67|89|175
19|68|89|176
19|68|90|177
19|69|90|178
19|69|91|179
19|70|91|180
19|70|92|181
19|71|92|182
20|71|92|183
20|72|92|184
20|72|93|185
20|72|94|186
20|72|95|187
20|73|95|188
21|73|95|189
21|74|95|190
21|74|96|191
21|75|96|192
21|75|97|193
21|76|97|194
21|76|98|195
21|77|98|196
21|77|99|197
21|78|99|198
21|78|100|199
21|79|100|200
22|79|100|201
22|80|100|202
22|80|101|203
22|81|101|204
22|81|102|205
22|82|102|206
22|82|103|207
22|83|103|208
23|83|103|209
23|84|103|210
23|84|104|211
23|85|104|212
23|85|105|213
23|86|105|214
23|86|106|215
23|87|106|216
23|87|107|217
23|88|107|218
23|88|108|219
23|89|108|220
23|89|109|221
23|90|109|222
23|90|110|223
23|91|110|224
23|91|111|225
23|92|111|226
24|92|111|227
24|92|112|228
24|92|113|229
24|92|114|230
24|92|115|231
24|92|116|232
24|92|117|233
24|92|118|234
24|92|119|235
24|92|120|236
25|92|120|237
25|92|121|238
25|92|122|239
25|92|123|240
25|92|124|241
25|92|125|242
25|92|126|243
25|92|127|244
26|92|127|245
26|92|128|246
26|92|129|247
26|92|130|248
26|92|131|249
26|92|132|250
27|92|132|251
27|92|133|252
27|92|134|253
27|92|135|254
27|92|136|255
27|92|137|256
27|92|138|257
27|92|139|258
27|92|140|259
27|92|141|260
27|92|142|261
27|92|143|262
27|92|144|263
27|93|144|264
27|93|145|265
27|94|145|266
27|94|146|267
27|95|146|268
27|95|147|269
27|96|147|270
27|96|148|271
27|97|148|272
27|97|149|273
27|98|149|274
27|98|150|275
27|99|150|276
27|99|151|277
27|100|151|278
27|100|152|279
27|101|152|280
27|101|153|281
27|102|153|282
27|102|154|283
27|103|154|284
27|103|155|285
27|104|155|286
27|104|156|287
27|105|156|288
27|105|157|289
27|106|157|290
27|106|158|291
27|107|158|292
27|107|159|293
27|108|159|294
27|108|160|295
27|109|160|296
27|109|161|297
27|110|161|298
27|110|162|299
27|110|163|300
27|110|164|301
27|111|164|302
27|111|165|303
27|112|165|304
27|112|166|305
27|113|166|306
27|113|167|307
27|114|167|308
28|114|167|309
28|115|167|310
28|115|168|311
28|116|168|312
28|116|169|313
28|117|169|314
28|117|170|315
28|118|170|316
28|118|171|317
28|118|172|318
28|118|173|319
28|119|173|320
28|119|174|321
28|120|174|322
28|120|175|323
28|121|175|324
29|121|175|325
29|121|176|326
29|121|177|327
29|122|177|328
29|122|178|329
29|123|178|330
29|123|179|331
29|124|179|332
29|124|180|333
29|125|180|334
29|125|181|335
29|125|182|336
29|125|183|337
29|125|184|338
29|125|185|339
29|125|186|340
29|125|187|341
29|125|188|342
29|125|189|343
29|125|190|344
29|125|191|345
29|125|192|346
29|125|193|347
29|125|194|348
29|125|195|349
29|125|196|350
29|125|197|351
29|125|198|352
29|125|199|353
29|125|200|354
29|125|201|355
29|125|202|356
29|125|203|357
29|125|204|358
29|125|205|359
29|125|206|360
29|125|207|361
29|125|208|362
29|125|209|363
29|125|210|364
29|125|211|365
29|125|212|366
29|125|213|367
29|125|214|368
29|125|215|369
29|125|216|370
29|125|217|371
29|126|217|372
29|126|218|373
29|127|218|374
29|127|219|375
29|128|219|376
30|128|219|377
30|129|219|378
30|129|220|379
30|130|220|380
30|130|221|381
30|131|221|382
30|131|222|383
30|132|222|384
31|132|222|385
31|133|222|386
31|133|223|387
31|134|223|388
31|134|224|389
31|135|224|390
31|135|225|391
31|136|225|392
31|136|226|393
31|137|226|394
31|137|227|395
31|138|227|396
31|138|228|397
31|139|228|398
31|139|229|399
31|140|229|400
31|140|230|401
31|141|230|402
31|141|231|403
31|142|231|404
31|142|232|405
31|143|232|406
31|143|233|407
31|144|233|408
32|144|233|409
32|145|233|410
32|145|234|411
32|146|234|412
32|146|235|413
32|147|235|414
32|147|236|415
32|148|236|416
33|148|236|417
33|149|236|418
33|149|237|419
33|150|237|420
33|150|238|421
33|151|238|422
33|151|239|423
33|152|239|424
34|152|239|425
34|153|239|426
34|153|240|427
34|154|240|428
34|154|241|429
34|155|241|430
35|155|241|431
35|156|241|432
35|156|242|433
35|157|242|434
35|157|243|435
35|158|243|436
35|158|244|437
35|159|244|438
35|159|245|439
35|160|245|440
35|160|246|441
35|161|246|442
35|161|247|443
35|162|247|444
35|162|248|445
35|163|248|446
35|163|249|447
35|164|249|448
35|164|250|449
35|165|250|450
35|165|251|451
35|166|251|452
35|166|252|453
35|167|252|454
35|167|253|455
35|167|254|456
35|167|255|457
35|168|255|458
36|168|255|459
36|168|256|460
37|168|256|461
37|169|256|462
38|169|256|463
38|170|256|464
38|170|257|465
38|171|257|466
38|171|258|467
38|171|259|468
38|171|260|469
38|172|260|470
38|172|261|471
38|172|262|472
38|172|263|473
38|172|264|474
38|172|265|475
38|173|265|476
38|173|266|477
38|174|266|478
38|174|267|479
38|175|267|480
38|175|268|481
38|176|268|482
38|176|269|483
38|177|269|484
38|177|270|485
38|178|270|486
39|178|270|487
39|179|270|488
39|179|271|489
39|180|271|490
39|180|272|491
39|181|272|492
39|181|273|493
39|182|273|494
39|182|274|495
39|183|274|496
39|183|275|497
39|184|275|498
39|184|276|499
39|185|276|500
39|185|277|501
39|186|277|502
39|186|278|503
39|187|278|504
39|187|279|505
39|188|279|506
39|188|280|507
39|189|280|508
39|189|281|509
39|190|281|510
39|190|282|511
39|191|282|512
39|191|283|513
39|192|283|514
39|192|284|515
39|193|284|516
40|193|284|517
40|194|284|518
40|194|285|519
40|195|285|520
40|195|286|521
40|196|286|522
40|196|287|523
40|197|287|524
40|197|288|525
40|198|288|526
40|198|289|527
40|199|289|528
40|199|290|529
40|200|290|530
40|200|291|531
40|201|291|532
40|201|292|533
40|202|292|534
40|202|293|535
40|203|293|536
40|203|294|537
40|204|294|538
41|204|294|539
41|205|294|540
41|205|295|541
41|206|295|542
42|206|295|543
42|207|295|544
42|207|296|545
42|208|296|546
42|208|297|547
42|209|297|548
43|209|297|549
43|210|297|550
43|210|298|551
43|211|298|552
43|211|299|553
43|212|299|554
43|212|300|555
43|213|300|556
43|213|301|557
43|214|301|558
43|214|302|559
43|215|302|560
43|215|303|561
43|216|303|562
43|216|304|563
43|217|304|564
43|217|305|565
43|218|305|566
43|218|306|567
43|219|306|568
43|219|307|569
43|220|307|570
43|220|308|571
43|221|308|572
43|221|309|573
43|222|309|574
43|222|310|575
43|223|310|576
43|223|311|577
43|224|311|578
43|224|312|579
43|225|312|580
43|225|313|581
43|226|313|582
43|226|314|583
43|227|314|584
43|227|315|585
43|228|315|586
43|228|316|587
43|229|316|588
43|229|317|589
43|230|317|590
43|230|318|591
43|231|318|592
43|231|319|593
43|232|319|594
43|232|320|595
43|233|320|596
43|233|321|597
43|234|321|598
43|234|322|599
43|235|322|600
43|235|323|601
43|236|323|602
43|236|324|603
43|237|324|604
43|237|325|605
43|238|325|606
43|238|326|607
43|239|326|608
43|239|327|609
43|240|327|610
43|240|328|611
43|241|328|612
43|241|329|613
43|242|329|614
43|242|330|615
43|243|330|616
43|243|331|617
43|244|331|618
43|244|332|619
43|245|332|620
43|245|333|621
43|246|333|622
44|246|333|623
44|247|333|624
45|247|333|625
45|248|333|626
46|248|333|627
46|249|333|628
47|249|333|629
47|250|333|630
48|250|333|631
48|251|333|632
48|251|334|633
48|252|334|634
49|252|334|635
49|253|334|636
50|253|334|637
50|254|334|638
51|254|334|639
51|255|334|640
52|255|334|641
52|256|334|642
53|256|334|643
53|257|334|644
54|257|334|645
54|258|334|646
54|258|335|647
54|259|335|648
54|259|336|649
54|260|336|650
55|260|336|651
55|261|336|652
56|261|336|653
56|262|336|654
57|262|336|655
57|263|336|656
57|263|337|657
57|264|337|658
57|264|338|659
57|265|338|660
57|265|339|661
57|266|339|662
57|266|340|663
57|267|340|664
57|267|341|665
57|268|341|666
57|268|342|667
57|269|342|668
58|269|342|669
58|270|342|670
58|270|343|671
58|271|343|672
58|271|344|673
58|272|344|674
58|272|345|675
58|273|345|676
58|273|346|677
58|274|346|678
58|274|347|679
58|275|347|680
58|275|348|681
58|276|348|682
58|276|349|683
58|277|349|684
58|277|350|685
58|278|350|686
58|278|351|687
58|279|351|688
58|279|352|689
58|280|352|690
58|280|353|691
58|281|353|692
58|281|354|693
58|282|354|694
58|282|355|695
58|282|356|696
58|282|357|697
58|283|357|698
58|283|358|699
58|283|359|700
58|283|360|701
58|284|360|702
58|284|361|703
58|285|361|704
59|285|361|705
59|286|361|706
59|286|362|707
59|287|362|708
59|287|363|709
59|288|363|710
60|288|363|711
60|289|363|712
60|289|364|713
60|290|364|714
60|290|365|715
60|290|366|716
60|290|367|717
60|291|367|718
60|291|368|719
60|291|369|720
60|291|370|721
60|292|370|722
60|292|371|723
60|293|371|724
60|293|372|725
60|294|372|726
60|294|373|727
60|295|373|728
60|295|374|729
60|296|374|730
60|296|375|731
60|297|375|732
60|297|376|733
60|298|376|734
60|298|377|735
60|299|377|736
60|299|378|737
60|300|378|738
60|300|379|739
60|301|379|740
60|301|380|741
60|302|380|742
60|302|381|743
60|303|381|744
60|303|382|745
60|304|382|746
60|304|383|747
60|305|383|748
60|305|384|749
60|306|384|750
60|306|385|751
60|307|385|752
60|307|386|753
60|308|386|754
60|308|387|755
60|309|387|756
60|309|388|757
60|310|388|758
60|310|389|759
60|311|389|760
60|311|390|761
60|312|390|762
60|312|391|763
60|313|391|764
60|313|392|765
60|314|392|766
60|314|393|767
60|314|394|768
61|314|394|769
61|314|395|770
62|314|395|771
62|314|396|772
62|314|397|773
62|314|398|774
63|314|398|775
63|314|399|776
64|314|399|777
64|314|400|778
64|314|401|779
64|314|402|780
64|314|403|781
64|314|404|782
65|314|404|783
65|314|405|784
66|314|405|785
66|314|406|786
67|314|406|787
67|314|407|788
68|314|407|789
68|314|408|790
69|314|408|791
69|314|409|792
69|314|410|793
69|314|411|794
69|314|412|795
69|314|413|796
69|314|414|797
69|314|415|798
70|314|415|799
70|314|416|800
71|314|416|801
71|314|417|802
71|314|418|803
71|315|418|804
71|315|419|805
71|316|419|806
71|316|420|807
71|317|420|808
71|317|421|809
71|318|421|810
71|318|422|811
71|319|422|812
71|319|423|813
71|320|423|814
71|320|424|815
71|321|424|816
71|321|425|817
71|322|425|818
71|322|426|819
71|323|426|820
71|323|427|821
71|324|427|822
71|324|428|823
71|325|428|824
71|325|429|825
71|326|429|826
71|326|430|827
71|327|430|828
71|327|431|829
71|328|431|830
71|328|432|831
71|329|432|832
71|329|433|833
71|330|433|834
71|330|434|835
71|331|434|836
71|331|435|837
71|332|435|838
71|332|436|839
71|333|436|840
71|333|437|841
71|334|437|842
71|334|438|843
71|334|439|844
71|334|440|845
71|335|440|846
71|335|441|847
71|336|441|848
71|336|442|849
71|336|443|850
71|336|444|851
71|337|444|852
71|337|445|853
71|338|445|854
71|338|446|855
71|339|446|856
72|339|446|857
72|340|446|858
72|340|447|859
72|341|447|860
72|341|448|861
72|342|448|862
72|342|449|863
72|342|450|864
72|342|451|865
72|343|451|866
72|343|452|867
72|344|452|868
72|344|453|869
72|345|453|870
72|345|454|871
72|346|454|872
72|346|455|873
72|347|455|874
72|347|456|875
72|348|456|876
72|348|457|877
72|349|457|878
72|349|458|879
72|350|458|880
72|350|459|881
72|351|459|882
72|351|460|883
72|352|460|884
72|352|461|885
72|353|461|886
72|353|462|887
72|354|462|888
72|354|463|889
72|355|463|890
72|355|464|891
72|356|464|892
72|356|465|893
72|357|465|894
72|357|466|895
72|358|466|896
72|358|467|897
72|359|467|898
72|359|468|899
72|360|468|900
72|360|469|901
72|361|469|902
72|361|470|903
72|362|470|904
72|362|471|905
72|363|471|906
72|363|472|907
72|364|472|908
72|364|473|909
72|365|473|910
72|365|474|911
72|365|475|912
72|365|476|913
72|365|477|914
72|365|478|915
72|365|479|916
72|365|480|917
72|365|481|918
72|365|482|919
72|365|483|920
72|365|484|921
72|365|485|922
72|365|486|923
72|365|487|924
72|365|488|925
72|365|489|926
72|365|490|927
72|365|491|928
72|365|492|929
72|365|493|930
72|365|494|931
72|365|495|932
72|365|496|933
72|365|497|934
72|365|498|935
72|365|499|936
72|365|500|937
72|365|501|938
72|365|502|939
72|365|503|940
72|365|504|941
72|365|505|942
72|365|506|943
72|365|507|944
72|365|508|945
72|365|509|946
72|365|510|947
72|366|510|948
72|366|511|949
72|367|511|950
72|367|512|951
72|368|512|952
72|368|513|953
72|369|513|954
72|369|514|955
72|370|514|956
72|370|515|957
72|371|515|958
72|371|516|959
72|372|516|960
72|372|517|961
72|373|517|962
72|373|518|963
72|374|518|964
72|374|519|965
72|375|519|966
72|375|520|967
72|376|520|968
72|376|521|969
72|377|521|970
72|377|522|971
72|378|522|972
72|378|523|973
72|379|523|974
72|379|524|975
72|380|524|976
72|380|525|977
72|381|525|978
72|381|526|979
72|382|526|980
72|382|527|981
72|383|527|982
72|383|528|983
72|383|529|984
72|383|530|985
72|384|530|986
72|384|531|987
72|385|531|988
72|385|532|989
72|386|532|990
72|386|533|991
72|387|533|992
73|387|533|993
73|388|533|994
73|388|534|995
73|389|534|996
73|389|535|997
73|390|535|998
73|390|536|999
73|391|536|1000
73|391|537|1001
73|391|538|1002
73|391|539|1003
73|392|539|1004
73|392|540|1005
73|392|541|1006
73|392|542|1007
73|393|542|1008
73|393|543|1009
73|393|544|1010
73|393|545|1011
73|394|545|1012
73|394|546|1013
73|394|547|1014
73|394|548|1015
73|394|549|1016
73|394|550|1017
73|395|550|1018
73|395|551|1019
73|395|552|1020
73|395|553|1021
73|395|554|1022
73|395|555|1023
73|395|556|1024
73|395|557|1025
73|395|558|1026
73|395|559|1027
73|395|560|1028
73|395|561|1029
73|395|562|1030
73|395|563|1031
73|395|564|1032
73|395|565|1033
73|395|566|1034
73|395|567|1035
73|395|568|1036
73|395|569|1037
73|395|570|1038
73|395|571|1039
73|395|572|1040
73|395|573|1041
73|395|574|1042
73|395|575|1043
73|395|576|1044
73|395|577|1045
73|395|578|1046
73|395|579|1047
73|395|580|1048
73|395|581|1049
73|395|582|1050
73|395|583|1051
73|395|584|1052
73|395|585|1053
73|395|586|1054
73|395|587|1055
73|396|587|1056
73|396|588|1057
73|397|588|1058
73|397|589|1059
73|398|589|1060
73|398|590|1061
73|399|590|1062
73|399|591|1063
73|400|591|1064
73|400|592|1065
73|401|592|1066
73|401|593|1067
73|402|593|1068
73|402|594|1069
73|403|594|1070
73|403|595|1071
73|404|595|1072
73|404|596|1073
73|405|596|1074
73|405|597|1075
73|406|597|1076
73|406|598|1077
73|407|598|1078
73|407|599|1079
73|408|599|1080
73|408|600|1081
73|409|600|1082
73|409|601|1083
73|410|601|1084
73|410|602|1085
73|411|602|1086
73|411|603|1087
73|412|603|1088
73|412|604|1089
73|413|604|1090
73|413|605|1091
73|413|606|1092
73|413|607|1093
73|414|607|1094
73|414|608|1095
73|415|608|1096
73|415|609|1097
73|416|609|1098
73|416|610|1099
73|417|610|1100
73|417|611|1101
73|418|611|1102
73|418|612|1103
73|418|613|1104
73|418|614|1105
73|419|614|1106
73|419|615|1107
73|420|615|1108
73|420|616|1109
73|421|616|1110
73|421|617|1111
73|422|617|1112
73|422|618|1113
73|423|618|1114
73|423|619|1115
73|424|619|1116
74|424|619|1117
74|425|619|1118
74|425|620|1119
74|426|620|1120
74|426|621|1121
74|426|622|1122
74|426|623|1123
74|427|623|1124
74|427|624|1125
74|428|624|1126
74|428|625|1127
74|428|626|1128
75|428|626|1129
75|429|626|1130
75|429|627|1131
75|430|627|1132
75|430|628|1133
75|431|628|1134
76|431|628|1135
76|432|628|1136
76|432|629|1137
76|433|629|1138
77|433|629|1139
77|434|629|1140
78|434|629|1141
78|435|629|1142
79|435|629|1143
79|435|630|1144
79|435|631|1145
79|436|631|1146
79|436|632|1147
79|437|632|1148
80|437|632|1149
80|437|633|1150
80|437|634|1151
80|437|635|1152
80|437|636|1153
80|438|636|1154
81|438|636|1155
81|438|637|1156
81|438|638|1157
81|438|639|1158
81|438|640|1159
81|439|640|1160
81|439|641|1161
81|439|642|1162
81|439|643|1163
81|440|643|1164
81|440|644|1165
81|441|644|1166
81|441|645|1167
81|442|645|1168
81|442|646|1169
81|443|646|1170
81|443|647|1171
81|444|647|1172
81|444|648|1173
81|445|648|1174
81|445|649|1175
81|446|649|1176
81|446|650|1177
81|447|650|1178
81|447|651|1179
81|448|651|1180
81|448|652|1181
81|449|652|1182
81|449|653|1183
81|450|653|1184
81|450|654|1185
81|451|654|1186
81|451|655|1187
81|452|655|1188
81|452|656|1189
81|453|656|1190
82|453|656|1191
82|454|656|1192
82|454|657|1193
82|455|657|1194
82|455|658|1195
82|456|658|1196
82|456|659|1197
82|457|659|1198
83|457|659|1199
83|458|659|1200
83|458|660|1201
83|459|660|1202
83|459|661|1203
83|460|661|1204
83|460|662|1205
83|461|662|1206
83|461|663|1207
83|462|663|1208
83|462|664|1209
83|463|664|1210
83|463|665|1211
83|464|665|1212
83|464|666|1213
83|465|666|1214
84|465|666|1215
84|465|667|1216
84|465|668|1217
84|466|668|1218
84|466|669|1219
84|467|669|1220
84|467|670|1221
84|468|670|1222
85|468|670|1223
85|469|670|1224
85|469|671|1225
85|470|671|1226
85|470|672|1227
85|471|672|1228
85|471|673|1229
85|472|673|1230
86|472|673|1231
86|473|673|1232
86|473|674|1233
86|474|674|1234
86|474|675|1235
86|475|675|1236
86|475|676|1237
86|476|676|1238
86|476|677|1239
86|477|677|1240
86|477|678|1241
86|478|678|1242
86|478|679|1243
86|479|679|1244
86|479|680|1245
86|480|680|1246
86|480|681|1247
86|481|681|1248
86|481|682|1249
86|482|682|1250
86|482|683|1251
86|483|683|1252
86|483|684|1253
86|484|684|1254
86|484|685|1255
86|485|685|1256
86|485|686|1257
86|486|686|1258
86|486|687|1259
86|487|687|1260
86|487|688|1261
86|488|688|1262
86|488|689|1263
86|489|689|1264
86|489|690|1265
86|490|690|1266
86|490|691|1267
86|491|691|1268
86|491|692|1269
86|492|692|1270
86|492|693|1271
86|493|693|1272
86|493|694|1273
86|494|694|1274
86|494|695|1275
86|495|695|1276
86|495|696|1277
86|496|696|1278
86|496|697|1279
86|497|697|1280
86|497|698|1281
86|498|698|1282
86|498|699|1283
86|499|699|1284
86|499|700|1285
86|500|700|1286
86|500|701|1287
86|501|701|1288
86|501|702|1289
86|502|702|1290
86|502|703|1291
86|503|703|1292
86|503|704|1293
86|504|704|1294
86|504|705|1295
86|505|705|1296
86|505|706|1297
86|506|706|1298
86|506|707|1299
86|507|707|1300
86|507|708|1301
86|508|708|1302
86|508|709|1303
86|509|709|1304
86|509|710|1305
86|510|710|1306
87|510|710|1307
87|510|711|1308
88|510|711|1309
88|511|711|1310
89|511|711|1311
89|512|711|1312
89|512|712|1313
89|513|712|1314
90|513|712|1315
90|514|712|1316
91|514|712|1317
91|515|712|1318
92|515|712|1319
92|516|712|1320
93|516|712|1321
93|517|712|1322
93|517|713|1323
93|517|714|1324
93|517|715|1325
93|518|715|1326
94|518|715|1327
94|519|715|1328
94|519|716|1329
94|520|716|1330
94|520|717|1331
94|520|718|1332
94|520|719|1333
94|520|720|1334
95|520|720|1335
95|521|720|1336
95|521|721|1337
95|522|721|1338
95|522|722|1339
95|523|722|1340
95|523|723|1341
95|524|723|1342
95|524|724|1343
95|525|724|1344
95|525|725|1345
95|526|725|1346
95|526|726|1347
95|527|726|1348
95|527|727|1349
95|528|727|1350
95|528|728|1351
95|529|728|1352
95|529|729|1353
95|530|729|1354
95|530|730|1355
95|531|730|1356
95|531|731|1357
95|532|731|1358
95|532|732|1359
95|533|732|1360
95|533|733|1361
95|534|733|1362
95|534|734|1363
95|535|734|1364
95|535|735|1365
95|536|735|1366
95|536|736|1367
95|537|736|1368
95|537|737|1369
95|538|737|1370
95|538|738|1371
95|539|738|1372
95|539|739|1373
95|540|739|1374
95|540|740|1375
95|541|740|1376
95|541|741|1377
95|542|741|1378
95|542|742|1379
95|543|742|1380
95|543|743|1381
95|544|743|1382
95|544|744|1383
95|545|744|1384
95|545|745|1385
95|546|745|1386
95|546|746|1387
95|547|746|1388
96|547|746|1389
96|548|746|1390
96|548|747|1391
96|549|747|1392
96|549|748|1393
96|550|748|1394
97|550|748|1395
97|550|749|1396
97|550|750|1397
97|551|750|1398
97|551|751|1399
97|552|751|1400
97|552|752|1401
97|553|752|1402
97|553|753|1403
97|554|753|1404
97|554|754|1405
97|555|754|1406
97|555|755|1407
97|556|755|1408
97|556|756|1409
97|557|756|1410
97|557|757|1411
97|558|757|1412
97|558|758|1413
97|559|758|1414
97|559|759|1415
97|560|759|1416
97|560|760|1417
97|561|760|1418
97|561|761|1419
97|562|761|1420
97|562|762|1421
97|563|762|1422
97|563|763|1423
97|564|763|1424
97|564|764|1425
97|565|764|1426
97|565|765|1427
97|566|765|1428
97|566|766|1429
97|567|766|1430
97|567|767|1431
97|568|767|1432
97|568|768|1433
97|569|768|1434
97|569|769|1435
97|570|769|1436
97|570|770|1437
97|571|770|1438
97|571|771|1439
97|572|771|1440
97|572|772|1441
97|573|772|1442
97|573|773|1443
97|574|773|1444
97|574|774|1445
97|575|774|1446
97|575|775|1447
97|576|775|1448
97|576|776|1449
97|577|776|1450
98|577|776|1451
98|577|777|1452
98|577|778|1453
98|577|779|1454
99|577|779|1455
99|577|780|1456
99|577|781|1457
99|577|782|1458
100|577|782|1459
100|577|783|1460
100|577|784|1461
100|577|785|1462
100|577|786|1463
100|577|787|1464
100|577|788|1465
100|577|789|1466
100|577|790|1467
100|577|791|1468
100|577|792|1469
100|577|793|1470
101|577|793|1471
101|577|794|1472
101|577|795|1473
101|577|796|1474
102|577|796|1475
102|577|797|1476
103|577|797|1477
103|577|798|1478
104|577|798|1479
104|577|799|1480
105|577|799|1481
105|577|800|1482
105|577|801|1483
105|577|802|1484
105|577|803|1485
105|577|804|1486
105|577|805|1487
105|578|805|1488
105|578|806|1489
105|579|806|1490
105|579|807|1491
105|580|807|1492
105|580|808|1493
105|581|808|1494
105|581|809|1495
105|582|809|1496
105|582|810|1497
105|583|810|1498
105|583|811|1499
105|584|811|1500
105|584|812|1501
105|585|812|1502
105|585|813|1503
105|586|813|1504
105|586|814|1505
105|587|814|1506
105|587|815|1507
105|588|815|1508
105|588|816|1509
105|589|816|1510
105|589|817|1511
105|590|817|1512
105|590|818|1513
105|591|818|1514
105|591|819|1515
105|592|819|1516
105|592|820|1517
105|593|820|1518
105|593|821|1519
105|594|821|1520
105|594|822|1521
105|595|822|1522
105|595|823|1523
105|596|823|1524
105|596|824|1525
105|597|824|1526
105|597|825|1527
105|598|825|1528
105|598|826|1529
105|599|826|1530
105|599|827|1531
105|600|827|1532
106|600|827|1533
106|601|827|1534
106|601|828|1535
106|602|828|1536
106|602|829|1537
106|603|829|1538
106|603|830|1539
106|604|830|1540
107|604|830|1541
107|605|830|1542
107|605|831|1543
107|606|831|1544
107|606|832|1545
107|607|832|1546
107|607|833|1547
107|608|833|1548
107|608|834|1549
107|609|834|1550
107|609|835|1551
107|610|835|1552
107|610|836|1553
107|611|836|1554
107|611|837|1555
107|612|837|1556
107|612|838|1557
107|613|838|1558
107|613|839|1559
107|614|839|1560
107|614|840|1561
107|615|840|1562
108|615|840|1563
108|616|840|1564
108|616|841|1565
108|617|841|1566
108|617|842|1567
108|618|842|1568
108|618|843|1569
108|619|843|1570
108|619|844|1571
108|620|844|1572
108|620|845|1573
108|621|845|1574
108|622|846|1576
108|623|846|1577
108|623|847|1578
108|624|847|1579
108|624|848|1580
108|625|848|1581
108|625|849|1582
108|626|849|1583
108|626|850|1584
108|627|850|1585
108|627|851|1586
108|628|851|1587
108|628|852|1588
108|629|852|1589
108|629|853|1590
108|630|853|1591
108|630|854|1592
108|631|854|1593
108|631|855|1594
108|631|856|1595
108|631|857|1596
108|631|858|1597
109|631|858|1598
109|631|859|1599
110|631|859|1600
110|631|860|1601
110|631|861|1602
110|631|862|1603
110|631|863|1604
110|631|864|1605
111|631|864|1606
111|631|865|1607
111|631|866|1608
111|631|867|1609
111|631|868|1610
111|631|869|1611
111|631|870|1612
111|631|871|1613
112|631|871|1614
112|631|872|1615
112|631|873|1616
112|631|874|1617
112|631|875|1618
112|631|876|1619
112|631|877|1620
112|631|878|1621
112|631|879|1622
112|631|880|1623
112|631|881|1624
112|631|882|1625
112|631|883|1626
112|631|884|1627
112|631|885|1628
112|631|886|1629
112|631|887|1630
112|632|887|1631
112|632|888|1632
112|633|888|1633
112|633|889|1634
112|634|889|1635
112|634|890|1636
112|635|890|1637
112|635|891|1638
112|636|891|1639
112|636|892|1640
112|637|892|1641
112|637|893|1642
112|638|893|1643
112|638|894|1644
112|639|894|1645
112|639|895|1646
112|640|895|1647
112|640|896|1648
112|641|896|1649
112|641|897|1650
112|642|897|1651
112|642|898|1652
112|643|898|1653
112|643|899|1654
112|644|899|1655
112|644|900|1656
112|645|900|1657
112|645|901|1658
112|646|901|1659
112|646|902|1660
112|647|902|1661
112|647|903|1662
112|648|903|1663
112|648|904|1664
112|649|904|1665
112|649|905|1666
112|649|906|1667
112|649|907|1668
112|650|907|1669
112|650|908|1670
112|651|908|1671
113|651|908|1672
113|652|908|1673
113|652|909|1674
113|653|909|1675
113|653|910|1676
113|653|911|1677
113|653|912|1678
113|654|912|1679
113|654|913|1680
113|655|913|1681
113|655|914|1682
113|656|914|1683
113|656|915|1684
113|656|916|1685
114|656|916|1686
114|657|916|1687
114|657|917|1688
114|658|917|1689
115|658|917|1690
115|659|917|1691
115|659|918|1692
115|659|919|1693
115|659|920|1694
115|660|920|1695
115|660|921|1696
115|661|921|1697
115|661|922|1698
115|662|922|1699
115|662|923|1700
115|662|924|1701
115|662|925|1702
115|662|926|1703
115|662|927|1704
115|662|928|1705
115|662|929|1706
115|662|930|1707
115|662|931|1708
115|662|932|1709
115|662|933|1710
115|662|934|1711
115|662|935|1712
115|662|936|1713
115|662|937|1714
115|662|938|1715
116|662|938|1716
116|662|939|1717
116|662|940|1718
116|662|941|1719
116|662|942|1720
116|662|943|1721
116|662|944|1722
116|662|945|1723
116|662|946|1724
116|662|947|1725
116|662|948|1726
116|662|949|1727
117|662|949|1728
117|662|950|1729
117|662|951|1730
117|662|952|1731
117|662|953|1732
117|662|954|1733
117|662|955|1734
117|662|956|1735
117|662|957|1736
117|662|958|1737
117|662|959|1738
117|662|960|1739
117|662|961|1740
117|662|962|1741
117|662|963|1742
117|662|964|1743
117|662|965|1744
117|662|966|1745
117|662|967|1746
117|662|968|1747
117|662|969|1748
117|662|970|1749
117|662|971|1750
117|662|972|1751
117|662|973|1752
117|662|974|1753
117|662|975|1754
117|662|976|1755
117|662|977|1756
117|662|978|1757
117|662|979|1758
117|662|980|1759
117|662|981|1760
117|662|982|1761
117|662|983|1762
117|662|984|1763
117|662|985|1764
117|662|986|1765
117|662|987|1766
117|662|988|1767
117|662|989|1768
117|662|990|1769
117|662|991|1770
117|662|992|1771
117|662|993|1772
117|662|994|1773
117|662|995|1774
117|662|996|1775
117|662|997|1776
117|663|997|1777
117|663|998|1778
117|664|998|1779
117|664|999|1780
117|665|999|1781
117|665|1000|1782
117|666|1000|1783
117|666|1001|1784
117|667|1001|1785
117|667|1002|1786
117|668|1002|1787
118|668|1002|1788
118|669|1002|1789
118|669|1003|1790
118|670|1003|1791
118|670|1004|1792
118|671|1004|1793
118|671|1005|1794
118|672|1005|1795
118|672|1006|1796
118|673|1006|1797
118|673|1007|1798
118|674|1007|1799
118|674|1008|1800
118|675|1008|1801
118|675|1009|1802
118|676|1009|1803
118|676|1010|1804
118|677|1010|1805
118|677|1011|1806
118|678|1011|1807
118|678|1012|1808
118|678|1013|1809
118|678|1014|1810
118|678|1015|1811
119|678|1015|1812
119|678|1016|1813
120|678|1016|1814
120|679|1016|1815
120|679|1017|1816
120|680|1017|1817
120|680|1018|1818
120|681|1018|1819
121|681|1018|1820
121|682|1018|1821
122|682|1018|1822
122|683|1018|1823
122|683|1019|1824
122|683|1020|1825
122|683|1021|1826
122|683|1022|1827
122|683|1023|1828
122|684|1023|1829
123|684|1023|1830
123|685|1023|1831
123|685|1024|1832
123|686|1024|1833
123|686|1025|1834
123|686|1026|1835
123|686|1027|1836
123|687|1027|1837
123|687|1028|1838
123|687|1029|1839
123|687|1030|1840
123|687|1031|1841
123|687|1032|1842
123|687|1033|1843
123|687|1034|1844
123|687|1035|1845
123|687|1036|1846
123|688|1036|1847
123|688|1037|1848
123|689|1037|1849
123|689|1038|1850
123|690|1038|1851
123|690|1039|1852
123|691|1039|1853
123|691|1040|1854
123|692|1040|1855
123|692|1041|1856
123|693|1041|1857
123|693|1042|1858
123|694|1042|1859
123|694|1043|1860
123|695|1043|1861
123|695|1044|1862
123|696|1044|1863
123|696|1045|1864
123|697|1045|1865
123|697|1046|1866
123|698|1046|1867
123|698|1047|1868
123|699|1047|1869
123|699|1048|1870
123|700|1048|1871
123|700|1049|1872
123|701|1049|1873
123|701|1050|1874
123|702|1050|1875
123|702|1051|1876
123|703|1051|1877
123|703|1052|1878
123|704|1052|1879
123|704|1053|1880
123|705|1053|1881
124|705|1053|1882
124|706|1053|1883
125|706|1053|1884
125|707|1053|1885
125|707|1054|1886
125|708|1054|1887
125|708|1055|1888
125|709|1055|1889
125|709|1056|1890
125|710|1056|1891
125|710|1057|1892
125|711|1057|1893
125|711|1058|1894
125|712|1058|1895
125|712|1059|1896
125|713|1059|1897
125|713|1060|1898
125|714|1060|1899
125|714|1061|1900
125|715|1061|1901
125|715|1062|1902
125|716|1062|1903
125|716|1063|1904
125|717|1063|1905
125|717|1064|1906
125|718|1064|1907
126|718|1064|1908
126|719|1064|1909
126|719|1065|1910
126|720|1065|1911
126|720|1066|1912
126|721|1066|1913
126|721|1067|1914
126|722|1067|1915
127|722|1067|1916
127|723|1067|1917
127|723|1068|1918
127|724|1068|1919
127|724|1069|1920
127|725|1069|1921
127|725|1070|1922
127|726|1070|1923
127|726|1071|1924
127|727|1071|1925
127|727|1072|1926
127|728|1072|1927
127|728|1073|1928
127|729|1073|1929
127|729|1074|1930
127|730|1074|1931
127|730|1075|1932
127|731|1075|1933
127|731|1076|1934
127|732|1076|1935
127|732|1077|1936
127|733|1077|1937
127|733|1078|1938
127|734|1078|1939
127|734|1079|1940
127|735|1079|1941
127|735|1080|1942
127|736|1080|1943
127|736|1081|1944
127|737|1081|1945
127|737|1082|1946
127|738|1082|1947
127|738|1083|1948
127|739|1083|1949
127|739|1084|1950
127|740|1084|1951
127|740|1085|1952
127|741|1085|1953
127|741|1086|1954
127|742|1086|1955
127|742|1087|1956
127|743|1087|1957
127|743|1088|1958
127|744|1088|1959
127|744|1089|1960
127|745|1089|1961
127|745|1090|1962
127|746|1090|1963
127|746|1091|1964
127|747|1091|1965
127|747|1092|1966
127|748|1092|1967
127|748|1093|1968
127|749|1093|1969
127|749|1094|1970
127|750|1094|1971
127|750|1095|1972
127|751|1095|1973
127|751|1096|1974
127|752|1096|1975
127|752|1097|1976
127|753|1097|1977
127|753|1098|1978
127|754|1098|1979
127|754|1099|1980
127|755|1099|1981
127|755|1100|1982
127|756|1100|1983
127|756|1101|1984
127|757|1101|1985
127|757|1102|1986
127|758|1102|1987
127|758|1103|1988
127|759|1103|1989
127|759|1104|1990
127|760|1104|1991
127|760|1105|1992
127|761|1105|1993
127|761|1106|1994
127|762|1106|1995
128|762|1106|1996
128|763|1106|1997
128|763|1107|1998
128|764|1107|1999
129|764|1107|2000
