total
0|1|0|1
0|2|0|2
0|2|1|3
0|3|1|4
0|3|2|5
0|4|2|6
0|4|3|7
0|5|3|8
0|6|3|9
0|7|3|10
0|7|4|11
0|8|4|12
0|8|5|13
0|9|5|14
0|9|6|15
0|10|6|16
0|10|7|17
0|11|7|18
0|11|8|19
0|12|8|20
0|12|9|21
0|13|9|22
0|13|10|23
0|14|10|24
0|14|11|25
0|15|11|26
0|15|12|27
0|16|12|28
0|16|13|29
0|17|13|30
0|17|14|31
0|18|14|32
0|18|15|33
0|19|15|34
0|19|16|35
0|20|16|36
0|20|17|37
0|21|17|38
0|21|18|39
0|22|18|40
0|22|19|41
0|23|19|42
0|23|20|43
0|24|20|44
0|24|21|45
0|25|21|46
0|25|22|47
0|26|22|48
0|26|23|49
0|27|23|50
0|27|24|51
0|28|24|52
0|28|25|53
0|29|25|54
0|29|26|55
1|29|26|56
1|29|27|57
1|30|27|58
1|31|27|59
1|32|27|60
1|32|28|61
1|33|28|62
1|33|29|63
1|34|29|64
1|34|30|65
1|35|30|66
1|35|31|67
1|36|31|68
1|36|32|69
2|36|32|70
2|37|32|71
2|38|32|72
2|38|33|73
2|39|33|74
2|39|34|75
2|40|34|76
2|40|35|77
2|41|35|78
2|41|36|79
2|42|36|80
2|43|36|81
2|44|36|82
2|44|37|83
2|45|37|84
2|45|38|85
2|46|38|86
2|46|39|87
2|46|40|88
2|46|41|89
2|47|41|90
2|47|42|91
2|48|42|92
2|49|42|93
2|49|43|94
2|50|43|95
2|51|43|96
2|51|44|97
2|52|44|98
2|53|44|99
2|53|45|100
2|53|46|101
2|53|47|102
2|53|48|103
2|53|49|104
2|53|50|105
2|54|50|106
2|55|50|107
2|56|50|108
2|56|51|109
2|56|52|110
2|57|52|111
2|58|52|112
2|59|52|113
2|59|53|114
2|60|53|115
2|60|54|116
2|60|55|117
2|60|56|118
2|60|57|119
2|61|57|120
2|61|58|121
2|62|58|122
2|62|59|123
2|63|59|124
2|63|60|125
2|64|60|126
2|64|61|127
2|65|61|128
2|65|62|129
2|66|62|130
2|66|63|131
2|67|63|132
2|67|64|133
2|68|64|134
2|68|65|135
2|69|65|136
2|69|66|137
2|70|66|138
2|70|67|139
2|71|67|140
2|71|68|141
2|72|68|142
2|72|69|143
2|73|69|144
2|73|70|145
2|74|70|146
2|74|71|147
2|75|71|148
2|75|72|149
2|76|72|150
2|76|73|151
2|77|73|152
2|77|74|153
2|78|74|154
2|78|75|155
2|79|75|156
2|79|76|157
2|80|76|158
2|80|77|159
2|81|77|160
2|81|78|161
2|82|78|162
2|82|79|163
2|83|79|164
2|83|80|165
2|84|80|166
2|84|81|167
2|85|81|168
2|85|82|169
2|86|82|170
2|86|83|171
2|87|83|172
2|87|84|173
2|88|84|174
2|88|85|175
2|89|85|176
2|89|86|177
2|90|86|178
2|90|87|179
2|91|87|180
2|91|88|181
2|92|88|182
2|92|89|183
2|93|89|184
2|93|90|185
2|94|90|186
2|94|91|187
2|95|91|188
2|95|92|189
2|96|92|190
2|96|93|191
2|97|93|192
2|98|93|193
2|99|93|194
2|99|94|195
2|100|94|196
2|100|95|197
2|101|95|198
2|102|95|199
3|102|95|200
3|103|95|201
3|104|95|202
3|104|96|203
3|105|96|204
3|105|97|205
3|106|97|206
3|106|98|207
3|107|98|208
3|107|99|209
3|108|99|210
3|108|100|211
3|109|100|212
3|109|101|213
3|110|101|214
3|110|102|215
3|111|102|216
3|111|103|217
3|112|103|218
3|112|104|219
3|113|104|220
3|114|104|221
3|115|104|222
3|115|105|223
3|116|105|224
3|116|106|225
3|117|106|226
3|117|107|227
3|118|107|228
3|118|108|229
3|119|108|230
3|119|109|231
3|120|109|232
3|120|110|233
3|121|110|234
3|121|111|235
4|121|111|236
4|121|112|237
4|122|112|238
4|122|113|239
4|123|113|240
4|123|114|241
4|124|114|242
4|124|115|243
5|124|115|244
5|125|115|245
5|126|115|246
5|126|116|247
5|127|116|248
5|127|117|249
5|128|117|250
5|128|118|251
5|129|118|252
5|129|119|253
5|130|119|254
5|130|120|255
5|131|120|256
5|132|120|257
5|133|120|258
5|133|121|259
5|134|121|260
5|134|122|261
5|135|122|262
5|135|123|263
5|136|123|264
5|136|124|265
5|137|124|266
5|137|125|267
5|138|125|268
5|138|126|269
5|139|126|270
5|139|127|271
5|140|127|272
5|140|128|273
5|141|128|274
5|141|129|275
5|142|129|276
5|142|130|277
5|143|130|278
5|143|131|279
5|144|131|280
5|144|132|281
5|145|132|282
5|145|133|283
5|146|133|284
5|146|134|285
5|147|134|286
5|147|135|287
5|148|135|288
5|148|136|289
5|149|136|290
5|149|137|291
5|150|137|292
5|150|138|293
5|151|138|294
5|151|139|295
5|152|139|296
5|152|140|297
5|153|140|298
5|153|141|299
5|154|141|300
5|154|142|301
5|155|142|302
5|155|143|303
5|156|143|304
5|156|144|305
5|157|144|306
5|157|145|307
5|158|145|308
5|158|146|309
5|159|146|310
5|159|147|311
5|160|147|312
5|160|148|313
5|161|148|314
5|161|149|315
5|162|149|316
5|163|149|317
5|164|149|318
5|164|150|319
5|165|150|320
5|165|151|321
5|166|151|322
5|166|152|323
5|167|152|324
5|167|153|325
5|168|153|326
5|168|154|327
5|169|154|328
5|169|155|329
5|170|155|330
5|171|155|331
5|172|155|332
5|172|156|333
5|172|157|334
5|172|158|335
5|173|158|336
5|173|159|337
5|174|159|338
5|174|160|339
5|175|160|340
5|175|161|341
5|176|161|342
5|176|162|343
5|177|162|344
5|177|163|345
5|178|163|346
5|178|164|347
5|179|164|348
5|179|165|349
5|180|165|350
5|180|166|351
5|181|166|352
5|181|167|353
5|182|167|354
5|182|168|355
5|183|168|356
5|183|169|357
5|184|169|358
5|184|170|359
5|185|170|360
5|186|170|361
5|187|170|362
5|187|171|363
5|188|171|364
5|188|172|365
5|189|172|366
5|189|173|367
5|190|173|368
5|190|174|369
5|191|174|370
5|191|175|371
5|192|175|372
5|192|176|373
5|193|176|374
5|193|177|375
5|194|177|376
5|194|178|377
5|195|178|378
5|195|179|379
5|196|179|380
5|196|180|381
5|197|180|382
5|197|181|383
5|198|181|384
5|198|182|385
5|199|182|386
5|199|183|387
5|200|183|388
5|200|184|389
5|201|184|390
5|201|185|391
5|202|185|392
5|202|186|393
5|203|186|394
5|203|187|395
5|204|187|396
5|204|188|397
5|205|188|398
5|205|189|399
5|206|189|400
5|206|190|401
5|207|190|402
5|207|191|403
5|208|191|404
5|208|192|405
5|209|192|406
5|209|193|407
5|209|194|408
5|209|195|409
5|210|195|410
5|210|196|411
5|211|196|412
5|211|197|413
5|212|197|414
5|213|197|415
5|214|197|416
5|214|198|417
5|214|199|418
5|215|199|419
5|215|200|420
5|215|201|421
5|216|201|422
5|217|201|423
5|218|201|424
5|219|201|425
5|219|202|426
5|219|203|427
5|220|203|428
5|220|204|429
5|221|204|430
5|221|205|431
5|221|206|432
5|221|207|433
5|222|207|434
5|222|208|435
5|223|208|436
5|223|209|437
5|223|210|438
5|223|211|439
5|223|212|440
5|223|213|441
5|223|214|442
5|224|214|443
5|224|215|444
5|224|216|445
5|224|217|446
5|224|218|447
5|224|219|448
5|224|220|449
5|225|220|450
5|226|220|451
5|226|221|452
5|226|222|453
5|226|223|454
5|226|224|455
5|226|225|456
5|226|226|457
6|226|226|458
6|227|226|459
6|227|227|460
6|227|228|461
6|227|229|462
6|227|230|463
6|227|231|464
6|227|232|465
6|227|233|466
6|227|234|467
6|227|235|468
6|227|236|469
6|228|236|470
6|229|236|471
6|229|237|472
6|229|238|473
6|230|238|474
6|230|239|475
6|230|240|476
6|230|241|477
6|230|242|478
6|231|242|479
6|232|242|480
6|232|243|481
6|233|243|482
6|233|244|483
6|234|244|484
6|234|245|485
7|234|245|486
7|235|245|487
7|236|245|488
7|236|246|489
7|237|246|490
7|237|247|491
7|238|247|492
7|238|248|493
8|238|248|494
8|239|248|495
8|240|248|496
8|240|249|497
8|241|249|498
8|241|250|499
8|242|250|500
8|243|250|501
8|244|250|502
8|245|250|503
8|246|250|504
8|246|251|505
8|247|251|506
8|248|251|507
8|249|251|508
8|250|251|509
8|251|251|510
8|252|251|511
8|253|251|512
8|254|251|513
8|255|251|514
8|255|252|515
8|256|252|516
8|256|253|517
8|257|253|518
8|257|254|519
8|258|254|520
8|258|255|521
8|259|255|522
8|259|256|523
8|260|256|524
8|260|257|525
8|261|257|526
8|261|258|527
8|262|258|528
8|262|259|529
8|263|259|530
8|263|260|531
8|264|260|532
8|264|261|533
8|265|261|534
8|265|262|535
8|266|262|536
8|266|263|537
8|267|263|538
8|267|264|539
8|268|264|540
8|268|265|541
8|269|265|542
8|269|266|543
8|270|266|544
8|270|267|545
8|271|267|546
8|271|268|547
8|272|268|548
8|272|269|549
8|273|269|550
8|273|270|551
8|274|270|552
8|274|271|553
8|275|271|554
8|275|272|555
8|276|272|556
8|276|273|557
8|277|273|558
8|277|274|559
8|278|274|560
8|278|275|561
8|279|275|562
8|279|276|563
8|280|276|564
8|280|277|565
8|281|277|566
8|281|278|567
8|282|278|568
8|282|279|569
8|283|279|570
8|283|280|571
8|284|280|572
8|284|281|573
8|285|281|574
8|285|282|575
8|286|282|576
8|286|283|577
8|287|283|578
8|287|284|579
8|288|284|580
8|288|285|581
8|289|285|582
8|289|286|583
8|290|286|584
8|290|287|585
8|291|287|586
8|291|288|587
8|292|288|588
8|292|289|589
8|293|289|590
8|293|290|591
8|294|290|592
8|294|291|593
8|295|291|594
8|295|292|595
9|295|292|596
9|295|293|597
9|296|293|598
9|296|294|599
9|297|294|600
9|297|295|601
9|298|295|602
9|298|296|603
9|299|296|604
9|299|297|605
9|300|297|606
9|300|298|607
9|301|298|608
9|301|299|609
9|302|299|610
9|302|300|611
10|302|300|612
10|302|301|613
10|303|301|614
10|303|302|615
10|304|302|616
10|304|303|617
11|304|303|618
11|304|304|619
11|305|304|620
11|306|304|621
11|307|304|622
11|308|304|623
11|308|305|624
11|309|305|625
11|309|306|626
11|309|307|627
11|309|308|628
11|309|309|629
11|309|310|630
11|310|310|631
11|310|311|632
11|311|311|633
11|311|312|634
11|311|313|635
11|311|314|636
11|312|314|637
11|312|315|638
11|313|315|639
11|313|316|640
11|313|317|641
11|313|318|642
11|313|319|643
11|313|320|644
11|314|320|645
11|314|321|646
11|315|321|647
11|315|322|648
11|315|323|649
11|315|324|650
11|316|324|651
11|316|325|652
11|317|325|653
11|318|325|654
11|318|326|655
11|319|326|656
11|320|326|657
11|321|326|658
11|321|327|659
11|322|327|660
11|322|328|661
11|323|328|662
11|323|329|663
11|324|329|664
11|324|330|665
11|325|330|666
11|325|331|667
11|326|331|668
11|326|332|669
11|327|332|670
11|327|333|671
11|328|333|672
11|328|334|673
11|329|334|674
11|329|335|675
11|330|335|676
11|330|336|677
11|331|336|678
11|331|337|679
11|332|337|680
11|332|338|681
11|333|338|682
11|333|339|683
11|334|339|684
11|334|340|685
11|335|340|686
11|335|341|687
11|336|341|688
11|336|342|689
11|337|342|690
11|337|343|691
11|338|343|692
11|339|343|693
11|340|343|694
11|340|344|695
11|341|344|696
11|341|345|697
11|342|345|698
11|342|346|699
11|343|346|700
11|343|347|701
11|344|347|702
11|344|348|703
11|345|348|704
11|345|349|705
11|346|349|706
11|346|350|707
11|347|350|708
11|347|351|709
11|348|351|710
11|348|352|711
11|349|352|712
11|349|353|713
11|350|353|714
11|350|354|715
11|351|354|716
11|351|355|717
11|352|355|718
11|352|356|719
11|353|356|720
11|353|357|721
11|354|357|722
11|354|358|723
11|355|358|724
11|355|359|725
11|356|359|726
11|356|360|727
11|357|360|728
11|357|361|729
11|358|361|730
11|358|362|731
12|358|362|732
12|359|362|733
12|360|362|734
12|360|363|735
12|361|363|736
12|361|364|737
12|362|364|738
12|362|365|739
13|362|365|740
13|362|366|741
14|362|366|742
14|362|367|743
14|363|367|744
14|363|368|745
14|364|368|746
14|365|368|747
14|366|368|748
14|366|369|749
14|367|369|750
14|367|370|751
14|368|370|752
14|368|371|753
15|368|371|754
15|368|372|755
15|369|372|756
15|369|373|757
15|370|373|758
15|370|374|759
15|371|374|760
15|372|374|761
16|372|374|762
16|372|375|763
16|373|375|764
16|374|375|765
16|375|375|766
16|376|375|767
16|376|376|768
16|377|376|769
16|377|377|770
16|377|378|771
16|377|379|772
16|377|380|773
16|377|381|774
16|378|381|775
16|378|382|776
16|379|382|777
16|379|383|778
16|380|383|779
16|380|384|780
16|380|385|781
16|380|386|782
16|381|386|783
16|381|387|784
16|381|388|785
16|381|389|786
16|381|390|787
16|381|391|788
16|382|391|789
16|382|392|790
16|383|392|791
16|383|393|792
16|383|394|793
16|383|395|794
16|384|395|795
16|384|396|796
16|385|396|797
16|386|396|798
16|387|396|799
16|387|397|800
16|388|397|801
16|388|398|802
16|388|399|803
16|389|399|804
16|389|400|805
16|390|400|806
16|390|401|807
16|391|401|808
16|391|402|809
16|392|402|810
16|392|403|811
16|393|403|812
16|393|404|813
16|394|404|814
16|394|405|815
16|395|405|816
16|395|406|817
16|396|406|818
16|396|407|819
16|397|407|820
16|397|408|821
16|398|408|822
16|398|409|823
16|399|409|824
16|399|410|825
16|400|410|826
16|400|411|827
16|401|411|828
16|401|412|829
16|402|412|830
16|402|413|831
16|403|413|832
16|403|414|833
16|404|414|834
16|404|415|835
16|405|415|836
16|405|416|837
16|406|416|838
16|406|417|839
16|407|417|840
16|407|418|841
16|408|418|842
16|408|419|843
16|409|419|844
16|409|420|845
16|410|420|846
16|410|421|847
16|411|421|848
16|411|422|849
16|412|422|850
16|412|423|851
16|413|423|852
16|413|424|853
16|414|424|854
16|414|425|855
16|415|425|856
16|415|426|857
16|416|426|858
16|416|427|859
16|417|427|860
16|417|428|861
16|418|428|862
16|418|429|863
16|419|429|864
16|419|430|865
16|420|430|866
16|420|431|867
16|421|431|868
16|421|432|869
16|422|432|870
16|422|433|871
16|423|433|872
16|423|434|873
16|424|434|874
16|425|434|875
16|426|434|876
16|427|434|877
16|428|434|878
16|428|435|879
16|429|435|880
16|429|436|881
16|430|436|882
16|430|437|883
16|431|437|884
16|432|437|885
16|433|437|886
16|433|438|887
16|434|438|888
16|434|439|889
16|435|439|890
16|435|440|891
16|436|440|892
16|437|440|893
16|438|440|894
16|438|441|895
16|439|441|896
16|439|442|897
16|440|442|898
16|440|443|899
16|441|443|900
16|441|444|901
16|442|444|902
16|442|445|903
16|443|445|904
16|443|446|905
16|444|446|906
16|444|447|907
16|445|447|908
16|446|447|909
16|447|447|910
16|447|448|911
16|447|449|912
16|448|449|913
16|449|449|914
16|449|450|915
16|450|450|916
16|450|451|917
16|450|452|918
16|450|453|919
16|451|453|920
16|452|453|921
16|452|454|922
16|452|455|923
16|453|455|924
16|453|456|925
16|454|456|926
16|454|457|927
16|455|457|928
16|456|457|929
16|456|458|930
16|456|459|931
16|457|459|932
16|457|460|933
16|458|460|934
16|458|461|935
16|459|461|936
16|459|462|937
16|460|462|938
16|460|463|939
16|461|463|940
16|461|464|941
16|462|464|942
16|462|465|943
16|463|465|944
16|464|465|945
16|464|466|946
16|464|467|947
16|465|467|948
16|465|468|949
16|466|468|950
16|466|469|951
16|467|469|952
16|467|470|953
16|468|470|954
16|468|471|955
16|469|471|956
16|469|472|957
16|470|472|958
16|470|473|959
16|471|473|960
16|471|474|961
16|472|474|962
16|472|475|963
16|473|475|964
16|473|476|965
16|474|476|966
16|474|477|967
16|475|477|968
16|475|478|969
16|476|478|970
16|476|479|971
16|477|479|972
16|477|480|973
16|478|480|974
16|478|481|975
16|479|481|976
16|479|482|977
16|480|482|978
16|480|483|979
16|481|483|980
16|481|484|981
16|482|484|982
16|482|485|983
16|482|486|984
16|483|486|985
16|484|486|986
16|484|487|987
16|485|487|988
16|485|488|989
16|486|488|990
16|486|489|991
16|487|489|992
16|488|489|993
16|488|490|994
16|488|491|995
16|489|491|996
16|489|492|997
16|490|492|998
16|490|493|999
16|491|493|1000
16|492|493|1001
16|492|494|1002
16|492|495|1003
16|493|495|1004
16|493|496|1005
16|494|496|1006
16|494|497|1007
16|495|497|1008
16|495|498|1009
16|496|498|1010
16|496|499|1011
16|497|499|1012
16|497|500|1013
16|498|500|1014
16|498|501|1015
16|499|501|1016
16|500|501|1017
16|501|501|1018
16|501|502|1019
16|502|502|1020
16|502|503|1021
16|503|503|1022
16|503|504|1023
16|504|504|1024
16|504|505|1025
16|505|505|1026
16|505|506|1027
16|506|506|1028
16|506|507|1029
16|507|507|1030
16|507|508|1031
16|508|508|1032
16|508|509|1033
16|509|509|1034
16|509|510|1035
16|510|510|1036
16|510|511|1037
16|511|511|1038
16|511|512|1039
16|512|512|1040
16|512|513|1041
16|513|513|1042
16|513|514|1043
16|514|514|1044
16|514|515|1045
16|515|515|1046
16|515|516|1047
16|516|516|1048
16|516|517|1049
16|517|517|1050
16|517|518|1051
16|518|518|1052
16|518|519|1053
16|519|519|1054
16|519|520|1055
16|520|520|1056
16|520|521|1057
16|521|521|1058
16|521|522|1059
16|522|522|1060
16|522|523|1061
16|523|523|1062
16|523|524|1063
16|524|524|1064
16|524|525|1065
16|525|525|1066
16|525|526|1067
16|526|526|1068
16|526|527|1069
16|527|527|1070
16|527|528|1071
16|528|528|1072
16|528|529|1073
16|529|529|1074
16|529|530|1075
16|530|530|1076
16|530|531|1077
16|531|531|1078
16|531|532|1079
16|532|532|1080
16|532|533|1081
16|533|533|1082
16|533|534|1083
16|534|534|1084
16|534|535|1085
16|535|535|1086
16|535|536|1087
16|536|536|1088
16|536|537|1089
16|537|537|1090
16|537|538|1091
16|537|539|1092
16|538|539|1093
16|539|539|1094
16|539|540|1095
16|540|540|1096
16|540|541|1097
16|540|542|1098
16|540|543|1099
16|541|543|1100
16|542|543|1101
16|542|544|1102
16|542|545|1103
16|542|546|1104
16|542|547|1105
16|543|547|1106
16|543|548|1107
16|544|548|1108
16|544|549|1109
16|544|550|1110
16|544|551|1111
16|545|551|1112
16|545|552|1113
16|546|552|1114
16|547|552|1115
16|548|552|1116
16|549|552|1117
16|550|552|1118
16|550|553|1119
16|551|553|1120
16|552|553|1121
16|553|553|1122
16|553|554|1123
16|554|554|1124
16|554|555|1125
16|554|556|1126
16|554|557|1127
16|554|558|1128
16|554|559|1129
16|554|560|1130
16|554|561|1131
16|554|562|1132
16|554|563|1133
16|555|563|1134
16|556|563|1135
16|557|563|1136
16|557|564|1137
16|557|565|1138
16|557|566|1139
16|557|567|1140
16|557|568|1141
16|558|568|1142
16|558|569|1143
16|558|570|1144
16|558|571|1145
16|558|572|1146
16|558|573|1147
16|558|574|1148
16|558|575|1149
16|558|576|1150
16|559|576|1151
16|559|577|1152
16|559|578|1153
16|560|578|1154
16|560|579|1155
16|560|580|1156
16|560|581|1157
16|561|581|1158
16|562|581|1159
16|562|582|1160
16|562|583|1161
16|563|583|1162
16|564|583|1163
16|565|583|1164
16|565|584|1165
16|566|584|1166
16|566|585|1167
16|567|585|1168
16|567|586|1169
16|568|586|1170
16|568|587|1171
16|569|587|1172
16|569|588|1173
16|570|588|1174
16|570|589|1175
16|571|589|1176
16|571|590|1177
16|572|590|1178
16|573|590|1179
16|574|590|1180
16|574|591|1181
16|575|591|1182
16|575|592|1183
16|576|592|1184
16|577|592|1185
16|578|592|1186
16|578|593|1187
16|579|593|1188
16|579|594|1189
16|580|594|1190
16|580|595|1191
16|581|595|1192
16|582|595|1193
16|583|595|1194
16|584|595|1195
16|585|595|1196
16|585|596|1197
16|586|596|1198
16|586|597|1199
16|587|597|1200
16|587|598|1201
16|588|598|1202
16|588|599|1203
16|589|599|1204
16|589|600|1205
16|590|600|1206
16|590|601|1207
16|591|601|1208
16|591|602|1209
16|592|602|1210
16|592|603|1211
16|593|603|1212
16|593|604|1213
16|594|604|1214
16|594|605|1215
16|595|605|1216
16|595|606|1217
16|596|606|1218
16|596|607|1219
16|597|607|1220
16|597|608|1221
16|598|608|1222
16|598|609|1223
16|599|609|1224
16|599|610|1225
16|600|610|1226
16|600|611|1227
16|601|611|1228
16|601|612|1229
16|602|612|1230
16|602|613|1231
16|603|613|1232
16|603|614|1233
16|603|615|1234
16|603|616|1235
16|604|616|1236
16|604|617|1237
16|605|617|1238
16|605|618|1239
16|606|618|1240
16|606|619|1241
16|607|619|1242
16|607|620|1243
16|608|620|1244
16|608|621|1245
16|609|621|1246
16|609|622|1247
16|610|622|1248
16|610|623|1249
16|611|623|1250
16|611|624|1251
16|612|624|1252
16|612|625|1253
16|613|625|1254
16|613|626|1255
16|614|626|1256
16|614|627|1257
16|615|627|1258
16|615|628|1259
16|616|628|1260
16|616|629|1261
16|617|629|1262
16|617|630|1263
16|618|630|1264
16|618|631|1265
16|619|631|1266
16|619|632|1267
16|620|632|1268
16|620|633|1269
16|621|633|1270
16|621|634|1271
16|622|634|1272
16|622|635|1273
16|623|635|1274
16|623|636|1275
16|624|636|1276
16|624|637|1277
16|625|637|1278
16|625|638|1279
17|625|638|1280
17|625|639|1281
17|626|639|1282
17|626|640|1283
17|627|640|1284
17|627|641|1285
18|627|641|1286
18|627|642|1287
18|628|642|1288
18|628|643|1289
18|629|643|1290
18|629|644|1291
18|630|644|1292
18|630|645|1293
18|631|645|1294
18|631|646|1295
18|632|646|1296
18|632|647|1297
18|633|647|1298
18|633|648|1299
18|634|648|1300
18|634|649|1301
18|635|649|1302
18|636|649|1303
18|637|649|1304
18|638|649|1305
18|639|649|1306
18|639|650|1307
18|640|650|1308
18|641|650|1309
18|642|650|1310
18|642|651|1311
18|642|652|1312
18|642|653|1313
18|642|654|1314
18|642|655|1315
18|643|655|1316
18|644|655|1317
18|644|656|1318
18|644|657|1319
18|644|658|1320
18|644|659|1321
18|644|660|1322
18|644|661|1323
18|644|662|1324
18|644|663|1325
18|645|663|1326
18|645|664|1327
18|645|665|1328
18|645|666|1329
18|645|667|1330
18|646|667|1331
18|646|668|1332
18|646|669|1333
18|647|669|1334
18|648|669|1335
18|648|670|1336
18|648|671|1337
18|649|671|1338
18|650|671|1339
18|650|672|1340
18|651|672|1341
18|651|673|1342
18|651|674|1343
18|652|674|1344
18|652|675|1345
18|653|675|1346
18|653|676|1347
18|654|676|1348
18|654|677|1349
18|655|677|1350
18|655|678|1351
18|656|678|1352
18|656|679|1353
18|657|679|1354
18|657|680|1355
18|658|680|1356
18|658|681|1357
18|659|681|1358
18|659|682|1359
18|660|682|1360
18|660|683|1361
18|661|683|1362
18|661|684|1363
18|662|684|1364
18|662|685|1365
18|663|685|1366
18|663|686|1367
18|664|686|1368
18|664|687|1369
18|665|687|1370
18|665|688|1371
18|666|688|1372
18|667|688|1373
18|668|688|1374
18|668|689|1375
18|669|689|1376
18|670|689|1377
18|671|689|1378
18|671|690|1379
18|672|690|1380
18|672|691|1381
18|673|691|1382
18|673|692|1383
18|674|692|1384
18|674|693|1385
18|675|693|1386
18|675|694|1387
18|676|694|1388
18|676|695|1389
18|677|695|1390
18|677|696|1391
18|678|696|1392
18|678|697|1393
18|679|697|1394
18|679|698|1395
18|680|698|1396
18|680|699|1397
18|681|699|1398
18|681|700|1399
18|682|700|1400
18|682|701|1401
18|683|701|1402
18|683|702|1403
18|684|702|1404
18|684|703|1405
18|685|703|1406
18|685|704|1407
18|686|704|1408
18|686|705|1409
18|687|705|1410
18|687|706|1411
18|688|706|1412
18|688|707|1413
18|689|707|1414
18|689|708|1415
18|690|708|1416
18|690|709|1417
18|691|709|1418
18|691|710|1419
18|692|710|1420
18|692|711|1421
18|693|711|1422
18|693|712|1423
18|694|712|1424
18|694|713|1425
18|695|713|1426
18|695|714|1427
18|696|714|1428
18|696|715|1429
18|697|715|1430
18|697|716|1431
18|698|716|1432
18|698|717|1433
18|699|717|1434
18|699|718|1435
18|700|718|1436
18|700|719|1437
18|701|719|1438
18|701|720|1439
18|702|720|1440
18|702|721|1441
18|703|721|1442
18|703|722|1443
18|704|722|1444
18|705|722|1445
18|706|722|1446
18|706|723|1447
18|707|723|1448
18|707|724|1449
18|708|724|1450
18|709|724|1451
18|710|724|1452
18|710|725|1453
18|710|726|1454
18|710|727|1455
18|710|728|1456
18|710|729|1457
18|710|730|1458
18|711|730|1459
18|711|731|1460
18|711|732|1461
18|711|733|1462
18|712|733|1463
18|712|734|1464
18|712|735|1465
18|713|735|1466
18|713|736|1467
18|713|737|1468
18|713|738|1469
18|713|739|1470
18|713|740|1471
18|714|740|1472
18|714|741|1473
18|714|742|1474
18|715|742|1475
18|716|742|1476
18|716|743|1477
18|717|743|1478
18|718|743|1479
18|719|743|1480
18|720|743|1481
18|720|744|1482
18|720|745|1483
18|720|746|1484
18|721|746|1485
18|721|747|1486
18|721|748|1487
18|722|748|1488
18|722|749|1489
18|723|749|1490
18|723|750|1491
18|724|750|1492
18|724|751|1493
18|725|751|1494
18|725|752|1495
18|726|752|1496
18|726|753|1497
18|727|753|1498
18|727|754|1499
18|728|754|1500
18|728|755|1501
18|729|755|1502
18|729|756|1503
18|730|756|1504
18|730|757|1505
18|731|757|1506
18|731|758|1507
18|732|758|1508
18|732|759|1509
18|733|759|1510
18|733|760|1511
18|734|760|1512
18|734|761|1513
18|735|761|1514
18|735|762|1515
18|736|762|1516
18|736|763|1517
18|737|763|1518
18|737|764|1519
18|738|764|1520
18|738|765|1521
18|739|765|1522
18|739|766|1523
18|740|766|1524
18|740|767|1525
18|741|767|1526
18|741|768|1527
18|742|768|1528
18|742|769|1529
18|743|769|1530
18|743|770|1531
18|744|770|1532
18|744|771|1533
18|745|771|1534
18|745|772|1535
18|746|772|1536
18|746|773|1537
18|747|773|1538
18|747|774|1539
18|748|774|1540
18|748|775|1541
18|749|775|1542
18|749|776|1543
18|750|776|1544
18|750|777|1545
18|751|777|1546
18|751|778|1547
18|752|778|1548
18|752|779|1549
18|753|779|1550
18|753|780|1551
18|754|780|1552
18|754|781|1553
18|755|781|1554
18|755|782|1555
18|756|782|1556
18|756|783|1557
18|757|783|1558
18|757|784|1559
18|758|784|1560
18|758|785|1561
18|759|785|1562
18|759|786|1563
18|760|786|1564
18|760|787|1565
18|761|787|1566
18|761|788|1567
18|762|788|1568
18|762|789|1569
18|763|789|1570
18|763|790|1571
18|764|790|1572
18|764|791|1573
18|765|791|1574
18|765|792|1575
18|766|792|1576
18|767|792|1577
18|768|792|1578
18|768|793|1579
18|769|793|1580
18|769|794|1581
18|770|794|1582
18|771|794|1583
18|772|794|1584
18|772|795|1585
18|773|795|1586
18|773|796|1587
18|774|796|1588
18|774|797|1589
18|775|797|1590
18|776|797|1591
18|777|797|1592
18|778|797|1593
18|779|797|1594
18|779|798|1595
18|780|798|1596
18|780|799|1597
18|781|799|1598
18|781|800|1599
18|782|800|1600
18|782|801|1601
18|783|801|1602
18|783|802|1603
18|784|802|1604
18|785|802|1605
18|785|803|1606
18|785|804|1607
18|786|804|1608
18|786|805|1609
18|787|805|1610
18|787|806|1611
18|788|806|1612
18|789|806|1613
18|789|807|1614
18|789|808|1615
18|790|808|1616
18|790|809|1617
18|791|809|1618
18|791|810|1619
18|792|810|1620
18|792|811|1621
18|793|811|1622
18|793|812|1623
18|794|812|1624
18|794|813|1625
18|795|813|1626
18|796|813|1627
18|797|813|1628
18|798|813|1629
18|799|813|1630
18|799|814|1631
18|800|814|1632
18|800|815|1633
18|801|815|1634
18|801|816|1635
18|802|816|1636
18|802|817|1637
18|803|817|1638
18|803|818|1639
18|804|818|1640
18|804|819|1641
18|805|819|1642
18|805|820|1643
18|806|820|1644
18|806|821|1645
18|807|821|1646
18|807|822|1647
18|808|822|1648
18|808|823|1649
18|809|823|1650
18|809|824|1651
18|810|824|1652
18|810|825|1653
18|811|825|1654
18|811|826|1655
18|812|826|1656
18|812|827|1657
18|813|827|1658
18|813|828|1659
18|814|828|1660
18|814|829|1661
18|815|829|1662
18|815|830|1663
18|816|830|1664
18|816|831|1665
18|817|831|1666
18|817|832|1667
18|817|833|1668
18|818|833|1669
18|819|833|1670
18|819|834|1671
18|820|834|1672
18|820|835|1673
18|821|835|1674
18|821|836|1675
18|822|836|1676
18|823|836|1677
18|823|837|1678
18|823|838|1679
18|824|838|1680
18|824|839|1681
18|825|839|1682
18|825|840|1683
18|826|840|1684
18|827|840|1685
18|827|841|1686
18|827|842|1687
18|828|842|1688
18|828|843|1689
18|829|843|1690
18|829|844|1691
18|830|844|1692
18|830|845|1693
18|831|845|1694
18|831|846|1695
18|832|846|1696
18|832|847|1697
18|833|847|1698
18|833|848|1699
18|834|848|1700
18|834|849|1701
18|835|849|1702
18|835|850|1703
18|836|850|1704
18|836|851|1705
18|837|851|1706
18|837|852|1707
18|838|852|1708
18|838|853|1709
18|839|853|1710
18|839|854|1711
18|840|854|1712
18|840|855|1713
18|841|855|1714
18|841|856|1715
18|842|856|1716
18|842|857|1717
18|843|857|1718
18|843|858|1719
18|844|858|1720
18|844|859|1721
18|845|859|1722
18|845|860|1723
18|846|860|1724
18|846|861|1725
18|847|861|1726
18|847|862|1727
18|848|862|1728
18|848|863|1729
18|849|863|1730
18|849|864|1731
18|850|864|1732
18|850|865|1733
18|851|865|1734
18|851|866|1735
18|852|866|1736
18|852|867|1737
18|853|867|1738
18|854|867|1739
18|855|867|1740
18|855|868|1741
18|856|868|1742
18|856|869|1743
18|857|869|1744
18|857|870|1745
18|858|870|1746
18|858|871|1747
18|859|871|1748
18|859|872|1749
18|860|872|1750
18|860|873|1751
18|861|873|1752
18|861|874|1753
18|862|874|1754
18|862|875|1755
18|863|875|1756
18|863|876|1757
18|864|876|1758
18|865|876|1759
18|866|876|1760
18|866|877|1761
18|867|877|1762
18|867|878|1763
18|868|878|1764
18|868|879|1765
18|869|879|1766
18|869|880|1767
18|870|880|1768
18|870|881|1769
18|871|881|1770
18|871|882|1771
18|872|882|1772
18|872|883|1773
18|873|883|1774
18|873|884|1775
18|873|885|1776
18|873|886|1777
18|874|886|1778
18|874|887|1779
18|875|887|1780
18|875|888|1781
18|875|889|1782
18|875|890|1783
18|876|890|1784
18|877|890|1785
18|877|891|1786
18|877|892|1787
18|877|893|1788
18|878|894|1790
18|879|894|1791
18|879|895|1792
18|879|896|1793
18|880|896|1794
18|881|896|1795
18|881|897|1796
18|882|897|1797
18|882|898|1798
18|882|899|1799
18|882|900|1800
18|882|901|1801
18|882|902|1802
18|883|902|1803
18|883|903|1804
18|883|904|1805
18|883|905|1806
18|884|905|1807
18|884|906|1808
18|885|906|1809
18|885|907|1810
18|886|907|1811
18|886|908|1812
18|887|908|1813
18|887|909|1814
18|888|909|1815
18|888|910|1816
18|889|910|1817
18|890|910|1818
18|890|911|1819
18|891|911|1820
18|892|911|1821
18|893|911|1822
18|893|912|1823
18|893|913|1824
18|894|913|1825
18|895|913|1826
18|896|913|1827
18|897|913|1828
18|897|914|1829
18|897|915|1830
18|897|916|1831
18|897|917|1832
18|898|917|1833
18|898|918|1834
18|899|918|1835
18|899|919|1836
18|900|919|1837
18|900|920|1838
18|901|920|1839
18|901|921|1840
18|902|921|1841
18|902|922|1842
18|902|923|1843
18|903|923|1844
18|903|924|1845
18|903|925|1846
18|904|925|1847
18|904|926|1848
18|905|926|1849
18|905|927|1850
18|906|927|1851
18|906|928|1852
18|907|928|1853
18|908|928|1854
18|909|928|1855
18|909|929|1856
18|910|929|1857
18|911|929|1858
18|912|929|1859
18|912|930|1860
18|913|930|1861
18|914|930|1862
18|915|930|1863
18|915|931|1864
18|916|931|1865
18|916|932|1866
18|917|932|1867
18|917|933|1868
18|918|933|1869
18|919|933|1870
18|920|933|1871
18|920|934|1872
18|921|934|1873
18|921|935|1874
18|922|935|1875
18|923|935|1876
18|924|935|1877
18|925|935|1878
18|926|935|1879
18|927|935|1880
18|928|935|1881
18|929|935|1882
18|930|935|1883
18|930|936|1884
18|931|936|1885
18|931|937|1886
18|932|937|1887
18|932|938|1888
18|933|938|1889
18|933|939|1890
18|934|939|1891
18|934|940|1892
18|935|940|1893
18|935|941|1894
18|936|941|1895
18|936|942|1896
18|937|942|1897
18|937|943|1898
18|938|943|1899
18|938|944|1900
18|939|944|1901
18|939|945|1902
18|940|945|1903
18|940|946|1904
18|941|946|1905
18|941|947|1906
18|942|947|1907
18|942|948|1908
18|943|948|1909
18|943|949|1910
18|944|949|1911
18|944|950|1912
18|945|950|1913
18|945|951|1914
18|946|951|1915
18|946|952|1916
18|947|952|1917
18|947|953|1918
18|948|953|1919
18|948|954|1920
18|949|954|1921
18|949|955|1922
18|950|955|1923
18|950|956|1924
18|951|956|1925
18|951|957|1926
18|952|957|1927
18|952|958|1928
18|953|958|1929
18|953|959|1930
18|954|959|1931
18|954|960|1932
18|955|960|1933
18|955|961|1934
18|956|961|1935
18|956|962|1936
18|957|962|1937
18|957|963|1938
18|958|963|1939
18|958|964|1940
18|959|964|1941
18|959|965|1942
18|960|965|1943
18|960|966|1944
18|961|966|1945
18|961|967|1946
18|962|967|1947
18|962|968|1948
18|963|968|1949
18|963|969|1950
18|964|969|1951
18|964|970|1952
18|965|970|1953
18|965|971|1954
18|966|971|1955
18|967|971|1956
18|968|971|1957
18|968|972|1958
18|969|972|1959
18|969|973|1960
18|970|973|1961
18|970|974|1962
18|971|974|1963
18|972|974|1964
18|973|974|1965
18|974|974|1966
18|975|974|1967
18|975|975|1968
18|976|975|1969
18|977|975|1970
18|978|975|1971
18|978|976|1972
18|979|976|1973
18|979|977|1974
18|980|977|1975
18|980|978|1976
18|981|978|1977
18|982|978|1978
18|983|978|1979
18|984|978|1980
18|985|978|1981
18|985|979|1982
18|986|979|1983
18|987|979|1984
18|988|979|1985
18|988|980|1986
18|989|980|1987
18|989|981|1988
18|990|981|1989
18|990|982|1990
18|990|983|1991
18|991|983|1992
18|991|984|1993
18|991|985|1994
18|991|986|1995
18|991|987|1996
18|991|988|1997
18|991|989|1998
18|991|990|1999
18|992|990|2000
