total
0|0|1|1
0|1|1|2
0|1|2|3
0|2|2|4
0|2|3|5
0|3|3|6
0|3|4|7
0|4|4|8
0|4|5|9
0|5|5|10
0|5|6|11
0|6|6|12
0|6|7|13
0|7|7|14
0|7|8|15
0|8|8|16
0|8|9|17
0|9|9|18
0|9|10|19
0|10|10|20
0|10|11|21
0|11|11|22
0|11|12|23
0|12|12|24
0|12|13|25
0|13|13|26
0|13|14|27
0|14|14|28
0|14|15|29
0|15|15|30
0|15|16|31
0|16|16|32
0|16|17|33
0|17|17|34
0|17|18|35
0|18|18|36
0|18|19|37
0|19|19|38
0|19|20|39
0|20|20|40
0|20|21|41
0|21|21|42
0|21|22|43
0|22|22|44
0|22|23|45
0|23|23|46
0|23|24|47
0|24|24|48
0|24|25|49
0|25|25|50
0|25|26|51
0|26|26|52
0|26|27|53
0|27|27|54
0|27|28|55
0|28|28|56
0|28|29|57
0|29|29|58
0|29|30|59
0|30|30|60
0|30|31|61
0|31|31|62
0|31|32|63
0|32|32|64
0|32|33|65
0|33|33|66
0|33|34|67
0|34|34|68
0|34|35|69
0|35|35|70
0|35|36|71
0|36|36|72
0|36|37|73
0|37|37|74
0|37|38|75
0|38|38|76
0|38|39|77
0|39|39|78
0|39|40|79
0|40|40|80
0|40|41|81
0|41|41|82
0|41|42|83
0|41|43|84
0|41|44|85
0|41|45|86
0|41|46|87
0|41|47|88
0|41|48|89
0|41|49|90
0|41|50|91
0|41|51|92
0|41|52|93
0|41|53|94
0|41|54|95
0|41|55|96
0|41|56|97
0|41|57|98
0|41|58|99
0|41|59|100
0|41|60|101
0|41|61|102
0|41|62|103
0|41|63|104
0|41|64|105
0|41|65|106
0|41|66|107
0|41|67|108
0|41|68|109
0|41|69|110
0|41|70|111
0|41|71|112
0|41|72|113
0|41|73|114
0|41|74|115
0|41|75|116
0|41|76|117
0|41|77|118
0|41|78|119
0|42|78|120
0|42|79|121
0|43|79|122
0|43|80|123
0|44|80|124
0|44|81|125
0|45|81|126
0|45|82|127
0|46|82|128
0|46|83|129
0|47|83|130
0|47|84|131
0|48|84|132
0|48|85|133
0|49|85|134
0|49|86|135
0|50|86|136
0|50|87|137
0|51|87|138
0|51|88|139
0|52|88|140
0|52|89|141
0|53|89|142
0|53|90|143
0|54|90|144
0|54|91|145
0|55|91|146
0|55|92|147
0|56|92|148
0|56|93|149
0|57|93|150
0|57|94|151
0|58|94|152
0|58|95|153
0|59|95|154
0|59|96|155
0|60|96|156
0|60|97|157
0|61|97|158
0|61|98|159
0|62|98|160
0|62|99|161
0|63|99|162
0|63|100|163
0|64|100|164
0|64|101|165
0|65|101|166
0|65|102|167
0|66|102|168
0|66|103|169
0|67|103|170
0|67|104|171
0|68|104|172
0|68|105|173
0|69|105|174
0|69|106|175
0|70|106|176
0|70|107|177
0|71|107|178
0|71|108|179
0|72|108|180
0|72|109|181
0|73|109|182
0|73|110|183
0|74|110|184
0|74|111|185
0|75|111|186
0|75|112|187
0|76|112|188
0|76|113|189
0|77|113|190
0|77|114|191
0|78|114|192
0|78|115|193
0|79|115|194
0|79|116|195
0|80|116|196
0|80|117|197
0|81|117|198
0|81|118|199
0|82|118|200
0|82|119|201
0|83|119|202
0|83|120|203
0|84|120|204
0|84|121|205
0|85|121|206
0|85|122|207
0|86|122|208
0|86|123|209
0|87|123|210
0|87|124|211
0|88|124|212
0|88|125|213
0|89|125|214
0|89|126|215
0|90|126|216
0|90|127|217
0|91|127|218
0|91|128|219
0|92|128|220
0|92|129|221
0|93|129|222
0|93|130|223
0|94|130|224
0|94|131|225
0|95|131|226
0|95|132|227
0|95|133|228
0|95|134|229
0|95|135|230
0|95|136|231
0|95|137|232
0|95|138|233
0|95|139|234
0|95|140|235
0|96|140|236
0|96|141|237
0|96|142|238
0|96|143|239
0|96|144|240
0|96|145|241
0|96|146|242
0|96|147|243
0|97|147|244
0|97|148|245
0|97|149|246
0|97|150|247
0|98|150|248
0|98|151|249
0|98|152|250
0|98|153|251
0|98|154|252
0|98|155|253
0|99|155|254
0|99|156|255
0|99|157|256
0|99|158|257
0|99|159|258
0|99|160|259
0|99|161|260
0|99|162|261
0|99|163|262
0|99|164|263
0|100|164|264
0|100|165|265
0|101|165|266
0|101|166|267
0|102|166|268
0|102|167|269
0|103|167|270
0|103|168|271
0|104|168|272
0|104|169|273
0|105|169|274
0|105|170|275
0|106|170|276
0|106|171|277
0|107|171|278
0|107|172|279
0|108|172|280
0|108|173|281
0|109|173|282
0|109|174|283
0|110|174|284
0|110|175|285
0|111|175|286
0|111|176|287
0|112|176|288
0|112|177|289
0|113|177|290
0|113|178|291
0|114|178|292
0|114|179|293
0|115|179|294
0|115|180|295
0|116|180|296
0|116|181|297
0|117|181|298
0|117|182|299
0|117|183|300
0|117|184|301
0|118|184|302
0|118|185|303
0|119|185|304
0|119|186|305
0|120|186|306
0|120|187|307
0|121|187|308
0|121|188|309
0|121|189|310
0|121|190|311
0|122|190|312
0|122|191|313
0|123|191|314
0|123|192|315
0|124|192|316
0|124|193|317
0|124|194|318
0|124|195|319
0|125|195|320
0|125|196|321
0|126|196|322
0|126|197|323
0|127|197|324
0|127|198|325
0|127|199|326
0|127|200|327
0|128|200|328
0|128|201|329
0|129|201|330
0|129|202|331
0|130|202|332
0|130|203|333
0|131|203|334
0|131|204|335
0|132|204|336
0|132|205|337
0|133|205|338
0|133|206|339
0|134|206|340
0|134|207|341
0|135|207|342
0|135|208|343
0|136|208|344
0|136|209|345
0|137|209|346
0|137|210|347
0|138|210|348
0|138|211|349
0|139|211|350
0|139|212|351
0|140|212|352
0|140|213|353
0|141|213|354
0|141|214|355
0|142|214|356
0|142|215|357
0|143|215|358
0|143|216|359
0|144|216|360
0|144|217|361
0|145|217|362
0|145|218|363
0|146|218|364
0|146|219|365
0|147|219|366
0|147|220|367
0|148|220|368
0|148|221|369
0|149|221|370
0|149|222|371
0|150|222|372
0|150|223|373
0|151|223|374
0|151|224|375
0|152|224|376
0|152|225|377
0|153|225|378
0|153|226|379
0|154|226|380
0|154|227|381
0|155|227|382
0|155|228|383
0|156|228|384
0|156|229|385
0|157|229|386
0|157|230|387
0|158|230|388
0|158|231|389
0|159|231|390
0|159|232|391
0|160|232|392
0|160|233|393
0|161|233|394
0|161|234|395
0|162|234|396
0|162|235|397
0|163|235|398
0|163|236|399
0|164|236|400
0|164|237|401
0|165|237|402
0|165|238|403
0|166|238|404
0|166|239|405
0|167|239|406
0|167|240|407
0|168|240|408
0|168|241|409
0|169|241|410
0|169|242|411
0|170|242|412
0|170|243|413
0|171|243|414
0|171|244|415
0|172|244|416
0|172|245|417
0|173|245|418
0|173|246|419
0|174|246|420
0|174|247|421
0|175|247|422
0|175|248|423
0|176|248|424
0|176|249|425
0|177|249|426
0|177|250|427
0|178|250|428
0|178|251|429
0|179|251|430
0|179|252|431
0|180|252|432
0|180|253|433
0|181|253|434
0|181|254|435
0|182|254|436
0|182|255|437
0|183|255|438
0|183|256|439
0|184|256|440
0|184|257|441
0|185|257|442
0|185|258|443
0|185|259|444
0|185|260|445
0|186|260|446
0|186|261|447
0|187|261|448
0|187|262|449
0|188|262|450
0|188|263|451
0|188|264|452
0|188|265|453
0|189|265|454
0|189|266|455
0|190|266|456
0|190|267|457
0|191|267|458
0|191|268|459
0|191|269|460
0|191|270|461
0|192|270|462
0|192|271|463
0|193|271|464
0|193|272|465
0|194|272|466
0|194|273|467
0|194|274|468
0|194|275|469
0|195|275|470
0|195|276|471
0|195|277|472
0|195|278|473
0|195|279|474
0|195|280|475
0|195|281|476
0|195|282|477
0|196|282|478
0|196|283|479
0|197|283|480
0|197|284|481
0|198|284|482
0|198|285|483
0|199|285|484
0|199|286|485
0|200|286|486
0|200|287|487
0|201|287|488
0|201|288|489
0|202|288|490
0|202|289|491
0|203|289|492
0|203|290|493
0|204|290|494
0|204|291|495
0|205|291|496
0|205|292|497
0|206|292|498
0|206|293|499
0|207|293|500
0|207|294|501
0|208|294|502
0|208|295|503
0|209|295|504
0|209|296|505
0|210|296|506
0|210|297|507
0|211|297|508
0|211|298|509
0|212|298|510
0|212|299|511
0|213|299|512
0|213|300|513
0|214|300|514
0|214|301|515
0|215|301|516
0|215|302|517
0|216|302|518
0|216|303|519
0|217|303|520
0|217|304|521
0|218|304|522
0|218|305|523
0|219|305|524
0|219|306|525
0|220|306|526
0|220|307|527
0|221|307|528
0|221|308|529
0|222|308|530
0|222|309|531
0|223|309|532
0|223|310|533
0|224|310|534
0|224|311|535
0|225|311|536
0|225|312|537
0|226|312|538
0|226|313|539
0|227|313|540
0|227|314|541
0|228|314|542
0|228|315|543
0|229|315|544
0|229|316|545
0|230|316|546
0|230|317|547
0|231|317|548
0|231|318|549
0|232|318|550
0|232|319|551
0|233|319|552
0|233|320|553
0|234|320|554
0|234|321|555
0|235|321|556
0|235|322|557
0|236|322|558
0|236|323|559
0|237|323|560
0|237|324|561
0|238|324|562
0|238|325|563
0|239|325|564
0|239|326|565
0|240|326|566
0|240|327|567
0|241|327|568
0|241|328|569
0|242|328|570
0|242|329|571
0|243|329|572
0|243|330|573
0|244|330|574
0|244|331|575
0|245|331|576
0|245|332|577
0|246|332|578
0|246|333|579
0|247|333|580
0|247|334|581
0|248|334|582
0|248|335|583
0|249|335|584
0|249|336|585
0|250|336|586
0|250|337|587
0|251|337|588
0|251|338|589
0|252|338|590
0|252|339|591
0|253|339|592
0|253|340|593
0|254|340|594
0|254|341|595
0|255|341|596
0|255|342|597
0|256|342|598
0|256|343|599
0|257|343|600
0|257|344|601
0|258|344|602
0|258|345|603
0|259|345|604
0|259|346|605
0|260|346|606
0|260|347|607
0|261|347|608
0|261|348|609
0|262|348|610
0|262|349|611
0|263|349|612
0|263|350|613
0|264|350|614
0|264|351|615
0|265|351|616
0|265|352|617
0|266|352|618
0|266|353|619
0|267|353|620
0|267|354|621
0|268|354|622
0|268|355|623
0|268|356|624
0|268|357|625
0|268|358|626
0|268|359|627
0|268|360|628
0|268|361|629
0|268|362|630
0|268|363|631
0|268|364|632
0|268|365|633
0|268|366|634
0|268|367|635
0|268|368|636
0|268|369|637
0|268|370|638
0|268|371|639
0|268|372|640
0|268|373|641
0|268|374|642
0|268|375|643
0|268|376|644
0|268|377|645
0|268|378|646
0|268|379|647
0|268|380|648
0|268|381|649
0|268|382|650
0|268|383|651
0|268|384|652
0|268|385|653
0|268|386|654
0|268|387|655
0|268|388|656
0|268|389|657
0|268|390|658
0|268|391|659
0|269|391|660
0|269|392|661
0|270|392|662
0|270|393|663
0|271|393|664
0|271|394|665
0|272|394|666
0|272|395|667
0|273|395|668
0|273|396|669
0|274|396|670
0|274|397|671
0|275|397|672
0|275|398|673
0|276|398|674
0|276|399|675
0|277|399|676
0|277|400|677
0|278|400|678
0|278|401|679
0|279|401|680
0|279|402|681
0|280|402|682
0|280|403|683
0|281|403|684
0|281|404|685
0|282|404|686
0|282|405|687
0|283|405|688
0|283|406|689
0|284|406|690
0|284|407|691
0|285|407|692
0|285|408|693
0|286|408|694
0|286|409|695
0|287|409|696
0|287|410|697
0|288|410|698
0|288|411|699
0|289|411|700
0|289|412|701
0|290|412|702
0|290|413|703
0|291|413|704
0|291|414|705
0|292|414|706
0|292|415|707
0|293|415|708
0|293|416|709
0|294|416|710
0|294|417|711
0|295|417|712
0|295|418|713
0|296|418|714
0|296|419|715
0|297|419|716
0|297|420|717
0|298|420|718
0|298|421|719
0|299|421|720
0|299|422|721
0|300|422|722
0|300|423|723
0|301|423|724
0|301|424|725
0|302|424|726
0|302|425|727
0|303|425|728
0|303|426|729
0|304|426|730
0|304|427|731
0|305|427|732
0|305|428|733
0|306|428|734
0|306|429|735
0|307|429|736
0|307|430|737
0|308|430|738
0|308|431|739
0|309|431|740
0|309|432|741
0|310|432|742
0|310|433|743
0|311|433|744
0|311|434|745
0|312|434|746
0|312|435|747
0|313|435|748
0|313|436|749
0|314|436|750
0|314|437|751
0|315|437|752
0|315|438|753
0|316|438|754
0|316|439|755
0|317|439|756
0|317|440|757
0|318|440|758
0|318|441|759
0|319|441|760
0|319|442|761
0|320|442|762
0|320|443|763
0|321|443|764
0|321|444|765
0|322|444|766
0|322|445|767
0|322|446|768
0|322|447|769
0|322|448|770
0|322|449|771
0|322|450|772
0|322|451|773
0|322|452|774
0|322|453|775
0|322|454|776
0|322|455|777
0|322|456|778
0|322|457|779
0|322|458|780
0|322|459|781
0|322|460|782
0|322|461|783
0|322|462|784
0|322|463|785
0|322|464|786
0|322|465|787
0|322|466|788
0|322|467|789
0|322|468|790
0|322|469|791
0|322|470|792
0|322|471|793
0|322|472|794
0|322|473|795
0|322|474|796
0|322|475|797
0|322|476|798
0|322|477|799
0|322|478|800
0|322|479|801
0|322|480|802
0|322|481|803
0|323|481|804
0|323|482|805
0|324|482|806
0|324|483|807
0|325|483|808
0|325|484|809
0|326|484|810
0|326|485|811
0|327|485|812
0|327|486|813
0|328|486|814
0|328|487|815
0|329|487|816
0|329|488|817
0|330|488|818
0|330|489|819
0|331|489|820
0|331|490|821
0|332|490|822
0|332|491|823
0|333|491|824
0|333|492|825
0|334|492|826
0|334|493|827
0|335|493|828
0|335|494|829
0|336|494|830
0|336|495|831
0|337|495|832
0|337|496|833
0|338|496|834
0|338|497|835
0|339|497|836
0|339|498|837
0|340|498|838
0|340|499|839
0|341|499|840
0|341|500|841
0|342|500|842
0|342|501|843
0|343|501|844
0|343|502|845
0|344|502|846
0|344|503|847
0|345|503|848
0|345|504|849
0|346|504|850
0|346|505|851
0|347|505|852
0|347|506|853
0|348|506|854
0|348|507|855
0|349|507|856
0|349|508|857
0|350|508|858
0|350|509|859
0|351|509|860
0|351|510|861
0|352|510|862
0|352|511|863
0|353|511|864
0|353|512|865
0|354|512|866
0|354|513|867
0|355|513|868
0|355|514|869
0|356|514|870
0|356|515|871
0|357|515|872
0|357|516|873
0|358|516|874
0|358|517|875
0|359|517|876
0|359|518|877
0|360|518|878
0|360|519|879
0|361|519|880
0|361|520|881
0|362|520|882
0|362|521|883
0|363|521|884
0|363|522|885
0|364|522|886
0|364|523|887
0|365|523|888
0|365|524|889
0|366|524|890
0|366|525|891
0|367|525|892
0|367|526|893
0|368|526|894
0|368|527|895
0|369|527|896
0|369|528|897
0|370|528|898
0|370|529|899
0|371|529|900
0|371|530|901
0|372|530|902
0|372|531|903
0|373|531|904
0|373|532|905
0|374|532|906
0|374|533|907
0|375|533|908
0|375|534|909
0|376|534|910
0|376|535|911
0|376|536|912
0|376|537|913
0|376|538|914
0|376|539|915
0|376|540|916
0|376|541|917
0|376|542|918
0|376|543|919
0|377|543|920
0|377|544|921
0|377|545|922
0|377|546|923
0|377|547|924
0|377|548|925
0|377|549|926
0|377|550|927
0|378|550|928
0|378|551|929
0|378|552|930
0|378|553|931
0|379|553|932
0|379|554|933
0|379|555|934
0|379|556|935
0|379|557|936
0|379|558|937
0|380|558|938
0|380|559|939
0|380|560|940
0|380|561|941
0|380|562|942
0|380|563|943
0|380|564|944
0|380|565|945
0|380|566|946
0|380|567|947
0|381|567|948
0|381|568|949
0|382|568|950
0|382|569|951
0|383|569|952
0|383|570|953
0|384|570|954
0|384|571|955
0|385|571|956
0|385|572|957
0|386|572|958
0|386|573|959
0|387|573|960
0|387|574|961
0|388|574|962
0|388|575|963
0|389|575|964
0|389|576|965
0|390|576|966
0|390|577|967
0|391|577|968
0|391|578|969
0|392|578|970
0|392|579|971
0|393|579|972
0|393|580|973
0|394|580|974
0|394|581|975
0|395|581|976
0|395|582|977
0|396|582|978
0|396|583|979
0|397|583|980
0|397|584|981
0|398|584|982
0|398|585|983
0|398|586|984
0|398|587|985
0|399|587|986
0|399|588|987
0|400|588|988
0|400|589|989
0|401|589|990
0|401|590|991
0|402|590|992
0|402|591|993
0|402|592|994
0|402|593|995
0|403|593|996
0|403|594|997
0|404|594|998
0|404|595|999
0|405|595|1000
0|405|596|1001
0|405|597|1002
0|405|598|1003
0|406|598|1004
0|406|599|1005
0|407|599|1006
0|407|600|1007
0|408|600|1008
0|408|601|1009
0|408|602|1010
0|408|603|1011
0|409|603|1012
0|409|604|1013
0|410|604|1014
0|410|605|1015
0|411|605|1016
0|411|606|1017
0|412|606|1018
0|412|607|1019
0|413|607|1020
0|413|608|1021
0|414|608|1022
0|414|609|1023
0|415|609|1024
0|415|610|1025
0|416|610|1026
0|416|611|1027
0|417|611|1028
0|417|612|1029
0|418|612|1030
0|418|613|1031
0|419|613|1032
0|419|614|1033
0|420|614|1034
0|420|615|1035
0|421|615|1036
0|421|616|1037
0|422|616|1038
0|422|617|1039
0|423|617|1040
0|423|618|1041
0|424|618|1042
0|424|619|1043
0|425|619|1044
0|425|620|1045
0|426|620|1046
0|426|621|1047
0|427|621|1048
0|427|622|1049
0|428|622|1050
0|428|623|1051
0|429|623|1052
0|429|624|1053
0|430|624|1054
0|430|625|1055
0|431|625|1056
0|431|626|1057
0|432|626|1058
0|432|627|1059
0|433|627|1060
0|433|628|1061
0|434|628|1062
0|434|629|1063
0|435|629|1064
0|435|630|1065
0|436|630|1066
0|436|631|1067
0|437|631|1068
0|437|632|1069
0|438|632|1070
0|438|633|1071
0|439|633|1072
0|439|634|1073
0|440|634|1074
0|440|635|1075
0|441|635|1076
0|441|636|1077
0|442|636|1078
0|442|637|1079
0|443|637|1080
0|443|638|1081
0|444|638|1082
0|444|639|1083
0|445|639|1084
0|445|640|1085
0|446|640|1086
0|446|641|1087
0|447|641|1088
0|447|642|1089
0|448|642|1090
0|448|643|1091
0|449|643|1092
0|449|644|1093
0|450|644|1094
0|450|645|1095
0|451|645|1096
0|451|646|1097
0|452|646|1098
0|452|647|1099
0|453|647|1100
0|453|648|1101
0|454|648|1102
0|454|649|1103
0|455|649|1104
0|455|650|1105
0|456|650|1106
0|456|651|1107
0|457|651|1108
0|457|652|1109
0|458|652|1110
0|458|653|1111
0|459|653|1112
0|459|654|1113
0|460|654|1114
0|460|655|1115
0|461|655|1116
0|461|656|1117
0|462|656|1118
0|462|657|1119
0|463|657|1120
0|463|658|1121
0|464|658|1122
0|464|659|1123
0|465|659|1124
0|465|660|1125
0|466|660|1126
0|466|661|1127
0|466|662|1128
0|466|663|1129
0|467|663|1130
0|467|664|1131
0|468|664|1132
0|468|665|1133
0|469|665|1134
0|469|666|1135
0|469|667|1136
0|469|668|1137
0|470|668|1138
0|470|669|1139
0|471|669|1140
0|471|670|1141
0|472|670|1142
0|472|671|1143
0|472|672|1144
0|472|673|1145
0|473|673|1146
0|473|674|1147
0|474|674|1148
0|474|675|1149
0|475|675|1150
0|475|676|1151
0|475|677|1152
0|475|678|1153
0|476|678|1154
0|476|679|1155
0|476|680|1156
0|476|681|1157
0|477|681|1158
0|477|682|1159
0|477|683|1160
0|477|684|1161
0|478|684|1162
0|478|685|1163
0|479|685|1164
0|479|686|1165
0|480|686|1166
0|480|687|1167
0|481|687|1168
0|481|688|1169
0|482|688|1170
0|482|689|1171
0|483|689|1172
0|483|690|1173
0|484|690|1174
0|484|691|1175
0|485|691|1176
0|485|692|1177
0|486|692|1178
0|486|693|1179
0|487|693|1180
0|487|694|1181
0|488|694|1182
0|488|695|1183
0|489|695|1184
0|489|696|1185
0|490|696|1186
0|490|697|1187
0|491|697|1188
0|491|698|1189
0|492|698|1190
0|492|699|1191
0|493|699|1192
0|493|700|1193
0|494|700|1194
0|494|701|1195
0|495|701|1196
0|495|702|1197
0|496|702|1198
0|496|703|1199
0|497|703|1200
0|497|704|1201
0|498|704|1202
0|498|705|1203
0|499|705|1204
0|499|706|1205
0|500|706|1206
0|500|707|1207
0|501|707|1208
0|501|708|1209
0|502|708|1210
0|502|709|1211
0|503|709|1212
0|503|710|1213
0|504|710|1214
0|504|711|1215
0|505|711|1216
0|505|712|1217
0|506|712|1218
0|506|713|1219
0|507|713|1220
0|507|714|1221
0|508|714|1222
0|508|715|1223
0|509|715|1224
0|509|716|1225
0|510|716|1226
0|510|717|1227
0|511|717|1228
0|511|718|1229
0|512|718|1230
0|512|719|1231
0|513|719|1232
0|513|720|1233
0|514|720|1234
0|514|721|1235
0|515|721|1236
0|515|722|1237
0|516|722|1238
0|516|723|1239
0|517|723|1240
0|517|724|1241
0|518|724|1242
0|518|725|1243
0|519|725|1244
0|519|726|1245
0|520|726|1246
0|520|727|1247
0|521|727|1248
0|521|728|1249
0|522|728|1250
0|522|729|1251
0|523|729|1252
0|523|730|1253
0|524|730|1254
0|524|731|1255
0|525|731|1256
0|525|732|1257
0|526|732|1258
0|526|733|1259
0|527|733|1260
0|527|734|1261
0|528|734|1262
0|528|735|1263
0|529|735|1264
0|529|736|1265
0|530|736|1266
0|530|737|1267
0|531|737|1268
0|531|738|1269
0|532|738|1270
0|532|739|1271
0|533|739|1272
0|533|740|1273
0|534|740|1274
0|534|741|1275
0|535|741|1276
0|535|742|1277
0|536|742|1278
0|536|743|1279
0|537|743|1280
0|537|744|1281
0|538|744|1282
0|538|745|1283
0|539|745|1284
0|539|746|1285
0|540|746|1286
0|540|747|1287
0|541|747|1288
0|541|748|1289
0|542|748|1290
0|542|749|1291
0|543|749|1292
0|543|750|1293
0|544|750|1294
0|544|751|1295
0|545|751|1296
0|545|752|1297
0|546|752|1298
0|546|753|1299
0|547|753|1300
0|547|754|1301
0|548|754|1302
0|548|755|1303
0|549|755|1304
0|549|756|1305
0|550|756|1306
0|550|757|1307
0|550|758|1308
0|550|759|1309
0|550|760|1310
0|550|761|1311
0|550|762|1312
0|550|763|1313
0|550|764|1314
0|550|765|1315
0|550|766|1316
0|550|767|1317
0|550|768|1318
0|550|769|1319
0|550|770|1320
0|550|771|1321
0|550|772|1322
0|550|773|1323
0|550|774|1324
0|550|775|1325
0|550|776|1326
0|550|777|1327
0|550|778|1328
0|550|779|1329
0|550|780|1330
0|550|781|1331
0|550|782|1332
0|550|783|1333
0|550|784|1334
0|550|785|1335
0|550|786|1336
0|550|787|1337
0|550|788|1338
0|550|789|1339
0|550|790|1340
0|550|791|1341
0|550|792|1342
0|550|793|1343
0|551|793|1344
0|551|794|1345
0|552|794|1346
0|552|795|1347
0|553|795|1348
0|553|796|1349
0|554|796|1350
0|554|797|1351
0|555|797|1352
0|555|798|1353
0|556|798|1354
0|556|799|1355
0|557|799|1356
0|557|800|1357
0|558|800|1358
0|558|801|1359
0|559|801|1360
0|559|802|1361
0|560|802|1362
0|560|803|1363
0|561|803|1364
0|561|804|1365
0|562|804|1366
0|562|805|1367
0|563|805|1368
0|563|806|1369
0|564|806|1370
0|564|807|1371
0|565|807|1372
0|565|808|1373
0|566|808|1374
0|566|809|1375
0|567|809|1376
0|567|810|1377
0|568|810|1378
0|568|811|1379
0|569|811|1380
0|569|812|1381
0|570|812|1382
0|570|813|1383
0|571|813|1384
0|571|814|1385
0|572|814|1386
0|572|815|1387
0|573|815|1388
0|573|816|1389
0|574|816|1390
0|574|817|1391
0|575|817|1392
0|575|818|1393
0|576|818|1394
0|576|819|1395
0|577|819|1396
0|577|820|1397
0|578|820|1398
0|578|821|1399
0|579|821|1400
0|579|822|1401
0|580|822|1402
0|580|823|1403
0|581|823|1404
0|581|824|1405
0|582|824|1406
0|582|825|1407
0|583|825|1408
0|583|826|1409
0|584|826|1410
0|584|827|1411
0|585|827|1412
0|585|828|1413
0|586|828|1414
0|586|829|1415
0|587|829|1416
0|587|830|1417
0|588|830|1418
0|588|831|1419
0|589|831|1420
0|589|832|1421
0|590|832|1422
0|590|833|1423
0|591|833|1424
0|591|834|1425
0|592|834|1426
0|592|835|1427
0|593|835|1428
0|593|836|1429
0|594|836|1430
0|594|837|1431
0|595|837|1432
0|595|838|1433
0|596|838|1434
0|596|839|1435
0|597|839|1436
0|597|840|1437
0|598|840|1438
0|598|841|1439
0|599|841|1440
0|599|842|1441
0|600|842|1442
0|600|843|1443
0|601|843|1444
0|601|844|1445
0|602|844|1446
0|602|845|1447
0|603|845|1448
0|603|846|1449
0|604|846|1450
0|604|847|1451
0|604|848|1452
0|604|849|1453
0|604|850|1454
0|604|851|1455
0|604|852|1456
0|604|853|1457
0|604|854|1458
0|604|855|1459
0|604|856|1460
0|604|857|1461
0|604|858|1462
0|604|859|1463
0|604|860|1464
0|604|861|1465
0|604|862|1466
0|604|863|1467
0|604|864|1468
0|604|865|1469
0|604|866|1470
0|604|867|1471
0|604|868|1472
0|604|869|1473
0|604|870|1474
0|604|871|1475
0|604|872|1476
0|604|873|1477
0|604|874|1478
0|604|875|1479
0|604|876|1480
0|604|877|1481
0|604|878|1482
0|604|879|1483
0|604|880|1484
0|604|881|1485
0|604|882|1486
0|604|883|1487
0|605|883|1488
0|605|884|1489
0|606|884|1490
0|606|885|1491
0|607|885|1492
0|607|886|1493
0|608|886|1494
0|608|887|1495
0|609|887|1496
0|609|888|1497
0|610|888|1498
0|610|889|1499
0|611|889|1500
0|611|890|1501
0|612|890|1502
0|612|891|1503
0|613|891|1504
0|613|892|1505
0|614|892|1506
0|614|893|1507
0|615|893|1508
0|615|894|1509
0|616|894|1510
0|616|895|1511
0|617|895|1512
0|617|896|1513
0|618|896|1514
0|618|897|1515
0|619|897|1516
0|619|898|1517
0|620|898|1518
0|620|899|1519
0|621|899|1520
0|621|900|1521
0|622|900|1522
0|622|901|1523
0|623|901|1524
0|623|902|1525
0|624|902|1526
0|624|903|1527
0|625|903|1528
0|625|904|1529
0|626|904|1530
0|626|905|1531
0|627|905|1532
0|627|906|1533
0|628|906|1534
0|628|907|1535
0|629|907|1536
0|629|908|1537
0|630|908|1538
0|630|909|1539
0|631|909|1540
0|631|910|1541
0|632|910|1542
0|632|911|1543
0|633|911|1544
0|633|912|1545
0|634|912|1546
0|634|913|1547
0|635|913|1548
0|635|914|1549
0|636|914|1550
0|636|915|1551
0|637|915|1552
0|637|916|1553
0|638|916|1554
0|638|917|1555
0|639|917|1556
0|639|918|1557
0|640|918|1558
0|640|919|1559
0|641|919|1560
0|641|920|1561
0|642|920|1562
0|642|921|1563
0|643|921|1564
0|643|922|1565
0|644|922|1566
0|644|923|1567
0|645|923|1568
0|645|924|1569
0|646|924|1570
0|646|925|1571
0|647|925|1572
0|647|926|1573
0|648|926|1574
0|648|927|1575
0|649|927|1576
0|649|928|1577
0|650|928|1578
0|650|929|1579
0|651|929|1580
0|651|930|1581
0|652|930|1582
0|652|931|1583
0|653|931|1584
0|653|932|1585
0|654|932|1586
0|654|933|1587
0|655|933|1588
0|655|934|1589
0|656|934|1590
0|656|935|1591
0|657|935|1592
0|657|936|1593
0|658|936|1594
0|658|937|1595
0|658|938|1596
0|658|939|1597
0|658|940|1598
0|658|941|1599
0|658|942|1600
0|658|943|1601
0|658|944|1602
0|658|945|1603
0|659|945|1604
0|659|946|1605
0|659|947|1606
0|659|948|1607
0|659|949|1608
0|659|950|1609
0|659|951|1610
0|659|952|1611
0|660|952|1612
0|660|953|1613
0|660|954|1614
0|660|955|1615
0|661|955|1616
0|661|956|1617
0|661|957|1618
0|661|958|1619
0|661|959|1620
0|661|960|1621
0|662|960|1622
0|662|961|1623
0|662|962|1624
0|662|963|1625
0|662|964|1626
0|662|965|1627
0|662|966|1628
0|662|967|1629
0|663|967|1630
0|663|968|1631
0|664|968|1632
0|664|969|1633
0|665|969|1634
0|665|970|1635
0|666|970|1636
0|666|971|1637
0|667|971|1638
0|667|972|1639
0|668|972|1640
0|668|973|1641
0|669|973|1642
0|669|974|1643
0|670|974|1644
0|670|975|1645
0|671|975|1646
0|671|976|1647
0|672|976|1648
0|672|977|1649
0|673|977|1650
0|673|978|1651
0|674|978|1652
0|674|979|1653
0|675|979|1654
0|675|980|1655
0|676|980|1656
0|676|981|1657
0|677|981|1658
0|677|982|1659
0|678|982|1660
0|678|983|1661
0|679|983|1662
0|679|984|1663
0|680|984|1664
0|680|985|1665
0|681|985|1666
0|681|986|1667
0|681|987|1668
0|681|988|1669
0|682|988|1670
0|682|989|1671
0|683|989|1672
0|683|990|1673
0|684|990|1674
0|684|991|1675
0|685|991|1676
0|685|992|1677
0|685|993|1678
0|685|994|1679
0|686|994|1680
0|686|995|1681
0|687|995|1682
0|687|996|1683
0|688|996|1684
0|688|997|1685
0|688|998|1686
0|688|999|1687
0|689|999|1688
0|689|1000|1689
0|690|1000|1690
0|690|1001|1691
0|691|1001|1692
0|691|1002|1693
0|691|1003|1694
0|691|1004|1695
0|692|1004|1696
0|692|1005|1697
0|693|1005|1698
0|693|1006|1699
0|694|1006|1700
0|694|1007|1701
0|695|1007|1702
0|695|1008|1703
0|696|1008|1704
0|696|1009|1705
0|697|1009|1706
0|697|1010|1707
0|698|1010|1708
0|698|1011|1709
0|699|1011|1710
0|699|1012|1711
0|700|1012|1712
0|700|1013|1713
0|701|1013|1714
0|701|1014|1715
0|702|1014|1716
0|702|1015|1717
0|703|1015|1718
0|703|1016|1719
0|704|1016|1720
0|704|1017|1721
0|705|1017|1722
0|705|1018|1723
0|706|1018|1724
0|706|1019|1725
0|707|1019|1726
0|707|1020|1727
0|708|1020|1728
0|708|1021|1729
0|709|1021|1730
0|709|1022|1731
0|710|1022|1732
0|710|1023|1733
0|711|1023|1734
0|711|1024|1735
0|712|1024|1736
0|712|1025|1737
0|713|1025|1738
0|713|1026|1739
0|714|1026|1740
0|714|1027|1741
0|715|1027|1742
0|715|1028|1743
0|716|1028|1744
0|716|1029|1745
0|717|1029|1746
0|717|1030|1747
0|718|1030|1748
0|718|1031|1749
0|719|1031|1750
0|719|1032|1751
0|720|1032|1752
0|720|1033|1753
0|721|1033|1754
0|721|1034|1755
0|722|1034|1756
0|722|1035|1757
0|723|1035|1758
0|723|1036|1759
0|724|1036|1760
0|724|1037|1761
0|725|1037|1762
0|725|1038|1763
0|726|1038|1764
0|726|1039|1765
0|727|1039|1766
0|727|1040|1767
0|728|1040|1768
0|728|1041|1769
0|729|1041|1770
0|729|1042|1771
0|730|1042|1772
0|730|1043|1773
0|731|1043|1774
0|731|1044|1775
0|732|1044|1776
0|732|1045|1777
0|733|1045|1778
0|733|1046|1779
0|734|1046|1780
0|734|1047|1781
0|735|1047|1782
0|735|1048|1783
0|736|1048|1784
0|736|1049|1785
0|737|1049|1786
0|737|1050|1787
0|738|1050|1788
0|738|1051|1789
0|739|1051|1790
0|739|1052|1791
0|740|1052|1792
0|740|1053|1793
0|741|1053|1794
0|741|1054|1795
0|742|1054|1796
0|742|1055|1797
0|743|1055|1798
0|743|1056|1799
0|744|1056|1800
0|744|1057|1801
0|745|1057|1802
0|745|1058|1803
0|746|1058|1804
0|746|1059|1805
0|747|1059|1806
0|747|1060|1807
0|748|1060|1808
0|748|1061|1809
0|749|1061|1810
0|749|1062|1811
0|750|1062|1812
0|750|1063|1813
0|751|1063|1814
0|751|1064|1815
0|752|1064|1816
0|752|1065|1817
0|753|1065|1818
0|753|1066|1819
0|753|1067|1820
0|753|1068|1821
0|754|1068|1822
0|754|1069|1823
0|755|1069|1824
0|755|1070|1825
0|756|1070|1826
0|756|1071|1827
0|756|1072|1828
0|756|1073|1829
0|757|1073|1830
0|757|1074|1831
0|758|1074|1832
0|758|1075|1833
0|759|1075|1834
0|759|1076|1835
0|759|1077|1836
0|759|1078|1837
0|760|1078|1838
0|760|1079|1839
0|760|1080|1840
0|760|1081|1841
0|760|1082|1842
0|760|1083|1843
0|760|1084|1844
0|760|1085|1845
0|760|1086|1846
0|760|1087|1847
0|761|1087|1848
0|761|1088|1849
0|762|1088|1850
0|762|1089|1851
0|763|1089|1852
0|763|1090|1853
0|764|1090|1854
0|764|1091|1855
0|765|1091|1856
0|765|1092|1857
0|766|1092|1858
0|766|1093|1859
0|767|1093|1860
0|767|1094|1861
0|768|1094|1862
0|768|1095|1863
0|769|1095|1864
0|770|1096|1866
0|771|1096|1867
0|771|1097|1868
0|772|1097|1869
0|772|1098|1870
0|773|1098|1871
0|773|1099|1872
0|774|1099|1873
0|774|1100|1874
0|775|1100|1875
0|775|1101|1876
0|776|1101|1877
0|776|1102|1878
0|777|1102|1879
0|777|1103|1880
0|778|1103|1881
0|778|1104|1882
0|779|1104|1883
0|779|1105|1884
0|780|1105|1885
0|780|1106|1886
0|781|1106|1887
0|781|1107|1888
0|782|1107|1889
0|782|1108|1890
0|783|1108|1891
0|783|1109|1892
0|784|1109|1893
0|784|1110|1894
0|785|1110|1895
0|785|1111|1896
0|786|1111|1897
0|786|1112|1898
0|787|1112|1899
0|787|1113|1900
0|788|1113|1901
0|788|1114|1902
0|789|1114|1903
0|789|1115|1904
0|790|1115|1905
0|790|1116|1906
0|791|1116|1907
0|791|1117|1908
0|792|1117|1909
0|792|1118|1910
0|793|1118|1911
0|793|1119|1912
0|794|1119|1913
0|794|1120|1914
0|795|1120|1915
0|795|1121|1916
0|796|1121|1917
0|796|1122|1918
0|797|1122|1919
0|797|1123|1920
0|798|1123|1921
0|798|1124|1922
0|799|1124|1923
0|799|1125|1924
0|800|1125|1925
0|800|1126|1926
0|801|1126|1927
0|801|1127|1928
0|802|1127|1929
0|802|1128|1930
0|803|1128|1931
0|803|1129|1932
0|804|1129|1933
0|804|1130|1934
0|805|1130|1935
0|805|1131|1936
0|806|1131|1937
0|806|1132|1938
0|807|1132|1939
0|807|1133|1940
0|808|1133|1941
0|808|1134|1942
0|809|1134|1943
0|809|1135|1944
0|810|1135|1945
0|810|1136|1946
0|811|1136|1947
0|811|1137|1948
0|812|1137|1949
0|812|1138|1950
0|813|1138|1951
0|813|1139|1952
0|814|1139|1953
0|814|1140|1954
0|815|1140|1955
0|815|1141|1956
0|816|1141|1957
0|816|1142|1958
0|817|1142|1959
0|817|1143|1960
0|818|1143|1961
0|818|1144|1962
0|819|1144|1963
0|819|1145|1964
0|820|1145|1965
0|820|1146|1966
0|821|1146|1967
0|821|1147|1968
0|822|1147|1969
0|822|1148|1970
0|823|1148|1971
0|823|1149|1972
0|824|1149|1973
0|824|1150|1974
0|825|1150|1975
0|825|1151|1976
0|826|1151|1977
0|826|1152|1978
0|827|1152|1979
0|827|1153|1980
0|828|1153|1981
0|828|1154|1982
0|829|1154|1983
0|829|1155|1984
0|830|1155|1985
0|830|1156|1986
0|831|1156|1987
0|831|1157|1988
0|832|1157|1989
0|832|1158|1990
0|832|1159|1991
0|832|1160|1992
0|832|1161|1993
0|832|1162|1994
0|832|1163|1995
0|832|1164|1996
0|832|1165|1997
0|832|1166|1998
0|832|1167|1999
0|832|1168|2000
