total
0|0|1|1
0|1|1|2
0|1|2|3
0|2|2|4
0|2|3|5
0|3|3|6
0|3|4|7
0|4|4|8
0|4|5|9
0|5|5|10
0|5|6|11
0|6|6|12
0|6|7|13
0|7|7|14
0|7|8|15
0|8|8|16
0|8|9|17
0|9|9|18
0|9|10|19
0|10|10|20
0|10|11|21
0|11|11|22
0|11|12|23
0|12|12|24
0|12|13|25
0|13|13|26
0|13|14|27
0|14|14|28
0|14|15|29
0|15|15|30
0|15|16|31
0|16|16|32
0|16|17|33
0|17|17|34
0|17|18|35
0|18|18|36
0|18|19|37
0|19|19|38
0|19|20|39
0|20|20|40
0|20|21|41
0|21|21|42
0|21|22|43
0|22|22|44
0|22|23|45
0|23|23|46
0|23|24|47
0|24|24|48
0|24|25|49
0|25|25|50
0|25|26|51
0|26|26|52
0|26|27|53
0|27|27|54
0|27|28|55
0|28|28|56
0|28|29|57
0|29|29|58
0|29|30|59
0|30|30|60
0|30|31|61
0|31|31|62
0|31|32|63
0|32|32|64
0|32|33|65
0|33|33|66
0|33|34|67
0|34|34|68
0|34|35|69
0|35|35|70
0|35|36|71
0|36|36|72
0|36|37|73
0|37|37|74
0|37|38|75
0|38|38|76
0|38|39|77
0|39|39|78
0|39|40|79
0|40|40|80
0|40|41|81
0|41|41|82
0|41|42|83
0|41|43|84
0|41|44|85
0|41|45|86
1|41|45|87
1|41|46|88
1|41|47|89
1|41|48|90
1|41|49|91
1|41|50|92
2|41|50|93
2|41|51|94
3|41|51|95
3|41|52|96
3|41|53|97
3|41|54|98
3|41|55|99
3|41|56|100
3|41|57|101
3|41|58|102
4|41|58|103
4|41|59|104
4|41|60|105
4|41|61|106
5|41|61|107
5|41|62|108
5|41|63|109
5|41|64|110
5|41|65|111
5|41|66|112
5|41|67|113
5|41|68|114
5|41|69|115
5|41|70|116
6|41|70|117
6|41|71|118
6|41|72|119
6|42|72|120
6|42|73|121
6|43|73|122
6|43|74|123
6|44|74|124
6|44|75|125
6|45|75|126
6|45|76|127
6|46|76|128
6|46|77|129
6|47|77|130
6|47|78|131
6|48|78|132
6|48|79|133
6|49|79|134
6|49|80|135
6|50|80|136
6|50|81|137
6|51|81|138
6|51|82|139
6|52|82|140
6|52|83|141
6|53|83|142
6|53|84|143
6|54|84|144
6|54|85|145
6|55|85|146
6|55|86|147
6|56|86|148
6|56|87|149
6|57|87|150
6|57|88|151
6|58|88|152
6|58|89|153
6|59|89|154
6|59|90|155
6|60|90|156
6|60|91|157
6|61|91|158
6|61|92|159
6|62|92|160
6|62|93|161
6|63|93|162
6|63|94|163
6|64|94|164
6|64|95|165
6|65|95|166
6|65|96|167
6|66|96|168
6|66|97|169
6|67|97|170
6|67|98|171
6|68|98|172
6|68|99|173
6|69|99|174
6|69|100|175
6|70|100|176
6|70|101|177
6|71|101|178
6|71|102|179
6|72|102|180
6|72|103|181
6|73|103|182
6|73|104|183
6|74|104|184
6|74|105|185
6|75|105|186
6|75|106|187
6|76|106|188
6|76|107|189
6|77|107|190
6|77|108|191
6|78|108|192
6|78|109|193
6|79|109|194
6|79|110|195
6|80|110|196
6|80|111|197
6|81|111|198
6|81|112|199
6|82|112|200
6|82|113|201
6|83|113|202
6|83|114|203
6|84|114|204
6|84|115|205
6|85|115|206
6|85|116|207
6|86|116|208
6|86|117|209
6|87|117|210
6|87|118|211
6|88|118|212
6|88|119|213
6|89|119|214
6|89|120|215
6|90|120|216
6|90|121|217
6|91|121|218
6|91|122|219
6|92|122|220
6|92|123|221
6|93|123|222
6|93|124|223
6|94|124|224
6|94|125|225
6|95|125|226
6|95|126|227
6|95|127|228
6|95|128|229
6|95|129|230
6|95|130|231
6|95|131|232
6|95|132|233
6|95|133|234
6|95|134|235
6|95|135|236
6|95|136|237
6|95|137|238
6|95|138|239
6|95|139|240
6|95|140|241
6|95|141|242
6|95|142|243
6|95|143|244
7|95|143|245
7|95|144|246
7|95|145|247
7|95|146|248
7|95|147|249
7|95|148|250
7|95|149|251
7|95|150|252
7|95|151|253
7|95|152|254
7|95|153|255
7|95|154|256
7|95|155|257
7|95|156|258
7|95|157|259
7|95|158|260
8|95|158|261
8|95|159|262
8|95|160|263
8|96|160|264
8|96|161|265
8|97|161|266
8|97|162|267
8|98|162|268
8|98|163|269
8|99|163|270
8|99|164|271
8|100|164|272
8|100|165|273
8|101|165|274
8|101|166|275
8|102|166|276
8|102|167|277
8|103|167|278
8|103|168|279
8|104|168|280
8|104|169|281
8|105|169|282
8|105|170|283
8|106|170|284
8|106|171|285
8|107|171|286
8|107|172|287
8|108|172|288
8|108|173|289
8|109|173|290
8|109|174|291
8|110|174|292
8|110|175|293
8|111|175|294
8|111|176|295
8|112|176|296
8|112|177|297
8|113|177|298
8|113|178|299
8|114|178|300
8|114|179|301
8|115|179|302
8|115|180|303
8|116|180|304
8|116|181|305
8|117|181|306
8|117|182|307
8|118|182|308
9|118|182|309
9|119|182|310
9|119|183|311
9|120|183|312
9|120|184|313
9|121|184|314
9|121|185|315
9|122|185|316
9|122|186|317
9|122|187|318
9|122|188|319
9|123|188|320
9|123|189|321
9|124|189|322
9|124|190|323
9|125|190|324
9|125|191|325
9|125|192|326
9|125|193|327
9|126|193|328
9|126|194|329
9|127|194|330
9|127|195|331
9|128|195|332
9|128|196|333
9|129|196|334
9|129|197|335
9|130|197|336
9|130|198|337
9|131|198|338
9|131|199|339
9|132|199|340
9|132|200|341
9|133|200|342
9|133|201|343
9|134|201|344
9|134|202|345
9|135|202|346
9|135|203|347
9|136|203|348
9|136|204|349
9|137|204|350
9|137|205|351
9|138|205|352
9|138|206|353
9|139|206|354
9|139|207|355
9|140|207|356
9|140|208|357
9|141|208|358
9|141|209|359
9|142|209|360
9|142|210|361
9|143|210|362
9|143|211|363
9|144|211|364
9|144|212|365
9|145|212|366
9|145|213|367
9|146|213|368
9|146|214|369
9|147|214|370
9|147|215|371
9|148|215|372
9|148|216|373
9|149|216|374
9|149|217|375
9|150|217|376
9|150|218|377
9|151|218|378
9|151|219|379
9|152|219|380
9|152|220|381
9|153|220|382
9|153|221|383
9|154|221|384
9|154|222|385
9|155|222|386
9|155|223|387
9|156|223|388
9|156|224|389
9|157|224|390
9|157|225|391
9|158|225|392
9|158|226|393
9|159|226|394
9|159|227|395
9|160|227|396
9|160|228|397
9|161|228|398
9|161|229|399
9|162|229|400
9|162|230|401
9|163|230|402
9|163|231|403
9|164|231|404
9|164|232|405
9|165|232|406
9|165|233|407
9|166|233|408
9|166|234|409
9|167|234|410
9|167|235|411
9|168|235|412
9|168|236|413
9|169|236|414
9|169|237|415
9|170|237|416
9|170|238|417
9|171|238|418
9|171|239|419
9|172|239|420
9|172|240|421
9|173|240|422
9|173|241|423
9|174|241|424
9|174|242|425
9|175|242|426
9|175|243|427
9|176|243|428
9|176|244|429
9|177|244|430
9|177|245|431
9|178|245|432
9|178|246|433
9|179|246|434
9|179|247|435
9|180|247|436
9|180|248|437
9|181|248|438
9|181|249|439
9|182|249|440
9|182|250|441
9|183|250|442
9|183|251|443
9|184|251|444
9|184|252|445
9|185|252|446
9|185|253|447
9|186|253|448
9|186|254|449
9|187|254|450
9|187|255|451
9|188|255|452
9|188|256|453
9|189|256|454
9|189|257|455
9|190|257|456
9|190|258|457
9|191|258|458
9|191|259|459
9|191|260|460
9|191|261|461
9|192|261|462
9|192|262|463
9|193|262|464
9|193|263|465
9|194|263|466
9|194|264|467
9|194|265|468
9|194|266|469
9|195|266|470
9|195|267|471
9|196|267|472
9|196|268|473
9|196|269|474
9|196|270|475
9|197|270|476
9|197|271|477
9|198|271|478
9|198|272|479
9|199|272|480
9|199|273|481
9|200|273|482
9|200|274|483
9|201|274|484
9|201|275|485
9|202|275|486
9|202|276|487
9|203|276|488
9|203|277|489
9|204|277|490
9|204|278|491
9|205|278|492
9|205|279|493
9|206|279|494
9|206|280|495
9|207|280|496
9|207|281|497
9|208|281|498
9|208|282|499
9|209|282|500
9|209|283|501
9|210|283|502
9|210|284|503
9|211|284|504
9|211|285|505
9|212|285|506
9|212|286|507
9|213|286|508
9|213|287|509
9|214|287|510
9|214|288|511
9|215|288|512
9|215|289|513
9|216|289|514
9|216|290|515
9|217|290|516
9|217|291|517
9|218|291|518
9|218|292|519
9|219|292|520
9|219|293|521
9|220|293|522
9|220|294|523
9|221|294|524
9|221|295|525
9|222|295|526
9|222|296|527
9|223|296|528
9|223|297|529
9|224|297|530
9|224|298|531
9|225|298|532
9|225|299|533
9|226|299|534
9|226|300|535
9|227|300|536
9|227|301|537
9|228|301|538
9|228|302|539
9|229|302|540
9|229|303|541
9|230|303|542
9|230|304|543
9|231|304|544
9|231|305|545
9|232|305|546
9|232|306|547
9|233|306|548
9|233|307|549
9|234|307|550
9|234|308|551
9|235|308|552
9|235|309|553
9|236|309|554
9|236|310|555
9|237|310|556
9|237|311|557
9|238|311|558
9|238|312|559
9|239|312|560
9|239|313|561
9|240|313|562
9|240|314|563
9|241|314|564
9|241|315|565
9|242|315|566
9|242|316|567
9|243|316|568
9|243|317|569
9|244|317|570
9|244|318|571
9|245|318|572
9|245|319|573
9|246|319|574
9|246|320|575
9|247|320|576
9|247|321|577
9|248|321|578
9|248|322|579
9|249|322|580
9|249|323|581
9|250|323|582
9|250|324|583
9|251|324|584
9|251|325|585
9|252|325|586
9|252|326|587
9|253|326|588
9|253|327|589
9|254|327|590
9|254|328|591
9|255|328|592
9|255|329|593
9|256|329|594
9|256|330|595
9|257|330|596
9|257|331|597
9|258|331|598
9|258|332|599
9|259|332|600
9|259|333|601
9|260|333|602
9|260|334|603
9|261|334|604
9|261|335|605
9|262|335|606
9|262|336|607
9|263|336|608
9|263|337|609
9|264|337|610
9|264|338|611
9|265|338|612
9|265|339|613
9|266|339|614
9|266|340|615
9|267|340|616
9|267|341|617
9|268|341|618
9|268|342|619
9|269|342|620
9|269|343|621
9|270|343|622
9|270|344|623
9|271|344|624
9|271|345|625
9|272|345|626
9|272|346|627
9|273|346|628
9|273|347|629
9|274|347|630
9|274|348|631
9|275|348|632
9|275|349|633
9|276|349|634
9|276|350|635
9|277|350|636
9|277|351|637
9|278|351|638
9|278|352|639
9|279|352|640
9|279|353|641
9|280|353|642
9|280|354|643
9|281|354|644
9|281|355|645
9|282|355|646
9|282|356|647
9|283|356|648
9|283|357|649
9|284|357|650
9|284|358|651
9|285|358|652
9|285|359|653
9|286|359|654
9|286|360|655
9|287|360|656
9|287|361|657
9|288|361|658
9|288|362|659
9|289|362|660
9|289|363|661
9|290|363|662
9|290|364|663
9|291|364|664
9|291|365|665
9|292|365|666
9|292|366|667
9|293|366|668
9|293|367|669
9|294|367|670
9|294|368|671
9|295|368|672
9|295|369|673
9|296|369|674
9|296|370|675
9|297|370|676
9|297|371|677
9|298|371|678
9|298|372|679
9|299|372|680
9|299|373|681
9|300|373|682
9|300|374|683
9|301|374|684
9|301|375|685
9|302|375|686
9|302|376|687
9|303|376|688
9|303|377|689
9|304|377|690
9|304|378|691
9|305|378|692
9|305|379|693
9|306|379|694
9|306|380|695
9|307|380|696
9|307|381|697
9|308|381|698
9|308|382|699
9|309|382|700
9|309|383|701
9|310|383|702
9|310|384|703
9|311|384|704
9|311|385|705
9|312|385|706
9|312|386|707
9|313|386|708
9|313|387|709
9|314|387|710
9|314|388|711
9|315|388|712
9|315|389|713
9|316|389|714
9|316|390|715
9|317|390|716
9|317|391|717
9|318|391|718
9|318|392|719
9|319|392|720
9|319|393|721
9|320|393|722
9|320|394|723
9|321|394|724
9|321|395|725
9|322|395|726
9|322|396|727
9|323|396|728
9|323|397|729
9|324|397|730
9|324|398|731
9|325|398|732
9|325|399|733
9|326|399|734
9|326|400|735
9|327|400|736
9|327|401|737
9|328|401|738
9|328|402|739
9|329|402|740
9|329|403|741
9|330|403|742
9|330|404|743
9|331|404|744
9|331|405|745
9|332|405|746
9|332|406|747
9|333|406|748
9|333|407|749
9|334|407|750
9|334|408|751
9|335|408|752
9|335|409|753
9|336|409|754
9|336|410|755
9|337|410|756
9|337|411|757
9|338|411|758
9|338|412|759
9|339|412|760
9|339|413|761
9|340|413|762
9|340|414|763
9|341|414|764
9|341|415|765
9|342|415|766
9|342|416|767
9|342|417|768
9|342|418|769
9|342|419|770
9|342|420|771
9|342|421|772
9|342|422|773
9|342|423|774
9|342|424|775
9|342|425|776
9|342|426|777
9|342|427|778
9|342|428|779
9|342|429|780
9|342|430|781
9|342|431|782
9|342|432|783
9|342|433|784
9|342|434|785
9|342|435|786
9|342|436|787
9|342|437|788
9|342|438|789
9|342|439|790
9|342|440|791
9|342|441|792
9|342|442|793
9|342|443|794
9|342|444|795
9|342|445|796
10|342|445|797
10|342|446|798
10|342|447|799
10|342|448|800
10|342|449|801
10|342|450|802
10|342|451|803
10|343|451|804
10|343|452|805
10|344|452|806
10|344|453|807
10|345|453|808
10|345|454|809
10|346|454|810
10|346|455|811
10|347|455|812
10|347|456|813
10|348|456|814
10|348|457|815
10|349|457|816
10|349|458|817
10|350|458|818
10|350|459|819
10|351|459|820
10|351|460|821
10|352|460|822
10|352|461|823
10|353|461|824
10|353|462|825
10|354|462|826
10|354|463|827
10|355|463|828
10|355|464|829
10|356|464|830
10|356|465|831
10|357|465|832
10|357|466|833
10|358|466|834
10|358|467|835
10|359|467|836
10|359|468|837
10|360|468|838
10|360|469|839
10|361|469|840
10|361|470|841
10|362|470|842
10|362|471|843
10|363|471|844
10|363|472|845
10|364|472|846
10|364|473|847
10|365|473|848
10|365|474|849
10|366|474|850
10|366|475|851
10|367|475|852
10|367|476|853
10|368|476|854
10|368|477|855
10|369|477|856
10|369|478|857
10|370|478|858
10|370|479|859
10|371|479|860
10|371|480|861
10|372|480|862
10|372|481|863
10|373|481|864
10|373|482|865
10|374|482|866
10|374|483|867
10|375|483|868
10|375|484|869
10|376|484|870
10|376|485|871
10|377|485|872
10|377|486|873
10|378|486|874
10|378|487|875
10|379|487|876
10|379|488|877
10|380|488|878
10|380|489|879
10|381|489|880
10|381|490|881
10|382|490|882
10|382|491|883
10|383|491|884
10|383|492|885
10|384|492|886
10|384|493|887
10|385|493|888
10|385|494|889
10|386|494|890
10|386|495|891
10|387|495|892
10|387|496|893
10|388|496|894
10|388|497|895
10|389|497|896
10|389|498|897
10|390|498|898
10|390|499|899
10|391|499|900
10|391|500|901
10|392|500|902
10|392|501|903
10|393|501|904
10|393|502|905
10|394|502|906
10|394|503|907
10|395|503|908
10|395|504|909
10|396|504|910
10|396|505|911
10|396|506|912
10|396|507|913
10|396|508|914
11|396|508|915
11|396|509|916
11|396|510|917
11|396|511|918
11|396|512|919
11|396|513|920
11|396|514|921
11|396|515|922
11|396|516|923
11|396|517|924
11|396|518|925
11|396|519|926
11|396|520|927
11|396|521|928
11|396|522|929
11|396|523|930
11|396|524|931
11|396|525|932
11|396|526|933
11|396|527|934
11|396|528|935
11|396|529|936
11|396|530|937
11|396|531|938
11|396|532|939
11|396|533|940
11|396|534|941
11|396|535|942
11|396|536|943
11|396|537|944
11|396|538|945
11|396|539|946
11|396|540|947
11|397|540|948
11|397|541|949
11|398|541|950
11|398|542|951
11|399|542|952
11|399|543|953
11|400|543|954
11|400|544|955
11|401|544|956
11|401|545|957
11|402|545|958
11|402|546|959
11|403|546|960
11|403|547|961
11|404|547|962
11|404|548|963
11|405|548|964
11|405|549|965
11|406|549|966
11|406|550|967
11|407|550|968
11|407|551|969
11|408|551|970
11|408|552|971
11|409|552|972
11|409|553|973
11|410|553|974
11|410|554|975
11|411|554|976
11|411|555|977
11|412|555|978
11|412|556|979
11|413|556|980
11|413|557|981
11|414|557|982
11|414|558|983
11|415|558|984
11|415|559|985
11|416|559|986
11|416|560|987
11|417|560|988
11|417|561|989
11|418|561|990
11|418|562|991
11|419|562|992
11|419|563|993
11|420|563|994
11|420|564|995
11|421|564|996
11|421|565|997
11|422|565|998
11|422|566|999
11|423|566|1000
11|423|567|1001
11|423|568|1002
11|423|569|1003
11|424|569|1004
11|424|570|1005
11|425|570|1006
11|425|571|1007
11|426|571|1008
11|426|572|1009
11|426|573|1010
11|426|574|1011
11|427|574|1012
11|427|575|1013
11|428|575|1014
11|428|576|1015
11|429|576|1016
11|429|577|1017
11|430|577|1018
11|430|578|1019
11|430|579|1020
11|430|580|1021
11|430|581|1022
11|430|582|1023
11|430|583|1024
11|430|584|1025
11|430|585|1026
11|430|586|1027
11|430|587|1028
11|430|588|1029
11|430|589|1030
11|430|590|1031
11|430|591|1032
11|430|592|1033
11|430|593|1034
11|430|594|1035
11|430|595|1036
11|430|596|1037
11|430|597|1038
11|430|598|1039
11|430|599|1040
11|430|600|1041
11|430|601|1042
11|430|602|1043
11|430|603|1044
11|430|604|1045
11|430|605|1046
11|430|606|1047
11|430|607|1048
11|430|608|1049
11|430|609|1050
11|430|610|1051
11|430|611|1052
11|430|612|1053
11|430|613|1054
11|430|614|1055
11|431|614|1056
11|431|615|1057
11|432|615|1058
11|432|616|1059
11|433|616|1060
11|433|617|1061
11|434|617|1062
11|434|618|1063
11|435|618|1064
11|435|619|1065
11|436|619|1066
11|436|620|1067
11|437|620|1068
11|437|621|1069
11|438|621|1070
11|438|622|1071
11|439|622|1072
11|439|623|1073
11|440|623|1074
11|440|624|1075
11|441|624|1076
11|441|625|1077
11|442|625|1078
11|442|626|1079
11|443|626|1080
11|443|627|1081
11|444|627|1082
11|444|628|1083
11|445|628|1084
11|445|629|1085
11|446|629|1086
11|446|630|1087
11|447|630|1088
11|447|631|1089
11|448|631|1090
11|448|632|1091
11|449|632|1092
11|449|633|1093
11|450|633|1094
11|450|634|1095
11|451|634|1096
11|451|635|1097
11|452|635|1098
11|452|636|1099
11|453|636|1100
11|453|637|1101
11|454|637|1102
11|454|638|1103
11|455|638|1104
11|455|639|1105
11|456|639|1106
11|456|640|1107
11|457|640|1108
11|457|641|1109
11|458|641|1110
11|458|642|1111
11|459|642|1112
11|459|643|1113
11|460|643|1114
11|460|644|1115
11|461|644|1116
11|461|645|1117
11|462|645|1118
11|462|646|1119
11|463|646|1120
11|463|647|1121
11|464|647|1122
11|464|648|1123
11|465|648|1124
11|465|649|1125
11|466|649|1126
11|466|650|1127
11|467|650|1128
11|467|651|1129
11|468|651|1130
11|468|652|1131
11|469|652|1132
11|469|653|1133
11|470|653|1134
11|470|654|1135
11|471|654|1136
11|471|655|1137
11|472|655|1138
11|472|656|1139
11|473|656|1140
11|473|657|1141
11|474|657|1142
11|474|658|1143
11|474|659|1144
11|474|660|1145
11|475|660|1146
11|475|661|1147
11|476|661|1148
11|476|662|1149
11|477|662|1150
11|477|663|1151
11|477|664|1152
11|477|665|1153
11|478|665|1154
11|478|666|1155
11|478|667|1156
11|478|668|1157
11|478|669|1158
11|478|670|1159
11|479|670|1160
11|479|671|1161
11|480|671|1162
11|480|672|1163
11|481|672|1164
11|481|673|1165
11|482|673|1166
11|482|674|1167
11|483|674|1168
11|483|675|1169
11|484|675|1170
11|484|676|1171
11|485|676|1172
11|485|677|1173
11|486|677|1174
11|486|678|1175
11|487|678|1176
11|487|679|1177
11|488|679|1178
11|488|680|1179
11|489|680|1180
11|489|681|1181
11|490|681|1182
11|490|682|1183
11|491|682|1184
11|491|683|1185
11|492|683|1186
11|492|684|1187
11|493|684|1188
11|493|685|1189
11|494|685|1190
11|494|686|1191
11|495|686|1192
11|495|687|1193
11|496|687|1194
11|496|688|1195
11|497|688|1196
11|497|689|1197
11|498|689|1198
11|498|690|1199
11|499|690|1200
11|499|691|1201
11|500|691|1202
11|500|692|1203
11|501|692|1204
11|501|693|1205
11|502|693|1206
11|502|694|1207
11|503|694|1208
11|503|695|1209
11|504|695|1210
11|504|696|1211
11|505|696|1212
11|505|697|1213
11|506|697|1214
11|506|698|1215
11|507|698|1216
11|507|699|1217
11|508|699|1218
11|508|700|1219
11|509|700|1220
11|509|701|1221
11|510|701|1222
11|510|702|1223
11|511|702|1224
11|511|703|1225
11|512|703|1226
11|512|704|1227
11|513|704|1228
11|513|705|1229
11|514|705|1230
11|514|706|1231
11|515|706|1232
11|515|707|1233
11|516|707|1234
11|516|708|1235
11|517|708|1236
11|517|709|1237
11|518|709|1238
11|518|710|1239
11|519|710|1240
11|519|711|1241
11|520|711|1242
11|520|712|1243
11|521|712|1244
11|521|713|1245
11|522|713|1246
11|522|714|1247
11|523|714|1248
11|523|715|1249
11|524|715|1250
11|524|716|1251
11|525|716|1252
11|525|717|1253
11|526|717|1254
11|526|718|1255
11|527|718|1256
11|527|719|1257
11|528|719|1258
11|528|720|1259
11|529|720|1260
11|529|721|1261
11|530|721|1262
11|530|722|1263
11|531|722|1264
11|531|723|1265
11|532|723|1266
11|532|724|1267
11|533|724|1268
11|533|725|1269
11|534|725|1270
11|534|726|1271
11|535|726|1272
11|535|727|1273
11|536|727|1274
11|536|728|1275
11|537|728|1276
11|537|729|1277
11|538|729|1278
11|538|730|1279
11|539|730|1280
11|539|731|1281
11|540|731|1282
11|540|732|1283
11|541|732|1284
11|541|733|1285
11|542|733|1286
11|542|734|1287
11|543|734|1288
11|543|735|1289
11|544|735|1290
11|544|736|1291
11|545|736|1292
11|545|737|1293
11|546|737|1294
11|546|738|1295
11|547|738|1296
11|547|739|1297
11|548|739|1298
11|548|740|1299
11|549|740|1300
11|549|741|1301
11|550|741|1302
11|550|742|1303
11|551|742|1304
11|551|743|1305
11|552|743|1306
11|552|744|1307
11|553|744|1308
11|553|745|1309
11|554|745|1310
11|554|746|1311
11|555|746|1312
11|555|747|1313
11|556|747|1314
11|556|748|1315
11|557|748|1316
11|557|749|1317
11|558|749|1318
11|558|750|1319
11|559|750|1320
11|559|751|1321
11|560|751|1322
11|560|752|1323
11|561|752|1324
11|561|753|1325
11|562|753|1326
11|562|754|1327
11|563|754|1328
11|563|755|1329
11|564|755|1330
11|564|756|1331
11|565|756|1332
11|565|757|1333
11|566|757|1334
11|566|758|1335
11|567|758|1336
11|567|759|1337
11|568|759|1338
11|568|760|1339
11|569|760|1340
12|569|760|1341
12|570|760|1342
12|570|761|1343
12|571|761|1344
12|571|762|1345
12|572|762|1346
12|572|763|1347
12|573|763|1348
12|573|764|1349
12|574|764|1350
12|574|765|1351
12|575|765|1352
12|575|766|1353
12|576|766|1354
12|576|767|1355
12|577|767|1356
12|577|768|1357
12|578|768|1358
12|578|769|1359
12|579|769|1360
12|579|770|1361
12|580|770|1362
12|580|771|1363
12|581|771|1364
12|581|772|1365
12|582|772|1366
12|582|773|1367
12|583|773|1368
12|583|774|1369
12|584|774|1370
12|584|775|1371
12|585|775|1372
12|585|776|1373
12|586|776|1374
12|586|777|1375
12|587|777|1376
12|587|778|1377
12|588|778|1378
12|588|779|1379
12|589|779|1380
12|589|780|1381
12|590|780|1382
12|590|781|1383
12|591|781|1384
12|591|782|1385
12|592|782|1386
12|592|783|1387
12|593|783|1388
12|593|784|1389
12|594|784|1390
12|594|785|1391
12|595|785|1392
12|595|786|1393
12|596|786|1394
12|596|787|1395
12|597|787|1396
12|597|788|1397
12|598|788|1398
12|598|789|1399
12|599|789|1400
12|599|790|1401
12|600|790|1402
12|600|791|1403
12|601|791|1404
12|601|792|1405
12|602|792|1406
12|602|793|1407
12|603|793|1408
12|603|794|1409
12|604|794|1410
12|604|795|1411
12|605|795|1412
12|605|796|1413
12|606|796|1414
12|606|797|1415
12|607|797|1416
12|607|798|1417
12|608|798|1418
12|608|799|1419
12|609|799|1420
12|609|800|1421
12|610|800|1422
12|610|801|1423
12|611|801|1424
12|611|802|1425
12|612|802|1426
12|612|803|1427
12|613|803|1428
12|613|804|1429
12|614|804|1430
12|614|805|1431
12|615|805|1432
12|615|806|1433
12|616|806|1434
12|616|807|1435
12|617|807|1436
12|617|808|1437
12|618|808|1438
12|618|809|1439
12|619|809|1440
12|619|810|1441
12|620|810|1442
12|620|811|1443
12|621|811|1444
12|621|812|1445
12|622|812|1446
12|622|813|1447
12|623|813|1448
12|623|814|1449
12|624|814|1450
12|624|815|1451
12|624|816|1452
12|624|817|1453
12|624|818|1454
12|624|819|1455
12|624|820|1456
12|624|821|1457
12|624|822|1458
12|624|823|1459
12|624|824|1460
12|624|825|1461
12|624|826|1462
12|624|827|1463
12|624|828|1464
13|624|828|1465
13|624|829|1466
13|624|830|1467
13|624|831|1468
13|624|832|1469
13|624|833|1470
13|624|834|1471
13|624|835|1472
13|624|836|1473
13|624|837|1474
13|624|838|1475
13|624|839|1476
13|624|840|1477
13|624|841|1478
14|624|841|1479
14|624|842|1480
15|624|842|1481
15|624|843|1482
15|624|844|1483
15|624|845|1484
15|624|846|1485
15|624|847|1486
15|624|848|1487
15|625|848|1488
15|625|849|1489
15|626|849|1490
15|626|850|1491
15|627|850|1492
15|627|851|1493
15|628|851|1494
15|628|852|1495
15|629|852|1496
15|629|853|1497
15|630|853|1498
15|630|854|1499
15|631|854|1500
15|631|855|1501
15|632|855|1502
15|632|856|1503
15|633|856|1504
15|633|857|1505
15|634|857|1506
15|634|858|1507
15|635|858|1508
15|635|859|1509
15|636|859|1510
15|636|860|1511
15|637|860|1512
15|637|861|1513
15|638|861|1514
15|638|862|1515
15|639|862|1516
15|639|863|1517
15|640|863|1518
15|640|864|1519
15|641|864|1520
15|641|865|1521
15|642|865|1522
15|642|866|1523
15|643|866|1524
15|643|867|1525
15|644|867|1526
15|644|868|1527
15|645|868|1528
15|645|869|1529
15|646|869|1530
15|646|870|1531
15|647|870|1532
15|647|871|1533
15|648|871|1534
15|648|872|1535
15|649|872|1536
15|649|873|1537
15|650|873|1538
15|650|874|1539
15|651|874|1540
15|651|875|1541
15|652|875|1542
15|652|876|1543
15|653|876|1544
15|653|877|1545
15|654|877|1546
15|654|878|1547
15|655|878|1548
15|655|879|1549
15|656|879|1550
15|656|880|1551
15|657|880|1552
15|657|881|1553
15|658|881|1554
15|658|882|1555
15|659|882|1556
15|659|883|1557
15|660|883|1558
15|660|884|1559
15|661|884|1560
15|661|885|1561
15|662|885|1562
15|662|886|1563
15|663|886|1564
15|663|887|1565
15|664|887|1566
15|664|888|1567
15|665|888|1568
15|665|889|1569
15|666|889|1570
15|666|890|1571
15|667|890|1572
15|667|891|1573
15|668|891|1574
15|668|892|1575
15|669|892|1576
15|669|893|1577
15|670|893|1578
15|670|894|1579
15|671|894|1580
15|671|895|1581
15|672|895|1582
15|672|896|1583
15|673|896|1584
15|673|897|1585
15|674|897|1586
15|674|898|1587
15|675|898|1588
15|675|899|1589
15|676|899|1590
15|676|900|1591
15|677|900|1592
15|677|901|1593
15|678|901|1594
15|678|902|1595
15|678|903|1596
15|678|904|1597
15|678|905|1598
15|678|906|1599
15|678|907|1600
15|678|908|1601
15|678|909|1602
15|678|910|1603
15|678|911|1604
15|678|912|1605
15|678|913|1606
15|678|914|1607
15|678|915|1608
15|678|916|1609
15|678|917|1610
15|678|918|1611
15|678|919|1612
15|678|920|1613
15|678|921|1614
15|678|922|1615
15|678|923|1616
15|678|924|1617
15|678|925|1618
15|678|926|1619
15|678|927|1620
15|678|928|1621
15|678|929|1622
15|678|930|1623
15|678|931|1624
15|678|932|1625
15|678|933|1626
15|678|934|1627
15|678|935|1628
15|678|936|1629
15|678|937|1630
15|678|938|1631
15|679|938|1632
15|679|939|1633
15|680|939|1634
15|680|940|1635
15|681|940|1636
15|681|941|1637
15|682|941|1638
15|682|942|1639
15|683|942|1640
15|683|943|1641
15|684|943|1642
15|684|944|1643
15|685|944|1644
15|685|945|1645
15|686|945|1646
15|686|946|1647
15|687|946|1648
15|687|947|1649
15|688|947|1650
15|688|948|1651
15|689|948|1652
15|689|949|1653
15|690|949|1654
15|690|950|1655
15|691|950|1656
15|691|951|1657
15|692|951|1658
15|692|952|1659
15|693|952|1660
15|693|953|1661
15|694|953|1662
15|694|954|1663
15|695|954|1664
15|695|955|1665
15|696|955|1666
15|696|956|1667
15|697|956|1668
15|697|957|1669
15|698|957|1670
15|698|958|1671
15|699|958|1672
15|699|959|1673
15|700|959|1674
15|700|960|1675
15|701|960|1676
15|701|961|1677
15|702|961|1678
15|702|962|1679
15|703|962|1680
15|703|963|1681
15|704|963|1682
15|704|964|1683
15|705|964|1684
15|705|965|1685
15|705|966|1686
15|705|967|1687
15|706|967|1688
15|706|968|1689
15|707|968|1690
15|707|969|1691
15|708|969|1692
15|708|970|1693
15|708|971|1694
15|708|972|1695
15|709|972|1696
15|709|973|1697
15|709|974|1698
15|709|975|1699
15|710|975|1700
15|710|976|1701
15|710|977|1702
15|710|978|1703
15|710|979|1704
15|710|980|1705
15|710|981|1706
15|710|982|1707
15|710|983|1708
15|710|984|1709
15|710|985|1710
15|710|986|1711
15|710|987|1712
15|710|988|1713
15|710|989|1714
15|710|990|1715
15|710|991|1716
15|710|992|1717
15|710|993|1718
15|710|994|1719
15|710|995|1720
15|710|996|1721
15|710|997|1722
15|710|998|1723
15|710|999|1724
15|710|1000|1725
15|710|1001|1726
15|710|1002|1727
15|710|1003|1728
15|710|1004|1729
15|710|1005|1730
15|710|1006|1731
15|710|1007|1732
15|710|1008|1733
15|710|1009|1734
15|710|1010|1735
15|710|1011|1736
15|710|1012|1737
15|710|1013|1738
15|710|1014|1739
15|710|1015|1740
15|710|1016|1741
15|711|1016|1742
15|711|1017|1743
15|712|1017|1744
15|712|1018|1745
15|712|1019|1746
15|712|1020|1747
15|713|1020|1748
15|713|1021|1749
15|714|1021|1750
15|714|1022|1751
15|715|1022|1752
15|715|1023|1753
15|715|1024|1754
15|715|1025|1755
15|716|1025|1756
15|716|1026|1757
15|717|1026|1758
15|717|1027|1759
15|717|1028|1760
15|717|1029|1761
15|718|1029|1762
15|718|1030|1763
15|719|1030|1764
15|719|1031|1765
15|720|1031|1766
15|720|1032|1767
15|721|1032|1768
15|721|1033|1769
15|722|1033|1770
15|722|1034|1771
15|723|1034|1772
15|723|1035|1773
15|724|1035|1774
15|724|1036|1775
15|725|1036|1776
15|725|1037|1777
15|726|1037|1778
15|726|1038|1779
15|727|1038|1780
15|727|1039|1781
15|728|1039|1782
15|728|1040|1783
15|729|1040|1784
15|729|1041|1785
15|730|1041|1786
15|730|1042|1787
15|731|1042|1788
15|731|1043|1789
15|732|1043|1790
15|732|1044|1791
15|733|1044|1792
15|733|1045|1793
15|734|1045|1794
15|734|1046|1795
15|735|1046|1796
15|735|1047|1797
15|736|1047|1798
15|736|1048|1799
15|737|1048|1800
15|737|1049|1801
15|738|1049|1802
15|738|1050|1803
15|739|1050|1804
15|739|1051|1805
15|740|1051|1806
15|740|1052|1807
15|741|1052|1808
15|741|1053|1809
15|742|1053|1810
15|742|1054|1811
15|743|1054|1812
15|743|1055|1813
15|744|1055|1814
15|744|1056|1815
15|745|1056|1816
15|745|1057|1817
15|746|1057|1818
15|746|1058|1819
15|747|1058|1820
15|747|1059|1821
15|748|1059|1822
15|748|1060|1823
15|749|1060|1824
15|749|1061|1825
15|750|1061|1826
16|750|1061|1827
16|750|1062|1828
16|750|1063|1829
16|751|1063|1830
16|751|1064|1831
16|752|1064|1832
16|752|1065|1833
16|753|1065|1834
16|753|1066|1835
16|753|1067|1836
16|753|1068|1837
16|754|1068|1838
16|754|1069|1839
16|754|1070|1840
16|754|1071|1841
16|755|1071|1842
16|755|1072|1843
16|756|1072|1844
16|756|1073|1845
16|757|1073|1846
16|757|1074|1847
16|758|1074|1848
16|758|1075|1849
16|759|1075|1850
16|759|1076|1851
16|760|1076|1852
16|760|1077|1853
16|761|1077|1854
17|761|1077|1855
17|762|1077|1856
17|762|1078|1857
17|763|1078|1858
17|763|1079|1859
17|764|1079|1860
17|764|1080|1861
17|765|1080|1862
18|765|1080|1863
18|766|1080|1864
18|766|1081|1865
18|767|1081|1866
18|767|1082|1867
18|768|1082|1868
18|768|1083|1869
18|769|1083|1870
18|769|1084|1871
18|770|1084|1872
18|770|1085|1873
18|771|1085|1874
18|771|1086|1875
18|772|1086|1876
18|772|1087|1877
18|773|1087|1878
18|773|1088|1879
18|774|1088|1880
18|774|1089|1881
18|775|1089|1882
18|775|1090|1883
18|776|1090|1884
18|776|1091|1885
18|777|1091|1886
18|777|1092|1887
18|778|1092|1888
18|778|1093|1889
18|779|1093|1890
18|779|1094|1891
18|780|1094|1892
18|780|1095|1893
18|781|1095|1894
18|781|1096|1895
18|782|1096|1896
18|782|1097|1897
18|783|1097|1898
19|783|1097|1899
19|784|1097|1900
19|784|1098|1901
19|785|1098|1902
19|785|1099|1903
19|786|1099|1904
19|786|1100|1905
19|787|1100|1906
19|787|1101|1907
19|788|1101|1908
19|788|1102|1909
19|789|1102|1910
19|789|1103|1911
19|790|1103|1912
19|790|1104|1913
19|791|1104|1914
19|791|1105|1915
19|792|1105|1916
19|792|1106|1917
19|793|1106|1918
19|793|1107|1919
19|794|1107|1920
19|794|1108|1921
19|795|1108|1922
19|795|1109|1923
19|796|1109|1924
19|796|1110|1925
19|797|1110|1926
19|797|1111|1927
19|798|1111|1928
19|798|1112|1929
19|799|1112|1930
19|799|1113|1931
19|800|1113|1932
19|800|1114|1933
19|801|1114|1934
19|801|1115|1935
19|802|1115|1936
19|802|1116|1937
19|803|1116|1938
19|803|1117|1939
19|804|1117|1940
19|804|1118|1941
19|805|1118|1942
19|805|1119|1943
19|806|1119|1944
19|806|1120|1945
19|807|1120|1946
19|807|1121|1947
19|808|1121|1948
19|808|1122|1949
19|809|1122|1950
19|809|1123|1951
19|810|1123|1952
19|810|1124|1953
19|811|1124|1954
19|811|1125|1955
19|812|1125|1956
19|812|1126|1957
19|813|1126|1958
19|813|1127|1959
19|814|1127|1960
19|815|1128|1962
19|816|1128|1963
19|816|1129|1964
19|817|1129|1965
19|817|1130|1966
19|818|1130|1967
19|818|1131|1968
19|819|1131|1969
19|819|1132|1970
19|820|1132|1971
19|820|1133|1972
19|821|1133|1973
19|821|1134|1974
19|822|1134|1975
19|822|1135|1976
19|823|1135|1977
19|823|1136|1978
19|824|1136|1979
19|824|1137|1980
19|825|1137|1981
19|825|1138|1982
19|826|1138|1983
19|826|1139|1984
19|827|1139|1985
19|827|1140|1986
19|828|1140|1987
19|828|1141|1988
19|829|1141|1989
19|829|1142|1990
19|830|1142|1991
20|830|1142|1992
20|831|1142|1993
20|831|1143|1994
20|832|1143|1995
20|832|1144|1996
20|833|1144|1997
21|833|1144|1998
21|834|1144|1999
21|834|1145|2000
