{AnalyticPlayer 1654 +mi_d_r -a_l_r -n_l Origin} w: 1578 d: 1 l: 421
{AnalyticPlayer 1312 +mi_d_r -a_l_r +n_w Origin} w: 1577 d: 11 l: 412
{AnalyticPlayer 1996 +mi_d_r -a_l_r -ma_d_r Origin} w: 1569 d: 4 l: 427
{AnalyticPlayer 1308 +mi_d_r -ma_l_r +n_w Origin} w: 1567 d: 13 l: 420
{AnalyticPlayer 1650 +mi_d_r -ma_l_r -n_l Origin} w: 1564 d: 2 l: 434
{AnalyticPlayer 1992 +mi_d_r -ma_l_r -ma_d_r Origin} w: 1551 d: 2 l: 447
{AnalyticPlayer 1304 +mi_d_r -n_l +n_w Origin} w: 1472 d: 53 l: 475
{AnalyticPlayer 1319 +mi_d_r -t_l_r +n_w Origin} w: 1446 d: 92 l: 462
{AnalyticPlayer 1646 +mi_d_r +n_w -n_l Origin} w: 1443 d: 92 l: 465
{AnalyticPlayer 1644 +mi_d_r -n_d -n_l Origin} w: 1440 d: 70 l: 490
{AnalyticPlayer 1657 +mi_d_r -mi_l_r -n_l Origin} w: 1435 d: 21 l: 544
{AnalyticPlayer 1315 +mi_d_r -mi_l_r +n_w Origin} w: 1422 d: 86 l: 492
{AnalyticPlayer 1661 +mi_d_r -t_l_r -n_l Origin} w: 1414 d: 44 l: 542
{AnalyticPlayer 1097 -n_d +mi_d_r +n_w Origin} w: 1413 d: 100 l: 487
{AnalyticPlayer 1302 +mi_d_r -n_d +n_w Origin} w: 1410 d: 128 l: 462
{AnalyticPlayer 1439 -n_d +mi_d_r -n_l Origin} w: 1409 d: 90 l: 501
{AnalyticPlayer 1313 +mi_d_r -mi_d_r +n_w Origin} w: 1404 d: 108 l: 488
{AnalyticPlayer 1692 -mi_l_r +mi_d_r -n_l Origin} w: 1402 d: 20 l: 578
{AnalyticPlayer 1649 +mi_d_r +ma_w_r -n_l Origin} w: 1402 d: 4 l: 594
{AnalyticPlayer 1655 +mi_d_r -mi_d_r -n_l Origin} w: 1401 d: 26 l: 573
{AnalyticPlayer 1350 -mi_l_r +mi_d_r +n_w Origin} w: 1399 d: 98 l: 503
{AnalyticPlayer 1645 +mi_d_r +n_d -n_l Origin} w: 1382 d: 8 l: 610
{AnalyticPlayer 1307 +mi_d_r +ma_w_r +n_w Origin} w: 1371 d: 18 l: 611
{AnalyticPlayer 1303 +mi_d_r +n_d +n_w Origin} w: 1343 d: 59 l: 598
{AnalyticPlayer 1958 -a_l_r +a_d_r -ma_d_r Origin} w: 1312 d: 19 l: 669
{AnalyticPlayer 1198 -ma_l_r +ma_d_r +n_w Origin} w: 1305 d: 23 l: 672
{AnalyticPlayer 1543 -ma_l_r +a_d_r -n_l Origin} w: 1299 d: 24 l: 677
{AnalyticPlayer 1882 -ma_l_r +ma_d_r -ma_d_r Origin} w: 1297 d: 24 l: 679
{AnalyticPlayer 1201 -ma_l_r +a_d_r +n_w Origin} w: 1293 d: 25 l: 682
{AnalyticPlayer 1954 -a_l_r +ma_d_r -ma_d_r Origin} w: 1293 d: 22 l: 685
{AnalyticPlayer 1540 -ma_l_r +ma_d_r -n_l Origin} w: 1292 d: 25 l: 683
{AnalyticPlayer 1616 -a_l_r +a_d_r -n_l Origin} w: 1291 d: 24 l: 685
{AnalyticPlayer 1885 -ma_l_r +a_d_r -ma_d_r Origin} w: 1290 d: 24 l: 686
{AnalyticPlayer 1274 -a_l_r +a_d_r +n_w Origin} w: 1285 d: 23 l: 692
{AnalyticPlayer 1612 -a_l_r +ma_d_r -n_l Origin} w: 1276 d: 31 l: 693
{AnalyticPlayer 1659 +mi_d_r +t_d_r -n_l Origin} w: 1274 d: 59 l: 667
{AnalyticPlayer 1270 -a_l_r +ma_d_r +n_w Origin} w: 1274 d: 18 l: 708
{AnalyticPlayer 1660 +mi_d_r +t_w_r -n_l Origin} w: 1273 d: 81 l: 646
{AnalyticPlayer 1318 +mi_d_r +t_w_r +n_w Origin} w: 1272 d: 97 l: 631
{AnalyticPlayer 1238 +a_d_r +a_w_r +n_w Origin} w: 1269 d: 167 l: 564
{AnalyticPlayer 1432 -n_d +ma_w_r -n_l Origin} w: 1266 d: 23 l: 711
{AnalyticPlayer 1923 +a_d_r -a_l_r -ma_d_r Origin} w: 1264 d: 163 l: 573
{AnalyticPlayer 1435 -n_d +a_d_r -n_l Origin} w: 1264 d: 156 l: 580
{AnalyticPlayer 1578 +a_d_r -ma_l_r -n_l Origin} w: 1262 d: 176 l: 562
{AnalyticPlayer 1575 +a_d_r -ma_d_r -n_l Origin} w: 1259 d: 172 l: 569
{AnalyticPlayer 1090 -n_d +ma_w_r +n_w Origin} w: 1259 d: 19 l: 722
{AnalyticPlayer 1580 +a_d_r +a_w_r -n_l Origin} w: 1257 d: 172 l: 571
{AnalyticPlayer 1577 +a_d_r +ma_w_r -n_l Origin} w: 1257 d: 159 l: 584
{AnalyticPlayer 1584 +a_d_r +mi_w_r -n_l Origin} w: 1256 d: 172 l: 572
{AnalyticPlayer 1998 +mi_d_r +mi_w_r -ma_d_r Origin} w: 1256 d: 2 l: 742
{AnalyticPlayer 1239 +a_d_r -a_l_r +n_w Origin} w: 1255 d: 175 l: 570
{AnalyticPlayer 1242 +a_d_r +mi_w_r +n_w Origin} w: 1255 d: 159 l: 586
{AnalyticPlayer 1317 +mi_d_r +t_d_r +n_w Origin} w: 1254 d: 74 l: 672
{AnalyticPlayer 1920 +a_d_r -ma_l_r -ma_d_r Origin} w: 1252 d: 174 l: 574
{AnalyticPlayer 1926 +a_d_r +mi_w_r -ma_d_r Origin} w: 1252 d: 169 l: 579
{AnalyticPlayer 1648 +mi_d_r +ma_d_r -n_l Origin} w: 1251 d: 176 l: 573
{AnalyticPlayer 1574 +a_d_r +n_w -n_l Origin} w: 1251 d: 173 l: 576
{AnalyticPlayer 1547 -ma_l_r +mi_d_r -n_l Origin} w: 1251 d: 3 l: 746
{AnalyticPlayer 1236 +a_d_r -ma_l_r +n_w Origin} w: 1250 d: 175 l: 575
{AnalyticPlayer 1266 -a_l_r -n_d +n_w Origin} w: 1250 d: 12 l: 738
{AnalyticPlayer 1656 +mi_d_r +mi_w_r -n_l Origin} w: 1249 d: 1 l: 750
{AnalyticPlayer 1922 +a_d_r +a_w_r -ma_d_r Origin} w: 1247 d: 180 l: 573
{AnalyticPlayer 1232 +a_d_r -n_l +n_w Origin} w: 1246 d: 186 l: 568
{AnalyticPlayer 1314 +mi_d_r +mi_w_r +n_w Origin} w: 1246 d: 2 l: 752
{AnalyticPlayer 1573 +a_d_r +n_d -n_l Origin} w: 1244 d: 175 l: 581
{AnalyticPlayer 1652 +mi_d_r +a_d_r -n_l Origin} w: 1244 d: 165 l: 591
{AnalyticPlayer 1988 +mi_d_r +n_w -ma_d_r Origin} w: 1242 d: 81 l: 677
{AnalyticPlayer 1581 +a_d_r -a_l_r -n_l Origin} w: 1241 d: 182 l: 577
{AnalyticPlayer 1579 +a_d_r -a_d_r -n_l Origin} w: 1241 d: 181 l: 578
{AnalyticPlayer 1194 -ma_l_r -n_d +n_w Origin} w: 1239 d: 14 l: 747
{AnalyticPlayer 1995 +mi_d_r +a_w_r -ma_d_r Origin} w: 1239 d: 11 l: 750
{AnalyticPlayer 1311 +mi_d_r +a_w_r +n_w Origin} w: 1237 d: 18 l: 745
{AnalyticPlayer 1572 +a_d_r -n_d -n_l Origin} w: 1236 d: 188 l: 576
{AnalyticPlayer 1585 +a_d_r -mi_l_r -n_l Origin} w: 1235 d: 182 l: 583
{AnalyticPlayer 1917 +a_d_r -n_l -ma_d_r Origin} w: 1235 d: 181 l: 584
{AnalyticPlayer 1583 +a_d_r +mi_d_r -n_l Origin} w: 1234 d: 176 l: 590
{AnalyticPlayer 1688 -mi_l_r +a_d_r -n_l Origin} w: 1234 d: 134 l: 632
{AnalyticPlayer 1103 -n_d -t_l_r +n_w Origin} w: 1234 d: 57 l: 709
{AnalyticPlayer 1653 +mi_d_r +a_w_r -n_l Origin} w: 1234 d: 16 l: 750
{AnalyticPlayer 1608 -a_l_r -n_d -n_l Origin} w: 1234 d: 13 l: 753
{AnalyticPlayer 1878 -ma_l_r -n_d -ma_d_r Origin} w: 1234 d: 11 l: 755
{AnalyticPlayer 1916 +a_d_r +n_w -ma_d_r Origin} w: 1232 d: 184 l: 584
{AnalyticPlayer 1576 +a_d_r +ma_d_r -n_l Origin} w: 1230 d: 177 l: 593
{AnalyticPlayer 1658 +mi_d_r -t_d_r -n_l Origin} w: 1230 d: 48 l: 722
{AnalyticPlayer 1619 -a_l_r +mi_d_r -n_l Origin} w: 1229 d: 0 l: 771
{AnalyticPlayer 1093 -n_d +a_d_r +n_w Origin} w: 1228 d: 191 l: 581
{AnalyticPlayer 1277 -a_l_r +mi_d_r +n_w Origin} w: 1228 d: 12 l: 760
{AnalyticPlayer 1950 -a_l_r -n_d -ma_d_r Origin} w: 1226 d: 10 l: 764
{AnalyticPlayer 1241 +a_d_r +mi_d_r +n_w Origin} w: 1224 d: 195 l: 581
{AnalyticPlayer 1434 -n_d -a_d_r -n_l Origin} w: 1223 d: 59 l: 718
{AnalyticPlayer 1088 -n_d -ma_d_r +n_w Origin} w: 1220 d: 91 l: 689
{AnalyticPlayer 1092 -n_d -a_d_r +n_w Origin} w: 1220 d: 91 l: 689
{AnalyticPlayer 1205 -ma_l_r +mi_d_r +n_w Origin} w: 1220 d: 16 l: 764
{AnalyticPlayer 1430 -n_d -ma_d_r -n_l Origin} w: 1219 d: 62 l: 719
{AnalyticPlayer 1582 +a_d_r -mi_d_r -n_l Origin} w: 1218 d: 172 l: 610
{AnalyticPlayer 1095 -n_d -a_l_r +n_w Origin} w: 1218 d: 47 l: 735
{AnalyticPlayer 1536 -ma_l_r -n_d -n_l Origin} w: 1218 d: 18 l: 764
{AnalyticPlayer 1436 -n_d +a_w_r -n_l Origin} w: 1218 d: 14 l: 768
{AnalyticPlayer 1233 +a_d_r -ma_d_r +n_w Origin} w: 1216 d: 202 l: 582
{AnalyticPlayer 1778 -n_d +a_w_r -ma_d_r Origin} w: 1216 d: 24 l: 760
{AnalyticPlayer 1346 -mi_l_r +a_d_r +n_w Origin} w: 1215 d: 167 l: 618
{AnalyticPlayer 1771 -n_d +n_w -ma_d_r Origin} w: 1213 d: 101 l: 686
{AnalyticPlayer 1310 +mi_d_r +a_d_r +n_w Origin} w: 1212 d: 208 l: 580
{AnalyticPlayer 1306 +mi_d_r +ma_d_r +n_w Origin} w: 1212 d: 196 l: 592
{AnalyticPlayer 1235 +a_d_r +ma_w_r +n_w Origin} w: 1211 d: 201 l: 588
{AnalyticPlayer 1772 -n_d -n_l -ma_d_r Origin} w: 1211 d: 67 l: 722
{AnalyticPlayer 1094 -n_d +a_w_r +n_w Origin} w: 1211 d: 23 l: 766
{AnalyticPlayer 1231 +a_d_r +n_d +n_w Origin} w: 1210 d: 200 l: 590
{AnalyticPlayer 1237 +a_d_r -a_d_r +n_w Origin} w: 1210 d: 198 l: 592
{AnalyticPlayer 1091 -n_d -ma_l_r +n_w Origin} w: 1210 d: 49 l: 741
{AnalyticPlayer 1471 +n_w +a_d_r -n_l Origin} w: 1209 d: 126 l: 665
{AnalyticPlayer 1467 +n_w +ma_d_r -n_l Origin} w: 1208 d: 126 l: 666
{AnalyticPlayer 1243 +a_d_r -mi_l_r +n_w Origin} w: 1207 d: 201 l: 592
{AnalyticPlayer 1806 +n_w -n_d -ma_d_r Origin} w: 1205 d: 104 l: 691
{AnalyticPlayer 1338 -mi_l_r -n_d +n_w Origin} w: 1203 d: 84 l: 713
{AnalyticPlayer 1779 -n_d -a_l_r -ma_d_r Origin} w: 1203 d: 47 l: 750
{AnalyticPlayer 1316 +mi_d_r -t_d_r +n_w Origin} w: 1203 d: 41 l: 756
{AnalyticPlayer 1433 -n_d -ma_l_r -n_l Origin} w: 1202 d: 44 l: 754
{AnalyticPlayer 1553 -ma_l_r -t_l_r -n_l Origin} w: 1202 d: 6 l: 792
{AnalyticPlayer 1895 -ma_l_r -t_l_r -ma_d_r Origin} w: 1200 d: 5 l: 795
{AnalyticPlayer 1625 -a_l_r -t_l_r -n_l Origin} w: 1200 d: 3 l: 797
{AnalyticPlayer 1230 +a_d_r -n_d +n_w Origin} w: 1199 d: 217 l: 584
{AnalyticPlayer 1445 -n_d -t_l_r -n_l Origin} w: 1196 d: 29 l: 775
{AnalyticPlayer 1099 -n_d -mi_l_r +n_w Origin} w: 1195 d: 80 l: 725
{AnalyticPlayer 1475 +n_w +mi_d_r -n_l Origin} w: 1195 d: 73 l: 732
{AnalyticPlayer 1775 -n_d -ma_l_r -ma_d_r Origin} w: 1194 d: 50 l: 756
{AnalyticPlayer 1087 -n_d -n_l +n_w Origin} w: 1193 d: 71 l: 736
{AnalyticPlayer 1464 +n_w -n_d -n_l Origin} w: 1192 d: 74 l: 734
{AnalyticPlayer 1437 -n_d -a_l_r -n_l Origin} w: 1190 d: 47 l: 763
{AnalyticPlayer 1429 -n_d +n_w -n_l Origin} w: 1189 d: 82 l: 729
{AnalyticPlayer 1967 -a_l_r -t_l_r -ma_d_r Origin} w: 1188 d: 10 l: 802
{AnalyticPlayer 1247 +a_d_r -t_l_r +n_w Origin} w: 1187 d: 197 l: 616
{AnalyticPlayer 1827 -n_l +ma_d_r -ma_d_r Origin} w: 1187 d: 19 l: 794
{AnalyticPlayer 1125 -n_l +ma_d_r +n_w Origin} w: 1186 d: 66 l: 748
{AnalyticPlayer 1283 -a_l_r -t_l_r +n_w Origin} w: 1186 d: 10 l: 804
{AnalyticPlayer 1211 -ma_l_r -t_l_r +n_w Origin} w: 1180 d: 12 l: 808
{AnalyticPlayer 1240 +a_d_r -mi_d_r +n_w Origin} w: 1178 d: 195 l: 627
{AnalyticPlayer 1008 -mi_l_r +mi_d_r +n_d Origin} w: 1178 d: 29 l: 793
{AnalyticPlayer 1813 +n_w +a_d_r -ma_d_r Origin} w: 1177 d: 165 l: 658
{AnalyticPlayer 1782 -n_d +mi_w_r -ma_d_r Origin} w: 1174 d: 56 l: 770
{AnalyticPlayer 1234 +a_d_r +ma_d_r +n_w Origin} w: 1173 d: 207 l: 620
{AnalyticPlayer 1440 -n_d +mi_w_r -n_l Origin} w: 1171 d: 51 l: 778
{AnalyticPlayer 1680 -mi_l_r -n_d -n_l Origin} w: 1169 d: 40 l: 791
{AnalyticPlayer 1428 -n_d +n_d -n_l Origin} w: 1169 d: 38 l: 793
{AnalyticPlayer 1441 -n_d -mi_l_r -n_l Origin} w: 1169 d: 32 l: 799
{AnalyticPlayer 1098 -n_d +mi_w_r +n_w Origin} w: 1166 d: 48 l: 786
{AnalyticPlayer 1822 +n_w +t_w_r -ma_d_r Origin} w: 1164 d: 34 l: 802
{AnalyticPlayer 1086 -n_d +n_d +n_w Origin} w: 1163 d: 93 l: 744
{AnalyticPlayer 1809 +n_w +ma_d_r -ma_d_r Origin} w: 1160 d: 179 l: 661
{AnalyticPlayer 1919 +a_d_r +ma_w_r -ma_d_r Origin} w: 1158 d: 197 l: 645
{AnalyticPlayer 1589 +a_d_r -t_l_r -n_l Origin} w: 1157 d: 203 l: 640
{AnalyticPlayer 1990 +mi_d_r +ma_d_r -ma_d_r Origin} w: 1152 d: 216 l: 632
{AnalyticPlayer 1961 -a_l_r +mi_d_r -ma_d_r Origin} w: 1148 d: 2 l: 850
{AnalyticPlayer 1889 -ma_l_r +mi_d_r -ma_d_r Origin} w: 1148 d: 1 l: 851
{AnalyticPlayer 1927 +a_d_r -mi_l_r -ma_d_r Origin} w: 1147 d: 201 l: 652
{AnalyticPlayer 1246 +a_d_r +t_w_r +n_w Origin} w: 1145 d: 197 l: 658
{AnalyticPlayer 1208 -ma_l_r -t_d_r +n_w Origin} w: 1144 d: 6 l: 850
{AnalyticPlayer 1280 -a_l_r -t_d_r +n_w Origin} w: 1142 d: 8 l: 850
{AnalyticPlayer 1931 +a_d_r -t_l_r -ma_d_r Origin} w: 1141 d: 204 l: 655
{AnalyticPlayer 1622 -a_l_r -t_d_r -n_l Origin} w: 1140 d: 6 l: 854
{AnalyticPlayer 1588 +a_d_r +t_w_r -n_l Origin} w: 1135 d: 232 l: 633
{AnalyticPlayer 1930 +a_d_r +t_w_r -ma_d_r Origin} w: 1134 d: 193 l: 673
{AnalyticPlayer 1438 -n_d -mi_d_r -n_l Origin} w: 1133 d: 34 l: 833
{AnalyticPlayer 1831 -n_l +a_d_r -ma_d_r Origin} w: 1132 d: 67 l: 801
{AnalyticPlayer 1921 +a_d_r -a_d_r -ma_d_r Origin} w: 1131 d: 225 l: 644
{AnalyticPlayer 1129 -n_l +a_d_r +n_w Origin} w: 1131 d: 63 l: 806
{AnalyticPlayer 1994 +mi_d_r +a_d_r -ma_d_r Origin} w: 1128 d: 232 l: 640
{AnalyticPlayer 1550 -ma_l_r -t_d_r -n_l Origin} w: 1128 d: 6 l: 866
{AnalyticPlayer 1914 +a_d_r -n_d -ma_d_r Origin} w: 1126 d: 222 l: 652
{AnalyticPlayer 1587 +a_d_r +t_d_r -n_l Origin} w: 1125 d: 258 l: 617
{AnalyticPlayer 1964 -a_l_r -t_d_r -ma_d_r Origin} w: 1124 d: 7 l: 869
{AnalyticPlayer 1892 -ma_l_r -t_d_r -ma_d_r Origin} w: 1123 d: 9 l: 868
{AnalyticPlayer 1096 -n_d -mi_d_r +n_w Origin} w: 1121 d: 48 l: 831
{AnalyticPlayer 1925 +a_d_r +mi_d_r -ma_d_r Origin} w: 1119 d: 225 l: 656
{AnalyticPlayer 1915 +a_d_r +n_d -ma_d_r Origin} w: 1116 d: 232 l: 652
{AnalyticPlayer 1348 -mi_l_r -a_l_r +n_w Origin} w: 1114 d: 7 l: 879
{AnalyticPlayer 1894 -ma_l_r +t_w_r -ma_d_r Origin} w: 1110 d: 7 l: 883
{AnalyticPlayer 1207 -ma_l_r -mi_l_r +n_w Origin} w: 1109 d: 4 l: 887
{AnalyticPlayer 1272 -a_l_r -ma_l_r +n_w Origin} w: 1108 d: 10 l: 882
{AnalyticPlayer 1279 -a_l_r -mi_l_r +n_w Origin} w: 1107 d: 9 l: 884
{AnalyticPlayer 1777 -n_d +a_d_r -ma_d_r Origin} w: 1106 d: 235 l: 659
{AnalyticPlayer 1004 -mi_l_r +a_d_r +n_d Origin} w: 1105 d: 184 l: 711
{AnalyticPlayer 1203 -ma_l_r -a_l_r +n_w Origin} w: 1103 d: 4 l: 893
{AnalyticPlayer 1764 -t_l_r +mi_d_r -n_l Origin} w: 1102 d: 22 l: 876
{AnalyticPlayer 1929 +a_d_r +t_d_r -ma_d_r Origin} w: 1101 d: 256 l: 643
{AnalyticPlayer 1444 -n_d +t_w_r -n_l Origin} w: 1101 d: 73 l: 826
{AnalyticPlayer 1966 -a_l_r +t_w_r -ma_d_r Origin} w: 1100 d: 7 l: 893
{AnalyticPlayer 1244 +a_d_r -t_d_r +n_w Origin} w: 1098 d: 241 l: 661
{AnalyticPlayer 1552 -ma_l_r +t_w_r -n_l Origin} w: 1098 d: 6 l: 896
{AnalyticPlayer 1781 -n_d +mi_d_r -ma_d_r Origin} w: 1097 d: 142 l: 761
{AnalyticPlayer 1245 +a_d_r +t_d_r +n_w Origin} w: 1096 d: 250 l: 654
{AnalyticPlayer 1344 -mi_l_r -ma_l_r +n_w Origin} w: 1094 d: 10 l: 896
{AnalyticPlayer 1480 +n_w +t_w_r -n_l Origin} w: 1093 d: 77 l: 830
{AnalyticPlayer 1282 -a_l_r +t_w_r +n_w Origin} w: 1090 d: 7 l: 903
{AnalyticPlayer 1210 -ma_l_r +t_w_r +n_w Origin} w: 1089 d: 8 l: 903
{AnalyticPlayer 1305 +mi_d_r -ma_d_r +n_w Origin} w: 1088 d: 77 l: 835
{AnalyticPlayer 1624 -a_l_r +t_w_r -n_l Origin} w: 1086 d: 8 l: 906
{AnalyticPlayer 1586 +a_d_r -t_d_r -n_l Origin} w: 1085 d: 256 l: 659
{AnalyticPlayer 1928 +a_d_r -t_d_r -ma_d_r Origin} w: 1084 d: 254 l: 662
{AnalyticPlayer 1481 +n_w -t_l_r -n_l Origin} w: 1083 d: 57 l: 860
{AnalyticPlayer 1422 -t_l_r +mi_d_r +n_w Origin} w: 1082 d: 63 l: 855
{AnalyticPlayer 1102 -n_d +t_w_r +n_w Origin} w: 1081 d: 76 l: 843
{AnalyticPlayer 1762 -t_l_r -a_l_r -n_l Origin} w: 1081 d: 8 l: 911
{AnalyticPlayer 1924 +a_d_r -mi_d_r -ma_d_r Origin} w: 1078 d: 220 l: 702
{AnalyticPlayer 1309 +mi_d_r -a_d_r +n_w Origin} w: 1078 d: 74 l: 848
{AnalyticPlayer 1647 +mi_d_r -ma_d_r -n_l Origin} w: 1078 d: 43 l: 879
{AnalyticPlayer 1986 +mi_d_r -n_d -ma_d_r Origin} w: 1077 d: 151 l: 772
{AnalyticPlayer 1420 -t_l_r -a_l_r +n_w Origin} w: 1077 d: 7 l: 916
{AnalyticPlayer 1787 -n_d -t_l_r -ma_d_r Origin} w: 1075 d: 59 l: 866
{AnalyticPlayer 1989 +mi_d_r -n_l -ma_d_r Origin} w: 1074 d: 54 l: 872
{AnalyticPlayer 1651 +mi_d_r -a_d_r -n_l Origin} w: 1071 d: 57 l: 872
{AnalyticPlayer 1918 +a_d_r +ma_d_r -ma_d_r Origin} w: 1070 d: 238 l: 692
{AnalyticPlayer 1281 -a_l_r +t_d_r +n_w Origin} w: 1069 d: 14 l: 917
{AnalyticPlayer 1412 -t_l_r -n_l +n_w Origin} w: 1066 d: 37 l: 897
{AnalyticPlayer 1074 -t_l_r -ma_l_r +n_d Origin} w: 1064 d: 7 l: 929
{AnalyticPlayer 1416 -t_l_r -ma_l_r +n_w Origin} w: 1062 d: 13 l: 925
{AnalyticPlayer 1893 -ma_l_r +t_d_r -ma_d_r Origin} w: 1061 d: 15 l: 924
{AnalyticPlayer 1965 -a_l_r +t_d_r -ma_d_r Origin} w: 1060 d: 13 l: 927
{AnalyticPlayer 1538 -ma_l_r +n_w -n_l Origin} w: 1060 d: 0 l: 940
{AnalyticPlayer 1478 +n_w -t_d_r -n_l Origin} w: 1057 d: 84 l: 859
{AnalyticPlayer 1752 -t_l_r -n_d -n_l Origin} w: 1056 d: 25 l: 919
{AnalyticPlayer 1758 -t_l_r -ma_l_r -n_l Origin} w: 1056 d: 9 l: 935
{AnalyticPlayer 1613 -a_l_r +ma_w_r -n_l Origin} w: 1055 d: 0 l: 945
{AnalyticPlayer 1131 -n_l -a_l_r +n_w Origin} w: 1054 d: 0 l: 946
{AnalyticPlayer 1545 -ma_l_r -a_l_r -n_l Origin} w: 1053 d: 0 l: 947
{AnalyticPlayer 1166 +ma_d_r +a_w_r +n_w Origin} w: 1052 d: 151 l: 797
{AnalyticPlayer 1754 -t_l_r +n_w -n_l Origin} w: 1052 d: 61 l: 887
{AnalyticPlayer 1551 -ma_l_r +t_d_r -n_l Origin} w: 1052 d: 17 l: 931
{AnalyticPlayer 1078 -t_l_r -a_l_r +n_d Origin} w: 1052 d: 7 l: 941
{AnalyticPlayer 1541 -ma_l_r +ma_w_r -n_l Origin} w: 1052 d: 0 l: 948
{AnalyticPlayer 1271 -a_l_r +ma_w_r +n_w Origin} w: 1051 d: 1 l: 948
{AnalyticPlayer 1690 -mi_l_r -a_l_r -n_l Origin} w: 1051 d: 1 l: 948
{AnalyticPlayer 1199 -ma_l_r +ma_w_r +n_w Origin} w: 1048 d: 2 l: 950
{AnalyticPlayer 1614 -a_l_r -ma_l_r -n_l Origin} w: 1048 d: 0 l: 952
{AnalyticPlayer 1686 -mi_l_r -ma_l_r -n_l Origin} w: 1047 d: 1 l: 952
{AnalyticPlayer 1623 -a_l_r +t_d_r -n_l Origin} w: 1046 d: 13 l: 941
{AnalyticPlayer 1549 -ma_l_r -mi_l_r -n_l Origin} w: 1046 d: 1 l: 953
{AnalyticPlayer 1845 +ma_d_r -n_l -ma_d_r Origin} w: 1045 d: 138 l: 817
{AnalyticPlayer 1355 -mi_l_r -t_l_r +n_w Origin} w: 1045 d: 57 l: 898
{AnalyticPlayer 1621 -a_l_r -mi_l_r -n_l Origin} w: 1044 d: 1 l: 955
{AnalyticPlayer 1196 -ma_l_r -n_l +n_w Origin} w: 1044 d: 0 l: 956
{AnalyticPlayer 1610 -a_l_r +n_w -n_l Origin} w: 1044 d: 0 l: 956
{AnalyticPlayer 1204 -ma_l_r -mi_d_r +n_w Origin} w: 1043 d: 2 l: 955
{AnalyticPlayer 1618 -a_l_r -mi_d_r -n_l Origin} w: 1043 d: 0 l: 957
{AnalyticPlayer 1501 +ma_d_r +n_d -n_l Origin} w: 1040 d: 148 l: 812
{AnalyticPlayer 1127 -n_l -ma_l_r +n_w Origin} w: 1040 d: 0 l: 960
{AnalyticPlayer 1473 +n_w -a_l_r -n_l Origin} w: 1040 d: 0 l: 960
{AnalyticPlayer 1632 -mi_d_r -ma_l_r -n_l Origin} w: 1039 d: 39 l: 922
{AnalyticPlayer 1276 -a_l_r -mi_d_r +n_w Origin} w: 1039 d: 3 l: 958
{AnalyticPlayer 1820 +n_w -t_d_r -ma_d_r Origin} w: 1038 d: 86 l: 876
{AnalyticPlayer 1636 -mi_d_r -a_l_r -n_l Origin} w: 1038 d: 43 l: 919
{AnalyticPlayer 1290 -mi_d_r -ma_l_r +n_w Origin} w: 1038 d: 35 l: 927
{AnalyticPlayer 1209 -ma_l_r +t_d_r +n_w Origin} w: 1038 d: 19 l: 943
{AnalyticPlayer 1505 +ma_d_r -ma_l_r -n_l Origin} w: 1037 d: 156 l: 807
{AnalyticPlayer 1294 -mi_d_r -a_l_r +n_w Origin} w: 1037 d: 43 l: 920
{AnalyticPlayer 1469 +n_w -ma_l_r -n_l Origin} w: 1036 d: 0 l: 964
{AnalyticPlayer 1410 -t_l_r -n_d +n_w Origin} w: 1035 d: 66 l: 899
{AnalyticPlayer 1100 -n_d -t_d_r +n_w Origin} w: 1035 d: 45 l: 920
{AnalyticPlayer 1546 -ma_l_r -mi_d_r -n_l Origin} w: 1035 d: 1 l: 964
{AnalyticPlayer 1268 -a_l_r -n_l +n_w Origin} w: 1034 d: 1 l: 965
{AnalyticPlayer 1504 +ma_d_r +ma_w_r -n_l Origin} w: 1033 d: 158 l: 809
{AnalyticPlayer 1170 +ma_d_r +mi_w_r +n_w Origin} w: 1033 d: 153 l: 814
{AnalyticPlayer 1502 +ma_d_r +n_w -n_l Origin} w: 1033 d: 151 l: 816
{AnalyticPlayer 1002 -mi_l_r -ma_l_r +n_d Origin} w: 1033 d: 1 l: 966
{AnalyticPlayer 1267 -a_l_r +n_d +n_w Origin} w: 1033 d: 1 l: 966
{AnalyticPlayer 1510 +ma_d_r -mi_d_r -n_l Origin} w: 1031 d: 147 l: 822
{AnalyticPlayer 1006 -mi_l_r -a_l_r +n_d Origin} w: 1031 d: 1 l: 968
{AnalyticPlayer 1509 +ma_d_r -a_l_r -n_l Origin} w: 1030 d: 151 l: 819
{AnalyticPlayer 1195 -ma_l_r +n_d +n_w Origin} w: 1030 d: 1 l: 969
{AnalyticPlayer 1609 -a_l_r +n_d -n_l Origin} w: 1030 d: 0 l: 970
{AnalyticPlayer 1854 +ma_d_r +mi_w_r -ma_d_r Origin} w: 1028 d: 168 l: 804
{AnalyticPlayer 1500 +ma_d_r -n_d -n_l Origin} w: 1028 d: 158 l: 814
{AnalyticPlayer 1851 +ma_d_r -a_l_r -ma_d_r Origin} w: 1028 d: 158 l: 814
{AnalyticPlayer 1512 +ma_d_r +mi_w_r -n_l Origin} w: 1027 d: 167 l: 806
{AnalyticPlayer 1847 +ma_d_r -ma_l_r -ma_d_r Origin} w: 1027 d: 154 l: 819
{AnalyticPlayer 1850 +ma_d_r +a_w_r -ma_d_r Origin} w: 1027 d: 151 l: 822
{AnalyticPlayer 1817 +n_w +mi_d_r -ma_d_r Origin} w: 1027 d: 78 l: 895
{AnalyticPlayer 1468 +n_w +ma_w_r -n_l Origin} w: 1027 d: 39 l: 934
{AnalyticPlayer 1160 +ma_d_r -n_l +n_w Origin} w: 1025 d: 169 l: 806
{AnalyticPlayer 1508 +ma_d_r +a_w_r -n_l Origin} w: 1025 d: 165 l: 810
{AnalyticPlayer 1167 +ma_d_r -a_l_r +n_w Origin} w: 1025 d: 164 l: 811
{AnalyticPlayer 1824 -n_l -n_d -ma_d_r Origin} w: 1025 d: 69 l: 906
{AnalyticPlayer 1783 -n_d -mi_l_r -ma_d_r Origin} w: 1024 d: 11 l: 965
{AnalyticPlayer 1537 -ma_l_r +n_d -n_l Origin} w: 1023 d: 1 l: 976
{AnalyticPlayer 1431 -n_d +ma_d_r -n_l Origin} w: 1021 d: 156 l: 823
{AnalyticPlayer 1684 -mi_l_r +ma_d_r -n_l Origin} w: 1020 d: 168 l: 812
{AnalyticPlayer 1507 +ma_d_r +a_d_r -n_l Origin} w: 1020 d: 156 l: 824
{AnalyticPlayer 1162 +ma_d_r +ma_w_r +n_w Origin} w: 1018 d: 164 l: 818
{AnalyticPlayer 1163 +ma_d_r -ma_l_r +n_w Origin} w: 1017 d: 158 l: 825
{AnalyticPlayer 1513 +ma_d_r -mi_l_r -n_l Origin} w: 1014 d: 177 l: 809
{AnalyticPlayer 1511 +ma_d_r +mi_d_r -n_l Origin} w: 1014 d: 155 l: 831
{AnalyticPlayer 1786 -n_d +t_w_r -ma_d_r Origin} w: 1014 d: 88 l: 898
{AnalyticPlayer 1069 -t_l_r +n_w +n_d Origin} w: 1014 d: 75 l: 911
{AnalyticPlayer 1342 -mi_l_r +ma_d_r +n_w Origin} w: 1013 d: 170 l: 817
{AnalyticPlayer 1506 +ma_d_r -a_d_r -n_l Origin} w: 1013 d: 165 l: 822
{AnalyticPlayer 1823 +n_w -t_l_r -ma_d_r Origin} w: 1013 d: 124 l: 863
{AnalyticPlayer 1503 +ma_d_r -ma_d_r -n_l Origin} w: 1012 d: 164 l: 824
{AnalyticPlayer 1770 -n_d +n_d -ma_d_r Origin} w: 1012 d: 143 l: 845
{AnalyticPlayer 1017 -t_d_r -ma_d_r +n_d Origin} w: 1012 d: 58 l: 930
{AnalyticPlayer 1133 -n_l +mi_d_r +n_w Origin} w: 1010 d: 42 l: 948
{AnalyticPlayer 1278 -a_l_r +mi_w_r +n_w Origin} w: 1009 d: 0 l: 991
{AnalyticPlayer 1442 -n_d -t_d_r -n_l Origin} w: 1008 d: 57 l: 935
{AnalyticPlayer 1784 -n_d -t_d_r -ma_d_r Origin} w: 1007 d: 63 l: 930
{AnalyticPlayer 1202 -ma_l_r +a_w_r +n_w Origin} w: 1007 d: 0 l: 993
{AnalyticPlayer 1542 -ma_l_r -a_d_r -n_l Origin} w: 1007 d: 0 l: 993
{AnalyticPlayer 1363 -t_d_r -a_d_r +n_w Origin} w: 1006 d: 48 l: 946
{AnalyticPlayer 1455 +n_d -a_l_r -n_l Origin} w: 1006 d: 43 l: 951
{AnalyticPlayer 1206 -ma_l_r +mi_w_r +n_w Origin} w: 1006 d: 0 l: 994
{AnalyticPlayer 1957 -a_l_r -a_d_r -ma_d_r Origin} w: 1006 d: 0 l: 994
{AnalyticPlayer 1785 -n_d +t_d_r -ma_d_r Origin} w: 1005 d: 64 l: 931
{AnalyticPlayer 1370 -t_d_r -mi_l_r +n_w Origin} w: 1005 d: 53 l: 942
{AnalyticPlayer 1113 +n_d -a_l_r +n_w Origin} w: 1005 d: 50 l: 945
{AnalyticPlayer 1197 -ma_l_r -ma_d_r +n_w Origin} w: 1005 d: 1 l: 994
{AnalyticPlayer 1833 -n_l -a_l_r -ma_d_r Origin} w: 1005 d: 0 l: 995
{AnalyticPlayer 1879 -ma_l_r +n_d -ma_d_r Origin} w: 1005 d: 0 l: 995
{AnalyticPlayer 1881 -ma_l_r -n_l -ma_d_r Origin} w: 1005 d: 0 l: 995
{AnalyticPlayer 1888 -ma_l_r -mi_d_r -ma_d_r Origin} w: 1005 d: 0 l: 995
{AnalyticPlayer 1963 -a_l_r -mi_l_r -ma_d_r Origin} w: 1005 d: 0 l: 995
{AnalyticPlayer 1451 +n_d -ma_l_r -n_l Origin} w: 1004 d: 49 l: 947
{AnalyticPlayer 1766 -t_l_r -mi_l_r -n_l Origin} w: 1004 d: 18 l: 978
{AnalyticPlayer 1539 -ma_l_r -ma_d_r -n_l Origin} w: 1004 d: 1 l: 995
{AnalyticPlayer 1615 -a_l_r -a_d_r -n_l Origin} w: 1004 d: 1 l: 995
{AnalyticPlayer 1829 -n_l -ma_l_r -ma_d_r Origin} w: 1004 d: 1 l: 995
{AnalyticPlayer 1200 -ma_l_r -a_d_r +n_w Origin} w: 1004 d: 0 l: 996
{AnalyticPlayer 1273 -a_l_r -a_d_r +n_w Origin} w: 1004 d: 0 l: 996
{AnalyticPlayer 1811 +n_w -ma_l_r -ma_d_r Origin} w: 1004 d: 0 l: 996
{AnalyticPlayer 1884 -ma_l_r -a_d_r -ma_d_r Origin} w: 1004 d: 0 l: 996
{AnalyticPlayer 1955 -a_l_r +ma_w_r -ma_d_r Origin} w: 1004 d: 0 l: 996
{AnalyticPlayer 1956 -a_l_r -ma_l_r -ma_d_r Origin} w: 1004 d: 0 l: 996
{AnalyticPlayer 1960 -a_l_r -mi_d_r -ma_d_r Origin} w: 1004 d: 0 l: 996
{AnalyticPlayer 1109 +n_d -ma_l_r +n_w Origin} w: 1003 d: 43 l: 954
{AnalyticPlayer 1774 -n_d +ma_w_r -ma_d_r Origin} w: 1003 d: 21 l: 976
{AnalyticPlayer 1548 -ma_l_r +mi_w_r -n_l Origin} w: 1003 d: 0 l: 997
{AnalyticPlayer 1611 -a_l_r -ma_d_r -n_l Origin} w: 1003 d: 0 l: 997
{AnalyticPlayer 1880 -ma_l_r +n_w -ma_d_r Origin} w: 1003 d: 0 l: 997
{AnalyticPlayer 1883 -ma_l_r +ma_w_r -ma_d_r Origin} w: 1003 d: 0 l: 997
{AnalyticPlayer 1886 -ma_l_r +a_w_r -ma_d_r Origin} w: 1003 d: 0 l: 997
{AnalyticPlayer 1890 -ma_l_r +mi_w_r -ma_d_r Origin} w: 1003 d: 0 l: 997
{AnalyticPlayer 1891 -ma_l_r -mi_l_r -ma_d_r Origin} w: 1003 d: 0 l: 997
{AnalyticPlayer 1959 -a_l_r +a_w_r -ma_d_r Origin} w: 1003 d: 0 l: 997
{AnalyticPlayer 1962 -a_l_r +mi_w_r -ma_d_r Origin} w: 1003 d: 0 l: 997
{AnalyticPlayer 1844 +ma_d_r +n_w -ma_d_r Origin} w: 1002 d: 174 l: 824
{AnalyticPlayer 1544 -ma_l_r +a_w_r -n_l Origin} w: 1002 d: 1 l: 997
{AnalyticPlayer 1815 +n_w -a_l_r -ma_d_r Origin} w: 1002 d: 1 l: 997
{AnalyticPlayer 1269 -a_l_r -ma_d_r +n_w Origin} w: 1002 d: 0 l: 998
{AnalyticPlayer 1275 -a_l_r +a_w_r +n_w Origin} w: 1002 d: 0 l: 998
{AnalyticPlayer 1617 -a_l_r +a_w_r -n_l Origin} w: 1002 d: 0 l: 998
{AnalyticPlayer 1887 -ma_l_r -a_l_r -ma_d_r Origin} w: 1002 d: 0 l: 998
{AnalyticPlayer 1953 -a_l_r -n_l -ma_d_r Origin} w: 1002 d: 0 l: 998
{AnalyticPlayer 1356 -t_d_r -n_d +n_w Origin} w: 1001 d: 51 l: 948
{AnalyticPlayer 1952 -a_l_r +n_w -ma_d_r Origin} w: 1001 d: 1 l: 998
{AnalyticPlayer 1351 -mi_l_r +mi_w_r +n_w Origin} w: 1001 d: 0 l: 999
{AnalyticPlayer 1357 -t_d_r +n_d +n_w Origin} w: 1000 d: 60 l: 940
{AnalyticPlayer 1019 -t_d_r +ma_w_r +n_d Origin} w: 1000 d: 56 l: 944
{AnalyticPlayer 1101 -n_d +t_d_r +n_w Origin} w: 1000 d: 55 l: 945
{AnalyticPlayer 1682 -mi_l_r +n_w -n_l Origin} w: 1000 d: 49 l: 951
{AnalyticPlayer 1978 -mi_d_r -a_l_r -ma_d_r Origin} w: 1000 d: 47 l: 953
{AnalyticPlayer 1793 +n_d -ma_l_r -ma_d_r Origin} w: 1000 d: 39 l: 961
{AnalyticPlayer 1974 -mi_d_r -ma_l_r -ma_d_r Origin} w: 1000 d: 39 l: 961
{AnalyticPlayer 1797 +n_d -a_l_r -ma_d_r Origin} w: 1000 d: 37 l: 963
{AnalyticPlayer 1252 +a_w_r +ma_d_r +n_w Origin} w: 1000 d: 1 l: 999
{AnalyticPlayer 1331 +mi_w_r -mi_d_r +n_w Origin} w: 1000 d: 1 l: 999
{AnalyticPlayer 1005 -mi_l_r +a_w_r +n_d Origin} w: 1000 d: 0 l: 1000
{AnalyticPlayer 1009 -mi_l_r +mi_w_r +n_d Origin} w: 1000 d: 0 l: 1000
{AnalyticPlayer 1116 +n_d +mi_w_r +n_w Origin} w: 1000 d: 0 l: 1000
{AnalyticPlayer 1130 -n_l +a_w_r +n_w Origin} w: 1000 d: 0 l: 1000
{AnalyticPlayer 1134 -n_l +mi_w_r +n_w Origin} w: 1000 d: 0 l: 1000
{AnalyticPlayer 1248 +a_w_r -n_d +n_w Origin} w: 1000 d: 0 l: 1000
{AnalyticPlayer 1249 +a_w_r +n_d +n_w Origin} w: 1000 d: 0 l: 1000
{AnalyticPlayer 1250 +a_w_r -n_l +n_w Origin} w: 1000 d: 0 l: 1000
{AnalyticPlayer 1251 +a_w_r -ma_d_r +n_w Origin} w: 1000 d: 0 l: 1000
{AnalyticPlayer 1253 +a_w_r +ma_w_r +n_w Origin} w: 1000 d: 0 l: 1000
{AnalyticPlayer 1254 +a_w_r -ma_l_r +n_w Origin} w: 1000 d: 0 l: 1000
{AnalyticPlayer 1255 +a_w_r -a_d_r +n_w Origin} w: 1000 d: 0 l: 1000
{AnalyticPlayer 1256 +a_w_r +a_d_r +n_w Origin} w: 1000 d: 0 l: 1000
{AnalyticPlayer 1257 +a_w_r -a_l_r +n_w Origin} w: 1000 d: 0 l: 1000
{AnalyticPlayer 1258 +a_w_r -mi_d_r +n_w Origin} w: 1000 d: 0 l: 1000
{AnalyticPlayer 1259 +a_w_r +mi_d_r +n_w Origin} w: 1000 d: 0 l: 1000
{AnalyticPlayer 1260 +a_w_r +mi_w_r +n_w Origin} w: 1000 d: 0 l: 1000
{AnalyticPlayer 1261 +a_w_r -mi_l_r +n_w Origin} w: 1000 d: 0 l: 1000
{AnalyticPlayer 1262 +a_w_r -t_d_r +n_w Origin} w: 1000 d: 0 l: 1000
{AnalyticPlayer 1263 +a_w_r +t_d_r +n_w Origin} w: 1000 d: 0 l: 1000
{AnalyticPlayer 1264 +a_w_r +t_w_r +n_w Origin} w: 1000 d: 0 l: 1000
{AnalyticPlayer 1265 +a_w_r -t_l_r +n_w Origin} w: 1000 d: 0 l: 1000
{AnalyticPlayer 1293 -mi_d_r +a_w_r +n_w Origin} w: 1000 d: 0 l: 1000
{AnalyticPlayer 1296 -mi_d_r +mi_w_r +n_w Origin} w: 1000 d: 0 l: 1000
{AnalyticPlayer 1320 +mi_w_r -n_d +n_w Origin} w: 1000 d: 0 l: 1000
{AnalyticPlayer 1322 +mi_w_r -n_l +n_w Origin} w: 1000 d: 0 l: 1000
{AnalyticPlayer 1324 +mi_w_r +ma_d_r +n_w Origin} w: 1000 d: 0 l: 1000
{AnalyticPlayer 1325 +mi_w_r +ma_w_r +n_w Origin} w: 1000 d: 0 l: 1000
{AnalyticPlayer 1326 +mi_w_r -ma_l_r +n_w Origin} w: 1000 d: 0 l: 1000
{AnalyticPlayer 1328 +mi_w_r +a_d_r +n_w Origin} w: 1000 d: 0 l: 1000
{AnalyticPlayer 1330 +mi_w_r -a_l_r +n_w Origin} w: 1000 d: 0 l: 1000
{AnalyticPlayer 1332 +mi_w_r +mi_d_r +n_w Origin} w: 1000 d: 0 l: 1000
{AnalyticPlayer 1333 +mi_w_r -mi_l_r +n_w Origin} w: 1000 d: 0 l: 1000
{AnalyticPlayer 1334 +mi_w_r -t_d_r +n_w Origin} w: 1000 d: 0 l: 1000
{AnalyticPlayer 1335 +mi_w_r +t_d_r +n_w Origin} w: 1000 d: 0 l: 1000
{AnalyticPlayer 1337 +mi_w_r -t_l_r +n_w Origin} w: 1000 d: 0 l: 1000
{AnalyticPlayer 1347 -mi_l_r +a_w_r +n_w Origin} w: 1000 d: 0 l: 1000
{AnalyticPlayer 1458 +n_d +mi_w_r -n_l Origin} w: 1000 d: 0 l: 1000
{AnalyticPlayer 1472 +n_w +a_w_r -n_l Origin} w: 1000 d: 0 l: 1000
{AnalyticPlayer 1476 +n_w +mi_w_r -n_l Origin} w: 1000 d: 0 l: 1000
{AnalyticPlayer 1590 +a_w_r -n_d -n_l Origin} w: 1000 d: 0 l: 1000
{AnalyticPlayer 1591 +a_w_r +n_d -n_l Origin} w: 1000 d: 0 l: 1000
{AnalyticPlayer 1592 +a_w_r +n_w -n_l Origin} w: 1000 d: 0 l: 1000
{AnalyticPlayer 1593 +a_w_r -ma_d_r -n_l Origin} w: 1000 d: 0 l: 1000
{AnalyticPlayer 1594 +a_w_r +ma_d_r -n_l Origin} w: 1000 d: 0 l: 1000
{AnalyticPlayer 1595 +a_w_r +ma_w_r -n_l Origin} w: 1000 d: 0 l: 1000
{AnalyticPlayer 1596 +a_w_r -ma_l_r -n_l Origin} w: 1000 d: 0 l: 1000
{AnalyticPlayer 1597 +a_w_r -a_d_r -n_l Origin} w: 1000 d: 0 l: 1000
{AnalyticPlayer 1598 +a_w_r +a_d_r -n_l Origin} w: 1000 d: 0 l: 1000
{AnalyticPlayer 1599 +a_w_r -a_l_r -n_l Origin} w: 1000 d: 0 l: 1000
{AnalyticPlayer 1600 +a_w_r -mi_d_r -n_l Origin} w: 1000 d: 0 l: 1000
{AnalyticPlayer 1601 +a_w_r +mi_d_r -n_l Origin} w: 1000 d: 0 l: 1000
{AnalyticPlayer 1602 +a_w_r +mi_w_r -n_l Origin} w: 1000 d: 0 l: 1000
{AnalyticPlayer 1603 +a_w_r -mi_l_r -n_l Origin} w: 1000 d: 0 l: 1000
{AnalyticPlayer 1604 +a_w_r -t_d_r -n_l Origin} w: 1000 d: 0 l: 1000
{AnalyticPlayer 1605 +a_w_r +t_d_r -n_l Origin} w: 1000 d: 0 l: 1000
{AnalyticPlayer 1606 +a_w_r +t_w_r -n_l Origin} w: 1000 d: 0 l: 1000
{AnalyticPlayer 1607 +a_w_r -t_l_r -n_l Origin} w: 1000 d: 0 l: 1000
{AnalyticPlayer 1620 -a_l_r +mi_w_r -n_l Origin} w: 1000 d: 0 l: 1000
{AnalyticPlayer 1635 -mi_d_r +a_w_r -n_l Origin} w: 1000 d: 0 l: 1000
{AnalyticPlayer 1663 +mi_w_r +n_d -n_l Origin} w: 1000 d: 0 l: 1000
{AnalyticPlayer 1664 +mi_w_r +n_w -n_l Origin} w: 1000 d: 0 l: 1000
{AnalyticPlayer 1665 +mi_w_r -ma_d_r -n_l Origin} w: 1000 d: 0 l: 1000
{AnalyticPlayer 1666 +mi_w_r +ma_d_r -n_l Origin} w: 1000 d: 0 l: 1000
{AnalyticPlayer 1669 +mi_w_r -a_d_r -n_l Origin} w: 1000 d: 0 l: 1000
{AnalyticPlayer 1672 +mi_w_r -a_l_r -n_l Origin} w: 1000 d: 0 l: 1000
{AnalyticPlayer 1673 +mi_w_r -mi_d_r -n_l Origin} w: 1000 d: 0 l: 1000
{AnalyticPlayer 1674 +mi_w_r +mi_d_r -n_l Origin} w: 1000 d: 0 l: 1000
{AnalyticPlayer 1675 +mi_w_r -mi_l_r -n_l Origin} w: 1000 d: 0 l: 1000
{AnalyticPlayer 1676 +mi_w_r -t_d_r -n_l Origin} w: 1000 d: 0 l: 1000
{AnalyticPlayer 1679 +mi_w_r -t_l_r -n_l Origin} w: 1000 d: 0 l: 1000
{AnalyticPlayer 1689 -mi_l_r +a_w_r -n_l Origin} w: 1000 d: 0 l: 1000
{AnalyticPlayer 1693 -mi_l_r +mi_w_r -n_l Origin} w: 1000 d: 0 l: 1000
{AnalyticPlayer 1814 +n_w +a_w_r -ma_d_r Origin} w: 1000 d: 0 l: 1000
{AnalyticPlayer 1836 -n_l +mi_w_r -ma_d_r Origin} w: 1000 d: 0 l: 1000
{AnalyticPlayer 1932 +a_w_r -n_d -ma_d_r Origin} w: 1000 d: 0 l: 1000
{AnalyticPlayer 1933 +a_w_r +n_d -ma_d_r Origin} w: 1000 d: 0 l: 1000
{AnalyticPlayer 1934 +a_w_r +n_w -ma_d_r Origin} w: 1000 d: 0 l: 1000
{AnalyticPlayer 1935 +a_w_r -n_l -ma_d_r Origin} w: 1000 d: 0 l: 1000
{AnalyticPlayer 1936 +a_w_r +ma_d_r -ma_d_r Origin} w: 1000 d: 0 l: 1000
{AnalyticPlayer 1937 +a_w_r +ma_w_r -ma_d_r Origin} w: 1000 d: 0 l: 1000
{AnalyticPlayer 1938 +a_w_r -ma_l_r -ma_d_r Origin} w: 1000 d: 0 l: 1000
{AnalyticPlayer 1939 +a_w_r -a_d_r -ma_d_r Origin} w: 1000 d: 0 l: 1000
{AnalyticPlayer 1940 +a_w_r +a_d_r -ma_d_r Origin} w: 1000 d: 0 l: 1000
{AnalyticPlayer 1941 +a_w_r -a_l_r -ma_d_r Origin} w: 1000 d: 0 l: 1000
{AnalyticPlayer 1942 +a_w_r -mi_d_r -ma_d_r Origin} w: 1000 d: 0 l: 1000
{AnalyticPlayer 1943 +a_w_r +mi_d_r -ma_d_r Origin} w: 1000 d: 0 l: 1000
{AnalyticPlayer 1944 +a_w_r +mi_w_r -ma_d_r Origin} w: 1000 d: 0 l: 1000
{AnalyticPlayer 1945 +a_w_r -mi_l_r -ma_d_r Origin} w: 1000 d: 0 l: 1000
{AnalyticPlayer 1946 +a_w_r -t_d_r -ma_d_r Origin} w: 1000 d: 0 l: 1000
{AnalyticPlayer 1947 +a_w_r +t_d_r -ma_d_r Origin} w: 1000 d: 0 l: 1000
{AnalyticPlayer 1948 +a_w_r +t_w_r -ma_d_r Origin} w: 1000 d: 0 l: 1000
{AnalyticPlayer 1949 +a_w_r -t_l_r -ma_d_r Origin} w: 1000 d: 0 l: 1000
{AnalyticPlayer 1951 -a_l_r +n_d -ma_d_r Origin} w: 1000 d: 0 l: 1000
{AnalyticPlayer 1977 -mi_d_r +a_w_r -ma_d_r Origin} w: 1000 d: 0 l: 1000
{AnalyticPlayer 1980 -mi_d_r +mi_w_r -ma_d_r Origin} w: 1000 d: 0 l: 1000
{AnalyticPlayer 1122 -n_l -n_d +n_w Origin} w: 999 d: 50 l: 951
{AnalyticPlayer 1715 -t_d_r -t_l_r -n_l Origin} w: 999 d: 45 l: 956
{AnalyticPlayer 1662 +mi_w_r -n_d -n_l Origin} w: 999 d: 2 l: 999
{AnalyticPlayer 1678 +mi_w_r +t_w_r -n_l Origin} w: 999 d: 2 l: 999
{AnalyticPlayer 1321 +mi_w_r +n_d +n_w Origin} w: 999 d: 1 l: 1000
{AnalyticPlayer 1323 +mi_w_r -ma_d_r +n_w Origin} w: 999 d: 1 l: 1000
{AnalyticPlayer 1327 +mi_w_r -a_d_r +n_w Origin} w: 999 d: 1 l: 1000
{AnalyticPlayer 1329 +mi_w_r +a_w_r +n_w Origin} w: 999 d: 1 l: 1000
{AnalyticPlayer 1336 +mi_w_r +t_w_r +n_w Origin} w: 999 d: 1 l: 1000
{AnalyticPlayer 1638 -mi_d_r +mi_w_r -n_l Origin} w: 999 d: 1 l: 1000
{AnalyticPlayer 1667 +mi_w_r +ma_w_r -n_l Origin} w: 999 d: 1 l: 1000
{AnalyticPlayer 1668 +mi_w_r -ma_l_r -n_l Origin} w: 999 d: 1 l: 1000
{AnalyticPlayer 1670 +mi_w_r +a_d_r -n_l Origin} w: 999 d: 1 l: 1000
{AnalyticPlayer 1671 +mi_w_r +a_w_r -n_l Origin} w: 999 d: 1 l: 1000
{AnalyticPlayer 1677 +mi_w_r +t_d_r -n_l Origin} w: 999 d: 1 l: 1000
{AnalyticPlayer 1800 +n_d +mi_w_r -ma_d_r Origin} w: 999 d: 1 l: 1000
{AnalyticPlayer 1818 +n_w +mi_w_r -ma_d_r Origin} w: 999 d: 1 l: 1000
{AnalyticPlayer 1832 -n_l +a_w_r -ma_d_r Origin} w: 999 d: 1 l: 1000
{AnalyticPlayer 1023 -t_d_r +a_w_r +n_d Origin} w: 998 d: 59 l: 943
{AnalyticPlayer 1372 -t_d_r +t_w_r +n_w Origin} w: 998 d: 59 l: 943
{AnalyticPlayer 1161 +ma_d_r -ma_d_r +n_w Origin} w: 997 d: 182 l: 821
{AnalyticPlayer 1169 +ma_d_r +mi_d_r +n_w Origin} w: 997 d: 168 l: 835
{AnalyticPlayer 1760 -t_l_r +a_d_r -n_l Origin} w: 997 d: 126 l: 877
{AnalyticPlayer 1705 -t_d_r -a_d_r -n_l Origin} w: 997 d: 53 l: 950
{AnalyticPlayer 1362 -t_d_r -ma_l_r +n_w Origin} w: 997 d: 44 l: 959
{AnalyticPlayer 1024 -t_d_r -a_l_r +n_d Origin} w: 996 d: 49 l: 955
{AnalyticPlayer 1776 -n_d -a_d_r -ma_d_r Origin} w: 995 d: 149 l: 856
{AnalyticPlayer 1364 -t_d_r +a_d_r +n_w Origin} w: 995 d: 57 l: 948
{AnalyticPlayer 1368 -t_d_r +mi_d_r +n_w Origin} w: 995 d: 51 l: 954
{AnalyticPlayer 1158 +ma_d_r -n_d +n_w Origin} w: 993 d: 179 l: 828
{AnalyticPlayer 1713 -t_d_r +t_d_r -n_l Origin} w: 993 d: 50 l: 957
{AnalyticPlayer 1819 +n_w -mi_l_r -ma_d_r Origin} w: 993 d: 13 l: 994
{AnalyticPlayer 1171 +ma_d_r -mi_l_r +n_w Origin} w: 992 d: 179 l: 829
{AnalyticPlayer 1470 +n_w -a_d_r -n_l Origin} w: 992 d: 74 l: 934
{AnalyticPlayer 1168 +ma_d_r -mi_d_r +n_w Origin} w: 991 d: 179 l: 830
{AnalyticPlayer 1089 -n_d +ma_d_r +n_w Origin} w: 991 d: 176 l: 833
{AnalyticPlayer 1816 +n_w -mi_d_r -ma_d_r Origin} w: 991 d: 89 l: 920
{AnalyticPlayer 1710 -t_d_r +mi_d_r -n_l Origin} w: 991 d: 64 l: 945
{AnalyticPlayer 1477 +n_w -mi_l_r -n_l Origin} w: 991 d: 53 l: 956
{AnalyticPlayer 1015 -t_d_r +n_w +n_d Origin} w: 990 d: 71 l: 939
{AnalyticPlayer 1360 -t_d_r +ma_d_r +n_w Origin} w: 990 d: 62 l: 948
{AnalyticPlayer 1698 -t_d_r -n_d -n_l Origin} w: 990 d: 62 l: 948
{AnalyticPlayer 1424 -t_l_r -mi_l_r +n_w Origin} w: 990 d: 59 l: 951
{AnalyticPlayer 1029 -t_d_r +t_d_r +n_d Origin} w: 990 d: 47 l: 963
{AnalyticPlayer 1709 -t_d_r -mi_d_r -n_l Origin} w: 990 d: 41 l: 969
{AnalyticPlayer 1367 -t_d_r -mi_d_r +n_w Origin} w: 989 d: 64 l: 947
{AnalyticPlayer 1704 -t_d_r -ma_l_r -n_l Origin} w: 989 d: 63 l: 948
{AnalyticPlayer 1707 -t_d_r +a_w_r -n_l Origin} w: 989 d: 60 l: 951
{AnalyticPlayer 1697 -mi_l_r -t_l_r -n_l Origin} w: 989 d: 24 l: 987
{AnalyticPlayer 1077 -t_l_r +a_w_r +n_d Origin} w: 989 d: 11 l: 1000
{AnalyticPlayer 1164 +ma_d_r -a_d_r +n_w Origin} w: 988 d: 187 l: 825
{AnalyticPlayer 1807 +n_w +n_d -ma_d_r Origin} w: 988 d: 94 l: 918
{AnalyticPlayer 1808 +n_w -n_l -ma_d_r Origin} w: 988 d: 63 l: 949
{AnalyticPlayer 1466 +n_w -ma_d_r -n_l Origin} w: 988 d: 62 l: 950
{AnalyticPlayer 1014 -t_d_r -n_d +n_d Origin} w: 988 d: 57 l: 955
{AnalyticPlayer 1810 +n_w +ma_w_r -ma_d_r Origin} w: 988 d: 12 l: 1000
{AnalyticPlayer 1180 +ma_w_r +ma_d_r +n_w Origin} w: 987 d: 139 l: 874
{AnalyticPlayer 1711 -t_d_r +mi_w_r -n_l Origin} w: 987 d: 62 l: 951
{AnalyticPlayer 1703 -t_d_r +ma_w_r -n_l Origin} w: 987 d: 61 l: 952
{AnalyticPlayer 1026 -t_d_r +mi_d_r +n_d Origin} w: 987 d: 54 l: 959
{AnalyticPlayer 1135 -n_l -mi_l_r +n_w Origin} w: 987 d: 50 l: 963
{AnalyticPlayer 1366 -t_d_r -a_l_r +n_w Origin} w: 986 d: 58 l: 956
{AnalyticPlayer 1701 -t_d_r -ma_d_r -n_l Origin} w: 986 d: 56 l: 958
{AnalyticPlayer 1712 -t_d_r -mi_l_r -n_l Origin} w: 986 d: 56 l: 958
{AnalyticPlayer 1708 -t_d_r -a_l_r -n_l Origin} w: 986 d: 55 l: 959
{AnalyticPlayer 1826 -n_l +n_w -ma_d_r Origin} w: 985 d: 72 l: 943
{AnalyticPlayer 1699 -t_d_r +n_d -n_l Origin} w: 985 d: 56 l: 959
{AnalyticPlayer 1022 -t_d_r +a_d_r +n_d Origin} w: 985 d: 52 l: 963
{AnalyticPlayer 1702 -t_d_r +ma_d_r -n_l Origin} w: 985 d: 52 l: 963
{AnalyticPlayer 1700 -t_d_r +n_w -n_l Origin} w: 984 d: 54 l: 962
{AnalyticPlayer 1183 +ma_w_r +a_d_r +n_w Origin} w: 983 d: 144 l: 873
{AnalyticPlayer 1812 +n_w -a_d_r -ma_d_r Origin} w: 983 d: 89 l: 928
{AnalyticPlayer 1714 -t_d_r +t_w_r -n_l Origin} w: 983 d: 59 l: 958
{AnalyticPlayer 1020 -t_d_r -ma_l_r +n_d Origin} w: 983 d: 58 l: 959
{AnalyticPlayer 1763 -t_l_r -mi_d_r -n_l Origin} w: 983 d: 47 l: 970
{AnalyticPlayer 1340 -mi_l_r -n_l +n_w Origin} w: 983 d: 40 l: 977
{AnalyticPlayer 1522 +ma_w_r +ma_d_r -n_l Origin} w: 982 d: 144 l: 874
{AnalyticPlayer 1025 -t_d_r -mi_d_r +n_d Origin} w: 981 d: 60 l: 959
{AnalyticPlayer 1027 -t_d_r +mi_w_r +n_d Origin} w: 981 d: 57 l: 962
{AnalyticPlayer 1369 -t_d_r +mi_w_r +n_w Origin} w: 980 d: 56 l: 964
{AnalyticPlayer 1165 +ma_d_r +a_d_r +n_w Origin} w: 978 d: 180 l: 842
{AnalyticPlayer 1706 -t_d_r +a_d_r -n_l Origin} w: 977 d: 70 l: 953
{AnalyticPlayer 1427 -t_l_r +t_w_r +n_w Origin} w: 976 d: 59 l: 965
{AnalyticPlayer 1525 +ma_w_r +a_d_r -n_l Origin} w: 975 d: 144 l: 881
{AnalyticPlayer 1016 -t_d_r -n_l +n_d Origin} w: 975 d: 67 l: 958
{AnalyticPlayer 1028 -t_d_r -mi_l_r +n_d Origin} w: 975 d: 65 l: 960
{AnalyticPlayer 1018 -t_d_r +ma_d_r +n_d Origin} w: 975 d: 60 l: 965
{AnalyticPlayer 1419 -t_l_r +a_w_r +n_w Origin} w: 975 d: 10 l: 1015
{AnalyticPlayer 1418 -t_l_r +a_d_r +n_w Origin} w: 974 d: 135 l: 891
{AnalyticPlayer 1361 -t_d_r +ma_w_r +n_w Origin} w: 974 d: 65 l: 961
{AnalyticPlayer 1365 -t_d_r +a_w_r +n_w Origin} w: 974 d: 65 l: 961
{AnalyticPlayer 1031 -t_d_r -t_l_r +n_d Origin} w: 974 d: 60 l: 966
{AnalyticPlayer 1359 -t_d_r -ma_d_r +n_w Origin} w: 974 d: 58 l: 968
{AnalyticPlayer 1081 -t_l_r +mi_w_r +n_d Origin} w: 973 d: 4 l: 1023
{AnalyticPlayer 1030 -t_d_r +t_w_r +n_d Origin} w: 972 d: 58 l: 970
{AnalyticPlayer 1021 -t_d_r -a_d_r +n_d Origin} w: 971 d: 64 l: 965
{AnalyticPlayer 1139 -n_l -t_l_r +n_w Origin} w: 971 d: 53 l: 976
{AnalyticPlayer 1761 -t_l_r +a_w_r -n_l Origin} w: 971 d: 16 l: 1013
{AnalyticPlayer 1358 -t_d_r -n_l +n_w Origin} w: 970 d: 64 l: 966
{AnalyticPlayer 1070 -t_l_r -n_l +n_d Origin} w: 970 d: 37 l: 993
{AnalyticPlayer 1085 -t_l_r +t_w_r +n_d Origin} w: 967 d: 63 l: 970
{AnalyticPlayer 1443 -n_d +t_d_r -n_l Origin} w: 966 d: 69 l: 965
{AnalyticPlayer 1373 -t_d_r -t_l_r +n_w Origin} w: 966 d: 63 l: 971
{AnalyticPlayer 1159 +ma_d_r +n_d +n_w Origin} w: 965 d: 191 l: 844
{AnalyticPlayer 1465 +n_w +n_d -n_l Origin} w: 965 d: 87 l: 948
{AnalyticPlayer 1423 -t_l_r +mi_w_r +n_w Origin} w: 965 d: 7 l: 1028
{AnalyticPlayer 1769 -t_l_r +t_w_r -n_l Origin} w: 964 d: 78 l: 958
{AnalyticPlayer 1371 -t_d_r +t_d_r +n_w Origin} w: 964 d: 53 l: 983
{AnalyticPlayer 1474 +n_w -mi_d_r -n_l Origin} w: 961 d: 91 l: 948
{AnalyticPlayer 1421 -t_l_r -mi_d_r +n_w Origin} w: 961 d: 81 l: 958
{AnalyticPlayer 1138 -n_l +t_w_r +n_w Origin} w: 958 d: 13 l: 1029
{AnalyticPlayer 1414 -t_l_r +ma_d_r +n_w Origin} w: 955 d: 129 l: 916
{AnalyticPlayer 1628 -mi_d_r +n_w -n_l Origin} w: 955 d: 83 l: 962
{AnalyticPlayer 1132 -n_l -mi_d_r +n_w Origin} w: 954 d: 73 l: 973
{AnalyticPlayer 1765 -t_l_r +mi_w_r -n_l Origin} w: 952 d: 13 l: 1035
{AnalyticPlayer 1068 -t_l_r -n_d +n_d Origin} w: 950 d: 34 l: 1016
{AnalyticPlayer 1349 -mi_l_r -mi_d_r +n_w Origin} w: 950 d: 16 l: 1034
{AnalyticPlayer 1516 +ma_d_r +t_w_r -n_l Origin} w: 949 d: 166 l: 885
{AnalyticPlayer 1295 -mi_d_r +mi_d_r +n_w Origin} w: 946 d: 93 l: 961
{AnalyticPlayer 1286 -mi_d_r -n_l +n_w Origin} w: 945 d: 57 l: 998
{AnalyticPlayer 1301 -mi_d_r -t_l_r +n_w Origin} w: 944 d: 76 l: 980
{AnalyticPlayer 1076 -t_l_r +a_d_r +n_d Origin} w: 940 d: 124 l: 936
{AnalyticPlayer 1756 -t_l_r +ma_d_r -n_l Origin} w: 938 d: 127 l: 935
{AnalyticPlayer 1297 -mi_d_r -mi_l_r +n_w Origin} w: 937 d: 47 l: 1016
{AnalyticPlayer 1753 -t_l_r +n_d -n_l Origin} w: 935 d: 49 l: 1016
{AnalyticPlayer 1137 -n_l +t_d_r +n_w Origin} w: 932 d: 64 l: 1004
{AnalyticPlayer 1691 -mi_l_r -mi_d_r -n_l Origin} w: 929 d: 0 l: 1071
{AnalyticPlayer 1411 -t_l_r +n_d +n_w Origin} w: 926 d: 71 l: 1003
{AnalyticPlayer 1757 -t_l_r +ma_w_r -n_l Origin} w: 923 d: 25 l: 1052
{AnalyticPlayer 1991 +mi_d_r +ma_w_r -ma_d_r Origin} w: 923 d: 0 l: 1077
{AnalyticPlayer 1175 +ma_d_r -t_l_r +n_w Origin} w: 922 d: 166 l: 912
{AnalyticPlayer 1343 -mi_l_r +ma_w_r +n_w Origin} w: 921 d: 1 l: 1078
{AnalyticPlayer 1846 +ma_d_r +ma_w_r -ma_d_r Origin} w: 920 d: 187 l: 893
{AnalyticPlayer 1173 +ma_d_r +t_d_r +n_w Origin} w: 918 d: 203 l: 879
{AnalyticPlayer 1174 +ma_d_r +t_w_r +n_w Origin} w: 918 d: 166 l: 916
{AnalyticPlayer 1840 -n_l +t_w_r -ma_d_r Origin} w: 917 d: 10 l: 1073
{AnalyticPlayer 1858 +ma_d_r +t_w_r -ma_d_r Origin} w: 916 d: 171 l: 913
{AnalyticPlayer 1855 +ma_d_r -mi_l_r -ma_d_r Origin} w: 915 d: 183 l: 902
{AnalyticPlayer 1352 -mi_l_r -t_d_r +n_w Origin} w: 915 d: 16 l: 1069
{AnalyticPlayer 1970 -mi_d_r +n_w -ma_d_r Origin} w: 914 d: 73 l: 1013
{AnalyticPlayer 1780 -n_d -mi_d_r -ma_d_r Origin} w: 912 d: 131 l: 957
{AnalyticPlayer 1284 -mi_d_r -n_d +n_w Origin} w: 912 d: 95 l: 993
{AnalyticPlayer 1841 -n_l -t_l_r -ma_d_r Origin} w: 912 d: 56 l: 1032
{AnalyticPlayer 1838 -n_l -t_d_r -ma_d_r Origin} w: 912 d: 37 l: 1051
{AnalyticPlayer 1415 -t_l_r +ma_w_r +n_w Origin} w: 911 d: 31 l: 1058
{AnalyticPlayer 1010 -mi_l_r -t_d_r +n_d Origin} w: 911 d: 8 l: 1081
{AnalyticPlayer 1742 +t_w_r +a_d_r -n_l Origin} w: 910 d: 67 l: 1023
{AnalyticPlayer 1012 -mi_l_r +t_w_r +n_d Origin} w: 910 d: 15 l: 1075
{AnalyticPlayer 1839 -n_l +t_d_r -ma_d_r Origin} w: 909 d: 67 l: 1024
{AnalyticPlayer 1852 +ma_d_r -mi_d_r -ma_d_r Origin} w: 908 d: 178 l: 914
{AnalyticPlayer 1843 +ma_d_r +n_d -ma_d_r Origin} w: 905 d: 179 l: 916
{AnalyticPlayer 1354 -mi_l_r +t_w_r +n_w Origin} w: 905 d: 35 l: 1060
{AnalyticPlayer 1696 -mi_l_r +t_w_r -n_l Origin} w: 905 d: 23 l: 1072
{AnalyticPlayer 1054 +t_w_r +ma_d_r +n_d Origin} w: 904 d: 67 l: 1029
{AnalyticPlayer 1515 +ma_d_r +t_d_r -n_l Origin} w: 903 d: 218 l: 879
{AnalyticPlayer 1738 +t_w_r +ma_d_r -n_l Origin} w: 903 d: 66 l: 1031
{AnalyticPlayer 1685 -mi_l_r +ma_w_r -n_l Origin} w: 903 d: 0 l: 1097
{AnalyticPlayer 1637 -mi_d_r +mi_d_r -n_l Origin} w: 902 d: 80 l: 1018
{AnalyticPlayer 1400 +t_w_r +a_d_r +n_w Origin} w: 901 d: 61 l: 1038
{AnalyticPlayer 1849 +ma_d_r +a_d_r -ma_d_r Origin} w: 900 d: 164 l: 936
{AnalyticPlayer 1821 +n_w +t_d_r -ma_d_r Origin} w: 900 d: 130 l: 970
{AnalyticPlayer 1746 +t_w_r +mi_d_r -n_l Origin} w: 900 d: 61 l: 1039
{AnalyticPlayer 1999 +mi_d_r -mi_l_r -ma_d_r Origin} w: 900 d: 0 l: 1100
{AnalyticPlayer 1639 -mi_d_r -mi_l_r -n_l Origin} w: 899 d: 55 l: 1046
{AnalyticPlayer 1185 +ma_w_r -a_l_r +n_w Origin} w: 898 d: 36 l: 1066
{AnalyticPlayer 1857 +ma_d_r +t_d_r -ma_d_r Origin} w: 896 d: 225 l: 879
{AnalyticPlayer 1773 -n_d +ma_d_r -ma_d_r Origin} w: 896 d: 171 l: 933
{AnalyticPlayer 1426 -t_l_r +t_d_r +n_w Origin} w: 896 d: 53 l: 1051
{AnalyticPlayer 1058 +t_w_r +a_d_r +n_d Origin} w: 894 d: 65 l: 1041
{AnalyticPlayer 1517 +ma_d_r -t_l_r -n_l Origin} w: 893 d: 178 l: 929
{AnalyticPlayer 1856 +ma_d_r -t_d_r -ma_d_r Origin} w: 892 d: 198 l: 910
{AnalyticPlayer 1396 +t_w_r +ma_d_r +n_w Origin} w: 892 d: 65 l: 1043
{AnalyticPlayer 1136 -n_l -t_d_r +n_w Origin} w: 892 d: 40 l: 1068
{AnalyticPlayer 1520 +ma_w_r +n_w -n_l Origin} w: 892 d: 37 l: 1071
{AnalyticPlayer 1694 -mi_l_r -t_d_r -n_l Origin} w: 892 d: 18 l: 1090
{AnalyticPlayer 1404 +t_w_r +mi_d_r +n_w Origin} w: 891 d: 66 l: 1043
{AnalyticPlayer 1176 +ma_w_r -n_d +n_w Origin} w: 891 d: 41 l: 1068
{AnalyticPlayer 1531 +ma_w_r -mi_l_r -n_l Origin} w: 890 d: 40 l: 1070
{AnalyticPlayer 1626 -mi_d_r -n_d -n_l Origin} w: 889 d: 85 l: 1026
{AnalyticPlayer 1392 +t_w_r -n_d +n_w Origin} w: 889 d: 60 l: 1051
{AnalyticPlayer 1997 +mi_d_r -mi_d_r -ma_d_r Origin} w: 888 d: 183 l: 929
{AnalyticPlayer 1050 +t_w_r -n_d +n_d Origin} w: 888 d: 64 l: 1048
{AnalyticPlayer 1062 +t_w_r +mi_d_r +n_d Origin} w: 888 d: 64 l: 1048
{AnalyticPlayer 1187 +ma_w_r +mi_d_r +n_w Origin} w: 888 d: 48 l: 1064
{AnalyticPlayer 1749 +t_w_r -t_d_r -n_l Origin} w: 887 d: 66 l: 1047
{AnalyticPlayer 1523 +ma_w_r -ma_l_r -n_l Origin} w: 887 d: 42 l: 1071
{AnalyticPlayer 1518 +ma_w_r -n_d -n_l Origin} w: 886 d: 47 l: 1067
{AnalyticPlayer 1186 +ma_w_r -mi_d_r +n_w Origin} w: 886 d: 34 l: 1080
{AnalyticPlayer 1842 +ma_d_r -n_d -ma_d_r Origin} w: 884 d: 188 l: 928
{AnalyticPlayer 1479 +n_w +t_d_r -n_l Origin} w: 884 d: 129 l: 987
{AnalyticPlayer 1072 -t_l_r +ma_d_r +n_d Origin} w: 882 d: 122 l: 996
{AnalyticPlayer 1080 -t_l_r +mi_d_r +n_d Origin} w: 882 d: 25 l: 1093
{AnalyticPlayer 1987 +mi_d_r +n_d -ma_d_r Origin} w: 881 d: 188 l: 931
{AnalyticPlayer 1993 +mi_d_r -a_d_r -ma_d_r Origin} w: 881 d: 184 l: 935
{AnalyticPlayer 1643 -mi_d_r -t_l_r -n_l Origin} w: 881 d: 70 l: 1049
{AnalyticPlayer 1181 +ma_w_r -ma_l_r +n_w Origin} w: 881 d: 48 l: 1071
{AnalyticPlayer 1529 +ma_w_r +mi_d_r -n_l Origin} w: 881 d: 43 l: 1076
{AnalyticPlayer 1289 -mi_d_r +ma_w_r +n_w Origin} w: 880 d: 31 l: 1089
{AnalyticPlayer 1631 -mi_d_r +ma_w_r -n_l Origin} w: 879 d: 50 l: 1071
{AnalyticPlayer 1189 +ma_w_r -mi_l_r +n_w Origin} w: 879 d: 48 l: 1073
{AnalyticPlayer 1751 +t_w_r -t_l_r -n_l Origin} w: 878 d: 61 l: 1061
{AnalyticPlayer 1172 +ma_d_r -t_d_r +n_w Origin} w: 877 d: 211 l: 912
{AnalyticPlayer 1859 +ma_d_r -t_l_r -ma_d_r Origin} w: 877 d: 176 l: 947
{AnalyticPlayer 1514 +ma_d_r -t_d_r -n_l Origin} w: 876 d: 212 l: 912
{AnalyticPlayer 1734 +t_w_r -n_d -n_l Origin} w: 876 d: 58 l: 1066
{AnalyticPlayer 1681 -mi_l_r +n_d -n_l Origin} w: 876 d: 0 l: 1124
{AnalyticPlayer 1123 -n_l +n_d +n_w Origin} w: 874 d: 57 l: 1069
{AnalyticPlayer 1406 +t_w_r -mi_l_r +n_w Origin} w: 873 d: 63 l: 1064
{AnalyticPlayer 1126 -n_l +ma_w_r +n_w Origin} w: 873 d: 46 l: 1081
{AnalyticPlayer 1768 -t_l_r +t_d_r -n_l Origin} w: 872 d: 47 l: 1081
{AnalyticPlayer 1013 -mi_l_r -t_l_r +n_d Origin} w: 872 d: 20 l: 1108
{AnalyticPlayer 1447 +n_d +n_w -n_l Origin} w: 871 d: 72 l: 1057
{AnalyticPlayer 1527 +ma_w_r -a_l_r -n_l Origin} w: 871 d: 40 l: 1089
{AnalyticPlayer 1065 +t_w_r -t_d_r +n_d Origin} w: 870 d: 68 l: 1062
{AnalyticPlayer 1105 +n_d -n_l +n_w Origin} w: 870 d: 61 l: 1069
{AnalyticPlayer 1528 +ma_w_r -mi_d_r -n_l Origin} w: 870 d: 56 l: 1074
{AnalyticPlayer 1067 +t_w_r -t_l_r +n_d Origin} w: 869 d: 65 l: 1066
{AnalyticPlayer 1178 +ma_w_r -n_l +n_w Origin} w: 869 d: 35 l: 1096
{AnalyticPlayer 1848 +ma_d_r -a_d_r -ma_d_r Origin} w: 868 d: 201 l: 931
{AnalyticPlayer 1409 +t_w_r -t_l_r +n_w Origin} w: 867 d: 67 l: 1066
{AnalyticPlayer 1084 -t_l_r +t_d_r +n_d Origin} w: 866 d: 55 l: 1079
{AnalyticPlayer 1011 -mi_l_r +t_d_r +n_d Origin} w: 863 d: 9 l: 1128
{AnalyticPlayer 1182 +ma_w_r -a_d_r +n_w Origin} w: 863 d: 0 l: 1137
{AnalyticPlayer 1872 +ma_w_r +mi_w_r -ma_d_r Origin} w: 863 d: 0 l: 1137
{AnalyticPlayer 1402 +t_w_r -a_l_r +n_w Origin} w: 861 d: 64 l: 1075
{AnalyticPlayer 1869 +ma_w_r -a_l_r -ma_d_r Origin} w: 861 d: 39 l: 1100
{AnalyticPlayer 1862 +ma_w_r +n_w -ma_d_r Origin} w: 861 d: 0 l: 1139
{AnalyticPlayer 1853 +ma_d_r +mi_d_r -ma_d_r Origin} w: 860 d: 193 l: 947
{AnalyticPlayer 1530 +ma_w_r +mi_w_r -n_l Origin} w: 860 d: 0 l: 1140
{AnalyticPlayer 1457 +n_d +mi_d_r -n_l Origin} w: 859 d: 72 l: 1069
{AnalyticPlayer 1407 +t_w_r -t_d_r +n_w Origin} w: 859 d: 65 l: 1076
{AnalyticPlayer 1865 +ma_w_r -ma_l_r -ma_d_r Origin} w: 859 d: 44 l: 1097
{AnalyticPlayer 1398 +t_w_r -ma_l_r +n_w Origin} w: 858 d: 64 l: 1078
{AnalyticPlayer 1108 +n_d +ma_w_r +n_w Origin} w: 858 d: 39 l: 1103
{AnalyticPlayer 1188 +ma_w_r +mi_w_r +n_w Origin} w: 857 d: 0 l: 1143
{AnalyticPlayer 1446 +n_d -n_d -n_l Origin} w: 856 d: 77 l: 1067
{AnalyticPlayer 1740 +t_w_r -ma_l_r -n_l Origin} w: 856 d: 64 l: 1080
{AnalyticPlayer 1828 -n_l +ma_w_r -ma_d_r Origin} w: 856 d: 0 l: 1144
{AnalyticPlayer 1450 +n_d +ma_w_r -n_l Origin} w: 854 d: 39 l: 1107
{AnalyticPlayer 1353 -mi_l_r +t_d_r +n_w Origin} w: 853 d: 12 l: 1135
{AnalyticPlayer 1179 +ma_w_r -ma_d_r +n_w Origin} w: 853 d: 0 l: 1147
{AnalyticPlayer 1868 +ma_w_r +a_w_r -ma_d_r Origin} w: 853 d: 0 l: 1147
{AnalyticPlayer 1789 +n_d +n_w -ma_d_r Origin} w: 850 d: 83 l: 1067
{AnalyticPlayer 1051 +t_w_r +n_w +n_d Origin} w: 850 d: 65 l: 1085
{AnalyticPlayer 1339 -mi_l_r +n_d +n_w Origin} w: 850 d: 18 l: 1132
{AnalyticPlayer 1524 +ma_w_r -a_d_r -n_l Origin} w: 850 d: 0 l: 1150
{AnalyticPlayer 1177 +ma_w_r +n_d +n_w Origin} w: 849 d: 48 l: 1103
{AnalyticPlayer 1459 +n_d -mi_l_r -n_l Origin} w: 849 d: 39 l: 1112
{AnalyticPlayer 1184 +ma_w_r +a_w_r +n_w Origin} w: 849 d: 0 l: 1151
{AnalyticPlayer 1526 +ma_w_r +a_w_r -n_l Origin} w: 849 d: 0 l: 1151
{AnalyticPlayer 1064 +t_w_r -mi_l_r +n_d Origin} w: 848 d: 67 l: 1085
{AnalyticPlayer 1112 +n_d +a_w_r +n_w Origin} w: 846 d: 0 l: 1154
{AnalyticPlayer 1863 +ma_w_r -n_l -ma_d_r Origin} w: 846 d: 0 l: 1154
{AnalyticPlayer 1454 +n_d +a_w_r -n_l Origin} w: 845 d: 0 l: 1155
{AnalyticPlayer 1456 +n_d -mi_d_r -n_l Origin} w: 844 d: 59 l: 1097
{AnalyticPlayer 1519 +ma_w_r +n_d -n_l Origin} w: 843 d: 46 l: 1111
{AnalyticPlayer 1521 +ma_w_r -ma_d_r -n_l Origin} w: 843 d: 0 l: 1157
{AnalyticPlayer 1744 +t_w_r -a_l_r -n_l Origin} w: 841 d: 63 l: 1096
{AnalyticPlayer 1285 -mi_d_r +n_d +n_w Origin} w: 840 d: 89 l: 1071
{AnalyticPlayer 1748 +t_w_r -mi_l_r -n_l Origin} w: 840 d: 69 l: 1091
{AnalyticPlayer 1796 +n_d +a_w_r -ma_d_r Origin} w: 840 d: 0 l: 1160
{AnalyticPlayer 1492 -ma_d_r -mi_d_r -n_l Origin} w: 839 d: 52 l: 1109
{AnalyticPlayer 1627 -mi_d_r +n_d -n_l Origin} w: 838 d: 76 l: 1086
{AnalyticPlayer 1401 +t_w_r +a_w_r +n_w Origin} w: 838 d: 61 l: 1101
{AnalyticPlayer 1486 -ma_d_r +ma_w_r -n_l Origin} w: 838 d: 0 l: 1162
{AnalyticPlayer 1687 -mi_l_r -a_d_r -n_l Origin} w: 836 d: 0 l: 1164
{AnalyticPlayer 1394 +t_w_r -n_l +n_w Origin} w: 835 d: 62 l: 1103
{AnalyticPlayer 1495 -ma_d_r -mi_l_r -n_l Origin} w: 835 d: 0 l: 1165
{AnalyticPlayer 1566 -a_d_r +mi_w_r -n_l Origin} w: 835 d: 0 l: 1165
{AnalyticPlayer 1151 -ma_d_r +mi_d_r +n_w Origin} w: 834 d: 90 l: 1076
{AnalyticPlayer 1743 +t_w_r +a_w_r -n_l Origin} w: 834 d: 77 l: 1089
{AnalyticPlayer 1212 -a_d_r -n_d +n_w Origin} w: 834 d: 69 l: 1097
{AnalyticPlayer 1056 +t_w_r -ma_l_r +n_d Origin} w: 834 d: 64 l: 1102
{AnalyticPlayer 1222 -a_d_r -mi_d_r +n_w Origin} w: 833 d: 85 l: 1082
{AnalyticPlayer 1405 +t_w_r +mi_w_r +n_w Origin} w: 833 d: 65 l: 1102
{AnalyticPlayer 1489 -ma_d_r +a_d_r -n_l Origin} w: 833 d: 46 l: 1121
{AnalyticPlayer 1146 -ma_d_r -a_d_r +n_w Origin} w: 832 d: 89 l: 1079
{AnalyticPlayer 1106 +n_d -ma_d_r +n_w Origin} w: 832 d: 75 l: 1093
{AnalyticPlayer 1345 -mi_l_r -a_d_r +n_w Origin} w: 832 d: 0 l: 1168
{AnalyticPlayer 1104 +n_d -n_d +n_w Origin} w: 831 d: 92 l: 1077
{AnalyticPlayer 1739 +t_w_r +ma_w_r -n_l Origin} w: 831 d: 86 l: 1083
{AnalyticPlayer 1060 +t_w_r -a_l_r +n_d Origin} w: 831 d: 68 l: 1101
{AnalyticPlayer 1555 -a_d_r +n_d -n_l Origin} w: 831 d: 54 l: 1115
{AnalyticPlayer 1144 -ma_d_r +ma_w_r +n_w Origin} w: 831 d: 0 l: 1169
{AnalyticPlayer 1560 -a_d_r -ma_l_r -n_l Origin} w: 831 d: 0 l: 1169
{AnalyticPlayer 1683 -mi_l_r -ma_d_r -n_l Origin} w: 831 d: 0 l: 1169
{AnalyticPlayer 1291 -mi_d_r -a_d_r +n_w Origin} w: 830 d: 72 l: 1098
{AnalyticPlayer 1483 -ma_d_r +n_d -n_l Origin} w: 830 d: 51 l: 1119
{AnalyticPlayer 1554 -a_d_r -n_d -n_l Origin} w: 830 d: 50 l: 1120
{AnalyticPlayer 1149 -ma_d_r -a_l_r +n_w Origin} w: 830 d: 0 l: 1170
{AnalyticPlayer 1562 -a_d_r +a_w_r -n_l Origin} w: 830 d: 0 l: 1170
{AnalyticPlayer 1736 +t_w_r +n_w -n_l Origin} w: 829 d: 62 l: 1109
{AnalyticPlayer 1557 -a_d_r -ma_d_r -n_l Origin} w: 829 d: 43 l: 1128
{AnalyticPlayer 1152 -ma_d_r +mi_w_r +n_w Origin} w: 829 d: 0 l: 1171
{AnalyticPlayer 1902 -a_d_r -ma_l_r -ma_d_r Origin} w: 829 d: 0 l: 1171
{AnalyticPlayer 1223 -a_d_r +mi_d_r +n_w Origin} w: 828 d: 86 l: 1086
{AnalyticPlayer 1898 -a_d_r +n_w -ma_d_r Origin} w: 828 d: 76 l: 1096
{AnalyticPlayer 1216 -a_d_r +ma_d_r +n_w Origin} w: 828 d: 73 l: 1099
{AnalyticPlayer 1397 +t_w_r +ma_w_r +n_w Origin} w: 828 d: 66 l: 1106
{AnalyticPlayer 1484 -ma_d_r +n_w -n_l Origin} w: 828 d: 55 l: 1117
{AnalyticPlayer 1558 -a_d_r +ma_d_r -n_l Origin} w: 828 d: 53 l: 1119
{AnalyticPlayer 1377 +t_d_r -ma_d_r +n_w Origin} w: 827 d: 119 l: 1054
{AnalyticPlayer 1114 +n_d -mi_d_r +n_w Origin} w: 827 d: 84 l: 1089
{AnalyticPlayer 1287 -mi_d_r -ma_d_r +n_w Origin} w: 827 d: 83 l: 1090
{AnalyticPlayer 1452 +n_d -a_d_r -n_l Origin} w: 827 d: 61 l: 1112
{AnalyticPlayer 1790 +n_d -n_l -ma_d_r Origin} w: 827 d: 57 l: 1116
{AnalyticPlayer 1214 -a_d_r -n_l +n_w Origin} w: 827 d: 55 l: 1118
{AnalyticPlayer 1556 -a_d_r +n_w -n_l Origin} w: 827 d: 42 l: 1131
{AnalyticPlayer 1905 -a_d_r -a_l_r -ma_d_r Origin} w: 827 d: 0 l: 1173
{AnalyticPlayer 1488 -ma_d_r -a_d_r -n_l Origin} w: 826 d: 57 l: 1117
{AnalyticPlayer 1217 -a_d_r +ma_w_r +n_w Origin} w: 826 d: 0 l: 1174
{AnalyticPlayer 1218 -a_d_r -ma_l_r +n_w Origin} w: 826 d: 0 l: 1174
{AnalyticPlayer 1224 -a_d_r +mi_w_r +n_w Origin} w: 826 d: 0 l: 1174
{AnalyticPlayer 1491 -ma_d_r -a_l_r -n_l Origin} w: 826 d: 0 l: 1174
{AnalyticPlayer 1213 -a_d_r +n_d +n_w Origin} w: 825 d: 80 l: 1095
{AnalyticPlayer 1219 -a_d_r +a_d_r +n_w Origin} w: 825 d: 78 l: 1097
{AnalyticPlayer 1629 -mi_d_r -ma_d_r -n_l Origin} w: 825 d: 60 l: 1115
{AnalyticPlayer 1830 -n_l -a_d_r -ma_d_r Origin} w: 825 d: 56 l: 1119
{AnalyticPlayer 1482 -ma_d_r -n_d -n_l Origin} w: 825 d: 49 l: 1126
{AnalyticPlayer 1341 -mi_l_r -ma_d_r +n_w Origin} w: 825 d: 0 l: 1175
{AnalyticPlayer 1490 -ma_d_r +a_w_r -n_l Origin} w: 825 d: 0 l: 1175
{AnalyticPlayer 1908 -a_d_r +mi_w_r -ma_d_r Origin} w: 825 d: 0 l: 1175
{AnalyticPlayer 1128 -n_l -a_d_r +n_w Origin} w: 824 d: 59 l: 1117
{AnalyticPlayer 1565 -a_d_r +mi_d_r -n_l Origin} w: 824 d: 54 l: 1122
{AnalyticPlayer 1835 -n_l +mi_d_r -ma_d_r Origin} w: 824 d: 48 l: 1128
{AnalyticPlayer 1082 -t_l_r -mi_l_r +n_d Origin} w: 824 d: 32 l: 1144
{AnalyticPlayer 1145 -ma_d_r -ma_l_r +n_w Origin} w: 824 d: 0 l: 1176
{AnalyticPlayer 1143 -ma_d_r +ma_d_r +n_w Origin} w: 823 d: 90 l: 1087
{AnalyticPlayer 1142 -ma_d_r -n_l +n_w Origin} w: 823 d: 50 l: 1127
{AnalyticPlayer 1834 -n_l -mi_d_r -ma_d_r Origin} w: 823 d: 50 l: 1127
{AnalyticPlayer 1899 -a_d_r -n_l -ma_d_r Origin} w: 823 d: 48 l: 1129
{AnalyticPlayer 1487 -ma_d_r -ma_l_r -n_l Origin} w: 823 d: 0 l: 1177
{AnalyticPlayer 1563 -a_d_r -a_l_r -n_l Origin} w: 823 d: 0 l: 1177
{AnalyticPlayer 1061 +t_w_r -mi_d_r +n_d Origin} w: 822 d: 102 l: 1076
{AnalyticPlayer 1140 -ma_d_r -n_d +n_w Origin} w: 822 d: 77 l: 1101
{AnalyticPlayer 1150 -ma_d_r -mi_d_r +n_w Origin} w: 822 d: 76 l: 1102
{AnalyticPlayer 1493 -ma_d_r +mi_d_r -n_l Origin} w: 822 d: 60 l: 1118
{AnalyticPlayer 1633 -mi_d_r -a_d_r -n_l Origin} w: 822 d: 54 l: 1124
{AnalyticPlayer 1564 -a_d_r -mi_d_r -n_l Origin} w: 822 d: 49 l: 1129
{AnalyticPlayer 1904 -a_d_r +a_w_r -ma_d_r Origin} w: 822 d: 0 l: 1178
{AnalyticPlayer 1147 -ma_d_r +a_d_r +n_w Origin} w: 821 d: 81 l: 1098
{AnalyticPlayer 1485 -ma_d_r +ma_d_r -n_l Origin} w: 821 d: 60 l: 1119
{AnalyticPlayer 1220 -a_d_r +a_w_r +n_w Origin} w: 821 d: 0 l: 1179
{AnalyticPlayer 1225 -a_d_r -mi_l_r +n_w Origin} w: 821 d: 0 l: 1179
{AnalyticPlayer 1559 -a_d_r +ma_w_r -n_l Origin} w: 821 d: 0 l: 1179
{AnalyticPlayer 1750 +t_w_r +t_d_r -n_l Origin} w: 820 d: 105 l: 1075
{AnalyticPlayer 1561 -a_d_r +a_d_r -n_l Origin} w: 820 d: 48 l: 1132
{AnalyticPlayer 1695 -mi_l_r +t_d_r -n_l Origin} w: 820 d: 13 l: 1167
{AnalyticPlayer 1148 -ma_d_r +a_w_r +n_w Origin} w: 820 d: 0 l: 1180
{AnalyticPlayer 1494 -ma_d_r +mi_w_r -n_l Origin} w: 820 d: 0 l: 1180
{AnalyticPlayer 1837 -n_l -mi_l_r -ma_d_r Origin} w: 820 d: 0 l: 1180
{AnalyticPlayer 1221 -a_d_r -a_l_r +n_w Origin} w: 819 d: 0 l: 1181
{AnalyticPlayer 1124 -n_l -ma_d_r +n_w Origin} w: 818 d: 47 l: 1135
{AnalyticPlayer 1825 -n_l +n_d -ma_d_r Origin} w: 818 d: 44 l: 1138
{AnalyticPlayer 1567 -a_d_r -mi_l_r -n_l Origin} w: 818 d: 0 l: 1182
{AnalyticPlayer 1735 +t_w_r +n_d -n_l Origin} w: 817 d: 93 l: 1090
{AnalyticPlayer 1747 +t_w_r +mi_w_r -n_l Origin} w: 817 d: 80 l: 1103
{AnalyticPlayer 1737 +t_w_r -ma_d_r -n_l Origin} w: 816 d: 107 l: 1077
{AnalyticPlayer 1384 +t_d_r -a_l_r +n_w Origin} w: 815 d: 127 l: 1058
{AnalyticPlayer 1035 +t_d_r -ma_d_r +n_d Origin} w: 815 d: 120 l: 1065
{AnalyticPlayer 1215 -a_d_r -ma_d_r +n_w Origin} w: 815 d: 63 l: 1122
{AnalyticPlayer 1718 +t_d_r +n_w -n_l Origin} w: 814 d: 111 l: 1075
{AnalyticPlayer 1741 +t_w_r -a_d_r -n_l Origin} w: 814 d: 94 l: 1092
{AnalyticPlayer 1141 -ma_d_r +n_d +n_w Origin} w: 814 d: 88 l: 1098
{AnalyticPlayer 1110 +n_d -a_d_r +n_w Origin} w: 813 d: 78 l: 1109
{AnalyticPlayer 1117 +n_d -mi_l_r +n_w Origin} w: 813 d: 62 l: 1125
{AnalyticPlayer 1374 +t_d_r -n_d +n_w Origin} w: 812 d: 132 l: 1056
{AnalyticPlayer 1115 +n_d +mi_d_r +n_w Origin} w: 812 d: 125 l: 1063
{AnalyticPlayer 1717 +t_d_r +n_d -n_l Origin} w: 812 d: 125 l: 1063
{AnalyticPlayer 1034 +t_d_r -n_l +n_d Origin} w: 812 d: 116 l: 1072
{AnalyticPlayer 1121 +n_d -t_l_r +n_w Origin} w: 812 d: 83 l: 1105
{AnalyticPlayer 1153 -ma_d_r -mi_l_r +n_w Origin} w: 812 d: 0 l: 1188
{AnalyticPlayer 1385 +t_d_r -mi_d_r +n_w Origin} w: 811 d: 126 l: 1063
{AnalyticPlayer 1040 +t_d_r +a_d_r +n_d Origin} w: 811 d: 118 l: 1071
{AnalyticPlayer 1033 +t_d_r +n_w +n_d Origin} w: 811 d: 116 l: 1073
{AnalyticPlayer 1971 -mi_d_r -n_l -ma_d_r Origin} w: 811 d: 57 l: 1132
{AnalyticPlayer 1425 -t_l_r -t_d_r +n_w Origin} w: 811 d: 43 l: 1146
{AnalyticPlayer 1383 +t_d_r +a_w_r +n_w Origin} w: 810 d: 117 l: 1073
{AnalyticPlayer 1382 +t_d_r +a_d_r +n_w Origin} w: 809 d: 121 l: 1070
{AnalyticPlayer 1389 +t_d_r -t_d_r +n_w Origin} w: 809 d: 121 l: 1070
{AnalyticPlayer 1399 +t_w_r -a_d_r +n_w Origin} w: 809 d: 89 l: 1102
{AnalyticPlayer 1395 +t_w_r -ma_d_r +n_w Origin} w: 809 d: 87 l: 1104
{AnalyticPlayer 1755 -t_l_r -ma_d_r -n_l Origin} w: 809 d: 38 l: 1153
{AnalyticPlayer 1059 +t_w_r +a_w_r +n_d Origin} w: 808 d: 92 l: 1100
{AnalyticPlayer 1448 +n_d -ma_d_r -n_l Origin} w: 808 d: 54 l: 1138
{AnalyticPlayer 1721 +t_d_r +ma_w_r -n_l Origin} w: 807 d: 126 l: 1067
{AnalyticPlayer 1733 +t_d_r -t_l_r -n_l Origin} w: 807 d: 126 l: 1067
{AnalyticPlayer 1463 +n_d -t_l_r -n_l Origin} w: 807 d: 76 l: 1117
{AnalyticPlayer 1867 +ma_w_r +a_d_r -ma_d_r Origin} w: 806 d: 142 l: 1052
{AnalyticPlayer 1037 +t_d_r +ma_w_r +n_d Origin} w: 806 d: 125 l: 1069
{AnalyticPlayer 1729 +t_d_r +mi_w_r -n_l Origin} w: 806 d: 122 l: 1072
{AnalyticPlayer 1043 +t_d_r -mi_d_r +n_d Origin} w: 806 d: 121 l: 1073
{AnalyticPlayer 1379 +t_d_r +ma_w_r +n_w Origin} w: 806 d: 113 l: 1081
{AnalyticPlayer 1055 +t_w_r +ma_w_r +n_d Origin} w: 806 d: 101 l: 1093
{AnalyticPlayer 1393 +t_w_r +n_d +n_w Origin} w: 806 d: 101 l: 1093
{AnalyticPlayer 1413 -t_l_r -ma_d_r +n_w Origin} w: 806 d: 55 l: 1139
{AnalyticPlayer 1731 +t_d_r -t_d_r -n_l Origin} w: 805 d: 118 l: 1077
{AnalyticPlayer 1403 +t_w_r -mi_d_r +n_w Origin} w: 805 d: 96 l: 1099
{AnalyticPlayer 1417 -t_l_r -a_d_r +n_w Origin} w: 805 d: 31 l: 1164
{AnalyticPlayer 1720 +t_d_r +ma_d_r -n_l Origin} w: 804 d: 111 l: 1085
{AnalyticPlayer 1716 +t_d_r -n_d -n_l Origin} w: 803 d: 129 l: 1068
{AnalyticPlayer 1057 +t_w_r -a_d_r +n_d Origin} w: 803 d: 108 l: 1089
{AnalyticPlayer 1408 +t_w_r +t_d_r +n_w Origin} w: 803 d: 108 l: 1089
{AnalyticPlayer 1032 +t_d_r -n_d +n_d Origin} w: 802 d: 134 l: 1064
{AnalyticPlayer 1045 +t_d_r +mi_w_r +n_d Origin} w: 802 d: 120 l: 1078
{AnalyticPlayer 1727 +t_d_r -mi_d_r -n_l Origin} w: 802 d: 119 l: 1079
{AnalyticPlayer 1066 +t_w_r +t_d_r +n_d Origin} w: 802 d: 102 l: 1096
{AnalyticPlayer 1759 -t_l_r -a_d_r -n_l Origin} w: 802 d: 26 l: 1172
{AnalyticPlayer 1722 +t_d_r -ma_l_r -n_l Origin} w: 801 d: 121 l: 1078
{AnalyticPlayer 1079 -t_l_r -mi_d_r +n_d Origin} w: 801 d: 81 l: 1118
{AnalyticPlayer 1864 +ma_w_r +ma_d_r -ma_d_r Origin} w: 800 d: 146 l: 1054
{AnalyticPlayer 1049 +t_d_r -t_l_r +n_d Origin} w: 799 d: 129 l: 1072
{AnalyticPlayer 1053 +t_w_r -ma_d_r +n_d Origin} w: 799 d: 103 l: 1098
{AnalyticPlayer 1046 +t_d_r -mi_l_r +n_d Origin} w: 797 d: 126 l: 1077
{AnalyticPlayer 1380 +t_d_r -ma_l_r +n_w Origin} w: 797 d: 122 l: 1081
{AnalyticPlayer 1047 +t_d_r -t_d_r +n_d Origin} w: 797 d: 117 l: 1086
{AnalyticPlayer 1630 -mi_d_r +ma_d_r -n_l Origin} w: 796 d: 185 l: 1019
{AnalyticPlayer 1376 +t_d_r -n_l +n_w Origin} w: 796 d: 123 l: 1081
{AnalyticPlayer 1381 +t_d_r -a_d_r +n_w Origin} w: 796 d: 119 l: 1085
{AnalyticPlayer 1745 +t_w_r -mi_d_r -n_l Origin} w: 796 d: 105 l: 1099
{AnalyticPlayer 1390 +t_d_r +t_w_r +n_w Origin} w: 795 d: 125 l: 1080
{AnalyticPlayer 1039 +t_d_r -a_d_r +n_d Origin} w: 794 d: 127 l: 1079
{AnalyticPlayer 1719 +t_d_r -ma_d_r -n_l Origin} w: 794 d: 119 l: 1087
{AnalyticPlayer 1063 +t_w_r +mi_w_r +n_d Origin} w: 794 d: 93 l: 1113
{AnalyticPlayer 1634 -mi_d_r +a_d_r -n_l Origin} w: 793 d: 185 l: 1022
{AnalyticPlayer 1038 +t_d_r -ma_l_r +n_d Origin} w: 792 d: 130 l: 1078
{AnalyticPlayer 1730 +t_d_r -mi_l_r -n_l Origin} w: 792 d: 128 l: 1080
{AnalyticPlayer 1732 +t_d_r +t_w_r -n_l Origin} w: 792 d: 126 l: 1082
{AnalyticPlayer 1386 +t_d_r +mi_d_r +n_w Origin} w: 792 d: 120 l: 1088
{AnalyticPlayer 1375 +t_d_r +n_d +n_w Origin} w: 791 d: 118 l: 1091
{AnalyticPlayer 1083 -t_l_r -t_d_r +n_d Origin} w: 791 d: 51 l: 1158
{AnalyticPlayer 1378 +t_d_r +ma_d_r +n_w Origin} w: 790 d: 132 l: 1078
{AnalyticPlayer 1388 +t_d_r -mi_l_r +n_w Origin} w: 790 d: 130 l: 1080
{AnalyticPlayer 1391 +t_d_r -t_l_r +n_w Origin} w: 790 d: 124 l: 1086
{AnalyticPlayer 1767 -t_l_r -t_d_r -n_l Origin} w: 788 d: 51 l: 1161
{AnalyticPlayer 1044 +t_d_r +mi_d_r +n_d Origin} w: 787 d: 129 l: 1084
{AnalyticPlayer 1036 +t_d_r +ma_d_r +n_d Origin} w: 786 d: 127 l: 1087
{AnalyticPlayer 1048 +t_d_r +t_w_r +n_d Origin} w: 785 d: 129 l: 1086
{AnalyticPlayer 1042 +t_d_r -a_l_r +n_d Origin} w: 785 d: 117 l: 1098
{AnalyticPlayer 1052 +t_w_r -n_l +n_d Origin} w: 785 d: 114 l: 1101
{AnalyticPlayer 1725 +t_d_r +a_w_r -n_l Origin} w: 784 d: 127 l: 1089
{AnalyticPlayer 1041 +t_d_r +a_w_r +n_d Origin} w: 784 d: 125 l: 1091
{AnalyticPlayer 1387 +t_d_r +mi_w_r +n_w Origin} w: 782 d: 119 l: 1099
{AnalyticPlayer 1726 +t_d_r -a_l_r -n_l Origin} w: 781 d: 130 l: 1089
{AnalyticPlayer 1723 +t_d_r -a_d_r -n_l Origin} w: 781 d: 127 l: 1092
{AnalyticPlayer 1724 +t_d_r +a_d_r -n_l Origin} w: 780 d: 109 l: 1111
{AnalyticPlayer 1193 +ma_w_r -t_l_r +n_w Origin} w: 780 d: 38 l: 1182
{AnalyticPlayer 1073 -t_l_r +ma_w_r +n_d Origin} w: 776 d: 29 l: 1195
{AnalyticPlayer 1535 +ma_w_r -t_l_r -n_l Origin} w: 773 d: 40 l: 1187
{AnalyticPlayer 1288 -mi_d_r +ma_d_r +n_w Origin} w: 770 d: 186 l: 1044
{AnalyticPlayer 1728 +t_d_r +mi_d_r -n_l Origin} w: 768 d: 129 l: 1103
{AnalyticPlayer 1534 +ma_w_r +t_w_r -n_l Origin} w: 768 d: 46 l: 1186
{RandomPlayer 0001 random_2 Origin} w: 766 d: 156 l: 1078
{AnalyticPlayer 1292 -mi_d_r +a_d_r +n_w Origin} w: 764 d: 189 l: 1047
{AnalyticPlayer 1229 -a_d_r -t_l_r +n_w Origin} w: 755 d: 68 l: 1177
{AnalyticPlayer 1190 +ma_w_r -t_d_r +n_w Origin} w: 754 d: 65 l: 1181
{AnalyticPlayer 1192 +ma_w_r +t_w_r +n_w Origin} w: 754 d: 38 l: 1208
{AnalyticPlayer 1532 +ma_w_r -t_d_r -n_l Origin} w: 751 d: 59 l: 1190
{AnalyticPlayer 1876 +ma_w_r +t_w_r -ma_d_r Origin} w: 746 d: 26 l: 1228
{AnalyticPlayer 1157 -ma_d_r -t_l_r +n_w Origin} w: 742 d: 70 l: 1188
{AnalyticPlayer 1874 +ma_w_r -t_d_r -ma_d_r Origin} w: 739 d: 73 l: 1188
{AnalyticPlayer 1111 +n_d +a_d_r +n_w Origin} w: 733 d: 234 l: 1033
{AnalyticPlayer 1533 +ma_w_r +t_d_r -n_l Origin} w: 728 d: 65 l: 1207
{AnalyticPlayer 1107 +n_d +ma_d_r +n_w Origin} w: 727 d: 243 l: 1030
{AnalyticPlayer 1875 +ma_w_r +t_d_r -ma_d_r Origin} w: 717 d: 64 l: 1219
{AnalyticPlayer 1860 +ma_w_r -n_d -ma_d_r Origin} w: 716 d: 0 l: 1284
{AnalyticPlayer 1007 -mi_l_r -mi_d_r +n_d Origin} w: 714 d: 2 l: 1284
{AnalyticPlayer 1449 +n_d +ma_d_r -n_l Origin} w: 713 d: 231 l: 1056
{AnalyticPlayer 1300 -mi_d_r +t_w_r +n_w Origin} w: 713 d: 185 l: 1102
{AnalyticPlayer 1804 +n_d +t_w_r -ma_d_r Origin} w: 712 d: 149 l: 1139
{AnalyticPlayer 1001 -mi_l_r +ma_w_r +n_d Origin} w: 712 d: 0 l: 1288
{AnalyticPlayer 1191 +ma_w_r +t_d_r +n_w Origin} w: 711 d: 47 l: 1242
{AnalyticPlayer 1985 -mi_d_r -t_l_r -ma_d_r Origin} w: 708 d: 91 l: 1201
{AnalyticPlayer 1571 -a_d_r -t_l_r -n_l Origin} w: 707 d: 63 l: 1230
{AnalyticPlayer 1499 -ma_d_r -t_l_r -n_l Origin} w: 707 d: 61 l: 1232
{AnalyticPlayer 1453 +n_d +a_d_r -n_l Origin} w: 704 d: 236 l: 1060
{AnalyticPlayer 1877 +ma_w_r -t_l_r -ma_d_r Origin} w: 703 d: 24 l: 1273
{AnalyticPlayer 1642 -mi_d_r +t_w_r -n_l Origin} w: 702 d: 170 l: 1128
{AnalyticPlayer 1228 -a_d_r +t_w_r +n_w Origin} w: 691 d: 133 l: 1176
{AnalyticPlayer 1156 -ma_d_r +t_w_r +n_w Origin} w: 690 d: 124 l: 1186
{AnalyticPlayer 1075 -t_l_r -a_d_r +n_d Origin} w: 689 d: 27 l: 1284
{AnalyticPlayer 1968 -mi_d_r -n_d -ma_d_r Origin} w: 688 d: 181 l: 1131
{AnalyticPlayer 1805 +n_d -t_l_r -ma_d_r Origin} w: 686 d: 71 l: 1243
{AnalyticPlayer 1984 -mi_d_r +t_w_r -ma_d_r Origin} w: 685 d: 176 l: 1139
{AnalyticPlayer 1496 -ma_d_r -t_d_r -n_l Origin} w: 682 d: 226 l: 1092
{AnalyticPlayer 1462 +n_d +t_w_r -n_l Origin} w: 681 d: 149 l: 1170
{AnalyticPlayer 1873 +ma_w_r -mi_l_r -ma_d_r Origin} w: 681 d: 0 l: 1319
{AnalyticPlayer 1792 +n_d +ma_w_r -ma_d_r Origin} w: 679 d: 0 l: 1321
{AnalyticPlayer 1866 +ma_w_r -a_d_r -ma_d_r Origin} w: 679 d: 0 l: 1321
{AnalyticPlayer 1154 -ma_d_r -t_d_r +n_w Origin} w: 678 d: 235 l: 1087
{AnalyticPlayer 1912 -a_d_r +t_w_r -ma_d_r Origin} w: 677 d: 141 l: 1182
{AnalyticPlayer 1570 -a_d_r +t_w_r -n_l Origin} w: 677 d: 136 l: 1187
{AnalyticPlayer 1498 -ma_d_r +t_w_r -n_l Origin} w: 675 d: 147 l: 1178
{AnalyticPlayer 1871 +ma_w_r +mi_d_r -ma_d_r Origin} w: 675 d: 0 l: 1325
{AnalyticPlayer 1226 -a_d_r -t_d_r +n_w Origin} w: 671 d: 225 l: 1104
{AnalyticPlayer 1568 -a_d_r -t_d_r -n_l Origin} w: 671 d: 206 l: 1123
{AnalyticPlayer 1861 +ma_w_r +n_d -ma_d_r Origin} w: 671 d: 0 l: 1329
{AnalyticPlayer 1973 -mi_d_r +ma_w_r -ma_d_r Origin} w: 671 d: 0 l: 1329
{AnalyticPlayer 1982 -mi_d_r -t_d_r -ma_d_r Origin} w: 670 d: 140 l: 1190
{AnalyticPlayer 1640 -mi_d_r -t_d_r -n_l Origin} w: 670 d: 129 l: 1201
{AnalyticPlayer 1071 -t_l_r -ma_d_r +n_d Origin} w: 670 d: 54 l: 1276
{AnalyticPlayer 1870 +ma_w_r -mi_d_r -ma_d_r Origin} w: 667 d: 0 l: 1333
{AnalyticPlayer 1976 -mi_d_r +a_d_r -ma_d_r Origin} w: 666 d: 181 l: 1153
{AnalyticPlayer 1120 +n_d +t_w_r +n_w Origin} w: 663 d: 142 l: 1195
{AnalyticPlayer 1910 -a_d_r -t_d_r -ma_d_r Origin} w: 658 d: 225 l: 1117
{AnalyticPlayer 1641 -mi_d_r +t_d_r -n_l Origin} w: 655 d: 194 l: 1151
{AnalyticPlayer 1983 -mi_d_r +t_d_r -ma_d_r Origin} w: 652 d: 196 l: 1152
{AnalyticPlayer 1901 -a_d_r +ma_w_r -ma_d_r Origin} w: 652 d: 1 l: 1347
{AnalyticPlayer 1972 -mi_d_r +ma_d_r -ma_d_r Origin} w: 647 d: 196 l: 1157
{AnalyticPlayer 1299 -mi_d_r +t_d_r +n_w Origin} w: 645 d: 221 l: 1134
{AnalyticPlayer 1298 -mi_d_r -t_d_r +n_w Origin} w: 644 d: 124 l: 1232
{AnalyticPlayer 1802 +n_d -t_d_r -ma_d_r Origin} w: 643 d: 137 l: 1220
{AnalyticPlayer 1118 +n_d -t_d_r +n_w Origin} w: 641 d: 140 l: 1219
{AnalyticPlayer 1801 +n_d -mi_l_r -ma_d_r Origin} w: 637 d: 0 l: 1363
{AnalyticPlayer 1460 +n_d -t_d_r -n_l Origin} w: 636 d: 128 l: 1236
{AnalyticPlayer 1981 -mi_d_r -mi_l_r -ma_d_r Origin} w: 630 d: 0 l: 1370
{AnalyticPlayer 1897 -a_d_r +n_d -ma_d_r Origin} w: 629 d: 206 l: 1165
{AnalyticPlayer 1909 -a_d_r -mi_l_r -ma_d_r Origin} w: 628 d: 1 l: 1371
{AnalyticPlayer 1799 +n_d +mi_d_r -ma_d_r Origin} w: 627 d: 210 l: 1163
{AnalyticPlayer 1906 -a_d_r -mi_d_r -ma_d_r Origin} w: 625 d: 179 l: 1196
{AnalyticPlayer 1003 -mi_l_r -a_d_r +n_d Origin} w: 623 d: 0 l: 1377
{AnalyticPlayer 1903 -a_d_r +a_d_r -ma_d_r Origin} w: 622 d: 202 l: 1176
{AnalyticPlayer 1969 -mi_d_r +n_d -ma_d_r Origin} w: 618 d: 194 l: 1188
{AnalyticPlayer 1979 -mi_d_r +mi_d_r -ma_d_r Origin} w: 615 d: 199 l: 1186
{AnalyticPlayer 1798 +n_d -mi_d_r -ma_d_r Origin} w: 614 d: 210 l: 1176
{AnalyticPlayer 1794 +n_d -a_d_r -ma_d_r Origin} w: 614 d: 199 l: 1187
{AnalyticPlayer 1896 -a_d_r -n_d -ma_d_r Origin} w: 613 d: 219 l: 1168
{AnalyticPlayer 1911 -a_d_r +t_d_r -ma_d_r Origin} w: 612 d: 159 l: 1229
{AnalyticPlayer 1155 -ma_d_r +t_d_r +n_w Origin} w: 609 d: 181 l: 1210
{AnalyticPlayer 1913 -a_d_r -t_l_r -ma_d_r Origin} w: 609 d: 76 l: 1315
{AnalyticPlayer 1900 -a_d_r +ma_d_r -ma_d_r Origin} w: 607 d: 189 l: 1204
{AnalyticPlayer 1907 -a_d_r +mi_d_r -ma_d_r Origin} w: 606 d: 197 l: 1197
{AnalyticPlayer 1788 +n_d -n_d -ma_d_r Origin} w: 603 d: 207 l: 1190
{AnalyticPlayer 1569 -a_d_r +t_d_r -n_l Origin} w: 602 d: 156 l: 1242
{AnalyticPlayer 1497 -ma_d_r +t_d_r -n_l Origin} w: 600 d: 162 l: 1238
{AnalyticPlayer 1227 -a_d_r +t_d_r +n_w Origin} w: 598 d: 173 l: 1229
{AnalyticPlayer 1975 -mi_d_r -a_d_r -ma_d_r Origin} w: 592 d: 206 l: 1202
{AnalyticPlayer 1795 +n_d +a_d_r -ma_d_r Origin} w: 591 d: 320 l: 1089
{AnalyticPlayer 1119 +n_d +t_d_r +n_w Origin} w: 571 d: 151 l: 1278
{AnalyticPlayer 1791 +n_d +ma_d_r -ma_d_r Origin} w: 567 d: 345 l: 1088
{AnalyticPlayer 1803 +n_d +t_d_r -ma_d_r Origin} w: 562 d: 148 l: 1290
{AnalyticPlayer 1461 +n_d +t_d_r -n_l Origin} w: 548 d: 144 l: 1308
