total
0|1|0|1
0|2|0|2
0|3|0|3
0|4|0|4
0|5|0|5
0|6|0|6
0|7|0|7
0|8|0|8
0|9|0|9
0|10|0|10
0|10|1|11
0|11|1|12
0|11|2|13
0|12|2|14
0|12|3|15
0|13|3|16
0|13|4|17
0|14|4|18
0|14|5|19
0|15|5|20
0|16|5|21
0|17|5|22
0|18|5|23
0|19|5|24
0|19|6|25
0|20|6|26
0|20|7|27
0|21|7|28
0|21|8|29
0|22|8|30
0|22|9|31
0|23|9|32
0|24|10|34
0|25|10|35
0|25|11|36
0|26|11|37
0|27|11|38
0|28|11|39
0|29|11|40
0|30|11|41
0|31|11|42
0|32|11|43
0|33|11|44
0|34|11|45
0|35|11|46
0|36|11|47
0|36|12|48
0|37|12|49
0|37|13|50
0|38|13|51
0|38|14|52
0|39|14|53
0|39|15|54
0|40|15|55
0|40|16|56
0|41|16|57
0|42|16|58
0|43|16|59
0|44|16|60
0|45|16|61
0|45|17|62
0|46|17|63
0|46|18|64
0|47|18|65
0|47|19|66
0|48|19|67
0|48|20|68
0|49|20|69
0|49|21|70
0|50|21|71
0|50|22|72
0|51|22|73
0|51|23|74
0|52|23|75
0|52|24|76
0|53|24|77
0|53|25|78
0|54|25|79
0|54|26|80
0|55|26|81
0|55|27|82
0|56|27|83
0|56|28|84
0|57|28|85
0|57|29|86
0|58|29|87
0|58|30|88
0|59|30|89
0|59|31|90
0|60|31|91
0|60|32|92
0|61|32|93
0|61|33|94
0|62|33|95
0|62|34|96
0|63|34|97
0|63|35|98
0|64|35|99
0|64|36|100
0|65|36|101
0|65|37|102
0|66|37|103
0|66|38|104
0|67|38|105
0|67|39|106
0|68|39|107
0|68|40|108
0|69|40|109
0|70|40|110
0|71|40|111
0|72|40|112
0|73|40|113
0|74|40|114
0|75|40|115
0|76|40|116
0|77|40|117
0|78|40|118
0|79|40|119
0|79|41|120
0|80|41|121
0|80|42|122
0|81|42|123
0|81|43|124
0|82|43|125
0|82|44|126
0|83|44|127
0|83|45|128
0|84|45|129
0|85|45|130
0|86|45|131
0|86|46|132
0|87|46|133
0|88|46|134
0|89|46|135
0|89|47|136
0|90|47|137
0|91|47|138
0|92|47|139
0|93|47|140
0|94|47|141
0|95|47|142
0|96|47|143
0|97|47|144
0|98|47|145
0|99|47|146
0|100|47|147
0|101|47|148
0|102|47|149
0|103|47|150
0|104|47|151
0|105|47|152
0|106|47|153
0|107|47|154
0|108|47|155
0|109|47|156
0|110|47|157
0|111|47|158
0|112|47|159
0|113|47|160
0|114|47|161
0|115|47|162
0|116|47|163
0|117|47|164
0|118|47|165
0|119|47|166
0|120|47|167
0|121|47|168
0|122|47|169
0|123|47|170
0|124|47|171
0|125|47|172
0|126|47|173
0|127|47|174
0|128|47|175
0|129|47|176
0|130|47|177
0|130|48|178
0|131|48|179
0|132|48|180
0|133|48|181
0|133|49|182
0|134|49|183
0|134|50|184
0|135|50|185
0|136|50|186
0|137|50|187
0|137|51|188
0|138|51|189
0|139|51|190
0|140|51|191
0|140|52|192
0|141|52|193
0|142|52|194
0|143|52|195
0|144|52|196
0|145|52|197
0|145|53|198
0|146|53|199
0|146|54|200
0|147|54|201
0|147|55|202
0|148|55|203
0|148|56|204
0|149|56|205
0|150|56|206
0|151|56|207
0|151|57|208
0|152|57|209
0|153|57|210
0|154|57|211
0|155|57|212
0|156|57|213
0|156|58|214
0|157|58|215
0|157|59|216
0|158|59|217
0|158|60|218
0|159|60|219
0|160|60|220
0|161|60|221
0|161|61|222
0|162|61|223
0|163|61|224
0|164|61|225
0|164|62|226
0|165|62|227
0|165|63|228
0|166|63|229
0|166|64|230
0|167|64|231
0|168|64|232
0|169|64|233
0|169|65|234
0|170|65|235
0|171|65|236
0|172|65|237
0|173|65|238
0|174|65|239
0|175|65|240
0|176|65|241
0|177|65|242
0|178|65|243
0|179|65|244
0|180|65|245
0|180|66|246
0|181|66|247
0|181|67|248
0|182|67|249
0|182|68|250
0|183|68|251
0|183|69|252
0|184|69|253
0|185|69|254
0|186|69|255
0|187|69|256
0|188|69|257
0|189|69|258
0|190|69|259
0|191|69|260
0|192|69|261
0|193|69|262
0|194|69|263
0|195|69|264
0|196|69|265
0|196|70|266
0|197|70|267
0|197|71|268
0|198|71|269
0|198|72|270
0|199|72|271
0|199|73|272
0|200|73|273
0|200|74|274
0|201|74|275
0|202|74|276
0|203|74|277
0|204|74|278
0|205|74|279
0|206|74|280
0|207|74|281
0|207|75|282
0|208|75|283
0|208|76|284
0|209|76|285
0|209|77|286
0|210|77|287
0|210|78|288
0|211|78|289
0|212|78|290
0|213|78|291
0|213|79|292
0|214|79|293
0|214|80|294
0|215|80|295
0|216|80|296
0|217|80|297
0|217|81|298
0|218|81|299
0|218|82|300
0|219|82|301
0|220|82|302
0|221|82|303
0|221|83|304
0|222|83|305
0|222|84|306
0|223|84|307
0|224|84|308
0|225|84|309
0|226|84|310
0|227|84|311
0|227|85|312
0|228|85|313
0|229|85|314
0|230|85|315
0|231|85|316
0|232|85|317
0|233|85|318
0|234|85|319
0|235|85|320
0|236|85|321
0|237|85|322
1|237|85|323
1|238|85|324
1|239|85|325
1|240|85|326
1|241|85|327
1|242|85|328
1|243|85|329
1|243|86|330
2|243|86|331
2|244|86|332
2|245|86|333
2|246|86|334
2|247|86|335
2|247|87|336
2|248|87|337
2|249|87|338
2|250|87|339
2|251|87|340
2|252|87|341
2|252|88|342
2|253|88|343
2|254|88|344
2|255|88|345
2|256|88|346
2|257|88|347
2|258|88|348
2|259|88|349
2|260|88|350
2|261|88|351
2|262|88|352
2|263|88|353
2|263|89|354
2|264|89|355
2|264|90|356
2|265|90|357
2|265|91|358
2|266|91|359
2|266|92|360
2|267|92|361
2|267|93|362
2|268|93|363
2|268|94|364
2|269|94|365
2|269|95|366
2|270|95|367
2|271|95|368
2|272|95|369
2|272|96|370
2|273|96|371
2|273|97|372
2|274|97|373
2|274|98|374
2|275|98|375
2|275|99|376
2|276|99|377
2|276|100|378
2|277|100|379
2|277|101|380
2|278|101|381
2|278|102|382
2|279|102|383
2|279|103|384
2|280|103|385
2|280|104|386
2|281|104|387
2|282|104|388
2|283|104|389
2|283|105|390
2|284|105|391
2|285|105|392
2|286|105|393
2|286|106|394
2|287|106|395
2|288|106|396
2|289|106|397
2|290|106|398
2|291|106|399
2|292|106|400
2|293|106|401
2|293|107|402
2|294|107|403
2|295|107|404
2|296|107|405
2|296|108|406
2|297|108|407
2|297|109|408
2|298|109|409
2|299|109|410
2|300|109|411
2|301|109|412
2|302|109|413
2|302|110|414
2|303|110|415
2|304|110|416
2|305|110|417
2|306|110|418
2|307|110|419
2|308|110|420
2|309|110|421
2|310|110|422
2|311|110|423
2|312|110|424
3|312|110|425
3|313|110|426
3|314|110|427
3|315|110|428
3|316|110|429
3|317|110|430
3|318|110|431
3|319|110|432
4|319|110|433
4|320|110|434
4|321|110|435
4|322|110|436
4|323|110|437
4|324|110|438
5|324|110|439
5|325|110|440
5|326|110|441
5|327|110|442
5|328|110|443
5|329|110|444
5|330|110|445
5|331|110|446
5|332|110|447
5|333|110|448
5|334|110|449
5|335|110|450
5|336|110|451
5|337|110|452
5|338|110|453
5|339|110|454
5|340|110|455
5|341|110|456
5|342|110|457
5|343|110|458
6|343|110|459
6|344|110|460
6|345|110|461
6|346|110|462
6|347|110|463
6|348|110|464
6|349|110|465
6|350|110|466
6|351|110|467
6|352|110|468
6|353|110|469
6|354|110|470
6|355|110|471
6|356|110|472
6|357|110|473
6|358|110|474
6|359|110|475
6|360|110|476
6|361|110|477
6|362|110|478
6|363|110|479
6|364|110|480
6|365|110|481
6|366|110|482
6|367|110|483
6|368|110|484
6|369|110|485
6|370|110|486
6|371|110|487
6|372|110|488
6|373|110|489
6|374|110|490
6|375|110|491
6|376|110|492
6|377|110|493
6|378|110|494
6|379|110|495
6|380|110|496
6|381|110|497
6|382|110|498
6|383|110|499
6|384|110|500
6|385|110|501
6|386|110|502
6|387|110|503
6|388|110|504
6|389|110|505
6|390|110|506
6|391|110|507
6|392|110|508
6|393|110|509
6|394|110|510
6|395|110|511
6|396|110|512
6|397|110|513
6|398|110|514
6|399|110|515
6|400|110|516
6|401|110|517
6|402|110|518
6|403|110|519
6|404|110|520
6|405|110|521
6|406|110|522
6|407|110|523
6|408|110|524
6|409|110|525
6|410|110|526
6|411|110|527
6|412|110|528
6|413|110|529
6|414|110|530
6|415|110|531
6|416|110|532
6|417|110|533
6|417|111|534
6|418|111|535
6|418|112|536
6|419|112|537
6|419|113|538
6|420|113|539
6|420|114|540
6|421|114|541
6|421|115|542
6|422|115|543
6|422|116|544
6|423|116|545
6|423|117|546
6|424|117|547
6|424|118|548
6|425|118|549
6|425|119|550
6|426|119|551
6|426|120|552
6|427|120|553
6|427|121|554
6|428|121|555
6|428|122|556
6|429|122|557
6|429|123|558
6|430|123|559
6|430|124|560
6|431|124|561
6|431|125|562
6|432|125|563
6|432|126|564
6|433|126|565
6|433|127|566
6|434|127|567
6|434|128|568
6|435|128|569
6|436|128|570
6|437|128|571
6|438|128|572
6|439|128|573
6|440|128|574
6|441|128|575
6|442|128|576
6|443|128|577
6|444|128|578
6|445|128|579
6|446|128|580
6|447|128|581
6|448|128|582
6|449|128|583
6|450|128|584
6|451|128|585
6|452|128|586
6|453|128|587
6|454|128|588
6|455|128|589
6|456|128|590
6|457|128|591
6|458|128|592
6|459|128|593
6|460|128|594
6|461|128|595
6|462|128|596
6|463|128|597
6|464|128|598
6|465|128|599
6|466|128|600
6|467|128|601
6|468|128|602
6|469|128|603
6|470|128|604
6|471|128|605
6|471|129|606
6|472|129|607
6|472|130|608
6|473|130|609
6|473|131|610
6|474|131|611
6|474|132|612
6|475|132|613
6|475|133|614
6|476|133|615
6|476|134|616
6|477|134|617
6|477|135|618
6|478|135|619
6|478|136|620
6|479|136|621
6|479|137|622
6|480|137|623
6|480|138|624
6|481|138|625
6|481|139|626
6|482|139|627
6|482|140|628
6|483|140|629
6|483|141|630
6|484|141|631
6|484|142|632
6|485|142|633
6|485|143|634
6|486|143|635
6|486|144|636
6|487|144|637
6|487|145|638
6|488|145|639
6|488|146|640
6|489|146|641
6|489|147|642
6|490|147|643
6|490|148|644
6|491|148|645
6|491|149|646
6|492|149|647
6|492|150|648
6|493|150|649
6|493|151|650
6|494|151|651
6|494|152|652
6|495|152|653
6|495|153|654
6|496|153|655
6|496|154|656
6|497|154|657
6|497|155|658
6|498|155|659
6|498|156|660
6|499|156|661
6|499|157|662
6|500|157|663
6|500|158|664
6|501|158|665
6|501|159|666
6|502|159|667
6|502|160|668
6|503|160|669
6|503|161|670
6|504|161|671
6|504|162|672
6|505|162|673
6|505|163|674
6|506|163|675
6|506|164|676
6|507|164|677
6|508|164|678
6|509|164|679
6|510|164|680
6|511|164|681
6|512|164|682
6|513|164|683
6|514|164|684
7|514|164|685
7|515|164|686
7|516|164|687
7|517|164|688
7|518|164|689
7|519|164|690
7|520|164|691
7|520|165|692
7|521|165|693
7|522|165|694
7|523|165|695
7|523|166|696
7|524|166|697
7|524|167|698
8|524|167|699
8|525|167|700
8|526|167|701
8|526|168|702
8|527|168|703
8|528|168|704
8|529|168|705
8|529|169|706
8|530|169|707
8|530|170|708
8|531|170|709
8|531|171|710
8|532|171|711
8|533|171|712
8|534|171|713
8|534|172|714
9|534|172|715
9|535|172|716
9|536|172|717
9|536|173|718
9|537|173|719
9|538|173|720
9|539|173|721
9|540|173|722
9|541|173|723
9|542|173|724
9|543|173|725
9|544|173|726
9|545|173|727
9|545|174|728
9|546|174|729
9|547|174|730
9|548|174|731
9|548|175|732
9|549|175|733
9|549|176|734
9|550|176|735
9|551|176|736
9|552|176|737
9|552|177|738
9|553|177|739
9|554|177|740
9|555|177|741
9|556|177|742
9|557|177|743
9|558|177|744
9|559|177|745
9|560|177|746
9|561|177|747
9|562|177|748
9|563|177|749
9|563|178|750
9|564|178|751
9|564|179|752
9|565|179|753
9|565|180|754
9|566|180|755
9|566|181|756
9|567|181|757
9|567|182|758
9|568|182|759
9|568|183|760
9|569|183|761
9|569|184|762
9|570|184|763
9|570|185|764
9|571|185|765
9|571|186|766
9|572|186|767
9|572|187|768
9|573|187|769
9|573|188|770
9|574|188|771
9|574|189|772
9|575|189|773
9|575|190|774
9|576|190|775
9|576|191|776
9|577|191|777
9|577|192|778
9|578|192|779
9|578|193|780
9|579|193|781
9|579|194|782
9|580|194|783
9|580|195|784
9|581|195|785
9|582|195|786
9|583|195|787
9|584|195|788
9|585|195|789
9|585|196|790
9|586|196|791
9|587|196|792
9|588|196|793
9|589|196|794
9|590|196|795
9|591|196|796
9|592|196|797
9|593|196|798
9|594|196|799
9|594|197|800
9|595|197|801
9|596|197|802
9|597|197|803
9|597|198|804
9|598|198|805
9|598|199|806
9|599|199|807
9|600|199|808
9|601|199|809
9|602|199|810
9|603|199|811
9|603|200|812
9|604|200|813
9|605|200|814
9|606|200|815
9|607|200|816
9|608|200|817
9|609|200|818
9|610|200|819
9|611|200|820
9|612|200|821
9|613|200|822
9|614|200|823
9|615|200|824
9|616|200|825
9|617|200|826
9|618|200|827
9|619|200|828
9|620|200|829
9|621|200|830
9|622|200|831
9|623|200|832
9|624|200|833
9|625|200|834
9|626|200|835
9|627|200|836
9|628|200|837
9|629|200|838
9|630|200|839
9|631|200|840
9|632|200|841
9|633|200|842
9|634|200|843
9|635|200|844
9|636|200|845
9|637|200|846
9|638|200|847
9|639|200|848
9|640|200|849
9|641|200|850
9|642|200|851
9|643|200|852
9|644|200|853
9|645|200|854
9|646|200|855
9|647|200|856
9|648|200|857
9|648|201|858
9|649|201|859
9|649|202|860
9|650|202|861
9|651|202|862
9|652|202|863
9|653|202|864
9|654|202|865
9|655|202|866
9|656|202|867
9|657|202|868
9|658|202|869
9|658|203|870
9|659|203|871
9|660|203|872
9|661|203|873
9|662|203|874
9|663|203|875
9|663|204|876
9|664|204|877
9|665|204|878
9|666|204|879
9|667|204|880
9|668|204|881
9|668|205|882
9|669|205|883
9|669|206|884
9|670|206|885
9|671|206|886
9|672|206|887
9|673|206|888
9|674|206|889
9|675|206|890
9|676|206|891
9|677|206|892
9|678|206|893
9|678|207|894
9|679|207|895
9|680|207|896
9|681|207|897
9|681|208|898
9|682|208|899
9|683|208|900
9|684|208|901
9|685|208|902
9|686|208|903
9|687|208|904
9|688|208|905
9|689|208|906
9|690|208|907
9|691|208|908
9|692|208|909
9|692|209|910
9|693|209|911
9|694|209|912
9|695|209|913
9|695|210|914
9|696|210|915
9|697|210|916
9|698|210|917
9|698|211|918
9|699|211|919
9|699|212|920
9|700|212|921
9|700|213|922
9|701|213|923
9|702|213|924
9|703|213|925
9|704|213|926
9|705|213|927
9|705|214|928
9|706|214|929
9|707|214|930
9|708|214|931
9|709|214|932
9|710|214|933
9|710|215|934
9|711|215|935
9|712|215|936
9|713|215|937
9|714|215|938
9|715|215|939
9|716|215|940
9|717|215|941
9|718|215|942
9|719|215|943
9|719|216|944
9|720|216|945
9|720|217|946
9|721|217|947
9|721|218|948
9|722|218|949
9|722|219|950
9|723|219|951
9|724|219|952
9|725|219|953
9|726|219|954
9|727|219|955
9|727|220|956
9|728|220|957
9|729|220|958
9|730|220|959
9|730|221|960
9|731|221|961
9|732|221|962
9|733|221|963
9|734|221|964
9|735|221|965
9|736|221|966
9|737|221|967
9|737|222|968
9|738|222|969
9|739|222|970
9|740|222|971
9|740|223|972
9|741|223|973
9|742|223|974
9|743|223|975
9|743|224|976
9|744|224|977
9|744|225|978
9|745|225|979
9|746|225|980
9|747|225|981
9|747|226|982
9|748|226|983
9|748|227|984
9|749|227|985
9|750|227|986
9|751|227|987
9|752|227|988
9|753|227|989
9|753|228|990
9|754|228|991
9|755|228|992
9|756|228|993
9|757|228|994
9|758|228|995
9|759|228|996
9|760|228|997
9|760|229|998
9|761|229|999
9|762|229|1000
10|762|229|1001
10|763|229|1002
10|764|229|1003
10|764|230|1004
10|765|230|1005
10|766|230|1006
11|766|230|1007
11|767|230|1008
11|768|230|1009
11|769|230|1010
11|770|230|1011
11|771|230|1012
11|772|230|1013
11|772|231|1014
11|773|231|1015
11|774|231|1016
11|775|231|1017
11|776|231|1018
11|777|231|1019
11|777|232|1020
11|778|232|1021
11|778|233|1022
11|779|233|1023
11|780|233|1024
11|781|233|1025
11|781|234|1026
11|782|234|1027
11|783|234|1028
11|784|234|1029
11|785|234|1030
11|786|234|1031
11|787|234|1032
12|787|234|1033
12|788|234|1034
12|789|234|1035
12|790|234|1036
12|791|234|1037
12|792|234|1038
12|793|234|1039
12|793|235|1040
12|794|235|1041
12|795|235|1042
12|796|235|1043
12|796|236|1044
12|797|236|1045
12|797|237|1046
12|798|237|1047
12|798|238|1048
12|799|238|1049
12|799|239|1050
12|800|239|1051
12|800|240|1052
12|801|240|1053
12|801|241|1054
12|802|241|1055
12|802|242|1056
12|803|242|1057
12|804|242|1058
12|805|242|1059
12|805|243|1060
12|806|243|1061
12|806|244|1062
12|807|244|1063
12|807|245|1064
12|808|245|1065
12|808|246|1066
12|809|246|1067
12|810|246|1068
12|811|246|1069
12|811|247|1070
12|812|247|1071
12|812|248|1072
12|813|248|1073
12|814|248|1074
12|815|248|1075
12|816|248|1076
12|817|248|1077
12|818|248|1078
12|819|248|1079
12|820|248|1080
12|821|248|1081
12|822|248|1082
12|823|248|1083
12|824|248|1084
12|825|248|1085
12|825|249|1086
12|826|249|1087
12|827|249|1088
12|828|249|1089
12|828|250|1090
12|829|250|1091
12|829|251|1092
12|830|251|1093
12|831|251|1094
12|832|251|1095
12|833|251|1096
12|834|251|1097
12|834|252|1098
12|835|252|1099
12|836|252|1100
12|837|252|1101
12|838|252|1102
12|839|252|1103
12|840|252|1104
12|841|252|1105
12|842|252|1106
12|843|252|1107
12|843|253|1108
13|843|253|1109
13|844|253|1110
14|844|253|1111
14|845|253|1112
14|846|253|1113
14|847|253|1114
14|848|253|1115
14|849|253|1116
14|850|253|1117
14|851|253|1118
14|852|253|1119
14|853|253|1120
14|854|253|1121
14|855|253|1122
14|856|253|1123
14|857|253|1124
14|858|253|1125
14|859|253|1126
14|860|253|1127
14|861|253|1128
14|862|253|1129
14|863|253|1130
14|864|253|1131
14|865|253|1132
14|866|253|1133
14|867|253|1134
14|868|253|1135
14|869|253|1136
14|870|253|1137
14|871|253|1138
15|871|253|1139
15|872|253|1140
15|873|253|1141
15|874|253|1142
15|875|253|1143
15|876|253|1144
15|877|253|1145
15|878|253|1146
15|879|253|1147
15|880|253|1148
15|881|253|1149
15|882|253|1150
15|883|253|1151
15|884|253|1152
15|885|253|1153
15|886|253|1154
15|887|253|1155
15|888|253|1156
15|889|253|1157
15|890|253|1158
15|891|253|1159
15|892|253|1160
15|893|253|1161
15|894|253|1162
15|895|253|1163
15|896|253|1164
15|897|253|1165
15|898|253|1166
15|899|253|1167
15|900|253|1168
15|901|253|1169
15|902|253|1170
15|903|253|1171
15|904|253|1172
15|905|253|1173
15|906|253|1174
15|907|253|1175
15|908|253|1176
15|909|253|1177
15|910|253|1178
15|911|253|1179
15|912|253|1180
15|913|253|1181
15|914|253|1182
15|915|253|1183
15|916|253|1184
15|917|253|1185
15|918|253|1186
15|919|253|1187
15|920|253|1188
15|921|253|1189
15|922|253|1190
15|923|253|1191
15|924|253|1192
15|925|253|1193
15|926|253|1194
15|927|253|1195
15|928|253|1196
15|929|253|1197
15|930|253|1198
15|931|253|1199
15|932|253|1200
15|933|253|1201
15|934|253|1202
15|935|253|1203
15|936|253|1204
15|937|253|1205
15|938|253|1206
15|939|253|1207
15|940|253|1208
15|941|253|1209
15|942|253|1210
15|943|253|1211
15|944|253|1212
15|945|253|1213
15|946|253|1214
15|947|253|1215
15|948|253|1216
15|949|253|1217
15|949|254|1218
15|950|254|1219
15|950|255|1220
15|951|255|1221
15|951|256|1222
15|952|256|1223
15|952|257|1224
15|953|257|1225
15|953|258|1226
15|954|258|1227
15|954|259|1228
15|955|259|1229
15|955|260|1230
15|956|260|1231
15|956|261|1232
15|957|261|1233
15|957|262|1234
15|958|262|1235
15|958|263|1236
15|959|263|1237
15|959|264|1238
15|960|264|1239
15|960|265|1240
15|961|265|1241
15|961|266|1242
15|962|266|1243
15|962|267|1244
15|963|267|1245
15|963|268|1246
15|964|268|1247
15|964|269|1248
15|965|269|1249
15|965|270|1250
15|966|270|1251
15|966|271|1252
16|966|271|1253
16|967|271|1254
17|967|271|1255
17|968|271|1256
17|969|271|1257
17|970|271|1258
17|971|271|1259
17|972|271|1260
17|973|271|1261
17|974|271|1262
17|975|271|1263
17|976|271|1264
17|977|271|1265
17|978|271|1266
17|979|271|1267
17|980|271|1268
17|981|271|1269
17|982|271|1270
17|983|271|1271
17|984|271|1272
17|985|271|1273
17|986|271|1274
17|987|271|1275
17|988|271|1276
17|989|271|1277
17|990|271|1278
17|991|271|1279
17|992|271|1280
17|993|271|1281
17|994|271|1282
18|994|271|1283
18|995|271|1284
19|995|271|1285
19|996|271|1286
19|997|271|1287
19|998|271|1288
19|999|271|1289
19|999|272|1290
19|1000|272|1291
19|1000|273|1292
19|1001|273|1293
19|1001|274|1294
19|1002|274|1295
19|1002|275|1296
19|1003|275|1297
19|1003|276|1298
19|1004|276|1299
19|1004|277|1300
19|1005|277|1301
19|1005|278|1302
19|1006|278|1303
19|1006|279|1304
19|1007|279|1305
19|1007|280|1306
19|1008|280|1307
19|1008|281|1308
19|1009|281|1309
19|1009|282|1310
19|1010|282|1311
19|1010|283|1312
19|1011|283|1313
19|1011|284|1314
19|1012|284|1315
19|1012|285|1316
19|1013|285|1317
19|1013|286|1318
19|1014|286|1319
19|1014|287|1320
19|1015|287|1321
19|1015|288|1322
19|1016|288|1323
19|1016|289|1324
19|1017|289|1325
19|1017|290|1326
19|1018|290|1327
19|1018|291|1328
19|1019|291|1329
19|1019|292|1330
19|1020|292|1331
19|1020|293|1332
19|1021|293|1333
19|1021|294|1334
19|1022|294|1335
19|1022|295|1336
19|1023|295|1337
19|1023|296|1338
19|1024|296|1339
19|1024|297|1340
19|1025|297|1341
19|1025|298|1342
19|1026|298|1343
19|1026|299|1344
19|1027|299|1345
19|1027|300|1346
19|1028|300|1347
19|1028|301|1348
19|1029|301|1349
19|1029|302|1350
19|1030|302|1351
19|1030|303|1352
19|1031|303|1353
19|1031|304|1354
19|1032|304|1355
19|1032|305|1356
19|1033|305|1357
19|1033|306|1358
19|1034|306|1359
19|1034|307|1360
19|1035|307|1361
19|1036|307|1362
19|1037|307|1363
19|1038|307|1364
19|1039|307|1365
19|1040|307|1366
19|1041|307|1367
19|1042|307|1368
20|1042|307|1369
20|1043|307|1370
20|1044|307|1371
20|1045|307|1372
20|1046|307|1373
20|1047|307|1374
20|1048|307|1375
20|1048|308|1376
21|1048|308|1377
21|1049|308|1378
21|1050|308|1379
21|1050|309|1380
21|1051|309|1381
21|1051|310|1382
21|1052|310|1383
21|1053|310|1384
21|1054|310|1385
21|1054|311|1386
21|1055|311|1387
21|1056|311|1388
21|1057|311|1389
21|1058|311|1390
21|1059|311|1391
21|1059|312|1392
21|1060|312|1393
21|1061|312|1394
21|1062|312|1395
21|1063|312|1396
21|1064|312|1397
21|1065|312|1398
21|1066|312|1399
21|1066|313|1400
21|1067|313|1401
21|1067|314|1402
21|1068|314|1403
21|1069|314|1404
21|1070|314|1405
21|1071|314|1406
21|1072|314|1407
21|1073|314|1408
21|1074|314|1409
21|1075|314|1410
21|1076|314|1411
21|1076|315|1412
21|1077|315|1413
21|1078|315|1414
21|1079|315|1415
21|1079|316|1416
21|1080|316|1417
21|1080|317|1418
21|1081|317|1419
21|1082|317|1420
21|1083|317|1421
21|1083|318|1422
21|1084|318|1423
21|1085|318|1424
21|1086|318|1425
21|1087|318|1426
21|1088|318|1427
21|1089|318|1428
21|1090|318|1429
21|1091|318|1430
21|1092|318|1431
21|1093|318|1432
21|1094|318|1433
21|1094|319|1434
21|1095|319|1435
21|1095|320|1436
21|1096|320|1437
21|1096|321|1438
21|1097|321|1439
21|1097|322|1440
21|1098|322|1441
21|1098|323|1442
21|1099|323|1443
21|1099|324|1444
21|1100|324|1445
21|1100|325|1446
21|1101|325|1447
21|1101|326|1448
21|1102|326|1449
21|1102|327|1450
21|1103|327|1451
21|1103|328|1452
21|1104|328|1453
21|1104|329|1454
21|1105|329|1455
21|1105|330|1456
21|1106|330|1457
21|1106|331|1458
21|1107|331|1459
21|1107|332|1460
21|1108|332|1461
21|1108|333|1462
21|1109|333|1463
21|1109|334|1464
21|1110|334|1465
21|1110|335|1466
21|1111|335|1467
21|1111|336|1468
21|1112|336|1469
21|1113|336|1470
21|1114|336|1471
21|1115|336|1472
21|1116|336|1473
21|1117|336|1474
21|1118|336|1475
21|1119|336|1476
21|1120|336|1477
21|1121|336|1478
21|1122|336|1479
21|1123|336|1480
21|1124|336|1481
21|1125|336|1482
21|1126|336|1483
21|1126|337|1484
21|1127|337|1485
21|1128|337|1486
21|1129|337|1487
21|1129|338|1488
21|1130|338|1489
21|1130|339|1490
21|1131|339|1491
21|1132|339|1492
21|1133|339|1493
21|1134|339|1494
21|1135|339|1495
21|1135|340|1496
21|1136|340|1497
21|1137|340|1498
21|1138|340|1499
21|1138|341|1500
21|1139|341|1501
21|1140|341|1502
21|1141|341|1503
21|1142|341|1504
21|1143|341|1505
21|1144|341|1506
21|1145|341|1507
21|1146|341|1508
21|1147|341|1509
21|1148|341|1510
21|1149|341|1511
21|1150|341|1512
21|1151|341|1513
21|1152|341|1514
21|1153|341|1515
21|1154|341|1516
21|1155|341|1517
21|1156|341|1518
21|1157|341|1519
21|1158|341|1520
21|1159|341|1521
21|1160|341|1522
21|1161|341|1523
21|1162|341|1524
21|1163|341|1525
21|1164|341|1526
21|1165|341|1527
21|1166|341|1528
21|1167|341|1529
21|1168|341|1530
21|1169|341|1531
21|1170|341|1532
21|1171|341|1533
21|1172|341|1534
21|1173|341|1535
21|1174|341|1536
21|1175|341|1537
21|1176|341|1538
21|1177|341|1539
21|1178|341|1540
21|1179|341|1541
21|1179|342|1542
21|1180|342|1543
21|1181|342|1544
21|1182|342|1545
21|1183|342|1546
21|1184|342|1547
21|1184|343|1548
21|1185|343|1549
21|1186|343|1550
21|1187|343|1551
21|1187|344|1552
21|1188|344|1553
21|1188|345|1554
21|1189|345|1555
21|1190|345|1556
21|1191|345|1557
21|1191|346|1558
21|1192|346|1559
21|1193|346|1560
21|1194|346|1561
21|1195|346|1562
21|1196|346|1563
21|1197|346|1564
21|1198|346|1565
21|1199|346|1566
21|1200|346|1567
21|1200|347|1568
21|1201|347|1569
21|1201|348|1570
21|1202|348|1571
21|1203|348|1572
21|1204|348|1573
21|1204|349|1574
21|1205|349|1575
21|1205|350|1576
21|1206|350|1577
21|1206|351|1578
21|1207|351|1579
21|1208|351|1580
21|1209|351|1581
21|1209|352|1582
21|1210|352|1583
21|1211|352|1584
21|1212|352|1585
21|1213|352|1586
21|1214|352|1587
21|1214|353|1588
21|1215|353|1589
21|1215|354|1590
21|1216|354|1591
21|1216|355|1592
21|1217|355|1593
21|1218|355|1594
21|1219|355|1595
21|1220|355|1596
21|1221|355|1597
21|1222|355|1598
21|1223|355|1599
21|1224|355|1600
21|1225|355|1601
21|1225|356|1602
21|1226|356|1603
21|1226|357|1604
21|1227|357|1605
21|1227|358|1606
21|1228|358|1607
21|1229|358|1608
21|1230|358|1609
21|1231|358|1610
21|1232|358|1611
21|1232|359|1612
21|1233|359|1613
21|1234|359|1614
21|1235|359|1615
21|1236|359|1616
21|1237|359|1617
21|1238|359|1618
21|1239|359|1619
21|1240|359|1620
21|1241|359|1621
21|1242|359|1622
21|1243|359|1623
21|1244|359|1624
21|1245|359|1625
21|1246|359|1626
21|1247|359|1627
21|1247|360|1628
21|1248|360|1629
21|1249|360|1630
21|1250|360|1631
21|1251|360|1632
21|1252|360|1633
21|1252|361|1634
21|1253|361|1635
21|1254|361|1636
21|1255|361|1637
21|1256|361|1638
21|1257|361|1639
21|1257|362|1640
21|1258|362|1641
21|1259|362|1642
21|1260|362|1643
21|1261|362|1644
21|1262|362|1645
21|1262|363|1646
21|1263|363|1647
21|1263|364|1648
21|1264|364|1649
21|1264|365|1650
21|1265|365|1651
21|1265|366|1652
21|1266|366|1653
21|1266|367|1654
21|1267|367|1655
21|1267|368|1656
21|1268|368|1657
21|1269|368|1658
21|1270|368|1659
21|1270|369|1660
21|1271|369|1661
21|1271|370|1662
21|1272|370|1663
21|1272|371|1664
21|1273|371|1665
21|1274|371|1666
21|1275|371|1667
21|1275|372|1668
21|1276|372|1669
21|1276|373|1670
21|1277|373|1671
21|1277|374|1672
21|1278|374|1673
21|1278|375|1674
21|1279|375|1675
21|1279|376|1676
21|1280|376|1677
21|1280|377|1678
21|1281|377|1679
21|1282|377|1680
21|1283|377|1681
21|1284|377|1682
21|1285|377|1683
21|1285|378|1684
21|1286|378|1685
21|1287|378|1686
21|1288|378|1687
21|1289|378|1688
21|1290|378|1689
21|1291|378|1690
21|1292|378|1691
21|1293|378|1692
21|1294|378|1693
21|1294|379|1694
21|1295|379|1695
21|1296|379|1696
21|1297|379|1697
21|1297|380|1698
21|1298|380|1699
21|1299|380|1700
21|1300|380|1701
21|1300|381|1702
21|1301|381|1703
21|1301|382|1704
21|1302|382|1705
21|1303|382|1706
21|1304|382|1707
21|1305|382|1708
21|1306|382|1709
21|1306|383|1710
21|1307|383|1711
21|1308|383|1712
21|1309|383|1713
21|1310|383|1714
21|1311|383|1715
21|1312|383|1716
21|1313|383|1717
21|1314|383|1718
21|1315|383|1719
21|1315|384|1720
21|1316|384|1721
21|1316|385|1722
21|1317|385|1723
21|1317|386|1724
21|1318|386|1725
21|1318|387|1726
21|1319|387|1727
21|1319|388|1728
21|1320|388|1729
21|1321|388|1730
21|1322|388|1731
21|1322|389|1732
21|1323|389|1733
21|1323|390|1734
21|1324|390|1735
21|1324|391|1736
21|1325|391|1737
21|1326|391|1738
21|1327|391|1739
21|1327|392|1740
21|1328|392|1741
21|1328|393|1742
21|1329|393|1743
21|1329|394|1744
21|1330|394|1745
21|1330|395|1746
21|1331|395|1747
21|1331|396|1748
21|1332|396|1749
21|1332|397|1750
21|1333|397|1751
21|1333|398|1752
21|1334|398|1753
21|1334|399|1754
21|1335|399|1755
21|1335|400|1756
21|1336|400|1757
21|1336|401|1758
21|1337|401|1759
21|1338|401|1760
21|1339|401|1761
21|1339|402|1762
21|1340|402|1763
21|1341|402|1764
21|1342|402|1765
21|1343|402|1766
21|1344|402|1767
21|1345|402|1768
21|1346|402|1769
21|1346|403|1770
21|1347|403|1771
21|1348|403|1772
21|1349|403|1773
21|1350|403|1774
21|1351|403|1775
21|1351|404|1776
21|1352|404|1777
21|1352|405|1778
21|1353|405|1779
21|1353|406|1780
21|1354|406|1781
21|1354|407|1782
21|1355|407|1783
21|1355|408|1784
21|1356|408|1785
21|1357|408|1786
21|1358|408|1787
21|1359|408|1788
21|1360|408|1789
21|1361|408|1790
21|1362|408|1791
21|1362|409|1792
21|1363|409|1793
21|1364|409|1794
21|1365|409|1795
21|1366|409|1796
21|1367|409|1797
21|1368|409|1798
21|1369|409|1799
21|1370|409|1800
21|1371|409|1801
21|1372|409|1802
21|1373|409|1803
21|1374|409|1804
21|1375|409|1805
21|1376|409|1806
21|1377|409|1807
21|1378|409|1808
21|1379|409|1809
21|1380|409|1810
21|1381|409|1811
21|1382|409|1812
21|1383|409|1813
21|1384|409|1814
21|1385|409|1815
21|1386|409|1816
21|1387|409|1817
21|1388|409|1818
21|1389|409|1819
21|1390|409|1820
22|1390|409|1821
22|1391|409|1822
22|1392|409|1823
22|1393|409|1824
23|1393|409|1825
23|1394|409|1826
23|1395|409|1827
23|1396|409|1828
23|1397|409|1829
23|1398|409|1830
23|1399|409|1831
23|1400|409|1832
23|1401|409|1833
23|1402|409|1834
23|1403|409|1835
23|1404|409|1836
23|1405|409|1837
23|1406|409|1838
23|1407|409|1839
23|1408|409|1840
23|1409|409|1841
23|1410|409|1842
23|1411|409|1843
23|1412|409|1844
23|1413|409|1845
23|1414|409|1846
23|1415|409|1847
23|1416|409|1848
23|1417|409|1849
23|1418|409|1850
23|1419|409|1851
23|1420|409|1852
23|1421|409|1853
23|1422|409|1854
23|1423|409|1855
23|1424|409|1856
23|1425|409|1857
23|1426|409|1858
23|1427|409|1859
23|1428|409|1860
23|1429|409|1861
23|1430|409|1862
23|1431|409|1863
23|1432|409|1864
23|1433|409|1865
23|1434|409|1866
23|1435|409|1867
23|1436|409|1868
23|1437|409|1869
23|1438|409|1870
23|1439|409|1871
23|1440|409|1872
23|1441|409|1873
23|1442|409|1874
23|1443|409|1875
23|1444|409|1876
23|1445|409|1877
23|1446|409|1878
23|1447|409|1879
23|1448|409|1880
23|1449|409|1881
23|1450|409|1882
23|1451|409|1883
23|1452|409|1884
23|1453|409|1885
23|1454|409|1886
23|1455|409|1887
23|1456|409|1888
23|1457|409|1889
23|1458|409|1890
23|1459|409|1891
23|1460|409|1892
23|1461|409|1893
23|1462|409|1894
23|1463|409|1895
23|1464|409|1896
23|1465|409|1897
23|1466|409|1898
23|1467|409|1899
23|1468|409|1900
23|1469|409|1901
23|1469|410|1902
23|1470|410|1903
23|1470|411|1904
23|1471|411|1905
23|1471|412|1906
23|1472|412|1907
23|1472|413|1908
23|1473|413|1909
23|1473|414|1910
23|1474|414|1911
23|1474|415|1912
23|1475|415|1913
23|1475|416|1914
23|1476|416|1915
23|1476|417|1916
23|1477|417|1917
23|1477|418|1918
23|1478|418|1919
23|1478|419|1920
23|1479|419|1921
23|1479|420|1922
23|1480|420|1923
23|1480|421|1924
23|1481|421|1925
23|1481|422|1926
23|1482|422|1927
23|1482|423|1928
23|1483|423|1929
23|1483|424|1930
23|1484|424|1931
23|1484|425|1932
23|1485|425|1933
23|1485|426|1934
23|1486|426|1935
23|1486|427|1936
23|1487|427|1937
23|1488|427|1938
23|1489|427|1939
23|1490|427|1940
23|1491|427|1941
23|1492|427|1942
23|1493|427|1943
23|1494|427|1944
23|1495|427|1945
23|1496|427|1946
23|1497|427|1947
23|1498|427|1948
23|1499|427|1949
23|1500|427|1950
23|1501|427|1951
23|1502|427|1952
23|1503|427|1953
23|1504|427|1954
23|1505|427|1955
23|1506|427|1956
23|1507|427|1957
23|1508|427|1958
23|1509|427|1959
23|1510|427|1960
23|1511|427|1961
23|1512|427|1962
23|1513|427|1963
23|1514|427|1964
23|1515|427|1965
23|1516|427|1966
23|1517|427|1967
23|1518|427|1968
23|1519|427|1969
23|1520|427|1970
24|1520|427|1971
24|1521|427|1972
24|1522|427|1973
24|1523|427|1974
24|1524|427|1975
24|1525|427|1976
24|1526|427|1977
24|1527|427|1978
24|1528|427|1979
24|1529|427|1980
24|1530|427|1981
24|1531|427|1982
24|1532|427|1983
24|1533|427|1984
24|1534|427|1985
24|1535|427|1986
24|1536|427|1987
24|1537|427|1988
24|1538|427|1989
24|1539|427|1990
24|1540|427|1991
24|1541|427|1992
24|1542|427|1993
24|1543|427|1994
24|1544|427|1995
24|1545|427|1996
24|1546|427|1997
24|1547|427|1998
24|1548|427|1999
24|1549|427|2000
