total
0|1|0|1
1|1|0|2
1|2|0|3
2|2|0|4
2|3|0|5
2|4|0|6
2|5|0|7
2|6|0|8
2|7|0|9
3|7|0|10
3|7|1|11
3|8|1|12
3|8|2|13
3|9|2|14
3|9|3|15
3|10|3|16
3|10|4|17
3|11|4|18
3|11|5|19
3|12|5|20
3|13|5|21
4|13|5|22
4|14|5|23
5|14|5|24
5|15|5|25
6|15|5|26
6|15|6|27
6|16|6|28
6|16|7|29
6|16|8|30
6|16|9|31
6|16|10|32
6|16|11|33
6|16|12|34
6|16|13|35
6|16|14|36
6|17|14|37
6|18|14|38
6|19|15|40
6|19|16|41
6|20|16|42
6|21|16|43
6|22|16|44
6|22|17|45
6|23|17|46
6|24|17|47
6|24|18|48
6|24|19|49
6|24|20|50
6|24|21|51
6|24|22|52
6|25|22|53
6|25|23|54
6|25|24|55
6|25|25|56
6|25|26|57
6|26|26|58
6|26|27|59
6|27|27|60
6|27|28|61
6|28|28|62
6|28|29|63
6|28|30|64
6|29|30|65
6|29|31|66
6|30|31|67
6|30|32|68
6|31|32|69
6|31|33|70
6|32|33|71
6|32|34|72
6|33|34|73
6|33|35|74
6|34|35|75
6|34|36|76
6|35|36|77
6|35|37|78
6|36|37|79
6|36|38|80
6|37|38|81
6|37|39|82
6|38|39|83
6|38|40|84
6|39|40|85
6|39|41|86
6|40|41|87
6|40|42|88
6|41|42|89
6|41|43|90
6|42|43|91
6|42|44|92
6|43|44|93
6|43|45|94
6|44|45|95
6|44|46|96
6|45|46|97
6|45|47|98
6|46|47|99
6|46|48|100
6|47|48|101
6|47|49|102
6|48|49|103
6|48|50|104
6|49|50|105
6|49|51|106
6|50|51|107
6|50|52|108
6|51|52|109
6|52|52|110
6|52|53|111
6|53|53|112
6|54|53|113
6|55|53|114
6|56|53|115
6|57|53|116
6|57|54|117
6|58|54|118
6|59|54|119
6|59|55|120
6|60|55|121
6|60|56|122
6|61|56|123
6|61|57|124
6|61|58|125
6|61|59|126
6|62|59|127
6|62|60|128
6|63|60|129
6|64|60|130
6|65|60|131
6|66|60|132
6|67|60|133
6|68|60|134
6|69|60|135
6|70|60|136
6|70|61|137
6|71|61|138
6|72|61|139
6|73|61|140
6|73|62|141
6|74|62|142
6|75|62|143
6|76|62|144
6|76|63|145
6|77|63|146
7|77|63|147
7|78|63|148
7|78|64|149
7|79|64|150
8|79|64|151
8|80|64|152
9|80|64|153
9|81|64|154
9|81|65|155
9|82|65|156
9|82|66|157
9|83|66|158
9|83|67|159
9|84|67|160
9|84|68|161
9|85|68|162
9|85|69|163
9|86|69|164
9|86|70|165
9|87|70|166
9|88|70|167
9|89|70|168
9|90|70|169
9|91|70|170
10|91|70|171
10|92|70|172
10|93|70|173
10|94|70|174
11|94|70|175
11|95|70|176
12|95|70|177
12|96|70|178
12|96|71|179
12|97|71|180
12|98|71|181
12|99|71|182
12|100|71|183
12|101|71|184
12|101|72|185
12|102|72|186
12|103|72|187
12|104|72|188
12|104|73|189
12|105|73|190
12|105|74|191
12|106|74|192
12|107|74|193
12|108|74|194
13|108|74|195
13|109|74|196
13|109|75|197
13|110|75|198
13|110|76|199
13|111|76|200
13|111|77|201
13|112|77|202
13|112|78|203
13|113|78|204
13|113|79|205
13|114|79|206
13|114|80|207
13|115|80|208
13|116|80|209
13|117|80|210
13|118|80|211
13|119|80|212
13|120|80|213
13|121|80|214
13|122|80|215
13|123|80|216
13|124|80|217
13|125|80|218
13|126|80|219
13|127|80|220
13|128|80|221
13|129|80|222
13|130|80|223
13|131|80|224
13|132|80|225
13|133|80|226
13|134|80|227
13|135|80|228
13|136|80|229
13|137|80|230
13|138|80|231
13|139|80|232
13|140|80|233
13|141|80|234
13|142|80|235
13|143|80|236
13|144|80|237
13|145|80|238
13|146|80|239
13|147|80|240
13|148|80|241
13|149|80|242
13|150|80|243
13|151|80|244
13|152|80|245
13|153|80|246
13|154|80|247
13|155|80|248
13|156|80|249
13|157|80|250
13|158|80|251
13|158|81|252
13|159|81|253
13|160|81|254
13|160|82|255
13|161|82|256
13|162|82|257
13|163|82|258
13|164|82|259
13|165|82|260
13|165|83|261
13|166|83|262
13|167|83|263
13|167|84|264
13|168|84|265
13|168|85|266
13|169|85|267
13|169|86|268
13|170|86|269
13|170|87|270
13|171|87|271
13|172|87|272
13|173|87|273
13|173|88|274
13|174|88|275
13|175|88|276
14|175|88|277
14|176|88|278
14|176|89|279
14|177|89|280
14|178|89|281
14|178|90|282
15|178|90|283
15|178|91|284
15|179|91|285
15|179|92|286
15|180|92|287
15|180|93|288
15|180|94|289
15|181|94|290
15|182|94|291
15|182|95|292
15|183|95|293
15|183|96|294
15|183|97|295
15|184|97|296
15|185|97|297
15|185|98|298
15|186|98|299
15|186|99|300
16|186|99|301
16|187|99|302
17|187|99|303
17|187|100|304
17|188|100|305
17|188|101|306
17|189|101|307
17|190|101|308
17|191|101|309
17|191|102|310
17|191|103|311
17|192|103|312
17|192|104|313
17|193|104|314
17|194|104|315
17|195|104|316
17|196|104|317
17|197|104|318
18|197|104|319
18|198|104|320
18|199|104|321
18|200|104|322
19|200|104|323
19|201|104|324
20|201|104|325
20|202|104|326
20|203|104|327
20|204|104|328
20|205|104|329
20|205|105|330
21|205|105|331
21|206|105|332
21|207|105|333
21|208|105|334
21|209|105|335
21|209|106|336
22|209|106|337
22|210|106|338
23|210|106|339
23|211|106|340
23|212|106|341
23|212|107|342
23|213|107|343
23|214|107|344
24|214|107|345
24|215|107|346
25|215|107|347
25|216|107|348
26|216|107|349
26|217|107|350
26|218|107|351
26|219|107|352
27|219|107|353
27|219|108|354
27|220|108|355
27|220|109|356
27|221|109|357
27|221|110|358
27|222|110|359
27|222|111|360
27|222|112|361
27|222|113|362
27|223|113|363
27|223|114|364
27|224|114|365
27|224|115|366
27|224|116|367
27|224|117|368
27|225|117|369
27|225|118|370
27|226|118|371
27|226|119|372
27|227|119|373
27|227|120|374
27|228|120|375
27|228|121|376
27|229|121|377
27|229|122|378
27|230|122|379
27|230|123|380
28|230|123|381
28|230|124|382
28|231|124|383
29|231|124|384
29|232|124|385
29|232|125|386
30|232|125|387
31|232|125|388
32|232|125|389
32|232|126|390
32|233|126|391
32|234|126|392
32|235|126|393
32|235|127|394
33|235|127|395
33|236|127|396
33|236|128|397
33|237|128|398
33|238|128|399
33|239|128|400
33|240|128|401
33|240|129|402
33|241|129|403
34|241|129|404
34|242|129|405
34|242|130|406
34|243|130|407
34|243|131|408
34|244|131|409
34|245|131|410
35|245|131|411
35|246|131|412
35|247|131|413
35|247|132|414
35|248|132|415
35|249|132|416
35|250|132|417
35|251|132|418
35|252|132|419
36|252|132|420
36|253|132|421
36|254|132|422
36|255|132|423
36|256|132|424
37|256|132|425
37|257|132|426
38|257|132|427
38|258|132|428
39|258|132|429
39|259|132|430
40|259|132|431
40|260|132|432
41|260|132|433
41|261|132|434
41|262|132|435
41|263|132|436
41|264|132|437
41|265|132|438
42|265|132|439
42|266|132|440
42|267|132|441
42|268|132|442
42|269|132|443
42|270|132|444
43|270|132|445
43|271|132|446
44|271|132|447
44|272|132|448
44|273|132|449
44|274|132|450
44|275|132|451
44|276|132|452
45|276|132|453
45|277|132|454
46|277|132|455
46|278|132|456
47|278|132|457
47|279|132|458
48|279|132|459
48|280|132|460
48|280|133|461
48|281|133|462
48|281|134|463
48|282|134|464
48|282|135|465
48|283|135|466
48|283|136|467
48|284|136|468
48|284|137|469
48|285|137|470
48|285|138|471
48|286|138|472
48|286|139|473
48|287|139|474
48|287|140|475
48|288|140|476
48|288|141|477
48|289|141|478
48|289|142|479
48|290|142|480
48|290|143|481
48|291|143|482
48|291|144|483
48|292|144|484
48|292|145|485
48|293|145|486
48|293|146|487
48|294|146|488
48|294|147|489
48|295|147|490
48|295|148|491
48|296|148|492
48|296|149|493
48|297|149|494
48|297|150|495
48|298|150|496
48|299|150|497
48|300|150|498
48|301|150|499
48|302|150|500
48|303|150|501
48|304|150|502
48|305|150|503
48|306|150|504
48|307|150|505
48|308|150|506
49|308|150|507
49|309|150|508
49|310|150|509
49|311|150|510
50|311|150|511
50|312|150|512
50|313|150|513
50|314|150|514
50|315|150|515
50|316|150|516
50|317|150|517
50|318|150|518
50|319|150|519
50|320|150|520
50|321|150|521
50|322|150|522
50|323|150|523
50|324|150|524
50|325|150|525
50|326|150|526
50|327|150|527
50|328|150|528
50|329|150|529
50|330|150|530
50|331|150|531
50|332|150|532
50|333|150|533
50|333|151|534
50|334|151|535
50|334|152|536
50|335|152|537
50|335|153|538
50|336|153|539
50|336|154|540
50|337|154|541
50|337|155|542
50|338|155|543
50|338|156|544
50|339|156|545
50|339|157|546
50|340|157|547
50|340|158|548
50|341|158|549
50|341|159|550
50|342|159|551
50|342|160|552
50|343|160|553
50|343|161|554
50|344|161|555
50|344|162|556
50|345|162|557
50|345|163|558
50|346|163|559
50|346|164|560
50|347|164|561
50|347|165|562
50|348|165|563
50|348|166|564
50|349|166|565
50|349|167|566
50|350|167|567
50|350|168|568
50|350|169|569
50|351|169|570
50|351|170|571
50|352|170|572
50|352|171|573
50|353|171|574
50|353|172|575
50|354|172|576
50|354|173|577
50|355|173|578
50|355|174|579
50|356|174|580
50|356|175|581
50|357|175|582
50|357|176|583
50|358|176|584
50|358|177|585
50|359|177|586
50|359|178|587
50|360|178|588
50|360|179|589
50|361|179|590
50|361|180|591
50|362|180|592
50|362|181|593
50|363|181|594
50|363|182|595
50|364|182|596
50|364|183|597
50|365|183|598
50|365|184|599
50|366|184|600
50|366|185|601
50|367|185|602
50|367|186|603
50|368|186|604
50|369|186|605
50|369|187|606
50|370|187|607
50|370|188|608
50|371|188|609
50|371|189|610
50|372|189|611
50|372|190|612
50|373|190|613
50|373|191|614
50|374|191|615
50|374|192|616
50|375|192|617
50|375|193|618
50|376|193|619
50|376|194|620
50|377|194|621
50|377|195|622
50|378|195|623
50|378|196|624
50|379|196|625
50|379|197|626
50|380|197|627
50|380|198|628
50|381|198|629
50|381|199|630
50|382|199|631
50|382|200|632
50|383|200|633
50|383|201|634
50|384|201|635
50|384|202|636
50|385|202|637
50|385|203|638
50|386|203|639
50|386|204|640
50|387|204|641
50|387|205|642
50|388|205|643
50|388|206|644
50|389|206|645
50|389|207|646
50|390|207|647
50|390|208|648
50|391|208|649
50|391|209|650
50|392|209|651
50|392|210|652
50|393|210|653
50|393|211|654
50|394|211|655
50|394|212|656
50|395|212|657
50|395|213|658
50|396|213|659
50|396|214|660
50|397|214|661
50|397|215|662
50|398|215|663
50|398|216|664
50|399|216|665
50|399|217|666
50|400|217|667
50|400|218|668
50|401|218|669
50|401|219|670
50|402|219|671
50|402|220|672
50|403|220|673
50|403|221|674
50|404|221|675
50|404|222|676
51|404|222|677
51|405|222|678
52|405|222|679
52|406|222|680
52|407|222|681
52|408|222|682
52|409|222|683
52|410|222|684
53|410|222|685
53|411|222|686
54|411|222|687
54|412|222|688
54|413|222|689
54|414|222|690
54|415|222|691
54|415|223|692
55|415|223|693
55|416|223|694
55|417|223|695
55|417|224|696
55|418|224|697
55|418|225|698
56|418|225|699
56|419|225|700
56|420|225|701
56|420|226|702
56|421|226|703
56|422|226|704
57|422|226|705
57|423|226|706
57|424|226|707
57|425|226|708
57|426|226|709
57|427|226|710
58|427|226|711
58|428|226|712
59|428|226|713
59|428|227|714
60|428|227|715
60|429|227|716
60|430|227|717
60|430|228|718
60|431|228|719
60|432|228|720
61|432|228|721
61|433|228|722
61|433|229|723
61|434|229|724
61|435|229|725
61|436|229|726
61|436|230|727
61|436|231|728
61|436|232|729
61|437|232|730
61|438|232|731
61|438|233|732
61|438|234|733
61|438|235|734
61|439|235|735
61|440|235|736
61|441|235|737
61|441|236|738
61|442|236|739
61|443|236|740
61|443|237|741
61|444|237|742
61|444|238|743
61|445|238|744
61|445|239|745
61|446|239|746
61|447|239|747
61|448|239|748
61|449|239|749
61|449|240|750
61|450|240|751
61|450|241|752
61|451|241|753
61|451|242|754
61|452|242|755
61|452|243|756
61|453|243|757
61|453|244|758
61|454|244|759
61|454|245|760
61|455|245|761
61|455|246|762
61|456|246|763
61|456|247|764
61|457|247|765
61|457|248|766
61|458|248|767
61|458|249|768
61|459|249|769
61|459|250|770
61|460|250|771
61|460|251|772
61|461|251|773
61|461|252|774
61|462|252|775
61|462|253|776
61|463|253|777
61|463|254|778
61|464|254|779
61|464|255|780
61|465|255|781
61|465|256|782
61|466|256|783
61|466|257|784
61|467|257|785
61|468|257|786
61|469|257|787
61|470|257|788
61|471|257|789
61|471|258|790
61|472|258|791
61|473|258|792
61|474|258|793
61|475|258|794
61|475|259|795
61|476|259|796
61|477|259|797
61|478|259|798
61|479|259|799
61|479|260|800
61|479|261|801
61|480|261|802
61|481|261|803
61|481|262|804
61|482|262|805
61|482|263|806
61|483|263|807
61|484|263|808
61|485|263|809
61|486|263|810
61|487|263|811
61|487|264|812
61|488|264|813
61|489|264|814
61|490|264|815
61|491|264|816
61|492|264|817
61|492|265|818
61|493|265|819
61|494|265|820
61|495|265|821
61|496|265|822
61|497|265|823
61|498|265|824
61|498|266|825
61|499|266|826
61|500|266|827
61|501|266|828
61|502|266|829
61|503|266|830
61|503|267|831
61|504|267|832
61|505|267|833
61|506|267|834
61|506|268|835
61|507|268|836
61|507|269|837
61|508|269|838
61|508|270|839
61|509|270|840
62|509|270|841
62|510|270|842
62|510|271|843
62|511|271|844
62|511|272|845
62|512|272|846
62|513|272|847
62|514|272|848
62|515|272|849
62|516|272|850
62|516|273|851
62|517|273|852
62|518|273|853
62|519|273|854
63|519|273|855
63|520|273|856
63|521|273|857
63|522|273|858
63|522|274|859
63|523|274|860
63|523|275|861
63|524|275|862
63|525|275|863
63|526|275|864
63|526|276|865
63|527|276|866
63|527|277|867
63|528|277|868
63|529|277|869
63|530|277|870
63|531|277|871
63|532|277|872
63|532|278|873
63|533|278|874
63|533|279|875
63|534|279|876
63|534|280|877
63|535|280|878
63|535|281|879
63|536|281|880
64|536|281|881
64|537|281|882
64|537|282|883
64|538|282|884
64|539|282|885
64|540|282|886
65|540|282|887
65|541|282|888
65|541|283|889
65|542|283|890
65|542|284|891
65|543|284|892
65|544|284|893
65|545|284|894
65|546|284|895
65|547|284|896
65|548|284|897
65|549|284|898
65|550|284|899
65|551|284|900
65|552|284|901
65|553|284|902
65|554|284|903
65|555|284|904
65|556|284|905
65|557|284|906
65|557|285|907
65|558|285|908
65|559|285|909
65|560|285|910
65|561|285|911
65|562|285|912
65|563|285|913
65|564|285|914
65|565|285|915
65|566|285|916
65|566|286|917
65|567|286|918
65|568|286|919
65|569|286|920
65|570|286|921
65|571|286|922
65|572|286|923
65|573|286|924
65|574|286|925
65|575|286|926
65|576|286|927
65|577|286|928
65|578|286|929
65|578|287|930
66|578|287|931
66|579|287|932
66|580|287|933
66|581|287|934
66|582|287|935
66|583|287|936
66|584|287|937
66|585|287|938
66|585|288|939
66|586|288|940
66|587|288|941
66|588|288|942
66|589|288|943
66|589|289|944
66|590|289|945
66|591|289|946
66|592|289|947
66|592|290|948
66|593|290|949
66|593|291|950
66|594|291|951
66|595|291|952
67|595|291|953
67|596|291|954
67|597|291|955
67|597|292|956
67|598|292|957
67|599|292|958
67|600|292|959
67|601|292|960
67|601|293|961
67|602|293|962
67|602|294|963
67|603|294|964
67|603|295|965
67|604|295|966
67|604|296|967
67|604|297|968
67|604|298|969
68|604|298|970
68|605|298|971
68|605|299|972
68|605|300|973
68|606|300|974
68|606|301|975
68|606|302|976
68|607|302|977
68|607|303|978
69|607|303|979
69|607|304|980
69|608|304|981
69|608|305|982
69|609|305|983
69|609|306|984
69|609|307|985
69|610|307|986
69|610|308|987
69|611|308|988
69|612|308|989
69|612|309|990
69|612|310|991
69|613|310|992
69|613|311|993
69|613|312|994
69|613|313|995
69|614|313|996
69|614|314|997
69|615|314|998
69|615|315|999
69|616|315|1000
70|616|315|1001
70|617|315|1002
71|617|315|1003
71|618|315|1004
72|618|315|1005
72|619|315|1006
73|619|315|1007
73|620|315|1008
74|620|315|1009
74|621|315|1010
75|621|315|1011
75|622|315|1012
75|623|315|1013
75|623|316|1014
75|624|316|1015
75|625|316|1016
75|626|316|1017
75|627|316|1018
75|628|316|1019
75|628|317|1020
76|628|317|1021
76|629|317|1022
77|629|317|1023
77|630|317|1024
77|631|317|1025
77|631|318|1026
78|631|318|1027
78|632|318|1028
79|632|318|1029
79|633|318|1030
80|633|318|1031
80|634|318|1032
81|634|318|1033
81|635|318|1034
81|636|318|1035
81|637|318|1036
81|637|319|1037
81|637|320|1038
82|637|320|1039
82|637|321|1040
82|637|322|1041
83|637|322|1042
84|637|322|1043
84|637|323|1044
84|637|324|1045
84|637|325|1046
85|637|325|1047
85|637|326|1048
85|638|326|1049
85|638|327|1050
86|638|327|1051
86|638|328|1052
86|639|328|1053
86|639|329|1054
86|640|329|1055
86|640|330|1056
87|640|330|1057
87|640|331|1058
87|640|332|1059
87|640|333|1060
87|641|333|1061
87|641|334|1062
87|641|335|1063
87|641|336|1064
87|642|336|1065
87|642|337|1066
87|643|337|1067
88|643|337|1068
88|644|337|1069
88|644|338|1070
88|644|339|1071
88|644|340|1072
88|645|340|1073
89|645|340|1074
90|645|340|1075
90|646|340|1076
90|647|340|1077
91|647|340|1078
92|647|340|1079
92|648|340|1080
92|648|341|1081
93|648|341|1082
94|648|341|1083
94|649|341|1084
94|650|341|1085
94|650|342|1086
95|650|342|1087
95|651|342|1088
95|652|342|1089
95|652|343|1090
95|653|343|1091
95|653|344|1092
96|653|344|1093
96|654|344|1094
96|655|344|1095
97|655|344|1096
97|656|344|1097
97|656|345|1098
97|657|345|1099
98|657|345|1100
98|658|345|1101
99|658|345|1102
99|659|345|1103
100|659|345|1104
100|660|345|1105
100|661|345|1106
100|662|345|1107
100|663|345|1108
101|663|345|1109
101|664|345|1110
102|664|345|1111
102|665|345|1112
103|665|345|1113
103|666|345|1114
103|667|345|1115
103|668|345|1116
104|668|345|1117
104|669|345|1118
104|670|345|1119
104|671|345|1120
104|672|345|1121
104|673|345|1122
105|673|345|1123
105|674|345|1124
105|675|345|1125
105|676|345|1126
105|677|345|1127
105|678|345|1128
106|678|345|1129
106|679|345|1130
107|679|345|1131
107|680|345|1132
107|681|345|1133
107|682|345|1134
107|683|345|1135
107|684|345|1136
107|685|345|1137
107|686|345|1138
107|687|345|1139
107|688|345|1140
108|688|345|1141
108|689|345|1142
109|689|345|1143
109|690|345|1144
109|690|346|1145
109|691|346|1146
109|691|347|1147
109|692|347|1148
109|692|348|1149
109|693|348|1150
109|693|349|1151
109|694|349|1152
109|694|350|1153
109|695|350|1154
109|695|351|1155
109|696|351|1156
109|696|352|1157
109|697|352|1158
109|697|353|1159
109|698|353|1160
109|698|354|1161
109|699|354|1162
109|699|355|1163
109|700|355|1164
109|700|356|1165
109|701|356|1166
109|701|357|1167
109|702|357|1168
109|702|358|1169
109|703|358|1170
109|703|359|1171
109|704|359|1172
109|704|360|1173
109|705|360|1174
109|705|361|1175
109|706|361|1176
109|706|362|1177
109|707|362|1178
109|707|363|1179
109|708|363|1180
110|708|363|1181
110|709|363|1182
111|709|363|1183
111|710|363|1184
112|710|363|1185
112|711|363|1186
113|711|363|1187
113|712|363|1188
113|713|363|1189
113|714|363|1190
114|714|363|1191
114|715|363|1192
114|716|363|1193
114|717|363|1194
114|718|363|1195
114|719|363|1196
114|720|363|1197
114|721|363|1198
114|722|363|1199
114|723|363|1200
115|723|363|1201
115|724|363|1202
116|724|363|1203
116|725|363|1204
116|726|363|1205
116|727|363|1206
117|727|363|1207
117|728|363|1208
117|729|363|1209
117|730|363|1210
118|730|363|1211
118|731|363|1212
118|732|363|1213
118|733|363|1214
119|733|363|1215
119|734|363|1216
119|735|363|1217
119|735|364|1218
119|736|364|1219
119|736|365|1220
119|737|365|1221
119|737|366|1222
119|738|366|1223
119|738|367|1224
119|739|367|1225
119|739|368|1226
119|740|368|1227
119|740|369|1228
119|741|369|1229
119|741|370|1230
119|742|370|1231
119|742|371|1232
119|743|371|1233
119|743|372|1234
119|744|372|1235
119|744|373|1236
119|745|373|1237
119|745|374|1238
119|746|374|1239
119|746|375|1240
119|747|375|1241
119|747|376|1242
119|748|376|1243
119|748|377|1244
119|749|377|1245
119|749|378|1246
119|750|378|1247
119|750|379|1248
119|751|379|1249
119|751|380|1250
119|752|380|1251
119|752|381|1252
120|752|381|1253
120|753|381|1254
121|753|381|1255
121|754|381|1256
122|754|381|1257
122|755|381|1258
122|756|381|1259
122|757|381|1260
123|757|381|1261
123|758|381|1262
124|758|381|1263
124|759|381|1264
124|760|381|1265
124|761|381|1266
124|762|381|1267
124|763|381|1268
124|764|381|1269
124|765|381|1270
124|766|381|1271
124|767|381|1272
125|767|381|1273
125|768|381|1274
126|768|381|1275
126|769|381|1276
126|770|381|1277
126|771|381|1278
126|772|381|1279
126|773|381|1280
126|774|381|1281
126|775|381|1282
127|775|381|1283
127|776|381|1284
128|776|381|1285
128|777|381|1286
128|778|381|1287
128|779|381|1288
128|780|381|1289
128|780|382|1290
128|781|382|1291
128|781|383|1292
128|782|383|1293
128|782|384|1294
128|783|384|1295
128|783|385|1296
128|784|385|1297
128|784|386|1298
128|785|386|1299
128|785|387|1300
128|786|387|1301
128|786|388|1302
128|787|388|1303
128|787|389|1304
128|788|389|1305
128|788|390|1306
128|789|390|1307
128|789|391|1308
128|790|391|1309
128|790|392|1310
128|791|392|1311
128|791|393|1312
128|792|393|1313
128|792|394|1314
128|793|394|1315
128|793|395|1316
128|794|395|1317
128|794|396|1318
128|795|396|1319
128|795|397|1320
128|796|397|1321
128|796|398|1322
128|797|398|1323
128|797|399|1324
128|798|399|1325
128|798|400|1326
128|799|400|1327
128|799|401|1328
128|800|401|1329
128|800|402|1330
128|801|402|1331
128|801|403|1332
128|802|403|1333
128|802|404|1334
128|803|404|1335
128|803|405|1336
128|804|405|1337
128|804|406|1338
128|805|406|1339
128|805|407|1340
128|806|407|1341
128|806|408|1342
128|807|408|1343
128|807|409|1344
128|808|409|1345
128|808|410|1346
128|809|410|1347
128|809|411|1348
128|810|411|1349
128|810|412|1350
128|811|412|1351
128|811|413|1352
128|812|413|1353
128|812|414|1354
128|813|414|1355
128|813|415|1356
128|814|415|1357
128|814|416|1358
128|815|416|1359
128|815|417|1360
129|815|417|1361
129|816|417|1362
130|816|417|1363
130|817|417|1364
131|817|417|1365
131|817|418|1366
132|817|418|1367
132|818|418|1368
133|818|418|1369
133|819|418|1370
134|819|418|1371
134|820|418|1372
135|820|418|1373
135|821|418|1374
135|822|418|1375
135|822|419|1376
136|822|419|1377
136|823|419|1378
136|824|419|1379
136|824|420|1380
136|825|420|1381
136|825|421|1382
137|825|421|1383
137|826|421|1384
137|827|421|1385
137|827|422|1386
138|827|422|1387
138|828|422|1388
139|828|422|1389
139|829|422|1390
140|829|422|1391
140|830|422|1392
140|831|422|1393
140|832|422|1394
141|832|422|1395
141|832|423|1396
141|832|424|1397
141|833|424|1398
141|833|425|1399
141|834|425|1400
141|834|426|1401
141|834|427|1402
141|834|428|1403
142|834|428|1404
142|835|428|1405
142|836|428|1406
142|836|429|1407
142|837|429|1408
142|837|430|1409
142|838|430|1410
142|838|431|1411
142|838|432|1412
143|838|432|1413
143|839|432|1414
143|840|432|1415
143|840|433|1416
143|840|434|1417
143|840|435|1418
143|840|436|1419
143|841|436|1420
143|842|436|1421
143|842|437|1422
143|842|438|1423
143|843|438|1424
143|843|439|1425
143|844|439|1426
143|844|440|1427
143|845|440|1428
143|845|441|1429
143|846|441|1430
143|846|442|1431
144|846|442|1432
144|847|442|1433
144|847|443|1434
144|848|443|1435
144|848|444|1436
144|849|444|1437
144|849|445|1438
144|850|445|1439
144|850|446|1440
144|851|446|1441
144|851|447|1442
144|852|447|1443
144|852|448|1444
144|853|448|1445
144|853|449|1446
144|854|449|1447
144|854|450|1448
144|855|450|1449
144|855|451|1450
144|856|451|1451
144|856|452|1452
144|857|452|1453
144|857|453|1454
144|858|453|1455
144|858|454|1456
144|859|454|1457
144|859|455|1458
144|860|455|1459
144|860|456|1460
144|861|456|1461
144|861|457|1462
144|862|457|1463
144|862|458|1464
144|863|458|1465
144|863|459|1466
144|864|459|1467
144|864|460|1468
144|864|461|1469
144|865|461|1470
144|866|461|1471
144|867|461|1472
144|867|462|1473
144|867|463|1474
144|867|464|1475
145|867|464|1476
145|868|464|1477
145|869|464|1478
145|869|465|1479
145|870|465|1480
145|871|465|1481
145|872|465|1482
145|873|465|1483
145|873|466|1484
145|874|466|1485
145|875|466|1486
145|876|466|1487
145|876|467|1488
145|877|467|1489
145|877|468|1490
145|878|468|1491
145|879|468|1492
145|879|469|1493
145|880|469|1494
145|881|469|1495
145|881|470|1496
145|882|470|1497
145|883|470|1498
145|884|470|1499
145|885|470|1500
145|885|471|1501
145|886|471|1502
145|887|471|1503
146|887|471|1504
146|887|472|1505
146|888|472|1506
147|888|472|1507
147|889|472|1508
147|890|472|1509
147|891|472|1510
147|891|473|1511
147|892|473|1512
147|892|474|1513
147|893|474|1514
147|894|474|1515
147|895|474|1516
147|895|475|1517
147|896|475|1518
148|896|475|1519
148|897|475|1520
148|898|475|1521
148|899|475|1522
149|899|475|1523
149|900|475|1524
150|900|475|1525
150|901|475|1526
150|902|475|1527
150|903|475|1528
150|904|475|1529
150|905|475|1530
150|906|475|1531
150|907|475|1532
150|908|475|1533
150|909|475|1534
150|909|476|1535
150|910|476|1536
150|910|477|1537
150|911|477|1538
150|911|478|1539
150|912|478|1540
151|912|478|1541
151|913|478|1542
151|913|479|1543
151|914|479|1544
151|914|480|1545
151|915|480|1546
151|915|481|1547
151|916|481|1548
152|916|481|1549
152|917|481|1550
152|917|482|1551
152|918|482|1552
152|919|482|1553
152|920|482|1554
152|920|483|1555
152|921|483|1556
152|921|484|1557
152|922|484|1558
153|922|484|1559
153|923|484|1560
153|923|485|1561
153|924|485|1562
153|924|486|1563
153|925|486|1564
154|925|486|1565
154|926|486|1566
154|926|487|1567
154|927|487|1568
154|927|488|1569
154|928|488|1570
154|928|489|1571
154|929|489|1572
154|929|490|1573
154|930|490|1574
154|930|491|1575
154|931|491|1576
154|932|491|1577
154|933|491|1578
154|934|491|1579
154|935|491|1580
154|936|491|1581
154|937|491|1582
154|938|491|1583
154|939|491|1584
154|940|491|1585
154|941|491|1586
154|942|491|1587
154|943|491|1588
154|944|491|1589
154|945|491|1590
154|946|491|1591
154|947|491|1592
154|948|491|1593
154|949|491|1594
154|950|491|1595
154|951|491|1596
154|952|491|1597
154|953|491|1598
154|954|491|1599
154|955|491|1600
154|956|491|1601
154|957|491|1602
154|958|491|1603
154|959|491|1604
154|960|491|1605
154|961|491|1606
154|962|491|1607
154|963|491|1608
155|963|491|1609
155|964|491|1610
155|965|491|1611
155|966|491|1612
155|966|492|1613
155|967|492|1614
156|967|492|1615
156|968|492|1616
156|968|493|1617
156|968|494|1618
156|969|494|1619
156|970|494|1620
157|970|494|1621
157|971|494|1622
157|972|494|1623
157|973|494|1624
158|973|494|1625
158|974|494|1626
158|975|494|1627
158|975|495|1628
158|976|495|1629
158|977|495|1630
158|978|495|1631
158|979|495|1632
158|980|495|1633
158|980|496|1634
159|980|496|1635
159|981|496|1636
159|982|496|1637
159|982|497|1638
159|983|497|1639
159|983|498|1640
159|983|499|1641
159|983|500|1642
159|984|500|1643
159|985|500|1644
160|985|500|1645
160|986|500|1646
160|986|501|1647
160|987|501|1648
160|988|501|1649
160|988|502|1650
160|989|502|1651
160|989|503|1652
160|990|503|1653
160|990|504|1654
160|991|504|1655
160|991|505|1656
160|991|506|1657
160|992|506|1658
160|993|506|1659
160|993|507|1660
160|994|507|1661
160|994|508|1662
160|995|508|1663
160|995|509|1664
160|995|510|1665
160|996|510|1666
160|997|510|1667
160|997|511|1668
160|998|511|1669
160|998|512|1670
160|999|512|1671
160|999|513|1672
160|1000|513|1673
160|1000|514|1674
160|1001|514|1675
160|1001|515|1676
160|1002|515|1677
160|1003|515|1678
160|1003|516|1679
160|1004|516|1680
160|1004|517|1681
160|1005|517|1682
161|1005|517|1683
161|1005|518|1684
161|1006|518|1685
161|1007|518|1686
161|1008|518|1687
161|1009|518|1688
161|1010|518|1689
161|1011|518|1690
161|1012|518|1691
161|1013|518|1692
162|1013|518|1693
162|1014|518|1694
162|1015|518|1695
162|1016|518|1696
162|1017|518|1697
162|1017|519|1698
162|1018|519|1699
162|1019|519|1700
163|1019|519|1701
163|1020|519|1702
163|1021|519|1703
163|1021|520|1704
163|1022|520|1705
163|1023|520|1706
163|1024|520|1707
163|1025|520|1708
163|1026|520|1709
163|1026|521|1710
163|1027|521|1711
163|1028|521|1712
163|1029|521|1713
163|1030|521|1714
164|1030|521|1715
164|1031|521|1716
165|1031|521|1717
165|1032|521|1718
166|1032|521|1719
166|1033|521|1720
166|1034|521|1721
166|1034|522|1722
166|1035|522|1723
166|1035|523|1724
166|1036|523|1725
166|1036|524|1726
166|1037|524|1727
166|1037|525|1728
166|1037|526|1729
166|1037|527|1730
166|1038|527|1731
166|1038|528|1732
166|1039|528|1733
166|1039|529|1734
166|1040|529|1735
166|1040|530|1736
166|1040|531|1737
166|1040|532|1738
166|1041|532|1739
166|1041|533|1740
166|1042|533|1741
166|1042|534|1742
166|1043|534|1743
166|1043|535|1744
166|1044|535|1745
166|1044|536|1746
166|1045|536|1747
166|1045|537|1748
166|1046|537|1749
166|1046|538|1750
166|1047|538|1751
167|1047|538|1752
167|1048|538|1753
167|1048|539|1754
167|1049|539|1755
167|1049|540|1756
167|1050|540|1757
167|1050|541|1758
167|1051|541|1759
167|1052|541|1760
167|1053|541|1761
167|1053|542|1762
167|1054|542|1763
167|1055|542|1764
167|1055|543|1765
167|1056|543|1766
167|1057|543|1767
167|1058|543|1768
167|1059|543|1769
167|1059|544|1770
167|1060|544|1771
167|1061|544|1772
167|1062|544|1773
168|1062|544|1774
168|1063|544|1775
168|1063|545|1776
168|1064|545|1777
168|1064|546|1778
168|1065|546|1779
168|1065|547|1780
168|1066|547|1781
168|1066|548|1782
168|1067|548|1783
168|1067|549|1784
168|1068|549|1785
168|1069|549|1786
168|1070|549|1787
169|1070|549|1788
169|1071|549|1789
169|1072|549|1790
169|1073|549|1791
169|1074|549|1792
169|1075|549|1793
169|1076|549|1794
169|1077|549|1795
169|1078|549|1796
169|1079|549|1797
169|1080|549|1798
169|1081|549|1799
169|1082|549|1800
169|1083|549|1801
169|1084|549|1802
169|1085|549|1803
169|1086|549|1804
169|1087|549|1805
169|1088|549|1806
169|1089|549|1807
169|1090|549|1808
169|1091|549|1809
169|1092|549|1810
169|1093|549|1811
169|1094|549|1812
169|1095|549|1813
169|1096|549|1814
169|1097|549|1815
169|1098|549|1816
169|1099|549|1817
169|1100|549|1818
169|1101|549|1819
169|1102|549|1820
170|1102|549|1821
170|1103|549|1822
170|1104|549|1823
170|1105|549|1824
171|1105|549|1825
171|1106|549|1826
172|1106|549|1827
172|1107|549|1828
172|1107|550|1829
172|1108|550|1830
172|1108|551|1831
172|1109|551|1832
172|1109|552|1833
172|1110|552|1834
172|1110|553|1835
172|1111|553|1836
172|1111|554|1837
172|1112|554|1838
172|1112|555|1839
172|1113|555|1840
172|1113|556|1841
172|1114|556|1842
172|1114|557|1843
172|1115|557|1844
172|1115|558|1845
172|1116|558|1846
172|1116|559|1847
172|1117|559|1848
172|1117|560|1849
172|1118|560|1850
172|1118|561|1851
172|1119|561|1852
172|1119|562|1853
172|1120|562|1854
172|1120|563|1855
172|1121|563|1856
172|1121|564|1857
172|1122|564|1858
172|1122|565|1859
172|1123|565|1860
172|1123|566|1861
172|1124|566|1862
172|1124|567|1863
172|1125|567|1864
172|1126|567|1865
172|1127|567|1866
172|1128|567|1867
172|1129|567|1868
172|1130|567|1869
172|1131|567|1870
172|1132|567|1871
172|1133|567|1872
172|1134|567|1873
172|1135|567|1874
173|1135|567|1875
173|1136|567|1876
173|1137|567|1877
173|1138|567|1878
173|1139|567|1879
173|1140|567|1880
174|1140|567|1881
174|1141|567|1882
174|1142|567|1883
174|1143|567|1884
174|1144|567|1885
174|1145|567|1886
174|1146|567|1887
174|1147|567|1888
174|1148|567|1889
174|1149|567|1890
174|1150|567|1891
174|1151|567|1892
174|1152|567|1893
174|1153|567|1894
174|1154|567|1895
174|1155|567|1896
174|1156|567|1897
174|1157|567|1898
175|1157|567|1899
175|1158|567|1900
175|1159|567|1901
175|1159|568|1902
175|1160|568|1903
175|1160|569|1904
175|1161|569|1905
175|1161|570|1906
175|1162|570|1907
175|1162|571|1908
175|1163|571|1909
175|1163|572|1910
175|1164|572|1911
175|1164|573|1912
175|1165|573|1913
175|1165|574|1914
175|1166|574|1915
175|1166|575|1916
175|1167|575|1917
175|1167|576|1918
175|1168|576|1919
175|1168|577|1920
175|1169|577|1921
175|1169|578|1922
175|1170|578|1923
175|1170|579|1924
175|1171|579|1925
175|1171|580|1926
175|1172|580|1927
175|1172|581|1928
175|1173|581|1929
175|1173|582|1930
175|1174|582|1931
175|1174|583|1932
175|1175|583|1933
175|1175|584|1934
175|1176|584|1935
175|1176|585|1936
175|1177|585|1937
175|1178|585|1938
175|1179|585|1939
175|1180|585|1940
175|1181|585|1941
175|1182|585|1942
175|1183|585|1943
175|1184|585|1944
175|1185|585|1945
175|1186|585|1946
175|1187|585|1947
175|1188|585|1948
175|1189|585|1949
175|1190|585|1950
175|1191|585|1951
175|1192|585|1952
175|1193|585|1953
175|1194|585|1954
175|1195|585|1955
175|1196|585|1956
175|1197|585|1957
175|1198|585|1958
175|1199|585|1959
175|1200|585|1960
175|1201|585|1961
175|1202|585|1962
175|1203|585|1963
175|1204|585|1964
175|1205|585|1965
175|1206|585|1966
176|1206|585|1967
176|1207|585|1968
177|1207|585|1969
177|1208|585|1970
177|1209|585|1971
177|1210|585|1972
177|1210|586|1973
177|1211|586|1974
177|1211|587|1975
177|1212|587|1976
177|1212|588|1977
177|1213|588|1978
177|1213|589|1979
177|1214|589|1980
177|1214|590|1981
177|1215|590|1982
177|1215|591|1983
177|1216|591|1984
177|1216|592|1985
177|1217|592|1986
177|1217|593|1987
177|1218|593|1988
177|1218|594|1989
177|1219|594|1990
177|1219|595|1991
177|1220|595|1992
177|1220|596|1993
177|1221|596|1994
177|1221|597|1995
177|1222|597|1996
177|1222|598|1997
177|1223|598|1998
177|1223|599|1999
177|1224|599|2000
