total
0|1|0|1
0|1|1|2
0|2|1|3
0|2|2|4
0|2|3|5
0|3|3|6
0|4|3|7
0|5|3|8
0|6|3|9
0|6|4|10
0|6|5|11
0|7|5|12
0|7|6|13
0|8|6|14
0|8|7|15
0|9|7|16
0|9|8|17
0|10|8|18
0|10|9|19
0|11|9|20
0|11|10|21
0|12|10|22
0|13|10|23
0|14|10|24
0|15|10|25
0|16|10|26
0|16|11|27
0|17|11|28
1|17|11|29
1|17|12|30
1|17|13|31
1|17|14|32
1|17|15|33
1|17|16|34
1|17|17|35
1|17|18|36
1|18|18|37
1|18|19|38
1|19|19|39
1|19|20|40
1|19|21|41
1|19|22|42
1|20|22|43
1|20|23|44
1|21|23|45
1|21|24|46
1|21|25|47
1|21|26|48
1|21|27|49
1|21|28|50
1|21|29|51
1|21|30|52
1|21|31|53
1|21|32|54
1|21|33|55
1|21|34|56
1|21|35|57
1|21|36|58
1|21|37|59
1|21|38|60
1|21|39|61
1|21|40|62
1|21|41|63
1|21|42|64
1|21|43|65
1|22|43|66
1|22|44|67
1|23|44|68
1|23|45|69
1|24|45|70
1|24|46|71
1|25|46|72
1|25|47|73
1|26|47|74
1|26|48|75
1|27|48|76
1|27|49|77
1|28|49|78
1|28|50|79
1|29|50|80
1|29|51|81
1|30|51|82
1|30|52|83
1|31|52|84
1|31|53|85
1|32|53|86
1|32|54|87
1|33|54|88
1|33|55|89
1|34|55|90
1|34|56|91
1|35|56|92
1|35|57|93
1|36|57|94
1|36|58|95
1|37|58|96
1|37|59|97
1|38|59|98
1|38|60|99
1|39|60|100
1|39|61|101
1|39|62|102
1|39|63|103
1|40|63|104
1|40|64|105
1|41|64|106
1|41|65|107
1|42|65|108
1|42|66|109
1|43|66|110
1|43|67|111
1|43|68|112
1|43|69|113
1|44|69|114
1|45|69|115
1|46|69|116
2|46|69|117
2|46|70|118
2|46|71|119
2|47|71|120
2|47|72|121
2|48|72|122
2|48|73|123
2|48|74|124
2|48|75|125
2|48|76|126
2|48|77|127
2|49|77|128
2|49|78|129
2|49|79|130
2|50|79|131
2|51|79|132
2|51|80|133
2|52|80|134
2|52|81|135
2|53|81|136
2|53|82|137
2|54|82|138
2|54|83|139
2|55|83|140
2|56|84|142
2|57|84|143
2|57|85|144
2|58|85|145
2|58|86|146
2|59|86|147
2|59|87|148
2|60|87|149
2|60|88|150
2|61|88|151
2|61|89|152
2|62|89|153
2|62|90|154
2|63|90|155
2|63|91|156
2|64|91|157
2|64|92|158
2|65|92|159
2|65|93|160
2|66|93|161
2|66|94|162
2|67|94|163
2|67|95|164
2|68|95|165
2|68|96|166
2|69|96|167
2|69|97|168
2|70|97|169
2|70|98|170
2|71|98|171
2|71|99|172
2|72|99|173
2|73|99|174
2|74|99|175
2|75|99|176
2|76|99|177
2|77|99|178
2|78|99|179
2|79|99|180
2|80|99|181
2|81|99|182
2|82|99|183
2|83|99|184
2|84|99|185
2|85|99|186
2|86|99|187
2|87|99|188
2|88|99|189
2|89|99|190
2|90|99|191
2|91|99|192
2|92|99|193
2|93|99|194
2|94|99|195
2|95|99|196
2|96|99|197
2|97|99|198
2|98|99|199
2|99|99|200
2|100|99|201
2|101|99|202
2|102|99|203
2|103|99|204
2|104|99|205
2|105|99|206
2|106|99|207
2|107|99|208
2|108|99|209
2|108|100|210
2|109|100|211
2|109|101|212
2|110|101|213
2|110|102|214
2|111|102|215
2|111|103|216
2|112|103|217
2|112|104|218
2|113|104|219
2|113|105|220
2|114|105|221
2|114|106|222
2|115|106|223
2|115|107|224
2|116|107|225
2|116|108|226
2|117|108|227
2|117|109|228
2|118|109|229
2|118|110|230
2|119|110|231
2|119|111|232
2|120|111|233
2|120|112|234
2|121|112|235
2|121|113|236
2|122|113|237
2|122|114|238
2|123|114|239
2|123|115|240
2|124|115|241
2|124|116|242
2|125|116|243
2|125|117|244
2|126|117|245
2|127|117|246
2|128|117|247
2|128|118|248
2|128|119|249
2|128|120|250
2|128|121|251
2|128|122|252
2|129|122|253
2|130|122|254
2|130|123|255
3|130|123|256
3|130|124|257
3|130|125|258
3|131|125|259
3|132|125|260
3|132|126|261
4|132|126|262
4|133|126|263
4|133|127|264
4|133|128|265
4|133|129|266
4|134|129|267
4|134|130|268
4|134|131|269
4|134|132|270
4|135|132|271
4|135|133|272
4|136|133|273
4|136|134|274
4|136|135|275
4|136|136|276
4|136|137|277
4|137|137|278
4|137|138|279
4|137|139|280
4|137|140|281
4|137|141|282
4|137|142|283
4|137|143|284
4|137|144|285
4|137|145|286
4|137|146|287
4|137|147|288
4|137|148|289
5|137|148|290
5|137|149|291
5|137|150|292
5|137|151|293
6|137|151|294
6|137|152|295
6|138|152|296
6|138|153|297
6|138|154|298
6|138|155|299
7|138|155|300
7|138|156|301
7|139|156|302
7|139|157|303
7|139|158|304
7|139|159|305
7|139|160|306
7|139|161|307
7|139|162|308
7|139|163|309
7|140|163|310
7|141|163|311
7|142|163|312
7|143|163|313
7|144|163|314
7|144|164|315
7|145|164|316
7|146|164|317
7|147|164|318
7|148|164|319
7|149|164|320
7|150|164|321
7|150|165|322
7|151|165|323
7|152|165|324
7|153|165|325
7|153|166|326
7|154|166|327
7|154|167|328
7|155|167|329
7|155|168|330
7|156|168|331
7|156|169|332
7|157|169|333
7|157|170|334
7|158|170|335
7|158|171|336
7|159|171|337
7|159|172|338
7|160|172|339
7|160|173|340
7|161|173|341
7|161|174|342
7|162|174|343
7|163|174|344
7|164|174|345
7|164|175|346
7|165|175|347
7|166|175|348
7|167|175|349
7|168|175|350
7|169|175|351
7|170|175|352
7|170|176|353
7|170|177|354
7|171|177|355
7|171|178|356
7|172|178|357
7|172|179|358
7|173|179|359
7|173|180|360
7|173|181|361
8|173|181|362
8|174|181|363
8|174|182|364
8|175|182|365
8|175|183|366
8|175|184|367
8|175|185|368
8|176|185|369
8|176|186|370
8|177|186|371
8|177|187|372
8|178|187|373
8|178|188|374
8|179|188|375
8|179|189|376
8|180|189|377
8|180|190|378
8|181|190|379
8|181|191|380
8|182|191|381
9|182|191|382
9|182|192|383
9|182|193|384
9|183|193|385
9|183|194|386
9|184|194|387
9|184|195|388
9|185|195|389
9|185|196|390
9|186|196|391
9|186|197|392
9|187|197|393
9|187|198|394
9|188|198|395
9|188|199|396
9|188|200|397
9|188|201|398
9|189|201|399
9|189|202|400
9|190|202|401
9|190|203|402
9|190|204|403
9|190|205|404
9|191|205|405
9|191|206|406
9|192|206|407
9|192|207|408
9|193|207|409
9|193|208|410
9|194|208|411
9|195|208|412
9|196|208|413
9|196|209|414
9|197|209|415
9|197|210|416
9|198|210|417
9|198|211|418
9|199|211|419
9|199|212|420
9|200|212|421
9|201|212|422
9|202|212|423
9|202|213|424
10|202|213|425
10|203|213|426
10|204|213|427
10|205|213|428
10|206|213|429
10|207|213|430
10|208|213|431
10|208|214|432
11|208|214|433
11|209|214|434
11|210|214|435
11|211|214|436
11|212|214|437
11|213|214|438
11|214|214|439
11|215|214|440
11|216|214|441
11|216|215|442
11|217|215|443
11|217|216|444
11|218|216|445
11|219|216|446
11|220|216|447
11|221|216|448
11|222|216|449
11|222|217|450
11|223|217|451
11|224|217|452
11|225|217|453
11|226|217|454
11|227|217|455
11|228|217|456
11|229|217|457
11|230|217|458
11|231|217|459
11|232|217|460
11|232|218|461
12|232|218|462
12|232|219|463
12|233|219|464
12|233|220|465
12|234|220|466
12|234|221|467
12|235|221|468
12|235|222|469
12|236|222|470
12|236|223|471
12|237|223|472
12|237|224|473
12|238|224|474
12|238|225|475
12|239|225|476
12|239|226|477
13|239|226|478
13|239|227|479
13|240|227|480
13|240|228|481
13|241|228|482
13|241|229|483
13|242|229|484
13|242|230|485
13|243|230|486
13|243|231|487
14|243|231|488
14|243|232|489
15|243|232|490
15|243|233|491
16|243|233|492
16|243|234|493
16|244|234|494
16|244|235|495
17|244|235|496
17|245|235|497
17|246|235|498
17|247|235|499
17|248|235|500
17|249|235|501
17|250|235|502
17|251|235|503
17|251|236|504
17|252|236|505
17|253|236|506
17|253|237|507
17|254|237|508
17|255|237|509
17|255|238|510
17|255|239|511
17|256|239|512
17|257|239|513
17|257|240|514
17|258|240|515
17|259|240|516
17|260|240|517
17|261|240|518
17|262|240|519
17|263|240|520
17|264|240|521
17|265|240|522
17|266|240|523
17|267|240|524
17|268|240|525
17|269|240|526
17|270|240|527
17|271|240|528
17|272|240|529
17|273|240|530
17|274|240|531
17|275|240|532
17|275|241|533
17|275|242|534
17|276|242|535
17|276|243|536
17|277|243|537
17|277|244|538
17|278|244|539
17|278|245|540
17|279|245|541
17|279|246|542
17|279|247|543
17|279|248|544
17|280|248|545
17|280|249|546
17|280|250|547
17|280|251|548
17|281|251|549
17|281|252|550
17|282|252|551
17|282|253|552
17|283|253|553
17|283|254|554
17|284|254|555
17|284|255|556
17|285|255|557
17|285|256|558
17|286|256|559
17|286|257|560
17|286|258|561
17|286|259|562
17|287|259|563
17|287|260|564
17|288|260|565
17|288|261|566
17|288|262|567
17|288|263|568
17|288|264|569
18|288|264|570
18|288|265|571
19|288|265|572
19|288|266|573
19|289|266|574
19|289|267|575
19|290|267|576
19|290|268|577
19|291|268|578
19|291|269|579
19|292|269|580
19|292|270|581
19|293|270|582
19|293|271|583
19|294|271|584
19|294|272|585
19|294|273|586
19|294|274|587
19|294|275|588
19|294|276|589
20|294|276|590
20|294|277|591
20|295|277|592
20|295|278|593
20|296|278|594
20|296|279|595
20|297|279|596
20|297|280|597
20|298|280|598
20|298|281|599
20|299|281|600
20|299|282|601
20|300|282|602
20|300|283|603
20|301|283|604
20|302|283|605
20|302|284|606
20|303|284|607
20|303|285|608
20|304|285|609
20|304|286|610
20|305|286|611
20|305|287|612
20|306|287|613
20|306|288|614
20|307|288|615
20|307|289|616
20|308|289|617
20|308|290|618
20|309|290|619
20|309|291|620
20|310|291|621
20|310|292|622
20|311|292|623
20|311|293|624
20|312|293|625
20|312|294|626
20|313|294|627
20|313|295|628
20|314|295|629
20|314|296|630
20|315|296|631
20|315|297|632
20|316|297|633
20|316|298|634
20|317|298|635
20|317|299|636
20|318|299|637
20|318|300|638
20|319|300|639
20|319|301|640
20|319|302|641
20|319|303|642
20|320|303|643
20|320|304|644
20|321|304|645
20|321|305|646
20|322|305|647
20|322|306|648
20|323|306|649
20|323|307|650
20|323|308|651
20|323|309|652
20|324|309|653
20|324|310|654
20|325|310|655
20|325|311|656
20|325|312|657
20|325|313|658
20|326|313|659
20|326|314|660
20|327|314|661
20|327|315|662
20|328|315|663
20|328|316|664
20|329|316|665
20|329|317|666
20|330|317|667
20|330|318|668
20|331|318|669
20|331|319|670
20|332|319|671
20|332|320|672
20|333|320|673
20|333|321|674
20|333|322|675
20|333|323|676
20|334|323|677
20|334|324|678
20|335|324|679
20|336|324|680
20|337|324|681
20|337|325|682
20|338|325|683
20|338|326|684
20|339|326|685
20|339|327|686
20|339|328|687
20|339|329|688
20|340|329|689
20|341|329|690
20|342|329|691
20|342|330|692
20|342|331|693
20|342|332|694
20|343|332|695
20|343|333|696
20|344|333|697
20|344|334|698
20|345|334|699
20|346|334|700
20|347|334|701
20|347|335|702
20|348|335|703
20|349|335|704
20|350|335|705
20|350|336|706
20|351|336|707
20|352|336|708
20|353|336|709
20|354|336|710
20|355|336|711
20|356|336|712
20|356|337|713
20|356|338|714
20|356|339|715
20|357|339|716
20|357|340|717
20|357|341|718
20|357|342|719
20|358|342|720
20|358|343|721
20|358|344|722
20|358|345|723
21|358|345|724
21|358|346|725
21|359|346|726
21|359|347|727
21|359|348|728
21|359|349|729
21|360|349|730
21|360|350|731
21|360|351|732
21|360|352|733
21|360|353|734
21|360|354|735
21|361|354|736
21|361|355|737
21|361|356|738
21|361|357|739
21|362|357|740
21|362|358|741
22|362|358|742
22|362|359|743
22|362|360|744
22|362|361|745
22|363|361|746
22|363|362|747
22|364|362|748
22|365|362|749
22|365|363|750
22|366|363|751
22|366|364|752
22|367|364|753
22|367|365|754
22|368|365|755
22|368|366|756
22|369|366|757
22|369|367|758
22|370|367|759
22|370|368|760
22|371|368|761
22|371|369|762
22|372|369|763
22|372|370|764
22|373|370|765
22|373|371|766
22|374|371|767
22|374|372|768
22|375|372|769
22|375|373|770
22|376|373|771
22|376|374|772
22|377|374|773
22|377|375|774
22|378|375|775
22|378|376|776
22|379|376|777
22|379|377|778
22|380|377|779
22|380|378|780
22|381|378|781
22|381|379|782
22|382|379|783
22|382|380|784
22|382|381|785
22|383|381|786
22|384|381|787
22|385|381|788
22|386|381|789
22|386|382|790
22|387|382|791
22|388|382|792
22|389|382|793
22|390|382|794
22|390|383|795
22|391|383|796
22|392|383|797
22|393|383|798
22|394|383|799
22|394|384|800
22|394|385|801
22|395|385|802
22|396|385|803
22|396|386|804
22|397|386|805
22|397|387|806
22|398|387|807
22|399|387|808
22|399|388|809
22|400|388|810
22|401|388|811
22|401|389|812
22|401|390|813
22|401|391|814
22|402|391|815
22|403|391|816
22|404|391|817
22|405|391|818
22|406|391|819
22|406|392|820
22|407|392|821
22|407|393|822
22|408|393|823
22|408|394|824
22|409|394|825
22|409|395|826
22|410|395|827
22|410|396|828
22|411|396|829
22|411|397|830
22|412|397|831
22|412|398|832
22|413|398|833
22|413|399|834
22|414|399|835
22|414|400|836
22|415|400|837
22|415|401|838
22|416|401|839
22|416|402|840
22|417|402|841
22|417|403|842
22|418|403|843
22|418|404|844
22|419|404|845
22|419|405|846
22|420|405|847
22|420|406|848
22|421|406|849
22|421|407|850
22|422|407|851
22|422|408|852
22|423|408|853
22|423|409|854
22|424|409|855
22|424|410|856
22|425|410|857
22|426|410|858
22|427|410|859
22|428|410|860
22|429|410|861
22|430|410|862
22|431|410|863
22|432|410|864
22|433|410|865
22|434|410|866
22|435|410|867
22|436|410|868
22|437|410|869
22|438|410|870
22|439|410|871
22|440|410|872
22|441|410|873
22|442|410|874
22|443|410|875
22|444|410|876
22|445|410|877
22|446|410|878
22|447|410|879
22|448|410|880
22|449|410|881
22|450|410|882
22|451|410|883
22|452|410|884
22|453|410|885
22|454|410|886
22|455|410|887
22|456|410|888
22|457|410|889
22|458|410|890
22|459|410|891
22|460|410|892
22|461|410|893
22|461|411|894
22|462|411|895
22|462|412|896
22|463|412|897
22|463|413|898
22|464|413|899
22|464|414|900
22|465|414|901
22|465|415|902
22|466|415|903
22|466|416|904
22|467|416|905
22|467|417|906
22|468|417|907
22|468|418|908
22|469|418|909
22|469|419|910
22|470|419|911
22|470|420|912
22|471|420|913
22|471|421|914
22|472|421|915
22|472|422|916
22|473|422|917
22|473|423|918
22|474|423|919
22|474|424|920
22|475|424|921
22|475|425|922
22|476|425|923
22|476|426|924
22|477|426|925
22|477|427|926
22|478|427|927
22|478|428|928
22|479|428|929
22|480|428|930
22|481|428|931
22|482|428|932
22|483|428|933
22|483|429|934
22|484|429|935
22|484|430|936
22|485|430|937
22|485|431|938
22|485|432|939
22|486|432|940
22|487|432|941
22|487|433|942
22|487|434|943
22|487|435|944
22|487|436|945
22|488|436|946
22|489|436|947
22|489|437|948
22|490|437|949
22|490|438|950
22|491|438|951
22|491|439|952
22|492|439|953
22|493|439|954
22|494|439|955
22|494|440|956
22|495|440|957
22|496|440|958
22|496|441|959
23|496|441|960
23|496|442|961
23|496|443|962
23|496|444|963
23|496|445|964
23|496|446|965
23|497|446|966
23|497|447|967
24|497|447|968
24|497|448|969
24|497|449|970
24|497|450|971
24|497|451|972
24|497|452|973
24|498|452|974
24|498|453|975
24|498|454|976
24|498|455|977
25|498|455|978
25|498|456|979
25|498|457|980
25|498|458|981
25|498|459|982
25|498|460|983
25|498|461|984
25|498|462|985
26|498|462|986
26|498|463|987
26|499|463|988
26|499|464|989
26|499|465|990
26|499|466|991
26|500|466|992
26|500|467|993
26|501|467|994
26|502|467|995
26|503|467|996
26|503|468|997
26|504|468|998
26|505|468|999
27|505|468|1000
27|506|468|1001
27|506|469|1002
27|507|469|1003
27|507|470|1004
27|508|470|1005
27|508|471|1006
27|509|471|1007
27|510|471|1008
27|511|471|1009
27|512|471|1010
27|513|471|1011
27|514|471|1012
27|515|471|1013
27|515|472|1014
28|515|472|1015
28|516|472|1016
28|517|472|1017
28|517|473|1018
28|518|473|1019
28|518|474|1020
28|519|474|1021
28|520|474|1022
28|521|474|1023
28|522|474|1024
28|523|474|1025
28|523|475|1026
28|524|475|1027
28|524|476|1028
28|525|476|1029
28|525|477|1030
28|526|477|1031
28|527|477|1032
28|528|477|1033
28|528|478|1034
28|529|478|1035
28|530|478|1036
28|530|479|1037
28|530|480|1038
28|530|481|1039
28|530|482|1040
28|530|483|1041
28|530|484|1042
28|531|484|1043
28|531|485|1044
28|531|486|1045
29|531|486|1046
29|531|487|1047
29|531|488|1048
29|531|489|1049
29|531|490|1050
29|532|490|1051
29|532|491|1052
29|533|491|1053
29|533|492|1054
29|533|493|1055
29|533|494|1056
29|533|495|1057
30|533|495|1058
30|533|496|1059
30|533|497|1060
30|534|497|1061
30|534|498|1062
30|534|499|1063
30|534|500|1064
30|535|500|1065
31|535|500|1066
31|536|500|1067
31|536|501|1068
31|537|501|1069
32|537|501|1070
32|538|501|1071
33|538|501|1072
33|538|502|1073
33|538|503|1074
33|539|503|1075
33|539|504|1076
33|539|505|1077
33|539|506|1078
33|540|506|1079
33|540|507|1080
33|540|508|1081
33|540|509|1082
33|540|510|1083
33|540|511|1084
33|541|511|1085
33|541|512|1086
33|542|512|1087
33|543|512|1088
33|544|512|1089
33|544|513|1090
33|545|513|1091
33|545|514|1092
33|545|515|1093
33|545|516|1094
33|545|517|1095
33|545|518|1096
33|546|518|1097
33|546|519|1098
33|546|520|1099
33|546|521|1100
33|547|521|1101
33|547|522|1102
33|548|522|1103
33|548|523|1104
33|549|523|1105
33|549|524|1106
33|550|524|1107
33|550|525|1108
33|551|525|1109
33|551|526|1110
33|552|526|1111
33|553|526|1112
33|554|526|1113
33|554|527|1114
33|555|527|1115
33|556|527|1116
34|556|527|1117
34|557|527|1118
34|558|527|1119
34|559|527|1120
34|560|527|1121
34|561|527|1122
35|561|527|1123
35|562|527|1124
35|563|527|1125
35|563|528|1126
35|564|528|1127
35|564|529|1128
35|565|529|1129
35|566|529|1130
35|567|529|1131
35|567|530|1132
35|568|530|1133
35|568|531|1134
35|569|531|1135
35|570|531|1136
35|571|531|1137
35|572|531|1138
35|573|531|1139
35|574|531|1140
35|575|531|1141
35|576|531|1142
35|577|531|1143
35|578|531|1144
35|578|532|1145
36|578|532|1146
36|578|533|1147
36|579|533|1148
36|579|534|1149
37|579|534|1150
37|579|535|1151
37|579|536|1152
37|579|537|1153
38|579|537|1154
38|579|538|1155
38|580|538|1156
38|580|539|1157
39|580|539|1158
39|580|540|1159
40|580|540|1160
40|580|541|1161
41|580|541|1162
41|580|542|1163
41|581|542|1164
41|581|543|1165
42|581|543|1166
42|581|544|1167
42|582|544|1168
42|582|545|1169
42|583|545|1170
42|583|546|1171
42|584|546|1172
42|584|547|1173
43|584|547|1174
43|584|548|1175
43|585|548|1176
43|585|549|1177
43|586|549|1178
43|586|550|1179
43|587|550|1180
43|587|551|1181
43|588|551|1182
43|589|551|1183
43|590|551|1184
43|590|552|1185
43|591|552|1186
43|591|553|1187
43|592|553|1188
43|593|553|1189
43|593|554|1190
43|593|555|1191
43|594|555|1192
43|595|555|1193
43|596|555|1194
43|597|555|1195
43|598|555|1196
43|599|555|1197
43|600|555|1198
43|601|555|1199
43|601|556|1200
43|601|557|1201
43|602|557|1202
43|602|558|1203
43|603|558|1204
43|604|558|1205
43|605|558|1206
43|605|559|1207
43|606|559|1208
43|607|559|1209
43|608|559|1210
43|609|559|1211
43|610|559|1212
43|611|559|1213
43|612|559|1214
43|613|559|1215
43|614|559|1216
43|614|560|1217
43|614|561|1218
43|615|561|1219
43|615|562|1220
43|615|563|1221
43|615|564|1222
43|616|564|1223
43|616|565|1224
43|617|565|1225
43|617|566|1226
43|617|567|1227
43|617|568|1228
43|618|568|1229
43|618|569|1230
43|619|569|1231
43|619|570|1232
43|620|570|1233
43|620|571|1234
43|620|572|1235
43|620|573|1236
43|621|573|1237
43|621|574|1238
43|621|575|1239
43|621|576|1240
43|622|576|1241
43|622|577|1242
43|622|578|1243
43|622|579|1244
43|623|579|1245
43|623|580|1246
43|624|580|1247
43|624|581|1248
43|625|581|1249
43|625|582|1250
43|625|583|1251
43|625|584|1252
43|626|584|1253
43|626|585|1254
43|627|585|1255
43|627|586|1256
43|628|586|1257
43|628|587|1258
43|629|587|1259
43|629|588|1260
43|630|588|1261
43|631|588|1262
43|632|588|1263
43|633|588|1264
43|634|588|1265
43|635|588|1266
43|636|588|1267
43|636|589|1268
43|637|589|1269
43|637|590|1270
43|638|590|1271
43|638|591|1272
43|639|591|1273
43|640|591|1274
43|641|591|1275
43|642|591|1276
43|643|591|1277
43|643|592|1278
43|644|592|1279
43|644|593|1280
43|645|593|1281
43|646|593|1282
43|647|593|1283
43|648|593|1284
43|649|593|1285
43|650|593|1286
43|651|593|1287
43|652|593|1288
43|653|593|1289
43|653|594|1290
43|654|594|1291
43|654|595|1292
43|655|595|1293
43|655|596|1294
43|656|596|1295
43|656|597|1296
43|657|597|1297
43|657|598|1298
43|658|598|1299
43|658|599|1300
43|659|599|1301
43|659|600|1302
43|660|600|1303
43|660|601|1304
43|661|601|1305
43|661|602|1306
43|662|602|1307
43|662|603|1308
43|663|603|1309
43|663|604|1310
43|664|604|1311
43|664|605|1312
43|665|605|1313
43|665|606|1314
43|666|606|1315
43|666|607|1316
43|667|607|1317
43|667|608|1318
43|668|608|1319
43|668|609|1320
43|669|609|1321
43|669|610|1322
43|670|610|1323
43|670|611|1324
43|670|612|1325
43|670|613|1326
43|671|613|1327
43|671|614|1328
43|671|615|1329
43|671|616|1330
43|672|616|1331
43|672|617|1332
43|673|617|1333
43|673|618|1334
43|673|619|1335
43|673|620|1336
43|674|620|1337
43|674|621|1338
43|674|622|1339
43|674|623|1340
43|675|623|1341
43|675|624|1342
43|676|624|1343
43|676|625|1344
43|677|625|1345
43|677|626|1346
43|677|627|1347
43|677|628|1348
43|678|628|1349
43|678|629|1350
43|678|630|1351
43|678|631|1352
43|679|631|1353
43|679|632|1354
43|679|633|1355
43|679|634|1356
43|680|634|1357
43|680|635|1358
43|680|636|1359
43|680|637|1360
43|680|638|1361
43|681|638|1362
43|682|638|1363
43|683|638|1364
43|683|639|1365
43|683|640|1366
43|683|641|1367
43|683|642|1368
43|684|642|1369
43|685|642|1370
43|685|643|1371
43|685|644|1372
43|685|645|1373
43|686|645|1374
43|687|645|1375
43|687|646|1376
43|688|646|1377
43|689|646|1378
43|690|646|1379
43|690|647|1380
43|691|647|1381
43|691|648|1382
43|691|649|1383
43|692|649|1384
43|693|649|1385
43|693|650|1386
43|693|651|1387
43|693|652|1388
43|694|652|1389
43|694|653|1390
43|695|653|1391
43|696|653|1392
43|697|653|1393
43|698|653|1394
43|699|653|1395
44|699|653|1396
44|699|654|1397
44|700|654|1398
44|700|655|1399
44|701|655|1400
44|701|656|1401
44|701|657|1402
44|701|658|1403
44|701|659|1404
44|701|660|1405
44|702|660|1406
44|702|661|1407
44|703|661|1408
44|703|662|1409
44|704|662|1410
44|704|663|1411
44|704|664|1412
44|704|665|1413
44|704|666|1414
44|704|667|1415
44|704|668|1416
44|704|669|1417
44|704|670|1418
44|704|671|1419
44|705|671|1420
44|705|672|1421
44|705|673|1422
44|705|674|1423
44|706|674|1424
44|706|675|1425
44|706|676|1426
44|706|677|1427
44|706|678|1428
44|706|679|1429
44|706|680|1430
44|706|681|1431
45|706|681|1432
45|707|681|1433
45|707|682|1434
45|708|682|1435
45|708|683|1436
45|709|683|1437
45|709|684|1438
45|710|684|1439
45|710|685|1440
45|711|685|1441
45|711|686|1442
45|712|686|1443
45|712|687|1444
45|713|687|1445
45|713|688|1446
45|714|688|1447
45|714|689|1448
45|715|689|1449
45|715|690|1450
45|716|690|1451
45|716|691|1452
45|717|691|1453
45|717|692|1454
45|718|692|1455
45|718|693|1456
45|719|693|1457
45|719|694|1458
45|720|694|1459
45|720|695|1460
45|721|695|1461
45|721|696|1462
45|722|696|1463
45|722|697|1464
45|723|697|1465
45|723|698|1466
45|724|698|1467
45|724|699|1468
45|724|700|1469
45|725|700|1470
45|726|700|1471
45|726|701|1472
45|726|702|1473
45|726|703|1474
45|726|704|1475
45|726|705|1476
45|727|705|1477
45|728|705|1478
45|728|706|1479
45|729|706|1480
45|729|707|1481
45|730|707|1482
45|730|708|1483
45|730|709|1484
45|731|709|1485
45|732|709|1486
45|733|709|1487
45|733|710|1488
45|733|711|1489
45|733|712|1490
45|733|713|1491
45|734|713|1492
45|734|714|1493
46|734|714|1494
46|735|714|1495
46|735|715|1496
46|735|716|1497
47|735|716|1498
47|736|716|1499
47|737|716|1500
47|738|716|1501
47|738|717|1502
47|739|717|1503
48|739|717|1504
48|740|717|1505
48|740|718|1506
48|741|718|1507
48|741|719|1508
48|742|719|1509
48|742|720|1510
48|743|720|1511
48|743|721|1512
48|744|721|1513
48|744|722|1514
48|745|722|1515
48|745|723|1516
48|746|723|1517
48|746|724|1518
48|747|724|1519
48|747|725|1520
48|748|725|1521
48|748|726|1522
48|749|726|1523
48|749|727|1524
48|750|727|1525
48|750|728|1526
48|751|728|1527
48|751|729|1528
48|752|729|1529
48|752|730|1530
48|753|730|1531
48|753|731|1532
48|754|731|1533
48|754|732|1534
48|755|732|1535
48|755|733|1536
48|756|733|1537
48|756|734|1538
48|757|734|1539
48|757|735|1540
48|758|735|1541
48|759|735|1542
48|760|735|1543
48|761|735|1544
48|762|735|1545
48|763|735|1546
48|764|735|1547
48|765|735|1548
48|766|735|1549
48|767|735|1550
48|768|735|1551
48|769|735|1552
48|770|735|1553
48|771|735|1554
48|772|735|1555
48|773|735|1556
48|774|735|1557
48|775|735|1558
48|776|735|1559
48|777|735|1560
48|778|735|1561
48|779|735|1562
48|780|735|1563
48|781|735|1564
48|782|735|1565
48|783|735|1566
48|784|735|1567
48|785|735|1568
48|786|735|1569
48|787|735|1570
48|788|735|1571
48|789|735|1572
48|790|735|1573
48|791|735|1574
48|792|735|1575
48|793|735|1576
48|794|735|1577
48|794|736|1578
48|795|736|1579
48|795|737|1580
48|796|737|1581
48|796|738|1582
48|797|738|1583
48|797|739|1584
48|798|739|1585
48|798|740|1586
48|799|740|1587
48|799|741|1588
48|800|741|1589
48|800|742|1590
48|801|742|1591
48|801|743|1592
48|802|743|1593
48|802|744|1594
48|803|744|1595
48|803|745|1596
48|804|745|1597
48|804|746|1598
48|805|746|1599
48|805|747|1600
48|806|747|1601
48|806|748|1602
48|807|748|1603
48|807|749|1604
48|808|749|1605
48|808|750|1606
48|809|750|1607
48|809|751|1608
48|810|751|1609
48|810|752|1610
48|811|752|1611
48|811|753|1612
48|811|754|1613
49|811|754|1614
49|812|754|1615
49|812|755|1616
49|813|755|1617
49|813|756|1618
49|814|756|1619
49|814|757|1620
49|815|757|1621
49|816|757|1622
49|816|758|1623
50|816|758|1624
50|817|758|1625
50|818|758|1626
50|819|758|1627
50|819|759|1628
50|820|759|1629
50|821|759|1630
50|822|759|1631
50|822|760|1632
50|823|760|1633
50|823|761|1634
50|824|761|1635
51|824|761|1636
51|824|762|1637
52|824|762|1638
52|825|762|1639
52|825|763|1640
52|825|764|1641
53|825|764|1642
53|826|764|1643
54|826|764|1644
54|826|765|1645
54|826|766|1646
54|826|767|1647
54|826|768|1648
54|826|769|1649
54|826|770|1650
54|826|771|1651
54|826|772|1652
54|826|773|1653
54|826|774|1654
54|826|775|1655
54|826|776|1656
54|826|777|1657
54|827|777|1658
54|827|778|1659
54|827|779|1660
54|827|780|1661
54|827|781|1662
54|827|782|1663
54|827|783|1664
54|827|784|1665
54|827|785|1666
54|827|786|1667
54|827|787|1668
54|827|788|1669
54|827|789|1670
54|827|790|1671
54|827|791|1672
54|827|792|1673
54|827|793|1674
54|827|794|1675
54|827|795|1676
54|827|796|1677
54|828|796|1678
54|828|797|1679
54|829|797|1680
54|830|797|1681
54|831|797|1682
54|831|798|1683
54|831|799|1684
54|832|799|1685
54|832|800|1686
54|833|800|1687
54|833|801|1688
54|834|801|1689
54|834|802|1690
54|835|802|1691
54|836|802|1692
54|837|802|1693
54|837|803|1694
54|838|803|1695
54|838|804|1696
54|839|804|1697
54|839|805|1698
54|840|805|1699
54|840|806|1700
54|841|806|1701
54|841|807|1702
54|842|807|1703
54|842|808|1704
54|843|808|1705
54|843|809|1706
54|844|809|1707
54|844|810|1708
54|845|810|1709
54|845|811|1710
54|846|811|1711
54|846|812|1712
54|847|812|1713
54|847|813|1714
54|848|813|1715
54|849|813|1716
54|850|813|1717
54|851|813|1718
54|852|813|1719
54|852|814|1720
54|852|815|1721
54|852|816|1722
54|853|816|1723
54|853|817|1724
54|854|817|1725
54|854|818|1726
54|855|818|1727
54|855|819|1728
54|855|820|1729
54|855|821|1730
54|856|821|1731
54|856|822|1732
54|857|822|1733
54|857|823|1734
54|858|823|1735
54|858|824|1736
54|858|825|1737
55|858|825|1738
55|859|825|1739
55|859|826|1740
55|860|826|1741
55|860|827|1742
55|861|827|1743
55|861|828|1744
55|862|828|1745
55|862|829|1746
55|863|829|1747
55|863|830|1748
55|863|831|1749
55|863|832|1750
55|863|833|1751
55|863|834|1752
55|864|834|1753
55|864|835|1754
55|865|835|1755
55|865|836|1756
55|866|836|1757
55|866|837|1758
55|867|837|1759
55|867|838|1760
55|868|838|1761
55|868|839|1762
55|869|839|1763
55|869|840|1764
55|869|841|1765
55|869|842|1766
55|870|842|1767
55|871|842|1768
55|872|842|1769
55|872|843|1770
55|873|843|1771
55|874|843|1772
55|874|844|1773
55|874|845|1774
55|875|845|1775
55|875|846|1776
55|876|846|1777
55|876|847|1778
55|877|847|1779
55|877|848|1780
55|878|848|1781
55|878|849|1782
55|879|849|1783
55|879|850|1784
55|880|850|1785
55|880|851|1786
55|881|851|1787
55|881|852|1788
55|882|852|1789
55|883|852|1790
55|884|852|1791
55|884|853|1792
55|885|853|1793
55|885|854|1794
55|886|854|1795
55|887|854|1796
55|888|854|1797
55|888|855|1798
55|889|855|1799
55|890|855|1800
55|891|855|1801
55|891|856|1802
55|892|856|1803
55|893|856|1804
55|894|856|1805
55|894|857|1806
55|895|857|1807
55|896|857|1808
55|897|857|1809
55|897|858|1810
55|898|858|1811
55|898|859|1812
55|899|859|1813
55|899|860|1814
55|900|860|1815
55|901|860|1816
55|902|860|1817
55|902|861|1818
55|903|861|1819
55|904|861|1820
55|905|861|1821
55|906|861|1822
55|907|861|1823
55|908|861|1824
55|909|861|1825
55|910|861|1826
55|911|861|1827
55|912|861|1828
55|912|862|1829
55|912|863|1830
55|912|864|1831
55|912|865|1832
55|912|866|1833
55|913|866|1834
55|913|867|1835
55|914|867|1836
55|914|868|1837
56|914|868|1838
56|914|869|1839
57|914|869|1840
57|914|870|1841
57|915|870|1842
57|915|871|1843
57|916|871|1844
57|916|872|1845
58|916|872|1846
58|916|873|1847
58|917|873|1848
58|917|874|1849
58|917|875|1850
58|917|876|1851
58|917|877|1852
58|917|878|1853
58|917|879|1854
58|917|880|1855
59|917|880|1856
59|917|881|1857
60|917|881|1858
60|917|882|1859
60|918|882|1860
60|918|883|1861
60|919|883|1862
60|919|884|1863
60|920|884|1864
60|921|884|1865
60|922|884|1866
60|923|884|1867
60|923|885|1868
60|924|885|1869
60|924|886|1870
60|925|886|1871
60|926|886|1872
60|927|886|1873
60|927|887|1874
60|927|888|1875
60|927|889|1876
60|928|889|1877
60|929|889|1878
60|930|889|1879
60|930|890|1880
60|930|891|1881
60|930|892|1882
60|931|892|1883
60|931|893|1884
60|932|893|1885
60|932|894|1886
60|933|894|1887
60|933|895|1888
60|934|895|1889
60|934|896|1890
60|935|896|1891
60|936|896|1892
60|937|896|1893
60|938|896|1894
60|939|896|1895
60|940|896|1896
60|941|896|1897
60|942|896|1898
60|943|896|1899
60|944|896|1900
60|944|897|1901
60|944|898|1902
60|945|898|1903
60|945|899|1904
60|946|899|1905
60|946|900|1906
60|947|900|1907
60|947|901|1908
60|948|901|1909
60|948|902|1910
60|948|903|1911
60|948|904|1912
60|949|904|1913
60|949|905|1914
60|950|905|1915
60|950|906|1916
60|950|907|1917
60|950|908|1918
60|951|908|1919
60|951|909|1920
60|952|909|1921
60|952|910|1922
60|953|910|1923
60|953|911|1924
60|954|911|1925
60|954|912|1926
60|955|912|1927
60|955|913|1928
60|956|913|1929
60|956|914|1930
60|956|915|1931
60|956|916|1932
60|957|916|1933
60|957|917|1934
60|957|918|1935
60|957|919|1936
60|958|919|1937
60|959|919|1938
60|960|919|1939
60|961|919|1940
60|962|919|1941
60|962|920|1942
60|963|920|1943
60|963|921|1944
60|964|921|1945
60|964|922|1946
60|965|922|1947
60|966|922|1948
60|967|922|1949
60|967|923|1950
60|968|923|1951
60|968|924|1952
60|969|924|1953
60|970|924|1954
60|971|924|1955
60|971|925|1956
60|972|925|1957
60|973|925|1958
60|974|925|1959
60|975|925|1960
60|976|925|1961
60|977|925|1962
60|978|925|1963
60|979|925|1964
60|980|925|1965
60|981|925|1966
60|982|925|1967
60|983|925|1968
60|984|925|1969
60|985|925|1970
60|986|925|1971
60|987|925|1972
60|987|926|1973
61|987|926|1974
61|987|927|1975
61|987|928|1976
61|987|929|1977
61|988|929|1978
61|988|930|1979
62|988|930|1980
62|988|931|1981
62|989|931|1982
62|989|932|1983
63|989|932|1984
63|989|933|1985
63|990|933|1986
63|990|934|1987
63|990|935|1988
63|990|936|1989
63|991|936|1990
63|991|937|1991
64|991|937|1992
64|991|938|1993
64|992|938|1994
64|992|939|1995
64|993|939|1996
64|993|940|1997
65|993|940|1998
65|993|941|1999
65|994|941|2000
