total
0|0|1|1
0|1|1|2
0|2|1|3
0|3|1|4
0|3|2|5
0|4|2|6
0|4|3|7
0|5|3|8
0|6|3|9
0|7|3|10
0|7|4|11
0|8|4|12
0|8|5|13
0|9|5|14
0|9|6|15
0|10|6|16
0|10|7|17
0|11|7|18
0|11|8|19
0|12|8|20
0|12|9|21
0|13|9|22
0|13|10|23
0|14|10|24
0|14|11|25
0|15|11|26
0|15|12|27
0|16|12|28
0|16|13|29
0|16|14|30
0|16|15|31
0|16|16|32
0|16|17|33
0|17|17|34
0|17|18|35
0|18|18|36
0|18|19|37
0|18|20|38
0|18|21|39
0|18|22|40
0|18|23|41
0|18|24|42
0|18|25|43
0|19|25|44
0|19|26|45
0|19|27|46
0|19|28|47
0|19|29|48
0|19|30|49
0|19|31|50
0|19|32|51
0|20|32|52
0|20|33|53
0|21|33|54
0|21|34|55
0|22|34|56
0|23|34|57
0|23|35|58
0|23|36|59
0|23|37|60
0|23|38|61
0|23|39|62
0|23|40|63
0|23|41|64
0|23|42|65
0|24|42|66
0|24|43|67
0|25|43|68
0|25|44|69
0|26|44|70
0|26|45|71
0|27|45|72
0|27|46|73
0|28|46|74
0|28|47|75
0|29|47|76
0|29|48|77
0|30|48|78
0|30|49|79
0|31|49|80
0|31|50|81
0|32|50|82
0|32|51|83
0|33|51|84
0|33|52|85
0|34|52|86
0|34|53|87
0|35|53|88
0|35|54|89
0|36|54|90
0|36|55|91
0|37|55|92
0|37|56|93
0|38|56|94
0|38|57|95
0|39|57|96
0|39|58|97
0|40|58|98
0|40|59|99
0|41|59|100
0|41|60|101
0|42|60|102
0|42|61|103
0|43|61|104
0|43|62|105
0|44|62|106
0|44|63|107
0|45|63|108
0|45|64|109
0|46|64|110
0|46|65|111
0|46|66|112
0|46|67|113
0|47|67|114
0|47|68|115
0|48|68|116
0|48|69|117
0|48|70|118
0|48|71|119
0|49|71|120
0|49|72|121
0|50|72|122
0|50|73|123
0|51|73|124
0|51|74|125
0|52|74|126
0|52|75|127
0|53|75|128
0|53|76|129
0|54|76|130
0|54|77|131
0|55|77|132
0|56|77|133
0|57|77|134
0|57|78|135
0|57|79|136
0|57|80|137
0|58|80|138
0|58|81|139
0|59|81|140
0|59|82|141
0|60|82|142
0|60|83|143
0|61|83|144
0|61|84|145
0|62|84|146
0|62|85|147
0|63|85|148
0|63|86|149
0|64|86|150
0|64|87|151
0|65|87|152
0|65|88|153
0|66|88|154
0|66|89|155
0|67|89|156
0|67|90|157
0|68|90|158
0|68|91|159
0|69|91|160
0|69|92|161
0|70|92|162
0|70|93|163
0|71|93|164
0|71|94|165
0|72|94|166
0|72|95|167
0|73|95|168
0|73|96|169
0|74|96|170
0|74|97|171
0|75|97|172
0|76|97|173
1|76|97|174
1|77|97|175
2|77|97|176
2|78|97|177
3|78|97|178
3|79|97|179
4|79|97|180
4|80|97|181
5|80|97|182
5|81|97|183
6|81|97|184
6|82|97|185
7|82|97|186
7|83|97|187
8|83|97|188
8|84|97|189
9|84|97|190
9|85|97|191
10|85|97|192
10|86|97|193
11|86|97|194
11|87|97|195
12|87|97|196
12|88|97|197
13|88|97|198
13|89|97|199
14|89|97|200
14|90|97|201
15|90|97|202
15|91|97|203
16|91|97|204
16|92|97|205
17|92|97|206
17|93|97|207
18|93|97|208
18|93|98|209
18|94|98|210
18|94|99|211
18|95|99|212
18|96|100|214
18|97|100|215
18|97|101|216
18|98|101|217
18|98|102|218
18|99|102|219
18|99|103|220
18|100|103|221
18|100|104|222
18|101|104|223
18|101|105|224
18|102|105|225
18|102|106|226
18|103|106|227
18|103|107|228
18|104|107|229
18|104|108|230
18|105|108|231
18|105|109|232
18|106|109|233
18|106|110|234
18|107|110|235
18|107|111|236
18|108|111|237
18|108|112|238
18|109|112|239
18|109|113|240
18|110|113|241
18|110|114|242
18|111|114|243
18|111|115|244
18|112|115|245
18|112|116|246
18|113|116|247
18|113|117|248
18|114|117|249
18|114|118|250
18|115|118|251
18|115|119|252
18|116|119|253
18|116|120|254
18|117|120|255
18|117|121|256
18|118|121|257
18|118|122|258
18|119|122|259
18|119|123|260
18|120|123|261
18|120|124|262
18|121|124|263
18|121|125|264
18|122|125|265
18|122|126|266
18|123|126|267
18|123|127|268
18|124|127|269
18|124|128|270
18|125|128|271
18|125|129|272
18|126|129|273
18|126|130|274
18|127|130|275
18|128|130|276
18|129|130|277
18|129|131|278
18|130|131|279
18|131|131|280
18|131|132|281
18|131|133|282
18|132|133|283
18|132|134|284
18|132|135|285
18|132|136|286
18|132|137|287
18|132|138|288
18|132|139|289
18|132|140|290
18|132|141|291
18|133|141|292
18|134|141|293
18|134|142|294
18|134|143|295
18|135|143|296
18|136|143|297
18|136|144|298
18|137|144|299
18|137|145|300
18|137|146|301
18|137|147|302
18|138|147|303
18|138|148|304
18|139|148|305
18|139|149|306
18|139|150|307
18|139|151|308
18|140|151|309
18|141|151|310
18|141|152|311
18|142|152|312
18|142|153|313
18|142|154|314
18|143|154|315
18|143|155|316
18|144|155|317
18|144|156|318
18|145|156|319
18|145|157|320
18|146|157|321
18|146|158|322
19|146|158|323
19|146|159|324
19|147|159|325
19|148|159|326
19|149|159|327
19|149|160|328
19|150|160|329
19|150|161|330
19|151|161|331
19|151|162|332
19|152|162|333
19|152|163|334
19|153|163|335
19|153|164|336
19|154|164|337
19|155|164|338
19|156|164|339
19|157|164|340
19|158|164|341
19|158|165|342
19|159|165|343
19|159|166|344
19|160|166|345
19|160|167|346
20|160|167|347
20|161|167|348
20|162|167|349
20|162|168|350
20|163|168|351
20|163|169|352
20|164|169|353
20|164|170|354
20|165|170|355
20|165|171|356
20|166|171|357
20|166|172|358
20|167|172|359
20|167|173|360
20|168|173|361
20|168|174|362
20|169|174|363
20|169|175|364
20|170|175|365
20|170|176|366
20|171|176|367
20|171|177|368
20|172|177|369
20|172|178|370
20|173|178|371
20|173|179|372
20|174|179|373
20|174|180|374
20|174|181|375
20|174|182|376
20|175|182|377
20|175|183|378
20|176|183|379
20|176|184|380
20|177|184|381
20|177|185|382
20|178|185|383
20|179|185|384
20|179|186|385
20|179|187|386
20|180|187|387
20|180|188|388
20|181|188|389
20|181|189|390
20|182|189|391
20|182|190|392
20|183|190|393
20|183|191|394
20|184|191|395
20|184|192|396
20|185|192|397
20|185|193|398
20|186|193|399
20|186|194|400
20|187|194|401
20|187|195|402
20|188|195|403
20|188|196|404
20|189|196|405
20|189|197|406
20|190|197|407
20|190|198|408
20|191|198|409
20|191|199|410
20|192|199|411
20|192|200|412
20|193|200|413
20|193|201|414
20|194|201|415
20|194|202|416
20|195|202|417
20|195|203|418
20|196|203|419
20|196|204|420
20|197|204|421
20|197|205|422
20|198|205|423
20|198|206|424
20|199|206|425
20|200|206|426
21|200|206|427
21|200|207|428
21|201|207|429
21|201|208|430
21|202|208|431
21|202|209|432
22|202|209|433
22|202|210|434
22|203|210|435
22|203|211|436
22|204|211|437
22|204|212|438
22|205|212|439
22|206|212|440
22|207|212|441
22|207|213|442
22|208|213|443
22|208|214|444
23|208|214|445
23|208|215|446
23|209|215|447
23|209|216|448
23|210|216|449
23|210|217|450
23|211|217|451
23|211|218|452
23|212|218|453
23|212|219|454
23|213|219|455
23|214|219|456
23|215|219|457
23|215|220|458
23|216|220|459
23|216|221|460
23|216|222|461
23|216|223|462
23|216|224|463
23|216|225|464
23|216|226|465
23|216|227|466
23|216|228|467
23|216|229|468
23|216|230|469
23|216|231|470
23|216|232|471
23|216|233|472
23|216|234|473
23|217|234|474
23|217|235|475
23|217|236|476
23|217|237|477
23|218|237|478
23|218|238|479
23|219|238|480
23|219|239|481
23|219|240|482
23|219|241|483
23|219|242|484
23|219|243|485
23|219|244|486
23|219|245|487
23|219|246|488
23|219|247|489
23|220|247|490
23|220|248|491
23|220|249|492
23|220|250|493
23|220|251|494
23|220|252|495
23|221|252|496
23|222|252|497
23|222|253|498
23|223|253|499
23|223|254|500
23|224|254|501
23|224|255|502
23|225|255|503
23|225|256|504
23|226|256|505
23|226|257|506
23|227|257|507
23|227|258|508
23|228|258|509
23|228|259|510
23|229|259|511
23|229|260|512
23|230|260|513
23|230|261|514
23|231|261|515
23|231|262|516
23|232|262|517
23|233|262|518
23|234|262|519
23|234|263|520
23|235|263|521
23|235|264|522
23|236|264|523
23|236|265|524
23|237|265|525
23|237|266|526
23|238|266|527
23|238|267|528
23|239|267|529
23|239|268|530
23|240|268|531
23|240|269|532
23|241|269|533
23|241|270|534
23|242|270|535
23|242|271|536
23|243|271|537
23|243|272|538
23|244|272|539
23|244|273|540
23|245|273|541
23|245|274|542
23|245|275|543
23|245|276|544
23|246|276|545
23|246|277|546
23|247|277|547
23|247|278|548
23|248|278|549
23|248|279|550
23|249|279|551
23|249|280|552
23|250|280|553
23|250|281|554
23|250|282|555
23|250|283|556
23|251|283|557
23|251|284|558
23|252|284|559
23|252|285|560
23|253|285|561
23|253|286|562
23|254|286|563
23|254|287|564
23|255|287|565
23|255|288|566
23|256|288|567
23|256|289|568
23|256|290|569
23|256|291|570
23|256|292|571
23|256|293|572
23|256|294|573
23|256|295|574
23|256|296|575
23|257|296|576
23|257|297|577
23|257|298|578
23|257|299|579
23|258|299|580
23|258|300|581
23|258|301|582
23|258|302|583
23|258|303|584
23|258|304|585
23|258|305|586
23|258|306|587
23|258|307|588
23|258|308|589
23|258|309|590
23|258|310|591
23|258|311|592
23|258|312|593
23|258|313|594
23|258|314|595
23|258|315|596
23|258|316|597
23|258|317|598
23|258|318|599
23|258|319|600
23|258|320|601
23|258|321|602
23|258|322|603
23|258|323|604
23|259|323|605
23|259|324|606
23|260|324|607
23|260|325|608
23|261|325|609
23|261|326|610
23|262|326|611
23|262|327|612
23|263|327|613
23|263|328|614
23|264|328|615
23|264|329|616
23|265|329|617
23|265|330|618
23|266|330|619
23|266|331|620
23|267|331|621
23|267|332|622
23|268|332|623
23|268|333|624
23|269|333|625
23|269|334|626
23|270|334|627
23|270|335|628
23|271|335|629
23|271|336|630
23|272|336|631
23|272|337|632
23|273|337|633
23|273|338|634
23|274|338|635
23|274|339|636
23|275|339|637
23|275|340|638
23|276|340|639
23|276|341|640
23|277|341|641
23|277|342|642
23|278|342|643
23|278|343|644
23|279|343|645
23|279|344|646
23|280|344|647
23|280|345|648
23|281|345|649
23|281|346|650
23|281|347|651
23|281|348|652
23|282|348|653
23|282|349|654
23|283|349|655
23|283|350|656
23|284|350|657
23|284|351|658
23|285|351|659
23|285|352|660
23|286|352|661
23|286|353|662
23|286|354|663
23|286|355|664
23|287|355|665
23|287|356|666
23|288|356|667
23|288|357|668
23|289|357|669
23|289|358|670
23|290|358|671
23|290|359|672
23|291|359|673
23|291|360|674
23|292|360|675
23|292|361|676
23|293|361|677
23|293|362|678
23|294|362|679
23|295|362|680
23|296|362|681
23|296|363|682
23|297|363|683
23|297|364|684
23|298|364|685
23|298|365|686
23|299|365|687
23|299|366|688
23|300|366|689
23|300|367|690
23|301|367|691
23|301|368|692
23|302|368|693
23|302|369|694
23|303|369|695
23|303|370|696
23|304|370|697
23|304|371|698
23|305|371|699
23|305|372|700
23|306|372|701
23|306|373|702
23|307|373|703
23|307|374|704
23|308|374|705
23|309|374|706
24|309|374|707
24|309|375|708
25|309|375|709
25|309|376|710
25|310|376|711
25|310|377|712
25|310|378|713
25|310|379|714
25|311|379|715
25|311|380|716
25|311|381|717
25|311|382|718
25|311|383|719
25|311|384|720
25|312|384|721
25|312|385|722
25|312|386|723
25|312|387|724
25|312|388|725
25|313|388|726
25|314|388|727
25|314|389|728
25|314|390|729
25|314|391|730
25|314|392|731
25|314|393|732
25|314|394|733
25|314|395|734
25|315|395|735
25|315|396|736
25|315|397|737
25|315|398|738
25|315|399|739
25|316|399|740
25|316|400|741
25|317|400|742
25|317|401|743
25|317|402|744
25|317|403|745
25|317|404|746
25|318|404|747
25|318|405|748
25|319|405|749
25|319|406|750
25|320|406|751
25|320|407|752
25|321|407|753
25|321|408|754
25|322|408|755
25|322|409|756
25|323|409|757
25|323|410|758
25|324|410|759
25|324|411|760
25|325|411|761
25|325|412|762
25|326|412|763
25|326|413|764
25|327|413|765
25|327|414|766
25|328|414|767
25|328|415|768
25|329|415|769
25|329|416|770
25|330|416|771
25|330|417|772
25|331|417|773
25|331|418|774
25|332|418|775
25|332|419|776
25|333|419|777
25|333|420|778
25|334|420|779
25|334|421|780
25|335|421|781
25|335|422|782
25|336|422|783
25|336|423|784
25|336|424|785
25|336|425|786
25|337|425|787
25|337|426|788
25|338|426|789
25|338|427|790
25|339|427|791
25|339|428|792
25|340|428|793
25|340|429|794
25|340|430|795
25|340|431|796
25|341|431|797
25|342|431|798
25|343|431|799
25|343|432|800
25|343|433|801
25|343|434|802
25|344|434|803
25|344|435|804
25|345|435|805
25|345|436|806
25|346|436|807
25|346|437|808
25|346|438|809
25|346|439|810
25|347|439|811
25|347|440|812
25|348|440|813
25|348|441|814
25|349|441|815
25|349|442|816
25|350|442|817
25|351|442|818
25|352|442|819
25|352|443|820
25|353|443|821
25|353|444|822
25|354|444|823
25|354|445|824
25|355|445|825
25|355|446|826
25|356|446|827
25|356|447|828
25|357|447|829
25|357|448|830
25|358|448|831
25|358|449|832
25|359|449|833
25|359|450|834
25|360|450|835
25|360|451|836
25|361|451|837
25|361|452|838
25|362|452|839
25|362|453|840
25|363|453|841
25|363|454|842
25|364|454|843
25|364|455|844
25|365|455|845
25|365|456|846
25|366|456|847
25|366|457|848
25|367|457|849
25|367|458|850
25|368|458|851
25|368|459|852
25|369|459|853
25|369|460|854
25|370|460|855
25|370|461|856
26|370|461|857
26|371|461|858
27|371|461|859
27|372|461|860
28|372|461|861
28|373|461|862
29|373|461|863
29|374|461|864
30|374|461|865
30|375|461|866
31|375|461|867
31|376|461|868
32|376|461|869
32|377|461|870
33|377|461|871
33|378|461|872
34|378|461|873
34|379|461|874
35|379|461|875
35|380|461|876
36|380|461|877
36|381|461|878
37|381|461|879
37|382|461|880
38|382|461|881
38|383|461|882
39|383|461|883
39|384|461|884
40|384|461|885
40|385|461|886
41|385|461|887
41|386|461|888
42|386|461|889
42|387|461|890
43|387|461|891
43|388|461|892
43|389|461|893
43|389|462|894
43|390|462|895
43|390|463|896
43|391|463|897
43|391|464|898
43|392|464|899
43|392|465|900
43|393|465|901
43|393|466|902
43|394|466|903
43|394|467|904
43|395|467|905
43|395|468|906
43|396|468|907
43|396|469|908
43|397|469|909
43|397|470|910
43|398|470|911
43|398|471|912
43|399|471|913
43|399|472|914
43|400|472|915
43|400|473|916
43|401|473|917
43|401|474|918
43|402|474|919
43|402|475|920
43|403|475|921
43|403|476|922
43|404|476|923
43|404|477|924
43|405|477|925
43|405|478|926
43|406|478|927
43|406|479|928
43|407|479|929
43|408|479|930
43|409|479|931
43|409|480|932
43|410|480|933
43|410|481|934
43|411|481|935
43|411|482|936
43|412|482|937
43|412|483|938
43|413|483|939
43|414|483|940
43|415|483|941
43|415|484|942
43|416|484|943
43|416|485|944
43|417|485|945
43|417|486|946
43|418|486|947
43|418|487|948
43|419|487|949
43|419|488|950
43|420|488|951
43|420|489|952
43|421|489|953
43|421|490|954
43|422|490|955
43|422|491|956
43|423|491|957
43|423|492|958
43|424|492|959
43|425|492|960
43|426|492|961
43|426|493|962
43|427|493|963
43|427|494|964
43|427|495|965
43|428|495|966
43|429|495|967
43|429|496|968
43|430|496|969
43|431|496|970
43|432|496|971
43|432|497|972
43|432|498|973
43|432|499|974
43|433|499|975
43|433|500|976
43|433|501|977
43|433|502|978
43|434|502|979
43|434|503|980
43|434|504|981
43|434|505|982
43|434|506|983
43|434|507|984
43|435|507|985
43|436|507|986
43|436|508|987
43|436|509|988
43|437|509|989
43|437|510|990
43|437|511|991
43|437|512|992
43|438|512|993
43|439|512|994
43|439|513|995
43|439|514|996
43|439|515|997
43|439|516|998
43|439|517|999
43|439|518|1000
43|440|518|1001
43|440|519|1002
43|441|519|1003
43|441|520|1004
43|442|520|1005
43|442|521|1006
43|443|521|1007
43|443|522|1008
43|444|522|1009
43|445|522|1010
43|446|522|1011
43|446|523|1012
43|447|523|1013
43|447|524|1014
43|448|524|1015
43|448|525|1016
43|449|525|1017
43|449|526|1018
43|450|526|1019
43|450|527|1020
43|451|527|1021
43|451|528|1022
43|452|528|1023
43|452|529|1024
43|453|529|1025
43|453|530|1026
43|454|530|1027
43|454|531|1028
43|455|531|1029
43|455|532|1030
44|455|532|1031
44|456|532|1032
45|456|532|1033
45|456|533|1034
45|457|533|1035
45|457|534|1036
45|458|534|1037
45|458|535|1038
45|459|535|1039
45|459|536|1040
45|460|536|1041
45|460|537|1042
45|461|537|1043
45|461|538|1044
45|462|538|1045
45|462|539|1046
45|463|539|1047
45|463|540|1048
45|464|540|1049
45|464|541|1050
45|465|541|1051
45|465|542|1052
45|466|542|1053
45|466|543|1054
45|466|544|1055
45|466|545|1056
45|467|545|1057
45|467|546|1058
45|468|546|1059
45|468|547|1060
45|469|547|1061
45|469|548|1062
45|470|548|1063
45|470|549|1064
45|471|549|1065
45|471|550|1066
45|471|551|1067
45|471|552|1068
45|471|553|1069
45|471|554|1070
45|472|554|1071
45|472|555|1072
45|473|555|1073
45|473|556|1074
45|474|556|1075
45|474|557|1076
45|475|557|1077
45|475|558|1078
45|476|558|1079
45|476|559|1080
45|477|559|1081
45|477|560|1082
45|478|560|1083
45|478|561|1084
45|479|561|1085
45|479|562|1086
45|480|562|1087
45|480|563|1088
45|481|563|1089
45|481|564|1090
45|482|564|1091
45|482|565|1092
45|483|565|1093
45|483|566|1094
45|484|566|1095
45|484|567|1096
45|485|567|1097
45|485|568|1098
45|486|568|1099
45|486|569|1100
45|487|569|1101
45|487|570|1102
45|488|570|1103
45|488|571|1104
45|489|571|1105
45|489|572|1106
45|490|572|1107
45|490|573|1108
45|491|573|1109
45|491|574|1110
45|492|574|1111
45|492|575|1112
45|493|575|1113
45|493|576|1114
45|494|576|1115
45|494|577|1116
45|495|577|1117
45|495|578|1118
45|496|578|1119
45|496|579|1120
45|497|579|1121
45|497|580|1122
45|498|580|1123
45|498|581|1124
45|499|581|1125
45|499|582|1126
45|500|582|1127
45|500|583|1128
45|501|583|1129
45|501|584|1130
45|502|584|1131
45|502|585|1132
45|503|585|1133
45|503|586|1134
45|504|586|1135
45|504|587|1136
46|504|587|1137
46|504|588|1138
46|505|588|1139
46|506|588|1140
46|507|588|1141
46|507|589|1142
46|508|589|1143
46|508|590|1144
46|508|591|1145
46|509|591|1146
46|509|592|1147
46|510|592|1148
46|510|593|1149
46|511|593|1150
46|511|594|1151
46|511|595|1152
46|511|596|1153
46|512|596|1154
46|512|597|1155
46|513|597|1156
46|513|598|1157
46|514|598|1158
46|514|599|1159
46|515|599|1160
46|515|600|1161
46|515|601|1162
46|515|602|1163
46|515|603|1164
46|515|604|1165
46|516|604|1166
46|516|605|1167
46|516|606|1168
46|516|607|1169
46|517|607|1170
46|517|608|1171
46|518|608|1172
46|518|609|1173
46|518|610|1174
46|518|611|1175
46|518|612|1176
46|518|613|1177
46|518|614|1178
46|518|615|1179
46|519|615|1180
46|520|615|1181
46|520|616|1182
46|521|616|1183
46|521|617|1184
46|522|617|1185
46|522|618|1186
46|523|618|1187
46|523|619|1188
46|524|619|1189
46|524|620|1190
46|525|620|1191
46|525|621|1192
46|526|621|1193
46|526|622|1194
46|527|622|1195
46|527|623|1196
46|528|623|1197
46|528|624|1198
46|529|624|1199
46|529|625|1200
46|530|625|1201
46|530|626|1202
46|531|626|1203
46|532|626|1204
46|533|626|1205
46|533|627|1206
46|534|627|1207
46|534|628|1208
46|535|628|1209
46|535|629|1210
46|536|629|1211
46|537|629|1212
46|538|629|1213
46|538|630|1214
46|539|630|1215
46|539|631|1216
46|540|631|1217
46|540|632|1218
46|541|632|1219
46|541|633|1220
46|541|634|1221
46|541|635|1222
46|542|635|1223
46|542|636|1224
46|543|636|1225
46|543|637|1226
46|543|638|1227
46|543|639|1228
46|544|639|1229
46|544|640|1230
46|545|640|1231
46|545|641|1232
46|546|641|1233
46|546|642|1234
46|547|642|1235
46|547|643|1236
46|548|643|1237
46|548|644|1238
46|549|644|1239
46|549|645|1240
46|550|645|1241
46|550|646|1242
46|550|647|1243
46|550|648|1244
46|551|648|1245
46|551|649|1246
46|552|649|1247
46|552|650|1248
46|553|650|1249
46|553|651|1250
46|554|651|1251
46|554|652|1252
46|555|652|1253
46|555|653|1254
46|556|653|1255
46|556|654|1256
46|557|654|1257
46|557|655|1258
46|558|655|1259
46|558|656|1260
47|558|656|1261
47|558|657|1262
47|559|657|1263
47|559|658|1264
47|560|658|1265
47|560|659|1266
47|561|659|1267
47|561|660|1268
47|562|660|1269
47|562|661|1270
47|563|661|1271
47|563|662|1272
47|564|662|1273
47|564|663|1274
47|565|663|1275
47|565|664|1276
47|566|664|1277
47|566|665|1278
47|567|665|1279
47|567|666|1280
47|568|666|1281
47|568|667|1282
47|569|667|1283
47|569|668|1284
47|570|668|1285
47|570|669|1286
47|571|669|1287
47|571|670|1288
47|572|670|1289
47|572|671|1290
47|573|671|1291
47|573|672|1292
47|574|672|1293
47|574|673|1294
47|575|673|1295
47|575|674|1296
47|576|674|1297
47|576|675|1298
47|577|675|1299
47|577|676|1300
47|578|676|1301
47|578|677|1302
47|579|677|1303
47|579|678|1304
47|580|678|1305
47|580|679|1306
47|581|679|1307
47|581|680|1308
47|582|680|1309
47|582|681|1310
47|583|681|1311
47|583|682|1312
47|584|682|1313
47|584|683|1314
47|585|683|1315
47|585|684|1316
47|586|684|1317
47|586|685|1318
47|587|685|1319
47|587|686|1320
47|588|686|1321
47|588|687|1322
47|589|687|1323
47|589|688|1324
47|590|688|1325
47|590|689|1326
47|591|689|1327
47|591|690|1328
47|591|691|1329
47|591|692|1330
47|592|692|1331
47|592|693|1332
47|593|693|1333
47|593|694|1334
47|593|695|1335
47|593|696|1336
47|594|696|1337
47|594|697|1338
47|595|697|1339
47|595|698|1340
47|596|698|1341
47|596|699|1342
47|597|699|1343
47|597|700|1344
47|598|700|1345
47|598|701|1346
47|598|702|1347
47|598|703|1348
47|599|703|1349
47|599|704|1350
47|600|704|1351
47|600|705|1352
47|601|705|1353
47|601|706|1354
47|602|706|1355
47|602|707|1356
47|603|707|1357
47|603|708|1358
47|604|708|1359
47|604|709|1360
47|605|709|1361
47|605|710|1362
47|606|710|1363
47|606|711|1364
47|607|711|1365
47|607|712|1366
47|608|712|1367
47|608|713|1368
47|609|713|1369
47|609|714|1370
47|610|714|1371
47|611|714|1372
47|612|714|1373
47|612|715|1374
47|613|715|1375
47|613|716|1376
47|614|716|1377
47|614|717|1378
47|615|717|1379
47|615|718|1380
47|616|718|1381
47|616|719|1382
47|617|719|1383
47|617|720|1384
47|618|720|1385
47|618|721|1386
47|619|721|1387
47|620|721|1388
47|621|721|1389
47|621|722|1390
48|621|722|1391
48|622|722|1392
48|623|722|1393
48|623|723|1394
48|624|723|1395
48|625|723|1396
48|625|724|1397
48|625|725|1398
48|625|726|1399
48|625|727|1400
48|625|728|1401
48|625|729|1402
48|625|730|1403
48|625|731|1404
48|625|732|1405
48|625|733|1406
48|625|734|1407
48|625|735|1408
48|625|736|1409
48|625|737|1410
48|625|738|1411
48|625|739|1412
48|626|739|1413
48|626|740|1414
48|627|740|1415
48|627|741|1416
48|628|741|1417
48|628|742|1418
48|628|743|1419
48|628|744|1420
48|628|745|1421
48|628|746|1422
48|628|747|1423
48|628|748|1424
48|628|749|1425
48|629|749|1426
48|629|750|1427
48|630|750|1428
48|630|751|1429
48|630|752|1430
48|630|753|1431
48|630|754|1432
48|631|754|1433
48|631|755|1434
48|632|755|1435
48|632|756|1436
48|633|756|1437
48|633|757|1438
48|634|757|1439
48|634|758|1440
48|635|758|1441
48|635|759|1442
48|636|759|1443
48|636|760|1444
48|637|760|1445
48|637|761|1446
48|638|761|1447
48|638|762|1448
48|639|762|1449
48|639|763|1450
48|640|763|1451
48|640|764|1452
48|641|764|1453
48|641|765|1454
48|642|765|1455
48|642|766|1456
48|643|766|1457
48|643|767|1458
48|644|767|1459
48|644|768|1460
48|645|768|1461
48|645|769|1462
48|646|769|1463
48|646|770|1464
48|647|770|1465
48|647|771|1466
48|648|771|1467
48|648|772|1468
48|648|773|1469
48|648|774|1470
48|649|774|1471
48|649|775|1472
48|650|775|1473
48|650|776|1474
48|651|776|1475
48|651|777|1476
48|652|777|1477
48|652|778|1478
48|652|779|1479
48|653|779|1480
48|654|779|1481
48|654|780|1482
48|655|780|1483
48|655|781|1484
48|656|781|1485
48|656|782|1486
48|657|782|1487
48|657|783|1488
48|657|784|1489
48|657|785|1490
48|658|785|1491
48|659|785|1492
48|659|786|1493
48|659|787|1494
48|660|787|1495
48|660|788|1496
48|661|788|1497
48|661|789|1498
48|662|789|1499
48|662|790|1500
48|663|790|1501
48|663|791|1502
48|664|791|1503
48|664|792|1504
48|665|792|1505
48|665|793|1506
48|666|793|1507
48|666|794|1508
48|667|794|1509
48|667|795|1510
48|668|795|1511
48|668|796|1512
48|669|796|1513
48|669|797|1514
48|670|797|1515
48|670|798|1516
48|671|798|1517
48|671|799|1518
48|672|799|1519
48|672|800|1520
48|673|800|1521
48|673|801|1522
48|674|801|1523
48|674|802|1524
48|675|802|1525
48|675|803|1526
48|676|803|1527
48|676|804|1528
48|677|804|1529
48|677|805|1530
48|678|805|1531
48|678|806|1532
48|679|806|1533
48|679|807|1534
48|680|807|1535
48|680|808|1536
48|681|808|1537
48|681|809|1538
48|682|809|1539
48|682|810|1540
49|682|810|1541
49|683|810|1542
50|683|810|1543
50|684|810|1544
51|684|810|1545
51|685|810|1546
52|685|810|1547
52|686|810|1548
53|686|810|1549
53|687|810|1550
54|687|810|1551
54|688|810|1552
55|688|810|1553
55|689|810|1554
56|689|810|1555
56|690|810|1556
57|690|810|1557
57|691|810|1558
58|691|810|1559
58|692|810|1560
59|692|810|1561
59|693|810|1562
60|693|810|1563
60|694|810|1564
61|694|810|1565
61|695|810|1566
62|695|810|1567
62|696|810|1568
63|696|810|1569
63|697|810|1570
64|697|810|1571
64|698|810|1572
65|698|810|1573
65|699|810|1574
66|699|810|1575
66|700|810|1576
66|701|810|1577
66|701|811|1578
66|702|811|1579
66|702|812|1580
66|703|812|1581
66|703|813|1582
66|704|813|1583
66|704|814|1584
66|705|814|1585
66|705|815|1586
66|706|815|1587
66|706|816|1588
66|707|816|1589
66|707|817|1590
66|708|817|1591
66|708|818|1592
66|709|818|1593
66|709|819|1594
66|710|819|1595
66|710|820|1596
66|711|820|1597
66|711|821|1598
66|712|821|1599
66|712|822|1600
66|713|822|1601
66|713|823|1602
66|714|823|1603
66|714|824|1604
66|715|824|1605
66|715|825|1606
66|716|825|1607
66|716|826|1608
66|717|826|1609
66|717|827|1610
66|718|827|1611
66|718|828|1612
66|719|828|1613
66|719|829|1614
66|720|829|1615
66|720|830|1616
66|721|830|1617
66|721|831|1618
66|722|831|1619
66|722|832|1620
66|723|832|1621
66|723|833|1622
66|724|833|1623
66|725|833|1624
66|726|833|1625
66|726|834|1626
66|727|834|1627
66|727|835|1628
66|728|835|1629
66|728|836|1630
66|729|836|1631
66|729|837|1632
66|730|837|1633
66|730|838|1634
66|731|838|1635
66|731|839|1636
66|732|839|1637
66|733|839|1638
66|734|839|1639
66|734|840|1640
66|735|840|1641
66|735|841|1642
66|736|841|1643
66|736|842|1644
66|737|842|1645
66|737|843|1646
66|738|843|1647
66|738|844|1648
66|739|844|1649
66|739|845|1650
66|740|845|1651
66|740|846|1652
66|740|847|1653
66|740|848|1654
66|741|848|1655
66|741|849|1656
66|741|850|1657
66|741|851|1658
66|742|851|1659
66|742|852|1660
66|743|852|1661
66|743|853|1662
66|743|854|1663
66|743|855|1664
66|743|856|1665
66|744|856|1666
66|745|856|1667
66|745|857|1668
66|746|857|1669
66|746|858|1670
66|746|859|1671
66|746|860|1672
66|747|860|1673
66|747|861|1674
66|747|862|1675
66|747|863|1676
66|747|864|1677
66|748|864|1678
66|748|865|1679
66|748|866|1680
66|748|867|1681
66|748|868|1682
66|749|868|1683
66|749|869|1684
66|750|869|1685
66|750|870|1686
66|751|870|1687
66|751|871|1688
66|752|871|1689
66|752|872|1690
66|753|872|1691
66|753|873|1692
66|754|873|1693
66|754|874|1694
66|755|874|1695
66|755|875|1696
66|756|875|1697
66|756|876|1698
66|757|876|1699
66|757|877|1700
66|758|877|1701
66|758|878|1702
66|759|878|1703
66|759|879|1704
66|760|879|1705
66|760|880|1706
66|761|880|1707
66|761|881|1708
66|762|881|1709
66|762|882|1710
66|763|882|1711
66|763|883|1712
66|764|883|1713
66|765|883|1714
66|766|883|1715
66|766|884|1716
66|767|884|1717
66|767|885|1718
66|768|885|1719
66|768|886|1720
66|768|887|1721
66|768|888|1722
66|769|888|1723
66|769|889|1724
66|770|889|1725
66|770|890|1726
66|771|890|1727
66|771|891|1728
66|772|891|1729
66|772|892|1730
66|773|892|1731
66|773|893|1732
66|774|893|1733
66|774|894|1734
66|775|894|1735
66|775|895|1736
66|776|895|1737
66|776|896|1738
66|777|896|1739
66|777|897|1740
66|778|897|1741
66|778|898|1742
66|778|899|1743
66|778|900|1744
66|779|900|1745
66|779|901|1746
66|780|901|1747
66|780|902|1748
66|781|902|1749
66|781|903|1750
66|781|904|1751
66|781|905|1752
66|781|906|1753
66|781|907|1754
66|782|907|1755
66|782|908|1756
66|783|908|1757
66|783|909|1758
66|784|909|1759
66|784|910|1760
66|785|910|1761
66|785|911|1762
66|786|911|1763
66|786|912|1764
66|787|912|1765
66|787|913|1766
66|788|913|1767
66|788|914|1768
66|789|914|1769
66|789|915|1770
66|790|915|1771
66|790|916|1772
66|791|916|1773
66|791|917|1774
66|792|917|1775
66|792|918|1776
66|793|918|1777
66|793|919|1778
66|794|919|1779
66|794|920|1780
66|795|920|1781
66|795|921|1782
66|796|921|1783
66|796|922|1784
66|797|922|1785
66|797|923|1786
66|798|923|1787
66|798|924|1788
66|799|924|1789
66|799|925|1790
66|800|925|1791
66|800|926|1792
66|801|926|1793
66|801|927|1794
66|802|927|1795
66|802|928|1796
66|803|928|1797
66|803|929|1798
66|804|929|1799
66|804|930|1800
66|805|930|1801
66|805|931|1802
66|806|931|1803
66|806|932|1804
66|807|932|1805
66|807|933|1806
66|808|933|1807
66|808|934|1808
66|809|934|1809
66|809|935|1810
66|810|935|1811
66|810|936|1812
66|811|936|1813
66|811|937|1814
66|812|937|1815
66|812|938|1816
66|813|938|1817
66|813|939|1818
66|814|939|1819
66|814|940|1820
67|814|940|1821
67|815|940|1822
67|816|940|1823
67|816|941|1824
67|817|941|1825
67|817|942|1826
67|818|942|1827
67|818|943|1828
67|818|944|1829
67|818|945|1830
67|818|946|1831
67|818|947|1832
67|818|948|1833
67|818|949|1834
67|818|950|1835
67|818|951|1836
67|818|952|1837
67|819|952|1838
67|819|953|1839
67|820|953|1840
67|820|954|1841
67|820|955|1842
67|820|956|1843
67|820|957|1844
67|820|958|1845
67|821|958|1846
67|821|959|1847
67|821|960|1848
67|821|961|1849
67|822|961|1850
67|822|962|1851
67|823|962|1852
67|823|963|1853
67|824|963|1854
67|824|964|1855
67|824|965|1856
67|824|966|1857
67|824|967|1858
67|824|968|1859
67|824|969|1860
67|824|970|1861
67|825|970|1862
67|825|971|1863
67|826|971|1864
67|827|971|1865
67|827|972|1866
67|828|972|1867
67|828|973|1868
67|829|973|1869
67|829|974|1870
67|830|974|1871
67|830|975|1872
67|831|975|1873
67|831|976|1874
67|832|976|1875
67|832|977|1876
67|833|977|1877
67|833|978|1878
67|834|978|1879
67|834|979|1880
67|835|979|1881
67|835|980|1882
67|836|980|1883
67|836|981|1884
67|837|981|1885
67|837|982|1886
67|838|982|1887
67|838|983|1888
67|839|983|1889
67|839|984|1890
67|840|984|1891
67|840|985|1892
67|841|985|1893
67|841|986|1894
67|842|986|1895
67|842|987|1896
67|843|987|1897
67|843|988|1898
67|844|988|1899
67|844|989|1900
67|845|989|1901
67|845|990|1902
67|846|990|1903
67|846|991|1904
67|847|991|1905
67|847|992|1906
67|848|992|1907
67|848|993|1908
67|849|993|1909
67|849|994|1910
67|850|994|1911
67|850|995|1912
67|851|995|1913
67|851|996|1914
67|852|996|1915
67|852|997|1916
67|852|998|1917
67|852|999|1918
67|853|999|1919
67|853|1000|1920
67|854|1000|1921
67|854|1001|1922
67|854|1002|1923
67|854|1003|1924
67|855|1003|1925
67|855|1004|1926
67|856|1004|1927
67|856|1005|1928
67|857|1005|1929
67|857|1006|1930
67|858|1006|1931
67|858|1007|1932
67|859|1007|1933
67|859|1008|1934
67|860|1008|1935
67|860|1009|1936
67|861|1009|1937
67|861|1010|1938
67|862|1010|1939
67|862|1011|1940
67|863|1011|1941
67|863|1012|1942
67|864|1012|1943
67|864|1013|1944
67|865|1013|1945
67|865|1014|1946
67|866|1014|1947
67|866|1015|1948
67|867|1015|1949
67|867|1016|1950
67|868|1016|1951
67|868|1017|1952
67|869|1017|1953
67|869|1018|1954
67|870|1018|1955
67|870|1019|1956
67|871|1019|1957
67|871|1020|1958
67|872|1020|1959
67|872|1021|1960
67|873|1021|1961
67|873|1022|1962
67|874|1022|1963
67|874|1023|1964
67|875|1023|1965
67|875|1024|1966
67|876|1024|1967
67|877|1024|1968
67|878|1024|1969
67|878|1025|1970
67|879|1025|1971
67|879|1026|1972
67|879|1027|1973
67|879|1028|1974
67|879|1029|1975
67|880|1029|1976
67|880|1030|1977
67|881|1030|1978
67|881|1031|1979
67|881|1032|1980
67|881|1033|1981
67|881|1034|1982
67|881|1035|1983
67|881|1036|1984
67|881|1037|1985
67|881|1038|1986
67|881|1039|1987
67|881|1040|1988
67|881|1041|1989
67|882|1041|1990
67|882|1042|1991
67|882|1043|1992
67|882|1044|1993
67|882|1045|1994
67|882|1046|1995
67|882|1047|1996
67|882|1048|1997
67|882|1049|1998
67|882|1050|1999
67|882|1051|2000
