total
0|0|1|1
1|0|1|2
1|0|2|3
1|1|2|4
1|1|3|5
1|2|3|6
1|2|4|7
1|3|4|8
1|3|5|9
1|4|5|10
1|4|6|11
1|5|6|12
1|5|7|13
1|6|7|14
1|6|8|15
1|7|8|16
1|7|9|17
1|8|9|18
1|8|10|19
1|9|10|20
1|10|10|21
1|11|10|22
1|11|11|23
1|12|11|24
1|12|12|25
1|13|12|26
1|13|13|27
1|14|13|28
1|14|14|29
1|15|14|30
1|15|15|31
1|15|16|32
1|15|17|33
1|16|17|34
1|16|18|35
1|16|19|36
1|16|20|37
1|16|21|38
1|16|22|39
1|16|23|40
1|16|24|41
1|17|24|42
1|17|25|43
1|18|25|44
1|18|26|45
1|18|27|46
1|18|28|47
1|18|29|48
1|18|30|49
1|18|31|50
1|18|32|51
1|18|33|52
1|18|34|53
1|18|35|54
1|18|36|55
1|19|36|56
1|20|36|57
1|20|37|58
1|21|37|59
1|21|38|60
1|21|39|61
1|21|40|62
1|21|41|63
1|21|42|64
1|21|43|65
1|22|43|66
1|22|44|67
1|23|44|68
1|23|45|69
1|24|45|70
1|24|46|71
1|25|46|72
1|25|47|73
1|26|47|74
1|26|48|75
1|27|48|76
1|27|49|77
1|28|49|78
1|28|50|79
1|29|50|80
1|29|51|81
1|30|51|82
1|30|52|83
1|31|52|84
1|31|53|85
1|32|53|86
1|32|54|87
1|33|54|88
1|33|55|89
1|34|55|90
1|34|56|91
1|35|56|92
1|35|57|93
1|36|57|94
1|36|58|95
1|37|58|96
1|37|59|97
1|38|59|98
1|38|60|99
1|39|60|100
1|39|61|101
1|40|61|102
1|40|62|103
1|41|62|104
1|41|63|105
1|42|63|106
1|42|64|107
1|43|64|108
1|43|65|109
1|44|65|110
1|44|66|111
1|44|67|112
1|44|68|113
1|45|68|114
1|45|69|115
1|46|69|116
1|46|70|117
1|46|71|118
1|46|72|119
1|47|72|120
1|47|73|121
1|48|73|122
1|48|74|123
1|49|74|124
1|49|75|125
1|50|75|126
1|50|76|127
1|51|76|128
1|51|77|129
1|52|77|130
1|52|78|131
1|53|78|132
1|54|78|133
1|55|78|134
1|55|79|135
1|56|79|136
1|56|80|137
1|57|80|138
1|57|81|139
1|58|81|140
1|58|82|141
1|59|82|142
1|59|83|143
1|60|83|144
1|60|84|145
1|61|84|146
1|61|85|147
1|62|85|148
1|62|86|149
1|63|86|150
1|63|87|151
1|64|87|152
1|64|88|153
1|65|88|154
1|65|89|155
1|66|89|156
1|66|90|157
1|67|90|158
1|67|91|159
1|68|91|160
1|68|92|161
1|69|92|162
1|69|93|163
1|70|93|164
1|70|94|165
1|71|94|166
1|71|95|167
1|72|95|168
1|72|96|169
1|73|96|170
1|73|97|171
1|74|97|172
1|75|97|173
2|75|97|174
2|76|97|175
3|76|97|176
3|77|97|177
4|77|97|178
4|78|97|179
5|78|97|180
5|79|97|181
6|79|97|182
6|80|97|183
7|80|97|184
7|81|97|185
8|81|97|186
8|82|97|187
9|82|97|188
9|83|97|189
10|83|97|190
10|84|97|191
11|84|97|192
11|85|97|193
12|85|97|194
12|86|97|195
13|86|97|196
13|87|97|197
14|87|97|198
14|88|97|199
15|88|97|200
15|89|97|201
16|89|97|202
16|90|97|203
17|90|97|204
17|91|97|205
18|91|97|206
18|92|97|207
19|92|97|208
19|92|98|209
19|93|98|210
19|93|99|211
19|94|99|212
19|94|100|213
19|95|100|214
19|95|101|215
19|96|101|216
19|96|102|217
19|97|102|218
19|97|103|219
19|98|103|220
19|98|104|221
19|99|104|222
19|99|105|223
19|100|105|224
19|101|106|226
19|102|106|227
19|102|107|228
19|103|107|229
19|103|108|230
19|104|108|231
19|104|109|232
19|105|109|233
19|105|110|234
19|106|110|235
19|106|111|236
19|107|111|237
19|107|112|238
19|108|112|239
19|108|113|240
19|109|113|241
19|109|114|242
19|110|114|243
19|110|115|244
19|111|115|245
19|111|116|246
19|112|116|247
19|112|117|248
19|113|117|249
19|113|118|250
19|114|118|251
19|114|119|252
19|115|119|253
19|115|120|254
19|116|120|255
19|116|121|256
19|117|121|257
19|117|122|258
19|118|122|259
19|118|123|260
19|119|123|261
19|119|124|262
19|120|124|263
19|120|125|264
19|121|125|265
19|121|126|266
19|122|126|267
19|122|127|268
19|123|127|269
19|123|128|270
19|124|128|271
19|124|129|272
19|125|129|273
19|125|130|274
19|126|130|275
19|127|130|276
19|128|130|277
19|128|131|278
19|129|131|279
19|130|131|280
19|131|131|281
19|131|132|282
19|131|133|283
19|131|134|284
19|131|135|285
19|131|136|286
19|131|137|287
19|131|138|288
19|131|139|289
19|131|140|290
19|131|141|291
19|131|142|292
19|132|142|293
19|132|143|294
19|132|144|295
19|132|145|296
19|133|145|297
19|133|146|298
19|134|146|299
19|134|147|300
19|134|148|301
19|135|148|302
19|135|149|303
19|136|149|304
19|137|149|305
19|137|150|306
19|137|151|307
19|138|151|308
19|139|151|309
19|139|152|310
19|139|153|311
19|140|153|312
19|140|154|313
19|140|155|314
19|141|155|315
19|141|156|316
19|142|156|317
19|142|157|318
19|143|157|319
19|143|158|320
19|144|158|321
19|144|159|322
19|145|159|323
19|145|160|324
19|146|160|325
19|146|161|326
19|147|161|327
19|147|162|328
19|148|162|329
19|148|163|330
19|149|163|331
19|149|164|332
19|150|164|333
19|150|165|334
19|151|165|335
19|151|166|336
19|152|166|337
19|152|167|338
19|153|167|339
19|154|167|340
19|155|167|341
19|155|168|342
19|156|168|343
19|156|169|344
19|157|169|345
19|157|170|346
19|158|170|347
19|158|171|348
19|159|171|349
19|159|172|350
19|160|172|351
19|160|173|352
19|161|173|353
19|161|174|354
19|162|174|355
19|162|175|356
19|163|175|357
19|163|176|358
19|164|176|359
19|164|177|360
19|165|177|361
19|165|178|362
19|166|178|363
19|166|179|364
19|167|179|365
19|167|180|366
19|168|180|367
19|168|181|368
19|169|181|369
19|169|182|370
19|170|182|371
19|170|183|372
19|171|183|373
19|171|184|374
19|172|184|375
19|172|185|376
19|173|185|377
19|173|186|378
19|174|186|379
19|174|187|380
19|175|187|381
19|175|188|382
19|175|189|383
19|175|190|384
19|176|190|385
19|176|191|386
19|176|192|387
19|176|193|388
19|177|193|389
19|177|194|390
19|178|194|391
19|178|195|392
19|179|195|393
19|179|196|394
19|180|196|395
19|180|197|396
19|181|197|397
19|181|198|398
19|182|198|399
19|182|199|400
19|183|199|401
19|183|200|402
19|184|200|403
19|184|201|404
19|185|201|405
19|185|202|406
19|186|202|407
19|186|203|408
19|187|203|409
19|187|204|410
19|188|204|411
19|188|205|412
19|189|205|413
19|189|206|414
19|190|206|415
19|190|207|416
19|191|207|417
19|191|208|418
19|192|208|419
19|192|209|420
19|193|209|421
19|193|210|422
19|194|210|423
19|194|211|424
19|195|211|425
19|196|211|426
19|197|211|427
19|198|211|428
19|199|211|429
19|199|212|430
19|200|212|431
19|200|213|432
20|200|213|433
20|201|213|434
20|202|213|435
20|202|214|436
20|203|214|437
20|203|215|438
20|204|215|439
20|205|215|440
20|206|215|441
20|206|216|442
20|207|216|443
20|207|217|444
20|208|217|445
20|209|217|446
21|209|217|447
21|209|218|448
21|210|218|449
21|210|219|450
21|211|219|451
21|211|220|452
22|211|220|453
22|212|220|454
22|213|220|455
22|213|221|456
22|214|221|457
22|214|222|458
22|215|222|459
22|215|223|460
22|215|224|461
22|216|224|462
22|216|225|463
22|217|225|464
22|217|226|465
22|217|227|466
22|217|228|467
22|217|229|468
22|217|230|469
22|217|231|470
22|217|232|471
22|218|232|472
22|218|233|473
22|218|234|474
22|218|235|475
22|219|235|476
22|219|236|477
22|220|236|478
22|220|237|479
22|220|238|480
22|220|239|481
22|220|240|482
22|220|241|483
22|221|241|484
22|221|242|485
22|221|243|486
22|221|244|487
22|221|245|488
22|221|246|489
22|222|246|490
22|222|247|491
22|222|248|492
22|222|249|493
22|223|249|494
22|223|250|495
22|224|250|496
22|225|250|497
22|225|251|498
22|226|251|499
22|226|252|500
22|227|252|501
22|227|253|502
22|228|253|503
22|228|254|504
22|229|254|505
22|229|255|506
22|230|255|507
22|231|255|508
22|232|255|509
22|232|256|510
22|233|256|511
22|233|257|512
22|234|257|513
22|234|258|514
22|235|258|515
22|235|259|516
22|236|259|517
22|236|260|518
22|237|260|519
22|237|261|520
22|238|261|521
22|238|262|522
22|239|262|523
22|239|263|524
22|240|263|525
22|240|264|526
22|241|264|527
22|242|264|528
22|243|264|529
22|243|265|530
22|244|265|531
22|244|266|532
22|245|266|533
22|245|267|534
22|246|267|535
22|246|268|536
22|247|268|537
22|247|269|538
22|248|269|539
22|248|270|540
22|249|270|541
22|249|271|542
22|250|271|543
22|250|272|544
22|251|272|545
22|251|273|546
22|252|273|547
22|252|274|548
22|253|274|549
22|253|275|550
22|254|275|551
22|254|276|552
22|255|276|553
22|255|277|554
22|255|278|555
22|255|279|556
22|256|279|557
22|256|280|558
22|257|280|559
22|257|281|560
22|258|281|561
22|258|282|562
22|259|282|563
22|259|283|564
22|260|283|565
22|260|284|566
22|261|284|567
22|261|285|568
22|261|286|569
22|262|286|570
22|262|287|571
22|263|287|572
22|263|288|573
22|263|289|574
22|263|290|575
22|263|291|576
22|263|292|577
22|263|293|578
22|263|294|579
22|264|294|580
22|264|295|581
22|264|296|582
22|264|297|583
22|264|298|584
22|264|299|585
22|264|300|586
22|264|301|587
22|265|301|588
22|265|302|589
22|266|302|590
22|266|303|591
22|266|304|592
22|266|305|593
22|266|306|594
22|266|307|595
22|266|308|596
22|266|309|597
22|267|309|598
22|267|310|599
22|267|311|600
22|267|312|601
22|267|313|602
22|267|314|603
22|267|315|604
22|268|315|605
22|268|316|606
22|269|316|607
22|269|317|608
22|270|317|609
22|270|318|610
22|271|318|611
22|271|319|612
22|272|319|613
22|272|320|614
22|273|320|615
22|273|321|616
22|274|321|617
22|274|322|618
22|275|322|619
22|275|323|620
22|276|323|621
22|276|324|622
22|277|324|623
22|277|325|624
22|278|325|625
22|278|326|626
22|279|326|627
22|279|327|628
22|280|327|629
22|280|328|630
22|281|328|631
22|281|329|632
22|282|329|633
22|282|330|634
22|283|330|635
22|283|331|636
22|284|331|637
22|284|332|638
22|285|332|639
22|285|333|640
22|286|333|641
22|286|334|642
22|287|334|643
22|287|335|644
22|288|335|645
22|288|336|646
22|289|336|647
22|289|337|648
22|290|337|649
22|290|338|650
22|290|339|651
22|290|340|652
22|291|340|653
22|291|341|654
22|292|341|655
22|292|342|656
22|293|342|657
22|293|343|658
22|294|343|659
22|294|344|660
22|295|344|661
22|295|345|662
22|295|346|663
22|295|347|664
22|296|347|665
22|296|348|666
22|297|348|667
22|297|349|668
22|298|349|669
22|298|350|670
22|299|350|671
22|299|351|672
22|300|351|673
22|300|352|674
22|301|352|675
22|301|353|676
22|302|353|677
22|302|354|678
22|303|354|679
22|303|355|680
22|304|355|681
22|304|356|682
22|305|356|683
22|305|357|684
22|306|357|685
22|307|357|686
22|308|357|687
22|309|357|688
22|310|357|689
22|310|358|690
22|311|358|691
22|311|359|692
22|312|359|693
22|313|359|694
22|314|359|695
22|314|360|696
22|315|360|697
22|315|361|698
22|316|361|699
22|317|361|700
22|318|361|701
22|318|362|702
22|319|362|703
22|320|362|704
22|321|362|705
22|321|363|706
23|321|363|707
23|321|364|708
24|321|364|709
24|322|364|710
24|323|364|711
24|323|365|712
24|324|365|713
24|324|366|714
24|325|366|715
24|325|367|716
24|326|367|717
24|326|368|718
24|327|368|719
24|327|369|720
24|328|369|721
24|329|369|722
24|329|370|723
24|329|371|724
24|330|371|725
24|331|371|726
24|332|371|727
24|332|372|728
24|332|373|729
24|333|373|730
24|333|374|731
24|333|375|732
24|334|375|733
24|334|376|734
24|335|376|735
24|335|377|736
24|336|377|737
24|336|378|738
24|337|378|739
24|337|379|740
24|337|380|741
24|337|381|742
24|337|382|743
24|337|383|744
24|337|384|745
24|337|385|746
24|337|386|747
24|337|387|748
24|338|387|749
24|338|388|750
24|339|388|751
24|339|389|752
24|340|389|753
24|340|390|754
24|341|390|755
24|341|391|756
24|342|391|757
24|342|392|758
24|343|392|759
24|343|393|760
24|344|393|761
24|344|394|762
24|345|394|763
24|345|395|764
24|346|395|765
24|346|396|766
24|347|396|767
24|347|397|768
24|348|397|769
24|348|398|770
24|349|398|771
24|349|399|772
24|350|399|773
24|350|400|774
24|351|400|775
24|351|401|776
24|352|401|777
24|352|402|778
24|353|402|779
24|353|403|780
24|354|403|781
24|354|404|782
24|355|404|783
24|355|405|784
24|356|405|785
24|357|405|786
24|358|405|787
24|359|405|788
24|360|405|789
24|360|406|790
24|361|406|791
24|361|407|792
24|362|407|793
24|363|407|794
24|363|408|795
24|364|408|796
24|365|408|797
24|366|408|798
24|367|408|799
24|367|409|800
24|367|410|801
24|367|411|802
24|368|411|803
24|368|412|804
24|369|412|805
24|369|413|806
24|370|413|807
24|370|414|808
24|370|415|809
24|370|416|810
24|371|416|811
24|371|417|812
24|372|417|813
24|372|418|814
24|373|418|815
24|373|419|816
24|374|419|817
24|374|420|818
24|375|420|819
24|375|421|820
24|376|421|821
24|376|422|822
24|377|422|823
24|377|423|824
24|378|423|825
24|378|424|826
24|379|424|827
24|379|425|828
24|380|425|829
24|380|426|830
24|381|426|831
24|381|427|832
24|382|427|833
24|382|428|834
24|383|428|835
24|383|429|836
24|384|429|837
24|384|430|838
24|385|430|839
24|385|431|840
24|386|431|841
24|386|432|842
24|387|432|843
24|387|433|844
24|388|433|845
24|388|434|846
24|389|434|847
24|389|435|848
24|390|435|849
24|390|436|850
24|391|436|851
24|391|437|852
24|392|437|853
24|392|438|854
24|393|438|855
24|393|439|856
25|393|439|857
25|394|439|858
26|394|439|859
26|395|439|860
27|395|439|861
27|396|439|862
28|396|439|863
28|397|439|864
29|397|439|865
29|398|439|866
30|398|439|867
30|399|439|868
31|399|439|869
31|400|439|870
32|400|439|871
32|401|439|872
33|401|439|873
33|402|439|874
34|402|439|875
34|403|439|876
35|403|439|877
35|404|439|878
36|404|439|879
36|405|439|880
37|405|439|881
37|406|439|882
38|406|439|883
38|407|439|884
39|407|439|885
39|408|439|886
40|408|439|887
40|409|439|888
41|409|439|889
41|410|439|890
42|410|439|891
42|411|439|892
42|412|439|893
42|412|440|894
42|413|440|895
42|413|441|896
42|414|441|897
42|414|442|898
42|415|442|899
42|415|443|900
42|416|443|901
42|416|444|902
42|417|444|903
42|417|445|904
42|418|445|905
42|418|446|906
42|419|446|907
42|419|447|908
42|420|447|909
42|420|448|910
42|421|448|911
42|421|449|912
42|422|449|913
42|422|450|914
42|423|450|915
42|423|451|916
42|424|451|917
42|424|452|918
42|425|452|919
42|425|453|920
42|426|453|921
42|426|454|922
42|427|454|923
42|427|455|924
42|428|455|925
42|428|456|926
42|429|456|927
42|429|457|928
42|430|457|929
42|431|457|930
42|432|457|931
42|432|458|932
42|433|458|933
42|433|459|934
42|434|459|935
42|434|460|936
42|435|460|937
42|435|461|938
42|436|461|939
42|436|462|940
42|437|462|941
42|437|463|942
42|438|463|943
42|438|464|944
42|439|464|945
42|440|464|946
42|441|464|947
42|441|465|948
42|442|465|949
42|442|466|950
42|443|466|951
42|444|466|952
42|445|466|953
42|445|467|954
42|446|467|955
42|446|468|956
42|447|468|957
42|448|468|958
42|449|468|959
42|450|468|960
42|451|468|961
42|452|468|962
42|453|468|963
42|454|468|964
42|454|469|965
42|455|469|966
42|456|469|967
42|456|470|968
42|457|470|969
42|457|471|970
42|458|471|971
42|458|472|972
42|458|473|973
42|459|473|974
42|460|473|975
42|461|473|976
42|462|473|977
42|462|474|978
42|462|475|979
42|462|476|980
42|463|476|981
42|463|477|982
42|464|477|983
42|464|478|984
42|465|478|985
42|466|478|986
42|466|479|987
42|466|480|988
42|467|480|989
42|467|481|990
42|467|482|991
42|468|482|992
42|469|482|993
42|469|483|994
42|469|484|995
42|470|484|996
42|470|485|997
42|471|485|998
42|471|486|999
42|471|487|1000
42|472|487|1001
42|472|488|1002
42|473|488|1003
42|474|488|1004
42|475|488|1005
42|475|489|1006
42|476|489|1007
42|477|489|1008
42|478|489|1009
42|479|489|1010
42|480|489|1011
42|480|490|1012
42|481|490|1013
42|481|491|1014
43|481|491|1015
43|481|492|1016
43|482|492|1017
43|482|493|1018
43|483|493|1019
43|483|494|1020
43|484|494|1021
43|485|494|1022
43|486|494|1023
43|487|494|1024
43|488|494|1025
43|488|495|1026
43|489|495|1027
43|490|495|1028
43|491|495|1029
43|492|495|1030
43|493|495|1031
43|493|496|1032
44|493|496|1033
44|493|497|1034
44|494|497|1035
44|494|498|1036
44|495|498|1037
44|495|499|1038
44|496|499|1039
44|496|500|1040
44|497|500|1041
44|497|501|1042
44|498|501|1043
44|498|502|1044
44|499|502|1045
44|499|503|1046
44|500|503|1047
44|500|504|1048
44|500|505|1049
44|500|506|1050
44|501|506|1051
44|501|507|1052
44|502|507|1053
44|502|508|1054
44|502|509|1055
44|502|510|1056
44|503|510|1057
44|503|511|1058
44|504|511|1059
44|504|512|1060
44|505|512|1061
44|505|513|1062
44|506|513|1063
44|506|514|1064
44|507|514|1065
44|507|515|1066
44|508|515|1067
44|508|516|1068
44|508|517|1069
44|508|518|1070
44|508|519|1071
44|508|520|1072
44|509|520|1073
44|509|521|1074
44|510|521|1075
44|510|522|1076
44|511|522|1077
44|511|523|1078
44|512|523|1079
44|512|524|1080
44|513|524|1081
44|513|525|1082
44|514|525|1083
44|514|526|1084
44|515|526|1085
44|515|527|1086
44|516|527|1087
44|516|528|1088
44|517|528|1089
44|517|529|1090
44|518|529|1091
44|518|530|1092
44|519|530|1093
44|519|531|1094
44|520|531|1095
44|520|532|1096
44|521|532|1097
44|521|533|1098
44|522|533|1099
44|522|534|1100
44|523|534|1101
44|523|535|1102
44|524|535|1103
44|524|536|1104
44|525|536|1105
44|525|537|1106
44|526|537|1107
44|526|538|1108
44|527|538|1109
44|527|539|1110
44|528|539|1111
44|528|540|1112
44|529|540|1113
44|529|541|1114
44|530|541|1115
44|530|542|1116
44|531|542|1117
44|531|543|1118
44|532|543|1119
44|533|543|1120
44|534|543|1121
44|534|544|1122
44|535|544|1123
44|535|545|1124
44|536|545|1125
44|536|546|1126
44|537|546|1127
44|537|547|1128
45|537|547|1129
45|538|547|1130
45|539|547|1131
45|539|548|1132
45|540|548|1133
45|540|549|1134
45|541|549|1135
45|541|550|1136
46|541|550|1137
46|541|551|1138
46|542|551|1139
46|542|552|1140
46|543|552|1141
46|543|553|1142
46|544|553|1143
46|545|553|1144
46|545|554|1145
46|546|554|1146
46|546|555|1147
46|546|556|1148
46|546|557|1149
46|547|557|1150
46|547|558|1151
46|548|558|1152
46|548|559|1153
46|549|559|1154
46|549|560|1155
46|550|560|1156
46|550|561|1157
46|550|562|1158
46|550|563|1159
46|550|564|1160
46|550|565|1161
46|550|566|1162
46|550|567|1163
46|550|568|1164
46|550|569|1165
46|551|569|1166
46|551|570|1167
46|552|570|1168
46|552|571|1169
46|552|572|1170
46|552|573|1171
46|553|573|1172
46|553|574|1173
46|554|574|1174
46|554|575|1175
46|555|575|1176
46|555|576|1177
46|555|577|1178
46|555|578|1179
46|556|578|1180
46|557|578|1181
46|557|579|1182
46|558|579|1183
46|559|579|1184
46|560|579|1185
46|560|580|1186
46|561|580|1187
46|561|581|1188
46|562|581|1189
46|563|581|1190
46|564|581|1191
46|565|581|1192
46|566|581|1193
46|566|582|1194
46|567|582|1195
46|567|583|1196
46|568|583|1197
46|568|584|1198
46|569|584|1199
46|569|585|1200
46|570|585|1201
46|570|586|1202
46|571|586|1203
46|571|587|1204
46|572|587|1205
46|572|588|1206
46|573|588|1207
46|573|589|1208
46|574|589|1209
46|574|590|1210
46|575|590|1211
46|576|590|1212
46|577|590|1213
46|577|591|1214
46|578|591|1215
46|578|592|1216
46|578|593|1217
46|578|594|1218
46|579|594|1219
46|579|595|1220
46|580|595|1221
46|580|596|1222
46|581|596|1223
46|581|597|1224
46|582|597|1225
46|582|598|1226
46|583|598|1227
46|583|599|1228
46|584|599|1229
46|584|600|1230
46|585|600|1231
46|585|601|1232
46|586|601|1233
46|586|602|1234
46|586|603|1235
46|586|604|1236
46|587|604|1237
46|587|605|1238
46|588|605|1239
46|588|606|1240
46|589|606|1241
46|589|607|1242
46|589|608|1243
46|589|609|1244
46|590|609|1245
46|590|610|1246
46|591|610|1247
46|591|611|1248
46|592|611|1249
46|592|612|1250
46|593|612|1251
46|593|613|1252
46|594|613|1253
46|594|614|1254
47|594|614|1255
47|595|614|1256
47|596|614|1257
47|596|615|1258
47|597|615|1259
47|597|616|1260
47|598|616|1261
47|598|617|1262
48|598|617|1263
48|598|618|1264
48|599|618|1265
48|600|618|1266
48|601|618|1267
48|601|619|1268
48|602|619|1269
48|602|620|1270
48|603|620|1271
48|603|621|1272
48|604|621|1273
48|605|621|1274
48|606|621|1275
48|607|621|1276
48|608|621|1277
48|608|622|1278
48|609|622|1279
48|609|623|1280
48|610|623|1281
48|611|623|1282
48|612|623|1283
48|612|624|1284
48|613|624|1285
48|613|625|1286
48|614|625|1287
48|614|626|1288
48|615|626|1289
48|615|627|1290
48|616|627|1291
48|616|628|1292
48|617|628|1293
48|617|629|1294
48|618|629|1295
48|618|630|1296
48|619|630|1297
48|619|631|1298
48|620|631|1299
48|620|632|1300
48|621|632|1301
48|621|633|1302
48|622|633|1303
48|622|634|1304
48|623|634|1305
48|623|635|1306
48|624|635|1307
48|624|636|1308
48|625|636|1309
48|625|637|1310
48|626|637|1311
48|626|638|1312
48|627|638|1313
48|627|639|1314
48|628|639|1315
48|628|640|1316
48|629|640|1317
48|629|641|1318
48|630|641|1319
48|630|642|1320
48|631|642|1321
48|631|643|1322
48|632|643|1323
48|632|644|1324
48|633|644|1325
48|633|645|1326
48|634|645|1327
48|634|646|1328
48|635|646|1329
48|635|647|1330
48|636|647|1331
48|636|648|1332
48|637|648|1333
48|637|649|1334
48|637|650|1335
48|637|651|1336
48|638|651|1337
48|638|652|1338
48|639|652|1339
48|639|653|1340
48|640|653|1341
48|640|654|1342
48|641|654|1343
48|641|655|1344
48|642|655|1345
48|642|656|1346
48|643|656|1347
48|643|657|1348
48|644|657|1349
48|644|658|1350
48|645|658|1351
48|645|659|1352
48|646|659|1353
48|646|660|1354
48|647|660|1355
48|647|661|1356
48|648|661|1357
48|648|662|1358
48|649|662|1359
48|649|663|1360
48|650|663|1361
48|651|663|1362
48|652|663|1363
48|653|663|1364
48|654|663|1365
48|654|664|1366
48|655|664|1367
48|655|665|1368
48|656|665|1369
48|656|666|1370
48|657|666|1371
48|658|666|1372
48|659|666|1373
48|660|666|1374
48|661|666|1375
48|661|667|1376
48|662|667|1377
48|662|668|1378
48|663|668|1379
48|663|669|1380
48|664|669|1381
48|664|670|1382
48|665|670|1383
48|666|670|1384
48|667|670|1385
48|667|671|1386
48|668|671|1387
48|668|672|1388
48|669|672|1389
48|669|673|1390
49|669|673|1391
49|669|674|1392
49|670|674|1393
49|670|675|1394
49|671|675|1395
49|671|676|1396
49|671|677|1397
49|671|678|1398
49|671|679|1399
49|672|679|1400
49|672|680|1401
49|672|681|1402
49|672|682|1403
49|672|683|1404
49|673|683|1405
49|674|683|1406
49|674|684|1407
49|674|685|1408
49|674|686|1409
49|675|686|1410
49|676|686|1411
49|676|687|1412
49|677|687|1413
49|678|687|1414
49|678|688|1415
49|678|689|1416
49|678|690|1417
49|678|691|1418
49|678|692|1419
49|678|693|1420
49|679|693|1421
49|679|694|1422
49|679|695|1423
49|679|696|1424
49|679|697|1425
49|680|697|1426
49|680|698|1427
49|681|698|1428
49|681|699|1429
49|681|700|1430
49|681|701|1431
49|681|702|1432
49|682|702|1433
49|682|703|1434
49|683|703|1435
49|683|704|1436
49|684|704|1437
49|684|705|1438
49|685|705|1439
49|685|706|1440
49|686|706|1441
49|686|707|1442
49|687|707|1443
49|687|708|1444
49|688|708|1445
49|688|709|1446
49|689|709|1447
49|689|710|1448
49|690|710|1449
49|690|711|1450
49|691|711|1451
49|691|712|1452
49|692|712|1453
49|692|713|1454
49|693|713|1455
49|693|714|1456
49|694|714|1457
49|694|715|1458
49|695|715|1459
49|695|716|1460
49|696|716|1461
49|696|717|1462
49|697|717|1463
49|697|718|1464
49|698|718|1465
49|698|719|1466
49|699|719|1467
49|699|720|1468
49|699|721|1469
49|700|721|1470
49|701|721|1471
49|701|722|1472
49|702|722|1473
49|702|723|1474
49|703|723|1475
49|703|724|1476
49|704|724|1477
49|705|724|1478
49|705|725|1479
49|706|725|1480
49|707|725|1481
49|707|726|1482
49|707|727|1483
49|707|728|1484
49|708|728|1485
49|708|729|1486
49|709|729|1487
49|709|730|1488
49|710|730|1489
49|710|731|1490
49|711|731|1491
49|712|731|1492
49|712|732|1493
49|712|733|1494
49|713|733|1495
49|713|734|1496
49|714|734|1497
49|714|735|1498
49|715|735|1499
49|715|736|1500
49|716|736|1501
49|717|736|1502
49|718|736|1503
49|718|737|1504
49|719|737|1505
49|719|738|1506
49|720|738|1507
49|720|739|1508
49|721|739|1509
49|721|740|1510
49|722|740|1511
49|722|741|1512
49|723|741|1513
49|723|742|1514
49|724|742|1515
49|724|743|1516
49|725|743|1517
49|725|744|1518
49|726|744|1519
49|726|745|1520
49|727|745|1521
49|727|746|1522
49|728|746|1523
49|728|747|1524
49|729|747|1525
49|729|748|1526
49|730|748|1527
49|730|749|1528
49|731|749|1529
49|731|750|1530
49|732|750|1531
49|732|751|1532
49|733|751|1533
49|733|752|1534
49|734|752|1535
49|734|753|1536
49|735|753|1537
49|735|754|1538
49|736|754|1539
49|736|755|1540
50|736|755|1541
50|737|755|1542
51|737|755|1543
51|738|755|1544
52|738|755|1545
52|739|755|1546
53|739|755|1547
53|740|755|1548
54|740|755|1549
54|741|755|1550
55|741|755|1551
55|742|755|1552
56|742|755|1553
56|743|755|1554
57|743|755|1555
57|744|755|1556
58|744|755|1557
58|745|755|1558
59|745|755|1559
59|746|755|1560
60|746|755|1561
60|747|755|1562
61|747|755|1563
61|748|755|1564
62|748|755|1565
62|749|755|1566
63|749|755|1567
63|750|755|1568
64|750|755|1569
64|751|755|1570
65|751|755|1571
65|752|755|1572
66|752|755|1573
66|753|755|1574
67|753|755|1575
67|754|755|1576
67|755|755|1577
67|755|756|1578
67|756|756|1579
67|756|757|1580
67|757|757|1581
67|757|758|1582
67|758|758|1583
67|758|759|1584
67|759|759|1585
67|759|760|1586
67|760|760|1587
67|760|761|1588
67|761|761|1589
67|761|762|1590
67|762|762|1591
67|762|763|1592
67|763|763|1593
67|763|764|1594
67|764|764|1595
67|764|765|1596
67|765|765|1597
67|765|766|1598
67|766|766|1599
67|766|767|1600
67|767|767|1601
67|767|768|1602
67|768|768|1603
67|768|769|1604
67|769|769|1605
67|769|770|1606
67|770|770|1607
67|770|771|1608
67|771|771|1609
67|771|772|1610
67|772|772|1611
67|772|773|1612
67|773|773|1613
67|773|774|1614
67|774|774|1615
67|774|775|1616
67|775|775|1617
67|775|776|1618
67|776|776|1619
67|776|777|1620
67|777|777|1621
67|777|778|1622
67|778|778|1623
67|778|779|1624
67|779|779|1625
67|780|779|1626
67|781|779|1627
67|781|780|1628
67|782|780|1629
67|782|781|1630
67|783|781|1631
67|783|782|1632
67|784|782|1633
67|784|783|1634
67|785|783|1635
67|786|783|1636
67|787|783|1637
67|787|784|1638
67|788|784|1639
67|788|785|1640
67|789|785|1641
67|789|786|1642
67|790|786|1643
67|790|787|1644
67|791|787|1645
67|791|788|1646
67|791|789|1647
67|791|790|1648
67|792|790|1649
67|792|791|1650
67|792|792|1651
67|792|793|1652
67|792|794|1653
67|792|795|1654
67|792|796|1655
67|792|797|1656
67|792|798|1657
67|792|799|1658
67|792|800|1659
67|792|801|1660
67|793|801|1661
67|793|802|1662
67|794|802|1663
67|794|803|1664
67|794|804|1665
67|794|805|1666
67|795|805|1667
67|795|806|1668
67|796|806|1669
67|796|807|1670
67|796|808|1671
67|796|809|1672
67|796|810|1673
67|796|811|1674
67|797|811|1675
67|797|812|1676
67|797|813|1677
67|797|814|1678
67|797|815|1679
67|797|816|1680
67|797|817|1681
67|798|817|1682
67|798|818|1683
67|798|819|1684
67|799|819|1685
67|799|820|1686
67|800|820|1687
67|800|821|1688
67|801|821|1689
67|801|822|1690
67|802|822|1691
67|802|823|1692
67|803|823|1693
67|803|824|1694
67|804|824|1695
67|804|825|1696
67|805|825|1697
67|805|826|1698
67|806|826|1699
67|806|827|1700
67|807|827|1701
67|807|828|1702
67|808|828|1703
67|808|829|1704
67|809|829|1705
67|809|830|1706
67|810|830|1707
67|810|831|1708
67|811|831|1709
67|811|832|1710
67|812|832|1711
67|812|833|1712
67|813|833|1713
67|814|833|1714
68|814|833|1715
68|815|833|1716
68|816|833|1717
68|816|834|1718
68|817|834|1719
68|817|835|1720
68|818|835|1721
68|818|836|1722
68|819|836|1723
68|819|837|1724
68|820|837|1725
68|820|838|1726
68|821|838|1727
68|821|839|1728
68|822|839|1729
68|822|840|1730
68|823|840|1731
68|823|841|1732
68|824|841|1733
68|824|842|1734
68|825|842|1735
68|825|843|1736
68|826|843|1737
68|826|844|1738
68|827|844|1739
68|827|845|1740
68|828|845|1741
68|828|846|1742
68|828|847|1743
68|828|848|1744
68|829|848|1745
68|829|849|1746
68|830|849|1747
68|830|850|1748
68|831|850|1749
68|831|851|1750
68|832|851|1751
68|832|852|1752
68|832|853|1753
68|832|854|1754
68|833|854|1755
68|833|855|1756
68|834|855|1757
68|834|856|1758
68|835|856|1759
68|835|857|1760
68|836|857|1761
68|836|858|1762
68|837|858|1763
68|837|859|1764
68|838|859|1765
68|838|860|1766
68|839|860|1767
68|839|861|1768
68|840|861|1769
68|840|862|1770
68|841|862|1771
68|841|863|1772
68|842|863|1773
68|842|864|1774
68|843|864|1775
68|843|865|1776
68|844|865|1777
68|844|866|1778
68|845|866|1779
68|845|867|1780
68|846|867|1781
68|846|868|1782
68|847|868|1783
68|847|869|1784
68|848|869|1785
68|848|870|1786
68|849|870|1787
68|849|871|1788
68|850|871|1789
68|850|872|1790
68|851|872|1791
68|851|873|1792
68|852|873|1793
68|852|874|1794
68|853|874|1795
68|853|875|1796
68|854|875|1797
68|854|876|1798
68|855|876|1799
68|855|877|1800
68|856|877|1801
68|856|878|1802
68|857|878|1803
68|857|879|1804
68|858|879|1805
68|858|880|1806
68|859|880|1807
68|859|881|1808
68|860|881|1809
68|860|882|1810
68|861|882|1811
68|861|883|1812
68|862|883|1813
68|862|884|1814
68|863|884|1815
68|863|885|1816
68|864|885|1817
68|864|886|1818
68|865|886|1819
68|865|887|1820
69|865|887|1821
69|866|887|1822
69|867|887|1823
69|868|887|1824
69|869|887|1825
69|869|888|1826
69|870|888|1827
69|870|889|1828
69|870|890|1829
69|870|891|1830
69|870|892|1831
69|870|893|1832
69|870|894|1833
69|871|894|1834
69|871|895|1835
69|871|896|1836
69|871|897|1837
69|872|897|1838
69|872|898|1839
69|872|899|1840
69|872|900|1841
69|872|901|1842
69|872|902|1843
69|873|902|1844
69|873|903|1845
69|873|904|1846
69|873|905|1847
69|874|905|1848
69|874|906|1849
69|875|906|1850
69|875|907|1851
69|876|907|1852
69|876|908|1853
69|877|908|1854
69|877|909|1855
69|878|909|1856
69|878|910|1857
69|879|910|1858
69|879|911|1859
69|879|912|1860
69|879|913|1861
69|879|914|1862
69|879|915|1863
69|880|915|1864
69|881|915|1865
69|881|916|1866
69|882|916|1867
69|882|917|1868
69|883|917|1869
69|883|918|1870
69|884|918|1871
69|884|919|1872
69|885|919|1873
69|885|920|1874
69|886|920|1875
69|886|921|1876
69|887|921|1877
69|887|922|1878
69|888|922|1879
69|888|923|1880
69|889|923|1881
69|889|924|1882
69|890|924|1883
69|890|925|1884
69|891|925|1885
69|891|926|1886
69|892|926|1887
69|892|927|1888
69|893|927|1889
69|893|928|1890
69|894|928|1891
69|894|929|1892
69|895|929|1893
69|895|930|1894
69|896|930|1895
69|896|931|1896
69|897|931|1897
69|897|932|1898
69|898|932|1899
69|898|933|1900
69|899|933|1901
69|899|934|1902
69|900|934|1903
69|900|935|1904
69|901|935|1905
69|901|936|1906
69|902|936|1907
69|902|937|1908
69|903|937|1909
69|903|938|1910
69|904|938|1911
69|904|939|1912
69|905|939|1913
69|905|940|1914
69|906|940|1915
69|906|941|1916
69|906|942|1917
69|906|943|1918
69|907|943|1919
69|907|944|1920
69|908|944|1921
69|908|945|1922
69|909|945|1923
69|909|946|1924
69|910|946|1925
69|910|947|1926
69|911|947|1927
69|911|948|1928
69|912|948|1929
69|912|949|1930
69|913|949|1931
69|913|950|1932
69|914|950|1933
69|914|951|1934
69|915|951|1935
69|915|952|1936
69|916|952|1937
69|916|953|1938
69|917|953|1939
69|917|954|1940
69|918|954|1941
69|918|955|1942
69|919|955|1943
69|919|956|1944
69|920|956|1945
69|920|957|1946
69|921|957|1947
69|921|958|1948
69|922|958|1949
69|922|959|1950
69|923|959|1951
69|923|960|1952
69|924|960|1953
69|924|961|1954
69|925|961|1955
69|925|962|1956
69|926|962|1957
69|926|963|1958
69|927|963|1959
69|927|964|1960
69|928|964|1961
69|928|965|1962
69|929|965|1963
69|929|966|1964
70|929|966|1965
70|929|967|1966
70|930|967|1967
70|931|967|1968
70|932|967|1969
70|932|968|1970
70|933|968|1971
70|933|969|1972
70|933|970|1973
70|933|971|1974
70|933|972|1975
70|934|972|1976
70|934|973|1977
70|934|974|1978
70|934|975|1979
70|934|976|1980
70|934|977|1981
70|934|978|1982
70|934|979|1983
70|935|979|1984
70|935|980|1985
70|936|980|1986
70|936|981|1987
70|937|981|1988
70|937|982|1989
70|938|982|1990
70|938|983|1991
70|938|984|1992
70|938|985|1993
70|939|985|1994
70|939|986|1995
70|939|987|1996
70|939|988|1997
70|939|989|1998
70|939|990|1999
70|940|990|2000
