total
0|0|1|1
0|1|1|2
0|1|2|3
0|2|2|4
0|2|3|5
0|3|3|6
0|3|4|7
0|4|4|8
0|4|5|9
0|5|5|10
0|5|6|11
0|6|6|12
0|6|7|13
0|7|7|14
0|7|8|15
0|8|8|16
0|8|9|17
0|9|9|18
0|9|10|19
0|10|10|20
0|10|11|21
0|11|11|22
0|11|12|23
0|12|12|24
0|12|13|25
0|13|13|26
0|13|14|27
0|14|14|28
0|14|15|29
0|14|16|30
0|14|17|31
0|14|18|32
0|14|19|33
0|14|20|34
0|14|21|35
0|14|22|36
0|14|23|37
0|14|24|38
0|14|25|39
0|14|26|40
0|14|27|41
0|14|28|42
0|14|29|43
0|14|30|44
0|14|31|45
0|14|32|46
0|14|33|47
0|14|34|48
0|14|35|49
0|14|36|50
0|14|37|51
0|14|38|52
0|14|39|53
0|14|40|54
0|14|41|55
0|14|42|56
0|14|43|57
0|14|44|58
0|14|45|59
0|14|46|60
0|14|47|61
0|14|48|62
0|14|49|63
0|14|50|64
0|14|51|65
0|15|51|66
0|15|52|67
0|16|52|68
0|16|53|69
0|17|53|70
0|17|54|71
0|18|54|72
0|18|55|73
0|19|55|74
0|19|56|75
0|20|56|76
0|20|57|77
0|21|57|78
0|21|58|79
0|22|58|80
0|22|59|81
0|23|59|82
0|23|60|83
0|24|60|84
0|24|61|85
0|25|61|86
0|25|62|87
0|26|62|88
0|26|63|89
0|27|63|90
0|27|64|91
0|28|64|92
0|28|65|93
0|29|65|94
0|29|66|95
0|30|66|96
0|30|67|97
0|31|67|98
0|31|68|99
0|32|68|100
0|32|69|101
0|32|70|102
0|32|71|103
0|33|71|104
0|33|72|105
0|34|72|106
0|34|73|107
0|35|73|108
0|35|74|109
0|36|74|110
0|36|75|111
0|36|76|112
0|36|77|113
0|37|77|114
0|37|78|115
0|38|78|116
0|38|79|117
0|38|80|118
0|38|81|119
0|39|81|120
0|39|82|121
0|40|82|122
0|40|83|123
0|41|83|124
0|41|84|125
0|41|85|126
0|41|86|127
0|42|86|128
0|42|87|129
0|42|88|130
0|42|89|131
0|43|89|132
0|43|90|133
0|44|90|134
0|44|91|135
0|45|91|136
0|45|92|137
0|46|92|138
0|46|93|139
0|46|94|140
0|46|95|141
0|46|96|142
0|46|97|143
0|46|98|144
0|46|99|145
0|46|100|146
0|46|101|147
0|46|102|148
0|46|103|149
0|46|104|150
0|46|105|151
0|46|106|152
0|46|107|153
0|46|108|154
0|46|109|155
0|46|110|156
0|46|111|157
0|47|111|158
0|47|112|159
0|47|113|160
0|47|114|161
0|47|115|162
0|47|116|163
0|47|117|164
0|47|118|165
0|47|119|166
0|47|120|167
0|48|120|168
0|48|121|169
0|48|122|170
0|48|123|171
0|48|124|172
0|48|125|173
0|48|126|174
0|48|127|175
0|48|128|176
0|48|129|177
0|49|129|178
0|49|130|179
0|49|131|180
0|49|132|181
0|49|133|182
0|49|134|183
0|49|135|184
0|49|136|185
0|50|136|186
0|50|137|187
0|50|138|188
0|50|139|189
0|50|140|190
0|50|141|191
0|50|142|192
0|50|143|193
0|50|144|194
0|50|145|195
0|50|146|196
0|50|147|197
0|51|147|198
0|51|148|199
0|51|149|200
0|51|150|201
0|51|151|202
0|51|152|203
0|51|153|204
0|51|154|205
0|51|155|206
0|51|156|207
0|51|157|208
0|51|158|209
0|52|158|210
0|52|159|211
0|53|159|212
0|53|160|213
0|54|160|214
0|54|161|215
0|55|161|216
0|55|162|217
0|56|162|218
0|56|163|219
0|57|163|220
0|57|164|221
0|58|164|222
0|58|165|223
0|59|165|224
0|59|166|225
0|60|166|226
0|60|167|227
0|61|167|228
0|61|168|229
0|62|168|230
0|62|169|231
0|63|169|232
0|63|170|233
0|64|170|234
0|64|171|235
0|65|171|236
0|65|172|237
0|66|172|238
0|66|173|239
0|67|173|240
0|67|174|241
0|68|174|242
0|68|175|243
0|69|175|244
0|69|176|245
0|69|177|246
0|69|178|247
0|70|178|248
0|70|179|249
0|70|180|250
0|70|181|251
0|70|182|252
0|70|183|253
0|70|184|254
0|70|185|255
0|70|186|256
0|70|187|257
0|70|188|258
0|70|189|259
0|71|189|260
0|71|190|261
0|72|190|262
0|72|191|263
0|73|191|264
0|73|192|265
0|74|192|266
0|74|193|267
0|74|194|268
0|74|195|269
0|74|196|270
0|74|197|271
0|75|197|272
0|75|198|273
0|76|198|274
0|76|199|275
0|76|200|276
0|76|201|277
0|76|202|278
0|76|203|279
0|76|204|280
0|76|205|281
0|76|206|282
0|76|207|283
0|76|208|284
0|76|209|285
0|76|210|286
0|76|211|287
0|77|211|288
0|77|212|289
0|77|213|290
0|77|214|291
0|77|215|292
0|77|216|293
0|78|216|294
0|78|217|295
0|78|218|296
0|78|219|297
0|78|220|298
0|78|221|299
0|78|222|300
0|78|223|301
0|78|224|302
0|78|225|303
0|78|226|304
0|78|227|305
0|78|228|306
0|78|229|307
0|78|230|308
0|78|231|309
0|79|231|310
0|79|232|311
0|79|233|312
0|79|234|313
0|79|235|314
0|79|236|315
0|79|237|316
0|79|238|317
0|80|238|318
0|80|239|319
0|81|239|320
0|81|240|321
0|82|240|322
0|82|241|323
0|83|241|324
0|83|242|325
0|84|242|326
0|84|243|327
0|85|243|328
0|85|244|329
0|86|244|330
0|86|245|331
0|87|245|332
0|87|246|333
0|88|246|334
0|88|247|335
0|89|247|336
0|89|248|337
0|90|248|338
0|90|249|339
0|91|249|340
0|91|250|341
0|92|250|342
0|92|251|343
0|93|251|344
0|93|252|345
0|94|252|346
0|94|253|347
0|95|253|348
0|95|254|349
0|96|254|350
0|96|255|351
0|97|255|352
0|97|256|353
0|97|257|354
0|97|258|355
0|98|258|356
0|98|259|357
0|99|259|358
0|99|260|359
0|100|260|360
0|100|261|361
0|100|262|362
0|100|263|363
0|101|263|364
0|101|264|365
0|102|264|366
0|102|265|367
0|102|266|368
0|102|267|369
0|103|267|370
0|103|268|371
0|104|268|372
0|104|269|373
0|105|269|374
0|105|270|375
0|106|270|376
0|106|271|377
0|107|271|378
0|107|272|379
0|108|272|380
0|108|273|381
0|109|273|382
0|109|274|383
0|110|274|384
0|110|275|385
0|110|276|386
0|110|277|387
0|110|278|388
0|110|279|389
0|111|279|390
0|111|280|391
0|112|280|392
0|112|281|393
0|113|281|394
0|113|282|395
0|114|282|396
0|114|283|397
0|115|283|398
0|115|284|399
0|116|284|400
0|116|285|401
0|117|285|402
0|117|286|403
0|118|286|404
0|118|287|405
0|119|287|406
0|119|288|407
0|120|288|408
0|120|289|409
0|121|289|410
0|121|290|411
0|122|290|412
0|122|291|413
0|123|291|414
0|123|292|415
0|124|292|416
0|124|293|417
0|125|293|418
0|125|294|419
0|126|294|420
0|126|295|421
0|127|295|422
0|127|296|423
0|128|296|424
0|128|297|425
0|129|297|426
0|129|298|427
0|130|298|428
0|130|299|429
0|131|299|430
0|131|300|431
0|132|300|432
0|132|301|433
0|133|301|434
0|134|302|436
0|135|302|437
0|135|303|438
0|136|303|439
0|136|304|440
0|137|304|441
0|137|305|442
0|138|305|443
0|138|306|444
0|139|306|445
0|139|307|446
0|140|307|447
0|140|308|448
0|141|308|449
0|141|309|450
0|142|309|451
0|142|310|452
0|143|310|453
0|143|311|454
0|144|311|455
0|144|312|456
0|145|312|457
0|145|313|458
0|146|313|459
0|146|314|460
0|146|315|461
0|146|316|462
0|146|317|463
0|146|318|464
0|146|319|465
0|146|320|466
0|146|321|467
0|146|322|468
0|146|323|469
0|146|324|470
0|147|324|471
0|147|325|472
0|147|326|473
0|147|327|474
0|147|328|475
0|147|329|476
0|147|330|477
0|147|331|478
0|147|332|479
0|147|333|480
0|147|334|481
0|147|335|482
0|147|336|483
0|147|337|484
0|147|338|485
0|147|339|486
0|147|340|487
0|147|341|488
0|147|342|489
0|147|343|490
0|147|344|491
0|147|345|492
0|147|346|493
0|147|347|494
0|147|348|495
0|147|349|496
0|148|349|497
0|148|350|498
0|149|350|499
0|149|351|500
0|150|351|501
0|150|352|502
0|151|352|503
0|151|353|504
0|152|353|505
0|152|354|506
0|153|354|507
0|153|355|508
0|154|355|509
0|154|356|510
0|155|356|511
0|155|357|512
0|156|357|513
0|156|358|514
0|157|358|515
0|157|359|516
0|158|359|517
0|158|360|518
0|159|360|519
0|159|361|520
0|160|361|521
0|160|362|522
0|161|362|523
0|161|363|524
0|162|363|525
0|162|364|526
0|163|364|527
0|163|365|528
0|164|365|529
0|164|366|530
0|165|366|531
0|165|367|532
0|165|368|533
0|165|369|534
0|166|369|535
0|166|370|536
0|167|370|537
0|167|371|538
0|168|371|539
0|168|372|540
0|169|372|541
0|169|373|542
0|169|374|543
0|169|375|544
0|170|375|545
0|170|376|546
0|170|377|547
0|170|378|548
0|171|378|549
0|171|379|550
0|172|379|551
0|172|380|552
0|173|380|553
0|173|381|554
0|174|381|555
0|174|382|556
0|175|382|557
0|175|383|558
0|176|383|559
0|176|384|560
0|177|384|561
0|177|385|562
0|178|385|563
0|178|386|564
0|178|387|565
0|178|388|566
0|178|389|567
0|178|390|568
0|178|391|569
0|178|392|570
0|178|393|571
0|178|394|572
0|178|395|573
0|178|396|574
0|178|397|575
0|178|398|576
0|178|399|577
0|178|400|578
0|178|401|579
0|178|402|580
0|178|403|581
0|178|404|582
0|178|405|583
0|178|406|584
0|178|407|585
0|178|408|586
0|178|409|587
0|178|410|588
0|178|411|589
0|178|412|590
0|178|413|591
0|178|414|592
0|178|415|593
0|178|416|594
0|178|417|595
0|178|418|596
0|178|419|597
0|178|420|598
0|178|421|599
0|178|422|600
0|178|423|601
0|178|424|602
0|178|425|603
0|178|426|604
0|179|426|605
0|179|427|606
0|180|427|607
0|180|428|608
0|181|428|609
0|181|429|610
0|182|429|611
0|182|430|612
0|183|430|613
0|183|431|614
0|184|431|615
0|184|432|616
0|185|432|617
0|185|433|618
0|186|433|619
0|186|434|620
0|187|434|621
0|187|435|622
0|188|435|623
0|188|436|624
0|189|436|625
0|189|437|626
0|190|437|627
0|190|438|628
0|191|438|629
0|191|439|630
0|192|439|631
0|192|440|632
0|193|440|633
0|193|441|634
0|194|441|635
0|194|442|636
0|195|442|637
0|195|443|638
0|196|443|639
0|196|444|640
0|196|445|641
0|196|446|642
0|197|446|643
0|197|447|644
0|198|447|645
0|198|448|646
0|199|448|647
0|199|449|648
0|200|449|649
0|200|450|650
0|201|450|651
0|201|451|652
0|202|451|653
0|202|452|654
0|203|452|655
0|203|453|656
0|203|454|657
0|203|455|658
0|204|455|659
0|204|456|660
0|205|456|661
0|205|457|662
0|206|457|663
0|206|458|664
0|207|458|665
0|207|459|666
0|208|459|667
0|208|460|668
0|209|460|669
0|209|461|670
0|210|461|671
0|210|462|672
0|210|463|673
0|210|464|674
0|211|464|675
0|211|465|676
0|212|465|677
0|212|466|678
0|213|466|679
0|213|467|680
0|214|467|681
0|214|468|682
0|215|468|683
0|215|469|684
0|216|469|685
0|216|470|686
0|217|470|687
0|217|471|688
0|218|471|689
0|218|472|690
0|219|472|691
0|219|473|692
0|220|473|693
0|220|474|694
0|221|474|695
0|221|475|696
0|222|475|697
0|222|476|698
0|223|476|699
0|223|477|700
0|224|477|701
0|224|478|702
0|225|478|703
0|225|479|704
0|226|479|705
0|226|480|706
0|227|480|707
0|227|481|708
0|228|481|709
0|228|482|710
0|229|482|711
0|229|483|712
0|229|484|713
0|229|485|714
0|229|486|715
0|229|487|716
0|229|488|717
0|229|489|718
0|229|490|719
0|229|491|720
0|229|492|721
0|229|493|722
0|229|494|723
0|229|495|724
0|229|496|725
0|229|497|726
0|229|498|727
0|229|499|728
0|229|500|729
0|229|501|730
0|229|502|731
0|229|503|732
0|229|504|733
0|229|505|734
0|229|506|735
0|229|507|736
0|229|508|737
0|229|509|738
0|229|510|739
0|229|511|740
0|229|512|741
0|229|513|742
0|229|514|743
0|229|515|744
0|229|516|745
0|229|517|746
0|229|518|747
0|229|519|748
0|230|519|749
0|230|520|750
0|231|520|751
0|231|521|752
0|232|521|753
0|232|522|754
0|233|522|755
0|233|523|756
0|234|523|757
0|234|524|758
0|235|524|759
0|235|525|760
0|236|525|761
0|236|526|762
0|237|526|763
0|237|527|764
0|238|527|765
0|238|528|766
0|239|528|767
0|239|529|768
0|240|529|769
0|240|530|770
0|241|530|771
0|241|531|772
0|242|531|773
0|242|532|774
0|243|532|775
0|243|533|776
0|244|533|777
0|244|534|778
0|245|534|779
0|245|535|780
0|246|535|781
0|246|536|782
0|247|536|783
0|247|537|784
0|247|538|785
0|247|539|786
0|248|539|787
0|248|540|788
0|249|540|789
0|249|541|790
0|250|541|791
0|250|542|792
0|251|542|793
0|251|543|794
0|251|544|795
0|251|545|796
0|252|545|797
0|252|546|798
0|253|546|799
0|253|547|800
0|253|548|801
0|253|549|802
0|254|549|803
0|254|550|804
0|255|550|805
0|255|551|806
0|256|551|807
0|256|552|808
0|256|553|809
0|256|554|810
0|257|554|811
0|257|555|812
0|258|555|813
0|258|556|814
0|259|556|815
0|259|557|816
0|259|558|817
0|259|559|818
0|260|559|819
0|260|560|820
0|260|561|821
0|260|562|822
0|260|563|823
0|260|564|824
0|261|564|825
0|261|565|826
0|261|566|827
0|261|567|828
0|261|568|829
0|261|569|830
0|261|570|831
0|261|571|832
0|261|572|833
0|261|573|834
0|261|574|835
0|261|575|836
0|261|576|837
0|261|577|838
0|261|578|839
0|261|579|840
0|261|580|841
0|261|581|842
0|261|582|843
0|261|583|844
0|261|584|845
0|261|585|846
0|261|586|847
0|261|587|848
0|261|588|849
0|261|589|850
0|261|590|851
0|261|591|852
0|261|592|853
0|261|593|854
0|261|594|855
0|261|595|856
0|261|596|857
0|261|597|858
0|261|598|859
0|261|599|860
0|261|600|861
0|261|601|862
0|262|601|863
0|262|602|864
0|262|603|865
0|262|604|866
0|262|605|867
0|262|606|868
0|262|607|869
0|262|608|870
0|262|609|871
0|262|610|872
0|262|611|873
0|262|612|874
0|263|612|875
0|263|613|876
0|263|614|877
0|263|615|878
0|263|616|879
0|263|617|880
0|263|618|881
0|263|619|882
0|263|620|883
0|263|621|884
0|263|622|885
0|263|623|886
0|263|624|887
0|263|625|888
0|264|625|889
0|264|626|890
0|265|626|891
0|265|627|892
0|266|627|893
0|266|628|894
0|267|628|895
0|267|629|896
0|268|629|897
0|268|630|898
0|269|630|899
0|269|631|900
0|270|631|901
0|270|632|902
0|271|632|903
0|271|633|904
0|272|633|905
0|272|634|906
0|273|634|907
0|273|635|908
0|273|636|909
0|273|637|910
0|274|637|911
0|274|638|912
0|275|638|913
0|275|639|914
0|276|639|915
0|276|640|916
0|277|640|917
0|277|641|918
0|278|641|919
0|278|642|920
0|279|642|921
0|279|643|922
0|279|644|923
0|279|645|924
0|280|645|925
0|280|646|926
0|280|647|927
0|280|648|928
0|280|649|929
0|280|650|930
0|280|651|931
0|280|652|932
0|280|653|933
0|280|654|934
0|281|654|935
0|281|655|936
0|281|656|937
0|281|657|938
0|281|658|939
0|281|659|940
0|282|659|941
0|282|660|942
0|282|661|943
0|282|662|944
0|282|663|945
0|282|664|946
0|283|664|947
0|283|665|948
0|284|665|949
0|284|666|950
0|284|667|951
0|284|668|952
0|284|669|953
0|284|670|954
0|284|671|955
0|284|672|956
0|284|673|957
0|284|674|958
0|285|674|959
0|285|675|960
0|286|675|961
0|286|676|962
0|286|677|963
0|286|678|964
0|286|679|965
0|286|680|966
0|286|681|967
0|286|682|968
0|287|682|969
0|287|683|970
0|287|684|971
0|287|685|972
0|287|686|973
0|287|687|974
0|287|688|975
0|287|689|976
0|287|690|977
0|287|691|978
0|287|692|979
0|287|693|980
0|287|694|981
0|287|695|982
0|287|696|983
0|287|697|984
0|288|697|985
0|288|698|986
0|288|699|987
0|288|700|988
0|288|701|989
0|288|702|990
0|288|703|991
0|288|704|992
0|288|705|993
0|288|706|994
0|289|706|995
0|289|707|996
0|289|708|997
0|289|709|998
0|289|710|999
0|289|711|1000
0|290|711|1001
0|290|712|1002
0|291|712|1003
0|291|713|1004
0|292|713|1005
0|292|714|1006
0|293|714|1007
0|293|715|1008
0|294|715|1009
0|294|716|1010
0|295|716|1011
0|295|717|1012
0|296|717|1013
0|296|718|1014
0|297|718|1015
0|297|719|1016
0|298|719|1017
0|298|720|1018
0|299|720|1019
0|299|721|1020
0|300|721|1021
0|300|722|1022
0|301|722|1023
0|301|723|1024
0|302|723|1025
0|302|724|1026
0|303|724|1027
0|303|725|1028
0|304|725|1029
0|304|726|1030
0|305|726|1031
0|305|727|1032
0|306|727|1033
0|306|728|1034
0|307|728|1035
0|307|729|1036
0|307|730|1037
0|307|731|1038
0|308|731|1039
0|308|732|1040
0|309|732|1041
0|309|733|1042
0|310|733|1043
0|310|734|1044
0|310|735|1045
0|310|736|1046
0|311|736|1047
0|311|737|1048
0|311|738|1049
0|311|739|1050
0|312|739|1051
0|312|740|1052
0|313|740|1053
0|313|741|1054
0|314|741|1055
0|314|742|1056
0|315|742|1057
0|315|743|1058
0|316|743|1059
0|316|744|1060
0|317|744|1061
0|317|745|1062
0|317|746|1063
0|317|747|1064
0|318|747|1065
0|318|748|1066
0|318|749|1067
0|318|750|1068
0|319|750|1069
0|319|751|1070
0|319|752|1071
0|319|753|1072
0|320|753|1073
0|320|754|1074
0|321|754|1075
0|321|755|1076
0|322|755|1077
0|322|756|1078
0|323|756|1079
0|323|757|1080
0|324|757|1081
0|324|758|1082
0|325|758|1083
0|325|759|1084
0|326|759|1085
0|326|760|1086
0|327|760|1087
0|327|761|1088
0|328|761|1089
0|328|762|1090
0|329|762|1091
0|329|763|1092
0|330|763|1093
0|330|764|1094
0|331|764|1095
0|331|765|1096
0|332|765|1097
0|332|766|1098
0|333|766|1099
0|333|767|1100
0|334|767|1101
0|334|768|1102
0|335|768|1103
0|335|769|1104
0|336|769|1105
0|336|770|1106
0|337|770|1107
0|337|771|1108
0|338|771|1109
0|338|772|1110
0|339|772|1111
0|339|773|1112
0|340|773|1113
0|340|774|1114
0|341|774|1115
0|341|775|1116
0|342|775|1117
0|342|776|1118
0|343|776|1119
0|343|777|1120
0|344|777|1121
0|344|778|1122
0|345|778|1123
0|345|779|1124
0|346|779|1125
0|346|780|1126
0|347|780|1127
0|347|781|1128
0|348|781|1129
0|348|782|1130
0|349|782|1131
0|349|783|1132
0|350|783|1133
0|350|784|1134
0|351|784|1135
0|351|785|1136
0|352|785|1137
0|352|786|1138
0|353|786|1139
0|353|787|1140
0|354|787|1141
0|354|788|1142
0|355|788|1143
0|355|789|1144
0|356|789|1145
0|356|790|1146
0|356|791|1147
0|356|792|1148
0|356|793|1149
0|356|794|1150
0|356|795|1151
0|356|796|1152
0|356|797|1153
0|356|798|1154
0|356|799|1155
0|356|800|1156
0|356|801|1157
0|356|802|1158
0|356|803|1159
0|356|804|1160
0|357|804|1161
0|357|805|1162
0|357|806|1163
0|357|807|1164
0|357|808|1165
0|357|809|1166
0|357|810|1167
0|357|811|1168
0|357|812|1169
0|357|813|1170
0|358|813|1171
0|358|814|1172
0|359|814|1173
0|359|815|1174
0|359|816|1175
0|359|817|1176
0|359|818|1177
0|359|819|1178
0|359|820|1179
0|359|821|1180
0|360|821|1181
0|360|822|1182
0|361|822|1183
0|361|823|1184
0|362|823|1185
0|362|824|1186
0|363|824|1187
0|363|825|1188
0|364|825|1189
0|364|826|1190
0|365|826|1191
0|365|827|1192
0|366|827|1193
0|366|828|1194
0|367|828|1195
0|367|829|1196
0|368|829|1197
0|368|830|1198
0|369|830|1199
0|369|831|1200
0|370|831|1201
0|370|832|1202
0|371|832|1203
0|371|833|1204
0|372|833|1205
0|372|834|1206
0|373|834|1207
0|373|835|1208
0|374|835|1209
0|374|836|1210
0|375|836|1211
0|375|837|1212
0|376|837|1213
0|376|838|1214
0|377|838|1215
0|377|839|1216
0|377|840|1217
0|377|841|1218
0|378|841|1219
0|378|842|1220
0|378|843|1221
0|378|844|1222
0|379|844|1223
0|379|845|1224
0|380|845|1225
0|380|846|1226
0|380|847|1227
0|380|848|1228
0|381|848|1229
0|381|849|1230
0|382|849|1231
0|382|850|1232
0|383|850|1233
0|383|851|1234
0|383|852|1235
0|383|853|1236
0|384|853|1237
0|384|854|1238
0|384|855|1239
0|384|856|1240
0|385|856|1241
0|385|857|1242
0|385|858|1243
0|385|859|1244
0|386|859|1245
0|386|860|1246
0|387|860|1247
0|387|861|1248
0|388|861|1249
0|388|862|1250
0|388|863|1251
0|388|864|1252
0|389|864|1253
0|389|865|1254
0|390|865|1255
0|390|866|1256
0|391|866|1257
0|391|867|1258
0|392|867|1259
0|392|868|1260
0|393|868|1261
0|393|869|1262
0|394|869|1263
0|394|870|1264
0|395|870|1265
0|395|871|1266
0|396|871|1267
0|396|872|1268
0|397|872|1269
0|397|873|1270
0|398|873|1271
0|398|874|1272
0|399|874|1273
0|399|875|1274
0|400|875|1275
0|400|876|1276
0|401|876|1277
0|401|877|1278
0|402|877|1279
0|402|878|1280
0|403|878|1281
0|403|879|1282
0|404|879|1283
0|404|880|1284
0|405|880|1285
0|405|881|1286
0|406|881|1287
0|406|882|1288
0|407|882|1289
0|407|883|1290
0|408|883|1291
0|408|884|1292
0|409|884|1293
0|409|885|1294
0|410|885|1295
0|410|886|1296
0|411|886|1297
0|411|887|1298
0|412|887|1299
0|412|888|1300
0|413|888|1301
0|413|889|1302
0|414|889|1303
0|414|890|1304
0|415|890|1305
0|415|891|1306
0|416|891|1307
0|416|892|1308
0|417|892|1309
0|417|893|1310
0|418|893|1311
0|418|894|1312
0|419|894|1313
0|419|895|1314
0|420|895|1315
0|420|896|1316
0|421|896|1317
0|421|897|1318
0|422|897|1319
0|422|898|1320
0|423|898|1321
0|423|899|1322
0|424|899|1323
0|424|900|1324
0|425|900|1325
0|425|901|1326
0|426|901|1327
0|426|902|1328
0|427|902|1329
0|427|903|1330
0|428|903|1331
0|428|904|1332
0|429|904|1333
0|429|905|1334
0|429|906|1335
0|429|907|1336
0|430|907|1337
0|430|908|1338
0|431|908|1339
0|431|909|1340
0|432|909|1341
0|432|910|1342
0|433|910|1343
0|433|911|1344
0|434|911|1345
0|434|912|1346
0|434|913|1347
0|434|914|1348
0|435|914|1349
0|435|915|1350
0|435|916|1351
0|435|917|1352
0|435|918|1353
0|435|919|1354
0|436|919|1355
0|436|920|1356
0|436|921|1357
0|436|922|1358
0|437|922|1359
0|437|923|1360
0|438|923|1361
0|438|924|1362
0|439|924|1363
0|439|925|1364
0|440|925|1365
0|440|926|1366
0|441|926|1367
0|441|927|1368
0|442|927|1369
0|442|928|1370
0|443|928|1371
0|443|929|1372
0|444|929|1373
0|444|930|1374
0|445|930|1375
0|445|931|1376
0|446|931|1377
0|446|932|1378
0|447|932|1379
0|447|933|1380
0|448|933|1381
0|448|934|1382
0|449|934|1383
0|449|935|1384
0|450|935|1385
0|450|936|1386
0|451|936|1387
0|451|937|1388
0|452|937|1389
0|452|938|1390
0|453|938|1391
0|453|939|1392
0|454|939|1393
0|454|940|1394
0|455|940|1395
0|455|941|1396
0|455|942|1397
0|455|943|1398
0|455|944|1399
0|455|945|1400
0|455|946|1401
0|455|947|1402
0|455|948|1403
0|455|949|1404
0|455|950|1405
0|455|951|1406
0|455|952|1407
0|455|953|1408
0|455|954|1409
0|455|955|1410
0|455|956|1411
0|455|957|1412
0|455|958|1413
0|455|959|1414
0|455|960|1415
0|455|961|1416
0|455|962|1417
0|455|963|1418
0|455|964|1419
0|455|965|1420
0|455|966|1421
0|455|967|1422
0|455|968|1423
0|455|969|1424
0|455|970|1425
0|455|971|1426
0|455|972|1427
0|455|973|1428
0|455|974|1429
0|455|975|1430
0|455|976|1431
0|455|977|1432
0|456|977|1433
0|456|978|1434
0|457|978|1435
0|457|979|1436
0|458|979|1437
0|458|980|1438
0|459|980|1439
0|459|981|1440
0|460|981|1441
0|460|982|1442
0|461|982|1443
0|461|983|1444
0|462|983|1445
0|462|984|1446
0|463|984|1447
0|463|985|1448
0|464|985|1449
0|464|986|1450
0|465|986|1451
0|465|987|1452
0|466|987|1453
0|466|988|1454
0|467|988|1455
0|467|989|1456
0|468|989|1457
0|468|990|1458
0|469|990|1459
0|469|991|1460
0|470|991|1461
0|470|992|1462
0|471|992|1463
0|471|993|1464
0|472|993|1465
0|472|994|1466
0|473|994|1467
0|473|995|1468
0|473|996|1469
0|473|997|1470
0|474|997|1471
0|474|998|1472
0|474|999|1473
0|474|1000|1474
0|475|1000|1475
0|475|1001|1476
0|476|1001|1477
0|476|1002|1478
0|476|1003|1479
0|476|1004|1480
0|477|1004|1481
0|477|1005|1482
0|477|1006|1483
0|477|1007|1484
0|478|1007|1485
0|478|1008|1486
0|479|1008|1487
0|479|1009|1488
0|479|1010|1489
0|479|1011|1490
0|480|1011|1491
0|480|1012|1492
0|480|1013|1493
0|480|1014|1494
0|481|1014|1495
0|481|1015|1496
0|482|1015|1497
0|482|1016|1498
0|483|1016|1499
0|483|1017|1500
0|484|1017|1501
0|484|1018|1502
0|484|1019|1503
0|484|1020|1504
0|484|1021|1505
0|484|1022|1506
0|484|1023|1507
0|484|1024|1508
0|485|1024|1509
0|485|1025|1510
0|485|1026|1511
0|485|1027|1512
0|485|1028|1513
0|485|1029|1514
0|485|1030|1515
0|485|1031|1516
0|486|1031|1517
0|486|1032|1518
0|486|1033|1519
0|486|1034|1520
0|487|1034|1521
0|487|1035|1522
0|487|1036|1523
0|487|1037|1524
0|487|1038|1525
0|487|1039|1526
0|487|1040|1527
0|487|1041|1528
0|488|1041|1529
0|488|1042|1530
0|488|1043|1531
0|488|1044|1532
0|489|1044|1533
0|489|1045|1534
0|489|1046|1535
0|489|1047|1536
0|490|1047|1537
0|490|1048|1538
0|490|1049|1539
0|490|1050|1540
0|490|1051|1541
0|490|1052|1542
0|490|1053|1543
0|490|1054|1544
0|491|1054|1545
0|491|1055|1546
0|491|1056|1547
0|491|1057|1548
0|491|1058|1549
0|491|1059|1550
0|492|1059|1551
0|492|1060|1552
0|493|1060|1553
0|493|1061|1554
0|493|1062|1555
0|493|1063|1556
0|493|1064|1557
0|493|1065|1558
0|494|1065|1559
0|494|1066|1560
0|495|1066|1561
0|495|1067|1562
0|495|1068|1563
0|495|1069|1564
0|495|1070|1565
0|495|1071|1566
0|495|1072|1567
0|495|1073|1568
0|495|1074|1569
0|495|1075|1570
0|495|1076|1571
0|495|1077|1572
0|495|1078|1573
0|495|1079|1574
0|496|1079|1575
0|496|1080|1576
0|497|1080|1577
0|497|1081|1578
0|498|1081|1579
0|498|1082|1580
0|499|1082|1581
0|499|1083|1582
0|500|1083|1583
0|500|1084|1584
0|501|1084|1585
0|501|1085|1586
0|501|1086|1587
0|501|1087|1588
0|502|1087|1589
0|502|1088|1590
0|503|1088|1591
0|503|1089|1592
0|504|1089|1593
0|504|1090|1594
0|505|1090|1595
0|505|1091|1596
0|506|1091|1597
0|506|1092|1598
0|507|1092|1599
0|507|1093|1600
0|507|1094|1601
0|507|1095|1602
0|508|1095|1603
0|508|1096|1604
0|508|1097|1605
0|508|1098|1606
0|509|1098|1607
0|509|1099|1608
0|510|1099|1609
0|510|1100|1610
0|511|1100|1611
0|511|1101|1612
0|511|1102|1613
0|511|1103|1614
0|511|1104|1615
0|511|1105|1616
0|511|1106|1617
0|511|1107|1618
0|512|1107|1619
0|512|1108|1620
0|512|1109|1621
0|512|1110|1622
0|513|1110|1623
0|513|1111|1624
0|513|1112|1625
0|513|1113|1626
0|513|1114|1627
0|513|1115|1628
0|513|1116|1629
0|513|1117|1630
0|513|1118|1631
0|513|1119|1632
0|513|1120|1633
0|513|1121|1634
0|513|1122|1635
0|513|1123|1636
0|513|1124|1637
0|513|1125|1638
0|514|1125|1639
0|514|1126|1640
0|514|1127|1641
0|514|1128|1642
0|515|1128|1643
0|515|1129|1644
0|515|1130|1645
0|515|1131|1646
0|515|1132|1647
0|515|1133|1648
0|515|1134|1649
0|515|1135|1650
0|515|1136|1651
0|515|1137|1652
0|516|1137|1653
0|516|1138|1654
0|517|1138|1655
0|517|1139|1656
0|518|1139|1657
0|518|1140|1658
0|518|1141|1659
0|518|1142|1660
0|518|1143|1661
0|518|1144|1662
0|518|1145|1663
0|518|1146|1664
0|518|1147|1665
0|518|1148|1666
0|518|1149|1667
0|518|1150|1668
0|518|1151|1669
0|518|1152|1670
0|518|1153|1671
0|518|1154|1672
0|518|1155|1673
0|518|1156|1674
0|518|1157|1675
0|518|1158|1676
0|518|1159|1677
0|518|1160|1678
0|518|1161|1679
0|518|1162|1680
0|518|1163|1681
0|518|1164|1682
0|519|1164|1683
0|519|1165|1684
0|520|1165|1685
0|520|1166|1686
0|521|1166|1687
0|521|1167|1688
0|522|1167|1689
0|522|1168|1690
0|523|1168|1691
0|523|1169|1692
0|524|1169|1693
0|524|1170|1694
0|525|1170|1695
0|525|1171|1696
0|526|1171|1697
0|526|1172|1698
0|527|1172|1699
0|527|1173|1700
0|528|1173|1701
0|528|1174|1702
0|529|1174|1703
0|529|1175|1704
0|530|1175|1705
0|530|1176|1706
0|531|1176|1707
0|531|1177|1708
0|532|1177|1709
0|532|1178|1710
0|533|1178|1711
0|533|1179|1712
0|534|1179|1713
0|534|1180|1714
0|535|1180|1715
0|535|1181|1716
0|536|1181|1717
0|536|1182|1718
0|537|1182|1719
0|537|1183|1720
0|538|1183|1721
0|538|1184|1722
0|539|1184|1723
0|539|1185|1724
0|540|1185|1725
0|540|1186|1726
0|541|1186|1727
0|541|1187|1728
0|541|1188|1729
0|541|1189|1730
0|542|1189|1731
0|542|1190|1732
0|543|1190|1733
0|543|1191|1734
0|544|1191|1735
0|544|1192|1736
0|544|1193|1737
0|544|1194|1738
0|545|1194|1739
0|545|1195|1740
0|546|1195|1741
0|546|1196|1742
0|547|1196|1743
0|547|1197|1744
0|548|1197|1745
0|548|1198|1746
0|549|1198|1747
0|549|1199|1748
0|550|1199|1749
0|550|1200|1750
0|550|1201|1751
0|550|1202|1752
0|550|1203|1753
0|550|1204|1754
0|550|1205|1755
0|550|1206|1756
0|551|1206|1757
0|551|1207|1758
0|552|1207|1759
0|552|1208|1760
0|553|1208|1761
0|553|1209|1762
0|554|1209|1763
0|554|1210|1764
0|555|1210|1765
0|555|1211|1766
0|556|1211|1767
0|556|1212|1768
0|557|1212|1769
0|557|1213|1770
0|558|1213|1771
0|558|1214|1772
0|559|1214|1773
0|559|1215|1774
0|560|1215|1775
0|560|1216|1776
0|561|1216|1777
0|561|1217|1778
0|562|1217|1779
0|562|1218|1780
0|563|1218|1781
0|563|1219|1782
0|564|1219|1783
0|564|1220|1784
0|565|1220|1785
0|565|1221|1786
0|566|1221|1787
0|566|1222|1788
0|567|1222|1789
0|567|1223|1790
0|568|1223|1791
0|568|1224|1792
0|569|1224|1793
0|569|1225|1794
0|570|1225|1795
0|570|1226|1796
0|571|1226|1797
0|571|1227|1798
0|572|1227|1799
0|572|1228|1800
0|573|1228|1801
0|573|1229|1802
0|574|1229|1803
0|574|1230|1804
0|575|1230|1805
0|575|1231|1806
0|576|1231|1807
0|576|1232|1808
0|577|1232|1809
0|577|1233|1810
0|578|1233|1811
0|578|1234|1812
0|579|1234|1813
0|579|1235|1814
0|580|1235|1815
0|580|1236|1816
0|581|1236|1817
0|581|1237|1818
0|582|1237|1819
0|582|1238|1820
0|583|1238|1821
0|583|1239|1822
0|584|1239|1823
0|584|1240|1824
0|585|1240|1825
0|585|1241|1826
0|586|1241|1827
0|586|1242|1828
0|587|1242|1829
0|587|1243|1830
0|587|1244|1831
0|587|1245|1832
0|587|1246|1833
0|587|1247|1834
0|587|1248|1835
0|587|1249|1836
0|588|1249|1837
0|588|1250|1838
0|589|1250|1839
0|589|1251|1840
0|589|1252|1841
0|589|1253|1842
0|589|1254|1843
0|589|1255|1844
0|589|1256|1845
0|589|1257|1846
0|589|1258|1847
0|589|1259|1848
0|589|1260|1849
0|589|1261|1850
0|589|1262|1851
0|589|1263|1852
0|590|1263|1853
0|590|1264|1854
0|590|1265|1855
0|590|1266|1856
0|590|1267|1857
0|590|1268|1858
0|590|1269|1859
0|590|1270|1860
0|590|1271|1861
0|590|1272|1862
0|590|1273|1863
0|590|1274|1864
0|591|1274|1865
0|591|1275|1866
0|592|1275|1867
0|592|1276|1868
0|593|1276|1869
0|593|1277|1870
0|594|1277|1871
0|594|1278|1872
0|595|1278|1873
0|595|1279|1874
0|596|1279|1875
0|596|1280|1876
0|597|1280|1877
0|597|1281|1878
0|598|1281|1879
0|598|1282|1880
0|599|1282|1881
0|599|1283|1882
0|600|1283|1883
0|600|1284|1884
0|601|1284|1885
0|601|1285|1886
0|602|1285|1887
0|602|1286|1888
0|603|1286|1889
0|603|1287|1890
0|604|1287|1891
0|604|1288|1892
0|605|1288|1893
0|605|1289|1894
0|606|1289|1895
0|606|1290|1896
0|607|1290|1897
0|607|1291|1898
0|608|1291|1899
0|608|1292|1900
0|608|1293|1901
0|608|1294|1902
0|609|1294|1903
0|609|1295|1904
0|610|1295|1905
0|610|1296|1906
0|611|1296|1907
0|611|1297|1908
0|612|1297|1909
0|612|1298|1910
0|612|1299|1911
0|612|1300|1912
0|613|1300|1913
0|613|1301|1914
0|614|1301|1915
0|614|1302|1916
0|615|1302|1917
0|615|1303|1918
0|616|1303|1919
0|616|1304|1920
0|617|1304|1921
0|617|1305|1922
0|618|1305|1923
0|618|1306|1924
0|619|1306|1925
0|619|1307|1926
0|620|1307|1927
0|620|1308|1928
0|620|1309|1929
0|620|1310|1930
0|621|1310|1931
0|621|1311|1932
0|622|1311|1933
0|622|1312|1934
0|622|1313|1935
0|622|1314|1936
0|623|1314|1937
0|623|1315|1938
0|624|1315|1939
0|624|1316|1940
0|625|1316|1941
0|625|1317|1942
0|626|1317|1943
0|626|1318|1944
0|627|1318|1945
0|627|1319|1946
0|628|1319|1947
0|628|1320|1948
0|629|1320|1949
0|629|1321|1950
0|630|1321|1951
0|630|1322|1952
0|631|1322|1953
0|631|1323|1954
0|632|1323|1955
0|632|1324|1956
0|633|1324|1957
0|633|1325|1958
0|634|1325|1959
0|634|1326|1960
0|635|1326|1961
0|635|1327|1962
0|636|1327|1963
0|636|1328|1964
0|637|1328|1965
0|637|1329|1966
0|638|1329|1967
0|638|1330|1968
0|639|1330|1969
0|639|1331|1970
0|640|1331|1971
0|640|1332|1972
0|640|1333|1973
0|640|1334|1974
0|640|1335|1975
0|640|1336|1976
0|640|1337|1977
0|640|1338|1978
0|640|1339|1979
0|640|1340|1980
0|640|1341|1981
0|640|1342|1982
0|640|1343|1983
0|640|1344|1984
0|640|1345|1985
0|640|1346|1986
0|640|1347|1987
0|640|1348|1988
0|640|1349|1989
0|640|1350|1990
0|640|1351|1991
0|640|1352|1992
0|640|1353|1993
0|640|1354|1994
0|640|1355|1995
0|640|1356|1996
0|640|1357|1997
0|640|1358|1998
0|640|1359|1999
0|640|1360|2000
