total
0|1|0|1
0|1|1|2
0|2|1|3
1|2|1|4
1|2|2|5
1|3|2|6
1|3|3|7
1|4|3|8
1|5|3|9
2|5|3|10
2|5|4|11
2|6|4|12
2|6|5|13
2|7|5|14
2|7|6|15
2|8|6|16
2|8|7|17
2|9|7|18
2|9|8|19
2|10|8|20
2|11|8|21
3|11|8|22
3|12|8|23
3|13|8|24
3|14|8|25
3|15|8|26
3|15|9|27
3|16|9|28
3|16|10|29
3|16|11|30
3|16|12|31
3|16|13|32
3|16|14|33
3|16|15|34
3|16|16|35
3|16|17|36
3|16|18|37
3|17|18|38
3|18|18|39
3|18|19|40
3|18|20|41
3|18|21|42
3|18|22|43
3|19|22|44
3|20|22|45
3|20|23|46
3|20|24|47
3|21|24|48
3|21|25|49
3|21|26|50
3|21|27|51
3|21|28|52
3|21|29|53
3|22|29|54
3|22|30|55
3|22|31|56
3|23|31|57
3|23|32|58
3|24|32|59
3|24|33|60
3|25|33|61
3|25|34|62
3|25|35|63
3|25|36|64
3|25|37|65
3|26|37|66
3|26|38|67
3|27|38|68
3|27|39|69
3|28|39|70
3|28|40|71
3|29|40|72
3|29|41|73
3|30|41|74
3|30|42|75
3|31|42|76
3|31|43|77
3|32|43|78
3|32|44|79
3|33|44|80
3|33|45|81
3|34|45|82
3|34|46|83
3|35|46|84
3|35|47|85
3|36|47|86
3|36|48|87
3|37|48|88
3|37|49|89
3|38|49|90
3|38|50|91
3|39|50|92
3|39|51|93
3|40|51|94
3|40|52|95
3|41|52|96
3|41|53|97
3|42|53|98
3|42|54|99
3|43|54|100
3|43|55|101
3|44|55|102
3|44|56|103
3|45|56|104
3|45|57|105
3|46|57|106
3|46|58|107
3|47|58|108
3|47|59|109
3|48|59|110
3|49|59|111
3|49|60|112
3|49|61|113
3|50|61|114
3|50|62|115
3|51|62|116
3|52|62|117
3|52|63|118
3|52|64|119
3|53|64|120
3|53|65|121
3|54|65|122
3|54|66|123
3|55|66|124
3|55|67|125
3|55|68|126
3|55|69|127
3|56|69|128
3|57|69|129
3|58|69|130
3|59|69|131
3|60|69|132
3|61|69|133
3|61|70|134
3|61|71|135
3|62|71|136
3|63|71|137
3|63|72|138
3|64|72|139
3|64|73|140
3|65|73|141
3|65|74|142
3|66|74|143
3|66|75|144
3|67|75|145
3|67|76|146
3|68|76|147
3|68|77|148
3|69|77|149
3|70|77|150
3|71|77|151
3|71|78|152
3|72|78|153
3|73|78|154
3|74|78|155
3|75|78|156
3|76|78|157
4|76|78|158
4|77|78|159
4|77|79|160
4|78|79|161
4|78|80|162
4|79|80|163
4|79|81|164
4|80|81|165
4|80|82|166
4|81|82|167
5|81|82|168
5|82|82|169
6|82|82|170
6|83|82|171
6|83|83|172
6|84|83|173
7|84|83|174
7|85|83|175
7|85|84|176
7|86|84|177
8|86|84|178
8|87|84|179
8|88|84|180
8|89|84|181
9|89|84|182
9|90|84|183
9|90|85|184
9|91|85|185
9|91|86|186
9|92|86|187
9|92|87|188
9|93|87|189
9|94|87|190
9|95|87|191
9|95|88|192
9|96|88|193
9|96|89|194
9|97|89|195
9|97|90|196
9|98|90|197
9|98|91|198
9|99|91|199
10|99|91|200
10|100|91|201
10|100|92|202
10|101|92|203
10|102|92|204
10|103|92|205
11|103|92|206
11|104|92|207
11|104|93|208
11|105|93|209
11|106|93|210
11|107|93|211
11|108|93|212
11|109|93|213
11|110|93|214
11|111|93|215
11|112|93|216
11|113|93|217
12|113|93|218
12|114|93|219
12|114|94|220
12|115|94|221
12|116|94|222
12|117|94|223
12|118|94|224
12|119|94|225
12|120|94|226
12|121|94|227
12|122|94|228
12|123|94|229
12|124|94|230
12|125|94|231
12|126|94|232
12|127|94|233
12|128|94|234
12|129|94|235
12|129|95|236
12|130|95|237
12|131|95|238
12|132|95|239
12|132|96|240
12|133|96|241
12|134|96|242
12|135|96|243
12|136|96|244
12|137|96|245
12|138|96|246
12|138|97|247
12|139|97|248
12|139|98|249
12|140|98|250
12|141|98|251
12|142|98|252
12|142|99|253
12|142|100|254
12|143|100|255
12|143|101|256
12|143|102|257
12|144|102|258
12|144|103|259
12|145|103|260
12|146|103|261
12|146|104|262
12|147|104|263
12|148|104|264
12|148|105|265
12|149|105|266
12|150|105|267
12|151|105|268
12|151|106|269
12|152|106|270
12|152|107|271
12|153|107|272
12|154|107|273
12|155|107|274
12|156|107|275
12|157|107|276
12|158|107|277
12|159|107|278
12|160|107|279
12|161|107|280
12|162|107|281
13|162|107|282
13|162|108|283
14|162|108|284
14|162|109|285
15|162|109|286
15|163|109|287
15|164|109|288
15|165|109|289
15|165|110|290
15|166|110|291
15|167|110|292
15|167|111|293
15|168|111|294
15|169|111|295
15|169|112|296
15|169|113|297
15|170|113|298
15|170|114|299
15|171|114|300
15|172|114|301
16|172|114|302
16|173|114|303
17|173|114|304
17|173|115|305
17|174|115|306
17|175|115|307
17|176|115|308
17|177|115|309
17|177|116|310
17|178|116|311
17|178|117|312
17|179|117|313
17|180|117|314
17|181|117|315
18|181|117|316
18|181|118|317
19|181|118|318
19|181|119|319
19|182|119|320
19|182|120|321
19|183|120|322
19|184|120|323
20|184|120|324
20|185|120|325
21|185|120|326
21|186|120|327
21|187|120|328
21|187|121|329
21|188|121|330
21|189|121|331
22|189|121|332
22|190|121|333
22|191|121|334
22|191|122|335
22|192|122|336
22|193|122|337
23|193|122|338
23|194|122|339
24|194|122|340
24|194|123|341
24|195|123|342
24|196|123|343
24|197|123|344
24|198|123|345
25|198|123|346
25|199|123|347
26|199|123|348
26|200|123|349
27|200|123|350
27|201|123|351
27|202|123|352
27|202|124|353
28|202|124|354
28|202|125|355
28|203|125|356
28|203|126|357
28|204|126|358
28|204|127|359
29|204|127|360
29|204|128|361
29|204|129|362
29|204|130|363
29|205|130|364
29|205|131|365
29|206|131|366
29|206|132|367
29|206|133|368
29|206|134|369
29|207|134|370
29|207|135|371
29|208|135|372
29|208|136|373
29|209|136|374
29|209|137|375
29|210|137|376
29|210|138|377
29|211|138|378
29|211|139|379
29|212|139|380
29|212|140|381
29|213|140|382
29|213|141|383
29|214|141|384
29|214|142|385
29|215|142|386
29|215|143|387
29|216|143|388
29|216|144|389
30|216|144|390
30|216|145|391
30|217|145|392
30|217|146|393
31|217|146|394
31|217|147|395
32|217|147|396
32|217|148|397
32|217|149|398
32|217|150|399
32|218|150|400
32|218|151|401
32|219|151|402
32|219|152|403
32|219|153|404
32|219|154|405
32|220|154|406
32|220|155|407
32|221|155|408
32|221|156|409
32|222|156|410
32|222|157|411
32|223|157|412
32|223|158|413
32|224|158|414
32|224|159|415
32|225|159|416
32|225|160|417
33|225|160|418
33|226|160|419
33|227|160|420
33|227|161|421
33|227|162|422
33|227|163|423
33|228|163|424
33|228|164|425
34|228|164|426
34|229|164|427
34|230|164|428
34|230|165|429
35|230|165|430
35|230|166|431
35|231|166|432
35|232|166|433
36|232|166|434
36|233|166|435
36|234|166|436
36|234|167|437
36|235|167|438
36|235|168|439
37|235|168|440
37|235|169|441
37|236|169|442
37|236|170|443
37|237|170|444
37|238|170|445
38|238|170|446
38|239|170|447
39|239|170|448
39|239|171|449
39|240|171|450
39|241|171|451
39|242|171|452
39|243|171|453
39|244|171|454
39|245|171|455
39|246|171|456
39|246|172|457
39|247|172|458
39|248|172|459
39|249|172|460
39|250|172|461
39|250|173|462
39|251|173|463
39|251|174|464
39|252|174|465
39|252|175|466
39|253|175|467
39|253|176|468
39|254|176|469
39|254|177|470
39|255|177|471
39|255|178|472
39|256|178|473
39|256|179|474
39|257|179|475
39|257|180|476
39|258|180|477
39|258|181|478
39|259|181|479
39|259|182|480
39|260|182|481
39|260|183|482
39|261|183|483
39|261|184|484
39|262|185|486
39|262|186|487
39|263|186|488
39|263|187|489
39|264|187|490
39|264|188|491
39|265|188|492
39|265|189|493
39|266|189|494
39|266|190|495
39|267|190|496
39|268|190|497
39|268|191|498
39|269|191|499
39|270|191|500
39|271|191|501
39|271|192|502
39|272|192|503
39|272|193|504
39|273|193|505
39|274|193|506
40|274|193|507
40|275|193|508
40|276|193|509
40|276|194|510
41|276|194|511
41|276|195|512
41|277|195|513
41|277|196|514
41|278|196|515
41|278|197|516
41|279|197|517
41|280|197|518
41|281|197|519
41|282|197|520
41|283|197|521
41|283|198|522
41|284|198|523
41|285|198|524
42|285|198|525
42|286|198|526
43|286|198|527
43|286|199|528
43|286|200|529
43|286|201|530
44|286|201|531
44|287|201|532
44|288|201|533
44|288|202|534
44|289|202|535
44|289|203|536
44|290|203|537
44|290|204|538
44|291|204|539
44|291|205|540
44|292|205|541
44|292|206|542
44|293|206|543
44|293|207|544
44|294|207|545
44|294|208|546
44|295|208|547
44|295|209|548
44|296|209|549
44|296|210|550
44|297|210|551
44|297|211|552
44|298|211|553
44|298|212|554
44|299|212|555
44|299|213|556
44|300|213|557
44|300|214|558
44|301|214|559
44|301|215|560
44|302|215|561
44|302|216|562
44|303|216|563
44|303|217|564
44|304|217|565
44|304|218|566
44|305|218|567
44|305|219|568
44|305|220|569
44|306|220|570
44|306|221|571
44|307|221|572
44|307|222|573
44|308|222|574
44|308|223|575
44|309|223|576
44|309|224|577
44|310|224|578
44|310|225|579
44|311|225|580
44|311|226|581
44|312|226|582
44|312|227|583
44|313|227|584
44|313|228|585
44|314|228|586
44|314|229|587
44|315|229|588
44|315|230|589
44|316|230|590
44|316|231|591
44|317|231|592
44|317|232|593
44|318|232|594
44|318|233|595
44|319|233|596
44|319|234|597
44|320|234|598
44|320|235|599
44|321|235|600
44|321|236|601
44|322|236|602
44|322|237|603
44|323|237|604
44|324|237|605
44|324|238|606
44|325|238|607
44|325|239|608
44|326|239|609
44|326|240|610
44|327|240|611
44|327|241|612
44|328|241|613
44|328|242|614
44|329|242|615
44|329|243|616
44|330|243|617
44|330|244|618
44|331|244|619
44|331|245|620
44|332|245|621
44|332|246|622
44|333|246|623
44|333|247|624
44|334|247|625
44|334|248|626
44|335|248|627
44|335|249|628
44|336|249|629
44|336|250|630
44|337|250|631
44|337|251|632
44|338|251|633
44|338|252|634
44|339|252|635
44|339|253|636
44|340|253|637
44|340|254|638
44|341|254|639
44|341|255|640
44|342|255|641
44|342|256|642
44|343|256|643
44|343|257|644
44|344|257|645
44|344|258|646
44|345|258|647
44|345|259|648
44|346|259|649
44|346|260|650
44|347|260|651
44|347|261|652
44|348|261|653
44|348|262|654
44|349|262|655
44|349|263|656
44|350|263|657
44|350|264|658
44|351|264|659
44|351|265|660
44|352|265|661
44|352|266|662
44|353|266|663
44|353|267|664
44|354|267|665
44|354|268|666
44|355|268|667
44|355|269|668
44|356|269|669
44|356|270|670
44|357|270|671
44|357|271|672
44|358|271|673
44|358|272|674
44|359|272|675
44|359|273|676
44|360|273|677
44|361|273|678
45|361|273|679
45|361|274|680
46|361|274|681
46|361|275|682
46|362|275|683
46|362|276|684
47|362|276|685
47|362|277|686
48|362|277|687
48|363|277|688
48|364|277|689
48|365|277|690
48|366|277|691
48|366|278|692
49|366|278|693
49|367|278|694
49|368|278|695
49|368|279|696
49|369|279|697
49|369|280|698
50|369|280|699
50|370|280|700
50|371|280|701
50|371|281|702
50|372|281|703
50|373|281|704
51|373|281|705
51|374|281|706
52|374|281|707
52|375|281|708
53|375|281|709
53|376|281|710
53|377|281|711
53|378|281|712
54|378|281|713
54|379|281|714
54|380|281|715
54|381|281|716
54|382|281|717
54|382|282|718
54|383|282|719
54|383|283|720
55|383|283|721
55|384|283|722
55|384|284|723
55|385|284|724
55|386|284|725
55|386|285|726
55|386|286|727
55|386|287|728
55|386|288|729
55|387|288|730
55|388|288|731
55|388|289|732
55|388|290|733
55|388|291|734
56|388|291|735
56|388|292|736
56|389|292|737
56|389|293|738
56|390|293|739
56|391|293|740
56|391|294|741
56|392|294|742
56|392|295|743
56|393|295|744
56|393|296|745
56|394|296|746
56|395|296|747
56|396|296|748
56|397|296|749
56|397|297|750
56|398|297|751
56|398|298|752
56|399|298|753
56|399|299|754
56|400|299|755
56|400|300|756
56|401|300|757
56|401|301|758
56|402|301|759
56|402|302|760
56|403|302|761
56|403|303|762
56|404|303|763
56|404|304|764
56|405|304|765
56|405|305|766
56|406|305|767
56|406|306|768
56|407|306|769
56|407|307|770
56|408|307|771
56|408|308|772
56|409|308|773
56|409|309|774
56|410|309|775
56|410|310|776
56|411|310|777
56|411|311|778
56|412|311|779
56|412|312|780
56|413|312|781
56|413|313|782
56|414|313|783
56|414|314|784
56|415|314|785
56|416|314|786
56|417|314|787
56|418|314|788
56|419|314|789
56|419|315|790
56|420|315|791
56|420|316|792
56|421|316|793
56|421|317|794
56|421|318|795
56|422|318|796
56|423|318|797
56|424|318|798
56|425|318|799
56|425|319|800
56|425|320|801
56|426|320|802
56|427|320|803
56|427|321|804
56|428|321|805
56|428|322|806
56|429|322|807
56|430|322|808
56|431|322|809
56|432|322|810
56|433|322|811
56|433|323|812
56|434|323|813
56|435|323|814
56|436|323|815
56|437|323|816
56|438|323|817
56|439|323|818
56|440|323|819
56|441|323|820
57|441|323|821
57|442|323|822
58|442|323|823
58|443|323|824
59|443|323|825
59|444|323|826
59|444|324|827
59|445|324|828
60|445|324|829
60|446|324|830
60|446|325|831
60|447|325|832
60|448|325|833
60|449|325|834
60|450|325|835
60|451|325|836
60|452|325|837
60|453|325|838
60|454|325|839
60|455|325|840
60|455|326|841
60|456|326|842
60|456|327|843
60|457|327|844
60|457|328|845
60|458|328|846
60|458|329|847
60|459|329|848
60|459|330|849
60|460|330|850
60|460|331|851
60|461|331|852
60|461|332|853
60|462|332|854
61|462|332|855
61|463|332|856
61|463|333|857
61|464|333|858
61|465|333|859
61|466|333|860
61|467|333|861
61|468|333|862
61|468|334|863
61|469|334|864
61|469|335|865
61|470|335|866
61|470|336|867
61|471|336|868
61|472|336|869
61|473|336|870
61|473|337|871
61|474|337|872
61|474|338|873
61|475|338|874
62|475|338|875
62|476|338|876
62|477|338|877
62|478|338|878
63|478|338|879
63|479|338|880
63|479|339|881
63|480|339|882
63|481|339|883
63|482|339|884
64|482|339|885
64|483|339|886
65|483|339|887
65|484|339|888
65|485|339|889
65|486|339|890
65|486|340|891
65|487|340|892
65|488|340|893
65|489|340|894
65|490|340|895
65|491|340|896
65|491|341|897
65|492|341|898
65|493|341|899
65|494|341|900
66|494|341|901
66|495|341|902
66|496|341|903
66|497|341|904
67|497|341|905
67|498|341|906
67|499|341|907
67|500|341|908
67|500|342|909
67|501|342|910
68|501|342|911
68|502|342|912
68|503|342|913
68|504|342|914
68|505|342|915
68|506|342|916
68|507|342|917
68|508|342|918
68|509|342|919
68|510|342|920
68|511|342|921
68|512|342|922
68|513|342|923
68|514|342|924
69|514|342|925
69|515|342|926
69|515|343|927
69|516|343|928
70|516|343|929
70|517|343|930
70|518|343|931
70|518|344|932
70|519|344|933
70|519|345|934
70|520|345|935
70|520|346|936
70|521|346|937
70|521|347|938
70|521|348|939
70|522|348|940
70|523|348|941
70|524|348|942
70|525|348|943
70|526|348|944
70|526|349|945
70|527|349|946
70|528|349|947
70|529|349|948
70|530|349|949
70|530|350|950
70|531|350|951
70|531|351|952
71|531|351|953
71|532|351|954
71|533|351|955
71|534|351|956
71|535|351|957
71|535|352|958
71|536|352|959
71|537|352|960
71|538|352|961
71|539|352|962
71|540|352|963
71|541|352|964
71|541|353|965
71|542|353|966
71|542|354|967
71|542|355|968
71|542|356|969
71|542|357|970
72|542|357|971
72|543|357|972
72|543|358|973
72|544|358|974
72|544|359|975
72|545|359|976
72|546|359|977
72|546|360|978
73|546|360|979
73|547|360|980
73|548|360|981
73|548|361|982
73|549|361|983
73|549|362|984
73|549|363|985
73|550|363|986
73|550|364|987
73|551|364|988
73|552|364|989
73|552|365|990
73|552|366|991
73|553|366|992
73|554|366|993
73|555|366|994
73|555|367|995
73|556|367|996
73|556|368|997
73|556|369|998
73|556|370|999
73|557|370|1000
74|557|370|1001
74|558|370|1002
75|558|370|1003
75|559|370|1004
76|559|370|1005
76|560|370|1006
77|560|370|1007
77|560|371|1008
78|560|371|1009
78|561|371|1010
79|561|371|1011
79|562|371|1012
79|563|371|1013
79|563|372|1014
80|563|372|1015
80|564|372|1016
80|565|372|1017
80|566|372|1018
80|567|372|1019
80|567|373|1020
81|567|373|1021
81|568|373|1022
82|568|373|1023
82|569|373|1024
82|570|373|1025
82|570|374|1026
83|570|374|1027
83|571|374|1028
84|571|374|1029
84|572|374|1030
84|573|374|1031
84|574|374|1032
84|575|374|1033
84|576|374|1034
85|576|374|1035
85|577|374|1036
85|577|375|1037
85|577|376|1038
86|577|376|1039
86|577|377|1040
86|577|378|1041
86|577|379|1042
87|577|379|1043
87|577|380|1044
87|577|381|1045
87|577|382|1046
88|577|382|1047
88|577|383|1048
88|578|383|1049
88|578|384|1050
89|578|384|1051
89|578|385|1052
89|579|385|1053
89|579|386|1054
89|580|386|1055
89|580|387|1056
90|580|387|1057
90|580|388|1058
90|580|389|1059
90|580|390|1060
90|581|390|1061
90|581|391|1062
90|581|392|1063
90|581|393|1064
90|582|393|1065
90|582|394|1066
90|583|394|1067
90|583|395|1068
90|584|395|1069
90|584|396|1070
90|584|397|1071
90|584|398|1072
90|584|399|1073
90|584|400|1074
91|584|400|1075
91|585|400|1076
91|585|401|1077
91|585|402|1078
91|586|402|1079
91|586|403|1080
91|586|404|1081
91|586|405|1082
92|586|405|1083
92|586|406|1084
92|587|406|1085
92|587|407|1086
92|588|407|1087
92|588|408|1088
92|589|408|1089
92|589|409|1090
92|590|409|1091
92|590|410|1092
93|590|410|1093
93|590|411|1094
93|590|412|1095
93|590|413|1096
93|591|413|1097
93|591|414|1098
93|591|415|1099
93|591|416|1100
93|592|416|1101
93|592|417|1102
94|592|417|1103
94|592|418|1104
94|592|419|1105
94|593|419|1106
94|593|420|1107
94|593|421|1108
95|593|421|1109
95|594|421|1110
96|594|421|1111
96|595|421|1112
97|595|421|1113
97|595|422|1114
97|596|422|1115
97|596|423|1116
97|597|423|1117
97|597|424|1118
97|598|424|1119
97|599|424|1120
97|600|424|1121
97|600|425|1122
98|600|425|1123
98|601|425|1124
98|602|425|1125
98|602|426|1126
98|603|426|1127
98|603|427|1128
99|603|427|1129
99|603|428|1130
99|604|428|1131
99|605|428|1132
99|606|428|1133
99|606|429|1134
99|607|429|1135
99|607|430|1136
99|608|430|1137
99|609|430|1138
100|609|430|1139
100|610|430|1140
100|611|430|1141
100|612|430|1142
101|612|430|1143
101|613|430|1144
101|613|431|1145
101|614|431|1146
101|614|432|1147
101|615|432|1148
101|615|433|1149
101|616|433|1150
101|616|434|1151
101|617|434|1152
101|617|435|1153
101|618|435|1154
101|618|436|1155
101|619|436|1156
101|619|437|1157
101|620|437|1158
101|620|438|1159
101|621|438|1160
101|621|439|1161
101|622|439|1162
101|622|440|1163
101|623|440|1164
101|623|441|1165
101|624|441|1166
101|624|442|1167
101|625|442|1168
101|625|443|1169
101|626|443|1170
101|626|444|1171
101|627|444|1172
101|627|445|1173
101|628|445|1174
101|628|446|1175
101|629|446|1176
101|629|447|1177
101|630|447|1178
101|630|448|1179
101|631|448|1180
102|631|448|1181
102|632|448|1182
103|632|448|1183
103|633|448|1184
104|633|448|1185
104|633|449|1186
105|633|449|1187
105|633|450|1188
105|634|450|1189
105|635|450|1190
106|635|450|1191
106|636|450|1192
106|637|450|1193
106|637|451|1194
106|638|451|1195
106|639|451|1196
106|640|451|1197
106|640|452|1198
106|641|452|1199
106|641|453|1200
107|641|453|1201
107|642|453|1202
108|642|453|1203
108|643|453|1204
108|644|453|1205
108|644|454|1206
109|644|454|1207
109|645|454|1208
109|646|454|1209
109|647|454|1210
109|647|455|1211
109|648|455|1212
109|649|455|1213
109|650|455|1214
110|650|455|1215
110|651|455|1216
110|652|455|1217
110|652|456|1218
110|653|456|1219
110|653|457|1220
110|654|457|1221
110|654|458|1222
110|655|458|1223
110|655|459|1224
110|656|459|1225
110|656|460|1226
110|657|460|1227
110|657|461|1228
110|658|461|1229
110|658|462|1230
110|659|462|1231
110|659|463|1232
110|660|463|1233
110|660|464|1234
110|661|464|1235
110|661|465|1236
110|662|465|1237
110|662|466|1238
110|663|466|1239
110|663|467|1240
110|664|467|1241
110|664|468|1242
110|665|468|1243
110|665|469|1244
110|666|469|1245
110|666|470|1246
110|667|470|1247
110|667|471|1248
110|668|471|1249
110|668|472|1250
110|669|472|1251
110|669|473|1252
111|669|473|1253
111|669|474|1254
111|670|474|1255
111|671|474|1256
111|672|474|1257
111|672|475|1258
112|672|475|1259
112|672|476|1260
113|672|476|1261
113|673|476|1262
114|673|476|1263
114|674|476|1264
114|675|476|1265
114|676|476|1266
114|677|476|1267
114|677|477|1268
114|678|477|1269
114|678|478|1270
114|679|478|1271
114|679|479|1272
115|679|479|1273
115|680|479|1274
116|680|479|1275
116|681|479|1276
116|682|479|1277
116|682|480|1278
116|683|480|1279
116|684|480|1280
117|684|480|1281
117|684|481|1282
118|684|481|1283
118|685|481|1284
119|685|481|1285
119|686|481|1286
119|687|481|1287
119|688|481|1288
119|689|481|1289
119|689|482|1290
119|690|482|1291
119|690|483|1292
119|691|483|1293
119|691|484|1294
119|692|484|1295
119|692|485|1296
119|693|485|1297
119|693|486|1298
119|694|486|1299
119|694|487|1300
119|695|487|1301
119|695|488|1302
119|696|488|1303
119|696|489|1304
119|697|489|1305
119|697|490|1306
119|698|490|1307
119|698|491|1308
119|699|491|1309
119|699|492|1310
119|700|492|1311
119|700|493|1312
119|701|493|1313
119|701|494|1314
119|702|494|1315
119|702|495|1316
119|703|495|1317
119|703|496|1318
119|704|496|1319
119|704|497|1320
119|705|497|1321
119|705|498|1322
119|706|498|1323
119|706|499|1324
119|707|499|1325
119|707|500|1326
119|708|500|1327
119|708|501|1328
119|709|501|1329
119|709|502|1330
119|710|502|1331
119|710|503|1332
119|711|503|1333
119|711|504|1334
119|712|504|1335
119|712|505|1336
119|713|505|1337
119|713|506|1338
119|714|506|1339
119|714|507|1340
119|715|507|1341
119|715|508|1342
119|716|508|1343
119|716|509|1344
119|717|509|1345
119|717|510|1346
119|718|510|1347
119|718|511|1348
119|719|511|1349
119|719|512|1350
119|720|512|1351
119|720|513|1352
119|721|513|1353
119|721|514|1354
119|722|514|1355
119|722|515|1356
119|723|515|1357
119|723|516|1358
119|724|516|1359
119|724|517|1360
120|724|517|1361
120|725|517|1362
121|725|517|1363
121|726|517|1364
122|726|517|1365
122|726|518|1366
123|726|518|1367
123|726|519|1368
124|726|519|1369
124|727|519|1370
125|727|519|1371
125|728|519|1372
126|728|519|1373
126|728|520|1374
126|729|520|1375
126|729|521|1376
126|730|521|1377
126|731|521|1378
126|732|521|1379
126|732|522|1380
126|733|522|1381
126|733|523|1382
127|733|523|1383
127|734|523|1384
127|735|523|1385
127|735|524|1386
128|735|524|1387
128|736|524|1388
129|736|524|1389
129|737|524|1390
129|738|524|1391
129|739|524|1392
130|739|524|1393
130|740|524|1394
130|741|524|1395
130|741|525|1396
130|741|526|1397
130|742|526|1398
130|742|527|1399
130|743|527|1400
130|743|528|1401
130|743|529|1402
130|743|530|1403
130|743|531|1404
130|744|531|1405
130|744|532|1406
130|744|533|1407
130|745|533|1408
130|745|534|1409
130|746|534|1410
130|746|535|1411
130|746|536|1412
131|746|536|1413
131|747|536|1414
131|748|536|1415
131|748|537|1416
131|748|538|1417
131|748|539|1418
131|748|540|1419
131|749|540|1420
131|750|540|1421
131|750|541|1422
131|750|542|1423
131|751|542|1424
131|751|543|1425
131|752|543|1426
131|752|544|1427
131|753|544|1428
131|753|545|1429
131|753|546|1430
131|753|547|1431
131|754|547|1432
131|755|547|1433
131|755|548|1434
131|756|548|1435
131|756|549|1436
131|757|549|1437
131|757|550|1438
131|758|550|1439
131|758|551|1440
131|759|551|1441
131|759|552|1442
131|760|552|1443
131|760|553|1444
131|761|553|1445
131|761|554|1446
131|762|554|1447
131|762|555|1448
131|763|555|1449
131|763|556|1450
131|764|556|1451
131|764|557|1452
131|765|557|1453
131|765|558|1454
131|766|558|1455
131|766|559|1456
131|767|559|1457
131|767|560|1458
131|768|560|1459
131|768|561|1460
131|769|561|1461
131|769|562|1462
131|770|562|1463
131|770|563|1464
131|771|563|1465
131|771|564|1466
131|772|564|1467
131|772|565|1468
131|772|566|1469
131|773|566|1470
131|773|567|1471
131|774|567|1472
131|774|568|1473
131|774|569|1474
131|774|570|1475
131|774|571|1476
131|775|571|1477
131|776|571|1478
131|776|572|1479
131|777|572|1480
131|777|573|1481
131|778|573|1482
131|779|573|1483
131|779|574|1484
131|780|574|1485
131|780|575|1486
131|781|575|1487
131|781|576|1488
131|782|576|1489
131|782|577|1490
131|782|578|1491
131|783|578|1492
131|783|579|1493
131|784|579|1494
131|785|579|1495
131|785|580|1496
131|785|581|1497
131|786|581|1498
131|787|581|1499
131|788|581|1500
131|788|582|1501
131|789|582|1502
131|789|583|1503
131|789|584|1504
131|789|585|1505
131|790|585|1506
131|790|586|1507
131|791|586|1508
131|791|587|1509
131|792|587|1510
132|792|587|1511
132|793|587|1512
132|793|588|1513
132|794|588|1514
133|794|588|1515
133|795|588|1516
133|795|589|1517
133|796|589|1518
133|796|590|1519
133|797|590|1520
133|797|591|1521
133|798|591|1522
133|799|591|1523
133|800|591|1524
133|801|591|1525
133|802|591|1526
133|802|592|1527
133|803|592|1528
133|803|593|1529
133|804|593|1530
133|804|594|1531
133|805|594|1532
133|806|594|1533
133|807|594|1534
133|808|594|1535
133|809|594|1536
133|809|595|1537
133|810|595|1538
134|810|595|1539
134|811|595|1540
134|811|596|1541
134|812|596|1542
134|813|596|1543
134|814|596|1544
134|814|597|1545
134|815|597|1546
134|815|598|1547
134|816|598|1548
134|817|598|1549
134|818|598|1550
134|818|599|1551
134|819|599|1552
135|819|599|1553
135|820|599|1554
136|820|599|1555
136|821|599|1556
136|822|599|1557
136|823|599|1558
137|823|599|1559
137|824|599|1560
137|824|600|1561
137|825|600|1562
137|825|601|1563
137|826|601|1564
137|826|602|1565
137|827|602|1566
137|827|603|1567
137|828|603|1568
137|828|604|1569
137|829|604|1570
137|829|605|1571
137|830|605|1572
138|830|605|1573
138|831|605|1574
138|832|605|1575
138|833|605|1576
138|833|606|1577
138|834|606|1578
139|834|606|1579
139|835|606|1580
139|835|607|1581
139|836|607|1582
139|837|607|1583
139|838|607|1584
139|839|607|1585
139|840|607|1586
139|841|607|1587
139|842|607|1588
139|843|607|1589
139|844|607|1590
139|845|607|1591
139|846|607|1592
139|847|607|1593
139|848|607|1594
139|849|607|1595
139|850|607|1596
139|850|608|1597
139|851|608|1598
139|852|608|1599
139|853|608|1600
139|853|609|1601
139|854|609|1602
139|855|609|1603
139|856|609|1604
139|856|610|1605
139|857|610|1606
139|858|610|1607
139|859|610|1608
139|860|610|1609
139|861|610|1610
139|861|611|1611
139|862|611|1612
139|862|612|1613
139|863|612|1614
140|863|612|1615
140|864|612|1616
140|864|613|1617
140|864|614|1618
140|864|615|1619
140|864|616|1620
140|864|617|1621
140|865|617|1622
140|866|617|1623
140|867|617|1624
140|868|617|1625
140|868|618|1626
140|869|618|1627
140|869|619|1628
140|870|619|1629
140|871|619|1630
140|872|619|1631
140|872|620|1632
140|873|620|1633
140|873|621|1634
140|874|621|1635
140|874|622|1636
140|874|623|1637
140|874|624|1638
140|875|624|1639
140|875|625|1640
140|875|626|1641
140|875|627|1642
140|875|628|1643
140|876|628|1644
140|876|629|1645
140|877|629|1646
140|878|629|1647
140|879|629|1648
140|880|629|1649
140|880|630|1650
140|881|630|1651
140|881|631|1652
140|882|631|1653
140|882|632|1654
140|883|632|1655
140|883|633|1656
140|883|634|1657
140|884|634|1658
140|885|634|1659
140|885|635|1660
140|886|635|1661
140|886|636|1662
140|887|636|1663
140|887|637|1664
140|887|638|1665
140|888|638|1666
140|889|638|1667
140|889|639|1668
140|890|639|1669
140|890|640|1670
140|891|640|1671
140|891|641|1672
140|892|641|1673
140|892|642|1674
140|893|642|1675
140|893|643|1676
140|894|643|1677
140|895|643|1678
140|895|644|1679
140|896|644|1680
140|896|645|1681
140|897|645|1682
140|898|645|1683
140|899|645|1684
140|900|645|1685
140|901|645|1686
140|902|645|1687
140|903|645|1688
140|904|645|1689
140|905|645|1690
140|906|645|1691
140|906|646|1692
141|906|646|1693
141|907|646|1694
141|908|646|1695
141|908|647|1696
141|909|647|1697
141|909|648|1698
141|910|648|1699
141|910|649|1700
142|910|649|1701
142|911|649|1702
142|912|649|1703
142|912|650|1704
142|913|650|1705
142|914|650|1706
142|915|650|1707
142|916|650|1708
142|917|650|1709
142|917|651|1710
142|918|651|1711
142|919|651|1712
143|919|651|1713
143|920|651|1714
144|920|651|1715
144|921|651|1716
145|921|651|1717
145|921|652|1718
145|922|652|1719
145|922|653|1720
145|923|653|1721
145|923|654|1722
145|924|654|1723
145|924|655|1724
145|925|655|1725
145|925|656|1726
145|926|656|1727
145|926|657|1728
145|926|658|1729
145|926|659|1730
145|927|659|1731
145|927|660|1732
145|928|660|1733
145|928|661|1734
145|929|661|1735
145|929|662|1736
145|929|663|1737
145|929|664|1738
145|930|664|1739
145|930|665|1740
145|931|665|1741
145|931|666|1742
145|932|666|1743
145|932|667|1744
145|933|667|1745
145|933|668|1746
145|934|668|1747
145|934|669|1748
145|935|669|1749
145|935|670|1750
145|936|670|1751
145|936|671|1752
145|937|671|1753
145|937|672|1754
145|938|672|1755
145|938|673|1756
145|939|673|1757
145|939|674|1758
145|940|674|1759
145|941|674|1760
145|942|674|1761
145|942|675|1762
145|943|675|1763
145|943|676|1764
145|943|677|1765
145|943|678|1766
145|944|678|1767
145|944|679|1768
145|945|679|1769
145|945|680|1770
145|946|680|1771
145|946|681|1772
145|946|682|1773
145|946|683|1774
145|947|683|1775
145|947|684|1776
145|948|684|1777
145|948|685|1778
145|949|685|1779
145|949|686|1780
145|950|686|1781
145|950|687|1782
145|951|687|1783
145|951|688|1784
146|951|688|1785
146|952|688|1786
146|953|688|1787
146|953|689|1788
146|954|689|1789
146|955|689|1790
146|956|689|1791
146|956|690|1792
146|957|690|1793
146|957|691|1794
146|958|691|1795
146|958|692|1796
146|959|692|1797
146|959|693|1798
146|960|693|1799
146|960|694|1800
146|961|694|1801
146|961|695|1802
146|962|695|1803
146|962|696|1804
146|963|696|1805
146|963|697|1806
146|964|697|1807
146|964|698|1808
146|965|698|1809
146|965|699|1810
146|966|699|1811
146|966|700|1812
146|967|700|1813
146|967|701|1814
146|968|701|1815
146|968|702|1816
146|969|702|1817
146|969|703|1818
146|970|703|1819
146|970|704|1820
147|970|704|1821
147|971|704|1822
148|971|704|1823
148|972|704|1824
149|972|704|1825
149|972|705|1826
149|973|705|1827
149|973|706|1828
149|973|707|1829
149|974|707|1830
149|974|708|1831
149|975|708|1832
149|975|709|1833
149|976|709|1834
149|976|710|1835
149|977|710|1836
149|977|711|1837
149|978|711|1838
149|978|712|1839
149|979|712|1840
149|979|713|1841
149|980|713|1842
149|980|714|1843
149|981|714|1844
149|981|715|1845
149|982|715|1846
149|982|716|1847
149|983|716|1848
149|983|717|1849
149|984|717|1850
149|984|718|1851
149|985|718|1852
149|985|719|1853
149|986|719|1854
149|986|720|1855
149|987|720|1856
149|987|721|1857
149|988|721|1858
149|988|722|1859
149|989|722|1860
149|989|723|1861
149|990|723|1862
149|990|724|1863
149|991|724|1864
149|992|724|1865
149|992|725|1866
149|993|725|1867
149|993|726|1868
149|994|726|1869
149|994|727|1870
149|995|727|1871
149|995|728|1872
149|996|728|1873
149|996|729|1874
150|996|729|1875
150|996|730|1876
150|997|730|1877
150|997|731|1878
150|998|731|1879
150|998|732|1880
151|998|732|1881
151|998|733|1882
151|999|733|1883
151|999|734|1884
151|1000|734|1885
151|1000|735|1886
151|1001|735|1887
151|1001|736|1888
151|1002|736|1889
151|1002|737|1890
151|1003|737|1891
151|1003|738|1892
152|1003|738|1893
152|1004|738|1894
152|1004|739|1895
152|1005|739|1896
153|1005|739|1897
153|1005|740|1898
153|1006|740|1899
153|1006|741|1900
153|1007|741|1901
153|1007|742|1902
153|1008|742|1903
153|1008|743|1904
153|1009|743|1905
153|1009|744|1906
153|1010|744|1907
153|1010|745|1908
153|1011|745|1909
153|1011|746|1910
153|1012|746|1911
153|1012|747|1912
153|1013|747|1913
153|1013|748|1914
153|1014|748|1915
153|1014|749|1916
153|1015|749|1917
153|1015|750|1918
153|1016|750|1919
153|1016|751|1920
153|1017|751|1921
153|1017|752|1922
153|1018|752|1923
153|1018|753|1924
153|1019|753|1925
153|1019|754|1926
153|1020|754|1927
153|1020|755|1928
153|1021|755|1929
153|1021|756|1930
153|1022|756|1931
153|1022|757|1932
153|1023|757|1933
153|1023|758|1934
153|1024|758|1935
153|1024|759|1936
153|1025|759|1937
153|1025|760|1938
153|1026|760|1939
153|1026|761|1940
153|1027|761|1941
153|1027|762|1942
153|1028|762|1943
153|1028|763|1944
153|1029|763|1945
153|1029|764|1946
153|1030|764|1947
153|1030|765|1948
153|1031|765|1949
153|1031|766|1950
153|1032|766|1951
153|1032|767|1952
153|1033|767|1953
153|1033|768|1954
153|1034|768|1955
153|1034|769|1956
153|1035|769|1957
153|1035|770|1958
153|1036|770|1959
153|1036|771|1960
153|1037|771|1961
153|1037|772|1962
153|1038|772|1963
153|1038|773|1964
153|1039|773|1965
153|1040|773|1966
154|1040|773|1967
154|1041|773|1968
155|1041|773|1969
155|1041|774|1970
155|1042|774|1971
155|1042|775|1972
155|1042|776|1973
155|1043|776|1974
155|1043|777|1975
155|1044|777|1976
155|1044|778|1977
155|1045|778|1978
155|1045|779|1979
155|1046|779|1980
155|1046|780|1981
155|1047|780|1982
155|1047|781|1983
155|1048|781|1984
155|1048|782|1985
155|1049|782|1986
155|1049|783|1987
155|1050|783|1988
155|1050|784|1989
155|1051|784|1990
155|1051|785|1991
155|1052|785|1992
155|1052|786|1993
155|1053|786|1994
155|1053|787|1995
155|1054|787|1996
155|1054|788|1997
155|1055|788|1998
155|1055|789|1999
155|1056|789|2000
