total
0|1|0|1
0|2|0|2
0|3|0|3
1|3|0|4
1|3|1|5
2|3|1|6
2|3|2|7
2|4|2|8
2|5|2|9
3|5|2|10
3|5|3|11
3|6|3|12
3|6|4|13
4|6|4|14
4|6|5|15
4|7|5|16
4|7|6|17
4|8|6|18
4|8|7|19
5|8|7|20
5|9|7|21
6|9|7|22
6|10|7|23
7|10|7|24
7|11|7|25
8|11|7|26
8|11|8|27
8|12|8|28
8|12|9|29
8|12|10|30
8|12|11|31
8|12|12|32
8|12|13|33
8|12|14|34
8|12|15|35
8|12|16|36
8|12|17|37
8|13|17|38
8|14|17|39
8|14|18|40
8|14|19|41
8|14|20|42
8|14|21|43
8|15|21|44
8|16|21|45
8|16|22|46
8|16|23|47
8|17|23|48
8|17|24|49
8|17|25|50
8|17|26|51
8|17|27|52
8|17|28|53
8|18|28|54
8|18|29|55
8|18|30|56
8|19|30|57
8|19|31|58
8|20|31|59
8|20|32|60
8|21|32|61
8|21|33|62
8|21|34|63
8|21|35|64
8|21|36|65
8|22|36|66
8|22|37|67
8|23|37|68
8|23|38|69
8|24|38|70
8|24|39|71
8|25|39|72
8|25|40|73
8|26|40|74
8|26|41|75
8|27|41|76
8|27|42|77
8|28|42|78
8|28|43|79
8|29|43|80
8|29|44|81
8|30|44|82
8|30|45|83
8|31|45|84
8|31|46|85
8|32|46|86
8|32|47|87
8|33|47|88
8|33|48|89
8|34|48|90
8|34|49|91
8|35|49|92
8|35|50|93
8|36|50|94
8|36|51|95
8|37|51|96
8|37|52|97
8|38|52|98
8|38|53|99
8|39|53|100
8|39|54|101
8|39|55|102
8|39|56|103
8|40|56|104
8|40|57|105
8|40|58|106
8|40|59|107
8|41|59|108
8|41|60|109
8|42|60|110
8|43|60|111
8|43|61|112
8|43|62|113
8|44|62|114
8|44|63|115
8|45|63|116
8|46|63|117
8|46|64|118
8|46|65|119
8|47|65|120
8|47|66|121
8|48|66|122
8|48|67|123
8|49|67|124
8|49|68|125
8|49|69|126
8|49|70|127
8|50|70|128
8|51|70|129
8|52|70|130
8|53|70|131
8|53|71|132
8|54|71|133
8|54|72|134
8|54|73|135
8|55|73|136
8|56|73|137
9|56|73|138
9|57|73|139
10|57|73|140
10|58|73|141
11|58|73|142
11|59|73|143
12|59|73|144
12|60|73|145
13|60|73|146
13|61|73|147
14|61|73|148
14|62|73|149
15|62|73|150
15|63|73|151
16|63|73|152
16|64|73|153
17|64|73|154
17|65|73|155
18|65|73|156
18|66|73|157
18|66|74|158
18|67|74|159
19|67|74|160
19|68|74|161
19|68|75|162
19|69|75|163
20|69|75|164
20|70|75|165
21|70|75|166
21|71|75|167
22|71|75|168
22|72|75|169
22|72|76|170
22|73|76|171
23|73|76|172
23|74|76|173
23|74|77|174
23|75|77|175
23|75|78|176
23|76|78|177
23|76|79|178
23|77|79|179
23|77|80|180
23|78|80|181
23|78|81|182
23|79|81|183
23|79|82|184
23|80|82|185
23|80|83|186
23|81|83|187
23|81|84|188
23|82|84|189
23|82|85|190
23|83|85|191
23|83|86|192
23|84|86|193
23|84|87|194
23|85|87|195
23|85|88|196
23|86|88|197
23|86|89|198
23|87|89|199
23|87|90|200
23|88|90|201
23|88|91|202
23|89|91|203
23|89|92|204
23|90|92|205
23|90|93|206
23|91|93|207
23|91|94|208
23|92|94|209
23|92|95|210
23|93|95|211
23|94|95|212
23|95|95|213
23|95|96|214
23|96|96|215
23|96|97|216
23|97|97|217
23|98|97|218
23|99|97|219
23|100|97|220
23|101|97|221
23|102|97|222
23|103|97|223
24|103|97|224
24|104|97|225
24|104|98|226
24|105|98|227
24|106|98|228
24|107|98|229
24|107|99|230
24|108|99|231
24|109|99|232
24|110|99|233
24|110|100|234
24|111|100|235
24|111|101|236
24|112|101|237
24|113|101|238
24|114|101|239
24|114|102|240
24|115|102|241
25|115|102|242
25|116|102|243
25|116|103|244
25|117|103|245
25|117|104|246
25|118|104|247
26|118|104|248
26|118|105|249
26|118|106|250
26|118|107|251
26|118|108|252
26|118|109|253
26|119|109|254
26|120|109|255
26|120|110|256
26|120|111|257
27|120|111|258
27|120|112|259
27|121|112|260
27|121|113|261
27|121|114|262
27|121|115|263
27|121|116|264
27|121|117|265
27|122|117|266
27|122|118|267
27|123|118|268
27|123|119|269
27|124|119|270
27|125|119|271
27|126|119|272
27|126|120|273
27|126|121|274
27|127|121|275
27|127|122|276
27|128|122|277
28|128|122|278
28|129|122|279
28|129|123|280
28|129|124|281
29|129|124|282
29|129|125|283
29|130|125|284
29|130|126|285
29|131|126|286
29|132|126|287
29|133|126|288
29|134|126|289
29|134|127|290
29|135|127|291
29|136|127|292
29|136|128|293
29|136|129|294
29|137|129|295
29|137|130|296
29|137|131|297
29|138|131|298
29|138|132|299
29|138|133|300
29|139|133|301
30|139|133|302
30|140|133|303
30|141|133|304
30|141|134|305
30|142|134|306
30|143|134|307
30|144|134|308
30|145|134|309
30|145|135|310
30|146|135|311
30|146|136|312
30|147|136|313
30|147|137|314
30|148|137|315
30|149|137|316
30|150|137|317
30|151|137|318
30|151|138|319
30|152|138|320
30|152|139|321
31|152|139|322
31|153|139|323
32|153|139|324
32|154|139|325
33|154|139|326
33|155|139|327
33|156|139|328
33|156|140|329
34|156|140|330
34|157|140|331
35|157|140|332
35|158|140|333
35|159|140|334
35|159|141|335
35|160|141|336
35|161|141|337
36|161|141|338
36|161|142|339
37|161|142|340
37|161|143|341
37|162|143|342
37|163|143|343
37|164|143|344
37|165|143|345
38|165|143|346
38|166|143|347
39|166|143|348
39|167|143|349
40|167|143|350
40|168|143|351
41|168|143|352
41|168|144|353
41|169|144|354
41|169|145|355
41|170|145|356
41|170|146|357
41|171|146|358
41|171|147|359
42|171|147|360
42|171|148|361
42|171|149|362
42|171|150|363
42|172|150|364
42|172|151|365
42|173|151|366
42|173|152|367
42|173|153|368
42|173|154|369
42|174|154|370
42|174|155|371
42|175|155|372
42|175|156|373
42|176|156|374
42|176|157|375
42|177|157|376
42|177|158|377
42|178|158|378
42|178|159|379
42|179|159|380
43|179|159|381
43|180|159|382
43|180|160|383
43|181|160|384
43|181|161|385
43|181|162|386
43|181|163|387
43|182|163|388
43|182|164|389
43|183|164|390
43|183|165|391
43|184|165|392
43|184|166|393
43|185|166|394
43|185|167|395
43|186|167|396
43|186|168|397
43|186|169|398
43|186|170|399
43|187|170|400
43|187|171|401
43|188|171|402
43|188|172|403
43|188|173|404
43|188|174|405
43|189|174|406
43|189|175|407
43|190|175|408
43|190|176|409
43|191|176|410
43|191|177|411
44|191|177|412
44|191|178|413
44|192|178|414
44|192|179|415
44|193|179|416
44|193|180|417
44|194|180|418
44|194|181|419
44|195|181|420
44|195|182|421
44|196|182|422
44|196|183|423
45|196|183|424
45|197|183|425
46|197|183|426
46|198|183|427
47|198|183|428
47|198|184|429
48|198|184|430
48|198|185|431
48|199|185|432
48|200|185|433
48|201|185|434
48|202|185|435
48|203|185|436
48|203|186|437
48|204|186|438
48|205|186|439
49|205|186|440
49|205|187|441
49|206|187|442
49|206|188|443
49|207|188|444
49|208|188|445
50|208|188|446
50|208|189|447
51|208|189|448
51|208|190|449
51|209|190|450
51|209|191|451
51|210|191|452
51|211|191|453
52|211|191|454
52|212|191|455
52|213|191|456
52|213|192|457
52|214|192|458
52|215|192|459
53|215|192|460
53|216|192|461
53|216|193|462
53|217|193|463
53|217|194|464
53|218|194|465
53|218|195|466
53|219|195|467
53|219|196|468
53|220|196|469
53|220|197|470
53|221|197|471
53|221|198|472
53|222|198|473
53|222|199|474
53|223|199|475
53|223|200|476
53|224|200|477
53|224|201|478
53|225|201|479
53|225|202|480
53|226|202|481
53|226|203|482
53|227|203|483
53|227|204|484
53|228|204|485
53|228|205|486
53|229|205|487
53|229|206|488
53|230|207|490
53|230|208|491
53|231|208|492
53|231|209|493
53|232|209|494
53|232|210|495
53|233|210|496
53|234|210|497
53|234|211|498
53|235|211|499
53|236|211|500
53|237|211|501
53|237|212|502
53|238|212|503
53|238|213|504
53|239|213|505
53|240|213|506
54|240|213|507
54|241|213|508
55|241|213|509
55|241|214|510
56|241|214|511
56|242|214|512
56|243|214|513
56|243|215|514
57|243|215|515
57|243|216|516
57|244|216|517
57|245|216|518
57|246|216|519
57|247|216|520
57|248|216|521
57|248|217|522
57|249|217|523
57|250|217|524
57|251|217|525
57|251|218|526
58|251|218|527
58|252|218|528
59|252|218|529
59|253|218|530
59|254|218|531
59|255|218|532
59|255|219|533
59|255|220|534
59|256|220|535
59|256|221|536
59|257|221|537
59|257|222|538
59|258|222|539
59|258|223|540
59|259|223|541
59|259|224|542
59|259|225|543
59|259|226|544
59|260|226|545
59|260|227|546
59|260|228|547
59|260|229|548
59|260|230|549
59|260|231|550
59|261|231|551
59|261|232|552
59|262|232|553
59|262|233|554
59|262|234|555
59|262|235|556
59|263|235|557
59|263|236|558
59|264|236|559
59|264|237|560
59|264|238|561
59|264|239|562
59|264|240|563
59|264|241|564
59|264|242|565
59|264|243|566
59|264|244|567
59|264|245|568
59|264|246|569
59|265|246|570
59|265|247|571
59|266|247|572
59|266|248|573
59|267|248|574
59|267|249|575
59|268|249|576
59|268|250|577
59|269|250|578
59|269|251|579
59|270|251|580
59|270|252|581
59|271|252|582
59|271|253|583
59|272|253|584
59|272|254|585
59|273|254|586
59|273|255|587
59|274|255|588
59|274|256|589
59|275|256|590
59|275|257|591
59|276|257|592
59|276|258|593
59|277|258|594
59|277|259|595
59|278|259|596
59|278|260|597
59|279|260|598
59|279|261|599
59|280|261|600
59|280|262|601
59|281|262|602
59|281|263|603
59|282|263|604
59|283|263|605
59|283|264|606
59|284|264|607
59|284|265|608
59|285|265|609
59|285|266|610
59|286|266|611
59|286|267|612
59|287|267|613
59|287|268|614
59|288|268|615
59|288|269|616
59|289|269|617
59|289|270|618
59|290|270|619
59|290|271|620
59|291|271|621
59|291|272|622
59|292|272|623
59|292|273|624
59|293|273|625
59|293|274|626
59|294|274|627
59|294|275|628
59|295|275|629
59|295|276|630
59|296|276|631
59|296|277|632
59|297|277|633
59|297|278|634
59|298|278|635
59|298|279|636
59|299|279|637
59|299|280|638
59|300|280|639
59|300|281|640
59|300|282|641
59|300|283|642
59|301|283|643
59|301|284|644
59|302|284|645
59|302|285|646
59|303|285|647
59|303|286|648
59|304|286|649
59|304|287|650
59|304|288|651
59|304|289|652
59|305|289|653
59|305|290|654
59|306|290|655
59|306|291|656
59|306|292|657
59|306|293|658
59|307|293|659
59|307|294|660
59|308|294|661
59|308|295|662
59|308|296|663
59|308|297|664
59|309|297|665
59|309|298|666
59|309|299|667
59|309|300|668
59|309|301|669
59|309|302|670
59|309|303|671
59|309|304|672
59|310|304|673
59|310|305|674
59|310|306|675
59|310|307|676
60|310|307|677
60|311|307|678
60|312|307|679
60|313|307|680
61|313|307|681
61|313|308|682
61|314|308|683
61|314|309|684
62|314|309|685
62|314|310|686
63|314|310|687
63|315|310|688
63|316|310|689
63|317|310|690
63|318|310|691
63|318|311|692
64|318|311|693
64|319|311|694
64|320|311|695
64|320|312|696
65|320|312|697
65|320|313|698
66|320|313|699
66|321|313|700
66|322|313|701
66|322|314|702
66|323|314|703
66|324|314|704
67|324|314|705
67|325|314|706
68|325|314|707
68|326|314|708
69|326|314|709
69|327|314|710
69|328|314|711
69|329|314|712
70|329|314|713
70|330|314|714
71|330|314|715
71|331|314|716
72|331|314|717
72|331|315|718
72|332|315|719
72|332|316|720
73|332|316|721
73|332|317|722
73|332|318|723
73|333|318|724
73|334|318|725
73|335|318|726
73|335|319|727
73|335|320|728
73|335|321|729
73|336|321|730
73|337|321|731
73|337|322|732
73|337|323|733
73|337|324|734
74|337|324|735
74|338|324|736
74|339|324|737
74|339|325|738
74|340|325|739
74|341|325|740
74|341|326|741
74|342|326|742
74|342|327|743
74|343|327|744
74|343|328|745
74|344|328|746
74|344|329|747
74|345|329|748
74|346|329|749
74|346|330|750
74|347|330|751
74|347|331|752
74|348|331|753
74|348|332|754
74|349|332|755
74|349|333|756
74|350|333|757
74|350|334|758
74|351|334|759
74|351|335|760
74|352|335|761
74|352|336|762
74|353|336|763
74|353|337|764
74|354|337|765
74|354|338|766
74|355|338|767
74|355|339|768
74|356|339|769
74|356|340|770
74|357|340|771
74|357|341|772
74|358|341|773
74|358|342|774
74|359|342|775
74|359|343|776
74|360|343|777
74|360|344|778
74|361|344|779
74|361|345|780
74|362|345|781
74|362|346|782
74|363|346|783
74|363|347|784
74|364|347|785
74|364|348|786
74|365|348|787
74|366|348|788
74|367|348|789
74|367|349|790
74|368|349|791
74|368|350|792
74|369|350|793
74|370|350|794
74|370|351|795
74|371|351|796
74|372|351|797
74|372|352|798
74|373|352|799
74|373|353|800
74|373|354|801
74|374|354|802
74|375|354|803
74|375|355|804
74|376|355|805
74|376|356|806
74|377|356|807
74|377|357|808
74|378|357|809
74|379|357|810
74|380|357|811
74|380|358|812
74|380|359|813
74|381|359|814
74|381|360|815
74|382|360|816
74|382|361|817
74|383|361|818
74|383|362|819
74|384|362|820
74|384|363|821
74|385|363|822
74|385|364|823
74|386|364|824
75|386|364|825
75|387|364|826
76|387|364|827
76|388|364|828
77|388|364|829
77|389|364|830
78|389|364|831
78|390|364|832
79|390|364|833
79|391|364|834
79|391|365|835
79|392|365|836
80|392|365|837
80|393|365|838
80|393|366|839
80|394|366|840
81|394|366|841
81|395|366|842
82|395|366|843
82|396|366|844
82|396|367|845
82|397|367|846
83|397|367|847
83|398|367|848
83|398|368|849
83|399|368|850
84|399|368|851
84|400|368|852
85|400|368|853
85|401|368|854
86|401|368|855
86|402|368|856
86|402|369|857
86|403|369|858
86|403|370|859
86|404|370|860
86|404|371|861
86|405|371|862
86|405|372|863
86|406|372|864
86|406|373|865
86|407|373|866
86|407|374|867
86|408|374|868
86|408|375|869
86|409|375|870
86|409|376|871
86|410|376|872
86|410|377|873
86|411|377|874
86|411|378|875
86|412|378|876
86|412|379|877
86|413|379|878
86|413|380|879
86|414|380|880
86|414|381|881
86|415|381|882
86|415|382|883
86|416|382|884
86|416|383|885
86|417|383|886
86|417|384|887
86|418|384|888
86|418|385|889
86|419|385|890
86|419|386|891
86|420|386|892
86|420|387|893
86|421|387|894
87|421|387|895
87|422|387|896
87|423|387|897
87|424|387|898
88|424|387|899
88|425|387|900
89|425|387|901
89|426|387|902
89|426|388|903
89|427|388|904
90|427|388|905
90|428|388|906
90|429|388|907
90|430|388|908
90|431|388|909
90|432|388|910
90|433|388|911
90|434|388|912
90|435|388|913
90|436|388|914
90|437|388|915
90|438|388|916
90|439|388|917
90|440|388|918
90|441|388|919
90|442|388|920
90|442|389|921
90|443|389|922
90|443|390|923
90|444|390|924
91|444|390|925
91|445|390|926
91|445|391|927
91|446|391|928
91|446|392|929
91|447|392|930
92|447|392|931
92|448|392|932
92|449|392|933
92|449|393|934
93|449|393|935
93|449|394|936
94|449|394|937
94|450|394|938
94|450|395|939
94|451|395|940
94|452|395|941
94|452|396|942
94|453|396|943
94|453|397|944
94|453|398|945
94|453|399|946
94|453|400|947
94|453|401|948
94|454|401|949
94|455|401|950
95|455|401|951
95|456|401|952
95|456|402|953
95|457|402|954
95|457|403|955
95|457|404|956
95|457|405|957
95|458|405|958
95|458|406|959
95|459|406|960
95|459|407|961
95|460|407|962
95|460|408|963
95|461|408|964
95|461|409|965
95|462|409|966
95|462|410|967
95|462|411|968
95|462|412|969
95|462|413|970
96|462|413|971
96|462|414|972
96|462|415|973
96|463|415|974
96|463|416|975
96|463|417|976
96|463|418|977
96|463|419|978
97|463|419|979
97|464|419|980
97|465|419|981
97|465|420|982
97|465|421|983
97|465|422|984
97|465|423|985
97|466|423|986
97|466|424|987
97|467|424|988
97|468|424|989
97|468|425|990
97|468|426|991
97|469|426|992
97|469|427|993
97|470|427|994
97|470|428|995
97|471|428|996
97|471|429|997
97|472|429|998
97|472|430|999
97|473|430|1000
98|473|430|1001
98|474|430|1002
99|474|430|1003
99|475|430|1004
100|475|430|1005
100|476|430|1006
101|476|430|1007
101|477|430|1008
102|477|430|1009
102|478|430|1010
103|478|430|1011
103|479|430|1012
104|479|430|1013
104|479|431|1014
105|479|431|1015
105|479|432|1016
105|480|432|1017
105|481|432|1018
106|481|432|1019
106|481|433|1020
107|481|433|1021
107|482|433|1022
108|482|433|1023
108|483|433|1024
108|484|433|1025
108|484|434|1026
109|484|434|1027
109|485|434|1028
110|485|434|1029
110|486|434|1030
111|486|434|1031
111|487|434|1032
112|487|434|1033
112|488|434|1034
113|488|434|1035
113|489|434|1036
113|489|435|1037
113|489|436|1038
114|489|436|1039
114|489|437|1040
114|489|438|1041
114|489|439|1042
115|489|439|1043
115|489|440|1044
115|489|441|1045
115|489|442|1046
116|489|442|1047
116|489|443|1048
116|490|443|1049
116|490|444|1050
117|490|444|1051
117|490|445|1052
117|491|445|1053
117|491|446|1054
117|491|447|1055
117|491|448|1056
118|491|448|1057
118|491|449|1058
118|491|450|1059
118|491|451|1060
118|492|451|1061
118|492|452|1062
118|492|453|1063
118|492|454|1064
118|493|454|1065
119|493|454|1066
119|494|454|1067
119|494|455|1068
119|494|456|1069
119|494|457|1070
119|494|458|1071
119|494|459|1072
119|494|460|1073
119|494|461|1074
120|494|461|1075
120|495|461|1076
120|495|462|1077
120|495|463|1078
120|496|463|1079
120|496|464|1080
120|496|465|1081
120|496|466|1082
121|496|466|1083
121|496|467|1084
121|497|467|1085
121|497|468|1086
121|498|468|1087
121|498|469|1088
121|499|469|1089
121|499|470|1090
121|500|470|1091
121|500|471|1092
122|500|471|1093
122|500|472|1094
122|500|473|1095
122|500|474|1096
122|501|474|1097
122|501|475|1098
122|501|476|1099
122|501|477|1100
123|501|477|1101
123|501|478|1102
123|502|478|1103
123|502|479|1104
123|503|479|1105
123|504|479|1106
123|504|480|1107
123|504|481|1108
124|504|481|1109
124|504|482|1110
125|504|482|1111
125|505|482|1112
125|506|482|1113
125|506|483|1114
125|507|483|1115
125|507|484|1116
125|508|484|1117
125|509|484|1118
125|510|484|1119
125|511|484|1120
125|512|484|1121
125|512|485|1122
126|512|485|1123
126|513|485|1124
126|514|485|1125
126|514|486|1126
126|515|486|1127
126|515|487|1128
127|515|487|1129
127|516|487|1130
128|516|487|1131
128|516|488|1132
128|517|488|1133
128|517|489|1134
128|518|489|1135
128|519|489|1136
129|519|489|1137
129|520|489|1138
129|521|489|1139
129|521|490|1140
129|522|490|1141
129|522|491|1142
130|522|491|1143
130|522|492|1144
130|522|493|1145
130|523|493|1146
130|523|494|1147
130|524|494|1148
130|524|495|1149
130|525|495|1150
130|525|496|1151
130|526|496|1152
130|526|497|1153
130|527|497|1154
130|527|498|1155
130|528|498|1156
130|528|499|1157
130|529|499|1158
130|529|500|1159
130|530|500|1160
130|530|501|1161
130|531|501|1162
130|531|502|1163
130|532|502|1164
130|532|503|1165
130|533|503|1166
130|533|504|1167
130|534|504|1168
130|534|505|1169
130|535|505|1170
130|535|506|1171
130|536|506|1172
130|536|507|1173
130|537|507|1174
130|537|508|1175
130|538|508|1176
130|538|509|1177
130|539|509|1178
130|539|510|1179
130|540|510|1180
131|540|510|1181
131|541|510|1182
132|541|510|1183
132|542|510|1184
133|542|510|1185
133|542|511|1186
134|542|511|1187
134|542|512|1188
134|543|512|1189
134|543|513|1190
135|543|513|1191
135|544|513|1192
136|544|513|1193
136|544|514|1194
136|545|514|1195
136|545|515|1196
136|546|515|1197
136|546|516|1198
136|546|517|1199
136|546|518|1200
137|546|518|1201
137|547|518|1202
138|547|518|1203
138|547|519|1204
138|548|519|1205
138|548|520|1206
139|548|520|1207
139|548|521|1208
139|549|521|1209
139|550|521|1210
140|550|521|1211
140|550|522|1212
141|550|522|1213
141|551|522|1214
141|552|522|1215
141|553|522|1216
141|553|523|1217
141|553|524|1218
141|554|524|1219
141|554|525|1220
141|554|526|1221
141|554|527|1222
141|555|527|1223
141|555|528|1224
141|556|528|1225
141|556|529|1226
141|556|530|1227
141|556|531|1228
141|557|531|1229
141|557|532|1230
141|558|532|1231
141|558|533|1232
141|559|533|1233
141|559|534|1234
141|559|535|1235
141|559|536|1236
141|560|536|1237
141|560|537|1238
141|560|538|1239
141|560|539|1240
141|561|539|1241
141|561|540|1242
141|561|541|1243
141|561|542|1244
141|562|542|1245
141|562|543|1246
141|562|544|1247
141|562|545|1248
141|562|546|1249
141|562|547|1250
141|563|547|1251
141|563|548|1252
141|564|548|1253
141|565|548|1254
142|565|548|1255
142|566|548|1256
142|567|548|1257
142|567|549|1258
142|568|549|1259
142|568|550|1260
143|568|550|1261
143|569|550|1262
144|569|550|1263
144|569|551|1264
144|570|551|1265
144|571|551|1266
144|572|551|1267
144|572|552|1268
144|573|552|1269
144|573|553|1270
144|574|553|1271
144|574|554|1272
145|574|554|1273
145|575|554|1274
146|575|554|1275
146|576|554|1276
146|577|554|1277
146|577|555|1278
146|578|555|1279
146|579|555|1280
146|580|555|1281
146|581|555|1282
146|582|555|1283
146|583|555|1284
147|583|555|1285
147|584|555|1286
147|585|555|1287
147|586|555|1288
147|587|555|1289
147|587|556|1290
147|588|556|1291
147|588|557|1292
147|589|557|1293
147|589|558|1294
147|590|558|1295
147|590|559|1296
147|591|559|1297
147|591|560|1298
147|592|560|1299
147|592|561|1300
147|593|561|1301
147|593|562|1302
147|594|562|1303
147|594|563|1304
147|595|563|1305
147|595|564|1306
147|596|564|1307
147|596|565|1308
147|597|565|1309
147|597|566|1310
147|598|566|1311
147|598|567|1312
147|599|567|1313
147|599|568|1314
147|600|568|1315
147|600|569|1316
147|601|569|1317
147|601|570|1318
147|602|570|1319
147|602|571|1320
147|603|571|1321
147|603|572|1322
147|604|572|1323
147|604|573|1324
147|604|574|1325
147|604|575|1326
147|605|575|1327
147|605|576|1328
147|605|577|1329
147|605|578|1330
147|606|578|1331
147|606|579|1332
147|607|579|1333
147|607|580|1334
147|607|581|1335
147|607|582|1336
147|608|582|1337
147|608|583|1338
147|608|584|1339
147|608|585|1340
147|609|585|1341
147|609|586|1342
147|610|586|1343
147|610|587|1344
147|611|587|1345
147|611|588|1346
147|611|589|1347
147|611|590|1348
147|612|590|1349
147|612|591|1350
147|612|592|1351
147|612|593|1352
147|613|593|1353
147|613|594|1354
147|614|594|1355
147|614|595|1356
147|614|596|1357
147|614|597|1358
147|615|597|1359
147|615|598|1360
148|615|598|1361
148|616|598|1362
149|616|598|1363
149|617|598|1364
150|617|598|1365
150|617|599|1366
151|617|599|1367
151|617|600|1368
151|618|600|1369
151|618|601|1370
152|618|601|1371
152|619|601|1372
153|619|601|1373
153|620|601|1374
154|620|601|1375
154|620|602|1376
155|620|602|1377
155|621|602|1378
155|622|602|1379
155|622|603|1380
155|623|603|1381
155|623|604|1382
156|623|604|1383
156|624|604|1384
156|625|604|1385
156|625|605|1386
157|625|605|1387
157|626|605|1388
158|626|605|1389
158|627|605|1390
159|627|605|1391
159|628|605|1392
160|628|605|1393
160|629|605|1394
160|630|605|1395
160|631|605|1396
160|631|606|1397
160|632|606|1398
160|632|607|1399
160|633|607|1400
160|633|608|1401
160|633|609|1402
160|633|610|1403
160|633|611|1404
161|633|611|1405
161|634|611|1406
161|634|612|1407
161|635|612|1408
161|635|613|1409
161|636|613|1410
161|636|614|1411
161|636|615|1412
162|636|615|1413
162|636|616|1414
162|637|616|1415
162|637|617|1416
162|637|618|1417
162|637|619|1418
162|637|620|1419
162|638|620|1420
162|639|620|1421
162|639|621|1422
162|639|622|1423
162|640|622|1424
162|640|623|1425
162|641|623|1426
162|641|624|1427
162|642|624|1428
162|642|625|1429
162|643|625|1430
162|643|626|1431
162|643|627|1432
162|644|627|1433
162|644|628|1434
162|645|628|1435
162|645|629|1436
162|646|629|1437
162|646|630|1438
162|647|630|1439
162|647|631|1440
162|648|631|1441
162|648|632|1442
162|649|632|1443
162|649|633|1444
162|650|633|1445
162|650|634|1446
162|651|634|1447
162|651|635|1448
162|652|635|1449
162|652|636|1450
162|653|636|1451
162|653|637|1452
162|654|637|1453
162|654|638|1454
162|655|638|1455
162|655|639|1456
162|656|639|1457
162|656|640|1458
162|657|640|1459
162|657|641|1460
162|658|641|1461
162|658|642|1462
162|659|642|1463
162|659|643|1464
162|660|643|1465
162|660|644|1466
162|661|644|1467
162|661|645|1468
162|661|646|1469
162|662|646|1470
162|662|647|1471
162|663|647|1472
162|663|648|1473
162|663|649|1474
162|663|650|1475
162|663|651|1476
162|664|651|1477
162|665|651|1478
162|665|652|1479
162|666|652|1480
162|666|653|1481
162|666|654|1482
162|666|655|1483
162|666|656|1484
162|667|656|1485
162|668|656|1486
162|669|656|1487
162|669|657|1488
162|669|658|1489
162|669|659|1490
162|669|660|1491
162|670|660|1492
162|670|661|1493
162|671|661|1494
162|672|661|1495
162|672|662|1496
162|673|662|1497
162|674|662|1498
162|674|663|1499
162|675|663|1500
162|675|664|1501
162|676|664|1502
162|677|664|1503
162|677|665|1504
162|677|666|1505
162|678|666|1506
163|678|666|1507
163|679|666|1508
164|679|666|1509
164|680|666|1510
165|680|666|1511
165|681|666|1512
166|681|666|1513
166|682|666|1514
167|682|666|1515
167|683|666|1516
168|683|666|1517
168|684|666|1518
169|684|666|1519
169|685|666|1520
170|685|666|1521
170|686|666|1522
171|686|666|1523
171|687|666|1524
171|687|667|1525
171|688|667|1526
172|688|667|1527
172|689|667|1528
173|689|667|1529
173|690|667|1530
173|690|668|1531
173|691|668|1532
174|691|668|1533
174|692|668|1534
174|692|669|1535
174|693|669|1536
175|693|669|1537
175|694|669|1538
175|694|670|1539
175|695|670|1540
175|695|671|1541
175|696|671|1542
175|696|672|1543
175|697|672|1544
175|697|673|1545
175|698|673|1546
175|698|674|1547
175|699|674|1548
175|699|675|1549
175|700|675|1550
175|700|676|1551
175|701|676|1552
175|701|677|1553
175|702|677|1554
175|702|678|1555
175|703|678|1556
175|703|679|1557
175|704|679|1558
175|704|680|1559
175|705|680|1560
175|705|681|1561
175|706|681|1562
175|706|682|1563
175|707|682|1564
175|707|683|1565
175|708|683|1566
175|708|684|1567
175|709|684|1568
175|709|685|1569
175|710|685|1570
175|710|686|1571
175|711|686|1572
175|711|687|1573
175|712|687|1574
175|712|688|1575
175|713|688|1576
175|713|689|1577
175|714|689|1578
175|715|689|1579
175|716|689|1580
175|716|690|1581
175|717|690|1582
175|717|691|1583
175|718|691|1584
175|719|691|1585
175|720|691|1586
175|721|691|1587
175|722|691|1588
175|722|692|1589
175|723|692|1590
175|724|692|1591
175|725|692|1592
176|725|692|1593
176|726|692|1594
176|727|692|1595
176|728|692|1596
176|729|692|1597
176|730|692|1598
177|730|692|1599
177|731|692|1600
177|732|692|1601
177|733|692|1602
177|733|693|1603
177|734|693|1604
177|734|694|1605
177|735|694|1606
177|735|695|1607
177|736|695|1608
177|737|695|1609
177|738|695|1610
177|738|696|1611
177|739|696|1612
177|739|697|1613
177|740|697|1614
178|740|697|1615
178|741|697|1616
178|742|697|1617
178|742|698|1618
178|742|699|1619
178|742|700|1620
179|742|700|1621
179|743|700|1622
179|743|701|1623
179|744|701|1624
180|744|701|1625
180|745|701|1626
180|745|702|1627
180|745|703|1628
181|745|703|1629
181|746|703|1630
181|746|704|1631
181|746|705|1632
181|746|706|1633
181|747|706|1634
182|747|706|1635
182|748|706|1636
182|748|707|1637
182|748|708|1638
182|749|708|1639
182|749|709|1640
182|749|710|1641
182|750|710|1642
182|750|711|1643
182|751|711|1644
182|751|712|1645
182|752|712|1646
182|752|713|1647
182|753|713|1648
182|754|713|1649
182|754|714|1650
182|755|714|1651
182|755|715|1652
182|756|715|1653
182|756|716|1654
182|757|716|1655
182|757|717|1656
182|757|718|1657
182|758|718|1658
182|759|718|1659
182|759|719|1660
182|759|720|1661
182|759|721|1662
182|760|721|1663
182|760|722|1664
182|760|723|1665
182|761|723|1666
182|761|724|1667
182|761|725|1668
182|762|725|1669
182|763|725|1670
182|764|725|1671
182|764|726|1672
182|765|726|1673
182|765|727|1674
182|766|727|1675
182|766|728|1676
182|766|729|1677
182|767|729|1678
182|767|730|1679
182|768|730|1680
182|768|731|1681
182|768|732|1682
182|769|732|1683
182|769|733|1684
182|770|733|1685
182|771|733|1686
182|772|733|1687
182|773|733|1688
182|774|733|1689
182|775|733|1690
182|776|733|1691
182|776|734|1692
183|776|734|1693
183|777|734|1694
183|778|734|1695
183|778|735|1696
183|779|735|1697
183|779|736|1698
183|780|736|1699
183|780|737|1700
184|780|737|1701
184|781|737|1702
184|782|737|1703
184|782|738|1704
184|783|738|1705
184|784|738|1706
184|785|738|1707
184|786|738|1708
184|787|738|1709
184|787|739|1710
184|788|739|1711
184|789|739|1712
185|789|739|1713
185|790|739|1714
186|790|739|1715
186|791|739|1716
187|791|739|1717
187|792|739|1718
188|792|739|1719
188|792|740|1720
188|793|740|1721
188|793|741|1722
188|794|741|1723
188|794|742|1724
188|795|742|1725
188|795|743|1726
188|796|743|1727
188|796|744|1728
188|796|745|1729
188|796|746|1730
188|797|746|1731
188|797|747|1732
188|798|747|1733
188|798|748|1734
188|799|748|1735
188|799|749|1736
188|799|750|1737
188|799|751|1738
188|800|751|1739
188|800|752|1740
188|801|752|1741
188|801|753|1742
188|802|753|1743
188|802|754|1744
188|803|754|1745
188|803|755|1746
188|804|755|1747
188|804|756|1748
188|804|757|1749
188|804|758|1750
188|804|759|1751
188|804|760|1752
188|804|761|1753
188|804|762|1754
188|805|762|1755
188|805|763|1756
188|806|763|1757
188|806|764|1758
188|807|764|1759
188|808|764|1760
188|809|764|1761
188|809|765|1762
188|810|765|1763
188|810|766|1764
188|810|767|1765
188|810|768|1766
188|811|768|1767
188|811|769|1768
188|812|769|1769
188|812|770|1770
188|813|770|1771
188|813|771|1772
188|813|772|1773
188|813|773|1774
188|814|773|1775
188|814|774|1776
188|815|774|1777
188|815|775|1778
188|816|775|1779
188|816|776|1780
188|817|776|1781
188|817|777|1782
188|818|777|1783
188|818|778|1784
188|819|778|1785
188|819|779|1786
189|819|779|1787
189|819|780|1788
189|819|781|1789
189|819|782|1790
189|819|783|1791
189|819|784|1792
189|820|784|1793
189|820|785|1794
189|821|785|1795
189|821|786|1796
189|822|786|1797
189|822|787|1798
189|823|787|1799
189|823|788|1800
189|824|788|1801
189|824|789|1802
189|825|789|1803
189|825|790|1804
189|826|790|1805
189|826|791|1806
189|827|791|1807
189|827|792|1808
189|828|792|1809
189|828|793|1810
189|829|793|1811
189|829|794|1812
189|830|794|1813
189|830|795|1814
189|831|795|1815
189|831|796|1816
189|832|796|1817
189|832|797|1818
189|833|797|1819
189|833|798|1820
189|834|798|1821
189|834|799|1822
190|834|799|1823
190|835|799|1824
190|836|799|1825
190|836|800|1826
191|836|800|1827
191|837|800|1828
191|837|801|1829
191|838|801|1830
191|838|802|1831
191|839|802|1832
191|839|803|1833
191|840|803|1834
191|840|804|1835
191|841|804|1836
191|841|805|1837
191|842|805|1838
191|842|806|1839
191|843|806|1840
191|843|807|1841
191|844|807|1842
191|844|808|1843
191|845|808|1844
191|845|809|1845
191|846|809|1846
191|846|810|1847
191|847|810|1848
191|847|811|1849
191|848|811|1850
191|848|812|1851
191|849|812|1852
191|849|813|1853
191|850|813|1854
191|850|814|1855
191|851|814|1856
191|851|815|1857
191|852|815|1858
191|852|816|1859
191|853|816|1860
191|853|817|1861
191|854|817|1862
191|854|818|1863
191|855|818|1864
191|856|818|1865
191|856|819|1866
191|857|819|1867
191|857|820|1868
191|858|820|1869
191|858|821|1870
191|859|821|1871
191|859|822|1872
191|860|822|1873
191|860|823|1874
192|860|823|1875
192|860|824|1876
193|860|824|1877
193|860|825|1878
193|861|825|1879
193|861|826|1880
194|861|826|1881
194|861|827|1882
195|861|827|1883
195|861|828|1884
195|862|828|1885
195|862|829|1886
195|863|829|1887
195|863|830|1888
195|864|830|1889
195|864|831|1890
195|865|831|1891
195|865|832|1892
196|865|832|1893
196|866|832|1894
197|866|832|1895
197|866|833|1896
198|866|833|1897
198|866|834|1898
198|867|834|1899
198|867|835|1900
198|868|835|1901
198|868|836|1902
198|869|836|1903
198|869|837|1904
198|870|837|1905
198|870|838|1906
198|871|838|1907
198|871|839|1908
198|872|839|1909
198|872|840|1910
198|872|841|1911
198|872|842|1912
198|873|842|1913
198|873|843|1914
198|874|843|1915
198|874|844|1916
198|874|845|1917
198|874|846|1918
198|875|846|1919
198|875|847|1920
198|876|847|1921
198|876|848|1922
198|876|849|1923
198|876|850|1924
198|877|850|1925
198|877|851|1926
198|878|851|1927
198|878|852|1928
198|878|853|1929
198|878|854|1930
198|878|855|1931
198|878|856|1932
198|879|856|1933
198|879|857|1934
198|880|857|1935
198|880|858|1936
198|881|858|1937
198|881|859|1938
198|882|859|1939
198|882|860|1940
198|883|860|1941
198|883|861|1942
198|884|861|1943
198|884|862|1944
198|885|862|1945
198|885|863|1946
198|886|863|1947
198|886|864|1948
198|887|864|1949
198|887|865|1950
198|888|865|1951
198|888|866|1952
198|889|866|1953
198|889|867|1954
198|890|867|1955
198|890|868|1956
198|891|868|1957
198|891|869|1958
198|892|869|1959
198|892|870|1960
198|893|870|1961
198|893|871|1962
198|894|871|1963
198|894|872|1964
199|894|872|1965
199|895|872|1966
200|895|872|1967
200|896|872|1968
200|897|872|1969
200|898|872|1970
200|899|872|1971
200|899|873|1972
200|899|874|1973
200|900|874|1974
200|900|875|1975
200|901|875|1976
200|901|876|1977
200|902|876|1978
200|902|877|1979
200|903|877|1980
200|903|878|1981
200|904|878|1982
200|904|879|1983
200|905|879|1984
200|905|880|1985
200|906|880|1986
200|906|881|1987
200|907|881|1988
200|907|882|1989
200|908|882|1990
200|908|883|1991
200|909|883|1992
200|909|884|1993
200|910|884|1994
200|910|885|1995
200|911|885|1996
200|911|886|1997
200|912|886|1998
200|912|887|1999
200|913|887|2000
