total
0|0|1|1
0|1|1|2
0|1|2|3
0|2|2|4
0|2|3|5
0|3|3|6
0|3|4|7
0|4|4|8
0|4|5|9
0|5|5|10
0|5|6|11
0|6|6|12
0|6|7|13
0|7|7|14
0|7|8|15
0|8|8|16
0|8|9|17
0|9|9|18
0|9|10|19
0|10|10|20
0|10|11|21
0|11|11|22
0|11|12|23
0|12|12|24
0|12|13|25
0|13|13|26
0|13|14|27
0|14|14|28
0|14|15|29
0|14|16|30
0|14|17|31
0|14|18|32
0|14|19|33
0|14|20|34
0|14|21|35
0|14|22|36
0|14|23|37
0|15|23|38
0|15|24|39
0|15|25|40
0|15|26|41
0|15|27|42
0|15|28|43
0|16|28|44
0|16|29|45
0|16|30|46
0|16|31|47
0|17|31|48
0|17|32|49
0|17|33|50
0|17|34|51
0|17|35|52
0|17|36|53
0|18|36|54
0|18|37|55
0|18|38|56
0|18|39|57
0|18|40|58
0|18|41|59
0|18|42|60
0|18|43|61
0|18|44|62
0|18|45|63
0|18|46|64
0|18|47|65
0|19|47|66
0|19|48|67
0|20|48|68
0|20|49|69
0|21|49|70
0|21|50|71
0|22|50|72
0|22|51|73
0|23|51|74
0|23|52|75
0|24|52|76
0|24|53|77
0|25|53|78
0|25|54|79
0|26|54|80
0|26|55|81
0|27|55|82
0|27|56|83
0|28|56|84
0|28|57|85
0|29|57|86
0|29|58|87
0|30|58|88
0|30|59|89
0|31|59|90
0|31|60|91
0|32|60|92
0|32|61|93
0|33|61|94
0|33|62|95
0|34|62|96
0|34|63|97
0|35|63|98
0|35|64|99
0|36|64|100
0|36|65|101
0|37|65|102
0|37|66|103
0|38|66|104
0|38|67|105
0|39|67|106
0|39|68|107
0|40|68|108
0|40|69|109
0|41|69|110
0|41|70|111
0|42|70|112
0|42|71|113
0|43|71|114
0|43|72|115
0|44|72|116
0|44|73|117
0|44|74|118
0|44|75|119
0|45|75|120
0|45|76|121
0|46|76|122
0|46|77|123
0|47|77|124
0|47|78|125
0|47|79|126
0|47|80|127
0|48|80|128
0|48|81|129
0|49|81|130
0|49|82|131
0|49|83|132
0|49|84|133
0|50|84|134
0|50|85|135
0|51|85|136
0|51|86|137
0|52|86|138
0|52|87|139
0|52|88|140
0|52|89|141
0|53|89|142
0|53|90|143
0|53|91|144
0|53|92|145
0|53|93|146
0|53|94|147
0|53|95|148
0|53|96|149
0|54|96|150
0|54|97|151
0|54|98|152
0|54|99|153
0|54|100|154
0|54|101|155
0|55|101|156
0|55|102|157
0|56|102|158
0|56|103|159
0|57|103|160
0|57|104|161
0|58|104|162
0|58|105|163
0|58|106|164
0|58|107|165
0|58|108|166
0|58|109|167
0|59|109|168
0|59|110|169
0|60|110|170
0|60|111|171
0|60|112|172
0|60|113|173
0|60|114|174
0|60|115|175
0|61|115|176
0|61|116|177
0|61|117|178
0|61|118|179
0|62|118|180
0|62|119|181
0|62|120|182
0|62|121|183
0|62|122|184
0|62|123|185
0|62|124|186
0|62|125|187
0|62|126|188
0|62|127|189
0|62|128|190
0|62|129|191
0|63|129|192
0|63|130|193
0|63|131|194
0|63|132|195
0|64|132|196
0|64|133|197
0|65|133|198
0|65|134|199
0|65|135|200
0|65|136|201
0|65|137|202
0|65|138|203
0|66|138|204
0|66|139|205
0|67|139|206
0|67|140|207
0|67|141|208
0|67|142|209
0|68|142|210
0|68|143|211
0|69|143|212
0|69|144|213
0|70|144|214
0|70|145|215
0|71|145|216
0|71|146|217
0|72|146|218
0|72|147|219
0|73|147|220
0|73|148|221
0|74|148|222
0|74|149|223
0|75|149|224
0|75|150|225
0|76|150|226
0|76|151|227
0|77|151|228
0|77|152|229
0|78|152|230
0|78|153|231
0|79|153|232
0|79|154|233
0|80|154|234
0|80|155|235
0|81|155|236
0|81|156|237
0|82|156|238
0|82|157|239
0|83|157|240
0|83|158|241
0|84|158|242
0|84|159|243
0|85|159|244
0|85|160|245
0|86|160|246
0|86|161|247
0|87|161|248
0|87|162|249
0|88|162|250
0|88|163|251
0|89|163|252
0|89|164|253
0|90|164|254
0|90|165|255
0|91|165|256
0|91|166|257
0|92|166|258
0|92|167|259
0|93|167|260
0|93|168|261
0|94|168|262
0|94|169|263
0|95|169|264
0|95|170|265
0|96|170|266
0|96|171|267
0|97|171|268
0|97|172|269
0|98|172|270
0|98|173|271
0|99|173|272
0|99|174|273
0|100|174|274
0|100|175|275
0|101|175|276
0|101|176|277
0|102|176|278
0|102|177|279
0|103|177|280
0|103|178|281
0|104|178|282
0|104|179|283
0|105|179|284
0|105|180|285
0|106|180|286
0|106|181|287
0|107|181|288
0|107|182|289
0|108|182|290
0|108|183|291
0|109|183|292
0|109|184|293
0|110|184|294
0|110|185|295
0|110|186|296
0|110|187|297
0|111|187|298
0|111|188|299
0|112|188|300
0|112|189|301
0|113|189|302
0|113|190|303
0|114|190|304
0|114|191|305
0|115|191|306
0|115|192|307
0|116|192|308
0|116|193|309
0|117|193|310
0|117|194|311
0|117|195|312
0|117|196|313
0|118|196|314
0|118|197|315
0|119|197|316
0|119|198|317
0|120|198|318
0|120|199|319
0|121|199|320
0|121|200|321
0|122|200|322
0|122|201|323
0|123|201|324
0|123|202|325
0|124|202|326
0|124|203|327
0|125|203|328
0|125|204|329
0|126|204|330
0|126|205|331
0|127|205|332
0|127|206|333
0|128|206|334
0|128|207|335
0|129|207|336
0|129|208|337
0|130|208|338
0|130|209|339
0|131|209|340
0|131|210|341
0|132|210|342
0|132|211|343
0|133|211|344
0|133|212|345
0|134|212|346
0|134|213|347
0|135|213|348
0|135|214|349
0|136|214|350
0|136|215|351
0|137|215|352
0|137|216|353
0|138|216|354
0|138|217|355
0|139|217|356
0|139|218|357
0|140|218|358
0|140|219|359
0|141|219|360
0|141|220|361
0|142|220|362
0|142|221|363
0|143|221|364
0|143|222|365
0|144|222|366
0|144|223|367
0|145|223|368
0|145|224|369
0|146|224|370
0|146|225|371
0|147|225|372
0|147|226|373
0|148|226|374
0|148|227|375
0|149|227|376
0|149|228|377
0|150|228|378
0|150|229|379
0|151|229|380
0|151|230|381
0|152|230|382
0|152|231|383
0|153|231|384
0|153|232|385
0|154|232|386
0|154|233|387
0|155|233|388
0|155|234|389
0|156|234|390
0|156|235|391
0|157|235|392
0|157|236|393
0|158|236|394
0|158|237|395
0|159|237|396
0|159|238|397
0|160|238|398
0|160|239|399
0|161|239|400
0|161|240|401
0|162|240|402
0|162|241|403
0|163|241|404
0|163|242|405
0|164|242|406
0|164|243|407
0|165|243|408
0|165|244|409
0|166|244|410
0|166|245|411
0|167|245|412
0|167|246|413
0|168|246|414
0|168|247|415
0|169|247|416
0|169|248|417
0|170|248|418
0|170|249|419
0|171|249|420
0|171|250|421
0|172|250|422
0|172|251|423
0|173|251|424
0|173|252|425
0|174|252|426
0|174|253|427
0|175|253|428
0|175|254|429
0|176|254|430
0|176|255|431
0|177|255|432
0|177|256|433
0|178|256|434
0|178|257|435
0|179|257|436
0|179|258|437
0|180|258|438
0|180|259|439
0|181|259|440
0|181|260|441
0|182|260|442
0|182|261|443
0|183|261|444
0|183|262|445
0|184|262|446
0|184|263|447
0|185|263|448
0|185|264|449
0|186|264|450
0|186|265|451
0|187|265|452
0|187|266|453
0|188|266|454
0|188|267|455
0|189|267|456
0|189|268|457
0|190|268|458
0|190|269|459
0|191|269|460
0|191|270|461
0|192|270|462
0|192|271|463
0|193|271|464
0|193|272|465
0|194|272|466
0|194|273|467
0|195|273|468
0|195|274|469
0|196|274|470
0|196|275|471
0|197|275|472
0|197|276|473
0|198|276|474
0|198|277|475
0|199|277|476
0|199|278|477
0|200|278|478
0|200|279|479
0|201|279|480
0|201|280|481
0|202|280|482
0|202|281|483
0|203|281|484
0|203|282|485
0|204|282|486
0|204|283|487
0|205|283|488
0|205|284|489
0|206|284|490
0|206|285|491
0|207|285|492
0|207|286|493
0|208|286|494
0|208|287|495
0|209|287|496
0|209|288|497
0|210|288|498
0|210|289|499
0|211|289|500
0|211|290|501
0|212|290|502
0|212|291|503
0|213|291|504
0|213|292|505
0|214|292|506
0|214|293|507
0|215|293|508
0|215|294|509
0|216|294|510
0|216|295|511
0|217|295|512
0|218|296|514
0|219|296|515
0|219|297|516
0|220|297|517
0|220|298|518
0|221|298|519
0|221|299|520
0|222|299|521
0|222|300|522
0|223|300|523
0|223|301|524
0|224|301|525
0|224|302|526
0|225|302|527
0|225|303|528
0|226|303|529
0|226|304|530
0|227|304|531
0|227|305|532
0|228|305|533
0|228|306|534
0|229|306|535
0|229|307|536
0|230|307|537
0|230|308|538
0|231|308|539
0|231|309|540
0|232|309|541
0|232|310|542
0|233|310|543
0|233|311|544
0|234|311|545
0|234|312|546
0|235|312|547
0|235|313|548
0|236|313|549
0|236|314|550
0|237|314|551
0|237|315|552
0|238|315|553
0|238|316|554
0|239|316|555
0|239|317|556
0|240|317|557
0|240|318|558
0|241|318|559
0|241|319|560
0|242|319|561
0|242|320|562
0|243|320|563
0|243|321|564
0|244|321|565
0|244|322|566
0|245|322|567
0|245|323|568
0|245|324|569
0|245|325|570
0|245|326|571
0|245|327|572
0|245|328|573
0|245|329|574
0|245|330|575
0|245|331|576
0|245|332|577
0|245|333|578
0|245|334|579
0|245|335|580
0|245|336|581
0|245|337|582
0|245|338|583
0|245|339|584
0|245|340|585
0|245|341|586
0|245|342|587
0|245|343|588
0|245|344|589
0|245|345|590
0|245|346|591
0|245|347|592
0|245|348|593
0|245|349|594
0|245|350|595
0|245|351|596
0|245|352|597
0|245|353|598
0|245|354|599
0|245|355|600
0|245|356|601
0|245|357|602
0|245|358|603
0|245|359|604
0|246|359|605
0|246|360|606
0|247|360|607
0|247|361|608
0|248|361|609
0|248|362|610
0|249|362|611
0|249|363|612
0|250|363|613
0|250|364|614
0|251|364|615
0|251|365|616
0|252|365|617
0|252|366|618
0|253|366|619
0|253|367|620
0|254|367|621
0|254|368|622
0|255|368|623
0|255|369|624
0|256|369|625
0|256|370|626
0|257|370|627
0|257|371|628
0|258|371|629
0|258|372|630
0|259|372|631
0|259|373|632
0|260|373|633
0|260|374|634
0|261|374|635
0|261|375|636
0|262|375|637
0|262|376|638
0|263|376|639
0|263|377|640
0|264|377|641
0|264|378|642
0|265|378|643
0|265|379|644
0|266|379|645
0|266|380|646
0|267|380|647
0|267|381|648
0|268|381|649
0|268|382|650
0|269|382|651
0|269|383|652
0|270|383|653
0|270|384|654
0|271|384|655
0|271|385|656
0|272|385|657
0|272|386|658
0|273|386|659
0|273|387|660
0|274|387|661
0|274|388|662
0|275|388|663
0|275|389|664
0|276|389|665
0|276|390|666
0|277|390|667
0|277|391|668
0|278|391|669
0|278|392|670
0|279|392|671
0|279|393|672
0|280|393|673
0|280|394|674
0|281|394|675
0|281|395|676
0|282|395|677
0|282|396|678
0|283|396|679
0|283|397|680
0|284|397|681
0|284|398|682
0|285|398|683
0|285|399|684
0|286|399|685
0|286|400|686
0|287|400|687
0|287|401|688
0|288|401|689
0|288|402|690
0|289|402|691
0|289|403|692
0|290|403|693
0|290|404|694
0|291|404|695
0|291|405|696
0|292|405|697
0|292|406|698
0|293|406|699
0|293|407|700
0|294|407|701
0|294|408|702
0|295|408|703
0|295|409|704
0|296|409|705
0|296|410|706
0|297|410|707
0|297|411|708
0|298|411|709
0|298|412|710
0|299|412|711
0|299|413|712
0|300|413|713
0|300|414|714
0|301|414|715
0|301|415|716
0|302|415|717
0|302|416|718
0|303|416|719
0|303|417|720
0|304|417|721
0|304|418|722
0|304|419|723
0|304|420|724
0|305|420|725
0|305|421|726
0|305|422|727
0|305|423|728
0|305|424|729
0|305|425|730
0|306|425|731
0|306|426|732
0|306|427|733
0|306|428|734
0|307|428|735
0|307|429|736
0|308|429|737
0|308|430|738
0|309|430|739
0|309|431|740
0|309|432|741
0|309|433|742
0|309|434|743
0|309|435|744
0|309|436|745
0|309|437|746
0|309|438|747
0|309|439|748
0|310|439|749
0|310|440|750
0|311|440|751
0|311|441|752
0|312|441|753
0|312|442|754
0|313|442|755
0|313|443|756
0|314|443|757
0|314|444|758
0|315|444|759
0|315|445|760
0|316|445|761
0|316|446|762
0|317|446|763
0|317|447|764
0|318|447|765
0|318|448|766
0|319|448|767
0|319|449|768
0|320|449|769
0|320|450|770
0|321|450|771
0|321|451|772
0|322|451|773
0|322|452|774
0|323|452|775
0|323|453|776
0|324|453|777
0|324|454|778
0|325|454|779
0|325|455|780
0|326|455|781
0|326|456|782
0|327|456|783
0|327|457|784
0|328|457|785
0|328|458|786
0|329|458|787
0|329|459|788
0|330|459|789
0|330|460|790
0|331|460|791
0|331|461|792
0|332|461|793
0|332|462|794
0|333|462|795
0|333|463|796
0|334|463|797
0|334|464|798
0|335|464|799
0|335|465|800
0|335|466|801
0|335|467|802
0|336|467|803
0|336|468|804
0|337|468|805
0|337|469|806
0|338|469|807
0|338|470|808
0|339|470|809
0|339|471|810
0|340|471|811
0|340|472|812
0|341|472|813
0|341|473|814
0|342|473|815
0|342|474|816
0|342|475|817
0|342|476|818
0|343|476|819
0|343|477|820
0|343|478|821
0|343|479|822
0|343|480|823
0|343|481|824
0|343|482|825
0|343|483|826
0|343|484|827
0|343|485|828
0|343|486|829
0|343|487|830
0|344|487|831
0|344|488|832
0|345|488|833
0|345|489|834
0|346|489|835
0|346|490|836
0|346|491|837
0|346|492|838
0|346|493|839
0|346|494|840
0|347|494|841
0|347|495|842
0|347|496|843
0|347|497|844
0|348|497|845
0|348|498|846
0|349|498|847
0|349|499|848
0|350|499|849
0|350|500|850
0|351|500|851
0|351|501|852
0|351|502|853
0|351|503|854
0|352|503|855
0|352|504|856
0|352|505|857
0|352|506|858
0|353|506|859
0|353|507|860
0|354|507|861
0|354|508|862
0|354|509|863
0|354|510|864
0|355|510|865
0|355|511|866
0|355|512|867
0|355|513|868
0|355|514|869
0|355|515|870
0|355|516|871
0|355|517|872
0|356|517|873
0|356|518|874
0|357|518|875
0|357|519|876
0|358|519|877
0|358|520|878
0|359|520|879
0|359|521|880
0|359|522|881
0|359|523|882
0|359|524|883
0|359|525|884
0|360|525|885
0|360|526|886
0|360|527|887
0|360|528|888
0|360|529|889
0|360|530|890
0|361|530|891
0|361|531|892
0|362|531|893
0|362|532|894
0|363|532|895
0|363|533|896
0|364|533|897
0|364|534|898
0|365|534|899
0|365|535|900
0|366|535|901
0|366|536|902
0|367|536|903
0|367|537|904
0|368|537|905
0|368|538|906
0|369|538|907
0|369|539|908
0|370|539|909
0|370|540|910
0|371|540|911
0|371|541|912
0|372|541|913
0|372|542|914
0|373|542|915
0|373|543|916
0|374|543|917
0|374|544|918
0|375|544|919
0|375|545|920
0|376|545|921
0|376|546|922
0|377|546|923
0|377|547|924
0|378|547|925
0|378|548|926
0|379|548|927
0|379|549|928
0|380|549|929
0|380|550|930
0|381|550|931
0|381|551|932
0|382|551|933
0|382|552|934
0|383|552|935
0|383|553|936
0|384|553|937
0|384|554|938
0|385|554|939
0|385|555|940
0|386|555|941
0|386|556|942
0|387|556|943
0|387|557|944
0|388|557|945
0|388|558|946
0|389|558|947
0|389|559|948
0|390|559|949
0|390|560|950
0|391|560|951
0|391|561|952
0|392|561|953
0|392|562|954
0|393|562|955
0|393|563|956
0|394|563|957
0|394|564|958
0|395|564|959
0|395|565|960
0|396|565|961
0|396|566|962
0|397|566|963
0|397|567|964
0|397|568|965
0|397|569|966
0|398|569|967
0|398|570|968
0|399|570|969
0|399|571|970
0|400|571|971
0|400|572|972
0|401|572|973
0|401|573|974
0|402|573|975
0|402|574|976
0|403|574|977
0|403|575|978
0|404|575|979
0|404|576|980
0|405|576|981
0|405|577|982
0|406|577|983
0|406|578|984
0|407|578|985
0|407|579|986
0|407|580|987
0|407|581|988
0|408|581|989
0|408|582|990
0|408|583|991
0|408|584|992
0|409|584|993
0|409|585|994
0|409|586|995
0|409|587|996
0|409|588|997
0|409|589|998
0|409|590|999
0|409|591|1000
0|410|591|1001
0|410|592|1002
0|411|592|1003
0|411|593|1004
0|412|593|1005
0|412|594|1006
0|413|594|1007
0|413|595|1008
0|414|595|1009
0|414|596|1010
0|415|596|1011
0|415|597|1012
0|416|597|1013
0|416|598|1014
0|417|598|1015
0|417|599|1016
0|418|599|1017
0|418|600|1018
0|419|600|1019
0|419|601|1020
0|420|601|1021
0|420|602|1022
0|421|602|1023
0|421|603|1024
0|422|603|1025
0|422|604|1026
0|423|604|1027
0|423|605|1028
0|424|605|1029
0|424|606|1030
0|425|606|1031
0|425|607|1032
0|426|607|1033
0|426|608|1034
0|427|608|1035
0|427|609|1036
0|428|609|1037
0|428|610|1038
0|429|610|1039
0|429|611|1040
0|430|611|1041
0|430|612|1042
0|431|612|1043
0|431|613|1044
0|432|613|1045
0|432|614|1046
0|433|614|1047
0|433|615|1048
0|434|615|1049
0|434|616|1050
0|435|616|1051
0|435|617|1052
0|436|617|1053
0|436|618|1054
0|437|618|1055
0|437|619|1056
0|438|619|1057
0|438|620|1058
0|439|620|1059
0|439|621|1060
0|440|621|1061
0|440|622|1062
0|441|622|1063
0|441|623|1064
0|442|623|1065
0|442|624|1066
0|443|624|1067
0|443|625|1068
0|444|625|1069
0|444|626|1070
0|445|626|1071
0|445|627|1072
0|446|627|1073
0|446|628|1074
0|447|628|1075
0|447|629|1076
0|448|629|1077
0|448|630|1078
0|449|630|1079
0|449|631|1080
0|450|631|1081
0|450|632|1082
0|451|632|1083
0|451|633|1084
0|452|633|1085
0|452|634|1086
0|453|634|1087
0|453|635|1088
0|454|635|1089
0|454|636|1090
0|455|636|1091
0|455|637|1092
0|456|637|1093
0|456|638|1094
0|457|638|1095
0|457|639|1096
0|458|639|1097
0|458|640|1098
0|459|640|1099
0|459|641|1100
0|460|641|1101
0|460|642|1102
0|461|642|1103
0|461|643|1104
0|462|643|1105
0|462|644|1106
0|463|644|1107
0|463|645|1108
0|464|645|1109
0|464|646|1110
0|465|646|1111
0|465|647|1112
0|466|647|1113
0|466|648|1114
0|467|648|1115
0|467|649|1116
0|468|649|1117
0|468|650|1118
0|469|650|1119
0|469|651|1120
0|470|651|1121
0|470|652|1122
0|471|652|1123
0|471|653|1124
0|472|653|1125
0|472|654|1126
0|473|654|1127
0|473|655|1128
0|474|655|1129
0|474|656|1130
0|475|656|1131
0|475|657|1132
0|476|657|1133
0|476|658|1134
0|477|658|1135
0|477|659|1136
0|478|659|1137
0|478|660|1138
0|479|660|1139
0|479|661|1140
0|480|661|1141
0|480|662|1142
0|481|662|1143
0|481|663|1144
0|482|663|1145
0|482|664|1146
0|483|664|1147
0|483|665|1148
0|484|665|1149
0|484|666|1150
0|485|666|1151
0|485|667|1152
0|486|667|1153
0|486|668|1154
0|487|668|1155
0|487|669|1156
0|488|669|1157
0|488|670|1158
0|489|670|1159
0|489|671|1160
0|490|671|1161
0|490|672|1162
0|491|672|1163
0|491|673|1164
0|492|673|1165
0|492|674|1166
0|493|674|1167
0|493|675|1168
0|494|675|1169
0|494|676|1170
0|495|676|1171
0|495|677|1172
0|496|677|1173
0|496|678|1174
0|497|678|1175
0|497|679|1176
0|498|679|1177
0|498|680|1178
0|499|680|1179
0|499|681|1180
0|500|681|1181
0|500|682|1182
0|501|682|1183
0|501|683|1184
0|502|683|1185
0|502|684|1186
0|503|684|1187
0|503|685|1188
0|504|685|1189
0|504|686|1190
0|505|686|1191
0|505|687|1192
0|506|687|1193
0|506|688|1194
0|507|688|1195
0|507|689|1196
0|508|689|1197
0|508|690|1198
0|509|690|1199
0|509|691|1200
0|510|691|1201
0|510|692|1202
0|511|692|1203
0|511|693|1204
0|512|693|1205
0|512|694|1206
0|513|694|1207
0|513|695|1208
0|514|695|1209
0|514|696|1210
0|515|696|1211
0|515|697|1212
0|516|697|1213
0|516|698|1214
0|517|698|1215
0|517|699|1216
0|518|699|1217
0|518|700|1218
0|519|700|1219
0|519|701|1220
0|520|701|1221
0|520|702|1222
0|521|702|1223
0|521|703|1224
0|522|703|1225
0|522|704|1226
0|523|704|1227
0|523|705|1228
0|524|705|1229
0|524|706|1230
0|525|706|1231
0|525|707|1232
0|526|707|1233
0|526|708|1234
0|527|708|1235
0|527|709|1236
0|528|709|1237
0|528|710|1238
0|529|710|1239
0|529|711|1240
0|530|711|1241
0|530|712|1242
0|531|712|1243
0|531|713|1244
0|532|713|1245
0|532|714|1246
0|533|714|1247
0|533|715|1248
0|534|715|1249
0|534|716|1250
0|535|716|1251
0|535|717|1252
0|536|717|1253
0|536|718|1254
0|537|718|1255
0|537|719|1256
0|538|719|1257
0|538|720|1258
0|539|720|1259
0|539|721|1260
0|540|721|1261
0|540|722|1262
0|541|722|1263
0|541|723|1264
0|542|723|1265
0|542|724|1266
0|543|724|1267
0|543|725|1268
0|544|725|1269
0|544|726|1270
0|545|726|1271
0|545|727|1272
0|546|727|1273
0|546|728|1274
0|547|728|1275
0|547|729|1276
0|548|729|1277
0|548|730|1278
0|549|730|1279
0|549|731|1280
0|550|731|1281
0|550|732|1282
0|551|732|1283
0|551|733|1284
0|552|733|1285
0|552|734|1286
0|553|734|1287
0|553|735|1288
0|554|735|1289
0|554|736|1290
0|555|736|1291
0|555|737|1292
0|556|737|1293
0|556|738|1294
0|557|738|1295
0|557|739|1296
0|558|739|1297
0|558|740|1298
0|559|740|1299
0|559|741|1300
0|560|741|1301
0|560|742|1302
0|561|742|1303
0|561|743|1304
0|562|743|1305
0|562|744|1306
0|563|744|1307
0|563|745|1308
0|564|745|1309
0|564|746|1310
0|565|746|1311
0|565|747|1312
0|566|747|1313
0|566|748|1314
0|567|748|1315
0|567|749|1316
0|568|749|1317
0|568|750|1318
0|569|750|1319
0|569|751|1320
0|570|751|1321
0|570|752|1322
0|571|752|1323
0|571|753|1324
0|572|753|1325
0|572|754|1326
0|573|754|1327
0|573|755|1328
0|574|755|1329
0|574|756|1330
0|575|756|1331
0|575|757|1332
0|576|757|1333
0|576|758|1334
0|577|758|1335
0|577|759|1336
0|578|759|1337
0|578|760|1338
0|579|760|1339
0|579|761|1340
0|580|761|1341
0|580|762|1342
0|581|762|1343
0|581|763|1344
0|582|763|1345
0|582|764|1346
0|583|764|1347
0|583|765|1348
0|584|765|1349
0|584|766|1350
0|585|766|1351
0|585|767|1352
0|586|767|1353
0|586|768|1354
0|587|768|1355
0|587|769|1356
0|588|769|1357
0|588|770|1358
0|589|770|1359
0|589|771|1360
0|590|771|1361
0|590|772|1362
0|591|772|1363
0|591|773|1364
0|592|773|1365
0|592|774|1366
0|593|774|1367
0|593|775|1368
0|594|775|1369
0|594|776|1370
0|595|776|1371
0|595|777|1372
0|596|777|1373
0|596|778|1374
0|597|778|1375
0|597|779|1376
0|598|779|1377
0|598|780|1378
0|599|780|1379
0|599|781|1380
0|600|781|1381
0|600|782|1382
0|601|782|1383
0|601|783|1384
0|602|783|1385
0|602|784|1386
0|603|784|1387
0|603|785|1388
0|604|785|1389
0|604|786|1390
0|605|786|1391
0|605|787|1392
0|606|787|1393
0|606|788|1394
0|607|788|1395
0|607|789|1396
0|607|790|1397
0|607|791|1398
0|607|792|1399
0|607|793|1400
0|607|794|1401
0|607|795|1402
0|607|796|1403
0|607|797|1404
0|608|797|1405
0|608|798|1406
0|608|799|1407
0|608|800|1408
0|608|801|1409
0|608|802|1410
0|608|803|1411
0|608|804|1412
0|609|804|1413
0|609|805|1414
0|610|805|1415
0|610|806|1416
0|610|807|1417
0|610|808|1418
0|610|809|1419
0|610|810|1420
0|611|810|1421
0|611|811|1422
0|611|812|1423
0|611|813|1424
0|611|814|1425
0|611|815|1426
0|611|816|1427
0|611|817|1428
0|611|818|1429
0|611|819|1430
0|611|820|1431
0|611|821|1432
0|612|821|1433
0|612|822|1434
0|613|822|1435
0|613|823|1436
0|614|823|1437
0|614|824|1438
0|615|824|1439
0|615|825|1440
0|616|825|1441
0|616|826|1442
0|617|826|1443
0|617|827|1444
0|618|827|1445
0|618|828|1446
0|619|828|1447
0|619|829|1448
0|620|829|1449
0|620|830|1450
0|621|830|1451
0|621|831|1452
0|622|831|1453
0|622|832|1454
0|623|832|1455
0|623|833|1456
0|624|833|1457
0|624|834|1458
0|625|834|1459
0|625|835|1460
0|626|835|1461
0|626|836|1462
0|627|836|1463
0|627|837|1464
0|628|837|1465
0|628|838|1466
0|629|838|1467
0|629|839|1468
0|629|840|1469
0|629|841|1470
0|630|841|1471
0|630|842|1472
0|631|842|1473
0|631|843|1474
0|632|843|1475
0|632|844|1476
0|633|844|1477
0|633|845|1478
0|634|845|1479
0|634|846|1480
0|635|846|1481
0|635|847|1482
0|636|847|1483
0|636|848|1484
0|637|848|1485
0|637|849|1486
0|638|849|1487
0|638|850|1488
0|639|850|1489
0|639|851|1490
0|640|851|1491
0|640|852|1492
0|640|853|1493
0|640|854|1494
0|641|854|1495
0|641|855|1496
0|642|855|1497
0|642|856|1498
0|643|856|1499
0|643|857|1500
0|643|858|1501
0|643|859|1502
0|644|859|1503
0|644|860|1504
0|645|860|1505
0|645|861|1506
0|645|862|1507
0|645|863|1508
0|645|864|1509
0|645|865|1510
0|645|866|1511
0|645|867|1512
0|645|868|1513
0|645|869|1514
0|645|870|1515
0|645|871|1516
0|645|872|1517
0|645|873|1518
0|646|873|1519
0|646|874|1520
0|646|875|1521
0|646|876|1522
0|646|877|1523
0|646|878|1524
0|647|878|1525
0|647|879|1526
0|648|879|1527
0|648|880|1528
0|648|881|1529
0|648|882|1530
0|649|882|1531
0|649|883|1532
0|650|883|1533
0|650|884|1534
0|650|885|1535
0|650|886|1536
0|651|886|1537
0|651|887|1538
0|651|888|1539
0|651|889|1540
0|652|889|1541
0|652|890|1542
0|652|891|1543
0|652|892|1544
0|652|893|1545
0|652|894|1546
0|653|894|1547
0|653|895|1548
0|653|896|1549
0|653|897|1550
0|653|898|1551
0|653|899|1552
0|654|899|1553
0|654|900|1554
0|654|901|1555
0|654|902|1556
0|654|903|1557
0|654|904|1558
0|654|905|1559
0|654|906|1560
0|654|907|1561
0|654|908|1562
0|654|909|1563
0|654|910|1564
0|655|910|1565
0|655|911|1566
0|656|911|1567
0|656|912|1568
0|656|913|1569
0|656|914|1570
0|656|915|1571
0|656|916|1572
0|657|916|1573
0|657|917|1574
0|658|917|1575
0|658|918|1576
0|659|918|1577
0|659|919|1578
0|660|919|1579
0|660|920|1580
0|661|920|1581
0|661|921|1582
0|662|921|1583
0|662|922|1584
0|663|922|1585
0|663|923|1586
0|664|923|1587
0|664|924|1588
0|665|924|1589
0|665|925|1590
0|666|925|1591
0|666|926|1592
0|667|926|1593
0|667|927|1594
0|668|927|1595
0|668|928|1596
0|669|928|1597
0|669|929|1598
0|670|929|1599
0|670|930|1600
0|671|930|1601
0|671|931|1602
0|672|931|1603
0|672|932|1604
0|673|932|1605
0|673|933|1606
0|674|933|1607
0|674|934|1608
0|675|934|1609
0|675|935|1610
0|676|935|1611
0|676|936|1612
0|677|936|1613
0|677|937|1614
0|678|937|1615
0|678|938|1616
0|679|938|1617
0|679|939|1618
0|680|939|1619
0|680|940|1620
0|681|940|1621
0|681|941|1622
0|682|941|1623
0|682|942|1624
0|683|942|1625
0|683|943|1626
0|684|943|1627
0|684|944|1628
0|685|944|1629
0|685|945|1630
0|686|945|1631
0|686|946|1632
0|687|946|1633
0|687|947|1634
0|688|947|1635
0|688|948|1636
0|689|948|1637
0|689|949|1638
0|690|949|1639
0|690|950|1640
0|691|950|1641
0|691|951|1642
0|692|951|1643
0|692|952|1644
0|693|952|1645
0|693|953|1646
0|694|953|1647
0|694|954|1648
0|695|954|1649
0|695|955|1650
0|696|955|1651
0|696|956|1652
0|697|956|1653
0|697|957|1654
0|698|957|1655
0|698|958|1656
0|699|958|1657
0|699|959|1658
0|700|959|1659
0|700|960|1660
0|701|960|1661
0|701|961|1662
0|702|961|1663
0|702|962|1664
0|702|963|1665
0|702|964|1666
0|703|964|1667
0|703|965|1668
0|704|965|1669
0|704|966|1670
0|705|966|1671
0|705|967|1672
0|706|967|1673
0|706|968|1674
0|707|968|1675
0|707|969|1676
0|708|969|1677
0|708|970|1678
0|709|970|1679
0|709|971|1680
0|709|972|1681
0|709|973|1682
0|710|973|1683
0|710|974|1684
0|711|974|1685
0|711|975|1686
0|712|975|1687
0|712|976|1688
0|713|976|1689
0|713|977|1690
0|714|977|1691
0|714|978|1692
0|715|978|1693
0|715|979|1694
0|716|979|1695
0|716|980|1696
0|717|980|1697
0|717|981|1698
0|718|981|1699
0|718|982|1700
0|719|982|1701
0|719|983|1702
0|720|983|1703
0|720|984|1704
0|721|984|1705
0|721|985|1706
0|722|985|1707
0|722|986|1708
0|723|986|1709
0|723|987|1710
0|724|987|1711
0|724|988|1712
0|725|988|1713
0|725|989|1714
0|726|989|1715
0|726|990|1716
0|727|990|1717
0|727|991|1718
0|728|991|1719
0|728|992|1720
0|729|992|1721
0|729|993|1722
0|730|993|1723
0|730|994|1724
0|731|994|1725
0|731|995|1726
0|732|995|1727
0|732|996|1728
0|733|996|1729
0|733|997|1730
0|734|997|1731
0|734|998|1732
0|735|998|1733
0|735|999|1734
0|736|999|1735
0|736|1000|1736
0|737|1000|1737
0|737|1001|1738
0|738|1001|1739
0|738|1002|1740
0|739|1002|1741
0|739|1003|1742
0|740|1003|1743
0|740|1004|1744
0|741|1004|1745
0|741|1005|1746
0|742|1005|1747
0|742|1006|1748
0|743|1006|1749
0|743|1007|1750
0|744|1007|1751
0|744|1008|1752
0|745|1008|1753
0|745|1009|1754
0|746|1009|1755
0|746|1010|1756
0|747|1010|1757
0|747|1011|1758
0|748|1011|1759
0|748|1012|1760
0|749|1012|1761
0|749|1013|1762
0|750|1013|1763
0|750|1014|1764
0|751|1014|1765
0|751|1015|1766
0|752|1015|1767
0|752|1016|1768
0|753|1016|1769
0|753|1017|1770
0|754|1017|1771
0|754|1018|1772
0|755|1018|1773
0|755|1019|1774
0|756|1019|1775
0|756|1020|1776
0|757|1020|1777
0|757|1021|1778
0|758|1021|1779
0|758|1022|1780
0|759|1022|1781
0|759|1023|1782
0|760|1023|1783
0|760|1024|1784
0|761|1024|1785
0|761|1025|1786
0|762|1025|1787
0|762|1026|1788
0|763|1026|1789
0|763|1027|1790
0|764|1027|1791
0|764|1028|1792
0|765|1028|1793
0|765|1029|1794
0|766|1029|1795
0|766|1030|1796
0|767|1030|1797
0|767|1031|1798
0|768|1031|1799
0|768|1032|1800
0|769|1032|1801
0|769|1033|1802
0|770|1033|1803
0|770|1034|1804
0|771|1034|1805
0|771|1035|1806
0|772|1035|1807
0|772|1036|1808
0|773|1036|1809
0|773|1037|1810
0|774|1037|1811
0|774|1038|1812
0|775|1038|1813
0|775|1039|1814
0|776|1039|1815
0|776|1040|1816
0|777|1040|1817
0|777|1041|1818
0|778|1041|1819
0|778|1042|1820
0|779|1042|1821
0|779|1043|1822
0|780|1043|1823
0|780|1044|1824
0|781|1044|1825
0|781|1045|1826
0|782|1045|1827
0|782|1046|1828
0|783|1046|1829
0|783|1047|1830
0|784|1047|1831
0|784|1048|1832
0|785|1048|1833
0|785|1049|1834
0|786|1049|1835
0|786|1050|1836
0|787|1050|1837
0|787|1051|1838
0|788|1051|1839
0|788|1052|1840
0|789|1052|1841
0|789|1053|1842
0|790|1053|1843
0|790|1054|1844
0|791|1054|1845
0|791|1055|1846
0|792|1055|1847
0|792|1056|1848
0|793|1056|1849
0|793|1057|1850
0|794|1057|1851
0|794|1058|1852
0|795|1058|1853
0|795|1059|1854
0|796|1059|1855
0|796|1060|1856
0|797|1060|1857
0|797|1061|1858
0|798|1061|1859
0|798|1062|1860
0|799|1062|1861
0|799|1063|1862
0|800|1063|1863
0|800|1064|1864
0|801|1064|1865
0|801|1065|1866
0|802|1065|1867
0|802|1066|1868
0|803|1066|1869
0|803|1067|1870
0|804|1067|1871
0|804|1068|1872
0|805|1068|1873
0|805|1069|1874
0|806|1069|1875
0|806|1070|1876
0|807|1070|1877
0|807|1071|1878
0|808|1071|1879
0|808|1072|1880
0|809|1072|1881
0|809|1073|1882
0|810|1073|1883
0|810|1074|1884
0|811|1074|1885
0|811|1075|1886
0|812|1075|1887
0|812|1076|1888
0|813|1076|1889
0|813|1077|1890
0|814|1077|1891
0|814|1078|1892
0|815|1078|1893
0|815|1079|1894
0|816|1079|1895
0|816|1080|1896
0|817|1080|1897
0|817|1081|1898
0|818|1081|1899
0|818|1082|1900
0|819|1082|1901
0|819|1083|1902
0|820|1083|1903
0|820|1084|1904
0|821|1084|1905
0|821|1085|1906
0|822|1085|1907
0|822|1086|1908
0|823|1086|1909
0|823|1087|1910
0|824|1087|1911
0|824|1088|1912
0|825|1088|1913
0|825|1089|1914
0|826|1089|1915
0|826|1090|1916
0|827|1090|1917
0|827|1091|1918
0|828|1091|1919
0|828|1092|1920
0|829|1092|1921
0|829|1093|1922
0|830|1093|1923
0|830|1094|1924
0|831|1094|1925
0|831|1095|1926
0|832|1095|1927
0|832|1096|1928
0|833|1096|1929
0|833|1097|1930
0|834|1097|1931
0|834|1098|1932
0|835|1098|1933
0|835|1099|1934
0|836|1099|1935
0|836|1100|1936
0|837|1100|1937
0|837|1101|1938
0|838|1101|1939
0|838|1102|1940
0|839|1102|1941
0|839|1103|1942
0|840|1103|1943
0|840|1104|1944
0|841|1104|1945
0|841|1105|1946
0|842|1105|1947
0|842|1106|1948
0|843|1106|1949
0|843|1107|1950
0|844|1107|1951
0|844|1108|1952
0|845|1108|1953
0|845|1109|1954
0|846|1109|1955
0|846|1110|1956
0|847|1110|1957
0|847|1111|1958
0|848|1111|1959
0|848|1112|1960
0|849|1112|1961
0|849|1113|1962
0|850|1113|1963
0|850|1114|1964
0|851|1114|1965
0|851|1115|1966
0|852|1115|1967
0|852|1116|1968
0|853|1116|1969
0|853|1117|1970
0|854|1117|1971
0|854|1118|1972
0|854|1119|1973
0|854|1120|1974
0|854|1121|1975
0|854|1122|1976
0|854|1123|1977
0|854|1124|1978
0|854|1125|1979
0|854|1126|1980
0|854|1127|1981
0|854|1128|1982
0|854|1129|1983
0|854|1130|1984
0|854|1131|1985
0|854|1132|1986
0|854|1133|1987
0|854|1134|1988
0|854|1135|1989
0|854|1136|1990
0|854|1137|1991
0|854|1138|1992
0|854|1139|1993
0|854|1140|1994
0|854|1141|1995
0|854|1142|1996
0|854|1143|1997
0|854|1144|1998
0|854|1145|1999
0|854|1146|2000
