total
0|0|1|1
0|1|1|2
0|1|2|3
0|2|2|4
0|2|3|5
0|3|3|6
0|3|4|7
0|4|4|8
0|4|5|9
0|5|5|10
0|5|6|11
0|6|6|12
0|6|7|13
0|7|7|14
0|7|8|15
0|8|8|16
0|8|9|17
0|9|9|18
0|9|10|19
0|10|10|20
0|11|10|21
0|12|10|22
0|12|11|23
0|13|11|24
0|13|12|25
0|14|12|26
0|14|13|27
0|15|13|28
0|15|14|29
0|15|15|30
0|15|16|31
0|15|17|32
0|15|18|33
0|15|19|34
0|15|20|35
0|15|21|36
0|15|22|37
0|16|22|38
0|16|23|39
0|16|24|40
0|16|25|41
0|16|26|42
0|16|27|43
0|17|27|44
0|17|28|45
0|17|29|46
0|17|30|47
0|18|30|48
0|18|31|49
0|18|32|50
0|18|33|51
0|18|34|52
0|18|35|53
0|19|35|54
0|19|36|55
0|19|37|56
0|19|38|57
0|19|39|58
0|19|40|59
0|19|41|60
0|19|42|61
0|19|43|62
0|19|44|63
0|19|45|64
0|19|46|65
0|20|46|66
0|20|47|67
0|21|47|68
0|21|48|69
0|22|48|70
0|22|49|71
0|23|49|72
0|23|50|73
0|24|50|74
0|24|51|75
0|25|51|76
0|25|52|77
0|26|52|78
0|26|53|79
0|27|53|80
0|27|54|81
0|28|54|82
0|28|55|83
0|29|55|84
0|29|56|85
0|30|56|86
0|30|57|87
0|31|57|88
0|31|58|89
0|32|58|90
0|32|59|91
0|33|59|92
0|33|60|93
0|34|60|94
0|34|61|95
0|35|61|96
0|35|62|97
0|36|62|98
0|36|63|99
0|37|63|100
0|37|64|101
0|37|65|102
0|37|66|103
0|38|66|104
0|38|67|105
0|38|68|106
0|38|69|107
0|39|69|108
0|39|70|109
0|40|70|110
0|40|71|111
0|40|72|112
0|40|73|113
0|41|73|114
0|41|74|115
0|42|74|116
0|42|75|117
0|42|76|118
0|42|77|119
0|43|77|120
0|43|78|121
0|44|78|122
0|44|79|123
0|45|79|124
0|45|80|125
0|45|81|126
0|45|82|127
0|46|82|128
0|46|83|129
0|47|83|130
0|47|84|131
0|47|85|132
0|48|85|133
0|49|85|134
0|49|86|135
0|49|87|136
0|49|88|137
0|49|89|138
0|49|90|139
0|49|91|140
0|49|92|141
0|49|93|142
0|49|94|143
0|49|95|144
0|49|96|145
0|49|97|146
0|49|98|147
0|49|99|148
0|49|100|149
0|49|101|150
0|49|102|151
0|49|103|152
0|49|104|153
0|49|105|154
0|49|106|155
0|49|107|156
0|49|108|157
0|49|109|158
0|49|110|159
0|49|111|160
0|49|112|161
0|49|113|162
0|49|114|163
0|49|115|164
0|49|116|165
0|49|117|166
0|49|118|167
0|49|119|168
0|49|120|169
0|49|121|170
0|49|122|171
0|49|123|172
0|49|124|173
0|49|125|174
0|49|126|175
0|49|127|176
0|49|128|177
0|49|129|178
0|49|130|179
0|49|131|180
0|49|132|181
0|49|133|182
0|49|134|183
0|49|135|184
0|49|136|185
0|49|137|186
0|50|137|187
0|50|138|188
0|50|139|189
0|50|140|190
0|50|141|191
0|50|142|192
0|50|143|193
0|50|144|194
0|50|145|195
0|51|145|196
0|51|146|197
0|51|147|198
0|51|148|199
0|51|149|200
0|51|150|201
0|51|151|202
0|51|152|203
0|51|153|204
0|51|154|205
0|51|155|206
0|51|156|207
0|51|157|208
0|51|158|209
0|52|158|210
0|52|159|211
0|53|159|212
0|53|160|213
0|54|160|214
0|54|161|215
0|55|161|216
0|55|162|217
0|56|162|218
0|56|163|219
0|57|163|220
0|57|164|221
0|58|164|222
0|58|165|223
0|59|165|224
0|59|166|225
0|60|166|226
0|60|167|227
0|61|167|228
0|61|168|229
0|62|168|230
0|62|169|231
0|63|169|232
0|63|170|233
0|64|170|234
0|64|171|235
0|65|171|236
0|65|172|237
0|66|172|238
0|66|173|239
0|67|173|240
0|67|174|241
0|68|174|242
0|68|175|243
0|69|175|244
0|69|176|245
0|70|176|246
0|70|177|247
0|71|177|248
0|71|178|249
0|72|178|250
0|72|179|251
0|73|179|252
0|73|180|253
0|74|180|254
0|74|181|255
0|75|181|256
0|75|182|257
0|76|182|258
0|76|183|259
0|77|183|260
0|77|184|261
0|78|184|262
0|78|185|263
0|79|185|264
0|79|186|265
0|80|186|266
0|80|187|267
0|81|187|268
0|81|188|269
0|82|188|270
0|82|189|271
0|83|189|272
0|83|190|273
0|84|190|274
0|84|191|275
0|85|191|276
0|85|192|277
0|86|192|278
0|86|193|279
0|86|194|280
0|87|194|281
0|88|194|282
0|88|195|283
0|88|196|284
0|88|197|285
0|89|197|286
0|89|198|287
0|90|198|288
0|90|199|289
0|90|200|290
0|90|201|291
0|91|201|292
0|91|202|293
0|91|203|294
0|91|204|295
0|91|205|296
0|91|206|297
0|92|206|298
0|92|207|299
0|92|208|300
0|92|209|301
0|93|209|302
0|94|209|303
0|94|210|304
0|94|211|305
0|94|212|306
0|94|213|307
0|95|213|308
0|95|214|309
0|95|215|310
0|95|216|311
0|96|216|312
0|97|216|313
0|98|216|314
0|98|217|315
0|98|218|316
0|98|219|317
0|99|219|318
0|99|220|319
0|100|220|320
0|100|221|321
0|101|221|322
0|101|222|323
0|102|222|324
1|102|222|325
1|103|222|326
1|103|223|327
1|104|223|328
1|104|224|329
1|105|224|330
1|105|225|331
1|106|225|332
1|106|226|333
1|107|226|334
1|107|227|335
1|108|227|336
1|109|227|337
1|110|227|338
1|110|228|339
1|111|228|340
1|111|229|341
1|112|229|342
1|112|230|343
1|113|230|344
1|113|231|345
1|114|231|346
1|114|232|347
1|115|232|348
1|115|233|349
1|116|233|350
1|116|234|351
1|117|234|352
1|117|235|353
1|118|235|354
1|118|236|355
1|119|236|356
1|119|237|357
1|120|237|358
1|120|238|359
1|121|238|360
1|121|239|361
1|122|239|362
1|122|240|363
1|123|240|364
1|123|241|365
1|124|241|366
1|124|242|367
1|125|242|368
1|125|243|369
1|126|243|370
1|126|244|371
1|127|244|372
1|127|245|373
1|128|245|374
1|128|246|375
1|129|246|376
1|129|247|377
1|130|247|378
1|130|248|379
1|131|248|380
1|131|249|381
1|132|249|382
1|132|250|383
1|133|250|384
1|133|251|385
1|134|251|386
1|134|252|387
1|135|252|388
1|135|253|389
1|136|253|390
1|136|254|391
1|137|254|392
1|137|255|393
1|138|255|394
1|138|256|395
1|139|256|396
1|139|257|397
1|140|257|398
1|140|258|399
1|141|258|400
1|141|259|401
1|142|259|402
1|142|260|403
1|143|260|404
1|143|261|405
1|144|261|406
1|144|262|407
1|145|262|408
1|145|263|409
1|146|263|410
1|146|264|411
1|147|264|412
1|147|265|413
1|148|265|414
1|148|266|415
1|149|266|416
1|149|267|417
1|150|267|418
1|150|268|419
1|151|268|420
1|151|269|421
1|152|269|422
1|152|270|423
1|153|270|424
1|153|271|425
1|154|271|426
1|155|271|427
1|156|271|428
1|156|272|429
1|157|272|430
1|157|273|431
1|158|273|432
1|158|274|433
1|159|274|434
1|159|275|435
1|160|275|436
1|160|276|437
1|161|276|438
1|161|277|439
1|162|277|440
1|162|278|441
1|163|278|442
1|163|279|443
1|164|279|444
1|164|280|445
1|165|280|446
1|166|280|447
1|167|280|448
1|167|281|449
1|168|281|450
1|168|282|451
1|169|282|452
1|169|283|453
1|170|283|454
1|170|284|455
1|171|284|456
1|171|285|457
1|172|285|458
1|172|286|459
1|173|286|460
2|173|286|461
2|174|286|462
2|175|286|463
2|175|287|464
2|176|287|465
2|177|287|466
2|178|287|467
2|178|288|468
2|178|289|469
2|178|290|470
3|178|290|471
3|178|291|472
3|179|291|473
3|180|291|474
4|180|291|475
4|181|291|476
4|181|292|477
4|181|293|478
5|181|293|479
5|181|294|480
5|181|295|481
5|181|296|482
6|181|296|483
6|182|296|484
6|183|296|485
6|184|296|486
6|184|297|487
6|184|298|488
7|184|298|489
7|184|299|490
7|184|300|491
7|185|300|492
7|186|300|493
7|187|300|494
8|187|300|495
8|187|301|496
8|187|302|497
8|188|302|498
8|188|303|499
8|189|303|500
8|189|304|501
8|190|304|502
8|190|305|503
8|191|305|504
8|191|306|505
8|192|306|506
8|192|307|507
8|193|307|508
8|193|308|509
8|194|308|510
8|194|309|511
8|195|309|512
8|195|310|513
8|196|310|514
8|196|311|515
8|197|311|516
8|197|312|517
8|198|312|518
8|198|313|519
8|199|313|520
8|199|314|521
8|200|314|522
8|200|315|523
8|201|315|524
8|201|316|525
8|202|316|526
8|202|317|527
8|203|317|528
8|204|318|530
8|205|318|531
8|205|319|532
8|206|319|533
8|206|320|534
8|207|320|535
8|207|321|536
8|208|321|537
8|208|322|538
8|209|322|539
8|209|323|540
8|210|323|541
8|210|324|542
8|211|324|543
8|211|325|544
8|212|325|545
8|212|326|546
8|212|327|547
8|212|328|548
8|213|328|549
8|213|329|550
8|214|329|551
8|214|330|552
8|215|330|553
8|215|331|554
8|216|331|555
8|216|332|556
8|217|332|557
8|217|333|558
8|218|333|559
8|218|334|560
8|219|334|561
8|219|335|562
8|220|335|563
8|220|336|564
8|221|336|565
8|221|337|566
8|222|337|567
8|222|338|568
8|222|339|569
8|223|339|570
8|223|340|571
8|223|341|572
8|223|342|573
8|223|343|574
8|223|344|575
8|223|345|576
8|223|346|577
8|223|347|578
8|223|348|579
8|223|349|580
8|223|350|581
8|223|351|582
8|223|352|583
8|223|353|584
8|223|354|585
8|223|355|586
8|223|356|587
8|223|357|588
8|223|358|589
8|223|359|590
8|223|360|591
8|223|361|592
8|223|362|593
8|223|363|594
8|223|364|595
8|224|364|596
8|224|365|597
8|224|366|598
8|224|367|599
8|224|368|600
8|224|369|601
8|225|369|602
8|225|370|603
8|225|371|604
8|226|371|605
8|226|372|606
8|227|372|607
8|227|373|608
8|228|373|609
8|228|374|610
8|229|374|611
8|229|375|612
8|230|375|613
8|230|376|614
8|231|376|615
8|231|377|616
8|232|377|617
8|232|378|618
8|233|378|619
8|233|379|620
8|234|379|621
8|234|380|622
8|235|380|623
8|235|381|624
8|236|381|625
8|236|382|626
8|237|382|627
8|237|383|628
8|238|383|629
8|238|384|630
8|239|384|631
8|239|385|632
8|240|385|633
8|240|386|634
8|241|386|635
8|241|387|636
8|242|387|637
8|242|388|638
8|243|388|639
8|243|389|640
8|244|389|641
8|244|390|642
8|245|390|643
8|245|391|644
8|246|391|645
8|246|392|646
8|247|392|647
8|247|393|648
8|248|393|649
8|248|394|650
8|249|394|651
8|249|395|652
8|250|395|653
8|250|396|654
8|251|396|655
8|251|397|656
8|251|398|657
8|251|399|658
8|252|399|659
8|252|400|660
8|253|400|661
8|253|401|662
8|254|401|663
8|254|402|664
8|255|402|665
8|255|403|666
8|256|403|667
8|256|404|668
8|257|404|669
8|257|405|670
8|258|405|671
8|258|406|672
8|259|406|673
8|259|407|674
8|260|407|675
8|260|408|676
8|261|408|677
8|261|409|678
8|262|409|679
8|262|410|680
8|263|410|681
8|263|411|682
8|264|411|683
8|264|412|684
8|265|412|685
8|265|413|686
8|266|413|687
8|266|414|688
8|267|414|689
8|267|415|690
8|268|415|691
8|268|416|692
8|269|416|693
9|269|416|694
9|270|416|695
9|270|417|696
9|271|417|697
9|271|418|698
9|272|418|699
9|272|419|700
9|273|419|701
9|273|420|702
9|274|420|703
9|274|421|704
9|275|421|705
9|275|422|706
9|276|422|707
9|276|423|708
9|277|423|709
9|277|424|710
9|278|424|711
9|278|425|712
9|279|425|713
9|279|426|714
9|280|426|715
9|280|427|716
9|281|427|717
9|281|428|718
9|282|428|719
9|282|429|720
9|283|429|721
9|283|430|722
9|283|431|723
9|283|432|724
9|284|432|725
9|284|433|726
9|284|434|727
9|284|435|728
9|284|436|729
10|284|436|730
10|285|436|731
10|285|437|732
10|285|438|733
10|285|439|734
10|286|439|735
10|286|440|736
10|287|440|737
10|287|441|738
10|288|441|739
10|288|442|740
10|288|443|741
10|288|444|742
10|288|445|743
10|288|446|744
10|288|447|745
10|288|448|746
10|288|449|747
10|288|450|748
10|289|450|749
10|289|451|750
10|290|451|751
10|290|452|752
10|291|452|753
10|291|453|754
10|292|453|755
10|292|454|756
10|293|454|757
10|293|455|758
10|294|455|759
10|294|456|760
10|295|456|761
10|295|457|762
10|296|457|763
10|296|458|764
10|297|458|765
10|297|459|766
10|298|459|767
10|298|460|768
10|299|460|769
10|299|461|770
10|300|461|771
10|300|462|772
10|301|462|773
10|301|463|774
10|302|463|775
10|302|464|776
10|303|464|777
10|303|465|778
10|304|465|779
10|304|466|780
10|305|466|781
10|305|467|782
10|306|467|783
10|306|468|784
10|307|468|785
10|307|469|786
10|308|469|787
10|308|470|788
10|309|470|789
10|309|471|790
10|310|471|791
10|310|472|792
10|311|472|793
10|311|473|794
10|311|474|795
10|311|475|796
10|312|475|797
10|312|476|798
10|313|476|799
10|313|477|800
10|313|478|801
10|313|479|802
10|314|479|803
10|314|480|804
10|315|480|805
10|315|481|806
10|316|481|807
10|316|482|808
10|317|482|809
10|317|483|810
10|318|483|811
10|318|484|812
10|319|484|813
10|319|485|814
10|320|485|815
10|321|485|816
10|322|485|817
10|322|486|818
10|323|486|819
10|323|487|820
10|323|488|821
10|323|489|822
10|323|490|823
10|323|491|824
10|323|492|825
10|323|493|826
10|323|494|827
10|323|495|828
10|323|496|829
10|323|497|830
10|323|498|831
10|323|499|832
10|323|500|833
10|323|501|834
10|323|502|835
10|323|503|836
10|323|504|837
10|323|505|838
10|323|506|839
10|323|507|840
10|323|508|841
10|323|509|842
10|323|510|843
10|323|511|844
10|323|512|845
10|323|513|846
10|323|514|847
10|323|515|848
10|323|516|849
10|323|517|850
10|323|518|851
10|323|519|852
10|323|520|853
10|323|521|854
10|323|522|855
10|323|523|856
10|323|524|857
10|323|525|858
10|323|526|859
10|323|527|860
10|323|528|861
10|323|529|862
10|323|530|863
10|323|531|864
10|323|532|865
10|323|533|866
10|323|534|867
10|323|535|868
10|323|536|869
10|323|537|870
10|323|538|871
10|323|539|872
10|323|540|873
10|323|541|874
10|323|542|875
10|323|543|876
10|323|544|877
10|324|544|878
10|324|545|879
10|324|546|880
10|324|547|881
10|324|548|882
10|324|549|883
10|324|550|884
10|324|551|885
10|325|551|886
10|325|552|887
10|325|553|888
10|325|554|889
10|325|555|890
10|325|556|891
10|325|557|892
10|326|557|893
10|326|558|894
10|327|558|895
10|327|559|896
10|328|559|897
10|328|560|898
10|329|560|899
10|329|561|900
10|330|561|901
10|330|562|902
10|330|563|903
10|330|564|904
10|331|564|905
10|331|565|906
10|332|565|907
10|332|566|908
10|333|566|909
10|333|567|910
10|334|567|911
10|334|568|912
10|335|568|913
10|335|569|914
10|336|569|915
10|336|570|916
10|337|570|917
10|337|571|918
10|338|571|919
10|338|572|920
10|339|572|921
10|339|573|922
10|340|573|923
10|340|574|924
10|341|574|925
10|341|575|926
10|342|575|927
10|342|576|928
10|343|576|929
10|343|577|930
10|344|577|931
10|344|578|932
10|345|578|933
10|345|579|934
10|346|579|935
10|346|580|936
10|346|581|937
10|346|582|938
10|347|582|939
10|347|583|940
10|348|583|941
10|348|584|942
10|349|584|943
10|349|585|944
10|350|585|945
10|350|586|946
10|351|586|947
10|351|587|948
10|352|587|949
10|352|588|950
10|353|588|951
10|354|588|952
10|355|588|953
10|355|589|954
10|356|589|955
10|356|590|956
10|357|590|957
10|357|591|958
10|358|591|959
10|358|592|960
10|359|592|961
10|359|593|962
10|360|593|963
10|360|594|964
10|360|595|965
10|360|596|966
10|361|596|967
10|361|597|968
10|361|598|969
10|361|599|970
10|362|599|971
10|362|600|972
10|362|601|973
10|362|602|974
10|363|602|975
10|363|603|976
10|364|603|977
10|364|604|978
10|365|604|979
10|365|605|980
10|366|605|981
10|366|606|982
10|366|607|983
10|366|608|984
10|366|609|985
10|366|610|986
10|366|611|987
10|366|612|988
10|366|613|989
10|366|614|990
10|366|615|991
10|366|616|992
10|366|617|993
10|366|618|994
10|367|618|995
10|367|619|996
10|368|619|997
10|368|620|998
10|369|620|999
10|369|621|1000
10|370|621|1001
11|370|621|1002
11|371|621|1003
11|371|622|1004
11|372|622|1005
11|372|623|1006
11|373|623|1007
11|373|624|1008
11|374|624|1009
11|374|625|1010
11|375|625|1011
11|375|626|1012
11|376|626|1013
11|376|627|1014
11|377|627|1015
11|377|628|1016
11|378|628|1017
11|378|629|1018
11|379|629|1019
11|379|630|1020
11|380|630|1021
11|380|631|1022
11|381|631|1023
12|381|631|1024
12|382|631|1025
12|382|632|1026
12|383|632|1027
12|383|633|1028
12|384|633|1029
12|385|633|1030
12|386|633|1031
12|386|634|1032
12|387|634|1033
12|387|635|1034
12|388|635|1035
12|388|636|1036
12|388|637|1037
12|388|638|1038
12|389|638|1039
12|389|639|1040
12|390|639|1041
12|390|640|1042
12|391|640|1043
12|391|641|1044
12|392|641|1045
13|392|641|1046
13|393|641|1047
13|393|642|1048
13|394|642|1049
13|394|643|1050
13|395|643|1051
13|395|644|1052
13|396|644|1053
13|396|645|1054
13|397|645|1055
13|397|646|1056
13|398|646|1057
13|398|647|1058
13|398|648|1059
14|398|648|1060
14|399|648|1061
14|399|649|1062
14|399|650|1063
15|399|650|1064
15|400|650|1065
15|400|651|1066
15|401|651|1067
15|401|652|1068
15|402|652|1069
15|402|653|1070
15|403|653|1071
15|403|654|1072
15|404|654|1073
15|404|655|1074
15|405|655|1075
15|405|656|1076
15|406|656|1077
15|406|657|1078
15|407|657|1079
15|407|658|1080
15|408|658|1081
15|408|659|1082
15|409|659|1083
15|409|660|1084
15|410|660|1085
15|410|661|1086
15|411|661|1087
15|411|662|1088
15|412|662|1089
15|412|663|1090
15|413|663|1091
15|413|664|1092
15|414|664|1093
15|414|665|1094
15|415|665|1095
15|415|666|1096
15|416|666|1097
15|416|667|1098
15|417|667|1099
15|417|668|1100
15|418|668|1101
15|418|669|1102
15|419|669|1103
15|419|670|1104
15|420|670|1105
15|420|671|1106
15|421|671|1107
15|421|672|1108
15|422|672|1109
15|423|672|1110
15|424|672|1111
15|424|673|1112
15|425|673|1113
15|425|674|1114
15|426|674|1115
15|426|675|1116
15|427|675|1117
15|428|675|1118
15|429|675|1119
15|429|676|1120
15|430|676|1121
15|430|677|1122
15|431|677|1123
15|432|677|1124
15|433|677|1125
15|433|678|1126
15|434|678|1127
15|434|679|1128
15|435|679|1129
15|435|680|1130
15|436|680|1131
15|436|681|1132
15|437|681|1133
15|437|682|1134
15|438|682|1135
15|438|683|1136
15|439|683|1137
15|439|684|1138
15|440|684|1139
15|440|685|1140
15|441|685|1141
15|441|686|1142
15|442|686|1143
15|442|687|1144
15|442|688|1145
16|442|688|1146
16|443|688|1147
17|443|688|1148
17|443|689|1149
18|443|689|1150
18|443|690|1151
18|443|691|1152
18|444|691|1153
18|444|692|1154
18|445|692|1155
19|445|692|1156
19|446|692|1157
19|447|692|1158
19|447|693|1159
20|447|693|1160
20|448|693|1161
20|449|693|1162
20|450|693|1163
20|450|694|1164
20|451|694|1165
20|451|695|1166
20|451|696|1167
21|451|696|1168
21|451|697|1169
22|451|697|1170
22|451|698|1171
22|451|699|1172
22|451|700|1173
23|451|700|1174
23|452|700|1175
23|452|701|1176
23|453|701|1177
24|453|701|1178
24|453|702|1179
25|453|702|1180
25|454|702|1181
25|454|703|1182
25|455|703|1183
25|455|704|1184
25|456|704|1185
25|456|705|1186
25|457|705|1187
25|457|706|1188
25|458|706|1189
25|458|707|1190
25|459|707|1191
25|459|708|1192
25|460|708|1193
25|460|709|1194
25|461|709|1195
25|461|710|1196
25|462|710|1197
25|462|711|1198
25|463|711|1199
25|463|712|1200
25|464|712|1201
25|464|713|1202
25|465|713|1203
25|465|714|1204
25|466|714|1205
25|466|715|1206
25|467|715|1207
25|467|716|1208
25|468|716|1209
25|468|717|1210
25|469|717|1211
25|469|718|1212
25|470|718|1213
25|470|719|1214
25|471|719|1215
25|471|720|1216
25|471|721|1217
25|471|722|1218
25|472|722|1219
25|472|723|1220
25|472|724|1221
25|472|725|1222
25|473|725|1223
25|473|726|1224
25|474|726|1225
25|474|727|1226
25|474|728|1227
25|474|729|1228
25|475|729|1229
25|475|730|1230
25|476|730|1231
25|476|731|1232
25|477|731|1233
25|477|732|1234
25|477|733|1235
25|477|734|1236
25|478|734|1237
25|478|735|1238
25|479|735|1239
25|479|736|1240
25|480|736|1241
25|480|737|1242
25|481|737|1243
25|481|738|1244
25|482|738|1245
25|482|739|1246
25|483|739|1247
25|483|740|1248
25|484|740|1249
25|484|741|1250
25|485|741|1251
25|485|742|1252
25|486|742|1253
25|487|742|1254
25|488|742|1255
25|489|742|1256
25|490|742|1257
25|490|743|1258
25|491|743|1259
25|491|744|1260
25|492|744|1261
25|492|745|1262
25|493|745|1263
25|494|745|1264
25|495|745|1265
25|495|746|1266
25|496|746|1267
25|496|747|1268
25|497|747|1269
25|497|748|1270
25|498|748|1271
25|498|749|1272
25|499|749|1273
25|499|750|1274
25|500|750|1275
25|500|751|1276
25|501|751|1277
25|501|752|1278
25|502|752|1279
25|502|753|1280
25|503|753|1281
25|503|754|1282
25|504|754|1283
25|505|754|1284
25|506|754|1285
25|506|755|1286
25|507|755|1287
25|508|755|1288
25|509|755|1289
25|509|756|1290
25|510|756|1291
25|510|757|1292
25|511|757|1293
25|511|758|1294
25|512|758|1295
25|512|759|1296
25|513|759|1297
25|513|760|1298
25|514|760|1299
25|514|761|1300
25|515|761|1301
25|515|762|1302
25|516|762|1303
25|516|763|1304
25|517|763|1305
25|517|764|1306
25|518|764|1307
25|518|765|1308
25|519|765|1309
25|519|766|1310
25|520|766|1311
25|520|767|1312
25|521|767|1313
25|521|768|1314
25|522|768|1315
25|522|769|1316
25|523|769|1317
25|523|770|1318
25|524|770|1319
25|524|771|1320
25|525|771|1321
25|525|772|1322
25|526|772|1323
25|526|773|1324
25|526|774|1325
25|526|775|1326
25|527|775|1327
25|527|776|1328
25|528|776|1329
25|528|777|1330
25|529|777|1331
25|529|778|1332
25|530|778|1333
25|530|779|1334
25|530|780|1335
25|530|781|1336
25|531|781|1337
25|531|782|1338
25|532|782|1339
25|532|783|1340
25|533|783|1341
25|533|784|1342
25|534|784|1343
25|534|785|1344
25|535|785|1345
25|535|786|1346
25|536|786|1347
25|536|787|1348
25|537|787|1349
25|537|788|1350
25|537|789|1351
25|537|790|1352
25|538|790|1353
25|538|791|1354
25|539|791|1355
25|539|792|1356
25|540|792|1357
25|540|793|1358
25|541|793|1359
25|541|794|1360
25|542|794|1361
25|542|795|1362
25|543|795|1363
25|543|796|1364
25|544|796|1365
25|544|797|1366
25|545|797|1367
25|545|798|1368
25|546|798|1369
25|546|799|1370
25|547|799|1371
25|547|800|1372
25|548|800|1373
25|548|801|1374
25|549|801|1375
25|549|802|1376
25|550|802|1377
25|550|803|1378
25|551|803|1379
25|551|804|1380
25|552|804|1381
25|552|805|1382
25|553|805|1383
25|553|806|1384
25|554|806|1385
25|554|807|1386
25|555|807|1387
25|555|808|1388
25|556|808|1389
25|556|809|1390
25|557|809|1391
25|557|810|1392
25|558|810|1393
25|558|811|1394
25|559|811|1395
25|559|812|1396
25|559|813|1397
25|559|814|1398
25|559|815|1399
25|559|816|1400
25|559|817|1401
25|559|818|1402
25|559|819|1403
25|559|820|1404
25|560|820|1405
25|561|820|1406
25|561|821|1407
25|561|822|1408
25|561|823|1409
25|561|824|1410
25|561|825|1411
25|561|826|1412
25|562|826|1413
25|563|826|1414
25|564|826|1415
25|564|827|1416
25|564|828|1417
25|564|829|1418
25|564|830|1419
26|564|830|1420
26|565|830|1421
26|565|831|1422
26|565|832|1423
26|565|833|1424
26|565|834|1425
26|566|834|1426
26|566|835|1427
26|566|836|1428
26|566|837|1429
26|566|838|1430
26|566|839|1431
26|566|840|1432
26|567|840|1433
26|567|841|1434
26|568|841|1435
26|568|842|1436
26|569|842|1437
26|569|843|1438
26|570|843|1439
26|570|844|1440
26|571|844|1441
26|571|845|1442
26|572|845|1443
26|572|846|1444
26|573|846|1445
26|573|847|1446
26|574|847|1447
26|574|848|1448
26|575|848|1449
26|575|849|1450
26|576|849|1451
26|576|850|1452
26|577|850|1453
26|577|851|1454
26|578|851|1455
26|578|852|1456
26|579|852|1457
26|579|853|1458
26|580|853|1459
26|580|854|1460
26|581|854|1461
26|581|855|1462
26|582|855|1463
26|582|856|1464
26|583|856|1465
26|583|857|1466
26|584|857|1467
26|584|858|1468
26|584|859|1469
27|584|859|1470
27|585|859|1471
27|585|860|1472
27|585|861|1473
28|585|861|1474
28|586|861|1475
28|586|862|1476
28|587|862|1477
28|587|863|1478
28|587|864|1479
29|587|864|1480
29|588|864|1481
29|588|865|1482
29|588|866|1483
29|588|867|1484
29|589|867|1485
29|589|868|1486
29|590|868|1487
29|590|869|1488
29|590|870|1489
29|590|871|1490
29|591|871|1491
29|591|872|1492
29|591|873|1493
30|591|873|1494
30|592|873|1495
30|592|874|1496
30|592|875|1497
30|592|876|1498
30|592|877|1499
30|592|878|1500
30|592|879|1501
31|592|879|1502
31|592|880|1503
31|592|881|1504
31|592|882|1505
31|592|883|1506
31|592|884|1507
31|592|885|1508
31|592|886|1509
31|592|887|1510
31|592|888|1511
31|592|889|1512
31|592|890|1513
31|592|891|1514
31|592|892|1515
31|592|893|1516
31|592|894|1517
31|592|895|1518
31|592|896|1519
31|592|897|1520
31|592|898|1521
31|592|899|1522
31|592|900|1523
31|592|901|1524
31|592|902|1525
31|592|903|1526
31|592|904|1527
31|592|905|1528
31|592|906|1529
31|592|907|1530
31|592|908|1531
31|592|909|1532
31|592|910|1533
31|592|911|1534
31|592|912|1535
31|592|913|1536
31|592|914|1537
31|592|915|1538
31|592|916|1539
31|592|917|1540
31|592|918|1541
31|593|918|1542
31|593|919|1543
31|594|919|1544
31|594|920|1545
31|595|920|1546
31|595|921|1547
31|595|922|1548
31|595|923|1549
31|595|924|1550
31|595|925|1551
31|595|926|1552
31|595|927|1553
31|595|928|1554
31|595|929|1555
31|595|930|1556
31|595|931|1557
31|596|931|1558
31|596|932|1559
31|596|933|1560
31|596|934|1561
31|596|935|1562
31|596|936|1563
31|597|936|1564
31|597|937|1565
31|597|938|1566
31|597|939|1567
31|597|940|1568
31|597|941|1569
31|597|942|1570
31|597|943|1571
31|597|944|1572
31|597|945|1573
31|597|946|1574
31|597|947|1575
31|598|947|1576
31|599|947|1577
31|599|948|1578
31|600|948|1579
31|600|949|1580
31|601|949|1581
31|601|950|1582
31|602|950|1583
31|602|951|1584
31|603|951|1585
31|603|952|1586
31|604|952|1587
31|604|953|1588
31|605|953|1589
31|605|954|1590
31|606|954|1591
31|606|955|1592
31|607|955|1593
31|607|956|1594
31|608|956|1595
31|608|957|1596
31|609|957|1597
31|609|958|1598
31|610|958|1599
31|610|959|1600
31|611|959|1601
31|611|960|1602
31|612|960|1603
31|612|961|1604
31|613|961|1605
31|613|962|1606
31|614|962|1607
31|614|963|1608
31|615|963|1609
31|615|964|1610
31|615|965|1611
31|615|966|1612
31|616|966|1613
31|616|967|1614
31|617|967|1615
31|618|967|1616
31|619|967|1617
31|619|968|1618
31|620|968|1619
31|620|969|1620
31|621|969|1621
31|621|970|1622
31|622|970|1623
31|622|971|1624
31|623|971|1625
31|623|972|1626
31|624|972|1627
31|624|973|1628
31|625|973|1629
31|625|974|1630
31|626|974|1631
31|626|975|1632
31|627|975|1633
31|627|976|1634
31|628|976|1635
31|628|977|1636
31|629|977|1637
31|629|978|1638
31|630|978|1639
31|630|979|1640
31|631|979|1641
31|631|980|1642
31|632|980|1643
31|632|981|1644
31|633|981|1645
31|633|982|1646
31|634|982|1647
31|634|983|1648
31|635|983|1649
31|635|984|1650
31|636|984|1651
31|636|985|1652
31|637|985|1653
31|637|986|1654
31|637|987|1655
31|637|988|1656
31|637|989|1657
31|638|989|1658
31|639|989|1659
31|639|990|1660
31|640|990|1661
31|640|991|1662
31|641|991|1663
31|641|992|1664
31|641|993|1665
32|641|993|1666
32|641|994|1667
32|641|995|1668
32|641|996|1669
32|641|997|1670
32|641|998|1671
32|641|999|1672
32|642|999|1673
32|642|1000|1674
32|642|1001|1675
32|642|1002|1676
32|642|1003|1677
32|642|1004|1678
32|642|1005|1679
32|642|1006|1680
32|643|1006|1681
32|644|1006|1682
32|645|1006|1683
32|645|1007|1684
32|646|1007|1685
32|646|1008|1686
32|647|1008|1687
32|647|1009|1688
32|648|1009|1689
32|648|1010|1690
32|649|1010|1691
32|649|1011|1692
32|650|1011|1693
32|650|1012|1694
32|651|1012|1695
32|651|1013|1696
32|652|1013|1697
32|652|1014|1698
32|653|1014|1699
32|653|1015|1700
32|654|1015|1701
32|654|1016|1702
32|655|1016|1703
32|655|1017|1704
32|656|1017|1705
32|656|1018|1706
32|657|1018|1707
32|657|1019|1708
32|658|1019|1709
32|658|1020|1710
32|659|1020|1711
32|659|1021|1712
32|660|1021|1713
32|660|1022|1714
32|661|1022|1715
32|661|1023|1716
32|662|1023|1717
32|662|1024|1718
32|663|1024|1719
32|663|1025|1720
32|664|1025|1721
32|664|1026|1722
32|665|1026|1723
32|665|1027|1724
32|666|1027|1725
32|666|1028|1726
32|667|1028|1727
32|667|1029|1728
32|668|1029|1729
32|668|1030|1730
32|669|1030|1731
32|669|1031|1732
32|670|1031|1733
32|670|1032|1734
32|671|1032|1735
32|671|1033|1736
32|671|1034|1737
32|671|1035|1738
32|672|1035|1739
32|672|1036|1740
32|673|1036|1741
32|673|1037|1742
32|674|1037|1743
32|674|1038|1744
32|675|1038|1745
32|675|1039|1746
32|676|1039|1747
32|676|1040|1748
32|677|1040|1749
32|677|1041|1750
32|678|1041|1751
32|678|1042|1752
32|679|1042|1753
32|679|1043|1754
32|680|1043|1755
32|680|1044|1756
32|681|1044|1757
32|681|1045|1758
32|682|1045|1759
32|682|1046|1760
32|683|1046|1761
32|683|1047|1762
32|684|1047|1763
32|684|1048|1764
32|685|1048|1765
32|685|1049|1766
32|686|1049|1767
32|686|1050|1768
32|687|1050|1769
32|687|1051|1770
32|688|1051|1771
32|688|1052|1772
32|689|1052|1773
32|689|1053|1774
32|690|1053|1775
32|690|1054|1776
32|691|1054|1777
32|691|1055|1778
32|692|1055|1779
32|692|1056|1780
32|693|1056|1781
32|693|1057|1782
32|694|1057|1783
32|694|1058|1784
32|695|1058|1785
32|695|1059|1786
32|696|1059|1787
32|696|1060|1788
32|697|1060|1789
32|697|1061|1790
32|698|1061|1791
32|698|1062|1792
32|699|1062|1793
32|699|1063|1794
32|700|1063|1795
32|700|1064|1796
32|701|1064|1797
32|701|1065|1798
32|702|1065|1799
32|702|1066|1800
32|703|1066|1801
32|703|1067|1802
32|704|1067|1803
32|704|1068|1804
32|705|1068|1805
32|705|1069|1806
32|706|1069|1807
32|706|1070|1808
32|707|1070|1809
32|707|1071|1810
32|708|1071|1811
32|708|1072|1812
32|709|1072|1813
32|709|1073|1814
32|710|1073|1815
32|710|1074|1816
32|711|1074|1817
32|711|1075|1818
32|712|1075|1819
32|712|1076|1820
32|713|1076|1821
32|713|1077|1822
32|714|1077|1823
32|714|1078|1824
32|715|1078|1825
32|715|1079|1826
32|716|1079|1827
32|716|1080|1828
32|717|1080|1829
32|718|1080|1830
32|719|1080|1831
32|719|1081|1832
32|719|1082|1833
32|719|1083|1834
32|719|1084|1835
32|720|1084|1836
32|721|1084|1837
33|721|1084|1838
33|721|1085|1839
33|721|1086|1840
33|721|1087|1841
34|721|1087|1842
34|722|1087|1843
34|722|1088|1844
34|722|1089|1845
34|723|1089|1846
34|724|1089|1847
34|724|1090|1848
34|725|1090|1849
35|725|1090|1850
35|725|1091|1851
35|725|1092|1852
35|725|1093|1853
35|725|1094|1854
35|725|1095|1855
36|725|1095|1856
36|725|1096|1857
36|725|1097|1858
36|726|1097|1859
37|726|1097|1860
37|727|1097|1861
37|727|1098|1862
37|728|1098|1863
38|728|1098|1864
38|729|1098|1865
38|729|1099|1866
38|730|1099|1867
38|730|1100|1868
38|731|1100|1869
38|731|1101|1870
38|732|1101|1871
38|732|1102|1872
38|733|1102|1873
38|733|1103|1874
38|734|1103|1875
38|734|1104|1876
38|735|1104|1877
38|735|1105|1878
38|736|1105|1879
38|736|1106|1880
38|737|1106|1881
38|737|1107|1882
38|738|1107|1883
38|738|1108|1884
38|739|1108|1885
38|739|1109|1886
38|740|1109|1887
38|740|1110|1888
38|741|1110|1889
38|741|1111|1890
38|742|1111|1891
38|742|1112|1892
38|743|1112|1893
38|743|1113|1894
38|744|1113|1895
38|744|1114|1896
38|745|1114|1897
38|745|1115|1898
38|746|1115|1899
38|746|1116|1900
38|746|1117|1901
38|746|1118|1902
38|747|1118|1903
38|747|1119|1904
38|748|1119|1905
38|748|1120|1906
38|749|1120|1907
38|749|1121|1908
38|750|1121|1909
38|750|1122|1910
38|750|1123|1911
38|750|1124|1912
38|751|1124|1913
38|751|1125|1914
38|752|1125|1915
38|752|1126|1916
38|752|1127|1917
38|752|1128|1918
38|753|1128|1919
38|753|1129|1920
38|754|1129|1921
38|754|1130|1922
38|755|1130|1923
38|755|1131|1924
38|756|1131|1925
38|756|1132|1926
38|757|1132|1927
38|757|1133|1928
38|758|1133|1929
38|758|1134|1930
38|758|1135|1931
38|758|1136|1932
38|759|1136|1933
38|759|1137|1934
38|760|1137|1935
38|760|1138|1936
38|761|1138|1937
38|761|1139|1938
38|762|1139|1939
38|762|1140|1940
38|763|1140|1941
38|763|1141|1942
38|764|1141|1943
38|764|1142|1944
38|765|1142|1945
38|765|1143|1946
38|766|1143|1947
38|766|1144|1948
38|767|1144|1949
38|767|1145|1950
38|768|1145|1951
38|768|1146|1952
38|769|1146|1953
38|769|1147|1954
38|770|1147|1955
38|770|1148|1956
38|771|1148|1957
38|771|1149|1958
38|772|1149|1959
38|772|1150|1960
38|773|1150|1961
38|773|1151|1962
38|774|1151|1963
38|774|1152|1964
38|775|1152|1965
38|775|1153|1966
38|776|1153|1967
38|777|1153|1968
38|778|1153|1969
38|778|1154|1970
38|779|1154|1971
38|779|1155|1972
38|779|1156|1973
38|779|1157|1974
38|779|1158|1975
38|779|1159|1976
38|779|1160|1977
38|779|1161|1978
38|779|1162|1979
38|779|1163|1980
38|779|1164|1981
38|779|1165|1982
38|779|1166|1983
38|779|1167|1984
38|779|1168|1985
39|779|1168|1986
39|779|1169|1987
39|779|1170|1988
39|779|1171|1989
39|779|1172|1990
39|779|1173|1991
40|779|1173|1992
40|779|1174|1993
41|779|1174|1994
41|779|1175|1995
41|779|1176|1996
41|779|1177|1997
41|779|1178|1998
41|779|1179|1999
42|779|1179|2000
