total
0|0|1|1
0|1|1|2
0|1|2|3
0|2|2|4
0|2|3|5
0|3|3|6
0|3|4|7
0|4|4|8
0|4|5|9
0|5|5|10
0|5|6|11
0|6|6|12
0|6|7|13
0|7|7|14
0|7|8|15
0|8|8|16
0|8|9|17
0|9|9|18
0|9|10|19
0|10|10|20
0|10|11|21
0|11|11|22
0|11|12|23
0|12|12|24
0|12|13|25
0|13|13|26
0|13|14|27
0|14|14|28
0|14|15|29
0|15|15|30
0|15|16|31
0|16|16|32
0|16|17|33
0|17|17|34
0|17|18|35
0|18|18|36
0|18|19|37
0|19|19|38
0|19|20|39
0|20|20|40
0|20|21|41
0|21|21|42
0|21|22|43
0|22|22|44
0|22|23|45
0|23|23|46
0|23|24|47
0|24|24|48
0|24|25|49
0|25|25|50
0|25|26|51
0|26|26|52
0|26|27|53
0|27|27|54
0|27|28|55
0|28|28|56
0|28|29|57
0|29|29|58
0|29|30|59
0|30|30|60
0|30|31|61
0|31|31|62
0|31|32|63
0|32|32|64
0|32|33|65
0|33|33|66
0|33|34|67
0|34|34|68
0|34|35|69
0|35|35|70
0|35|36|71
0|36|36|72
0|36|37|73
0|37|37|74
0|37|38|75
0|38|38|76
0|38|39|77
0|39|39|78
0|39|40|79
0|40|40|80
0|40|41|81
0|41|41|82
0|41|42|83
0|42|42|84
0|42|43|85
0|43|43|86
0|43|44|87
0|44|44|88
0|44|45|89
0|45|45|90
0|45|46|91
0|46|46|92
0|46|47|93
0|47|47|94
0|47|48|95
0|48|48|96
0|48|49|97
0|49|49|98
0|49|50|99
0|50|50|100
0|50|51|101
0|51|51|102
0|51|52|103
0|52|52|104
0|52|53|105
0|53|53|106
0|53|54|107
0|54|54|108
0|54|55|109
0|55|55|110
0|55|56|111
0|56|56|112
0|56|57|113
0|57|57|114
0|57|58|115
0|58|58|116
0|58|59|117
0|59|59|118
0|59|60|119
0|60|60|120
0|60|61|121
0|61|61|122
0|61|62|123
0|62|62|124
0|62|63|125
0|63|63|126
0|63|64|127
0|64|64|128
0|64|65|129
0|65|65|130
0|65|66|131
0|66|66|132
0|66|67|133
0|67|67|134
0|67|68|135
0|68|68|136
0|68|69|137
0|69|69|138
0|69|70|139
0|70|70|140
0|70|71|141
0|71|71|142
0|71|72|143
0|72|72|144
0|72|73|145
0|73|73|146
0|73|74|147
0|74|74|148
0|74|75|149
0|75|75|150
0|75|76|151
0|76|76|152
0|76|77|153
0|77|77|154
0|77|78|155
0|78|78|156
0|78|79|157
0|79|79|158
0|79|80|159
0|80|80|160
0|80|81|161
0|81|81|162
0|81|82|163
0|82|82|164
0|82|83|165
0|83|83|166
0|83|84|167
0|84|84|168
0|84|85|169
0|85|85|170
0|85|86|171
0|86|86|172
0|86|87|173
0|87|87|174
0|87|88|175
0|88|88|176
0|88|89|177
0|89|89|178
0|89|90|179
0|90|90|180
0|90|91|181
0|91|91|182
0|91|92|183
0|92|92|184
0|92|93|185
0|93|93|186
0|93|94|187
0|94|94|188
0|94|95|189
0|95|95|190
0|95|96|191
0|96|96|192
0|96|97|193
0|97|97|194
0|97|98|195
0|98|98|196
0|98|99|197
0|99|99|198
0|99|100|199
0|100|100|200
0|100|101|201
0|101|101|202
0|101|102|203
0|102|102|204
0|102|103|205
0|103|103|206
0|103|104|207
0|104|104|208
0|104|105|209
0|105|105|210
0|105|106|211
0|106|106|212
0|106|107|213
0|107|107|214
0|107|108|215
0|108|108|216
0|108|109|217
0|109|109|218
0|109|110|219
0|110|110|220
0|110|111|221
0|111|111|222
0|111|112|223
0|112|112|224
0|112|113|225
0|113|113|226
0|113|114|227
0|114|114|228
0|114|115|229
0|115|115|230
0|115|116|231
0|116|116|232
0|116|117|233
0|117|117|234
0|117|118|235
0|118|118|236
0|118|119|237
0|119|119|238
0|119|120|239
0|120|120|240
0|120|121|241
0|121|121|242
0|121|122|243
0|122|122|244
0|122|123|245
0|123|123|246
0|123|124|247
0|124|124|248
0|124|125|249
0|125|125|250
0|125|126|251
0|126|126|252
0|126|127|253
0|127|127|254
0|127|128|255
0|128|128|256
0|128|129|257
0|129|129|258
0|129|130|259
0|130|130|260
0|130|131|261
0|131|131|262
0|131|132|263
0|132|132|264
0|132|133|265
0|133|133|266
0|133|134|267
0|134|134|268
0|134|135|269
0|135|135|270
0|135|136|271
0|136|136|272
0|136|137|273
0|137|137|274
0|137|138|275
0|138|138|276
0|138|139|277
0|139|139|278
0|139|140|279
0|140|140|280
0|140|141|281
0|141|141|282
0|141|142|283
0|142|142|284
0|142|143|285
0|143|143|286
0|143|144|287
0|144|144|288
0|144|145|289
0|145|145|290
0|145|146|291
0|146|146|292
0|146|147|293
0|147|147|294
0|147|148|295
0|148|148|296
0|148|149|297
0|149|149|298
0|149|150|299
0|150|150|300
0|150|151|301
0|151|151|302
0|151|152|303
0|152|152|304
0|152|153|305
0|153|153|306
0|153|154|307
0|154|154|308
0|154|155|309
0|155|155|310
0|155|156|311
0|156|156|312
0|156|157|313
0|157|157|314
0|157|158|315
0|158|158|316
0|158|159|317
0|159|159|318
0|159|160|319
0|160|160|320
0|160|161|321
0|161|161|322
0|161|162|323
0|162|162|324
0|162|163|325
0|163|163|326
0|163|164|327
0|164|164|328
0|164|165|329
0|165|165|330
0|165|166|331
0|166|166|332
0|166|167|333
0|167|167|334
0|167|168|335
0|168|168|336
0|168|169|337
0|169|169|338
0|169|170|339
0|170|170|340
0|170|171|341
0|171|171|342
0|171|172|343
0|172|172|344
0|172|173|345
0|173|173|346
0|173|174|347
0|174|174|348
0|174|175|349
0|175|175|350
0|175|176|351
0|176|176|352
0|176|177|353
0|177|177|354
0|177|178|355
0|178|178|356
0|178|179|357
0|179|179|358
0|179|180|359
0|180|180|360
0|180|181|361
0|181|181|362
0|181|182|363
0|182|182|364
0|182|183|365
0|183|183|366
0|183|184|367
0|184|184|368
0|184|185|369
0|185|185|370
0|185|186|371
0|186|186|372
0|186|187|373
0|187|187|374
0|187|188|375
0|188|188|376
0|188|189|377
0|189|189|378
0|189|190|379
0|190|190|380
0|190|191|381
0|191|191|382
0|191|192|383
0|192|192|384
0|192|193|385
0|193|193|386
0|193|194|387
0|194|194|388
0|194|195|389
0|195|195|390
0|195|196|391
0|196|196|392
0|196|197|393
0|197|197|394
0|197|198|395
0|198|198|396
0|198|199|397
0|199|199|398
0|199|200|399
0|200|200|400
0|200|201|401
0|201|201|402
0|201|202|403
0|202|202|404
0|202|203|405
0|203|203|406
0|203|204|407
0|204|204|408
0|204|205|409
0|205|205|410
0|205|206|411
0|206|206|412
0|206|207|413
0|207|207|414
0|207|208|415
0|208|208|416
0|208|209|417
0|209|209|418
0|209|210|419
0|210|210|420
0|210|211|421
0|211|211|422
0|211|212|423
0|212|212|424
0|212|213|425
0|213|213|426
0|213|214|427
0|214|214|428
0|214|215|429
0|215|215|430
0|215|216|431
0|216|216|432
0|216|217|433
0|217|217|434
0|217|218|435
0|218|218|436
0|218|219|437
0|219|219|438
0|219|220|439
0|220|220|440
0|220|221|441
0|221|221|442
0|221|222|443
0|222|222|444
0|222|223|445
0|223|223|446
0|223|224|447
0|224|224|448
0|224|225|449
0|225|225|450
0|225|226|451
0|226|226|452
0|226|227|453
0|227|227|454
0|227|228|455
0|228|228|456
0|228|229|457
0|229|229|458
0|229|230|459
0|230|230|460
0|230|231|461
0|231|231|462
0|231|232|463
0|232|232|464
0|232|233|465
0|233|233|466
0|233|234|467
0|234|234|468
0|234|235|469
0|235|235|470
0|235|236|471
0|236|236|472
0|236|237|473
0|237|237|474
0|237|238|475
0|238|238|476
0|238|239|477
0|239|239|478
0|239|240|479
0|240|240|480
0|240|241|481
0|241|241|482
0|241|242|483
0|242|242|484
0|242|243|485
0|243|243|486
0|243|244|487
0|244|244|488
0|244|245|489
0|245|245|490
0|245|246|491
0|246|246|492
0|246|247|493
0|247|247|494
0|247|248|495
0|248|248|496
0|248|249|497
0|249|249|498
0|249|250|499
0|250|250|500
0|250|251|501
0|251|251|502
0|251|252|503
0|252|252|504
0|252|253|505
0|253|253|506
0|253|254|507
0|254|254|508
0|254|255|509
0|255|255|510
0|255|256|511
0|256|256|512
0|256|257|513
0|257|257|514
0|257|258|515
0|258|258|516
0|258|259|517
0|259|259|518
0|259|260|519
0|260|260|520
0|260|261|521
0|261|261|522
0|261|262|523
0|262|262|524
0|262|263|525
0|263|263|526
0|263|264|527
0|264|264|528
0|264|265|529
0|265|265|530
0|265|266|531
0|266|266|532
0|266|267|533
0|267|267|534
0|267|268|535
0|268|268|536
0|268|269|537
0|269|269|538
0|269|270|539
0|270|270|540
0|270|271|541
0|271|271|542
0|271|272|543
0|272|272|544
0|272|273|545
0|273|273|546
0|273|274|547
0|274|274|548
0|274|275|549
0|275|275|550
0|275|276|551
0|276|276|552
0|276|277|553
0|277|277|554
0|277|278|555
0|278|278|556
0|278|279|557
0|279|279|558
0|279|280|559
0|280|280|560
0|280|281|561
0|281|281|562
0|281|282|563
0|282|282|564
0|282|283|565
0|283|283|566
0|283|284|567
0|284|284|568
0|284|285|569
0|285|285|570
0|285|286|571
0|286|286|572
0|286|287|573
0|287|287|574
0|287|288|575
0|288|288|576
0|288|289|577
0|289|289|578
0|289|290|579
0|290|290|580
0|290|291|581
0|291|291|582
0|291|292|583
0|292|292|584
0|292|293|585
0|293|293|586
0|293|294|587
0|294|294|588
0|294|295|589
0|295|295|590
0|295|296|591
0|296|296|592
0|296|297|593
0|297|297|594
0|297|298|595
0|298|298|596
0|298|299|597
0|299|299|598
0|299|300|599
0|300|300|600
0|300|301|601
0|301|301|602
0|301|302|603
0|302|302|604
0|302|303|605
0|303|303|606
0|303|304|607
0|304|304|608
0|304|305|609
0|305|305|610
0|305|306|611
0|306|306|612
0|306|307|613
0|307|307|614
0|307|308|615
0|308|308|616
0|308|309|617
0|309|309|618
0|309|310|619
0|310|310|620
0|310|311|621
0|311|311|622
0|311|312|623
0|312|312|624
0|312|313|625
0|313|313|626
0|313|314|627
0|314|314|628
0|314|315|629
0|315|315|630
0|315|316|631
0|316|316|632
0|316|317|633
0|317|317|634
0|317|318|635
0|318|318|636
0|318|319|637
0|319|319|638
0|319|320|639
0|320|320|640
0|320|321|641
0|321|321|642
0|322|322|644
0|323|322|645
0|323|323|646
0|324|323|647
0|324|324|648
0|325|324|649
0|325|325|650
0|326|325|651
0|326|326|652
0|327|326|653
0|327|327|654
0|328|327|655
0|328|328|656
0|329|328|657
0|329|329|658
0|330|329|659
0|330|330|660
0|331|330|661
0|331|331|662
0|332|331|663
0|332|332|664
0|333|332|665
0|333|333|666
0|334|333|667
0|334|334|668
0|335|334|669
0|335|335|670
0|336|335|671
0|336|336|672
0|337|336|673
0|337|337|674
0|338|337|675
0|338|338|676
0|339|338|677
0|339|339|678
0|340|339|679
0|340|340|680
0|341|340|681
0|341|341|682
0|342|341|683
0|342|342|684
0|343|342|685
0|343|343|686
0|344|343|687
0|344|344|688
0|345|344|689
0|345|345|690
0|346|345|691
0|346|346|692
0|347|346|693
0|347|347|694
0|348|347|695
0|348|348|696
0|349|348|697
0|349|349|698
0|350|349|699
0|350|350|700
0|351|350|701
0|351|351|702
0|352|351|703
0|352|352|704
0|353|352|705
0|353|353|706
0|354|353|707
0|354|354|708
0|355|354|709
0|355|355|710
0|356|355|711
0|356|356|712
0|357|356|713
0|357|357|714
0|358|357|715
0|358|358|716
0|359|358|717
0|359|359|718
0|360|359|719
0|360|360|720
0|361|360|721
0|361|361|722
0|362|361|723
0|362|362|724
0|363|362|725
0|363|363|726
0|364|363|727
0|364|364|728
0|365|364|729
0|365|365|730
0|366|365|731
0|366|366|732
0|367|366|733
0|367|367|734
0|368|367|735
0|368|368|736
0|369|368|737
0|369|369|738
0|370|369|739
0|370|370|740
0|371|370|741
0|371|371|742
0|372|371|743
0|372|372|744
0|373|372|745
0|373|373|746
0|374|373|747
0|374|374|748
0|375|374|749
0|375|375|750
0|376|375|751
0|376|376|752
0|377|376|753
0|377|377|754
0|378|377|755
0|378|378|756
0|379|378|757
0|379|379|758
0|380|379|759
0|380|380|760
0|381|380|761
0|381|381|762
0|382|381|763
0|382|382|764
0|383|382|765
0|383|383|766
0|384|383|767
0|384|384|768
0|385|384|769
0|385|385|770
0|386|385|771
0|386|386|772
0|387|386|773
0|387|387|774
0|388|387|775
0|388|388|776
0|389|388|777
0|389|389|778
0|390|389|779
0|390|390|780
0|391|390|781
0|391|391|782
0|392|391|783
0|392|392|784
0|393|392|785
0|393|393|786
0|394|393|787
0|394|394|788
0|395|394|789
0|395|395|790
0|396|395|791
0|396|396|792
0|397|396|793
0|397|397|794
0|398|397|795
0|398|398|796
0|399|398|797
0|399|399|798
0|400|399|799
0|400|400|800
0|401|400|801
0|401|401|802
0|402|401|803
0|402|402|804
0|403|402|805
0|403|403|806
0|404|403|807
0|404|404|808
0|405|404|809
0|405|405|810
0|406|405|811
0|406|406|812
0|407|406|813
0|407|407|814
0|408|407|815
0|408|408|816
0|409|408|817
0|409|409|818
0|410|409|819
0|410|410|820
0|411|410|821
0|411|411|822
0|412|411|823
0|412|412|824
0|413|412|825
0|413|413|826
0|414|413|827
0|414|414|828
0|415|414|829
0|415|415|830
0|416|415|831
0|416|416|832
0|417|416|833
0|417|417|834
0|418|417|835
0|418|418|836
0|419|418|837
0|419|419|838
0|420|419|839
0|420|420|840
0|421|420|841
0|421|421|842
0|422|421|843
0|422|422|844
0|423|422|845
0|423|423|846
0|424|423|847
0|424|424|848
0|425|424|849
0|425|425|850
0|426|425|851
0|426|426|852
0|427|426|853
0|427|427|854
0|428|427|855
0|428|428|856
0|429|428|857
0|429|429|858
0|430|429|859
0|430|430|860
0|431|430|861
0|431|431|862
0|432|431|863
0|432|432|864
0|433|432|865
0|433|433|866
0|434|433|867
0|434|434|868
0|435|434|869
0|435|435|870
0|436|435|871
0|436|436|872
0|437|436|873
0|437|437|874
0|438|437|875
0|438|438|876
0|439|438|877
0|439|439|878
0|440|439|879
0|440|440|880
0|441|440|881
0|441|441|882
0|442|441|883
0|442|442|884
0|443|442|885
0|443|443|886
0|444|443|887
0|444|444|888
0|445|444|889
0|445|445|890
0|446|445|891
0|446|446|892
0|447|446|893
0|447|447|894
0|448|447|895
0|448|448|896
0|449|448|897
0|449|449|898
0|450|449|899
0|450|450|900
0|451|450|901
0|451|451|902
0|452|451|903
0|452|452|904
0|453|452|905
0|453|453|906
0|454|453|907
0|454|454|908
0|455|454|909
0|455|455|910
0|456|455|911
0|456|456|912
0|457|456|913
0|457|457|914
0|458|457|915
0|458|458|916
0|459|458|917
0|459|459|918
0|460|459|919
0|460|460|920
0|461|460|921
0|461|461|922
0|462|461|923
0|462|462|924
0|463|462|925
0|463|463|926
0|464|463|927
0|464|464|928
0|465|464|929
0|465|465|930
0|466|465|931
0|466|466|932
0|467|466|933
0|467|467|934
0|468|467|935
0|468|468|936
0|469|468|937
0|469|469|938
0|470|469|939
0|470|470|940
0|471|470|941
0|471|471|942
0|472|471|943
0|472|472|944
0|473|472|945
0|473|473|946
0|474|473|947
0|474|474|948
0|475|474|949
0|475|475|950
0|476|475|951
0|476|476|952
0|477|476|953
0|477|477|954
0|478|477|955
0|478|478|956
0|479|478|957
0|479|479|958
0|480|479|959
0|480|480|960
0|481|480|961
0|481|481|962
0|482|481|963
0|482|482|964
0|483|482|965
0|483|483|966
0|484|483|967
0|484|484|968
0|485|484|969
0|485|485|970
0|486|485|971
0|486|486|972
0|487|486|973
0|487|487|974
0|488|487|975
0|488|488|976
0|489|488|977
0|489|489|978
0|490|489|979
0|490|490|980
0|491|490|981
0|491|491|982
0|492|491|983
0|492|492|984
0|493|492|985
0|493|493|986
0|494|493|987
0|494|494|988
0|495|494|989
0|495|495|990
0|496|495|991
0|496|496|992
0|497|496|993
0|497|497|994
0|498|497|995
0|498|498|996
0|499|498|997
0|499|499|998
0|500|499|999
0|500|500|1000
0|501|500|1001
0|501|501|1002
0|502|501|1003
0|502|502|1004
0|503|502|1005
0|503|503|1006
0|504|503|1007
0|504|504|1008
1|504|504|1009
1|504|505|1010
1|505|505|1011
1|505|506|1012
1|506|506|1013
1|506|507|1014
1|507|507|1015
1|507|508|1016
1|508|508|1017
1|508|509|1018
1|509|509|1019
1|509|510|1020
1|510|510|1021
1|510|511|1022
2|510|511|1023
2|510|512|1024
2|511|512|1025
2|511|513|1026
2|512|513|1027
2|512|514|1028
2|513|514|1029
2|513|515|1030
2|514|515|1031
2|514|516|1032
2|515|516|1033
2|515|517|1034
2|516|517|1035
2|516|518|1036
2|517|518|1037
2|517|519|1038
2|518|519|1039
2|518|520|1040
2|519|520|1041
2|519|521|1042
2|520|521|1043
2|520|522|1044
2|521|522|1045
2|521|523|1046
2|522|523|1047
2|522|524|1048
2|523|524|1049
2|523|525|1050
2|524|525|1051
2|524|526|1052
2|525|526|1053
2|525|527|1054
2|526|527|1055
2|526|528|1056
2|527|528|1057
2|527|529|1058
2|528|529|1059
2|528|530|1060
2|529|530|1061
2|529|531|1062
2|530|531|1063
2|530|532|1064
2|531|532|1065
2|531|533|1066
2|532|533|1067
2|532|534|1068
2|533|534|1069
2|533|535|1070
2|534|535|1071
2|534|536|1072
2|535|536|1073
2|535|537|1074
2|536|537|1075
2|536|538|1076
2|537|538|1077
2|537|539|1078
2|538|539|1079
2|538|540|1080
2|539|540|1081
2|539|541|1082
2|540|541|1083
2|540|542|1084
2|541|542|1085
2|541|543|1086
2|542|543|1087
2|542|544|1088
2|543|544|1089
2|543|545|1090
2|544|545|1091
2|544|546|1092
2|545|546|1093
2|545|547|1094
2|546|547|1095
2|546|548|1096
2|547|548|1097
2|547|549|1098
2|548|549|1099
2|548|550|1100
2|549|550|1101
2|549|551|1102
2|550|551|1103
2|550|552|1104
2|551|552|1105
2|551|553|1106
2|552|553|1107
2|552|554|1108
2|553|554|1109
2|553|555|1110
2|554|555|1111
2|554|556|1112
2|555|556|1113
2|555|557|1114
2|556|557|1115
2|556|558|1116
2|557|558|1117
2|557|559|1118
2|558|559|1119
2|558|560|1120
2|559|560|1121
2|559|561|1122
2|560|561|1123
2|560|562|1124
2|561|562|1125
2|561|563|1126
2|562|563|1127
2|562|564|1128
2|563|564|1129
2|563|565|1130
2|564|565|1131
2|564|566|1132
2|565|566|1133
2|565|567|1134
2|566|567|1135
2|566|568|1136
2|567|568|1137
2|567|569|1138
2|568|569|1139
2|568|570|1140
2|569|570|1141
2|569|571|1142
2|570|571|1143
2|570|572|1144
2|571|572|1145
2|571|573|1146
2|572|573|1147
2|572|574|1148
2|573|574|1149
2|573|575|1150
2|574|575|1151
2|574|576|1152
2|575|576|1153
2|575|577|1154
2|576|577|1155
2|576|578|1156
2|577|578|1157
2|577|579|1158
2|578|579|1159
2|578|580|1160
2|579|580|1161
2|579|581|1162
2|580|581|1163
2|580|582|1164
2|581|582|1165
2|581|583|1166
2|582|583|1167
2|582|584|1168
2|583|584|1169
2|583|585|1170
2|584|585|1171
2|584|586|1172
2|585|586|1173
2|586|586|1174
2|587|586|1175
2|587|587|1176
2|588|587|1177
2|588|588|1178
2|589|588|1179
2|589|589|1180
2|590|589|1181
2|590|590|1182
2|591|590|1183
2|591|591|1184
2|592|591|1185
2|592|592|1186
2|593|592|1187
2|593|593|1188
2|594|593|1189
2|594|594|1190
2|595|594|1191
2|595|595|1192
2|596|595|1193
2|596|596|1194
2|597|596|1195
2|597|597|1196
2|598|597|1197
2|598|598|1198
2|599|598|1199
2|599|599|1200
2|600|599|1201
2|600|600|1202
2|601|600|1203
2|601|601|1204
2|602|601|1205
2|602|602|1206
2|603|602|1207
2|603|603|1208
2|604|603|1209
2|604|604|1210
2|605|604|1211
2|605|605|1212
2|606|605|1213
2|606|606|1214
2|607|606|1215
2|607|607|1216
2|608|607|1217
2|608|608|1218
2|609|608|1219
2|609|609|1220
2|610|609|1221
2|610|610|1222
2|611|610|1223
2|611|611|1224
2|612|611|1225
2|612|612|1226
2|613|612|1227
2|613|613|1228
2|614|613|1229
2|614|614|1230
2|615|614|1231
2|615|615|1232
2|616|615|1233
2|616|616|1234
2|617|616|1235
2|617|617|1236
2|618|617|1237
2|618|618|1238
2|619|618|1239
2|619|619|1240
2|620|619|1241
2|620|620|1242
2|621|620|1243
2|621|621|1244
2|622|621|1245
2|622|622|1246
2|623|622|1247
2|623|623|1248
2|624|623|1249
2|624|624|1250
2|625|624|1251
2|625|625|1252
2|626|625|1253
2|626|626|1254
2|627|626|1255
2|627|627|1256
2|628|627|1257
2|628|628|1258
2|629|628|1259
2|629|629|1260
2|630|629|1261
2|630|630|1262
2|631|630|1263
2|631|631|1264
2|632|631|1265
2|632|632|1266
2|633|632|1267
2|633|633|1268
2|634|633|1269
2|634|634|1270
2|635|634|1271
2|635|635|1272
2|636|635|1273
2|636|636|1274
2|637|636|1275
2|637|637|1276
2|638|637|1277
2|638|638|1278
2|639|638|1279
2|639|639|1280
2|640|639|1281
2|640|640|1282
2|641|640|1283
2|641|641|1284
2|642|641|1285
2|642|642|1286
2|643|642|1287
2|643|643|1288
2|644|643|1289
2|644|644|1290
2|645|644|1291
2|645|645|1292
2|646|645|1293
2|646|646|1294
2|647|646|1295
2|647|647|1296
2|648|647|1297
2|648|648|1298
2|649|648|1299
2|649|649|1300
2|650|649|1301
2|650|650|1302
2|651|650|1303
2|651|651|1304
2|652|651|1305
2|652|652|1306
2|653|652|1307
2|653|653|1308
2|654|653|1309
2|654|654|1310
2|655|654|1311
2|655|655|1312
2|656|655|1313
2|656|656|1314
2|657|656|1315
2|657|657|1316
2|658|657|1317
2|658|658|1318
2|659|658|1319
2|659|659|1320
2|660|659|1321
2|660|660|1322
2|661|660|1323
2|661|661|1324
2|662|661|1325
2|662|662|1326
2|663|662|1327
2|663|663|1328
2|664|663|1329
2|664|664|1330
2|665|664|1331
2|665|665|1332
2|666|665|1333
2|666|666|1334
2|667|666|1335
2|667|667|1336
2|668|667|1337
2|668|668|1338
2|669|668|1339
2|669|669|1340
2|670|669|1341
2|670|670|1342
2|671|670|1343
2|671|671|1344
2|672|671|1345
2|672|672|1346
2|673|672|1347
2|673|673|1348
2|674|673|1349
2|674|674|1350
2|675|674|1351
2|675|675|1352
2|676|675|1353
2|676|676|1354
2|677|676|1355
2|677|677|1356
2|678|677|1357
2|678|678|1358
2|679|678|1359
2|679|679|1360
2|680|679|1361
2|680|680|1362
2|681|680|1363
2|681|681|1364
2|682|681|1365
2|682|682|1366
2|683|682|1367
2|683|683|1368
2|684|683|1369
2|684|684|1370
2|685|684|1371
2|685|685|1372
2|686|685|1373
2|686|686|1374
2|687|686|1375
2|687|687|1376
2|688|687|1377
2|688|688|1378
2|689|688|1379
2|689|689|1380
2|690|689|1381
2|690|690|1382
2|691|690|1383
2|692|690|1384
2|693|690|1385
2|693|691|1386
2|694|691|1387
2|694|692|1388
2|695|692|1389
2|695|693|1390
2|696|693|1391
2|696|694|1392
2|697|694|1393
2|697|695|1394
2|698|695|1395
2|698|696|1396
2|699|696|1397
2|699|697|1398
2|700|697|1399
2|700|698|1400
2|701|698|1401
2|701|699|1402
2|702|699|1403
2|702|700|1404
2|703|700|1405
2|703|701|1406
2|704|701|1407
2|704|702|1408
2|705|702|1409
2|705|703|1410
2|706|703|1411
2|706|704|1412
2|707|704|1413
2|707|705|1414
2|708|705|1415
2|708|706|1416
2|709|706|1417
2|709|707|1418
2|710|707|1419
2|710|708|1420
2|711|708|1421
2|711|709|1422
2|712|709|1423
2|712|710|1424
2|713|710|1425
2|713|711|1426
2|714|711|1427
2|714|712|1428
2|715|712|1429
2|715|713|1430
2|716|713|1431
2|716|714|1432
2|717|714|1433
2|717|715|1434
2|718|715|1435
2|718|716|1436
2|719|716|1437
2|719|717|1438
2|720|717|1439
2|720|718|1440
2|721|718|1441
2|721|719|1442
2|722|719|1443
2|722|720|1444
2|723|720|1445
2|723|721|1446
2|724|721|1447
2|724|722|1448
2|725|722|1449
2|725|723|1450
2|726|723|1451
2|726|724|1452
2|727|724|1453
2|727|725|1454
2|728|725|1455
2|728|726|1456
2|729|726|1457
2|729|727|1458
2|730|727|1459
2|730|728|1460
2|731|728|1461
2|731|729|1462
2|732|729|1463
2|732|730|1464
2|733|730|1465
2|733|731|1466
2|734|731|1467
2|734|732|1468
2|735|732|1469
2|735|733|1470
2|736|733|1471
2|736|734|1472
2|737|734|1473
2|737|735|1474
2|738|735|1475
2|738|736|1476
2|739|736|1477
2|739|737|1478
2|740|737|1479
2|740|738|1480
2|741|738|1481
2|741|739|1482
2|742|739|1483
2|742|740|1484
2|743|740|1485
2|743|741|1486
2|744|741|1487
2|744|742|1488
2|745|742|1489
2|745|743|1490
2|746|743|1491
2|746|744|1492
2|747|744|1493
2|747|745|1494
2|748|745|1495
2|748|746|1496
2|749|746|1497
2|749|747|1498
2|750|747|1499
2|750|748|1500
2|751|748|1501
2|751|749|1502
2|752|749|1503
2|752|750|1504
2|753|750|1505
2|753|751|1506
2|754|751|1507
2|754|752|1508
2|755|752|1509
2|755|753|1510
2|756|753|1511
2|756|754|1512
2|757|754|1513
2|757|755|1514
2|758|755|1515
2|758|756|1516
2|759|756|1517
2|759|757|1518
2|760|757|1519
2|760|758|1520
2|761|758|1521
2|761|759|1522
2|762|759|1523
2|762|760|1524
2|763|760|1525
2|763|761|1526
2|764|761|1527
2|764|762|1528
2|765|762|1529
2|765|763|1530
2|766|763|1531
2|766|764|1532
2|767|764|1533
2|767|765|1534
2|768|765|1535
2|768|766|1536
2|769|766|1537
2|769|767|1538
2|770|767|1539
2|770|768|1540
2|771|768|1541
2|771|769|1542
2|772|769|1543
2|772|770|1544
2|773|770|1545
2|773|771|1546
2|774|771|1547
2|774|772|1548
2|775|772|1549
2|775|773|1550
2|776|773|1551
2|776|774|1552
2|777|774|1553
2|777|775|1554
2|778|775|1555
2|778|776|1556
2|779|776|1557
2|779|777|1558
2|780|777|1559
2|780|778|1560
2|781|778|1561
2|781|779|1562
2|782|779|1563
2|782|780|1564
2|783|780|1565
2|783|781|1566
2|784|781|1567
2|784|782|1568
2|785|782|1569
2|785|783|1570
2|786|783|1571
2|786|784|1572
2|787|784|1573
2|787|785|1574
2|788|785|1575
2|788|786|1576
2|789|786|1577
2|789|787|1578
2|790|787|1579
2|790|788|1580
2|791|788|1581
2|791|789|1582
2|792|789|1583
2|792|790|1584
2|793|790|1585
2|793|791|1586
2|794|791|1587
2|794|792|1588
2|795|792|1589
2|795|793|1590
2|796|793|1591
2|796|794|1592
2|797|794|1593
2|797|795|1594
2|798|795|1595
2|798|796|1596
2|799|796|1597
2|799|797|1598
2|800|797|1599
2|800|798|1600
2|801|798|1601
2|801|799|1602
2|802|799|1603
2|802|800|1604
2|803|800|1605
2|803|801|1606
2|804|801|1607
2|804|802|1608
2|805|802|1609
2|805|803|1610
2|806|803|1611
2|806|804|1612
2|807|804|1613
2|807|805|1614
2|808|805|1615
2|808|806|1616
2|809|806|1617
2|809|807|1618
2|810|807|1619
2|810|808|1620
2|811|808|1621
2|811|809|1622
2|812|809|1623
2|812|810|1624
2|813|810|1625
2|813|811|1626
2|814|811|1627
2|814|812|1628
2|815|812|1629
2|815|813|1630
2|816|813|1631
2|816|814|1632
2|817|814|1633
2|817|815|1634
2|818|815|1635
2|818|816|1636
2|819|816|1637
2|819|817|1638
2|820|817|1639
2|820|818|1640
2|821|818|1641
2|821|819|1642
2|822|819|1643
2|822|820|1644
2|823|820|1645
2|823|821|1646
2|824|821|1647
2|824|822|1648
2|825|822|1649
2|825|823|1650
2|826|823|1651
2|826|824|1652
2|827|824|1653
2|827|825|1654
2|828|825|1655
2|828|826|1656
2|829|826|1657
2|829|827|1658
2|830|827|1659
2|830|828|1660
2|831|828|1661
2|831|829|1662
2|832|829|1663
2|832|830|1664
2|833|830|1665
2|833|831|1666
2|834|831|1667
2|834|832|1668
2|835|832|1669
2|835|833|1670
2|836|833|1671
2|836|834|1672
2|837|834|1673
2|837|835|1674
2|838|835|1675
2|838|836|1676
2|839|836|1677
2|839|837|1678
2|840|837|1679
2|840|838|1680
2|841|838|1681
2|841|839|1682
2|842|839|1683
2|842|840|1684
2|843|840|1685
2|843|841|1686
2|844|841|1687
2|844|842|1688
2|845|842|1689
2|845|843|1690
2|846|843|1691
2|846|844|1692
2|847|844|1693
2|847|845|1694
2|848|845|1695
2|848|846|1696
2|849|846|1697
2|849|847|1698
2|850|847|1699
2|850|848|1700
2|851|848|1701
2|851|849|1702
2|852|849|1703
2|852|850|1704
2|853|850|1705
2|853|851|1706
2|854|851|1707
2|854|852|1708
2|855|852|1709
2|855|853|1710
2|856|853|1711
2|856|854|1712
2|857|854|1713
2|857|855|1714
2|858|855|1715
2|858|856|1716
2|859|856|1717
2|859|857|1718
2|860|857|1719
2|860|858|1720
2|861|858|1721
2|861|859|1722
2|862|859|1723
2|862|860|1724
2|863|860|1725
2|863|861|1726
2|864|861|1727
2|864|862|1728
2|865|862|1729
2|865|863|1730
2|866|863|1731
2|866|864|1732
2|867|864|1733
2|867|865|1734
2|868|865|1735
2|868|866|1736
2|869|866|1737
2|869|867|1738
2|870|867|1739
2|870|868|1740
2|871|868|1741
2|871|869|1742
2|872|869|1743
2|872|870|1744
2|873|870|1745
2|873|871|1746
2|874|871|1747
2|874|872|1748
2|875|872|1749
2|875|873|1750
2|876|873|1751
2|876|874|1752
2|877|874|1753
2|877|875|1754
2|878|875|1755
2|878|876|1756
2|879|876|1757
2|879|877|1758
2|880|877|1759
2|880|878|1760
2|881|878|1761
2|881|879|1762
2|882|879|1763
2|882|880|1764
2|883|880|1765
2|883|881|1766
2|884|881|1767
2|884|882|1768
2|885|882|1769
2|885|883|1770
2|886|883|1771
2|886|884|1772
2|887|884|1773
2|887|885|1774
2|888|885|1775
2|888|886|1776
2|889|886|1777
2|889|887|1778
2|890|887|1779
2|890|888|1780
2|891|888|1781
2|891|889|1782
2|892|889|1783
2|892|890|1784
2|893|890|1785
2|893|891|1786
2|894|891|1787
2|894|892|1788
2|895|892|1789
2|895|893|1790
2|896|893|1791
2|896|894|1792
2|897|894|1793
2|897|895|1794
2|898|895|1795
2|898|896|1796
2|899|896|1797
2|899|897|1798
2|900|897|1799
2|900|898|1800
2|901|898|1801
2|901|899|1802
2|902|899|1803
2|902|900|1804
2|903|900|1805
2|903|901|1806
2|904|901|1807
2|904|902|1808
2|905|902|1809
2|905|903|1810
2|906|903|1811
2|906|904|1812
2|907|904|1813
2|907|905|1814
2|908|905|1815
2|908|906|1816
2|909|906|1817
2|909|907|1818
2|910|907|1819
2|910|908|1820
2|911|908|1821
2|911|909|1822
2|912|909|1823
2|912|910|1824
2|913|910|1825
2|913|911|1826
2|914|911|1827
2|914|912|1828
2|915|912|1829
2|915|913|1830
2|916|913|1831
2|916|914|1832
2|917|914|1833
2|917|915|1834
2|918|915|1835
2|918|916|1836
2|919|916|1837
2|919|917|1838
2|920|917|1839
2|920|918|1840
2|921|918|1841
2|921|919|1842
2|922|919|1843
2|922|920|1844
2|923|920|1845
2|923|921|1846
2|924|921|1847
2|924|922|1848
2|925|922|1849
2|925|923|1850
2|926|923|1851
2|926|924|1852
2|927|924|1853
2|927|925|1854
2|928|925|1855
2|928|926|1856
2|929|926|1857
2|929|927|1858
2|930|927|1859
2|930|928|1860
2|931|928|1861
2|931|929|1862
2|932|929|1863
2|932|930|1864
2|933|930|1865
2|933|931|1866
2|934|931|1867
2|934|932|1868
2|935|932|1869
2|935|933|1870
2|936|933|1871
2|936|934|1872
2|937|934|1873
2|937|935|1874
2|938|935|1875
2|938|936|1876
2|939|936|1877
2|939|937|1878
2|940|937|1879
2|940|938|1880
2|941|938|1881
2|941|939|1882
2|942|939|1883
2|942|940|1884
2|943|940|1885
2|943|941|1886
2|944|941|1887
2|944|942|1888
2|945|942|1889
2|945|943|1890
2|946|943|1891
2|946|944|1892
2|947|944|1893
2|947|945|1894
2|948|945|1895
2|948|946|1896
2|949|946|1897
2|949|947|1898
2|950|947|1899
2|950|948|1900
2|951|948|1901
2|951|949|1902
2|952|949|1903
2|952|950|1904
2|953|950|1905
2|953|951|1906
2|954|951|1907
2|954|952|1908
2|955|952|1909
2|955|953|1910
2|956|953|1911
2|956|954|1912
2|957|954|1913
2|957|955|1914
2|958|955|1915
2|958|956|1916
2|959|956|1917
2|959|957|1918
2|960|957|1919
2|960|958|1920
2|961|958|1921
2|961|959|1922
2|962|959|1923
2|962|960|1924
2|963|960|1925
2|963|961|1926
2|964|961|1927
2|964|962|1928
2|965|962|1929
2|965|963|1930
2|966|963|1931
2|966|964|1932
2|967|964|1933
2|967|965|1934
2|968|965|1935
2|968|966|1936
2|969|966|1937
2|969|967|1938
2|970|967|1939
2|970|968|1940
2|971|968|1941
2|971|969|1942
2|972|969|1943
2|972|970|1944
2|973|970|1945
2|973|971|1946
2|974|971|1947
2|974|972|1948
2|975|972|1949
2|975|973|1950
2|976|973|1951
2|976|974|1952
2|977|974|1953
2|977|975|1954
2|978|975|1955
2|978|976|1956
2|979|976|1957
2|979|977|1958
2|980|977|1959
2|980|978|1960
2|981|978|1961
2|981|979|1962
2|982|979|1963
2|982|980|1964
2|983|980|1965
2|983|981|1966
2|984|981|1967
2|984|982|1968
2|985|982|1969
2|985|983|1970
2|986|983|1971
2|986|984|1972
2|987|984|1973
2|987|985|1974
2|988|985|1975
2|988|986|1976
2|989|986|1977
2|989|987|1978
2|990|987|1979
2|990|988|1980
2|991|988|1981
2|991|989|1982
2|992|989|1983
2|992|990|1984
2|993|990|1985
2|993|991|1986
2|994|991|1987
2|994|992|1988
2|995|992|1989
2|995|993|1990
2|996|993|1991
2|996|994|1992
2|997|994|1993
2|997|995|1994
2|998|995|1995
2|998|996|1996
2|999|996|1997
2|999|997|1998
2|1000|997|1999
2|1000|998|2000
