total
0|0|1|1
0|1|1|2
0|1|2|3
0|2|2|4
0|2|3|5
0|3|3|6
0|3|4|7
0|4|4|8
0|4|5|9
0|5|5|10
0|5|6|11
0|6|6|12
0|6|7|13
0|7|7|14
0|7|8|15
0|8|8|16
0|8|9|17
0|9|9|18
0|9|10|19
0|10|10|20
0|10|11|21
0|11|11|22
0|11|12|23
0|12|12|24
0|12|13|25
0|13|13|26
0|13|14|27
0|14|14|28
0|14|15|29
0|15|15|30
0|15|16|31
0|16|16|32
0|16|17|33
0|17|17|34
0|17|18|35
0|18|18|36
0|18|19|37
0|19|19|38
0|19|20|39
0|20|20|40
0|20|21|41
0|21|21|42
0|21|22|43
0|22|22|44
0|22|23|45
0|23|23|46
0|23|24|47
0|24|24|48
0|24|25|49
0|25|25|50
0|25|26|51
0|26|26|52
0|26|27|53
0|27|27|54
0|27|28|55
0|28|28|56
0|28|29|57
0|29|29|58
0|29|30|59
0|30|30|60
0|30|31|61
0|31|31|62
0|31|32|63
0|32|32|64
0|32|33|65
0|33|33|66
0|33|34|67
0|34|34|68
0|34|35|69
0|35|35|70
0|35|36|71
0|36|36|72
0|36|37|73
0|37|37|74
0|37|38|75
0|38|38|76
0|38|39|77
0|39|39|78
0|39|40|79
0|40|40|80
0|40|41|81
0|41|41|82
0|41|42|83
0|42|42|84
0|42|43|85
0|43|43|86
0|43|44|87
0|44|44|88
0|44|45|89
0|45|45|90
0|45|46|91
0|46|46|92
0|46|47|93
0|47|47|94
0|47|48|95
0|48|48|96
0|48|49|97
0|49|49|98
0|49|50|99
0|50|50|100
0|50|51|101
0|51|51|102
0|51|52|103
0|52|52|104
0|52|53|105
0|53|53|106
0|53|54|107
0|54|54|108
0|54|55|109
0|55|55|110
0|55|56|111
0|56|56|112
0|56|57|113
0|57|57|114
0|57|58|115
0|58|58|116
0|58|59|117
0|59|59|118
0|59|60|119
0|60|60|120
0|60|61|121
0|61|61|122
0|61|62|123
0|62|62|124
0|62|63|125
0|63|63|126
0|63|64|127
0|64|64|128
0|64|65|129
0|65|65|130
0|65|66|131
0|66|66|132
0|66|67|133
0|67|67|134
0|67|68|135
0|68|68|136
0|68|69|137
0|69|69|138
0|69|70|139
0|70|70|140
0|70|71|141
0|71|71|142
0|71|72|143
0|72|72|144
0|72|73|145
0|73|73|146
0|73|74|147
0|74|74|148
0|74|75|149
0|75|75|150
0|75|76|151
0|76|76|152
0|76|77|153
0|77|77|154
0|77|78|155
0|78|78|156
0|78|79|157
0|79|79|158
0|79|80|159
0|80|80|160
0|80|81|161
0|81|81|162
0|81|82|163
0|82|82|164
0|82|83|165
0|83|83|166
0|83|84|167
0|84|84|168
0|84|85|169
0|85|85|170
0|85|86|171
0|86|86|172
0|86|87|173
0|87|87|174
0|87|88|175
0|88|88|176
0|88|89|177
0|89|89|178
0|89|90|179
0|90|90|180
0|90|91|181
0|91|91|182
0|91|92|183
0|92|92|184
0|92|93|185
0|93|93|186
0|93|94|187
0|94|94|188
0|94|95|189
0|95|95|190
0|95|96|191
0|96|96|192
0|96|97|193
0|97|97|194
0|97|98|195
0|98|98|196
0|98|99|197
0|99|99|198
0|99|100|199
0|100|100|200
0|100|101|201
0|101|101|202
0|101|102|203
0|102|102|204
0|102|103|205
0|103|103|206
0|103|104|207
0|104|104|208
0|104|105|209
0|105|105|210
0|105|106|211
0|106|106|212
0|106|107|213
0|107|107|214
0|107|108|215
0|108|108|216
0|108|109|217
0|109|109|218
0|109|110|219
0|110|110|220
0|110|111|221
0|111|111|222
0|111|112|223
0|112|112|224
0|112|113|225
0|113|113|226
0|113|114|227
0|114|114|228
0|114|115|229
0|115|115|230
0|115|116|231
0|116|116|232
0|116|117|233
0|117|117|234
0|117|118|235
0|118|118|236
0|118|119|237
0|119|119|238
0|119|120|239
0|120|120|240
0|120|121|241
0|121|121|242
0|121|122|243
0|122|122|244
0|122|123|245
0|123|123|246
0|123|124|247
0|124|124|248
0|124|125|249
0|125|125|250
0|125|126|251
0|126|126|252
0|126|127|253
0|127|127|254
0|127|128|255
0|128|128|256
0|128|129|257
0|129|129|258
0|129|130|259
0|130|130|260
0|130|131|261
0|131|131|262
0|131|132|263
0|132|132|264
0|132|133|265
0|133|133|266
0|133|134|267
0|134|134|268
0|134|135|269
0|135|135|270
0|135|136|271
0|136|136|272
0|136|137|273
0|137|137|274
0|137|138|275
0|138|138|276
0|138|139|277
0|139|139|278
0|139|140|279
0|140|140|280
0|140|141|281
0|141|141|282
0|141|142|283
0|142|142|284
0|142|143|285
0|143|143|286
0|143|144|287
0|144|144|288
1|144|144|289
1|145|144|290
1|145|145|291
1|146|145|292
1|146|146|293
1|147|146|294
2|147|146|295
2|148|146|296
2|148|147|297
2|149|147|298
2|149|148|299
2|150|148|300
2|150|149|301
2|151|149|302
2|151|150|303
2|152|150|304
2|152|151|305
2|153|151|306
2|153|152|307
2|154|152|308
2|154|153|309
2|155|153|310
2|155|154|311
2|156|154|312
2|156|155|313
2|157|155|314
2|157|156|315
2|158|156|316
2|158|157|317
2|159|157|318
2|159|158|319
2|160|158|320
2|160|159|321
2|161|159|322
2|161|160|323
2|162|160|324
2|162|161|325
3|162|161|326
3|162|162|327
3|163|162|328
3|163|163|329
3|164|163|330
3|164|164|331
3|165|164|332
3|165|165|333
3|166|165|334
3|166|166|335
3|167|166|336
3|167|167|337
3|168|167|338
3|168|168|339
3|169|168|340
3|169|169|341
3|170|169|342
3|170|170|343
3|171|170|344
3|171|171|345
3|172|171|346
3|172|172|347
3|173|172|348
3|173|173|349
3|174|173|350
3|174|174|351
3|175|174|352
3|175|175|353
3|176|175|354
3|176|176|355
3|177|176|356
3|177|177|357
3|178|177|358
3|178|178|359
3|179|178|360
4|179|178|361
4|180|178|362
4|180|179|363
4|181|179|364
4|181|180|365
4|182|180|366
4|182|181|367
4|183|181|368
4|183|182|369
4|184|182|370
4|184|183|371
4|185|183|372
4|185|184|373
4|186|184|374
4|186|185|375
4|187|185|376
4|187|186|377
4|188|186|378
4|188|187|379
4|189|187|380
4|189|188|381
4|190|188|382
4|190|189|383
4|191|189|384
4|191|190|385
4|192|190|386
4|192|191|387
4|193|191|388
4|193|192|389
4|194|192|390
4|194|193|391
4|195|193|392
4|195|194|393
4|196|194|394
4|196|195|395
4|197|195|396
4|197|196|397
4|198|196|398
4|198|197|399
4|199|197|400
4|199|198|401
4|200|198|402
4|200|199|403
4|201|199|404
4|201|200|405
4|202|200|406
4|202|201|407
4|203|201|408
4|203|202|409
4|204|202|410
4|204|203|411
4|205|203|412
4|205|204|413
4|206|204|414
4|206|205|415
4|207|205|416
4|207|206|417
4|208|206|418
4|208|207|419
4|209|207|420
4|209|208|421
4|210|208|422
4|210|209|423
4|211|209|424
4|211|210|425
4|212|210|426
4|212|211|427
4|213|211|428
4|213|212|429
4|214|212|430
4|214|213|431
4|215|213|432
4|215|214|433
4|216|214|434
4|216|215|435
4|217|215|436
4|217|216|437
4|218|216|438
4|218|217|439
4|219|217|440
4|219|218|441
4|220|218|442
4|220|219|443
4|221|219|444
4|221|220|445
4|222|220|446
4|222|221|447
4|223|221|448
4|223|222|449
4|224|222|450
4|224|223|451
4|225|223|452
4|225|224|453
4|226|224|454
4|226|225|455
4|227|225|456
4|227|226|457
4|228|226|458
4|228|227|459
4|229|227|460
4|229|228|461
4|230|228|462
5|230|228|463
5|231|228|464
6|231|228|465
6|232|228|466
6|232|229|467
6|233|229|468
7|233|229|469
7|234|229|470
8|234|229|471
8|235|229|472
8|235|230|473
8|236|230|474
9|236|230|475
9|237|230|476
9|237|231|477
9|238|231|478
9|238|232|479
9|239|232|480
9|239|233|481
9|240|233|482
9|240|234|483
9|241|234|484
9|241|235|485
9|242|235|486
9|242|236|487
9|243|236|488
9|243|237|489
9|244|237|490
10|244|237|491
10|245|237|492
10|245|238|493
10|246|238|494
11|246|238|495
11|247|238|496
11|247|239|497
11|248|239|498
11|248|240|499
11|249|240|500
11|249|241|501
11|250|241|502
11|250|242|503
11|251|242|504
11|251|243|505
11|252|243|506
11|252|244|507
11|253|244|508
11|253|245|509
11|254|245|510
11|254|246|511
11|255|246|512
11|255|247|513
11|256|247|514
11|256|248|515
11|257|248|516
11|257|249|517
11|258|249|518
11|258|250|519
11|259|250|520
11|259|251|521
11|260|251|522
11|260|252|523
11|261|252|524
11|261|253|525
11|262|253|526
11|262|254|527
11|263|254|528
11|263|255|529
11|264|255|530
11|264|256|531
11|265|256|532
11|265|257|533
11|266|257|534
11|266|258|535
11|267|258|536
11|267|259|537
11|268|259|538
11|268|260|539
11|269|260|540
11|269|261|541
11|270|261|542
11|270|262|543
11|271|262|544
11|271|263|545
11|272|263|546
11|272|264|547
11|273|264|548
11|273|265|549
11|274|265|550
11|274|266|551
11|275|266|552
11|275|267|553
11|276|267|554
11|276|268|555
11|277|268|556
11|277|269|557
11|278|269|558
11|278|270|559
11|279|270|560
11|279|271|561
11|280|271|562
11|280|272|563
11|281|272|564
11|281|273|565
11|282|273|566
11|282|274|567
11|283|274|568
12|283|274|569
12|284|274|570
13|284|274|571
13|285|274|572
13|285|275|573
13|286|275|574
13|286|276|575
13|287|276|576
14|287|276|577
14|288|276|578
14|288|277|579
14|289|277|580
14|289|278|581
14|290|278|582
14|290|279|583
14|291|279|584
14|291|280|585
14|292|280|586
14|292|281|587
14|293|281|588
14|293|282|589
14|294|282|590
15|294|282|591
15|295|282|592
15|295|283|593
15|296|283|594
16|296|283|595
16|297|283|596
17|297|283|597
17|298|283|598
18|298|283|599
18|299|283|600
18|299|284|601
18|300|284|602
19|300|284|603
19|301|284|604
19|301|285|605
19|302|285|606
19|302|286|607
19|303|286|608
19|303|287|609
19|304|287|610
19|304|288|611
19|305|288|612
19|305|289|613
19|306|289|614
19|306|290|615
19|307|290|616
19|307|291|617
19|308|291|618
19|308|292|619
19|309|292|620
19|309|293|621
19|310|293|622
19|310|294|623
19|311|294|624
19|311|295|625
19|312|295|626
19|312|296|627
19|313|296|628
19|313|297|629
19|314|297|630
19|314|298|631
19|315|298|632
19|315|299|633
19|316|299|634
19|316|300|635
19|317|300|636
19|317|301|637
19|318|301|638
19|318|302|639
19|319|302|640
19|319|303|641
19|320|303|642
19|320|304|643
19|321|304|644
19|321|305|645
19|322|305|646
19|322|306|647
19|323|306|648
19|323|307|649
19|324|307|650
19|324|308|651
19|325|308|652
19|325|309|653
19|326|309|654
19|326|310|655
19|327|310|656
19|327|311|657
19|328|311|658
19|328|312|659
19|329|312|660
19|329|313|661
19|330|313|662
19|330|314|663
19|331|314|664
19|331|315|665
19|332|315|666
19|332|316|667
19|333|316|668
19|333|317|669
19|334|317|670
19|334|318|671
19|335|318|672
19|335|319|673
19|336|319|674
19|336|320|675
19|337|320|676
19|337|321|677
19|338|321|678
19|338|322|679
19|339|322|680
19|339|323|681
19|340|323|682
19|340|324|683
19|341|324|684
19|341|325|685
19|342|325|686
19|342|326|687
19|343|326|688
19|343|327|689
19|344|327|690
19|345|328|692
19|346|328|693
19|346|329|694
19|347|329|695
19|347|330|696
19|348|330|697
19|348|331|698
19|349|331|699
19|349|332|700
19|350|332|701
19|350|333|702
19|351|333|703
19|351|334|704
19|352|334|705
19|352|335|706
19|353|335|707
19|353|336|708
19|354|336|709
19|354|337|710
19|355|337|711
19|355|338|712
19|356|338|713
19|356|339|714
19|357|339|715
19|357|340|716
19|358|340|717
19|358|341|718
19|359|341|719
19|359|342|720
19|360|342|721
19|360|343|722
19|361|343|723
20|361|343|724
20|362|343|725
20|362|344|726
20|363|344|727
20|363|345|728
20|364|345|729
21|364|345|730
21|365|345|731
21|365|346|732
21|366|346|733
21|366|347|734
21|367|347|735
21|367|348|736
21|368|348|737
21|368|349|738
21|369|349|739
21|369|350|740
21|370|350|741
21|370|351|742
21|371|351|743
21|371|352|744
21|372|352|745
21|372|353|746
21|373|353|747
21|373|354|748
21|374|354|749
21|374|355|750
21|375|355|751
21|375|356|752
21|376|356|753
21|376|357|754
21|377|357|755
21|377|358|756
21|378|358|757
21|378|359|758
21|379|359|759
21|379|360|760
21|380|360|761
21|380|361|762
21|381|361|763
21|381|362|764
21|382|362|765
21|382|363|766
21|383|363|767
21|383|364|768
21|384|364|769
21|384|365|770
21|385|365|771
21|385|366|772
21|386|366|773
21|386|367|774
21|387|367|775
21|387|368|776
21|388|368|777
21|388|369|778
21|389|369|779
21|389|370|780
21|390|370|781
21|390|371|782
21|391|371|783
21|391|372|784
21|392|372|785
21|392|373|786
21|393|373|787
21|393|374|788
21|394|374|789
21|394|375|790
21|395|375|791
21|395|376|792
21|396|376|793
21|396|377|794
21|397|377|795
22|397|377|796
22|398|377|797
22|398|378|798
22|399|378|799
22|399|379|800
22|400|379|801
22|400|380|802
22|401|380|803
22|401|381|804
22|402|381|805
22|402|382|806
22|403|382|807
22|403|383|808
22|404|383|809
22|404|384|810
22|405|384|811
22|405|385|812
22|406|385|813
22|406|386|814
22|407|386|815
22|407|387|816
22|408|387|817
22|408|388|818
22|409|388|819
22|409|389|820
22|410|389|821
22|410|390|822
22|411|390|823
22|411|391|824
22|412|391|825
22|412|392|826
22|413|392|827
22|413|393|828
22|414|393|829
22|414|394|830
22|415|394|831
22|415|395|832
22|416|395|833
22|416|396|834
22|417|396|835
22|417|397|836
22|418|397|837
22|418|398|838
22|419|398|839
22|419|399|840
22|420|399|841
22|420|400|842
22|421|400|843
22|421|401|844
22|422|401|845
22|422|402|846
22|423|402|847
22|423|403|848
22|424|403|849
22|424|404|850
22|425|404|851
22|425|405|852
22|426|405|853
22|426|406|854
22|427|406|855
22|427|407|856
22|428|407|857
22|428|408|858
22|429|408|859
22|429|409|860
22|430|409|861
22|430|410|862
22|431|410|863
22|431|411|864
22|432|411|865
22|432|412|866
22|433|412|867
22|433|413|868
22|434|413|869
22|434|414|870
22|435|414|871
22|435|415|872
22|436|415|873
22|436|416|874
22|437|416|875
22|437|417|876
22|438|417|877
22|438|418|878
22|439|418|879
22|439|419|880
22|440|419|881
22|440|420|882
22|441|420|883
22|441|421|884
22|442|421|885
22|442|422|886
22|443|422|887
22|443|423|888
22|444|423|889
22|444|424|890
22|445|424|891
22|445|425|892
22|446|425|893
22|446|426|894
22|447|426|895
22|447|427|896
22|448|427|897
22|448|428|898
22|449|428|899
22|449|429|900
22|450|429|901
22|450|430|902
22|451|430|903
22|451|431|904
22|452|431|905
22|452|432|906
22|453|432|907
22|453|433|908
22|454|433|909
22|454|434|910
22|455|434|911
22|455|435|912
22|456|435|913
22|456|436|914
22|457|436|915
22|457|437|916
22|458|437|917
22|458|438|918
22|459|438|919
22|459|439|920
22|460|439|921
22|460|440|922
22|461|440|923
22|461|441|924
22|462|441|925
22|462|442|926
22|463|442|927
22|463|443|928
22|464|443|929
22|464|444|930
22|465|444|931
22|465|445|932
22|466|445|933
22|466|446|934
22|467|446|935
22|467|447|936
22|468|447|937
22|468|448|938
22|469|448|939
22|469|449|940
22|470|449|941
22|470|450|942
22|471|450|943
22|471|451|944
22|472|451|945
23|472|451|946
23|473|451|947
23|473|452|948
23|474|452|949
23|474|453|950
23|475|453|951
23|475|454|952
23|476|454|953
23|476|455|954
23|477|455|955
23|477|456|956
23|478|456|957
23|478|457|958
23|479|457|959
23|479|458|960
23|480|458|961
23|480|459|962
23|481|459|963
23|481|460|964
23|482|460|965
24|482|460|966
24|483|460|967
25|483|460|968
25|484|460|969
25|484|461|970
25|485|461|971
25|485|462|972
25|486|462|973
26|486|462|974
26|487|462|975
26|487|463|976
26|488|463|977
26|488|464|978
26|489|464|979
26|489|465|980
26|490|465|981
26|490|466|982
26|491|466|983
26|491|467|984
26|492|467|985
26|492|468|986
26|493|468|987
26|493|469|988
26|494|469|989
26|494|470|990
26|495|470|991
27|495|470|992
27|496|470|993
27|496|471|994
27|497|471|995
27|497|472|996
27|498|472|997
27|498|473|998
27|499|473|999
27|499|474|1000
27|500|474|1001
27|500|475|1002
27|501|475|1003
27|501|476|1004
27|502|476|1005
27|502|477|1006
27|503|477|1007
27|503|478|1008
27|504|478|1009
27|504|479|1010
27|505|479|1011
27|505|480|1012
27|506|480|1013
27|506|481|1014
27|507|481|1015
27|507|482|1016
27|508|482|1017
27|508|483|1018
27|509|483|1019
27|509|484|1020
27|510|484|1021
27|510|485|1022
27|511|485|1023
27|511|486|1024
27|512|486|1025
27|512|487|1026
27|513|487|1027
27|513|488|1028
27|514|488|1029
27|514|489|1030
27|515|489|1031
27|515|490|1032
27|516|490|1033
27|516|491|1034
27|517|491|1035
27|517|492|1036
27|518|492|1037
28|518|492|1038
28|519|492|1039
28|519|493|1040
28|520|493|1041
28|520|494|1042
28|521|494|1043
28|521|495|1044
28|522|495|1045
29|522|495|1046
29|523|495|1047
29|523|496|1048
29|524|496|1049
29|524|497|1050
29|525|497|1051
29|525|498|1052
29|526|498|1053
29|526|499|1054
29|527|499|1055
29|527|500|1056
29|528|500|1057
29|528|501|1058
29|529|501|1059
30|529|501|1060
30|530|501|1061
30|530|502|1062
30|531|502|1063
31|531|502|1064
31|532|502|1065
31|532|503|1066
31|533|503|1067
31|533|504|1068
31|534|504|1069
31|534|505|1070
31|535|505|1071
31|535|506|1072
31|536|506|1073
31|536|507|1074
31|537|507|1075
31|537|508|1076
31|538|508|1077
31|538|509|1078
31|539|509|1079
31|539|510|1080
31|540|510|1081
31|540|511|1082
31|541|511|1083
31|541|512|1084
31|542|512|1085
31|542|513|1086
31|543|513|1087
31|543|514|1088
31|544|514|1089
31|544|515|1090
31|545|515|1091
31|545|516|1092
31|546|516|1093
31|546|517|1094
31|547|517|1095
31|547|518|1096
31|548|518|1097
31|548|519|1098
31|549|519|1099
31|549|520|1100
31|550|520|1101
31|550|521|1102
31|551|521|1103
31|551|522|1104
31|552|522|1105
31|552|523|1106
31|553|523|1107
31|553|524|1108
31|554|524|1109
31|554|525|1110
31|555|525|1111
31|555|526|1112
31|556|526|1113
31|556|527|1114
31|557|527|1115
31|557|528|1116
31|558|528|1117
31|558|529|1118
31|559|529|1119
31|559|530|1120
31|560|530|1121
31|560|531|1122
31|561|531|1123
31|561|532|1124
31|562|532|1125
31|562|533|1126
31|563|533|1127
31|563|534|1128
31|564|534|1129
31|564|535|1130
31|565|535|1131
31|565|536|1132
31|566|536|1133
31|566|537|1134
31|567|537|1135
31|567|538|1136
31|568|538|1137
31|568|539|1138
31|569|539|1139
31|569|540|1140
31|570|540|1141
31|570|541|1142
31|571|541|1143
31|571|542|1144
31|572|542|1145
32|572|542|1146
32|573|542|1147
33|573|542|1148
33|574|542|1149
34|574|542|1150
34|575|542|1151
34|575|543|1152
34|576|543|1153
35|576|543|1154
35|577|543|1155
35|577|544|1156
35|578|544|1157
35|578|545|1158
35|579|545|1159
36|579|545|1160
36|580|545|1161
36|580|546|1162
36|581|546|1163
36|581|547|1164
36|582|547|1165
36|582|548|1166
36|583|548|1167
36|583|549|1168
36|584|549|1169
36|584|550|1170
36|585|550|1171
36|585|551|1172
36|586|551|1173
37|586|551|1174
37|587|551|1175
38|587|551|1176
38|588|551|1177
39|588|551|1178
39|589|551|1179
39|589|552|1180
39|590|552|1181
39|590|553|1182
39|591|553|1183
39|591|554|1184
39|592|554|1185
39|592|555|1186
39|593|555|1187
39|593|556|1188
39|594|556|1189
39|594|557|1190
39|595|557|1191
39|595|558|1192
39|596|558|1193
39|596|559|1194
39|597|559|1195
39|597|560|1196
39|598|560|1197
39|598|561|1198
39|599|561|1199
39|599|562|1200
39|600|562|1201
39|600|563|1202
39|601|563|1203
39|601|564|1204
39|602|564|1205
39|602|565|1206
39|603|565|1207
39|603|566|1208
39|604|566|1209
39|604|567|1210
39|605|567|1211
39|605|568|1212
39|606|568|1213
39|606|569|1214
39|607|569|1215
39|607|570|1216
39|608|570|1217
39|608|571|1218
39|609|571|1219
39|609|572|1220
39|610|572|1221
39|610|573|1222
39|611|573|1223
39|611|574|1224
39|612|574|1225
39|612|575|1226
39|613|575|1227
39|613|576|1228
39|614|576|1229
39|614|577|1230
39|615|577|1231
39|615|578|1232
39|616|578|1233
39|616|579|1234
39|617|579|1235
39|617|580|1236
39|618|580|1237
39|618|581|1238
39|619|581|1239
39|619|582|1240
39|620|582|1241
39|620|583|1242
39|621|583|1243
39|621|584|1244
39|622|584|1245
39|622|585|1246
39|623|585|1247
39|623|586|1248
39|624|586|1249
39|624|587|1250
39|625|587|1251
39|625|588|1252
39|626|588|1253
39|626|589|1254
39|627|589|1255
39|627|590|1256
39|628|590|1257
39|628|591|1258
39|629|591|1259
39|629|592|1260
39|630|592|1261
39|630|593|1262
39|631|593|1263
39|631|594|1264
39|632|594|1265
39|632|595|1266
39|633|595|1267
39|633|596|1268
39|634|596|1269
39|634|597|1270
39|635|597|1271
39|635|598|1272
39|636|598|1273
39|636|599|1274
39|637|599|1275
39|637|600|1276
39|638|600|1277
39|638|601|1278
39|639|601|1279
39|639|602|1280
39|640|602|1281
39|640|603|1282
39|641|603|1283
39|641|604|1284
39|642|604|1285
39|642|605|1286
39|643|605|1287
39|643|606|1288
39|644|606|1289
39|644|607|1290
39|645|607|1291
39|645|608|1292
39|646|608|1293
39|646|609|1294
39|647|609|1295
39|647|610|1296
39|648|610|1297
39|648|611|1298
39|649|611|1299
39|649|612|1300
39|650|612|1301
39|650|613|1302
39|651|613|1303
39|651|614|1304
39|652|614|1305
39|652|615|1306
39|653|615|1307
39|653|616|1308
39|654|616|1309
39|654|617|1310
39|655|617|1311
39|655|618|1312
39|656|618|1313
39|656|619|1314
39|657|619|1315
39|657|620|1316
39|658|620|1317
39|658|621|1318
39|659|621|1319
39|659|622|1320
39|660|622|1321
39|660|623|1322
39|661|623|1323
39|661|624|1324
39|662|624|1325
39|662|625|1326
39|663|625|1327
39|663|626|1328
39|664|626|1329
39|664|627|1330
39|665|627|1331
39|665|628|1332
39|666|628|1333
39|666|629|1334
39|667|629|1335
39|667|630|1336
39|668|630|1337
39|668|631|1338
39|669|631|1339
39|669|632|1340
39|670|632|1341
39|670|633|1342
39|671|633|1343
39|671|634|1344
39|672|634|1345
39|672|635|1346
39|673|635|1347
39|673|636|1348
39|674|636|1349
39|674|637|1350
39|675|637|1351
39|675|638|1352
39|676|638|1353
39|676|639|1354
39|677|639|1355
39|677|640|1356
39|678|640|1357
39|678|641|1358
39|679|641|1359
39|679|642|1360
39|680|642|1361
39|680|643|1362
39|681|643|1363
39|681|644|1364
39|682|644|1365
39|682|645|1366
39|683|645|1367
39|683|646|1368
39|684|646|1369
39|684|647|1370
39|685|647|1371
39|685|648|1372
39|686|648|1373
39|686|649|1374
39|687|649|1375
39|687|650|1376
39|688|650|1377
39|688|651|1378
39|689|651|1379
39|689|652|1380
39|690|652|1381
39|690|653|1382
39|691|653|1383
39|691|654|1384
39|692|654|1385
39|692|655|1386
39|693|655|1387
39|693|656|1388
39|694|656|1389
39|694|657|1390
39|695|657|1391
39|695|658|1392
39|696|658|1393
39|696|659|1394
39|697|659|1395
39|697|660|1396
39|698|660|1397
40|698|660|1398
40|699|660|1399
40|699|661|1400
40|700|661|1401
40|700|662|1402
40|701|662|1403
40|701|663|1404
40|702|663|1405
40|702|664|1406
40|703|664|1407
40|703|665|1408
40|704|665|1409
40|704|666|1410
40|705|666|1411
40|705|667|1412
40|706|667|1413
40|706|668|1414
40|707|668|1415
40|707|669|1416
40|708|669|1417
40|708|670|1418
40|709|670|1419
41|709|670|1420
41|710|670|1421
41|710|671|1422
41|711|671|1423
41|711|672|1424
41|712|672|1425
41|712|673|1426
41|713|673|1427
41|713|674|1428
41|714|674|1429
41|714|675|1430
41|715|675|1431
41|715|676|1432
41|716|676|1433
41|716|677|1434
41|717|677|1435
41|717|678|1436
41|718|678|1437
41|718|679|1438
41|719|679|1439
41|719|680|1440
41|720|680|1441
41|720|681|1442
41|721|681|1443
41|721|682|1444
41|722|682|1445
41|722|683|1446
41|723|683|1447
41|723|684|1448
41|724|684|1449
41|724|685|1450
41|725|685|1451
41|725|686|1452
41|726|686|1453
41|726|687|1454
41|727|687|1455
41|727|688|1456
41|728|688|1457
41|728|689|1458
41|729|689|1459
41|729|690|1460
41|730|690|1461
41|730|691|1462
41|731|691|1463
41|731|692|1464
41|732|692|1465
41|732|693|1466
41|733|693|1467
41|733|694|1468
41|734|694|1469
42|734|694|1470
42|735|694|1471
42|735|695|1472
42|736|695|1473
42|736|696|1474
42|737|696|1475
42|737|697|1476
42|738|697|1477
42|738|698|1478
42|739|698|1479
42|739|699|1480
42|740|699|1481
42|740|700|1482
42|741|700|1483
42|741|701|1484
42|742|701|1485
42|742|702|1486
42|743|702|1487
42|743|703|1488
42|744|703|1489
42|744|704|1490
42|745|704|1491
42|745|705|1492
42|746|705|1493
42|746|706|1494
42|747|706|1495
42|747|707|1496
42|748|707|1497
42|748|708|1498
42|749|708|1499
42|749|709|1500
42|750|709|1501
42|750|710|1502
42|751|710|1503
42|751|711|1504
42|752|711|1505
42|752|712|1506
42|753|712|1507
42|753|713|1508
42|754|713|1509
42|754|714|1510
42|755|714|1511
42|755|715|1512
42|756|715|1513
42|756|716|1514
42|757|716|1515
42|757|717|1516
42|758|717|1517
42|758|718|1518
42|759|718|1519
42|759|719|1520
42|760|719|1521
42|760|720|1522
42|761|720|1523
42|761|721|1524
42|762|721|1525
42|762|722|1526
42|763|722|1527
42|763|723|1528
42|764|723|1529
42|764|724|1530
42|765|724|1531
42|765|725|1532
42|766|725|1533
42|766|726|1534
42|767|726|1535
42|767|727|1536
42|768|727|1537
42|768|728|1538
42|769|728|1539
42|769|729|1540
42|770|729|1541
42|770|730|1542
42|771|730|1543
42|771|731|1544
42|772|731|1545
42|772|732|1546
42|773|732|1547
42|773|733|1548
42|774|733|1549
42|774|734|1550
42|775|734|1551
42|775|735|1552
42|776|735|1553
42|776|736|1554
42|777|736|1555
42|777|737|1556
42|778|737|1557
42|778|738|1558
42|779|738|1559
42|779|739|1560
42|780|739|1561
42|780|740|1562
42|781|740|1563
42|781|741|1564
42|782|741|1565
42|782|742|1566
42|783|742|1567
42|783|743|1568
42|784|743|1569
42|784|744|1570
42|785|744|1571
42|785|745|1572
42|786|745|1573
42|786|746|1574
42|787|746|1575
42|787|747|1576
42|788|747|1577
42|788|748|1578
42|789|748|1579
42|789|749|1580
42|790|749|1581
42|790|750|1582
42|791|750|1583
42|791|751|1584
42|792|751|1585
42|792|752|1586
42|793|752|1587
42|793|753|1588
42|794|753|1589
42|794|754|1590
42|795|754|1591
42|795|755|1592
42|796|755|1593
42|796|756|1594
42|797|756|1595
42|797|757|1596
42|798|757|1597
42|798|758|1598
42|799|758|1599
42|799|759|1600
42|800|759|1601
42|800|760|1602
42|801|760|1603
42|801|761|1604
42|802|761|1605
42|802|762|1606
42|803|762|1607
42|803|763|1608
42|804|763|1609
42|804|764|1610
42|805|764|1611
42|805|765|1612
42|806|765|1613
42|806|766|1614
42|807|766|1615
42|807|767|1616
42|808|767|1617
42|808|768|1618
42|809|768|1619
42|809|769|1620
42|810|769|1621
42|810|770|1622
42|811|770|1623
42|811|771|1624
42|812|771|1625
42|812|772|1626
42|813|772|1627
42|813|773|1628
42|814|773|1629
42|814|774|1630
42|815|774|1631
42|815|775|1632
42|816|775|1633
42|816|776|1634
42|817|776|1635
43|817|776|1636
43|818|776|1637
44|818|776|1638
44|819|776|1639
44|819|777|1640
44|820|777|1641
45|820|777|1642
45|821|777|1643
45|821|778|1644
45|822|778|1645
45|822|779|1646
45|823|779|1647
45|823|780|1648
45|824|780|1649
45|824|781|1650
45|825|781|1651
45|825|782|1652
45|826|782|1653
45|826|783|1654
45|827|783|1655
45|827|784|1656
45|828|784|1657
45|828|785|1658
45|829|785|1659
45|829|786|1660
45|830|786|1661
45|830|787|1662
45|831|787|1663
45|831|788|1664
45|832|788|1665
45|832|789|1666
45|833|789|1667
45|833|790|1668
45|834|790|1669
45|834|791|1670
45|835|791|1671
45|835|792|1672
45|836|792|1673
45|836|793|1674
45|837|793|1675
45|837|794|1676
45|838|794|1677
45|838|795|1678
45|839|795|1679
45|839|796|1680
45|840|796|1681
45|840|797|1682
45|841|797|1683
45|841|798|1684
45|842|798|1685
45|842|799|1686
45|843|799|1687
45|843|800|1688
45|844|800|1689
45|844|801|1690
45|845|801|1691
45|845|802|1692
45|846|802|1693
45|846|803|1694
45|847|803|1695
45|847|804|1696
45|848|804|1697
45|848|805|1698
45|849|805|1699
45|849|806|1700
45|850|806|1701
45|850|807|1702
45|851|807|1703
45|851|808|1704
45|852|808|1705
45|852|809|1706
45|853|809|1707
45|853|810|1708
45|854|810|1709
45|854|811|1710
45|855|811|1711
45|855|812|1712
45|856|812|1713
45|856|813|1714
45|857|813|1715
45|857|814|1716
45|858|814|1717
45|858|815|1718
45|859|815|1719
45|859|816|1720
45|860|816|1721
45|860|817|1722
45|861|817|1723
45|861|818|1724
45|862|818|1725
45|862|819|1726
45|863|819|1727
45|863|820|1728
45|864|820|1729
45|864|821|1730
45|865|821|1731
45|865|822|1732
45|866|822|1733
45|866|823|1734
45|867|823|1735
45|867|824|1736
45|868|824|1737
45|868|825|1738
45|869|825|1739
45|869|826|1740
45|870|826|1741
45|870|827|1742
45|871|827|1743
45|871|828|1744
45|872|828|1745
45|872|829|1746
45|873|829|1747
45|873|830|1748
45|874|830|1749
45|874|831|1750
45|875|831|1751
45|875|832|1752
45|876|832|1753
45|876|833|1754
45|877|833|1755
45|877|834|1756
45|878|834|1757
45|878|835|1758
45|879|835|1759
45|879|836|1760
45|880|836|1761
45|880|837|1762
45|881|837|1763
45|881|838|1764
45|882|838|1765
45|882|839|1766
45|883|839|1767
45|883|840|1768
45|884|840|1769
45|884|841|1770
45|885|841|1771
45|885|842|1772
45|886|842|1773
45|886|843|1774
45|887|843|1775
45|887|844|1776
45|888|844|1777
45|888|845|1778
45|889|845|1779
45|889|846|1780
45|890|846|1781
45|890|847|1782
45|891|847|1783
45|891|848|1784
45|892|848|1785
45|892|849|1786
45|893|849|1787
45|893|850|1788
45|894|850|1789
45|894|851|1790
45|895|851|1791
45|895|852|1792
45|896|852|1793
45|896|853|1794
45|897|853|1795
45|897|854|1796
45|898|854|1797
45|898|855|1798
45|899|855|1799
45|899|856|1800
45|900|856|1801
45|900|857|1802
45|901|857|1803
45|901|858|1804
45|902|858|1805
45|902|859|1806
45|903|859|1807
45|903|860|1808
45|904|860|1809
45|904|861|1810
45|905|861|1811
45|905|862|1812
45|906|862|1813
45|906|863|1814
45|907|863|1815
45|907|864|1816
45|908|864|1817
45|908|865|1818
45|909|865|1819
45|909|866|1820
45|910|866|1821
45|910|867|1822
45|911|867|1823
45|911|868|1824
45|912|868|1825
45|912|869|1826
45|913|869|1827
45|913|870|1828
45|914|870|1829
45|914|871|1830
45|915|871|1831
45|915|872|1832
45|916|872|1833
45|916|873|1834
45|917|873|1835
45|917|874|1836
45|918|874|1837
45|918|875|1838
45|919|875|1839
45|919|876|1840
45|920|876|1841
45|920|877|1842
45|921|877|1843
45|921|878|1844
45|922|878|1845
45|922|879|1846
45|923|879|1847
45|923|880|1848
45|924|880|1849
45|924|881|1850
45|925|881|1851
45|925|882|1852
45|926|882|1853
45|926|883|1854
45|927|883|1855
45|927|884|1856
45|928|884|1857
46|928|884|1858
46|929|884|1859
47|929|884|1860
47|930|884|1861
48|930|884|1862
48|931|884|1863
48|931|885|1864
48|932|885|1865
48|932|886|1866
48|933|886|1867
48|933|887|1868
48|934|887|1869
48|934|888|1870
48|935|888|1871
48|935|889|1872
48|936|889|1873
48|936|890|1874
48|937|890|1875
48|937|891|1876
48|938|891|1877
48|938|892|1878
48|939|892|1879
48|939|893|1880
48|940|893|1881
48|940|894|1882
48|941|894|1883
48|941|895|1884
48|942|895|1885
48|942|896|1886
48|943|896|1887
48|943|897|1888
48|944|897|1889
48|944|898|1890
48|945|898|1891
48|945|899|1892
48|946|899|1893
48|946|900|1894
48|947|900|1895
48|947|901|1896
48|948|901|1897
48|948|902|1898
48|949|902|1899
48|949|903|1900
48|950|903|1901
48|950|904|1902
48|951|904|1903
48|951|905|1904
48|952|905|1905
48|952|906|1906
48|953|906|1907
48|953|907|1908
48|954|907|1909
48|954|908|1910
48|955|908|1911
48|955|909|1912
48|956|909|1913
48|956|910|1914
48|957|910|1915
48|957|911|1916
48|958|911|1917
48|958|912|1918
48|959|912|1919
48|959|913|1920
48|960|913|1921
48|960|914|1922
48|961|914|1923
48|961|915|1924
48|962|915|1925
48|962|916|1926
48|963|916|1927
48|963|917|1928
48|964|917|1929
48|964|918|1930
48|965|918|1931
48|965|919|1932
48|966|919|1933
48|966|920|1934
48|967|920|1935
48|967|921|1936
48|968|921|1937
48|968|922|1938
48|969|922|1939
48|969|923|1940
48|970|923|1941
48|970|924|1942
48|971|924|1943
48|971|925|1944
48|972|925|1945
48|972|926|1946
48|973|926|1947
48|973|927|1948
48|974|927|1949
48|974|928|1950
48|975|928|1951
48|975|929|1952
48|976|929|1953
48|976|930|1954
48|977|930|1955
48|977|931|1956
48|978|931|1957
48|978|932|1958
48|979|932|1959
48|979|933|1960
48|980|933|1961
48|980|934|1962
48|981|934|1963
48|981|935|1964
48|982|935|1965
48|982|936|1966
48|983|936|1967
48|983|937|1968
48|984|937|1969
48|984|938|1970
48|985|938|1971
48|985|939|1972
48|986|939|1973
48|986|940|1974
48|987|940|1975
48|987|941|1976
48|988|941|1977
48|988|942|1978
48|989|942|1979
48|989|943|1980
48|990|943|1981
48|990|944|1982
48|991|944|1983
48|991|945|1984
48|992|945|1985
48|992|946|1986
48|993|946|1987
48|993|947|1988
48|994|947|1989
48|994|948|1990
48|995|948|1991
48|995|949|1992
48|996|949|1993
48|996|950|1994
48|997|950|1995
48|997|951|1996
48|998|951|1997
48|998|952|1998
48|999|952|1999
48|999|953|2000
