total
0|1|0|1
1|1|0|2
1|2|0|3
1|3|0|4
1|3|1|5
1|4|1|6
1|4|2|7
1|5|2|8
1|5|3|9
1|6|3|10
1|6|4|11
1|7|4|12
1|7|5|13
1|8|5|14
1|8|6|15
2|8|6|16
2|8|7|17
2|9|7|18
2|9|8|19
3|9|8|20
3|9|9|21
4|9|9|22
4|10|9|23
4|11|9|24
4|12|9|25
5|12|9|26
5|12|10|27
5|13|10|28
5|13|11|29
5|14|11|30
5|14|12|31
5|15|12|32
5|15|13|33
5|16|13|34
5|16|14|35
5|17|14|36
5|17|15|37
5|18|15|38
5|19|15|39
5|20|15|40
5|20|16|41
5|21|16|42
5|21|17|43
5|22|17|44
5|23|17|45
6|23|17|46
6|23|18|47
6|24|18|48
6|24|19|49
6|25|19|50
6|25|20|51
6|26|20|52
6|26|21|53
6|27|21|54
6|27|22|55
6|28|22|56
6|29|22|57
6|30|22|58
6|31|22|59
6|32|22|60
6|32|23|61
7|32|23|62
7|33|23|63
7|34|23|64
7|34|24|65
7|35|24|66
7|35|25|67
7|36|25|68
7|36|26|69
7|37|26|70
7|37|27|71
7|38|27|72
7|38|28|73
7|39|28|74
7|39|29|75
7|40|29|76
7|40|30|77
7|41|30|78
7|41|31|79
7|42|31|80
7|42|32|81
7|43|32|82
7|43|33|83
7|44|33|84
7|44|34|85
7|45|34|86
7|45|35|87
7|46|35|88
7|46|36|89
7|47|36|90
7|47|37|91
7|48|37|92
7|48|38|93
7|49|38|94
7|49|39|95
7|50|39|96
7|50|40|97
7|51|40|98
7|51|41|99
7|52|41|100
7|52|42|101
7|52|43|102
7|52|44|103
7|53|44|104
7|53|45|105
7|54|45|106
7|54|46|107
7|55|46|108
7|55|47|109
7|56|47|110
7|57|47|111
7|58|47|112
7|58|48|113
7|59|48|114
7|59|49|115
7|60|49|116
7|61|49|117
7|62|49|118
7|62|50|119
7|63|50|120
7|63|51|121
7|64|51|122
7|64|52|123
7|65|52|124
7|65|53|125
7|66|53|126
7|66|54|127
7|67|54|128
7|67|55|129
7|68|55|130
7|68|56|131
7|69|56|132
7|69|57|133
7|70|57|134
7|70|58|135
7|71|58|136
7|71|59|137
8|71|59|138
8|71|60|139
9|71|60|140
9|71|61|141
10|71|61|142
10|71|62|143
11|71|62|144
11|71|63|145
11|72|63|146
11|72|64|147
11|73|64|148
11|73|65|149
11|74|65|150
11|75|65|151
11|76|65|152
11|77|65|153
11|78|65|154
11|79|65|155
12|79|65|156
12|79|66|157
12|80|66|158
12|81|66|159
13|81|66|160
13|82|66|161
13|83|66|162
13|83|67|163
14|83|67|164
14|84|67|165
15|84|67|166
15|84|68|167
16|84|68|168
16|84|69|169
17|84|69|170
17|84|70|171
18|84|70|172
18|84|71|173
18|85|71|174
18|86|71|175
18|87|71|176
18|88|71|177
18|89|71|178
18|90|71|179
18|91|71|180
18|92|71|181
18|93|71|182
18|94|71|183
18|95|71|184
18|96|71|185
18|97|71|186
18|97|72|187
18|98|72|188
18|99|72|189
18|100|72|190
18|101|72|191
18|102|72|192
18|103|72|193
18|104|72|194
18|105|72|195
18|106|72|196
18|107|72|197
18|108|72|198
18|109|72|199
18|110|72|200
18|111|72|201
18|112|72|202
18|113|72|203
18|114|72|204
18|115|72|205
18|116|72|206
18|117|72|207
18|118|72|208
18|118|73|209
18|119|73|210
18|119|74|211
18|120|74|212
18|120|75|213
18|121|75|214
18|121|76|215
18|122|76|216
18|122|77|217
18|123|77|218
18|123|78|219
18|124|78|220
18|125|78|221
18|126|78|222
18|127|78|223
18|128|78|224
18|129|78|225
18|130|78|226
18|130|79|227
18|131|79|228
18|131|80|229
18|132|80|230
18|133|80|231
18|134|80|232
18|134|81|233
18|135|81|234
18|135|82|235
18|136|82|236
18|136|83|237
18|137|83|238
18|137|84|239
18|138|84|240
18|138|85|241
18|139|85|242
18|139|86|243
18|140|86|244
18|140|87|245
18|141|87|246
18|141|88|247
18|142|88|248
18|142|89|249
18|143|89|250
18|143|90|251
18|144|90|252
18|144|91|253
18|145|91|254
18|145|92|255
18|146|92|256
18|146|93|257
18|147|93|258
18|148|93|259
18|149|93|260
18|150|93|261
18|151|93|262
18|151|94|263
18|152|94|264
18|152|95|265
18|153|95|266
18|153|96|267
18|154|96|268
18|154|97|269
18|155|97|270
18|155|98|271
18|156|98|272
18|156|99|273
18|157|99|274
18|157|100|275
19|157|100|276
19|158|100|277
20|158|100|278
20|158|101|279
20|159|101|280
20|160|101|281
20|161|101|282
20|161|102|283
20|162|102|284
20|162|103|285
20|163|103|286
20|163|104|287
20|164|104|288
20|165|104|289
20|166|104|290
20|166|105|291
20|167|105|292
20|167|106|293
20|168|106|294
20|169|106|295
21|169|106|296
21|169|107|297
21|170|107|298
21|170|108|299
21|171|108|300
21|171|109|301
22|171|109|302
22|171|110|303
22|172|110|304
22|172|111|305
22|173|111|306
22|174|111|307
22|175|111|308
22|176|111|309
22|177|111|310
22|178|111|311
22|179|111|312
22|180|111|313
22|181|111|314
22|182|111|315
22|183|111|316
22|183|112|317
22|184|112|318
22|184|113|319
22|185|113|320
22|185|114|321
22|186|114|322
22|186|115|323
23|186|115|324
23|186|116|325
23|187|116|326
23|188|116|327
23|189|116|328
23|189|117|329
24|189|117|330
24|190|117|331
24|191|117|332
24|191|118|333
24|192|118|334
24|192|119|335
24|193|119|336
24|194|119|337
24|195|119|338
24|196|119|339
24|197|119|340
24|197|120|341
24|198|120|342
24|198|121|343
24|199|121|344
24|200|121|345
25|200|121|346
25|200|122|347
26|200|122|348
26|201|122|349
27|201|122|350
27|201|123|351
28|201|123|352
28|201|124|353
28|202|124|354
28|202|125|355
28|203|125|356
28|203|126|357
28|204|126|358
28|204|127|359
28|205|127|360
28|205|128|361
28|206|128|362
28|206|129|363
28|207|129|364
28|207|130|365
28|208|130|366
28|208|131|367
28|209|131|368
28|209|132|369
28|210|132|370
28|210|133|371
28|211|133|372
28|211|134|373
28|212|134|374
28|212|135|375
29|212|135|376
29|212|136|377
29|213|136|378
29|213|137|379
29|214|137|380
29|214|138|381
29|215|138|382
29|215|139|383
29|216|139|384
29|216|140|385
29|217|140|386
29|217|141|387
29|218|141|388
29|218|142|389
29|219|142|390
29|219|143|391
29|220|143|392
29|220|144|393
29|221|144|394
29|221|145|395
29|222|145|396
29|222|146|397
29|223|146|398
29|223|147|399
29|224|147|400
29|224|148|401
29|225|148|402
29|225|149|403
29|226|149|404
29|226|150|405
29|227|150|406
29|227|151|407
29|228|151|408
29|228|152|409
29|229|152|410
29|229|153|411
29|230|153|412
29|230|154|413
29|231|154|414
29|231|155|415
29|232|155|416
29|232|156|417
29|233|156|418
29|233|157|419
29|234|157|420
29|234|158|421
29|235|158|422
29|235|159|423
29|236|159|424
29|237|159|425
30|237|159|426
30|238|159|427
31|238|159|428
31|238|160|429
31|239|160|430
31|239|161|431
31|240|161|432
31|240|162|433
32|240|162|434
32|241|162|435
32|242|162|436
32|242|163|437
32|243|163|438
32|244|163|439
32|245|163|440
32|245|164|441
32|246|164|442
32|246|165|443
32|247|165|444
32|248|165|445
32|249|165|446
32|250|165|447
32|251|165|448
32|251|166|449
32|252|166|450
32|253|166|451
32|254|166|452
32|254|167|453
32|255|167|454
32|256|167|455
33|256|167|456
33|257|167|457
33|258|167|458
33|258|168|459
33|259|168|460
33|260|168|461
33|261|168|462
33|262|168|463
33|263|168|464
33|264|168|465
33|265|168|466
33|265|169|467
33|266|169|468
33|267|169|469
33|268|169|470
33|269|169|471
33|270|169|472
33|271|169|473
33|272|169|474
33|272|170|475
33|273|170|476
33|274|170|477
33|275|170|478
33|276|170|479
33|277|170|480
33|278|170|481
33|279|170|482
33|280|170|483
33|281|170|484
33|282|170|485
33|283|170|486
33|284|170|487
33|285|170|488
33|286|170|489
33|287|170|490
33|288|170|491
33|289|170|492
33|290|170|493
33|291|170|494
33|292|170|495
33|293|170|496
33|294|170|497
33|295|170|498
33|295|171|499
33|296|171|500
33|296|172|501
33|297|172|502
33|297|173|503
33|298|173|504
33|298|174|505
33|299|174|506
33|300|174|507
33|301|174|508
33|301|175|509
33|302|175|510
33|302|176|511
34|302|176|512
34|302|177|513
34|303|177|514
34|303|178|515
34|304|178|516
34|304|179|517
34|305|179|518
34|306|179|519
34|307|179|520
34|307|180|521
34|308|180|522
34|308|181|523
34|309|181|524
34|309|182|525
34|310|182|526
34|311|182|527
34|312|182|528
34|312|183|529
34|313|183|530
34|314|183|531
34|315|183|532
34|315|184|533
34|316|184|534
34|316|185|535
34|317|185|536
34|317|186|537
34|318|186|538
34|318|187|539
34|319|187|540
34|319|188|541
34|320|188|542
34|320|189|543
34|321|189|544
34|321|190|545
34|322|190|546
34|322|191|547
34|323|191|548
34|323|192|549
34|324|192|550
34|324|193|551
34|325|193|552
34|325|194|553
34|326|194|554
34|326|195|555
34|327|195|556
34|327|196|557
34|328|196|558
34|328|197|559
34|329|197|560
34|329|198|561
34|330|198|562
34|330|199|563
34|331|199|564
34|331|200|565
34|332|200|566
34|332|201|567
34|333|201|568
34|334|201|569
34|335|201|570
34|336|201|571
34|337|201|572
34|338|201|573
35|338|201|574
35|339|201|575
35|340|201|576
35|341|201|577
35|342|201|578
35|343|201|579
35|344|201|580
35|344|202|581
36|344|202|582
36|344|203|583
36|345|203|584
36|346|203|585
36|347|203|586
36|347|204|587
37|347|204|588
37|348|204|589
37|349|204|590
37|350|204|591
37|351|204|592
37|352|204|593
38|352|204|594
38|353|204|595
38|354|204|596
38|355|204|597
38|356|204|598
38|357|204|599
38|358|204|600
38|358|205|601
38|359|205|602
38|360|205|603
39|360|205|604
39|360|206|605
39|361|206|606
39|361|207|607
39|362|207|608
39|362|208|609
39|363|208|610
39|363|209|611
39|364|209|612
39|364|210|613
39|365|210|614
39|365|211|615
39|366|211|616
39|366|212|617
39|367|212|618
39|367|213|619
39|368|213|620
39|368|214|621
39|369|214|622
39|369|215|623
39|370|215|624
39|370|216|625
39|371|216|626
39|371|217|627
39|372|217|628
39|372|218|629
39|373|218|630
39|373|219|631
39|374|219|632
39|374|220|633
39|375|220|634
39|375|221|635
39|376|221|636
39|376|222|637
39|377|222|638
39|377|223|639
39|378|223|640
39|378|224|641
39|379|224|642
39|379|225|643
39|380|225|644
39|380|226|645
39|381|226|646
39|381|227|647
39|382|227|648
39|382|228|649
39|383|228|650
39|383|229|651
39|384|229|652
39|384|230|653
39|385|230|654
39|385|231|655
39|386|231|656
39|386|232|657
39|387|232|658
39|387|233|659
39|388|233|660
39|388|234|661
39|389|234|662
39|389|235|663
39|390|235|664
39|390|236|665
39|391|236|666
39|391|237|667
39|392|237|668
39|392|238|669
39|393|238|670
39|393|239|671
39|394|239|672
39|394|240|673
39|395|240|674
39|395|241|675
39|396|241|676
39|397|241|677
39|398|241|678
39|398|242|679
39|399|242|680
39|399|243|681
39|400|243|682
39|400|244|683
39|401|244|684
39|401|245|685
39|402|245|686
39|403|245|687
40|403|245|688
40|403|246|689
40|404|246|690
40|404|247|691
40|405|247|692
40|406|247|693
41|406|247|694
41|406|248|695
41|407|248|696
41|407|249|697
41|408|249|698
41|408|250|699
41|409|250|700
41|409|251|701
41|410|251|702
41|411|251|703
41|412|251|704
41|412|252|705
41|413|252|706
41|414|252|707
42|414|252|708
42|414|253|709
43|414|253|710
43|414|254|711
43|415|254|712
43|416|254|713
43|417|254|714
43|418|254|715
43|419|254|716
43|419|255|717
43|420|255|718
43|420|256|719
43|421|256|720
43|422|256|721
44|422|256|722
44|423|256|723
44|424|256|724
44|424|257|725
44|425|257|726
44|425|258|727
44|426|258|728
44|427|258|729
45|427|258|730
45|427|259|731
45|428|259|732
45|428|260|733
45|429|260|734
45|430|260|735
45|431|260|736
45|431|261|737
45|432|261|738
45|433|261|739
45|434|261|740
45|434|262|741
45|435|262|742
45|435|263|743
46|435|263|744
46|436|263|745
46|437|263|746
46|438|263|747
46|439|263|748
46|439|264|749
46|440|264|750
46|440|265|751
46|441|265|752
46|441|266|753
46|442|266|754
46|442|267|755
46|443|267|756
46|443|268|757
46|444|268|758
46|444|269|759
46|445|269|760
46|445|270|761
46|446|270|762
46|446|271|763
46|447|271|764
46|447|272|765
46|448|272|766
46|448|273|767
46|449|273|768
46|449|274|769
46|450|274|770
46|450|275|771
46|451|275|772
46|451|276|773
46|452|276|774
46|452|277|775
46|453|277|776
46|453|278|777
46|454|278|778
46|454|279|779
46|455|279|780
46|455|280|781
46|456|280|782
46|456|281|783
46|457|281|784
46|458|281|785
46|459|281|786
46|460|281|787
46|461|281|788
46|461|282|789
46|462|282|790
46|462|283|791
46|463|283|792
46|463|284|793
46|464|284|794
46|465|284|795
46|466|284|796
46|466|285|797
46|467|285|798
46|467|286|799
46|468|286|800
46|469|286|801
46|470|286|802
46|470|287|803
46|471|287|804
46|471|288|805
46|472|288|806
46|473|288|807
46|474|288|808
46|475|288|809
46|476|288|810
46|476|289|811
46|477|289|812
46|477|290|813
46|478|290|814
46|478|291|815
46|479|291|816
46|479|292|817
46|480|292|818
46|480|293|819
46|481|293|820
46|481|294|821
46|482|294|822
46|482|295|823
46|483|295|824
46|483|296|825
46|484|296|826
46|484|297|827
46|485|297|828
46|485|298|829
46|486|298|830
46|486|299|831
46|487|299|832
46|487|300|833
46|488|300|834
46|488|301|835
46|489|301|836
46|489|302|837
46|490|302|838
46|490|303|839
47|490|303|840
47|490|304|841
47|491|304|842
47|491|305|843
47|492|305|844
47|493|305|845
48|493|305|846
48|493|306|847
48|494|306|848
48|494|307|849
48|495|307|850
48|495|308|851
48|496|308|852
48|496|309|853
49|496|309|854
49|496|310|855
50|496|310|856
50|497|310|857
50|498|310|858
50|499|310|859
50|500|310|860
50|501|310|861
50|502|310|862
50|503|310|863
50|504|310|864
50|505|310|865
50|506|310|866
50|507|310|867
50|508|310|868
50|509|310|869
50|510|310|870
50|511|310|871
50|512|310|872
50|513|310|873
50|514|310|874
50|515|310|875
50|516|310|876
50|517|310|877
50|518|310|878
50|519|310|879
50|520|310|880
50|521|310|881
50|522|310|882
50|523|310|883
50|524|310|884
50|525|310|885
50|526|310|886
50|527|310|887
50|528|310|888
50|529|310|889
50|530|310|890
50|531|310|891
50|532|310|892
50|532|311|893
50|533|311|894
50|533|312|895
50|534|312|896
50|534|313|897
50|535|313|898
50|535|314|899
50|536|314|900
50|536|315|901
50|537|315|902
50|537|316|903
50|538|316|904
50|538|317|905
50|539|317|906
50|540|317|907
50|541|317|908
50|541|318|909
50|542|318|910
50|543|318|911
50|544|318|912
50|544|319|913
50|545|319|914
50|546|319|915
50|547|319|916
50|548|319|917
50|549|319|918
50|549|320|919
50|550|320|920
50|550|321|921
50|551|321|922
50|551|322|923
50|552|322|924
50|552|323|925
50|553|323|926
50|553|324|927
50|554|324|928
50|554|325|929
50|555|325|930
50|555|326|931
50|556|326|932
50|557|326|933
50|558|326|934
50|558|327|935
50|559|327|936
50|560|327|937
50|561|327|938
50|562|327|939
50|563|327|940
50|564|327|941
50|565|327|942
50|565|328|943
50|566|328|944
50|567|328|945
50|568|328|946
50|568|329|947
50|569|329|948
50|569|330|949
50|570|330|950
50|571|330|951
50|572|330|952
50|572|331|953
50|573|331|954
50|573|332|955
50|574|332|956
50|574|333|957
50|575|333|958
50|575|334|959
50|576|334|960
50|577|334|961
50|578|334|962
50|578|335|963
50|579|335|964
50|579|336|965
50|580|336|966
50|580|337|967
50|581|337|968
50|581|338|969
50|582|338|970
50|583|338|971
50|584|338|972
50|585|338|973
50|586|338|974
50|586|339|975
50|587|339|976
50|587|340|977
50|587|341|978
50|587|342|979
51|587|342|980
51|587|343|981
51|588|343|982
51|588|344|983
51|589|344|984
51|589|345|985
51|590|345|986
51|591|345|987
51|592|345|988
51|592|346|989
51|593|346|990
51|594|346|991
51|595|346|992
51|596|346|993
51|597|346|994
51|598|346|995
51|599|346|996
51|600|346|997
52|600|346|998
52|601|346|999
52|602|346|1000
52|603|346|1001
53|603|346|1002
53|604|346|1003
53|605|346|1004
53|605|347|1005
53|606|347|1006
53|606|348|1007
53|607|348|1008
53|608|348|1009
54|608|348|1010
54|608|349|1011
54|609|349|1012
54|609|350|1013
54|610|350|1014
54|611|350|1015
54|612|350|1016
54|612|351|1017
54|613|351|1018
54|613|352|1019
54|614|352|1020
54|615|352|1021
54|616|352|1022
54|617|352|1023
55|617|352|1024
55|617|353|1025
55|618|353|1026
55|618|354|1027
55|619|354|1028
55|619|355|1029
56|619|355|1030
56|620|355|1031
56|621|355|1032
56|622|355|1033
57|622|355|1034
57|623|355|1035
57|624|355|1036
57|624|356|1037
57|625|356|1038
57|625|357|1039
58|625|357|1040
58|625|358|1041
58|626|358|1042
58|626|359|1043
58|627|359|1044
58|627|360|1045
58|628|360|1046
58|628|361|1047
59|628|361|1048
59|628|362|1049
59|629|362|1050
59|629|363|1051
59|630|363|1052
59|630|364|1053
59|631|364|1054
59|631|365|1055
59|632|365|1056
59|632|366|1057
60|632|366|1058
60|632|367|1059
60|633|367|1060
60|633|368|1061
60|634|368|1062
60|634|369|1063
60|635|369|1064
60|635|370|1065
60|636|370|1066
60|636|371|1067
60|637|371|1068
60|637|372|1069
60|638|372|1070
60|639|373|1072
60|640|373|1073
60|640|374|1074
60|641|374|1075
60|641|375|1076
60|642|375|1077
60|642|376|1078
60|643|376|1079
60|643|377|1080
60|644|377|1081
60|644|378|1082
61|644|378|1083
61|644|379|1084
61|645|379|1085
61|645|380|1086
61|646|380|1087
61|646|381|1088
61|647|381|1089
61|647|382|1090
61|648|382|1091
61|648|383|1092
62|648|383|1093
62|648|384|1094
62|649|384|1095
62|649|385|1096
62|650|385|1097
62|650|386|1098
62|651|386|1099
62|651|387|1100
62|652|387|1101
62|652|388|1102
62|653|388|1103
62|653|389|1104
62|654|389|1105
62|654|390|1106
62|655|390|1107
62|655|391|1108
63|655|391|1109
63|656|391|1110
63|657|391|1111
63|658|391|1112
63|659|391|1113
63|659|392|1114
63|660|392|1115
63|660|393|1116
64|660|393|1117
64|660|394|1118
64|661|394|1119
64|662|394|1120
64|663|394|1121
64|663|395|1122
65|663|395|1123
65|664|395|1124
65|665|395|1125
65|665|396|1126
65|666|396|1127
65|666|397|1128
65|667|397|1129
65|668|397|1130
65|669|397|1131
65|669|398|1132
65|670|398|1133
65|670|399|1134
65|671|399|1135
65|672|399|1136
65|673|399|1137
65|674|399|1138
65|675|399|1139
65|675|400|1140
65|676|400|1141
65|676|401|1142
65|677|401|1143
65|678|401|1144
65|679|401|1145
65|680|401|1146
65|681|401|1147
65|682|401|1148
65|683|401|1149
65|684|401|1150
65|685|401|1151
65|685|402|1152
65|686|402|1153
65|687|402|1154
65|688|402|1155
65|688|403|1156
65|689|403|1157
65|690|403|1158
65|691|403|1159
65|692|403|1160
65|693|403|1161
65|694|403|1162
65|695|403|1163
65|696|403|1164
65|697|403|1165
65|698|403|1166
65|699|403|1167
65|700|403|1168
65|701|403|1169
65|702|403|1170
65|703|403|1171
65|704|403|1172
65|705|403|1173
65|706|403|1174
65|707|403|1175
65|708|403|1176
65|709|403|1177
65|710|403|1178
65|711|403|1179
65|712|403|1180
66|712|403|1181
66|713|403|1182
66|714|403|1183
66|714|404|1184
67|714|404|1185
67|714|405|1186
68|714|405|1187
68|714|406|1188
68|715|406|1189
68|716|406|1190
69|716|406|1191
69|716|407|1192
69|717|407|1193
69|717|408|1194
69|718|408|1195
69|718|409|1196
69|719|409|1197
69|719|410|1198
70|719|410|1199
70|719|411|1200
70|720|411|1201
70|720|412|1202
71|720|412|1203
71|720|413|1204
71|721|413|1205
71|721|414|1206
71|722|414|1207
71|722|415|1208
72|722|415|1209
72|723|415|1210
72|724|415|1211
72|725|415|1212
72|726|415|1213
72|726|416|1214
72|727|416|1215
72|728|416|1216
72|729|416|1217
72|729|417|1218
72|730|417|1219
72|730|418|1220
72|731|418|1221
72|731|419|1222
72|732|419|1223
72|732|420|1224
72|733|420|1225
72|733|421|1226
72|734|421|1227
72|734|422|1228
72|735|422|1229
72|735|423|1230
72|736|423|1231
72|736|424|1232
72|737|424|1233
72|737|425|1234
72|738|425|1235
72|738|426|1236
72|739|426|1237
72|739|427|1238
72|740|427|1239
72|740|428|1240
72|741|428|1241
72|741|429|1242
72|742|429|1243
72|742|430|1244
72|743|430|1245
72|743|431|1246
72|744|431|1247
72|744|432|1248
72|745|432|1249
72|745|433|1250
72|746|433|1251
72|746|434|1252
73|746|434|1253
73|746|435|1254
73|747|435|1255
73|747|436|1256
73|748|436|1257
73|748|437|1258
73|749|437|1259
73|749|438|1260
73|750|438|1261
73|751|438|1262
73|752|438|1263
73|753|438|1264
73|754|438|1265
73|755|438|1266
73|756|438|1267
73|756|439|1268
73|757|439|1269
73|757|440|1270
73|758|440|1271
73|758|441|1272
73|759|441|1273
73|759|442|1274
73|760|442|1275
73|760|443|1276
73|761|443|1277
73|761|444|1278
73|762|444|1279
73|763|444|1280
74|763|444|1281
74|763|445|1282
75|763|445|1283
75|764|445|1284
75|765|445|1285
75|765|446|1286
75|766|446|1287
75|766|447|1288
75|767|447|1289
75|767|448|1290
75|768|448|1291
75|768|449|1292
75|769|449|1293
75|769|450|1294
75|770|450|1295
75|770|451|1296
75|771|451|1297
75|771|452|1298
75|772|452|1299
75|772|453|1300
75|773|453|1301
75|773|454|1302
75|774|454|1303
75|774|455|1304
75|775|455|1305
75|775|456|1306
75|776|456|1307
75|776|457|1308
75|777|457|1309
75|777|458|1310
75|778|458|1311
75|778|459|1312
75|779|459|1313
75|779|460|1314
75|780|460|1315
75|780|461|1316
75|781|461|1317
75|781|462|1318
75|782|462|1319
75|782|463|1320
75|783|463|1321
75|783|464|1322
75|784|464|1323
75|784|465|1324
75|785|465|1325
75|785|466|1326
75|786|466|1327
75|786|467|1328
75|787|467|1329
75|787|468|1330
75|788|468|1331
75|788|469|1332
75|789|469|1333
75|789|470|1334
75|790|470|1335
75|790|471|1336
75|791|471|1337
75|791|472|1338
75|792|472|1339
75|792|473|1340
75|793|473|1341
75|793|474|1342
75|794|474|1343
75|794|475|1344
75|795|475|1345
75|795|476|1346
75|796|476|1347
75|796|477|1348
75|797|477|1349
75|797|478|1350
75|798|478|1351
75|798|479|1352
75|799|479|1353
75|799|480|1354
75|800|480|1355
75|800|481|1356
75|801|481|1357
75|801|482|1358
75|802|482|1359
75|802|483|1360
75|803|483|1361
75|804|483|1362
76|804|483|1363
76|804|484|1364
77|804|484|1365
77|804|485|1366
77|805|485|1367
77|805|486|1368
77|806|486|1369
77|807|486|1370
77|808|486|1371
77|809|486|1372
78|809|486|1373
78|810|486|1374
78|811|486|1375
78|811|487|1376
78|812|487|1377
78|813|487|1378
78|814|487|1379
78|814|488|1380
78|815|488|1381
78|815|489|1382
79|815|489|1383
79|815|490|1384
79|816|490|1385
79|816|491|1386
80|816|491|1387
80|817|491|1388
80|818|491|1389
80|818|492|1390
81|818|492|1391
81|819|492|1392
82|819|492|1393
82|820|492|1394
82|821|492|1395
82|821|493|1396
82|822|493|1397
82|823|493|1398
82|824|493|1399
82|824|494|1400
82|825|494|1401
82|825|495|1402
82|826|495|1403
82|826|496|1404
82|827|496|1405
82|827|497|1406
82|828|497|1407
82|829|497|1408
82|830|497|1409
82|830|498|1410
82|831|498|1411
82|831|499|1412
82|832|499|1413
82|832|500|1414
82|833|500|1415
82|833|501|1416
82|833|502|1417
82|833|503|1418
82|834|503|1419
82|835|503|1420
82|836|503|1421
82|836|504|1422
82|837|504|1423
82|838|504|1424
82|839|504|1425
82|839|505|1426
83|839|505|1427
83|840|505|1428
84|840|505|1429
84|840|506|1430
84|841|506|1431
84|841|507|1432
84|842|507|1433
84|842|508|1434
84|843|508|1435
84|843|509|1436
84|844|509|1437
84|844|510|1438
84|845|510|1439
84|845|511|1440
84|846|511|1441
84|846|512|1442
84|847|512|1443
84|847|513|1444
84|848|513|1445
84|848|514|1446
84|849|514|1447
84|849|515|1448
84|850|515|1449
84|850|516|1450
84|851|516|1451
84|851|517|1452
84|852|517|1453
84|852|518|1454
84|853|518|1455
84|853|519|1456
84|854|519|1457
84|854|520|1458
84|855|520|1459
84|855|521|1460
84|856|521|1461
84|856|522|1462
84|857|522|1463
84|857|523|1464
84|858|523|1465
84|858|524|1466
84|859|524|1467
84|859|525|1468
84|860|525|1469
84|861|525|1470
84|862|525|1471
84|863|525|1472
84|864|525|1473
84|864|526|1474
84|865|526|1475
84|865|527|1476
84|866|527|1477
84|867|527|1478
84|868|527|1479
84|869|527|1480
84|870|527|1481
84|870|528|1482
84|871|528|1483
84|871|529|1484
84|872|529|1485
84|873|529|1486
84|874|529|1487
84|874|530|1488
84|875|530|1489
84|875|531|1490
84|876|531|1491
84|877|531|1492
84|878|531|1493
84|878|532|1494
84|879|532|1495
84|879|533|1496
84|880|533|1497
84|880|534|1498
84|881|534|1499
84|881|535|1500
84|882|535|1501
84|883|535|1502
84|884|535|1503
84|885|535|1504
84|886|535|1505
84|886|536|1506
85|886|536|1507
85|886|537|1508
85|887|537|1509
85|888|537|1510
85|889|537|1511
85|890|537|1512
85|891|537|1513
85|892|537|1514
86|892|537|1515
86|892|538|1516
87|892|538|1517
87|893|538|1518
88|893|538|1519
88|893|539|1520
89|893|539|1521
89|893|540|1522
89|894|540|1523
89|895|540|1524
89|896|540|1525
89|897|540|1526
89|898|540|1527
89|898|541|1528
89|899|541|1529
89|899|542|1530
89|900|542|1531
89|900|543|1532
89|901|543|1533
89|901|544|1534
90|901|544|1535
90|901|545|1536
91|901|545|1537
91|901|546|1538
91|902|546|1539
91|903|546|1540
91|904|546|1541
91|905|546|1542
91|906|546|1543
91|907|546|1544
91|908|546|1545
91|909|546|1546
91|910|546|1547
91|911|546|1548
91|912|546|1549
91|913|546|1550
91|914|546|1551
91|915|546|1552
91|916|546|1553
91|917|546|1554
91|918|546|1555
91|919|546|1556
91|920|546|1557
91|921|546|1558
91|922|546|1559
91|923|546|1560
91|924|546|1561
91|925|546|1562
91|926|546|1563
91|927|546|1564
91|928|546|1565
91|929|546|1566
91|930|546|1567
91|931|546|1568
91|932|546|1569
91|933|546|1570
91|934|546|1571
91|935|546|1572
91|936|546|1573
91|937|546|1574
91|938|546|1575
91|939|546|1576
91|940|546|1577
91|940|547|1578
91|941|547|1579
91|941|548|1580
91|942|548|1581
91|942|549|1582
91|943|549|1583
91|943|550|1584
91|944|550|1585
91|944|551|1586
91|945|551|1587
91|945|552|1588
91|946|552|1589
91|946|553|1590
91|947|553|1591
91|947|554|1592
91|948|554|1593
91|948|555|1594
91|949|555|1595
91|949|556|1596
91|950|556|1597
91|950|557|1598
91|951|557|1599
91|951|558|1600
91|952|558|1601
91|952|559|1602
91|953|559|1603
91|953|560|1604
91|954|560|1605
91|954|561|1606
91|955|561|1607
91|955|562|1608
91|956|562|1609
91|956|563|1610
91|957|563|1611
91|957|564|1612
91|958|564|1613
91|959|564|1614
91|960|564|1615
91|961|564|1616
91|962|564|1617
91|962|565|1618
91|963|565|1619
91|963|566|1620
91|964|566|1621
91|964|567|1622
91|965|567|1623
91|966|567|1624
91|967|567|1625
91|968|567|1626
91|969|567|1627
91|969|568|1628
91|970|568|1629
91|970|569|1630
91|971|569|1631
91|971|570|1632
91|972|570|1633
91|972|571|1634
91|973|571|1635
91|974|571|1636
91|975|571|1637
91|976|571|1638
91|977|571|1639
91|977|572|1640
91|978|572|1641
91|979|572|1642
92|979|572|1643
92|980|572|1644
92|981|572|1645
92|982|572|1646
92|983|572|1647
92|983|573|1648
92|984|573|1649
92|984|574|1650
92|985|574|1651
92|985|575|1652
92|986|575|1653
92|986|576|1654
92|987|576|1655
92|987|577|1656
92|988|577|1657
92|989|577|1658
92|990|577|1659
92|990|578|1660
92|991|578|1661
92|991|579|1662
92|992|579|1663
92|992|580|1664
92|993|580|1665
92|994|580|1666
92|995|580|1667
92|995|581|1668
92|996|581|1669
92|996|582|1670
92|997|582|1671
92|997|583|1672
92|998|583|1673
92|998|584|1674
92|999|584|1675
92|999|585|1676
92|1000|585|1677
92|1000|586|1678
93|1000|586|1679
93|1001|586|1680
94|1001|586|1681
94|1001|587|1682
94|1002|587|1683
94|1002|588|1684
94|1003|588|1685
94|1003|589|1686
94|1004|589|1687
94|1004|590|1688
94|1005|590|1689
94|1005|591|1690
94|1006|591|1691
94|1006|592|1692
95|1006|592|1693
95|1007|592|1694
95|1008|592|1695
95|1008|593|1696
95|1009|593|1697
95|1009|594|1698
95|1010|594|1699
95|1010|595|1700
96|1010|595|1701
96|1010|596|1702
96|1011|596|1703
96|1011|597|1704
96|1012|597|1705
96|1012|598|1706
96|1013|598|1707
96|1013|599|1708
96|1014|599|1709
96|1014|600|1710
96|1015|600|1711
96|1015|601|1712
96|1016|601|1713
96|1016|602|1714
97|1016|602|1715
97|1017|602|1716
97|1018|602|1717
97|1018|603|1718
97|1019|603|1719
97|1019|604|1720
97|1020|604|1721
97|1020|605|1722
97|1021|605|1723
97|1021|606|1724
97|1022|606|1725
97|1022|607|1726
97|1023|607|1727
97|1023|608|1728
97|1024|608|1729
97|1024|609|1730
97|1025|609|1731
97|1025|610|1732
97|1026|610|1733
97|1026|611|1734
97|1027|611|1735
97|1027|612|1736
97|1028|612|1737
97|1028|613|1738
97|1029|613|1739
97|1029|614|1740
97|1030|614|1741
97|1030|615|1742
97|1031|615|1743
97|1031|616|1744
97|1032|616|1745
97|1032|617|1746
97|1033|617|1747
97|1033|618|1748
97|1034|618|1749
97|1034|619|1750
97|1035|619|1751
97|1035|620|1752
97|1036|620|1753
97|1036|621|1754
97|1037|621|1755
97|1037|622|1756
97|1038|622|1757
97|1038|623|1758
97|1039|623|1759
97|1039|624|1760
97|1040|624|1761
97|1040|625|1762
97|1041|625|1763
97|1041|626|1764
97|1042|626|1765
97|1042|627|1766
97|1043|627|1767
97|1043|628|1768
97|1044|628|1769
97|1044|629|1770
97|1045|629|1771
97|1045|630|1772
97|1046|630|1773
97|1046|631|1774
97|1047|631|1775
97|1047|632|1776
97|1048|632|1777
97|1048|633|1778
97|1049|633|1779
97|1049|634|1780
97|1050|634|1781
97|1050|635|1782
97|1051|635|1783
97|1051|636|1784
97|1052|636|1785
97|1052|637|1786
97|1053|637|1787
97|1053|638|1788
97|1054|638|1789
97|1054|639|1790
97|1055|639|1791
97|1055|640|1792
97|1056|640|1793
97|1056|641|1794
97|1057|641|1795
97|1057|642|1796
97|1058|642|1797
97|1058|643|1798
97|1059|643|1799
97|1059|644|1800
97|1060|644|1801
97|1060|645|1802
97|1061|645|1803
97|1061|646|1804
97|1062|646|1805
97|1062|647|1806
97|1063|647|1807
97|1063|648|1808
97|1064|648|1809
97|1064|649|1810
97|1065|649|1811
97|1065|650|1812
97|1066|650|1813
97|1066|651|1814
97|1067|651|1815
97|1067|652|1816
97|1068|652|1817
97|1068|653|1818
97|1069|653|1819
97|1069|654|1820
97|1070|654|1821
97|1070|655|1822
98|1070|655|1823
98|1071|655|1824
98|1072|655|1825
98|1072|656|1826
98|1073|656|1827
98|1073|657|1828
98|1074|657|1829
98|1075|657|1830
98|1076|657|1831
98|1077|657|1832
98|1078|657|1833
98|1079|657|1834
98|1080|657|1835
98|1081|657|1836
98|1082|657|1837
98|1083|657|1838
98|1084|657|1839
98|1085|657|1840
98|1086|657|1841
98|1087|657|1842
98|1088|657|1843
98|1088|658|1844
98|1089|658|1845
98|1090|658|1846
98|1091|658|1847
98|1092|658|1848
98|1093|658|1849
98|1094|658|1850
98|1095|658|1851
98|1096|658|1852
98|1097|658|1853
98|1098|658|1854
98|1099|658|1855
98|1100|658|1856
98|1101|658|1857
98|1102|658|1858
98|1103|658|1859
98|1104|658|1860
98|1105|658|1861
98|1106|658|1862
98|1107|658|1863
98|1108|658|1864
98|1109|658|1865
98|1109|659|1866
98|1110|659|1867
98|1110|660|1868
98|1111|660|1869
98|1111|661|1870
98|1112|661|1871
98|1112|662|1872
98|1113|662|1873
98|1113|663|1874
99|1113|663|1875
99|1113|664|1876
99|1114|664|1877
99|1114|665|1878
99|1115|665|1879
99|1115|666|1880
100|1115|666|1881
100|1115|667|1882
100|1116|667|1883
100|1116|668|1884
100|1117|668|1885
100|1117|669|1886
100|1118|669|1887
100|1118|670|1888
100|1119|670|1889
100|1119|671|1890
100|1120|671|1891
100|1120|672|1892
100|1121|672|1893
100|1121|673|1894
100|1122|673|1895
100|1122|674|1896
100|1123|674|1897
100|1123|675|1898
100|1124|675|1899
100|1124|676|1900
100|1125|676|1901
100|1125|677|1902
100|1126|677|1903
100|1126|678|1904
100|1127|678|1905
100|1127|679|1906
100|1128|679|1907
100|1128|680|1908
100|1129|680|1909
100|1129|681|1910
100|1130|681|1911
100|1130|682|1912
100|1131|682|1913
100|1131|683|1914
100|1132|683|1915
100|1132|684|1916
100|1133|684|1917
100|1133|685|1918
100|1134|685|1919
100|1134|686|1920
100|1135|686|1921
100|1135|687|1922
100|1136|687|1923
100|1136|688|1924
100|1137|688|1925
100|1137|689|1926
100|1138|689|1927
100|1138|690|1928
100|1139|690|1929
100|1139|691|1930
100|1140|691|1931
100|1140|692|1932
100|1141|692|1933
100|1141|693|1934
100|1142|693|1935
100|1142|694|1936
100|1143|694|1937
100|1143|695|1938
100|1144|695|1939
100|1144|696|1940
100|1145|696|1941
100|1145|697|1942
100|1146|697|1943
100|1146|698|1944
100|1147|698|1945
100|1147|699|1946
100|1148|699|1947
100|1148|700|1948
100|1149|700|1949
100|1149|701|1950
100|1150|701|1951
100|1150|702|1952
100|1151|702|1953
100|1151|703|1954
100|1152|703|1955
100|1152|704|1956
100|1153|704|1957
100|1153|705|1958
100|1154|705|1959
100|1154|706|1960
100|1155|706|1961
100|1155|707|1962
100|1156|707|1963
100|1156|708|1964
100|1157|708|1965
100|1158|708|1966
101|1158|708|1967
101|1158|709|1968
101|1159|709|1969
101|1159|710|1970
101|1160|710|1971
101|1161|710|1972
101|1162|710|1973
101|1162|711|1974
101|1163|711|1975
101|1163|712|1976
101|1164|712|1977
101|1165|712|1978
101|1166|712|1979
101|1167|712|1980
101|1168|712|1981
101|1169|712|1982
101|1170|712|1983
101|1171|712|1984
101|1172|712|1985
101|1173|712|1986
101|1174|712|1987
101|1175|712|1988
101|1176|712|1989
101|1177|712|1990
101|1178|712|1991
101|1179|712|1992
101|1180|712|1993
101|1181|712|1994
101|1182|712|1995
101|1183|712|1996
102|1183|712|1997
102|1184|712|1998
103|1184|712|1999
103|1184|713|2000
