total
0|0|1|1
0|1|1|2
0|1|2|3
0|2|2|4
0|2|3|5
0|3|3|6
0|3|4|7
0|4|4|8
0|4|5|9
0|5|5|10
0|5|6|11
0|6|6|12
0|6|7|13
0|7|7|14
0|7|8|15
0|8|8|16
0|8|9|17
0|9|9|18
0|9|10|19
0|10|10|20
0|10|11|21
0|11|11|22
0|11|12|23
0|12|12|24
0|12|13|25
0|13|13|26
0|13|14|27
0|14|14|28
0|14|15|29
0|14|16|30
0|14|17|31
0|14|18|32
0|14|19|33
0|14|20|34
0|14|21|35
0|14|22|36
0|14|23|37
0|14|24|38
1|14|24|39
1|14|25|40
1|14|26|41
1|14|27|42
1|14|28|43
1|14|29|44
2|14|29|45
2|14|30|46
2|14|31|47
2|14|32|48
2|14|33|49
2|14|34|50
2|14|35|51
2|14|36|52
2|14|37|53
2|14|38|54
2|14|39|55
2|14|40|56
2|14|41|57
2|14|42|58
2|14|43|59
2|14|44|60
2|14|45|61
2|14|46|62
2|14|47|63
2|14|48|64
2|14|49|65
2|15|49|66
2|15|50|67
2|16|50|68
2|16|51|69
2|17|51|70
2|17|52|71
2|18|52|72
2|18|53|73
2|19|53|74
2|19|54|75
2|20|54|76
2|20|55|77
2|21|55|78
2|21|56|79
2|22|56|80
2|22|57|81
2|23|57|82
2|23|58|83
2|24|58|84
2|24|59|85
2|25|59|86
2|25|60|87
2|26|60|88
2|26|61|89
2|27|61|90
2|27|62|91
2|28|62|92
2|28|63|93
2|29|63|94
2|29|64|95
2|30|64|96
2|30|65|97
2|31|65|98
2|31|66|99
2|32|66|100
2|32|67|101
2|33|67|102
2|33|68|103
2|34|68|104
2|34|69|105
2|35|69|106
2|35|70|107
2|36|70|108
2|36|71|109
2|37|71|110
3|37|71|111
3|38|71|112
3|38|72|113
3|39|72|114
3|39|73|115
3|40|73|116
3|40|74|117
3|40|75|118
3|40|76|119
3|41|76|120
3|41|77|121
3|42|77|122
3|42|78|123
3|43|78|124
3|43|79|125
3|43|80|126
3|43|81|127
3|44|81|128
3|44|82|129
3|45|82|130
3|45|83|131
3|46|83|132
3|46|84|133
3|47|84|134
3|47|85|135
3|48|85|136
3|48|86|137
3|49|86|138
3|49|87|139
3|50|87|140
3|50|88|141
3|51|88|142
3|51|89|143
3|51|90|144
3|51|91|145
3|52|91|146
3|52|92|147
3|53|92|148
3|53|93|149
3|53|94|150
3|53|95|151
3|54|95|152
3|54|96|153
3|55|96|154
3|55|97|155
3|55|98|156
3|55|99|157
3|55|100|158
3|55|101|159
3|55|102|160
3|55|103|161
3|55|104|162
3|55|105|163
3|56|105|164
3|56|106|165
3|57|106|166
3|57|107|167
3|57|108|168
3|57|109|169
3|58|109|170
3|58|110|171
3|58|111|172
3|58|112|173
3|59|112|174
3|59|113|175
3|59|114|176
3|59|115|177
3|60|115|178
3|60|116|179
3|61|116|180
3|61|117|181
3|62|117|182
3|62|118|183
3|63|118|184
3|63|119|185
3|63|120|186
3|63|121|187
3|63|122|188
3|63|123|189
3|63|124|190
3|63|125|191
3|63|126|192
3|63|127|193
3|64|127|194
3|64|128|195
3|64|129|196
3|64|130|197
3|64|131|198
3|64|132|199
3|64|133|200
3|64|134|201
3|64|135|202
3|64|136|203
3|65|136|204
3|65|137|205
3|65|138|206
3|65|139|207
3|65|140|208
3|65|141|209
3|66|141|210
3|66|142|211
3|67|142|212
3|67|143|213
3|68|143|214
3|68|144|215
3|69|144|216
3|69|145|217
3|70|145|218
3|70|146|219
3|71|146|220
3|71|147|221
3|72|147|222
3|72|148|223
3|73|148|224
3|73|149|225
3|74|149|226
3|74|150|227
3|75|150|228
3|75|151|229
3|76|151|230
3|76|152|231
3|77|152|232
3|77|153|233
3|78|153|234
3|78|154|235
3|79|154|236
3|79|155|237
3|80|155|238
3|80|156|239
3|81|156|240
3|81|157|241
3|82|157|242
3|82|158|243
3|83|158|244
3|83|159|245
3|84|159|246
3|84|160|247
3|85|160|248
3|85|161|249
3|86|161|250
3|86|162|251
3|87|162|252
3|87|163|253
3|88|163|254
3|88|164|255
3|89|164|256
3|89|165|257
3|90|165|258
3|90|166|259
3|91|166|260
4|91|166|261
4|92|166|262
4|92|167|263
4|93|167|264
4|93|168|265
4|94|168|266
4|94|169|267
4|95|169|268
4|95|170|269
4|96|170|270
4|96|171|271
4|97|171|272
4|97|172|273
4|98|172|274
4|98|173|275
4|99|173|276
4|99|174|277
4|100|174|278
4|100|175|279
4|101|175|280
4|101|176|281
4|102|176|282
4|102|177|283
4|103|177|284
4|103|178|285
4|104|178|286
4|104|179|287
4|105|179|288
5|105|179|289
5|106|179|290
5|106|180|291
5|107|180|292
5|107|181|293
5|108|181|294
6|108|181|295
6|108|182|296
6|108|183|297
6|109|183|298
6|109|184|299
6|110|184|300
6|110|185|301
6|111|185|302
6|111|186|303
6|111|187|304
6|111|188|305
6|112|188|306
6|112|189|307
6|113|189|308
6|113|190|309
6|114|190|310
6|114|191|311
6|115|191|312
6|115|192|313
6|116|192|314
6|116|193|315
6|117|193|316
6|117|194|317
6|118|194|318
6|118|195|319
6|119|195|320
6|119|196|321
6|120|196|322
6|120|197|323
6|121|197|324
7|121|197|325
7|122|197|326
7|122|198|327
7|123|198|328
7|123|199|329
7|124|199|330
7|124|200|331
7|125|200|332
7|125|201|333
7|126|201|334
7|126|202|335
7|127|202|336
7|127|203|337
7|128|203|338
7|128|204|339
7|129|204|340
7|129|205|341
7|130|205|342
7|130|206|343
7|131|206|344
7|131|207|345
7|132|207|346
7|132|208|347
7|133|208|348
7|133|209|349
7|134|209|350
7|134|210|351
7|135|210|352
7|135|211|353
7|136|211|354
7|136|212|355
7|137|212|356
7|137|213|357
7|138|213|358
7|138|214|359
7|139|214|360
8|139|214|361
8|140|214|362
8|140|215|363
8|141|215|364
8|141|216|365
8|142|216|366
8|142|217|367
8|143|217|368
8|143|218|369
8|144|218|370
8|144|219|371
8|145|219|372
8|145|220|373
8|146|220|374
8|146|221|375
8|147|221|376
8|147|222|377
8|148|222|378
8|148|223|379
8|149|223|380
8|149|224|381
8|150|224|382
8|150|225|383
8|151|225|384
8|151|226|385
8|152|226|386
8|152|227|387
8|153|227|388
8|153|228|389
8|154|228|390
8|154|229|391
8|155|229|392
8|155|230|393
8|156|230|394
8|156|231|395
8|157|231|396
8|157|232|397
8|158|232|398
8|158|233|399
8|159|233|400
8|159|234|401
8|160|234|402
8|160|235|403
8|161|235|404
8|161|236|405
8|162|236|406
8|162|237|407
8|163|237|408
8|163|238|409
8|164|238|410
8|164|239|411
8|165|239|412
8|165|240|413
8|166|240|414
8|166|241|415
8|167|241|416
8|167|242|417
8|168|242|418
8|168|243|419
8|169|243|420
8|169|244|421
8|170|244|422
8|170|245|423
8|171|245|424
8|171|246|425
8|172|246|426
8|172|247|427
8|173|247|428
8|173|248|429
8|174|248|430
8|174|249|431
8|175|249|432
8|175|250|433
8|176|250|434
8|176|251|435
8|177|251|436
8|177|252|437
8|178|252|438
8|178|253|439
8|179|253|440
8|179|254|441
8|180|254|442
8|180|255|443
8|181|255|444
8|181|256|445
8|182|256|446
8|182|257|447
8|183|257|448
8|183|258|449
8|184|258|450
8|184|259|451
8|185|259|452
8|185|260|453
8|186|260|454
8|186|261|455
8|187|261|456
8|187|262|457
8|188|262|458
8|188|263|459
8|189|263|460
8|189|264|461
8|190|264|462
9|190|264|463
9|191|264|464
9|191|265|465
9|192|265|466
9|192|266|467
9|193|266|468
10|193|266|469
10|194|266|470
10|194|267|471
10|195|267|472
11|195|267|473
11|196|267|474
11|196|268|475
11|197|268|476
11|197|269|477
11|198|269|478
12|198|269|479
12|199|269|480
12|199|270|481
12|200|270|482
13|200|270|483
13|201|270|484
13|201|271|485
13|202|271|486
14|202|271|487
14|203|271|488
14|203|272|489
14|204|272|490
14|204|273|491
14|205|273|492
14|205|274|493
14|206|274|494
15|206|274|495
15|207|274|496
15|207|275|497
15|208|275|498
15|208|276|499
15|209|276|500
15|209|277|501
15|210|277|502
15|210|278|503
15|211|278|504
15|211|279|505
15|212|279|506
15|212|280|507
15|213|280|508
15|213|281|509
15|214|281|510
15|214|282|511
15|215|282|512
15|215|283|513
15|216|283|514
15|216|284|515
15|217|284|516
15|217|285|517
15|218|285|518
15|218|286|519
15|219|286|520
15|219|287|521
15|220|287|522
15|220|288|523
15|221|288|524
15|221|289|525
15|222|289|526
15|222|290|527
15|223|290|528
15|223|291|529
15|224|291|530
15|224|292|531
15|225|292|532
15|225|293|533
15|226|293|534
15|226|294|535
15|227|294|536
15|227|295|537
15|228|295|538
15|228|296|539
15|229|296|540
15|229|297|541
15|230|297|542
15|230|298|543
15|231|298|544
15|231|299|545
15|232|299|546
15|232|300|547
15|233|300|548
15|233|301|549
15|234|301|550
15|234|302|551
15|235|302|552
15|235|303|553
15|236|303|554
15|236|304|555
15|237|304|556
15|237|305|557
15|238|305|558
15|238|306|559
15|239|306|560
15|239|307|561
15|240|307|562
15|240|308|563
15|241|308|564
15|241|309|565
15|242|309|566
15|242|310|567
15|243|310|568
15|243|311|569
15|243|312|570
16|243|312|571
16|243|313|572
17|243|313|573
17|243|314|574
18|243|314|575
18|243|315|576
19|243|315|577
19|243|316|578
20|243|316|579
20|243|317|580
21|243|317|581
21|243|318|582
22|243|318|583
22|243|319|584
22|243|320|585
22|243|321|586
23|243|321|587
23|243|322|588
24|243|322|589
24|243|323|590
24|243|324|591
24|243|325|592
24|243|326|593
24|243|327|594
25|243|327|595
25|243|328|596
26|243|328|597
26|243|329|598
27|243|329|599
27|243|330|600
28|243|330|601
28|243|331|602
28|243|332|603
28|243|333|604
28|243|334|605
28|244|334|606
28|244|335|607
28|245|335|608
28|245|336|609
28|246|336|610
28|246|337|611
28|247|337|612
28|247|338|613
28|248|338|614
28|248|339|615
28|249|339|616
28|249|340|617
28|250|340|618
28|250|341|619
28|251|341|620
28|251|342|621
28|252|342|622
28|252|343|623
28|253|343|624
28|253|344|625
28|254|344|626
28|254|345|627
28|255|345|628
28|255|346|629
28|256|346|630
28|256|347|631
28|257|347|632
28|257|348|633
28|258|348|634
28|258|349|635
28|259|349|636
28|259|350|637
28|260|350|638
28|260|351|639
28|261|351|640
28|261|352|641
28|262|352|642
28|262|353|643
28|263|353|644
28|263|354|645
28|264|354|646
28|264|355|647
28|265|355|648
28|265|356|649
28|266|356|650
28|266|357|651
28|267|357|652
28|267|358|653
28|268|358|654
28|268|359|655
28|269|359|656
28|269|360|657
28|270|360|658
28|270|361|659
28|271|361|660
28|271|362|661
28|272|362|662
28|272|363|663
28|273|363|664
28|273|364|665
28|274|364|666
28|274|365|667
28|275|365|668
28|275|366|669
28|276|366|670
28|276|367|671
28|277|367|672
28|277|368|673
28|278|368|674
28|278|369|675
28|279|369|676
28|279|370|677
28|280|370|678
28|280|371|679
28|281|371|680
28|281|372|681
28|282|372|682
28|282|373|683
28|283|373|684
28|283|374|685
28|284|374|686
28|284|375|687
28|285|375|688
28|285|376|689
28|286|376|690
28|286|377|691
28|287|377|692
28|287|378|693
28|288|378|694
28|288|379|695
28|289|379|696
28|289|380|697
28|290|380|698
28|290|381|699
28|291|381|700
28|291|382|701
28|292|382|702
28|292|383|703
28|293|383|704
28|293|384|705
28|294|384|706
28|294|385|707
28|295|385|708
28|295|386|709
28|296|386|710
28|296|387|711
28|297|387|712
28|297|388|713
28|297|389|714
28|297|390|715
28|297|391|716
28|297|392|717
28|297|393|718
28|297|394|719
28|297|395|720
28|297|396|721
28|297|397|722
28|297|398|723
28|297|399|724
28|297|400|725
28|297|401|726
28|297|402|727
28|297|403|728
28|297|404|729
28|297|405|730
28|297|406|731
28|297|407|732
28|297|408|733
28|297|409|734
28|297|410|735
28|297|411|736
28|297|412|737
28|297|413|738
28|297|414|739
28|297|415|740
28|297|416|741
28|297|417|742
28|297|418|743
28|297|419|744
28|297|420|745
28|297|421|746
28|297|422|747
28|297|423|748
28|297|424|749
28|298|424|750
28|298|425|751
28|299|425|752
28|299|426|753
28|300|426|754
28|300|427|755
28|301|427|756
28|301|428|757
28|302|428|758
28|302|429|759
28|303|429|760
28|303|430|761
28|304|430|762
28|304|431|763
28|305|431|764
28|305|432|765
28|306|432|766
28|306|433|767
28|307|433|768
28|307|434|769
28|308|434|770
28|308|435|771
28|309|435|772
28|309|436|773
28|310|436|774
28|310|437|775
28|311|437|776
28|311|438|777
28|312|438|778
28|312|439|779
28|313|439|780
28|313|440|781
28|314|440|782
28|314|441|783
28|315|441|784
28|315|442|785
28|316|442|786
28|316|443|787
28|317|443|788
28|317|444|789
28|318|444|790
28|318|445|791
28|319|445|792
28|319|446|793
28|320|446|794
29|320|446|795
29|321|446|796
29|321|447|797
29|322|447|798
29|322|448|799
29|323|448|800
30|323|448|801
30|323|449|802
30|323|450|803
30|324|450|804
30|324|451|805
30|325|451|806
30|325|452|807
30|326|452|808
30|326|453|809
30|326|454|810
30|326|455|811
30|327|455|812
30|327|456|813
30|327|457|814
30|327|458|815
30|328|458|816
30|328|459|817
30|329|459|818
30|329|460|819
30|330|460|820
30|330|461|821
30|331|461|822
30|331|462|823
30|332|462|824
30|332|463|825
30|333|463|826
30|333|464|827
30|334|464|828
30|334|465|829
30|334|466|830
30|334|467|831
30|335|467|832
30|335|468|833
30|335|469|834
30|335|470|835
30|335|471|836
30|335|472|837
30|335|473|838
30|335|474|839
30|336|474|840
30|336|475|841
30|336|476|842
30|336|477|843
30|337|477|844
30|337|478|845
30|338|478|846
30|338|479|847
30|339|479|848
30|339|480|849
30|340|480|850
30|340|481|851
30|341|481|852
30|341|482|853
30|342|482|854
30|342|483|855
30|343|483|856
30|343|484|857
30|343|485|858
30|343|486|859
30|344|486|860
30|344|487|861
30|344|488|862
30|344|489|863
30|344|490|864
30|344|491|865
30|345|491|866
30|345|492|867
30|346|492|868
30|346|493|869
30|347|493|870
30|347|494|871
30|348|494|872
30|348|495|873
30|349|495|874
30|349|496|875
30|349|497|876
30|349|498|877
30|349|499|878
30|349|500|879
30|350|500|880
30|350|501|881
30|350|502|882
30|350|503|883
30|350|504|884
30|350|505|885
30|351|505|886
30|351|506|887
30|351|507|888
30|351|508|889
30|351|509|890
30|351|510|891
30|352|510|892
30|352|511|893
30|353|511|894
30|353|512|895
30|354|512|896
30|354|513|897
30|355|513|898
30|355|514|899
30|356|514|900
30|356|515|901
30|357|515|902
30|357|516|903
30|358|516|904
30|358|517|905
30|359|517|906
30|359|518|907
30|360|518|908
30|360|519|909
30|361|519|910
30|361|520|911
30|362|520|912
30|362|521|913
30|363|521|914
30|363|522|915
30|364|522|916
30|364|523|917
30|365|523|918
30|365|524|919
30|366|524|920
30|366|525|921
30|367|525|922
30|367|526|923
30|368|526|924
30|368|527|925
30|369|527|926
30|369|528|927
30|370|528|928
30|370|529|929
30|371|529|930
30|371|530|931
30|372|530|932
30|372|531|933
30|373|531|934
30|373|532|935
30|374|532|936
30|374|533|937
30|375|533|938
30|375|534|939
30|376|534|940
30|376|535|941
30|377|535|942
30|377|536|943
30|378|536|944
30|378|537|945
30|379|537|946
30|379|538|947
30|380|538|948
30|380|539|949
30|381|539|950
30|381|540|951
30|382|540|952
30|382|541|953
30|383|541|954
30|383|542|955
30|384|542|956
30|384|543|957
30|385|543|958
30|385|544|959
30|386|544|960
30|386|545|961
30|387|545|962
30|387|546|963
30|388|546|964
30|388|547|965
30|388|548|966
30|388|549|967
30|389|549|968
30|389|550|969
30|390|550|970
30|390|551|971
30|391|551|972
31|391|551|973
31|392|551|974
31|392|552|975
31|393|552|976
31|393|553|977
31|394|553|978
31|394|554|979
31|395|554|980
31|395|555|981
31|396|555|982
31|396|556|983
31|397|556|984
31|397|557|985
31|398|557|986
32|398|557|987
32|398|558|988
32|398|559|989
32|399|559|990
33|399|559|991
33|399|560|992
33|399|561|993
33|399|562|994
33|399|563|995
33|399|564|996
33|399|565|997
33|400|565|998
33|400|566|999
33|401|566|1000
33|401|567|1001
33|402|567|1002
33|402|568|1003
33|403|568|1004
33|403|569|1005
33|404|569|1006
33|404|570|1007
33|405|570|1008
33|405|571|1009
33|406|571|1010
33|406|572|1011
33|407|572|1012
33|407|573|1013
33|408|573|1014
33|408|574|1015
33|409|574|1016
33|409|575|1017
33|410|575|1018
33|410|576|1019
33|411|576|1020
33|411|577|1021
33|412|577|1022
33|412|578|1023
33|413|578|1024
33|413|579|1025
33|414|579|1026
33|414|580|1027
33|415|580|1028
33|415|581|1029
33|416|581|1030
33|416|582|1031
33|417|582|1032
33|417|583|1033
33|418|583|1034
33|418|584|1035
33|419|584|1036
34|419|584|1037
34|420|584|1038
34|420|585|1039
34|421|585|1040
34|421|586|1041
34|422|586|1042
34|422|587|1043
34|423|587|1044
34|423|588|1045
34|424|588|1046
34|424|589|1047
34|425|589|1048
34|425|590|1049
34|426|590|1050
34|426|591|1051
34|427|591|1052
34|427|592|1053
34|428|592|1054
34|428|593|1055
34|429|593|1056
34|429|594|1057
34|430|594|1058
35|430|594|1059
35|431|594|1060
35|431|595|1061
35|432|595|1062
36|432|595|1063
36|433|595|1064
36|433|596|1065
36|434|596|1066
36|434|597|1067
36|435|597|1068
36|435|598|1069
36|436|598|1070
36|436|599|1071
36|437|599|1072
36|437|600|1073
36|438|600|1074
36|438|601|1075
36|439|601|1076
36|439|602|1077
36|440|602|1078
36|440|603|1079
36|441|603|1080
36|441|604|1081
36|442|604|1082
36|442|605|1083
36|443|605|1084
36|443|606|1085
36|444|606|1086
36|444|607|1087
36|445|607|1088
36|445|608|1089
36|446|608|1090
36|446|609|1091
36|447|609|1092
36|447|610|1093
36|448|610|1094
36|448|611|1095
36|449|611|1096
36|449|612|1097
36|450|612|1098
36|450|613|1099
36|451|613|1100
36|451|614|1101
36|452|614|1102
36|452|615|1103
36|453|615|1104
36|453|616|1105
36|454|616|1106
36|454|617|1107
36|455|617|1108
36|455|618|1109
36|456|618|1110
36|456|619|1111
36|457|619|1112
36|457|620|1113
36|458|620|1114
36|458|621|1115
36|459|621|1116
36|459|622|1117
36|460|622|1118
36|460|623|1119
36|461|623|1120
36|461|624|1121
36|462|624|1122
36|462|625|1123
36|463|625|1124
36|463|626|1125
36|464|626|1126
36|464|627|1127
36|465|627|1128
36|465|628|1129
36|466|628|1130
36|466|629|1131
36|467|629|1132
36|467|630|1133
36|468|630|1134
36|468|631|1135
36|469|631|1136
36|469|632|1137
36|470|632|1138
36|470|633|1139
36|471|633|1140
36|471|634|1141
36|472|634|1142
36|472|635|1143
36|473|635|1144
37|473|635|1145
37|474|635|1146
38|474|635|1147
38|475|635|1148
39|475|635|1149
39|476|635|1150
40|476|635|1151
40|477|635|1152
40|477|636|1153
40|478|636|1154
41|478|636|1155
41|479|636|1156
41|479|637|1157
41|480|637|1158
41|480|638|1159
41|481|638|1160
41|481|639|1161
41|482|639|1162
42|482|639|1163
42|483|639|1164
42|483|640|1165
42|484|640|1166
43|484|640|1167
43|485|640|1168
44|485|640|1169
44|486|640|1170
44|486|641|1171
44|487|641|1172
44|487|642|1173
44|488|642|1174
45|488|642|1175
45|489|642|1176
46|489|642|1177
46|490|642|1178
47|490|642|1179
47|491|642|1180
47|491|643|1181
47|492|643|1182
47|492|644|1183
47|493|644|1184
47|493|645|1185
47|494|645|1186
47|494|646|1187
47|495|646|1188
47|495|647|1189
47|496|647|1190
47|496|648|1191
47|497|648|1192
47|497|649|1193
47|498|649|1194
47|498|650|1195
47|499|650|1196
47|499|651|1197
47|500|651|1198
47|500|652|1199
47|501|652|1200
47|501|653|1201
47|502|653|1202
47|502|654|1203
47|503|654|1204
47|503|655|1205
47|504|655|1206
47|504|656|1207
47|505|656|1208
47|505|657|1209
47|506|657|1210
47|506|658|1211
47|507|658|1212
47|507|659|1213
47|508|659|1214
47|508|660|1215
47|509|660|1216
47|509|661|1217
47|510|661|1218
47|510|662|1219
47|511|662|1220
47|511|663|1221
47|512|663|1222
47|512|664|1223
47|513|664|1224
47|513|665|1225
47|514|665|1226
47|514|666|1227
47|515|666|1228
47|515|667|1229
47|516|667|1230
47|516|668|1231
47|517|668|1232
47|517|669|1233
47|518|669|1234
47|518|670|1235
47|519|670|1236
47|519|671|1237
47|520|671|1238
47|520|672|1239
47|521|672|1240
47|521|673|1241
47|522|673|1242
47|522|674|1243
47|523|674|1244
47|523|675|1245
47|524|675|1246
47|524|676|1247
47|525|676|1248
47|525|677|1249
47|526|677|1250
47|526|678|1251
47|527|678|1252
47|527|679|1253
47|528|679|1254
47|528|680|1255
47|529|680|1256
47|530|681|1258
47|531|681|1259
47|531|682|1260
47|532|682|1261
47|532|683|1262
47|533|683|1263
47|533|684|1264
47|534|684|1265
47|534|685|1266
47|535|685|1267
47|535|686|1268
47|536|686|1269
47|536|687|1270
47|537|687|1271
47|537|688|1272
47|538|688|1273
47|538|689|1274
47|539|689|1275
47|539|690|1276
47|540|690|1277
47|540|691|1278
47|541|691|1279
47|541|692|1280
47|542|692|1281
47|542|693|1282
47|543|693|1283
47|543|694|1284
47|544|694|1285
47|544|695|1286
47|545|695|1287
47|545|696|1288
47|546|696|1289
47|546|697|1290
47|547|697|1291
47|547|698|1292
47|548|698|1293
47|548|699|1294
47|549|699|1295
47|549|700|1296
47|550|700|1297
47|550|701|1298
47|551|701|1299
47|551|702|1300
47|552|702|1301
47|552|703|1302
47|553|703|1303
47|553|704|1304
47|554|704|1305
47|554|705|1306
47|555|705|1307
47|555|706|1308
47|556|706|1309
47|556|707|1310
47|557|707|1311
47|557|708|1312
47|558|708|1313
47|558|709|1314
47|559|709|1315
47|559|710|1316
47|560|710|1317
47|560|711|1318
47|561|711|1319
47|561|712|1320
47|562|712|1321
47|562|713|1322
47|563|713|1323
47|563|714|1324
47|564|714|1325
47|564|715|1326
47|565|715|1327
47|565|716|1328
47|566|716|1329
47|566|717|1330
47|567|717|1331
47|567|718|1332
47|568|718|1333
47|568|719|1334
47|569|719|1335
47|569|720|1336
47|570|720|1337
47|570|721|1338
47|571|721|1339
47|571|722|1340
47|572|722|1341
47|572|723|1342
47|573|723|1343
47|573|724|1344
47|574|724|1345
47|574|725|1346
47|575|725|1347
47|575|726|1348
47|576|726|1349
47|576|727|1350
47|577|727|1351
47|577|728|1352
47|578|728|1353
47|578|729|1354
47|579|729|1355
47|579|730|1356
47|580|730|1357
47|580|731|1358
47|581|731|1359
47|581|732|1360
47|582|732|1361
47|582|733|1362
47|583|733|1363
47|583|734|1364
47|584|734|1365
47|584|735|1366
47|585|735|1367
47|585|736|1368
47|586|736|1369
47|586|737|1370
47|587|737|1371
47|587|738|1372
47|588|738|1373
47|588|739|1374
47|589|739|1375
47|589|740|1376
47|590|740|1377
47|590|741|1378
47|591|741|1379
47|591|742|1380
47|592|742|1381
47|592|743|1382
47|593|743|1383
47|593|744|1384
47|594|744|1385
47|594|745|1386
47|595|745|1387
47|595|746|1388
47|596|746|1389
47|596|747|1390
47|597|747|1391
47|597|748|1392
47|598|748|1393
47|598|749|1394
47|599|749|1395
47|599|750|1396
47|599|751|1397
47|599|752|1398
47|599|753|1399
47|599|754|1400
47|599|755|1401
47|599|756|1402
47|599|757|1403
47|599|758|1404
47|599|759|1405
47|599|760|1406
47|599|761|1407
47|599|762|1408
47|599|763|1409
47|599|764|1410
47|599|765|1411
47|599|766|1412
47|599|767|1413
47|599|768|1414
47|599|769|1415
47|599|770|1416
47|599|771|1417
47|599|772|1418
47|599|773|1419
47|599|774|1420
47|599|775|1421
47|599|776|1422
47|599|777|1423
47|599|778|1424
47|599|779|1425
47|599|780|1426
47|599|781|1427
47|599|782|1428
47|599|783|1429
47|599|784|1430
47|599|785|1431
47|599|786|1432
47|600|786|1433
47|600|787|1434
47|601|787|1435
47|601|788|1436
47|602|788|1437
47|602|789|1438
47|603|789|1439
47|603|790|1440
47|604|790|1441
47|604|791|1442
47|605|791|1443
47|605|792|1444
47|606|792|1445
47|606|793|1446
47|607|793|1447
47|607|794|1448
47|608|794|1449
47|608|795|1450
47|609|795|1451
47|609|796|1452
47|610|796|1453
47|610|797|1454
47|611|797|1455
47|611|798|1456
47|612|798|1457
47|612|799|1458
47|613|799|1459
47|613|800|1460
47|614|800|1461
47|614|801|1462
47|615|801|1463
47|615|802|1464
47|616|802|1465
47|616|803|1466
47|617|803|1467
47|617|804|1468
47|617|805|1469
48|617|805|1470
48|618|805|1471
48|618|806|1472
48|619|806|1473
48|619|807|1474
48|620|807|1475
48|620|808|1476
48|621|808|1477
48|621|809|1478
48|622|809|1479
48|622|810|1480
48|623|810|1481
48|623|811|1482
48|624|811|1483
48|624|812|1484
48|625|812|1485
48|625|813|1486
48|626|813|1487
48|626|814|1488
48|627|814|1489
48|627|815|1490
48|628|815|1491
48|628|816|1492
48|628|817|1493
49|628|817|1494
49|629|817|1495
49|629|818|1496
49|630|818|1497
49|630|819|1498
49|631|819|1499
49|631|820|1500
49|631|821|1501
49|631|822|1502
49|632|822|1503
49|632|823|1504
49|632|824|1505
49|632|825|1506
49|632|826|1507
49|632|827|1508
49|632|828|1509
49|632|829|1510
49|632|830|1511
49|632|831|1512
49|632|832|1513
49|632|833|1514
49|632|834|1515
49|632|835|1516
49|633|835|1517
49|633|836|1518
49|634|836|1519
49|634|837|1520
49|635|837|1521
49|635|838|1522
49|636|838|1523
49|636|839|1524
49|637|839|1525
49|637|840|1526
49|637|841|1527
49|637|842|1528
49|637|843|1529
49|637|844|1530
49|637|845|1531
49|637|846|1532
49|637|847|1533
49|637|848|1534
49|637|849|1535
49|637|850|1536
49|638|850|1537
49|638|851|1538
49|638|852|1539
49|638|853|1540
49|639|853|1541
49|639|854|1542
49|640|854|1543
49|640|855|1544
49|640|856|1545
49|640|857|1546
49|641|857|1547
49|641|858|1548
49|641|859|1549
49|641|860|1550
49|641|861|1551
49|641|862|1552
49|641|863|1553
49|641|864|1554
49|641|865|1555
49|641|866|1556
49|641|867|1557
49|641|868|1558
49|641|869|1559
49|641|870|1560
49|642|870|1561
49|642|871|1562
49|642|872|1563
49|642|873|1564
49|642|874|1565
49|642|875|1566
49|642|876|1567
49|642|877|1568
49|643|877|1569
49|643|878|1570
49|644|878|1571
49|644|879|1572
49|645|879|1573
49|645|880|1574
49|645|881|1575
49|645|882|1576
49|646|882|1577
49|646|883|1578
49|647|883|1579
49|647|884|1580
49|648|884|1581
49|648|885|1582
49|649|885|1583
49|649|886|1584
49|650|886|1585
49|650|887|1586
49|651|887|1587
49|651|888|1588
49|652|888|1589
49|652|889|1590
49|653|889|1591
49|653|890|1592
49|654|890|1593
49|654|891|1594
49|655|891|1595
49|655|892|1596
49|656|892|1597
49|656|893|1598
49|657|893|1599
49|657|894|1600
49|658|894|1601
49|658|895|1602
49|659|895|1603
49|659|896|1604
49|660|896|1605
49|660|897|1606
49|661|897|1607
49|661|898|1608
49|662|898|1609
49|662|899|1610
49|663|899|1611
49|663|900|1612
49|664|900|1613
50|664|900|1614
50|665|900|1615
51|665|900|1616
51|666|900|1617
51|666|901|1618
51|667|901|1619
51|667|902|1620
51|668|902|1621
51|668|903|1622
51|669|903|1623
51|669|904|1624
51|670|904|1625
51|670|905|1626
51|671|905|1627
51|671|906|1628
51|672|906|1629
51|672|907|1630
51|673|907|1631
51|673|908|1632
51|674|908|1633
51|674|909|1634
51|675|909|1635
51|675|910|1636
51|676|910|1637
51|676|911|1638
51|677|911|1639
51|677|912|1640
51|678|912|1641
51|678|913|1642
51|679|913|1643
51|679|914|1644
51|680|914|1645
51|680|915|1646
51|681|915|1647
51|681|916|1648
51|682|916|1649
51|682|917|1650
51|683|917|1651
51|683|918|1652
51|684|918|1653
51|684|919|1654
51|685|919|1655
51|685|920|1656
51|686|920|1657
51|686|921|1658
51|687|921|1659
51|687|922|1660
51|688|922|1661
51|688|923|1662
51|689|923|1663
51|689|924|1664
51|689|925|1665
52|689|925|1666
52|690|925|1667
52|690|926|1668
52|691|926|1669
52|691|927|1670
52|691|928|1671
52|691|929|1672
52|692|929|1673
52|692|930|1674
52|693|930|1675
52|693|931|1676
52|694|931|1677
52|694|932|1678
52|695|932|1679
52|695|933|1680
52|695|934|1681
52|695|935|1682
52|696|935|1683
52|696|936|1684
52|697|936|1685
52|697|937|1686
52|698|937|1687
52|698|938|1688
52|699|938|1689
52|699|939|1690
52|700|939|1691
52|700|940|1692
52|701|940|1693
53|701|940|1694
53|702|940|1695
53|702|941|1696
53|703|941|1697
53|703|942|1698
53|704|942|1699
53|704|943|1700
53|705|943|1701
53|705|944|1702
53|706|944|1703
53|706|945|1704
53|707|945|1705
53|707|946|1706
53|708|946|1707
53|708|947|1708
53|709|947|1709
53|709|948|1710
53|710|948|1711
53|710|949|1712
53|711|949|1713
53|711|950|1714
53|712|950|1715
53|712|951|1716
53|713|951|1717
53|713|952|1718
53|714|952|1719
53|714|953|1720
53|715|953|1721
53|715|954|1722
53|716|954|1723
53|716|955|1724
53|717|955|1725
53|717|956|1726
53|718|956|1727
53|718|957|1728
53|719|957|1729
54|719|957|1730
54|720|957|1731
54|720|958|1732
54|721|958|1733
54|721|959|1734
54|722|959|1735
54|722|960|1736
54|723|960|1737
54|723|961|1738
54|724|961|1739
54|724|962|1740
54|725|962|1741
54|725|963|1742
54|726|963|1743
54|726|964|1744
54|727|964|1745
54|727|965|1746
54|728|965|1747
54|728|966|1748
54|729|966|1749
54|729|967|1750
54|730|967|1751
54|730|968|1752
54|731|968|1753
54|731|969|1754
54|732|969|1755
54|732|970|1756
54|733|970|1757
54|733|971|1758
54|734|971|1759
54|734|972|1760
54|735|972|1761
54|735|973|1762
54|736|973|1763
54|736|974|1764
54|737|974|1765
54|737|975|1766
54|738|975|1767
54|738|976|1768
54|739|976|1769
54|739|977|1770
54|740|977|1771
54|740|978|1772
54|741|978|1773
54|741|979|1774
54|742|979|1775
54|742|980|1776
54|743|980|1777
54|743|981|1778
54|744|981|1779
54|744|982|1780
54|745|982|1781
54|745|983|1782
54|746|983|1783
54|746|984|1784
54|747|984|1785
54|747|985|1786
54|748|985|1787
54|748|986|1788
54|749|986|1789
54|749|987|1790
54|750|987|1791
54|750|988|1792
54|751|988|1793
54|751|989|1794
54|752|989|1795
54|752|990|1796
54|753|990|1797
54|753|991|1798
54|754|991|1799
54|754|992|1800
54|755|992|1801
54|755|993|1802
54|756|993|1803
54|756|994|1804
54|757|994|1805
54|757|995|1806
54|758|995|1807
54|758|996|1808
54|759|996|1809
54|759|997|1810
54|760|997|1811
54|760|998|1812
54|761|998|1813
54|761|999|1814
54|762|999|1815
54|762|1000|1816
54|763|1000|1817
54|763|1001|1818
54|764|1001|1819
54|764|1002|1820
54|765|1002|1821
54|765|1003|1822
54|766|1003|1823
54|766|1004|1824
54|767|1004|1825
54|767|1005|1826
54|768|1005|1827
54|768|1006|1828
54|769|1006|1829
55|769|1006|1830
55|770|1006|1831
55|770|1007|1832
55|771|1007|1833
56|771|1007|1834
56|772|1007|1835
57|772|1007|1836
57|773|1007|1837
58|773|1007|1838
58|774|1007|1839
59|774|1007|1840
59|775|1007|1841
60|775|1007|1842
60|776|1007|1843
61|776|1007|1844
61|777|1007|1845
62|777|1007|1846
62|778|1007|1847
63|778|1007|1848
63|779|1007|1849
63|779|1008|1850
63|780|1008|1851
63|780|1009|1852
63|781|1009|1853
64|781|1009|1854
64|782|1009|1855
65|782|1009|1856
65|783|1009|1857
65|783|1010|1858
65|784|1010|1859
65|784|1011|1860
65|785|1011|1861
66|785|1011|1862
66|786|1011|1863
67|786|1011|1864
67|787|1011|1865
67|787|1012|1866
67|788|1012|1867
67|788|1013|1868
67|789|1013|1869
67|789|1014|1870
67|790|1014|1871
67|790|1015|1872
67|791|1015|1873
67|791|1016|1874
67|792|1016|1875
67|792|1017|1876
67|793|1017|1877
67|793|1018|1878
67|794|1018|1879
67|794|1019|1880
67|795|1019|1881
67|795|1020|1882
67|796|1020|1883
67|796|1021|1884
67|797|1021|1885
67|797|1022|1886
67|798|1022|1887
67|798|1023|1888
67|799|1023|1889
67|799|1024|1890
67|800|1024|1891
67|800|1025|1892
67|801|1025|1893
67|801|1026|1894
67|802|1026|1895
67|802|1027|1896
67|803|1027|1897
67|803|1028|1898
67|804|1028|1899
67|804|1029|1900
67|805|1029|1901
67|805|1030|1902
67|806|1030|1903
67|806|1031|1904
67|807|1031|1905
67|807|1032|1906
67|808|1032|1907
67|808|1033|1908
67|809|1033|1909
67|809|1034|1910
67|810|1034|1911
67|810|1035|1912
67|811|1035|1913
67|811|1036|1914
67|812|1036|1915
67|812|1037|1916
67|813|1037|1917
67|813|1038|1918
67|814|1038|1919
67|814|1039|1920
67|815|1039|1921
67|815|1040|1922
67|816|1040|1923
67|816|1041|1924
67|817|1041|1925
67|817|1042|1926
67|818|1042|1927
67|818|1043|1928
67|819|1043|1929
67|819|1044|1930
67|820|1044|1931
67|820|1045|1932
67|821|1045|1933
67|821|1046|1934
67|822|1046|1935
67|822|1047|1936
67|823|1047|1937
67|823|1048|1938
67|824|1048|1939
67|824|1049|1940
67|825|1049|1941
67|825|1050|1942
67|826|1050|1943
67|826|1051|1944
67|827|1051|1945
67|827|1052|1946
67|828|1052|1947
67|828|1053|1948
67|829|1053|1949
67|829|1054|1950
67|830|1054|1951
67|830|1055|1952
67|831|1055|1953
67|831|1056|1954
67|832|1056|1955
67|832|1057|1956
67|833|1057|1957
67|833|1058|1958
67|834|1058|1959
67|834|1059|1960
67|835|1059|1961
67|835|1060|1962
67|836|1060|1963
67|836|1061|1964
67|837|1061|1965
67|837|1062|1966
67|838|1062|1967
67|838|1063|1968
67|839|1063|1969
67|839|1064|1970
67|840|1064|1971
67|840|1065|1972
67|840|1066|1973
68|840|1066|1974
68|840|1067|1975
68|840|1068|1976
68|840|1069|1977
68|840|1070|1978
68|840|1071|1979
69|840|1071|1980
69|840|1072|1981
70|840|1072|1982
70|840|1073|1983
71|840|1073|1984
71|840|1074|1985
71|840|1075|1986
71|840|1076|1987
71|840|1077|1988
71|840|1078|1989
71|840|1079|1990
71|840|1080|1991
71|840|1081|1992
71|840|1082|1993
72|840|1082|1994
72|840|1083|1995
72|840|1084|1996
72|840|1085|1997
72|840|1086|1998
72|840|1087|1999
73|840|1087|2000
