total
0|0|1|1
0|1|1|2
0|1|2|3
0|2|2|4
0|2|3|5
0|3|3|6
0|3|4|7
0|4|4|8
0|4|5|9
0|5|5|10
0|5|6|11
0|6|6|12
0|6|7|13
0|7|7|14
0|7|8|15
0|8|8|16
0|8|9|17
0|9|9|18
0|9|10|19
0|10|10|20
0|10|11|21
0|11|11|22
0|12|11|23
0|13|11|24
0|13|12|25
0|14|12|26
0|14|13|27
0|15|13|28
0|15|14|29
0|16|14|30
0|16|15|31
0|17|15|32
0|17|16|33
0|18|16|34
0|18|17|35
0|19|17|36
0|19|18|37
0|20|18|38
0|20|19|39
0|21|19|40
0|21|20|41
0|22|20|42
0|22|21|43
0|23|21|44
0|23|22|45
0|24|22|46
0|24|23|47
0|25|23|48
0|25|24|49
0|26|24|50
0|26|25|51
0|27|25|52
0|27|26|53
0|28|26|54
0|28|27|55
0|29|27|56
0|29|28|57
0|30|28|58
0|31|28|59
0|32|28|60
0|32|29|61
0|33|29|62
0|33|30|63
0|34|30|64
0|34|31|65
0|35|31|66
0|35|32|67
0|36|32|68
0|36|33|69
0|37|33|70
0|37|34|71
0|38|34|72
0|38|35|73
0|39|35|74
0|39|36|75
0|40|36|76
0|40|37|77
0|41|37|78
0|41|38|79
0|42|38|80
0|42|39|81
0|43|39|82
0|43|40|83
0|44|40|84
0|44|41|85
0|45|41|86
0|45|42|87
0|46|42|88
0|46|43|89
0|47|43|90
0|47|44|91
0|48|44|92
0|48|45|93
0|49|45|94
0|49|46|95
0|50|46|96
0|50|47|97
0|51|47|98
0|51|48|99
0|52|48|100
0|52|49|101
0|53|49|102
0|53|50|103
0|54|50|104
0|54|51|105
0|55|51|106
0|55|52|107
0|56|52|108
0|56|53|109
0|57|53|110
0|57|54|111
0|58|54|112
0|58|55|113
0|59|55|114
0|59|56|115
0|60|56|116
0|60|57|117
0|61|57|118
0|61|58|119
0|62|58|120
0|62|59|121
0|63|59|122
0|63|60|123
0|64|60|124
0|64|61|125
0|65|61|126
0|65|62|127
0|66|62|128
0|66|63|129
0|67|63|130
0|67|64|131
0|68|64|132
0|68|65|133
0|69|65|134
0|69|66|135
0|70|66|136
0|70|67|137
0|71|67|138
0|71|68|139
0|72|68|140
0|72|69|141
0|73|69|142
0|73|70|143
0|74|70|144
0|74|71|145
0|75|71|146
0|75|72|147
0|76|72|148
0|76|73|149
0|77|73|150
0|77|74|151
0|78|74|152
0|78|75|153
0|79|75|154
0|79|76|155
0|80|76|156
0|80|77|157
0|81|77|158
0|81|78|159
0|82|78|160
0|82|79|161
0|83|79|162
0|83|80|163
0|84|80|164
0|84|81|165
0|85|81|166
0|85|82|167
0|86|82|168
0|86|83|169
0|87|83|170
0|87|84|171
0|88|84|172
0|89|84|173
0|90|84|174
0|91|84|175
0|92|84|176
0|93|84|177
0|94|84|178
0|95|84|179
0|96|84|180
0|97|84|181
0|98|84|182
0|99|84|183
0|100|84|184
0|101|84|185
0|102|84|186
0|103|84|187
0|104|84|188
0|105|84|189
0|106|84|190
0|107|84|191
0|108|84|192
0|109|84|193
0|110|84|194
0|111|84|195
0|112|84|196
0|113|84|197
0|114|84|198
0|115|84|199
0|116|84|200
0|117|84|201
0|118|84|202
0|119|84|203
0|120|84|204
0|121|84|205
0|122|84|206
0|123|84|207
0|124|84|208
0|124|85|209
0|125|85|210
0|125|86|211
0|126|86|212
0|126|87|213
0|127|87|214
0|127|88|215
0|128|88|216
0|128|89|217
0|129|89|218
0|129|90|219
0|130|90|220
0|130|91|221
0|131|91|222
0|131|92|223
0|132|92|224
0|132|93|225
0|133|93|226
0|133|94|227
0|134|94|228
0|134|95|229
0|135|95|230
0|135|96|231
0|136|96|232
0|136|97|233
0|137|97|234
0|137|98|235
0|138|98|236
0|138|99|237
0|139|99|238
0|139|100|239
0|140|100|240
0|140|101|241
0|141|101|242
0|141|102|243
0|142|102|244
0|142|103|245
0|143|103|246
0|143|104|247
0|144|104|248
0|144|105|249
0|145|105|250
0|145|106|251
0|146|106|252
0|146|107|253
0|147|107|254
0|147|108|255
0|148|108|256
0|148|109|257
0|149|109|258
0|149|110|259
0|150|110|260
0|150|111|261
0|151|111|262
0|151|112|263
0|152|112|264
0|152|113|265
0|153|113|266
0|153|114|267
0|154|114|268
0|154|115|269
0|155|115|270
0|155|116|271
0|156|116|272
0|156|117|273
0|157|117|274
0|157|118|275
0|158|118|276
0|158|119|277
0|159|119|278
0|159|120|279
0|160|120|280
0|160|121|281
0|161|121|282
0|161|122|283
0|162|122|284
0|162|123|285
0|163|123|286
0|163|124|287
0|164|124|288
0|165|124|289
0|166|124|290
0|166|125|291
0|167|125|292
0|167|126|293
0|168|126|294
1|168|126|295
1|169|126|296
1|169|127|297
1|170|127|298
1|170|128|299
1|171|128|300
1|171|129|301
1|172|129|302
1|172|130|303
1|173|130|304
1|173|131|305
1|174|131|306
1|174|132|307
1|175|132|308
1|175|133|309
1|176|133|310
1|177|133|311
1|178|133|312
1|178|134|313
1|179|134|314
1|179|135|315
1|180|135|316
1|180|136|317
1|181|136|318
1|181|137|319
1|182|137|320
1|182|138|321
1|183|138|322
1|184|138|323
1|185|138|324
1|185|139|325
1|186|139|326
1|186|140|327
1|187|140|328
1|187|141|329
1|188|141|330
1|189|141|331
2|189|141|332
2|189|142|333
2|190|142|334
2|190|143|335
2|191|143|336
2|191|144|337
2|192|144|338
2|192|145|339
2|193|145|340
2|193|146|341
2|194|146|342
2|194|147|343
2|195|147|344
2|195|148|345
2|196|148|346
2|196|149|347
2|197|149|348
2|197|150|349
2|198|150|350
2|199|150|351
2|200|150|352
2|200|151|353
2|201|151|354
2|201|152|355
2|202|152|356
2|202|153|357
2|203|153|358
2|203|154|359
2|204|154|360
2|204|155|361
2|205|155|362
2|205|156|363
2|206|156|364
2|206|157|365
2|207|157|366
3|207|157|367
3|208|157|368
3|208|158|369
3|209|158|370
3|209|159|371
3|210|159|372
3|210|160|373
3|211|160|374
3|211|161|375
3|212|161|376
3|212|162|377
3|213|162|378
3|213|163|379
3|214|163|380
3|214|164|381
3|215|164|382
3|215|165|383
3|216|165|384
3|216|166|385
3|217|166|386
3|217|167|387
3|218|167|388
3|218|168|389
3|219|168|390
3|219|169|391
3|220|169|392
3|220|170|393
3|221|170|394
3|221|171|395
3|222|171|396
3|222|172|397
3|223|172|398
3|223|173|399
3|224|173|400
3|224|174|401
3|225|174|402
3|225|175|403
3|226|175|404
3|226|176|405
3|227|176|406
3|227|177|407
3|228|177|408
3|228|178|409
3|229|178|410
3|229|179|411
3|230|179|412
3|230|180|413
3|231|180|414
3|231|181|415
3|232|181|416
3|232|182|417
3|233|182|418
3|233|183|419
3|234|183|420
3|234|184|421
3|235|184|422
3|235|185|423
3|236|185|424
3|236|186|425
3|237|186|426
3|238|186|427
4|238|186|428
4|238|187|429
4|239|187|430
4|239|188|431
4|240|188|432
4|240|189|433
4|241|189|434
4|241|190|435
4|242|190|436
4|242|191|437
4|243|191|438
4|244|191|439
4|245|191|440
4|245|192|441
4|246|192|442
4|246|193|443
4|247|193|444
4|247|194|445
4|248|194|446
4|248|195|447
5|248|195|448
5|248|196|449
5|249|196|450
5|249|197|451
5|250|197|452
5|250|198|453
5|251|198|454
5|251|199|455
5|252|199|456
5|252|200|457
5|253|200|458
5|253|201|459
5|254|201|460
6|254|201|461
6|255|201|462
7|255|201|463
7|256|201|464
7|256|202|465
7|257|202|466
7|257|203|467
7|258|203|468
8|258|203|469
8|259|203|470
9|259|203|471
9|260|203|472
9|260|204|473
9|261|204|474
10|261|204|475
10|262|204|476
10|262|205|477
10|263|205|478
10|263|206|479
10|264|206|480
10|264|207|481
10|265|207|482
11|265|207|483
11|266|207|484
11|266|208|485
11|267|208|486
12|267|208|487
12|268|208|488
13|268|208|489
13|269|208|490
14|269|208|491
14|270|208|492
15|270|208|493
15|271|208|494
15|272|208|495
15|273|208|496
15|273|209|497
15|274|209|498
15|274|210|499
15|275|210|500
15|275|211|501
15|276|211|502
15|276|212|503
15|277|212|504
15|277|213|505
15|278|213|506
15|278|214|507
15|279|214|508
15|279|215|509
15|280|215|510
15|280|216|511
15|281|216|512
15|281|217|513
15|282|217|514
15|282|218|515
15|283|218|516
15|283|219|517
15|284|219|518
15|284|220|519
15|285|220|520
15|285|221|521
15|286|221|522
15|286|222|523
15|287|222|524
15|287|223|525
15|288|223|526
15|288|224|527
15|289|224|528
15|289|225|529
15|290|225|530
15|290|226|531
15|291|226|532
15|291|227|533
15|292|227|534
15|292|228|535
15|293|228|536
15|293|229|537
15|294|229|538
15|294|230|539
15|295|230|540
15|295|231|541
15|296|231|542
15|296|232|543
15|297|232|544
15|297|233|545
15|298|233|546
15|298|234|547
15|299|234|548
15|299|235|549
15|300|235|550
15|300|236|551
15|301|236|552
15|301|237|553
15|302|237|554
15|302|238|555
15|303|238|556
15|303|239|557
15|304|239|558
15|304|240|559
15|305|240|560
15|305|241|561
15|306|241|562
15|306|242|563
15|307|242|564
15|307|243|565
15|308|243|566
15|308|244|567
15|309|244|568
16|309|244|569
16|310|244|570
17|310|244|571
17|311|244|572
17|311|245|573
17|312|245|574
17|312|246|575
17|313|246|576
17|313|247|577
17|314|247|578
17|314|248|579
17|315|248|580
18|315|248|581
18|316|248|582
18|316|249|583
18|317|249|584
18|317|250|585
18|318|250|586
18|318|251|587
18|319|251|588
18|319|252|589
18|320|252|590
19|320|252|591
19|321|252|592
19|321|253|593
19|322|253|594
19|322|254|595
19|323|254|596
20|323|254|597
20|324|254|598
21|324|254|599
21|325|254|600
22|325|254|601
22|326|254|602
23|326|254|603
23|327|254|604
23|327|255|605
23|328|255|606
23|328|256|607
23|329|256|608
23|329|257|609
23|330|257|610
23|330|258|611
23|331|258|612
23|331|259|613
23|332|259|614
23|332|260|615
23|333|260|616
23|333|261|617
23|334|261|618
23|334|262|619
23|335|262|620
23|335|263|621
23|336|263|622
23|336|264|623
23|337|264|624
23|337|265|625
23|338|265|626
23|338|266|627
23|339|266|628
23|339|267|629
23|340|267|630
23|340|268|631
23|341|268|632
23|341|269|633
23|342|269|634
23|342|270|635
23|343|270|636
23|343|271|637
23|344|271|638
23|344|272|639
23|345|272|640
23|345|273|641
23|346|273|642
23|346|274|643
23|347|274|644
23|347|275|645
23|348|275|646
23|348|276|647
23|349|276|648
23|349|277|649
23|350|277|650
23|350|278|651
23|351|278|652
23|351|279|653
23|352|279|654
23|352|280|655
23|353|280|656
23|353|281|657
23|354|281|658
23|354|282|659
23|355|282|660
23|355|283|661
23|356|283|662
23|356|284|663
23|357|284|664
23|357|285|665
23|358|285|666
23|358|286|667
23|359|286|668
23|359|287|669
23|360|287|670
23|360|288|671
23|361|288|672
23|361|289|673
23|362|289|674
23|362|290|675
23|363|290|676
23|364|290|677
23|365|290|678
23|365|291|679
23|366|291|680
23|366|292|681
23|367|292|682
23|367|293|683
23|368|293|684
23|368|294|685
23|369|294|686
23|369|295|687
23|370|295|688
23|370|296|689
23|371|296|690
23|371|297|691
23|372|297|692
23|372|298|693
23|373|298|694
23|373|299|695
23|374|299|696
23|374|300|697
23|375|300|698
23|375|301|699
23|376|301|700
23|376|302|701
23|377|302|702
23|377|303|703
23|378|303|704
23|378|304|705
23|379|304|706
23|380|304|707
23|381|304|708
23|381|305|709
23|382|305|710
23|382|306|711
23|383|306|712
23|383|307|713
23|384|307|714
23|384|308|715
23|385|308|716
23|385|309|717
23|386|309|718
23|386|310|719
23|387|310|720
23|387|311|721
23|388|311|722
23|389|311|723
23|390|311|724
23|390|312|725
23|391|312|726
23|391|313|727
23|392|313|728
23|392|314|729
23|393|314|730
23|393|315|731
23|394|315|732
23|394|316|733
23|395|316|734
23|396|316|735
23|397|316|736
23|397|317|737
23|398|317|738
23|398|318|739
23|399|318|740
23|399|319|741
23|400|319|742
23|401|319|743
23|402|319|744
23|402|320|745
23|403|320|746
23|404|320|747
23|405|320|748
23|405|321|749
23|406|321|750
23|406|322|751
23|407|322|752
23|407|323|753
23|408|323|754
23|408|324|755
23|409|324|756
23|409|325|757
23|410|325|758
23|410|326|759
23|411|326|760
23|411|327|761
23|412|327|762
23|412|328|763
23|413|328|764
23|413|329|765
23|414|329|766
23|414|330|767
23|415|330|768
23|415|331|769
23|416|331|770
23|416|332|771
23|417|332|772
23|417|333|773
23|418|333|774
23|418|334|775
23|419|334|776
23|419|335|777
23|420|335|778
23|420|336|779
23|421|336|780
23|421|337|781
23|422|337|782
23|422|338|783
23|423|338|784
23|423|339|785
23|424|339|786
23|424|340|787
23|425|340|788
23|425|341|789
23|426|341|790
23|426|342|791
23|427|342|792
23|427|343|793
23|428|343|794
24|428|343|795
24|429|343|796
24|429|344|797
24|430|344|798
24|430|345|799
24|431|345|800
24|431|346|801
24|432|346|802
24|432|347|803
24|433|347|804
24|433|348|805
24|434|348|806
24|434|349|807
24|435|349|808
24|435|350|809
24|436|350|810
24|436|351|811
24|437|351|812
24|437|352|813
24|438|352|814
24|438|353|815
24|439|353|816
24|439|354|817
24|440|354|818
24|440|355|819
24|441|355|820
24|441|356|821
24|442|356|822
24|442|357|823
24|443|357|824
24|443|358|825
24|444|358|826
24|444|359|827
24|445|359|828
24|445|360|829
24|446|360|830
24|446|361|831
24|447|361|832
24|447|362|833
24|448|362|834
24|448|363|835
24|449|363|836
24|449|364|837
24|450|364|838
24|450|365|839
24|451|365|840
24|451|366|841
24|452|366|842
24|452|367|843
24|453|367|844
24|453|368|845
24|454|368|846
24|454|369|847
24|455|369|848
24|455|370|849
24|456|370|850
24|456|371|851
24|457|371|852
24|457|372|853
24|458|372|854
24|458|373|855
24|459|373|856
24|460|373|857
24|461|373|858
24|462|373|859
24|463|373|860
24|464|373|861
24|465|373|862
24|466|373|863
24|467|373|864
24|468|373|865
24|469|373|866
24|470|373|867
24|471|373|868
24|472|373|869
24|473|373|870
24|474|373|871
24|475|373|872
24|476|373|873
24|477|373|874
24|478|373|875
24|479|373|876
24|480|373|877
24|481|373|878
24|482|373|879
24|483|373|880
24|484|373|881
24|485|373|882
24|486|373|883
24|487|373|884
24|488|373|885
24|489|373|886
24|490|373|887
24|491|373|888
24|492|373|889
24|493|373|890
24|494|373|891
24|495|373|892
24|495|374|893
24|496|374|894
24|496|375|895
24|497|375|896
24|497|376|897
24|498|376|898
24|498|377|899
24|499|377|900
24|499|378|901
24|500|378|902
24|500|379|903
24|501|379|904
24|501|380|905
24|502|380|906
24|502|381|907
24|503|381|908
24|503|382|909
24|504|382|910
24|504|383|911
24|505|383|912
24|505|384|913
24|506|384|914
24|506|385|915
24|507|385|916
24|507|386|917
24|508|386|918
24|508|387|919
24|509|387|920
24|509|388|921
24|510|388|922
24|510|389|923
24|511|389|924
24|511|390|925
24|512|390|926
24|512|391|927
24|513|391|928
24|513|392|929
24|514|392|930
24|514|393|931
24|515|393|932
24|515|394|933
24|516|394|934
24|516|395|935
24|517|395|936
24|517|396|937
24|518|396|938
24|518|397|939
24|519|397|940
24|519|398|941
24|520|398|942
24|520|399|943
24|521|399|944
24|521|400|945
24|522|400|946
24|522|401|947
24|523|401|948
24|523|402|949
24|524|402|950
24|525|402|951
24|526|402|952
24|526|403|953
24|527|403|954
24|527|404|955
24|528|404|956
24|528|405|957
24|529|405|958
24|529|406|959
24|530|406|960
24|530|407|961
24|531|407|962
24|531|408|963
24|532|408|964
25|532|408|965
25|533|408|966
26|533|408|967
26|534|408|968
26|534|409|969
26|535|409|970
26|535|410|971
26|536|410|972
27|536|410|973
27|537|410|974
27|537|411|975
27|538|411|976
27|538|412|977
27|539|412|978
27|539|413|979
27|540|413|980
27|540|414|981
27|541|414|982
27|541|415|983
27|542|415|984
27|542|416|985
27|543|416|986
28|543|416|987
28|544|416|988
28|544|417|989
28|545|417|990
29|545|417|991
29|546|417|992
29|546|418|993
29|547|418|994
29|547|419|995
29|548|419|996
29|548|420|997
29|549|420|998
29|549|421|999
29|550|421|1000
29|551|421|1001
29|552|421|1002
29|552|422|1003
29|553|422|1004
29|553|423|1005
29|554|423|1006
29|555|423|1007
29|556|423|1008
29|556|424|1009
29|557|424|1010
29|557|425|1011
29|558|425|1012
29|558|426|1013
29|559|426|1014
29|559|427|1015
29|560|427|1016
29|560|428|1017
29|561|428|1018
29|561|429|1019
29|562|429|1020
29|562|430|1021
29|563|430|1022
29|564|430|1023
29|565|430|1024
29|565|431|1025
29|566|431|1026
29|566|432|1027
29|567|432|1028
29|567|433|1029
29|568|433|1030
29|569|433|1031
29|570|433|1032
29|571|433|1033
29|572|433|1034
29|572|434|1035
29|573|434|1036
30|573|434|1037
30|574|434|1038
30|574|435|1039
30|575|435|1040
30|575|436|1041
30|576|436|1042
30|576|437|1043
30|577|437|1044
30|577|438|1045
30|578|438|1046
30|578|439|1047
30|579|439|1048
30|579|440|1049
30|580|440|1050
30|580|441|1051
30|581|441|1052
30|581|442|1053
30|582|442|1054
30|582|443|1055
30|583|443|1056
30|583|444|1057
30|584|444|1058
30|584|445|1059
30|585|445|1060
30|585|446|1061
30|586|446|1062
30|586|447|1063
30|587|447|1064
30|587|448|1065
30|588|448|1066
30|588|449|1067
30|589|449|1068
30|589|450|1069
30|590|450|1070
30|590|451|1071
30|591|451|1072
30|591|452|1073
30|592|452|1074
30|592|453|1075
30|593|453|1076
30|593|454|1077
30|594|454|1078
30|594|455|1079
30|595|455|1080
30|595|456|1081
30|596|456|1082
30|596|457|1083
30|597|457|1084
30|597|458|1085
30|598|458|1086
30|598|459|1087
30|599|459|1088
30|599|460|1089
30|600|460|1090
30|600|461|1091
30|601|461|1092
30|601|462|1093
30|602|462|1094
30|602|463|1095
30|603|463|1096
30|603|464|1097
30|604|464|1098
30|604|465|1099
30|605|465|1100
30|605|466|1101
30|606|466|1102
30|606|467|1103
30|607|467|1104
30|607|468|1105
30|608|468|1106
30|608|469|1107
30|609|469|1108
30|609|470|1109
30|610|470|1110
30|611|470|1111
30|612|470|1112
30|612|471|1113
30|613|471|1114
30|613|472|1115
30|614|472|1116
30|614|473|1117
30|615|473|1118
30|615|474|1119
30|616|474|1120
30|616|475|1121
30|617|475|1122
30|617|476|1123
31|617|476|1124
31|617|477|1125
31|618|477|1126
31|618|478|1127
31|619|478|1128
31|620|478|1129
31|621|478|1130
31|621|479|1131
31|622|479|1132
31|622|480|1133
31|623|480|1134
31|623|481|1135
31|624|481|1136
31|624|482|1137
31|625|482|1138
31|625|483|1139
31|626|483|1140
31|626|484|1141
31|627|484|1142
31|628|484|1143
31|629|484|1144
31|630|484|1145
31|631|484|1146
32|631|484|1147
32|632|484|1148
33|632|484|1149
33|633|484|1150
33|633|485|1151
33|634|485|1152
33|635|485|1153
33|636|485|1154
33|636|486|1155
33|637|486|1156
33|637|487|1157
33|638|487|1158
33|638|488|1159
33|639|488|1160
33|639|489|1161
33|640|489|1162
33|640|490|1163
33|641|490|1164
33|641|491|1165
33|642|491|1166
34|642|491|1167
34|643|491|1168
34|643|492|1169
34|644|492|1170
35|644|492|1171
35|645|492|1172
35|645|493|1173
35|646|493|1174
36|646|493|1175
36|647|493|1176
37|647|493|1177
37|648|493|1178
38|648|493|1179
38|649|493|1180
38|649|494|1181
38|650|494|1182
38|650|495|1183
38|651|495|1184
38|651|496|1185
38|652|496|1186
38|652|497|1187
38|653|497|1188
38|653|498|1189
38|654|498|1190
38|654|499|1191
38|655|499|1192
38|655|500|1193
38|656|500|1194
38|656|501|1195
38|657|501|1196
38|657|502|1197
38|658|502|1198
38|658|503|1199
38|659|503|1200
38|659|504|1201
38|660|504|1202
38|660|505|1203
38|661|505|1204
38|661|506|1205
38|662|506|1206
38|662|507|1207
38|663|507|1208
38|663|508|1209
38|664|508|1210
38|664|509|1211
38|665|509|1212
38|665|510|1213
38|666|510|1214
38|666|511|1215
38|667|511|1216
38|667|512|1217
38|668|512|1218
38|668|513|1219
38|669|513|1220
38|669|514|1221
38|670|514|1222
38|670|515|1223
38|671|515|1224
38|671|516|1225
38|672|516|1226
38|672|517|1227
38|673|517|1228
38|673|518|1229
38|674|518|1230
38|674|519|1231
38|675|519|1232
38|675|520|1233
38|676|520|1234
38|676|521|1235
38|677|521|1236
38|677|522|1237
38|678|522|1238
38|678|523|1239
38|679|523|1240
38|679|524|1241
38|680|524|1242
38|680|525|1243
38|681|525|1244
38|681|526|1245
38|682|526|1246
38|682|527|1247
38|683|527|1248
38|683|528|1249
38|684|528|1250
38|684|529|1251
38|685|529|1252
38|685|530|1253
38|686|530|1254
38|686|531|1255
38|687|531|1256
38|687|532|1257
38|688|532|1258
38|688|533|1259
38|689|533|1260
38|690|533|1261
38|691|533|1262
38|691|534|1263
38|692|534|1264
38|692|535|1265
38|693|535|1266
38|693|536|1267
38|694|536|1268
38|694|537|1269
38|695|537|1270
38|695|538|1271
38|696|538|1272
38|696|539|1273
38|697|539|1274
38|698|539|1275
38|699|539|1276
38|699|540|1277
38|700|540|1278
38|700|541|1279
38|701|541|1280
38|701|542|1281
38|702|542|1282
38|702|543|1283
38|703|543|1284
38|704|543|1285
38|705|543|1286
38|705|544|1287
38|706|544|1288
38|706|545|1289
38|707|545|1290
38|707|546|1291
38|708|546|1292
38|708|547|1293
38|709|547|1294
38|709|548|1295
38|710|548|1296
38|710|549|1297
38|711|549|1298
38|711|550|1299
38|712|550|1300
38|712|551|1301
38|713|551|1302
38|713|552|1303
38|714|552|1304
38|714|553|1305
38|715|553|1306
38|715|554|1307
38|716|554|1308
38|716|555|1309
38|717|555|1310
38|717|556|1311
38|718|556|1312
38|718|557|1313
38|719|557|1314
38|719|558|1315
38|720|558|1316
38|720|559|1317
38|721|559|1318
38|721|560|1319
38|722|560|1320
38|722|561|1321
38|723|561|1322
38|723|562|1323
38|724|562|1324
38|724|563|1325
38|725|563|1326
38|725|564|1327
38|726|564|1328
38|726|565|1329
38|727|565|1330
38|727|566|1331
38|728|566|1332
38|728|567|1333
38|729|567|1334
38|729|568|1335
38|730|568|1336
38|730|569|1337
38|731|569|1338
38|731|570|1339
38|732|570|1340
38|732|571|1341
38|733|571|1342
38|733|572|1343
38|734|572|1344
38|734|573|1345
38|735|573|1346
38|735|574|1347
38|736|574|1348
38|736|575|1349
38|737|575|1350
38|737|576|1351
38|738|576|1352
38|738|577|1353
38|739|577|1354
38|739|578|1355
38|740|578|1356
38|740|579|1357
38|741|579|1358
38|741|580|1359
38|742|580|1360
38|742|581|1361
38|743|581|1362
38|744|581|1363
38|745|581|1364
38|745|582|1365
38|746|582|1366
38|746|583|1367
38|747|583|1368
38|747|584|1369
39|747|584|1370
39|747|585|1371
39|748|585|1372
39|748|586|1373
39|749|586|1374
39|750|587|1376
39|751|587|1377
39|751|588|1378
39|752|588|1379
39|752|589|1380
39|753|589|1381
39|753|590|1382
39|754|590|1383
39|754|591|1384
39|755|591|1385
39|755|592|1386
39|756|592|1387
39|756|593|1388
39|757|593|1389
39|757|594|1390
39|758|594|1391
39|759|594|1392
39|760|594|1393
39|760|595|1394
39|761|595|1395
39|761|596|1396
39|762|596|1397
39|762|597|1398
39|763|597|1399
39|764|597|1400
39|765|597|1401
40|765|597|1402
40|766|597|1403
40|766|598|1404
40|767|598|1405
40|767|599|1406
40|768|599|1407
41|768|599|1408
41|769|599|1409
41|769|600|1410
41|770|600|1411
41|770|601|1412
41|771|601|1413
41|771|602|1414
41|772|602|1415
41|772|603|1416
41|773|603|1417
41|773|604|1418
41|774|604|1419
42|774|604|1420
42|775|604|1421
42|775|605|1422
42|776|605|1423
43|776|605|1424
43|777|605|1425
43|777|606|1426
43|778|606|1427
43|779|606|1428
43|780|606|1429
43|780|607|1430
43|781|607|1431
44|781|607|1432
44|782|607|1433
44|782|608|1434
44|783|608|1435
44|783|609|1436
44|784|609|1437
44|784|610|1438
44|785|610|1439
44|785|611|1440
44|786|611|1441
44|786|612|1442
44|787|612|1443
44|787|613|1444
44|788|613|1445
44|788|614|1446
44|789|614|1447
44|789|615|1448
44|790|615|1449
44|790|616|1450
44|791|616|1451
44|791|617|1452
44|792|617|1453
44|792|618|1454
44|793|618|1455
44|793|619|1456
44|794|619|1457
44|794|620|1458
44|795|620|1459
44|795|621|1460
44|796|621|1461
44|796|622|1462
44|797|622|1463
44|797|623|1464
44|798|623|1465
44|798|624|1466
44|799|624|1467
44|799|625|1468
44|800|625|1469
44|800|626|1470
44|801|626|1471
44|801|627|1472
44|802|627|1473
45|802|627|1474
45|803|627|1475
45|803|628|1476
45|804|628|1477
45|804|629|1478
45|805|629|1479
45|805|630|1480
45|806|630|1481
45|806|631|1482
45|807|631|1483
45|807|632|1484
45|808|632|1485
45|808|633|1486
45|809|633|1487
45|809|634|1488
45|810|634|1489
45|810|635|1490
45|811|635|1491
45|811|636|1492
45|812|636|1493
45|812|637|1494
45|813|637|1495
45|813|638|1496
45|814|638|1497
45|814|639|1498
45|815|639|1499
45|815|640|1500
45|816|640|1501
45|816|641|1502
45|817|641|1503
45|817|642|1504
45|818|642|1505
45|818|643|1506
45|819|643|1507
45|819|644|1508
45|820|644|1509
45|820|645|1510
45|821|645|1511
45|821|646|1512
45|822|646|1513
45|822|647|1514
45|823|647|1515
45|823|648|1516
45|824|648|1517
45|824|649|1518
45|825|649|1519
45|825|650|1520
45|826|650|1521
45|826|651|1522
45|827|651|1523
45|827|652|1524
45|828|652|1525
45|828|653|1526
45|829|653|1527
45|829|654|1528
45|830|654|1529
45|830|655|1530
45|831|655|1531
45|831|656|1532
45|832|656|1533
45|832|657|1534
45|833|657|1535
45|833|658|1536
45|834|658|1537
45|834|659|1538
45|835|659|1539
45|835|660|1540
45|836|660|1541
45|837|660|1542
45|838|660|1543
45|839|660|1544
45|840|660|1545
45|841|660|1546
45|842|660|1547
45|843|660|1548
45|844|660|1549
45|845|660|1550
45|846|660|1551
45|847|660|1552
45|848|660|1553
45|849|660|1554
45|850|660|1555
45|851|660|1556
45|852|660|1557
45|853|660|1558
45|854|660|1559
45|855|660|1560
45|856|660|1561
45|857|660|1562
45|858|660|1563
45|859|660|1564
45|860|660|1565
45|861|660|1566
45|862|660|1567
45|863|660|1568
45|864|660|1569
45|865|660|1570
45|866|660|1571
45|867|660|1572
45|868|660|1573
45|869|660|1574
45|870|660|1575
45|871|660|1576
45|872|660|1577
45|872|661|1578
45|873|661|1579
45|873|662|1580
45|874|662|1581
45|874|663|1582
45|875|663|1583
45|875|664|1584
45|876|664|1585
45|876|665|1586
45|877|665|1587
45|877|666|1588
45|878|666|1589
45|878|667|1590
45|879|667|1591
45|879|668|1592
45|880|668|1593
45|880|669|1594
45|881|669|1595
45|881|670|1596
45|882|670|1597
45|882|671|1598
45|883|671|1599
45|883|672|1600
45|884|672|1601
45|884|673|1602
45|885|673|1603
45|885|674|1604
45|886|674|1605
45|886|675|1606
45|887|675|1607
45|887|676|1608
45|888|676|1609
45|888|677|1610
45|889|677|1611
45|889|678|1612
45|890|678|1613
45|890|679|1614
45|891|679|1615
45|891|680|1616
45|892|680|1617
46|892|680|1618
46|893|680|1619
46|893|681|1620
46|894|681|1621
46|894|682|1622
46|895|682|1623
46|895|683|1624
46|896|683|1625
46|896|684|1626
46|897|684|1627
46|897|685|1628
46|898|685|1629
46|898|686|1630
46|899|686|1631
46|899|687|1632
46|900|687|1633
46|900|688|1634
46|901|688|1635
46|901|689|1636
46|902|689|1637
46|902|690|1638
46|903|690|1639
46|903|691|1640
46|904|691|1641
46|904|692|1642
46|905|692|1643
46|905|693|1644
46|906|693|1645
46|906|694|1646
46|907|694|1647
46|907|695|1648
46|908|695|1649
46|908|696|1650
46|909|696|1651
46|909|697|1652
46|910|697|1653
46|910|698|1654
46|911|698|1655
46|911|699|1656
46|912|699|1657
46|912|700|1658
46|913|700|1659
46|913|701|1660
46|914|701|1661
46|914|702|1662
46|915|702|1663
46|915|703|1664
46|916|703|1665
46|916|704|1666
46|917|704|1667
46|917|705|1668
46|918|705|1669
46|918|706|1670
46|919|706|1671
46|919|707|1672
46|920|707|1673
46|920|708|1674
46|921|708|1675
46|921|709|1676
46|922|709|1677
46|922|710|1678
46|923|710|1679
46|923|711|1680
46|924|711|1681
46|924|712|1682
46|925|712|1683
46|925|713|1684
46|926|713|1685
46|926|714|1686
46|927|714|1687
46|927|715|1688
46|928|715|1689
46|928|716|1690
46|929|716|1691
46|929|717|1692
46|930|717|1693
46|930|718|1694
46|931|718|1695
46|931|719|1696
46|932|719|1697
46|932|720|1698
46|933|720|1699
46|933|721|1700
46|934|721|1701
46|934|722|1702
46|935|722|1703
46|935|723|1704
46|936|723|1705
46|936|724|1706
46|937|724|1707
46|937|725|1708
46|938|725|1709
46|938|726|1710
46|939|726|1711
46|939|727|1712
46|940|727|1713
46|940|728|1714
46|941|728|1715
46|941|729|1716
46|942|729|1717
46|942|730|1718
46|943|730|1719
46|944|730|1720
46|945|730|1721
46|945|731|1722
46|946|731|1723
46|946|732|1724
46|947|732|1725
46|947|733|1726
46|948|733|1727
46|948|734|1728
46|949|734|1729
46|949|735|1730
46|950|735|1731
46|950|736|1732
46|951|736|1733
46|951|737|1734
46|952|737|1735
46|952|738|1736
46|953|738|1737
46|953|739|1738
46|954|739|1739
46|954|740|1740
46|955|740|1741
46|955|741|1742
46|956|741|1743
46|956|742|1744
46|957|742|1745
46|957|743|1746
46|958|743|1747
46|958|744|1748
46|959|744|1749
46|959|745|1750
46|960|745|1751
46|960|746|1752
46|961|746|1753
46|961|747|1754
46|962|747|1755
46|962|748|1756
46|963|748|1757
46|963|749|1758
46|964|749|1759
46|964|750|1760
46|965|750|1761
46|965|751|1762
46|966|751|1763
46|966|752|1764
46|967|752|1765
46|967|753|1766
46|968|753|1767
46|968|754|1768
46|969|754|1769
46|969|755|1770
46|970|755|1771
46|970|756|1772
46|971|756|1773
46|971|757|1774
46|972|757|1775
46|972|758|1776
46|973|758|1777
46|973|759|1778
46|974|759|1779
46|974|760|1780
46|975|760|1781
46|975|761|1782
46|976|761|1783
46|976|762|1784
46|977|762|1785
46|977|763|1786
46|978|763|1787
46|978|764|1788
46|979|764|1789
46|979|765|1790
46|980|765|1791
46|980|766|1792
46|981|766|1793
46|981|767|1794
46|982|767|1795
46|982|768|1796
46|983|768|1797
46|983|769|1798
46|984|769|1799
46|984|770|1800
46|985|770|1801
46|985|771|1802
46|986|771|1803
46|986|772|1804
46|987|772|1805
46|987|773|1806
46|988|773|1807
46|988|774|1808
46|989|774|1809
46|989|775|1810
46|990|775|1811
46|990|776|1812
46|991|776|1813
46|991|777|1814
46|992|777|1815
46|992|778|1816
46|993|778|1817
46|993|779|1818
46|994|779|1819
46|994|780|1820
46|995|780|1821
46|995|781|1822
46|996|781|1823
46|996|782|1824
46|997|782|1825
46|998|782|1826
46|999|782|1827
46|999|783|1828
46|1000|783|1829
46|1000|784|1830
46|1001|784|1831
46|1001|785|1832
46|1002|785|1833
46|1002|786|1834
46|1003|786|1835
46|1003|787|1836
46|1004|787|1837
46|1004|788|1838
46|1005|788|1839
46|1005|789|1840
46|1006|789|1841
46|1006|790|1842
46|1007|790|1843
46|1007|791|1844
46|1008|791|1845
46|1008|792|1846
46|1009|792|1847
46|1009|793|1848
46|1010|793|1849
46|1010|794|1850
46|1011|794|1851
46|1011|795|1852
46|1012|795|1853
46|1012|796|1854
46|1013|796|1855
46|1013|797|1856
46|1014|797|1857
46|1014|798|1858
46|1015|798|1859
47|1015|798|1860
47|1016|798|1861
48|1016|798|1862
48|1017|798|1863
49|1017|798|1864
49|1018|798|1865
49|1018|799|1866
49|1019|799|1867
49|1019|800|1868
49|1020|800|1869
49|1020|801|1870
49|1021|801|1871
49|1021|802|1872
49|1022|802|1873
49|1022|803|1874
49|1023|803|1875
49|1023|804|1876
49|1024|804|1877
49|1024|805|1878
49|1025|805|1879
49|1025|806|1880
49|1026|806|1881
49|1026|807|1882
49|1027|807|1883
49|1027|808|1884
49|1028|808|1885
49|1028|809|1886
49|1029|809|1887
49|1029|810|1888
49|1030|810|1889
49|1030|811|1890
49|1031|811|1891
49|1031|812|1892
49|1032|812|1893
49|1032|813|1894
49|1033|813|1895
49|1033|814|1896
49|1034|814|1897
49|1034|815|1898
49|1035|815|1899
49|1035|816|1900
49|1036|816|1901
49|1036|817|1902
49|1037|817|1903
49|1037|818|1904
49|1038|818|1905
49|1038|819|1906
49|1039|819|1907
49|1039|820|1908
49|1040|820|1909
49|1040|821|1910
49|1041|821|1911
49|1041|822|1912
49|1042|822|1913
49|1042|823|1914
49|1043|823|1915
49|1043|824|1916
49|1044|824|1917
49|1044|825|1918
49|1045|825|1919
49|1045|826|1920
49|1046|826|1921
49|1046|827|1922
49|1047|827|1923
49|1047|828|1924
49|1048|828|1925
49|1048|829|1926
49|1049|829|1927
49|1049|830|1928
49|1050|830|1929
49|1050|831|1930
49|1051|831|1931
49|1051|832|1932
49|1052|832|1933
49|1052|833|1934
49|1053|833|1935
49|1053|834|1936
49|1054|834|1937
49|1054|835|1938
49|1055|835|1939
49|1055|836|1940
49|1056|836|1941
49|1056|837|1942
49|1057|837|1943
49|1057|838|1944
49|1058|838|1945
49|1058|839|1946
49|1059|839|1947
49|1059|840|1948
49|1060|840|1949
49|1060|841|1950
49|1061|841|1951
49|1061|842|1952
49|1062|842|1953
49|1062|843|1954
49|1063|843|1955
49|1063|844|1956
49|1064|844|1957
49|1064|845|1958
49|1065|845|1959
49|1065|846|1960
49|1066|846|1961
49|1066|847|1962
49|1067|847|1963
49|1067|848|1964
49|1068|848|1965
49|1068|849|1966
49|1069|849|1967
49|1069|850|1968
49|1070|850|1969
49|1070|851|1970
49|1071|851|1971
49|1071|852|1972
49|1072|852|1973
49|1072|853|1974
49|1073|853|1975
49|1073|854|1976
49|1074|854|1977
49|1074|855|1978
49|1075|855|1979
49|1075|856|1980
49|1076|856|1981
49|1076|857|1982
49|1077|857|1983
49|1077|858|1984
49|1078|858|1985
49|1078|859|1986
49|1079|859|1987
49|1079|860|1988
49|1080|860|1989
49|1080|861|1990
49|1081|861|1991
49|1081|862|1992
49|1082|862|1993
49|1082|863|1994
49|1083|863|1995
49|1083|864|1996
49|1084|864|1997
49|1084|865|1998
49|1085|865|1999
49|1085|866|2000
