total
0|1|0|1
1|1|0|2
1|2|0|3
2|2|0|4
2|3|0|5
2|4|0|6
2|5|0|7
2|6|0|8
2|7|0|9
3|7|0|10
3|7|1|11
3|8|1|12
3|8|2|13
3|9|2|14
3|9|3|15
3|10|3|16
3|10|4|17
3|11|4|18
3|11|5|19
3|12|5|20
3|13|5|21
4|13|5|22
4|14|5|23
5|14|5|24
5|15|5|25
6|15|5|26
6|16|5|27
6|17|5|28
6|17|6|29
6|17|7|30
6|17|8|31
6|17|9|32
6|17|10|33
6|17|11|34
6|17|12|35
6|17|13|36
6|18|13|37
6|19|13|38
6|20|13|39
6|20|14|40
6|21|14|41
6|21|15|42
6|22|15|43
6|23|15|44
6|24|15|45
6|24|16|46
6|24|17|47
6|25|17|48
6|25|18|49
6|25|19|50
6|25|20|51
6|25|21|52
6|25|22|53
6|26|22|54
6|26|23|55
6|26|24|56
6|27|24|57
6|27|25|58
6|28|25|59
6|28|26|60
6|28|27|61
6|28|28|62
7|28|28|63
7|28|29|64
7|28|30|65
7|29|30|66
7|29|31|67
7|30|31|68
7|30|32|69
7|31|32|70
7|31|33|71
7|32|33|72
7|32|34|73
7|33|34|74
7|33|35|75
7|34|35|76
7|34|36|77
7|35|36|78
7|35|37|79
7|36|37|80
7|36|38|81
7|37|38|82
7|37|39|83
7|38|39|84
7|38|40|85
7|39|40|86
7|39|41|87
7|40|41|88
7|40|42|89
7|41|42|90
7|41|43|91
7|42|43|92
7|42|44|93
7|43|44|94
7|43|45|95
7|44|45|96
7|44|46|97
7|45|46|98
7|45|47|99
7|46|47|100
7|46|48|101
7|47|48|102
7|47|49|103
7|48|49|104
7|48|50|105
7|49|50|106
7|49|51|107
7|50|51|108
7|51|51|109
7|52|51|110
7|53|51|111
7|53|52|112
7|54|52|113
7|55|52|114
7|56|52|115
7|57|52|116
7|58|52|117
7|58|53|118
7|58|54|119
7|59|54|120
7|59|55|121
7|60|55|122
7|60|56|123
7|61|56|124
7|61|57|125
7|61|58|126
7|61|59|127
7|62|59|128
7|63|59|129
7|64|59|130
7|65|59|131
7|66|59|132
7|67|59|133
7|68|59|134
7|69|59|135
7|70|59|136
7|71|59|137
8|71|59|138
8|72|59|139
8|73|59|140
8|74|59|141
8|74|60|142
8|75|60|143
8|76|60|144
8|77|60|145
8|77|61|146
8|78|61|147
8|78|62|148
8|79|62|149
9|79|62|150
9|80|62|151
9|81|62|152
9|82|62|153
10|82|62|154
10|83|62|155
10|83|63|156
10|84|63|157
10|84|64|158
10|85|64|159
11|85|64|160
11|86|64|161
11|87|64|162
11|88|64|163
11|88|65|164
11|89|65|165
12|89|65|166
12|90|65|167
12|90|66|168
12|91|66|169
12|91|67|170
12|92|67|171
13|92|67|172
13|93|67|173
14|93|67|174
14|94|67|175
14|94|68|176
14|95|68|177
14|95|69|178
14|96|69|179
14|96|70|180
14|97|70|181
14|97|71|182
14|98|71|183
15|98|71|184
15|99|71|185
15|100|71|186
15|101|71|187
15|101|72|188
15|102|72|189
16|102|72|190
16|103|72|191
16|103|73|192
16|104|73|193
16|104|74|194
16|105|74|195
16|105|75|196
16|106|75|197
17|106|75|198
17|107|75|199
17|107|76|200
17|108|76|201
17|108|77|202
17|109|77|203
17|109|78|204
17|110|78|205
17|111|78|206
17|112|78|207
17|112|79|208
17|113|79|209
17|114|79|210
17|115|79|211
18|115|79|212
18|116|79|213
18|117|79|214
18|118|79|215
18|119|79|216
18|120|79|217
18|121|79|218
18|122|79|219
18|123|79|220
18|124|79|221
18|125|79|222
18|126|79|223
18|127|79|224
18|128|79|225
18|129|79|226
18|130|79|227
18|131|79|228
18|132|79|229
18|133|79|230
18|134|79|231
18|135|79|232
18|136|79|233
18|137|79|234
18|138|79|235
18|139|79|236
18|140|79|237
18|141|79|238
18|142|79|239
18|143|79|240
18|144|79|241
18|145|79|242
18|146|79|243
18|147|79|244
18|147|80|245
18|148|80|246
18|148|81|247
18|149|81|248
18|150|81|249
18|151|81|250
18|151|82|251
18|152|82|252
18|153|82|253
19|153|82|254
19|154|82|255
19|155|82|256
19|156|82|257
19|157|82|258
19|158|82|259
19|159|82|260
19|160|82|261
19|161|82|262
19|162|82|263
19|163|82|264
19|163|83|265
19|164|83|266
19|164|84|267
19|165|84|268
19|166|84|269
19|166|85|270
19|166|86|271
19|167|86|272
19|167|87|273
19|168|87|274
19|169|87|275
19|170|87|276
19|171|87|277
20|171|87|278
20|172|87|279
20|173|87|280
20|173|88|281
20|174|88|282
20|174|89|283
20|175|89|284
20|175|90|285
21|175|90|286
21|175|91|287
22|175|91|288
22|176|91|289
22|176|92|290
22|176|93|291
22|177|93|292
22|177|94|293
22|178|94|294
22|179|94|295
22|179|95|296
22|179|96|297
22|180|96|298
22|180|97|299
22|181|97|300
22|182|97|301
23|182|97|302
23|182|98|303
23|183|98|304
23|183|99|305
23|184|99|306
23|184|100|307
23|185|100|308
23|186|100|309
23|186|101|310
23|187|101|311
23|187|102|312
23|188|102|313
23|188|103|314
23|189|103|315
23|190|103|316
23|191|103|317
24|191|103|318
24|192|103|319
24|193|103|320
24|194|103|321
24|195|103|322
24|196|103|323
25|196|103|324
25|197|103|325
26|197|103|326
26|198|103|327
26|199|103|328
26|199|104|329
26|200|104|330
26|201|104|331
27|201|104|332
27|202|104|333
27|203|104|334
27|203|105|335
27|204|105|336
27|205|105|337
28|205|105|338
28|206|105|339
29|206|105|340
29|206|106|341
29|207|106|342
29|208|106|343
29|209|106|344
29|210|106|345
30|210|106|346
30|211|106|347
31|211|106|348
31|212|106|349
32|212|106|350
32|213|106|351
32|214|106|352
32|214|107|353
33|214|107|354
33|214|108|355
33|215|108|356
33|215|109|357
34|215|109|358
34|215|110|359
35|215|110|360
35|215|111|361
35|215|112|362
35|215|113|363
35|216|113|364
35|216|114|365
35|217|114|366
35|217|115|367
35|217|116|368
35|217|117|369
35|218|117|370
35|218|118|371
35|219|118|372
35|219|119|373
35|220|119|374
35|220|120|375
36|220|120|376
36|220|121|377
36|221|121|378
36|221|122|379
36|222|122|380
36|222|123|381
36|223|123|382
37|223|123|383
37|224|123|384
37|224|124|385
37|225|124|386
38|225|124|387
38|226|124|388
38|226|125|389
38|227|125|390
38|228|125|391
39|228|125|392
39|228|126|393
40|228|126|394
40|229|126|395
40|230|126|396
40|231|126|397
40|231|127|398
40|232|127|399
40|233|127|400
40|233|128|401
40|234|128|402
41|234|128|403
41|235|128|404
41|235|129|405
41|236|129|406
41|236|130|407
41|237|130|408
41|238|130|409
42|238|130|410
42|239|130|411
43|239|130|412
43|239|131|413
43|240|131|414
43|241|131|415
43|242|131|416
43|243|131|417
43|244|131|418
44|244|131|419
44|245|131|420
44|246|131|421
44|247|131|422
45|247|131|423
45|248|131|424
45|249|131|425
45|250|131|426
45|251|131|427
45|252|131|428
45|253|131|429
45|254|131|430
45|255|131|431
45|256|131|432
45|257|131|433
46|257|131|434
46|258|131|435
46|259|131|436
46|260|131|437
46|261|131|438
46|262|131|439
47|262|131|440
47|263|131|441
47|264|131|442
47|265|131|443
47|266|131|444
47|267|131|445
48|267|131|446
48|268|131|447
49|268|131|448
49|269|131|449
49|270|131|450
49|271|131|451
49|272|131|452
49|273|131|453
50|273|131|454
50|274|131|455
51|274|131|456
51|275|131|457
51|276|131|458
51|277|131|459
51|278|131|460
51|279|131|461
51|279|132|462
51|280|132|463
51|280|133|464
51|281|133|465
51|281|134|466
51|282|134|467
51|282|135|468
51|283|135|469
51|283|136|470
51|284|136|471
51|284|137|472
51|285|137|473
51|285|138|474
51|286|138|475
51|286|139|476
51|287|139|477
51|287|140|478
51|288|140|479
51|288|141|480
51|289|141|481
51|289|142|482
51|290|142|483
51|290|143|484
51|291|143|485
51|291|144|486
51|292|144|487
51|292|145|488
51|293|145|489
51|293|146|490
51|294|146|491
51|294|147|492
51|295|147|493
51|295|148|494
51|296|148|495
51|296|149|496
51|297|149|497
51|298|149|498
51|299|149|499
51|300|149|500
51|301|149|501
51|302|149|502
51|303|149|503
51|304|149|504
51|305|149|505
51|306|149|506
51|307|149|507
52|307|149|508
52|308|149|509
52|309|149|510
52|310|149|511
53|310|149|512
53|311|149|513
53|312|149|514
53|313|149|515
53|314|149|516
53|315|149|517
53|316|149|518
53|317|149|519
53|318|149|520
53|319|149|521
53|320|149|522
53|321|149|523
53|322|149|524
53|323|149|525
53|324|149|526
53|325|149|527
53|326|149|528
53|327|149|529
53|328|149|530
53|329|149|531
53|330|149|532
53|330|150|533
53|331|150|534
53|331|151|535
53|332|151|536
53|332|152|537
53|333|152|538
53|333|153|539
53|334|153|540
53|334|154|541
53|335|154|542
53|335|155|543
53|336|155|544
53|336|156|545
53|337|156|546
53|337|157|547
53|338|157|548
53|338|158|549
53|339|158|550
53|339|159|551
53|340|159|552
53|340|160|553
53|341|160|554
53|341|161|555
53|342|161|556
53|342|162|557
53|343|162|558
53|343|163|559
53|344|163|560
53|344|164|561
53|345|164|562
53|345|165|563
53|346|165|564
53|346|166|565
53|347|166|566
53|347|167|567
53|348|167|568
53|349|167|569
53|349|168|570
53|350|168|571
53|350|169|572
53|351|169|573
53|351|170|574
53|352|170|575
53|352|171|576
53|353|171|577
53|353|172|578
53|354|172|579
53|354|173|580
53|355|173|581
53|355|174|582
53|356|174|583
53|356|175|584
53|357|175|585
53|357|176|586
53|358|176|587
53|358|177|588
53|359|177|589
53|359|178|590
53|360|178|591
53|360|179|592
53|361|179|593
53|361|180|594
53|362|180|595
53|362|181|596
53|363|181|597
53|363|182|598
53|364|182|599
53|364|183|600
53|365|183|601
53|365|184|602
53|366|184|603
53|366|185|604
53|366|186|605
53|367|186|606
53|367|187|607
53|368|187|608
53|368|188|609
53|369|188|610
53|369|189|611
53|370|189|612
53|370|190|613
53|371|190|614
53|371|191|615
53|372|191|616
53|372|192|617
53|373|192|618
53|373|193|619
53|374|193|620
53|374|194|621
53|375|194|622
53|375|195|623
53|376|195|624
53|376|196|625
53|377|196|626
53|377|197|627
53|378|197|628
53|378|198|629
53|379|198|630
53|379|199|631
53|380|199|632
53|380|200|633
53|381|200|634
53|381|201|635
53|382|201|636
53|382|202|637
53|383|202|638
53|383|203|639
53|384|203|640
53|384|204|641
53|385|204|642
53|385|205|643
53|386|205|644
53|386|206|645
53|387|206|646
53|387|207|647
53|388|207|648
53|388|208|649
53|389|208|650
53|389|209|651
53|390|209|652
53|390|210|653
53|391|210|654
53|391|211|655
53|392|211|656
53|392|212|657
53|393|212|658
53|393|213|659
53|394|213|660
53|394|214|661
53|395|214|662
53|395|215|663
53|396|215|664
53|396|216|665
53|397|216|666
53|397|217|667
53|398|217|668
53|398|218|669
53|399|218|670
53|399|219|671
53|400|219|672
53|400|220|673
53|401|220|674
53|401|221|675
53|402|221|676
53|403|221|677
54|403|221|678
54|404|221|679
55|404|221|680
55|405|221|681
55|406|221|682
55|407|221|683
55|408|221|684
55|409|221|685
56|409|221|686
56|410|221|687
57|410|221|688
57|411|221|689
57|412|221|690
57|412|222|691
57|413|222|692
57|414|222|693
58|414|222|694
58|414|223|695
58|415|223|696
58|415|224|697
58|416|224|698
58|417|224|699
59|417|224|700
59|417|225|701
59|418|225|702
59|419|225|703
59|420|225|704
59|421|225|705
59|422|225|706
59|423|225|707
60|423|225|708
60|424|225|709
61|424|225|710
61|425|225|711
61|426|225|712
61|426|226|713
62|426|226|714
62|427|226|715
63|427|226|716
63|427|227|717
63|428|227|718
63|429|227|719
63|430|227|720
63|431|227|721
64|431|227|722
64|432|227|723
64|432|228|724
64|433|228|725
64|434|228|726
64|434|229|727
64|434|230|728
64|435|230|729
64|435|231|730
64|435|232|731
64|436|232|732
64|436|233|733
64|436|234|734
64|437|234|735
65|437|234|736
65|437|235|737
65|438|235|738
65|439|235|739
65|440|235|740
65|441|235|741
65|441|236|742
65|442|236|743
65|442|237|744
65|443|237|745
65|443|238|746
65|444|238|747
65|444|239|748
65|444|240|749
65|445|240|750
65|445|241|751
65|446|241|752
65|446|242|753
65|447|242|754
65|447|243|755
65|448|243|756
65|448|244|757
65|449|244|758
65|449|245|759
65|450|245|760
65|450|246|761
65|451|246|762
65|451|247|763
65|452|247|764
65|452|248|765
65|453|248|766
65|453|249|767
65|454|249|768
65|454|250|769
65|455|250|770
65|455|251|771
65|456|251|772
65|456|252|773
65|457|252|774
65|457|253|775
65|458|253|776
65|458|254|777
65|459|254|778
65|459|255|779
65|460|255|780
65|460|256|781
65|461|256|782
65|461|257|783
65|462|257|784
65|462|258|785
65|463|258|786
65|464|258|787
65|465|258|788
65|465|259|789
65|466|259|790
65|467|259|791
65|468|259|792
65|469|259|793
65|470|259|794
65|471|259|795
65|471|260|796
65|472|260|797
65|473|260|798
65|473|261|799
65|474|261|800
65|475|261|801
65|475|262|802
65|475|263|803
65|476|263|804
65|476|264|805
65|477|264|806
65|478|264|807
65|479|264|808
65|480|264|809
65|481|264|810
65|481|265|811
65|482|265|812
65|483|265|813
65|484|265|814
65|485|265|815
65|485|266|816
65|486|266|817
65|487|266|818
65|488|266|819
65|489|266|820
65|490|266|821
65|491|266|822
65|492|266|823
65|492|267|824
65|493|267|825
65|493|268|826
65|494|268|827
65|494|269|828
65|495|269|829
65|495|270|830
65|496|270|831
65|496|271|832
65|497|271|833
66|497|271|834
66|498|271|835
66|498|272|836
66|499|272|837
66|499|273|838
66|500|273|839
66|500|274|840
66|501|274|841
66|501|275|842
66|502|275|843
66|502|276|844
66|503|276|845
66|503|277|846
66|504|277|847
66|504|278|848
66|505|278|849
66|505|279|850
66|506|279|851
67|506|279|852
67|507|279|853
67|507|280|854
67|508|280|855
67|509|280|856
67|510|280|857
67|511|280|858
67|512|280|859
67|512|281|860
67|513|281|861
67|513|282|862
67|514|282|863
67|514|283|864
67|515|283|865
67|515|284|866
67|516|284|867
68|516|284|868
68|517|284|869
69|517|284|870
69|518|284|871
69|519|284|872
69|520|284|873
69|520|285|874
69|521|285|875
69|521|286|876
69|522|286|877
70|522|286|878
70|523|286|879
71|523|286|880
71|524|286|881
71|525|286|882
71|526|286|883
72|526|286|884
72|527|286|885
72|527|287|886
72|528|287|887
72|528|288|888
72|529|288|889
72|529|289|890
72|530|289|891
72|531|289|892
72|532|289|893
72|533|289|894
72|534|289|895
72|535|289|896
72|536|289|897
72|537|289|898
72|538|289|899
72|539|289|900
72|540|289|901
72|541|289|902
72|542|289|903
72|543|289|904
72|544|289|905
72|545|289|906
72|546|289|907
72|547|289|908
72|548|289|909
72|549|289|910
72|550|289|911
72|551|289|912
72|552|289|913
72|553|289|914
72|554|289|915
72|555|289|916
72|556|289|917
72|557|289|918
72|558|289|919
72|559|289|920
72|560|289|921
72|561|289|922
72|562|289|923
72|563|289|924
72|564|289|925
72|565|289|926
72|566|289|927
72|567|289|928
72|567|290|929
72|568|290|930
72|569|290|931
72|570|290|932
72|570|291|933
72|571|291|934
72|572|291|935
72|573|291|936
72|574|291|937
73|574|291|938
73|575|291|939
73|575|292|940
73|576|292|941
73|577|292|942
73|577|293|943
73|578|293|944
73|579|293|945
73|579|294|946
73|579|295|947
73|580|295|948
73|581|295|949
73|582|295|950
73|583|295|951
73|584|295|952
73|585|295|953
73|586|295|954
73|586|296|955
73|587|296|956
73|588|296|957
73|589|296|958
73|590|296|959
73|591|296|960
73|592|296|961
73|592|297|962
73|593|297|963
73|594|297|964
73|595|297|965
73|595|298|966
73|595|299|967
73|595|300|968
74|595|300|969
74|595|301|970
74|595|302|971
75|595|302|972
75|596|302|973
75|596|303|974
75|596|304|975
75|596|305|976
75|596|306|977
75|597|306|978
75|597|307|979
76|597|307|980
76|597|308|981
76|598|308|982
76|598|309|983
76|599|309|984
76|600|309|985
76|600|310|986
76|601|310|987
76|601|311|988
76|601|312|989
76|602|312|990
76|603|312|991
76|603|313|992
76|603|314|993
76|603|315|994
76|604|315|995
76|605|315|996
76|606|315|997
77|606|315|998
77|607|315|999
77|607|316|1000
77|608|316|1001
78|608|316|1002
78|609|316|1003
79|609|316|1004
79|610|316|1005
80|610|316|1006
80|611|316|1007
81|611|316|1008
81|612|316|1009
82|612|316|1010
82|613|316|1011
83|613|316|1012
83|613|317|1013
83|614|317|1014
83|615|317|1015
84|615|317|1016
84|616|317|1017
84|617|317|1018
84|617|318|1019
84|618|318|1020
84|619|318|1021
85|619|318|1022
85|620|318|1023
86|620|318|1024
86|620|319|1025
86|621|319|1026
86|622|319|1027
87|622|319|1028
87|623|319|1029
88|623|319|1030
88|624|319|1031
89|624|319|1032
89|625|319|1033
90|625|319|1034
90|626|319|1035
90|627|319|1036
90|627|320|1037
90|627|321|1038
90|627|322|1039
91|627|322|1040
92|627|322|1041
92|627|323|1042
92|627|324|1043
93|627|324|1044
93|627|325|1045
93|627|326|1046
93|627|327|1047
94|627|327|1048
94|627|328|1049
94|628|328|1050
94|628|329|1051
95|628|329|1052
95|628|330|1053
95|629|330|1054
95|629|331|1055
95|630|331|1056
95|630|332|1057
96|630|332|1058
96|630|333|1059
96|630|334|1060
96|630|335|1061
96|631|335|1062
96|631|336|1063
96|631|337|1064
96|631|338|1065
96|632|338|1066
97|632|338|1067
97|633|338|1068
98|633|338|1069
98|634|338|1070
98|634|339|1071
98|634|340|1072
99|634|340|1073
99|635|340|1074
99|636|340|1075
100|636|340|1076
101|636|340|1077
101|637|340|1078
101|638|340|1079
102|638|340|1080
103|638|340|1081
103|638|341|1082
103|639|341|1083
104|639|341|1084
104|639|342|1085
104|640|342|1086
104|641|342|1087
105|641|342|1088
105|641|343|1089
105|642|343|1090
105|642|344|1091
105|643|344|1092
105|644|344|1093
106|644|344|1094
107|644|344|1095
107|645|344|1096
107|645|345|1097
107|646|345|1098
108|646|345|1099
108|647|345|1100
108|648|345|1101
108|649|345|1102
109|649|345|1103
109|650|345|1104
109|651|345|1105
109|652|345|1106
109|653|345|1107
109|654|345|1108
109|655|345|1109
110|655|345|1110
110|656|345|1111
111|656|345|1112
111|657|345|1113
112|657|345|1114
112|658|345|1115
112|659|345|1116
112|660|345|1117
112|661|345|1118
112|662|345|1119
112|663|345|1120
112|664|345|1121
112|665|345|1122
112|666|345|1123
113|666|345|1124
113|667|345|1125
113|668|345|1126
113|669|345|1127
113|670|345|1128
113|671|345|1129
114|671|345|1130
114|672|345|1131
115|672|345|1132
115|673|345|1133
115|674|345|1134
115|675|345|1135
115|676|345|1136
115|677|345|1137
116|677|345|1138
116|678|345|1139
117|678|345|1140
117|679|345|1141
118|679|345|1142
118|680|345|1143
119|680|345|1144
119|681|345|1145
119|681|346|1146
119|682|346|1147
119|682|347|1148
119|683|347|1149
119|683|348|1150
119|684|348|1151
119|684|349|1152
119|685|349|1153
119|685|350|1154
119|686|350|1155
119|686|351|1156
119|687|351|1157
119|687|352|1158
119|688|352|1159
119|688|353|1160
119|689|353|1161
119|689|354|1162
119|690|354|1163
119|690|355|1164
119|691|355|1165
119|691|356|1166
119|692|356|1167
119|692|357|1168
119|693|357|1169
119|693|358|1170
119|694|358|1171
119|694|359|1172
119|695|359|1173
119|695|360|1174
119|696|360|1175
119|696|361|1176
119|697|361|1177
119|697|362|1178
119|698|362|1179
119|698|363|1180
119|699|363|1181
120|699|363|1182
120|700|363|1183
121|700|363|1184
121|701|363|1185
122|701|363|1186
122|702|363|1187
123|702|363|1188
123|703|363|1189
123|704|363|1190
123|705|363|1191
124|705|363|1192
124|706|363|1193
124|707|363|1194
124|708|363|1195
124|709|363|1196
124|710|363|1197
124|711|363|1198
124|712|363|1199
124|713|363|1200
124|714|363|1201
125|714|363|1202
125|715|363|1203
126|715|363|1204
126|716|363|1205
126|717|363|1206
126|718|363|1207
127|718|363|1208
127|719|363|1209
127|720|363|1210
127|721|363|1211
127|722|363|1212
127|723|363|1213
127|724|363|1214
127|725|363|1215
128|725|363|1216
128|725|364|1217
128|726|364|1218
128|726|365|1219
128|727|365|1220
128|727|366|1221
128|728|366|1222
128|728|367|1223
128|729|367|1224
128|729|368|1225
128|730|368|1226
128|730|369|1227
128|731|369|1228
128|731|370|1229
128|732|370|1230
128|732|371|1231
128|733|371|1232
128|733|372|1233
128|734|372|1234
128|734|373|1235
128|735|373|1236
128|735|374|1237
128|736|374|1238
128|736|375|1239
128|737|375|1240
128|737|376|1241
128|738|376|1242
128|738|377|1243
128|739|377|1244
128|739|378|1245
128|740|378|1246
128|740|379|1247
128|741|379|1248
128|741|380|1249
128|742|380|1250
128|742|381|1251
128|743|381|1252
128|744|381|1253
129|744|381|1254
129|745|381|1255
130|745|381|1256
130|746|381|1257
131|746|381|1258
131|747|381|1259
131|748|381|1260
131|749|381|1261
132|749|381|1262
132|750|381|1263
133|750|381|1264
133|751|381|1265
133|752|381|1266
133|753|381|1267
133|754|381|1268
133|755|381|1269
133|756|381|1270
133|757|381|1271
133|758|381|1272
133|759|381|1273
134|759|381|1274
134|760|381|1275
135|760|381|1276
135|761|381|1277
135|762|381|1278
135|763|381|1279
135|764|381|1280
135|765|381|1281
135|766|381|1282
135|767|381|1283
135|768|381|1284
135|769|381|1285
136|769|381|1286
136|770|381|1287
136|771|381|1288
136|771|382|1289
136|772|382|1290
136|772|383|1291
136|773|383|1292
136|773|384|1293
136|774|384|1294
136|774|385|1295
136|775|385|1296
136|775|386|1297
136|776|386|1298
136|776|387|1299
136|777|387|1300
136|777|388|1301
136|778|388|1302
136|778|389|1303
136|779|389|1304
136|779|390|1305
136|780|390|1306
136|780|391|1307
136|781|391|1308
136|781|392|1309
136|782|392|1310
136|782|393|1311
136|783|393|1312
136|783|394|1313
136|784|394|1314
136|784|395|1315
136|785|395|1316
136|785|396|1317
136|786|396|1318
136|786|397|1319
136|787|397|1320
136|787|398|1321
136|788|398|1322
136|788|399|1323
136|789|399|1324
136|789|400|1325
136|790|400|1326
136|790|401|1327
136|791|401|1328
136|791|402|1329
136|792|402|1330
136|792|403|1331
136|793|403|1332
136|793|404|1333
136|794|404|1334
136|794|405|1335
136|795|405|1336
136|795|406|1337
136|796|406|1338
136|796|407|1339
136|797|407|1340
136|797|408|1341
136|798|408|1342
136|798|409|1343
136|799|409|1344
136|799|410|1345
136|800|410|1346
136|800|411|1347
136|801|411|1348
136|801|412|1349
136|802|412|1350
136|802|413|1351
136|803|413|1352
136|803|414|1353
136|804|414|1354
136|804|415|1355
136|805|415|1356
136|805|416|1357
136|806|416|1358
136|806|417|1359
136|807|417|1360
136|808|417|1361
137|808|417|1362
137|809|417|1363
138|809|417|1364
138|809|418|1365
139|809|418|1366
139|810|418|1367
140|810|418|1368
140|811|418|1369
141|811|418|1370
141|812|418|1371
142|812|418|1372
142|813|418|1373
143|813|418|1374
143|813|419|1375
143|814|419|1376
143|815|419|1377
144|815|419|1378
144|815|420|1379
144|816|420|1380
144|816|421|1381
144|817|421|1382
144|818|421|1383
145|818|421|1384
145|818|422|1385
145|819|422|1386
145|820|422|1387
146|820|422|1388
146|821|422|1389
147|821|422|1390
147|822|422|1391
148|822|422|1392
148|823|422|1393
148|824|422|1394
148|824|423|1395
149|824|423|1396
149|825|423|1397
149|825|424|1398
149|826|424|1399
149|826|425|1400
149|826|426|1401
149|826|427|1402
150|826|427|1403
150|826|428|1404
150|827|428|1405
151|827|428|1406
151|828|428|1407
151|828|429|1408
151|829|429|1409
151|829|430|1410
151|829|431|1411
151|829|432|1412
151|830|432|1413
152|830|432|1414
152|830|433|1415
152|831|433|1416
152|831|434|1417
152|831|435|1418
152|832|435|1419
152|832|436|1420
152|832|437|1421
152|833|437|1422
152|834|437|1423
152|834|438|1424
152|835|438|1425
152|835|439|1426
152|836|439|1427
152|836|440|1428
152|837|440|1429
152|837|441|1430
152|837|442|1431
152|837|443|1432
152|837|444|1433
152|838|444|1434
152|838|445|1435
152|839|445|1436
152|839|446|1437
152|840|446|1438
152|840|447|1439
152|841|447|1440
152|841|448|1441
152|842|448|1442
152|842|449|1443
152|843|449|1444
152|843|450|1445
152|844|450|1446
152|844|451|1447
152|845|451|1448
152|845|452|1449
152|846|452|1450
152|846|453|1451
152|847|453|1452
152|847|454|1453
152|848|454|1454
152|848|455|1455
152|849|455|1456
152|849|456|1457
152|850|456|1458
152|850|457|1459
152|851|457|1460
152|851|458|1461
152|852|458|1462
152|852|459|1463
152|853|459|1464
152|853|460|1465
152|854|460|1466
152|854|461|1467
152|855|461|1468
152|856|461|1469
152|856|462|1470
152|857|462|1471
152|858|462|1472
152|858|463|1473
152|858|464|1474
153|858|464|1475
153|858|465|1476
153|859|465|1477
153|860|465|1478
153|861|465|1479
153|861|466|1480
153|862|466|1481
153|863|466|1482
153|863|467|1483
153|864|467|1484
153|865|467|1485
153|866|467|1486
153|866|468|1487
153|867|468|1488
153|867|469|1489
153|868|469|1490
153|869|469|1491
153|870|469|1492
153|871|469|1493
153|871|470|1494
153|871|471|1495
153|872|471|1496
153|873|471|1497
153|874|471|1498
153|875|471|1499
153|876|471|1500
153|877|471|1501
153|878|471|1502
153|878|472|1503
153|878|473|1504
153|879|473|1505
153|880|473|1506
153|881|473|1507
153|882|473|1508
153|883|473|1509
153|883|474|1510
153|884|474|1511
153|885|474|1512
153|886|474|1513
153|886|475|1514
153|887|475|1515
153|888|475|1516
153|889|475|1517
154|889|475|1518
154|890|475|1519
154|891|475|1520
154|892|475|1521
154|892|476|1522
154|893|476|1523
155|893|476|1524
155|894|476|1525
155|895|476|1526
155|896|476|1527
155|896|477|1528
155|897|477|1529
155|898|477|1530
155|899|477|1531
155|900|477|1532
155|901|477|1533
156|901|477|1534
156|902|477|1535
156|903|477|1536
156|904|477|1537
157|904|477|1538
157|905|477|1539
157|905|478|1540
157|906|478|1541
158|906|478|1542
158|907|478|1543
158|907|479|1544
158|908|479|1545
158|909|479|1546
158|910|479|1547
158|911|479|1548
158|912|479|1549
158|912|480|1550
158|913|480|1551
158|913|481|1552
158|914|481|1553
159|914|481|1554
159|915|481|1555
159|915|482|1556
159|916|482|1557
160|916|482|1558
160|917|482|1559
160|917|483|1560
160|918|483|1561
160|919|483|1562
160|920|483|1563
161|920|483|1564
161|921|483|1565
161|921|484|1566
161|922|484|1567
161|922|485|1568
161|923|485|1569
161|923|486|1570
161|924|486|1571
161|924|487|1572
161|925|487|1573
162|925|487|1574
162|926|487|1575
162|926|488|1576
162|927|488|1577
162|928|488|1578
162|929|488|1579
162|930|488|1580
162|931|488|1581
162|931|489|1582
162|932|489|1583
162|933|489|1584
162|934|489|1585
162|935|489|1586
162|936|489|1587
162|937|489|1588
162|938|489|1589
162|939|489|1590
162|940|489|1591
162|941|489|1592
162|942|489|1593
162|943|489|1594
162|944|489|1595
162|945|489|1596
162|946|489|1597
162|947|489|1598
162|948|489|1599
162|949|489|1600
162|950|489|1601
162|951|489|1602
162|952|489|1603
162|953|489|1604
162|954|489|1605
162|955|489|1606
162|956|489|1607
162|957|489|1608
162|958|489|1609
162|959|489|1610
162|960|489|1611
162|961|489|1612
162|962|489|1613
162|962|490|1614
162|963|490|1615
163|963|490|1616
163|963|491|1617
163|963|492|1618
164|963|492|1619
164|964|492|1620
164|965|492|1621
164|966|492|1622
164|967|492|1623
164|967|493|1624
164|968|493|1625
165|968|493|1626
165|968|494|1627
165|969|494|1628
165|970|494|1629
165|971|494|1630
165|972|494|1631
165|973|494|1632
165|973|495|1633
165|974|495|1634
165|975|495|1635
165|976|495|1636
165|977|495|1637
165|978|495|1638
165|978|496|1639
165|979|496|1640
165|980|496|1641
165|980|497|1642
165|981|497|1643
165|981|498|1644
165|982|498|1645
165|983|498|1646
165|984|498|1647
165|985|498|1648
165|985|499|1649
165|986|499|1650
165|986|500|1651
165|987|500|1652
165|987|501|1653
165|988|501|1654
165|988|502|1655
165|989|502|1656
165|990|502|1657
165|990|503|1658
165|990|504|1659
165|991|504|1660
165|991|505|1661
165|992|505|1662
165|992|506|1663
165|993|506|1664
165|994|506|1665
165|994|507|1666
165|994|508|1667
165|995|508|1668
165|995|509|1669
165|996|509|1670
165|996|510|1671
165|997|510|1672
165|997|511|1673
165|998|511|1674
165|998|512|1675
165|999|512|1676
165|999|513|1677
165|999|514|1678
165|1000|514|1679
165|1000|515|1680
165|1001|515|1681
165|1001|516|1682
165|1002|516|1683
165|1003|516|1684
165|1004|516|1685
165|1005|516|1686
165|1006|516|1687
165|1007|516|1688
165|1008|516|1689
165|1009|516|1690
165|1010|516|1691
165|1011|516|1692
165|1012|516|1693
166|1012|516|1694
166|1013|516|1695
166|1014|516|1696
166|1014|517|1697
166|1015|517|1698
166|1016|517|1699
166|1017|517|1700
166|1018|517|1701
167|1018|517|1702
167|1018|518|1703
167|1019|518|1704
167|1020|518|1705
167|1021|518|1706
167|1022|518|1707
167|1023|518|1708
167|1023|519|1709
167|1024|519|1710
167|1025|519|1711
167|1026|519|1712
167|1027|519|1713
168|1027|519|1714
168|1028|519|1715
169|1028|519|1716
169|1029|519|1717
170|1029|519|1718
170|1030|519|1719
170|1031|519|1720
170|1031|520|1721
170|1032|520|1722
170|1032|521|1723
170|1033|521|1724
170|1033|522|1725
170|1034|522|1726
170|1034|523|1727
170|1035|523|1728
170|1035|524|1729
170|1035|525|1730
170|1035|526|1731
170|1036|526|1732
170|1036|527|1733
170|1037|527|1734
170|1037|528|1735
170|1038|528|1736
170|1038|529|1737
170|1038|530|1738
170|1038|531|1739
170|1039|531|1740
170|1039|532|1741
170|1040|532|1742
170|1040|533|1743
170|1041|533|1744
170|1041|534|1745
170|1042|534|1746
170|1042|535|1747
170|1043|535|1748
170|1043|536|1749
170|1044|536|1750
171|1044|536|1751
171|1045|536|1752
171|1045|537|1753
171|1045|538|1754
171|1045|539|1755
171|1046|539|1756
171|1046|540|1757
171|1047|540|1758
171|1048|540|1759
171|1049|540|1760
171|1049|541|1761
171|1050|541|1762
171|1051|541|1763
171|1052|541|1764
172|1052|541|1765
172|1052|542|1766
172|1053|542|1767
172|1054|542|1768
172|1054|543|1769
172|1055|543|1770
172|1056|543|1771
172|1057|543|1772
173|1057|543|1773
173|1058|543|1774
173|1058|544|1775
173|1059|544|1776
173|1059|545|1777
173|1060|545|1778
173|1060|546|1779
173|1061|546|1780
173|1061|547|1781
173|1062|547|1782
173|1062|548|1783
173|1063|548|1784
173|1064|548|1785
173|1065|548|1786
174|1065|548|1787
174|1066|548|1788
174|1067|548|1789
174|1068|548|1790
174|1069|548|1791
174|1070|548|1792
174|1071|548|1793
174|1072|548|1794
174|1073|548|1795
174|1074|548|1796
174|1075|548|1797
174|1076|548|1798
174|1077|548|1799
174|1078|548|1800
174|1079|548|1801
174|1080|548|1802
174|1081|548|1803
174|1082|548|1804
174|1083|548|1805
174|1084|548|1806
174|1085|548|1807
174|1086|548|1808
174|1087|548|1809
174|1088|548|1810
174|1089|548|1811
174|1090|548|1812
174|1091|548|1813
174|1092|548|1814
174|1093|548|1815
174|1094|548|1816
174|1095|548|1817
174|1096|548|1818
174|1097|548|1819
174|1098|548|1820
174|1099|548|1821
174|1100|548|1822
174|1101|548|1823
174|1102|548|1824
174|1103|548|1825
175|1103|548|1826
175|1104|548|1827
175|1105|548|1828
175|1106|548|1829
175|1106|549|1830
175|1107|549|1831
175|1107|550|1832
175|1108|550|1833
175|1108|551|1834
175|1109|551|1835
175|1109|552|1836
175|1110|552|1837
175|1110|553|1838
175|1111|553|1839
175|1111|554|1840
175|1112|554|1841
175|1112|555|1842
175|1113|555|1843
175|1113|556|1844
175|1114|556|1845
175|1114|557|1846
175|1115|557|1847
175|1115|558|1848
175|1116|558|1849
175|1116|559|1850
175|1117|559|1851
175|1117|560|1852
175|1118|560|1853
175|1118|561|1854
175|1119|561|1855
175|1119|562|1856
175|1120|562|1857
175|1120|563|1858
175|1121|563|1859
175|1121|564|1860
175|1122|564|1861
175|1122|565|1862
175|1123|565|1863
175|1123|566|1864
175|1124|566|1865
175|1125|566|1866
175|1126|566|1867
175|1127|566|1868
175|1128|566|1869
175|1129|566|1870
175|1130|566|1871
175|1131|566|1872
175|1132|566|1873
175|1133|566|1874
175|1134|566|1875
176|1134|566|1876
176|1135|566|1877
176|1136|566|1878
176|1137|566|1879
176|1138|566|1880
176|1139|566|1881
177|1139|566|1882
177|1140|566|1883
177|1141|566|1884
177|1142|566|1885
177|1143|566|1886
177|1144|566|1887
177|1145|566|1888
177|1146|566|1889
177|1147|566|1890
177|1148|566|1891
177|1149|566|1892
177|1150|566|1893
177|1151|566|1894
177|1152|566|1895
177|1153|566|1896
177|1154|566|1897
177|1155|566|1898
177|1156|566|1899
178|1156|566|1900
178|1156|567|1901
178|1157|567|1902
178|1157|568|1903
178|1158|568|1904
178|1158|569|1905
178|1159|569|1906
178|1159|570|1907
178|1160|570|1908
178|1160|571|1909
178|1161|571|1910
178|1161|572|1911
178|1162|572|1912
178|1162|573|1913
178|1163|573|1914
178|1163|574|1915
178|1164|574|1916
178|1164|575|1917
178|1165|575|1918
178|1165|576|1919
178|1166|576|1920
178|1166|577|1921
178|1167|577|1922
178|1167|578|1923
178|1168|578|1924
178|1168|579|1925
178|1169|579|1926
178|1169|580|1927
178|1170|580|1928
178|1170|581|1929
178|1171|581|1930
178|1171|582|1931
178|1172|582|1932
178|1172|583|1933
178|1173|583|1934
178|1173|584|1935
178|1174|584|1936
178|1175|584|1937
178|1176|584|1938
178|1177|584|1939
178|1178|584|1940
178|1179|584|1941
178|1180|584|1942
178|1181|584|1943
178|1182|584|1944
178|1183|584|1945
178|1184|584|1946
178|1185|584|1947
178|1186|584|1948
178|1187|584|1949
178|1188|584|1950
178|1189|584|1951
178|1190|584|1952
178|1191|584|1953
178|1192|584|1954
178|1193|584|1955
178|1194|584|1956
178|1195|584|1957
178|1196|584|1958
178|1197|584|1959
178|1198|584|1960
178|1199|584|1961
178|1200|584|1962
178|1201|584|1963
178|1202|584|1964
178|1203|584|1965
179|1203|584|1966
179|1204|584|1967
180|1204|584|1968
180|1205|584|1969
181|1205|584|1970
181|1206|584|1971
181|1207|584|1972
181|1208|584|1973
181|1208|585|1974
181|1209|585|1975
181|1209|586|1976
181|1210|586|1977
181|1210|587|1978
181|1211|587|1979
181|1211|588|1980
181|1212|589|1982
181|1212|590|1983
181|1213|590|1984
181|1213|591|1985
181|1214|591|1986
181|1214|592|1987
181|1215|592|1988
181|1215|593|1989
181|1216|593|1990
181|1216|594|1991
181|1217|594|1992
181|1217|595|1993
181|1218|595|1994
181|1218|596|1995
181|1219|596|1996
181|1219|597|1997
181|1220|597|1998
181|1220|598|1999
181|1221|598|2000
