total
,0|1|0|1
,0|2|0|2
,0|3|0|3
,0|4|0|4
,0|4|1|5
,1|4|1|6
,1|4|2|7
,1|5|2|8
,1|6|2|9
,1|7|2|10
,1|8|2|11
,2|8|2|12
,2|8|3|13
,2|9|3|14
,2|9|4|15
,2|10|4|16
,2|10|5|17
,2|11|5|18
,2|12|5|19
,3|12|5|20
,3|13|5|21
,3|14|5|22
,3|14|6|23
,3|15|6|24
,3|15|7|25
,3|16|7|26
,3|17|7|27
,4|17|7|28
,4|17|8|29
,4|18|8|30
,4|18|9|31
,4|19|9|32
,4|20|9|33
,4|21|9|34
,4|22|9|35
,4|23|9|36
,4|24|9|37
,4|25|9|38
,4|25|10|39
,4|26|10|40
,4|27|10|41
,4|28|10|42
,4|28|11|43
,5|28|11|44
,5|29|12|46
,5|30|12|47
,5|31|12|48
,5|32|12|49
,5|33|12|50
,5|34|12|51
,5|34|13|52
,5|35|13|53
,5|35|14|54
,5|36|14|55
,5|36|15|56
,5|37|15|57
,5|38|15|58
,6|38|15|59
,6|38|16|60
,6|39|16|61
,6|39|17|62
,6|40|17|63
,6|40|18|64
,6|41|18|65
,6|41|19|66
,6|42|19|67
,6|43|19|68
,6|44|19|69
,6|44|20|70
,6|45|20|71
,6|45|21|72
,6|46|21|73
,6|47|21|74
,6|48|21|75
,6|48|22|76
,6|49|22|77
,6|49|23|78
,6|50|23|79
,6|51|23|80
,6|52|23|81
,6|53|23|82
,6|54|23|83
,6|54|24|84
,6|55|24|85
,6|55|25|86
,7|55|25|87
,7|56|25|88
,8|56|25|89
,8|57|25|90
,8|58|25|91
,8|58|26|92
,8|59|26|93
,8|59|27|94
,8|60|27|95
,8|61|27|96
,8|62|27|97
,8|63|27|98
,8|64|27|99
,8|64|28|100
,8|65|28|101
,8|65|29|102
,8|66|29|103
,8|67|29|104
,8|68|29|105
,8|69|29|106
,8|70|29|107
,8|70|30|108
,8|71|30|109
,8|72|30|110
,8|73|30|111
,8|74|30|112
,9|74|30|113
,9|75|30|114
,9|76|30|115
,9|77|30|116
,9|78|30|117
,9|79|30|118
,9|80|30|119
,9|80|31|120
,9|81|31|121
,10|81|31|122
,10|82|31|123
,10|82|32|124
,10|83|32|125
,10|83|33|126
,10|84|33|127
,10|84|34|128
,10|85|34|129
,10|85|35|130
,10|86|35|131
,10|86|36|132
,11|86|36|133
,11|86|37|134
,11|87|37|135
,11|87|38|136
,11|88|38|137
,11|88|39|138
,11|89|39|139
,11|89|40|140
,11|90|40|141
,11|90|41|142
,11|91|41|143
,11|91|42|144
,11|92|42|145
,11|92|43|146
,11|93|43|147
,11|93|44|148
,11|94|44|149
,11|94|45|150
,11|95|45|151
,11|95|46|152
,11|96|46|153
,11|96|47|154
,11|97|47|155
,11|97|48|156
,11|98|48|157
,11|98|49|158
,11|99|49|159
,11|99|50|160
,11|100|50|161
,11|100|51|162
,11|101|51|163
,11|101|52|164
,11|102|52|165
,11|102|53|166
,11|103|53|167
,11|103|54|168
,11|104|54|169
,11|104|55|170
,11|105|55|171
,11|105|56|172
,11|106|56|173
,11|106|57|174
,11|107|57|175
,11|107|58|176
,11|108|58|177
,11|108|59|178
,11|109|59|179
,11|109|60|180
,11|110|60|181
,11|110|61|182
,11|111|61|183
,11|111|62|184
,11|112|62|185
,11|112|63|186
,11|113|63|187
,11|113|64|188
,11|114|64|189
,11|114|65|190
,11|115|65|191
,11|115|66|192
,11|116|66|193
,11|116|67|194
,11|117|67|195
,11|117|68|196
,12|117|68|197
,12|118|68|198
,12|119|68|199
,12|119|69|200
,13|119|69|201
,13|119|70|202
,13|120|70|203
,13|120|71|204
,13|121|71|205
,13|122|71|206
,13|123|71|207
,13|123|72|208
,13|124|72|209
,13|125|72|210
,13|126|72|211
,13|127|72|212
,13|128|72|213
,13|128|73|214
,13|129|73|215
,13|129|74|216
,14|129|74|217
,14|129|75|218
,14|130|75|219
,14|130|76|220
,14|131|76|221
,14|131|77|222
,14|132|77|223
,14|133|77|224
,14|134|77|225
,14|135|77|226
,14|136|77|227
,14|137|77|228
,14|138|77|229
,14|138|78|230
,15|138|78|231
,15|139|78|232
,15|140|78|233
,15|140|79|234
,15|141|79|235
,15|142|79|236
,15|143|79|237
,15|144|79|238
,15|145|79|239
,15|145|80|240
,15|146|80|241
,15|146|81|242
,15|147|81|243
,15|148|81|244
,15|149|81|245
,16|149|81|246
,16|149|82|247
,16|150|82|248
,16|151|82|249
,16|152|82|250
,16|153|82|251
,16|153|83|252
,16|153|84|253
,16|153|85|254
,16|154|85|255
,16|155|85|256
,16|156|85|257
,16|157|85|258
,16|158|85|259
,16|158|86|260
,16|159|86|261
,16|160|86|262
,16|161|86|263
,16|162|86|264
,16|163|86|265
,16|164|86|266
,16|164|87|267
,16|165|87|268
,16|166|87|269
,16|167|87|270
,16|168|87|271
,16|169|87|272
,16|170|87|273
,16|171|87|274
,17|171|87|275
,17|171|88|276
,17|172|88|277
,17|172|89|278
,17|173|89|279
,17|174|89|280
,17|175|89|281
,17|176|89|282
,17|177|89|283
,17|177|90|284
,17|178|90|285
,17|178|91|286
,17|179|91|287
,17|180|91|288
,17|181|91|289
,17|181|92|290
,17|182|92|291
,17|182|93|292
,17|183|93|293
,17|184|93|294
,17|185|93|295
,17|185|94|296
,17|186|94|297
,17|186|95|298
,17|187|95|299
,17|187|96|300
,17|188|96|301
,17|188|97|302
,18|188|97|303
,18|189|97|304
,18|190|97|305
,18|191|97|306
,18|192|97|307
,18|193|97|308
,18|194|97|309
,18|194|98|310
,18|195|98|311
,18|195|99|312
,18|196|99|313
,18|196|100|314
,18|197|100|315
,18|197|101|316
,18|198|101|317
,18|198|102|318
,18|199|102|319
,18|199|103|320
,18|200|103|321
,18|200|104|322
,18|201|104|323
,18|201|105|324
,18|202|105|325
,18|202|106|326
,18|203|106|327
,18|203|107|328
,18|204|107|329
,18|204|108|330
,18|205|108|331
,18|205|109|332
,18|206|109|333
,18|206|110|334
,18|207|110|335
,18|207|111|336
,18|208|111|337
,18|208|112|338
,18|209|112|339
,18|209|113|340
,18|210|113|341
,18|210|114|342
,18|211|114|343
,18|211|115|344
,18|212|115|345
,18|212|116|346
,19|212|116|347
,19|213|116|348
,19|214|116|349
,19|215|116|350
,19|216|116|351
,19|216|117|352
,19|217|117|353
,19|217|118|354
,20|217|118|355
,20|218|118|356
,20|219|118|357
,20|219|119|358
,20|220|119|359
,20|221|119|360
,20|222|119|361
,20|222|120|362
,20|223|120|363
,20|224|120|364
,20|225|120|365
,20|225|121|366
,20|226|121|367
,20|226|122|368
,21|226|122|369
,21|226|123|370
,21|227|123|371
,21|228|123|372
,21|229|123|373
,21|229|124|374
,21|230|124|375
,21|231|124|376
,21|232|124|377
,21|232|125|378
,21|233|125|379
,21|234|125|380
,21|235|125|381
,21|236|125|382
,21|237|125|383
,21|238|125|384
,21|239|125|385
,21|240|125|386
,21|241|125|387
,21|242|125|388
,21|243|125|389
,21|243|126|390
,22|243|126|391
,22|244|126|392
,23|244|126|393
,23|245|126|394
,23|246|126|395
,23|247|126|396
,23|248|126|397
,23|249|126|398
,23|250|126|399
,23|250|127|400
,23|251|127|401
,23|252|127|402
,23|253|127|403
,23|254|127|404
,24|254|127|405
,24|254|128|406
,24|255|128|407
,24|256|128|408
,24|257|128|409
,24|257|129|410
,24|258|129|411
,24|259|129|412
,25|259|129|413
,25|260|129|414
,25|261|129|415
,25|262|129|416
,25|263|129|417
,25|264|129|418
,26|264|129|419
,26|265|129|420
,27|265|129|421
,27|266|129|422
,27|267|129|423
,27|267|130|424
,27|268|130|425
,27|268|131|426
,27|269|131|427
,27|269|132|428
,27|270|132|429
,27|270|133|430
,27|271|133|431
,27|271|134|432
,27|272|134|433
,27|272|135|434
,27|273|135|435
,27|273|136|436
,27|274|136|437
,27|274|137|438
,27|275|137|439
,27|275|138|440
,27|276|138|441
,27|276|139|442
,27|277|139|443
,27|277|140|444
,27|278|140|445
,27|278|141|446
,27|279|141|447
,27|279|142|448
,27|280|142|449
,27|280|143|450
,27|281|143|451
,27|281|144|452
,27|282|144|453
,27|282|145|454
,27|283|145|455
,27|283|146|456
,27|284|146|457
,27|284|147|458
,27|285|147|459
,27|285|148|460
,27|286|148|461
,27|286|149|462
,27|287|149|463
,27|287|150|464
,27|288|150|465
,27|288|151|466
,27|289|151|467
,27|289|152|468
,27|290|152|469
,27|290|153|470
,27|291|153|471
,27|291|154|472
,27|292|154|473
,27|292|155|474
,27|293|155|475
,27|293|156|476
,27|294|156|477
,27|294|157|478
,27|295|157|479
,27|295|158|480
,27|296|158|481
,27|296|159|482
,27|297|159|483
,27|297|160|484
,27|298|160|485
,27|298|161|486
,27|299|161|487
,27|299|162|488
,27|300|162|489
,27|300|163|490
,27|301|163|491
,27|301|164|492
,27|302|164|493
,27|302|165|494
,27|303|165|495
,27|303|166|496
,27|304|166|497
,27|304|167|498
,27|305|167|499
,27|306|167|500
,27|307|167|501
,27|308|167|502
,27|309|167|503
,27|309|168|504
,27|310|168|505
,27|310|169|506
,28|310|169|507
,28|311|169|508
,28|312|169|509
,28|313|169|510
,28|314|169|511
,28|315|169|512
,28|316|169|513
,28|316|170|514
,29|316|170|515
,29|317|170|516
,29|318|170|517
,29|319|170|518
,29|320|170|519
,29|320|171|520
,29|321|171|521
,29|321|172|522
,29|322|172|523
,29|322|173|524
,29|323|173|525
,29|323|174|526
,29|324|174|527
,29|324|175|528
,29|325|175|529
,29|326|175|530
,29|327|175|531
,29|328|175|532
,29|329|175|533
,29|330|175|534
,29|331|175|535
,29|332|175|536
,29|333|175|537
,29|334|175|538
,29|335|175|539
,29|336|175|540
,29|337|175|541
,29|337|176|542
,29|338|176|543
,29|338|177|544
,29|339|177|545
,29|339|178|546
,29|340|178|547
,29|341|178|548
,29|341|179|549
,29|342|179|550
,29|343|179|551
,29|343|180|552
,30|343|180|553
,30|343|181|554
,31|343|181|555
,31|344|181|556
,31|345|181|557
,31|345|182|558
,31|346|182|559
,31|346|183|560
,31|347|183|561
,31|348|183|562
,31|349|183|563
,31|349|184|564
,31|350|184|565
,31|350|185|566
,32|350|185|567
,32|351|185|568
,33|351|185|569
,33|352|185|570
,33|352|186|571
,33|353|186|572
,33|354|186|573
,33|355|186|574
,33|356|186|575
,33|356|187|576
,33|357|187|577
,33|357|188|578
,33|358|188|579
,33|358|189|580
,33|359|189|581
,33|359|190|582
,33|360|190|583
,33|360|191|584
,33|361|191|585
,33|361|192|586
,33|362|192|587
,33|362|193|588
,33|363|193|589
,33|363|194|590
,33|364|194|591
,33|364|195|592
,33|365|195|593
,33|365|196|594
,33|366|196|595
,33|366|197|596
,33|367|197|597
,33|367|198|598
,33|368|198|599
,33|368|199|600
,33|369|199|601
,33|369|200|602
,33|370|200|603
,33|370|201|604
,33|371|201|605
,33|371|202|606
,33|372|202|607
,33|372|203|608
,33|373|203|609
,33|373|204|610
,33|374|204|611
,33|374|205|612
,33|375|205|613
,33|376|205|614
,33|377|205|615
,33|377|206|616
,33|378|206|617
,33|378|207|618
,33|379|207|619
,33|379|208|620
,33|380|208|621
,33|381|208|622
,33|382|208|623
,33|383|208|624
,33|384|208|625
,33|385|208|626
,33|386|208|627
,33|386|209|628
,33|387|209|629
,33|387|210|630
,33|388|210|631
,33|389|210|632
,33|390|210|633
,33|390|211|634
,33|391|211|635
,33|391|212|636
,33|392|212|637
,33|393|212|638
,33|394|212|639
,33|395|212|640
,33|396|212|641
,33|396|213|642
,33|397|213|643
,33|398|213|644
,33|399|213|645
,33|400|213|646
,33|401|213|647
,33|402|213|648
,33|403|213|649
,33|403|214|650
,34|403|214|651
,34|404|214|652
,34|405|214|653
,34|406|214|654
,35|406|214|655
,35|407|214|656
,35|408|214|657
,35|409|214|658
,35|410|214|659
,35|411|214|660
,35|411|215|661
,35|412|215|662
,35|413|215|663
,35|414|215|664
,35|415|215|665
,35|416|215|666
,35|417|215|667
,35|418|215|668
,35|419|215|669
,35|420|215|670
,35|421|215|671
,35|421|216|672
,35|422|216|673
,35|423|216|674
,35|424|216|675
,35|425|216|676
,35|426|216|677
,35|427|216|678
,35|427|217|679
,35|428|217|680
,35|429|217|681
,35|430|217|682
,36|430|217|683
,36|431|217|684
,37|431|217|685
,37|432|217|686
,37|433|217|687
,37|434|217|688
,38|434|217|689
,38|435|217|690
,38|436|217|691
,38|437|217|692
,38|438|217|693
,38|438|218|694
,38|438|219|695
,38|438|220|696
,38|439|220|697
,38|440|220|698
,38|441|220|699
,38|442|220|700
,38|443|220|701
,38|444|220|702
,38|444|221|703
,38|445|221|704
,38|446|221|705
,38|447|221|706
,39|447|221|707
,39|448|221|708
,40|448|221|709
,40|448|222|710
,40|449|222|711
,40|449|223|712
,40|450|223|713
,40|451|223|714
,40|452|223|715
,40|453|223|716
,40|453|224|717
,40|453|225|718
,40|454|225|719
,40|455|225|720
,40|455|226|721
,40|456|226|722
,40|457|226|723
,40|458|226|724
,40|458|227|725
,40|459|227|726
,40|460|227|727
,40|461|227|728
,40|462|227|729
,40|463|227|730
,40|464|227|731
,40|464|228|732
,40|465|228|733
,40|466|228|734
,40|467|228|735
,40|468|228|736
,40|469|228|737
,40|469|229|738
,40|469|230|739
,40|469|231|740
,40|470|231|741
,40|470|232|742
,40|471|232|743
,40|471|233|744
,40|472|233|745
,40|473|233|746
,40|474|233|747
,40|474|234|748
,40|475|234|749
,40|476|234|750
,40|477|234|751
,40|477|235|752
,40|477|236|753
,40|477|237|754
,40|478|237|755
,40|478|238|756
,40|479|238|757
,40|479|239|758
,40|480|239|759
,40|480|240|760
,40|481|240|761
,40|481|241|762
,40|482|241|763
,40|482|242|764
,40|483|242|765
,40|484|242|766
,40|485|242|767
,40|486|242|768
,40|487|242|769
,40|487|243|770
,40|488|243|771
,40|488|244|772
,40|489|244|773
,40|490|244|774
,40|490|245|775
,40|491|245|776
,40|492|245|777
,40|493|245|778
,40|494|245|779
,40|494|246|780
,40|495|246|781
,40|496|246|782
,40|497|246|783
,41|497|246|784
,41|498|246|785
,41|498|247|786
,41|499|247|787
,41|500|247|788
,41|501|247|789
,41|501|248|790
,41|502|248|791
,41|503|248|792
,41|504|248|793
,41|504|249|794
,41|504|250|795
,41|505|250|796
,41|506|250|797
,41|507|250|798
,41|508|250|799
,41|508|251|800
,41|509|251|801
,41|509|252|802
,41|510|252|803
,41|510|253|804
,41|511|253|805
,41|511|254|806
,42|511|254|807
,42|511|255|808
,42|512|255|809
,42|512|256|810
,42|513|256|811
,42|513|257|812
,42|514|257|813
,42|514|258|814
,42|515|258|815
,42|516|258|816
,43|516|258|817
,43|517|258|818
,43|518|258|819
,43|518|259|820
,43|519|259|821
,43|519|260|822
,44|519|260|823
,44|520|260|824
,44|521|260|825
,44|522|260|826
,44|523|260|827
,44|523|261|828
,44|524|261|829
,44|525|261|830
,44|526|261|831
,44|527|261|832
,44|528|261|833
,44|528|262|834
,44|529|262|835
,44|530|262|836
,45|530|262|837
,45|531|262|838
,45|532|262|839
,45|532|263|840
,45|533|263|841
,45|533|264|842
,45|534|264|843
,45|534|265|844
,45|535|265|845
,45|535|266|846
,45|536|266|847
,45|536|267|848
,45|537|267|849
,45|537|268|850
,45|538|268|851
,45|538|269|852
,45|539|269|853
,45|539|270|854
,45|540|270|855
,45|540|271|856
,45|541|271|857
,45|541|272|858
,45|542|272|859
,45|542|273|860
,45|543|273|861
,45|543|274|862
,45|544|274|863
,45|544|275|864
,45|545|275|865
,45|545|276|866
,45|546|276|867
,45|546|277|868
,45|547|277|869
,45|547|278|870
,45|548|278|871
,45|548|279|872
,45|549|279|873
,45|549|280|874
,45|550|280|875
,45|550|281|876
,45|551|281|877
,45|551|282|878
,45|552|282|879
,45|552|283|880
,45|553|283|881
,45|553|284|882
,45|554|284|883
,45|554|285|884
,45|555|285|885
,45|555|286|886
,45|556|286|887
,45|556|287|888
,45|557|287|889
,45|557|288|890
,45|558|288|891
,45|558|289|892
,45|559|289|893
,45|559|290|894
,45|560|290|895
,45|560|291|896
,45|561|291|897
,45|561|292|898
,45|562|292|899
,45|562|293|900
,45|563|293|901
,45|563|294|902
,45|564|294|903
,45|564|295|904
,45|565|295|905
,45|565|296|906
,45|566|296|907
,45|566|297|908
,45|567|297|909
,45|567|298|910
,46|567|298|911
,46|567|299|912
,46|568|299|913
,46|568|300|914
,46|569|300|915
,46|569|301|916
,47|569|301|917
,47|570|301|918
,47|571|301|919
,47|571|302|920
,47|572|302|921
,47|572|303|922
,47|573|303|923
,47|574|303|924
,47|575|303|925
,47|576|303|926
,47|577|303|927
,47|577|304|928
,47|578|304|929
,47|578|305|930
,48|578|305|931
,48|579|305|932
,48|580|305|933
,48|581|305|934
,48|582|305|935
,48|582|306|936
,48|583|306|937
,48|584|306|938
,48|585|306|939
,48|586|306|940
,49|586|306|941
,49|587|306|942
,50|587|306|943
,50|588|306|944
,51|588|306|945
,51|589|306|946
,51|590|306|947
,51|591|306|948
,51|592|306|949
,51|592|307|950
,51|593|307|951
,51|593|308|952
,51|594|308|953
,51|595|308|954
,51|596|308|955
,51|597|308|956
,51|598|308|957
,51|599|308|958
,51|600|308|959
,51|601|308|960
,51|602|308|961
,51|603|308|962
,51|604|308|963
,51|605|308|964
,51|606|308|965
,51|606|309|966
,52|606|309|967
,52|607|309|968
,52|607|310|969
,52|608|310|970
,52|609|310|971
,52|610|310|972
,52|611|310|973
,52|612|310|974
,52|613|310|975
,52|614|310|976
,52|615|310|977
,52|616|310|978
,52|617|310|979
,52|618|310|980
,52|619|310|981
,52|620|310|982
,52|621|310|983
,52|622|310|984
,52|623|310|985
,52|623|311|986
,52|624|311|987
,52|624|312|988
,52|625|312|989
,52|626|312|990
,52|627|312|991
,52|628|312|992
,52|629|312|993
,52|629|313|994
,52|630|313|995
,52|631|313|996
,52|632|313|997
,52|633|313|998
,52|634|313|999
,52|634|314|1000
,52|635|314|1001
,52|635|315|1002
,52|636|315|1003
,52|637|315|1004
,52|638|315|1005
,52|638|316|1006
,52|639|316|1007
,52|639|317|1008
,52|640|317|1009
,52|641|317|1010
,52|642|317|1011
,52|643|317|1012
,52|644|317|1013
,52|645|317|1014
,52|646|317|1015
,52|647|317|1016
,52|648|317|1017
,52|649|317|1018
,52|650|317|1019
,52|650|318|1020
,52|651|318|1021
,52|651|319|1022
,52|652|319|1023
,52|652|320|1024
,52|653|320|1025
,52|653|321|1026
,52|654|321|1027
,52|654|322|1028
,52|655|322|1029
,52|655|323|1030
,52|656|323|1031
,52|656|324|1032
,52|657|324|1033
,52|657|325|1034
,52|658|325|1035
,52|658|326|1036
,52|659|326|1037
,52|659|327|1038
,52|660|327|1039
,52|660|328|1040
,52|661|328|1041
,52|661|329|1042
,52|662|329|1043
,52|662|330|1044
,52|663|330|1045
,52|663|331|1046
,52|664|331|1047
,52|664|332|1048
,52|665|332|1049
,52|665|333|1050
,52|666|333|1051
,52|666|334|1052
,52|667|334|1053
,52|667|335|1054
,52|668|335|1055
,52|669|335|1056
,52|670|335|1057
,52|670|336|1058
,52|671|336|1059
,52|671|337|1060
,52|672|337|1061
,52|673|337|1062
,53|673|337|1063
,53|674|337|1064
,53|675|337|1065
,53|676|337|1066
,53|677|337|1067
,53|677|338|1068
,54|677|338|1069
,54|678|338|1070
,54|679|338|1071
,54|679|339|1072
,54|680|339|1073
,54|680|340|1074
,55|680|340|1075
,55|681|340|1076
,56|681|340|1077
,56|682|340|1078
,56|683|340|1079
,56|683|341|1080
,56|684|341|1081
,56|685|341|1082
,56|686|341|1083
,56|687|341|1084
,57|687|341|1085
,57|688|341|1086
,58|688|341|1087
,58|689|341|1088
,58|690|341|1089
,58|691|341|1090
,59|691|341|1091
,59|692|341|1092
,60|692|341|1093
,60|693|341|1094
,60|694|341|1095
,60|694|342|1096
,60|695|342|1097
,61|695|342|1098
,61|696|342|1099
,61|697|342|1100
,61|698|342|1101
,61|699|342|1102
,61|700|342|1103
,61|701|342|1104
,62|701|342|1105
,62|702|342|1106
,63|702|342|1107
,63|702|343|1108
,63|703|343|1109
,63|703|344|1110
,64|703|344|1111
,64|703|345|1112
,65|703|345|1113
,65|704|345|1114
,65|705|345|1115
,65|705|346|1116
,66|705|346|1117
,66|706|346|1118
,66|707|346|1119
,66|708|346|1120
,66|709|346|1121
,66|710|346|1122
,66|711|346|1123
,66|712|346|1124
,66|713|346|1125
,66|714|346|1126
,66|715|346|1127
,66|715|347|1128
,66|716|347|1129
,66|716|348|1130
,66|717|348|1131
,66|717|349|1132
,66|718|349|1133
,66|718|350|1134
,66|719|350|1135
,66|719|351|1136
,66|720|351|1137
,66|720|352|1138
,66|721|352|1139
,66|721|353|1140
,66|722|353|1141
,66|722|354|1142
,66|723|354|1143
,66|723|355|1144
,66|724|355|1145
,66|724|356|1146
,66|725|356|1147
,66|725|357|1148
,66|726|357|1149
,66|726|358|1150
,66|727|358|1151
,66|727|359|1152
,66|728|359|1153
,66|728|360|1154
,66|729|360|1155
,66|729|361|1156
,66|730|361|1157
,66|730|362|1158
,66|731|362|1159
,66|731|363|1160
,66|732|363|1161
,66|732|364|1162
,66|733|364|1163
,66|733|365|1164
,66|734|365|1165
,66|734|366|1166
,66|735|366|1167
,66|735|367|1168
,66|736|367|1169
,66|736|368|1170
,66|737|368|1171
,66|737|369|1172
,66|738|369|1173
,66|738|370|1174
,66|739|370|1175
,66|739|371|1176
,66|740|371|1177
,66|740|372|1178
,66|741|372|1179
,66|741|373|1180
,66|742|373|1181
,66|742|374|1182
,66|743|374|1183
,66|743|375|1184
,66|744|375|1185
,66|744|376|1186
,66|745|376|1187
,66|745|377|1188
,66|746|377|1189
,66|746|378|1190
,66|747|378|1191
,66|747|379|1192
,66|748|379|1193
,66|748|380|1194
,66|749|380|1195
,66|749|381|1196
,66|750|381|1197
,66|750|382|1198
,67|750|382|1199
,67|751|382|1200
,67|752|382|1201
,67|752|383|1202
,67|753|383|1203
,67|753|384|1204
,68|753|384|1205
,68|753|385|1206
,68|754|385|1207
,68|755|385|1208
,68|756|385|1209
,68|756|386|1210
,68|757|386|1211
,68|757|387|1212
,69|757|387|1213
,69|758|387|1214
,69|759|387|1215
,69|760|387|1216
,69|761|387|1217
,69|761|388|1218
,69|762|388|1219
,69|762|389|1220
,70|762|389|1221
,70|763|389|1222
,70|764|389|1223
,70|764|390|1224
,70|765|390|1225
,70|766|390|1226
,70|767|390|1227
,70|767|391|1228
,70|768|391|1229
,70|769|391|1230
,71|769|391|1231
,71|770|391|1232
,72|770|391|1233
,72|771|391|1234
,72|772|391|1235
,72|772|392|1236
,72|773|392|1237
,72|773|393|1238
,72|774|393|1239
,72|774|394|1240
,72|775|394|1241
,72|775|395|1242
,73|775|395|1243
,73|776|395|1244
,73|777|395|1245
,73|778|395|1246
,73|779|395|1247
,73|779|396|1248
,74|779|396|1249
,74|779|397|1250
,75|779|397|1251
,75|779|398|1252
,75|780|398|1253
,75|780|399|1254
,75|781|399|1255
,75|781|400|1256
,76|781|400|1257
,76|782|400|1258
,76|783|400|1259
,76|783|401|1260
,76|784|401|1261
,76|785|401|1262
,76|786|401|1263
,76|787|401|1264
,76|788|401|1265
,76|788|402|1266
,77|788|402|1267
,77|789|402|1268
,77|790|402|1269
,77|790|403|1270
,77|791|403|1271
,77|791|404|1272
,77|792|404|1273
,77|792|405|1274
,77|793|405|1275
,77|793|406|1276
,77|794|406|1277
,77|794|407|1278
,77|795|407|1279
,77|795|408|1280
,77|796|408|1281
,77|796|409|1282
,77|797|409|1283
,77|797|410|1284
,77|798|410|1285
,77|798|411|1286
,77|799|411|1287
,77|799|412|1288
,77|800|412|1289
,77|800|413|1290
,77|801|413|1291
,77|801|414|1292
,77|802|414|1293
,77|802|415|1294
,77|803|415|1295
,77|803|416|1296
,77|804|416|1297
,77|804|417|1298
,77|805|417|1299
,77|805|418|1300
,77|806|418|1301
,77|806|419|1302
,77|807|419|1303
,77|807|420|1304
,77|808|420|1305
,77|808|421|1306
,77|809|421|1307
,77|810|421|1308
,77|811|421|1309
,77|811|422|1310
,77|812|422|1311
,77|812|423|1312
,77|813|423|1313
,77|814|423|1314
,77|815|423|1315
,77|816|423|1316
,77|817|423|1317
,77|818|423|1318
,77|819|423|1319
,77|819|424|1320
,77|820|424|1321
,77|821|424|1322
,77|822|424|1323
,78|822|424|1324
,78|823|424|1325
,78|823|425|1326
,78|824|425|1327
,78|824|426|1328
,78|825|426|1329
,78|826|426|1330
,78|827|426|1331
,78|828|426|1332
,78|829|426|1333
,78|829|427|1334
,78|830|427|1335
,78|831|427|1336
,78|832|427|1337
,78|832|428|1338
,78|833|428|1339
,78|834|428|1340
,78|835|428|1341
,78|836|428|1342
,78|837|428|1343
,78|838|428|1344
,78|839|428|1345
,78|840|428|1346
,78|841|428|1347
,78|842|428|1348
,78|843|428|1349
,78|843|429|1350
,78|844|429|1351
,78|845|429|1352
,78|846|429|1353
,78|847|429|1354
,78|848|429|1355
,78|849|429|1356
,78|850|429|1357
,78|851|429|1358
,79|851|429|1359
,79|852|429|1360
,79|852|430|1361
,79|853|430|1362
,79|854|430|1363
,79|855|430|1364
,79|856|430|1365
,79|857|430|1366
,80|857|430|1367
,80|858|430|1368
,80|859|430|1369
,80|860|430|1370
,80|861|430|1371
,80|862|430|1372
,80|863|430|1373
,80|864|430|1374
,80|865|430|1375
,80|866|430|1376
,80|867|430|1377
,80|868|430|1378
,81|868|430|1379
,81|869|430|1380
,81|870|430|1381
,81|871|430|1382
,81|872|430|1383
,81|873|430|1384
,81|874|430|1385
,81|875|430|1386
,82|875|430|1387
,82|876|430|1388
,82|877|430|1389
,82|878|430|1390
,83|878|430|1391
,83|879|430|1392
,83|880|430|1393
,83|880|431|1394
,83|881|431|1395
,83|882|431|1396
,83|883|431|1397
,83|884|431|1398
,83|885|431|1399
,83|886|431|1400
,83|887|431|1401
,83|888|431|1402
,83|889|431|1403
,83|889|432|1404
,83|890|432|1405
,83|891|432|1406
,83|892|432|1407
,83|893|432|1408
,83|893|433|1409
,83|894|433|1410
,83|895|433|1411
,83|895|434|1412
,83|896|434|1413
,83|897|434|1414
,83|898|434|1415
,83|898|435|1416
,83|899|435|1417
,83|899|436|1418
,83|900|436|1419
,83|900|437|1420
,83|901|437|1421
,83|902|437|1422
,83|902|438|1423
,83|902|439|1424
,83|903|439|1425
,83|903|440|1426
,83|904|440|1427
,83|904|441|1428
,83|905|441|1429
,83|906|441|1430
,83|907|441|1431
,83|907|442|1432
,83|908|442|1433
,83|908|443|1434
,83|908|444|1435
,83|908|445|1436
,83|909|445|1437
,83|909|446|1438
,83|910|446|1439
,83|911|446|1440
,83|912|446|1441
,83|912|447|1442
,83|913|447|1443
,83|913|448|1444
,83|914|448|1445
,83|915|448|1446
,83|916|448|1447
,83|916|449|1448
,83|917|449|1449
,83|918|449|1450
,83|919|449|1451
,83|919|450|1452
,83|919|451|1453
,83|920|451|1454
,83|921|451|1455
,83|921|452|1456
,83|922|452|1457
,83|923|452|1458
,83|924|452|1459
,83|925|452|1460
,83|926|452|1461
,83|927|452|1462
,83|928|452|1463
,83|928|453|1464
,83|929|453|1465
,83|929|454|1466
,83|930|454|1467
,83|931|454|1468
,83|932|454|1469
,83|932|455|1470
,83|933|455|1471
,83|933|456|1472
,83|934|456|1473
,83|935|456|1474
,83|936|456|1475
,83|937|456|1476
,83|938|456|1477
,83|938|457|1478
,83|939|457|1479
,83|940|457|1480
,83|941|457|1481
,83|941|458|1482
,83|942|458|1483
,83|942|459|1484
,83|943|459|1485
,83|944|459|1486
,83|945|459|1487
,83|945|460|1488
,83|946|460|1489
,83|946|461|1490
,83|947|461|1491
,83|947|462|1492
,83|948|462|1493
,83|949|462|1494
,83|950|462|1495
,83|950|463|1496
,83|951|463|1497
,83|951|464|1498
,84|951|464|1499
,84|952|464|1500
,85|952|464|1501
,85|952|465|1502
,85|953|465|1503
,85|953|466|1504
,85|954|466|1505
,85|954|467|1506
,85|955|467|1507
,85|956|467|1508
,85|957|467|1509
,85|957|468|1510
,85|958|468|1511
,85|958|469|1512
,85|959|469|1513
,85|959|470|1514
,85|960|470|1515
,85|961|470|1516
,85|962|470|1517
,85|963|470|1518
,85|964|470|1519
,85|965|470|1520
,85|966|470|1521
,85|966|471|1522
,85|967|471|1523
,85|967|472|1524
,85|968|472|1525
,85|968|473|1526
,85|969|473|1527
,85|969|474|1528
,85|970|474|1529
,85|970|475|1530
,85|971|475|1531
,85|971|476|1532
,85|972|476|1533
,85|972|477|1534
,85|973|477|1535
,85|973|478|1536
,85|974|478|1537
,85|974|479|1538
,85|975|479|1539
,85|975|480|1540
,85|976|480|1541
,85|976|481|1542
,85|977|481|1543
,85|977|482|1544
,85|978|482|1545
,85|978|483|1546
,85|979|483|1547
,85|979|484|1548
,85|980|484|1549
,85|980|485|1550
,85|981|485|1551
,85|981|486|1552
,85|982|486|1553
,85|982|487|1554
,85|983|487|1555
,85|983|488|1556
,85|984|488|1557
,85|984|489|1558
,85|985|489|1559
,85|985|490|1560
,85|986|490|1561
,85|986|491|1562
,85|987|491|1563
,85|987|492|1564
,85|988|492|1565
,85|988|493|1566
,85|989|493|1567
,85|989|494|1568
,85|990|494|1569
,85|990|495|1570
,85|991|495|1571
,85|991|496|1572
,85|992|496|1573
,85|992|497|1574
,85|993|497|1575
,85|993|498|1576
,85|994|498|1577
,85|994|499|1578
,85|995|499|1579
,85|995|500|1580
,85|996|500|1581
,85|996|501|1582
,85|997|501|1583
,85|997|502|1584
,85|998|502|1585
,85|998|503|1586
,85|998|504|1587
,85|998|505|1588
,85|999|505|1589
,85|999|506|1590
,85|1000|506|1591
,85|1000|507|1592
,85|1001|507|1593
,85|1001|508|1594
,85|1002|508|1595
,85|1003|508|1596
,85|1004|508|1597
,85|1004|509|1598
,85|1005|509|1599
,85|1005|510|1600
,86|1005|510|1601
,86|1006|510|1602
,86|1007|510|1603
,86|1008|510|1604
,86|1009|510|1605
,86|1009|511|1606
,86|1010|511|1607
,86|1011|511|1608
,87|1011|511|1609
,87|1012|511|1610
,87|1013|511|1611
,87|1013|512|1612
,87|1014|512|1613
,87|1014|513|1614
,88|1014|513|1615
,88|1014|514|1616
,89|1014|514|1617
,89|1015|514|1618
,89|1016|514|1619
,89|1016|515|1620
,89|1017|515|1621
,89|1018|515|1622
,90|1018|515|1623
,90|1018|516|1624
,91|1018|516|1625
,91|1019|516|1626
,92|1019|516|1627
,92|1019|517|1628
,92|1020|517|1629
,92|1021|517|1630
,93|1021|517|1631
,93|1022|517|1632
,93|1023|517|1633
,93|1023|518|1634
,93|1024|518|1635
,93|1025|518|1636
,93|1026|518|1637
,93|1027|518|1638
,93|1028|518|1639
,93|1028|519|1640
,93|1028|520|1641
,93|1028|521|1642
,93|1029|521|1643
,93|1030|521|1644
,93|1031|521|1645
,93|1032|521|1646
,93|1033|521|1647
,93|1033|522|1648
,93|1034|522|1649
,93|1034|523|1650
,93|1035|523|1651
,93|1036|523|1652
,93|1037|523|1653
,93|1038|523|1654
,93|1039|523|1655
,93|1039|524|1656
,93|1040|524|1657
,93|1041|524|1658
,93|1042|524|1659
,93|1043|524|1660
,93|1044|524|1661
,93|1045|524|1662
,93|1045|525|1663
,93|1046|525|1664
,94|1046|525|1665
,94|1047|525|1666
,94|1048|525|1667
,94|1048|526|1668
,94|1049|526|1669
,94|1049|527|1670
,94|1050|527|1671
,94|1050|528|1672
,94|1051|528|1673
,94|1052|528|1674
,94|1053|528|1675
,94|1054|528|1676
,94|1055|528|1677
,94|1055|529|1678
,94|1056|529|1679
,94|1056|530|1680
,94|1057|530|1681
,94|1058|530|1682
,94|1059|530|1683
,94|1059|531|1684
,94|1060|531|1685
,94|1060|532|1686
,94|1061|532|1687
,94|1062|532|1688
,94|1063|532|1689
,94|1064|532|1690
,94|1065|532|1691
,94|1065|533|1692
,94|1066|533|1693
,94|1066|534|1694
,94|1067|534|1695
,94|1068|534|1696
,94|1069|534|1697
,94|1069|535|1698
,94|1070|535|1699
,94|1071|535|1700
,94|1072|535|1701
,94|1072|536|1702
,94|1073|536|1703
,94|1073|537|1704
,94|1074|537|1705
,94|1074|538|1706
,94|1075|538|1707
,94|1075|539|1708
,94|1076|539|1709
,94|1076|540|1710
,94|1077|540|1711
,94|1077|541|1712
,94|1078|541|1713
,94|1078|542|1714
,94|1079|542|1715
,94|1079|543|1716
,94|1080|543|1717
,94|1080|544|1718
,94|1081|544|1719
,94|1081|545|1720
,94|1082|545|1721
,94|1082|546|1722
,94|1083|546|1723
,94|1083|547|1724
,94|1084|547|1725
,94|1084|548|1726
,94|1085|548|1727
,94|1085|549|1728
,94|1086|549|1729
,94|1086|550|1730
,94|1087|550|1731
,94|1087|551|1732
,94|1088|551|1733
,94|1088|552|1734
,94|1089|552|1735
,94|1089|553|1736
,94|1090|553|1737
,94|1090|554|1738
,95|1090|554|1739
,95|1090|555|1740
,95|1091|555|1741
,95|1091|556|1742
,95|1092|556|1743
,95|1092|557|1744
,96|1092|557|1745
,96|1093|557|1746
,96|1094|557|1747
,96|1095|557|1748
,96|1096|557|1749
,96|1097|557|1750
,96|1098|557|1751
,96|1098|558|1752
,97|1098|558|1753
,97|1099|558|1754
,97|1100|558|1755
,97|1100|559|1756
,97|1101|559|1757
,97|1101|560|1758
,98|1101|560|1759
,98|1102|560|1760
,99|1102|560|1761
,99|1103|560|1762
,99|1104|560|1763
,99|1104|561|1764
,99|1105|561|1765
,99|1106|561|1766
,99|1107|561|1767
,99|1108|561|1768
,100|1108|561|1769
,100|1109|561|1770
,101|1109|561|1771
,101|1109|562|1772
,102|1109|562|1773
,102|1110|562|1774
,103|1110|562|1775
,103|1111|562|1776
,103|1112|562|1777
,103|1113|562|1778
,103|1114|562|1779
,103|1114|563|1780
,103|1114|564|1781
,103|1115|564|1782
,103|1116|564|1783
,103|1117|564|1784
,103|1118|564|1785
,103|1119|564|1786
,103|1120|564|1787
,103|1121|564|1788
,103|1122|564|1789
,104|1122|564|1790
,104|1123|564|1791
,104|1123|565|1792
,104|1124|565|1793
,104|1124|566|1794
,105|1124|566|1795
,105|1125|566|1796
,105|1126|566|1797
,105|1127|566|1798
,105|1128|566|1799
,105|1128|567|1800
,105|1129|567|1801
,105|1130|567|1802
,105|1131|567|1803
,105|1132|567|1804
,105|1133|567|1805
,105|1134|567|1806
,106|1134|567|1807
,106|1135|567|1808
,106|1136|567|1809
,106|1136|568|1810
,106|1137|568|1811
,106|1137|569|1812
,106|1138|569|1813
,106|1138|570|1814
,106|1139|570|1815
,106|1139|571|1816
,106|1140|571|1817
,106|1140|572|1818
,106|1141|572|1819
,106|1141|573|1820
,106|1142|573|1821
,106|1142|574|1822
,106|1143|574|1823
,106|1143|575|1824
,106|1144|575|1825
,106|1144|576|1826
,106|1145|576|1827
,106|1145|577|1828
,106|1146|577|1829
,106|1146|578|1830
,106|1147|578|1831
,106|1147|579|1832
,106|1148|579|1833
,106|1148|580|1834
,106|1149|580|1835
,106|1149|581|1836
,106|1150|581|1837
,106|1150|582|1838
,106|1151|582|1839
,106|1151|583|1840
,106|1152|583|1841
,106|1152|584|1842
,106|1153|584|1843
,106|1153|585|1844
,106|1154|585|1845
,106|1154|586|1846
,106|1155|586|1847
,106|1155|587|1848
,106|1156|587|1849
,106|1156|588|1850
,106|1157|588|1851
,106|1157|589|1852
,106|1158|589|1853
,106|1158|590|1854
,106|1159|590|1855
,106|1159|591|1856
,106|1160|591|1857
,106|1160|592|1858
,106|1161|592|1859
,106|1161|593|1860
,106|1162|593|1861
,106|1162|594|1862
,106|1163|594|1863
,106|1163|595|1864
,106|1164|595|1865
,106|1164|596|1866
,106|1165|596|1867
,106|1165|597|1868
,106|1166|597|1869
,106|1166|598|1870
,106|1167|598|1871
,106|1167|599|1872
,106|1168|599|1873
,106|1168|600|1874
,106|1169|600|1875
,106|1169|601|1876
,106|1170|601|1877
,106|1170|602|1878
,106|1171|602|1879
,106|1171|603|1880
,106|1172|603|1881
,106|1172|604|1882
,106|1173|604|1883
,106|1174|604|1884
,106|1175|604|1885
,106|1175|605|1886
,106|1176|605|1887
,106|1176|606|1888
,106|1177|606|1889
,106|1178|606|1890
,106|1179|606|1891
,106|1180|606|1892
,106|1181|606|1893
,106|1181|607|1894
,106|1182|607|1895
,106|1182|608|1896
,107|1182|608|1897
,107|1183|608|1898
,107|1184|608|1899
,107|1185|608|1900
,107|1186|608|1901
,107|1186|609|1902
,107|1187|609|1903
,107|1187|610|1904
,107|1188|610|1905
,107|1188|611|1906
,107|1189|611|1907
,107|1189|612|1908
,107|1190|612|1909
,107|1191|612|1910
,107|1192|612|1911
,107|1193|612|1912
,107|1194|612|1913
,107|1195|612|1914
,107|1196|612|1915
,107|1196|613|1916
,107|1197|613|1917
,107|1198|613|1918
,107|1199|613|1919
,107|1199|614|1920
,108|1199|614|1921
,108|1199|615|1922
,108|1199|616|1923
,108|1199|617|1924
,108|1200|617|1925
,108|1200|618|1926
,108|1201|618|1927
,108|1202|618|1928
,108|1203|618|1929
,108|1204|618|1930
,108|1205|618|1931
,108|1205|619|1932
,109|1205|619|1933
,109|1206|619|1934
,109|1207|619|1935
,109|1208|619|1936
,109|1209|619|1937
,109|1209|620|1938
,109|1210|620|1939
,109|1210|621|1940
,109|1211|621|1941
,109|1212|621|1942
,109|1213|621|1943
,109|1213|622|1944
,109|1213|623|1945
,109|1213|624|1946
,109|1214|624|1947
,109|1215|624|1948
,110|1215|624|1949
,110|1216|624|1950
,110|1217|624|1951
,110|1218|624|1952
,111|1218|624|1953
,111|1218|625|1954
,111|1219|625|1955
,111|1219|626|1956
,111|1220|626|1957
,111|1220|627|1958
,111|1221|627|1959
,111|1221|628|1960
,111|1222|628|1961
,111|1222|629|1962
,111|1223|629|1963
,111|1223|630|1964
,111|1224|630|1965
,111|1224|631|1966
,111|1225|631|1967
,111|1225|632|1968
,111|1226|632|1969
,111|1226|633|1970
,111|1227|633|1971
,111|1227|634|1972
,111|1228|634|1973
,111|1228|635|1974
,111|1229|635|1975
,111|1229|636|1976
,111|1230|636|1977
,111|1230|637|1978
,111|1231|637|1979
,111|1231|638|1980
,111|1232|638|1981
,111|1232|639|1982
,111|1233|639|1983
,111|1233|640|1984
,111|1234|640|1985
,111|1234|641|1986
,111|1235|641|1987
,111|1235|642|1988
,111|1236|642|1989
,111|1236|643|1990
,111|1237|643|1991
,111|1238|643|1992
,111|1239|643|1993
,111|1239|644|1994
,111|1240|644|1995
,111|1240|645|1996
,111|1241|645|1997
,111|1242|645|1998
,111|1243|645|1999
,111|1244|645|2000
