total
,0|1|0|1
,0|1|1|2
,0|1|2|3
,0|1|3|4
,0|2|3|5
,1|2|3|6
,1|2|4|7
,1|3|4|8
,1|3|5|9
,1|4|5|10
,1|4|6|11
,1|5|6|12
,1|6|6|13
,1|6|7|14
,1|7|7|15
,1|8|7|16
,1|8|8|17
,1|8|9|18
,1|9|9|19
,2|9|9|20
,2|10|9|21
,2|10|10|22
,2|10|11|23
,2|11|11|24
,2|11|12|25
,2|11|13|26
,2|12|13|27
,3|12|13|28
,3|13|13|29
,3|13|14|30
,3|13|15|31
,3|14|15|32
,3|15|15|33
,3|16|15|34
,3|17|15|35
,3|17|16|36
,3|18|16|37
,3|18|17|38
,3|19|17|39
,3|19|18|40
,3|20|18|41
,3|20|19|42
,3|21|19|43
,4|21|19|44
,4|21|20|45
,4|21|21|46
,4|21|22|47
,4|22|22|48
,4|23|22|49
,5|23|22|50
,5|24|22|51
,5|24|23|52
,5|25|23|53
,5|25|24|54
,5|25|25|55
,5|25|26|56
,5|26|26|57
,6|26|26|58
,6|27|26|59
,6|27|27|60
,6|27|28|61
,6|28|28|62
,6|28|29|63
,6|28|30|64
,6|29|30|65
,6|29|31|66
,6|30|31|67
,6|30|32|68
,7|30|32|69
,7|31|32|70
,7|32|32|71
,7|32|33|72
,7|33|33|73
,7|33|34|74
,7|34|34|75
,7|34|35|76
,7|35|35|77
,7|35|36|78
,7|35|37|79
,7|35|38|80
,7|36|38|81
,8|36|38|82
,8|36|39|83
,8|37|39|84
,8|37|40|85
,8|38|40|86
,8|38|41|87
,8|39|41|88
,8|40|41|89
,9|40|41|90
,9|41|41|91
,10|41|41|92
,10|41|42|93
,10|42|42|94
,10|43|42|95
,11|43|42|96
,11|44|42|97
,12|44|42|98
,12|45|42|99
,12|46|42|100
,12|46|43|101
,12|47|43|102
,12|48|43|103
,13|48|43|104
,13|49|43|105
,14|49|43|106
,14|49|44|107
,14|50|44|108
,14|51|44|109
,15|51|44|110
,15|52|44|111
,16|52|44|112
,16|53|44|113
,17|53|44|114
,17|54|44|115
,18|54|44|116
,18|55|44|117
,19|55|44|118
,20|55|44|119
,20|55|45|120
,20|55|46|121
,20|55|47|122
,20|55|48|123
,20|56|48|124
,20|56|49|125
,20|57|49|126
,20|57|50|127
,20|57|51|128
,20|57|52|129
,20|58|52|130
,20|58|53|131
,20|58|54|132
,20|58|55|133
,21|58|55|134
,21|58|56|135
,21|58|57|136
,21|58|58|137
,21|59|58|138
,21|59|59|139
,21|60|59|140
,21|60|60|141
,21|61|60|142
,21|61|61|143
,21|61|62|144
,21|61|63|145
,21|62|63|146
,21|63|63|147
,21|64|63|148
,21|64|64|149
,21|64|65|150
,21|64|66|151
,21|64|67|152
,21|64|68|153
,21|64|69|154
,21|64|70|155
,21|65|70|156
,21|65|71|157
,22|65|71|158
,22|66|71|159
,23|66|71|160
,23|66|72|161
,24|66|72|162
,24|66|73|163
,24|67|73|164
,24|67|74|165
,24|67|75|166
,24|67|76|167
,24|68|76|168
,24|68|77|169
,24|69|77|170
,24|69|78|171
,24|70|78|172
,24|70|79|173
,24|70|80|174
,24|70|81|175
,24|71|81|176
,24|71|82|177
,24|72|82|178
,24|72|83|179
,25|72|83|180
,25|73|83|181
,25|74|83|182
,25|74|84|183
,25|75|84|184
,25|75|85|185
,25|76|85|186
,25|76|86|187
,26|76|86|188
,26|77|86|189
,26|77|87|190
,26|77|88|191
,26|77|89|192
,26|77|90|193
,26|78|90|194
,26|79|90|195
,26|80|90|196
,26|81|90|197
,26|82|90|198
,26|82|91|199
,26|83|91|200
,26|83|92|201
,27|83|92|202
,27|84|92|203
,28|84|92|204
,28|85|92|205
,28|86|92|206
,28|86|93|207
,28|87|93|208
,28|87|94|209
,29|87|94|210
,29|88|94|211
,29|89|94|212
,29|89|95|213
,29|90|95|214
,29|90|96|215
,29|91|96|216
,29|91|97|217
,30|91|97|218
,30|92|97|219
,31|92|97|220
,31|92|98|221
,31|93|98|222
,31|94|98|223
,31|95|98|224
,31|96|98|225
,32|96|98|226
,32|97|98|227
,33|97|98|228
,33|98|98|229
,34|98|98|230
,34|99|98|231
,35|99|98|232
,35|100|98|233
,35|100|99|234
,35|101|99|235
,35|101|100|236
,35|102|100|237
,35|102|101|238
,35|103|101|239
,35|103|102|240
,35|104|102|241
,35|104|103|242
,35|105|103|243
,35|105|104|244
,35|106|104|245
,35|106|105|246
,35|107|105|247
,35|107|106|248
,35|108|106|249
,35|108|107|250
,35|109|107|251
,35|109|108|252
,35|110|108|253
,35|110|109|254
,35|111|109|255
,35|111|110|256
,35|112|111|258
,35|112|112|259
,35|113|112|260
,35|113|113|261
,35|114|113|262
,35|114|114|263
,35|115|114|264
,35|115|115|265
,35|116|115|266
,35|116|116|267
,35|117|116|268
,35|117|117|269
,35|118|117|270
,35|119|117|271
,35|120|117|272
,36|120|117|273
,36|120|118|274
,37|120|118|275
,37|120|119|276
,37|121|119|277
,37|121|120|278
,37|122|120|279
,37|123|120|280
,38|123|120|281
,38|124|120|282
,39|124|120|283
,39|124|121|284
,39|125|121|285
,39|126|121|286
,40|126|121|287
,40|127|121|288
,40|128|121|289
,40|128|122|290
,41|128|122|291
,41|128|123|292
,42|128|123|293
,42|129|123|294
,42|130|123|295
,42|131|123|296
,42|132|123|297
,42|132|124|298
,42|133|124|299
,42|133|125|300
,43|133|125|301
,43|134|125|302
,44|134|125|303
,44|134|126|304
,44|135|126|305
,44|135|127|306
,45|135|127|307
,45|136|127|308
,45|136|128|309
,45|136|129|310
,45|136|130|311
,45|136|131|312
,45|137|131|313
,45|137|132|314
,45|138|132|315
,45|138|133|316
,45|139|133|317
,45|139|134|318
,45|139|135|319
,45|139|136|320
,45|140|136|321
,45|140|137|322
,45|141|137|323
,45|141|138|324
,45|141|139|325
,45|141|140|326
,45|142|140|327
,45|142|141|328
,45|142|142|329
,45|142|143|330
,45|143|143|331
,45|143|144|332
,45|143|145|333
,45|143|146|334
,45|144|146|335
,45|144|147|336
,45|145|147|337
,45|145|148|338
,45|145|149|339
,45|145|150|340
,45|146|150|341
,45|146|151|342
,45|147|151|343
,45|147|152|344
,45|147|153|345
,45|147|154|346
,46|147|154|347
,46|148|154|348
,47|148|154|349
,47|149|154|350
,47|150|154|351
,47|150|155|352
,47|151|155|353
,47|151|156|354
,47|152|156|355
,47|152|157|356
,48|152|157|357
,48|152|158|358
,48|153|158|359
,48|154|158|360
,48|155|158|361
,48|155|159|362
,49|155|159|363
,49|155|160|364
,49|156|160|365
,49|156|161|366
,49|157|161|367
,49|157|162|368
,49|158|162|369
,49|159|162|370
,50|159|162|371
,50|160|162|372
,50|161|162|373
,50|161|163|374
,50|162|163|375
,50|163|163|376
,51|163|163|377
,51|164|163|378
,52|164|163|379
,52|164|164|380
,53|164|164|381
,53|165|164|382
,53|166|164|383
,53|167|164|384
,53|167|165|385
,53|168|165|386
,53|168|166|387
,53|169|166|388
,53|169|167|389
,53|170|167|390
,53|170|168|391
,53|171|168|392
,53|171|169|393
,53|172|169|394
,53|172|170|395
,53|173|170|396
,53|173|171|397
,53|174|171|398
,53|174|172|399
,53|175|172|400
,53|175|173|401
,53|176|173|402
,53|176|174|403
,53|177|174|404
,53|177|175|405
,53|178|175|406
,53|178|176|407
,53|179|176|408
,53|179|177|409
,53|180|177|410
,53|180|178|411
,53|181|178|412
,53|181|179|413
,53|182|179|414
,53|182|180|415
,53|183|180|416
,53|183|181|417
,53|184|181|418
,53|184|182|419
,53|185|182|420
,53|185|183|421
,53|186|183|422
,53|187|183|423
,53|187|184|424
,53|188|184|425
,53|188|185|426
,53|189|185|427
,53|189|186|428
,53|190|186|429
,53|190|187|430
,53|191|187|431
,53|191|188|432
,53|192|188|433
,53|192|189|434
,53|193|189|435
,53|193|190|436
,53|194|190|437
,53|194|191|438
,53|195|191|439
,53|195|192|440
,53|196|192|441
,53|196|193|442
,53|197|193|443
,53|197|194|444
,53|198|194|445
,53|198|195|446
,53|199|195|447
,53|199|196|448
,53|200|196|449
,53|200|197|450
,53|201|197|451
,53|201|198|452
,53|202|198|453
,53|202|199|454
,53|203|199|455
,53|203|200|456
,53|204|200|457
,53|204|201|458
,53|205|201|459
,53|205|202|460
,53|205|203|461
,53|205|204|462
,53|206|204|463
,53|206|205|464
,53|207|205|465
,53|207|206|466
,53|208|206|467
,53|208|207|468
,53|209|207|469
,53|209|208|470
,53|209|209|471
,53|209|210|472
,53|209|211|473
,53|209|212|474
,53|210|212|475
,53|210|213|476
,53|211|213|477
,53|211|214|478
,53|211|215|479
,53|211|216|480
,53|212|216|481
,53|212|217|482
,53|213|217|483
,53|213|218|484
,53|213|219|485
,53|213|220|486
,53|214|220|487
,53|214|221|488
,53|214|222|489
,53|214|223|490
,53|214|224|491
,53|214|225|492
,53|215|225|493
,53|215|226|494
,53|216|226|495
,53|216|227|496
,53|216|228|497
,53|216|229|498
,54|216|229|499
,54|216|230|500
,55|216|230|501
,55|217|230|502
,56|217|230|503
,56|217|231|504
,57|217|231|505
,57|217|232|506
,58|217|232|507
,58|217|233|508
,59|217|233|509
,59|218|233|510
,60|218|233|511
,60|218|234|512
,61|218|234|513
,61|218|235|514
,62|218|235|515
,62|219|235|516
,63|219|235|517
,63|220|235|518
,63|221|235|519
,63|221|236|520
,63|221|237|521
,63|221|238|522
,63|222|238|523
,63|223|238|524
,63|224|238|525
,63|224|239|526
,63|225|239|527
,63|226|239|528
,63|227|239|529
,63|228|239|530
,64|228|239|531
,64|229|239|532
,65|229|239|533
,65|230|239|534
,66|230|239|535
,66|231|239|536
,66|231|240|537
,66|232|240|538
,66|232|241|539
,66|233|241|540
,66|233|242|541
,66|233|243|542
,66|233|244|543
,66|233|245|544
,67|233|245|545
,67|234|245|546
,67|234|246|547
,67|235|246|548
,67|235|247|549
,67|236|247|550
,67|236|248|551
,67|236|249|552
,68|236|249|553
,68|236|250|554
,68|236|251|555
,68|237|251|556
,68|238|251|557
,68|238|252|558
,68|238|253|559
,68|238|254|560
,68|238|255|561
,68|239|255|562
,68|240|255|563
,68|240|256|564
,68|240|257|565
,68|241|257|566
,68|241|258|567
,68|242|258|568
,68|242|259|569
,68|243|259|570
,68|243|260|571
,68|244|260|572
,68|244|261|573
,68|244|262|574
,68|245|262|575
,68|245|263|576
,68|246|263|577
,68|246|264|578
,68|247|264|579
,68|247|265|580
,68|248|265|581
,68|248|266|582
,68|249|266|583
,68|249|267|584
,68|250|267|585
,68|250|268|586
,68|251|268|587
,68|251|269|588
,68|252|269|589
,68|252|270|590
,68|253|270|591
,68|253|271|592
,68|254|271|593
,68|254|272|594
,68|255|272|595
,68|255|273|596
,68|256|273|597
,68|256|274|598
,68|257|274|599
,68|257|275|600
,68|258|275|601
,68|258|276|602
,68|259|276|603
,68|259|277|604
,68|260|277|605
,68|260|278|606
,68|261|278|607
,68|261|279|608
,68|262|279|609
,68|262|280|610
,68|263|280|611
,68|263|281|612
,68|263|282|613
,68|264|282|614
,68|265|282|615
,68|266|282|616
,68|266|283|617
,68|266|284|618
,68|267|284|619
,68|267|285|620
,68|268|285|621
,68|269|285|622
,68|269|286|623
,68|270|286|624
,68|271|286|625
,68|272|286|626
,68|273|286|627
,68|273|287|628
,68|274|287|629
,68|275|287|630
,68|275|288|631
,68|276|288|632
,68|277|288|633
,68|277|289|634
,68|277|290|635
,68|277|291|636
,68|278|291|637
,68|279|291|638
,68|279|292|639
,68|280|292|640
,68|281|292|641
,68|281|293|642
,68|281|294|643
,68|282|294|644
,68|283|294|645
,68|284|294|646
,68|284|295|647
,68|285|295|648
,68|285|296|649
,68|286|296|650
,69|286|296|651
,69|287|296|652
,69|287|297|653
,69|288|297|654
,69|288|298|655
,69|289|298|656
,69|289|299|657
,69|290|299|658
,70|290|299|659
,70|291|299|660
,71|291|299|661
,71|292|299|662
,72|292|299|663
,72|293|299|664
,73|293|299|665
,73|294|299|666
,74|294|299|667
,74|295|299|668
,74|295|300|669
,74|296|300|670
,74|296|301|671
,74|297|301|672
,74|297|302|673
,74|298|302|674
,74|298|303|675
,74|299|303|676
,74|299|304|677
,74|300|304|678
,75|300|304|679
,75|301|304|680
,75|302|304|681
,75|303|304|682
,75|303|305|683
,75|304|305|684
,76|304|305|685
,76|305|305|686
,77|305|305|687
,77|306|305|688
,77|306|306|689
,77|307|306|690
,77|307|307|691
,77|308|307|692
,77|308|308|693
,77|309|308|694
,77|309|309|695
,77|310|309|696
,77|310|310|697
,77|311|310|698
,77|311|311|699
,77|312|311|700
,77|312|312|701
,77|313|312|702
,77|313|313|703
,77|314|313|704
,78|314|313|705
,78|315|313|706
,79|315|313|707
,79|316|313|708
,79|316|314|709
,79|317|314|710
,79|317|315|711
,79|318|315|712
,79|318|316|713
,79|319|316|714
,80|319|316|715
,80|320|316|716
,80|320|317|717
,80|321|317|718
,80|321|318|719
,80|322|318|720
,80|322|319|721
,80|323|319|722
,80|323|320|723
,80|324|320|724
,80|324|321|725
,80|325|321|726
,80|325|322|727
,80|326|322|728
,81|326|322|729
,81|327|322|730
,81|327|323|731
,81|328|323|732
,81|329|323|733
,81|330|323|734
,81|330|324|735
,81|331|324|736
,81|331|325|737
,81|332|325|738
,82|332|325|739
,82|333|325|740
,82|333|326|741
,82|334|326|742
,83|334|326|743
,83|335|326|744
,83|335|327|745
,83|336|327|746
,83|337|327|747
,83|338|327|748
,83|339|327|749
,83|340|327|750
,84|340|327|751
,84|341|327|752
,84|341|328|753
,84|342|328|754
,84|342|329|755
,84|343|329|756
,84|343|330|757
,84|344|330|758
,84|345|330|759
,84|346|330|760
,84|347|330|761
,84|348|330|762
,84|349|330|763
,84|350|330|764
,84|350|331|765
,84|351|331|766
,84|351|332|767
,84|352|332|768
,84|352|333|769
,84|353|333|770
,84|354|333|771
,84|354|334|772
,85|354|334|773
,85|355|334|774
,85|355|335|775
,85|356|335|776
,86|356|335|777
,86|357|335|778
,86|357|336|779
,86|358|336|780
,86|359|336|781
,86|360|336|782
,86|360|337|783
,86|361|337|784
,86|362|337|785
,86|362|338|786
,86|363|338|787
,86|363|339|788
,86|363|340|789
,86|364|340|790
,86|364|341|791
,86|365|341|792
,86|365|342|793
,86|365|343|794
,86|365|344|795
,86|365|345|796
,86|366|345|797
,86|367|345|798
,86|367|346|799
,86|368|346|800
,86|368|347|801
,86|369|347|802
,87|369|347|803
,87|370|347|804
,87|370|348|805
,87|371|348|806
,88|371|348|807
,88|372|348|808
,89|372|348|809
,89|373|348|810
,90|373|348|811
,90|374|348|812
,91|374|348|813
,91|374|349|814
,92|374|349|815
,92|375|349|816
,93|375|349|817
,93|376|349|818
,93|377|349|819
,93|378|349|820
,94|378|349|821
,94|378|350|822
,95|378|350|823
,95|379|350|824
,96|379|350|825
,96|380|350|826
,96|381|350|827
,96|381|351|828
,96|382|351|829
,96|383|351|830
,97|383|351|831
,97|384|351|832
,98|384|351|833
,98|385|351|834
,99|385|351|835
,99|386|351|836
,100|386|351|837
,100|387|351|838
,100|388|351|839
,100|388|352|840
,100|389|352|841
,100|389|353|842
,100|390|353|843
,100|390|354|844
,100|390|355|845
,100|390|356|846
,100|390|357|847
,100|390|358|848
,100|390|359|849
,100|390|360|850
,100|391|360|851
,100|391|361|852
,100|391|362|853
,100|391|363|854
,100|392|363|855
,100|392|364|856
,100|392|365|857
,100|392|366|858
,100|393|366|859
,100|393|367|860
,100|393|368|861
,100|393|369|862
,100|394|369|863
,100|394|370|864
,100|394|371|865
,100|394|372|866
,101|394|372|867
,101|394|373|868
,101|395|373|869
,101|395|374|870
,101|396|374|871
,101|396|375|872
,101|396|376|873
,101|396|377|874
,102|396|377|875
,102|397|377|876
,102|397|378|877
,102|397|379|878
,103|397|379|879
,103|397|380|880
,103|397|381|881
,103|397|382|882
,103|398|382|883
,103|398|383|884
,103|399|383|885
,103|399|384|886
,104|399|384|887
,104|399|385|888
,104|399|386|889
,104|399|387|890
,104|400|387|891
,104|400|388|892
,104|400|389|893
,104|400|390|894
,105|400|390|895
,105|400|391|896
,105|401|391|897
,105|401|392|898
,105|402|392|899
,105|402|393|900
,105|402|394|901
,105|402|395|902
,105|403|395|903
,105|403|396|904
,106|403|396|905
,106|403|397|906
,106|404|397|907
,106|404|398|908
,107|404|398|909
,107|404|399|910
,108|404|399|911
,108|405|399|912
,109|405|399|913
,109|405|400|914
,109|406|400|915
,109|406|401|916
,110|406|401|917
,110|407|401|918
,110|408|401|919
,110|409|401|920
,110|410|401|921
,110|410|402|922
,111|410|402|923
,111|411|402|924
,112|411|402|925
,112|412|402|926
,112|413|402|927
,112|413|403|928
,112|414|403|929
,112|414|404|930
,113|414|404|931
,113|414|405|932
,114|414|405|933
,114|414|406|934
,114|415|406|935
,114|415|407|936
,114|416|407|937
,114|417|407|938
,115|417|407|939
,115|417|408|940
,115|418|408|941
,115|419|408|942
,116|419|408|943
,116|420|408|944
,117|420|408|945
,117|421|408|946
,117|421|409|947
,117|422|409|948
,117|422|410|949
,117|423|410|950
,117|423|411|951
,117|424|411|952
,117|424|412|953
,117|425|412|954
,117|425|413|955
,117|426|413|956
,117|426|414|957
,117|427|414|958
,117|427|415|959
,117|428|415|960
,117|428|416|961
,117|429|416|962
,117|429|417|963
,117|430|417|964
,117|430|418|965
,117|431|418|966
,117|431|419|967
,117|432|419|968
,117|432|420|969
,117|433|420|970
,117|433|421|971
,117|434|421|972
,117|434|422|973
,117|435|422|974
,117|435|423|975
,117|436|423|976
,117|436|424|977
,117|437|424|978
,117|437|425|979
,117|438|425|980
,117|438|426|981
,117|439|426|982
,118|439|426|983
,118|440|426|984
,118|441|426|985
,118|441|427|986
,118|442|427|987
,118|442|428|988
,118|443|428|989
,118|443|429|990
,119|443|429|991
,119|444|429|992
,119|445|429|993
,119|445|430|994
,119|446|430|995
,119|447|430|996
,120|447|430|997
,120|448|430|998
,120|449|430|999
,120|449|431|1000
,120|449|432|1001
,120|449|433|1002
,120|450|433|1003
,120|451|433|1004
,120|451|434|1005
,120|452|434|1006
,120|453|434|1007
,120|453|435|1008
,121|453|435|1009
,121|454|435|1010
,122|454|435|1011
,122|455|435|1012
,122|456|435|1013
,122|457|435|1014
,122|458|435|1015
,122|458|436|1016
,122|459|436|1017
,122|460|436|1018
,122|460|437|1019
,122|460|438|1020
,122|460|439|1021
,122|460|440|1022
,122|461|440|1023
,122|461|441|1024
,122|462|441|1025
,122|462|442|1026
,122|462|443|1027
,122|462|444|1028
,122|463|444|1029
,122|463|445|1030
,122|464|445|1031
,122|464|446|1032
,122|465|446|1033
,122|465|447|1034
,122|466|447|1035
,122|466|448|1036
,122|466|449|1037
,122|466|450|1038
,122|467|450|1039
,122|467|451|1040
,122|467|452|1041
,122|467|453|1042
,122|468|453|1043
,122|468|454|1044
,122|468|455|1045
,122|468|456|1046
,122|469|456|1047
,122|469|457|1048
,122|470|457|1049
,122|470|458|1050
,122|470|459|1051
,122|470|460|1052
,122|470|461|1053
,122|470|462|1054
,123|470|462|1055
,123|471|462|1056
,124|471|462|1057
,124|471|463|1058
,124|472|463|1059
,124|472|464|1060
,124|473|464|1061
,124|474|464|1062
,125|474|464|1063
,125|474|465|1064
,125|475|465|1065
,125|476|465|1066
,125|477|465|1067
,125|477|466|1068
,126|477|466|1069
,126|478|466|1070
,126|479|466|1071
,126|479|467|1072
,126|480|467|1073
,126|480|468|1074
,126|481|468|1075
,126|481|469|1076
,127|481|469|1077
,127|482|469|1078
,127|483|469|1079
,127|483|470|1080
,127|484|470|1081
,127|485|470|1082
,127|486|470|1083
,127|487|470|1084
,128|487|470|1085
,128|488|470|1086
,129|488|470|1087
,129|489|470|1088
,129|490|470|1089
,129|491|470|1090
,129|491|471|1091
,129|492|471|1092
,129|492|472|1093
,129|493|472|1094
,129|493|473|1095
,129|494|473|1096
,129|494|474|1097
,129|495|474|1098
,129|495|475|1099
,129|496|475|1100
,129|496|476|1101
,129|497|476|1102
,129|497|477|1103
,129|498|477|1104
,129|498|478|1105
,129|499|478|1106
,129|499|479|1107
,129|500|479|1108
,129|500|480|1109
,129|501|480|1110
,129|501|481|1111
,129|502|481|1112
,129|502|482|1113
,129|503|482|1114
,129|503|483|1115
,129|504|483|1116
,129|504|484|1117
,129|505|484|1118
,129|505|485|1119
,129|506|485|1120
,129|506|486|1121
,129|507|486|1122
,129|507|487|1123
,129|508|487|1124
,129|508|488|1125
,129|509|488|1126
,129|510|488|1127
,129|510|489|1128
,129|511|489|1129
,129|511|490|1130
,129|512|490|1131
,129|512|491|1132
,129|513|491|1133
,129|513|492|1134
,129|514|492|1135
,129|514|493|1136
,129|515|493|1137
,129|515|494|1138
,129|516|494|1139
,129|516|495|1140
,129|517|495|1141
,129|517|496|1142
,129|518|496|1143
,129|518|497|1144
,129|519|497|1145
,129|519|498|1146
,129|520|498|1147
,129|520|499|1148
,129|521|499|1149
,129|521|500|1150
,129|522|500|1151
,129|522|501|1152
,129|523|501|1153
,129|523|502|1154
,129|524|502|1155
,129|524|503|1156
,129|525|503|1157
,129|525|504|1158
,129|526|504|1159
,129|526|505|1160
,129|527|505|1161
,129|527|506|1162
,129|528|506|1163
,129|528|507|1164
,129|528|508|1165
,129|528|509|1166
,129|529|509|1167
,129|529|510|1168
,129|530|510|1169
,129|530|511|1170
,129|530|512|1171
,129|530|513|1172
,129|531|513|1173
,129|531|514|1174
,129|532|514|1175
,129|532|515|1176
,129|533|515|1177
,129|533|516|1178
,129|533|517|1179
,129|533|518|1180
,129|534|518|1181
,129|534|519|1182
,129|535|519|1183
,129|535|520|1184
,129|535|521|1185
,129|535|522|1186
,129|536|522|1187
,129|536|523|1188
,129|536|524|1189
,129|536|525|1190
,129|536|526|1191
,129|536|527|1192
,129|536|528|1193
,129|536|529|1194
,129|537|529|1195
,129|537|530|1196
,129|537|531|1197
,129|537|532|1198
,130|537|532|1199
,130|538|532|1200
,130|539|532|1201
,130|539|533|1202
,130|540|533|1203
,130|540|534|1204
,131|540|534|1205
,131|541|534|1206
,132|541|534|1207
,132|542|534|1208
,132|543|534|1209
,132|543|535|1210
,132|544|535|1211
,132|544|536|1212
,132|545|536|1213
,132|546|536|1214
,133|546|536|1215
,133|547|536|1216
,133|548|536|1217
,133|548|537|1218
,133|549|537|1219
,133|549|538|1220
,134|549|538|1221
,134|550|538|1222
,134|551|538|1223
,134|551|539|1224
,135|551|539|1225
,135|552|539|1226
,136|552|539|1227
,136|553|539|1228
,137|553|539|1229
,137|554|539|1230
,138|554|539|1231
,138|555|539|1232
,139|555|539|1233
,139|556|539|1234
,139|556|540|1235
,139|557|540|1236
,139|557|541|1237
,139|557|542|1238
,139|557|543|1239
,139|557|544|1240
,140|557|544|1241
,140|558|544|1242
,140|558|545|1243
,140|559|545|1244
,140|560|545|1245
,140|561|545|1246
,140|561|546|1247
,140|561|547|1248
,141|561|547|1249
,141|562|547|1250
,141|562|548|1251
,141|563|548|1252
,141|564|548|1253
,141|564|549|1254
,141|564|550|1255
,141|564|551|1256
,141|564|552|1257
,141|565|552|1258
,141|566|552|1259
,141|566|553|1260
,141|567|553|1261
,141|568|553|1262
,141|568|554|1263
,141|569|554|1264
,141|569|555|1265
,141|570|555|1266
,141|570|556|1267
,141|571|556|1268
,141|571|557|1269
,141|572|557|1270
,141|573|557|1271
,141|573|558|1272
,141|574|558|1273
,141|574|559|1274
,141|575|559|1275
,141|575|560|1276
,141|576|560|1277
,141|576|561|1278
,141|577|561|1279
,141|577|562|1280
,141|578|562|1281
,141|578|563|1282
,141|579|563|1283
,141|579|564|1284
,141|580|564|1285
,141|580|565|1286
,141|581|565|1287
,141|581|566|1288
,141|582|566|1289
,141|582|567|1290
,141|583|567|1291
,141|583|568|1292
,141|584|568|1293
,141|584|569|1294
,141|585|569|1295
,141|585|570|1296
,141|586|570|1297
,141|586|571|1298
,141|587|571|1299
,141|587|572|1300
,141|588|572|1301
,141|588|573|1302
,141|589|573|1303
,141|589|574|1304
,141|590|574|1305
,141|590|575|1306
,141|590|576|1307
,141|591|576|1308
,141|591|577|1309
,141|591|578|1310
,141|592|578|1311
,141|592|579|1312
,141|593|579|1313
,141|593|580|1314
,141|593|581|1315
,141|594|581|1316
,141|595|581|1317
,141|596|581|1318
,141|597|581|1319
,141|597|582|1320
,141|598|582|1321
,141|599|582|1322
,141|599|583|1323
,141|600|583|1324
,141|601|583|1325
,141|601|584|1326
,141|601|585|1327
,141|601|586|1328
,141|602|586|1329
,141|603|586|1330
,141|603|587|1331
,141|604|587|1332
,141|605|587|1333
,141|605|588|1334
,141|606|588|1335
,141|607|588|1336
,141|607|589|1337
,141|608|589|1338
,141|608|590|1339
,141|609|590|1340
,141|609|591|1341
,141|610|591|1342
,142|610|591|1343
,142|611|591|1344
,143|611|591|1345
,143|612|591|1346
,143|612|592|1347
,143|613|592|1348
,143|613|593|1349
,143|614|593|1350
,143|615|593|1351
,143|616|593|1352
,144|616|593|1353
,144|617|593|1354
,144|617|594|1355
,144|618|594|1356
,144|618|595|1357
,144|619|595|1358
,144|619|596|1359
,144|620|596|1360
,144|620|597|1361
,144|621|597|1362
,145|621|597|1363
,145|622|597|1364
,145|622|598|1365
,145|623|598|1366
,145|623|599|1367
,145|624|599|1368
,145|624|600|1369
,145|625|600|1370
,145|625|601|1371
,145|626|601|1372
,145|626|602|1373
,145|627|602|1374
,145|627|603|1375
,145|628|603|1376
,145|628|604|1377
,145|629|604|1378
,145|629|605|1379
,145|630|605|1380
,145|630|606|1381
,145|631|606|1382
,146|631|606|1383
,146|632|606|1384
,146|632|607|1385
,146|633|607|1386
,146|633|608|1387
,146|634|608|1388
,146|634|609|1389
,146|635|609|1390
,147|635|609|1391
,147|636|609|1392
,148|636|609|1393
,148|637|609|1394
,149|637|609|1395
,149|638|609|1396
,149|638|610|1397
,149|639|610|1398
,149|639|611|1399
,149|640|611|1400
,149|640|612|1401
,149|641|612|1402
,149|641|613|1403
,149|642|613|1404
,150|642|613|1405
,150|643|613|1406
,150|643|614|1407
,150|644|614|1408
,150|644|615|1409
,150|645|615|1410
,150|645|616|1411
,150|646|616|1412
,150|646|617|1413
,150|647|617|1414
,151|647|617|1415
,151|648|617|1416
,151|648|618|1417
,151|649|618|1418
,151|650|618|1419
,151|651|618|1420
,152|651|618|1421
,152|652|618|1422
,152|653|618|1423
,152|654|618|1424
,152|655|618|1425
,152|656|618|1426
,152|657|618|1427
,152|658|618|1428
,153|658|618|1429
,153|659|618|1430
,153|659|619|1431
,153|660|619|1432
,153|660|620|1433
,153|661|620|1434
,153|661|621|1435
,153|662|621|1436
,153|663|621|1437
,153|664|621|1438
,153|664|622|1439
,153|665|622|1440
,153|665|623|1441
,153|666|623|1442
,153|667|623|1443
,153|668|623|1444
,153|669|623|1445
,153|670|623|1446
,154|670|623|1447
,154|671|623|1448
,154|671|624|1449
,154|672|624|1450
,154|673|624|1451
,154|673|625|1452
,154|673|626|1453
,154|673|627|1454
,154|673|628|1455
,154|673|629|1456
,154|674|629|1457
,154|675|629|1458
,154|675|630|1459
,154|676|630|1460
,154|676|631|1461
,154|677|631|1462
,154|678|631|1463
,154|678|632|1464
,154|678|633|1465
,154|678|634|1466
,154|678|635|1467
,154|679|635|1468
,154|680|635|1469
,154|681|635|1470
,154|682|635|1471
,154|682|636|1472
,154|683|636|1473
,154|684|636|1474
,154|684|637|1475
,154|684|638|1476
,154|685|638|1477
,154|685|639|1478
,154|686|639|1479
,154|687|639|1480
,154|687|640|1481
,154|688|640|1482
,154|688|641|1483
,154|689|641|1484
,154|690|641|1485
,154|691|641|1486
,154|691|642|1487
,154|691|643|1488
,154|691|644|1489
,154|691|645|1490
,155|691|645|1491
,155|692|645|1492
,155|692|646|1493
,155|693|646|1494
,155|694|646|1495
,155|695|646|1496
,155|695|647|1497
,155|695|648|1498
,156|695|648|1499
,156|696|648|1500
,156|696|649|1501
,156|697|649|1502
,156|698|649|1503
,157|698|649|1504
,157|699|649|1505
,157|699|650|1506
,157|699|651|1507
,157|700|651|1508
,157|700|652|1509
,157|701|652|1510
,157|702|652|1511
,157|702|653|1512
,157|702|654|1513
,157|703|654|1514
,157|704|654|1515
,157|704|655|1516
,157|704|656|1517
,157|705|656|1518
,157|705|657|1519
,157|705|658|1520
,157|706|658|1521
,157|707|658|1522
,157|707|659|1523
,157|707|660|1524
,158|707|660|1525
,158|707|661|1526
,158|708|661|1527
,158|708|662|1528
,158|708|663|1529
,158|708|664|1530
,158|709|664|1531
,158|709|665|1532
,158|710|665|1533
,158|710|666|1534
,159|710|666|1535
,159|710|667|1536
,159|710|668|1537
,159|710|669|1538
,159|711|669|1539
,159|711|670|1540
,159|712|670|1541
,159|712|671|1542
,159|712|672|1543
,159|712|673|1544
,159|712|674|1545
,159|712|675|1546
,159|713|675|1547
,159|713|676|1548
,159|714|676|1549
,159|714|677|1550
,159|714|678|1551
,159|714|679|1552
,159|715|679|1553
,159|715|680|1554
,159|715|681|1555
,159|715|682|1556
,159|716|682|1557
,159|716|683|1558
,159|716|684|1559
,159|716|685|1560
,159|717|685|1561
,159|717|686|1562
,160|717|686|1563
,160|717|687|1564
,160|717|688|1565
,160|717|689|1566
,160|718|689|1567
,160|718|690|1568
,160|719|690|1569
,160|719|691|1570
,160|720|691|1571
,160|720|692|1572
,160|720|693|1573
,160|720|694|1574
,160|721|694|1575
,160|721|695|1576
,160|722|695|1577
,160|722|696|1578
,160|723|696|1579
,160|724|696|1580
,160|724|697|1581
,160|725|697|1582
,160|726|697|1583
,160|726|698|1584
,160|727|698|1585
,160|728|698|1586
,160|728|699|1587
,160|728|700|1588
,160|729|700|1589
,160|730|700|1590
,161|730|700|1591
,161|731|700|1592
,162|731|700|1593
,162|732|700|1594
,163|732|700|1595
,163|732|701|1596
,163|733|701|1597
,163|733|702|1598
,163|734|702|1599
,163|734|703|1600
,164|734|703|1601
,164|735|703|1602
,164|736|703|1603
,164|736|704|1604
,164|737|704|1605
,164|737|705|1606
,165|737|705|1607
,165|738|705|1608
,166|738|705|1609
,166|739|705|1610
,166|740|705|1611
,166|740|706|1612
,166|741|706|1613
,166|741|707|1614
,167|741|707|1615
,167|742|707|1616
,168|742|707|1617
,168|743|707|1618
,168|744|707|1619
,168|744|708|1620
,168|745|708|1621
,168|746|708|1622
,169|746|708|1623
,169|746|709|1624
,169|747|709|1625
,169|748|709|1626
,170|748|709|1627
,170|748|710|1628
,171|748|710|1629
,171|749|710|1630
,171|749|711|1631
,171|750|711|1632
,171|750|712|1633
,171|751|712|1634
,171|751|713|1635
,171|752|713|1636
,171|752|714|1637
,171|753|714|1638
,171|753|715|1639
,171|754|715|1640
,171|754|716|1641
,171|755|716|1642
,171|755|717|1643
,171|756|717|1644
,171|756|718|1645
,171|757|718|1646
,171|757|719|1647
,171|758|719|1648
,171|758|720|1649
,171|759|720|1650
,171|759|721|1651
,171|760|721|1652
,171|760|722|1653
,171|761|722|1654
,171|761|723|1655
,171|762|723|1656
,171|762|724|1657
,171|763|724|1658
,171|763|725|1659
,171|764|725|1660
,171|764|726|1661
,171|765|726|1662
,171|765|727|1663
,171|766|727|1664
,171|766|728|1665
,171|767|728|1666
,171|767|729|1667
,171|768|729|1668
,171|769|729|1669
,171|769|730|1670
,171|770|730|1671
,171|770|731|1672
,171|771|731|1673
,171|772|731|1674
,172|772|731|1675
,172|773|731|1676
,173|773|731|1677
,173|773|732|1678
,173|774|732|1679
,173|775|732|1680
,174|775|732|1681
,174|776|732|1682
,174|777|732|1683
,174|777|733|1684
,175|777|733|1685
,175|777|734|1686
,175|778|734|1687
,175|779|734|1688
,176|779|734|1689
,176|779|735|1690
,176|780|735|1691
,176|780|736|1692
,176|781|736|1693
,176|782|736|1694
,177|782|736|1695
,177|783|736|1696
,178|783|736|1697
,178|784|736|1698
,178|785|736|1699
,178|786|736|1700
,179|786|736|1701
,179|787|736|1702
,179|787|737|1703
,179|787|738|1704
,179|788|738|1705
,179|788|739|1706
,179|788|740|1707
,179|788|741|1708
,179|789|741|1709
,179|789|742|1710
,179|789|743|1711
,179|789|744|1712
,179|790|744|1713
,179|790|745|1714
,179|791|745|1715
,179|791|746|1716
,179|791|747|1717
,179|791|748|1718
,179|791|749|1719
,179|791|750|1720
,179|792|750|1721
,179|792|751|1722
,179|793|751|1723
,179|793|752|1724
,179|793|753|1725
,179|793|754|1726
,179|794|754|1727
,179|794|755|1728
,179|795|755|1729
,179|795|756|1730
,179|795|757|1731
,179|795|758|1732
,179|796|758|1733
,179|796|759|1734
,179|797|759|1735
,179|797|760|1736
,179|797|761|1737
,179|797|762|1738
,180|797|762|1739
,180|797|763|1740
,180|798|763|1741
,180|798|764|1742
,180|799|764|1743
,180|799|765|1744
,181|799|765|1745
,181|800|765|1746
,182|800|765|1747
,182|801|765|1748
,182|802|765|1749
,182|803|765|1750
,182|804|765|1751
,182|804|766|1752
,183|804|766|1753
,183|805|766|1754
,183|806|766|1755
,183|806|767|1756
,183|807|767|1757
,183|807|768|1758
,184|807|768|1759
,184|808|768|1760
,185|808|768|1761
,185|809|768|1762
,185|810|768|1763
,185|810|769|1764
,185|811|769|1765
,185|812|769|1766
,186|812|769|1767
,186|813|769|1768
,187|813|769|1769
,187|814|769|1770
,188|814|769|1771
,188|814|770|1772
,189|814|770|1773
,189|815|770|1774
,189|815|771|1775
,189|816|771|1776
,189|816|772|1777
,189|817|772|1778
,189|817|773|1779
,189|818|773|1780
,189|818|774|1781
,189|819|774|1782
,189|819|775|1783
,189|820|775|1784
,189|820|776|1785
,189|821|776|1786
,189|821|777|1787
,189|822|777|1788
,189|822|778|1789
,189|823|778|1790
,189|823|779|1791
,189|824|779|1792
,189|824|780|1793
,189|825|780|1794
,189|825|781|1795
,189|826|781|1796
,189|826|782|1797
,189|827|782|1798
,189|827|783|1799
,189|828|783|1800
,189|828|784|1801
,189|829|784|1802
,189|829|785|1803
,189|830|785|1804
,189|830|786|1805
,189|831|786|1806
,189|831|787|1807
,189|832|787|1808
,189|832|788|1809
,189|833|788|1810
,189|834|788|1811
,189|834|789|1812
,189|835|789|1813
,189|835|790|1814
,189|836|790|1815
,189|836|791|1816
,189|837|791|1817
,189|837|792|1818
,189|838|792|1819
,189|838|793|1820
,189|839|793|1821
,189|839|794|1822
,189|840|794|1823
,189|840|795|1824
,189|841|795|1825
,189|841|796|1826
,189|842|796|1827
,189|842|797|1828
,189|843|797|1829
,189|843|798|1830
,189|844|798|1831
,189|844|799|1832
,189|845|799|1833
,189|845|800|1834
,189|846|800|1835
,189|846|801|1836
,189|847|801|1837
,189|847|802|1838
,189|848|802|1839
,189|848|803|1840
,189|849|803|1841
,189|849|804|1842
,189|850|804|1843
,189|850|805|1844
,189|851|805|1845
,189|851|806|1846
,189|851|807|1847
,189|851|808|1848
,189|852|808|1849
,189|852|809|1850
,189|853|809|1851
,189|853|810|1852
,189|854|810|1853
,189|854|811|1854
,189|854|812|1855
,189|854|813|1856
,189|855|813|1857
,189|855|814|1858
,189|856|814|1859
,189|856|815|1860
,189|857|815|1861
,189|857|816|1862
,189|857|817|1863
,189|857|818|1864
,189|858|818|1865
,189|858|819|1866
,189|859|819|1867
,189|859|820|1868
,189|859|821|1869
,189|859|822|1870
,189|860|822|1871
,189|860|823|1872
,189|861|823|1873
,189|861|824|1874
,189|862|824|1875
,189|862|825|1876
,189|863|825|1877
,189|863|826|1878
,189|863|827|1879
,189|863|828|1880
,189|863|829|1881
,189|863|830|1882
,190|863|830|1883
,190|864|830|1884
,191|864|830|1885
,191|864|831|1886
,191|865|831|1887
,191|866|831|1888
,192|866|831|1889
,192|867|831|1890
,193|867|831|1891
,193|868|831|1892
,193|869|831|1893
,193|870|831|1894
,194|870|831|1895
,194|870|832|1896
,195|870|832|1897
,195|870|833|1898
,196|870|833|1899
,196|871|833|1900
,196|872|833|1901
,196|872|834|1902
,196|873|834|1903
,196|873|835|1904
,197|873|835|1905
,197|874|835|1906
,197|875|835|1907
,197|875|836|1908
,197|876|836|1909
,197|877|836|1910
,198|877|836|1911
,198|878|836|1912
,199|878|836|1913
,199|879|836|1914
,200|879|836|1915
,200|880|836|1916
,201|880|836|1917
,201|881|836|1918
,201|881|837|1919
,201|882|837|1920
,201|882|838|1921
,201|882|839|1922
,201|882|840|1923
,201|883|840|1924
,201|884|840|1925
,201|884|841|1926
,201|884|842|1927
,201|885|842|1928
,201|885|843|1929
,201|886|843|1930
,201|886|844|1931
,201|886|845|1932
,202|886|845|1933
,202|887|845|1934
,202|887|846|1935
,202|888|846|1936
,202|889|846|1937
,202|889|847|1938
,202|889|848|1939
,202|889|849|1940
,202|889|850|1941
,202|890|850|1942
,202|891|850|1943
,202|891|851|1944
,202|892|851|1945
,202|893|851|1946
,202|893|852|1947
,202|894|852|1948
,202|894|853|1949
,202|895|853|1950
,202|895|854|1951
,202|896|854|1952
,202|896|855|1953
,202|897|855|1954
,202|898|855|1955
,202|898|856|1956
,202|899|856|1957
,202|899|857|1958
,202|900|857|1959
,202|900|858|1960
,202|901|858|1961
,202|901|859|1962
,202|902|859|1963
,202|902|860|1964
,202|903|860|1965
,202|903|861|1966
,202|904|861|1967
,202|904|862|1968
,202|905|862|1969
,202|905|863|1970
,202|906|863|1971
,202|906|864|1972
,202|907|864|1973
,202|907|865|1974
,202|908|865|1975
,202|908|866|1976
,202|909|866|1977
,202|909|867|1978
,202|910|867|1979
,202|910|868|1980
,202|911|868|1981
,202|911|869|1982
,202|912|869|1983
,202|912|870|1984
,202|913|870|1985
,202|913|871|1986
,202|914|871|1987
,202|914|872|1988
,202|915|872|1989
,202|915|873|1990
,202|915|874|1991
,202|915|875|1992
,202|916|875|1993
,202|916|876|1994
,202|917|876|1995
,202|917|877|1996
,202|918|877|1997
,202|919|877|1998
,202|919|878|1999
,202|920|878|2000
