total
,0|0|1|1
,0|1|1|2
,0|1|2|3
,0|2|2|4
,0|2|3|5
,0|3|3|6
,0|3|4|7
,0|4|4|8
,0|4|5|9
,0|5|5|10
,0|5|6|11
,0|6|6|12
,0|6|7|13
,0|7|7|14
,0|7|8|15
,0|8|8|16
,0|8|9|17
,0|9|9|18
,0|9|10|19
,0|10|10|20
,0|10|11|21
,0|11|11|22
,0|11|12|23
,0|12|12|24
,0|12|13|25
,0|13|13|26
,0|13|14|27
,0|14|14|28
,0|14|15|29
,0|15|15|30
,0|15|16|31
,0|16|16|32
,0|16|17|33
,0|17|17|34
,0|17|18|35
,0|18|18|36
,0|18|19|37
,0|19|19|38
,0|19|20|39
,0|20|20|40
,0|20|21|41
,0|21|21|42
,0|21|22|43
,0|22|22|44
,0|22|23|45
,0|23|23|46
,0|23|24|47
,0|24|24|48
,0|24|25|49
,0|25|25|50
,0|25|26|51
,0|26|26|52
,0|26|27|53
,0|27|27|54
,0|27|28|55
,0|28|28|56
,0|28|29|57
,0|29|29|58
,0|29|30|59
,0|30|30|60
,0|30|31|61
,0|31|31|62
,0|31|32|63
,0|32|32|64
,0|32|33|65
,0|33|33|66
,0|33|34|67
,0|34|34|68
,0|34|35|69
,0|35|35|70
,0|35|36|71
,0|36|36|72
,0|36|37|73
,0|37|37|74
,0|37|38|75
,0|38|38|76
,0|39|38|77
,0|40|38|78
,0|40|39|79
,0|41|39|80
,0|41|40|81
,0|42|40|82
,0|42|41|83
,0|43|41|84
,0|43|42|85
,0|44|42|86
,0|44|43|87
,0|45|43|88
,0|45|44|89
,0|46|44|90
,0|46|45|91
,0|47|45|92
,0|47|46|93
,0|48|46|94
,0|48|47|95
,0|49|47|96
,0|49|48|97
,0|50|48|98
,0|50|49|99
,0|51|49|100
,0|51|50|101
,0|52|50|102
,0|52|51|103
,0|53|51|104
,0|53|52|105
,0|54|52|106
,0|54|53|107
,0|55|53|108
,0|55|54|109
,0|56|54|110
,0|56|55|111
,0|57|55|112
,0|58|55|113
,0|59|55|114
,0|59|56|115
,0|60|56|116
,0|60|57|117
,0|61|57|118
,0|61|58|119
,0|62|58|120
,0|62|59|121
,0|63|59|122
,0|63|60|123
,0|64|60|124
,0|64|61|125
,0|65|61|126
,0|65|62|127
,0|66|62|128
,0|66|63|129
,0|67|63|130
,0|67|64|131
,0|68|64|132
,0|68|65|133
,0|69|65|134
,0|69|66|135
,0|70|66|136
,0|70|67|137
,0|71|67|138
,0|71|68|139
,0|72|68|140
,0|72|69|141
,0|73|69|142
,0|73|70|143
,0|74|70|144
,0|74|71|145
,0|75|71|146
,0|75|72|147
,0|76|72|148
,0|76|73|149
,0|77|73|150
,0|77|74|151
,0|78|74|152
,0|78|75|153
,0|79|75|154
,0|79|76|155
,0|80|76|156
,0|80|77|157
,0|81|77|158
,0|81|78|159
,0|82|78|160
,0|82|79|161
,0|83|79|162
,0|83|80|163
,0|84|80|164
,0|84|81|165
,0|85|81|166
,0|85|82|167
,0|86|82|168
,0|86|83|169
,0|87|83|170
,0|87|84|171
,0|88|84|172
,0|88|85|173
,0|89|85|174
,0|89|86|175
,0|90|86|176
,0|90|87|177
,0|91|87|178
,0|91|88|179
,0|92|88|180
,0|92|89|181
,0|93|89|182
,0|93|90|183
,0|94|90|184
,0|94|91|185
,0|95|91|186
,0|95|92|187
,0|96|92|188
,0|96|93|189
,0|97|93|190
,0|97|94|191
,0|98|94|192
,0|98|95|193
,0|99|95|194
,0|100|95|195
,0|101|95|196
,0|101|96|197
,0|102|96|198
,0|102|97|199
,0|103|97|200
,0|103|98|201
,0|104|98|202
,0|104|99|203
,0|105|99|204
,0|105|100|205
,0|106|100|206
,0|106|101|207
,0|107|101|208
,0|107|102|209
,1|107|102|210
,1|107|103|211
,1|108|103|212
,1|108|104|213
,1|109|104|214
,1|109|105|215
,1|110|105|216
,1|110|106|217
,1|111|106|218
,1|111|107|219
,1|112|107|220
,1|112|108|221
,1|113|108|222
,1|113|109|223
,1|114|109|224
,1|114|110|225
,1|115|110|226
,1|115|111|227
,1|116|111|228
,1|116|112|229
,1|117|112|230
,1|117|113|231
,1|118|113|232
,1|119|113|233
,1|120|113|234
,1|120|114|235
,1|121|114|236
,1|121|115|237
,1|122|115|238
,1|122|116|239
,1|123|116|240
,1|123|117|241
,1|124|117|242
,1|124|118|243
,1|125|118|244
,1|125|119|245
,1|126|119|246
,1|126|120|247
,1|127|120|248
,1|127|121|249
,1|128|121|250
,1|128|122|251
,1|129|122|252
,1|129|123|253
,1|130|123|254
,1|131|123|255
,1|132|123|256
,1|132|124|257
,1|133|124|258
,1|133|125|259
,1|134|125|260
,1|134|126|261
,1|135|126|262
,1|135|127|263
,1|136|127|264
,1|136|128|265
,1|137|128|266
,1|137|129|267
,1|138|129|268
,1|138|130|269
,1|139|130|270
,1|139|131|271
,1|140|131|272
,1|140|132|273
,1|141|132|274
,1|141|133|275
,1|142|133|276
,1|142|134|277
,1|143|134|278
,1|143|135|279
,1|144|135|280
,1|144|136|281
,1|145|136|282
,1|145|137|283
,1|146|137|284
,1|146|138|285
,1|147|138|286
,1|147|139|287
,1|148|139|288
,1|148|140|289
,1|149|140|290
,1|149|141|291
,1|150|141|292
,1|150|142|293
,1|151|142|294
,1|151|143|295
,1|152|143|296
,1|152|144|297
,1|153|144|298
,1|153|145|299
,1|154|145|300
,1|154|146|301
,1|155|146|302
,1|155|147|303
,1|156|147|304
,1|156|148|305
,1|157|148|306
,1|157|149|307
,1|158|149|308
,1|158|150|309
,1|159|150|310
,1|159|151|311
,1|160|151|312
,1|160|152|313
,1|161|152|314
,1|161|153|315
,1|162|153|316
,1|162|154|317
,1|163|154|318
,1|163|155|319
,1|164|155|320
,1|164|156|321
,1|165|156|322
,1|165|157|323
,1|166|157|324
,1|166|158|325
,1|167|158|326
,1|167|159|327
,1|168|159|328
,1|168|160|329
,1|169|160|330
,1|170|161|332
,1|171|161|333
,1|171|162|334
,1|172|162|335
,1|172|163|336
,1|173|163|337
,1|173|164|338
,1|174|164|339
,1|174|165|340
,1|175|165|341
,1|175|166|342
,1|176|166|343
,1|176|167|344
,1|177|167|345
,1|177|168|346
,1|178|168|347
,1|178|169|348
,1|179|169|349
,1|179|170|350
,1|180|170|351
,1|180|171|352
,1|181|171|353
,1|181|172|354
,1|182|172|355
,1|182|173|356
,1|183|173|357
,1|183|174|358
,1|184|174|359
,1|184|175|360
,1|185|175|361
,1|185|176|362
,1|186|176|363
,1|186|177|364
,1|187|177|365
,1|187|178|366
,1|188|178|367
,1|188|179|368
,1|189|179|369
,1|189|180|370
,1|190|180|371
,1|190|181|372
,1|191|181|373
,1|191|182|374
,1|192|182|375
,1|192|183|376
,1|193|183|377
,1|194|183|378
,1|195|183|379
,1|195|184|380
,1|196|184|381
,1|196|185|382
,1|197|185|383
,1|197|186|384
,1|198|186|385
,1|198|187|386
,1|199|187|387
,1|199|188|388
,1|200|188|389
,1|200|189|390
,1|201|189|391
,1|201|190|392
,1|202|190|393
,1|202|191|394
,1|203|191|395
,1|203|192|396
,1|204|192|397
,1|204|193|398
,1|205|193|399
,1|205|194|400
,1|206|194|401
,1|206|195|402
,1|207|195|403
,1|207|196|404
,1|208|196|405
,1|208|197|406
,1|209|197|407
,1|209|198|408
,1|210|198|409
,1|210|199|410
,1|211|199|411
,1|211|200|412
,1|212|200|413
,1|212|201|414
,1|213|201|415
,1|213|202|416
,1|214|202|417
,1|214|203|418
,1|215|203|419
,1|216|203|420
,1|217|203|421
,1|217|204|422
,1|218|204|423
,1|218|205|424
,1|219|205|425
,1|219|206|426
,1|220|206|427
,1|220|207|428
,1|221|207|429
,1|221|208|430
,1|222|208|431
,1|222|209|432
,1|223|209|433
,1|223|210|434
,1|224|210|435
,1|224|211|436
,1|225|211|437
,1|225|212|438
,1|226|212|439
,1|226|213|440
,1|227|213|441
,1|227|214|442
,1|228|214|443
,1|228|215|444
,1|229|215|445
,1|229|216|446
,1|230|216|447
,1|230|217|448
,1|231|217|449
,1|231|218|450
,1|232|218|451
,1|232|219|452
,1|233|219|453
,1|233|220|454
,1|234|220|455
,1|234|221|456
,1|235|221|457
,1|235|222|458
,1|236|222|459
,1|236|223|460
,1|237|223|461
,1|237|224|462
,1|238|224|463
,1|238|225|464
,1|239|225|465
,1|239|226|466
,1|240|226|467
,1|240|227|468
,1|241|227|469
,1|241|228|470
,1|242|228|471
,1|242|229|472
,1|243|229|473
,1|243|230|474
,1|244|230|475
,1|244|231|476
,1|245|231|477
,1|245|232|478
,1|246|232|479
,1|246|233|480
,1|247|233|481
,1|247|234|482
,1|248|234|483
,1|248|235|484
,1|249|235|485
,1|249|236|486
,1|250|236|487
,1|250|237|488
,1|251|237|489
,1|251|238|490
,1|252|238|491
,1|252|239|492
,1|253|239|493
,1|253|240|494
,1|254|240|495
,1|254|241|496
,1|255|241|497
,1|255|242|498
,1|256|242|499
,1|256|243|500
,1|257|243|501
,1|257|244|502
,1|258|244|503
,1|258|245|504
,1|259|245|505
,1|259|246|506
,1|260|246|507
,1|260|247|508
,1|261|247|509
,1|261|248|510
,1|262|248|511
,1|262|249|512
,1|263|249|513
,1|263|250|514
,1|264|250|515
,1|264|251|516
,1|265|251|517
,1|265|252|518
,1|266|252|519
,1|266|253|520
,1|267|253|521
,1|267|254|522
,1|268|254|523
,1|268|255|524
,1|269|255|525
,1|269|256|526
,1|270|256|527
,1|270|257|528
,1|271|257|529
,1|271|258|530
,1|272|258|531
,1|273|258|532
,1|274|258|533
,1|274|259|534
,1|275|259|535
,1|276|259|536
,1|277|259|537
,1|277|260|538
,1|278|260|539
,1|278|261|540
,1|279|261|541
,1|279|262|542
,1|280|262|543
,1|280|263|544
,1|281|263|545
,1|281|264|546
,1|282|264|547
,1|283|264|548
,1|284|264|549
,1|284|265|550
,1|285|265|551
,1|285|266|552
,1|286|266|553
,1|286|267|554
,1|287|267|555
,1|287|268|556
,1|288|268|557
,1|288|269|558
,1|289|269|559
,1|289|270|560
,1|290|270|561
,1|290|271|562
,1|291|271|563
,1|291|272|564
,1|292|272|565
,1|292|273|566
,1|293|273|567
,1|293|274|568
,1|294|274|569
,1|294|275|570
,1|295|275|571
,1|295|276|572
,1|296|276|573
,1|296|277|574
,1|297|277|575
,1|297|278|576
,1|298|278|577
,1|298|279|578
,1|299|279|579
,1|299|280|580
,1|300|280|581
,1|300|281|582
,1|301|281|583
,1|301|282|584
,1|302|282|585
,1|302|283|586
,1|303|283|587
,1|303|284|588
,1|304|284|589
,1|304|285|590
,1|305|285|591
,1|305|286|592
,1|306|286|593
,1|306|287|594
,1|307|287|595
,1|307|288|596
,1|308|288|597
,1|308|289|598
,1|309|289|599
,1|309|290|600
,1|310|290|601
,1|310|291|602
,1|311|291|603
,1|311|292|604
,1|312|292|605
,1|312|293|606
,1|313|293|607
,1|313|294|608
,1|314|294|609
,1|314|295|610
,1|315|295|611
,1|315|296|612
,1|316|296|613
,1|316|297|614
,1|317|297|615
,1|317|298|616
,1|318|298|617
,1|318|299|618
,1|319|299|619
,1|319|300|620
,1|320|300|621
,1|320|301|622
,1|321|301|623
,1|321|302|624
,1|322|302|625
,1|322|303|626
,1|323|303|627
,1|323|304|628
,1|324|304|629
,1|324|305|630
,1|325|305|631
,1|325|306|632
,1|326|306|633
,1|326|307|634
,1|327|307|635
,1|327|308|636
,1|328|308|637
,1|328|309|638
,1|329|309|639
,1|329|310|640
,1|330|310|641
,1|330|311|642
,1|331|311|643
,1|331|312|644
,1|332|312|645
,1|332|313|646
,1|333|313|647
,1|333|314|648
,1|334|314|649
,1|334|315|650
,1|335|315|651
,1|335|316|652
,1|336|316|653
,1|336|317|654
,1|337|317|655
,1|337|318|656
,1|338|318|657
,1|338|319|658
,1|339|319|659
,1|339|320|660
,1|340|320|661
,1|340|321|662
,1|341|321|663
,1|341|322|664
,1|342|322|665
,1|342|323|666
,1|343|323|667
,1|343|324|668
,1|344|324|669
,1|344|325|670
,1|345|325|671
,1|345|326|672
,1|346|326|673
,1|346|327|674
,1|347|327|675
,1|347|328|676
,1|348|328|677
,1|348|329|678
,1|349|329|679
,1|349|330|680
,1|350|330|681
,1|350|331|682
,1|351|331|683
,1|351|332|684
,1|352|332|685
,1|352|333|686
,1|353|333|687
,1|353|334|688
,1|354|334|689
,1|355|334|690
,1|356|334|691
,1|357|334|692
,1|358|334|693
,1|359|334|694
,1|360|334|695
,1|361|334|696
,1|362|334|697
,1|363|334|698
,1|364|334|699
,1|365|334|700
,1|366|334|701
,1|367|334|702
,1|368|334|703
,1|369|334|704
,1|370|334|705
,1|371|334|706
,1|372|334|707
,1|372|335|708
,1|373|335|709
,1|374|335|710
,1|375|335|711
,1|375|336|712
,1|376|336|713
,1|376|337|714
,1|377|337|715
,1|377|338|716
,1|378|338|717
,1|379|338|718
,1|380|338|719
,1|381|338|720
,1|382|338|721
,1|383|338|722
,1|384|338|723
,1|385|338|724
,1|386|338|725
,1|387|338|726
,1|388|338|727
,1|388|339|728
,1|389|339|729
,1|389|340|730
,1|390|340|731
,1|390|341|732
,1|391|341|733
,1|391|342|734
,1|392|342|735
,1|392|343|736
,1|393|343|737
,1|393|344|738
,1|394|344|739
,1|394|345|740
,1|395|345|741
,1|395|346|742
,1|396|346|743
,1|396|347|744
,1|397|347|745
,1|397|348|746
,1|398|348|747
,1|398|349|748
,1|399|349|749
,1|399|350|750
,1|400|350|751
,1|400|351|752
,1|401|351|753
,1|401|352|754
,1|402|352|755
,1|402|353|756
,1|403|353|757
,1|403|354|758
,1|404|354|759
,1|404|355|760
,1|405|355|761
,1|405|356|762
,1|406|356|763
,1|406|357|764
,1|407|357|765
,1|407|358|766
,1|408|358|767
,1|408|359|768
,1|409|359|769
,1|409|360|770
,1|410|360|771
,1|410|361|772
,1|411|361|773
,1|411|362|774
,1|412|362|775
,1|412|363|776
,1|413|363|777
,1|413|364|778
,1|414|364|779
,1|414|365|780
,1|415|365|781
,1|415|366|782
,1|416|366|783
,1|416|367|784
,1|417|367|785
,1|417|368|786
,1|418|368|787
,1|418|369|788
,1|419|369|789
,1|419|370|790
,1|420|370|791
,1|420|371|792
,1|421|371|793
,1|421|372|794
,1|422|372|795
,1|422|373|796
,1|423|373|797
,1|423|374|798
,1|424|374|799
,1|425|374|800
,1|426|374|801
,1|426|375|802
,1|427|375|803
,1|427|376|804
,1|428|376|805
,1|428|377|806
,1|429|377|807
,1|429|378|808
,1|430|378|809
,1|431|378|810
,1|432|378|811
,1|432|379|812
,1|433|379|813
,1|433|380|814
,1|434|380|815
,1|434|381|816
,2|434|381|817
,2|434|382|818
,2|435|382|819
,2|435|383|820
,2|436|383|821
,2|436|384|822
,2|437|384|823
,2|437|385|824
,3|437|385|825
,3|437|386|826
,3|438|386|827
,3|438|387|828
,3|439|387|829
,3|439|388|830
,3|440|388|831
,3|440|389|832
,3|441|389|833
,3|441|390|834
,3|442|390|835
,3|442|391|836
,3|443|391|837
,3|443|392|838
,3|444|392|839
,3|444|393|840
,3|445|393|841
,3|445|394|842
,3|446|394|843
,3|446|395|844
,3|447|395|845
,3|447|396|846
,3|448|396|847
,3|448|397|848
,3|449|397|849
,3|449|398|850
,3|450|398|851
,3|450|399|852
,3|451|399|853
,3|451|400|854
,3|452|400|855
,3|452|401|856
,3|453|401|857
,3|453|402|858
,3|454|402|859
,3|454|403|860
,3|455|403|861
,3|455|404|862
,3|456|404|863
,3|456|405|864
,3|457|405|865
,3|457|406|866
,3|458|406|867
,3|458|407|868
,3|459|407|869
,3|459|408|870
,3|460|408|871
,3|460|409|872
,3|461|409|873
,3|461|410|874
,3|462|410|875
,3|462|411|876
,3|463|411|877
,3|463|412|878
,3|464|412|879
,3|464|413|880
,3|465|413|881
,3|465|414|882
,3|466|414|883
,3|466|415|884
,3|467|415|885
,3|467|416|886
,3|468|416|887
,3|468|417|888
,3|469|417|889
,3|469|418|890
,3|470|418|891
,3|470|419|892
,3|471|419|893
,3|471|420|894
,3|472|420|895
,3|472|421|896
,3|473|421|897
,3|473|422|898
,3|474|422|899
,3|474|423|900
,3|475|423|901
,3|475|424|902
,3|476|424|903
,3|476|425|904
,3|477|425|905
,3|477|426|906
,3|478|426|907
,3|478|427|908
,3|479|427|909
,3|479|428|910
,3|480|428|911
,3|480|429|912
,3|481|429|913
,3|481|430|914
,3|482|430|915
,3|482|431|916
,3|483|431|917
,3|483|432|918
,3|484|432|919
,3|484|433|920
,3|485|433|921
,3|485|434|922
,3|486|434|923
,3|486|435|924
,3|487|435|925
,3|487|436|926
,3|488|436|927
,3|488|437|928
,3|489|437|929
,3|489|438|930
,3|490|438|931
,3|490|439|932
,3|491|439|933
,3|491|440|934
,3|492|440|935
,3|492|441|936
,3|493|441|937
,3|493|442|938
,3|494|442|939
,3|494|443|940
,3|495|443|941
,3|495|444|942
,3|496|444|943
,3|496|445|944
,3|497|445|945
,3|497|446|946
,3|498|446|947
,3|498|447|948
,3|499|447|949
,3|499|448|950
,3|500|448|951
,3|500|449|952
,3|501|449|953
,3|501|450|954
,3|502|450|955
,3|502|451|956
,3|503|451|957
,3|503|452|958
,3|504|452|959
,3|504|453|960
,3|505|453|961
,3|505|454|962
,3|506|454|963
,3|506|455|964
,3|507|455|965
,3|507|456|966
,3|508|456|967
,3|508|457|968
,3|509|457|969
,3|509|458|970
,3|510|458|971
,3|510|459|972
,3|511|459|973
,3|511|460|974
,3|512|460|975
,3|512|461|976
,3|513|461|977
,3|513|462|978
,3|514|462|979
,3|514|463|980
,3|515|463|981
,3|515|464|982
,3|516|464|983
,3|516|465|984
,3|517|465|985
,3|517|466|986
,3|518|466|987
,3|518|467|988
,3|519|467|989
,3|519|468|990
,3|520|468|991
,3|520|469|992
,3|521|469|993
,3|521|470|994
,3|522|470|995
,3|522|471|996
,3|523|471|997
,3|523|472|998
,3|524|472|999
,3|524|473|1000
,3|525|473|1001
,3|525|474|1002
,3|526|474|1003
,3|526|475|1004
,3|527|475|1005
,3|527|476|1006
,3|528|476|1007
,3|528|477|1008
,3|529|477|1009
,3|529|478|1010
,3|530|478|1011
,3|530|479|1012
,3|531|479|1013
,3|531|480|1014
,3|532|480|1015
,3|532|481|1016
,3|533|481|1017
,3|533|482|1018
,3|534|482|1019
,3|534|483|1020
,3|535|483|1021
,3|535|484|1022
,3|536|484|1023
,3|536|485|1024
,3|537|485|1025
,3|537|486|1026
,3|538|486|1027
,3|538|487|1028
,3|539|487|1029
,3|539|488|1030
,3|540|488|1031
,3|540|489|1032
,3|541|489|1033
,3|541|490|1034
,3|542|490|1035
,3|542|491|1036
,3|543|491|1037
,3|543|492|1038
,3|544|492|1039
,3|544|493|1040
,3|545|493|1041
,3|545|494|1042
,3|546|494|1043
,3|546|495|1044
,3|547|495|1045
,3|547|496|1046
,3|548|496|1047
,3|548|497|1048
,3|549|497|1049
,3|549|498|1050
,3|550|498|1051
,3|550|499|1052
,3|551|499|1053
,3|551|500|1054
,3|552|500|1055
,3|552|501|1056
,3|553|501|1057
,3|553|502|1058
,3|554|502|1059
,3|554|503|1060
,3|555|503|1061
,3|556|503|1062
,3|557|503|1063
,3|558|503|1064
,3|559|503|1065
,3|559|504|1066
,3|560|504|1067
,3|560|505|1068
,3|561|505|1069
,3|562|505|1070
,3|563|505|1071
,3|563|506|1072
,3|564|506|1073
,3|564|507|1074
,3|565|507|1075
,3|565|508|1076
,3|566|508|1077
,3|566|509|1078
,3|567|509|1079
,3|567|510|1080
,3|568|510|1081
,3|568|511|1082
,3|569|511|1083
,3|569|512|1084
,3|570|512|1085
,3|571|512|1086
,3|572|512|1087
,3|572|513|1088
,3|573|513|1089
,3|573|514|1090
,3|574|514|1091
,3|574|515|1092
,3|575|515|1093
,3|575|516|1094
,3|576|516|1095
,3|576|517|1096
,3|577|517|1097
,3|577|518|1098
,3|578|518|1099
,3|578|519|1100
,3|579|519|1101
,3|579|520|1102
,3|580|520|1103
,3|580|521|1104
,3|581|521|1105
,3|582|521|1106
,3|583|521|1107
,3|583|522|1108
,3|584|522|1109
,3|584|523|1110
,3|585|523|1111
,3|585|524|1112
,3|586|524|1113
,3|587|524|1114
,3|588|524|1115
,3|588|525|1116
,3|589|525|1117
,3|589|526|1118
,3|590|526|1119
,3|591|526|1120
,3|592|526|1121
,3|592|527|1122
,3|593|527|1123
,3|593|528|1124
,3|594|528|1125
,3|594|529|1126
,3|595|529|1127
,3|595|530|1128
,3|596|530|1129
,3|596|531|1130
,3|597|531|1131
,3|597|532|1132
,3|598|532|1133
,3|598|533|1134
,3|599|533|1135
,3|599|534|1136
,3|600|534|1137
,3|600|535|1138
,3|601|535|1139
,3|601|536|1140
,3|602|536|1141
,3|602|537|1142
,3|603|537|1143
,3|603|538|1144
,3|604|538|1145
,3|604|539|1146
,3|605|539|1147
,3|605|540|1148
,3|606|540|1149
,3|606|541|1150
,3|607|541|1151
,3|607|542|1152
,3|608|542|1153
,3|608|543|1154
,3|609|543|1155
,3|609|544|1156
,3|610|544|1157
,3|610|545|1158
,3|611|545|1159
,3|611|546|1160
,3|612|546|1161
,3|612|547|1162
,3|613|547|1163
,3|613|548|1164
,3|614|548|1165
,3|614|549|1166
,3|615|549|1167
,3|615|550|1168
,3|616|550|1169
,3|616|551|1170
,3|617|551|1171
,3|617|552|1172
,3|618|552|1173
,3|618|553|1174
,3|619|553|1175
,3|619|554|1176
,3|620|554|1177
,3|620|555|1178
,3|621|555|1179
,3|621|556|1180
,3|622|556|1181
,3|622|557|1182
,3|623|557|1183
,3|623|558|1184
,3|624|558|1185
,3|624|559|1186
,3|625|559|1187
,3|625|560|1188
,3|626|560|1189
,3|626|561|1190
,3|627|561|1191
,3|627|562|1192
,3|628|562|1193
,3|628|563|1194
,3|629|563|1195
,3|629|564|1196
,3|630|564|1197
,3|630|565|1198
,3|631|565|1199
,3|631|566|1200
,3|632|566|1201
,3|632|567|1202
,3|633|567|1203
,3|633|568|1204
,3|634|568|1205
,3|634|569|1206
,3|635|569|1207
,3|635|570|1208
,3|636|570|1209
,3|636|571|1210
,3|637|571|1211
,3|637|572|1212
,3|638|572|1213
,3|638|573|1214
,3|639|573|1215
,3|639|574|1216
,3|640|574|1217
,3|640|575|1218
,3|641|575|1219
,3|641|576|1220
,3|642|576|1221
,3|642|577|1222
,3|643|577|1223
,3|643|578|1224
,3|644|578|1225
,3|644|579|1226
,3|645|579|1227
,3|645|580|1228
,3|646|580|1229
,3|647|580|1230
,3|648|580|1231
,3|648|581|1232
,3|649|581|1233
,3|649|582|1234
,3|650|582|1235
,3|650|583|1236
,3|651|583|1237
,3|651|584|1238
,3|652|584|1239
,3|652|585|1240
,3|653|585|1241
,3|653|586|1242
,3|654|586|1243
,3|654|587|1244
,3|655|587|1245
,3|655|588|1246
,3|656|588|1247
,3|656|589|1248
,3|657|589|1249
,3|657|590|1250
,3|658|590|1251
,3|658|591|1252
,3|659|591|1253
,3|659|592|1254
,3|660|592|1255
,3|660|593|1256
,3|661|593|1257
,3|661|594|1258
,3|662|594|1259
,3|662|595|1260
,3|663|595|1261
,3|663|596|1262
,3|664|596|1263
,3|664|597|1264
,3|665|597|1265
,3|666|597|1266
,3|667|597|1267
,3|667|598|1268
,3|668|598|1269
,3|668|599|1270
,3|669|599|1271
,3|669|600|1272
,3|670|600|1273
,3|670|601|1274
,3|671|601|1275
,3|671|602|1276
,3|672|602|1277
,3|672|603|1278
,3|673|603|1279
,3|673|604|1280
,3|674|604|1281
,3|674|605|1282
,3|675|605|1283
,3|675|606|1284
,3|676|606|1285
,3|676|607|1286
,3|677|607|1287
,3|677|608|1288
,3|678|608|1289
,3|678|609|1290
,3|679|609|1291
,3|679|610|1292
,3|680|610|1293
,3|680|611|1294
,3|681|611|1295
,3|681|612|1296
,3|682|612|1297
,3|682|613|1298
,3|683|613|1299
,3|683|614|1300
,3|684|614|1301
,3|684|615|1302
,3|685|615|1303
,3|685|616|1304
,3|686|616|1305
,3|686|617|1306
,3|687|617|1307
,3|687|618|1308
,3|688|618|1309
,3|688|619|1310
,3|689|619|1311
,3|689|620|1312
,3|690|620|1313
,3|690|621|1314
,3|691|621|1315
,3|691|622|1316
,3|692|622|1317
,3|692|623|1318
,3|693|623|1319
,3|693|624|1320
,3|694|624|1321
,3|694|625|1322
,3|695|625|1323
,3|695|626|1324
,3|696|626|1325
,3|696|627|1326
,3|697|627|1327
,3|697|628|1328
,3|698|628|1329
,3|698|629|1330
,3|699|629|1331
,3|699|630|1332
,3|700|630|1333
,3|700|631|1334
,3|701|631|1335
,3|701|632|1336
,3|702|632|1337
,3|702|633|1338
,3|703|633|1339
,3|703|634|1340
,3|704|634|1341
,3|704|635|1342
,3|705|635|1343
,3|705|636|1344
,3|706|636|1345
,3|706|637|1346
,3|707|637|1347
,3|707|638|1348
,3|708|638|1349
,3|708|639|1350
,3|709|639|1351
,3|709|640|1352
,3|710|640|1353
,3|710|641|1354
,3|711|641|1355
,3|711|642|1356
,3|712|642|1357
,3|712|643|1358
,3|713|643|1359
,3|713|644|1360
,3|714|644|1361
,3|714|645|1362
,3|715|645|1363
,3|715|646|1364
,3|716|646|1365
,3|716|647|1366
,3|717|647|1367
,3|717|648|1368
,3|718|648|1369
,3|718|649|1370
,3|719|649|1371
,3|719|650|1372
,3|720|650|1373
,3|720|651|1374
,3|721|651|1375
,3|721|652|1376
,3|722|652|1377
,3|722|653|1378
,3|723|653|1379
,3|724|653|1380
,3|725|653|1381
,3|725|654|1382
,3|726|654|1383
,3|727|654|1384
,3|728|654|1385
,3|728|655|1386
,3|729|655|1387
,3|729|656|1388
,3|730|656|1389
,3|731|656|1390
,3|732|656|1391
,3|732|657|1392
,3|733|657|1393
,3|734|657|1394
,3|735|657|1395
,3|735|658|1396
,3|736|658|1397
,3|736|659|1398
,3|737|659|1399
,3|737|660|1400
,3|738|660|1401
,3|738|661|1402
,3|739|661|1403
,3|739|662|1404
,3|740|662|1405
,3|740|663|1406
,3|741|663|1407
,3|742|663|1408
,3|743|663|1409
,3|743|664|1410
,3|744|664|1411
,3|745|664|1412
,3|746|664|1413
,3|747|664|1414
,3|748|664|1415
,3|748|665|1416
,3|749|665|1417
,3|749|666|1418
,3|750|666|1419
,3|750|667|1420
,3|751|667|1421
,3|751|668|1422
,3|752|668|1423
,3|752|669|1424
,3|753|669|1425
,3|753|670|1426
,3|754|670|1427
,3|754|671|1428
,3|755|671|1429
,3|755|672|1430
,3|756|672|1431
,3|756|673|1432
,3|757|673|1433
,3|757|674|1434
,3|758|674|1435
,3|758|675|1436
,3|759|675|1437
,3|759|676|1438
,3|760|676|1439
,3|760|677|1440
,3|761|677|1441
,3|761|678|1442
,3|762|678|1443
,3|762|679|1444
,3|763|679|1445
,3|763|680|1446
,3|764|680|1447
,3|764|681|1448
,3|765|681|1449
,3|765|682|1450
,3|766|682|1451
,3|766|683|1452
,3|767|683|1453
,3|767|684|1454
,3|768|684|1455
,3|768|685|1456
,3|769|685|1457
,3|769|686|1458
,3|770|686|1459
,3|770|687|1460
,3|771|687|1461
,3|771|688|1462
,3|772|688|1463
,3|772|689|1464
,3|773|689|1465
,3|773|690|1466
,3|774|690|1467
,3|774|691|1468
,3|775|691|1469
,3|775|692|1470
,3|776|692|1471
,3|776|693|1472
,3|777|693|1473
,3|777|694|1474
,3|778|694|1475
,3|778|695|1476
,3|779|695|1477
,3|779|696|1478
,3|780|696|1479
,3|780|697|1480
,3|781|697|1481
,3|781|698|1482
,3|782|698|1483
,3|782|699|1484
,3|783|699|1485
,3|783|700|1486
,3|784|700|1487
,3|784|701|1488
,3|785|701|1489
,3|785|702|1490
,3|786|702|1491
,3|786|703|1492
,3|787|703|1493
,3|788|703|1494
,3|789|703|1495
,3|789|704|1496
,3|790|704|1497
,3|790|705|1498
,3|791|705|1499
,3|791|706|1500
,3|792|706|1501
,3|792|707|1502
,3|793|707|1503
,3|793|708|1504
,3|794|708|1505
,3|794|709|1506
,3|795|709|1507
,3|795|710|1508
,3|796|710|1509
,3|796|711|1510
,3|797|711|1511
,3|797|712|1512
,3|798|712|1513
,3|798|713|1514
,3|799|713|1515
,3|799|714|1516
,3|800|714|1517
,3|800|715|1518
,3|801|715|1519
,3|802|715|1520
,3|803|715|1521
,3|803|716|1522
,3|804|716|1523
,3|804|717|1524
,3|805|717|1525
,3|805|718|1526
,3|806|718|1527
,3|806|719|1528
,3|807|719|1529
,3|807|720|1530
,3|808|720|1531
,3|808|721|1532
,3|809|721|1533
,3|809|722|1534
,3|810|722|1535
,3|810|723|1536
,3|811|723|1537
,3|811|724|1538
,3|812|724|1539
,3|812|725|1540
,3|813|725|1541
,3|813|726|1542
,3|814|726|1543
,3|814|727|1544
,3|815|727|1545
,3|815|728|1546
,3|816|728|1547
,3|816|729|1548
,3|817|729|1549
,3|817|730|1550
,3|818|730|1551
,3|818|731|1552
,3|819|731|1553
,3|819|732|1554
,3|820|732|1555
,3|820|733|1556
,3|821|733|1557
,3|821|734|1558
,3|822|734|1559
,3|822|735|1560
,3|823|735|1561
,3|823|736|1562
,3|824|736|1563
,3|824|737|1564
,3|825|737|1565
,3|825|738|1566
,3|826|738|1567
,3|826|739|1568
,3|827|739|1569
,3|827|740|1570
,3|828|740|1571
,3|828|741|1572
,3|829|741|1573
,3|829|742|1574
,3|830|742|1575
,3|830|743|1576
,3|831|743|1577
,3|831|744|1578
,3|832|744|1579
,3|832|745|1580
,3|833|745|1581
,3|833|746|1582
,3|834|746|1583
,3|834|747|1584
,3|835|747|1585
,3|835|748|1586
,3|836|748|1587
,3|836|749|1588
,3|837|749|1589
,3|837|750|1590
,3|838|750|1591
,3|838|751|1592
,3|839|751|1593
,3|839|752|1594
,3|840|752|1595
,3|840|753|1596
,3|841|753|1597
,3|841|754|1598
,3|842|754|1599
,3|842|755|1600
,3|843|755|1601
,3|843|756|1602
,3|844|756|1603
,3|844|757|1604
,3|845|757|1605
,3|845|758|1606
,3|846|758|1607
,3|846|759|1608
,3|847|759|1609
,3|848|759|1610
,3|849|759|1611
,3|849|760|1612
,3|850|760|1613
,3|850|761|1614
,3|851|761|1615
,3|852|761|1616
,3|853|761|1617
,3|853|762|1618
,3|854|762|1619
,3|854|763|1620
,3|855|763|1621
,3|855|764|1622
,3|856|764|1623
,3|856|765|1624
,3|857|765|1625
,3|857|766|1626
,3|858|766|1627
,3|858|767|1628
,3|859|767|1629
,3|859|768|1630
,3|860|768|1631
,3|860|769|1632
,3|861|769|1633
,3|861|770|1634
,3|862|770|1635
,3|862|771|1636
,3|863|771|1637
,3|863|772|1638
,3|864|772|1639
,3|864|773|1640
,3|865|773|1641
,3|865|774|1642
,3|866|774|1643
,3|866|775|1644
,3|867|775|1645
,3|868|775|1646
,3|869|775|1647
,3|869|776|1648
,3|870|776|1649
,3|870|777|1650
,3|871|777|1651
,3|872|777|1652
,3|873|777|1653
,3|873|778|1654
,3|874|778|1655
,3|874|779|1656
,3|875|779|1657
,3|875|780|1658
,3|876|780|1659
,3|877|780|1660
,3|878|780|1661
,3|878|781|1662
,3|879|781|1663
,3|879|782|1664
,3|880|782|1665
,3|880|783|1666
,3|881|783|1667
,3|881|784|1668
,3|882|784|1669
,3|882|785|1670
,3|883|785|1671
,3|883|786|1672
,3|884|786|1673
,3|884|787|1674
,3|885|787|1675
,3|885|788|1676
,3|886|788|1677
,3|886|789|1678
,3|887|789|1679
,3|887|790|1680
,3|888|790|1681
,3|888|791|1682
,3|889|791|1683
,3|889|792|1684
,3|890|792|1685
,3|890|793|1686
,3|891|793|1687
,3|891|794|1688
,3|892|794|1689
,3|892|795|1690
,3|893|795|1691
,3|893|796|1692
,3|894|796|1693
,3|894|797|1694
,3|895|797|1695
,3|895|798|1696
,3|896|798|1697
,3|896|799|1698
,3|897|799|1699
,3|897|800|1700
,3|898|800|1701
,3|898|801|1702
,3|899|801|1703
,3|899|802|1704
,3|900|802|1705
,3|900|803|1706
,3|901|803|1707
,3|901|804|1708
,3|902|804|1709
,3|902|805|1710
,3|903|805|1711
,3|903|806|1712
,3|904|806|1713
,3|904|807|1714
,3|905|807|1715
,3|905|808|1716
,3|906|808|1717
,3|906|809|1718
,3|907|809|1719
,3|907|810|1720
,3|908|810|1721
,3|908|811|1722
,3|909|811|1723
,3|909|812|1724
,3|910|812|1725
,3|910|813|1726
,3|911|813|1727
,3|911|814|1728
,3|912|814|1729
,3|912|815|1730
,3|913|815|1731
,3|913|816|1732
,3|914|816|1733
,3|914|817|1734
,3|915|817|1735
,3|915|818|1736
,3|916|818|1737
,3|916|819|1738
,3|917|819|1739
,3|917|820|1740
,3|918|820|1741
,3|918|821|1742
,3|919|821|1743
,3|919|822|1744
,3|920|822|1745
,3|920|823|1746
,3|921|823|1747
,3|921|824|1748
,3|922|824|1749
,3|922|825|1750
,3|923|825|1751
,3|923|826|1752
,3|924|826|1753
,3|924|827|1754
,3|925|827|1755
,3|925|828|1756
,3|926|828|1757
,3|926|829|1758
,3|927|829|1759
,3|927|830|1760
,3|928|830|1761
,3|928|831|1762
,3|929|831|1763
,3|929|832|1764
,3|930|832|1765
,3|930|833|1766
,3|931|833|1767
,3|931|834|1768
,4|931|834|1769
,4|931|835|1770
,4|932|835|1771
,4|933|835|1772
,4|934|835|1773
,4|934|836|1774
,4|935|836|1775
,4|935|837|1776
,4|936|837|1777
,4|936|838|1778
,4|937|838|1779
,4|937|839|1780
,4|938|839|1781
,4|938|840|1782
,4|939|840|1783
,4|939|841|1784
,4|940|841|1785
,4|940|842|1786
,4|941|842|1787
,4|941|843|1788
,4|942|843|1789
,4|942|844|1790
,4|943|844|1791
,4|943|845|1792
,4|944|845|1793
,4|944|846|1794
,4|945|846|1795
,4|945|847|1796
,4|946|847|1797
,4|946|848|1798
,4|947|848|1799
,4|947|849|1800
,4|948|849|1801
,4|948|850|1802
,4|949|850|1803
,4|949|851|1804
,4|950|851|1805
,4|951|851|1806
,4|952|851|1807
,4|952|852|1808
,4|953|852|1809
,4|953|853|1810
,4|954|853|1811
,4|954|854|1812
,4|955|854|1813
,4|955|855|1814
,4|956|855|1815
,4|956|856|1816
,4|957|856|1817
,4|957|857|1818
,4|958|857|1819
,4|958|858|1820
,4|959|858|1821
,4|959|859|1822
,4|960|859|1823
,4|960|860|1824
,4|961|860|1825
,4|961|861|1826
,4|962|861|1827
,4|962|862|1828
,4|963|862|1829
,4|963|863|1830
,4|964|863|1831
,4|964|864|1832
,4|965|864|1833
,4|965|865|1834
,4|966|865|1835
,4|966|866|1836
,4|967|866|1837
,4|967|867|1838
,4|968|867|1839
,4|968|868|1840
,4|969|868|1841
,4|969|869|1842
,4|970|869|1843
,4|970|870|1844
,4|971|870|1845
,4|971|871|1846
,4|972|871|1847
,4|972|872|1848
,4|973|872|1849
,4|973|873|1850
,4|974|873|1851
,4|974|874|1852
,4|975|874|1853
,4|975|875|1854
,4|976|875|1855
,4|976|876|1856
,4|977|876|1857
,4|977|877|1858
,4|978|877|1859
,4|978|878|1860
,4|979|878|1861
,4|979|879|1862
,4|980|879|1863
,4|980|880|1864
,4|981|880|1865
,4|981|881|1866
,4|982|881|1867
,4|982|882|1868
,4|983|882|1869
,4|983|883|1870
,4|984|883|1871
,4|984|884|1872
,4|985|884|1873
,4|985|885|1874
,4|986|885|1875
,4|986|886|1876
,4|987|886|1877
,4|987|887|1878
,4|988|887|1879
,4|988|888|1880
,4|989|888|1881
,4|989|889|1882
,4|990|889|1883
,4|990|890|1884
,4|991|890|1885
,4|991|891|1886
,4|992|891|1887
,4|992|892|1888
,4|993|892|1889
,4|994|892|1890
,4|995|892|1891
,4|995|893|1892
,4|996|893|1893
,4|996|894|1894
,4|997|894|1895
,4|997|895|1896
,4|998|895|1897
,4|998|896|1898
,4|999|896|1899
,4|999|897|1900
,4|1000|897|1901
,4|1000|898|1902
,4|1001|898|1903
,4|1001|899|1904
,4|1002|899|1905
,4|1002|900|1906
,4|1003|900|1907
,4|1003|901|1908
,4|1004|901|1909
,4|1004|902|1910
,4|1005|902|1911
,4|1005|903|1912
,4|1006|903|1913
,4|1006|904|1914
,4|1007|904|1915
,4|1007|905|1916
,4|1008|905|1917
,4|1008|906|1918
,4|1009|906|1919
,4|1009|907|1920
,4|1010|907|1921
,4|1010|908|1922
,4|1011|908|1923
,4|1011|909|1924
,4|1012|909|1925
,4|1012|910|1926
,4|1013|910|1927
,4|1013|911|1928
,4|1014|911|1929
,4|1014|912|1930
,4|1015|912|1931
,4|1015|913|1932
,4|1016|913|1933
,4|1016|914|1934
,4|1017|914|1935
,4|1017|915|1936
,4|1018|915|1937
,4|1018|916|1938
,4|1019|916|1939
,4|1019|917|1940
,4|1020|917|1941
,4|1021|917|1942
,4|1022|917|1943
,4|1022|918|1944
,4|1023|918|1945
,4|1023|919|1946
,4|1024|919|1947
,4|1024|920|1948
,4|1025|920|1949
,4|1026|920|1950
,4|1027|920|1951
,4|1027|921|1952
,4|1028|921|1953
,4|1028|922|1954
,4|1029|922|1955
,4|1029|923|1956
,4|1030|923|1957
,4|1030|924|1958
,4|1031|924|1959
,4|1031|925|1960
,4|1032|925|1961
,4|1032|926|1962
,4|1033|926|1963
,4|1033|927|1964
,4|1034|927|1965
,4|1034|928|1966
,4|1035|928|1967
,4|1035|929|1968
,4|1036|929|1969
,4|1036|930|1970
,4|1037|930|1971
,4|1037|931|1972
,4|1038|931|1973
,4|1038|932|1974
,4|1039|932|1975
,4|1039|933|1976
,4|1040|933|1977
,4|1040|934|1978
,4|1041|934|1979
,4|1041|935|1980
,4|1042|935|1981
,4|1042|936|1982
,4|1043|936|1983
,4|1043|937|1984
,4|1044|937|1985
,4|1044|938|1986
,4|1045|938|1987
,4|1045|939|1988
,4|1046|939|1989
,4|1046|940|1990
,4|1047|940|1991
,4|1047|941|1992
,4|1048|941|1993
,4|1048|942|1994
,4|1049|942|1995
,4|1049|943|1996
,4|1050|943|1997
,4|1050|944|1998
,4|1051|944|1999
,4|1051|945|2000
