total
,0|0|1|1
,0|1|1|2
,0|1|2|3
,0|2|2|4
,0|2|3|5
,0|3|3|6
,0|3|4|7
,0|4|4|8
,0|4|5|9
,0|5|5|10
,0|5|6|11
,0|6|6|12
,0|6|7|13
,0|7|7|14
,0|7|8|15
,0|8|8|16
,0|8|9|17
,0|9|9|18
,0|10|9|19
,0|11|9|20
,0|11|10|21
,0|12|10|22
,0|12|11|23
,0|13|11|24
,0|13|12|25
,0|14|12|26
,0|14|13|27
,0|15|13|28
,0|16|13|29
,0|17|13|30
,0|17|14|31
,0|18|14|32
,0|18|15|33
,0|19|15|34
,0|19|16|35
,0|20|16|36
,0|20|17|37
,0|21|17|38
,0|21|18|39
,0|22|18|40
,0|22|19|41
,0|23|19|42
,0|23|20|43
,0|24|20|44
,0|24|21|45
,0|25|21|46
,0|25|22|47
,0|26|22|48
,0|26|23|49
,0|27|23|50
,0|27|24|51
,0|28|24|52
,0|28|25|53
,0|29|25|54
,0|29|26|55
,0|30|26|56
,0|30|27|57
,0|31|27|58
,0|31|28|59
,0|32|28|60
,0|32|29|61
,0|33|29|62
,0|33|30|63
,0|34|30|64
,0|35|30|65
,0|36|30|66
,0|36|31|67
,0|37|31|68
,0|37|32|69
,0|38|32|70
,0|38|33|71
,0|39|33|72
,0|39|34|73
,0|40|34|74
,0|40|35|75
,0|41|35|76
,0|41|36|77
,0|42|36|78
,0|42|37|79
,0|43|37|80
,0|43|38|81
,0|44|38|82
,0|44|39|83
,0|45|39|84
,0|45|40|85
,0|46|40|86
,0|46|41|87
,0|47|41|88
,0|48|41|89
,0|49|41|90
,0|49|42|91
,0|50|42|92
,0|50|43|93
,0|51|43|94
,0|51|44|95
,0|52|44|96
,0|52|45|97
,0|53|45|98
,0|53|46|99
,0|54|46|100
,0|54|47|101
,0|55|47|102
,0|55|48|103
,0|56|48|104
,0|57|48|105
,0|58|48|106
,0|58|49|107
,0|59|49|108
,0|59|50|109
,0|60|50|110
,0|60|51|111
,0|61|51|112
,0|61|52|113
,0|62|52|114
,0|62|53|115
,0|63|53|116
,0|63|54|117
,1|63|54|118
,1|63|55|119
,1|64|55|120
,1|64|56|121
,1|65|56|122
,1|65|57|123
,1|66|57|124
,1|66|58|125
,1|67|58|126
,1|67|59|127
,1|68|59|128
,1|68|60|129
,1|69|60|130
,1|69|61|131
,1|70|61|132
,1|70|62|133
,1|71|62|134
,1|71|63|135
,1|72|63|136
,1|72|64|137
,1|73|64|138
,1|73|65|139
,1|74|65|140
,1|74|66|141
,1|75|66|142
,1|75|67|143
,1|76|67|144
,1|76|68|145
,1|77|68|146
,1|77|69|147
,1|78|69|148
,1|78|70|149
,1|79|70|150
,1|79|71|151
,1|80|71|152
,1|80|72|153
,1|81|72|154
,1|81|73|155
,1|82|73|156
,1|82|74|157
,1|83|74|158
,1|83|75|159
,1|84|75|160
,1|84|76|161
,1|85|76|162
,1|85|77|163
,1|86|77|164
,1|86|78|165
,1|87|78|166
,1|87|79|167
,1|88|79|168
,1|88|80|169
,1|89|80|170
,1|89|81|171
,1|90|81|172
,1|90|82|173
,1|91|82|174
,1|91|83|175
,1|92|83|176
,1|92|84|177
,1|93|84|178
,1|93|85|179
,1|94|85|180
,1|94|86|181
,1|95|86|182
,1|95|87|183
,1|96|87|184
,1|96|88|185
,1|97|88|186
,1|97|89|187
,1|98|89|188
,1|98|90|189
,1|99|90|190
,1|99|91|191
,1|100|91|192
,1|100|92|193
,1|101|92|194
,1|101|93|195
,1|102|93|196
,1|102|94|197
,1|103|94|198
,1|103|95|199
,1|104|95|200
,1|104|96|201
,1|105|96|202
,1|105|97|203
,1|106|97|204
,1|106|98|205
,1|107|98|206
,1|107|99|207
,1|108|99|208
,1|108|100|209
,1|109|100|210
,1|109|101|211
,1|110|101|212
,1|110|102|213
,1|111|102|214
,1|111|103|215
,1|112|103|216
,1|112|104|217
,1|113|104|218
,1|113|105|219
,1|114|105|220
,1|114|106|221
,1|115|106|222
,1|115|107|223
,1|116|107|224
,1|116|108|225
,1|117|108|226
,1|117|109|227
,1|118|109|228
,1|118|110|229
,1|119|110|230
,1|119|111|231
,1|120|111|232
,1|120|112|233
,1|121|112|234
,1|121|113|235
,1|122|113|236
,1|122|114|237
,1|123|114|238
,1|123|115|239
,1|124|115|240
,1|124|116|241
,1|125|116|242
,1|125|117|243
,1|126|117|244
,1|126|118|245
,1|127|118|246
,1|127|119|247
,1|128|119|248
,1|128|120|249
,1|129|120|250
,1|129|121|251
,1|130|121|252
,1|130|122|253
,1|131|122|254
,1|131|123|255
,1|132|123|256
,1|133|123|257
,1|134|123|258
,1|134|124|259
,1|135|124|260
,1|135|125|261
,1|136|125|262
,1|136|126|263
,1|137|126|264
,1|137|127|265
,1|138|127|266
,1|138|128|267
,1|139|128|268
,1|139|129|269
,1|140|129|270
,1|140|130|271
,1|141|130|272
,1|141|131|273
,1|142|131|274
,1|142|132|275
,1|143|132|276
,1|143|133|277
,1|144|133|278
,1|144|134|279
,1|145|134|280
,1|145|135|281
,1|146|135|282
,1|146|136|283
,1|147|136|284
,1|147|137|285
,1|148|137|286
,1|148|138|287
,1|149|138|288
,1|149|139|289
,1|150|139|290
,1|150|140|291
,1|151|140|292
,1|151|141|293
,1|152|141|294
,1|152|142|295
,1|153|142|296
,1|153|143|297
,1|154|143|298
,1|154|144|299
,1|155|144|300
,1|155|145|301
,1|156|145|302
,1|156|146|303
,1|157|146|304
,1|157|147|305
,1|158|147|306
,1|158|148|307
,1|159|148|308
,1|159|149|309
,1|160|149|310
,1|160|150|311
,1|161|150|312
,1|161|151|313
,1|162|151|314
,1|162|152|315
,1|163|152|316
,1|163|153|317
,1|164|153|318
,1|164|154|319
,1|165|154|320
,1|165|155|321
,1|166|155|322
,1|166|156|323
,1|167|156|324
,1|167|157|325
,1|168|157|326
,1|168|158|327
,1|169|158|328
,1|169|159|329
,1|170|159|330
,1|170|160|331
,1|171|160|332
,1|171|161|333
,1|172|161|334
,1|172|162|335
,1|173|162|336
,1|173|163|337
,1|174|163|338
,1|174|164|339
,1|175|164|340
,1|175|165|341
,1|176|165|342
,1|176|166|343
,1|177|166|344
,1|177|167|345
,1|178|167|346
,1|178|168|347
,1|179|168|348
,1|179|169|349
,1|180|169|350
,1|180|170|351
,1|181|170|352
,1|181|171|353
,1|182|171|354
,1|182|172|355
,1|183|172|356
,1|183|173|357
,1|184|173|358
,1|184|174|359
,1|185|174|360
,1|185|175|361
,1|186|175|362
,1|186|176|363
,1|187|176|364
,1|187|177|365
,1|188|177|366
,1|188|178|367
,1|189|178|368
,1|189|179|369
,1|190|179|370
,1|190|180|371
,1|191|180|372
,1|191|181|373
,1|192|181|374
,1|192|182|375
,1|193|182|376
,1|194|182|377
,1|195|182|378
,1|195|183|379
,1|196|183|380
,1|196|184|381
,1|197|184|382
,1|197|185|383
,1|198|185|384
,1|198|186|385
,1|199|186|386
,1|199|187|387
,1|200|187|388
,1|200|188|389
,1|201|188|390
,1|201|189|391
,1|202|189|392
,1|202|190|393
,1|203|190|394
,1|203|191|395
,1|204|191|396
,1|204|192|397
,1|205|192|398
,1|205|193|399
,1|206|193|400
,1|206|194|401
,1|207|194|402
,1|207|195|403
,1|208|195|404
,1|208|196|405
,1|209|196|406
,1|209|197|407
,1|210|197|408
,1|210|198|409
,1|211|198|410
,1|211|199|411
,1|212|199|412
,1|212|200|413
,1|213|200|414
,1|213|201|415
,1|214|201|416
,1|214|202|417
,1|215|202|418
,1|216|202|419
,1|217|202|420
,1|217|203|421
,1|218|203|422
,1|218|204|423
,1|219|204|424
,1|219|205|425
,1|220|205|426
,1|220|206|427
,1|221|206|428
,1|221|207|429
,1|222|207|430
,1|222|208|431
,1|223|208|432
,1|223|209|433
,1|224|209|434
,1|224|210|435
,1|225|210|436
,1|225|211|437
,1|226|211|438
,1|226|212|439
,1|227|212|440
,1|227|213|441
,1|228|213|442
,1|228|214|443
,1|229|214|444
,1|229|215|445
,1|230|215|446
,1|230|216|447
,1|231|216|448
,1|231|217|449
,1|232|217|450
,1|232|218|451
,1|233|218|452
,1|233|219|453
,1|234|219|454
,1|234|220|455
,1|235|220|456
,1|235|221|457
,1|236|221|458
,1|236|222|459
,1|237|222|460
,1|237|223|461
,1|238|223|462
,1|238|224|463
,1|239|224|464
,1|239|225|465
,1|240|225|466
,1|240|226|467
,1|241|226|468
,1|241|227|469
,1|242|227|470
,1|242|228|471
,1|243|228|472
,1|244|229|474
,1|245|229|475
,1|245|230|476
,1|246|230|477
,1|246|231|478
,1|247|231|479
,1|247|232|480
,1|248|232|481
,1|248|233|482
,1|249|233|483
,1|249|234|484
,1|250|234|485
,1|250|235|486
,1|251|235|487
,1|251|236|488
,1|252|236|489
,1|252|237|490
,1|253|237|491
,1|253|238|492
,1|254|238|493
,1|254|239|494
,1|255|239|495
,1|255|240|496
,1|256|240|497
,1|256|241|498
,1|257|241|499
,1|257|242|500
,1|258|242|501
,1|258|243|502
,1|259|243|503
,1|259|244|504
,1|260|244|505
,1|260|245|506
,1|261|245|507
,1|261|246|508
,1|262|246|509
,1|262|247|510
,1|263|247|511
,1|263|248|512
,1|264|248|513
,1|264|249|514
,1|265|249|515
,1|265|250|516
,1|266|250|517
,1|266|251|518
,1|267|251|519
,1|267|252|520
,1|268|252|521
,1|268|253|522
,1|269|253|523
,1|269|254|524
,1|270|254|525
,1|270|255|526
,1|271|255|527
,1|271|256|528
,1|272|256|529
,1|272|257|530
,1|273|257|531
,1|274|257|532
,1|275|257|533
,1|275|258|534
,1|276|258|535
,1|276|259|536
,1|277|259|537
,1|277|260|538
,1|278|260|539
,1|278|261|540
,1|279|261|541
,1|279|262|542
,1|280|262|543
,1|280|263|544
,1|281|263|545
,1|281|264|546
,1|282|264|547
,1|282|265|548
,1|283|265|549
,1|283|266|550
,1|284|266|551
,1|284|267|552
,1|285|267|553
,1|285|268|554
,1|286|268|555
,1|286|269|556
,1|287|269|557
,1|287|270|558
,1|288|270|559
,1|288|271|560
,1|289|271|561
,1|289|272|562
,1|290|272|563
,1|290|273|564
,1|291|273|565
,1|291|274|566
,1|292|274|567
,1|292|275|568
,1|293|275|569
,1|293|276|570
,1|294|276|571
,1|294|277|572
,1|295|277|573
,1|295|278|574
,1|296|278|575
,1|296|279|576
,1|297|279|577
,1|297|280|578
,1|298|280|579
,1|298|281|580
,1|299|281|581
,1|299|282|582
,1|300|282|583
,1|300|283|584
,1|301|283|585
,1|301|284|586
,1|302|284|587
,1|302|285|588
,1|303|285|589
,1|303|286|590
,1|304|286|591
,1|304|287|592
,1|305|287|593
,1|305|288|594
,1|306|288|595
,1|306|289|596
,1|307|289|597
,1|307|290|598
,1|308|290|599
,1|308|291|600
,1|309|291|601
,1|309|292|602
,1|310|292|603
,1|310|293|604
,1|311|293|605
,1|311|294|606
,1|312|294|607
,1|312|295|608
,1|313|295|609
,1|313|296|610
,1|314|296|611
,1|314|297|612
,1|315|297|613
,1|315|298|614
,1|316|298|615
,1|316|299|616
,1|317|299|617
,1|317|300|618
,1|318|300|619
,1|318|301|620
,1|319|301|621
,1|319|302|622
,1|320|302|623
,1|320|303|624
,1|321|303|625
,1|321|304|626
,1|322|304|627
,1|322|305|628
,1|323|305|629
,1|323|306|630
,1|324|306|631
,1|324|307|632
,1|325|307|633
,1|325|308|634
,1|326|308|635
,1|326|309|636
,1|327|309|637
,1|327|310|638
,1|328|310|639
,1|328|311|640
,1|329|311|641
,1|329|312|642
,1|330|312|643
,1|330|313|644
,1|331|313|645
,1|331|314|646
,1|332|314|647
,1|332|315|648
,1|333|315|649
,1|333|316|650
,1|334|316|651
,1|334|317|652
,1|335|317|653
,1|335|318|654
,1|336|318|655
,1|336|319|656
,1|337|319|657
,1|337|320|658
,1|338|320|659
,1|338|321|660
,1|339|321|661
,1|339|322|662
,1|340|322|663
,1|340|323|664
,1|341|323|665
,1|341|324|666
,1|342|324|667
,1|342|325|668
,1|343|325|669
,1|343|326|670
,1|344|326|671
,1|344|327|672
,1|345|327|673
,1|345|328|674
,1|346|328|675
,1|346|329|676
,1|347|329|677
,1|347|330|678
,1|348|330|679
,1|348|331|680
,1|349|331|681
,1|350|331|682
,1|351|331|683
,1|351|332|684
,1|352|332|685
,1|352|333|686
,1|353|333|687
,1|353|334|688
,1|354|334|689
,1|355|334|690
,1|356|334|691
,1|356|335|692
,1|357|335|693
,1|358|335|694
,1|359|335|695
,1|359|336|696
,1|360|336|697
,1|361|336|698
,1|362|336|699
,1|362|337|700
,1|363|337|701
,1|364|337|702
,1|365|337|703
,1|365|338|704
,1|366|338|705
,1|367|338|706
,1|368|338|707
,1|369|338|708
,1|370|338|709
,1|371|338|710
,1|372|338|711
,1|372|339|712
,1|373|339|713
,1|373|340|714
,1|374|340|715
,1|374|341|716
,1|375|341|717
,1|375|342|718
,1|376|342|719
,1|376|343|720
,1|377|343|721
,1|377|344|722
,1|378|344|723
,1|378|345|724
,1|379|345|725
,1|379|346|726
,1|380|346|727
,1|380|347|728
,1|381|347|729
,1|381|348|730
,1|382|348|731
,1|382|349|732
,1|383|349|733
,1|383|350|734
,1|384|350|735
,1|384|351|736
,1|385|351|737
,1|385|352|738
,1|386|352|739
,1|386|353|740
,1|387|353|741
,1|387|354|742
,1|388|354|743
,1|388|355|744
,1|389|355|745
,1|389|356|746
,1|390|356|747
,1|390|357|748
,1|391|357|749
,1|391|358|750
,1|392|358|751
,1|392|359|752
,1|393|359|753
,1|393|360|754
,1|394|360|755
,1|394|361|756
,1|395|361|757
,1|395|362|758
,1|396|362|759
,1|396|363|760
,1|397|363|761
,1|397|364|762
,1|398|364|763
,1|398|365|764
,1|399|365|765
,1|399|366|766
,1|400|366|767
,1|400|367|768
,1|401|367|769
,1|401|368|770
,1|402|368|771
,1|402|369|772
,1|403|369|773
,1|403|370|774
,1|404|370|775
,1|404|371|776
,1|405|371|777
,1|405|372|778
,1|406|372|779
,1|406|373|780
,1|407|373|781
,1|407|374|782
,1|408|374|783
,1|408|375|784
,1|409|375|785
,1|409|376|786
,1|410|376|787
,1|410|377|788
,1|411|377|789
,1|411|378|790
,1|412|378|791
,1|413|378|792
,1|414|378|793
,1|414|379|794
,1|415|379|795
,1|415|380|796
,1|416|380|797
,1|416|381|798
,1|417|381|799
,1|417|382|800
,1|418|382|801
,1|418|383|802
,1|419|383|803
,1|419|384|804
,1|420|384|805
,1|420|385|806
,1|421|385|807
,1|421|386|808
,2|421|386|809
,2|421|387|810
,2|422|387|811
,2|422|388|812
,2|423|388|813
,2|423|389|814
,2|424|389|815
,2|424|390|816
,2|425|390|817
,2|425|391|818
,2|426|391|819
,2|426|392|820
,2|427|392|821
,2|427|393|822
,3|427|393|823
,3|427|394|824
,4|427|394|825
,4|427|395|826
,4|428|395|827
,4|428|396|828
,4|429|396|829
,4|429|397|830
,4|430|397|831
,4|430|398|832
,4|431|398|833
,4|432|398|834
,4|433|398|835
,4|433|399|836
,4|434|399|837
,4|434|400|838
,4|435|400|839
,4|435|401|840
,4|436|401|841
,4|436|402|842
,4|437|402|843
,4|437|403|844
,4|438|403|845
,4|438|404|846
,4|439|404|847
,4|439|405|848
,4|440|405|849
,4|440|406|850
,4|441|406|851
,4|441|407|852
,4|442|407|853
,4|442|408|854
,4|443|408|855
,4|443|409|856
,4|444|409|857
,4|444|410|858
,4|445|410|859
,4|445|411|860
,4|446|411|861
,4|446|412|862
,4|447|412|863
,4|447|413|864
,4|448|413|865
,4|448|414|866
,4|449|414|867
,4|449|415|868
,4|450|415|869
,4|450|416|870
,4|451|416|871
,4|451|417|872
,4|452|417|873
,4|452|418|874
,4|453|418|875
,4|453|419|876
,4|454|419|877
,4|454|420|878
,4|455|420|879
,4|455|421|880
,4|456|421|881
,4|456|422|882
,4|457|422|883
,4|457|423|884
,4|458|423|885
,4|458|424|886
,4|459|424|887
,4|459|425|888
,4|460|425|889
,4|460|426|890
,4|461|426|891
,4|461|427|892
,4|462|427|893
,4|462|428|894
,4|463|428|895
,4|463|429|896
,4|464|429|897
,4|464|430|898
,4|465|430|899
,4|465|431|900
,4|466|431|901
,4|466|432|902
,4|467|432|903
,4|467|433|904
,4|468|433|905
,4|468|434|906
,4|469|434|907
,4|469|435|908
,4|470|435|909
,4|470|436|910
,5|470|436|911
,5|470|437|912
,5|471|437|913
,5|471|438|914
,5|472|438|915
,5|472|439|916
,5|473|439|917
,5|473|440|918
,5|474|440|919
,5|474|441|920
,5|475|441|921
,5|475|442|922
,5|476|442|923
,5|477|442|924
,6|477|442|925
,6|477|443|926
,6|478|443|927
,6|478|444|928
,6|479|444|929
,6|479|445|930
,6|480|445|931
,6|480|446|932
,6|481|446|933
,6|481|447|934
,6|482|447|935
,6|482|448|936
,6|483|448|937
,6|483|449|938
,6|484|449|939
,6|484|450|940
,6|485|450|941
,6|485|451|942
,6|486|451|943
,6|486|452|944
,6|487|452|945
,6|487|453|946
,6|488|453|947
,6|488|454|948
,6|489|454|949
,6|489|455|950
,6|490|455|951
,6|490|456|952
,6|491|456|953
,6|491|457|954
,6|492|457|955
,6|492|458|956
,6|493|458|957
,6|493|459|958
,6|494|459|959
,6|494|460|960
,6|495|460|961
,6|495|461|962
,6|496|461|963
,6|496|462|964
,6|497|462|965
,6|497|463|966
,6|498|463|967
,6|498|464|968
,6|499|464|969
,6|499|465|970
,6|500|465|971
,6|500|466|972
,6|501|466|973
,6|501|467|974
,6|502|467|975
,6|502|468|976
,6|503|468|977
,6|504|468|978
,6|505|468|979
,6|505|469|980
,6|506|469|981
,6|506|470|982
,6|507|470|983
,6|507|471|984
,6|508|471|985
,6|508|472|986
,6|509|472|987
,6|509|473|988
,6|510|473|989
,6|510|474|990
,6|511|474|991
,6|511|475|992
,6|512|475|993
,6|512|476|994
,6|513|476|995
,6|513|477|996
,6|514|477|997
,6|514|478|998
,6|515|478|999
,6|515|479|1000
,6|516|479|1001
,6|516|480|1002
,6|517|480|1003
,6|517|481|1004
,6|518|481|1005
,6|518|482|1006
,6|519|482|1007
,6|519|483|1008
,6|520|483|1009
,6|520|484|1010
,6|521|484|1011
,6|521|485|1012
,6|522|485|1013
,6|522|486|1014
,6|523|486|1015
,6|523|487|1016
,6|524|487|1017
,6|524|488|1018
,6|525|488|1019
,6|525|489|1020
,6|526|489|1021
,6|526|490|1022
,6|527|490|1023
,6|527|491|1024
,6|528|491|1025
,6|528|492|1026
,6|529|492|1027
,6|529|493|1028
,6|530|493|1029
,6|530|494|1030
,6|531|494|1031
,6|531|495|1032
,6|532|495|1033
,6|532|496|1034
,6|533|496|1035
,6|533|497|1036
,6|534|497|1037
,6|534|498|1038
,6|535|498|1039
,6|535|499|1040
,6|536|499|1041
,6|536|500|1042
,6|537|500|1043
,6|537|501|1044
,6|538|501|1045
,6|538|502|1046
,6|539|502|1047
,6|539|503|1048
,6|540|503|1049
,6|540|504|1050
,6|541|504|1051
,6|541|505|1052
,6|542|505|1053
,6|542|506|1054
,6|543|506|1055
,6|543|507|1056
,6|544|507|1057
,6|544|508|1058
,6|545|508|1059
,6|545|509|1060
,6|546|509|1061
,6|547|509|1062
,6|548|509|1063
,6|548|510|1064
,6|549|510|1065
,6|549|511|1066
,6|550|511|1067
,6|550|512|1068
,6|551|512|1069
,6|551|513|1070
,6|552|513|1071
,6|552|514|1072
,6|553|514|1073
,6|553|515|1074
,6|554|515|1075
,6|554|516|1076
,6|555|516|1077
,6|555|517|1078
,6|556|517|1079
,6|556|518|1080
,6|557|518|1081
,6|557|519|1082
,6|558|519|1083
,6|558|520|1084
,6|559|520|1085
,6|560|520|1086
,6|561|520|1087
,6|561|521|1088
,6|562|521|1089
,6|563|521|1090
,6|564|521|1091
,6|564|522|1092
,6|565|522|1093
,6|565|523|1094
,6|566|523|1095
,6|566|524|1096
,6|567|524|1097
,6|567|525|1098
,6|568|525|1099
,6|569|525|1100
,6|570|525|1101
,6|570|526|1102
,6|571|526|1103
,6|571|527|1104
,6|572|527|1105
,6|573|527|1106
,6|574|527|1107
,6|574|528|1108
,6|575|528|1109
,6|575|529|1110
,6|576|529|1111
,6|576|530|1112
,6|577|530|1113
,6|578|530|1114
,6|579|530|1115
,6|579|531|1116
,6|580|531|1117
,6|580|532|1118
,6|581|532|1119
,6|581|533|1120
,6|582|533|1121
,6|582|534|1122
,6|583|534|1123
,6|583|535|1124
,6|584|535|1125
,6|584|536|1126
,6|585|536|1127
,6|585|537|1128
,6|586|537|1129
,6|586|538|1130
,6|587|538|1131
,6|587|539|1132
,6|588|539|1133
,6|588|540|1134
,6|589|540|1135
,6|589|541|1136
,6|590|541|1137
,6|590|542|1138
,6|591|542|1139
,6|591|543|1140
,6|592|543|1141
,6|592|544|1142
,6|593|544|1143
,6|593|545|1144
,6|594|545|1145
,6|594|546|1146
,6|595|546|1147
,6|595|547|1148
,6|596|547|1149
,6|596|548|1150
,6|597|548|1151
,6|597|549|1152
,6|598|549|1153
,6|598|550|1154
,6|599|550|1155
,6|599|551|1156
,6|600|551|1157
,6|600|552|1158
,6|601|552|1159
,6|601|553|1160
,6|602|553|1161
,6|602|554|1162
,6|603|554|1163
,6|603|555|1164
,6|604|555|1165
,6|604|556|1166
,6|605|556|1167
,6|605|557|1168
,6|606|557|1169
,6|606|558|1170
,6|607|558|1171
,6|607|559|1172
,6|608|559|1173
,6|608|560|1174
,6|609|560|1175
,6|609|561|1176
,6|610|561|1177
,6|610|562|1178
,6|611|562|1179
,6|611|563|1180
,6|612|563|1181
,6|612|564|1182
,6|613|564|1183
,6|613|565|1184
,6|614|565|1185
,6|614|566|1186
,6|615|566|1187
,6|615|567|1188
,6|616|567|1189
,6|616|568|1190
,6|617|568|1191
,6|617|569|1192
,6|618|569|1193
,6|618|570|1194
,6|619|570|1195
,6|619|571|1196
,6|620|571|1197
,6|620|572|1198
,6|621|572|1199
,6|621|573|1200
,6|622|573|1201
,6|622|574|1202
,6|623|574|1203
,6|623|575|1204
,6|624|575|1205
,6|624|576|1206
,6|625|576|1207
,6|625|577|1208
,6|626|577|1209
,6|626|578|1210
,6|627|578|1211
,6|627|579|1212
,6|628|579|1213
,6|628|580|1214
,6|629|580|1215
,6|630|580|1216
,6|631|580|1217
,6|631|581|1218
,6|632|581|1219
,6|632|582|1220
,6|633|582|1221
,6|633|583|1222
,6|634|583|1223
,6|634|584|1224
,6|635|584|1225
,6|635|585|1226
,6|636|585|1227
,6|636|586|1228
,6|637|586|1229
,6|637|587|1230
,6|638|587|1231
,6|638|588|1232
,6|639|588|1233
,6|639|589|1234
,6|640|589|1235
,6|640|590|1236
,6|641|590|1237
,6|641|591|1238
,6|642|591|1239
,6|642|592|1240
,6|643|592|1241
,6|643|593|1242
,6|644|593|1243
,6|644|594|1244
,6|645|594|1245
,6|645|595|1246
,6|646|595|1247
,6|646|596|1248
,6|647|596|1249
,6|647|597|1250
,6|648|597|1251
,6|649|597|1252
,6|650|597|1253
,6|650|598|1254
,6|651|598|1255
,6|651|599|1256
,6|652|599|1257
,6|652|600|1258
,6|653|600|1259
,6|653|601|1260
,6|654|601|1261
,6|654|602|1262
,6|655|602|1263
,6|655|603|1264
,6|656|603|1265
,6|657|603|1266
,6|658|603|1267
,6|658|604|1268
,6|659|604|1269
,6|659|605|1270
,6|660|605|1271
,6|660|606|1272
,6|661|606|1273
,6|661|607|1274
,6|662|607|1275
,6|662|608|1276
,6|663|608|1277
,6|663|609|1278
,6|664|609|1279
,6|664|610|1280
,6|665|610|1281
,6|665|611|1282
,6|666|611|1283
,6|666|612|1284
,6|667|612|1285
,6|667|613|1286
,6|668|613|1287
,6|668|614|1288
,6|669|614|1289
,6|669|615|1290
,6|670|615|1291
,6|670|616|1292
,6|671|616|1293
,6|671|617|1294
,6|672|617|1295
,6|672|618|1296
,6|673|618|1297
,6|673|619|1298
,6|674|619|1299
,6|674|620|1300
,6|675|620|1301
,6|675|621|1302
,6|676|621|1303
,6|676|622|1304
,6|677|622|1305
,6|677|623|1306
,6|678|623|1307
,6|678|624|1308
,6|679|624|1309
,6|679|625|1310
,6|680|625|1311
,6|680|626|1312
,6|681|626|1313
,6|681|627|1314
,6|682|627|1315
,6|682|628|1316
,6|683|628|1317
,6|683|629|1318
,6|684|629|1319
,6|684|630|1320
,6|685|630|1321
,6|685|631|1322
,6|686|631|1323
,6|686|632|1324
,6|687|632|1325
,6|687|633|1326
,6|688|633|1327
,6|688|634|1328
,6|689|634|1329
,6|689|635|1330
,6|690|635|1331
,6|690|636|1332
,6|691|636|1333
,6|691|637|1334
,6|692|637|1335
,6|692|638|1336
,6|693|638|1337
,6|693|639|1338
,6|694|639|1339
,6|694|640|1340
,6|695|640|1341
,6|695|641|1342
,6|696|641|1343
,6|696|642|1344
,6|697|642|1345
,6|697|643|1346
,6|698|643|1347
,6|698|644|1348
,6|699|644|1349
,6|699|645|1350
,6|700|645|1351
,6|700|646|1352
,6|701|646|1353
,6|701|647|1354
,6|702|647|1355
,6|702|648|1356
,6|703|648|1357
,6|703|649|1358
,6|704|649|1359
,6|705|649|1360
,6|706|649|1361
,6|706|650|1362
,6|707|650|1363
,6|707|651|1364
,6|708|651|1365
,6|708|652|1366
,6|709|652|1367
,6|709|653|1368
,6|710|653|1369
,6|710|654|1370
,6|711|654|1371
,6|711|655|1372
,6|712|655|1373
,6|712|656|1374
,6|713|656|1375
,6|714|656|1376
,6|715|656|1377
,6|715|657|1378
,6|716|657|1379
,6|716|658|1380
,6|717|658|1381
,6|717|659|1382
,6|718|659|1383
,6|718|660|1384
,6|719|660|1385
,6|720|660|1386
,6|721|660|1387
,6|721|661|1388
,6|722|661|1389
,6|723|661|1390
,6|724|661|1391
,6|724|662|1392
,6|725|662|1393
,6|726|662|1394
,6|727|662|1395
,6|728|662|1396
,6|729|662|1397
,6|730|662|1398
,6|731|662|1399
,6|731|663|1400
,6|732|663|1401
,6|733|663|1402
,6|734|663|1403
,6|735|663|1404
,6|736|663|1405
,6|737|663|1406
,6|738|663|1407
,6|739|663|1408
,6|740|663|1409
,6|740|664|1410
,6|741|664|1411
,6|741|665|1412
,6|742|665|1413
,6|743|665|1414
,6|744|665|1415
,6|744|666|1416
,6|745|666|1417
,6|745|667|1418
,6|746|667|1419
,6|746|668|1420
,6|747|668|1421
,6|747|669|1422
,6|748|669|1423
,6|748|670|1424
,6|749|670|1425
,6|749|671|1426
,6|750|671|1427
,6|750|672|1428
,6|751|672|1429
,6|751|673|1430
,6|752|673|1431
,6|752|674|1432
,6|753|674|1433
,6|753|675|1434
,6|754|675|1435
,6|754|676|1436
,6|755|676|1437
,6|755|677|1438
,6|756|677|1439
,6|756|678|1440
,6|757|678|1441
,6|757|679|1442
,6|758|679|1443
,6|758|680|1444
,6|759|680|1445
,6|759|681|1446
,6|760|681|1447
,6|760|682|1448
,6|761|682|1449
,6|761|683|1450
,6|762|683|1451
,6|762|684|1452
,6|763|684|1453
,6|763|685|1454
,6|764|685|1455
,6|764|686|1456
,6|765|686|1457
,6|765|687|1458
,6|766|687|1459
,6|766|688|1460
,6|767|688|1461
,6|767|689|1462
,6|768|689|1463
,6|768|690|1464
,6|769|690|1465
,6|769|691|1466
,6|770|691|1467
,6|770|692|1468
,6|771|692|1469
,6|771|693|1470
,6|772|693|1471
,6|772|694|1472
,6|773|694|1473
,6|773|695|1474
,6|774|695|1475
,6|774|696|1476
,6|775|696|1477
,6|775|697|1478
,6|776|697|1479
,6|776|698|1480
,6|777|698|1481
,6|777|699|1482
,6|778|699|1483
,6|778|700|1484
,6|779|700|1485
,6|779|701|1486
,6|780|701|1487
,6|780|702|1488
,6|781|702|1489
,6|781|703|1490
,6|782|703|1491
,6|782|704|1492
,6|783|704|1493
,6|784|704|1494
,6|785|704|1495
,6|785|705|1496
,6|786|705|1497
,6|786|706|1498
,6|787|706|1499
,6|787|707|1500
,6|788|707|1501
,6|789|707|1502
,6|790|707|1503
,6|790|708|1504
,6|791|708|1505
,6|791|709|1506
,6|792|709|1507
,6|792|710|1508
,6|793|710|1509
,6|793|711|1510
,6|794|711|1511
,6|794|712|1512
,6|795|712|1513
,6|795|713|1514
,6|796|713|1515
,6|796|714|1516
,6|797|714|1517
,6|797|715|1518
,6|798|715|1519
,6|798|716|1520
,6|799|716|1521
,6|799|717|1522
,6|800|717|1523
,6|800|718|1524
,6|801|718|1525
,6|801|719|1526
,6|802|719|1527
,6|802|720|1528
,6|803|720|1529
,6|803|721|1530
,6|804|721|1531
,6|804|722|1532
,6|805|722|1533
,6|805|723|1534
,6|806|723|1535
,6|806|724|1536
,6|807|724|1537
,6|807|725|1538
,6|808|725|1539
,6|808|726|1540
,6|809|726|1541
,6|809|727|1542
,6|810|727|1543
,6|810|728|1544
,6|811|728|1545
,6|811|729|1546
,6|812|729|1547
,6|812|730|1548
,6|813|730|1549
,6|813|731|1550
,6|814|731|1551
,6|814|732|1552
,6|815|732|1553
,6|815|733|1554
,6|816|733|1555
,6|816|734|1556
,6|817|734|1557
,6|817|735|1558
,6|818|735|1559
,6|818|736|1560
,6|819|736|1561
,6|819|737|1562
,6|820|737|1563
,6|820|738|1564
,6|821|738|1565
,6|821|739|1566
,6|822|739|1567
,6|822|740|1568
,6|823|740|1569
,6|823|741|1570
,6|824|741|1571
,6|824|742|1572
,6|825|742|1573
,6|825|743|1574
,6|826|743|1575
,6|826|744|1576
,6|827|744|1577
,6|827|745|1578
,6|828|745|1579
,6|828|746|1580
,6|829|746|1581
,6|829|747|1582
,6|830|747|1583
,6|830|748|1584
,6|831|748|1585
,6|831|749|1586
,6|832|749|1587
,6|832|750|1588
,6|833|750|1589
,6|833|751|1590
,6|834|751|1591
,6|834|752|1592
,6|835|752|1593
,6|835|753|1594
,6|836|753|1595
,6|836|754|1596
,6|837|754|1597
,6|837|755|1598
,6|838|755|1599
,6|838|756|1600
,7|838|756|1601
,7|838|757|1602
,7|839|757|1603
,7|839|758|1604
,7|840|758|1605
,7|840|759|1606
,8|840|759|1607
,8|840|760|1608
,8|841|760|1609
,8|842|760|1610
,8|843|760|1611
,8|843|761|1612
,8|844|761|1613
,8|844|762|1614
,8|845|762|1615
,8|845|763|1616
,8|846|763|1617
,8|846|764|1618
,8|847|764|1619
,8|847|765|1620
,8|848|765|1621
,8|848|766|1622
,8|849|766|1623
,8|849|767|1624
,8|850|767|1625
,8|850|768|1626
,8|851|768|1627
,8|851|769|1628
,8|852|769|1629
,8|852|770|1630
,8|853|770|1631
,8|853|771|1632
,8|854|771|1633
,8|854|772|1634
,8|855|772|1635
,8|855|773|1636
,8|856|773|1637
,8|856|774|1638
,8|857|774|1639
,8|857|775|1640
,8|858|775|1641
,8|858|776|1642
,8|859|776|1643
,8|859|777|1644
,8|860|777|1645
,8|860|778|1646
,8|861|778|1647
,8|861|779|1648
,8|862|779|1649
,8|862|780|1650
,8|863|780|1651
,8|863|781|1652
,8|864|781|1653
,8|864|782|1654
,8|865|782|1655
,8|865|783|1656
,8|866|783|1657
,8|866|784|1658
,8|867|784|1659
,8|867|785|1660
,8|868|785|1661
,8|868|786|1662
,8|869|786|1663
,8|869|787|1664
,8|870|787|1665
,8|870|788|1666
,8|871|788|1667
,8|871|789|1668
,8|872|789|1669
,8|872|790|1670
,8|873|790|1671
,8|873|791|1672
,8|874|791|1673
,8|874|792|1674
,8|875|792|1675
,8|875|793|1676
,8|876|793|1677
,8|876|794|1678
,8|877|794|1679
,8|877|795|1680
,8|878|795|1681
,8|878|796|1682
,8|879|796|1683
,8|879|797|1684
,8|880|797|1685
,8|880|798|1686
,8|881|798|1687
,8|881|799|1688
,8|882|799|1689
,8|882|800|1690
,8|883|800|1691
,8|883|801|1692
,8|884|801|1693
,8|884|802|1694
,8|885|802|1695
,8|885|803|1696
,8|886|803|1697
,8|886|804|1698
,8|887|804|1699
,8|887|805|1700
,8|888|805|1701
,8|888|806|1702
,8|889|806|1703
,8|889|807|1704
,8|890|807|1705
,8|890|808|1706
,8|891|808|1707
,8|891|809|1708
,8|892|809|1709
,8|892|810|1710
,8|893|810|1711
,8|893|811|1712
,8|894|811|1713
,8|894|812|1714
,8|895|812|1715
,8|895|813|1716
,8|896|813|1717
,8|896|814|1718
,8|897|814|1719
,8|897|815|1720
,8|898|815|1721
,8|898|816|1722
,8|899|816|1723
,8|899|817|1724
,8|900|817|1725
,8|900|818|1726
,8|901|818|1727
,8|901|819|1728
,8|902|819|1729
,8|902|820|1730
,8|903|820|1731
,8|903|821|1732
,8|904|821|1733
,8|904|822|1734
,8|905|822|1735
,8|905|823|1736
,8|906|823|1737
,8|906|824|1738
,8|907|824|1739
,8|907|825|1740
,8|908|825|1741
,8|908|826|1742
,8|909|826|1743
,8|909|827|1744
,8|910|827|1745
,8|910|828|1746
,8|911|828|1747
,8|911|829|1748
,8|912|829|1749
,8|912|830|1750
,8|913|830|1751
,8|913|831|1752
,8|914|831|1753
,8|915|831|1754
,8|916|831|1755
,8|916|832|1756
,8|917|832|1757
,8|917|833|1758
,8|918|833|1759
,8|918|834|1760
,8|919|834|1761
,8|920|834|1762
,8|921|834|1763
,8|921|835|1764
,8|922|835|1765
,8|922|836|1766
,8|923|836|1767
,8|923|837|1768
,8|924|837|1769
,8|924|838|1770
,8|925|838|1771
,8|925|839|1772
,8|926|839|1773
,8|926|840|1774
,8|927|840|1775
,8|927|841|1776
,8|928|841|1777
,8|928|842|1778
,8|929|842|1779
,8|929|843|1780
,8|930|843|1781
,8|930|844|1782
,8|931|844|1783
,8|931|845|1784
,8|932|845|1785
,8|932|846|1786
,8|933|846|1787
,8|933|847|1788
,8|934|847|1789
,8|935|847|1790
,8|936|847|1791
,8|936|848|1792
,8|937|848|1793
,8|937|849|1794
,8|938|849|1795
,8|939|849|1796
,8|940|849|1797
,8|940|850|1798
,8|941|850|1799
,8|941|851|1800
,8|942|851|1801
,8|942|852|1802
,8|943|852|1803
,8|943|853|1804
,8|944|853|1805
,8|945|853|1806
,8|946|853|1807
,8|946|854|1808
,8|947|854|1809
,8|947|855|1810
,8|948|855|1811
,8|948|856|1812
,8|949|856|1813
,8|949|857|1814
,8|950|857|1815
,8|950|858|1816
,8|951|858|1817
,8|951|859|1818
,8|952|859|1819
,8|952|860|1820
,8|953|860|1821
,8|953|861|1822
,8|954|861|1823
,8|954|862|1824
,8|955|862|1825
,8|955|863|1826
,8|956|863|1827
,8|956|864|1828
,8|957|864|1829
,8|957|865|1830
,8|958|865|1831
,8|958|866|1832
,8|959|866|1833
,8|959|867|1834
,8|960|867|1835
,8|960|868|1836
,8|961|868|1837
,8|961|869|1838
,8|962|869|1839
,8|962|870|1840
,8|963|870|1841
,8|963|871|1842
,8|964|871|1843
,8|964|872|1844
,8|965|872|1845
,8|965|873|1846
,8|966|873|1847
,8|966|874|1848
,8|967|874|1849
,8|967|875|1850
,8|968|875|1851
,8|968|876|1852
,8|969|876|1853
,8|969|877|1854
,8|970|877|1855
,8|970|878|1856
,8|971|878|1857
,8|971|879|1858
,8|972|879|1859
,8|972|880|1860
,8|973|880|1861
,8|973|881|1862
,8|974|881|1863
,8|974|882|1864
,8|975|882|1865
,8|975|883|1866
,8|976|883|1867
,8|976|884|1868
,8|977|884|1869
,8|977|885|1870
,8|978|885|1871
,8|978|886|1872
,8|979|886|1873
,8|979|887|1874
,8|980|887|1875
,8|980|888|1876
,8|981|888|1877
,8|981|889|1878
,8|982|889|1879
,8|982|890|1880
,8|983|890|1881
,8|983|891|1882
,8|984|891|1883
,8|984|892|1884
,8|985|892|1885
,8|985|893|1886
,8|986|893|1887
,8|986|894|1888
,8|987|894|1889
,8|987|895|1890
,8|988|895|1891
,8|988|896|1892
,8|989|896|1893
,8|989|897|1894
,8|990|897|1895
,8|990|898|1896
,8|991|898|1897
,8|991|899|1898
,8|992|899|1899
,8|993|899|1900
,8|994|899|1901
,8|994|900|1902
,8|995|900|1903
,8|995|901|1904
,8|996|901|1905
,8|996|902|1906
,8|997|902|1907
,8|997|903|1908
,8|998|903|1909
,8|998|904|1910
,8|999|904|1911
,8|999|905|1912
,8|1000|905|1913
,8|1001|905|1914
,8|1002|905|1915
,8|1002|906|1916
,8|1003|906|1917
,8|1003|907|1918
,8|1004|907|1919
,8|1004|908|1920
,8|1005|908|1921
,8|1005|909|1922
,8|1006|909|1923
,8|1006|910|1924
,8|1007|910|1925
,8|1007|911|1926
,8|1008|911|1927
,8|1008|912|1928
,8|1009|912|1929
,8|1009|913|1930
,8|1010|913|1931
,8|1010|914|1932
,8|1011|914|1933
,8|1011|915|1934
,8|1012|915|1935
,8|1012|916|1936
,8|1013|916|1937
,8|1013|917|1938
,8|1014|917|1939
,8|1014|918|1940
,8|1015|918|1941
,8|1015|919|1942
,8|1016|919|1943
,8|1016|920|1944
,8|1017|920|1945
,8|1017|921|1946
,8|1018|921|1947
,8|1018|922|1948
,8|1019|922|1949
,8|1020|922|1950
,8|1021|922|1951
,8|1021|923|1952
,8|1022|923|1953
,8|1022|924|1954
,8|1023|924|1955
,8|1023|925|1956
,8|1024|925|1957
,8|1024|926|1958
,8|1025|926|1959
,8|1025|927|1960
,8|1026|927|1961
,8|1026|928|1962
,8|1027|928|1963
,8|1027|929|1964
,8|1028|929|1965
,8|1028|930|1966
,8|1029|930|1967
,8|1029|931|1968
,8|1030|931|1969
,8|1030|932|1970
,8|1031|932|1971
,8|1031|933|1972
,8|1032|933|1973
,8|1032|934|1974
,8|1033|934|1975
,8|1033|935|1976
,8|1034|935|1977
,8|1034|936|1978
,8|1035|936|1979
,8|1035|937|1980
,8|1036|937|1981
,8|1036|938|1982
,8|1037|938|1983
,8|1037|939|1984
,8|1038|939|1985
,8|1038|940|1986
,8|1039|940|1987
,8|1039|941|1988
,8|1040|941|1989
,8|1040|942|1990
,8|1041|942|1991
,8|1041|943|1992
,8|1042|943|1993
,8|1042|944|1994
,8|1043|944|1995
,8|1043|945|1996
,8|1044|945|1997
,8|1044|946|1998
,8|1045|946|1999
,8|1045|947|2000
