total
,0|0|1|1
,0|0|2|2
,0|0|3|3
,0|0|4|4
,0|0|5|5
,1|0|5|6
,1|0|6|7
,1|1|6|8
,1|1|7|9
,1|2|7|10
,1|3|7|11
,1|4|7|12
,2|4|7|13
,2|4|8|14
,2|5|8|15
,2|6|8|16
,2|6|9|17
,2|7|9|18
,2|7|10|19
,3|7|10|20
,4|7|10|21
,4|7|11|22
,4|7|12|23
,4|8|12|24
,4|8|13|25
,4|9|13|26
,4|9|14|27
,4|10|14|28
,5|10|14|29
,5|10|15|30
,5|10|16|31
,5|11|16|32
,5|12|16|33
,5|13|16|34
,5|13|17|35
,5|14|17|36
,5|15|17|37
,5|16|17|38
,5|16|18|39
,5|17|18|40
,5|17|19|41
,5|17|20|42
,5|17|21|43
,5|17|22|44
,5|18|22|45
,5|18|23|46
,5|18|24|47
,5|19|24|48
,5|19|25|49
,5|19|26|50
,5|20|26|51
,5|20|27|52
,5|20|28|53
,5|20|29|54
,5|20|30|55
,5|20|31|56
,5|20|32|57
,5|20|33|58
,5|21|33|59
,5|21|34|60
,5|21|35|61
,5|21|36|62
,5|21|37|63
,5|21|38|64
,5|21|39|65
,5|21|40|66
,5|22|40|67
,5|22|41|68
,5|22|42|69
,5|22|43|70
,5|22|44|71
,5|22|45|72
,5|22|46|73
,5|22|47|74
,5|23|47|75
,5|23|48|76
,5|24|48|77
,5|25|48|78
,5|26|48|79
,5|27|48|80
,5|28|48|81
,5|29|48|82
,5|29|49|83
,5|30|49|84
,5|30|50|85
,5|31|50|86
,5|32|50|87
,5|33|50|88
,5|34|50|89
,5|35|50|90
,5|36|50|91
,5|37|50|92
,5|37|51|93
,5|38|51|94
,5|39|51|95
,5|40|51|96
,5|41|51|97
,5|42|51|98
,5|42|52|99
,5|43|52|100
,5|43|53|101
,5|44|53|102
,5|44|54|103
,5|45|54|104
,5|45|55|105
,6|45|55|106
,6|45|56|107
,6|46|56|108
,6|47|56|109
,6|48|56|110
,6|48|57|111
,6|49|57|112
,6|50|57|113
,6|51|57|114
,6|51|58|115
,6|52|58|116
,6|53|58|117
,6|54|58|118
,6|54|59|119
,6|54|60|120
,6|54|61|121
,6|55|61|122
,6|55|62|123
,6|56|62|124
,6|56|63|125
,6|57|63|126
,7|57|63|127
,7|57|64|128
,7|57|65|129
,7|58|65|130
,7|58|66|131
,7|59|66|132
,7|59|67|133
,7|60|67|134
,8|60|67|135
,8|60|68|136
,8|60|69|137
,8|61|69|138
,8|61|70|139
,8|62|70|140
,8|62|71|141
,8|63|71|142
,8|63|72|143
,8|63|73|144
,8|63|74|145
,8|64|74|146
,8|64|75|147
,8|65|75|148
,9|65|75|149
,9|66|75|150
,9|66|76|151
,9|67|76|152
,9|67|77|153
,9|68|77|154
,9|68|78|155
,9|69|78|156
,9|69|79|157
,9|70|79|158
,9|70|80|159
,9|71|80|160
,9|71|81|161
,9|72|81|162
,9|73|81|163
,9|74|81|164
,9|74|82|165
,9|74|83|166
,9|74|84|167
,9|75|84|168
,9|75|85|169
,9|76|85|170
,9|77|85|171
,9|78|85|172
,9|78|86|173
,9|78|87|174
,9|78|88|175
,9|79|88|176
,9|79|89|177
,9|80|89|178
,9|80|90|179
,9|81|90|180
,9|81|91|181
,9|82|91|182
,9|82|92|183
,9|83|92|184
,9|83|93|185
,9|84|93|186
,9|84|94|187
,9|85|94|188
,9|85|95|189
,9|86|95|190
,9|86|96|191
,9|87|96|192
,9|87|97|193
,9|88|97|194
,9|89|97|195
,9|90|97|196
,9|90|98|197
,9|91|98|198
,9|91|99|199
,9|92|99|200
,9|93|99|201
,9|94|99|202
,9|95|99|203
,9|96|99|204
,9|96|100|205
,9|97|100|206
,9|98|100|207
,9|99|100|208
,9|100|100|209
,9|101|100|210
,9|102|100|211
,9|103|100|212
,9|104|100|213
,9|105|100|214
,9|106|100|215
,9|107|100|216
,9|108|100|217
,9|109|100|218
,9|110|100|219
,9|111|100|220
,9|111|101|221
,9|112|101|222
,9|112|102|223
,9|113|102|224
,9|114|102|225
,9|115|102|226
,9|116|102|227
,9|117|102|228
,9|118|102|229
,9|119|102|230
,9|120|102|231
,9|121|102|232
,9|122|102|233
,9|122|103|234
,9|123|103|235
,9|123|104|236
,9|124|104|237
,9|124|105|238
,10|124|105|239
,10|124|106|240
,10|125|106|241
,10|125|107|242
,10|126|107|243
,10|126|108|244
,10|127|108|245
,10|127|109|246
,10|128|109|247
,10|128|110|248
,10|129|110|249
,10|129|111|250
,11|129|111|251
,11|129|112|252
,11|130|112|253
,11|130|113|254
,12|130|113|255
,12|130|114|256
,13|130|114|257
,13|130|115|258
,13|131|115|259
,13|131|116|260
,14|131|116|261
,14|131|117|262
,15|131|117|263
,15|131|118|264
,15|132|118|265
,15|132|119|266
,15|133|119|267
,15|133|120|268
,15|134|120|269
,15|134|121|270
,15|135|121|271
,15|136|121|272
,15|137|121|273
,15|138|121|274
,15|138|122|275
,15|139|122|276
,15|139|123|277
,15|140|123|278
,15|141|123|279
,15|142|123|280
,15|143|123|281
,15|143|124|282
,15|143|125|283
,15|144|125|284
,15|145|125|285
,15|146|125|286
,15|146|126|287
,15|146|127|288
,15|147|127|289
,15|148|127|290
,15|149|127|291
,15|150|127|292
,15|151|127|293
,15|152|127|294
,15|153|127|295
,15|154|127|296
,15|155|127|297
,15|156|127|298
,15|157|127|299
,15|158|127|300
,15|159|127|301
,15|160|127|302
,15|161|127|303
,15|162|127|304
,15|163|127|305
,15|164|127|306
,15|165|127|307
,15|166|127|308
,15|166|128|309
,15|166|129|310
,15|166|130|311
,15|167|130|312
,15|167|131|313
,15|168|131|314
,15|168|132|315
,15|169|132|316
,15|169|133|317
,15|170|133|318
,15|170|134|319
,15|170|135|320
,15|170|136|321
,15|171|136|322
,15|171|137|323
,15|172|137|324
,15|172|138|325
,15|172|139|326
,15|172|140|327
,15|173|140|328
,15|173|141|329
,15|174|141|330
,15|174|142|331
,15|175|142|332
,15|175|143|333
,15|175|144|334
,15|175|145|335
,15|176|145|336
,15|176|146|337
,15|177|146|338
,15|177|147|339
,15|177|148|340
,15|177|149|341
,15|178|149|342
,15|178|150|343
,15|179|150|344
,15|179|151|345
,15|180|151|346
,15|181|151|347
,15|182|151|348
,15|183|151|349
,15|184|151|350
,15|184|152|351
,15|185|152|352
,15|185|153|353
,15|186|153|354
,15|186|154|355
,15|187|154|356
,15|187|155|357
,15|188|155|358
,15|189|155|359
,15|190|155|360
,15|191|155|361
,15|192|155|362
,15|193|155|363
,15|194|155|364
,15|195|155|365
,15|196|155|366
,15|196|156|367
,15|197|156|368
,15|198|156|369
,16|198|156|370
,16|199|156|371
,16|200|156|372
,16|201|156|373
,16|202|156|374
,16|202|157|375
,16|203|157|376
,16|204|157|377
,16|205|157|378
,16|206|157|379
,16|207|157|380
,16|208|157|381
,16|209|157|382
,16|210|157|383
,16|211|157|384
,17|211|157|385
,17|211|158|386
,17|212|158|387
,17|212|159|388
,17|213|159|389
,17|213|160|390
,17|214|160|391
,17|214|161|392
,17|215|161|393
,17|215|162|394
,17|216|162|395
,17|216|163|396
,17|217|163|397
,17|217|164|398
,17|218|164|399
,17|218|165|400
,17|219|165|401
,17|219|166|402
,17|220|166|403
,17|220|167|404
,17|221|167|405
,17|221|168|406
,17|222|168|407
,17|222|169|408
,18|222|169|409
,18|222|170|410
,19|222|170|411
,19|222|171|412
,19|222|172|413
,19|222|173|414
,19|223|173|415
,19|223|174|416
,19|224|174|417
,19|224|175|418
,19|225|175|419
,19|225|176|420
,19|226|176|421
,19|226|177|422
,19|226|178|423
,19|227|178|424
,19|227|179|425
,19|228|179|426
,19|228|180|427
,19|229|180|428
,19|229|181|429
,19|230|181|430
,19|230|182|431
,19|231|182|432
,19|231|183|433
,19|232|183|434
,19|232|184|435
,19|233|184|436
,19|233|185|437
,19|234|185|438
,19|234|186|439
,19|235|186|440
,19|235|187|441
,19|236|187|442
,19|236|188|443
,19|237|188|444
,19|237|189|445
,19|238|189|446
,19|238|190|447
,19|239|190|448
,19|239|191|449
,19|240|191|450
,19|240|192|451
,19|241|192|452
,19|241|193|453
,19|242|193|454
,19|242|194|455
,19|243|194|456
,19|243|195|457
,19|244|195|458
,19|244|196|459
,19|245|196|460
,19|245|197|461
,19|245|198|462
,19|245|199|463
,19|246|199|464
,19|246|200|465
,19|246|201|466
,19|246|202|467
,19|247|202|468
,19|247|203|469
,19|248|203|470
,19|248|204|471
,19|248|205|472
,19|248|206|473
,19|249|206|474
,19|249|207|475
,19|250|207|476
,19|250|208|477
,19|251|208|478
,19|251|209|479
,19|251|210|480
,19|251|211|481
,19|252|211|482
,19|252|212|483
,19|253|212|484
,19|253|213|485
,19|254|213|486
,19|254|214|487
,19|255|214|488
,19|255|215|489
,19|255|216|490
,19|255|217|491
,19|256|217|492
,19|256|218|493
,19|257|218|494
,19|257|219|495
,19|258|219|496
,19|258|220|497
,19|259|220|498
,19|259|221|499
,19|260|221|500
,19|261|221|501
,19|262|221|502
,19|262|222|503
,19|263|222|504
,19|263|223|505
,19|264|223|506
,19|265|223|507
,19|266|223|508
,19|267|223|509
,19|267|224|510
,19|268|224|511
,19|269|224|512
,19|269|225|513
,19|270|225|514
,19|271|225|515
,19|272|225|516
,19|273|225|517
,19|273|226|518
,19|273|227|519
,19|274|227|520
,19|274|228|521
,19|275|228|522
,19|275|229|523
,19|276|229|524
,19|276|230|525
,19|277|230|526
,19|278|230|527
,19|279|230|528
,19|279|231|529
,19|280|231|530
,19|280|232|531
,19|281|232|532
,19|281|233|533
,19|282|233|534
,19|283|233|535
,19|284|233|536
,19|284|234|537
,19|284|235|538
,19|285|235|539
,19|285|236|540
,19|285|237|541
,19|285|238|542
,19|285|239|543
,19|285|240|544
,19|285|241|545
,19|285|242|546
,19|286|242|547
,19|286|243|548
,19|286|244|549
,19|286|245|550
,19|286|246|551
,19|286|247|552
,19|287|247|553
,19|287|248|554
,20|287|248|555
,20|287|249|556
,20|287|250|557
,20|287|251|558
,20|287|252|559
,20|287|253|560
,20|287|254|561
,20|287|255|562
,20|287|256|563
,20|287|257|564
,20|287|258|565
,20|287|259|566
,20|287|260|567
,20|287|261|568
,20|287|262|569
,20|287|263|570
,21|287|263|571
,21|287|264|572
,21|287|265|573
,21|287|266|574
,21|287|267|575
,21|288|267|576
,21|288|268|577
,21|289|268|578
,21|289|269|579
,21|290|269|580
,21|290|270|581
,21|291|270|582
,21|291|271|583
,21|292|271|584
,21|292|272|585
,21|293|272|586
,21|293|273|587
,21|294|273|588
,21|294|274|589
,21|295|274|590
,21|295|275|591
,21|296|275|592
,21|296|276|593
,21|297|276|594
,21|297|277|595
,21|298|277|596
,21|298|278|597
,21|299|278|598
,21|299|279|599
,21|300|279|600
,21|300|280|601
,21|301|280|602
,21|301|281|603
,21|302|281|604
,21|302|282|605
,21|303|282|606
,21|303|283|607
,21|304|283|608
,21|304|284|609
,21|305|284|610
,21|305|285|611
,21|306|285|612
,21|306|286|613
,21|306|287|614
,21|307|287|615
,21|308|287|616
,21|308|288|617
,21|309|288|618
,21|309|289|619
,21|310|289|620
,21|311|289|621
,21|312|289|622
,21|313|289|623
,21|313|290|624
,21|314|290|625
,21|315|290|626
,21|315|291|627
,21|316|291|628
,21|317|291|629
,21|318|291|630
,21|319|291|631
,21|319|292|632
,21|319|293|633
,21|320|293|634
,21|320|294|635
,21|321|294|636
,21|321|295|637
,21|321|296|638
,21|321|297|639
,21|321|298|640
,21|321|299|641
,21|322|299|642
,21|322|300|643
,21|323|300|644
,21|324|300|645
,21|325|300|646
,21|325|301|647
,21|326|301|648
,21|327|301|649
,21|328|301|650
,21|328|302|651
,21|329|302|652
,21|329|303|653
,21|330|303|654
,21|330|304|655
,21|331|304|656
,21|331|305|657
,21|332|305|658
,21|332|306|659
,21|333|306|660
,21|334|307|662
,21|335|307|663
,21|335|308|664
,21|336|308|665
,21|336|309|666
,21|337|309|667
,21|337|310|668
,21|338|310|669
,21|338|311|670
,21|339|311|671
,21|339|312|672
,21|340|312|673
,21|340|313|674
,21|341|313|675
,21|341|314|676
,21|342|314|677
,21|342|315|678
,21|343|315|679
,21|343|316|680
,21|344|316|681
,21|344|317|682
,21|345|317|683
,21|345|318|684
,21|346|318|685
,21|346|319|686
,21|347|319|687
,21|347|320|688
,21|348|320|689
,21|349|320|690
,21|350|320|691
,21|351|320|692
,21|352|320|693
,21|353|320|694
,21|354|320|695
,21|355|320|696
,21|356|320|697
,21|357|320|698
,21|358|320|699
,21|359|320|700
,21|360|320|701
,21|361|320|702
,21|362|320|703
,21|363|320|704
,21|364|320|705
,21|365|320|706
,21|366|320|707
,21|367|320|708
,21|368|320|709
,21|369|320|710
,21|370|320|711
,21|371|320|712
,21|372|320|713
,21|373|320|714
,21|374|320|715
,21|375|320|716
,21|376|320|717
,21|377|320|718
,21|378|320|719
,21|379|320|720
,21|380|320|721
,21|381|320|722
,21|382|320|723
,21|383|320|724
,21|384|320|725
,21|385|320|726
,21|386|320|727
,21|386|321|728
,21|387|321|729
,21|387|322|730
,21|388|322|731
,21|388|323|732
,21|389|323|733
,21|389|324|734
,21|390|324|735
,21|390|325|736
,21|391|325|737
,21|391|326|738
,21|392|326|739
,21|392|327|740
,21|393|327|741
,21|393|328|742
,21|394|328|743
,21|394|329|744
,21|395|329|745
,21|395|330|746
,21|396|330|747
,21|396|331|748
,21|397|331|749
,21|397|332|750
,21|398|332|751
,21|398|333|752
,21|399|333|753
,21|399|334|754
,21|400|334|755
,21|400|335|756
,21|401|335|757
,21|401|336|758
,21|402|336|759
,21|402|337|760
,21|403|337|761
,21|403|338|762
,21|404|338|763
,21|404|339|764
,21|404|340|765
,21|404|341|766
,21|405|341|767
,21|406|341|768
,21|406|342|769
,21|406|343|770
,21|407|343|771
,21|407|344|772
,21|408|344|773
,21|409|344|774
,21|409|345|775
,22|409|345|776
,22|410|345|777
,22|411|345|778
,22|411|346|779
,22|411|347|780
,22|412|347|781
,22|413|347|782
,22|413|348|783
,23|413|348|784
,23|414|348|785
,23|414|349|786
,23|414|350|787
,23|414|351|788
,23|415|351|789
,23|416|351|790
,23|416|352|791
,23|416|353|792
,23|417|353|793
,23|417|354|794
,23|418|354|795
,23|418|355|796
,23|419|355|797
,23|419|356|798
,23|419|357|799
,23|419|358|800
,23|419|359|801
,23|419|360|802
,23|420|360|803
,23|421|360|804
,23|422|360|805
,23|422|361|806
,23|423|361|807
,23|424|361|808
,23|425|361|809
,23|425|362|810
,23|426|362|811
,23|427|362|812
,23|428|362|813
,23|428|363|814
,23|429|363|815
,23|429|364|816
,23|430|364|817
,23|430|365|818
,23|431|365|819
,23|431|366|820
,23|432|366|821
,23|432|367|822
,23|433|367|823
,23|434|367|824
,23|435|367|825
,23|436|367|826
,23|437|367|827
,23|437|368|828
,23|438|368|829
,23|439|368|830
,23|440|368|831
,23|440|369|832
,23|441|369|833
,23|442|369|834
,23|443|369|835
,23|443|370|836
,23|444|370|837
,23|444|371|838
,23|444|372|839
,23|444|373|840
,23|444|374|841
,23|444|375|842
,23|445|375|843
,23|445|376|844
,23|445|377|845
,23|445|378|846
,23|446|378|847
,23|446|379|848
,23|446|380|849
,23|446|381|850
,23|447|381|851
,23|447|382|852
,23|447|383|853
,24|447|383|854
,24|448|383|855
,24|448|384|856
,24|448|385|857
,24|448|386|858
,24|449|386|859
,24|449|387|860
,24|449|388|861
,25|449|388|862
,25|450|388|863
,25|450|389|864
,25|450|390|865
,25|450|391|866
,25|451|391|867
,25|451|392|868
,25|451|393|869
,25|451|394|870
,25|452|394|871
,26|452|394|872
,26|453|394|873
,26|453|395|874
,26|454|395|875
,26|454|396|876
,26|455|396|877
,26|455|397|878
,26|456|397|879
,26|456|398|880
,26|456|399|881
,26|456|400|882
,26|457|400|883
,26|457|401|884
,26|458|401|885
,26|458|402|886
,26|459|402|887
,26|460|402|888
,26|460|403|889
,26|460|404|890
,26|461|404|891
,26|461|405|892
,26|462|405|893
,26|462|406|894
,26|463|406|895
,26|463|407|896
,26|464|407|897
,26|464|408|898
,26|465|408|899
,26|465|409|900
,26|466|409|901
,26|466|410|902
,26|467|410|903
,26|467|411|904
,26|468|411|905
,26|468|412|906
,26|469|412|907
,26|470|412|908
,26|471|412|909
,26|471|413|910
,26|472|413|911
,26|473|413|912
,26|474|413|913
,26|474|414|914
,26|475|414|915
,26|475|415|916
,26|476|415|917
,26|477|415|918
,26|478|415|919
,26|479|415|920
,26|480|415|921
,26|480|416|922
,26|481|416|923
,26|481|417|924
,27|481|417|925
,27|482|417|926
,27|483|417|927
,27|484|417|928
,27|485|417|929
,27|485|418|930
,27|486|418|931
,27|487|418|932
,27|488|418|933
,27|489|418|934
,27|490|418|935
,27|491|418|936
,27|492|418|937
,27|493|418|938
,27|494|418|939
,27|495|418|940
,28|495|418|941
,28|496|418|942
,28|497|418|943
,28|497|419|944
,28|498|419|945
,28|499|419|946
,28|499|420|947
,29|499|420|948
,29|499|421|949
,30|499|421|950
,30|499|422|951
,31|499|422|952
,31|499|423|953
,32|499|423|954
,32|499|424|955
,32|500|424|956
,32|500|425|957
,32|500|426|958
,32|500|427|959
,32|501|427|960
,32|501|428|961
,33|501|428|962
,33|501|429|963
,33|502|429|964
,33|502|430|965
,33|503|430|966
,33|503|431|967
,33|504|431|968
,33|504|432|969
,34|504|432|970
,34|504|433|971
,34|505|433|972
,34|505|434|973
,34|506|434|974
,34|506|435|975
,35|506|435|976
,35|506|436|977
,35|507|436|978
,35|507|437|979
,35|508|437|980
,35|508|438|981
,35|509|438|982
,35|510|438|983
,35|511|438|984
,35|512|438|985
,35|513|438|986
,35|513|439|987
,35|513|440|988
,35|514|440|989
,35|514|441|990
,35|514|442|991
,35|515|442|992
,35|516|442|993
,35|516|443|994
,35|517|443|995
,35|518|443|996
,35|518|444|997
,35|518|445|998
,35|519|445|999
,35|519|446|1000
,35|520|446|1001
,35|521|446|1002
,35|522|446|1003
,35|523|446|1004
,35|524|446|1005
,35|524|447|1006
,35|525|447|1007
,35|526|447|1008
,35|527|447|1009
,35|527|448|1010
,35|528|448|1011
,35|528|449|1012
,35|529|449|1013
,35|530|449|1014
,35|531|449|1015
,35|532|449|1016
,35|533|449|1017
,35|534|449|1018
,35|535|449|1019
,35|535|450|1020
,35|535|451|1021
,35|535|452|1022
,35|536|452|1023
,35|536|453|1024
,35|537|453|1025
,35|537|454|1026
,35|537|455|1027
,35|537|456|1028
,35|538|456|1029
,35|538|457|1030
,35|539|457|1031
,35|539|458|1032
,35|539|459|1033
,35|539|460|1034
,35|540|460|1035
,35|540|461|1036
,35|540|462|1037
,35|540|463|1038
,35|541|463|1039
,35|541|464|1040
,35|541|465|1041
,35|541|466|1042
,35|542|466|1043
,35|542|467|1044
,35|542|468|1045
,35|542|469|1046
,35|543|469|1047
,35|543|470|1048
,35|544|470|1049
,35|544|471|1050
,35|544|472|1051
,35|544|473|1052
,35|544|474|1053
,35|544|475|1054
,35|545|475|1055
,35|545|476|1056
,35|546|476|1057
,35|546|477|1058
,35|547|477|1059
,35|547|478|1060
,35|548|478|1061
,35|549|478|1062
,35|550|478|1063
,35|551|478|1064
,35|552|478|1065
,35|553|478|1066
,35|554|478|1067
,35|555|478|1068
,35|556|478|1069
,35|557|478|1070
,35|558|478|1071
,35|559|478|1072
,35|560|478|1073
,35|561|478|1074
,35|562|478|1075
,35|563|478|1076
,35|564|478|1077
,35|564|479|1078
,35|565|479|1079
,35|566|479|1080
,35|567|479|1081
,35|567|480|1082
,35|568|480|1083
,35|569|480|1084
,35|570|480|1085
,35|571|480|1086
,35|572|480|1087
,35|573|480|1088
,35|574|480|1089
,35|575|480|1090
,35|575|481|1091
,35|576|481|1092
,35|576|482|1093
,36|576|482|1094
,36|576|483|1095
,36|577|483|1096
,36|577|484|1097
,37|577|484|1098
,37|577|485|1099
,38|577|485|1100
,38|577|486|1101
,39|577|486|1102
,39|577|487|1103
,39|578|487|1104
,39|578|488|1105
,39|579|488|1106
,39|579|489|1107
,39|580|489|1108
,39|580|490|1109
,40|580|490|1110
,40|580|491|1111
,40|581|491|1112
,40|581|492|1113
,40|582|492|1114
,40|582|493|1115
,40|583|493|1116
,40|583|494|1117
,40|584|494|1118
,40|584|495|1119
,41|584|495|1120
,41|584|496|1121
,41|585|496|1122
,41|585|497|1123
,42|585|497|1124
,42|585|498|1125
,42|586|498|1126
,42|587|498|1127
,42|587|499|1128
,42|588|499|1129
,42|588|500|1130
,42|589|500|1131
,42|589|501|1132
,42|590|501|1133
,42|590|502|1134
,42|591|502|1135
,42|591|503|1136
,42|592|503|1137
,42|592|504|1138
,42|593|504|1139
,42|593|505|1140
,42|594|505|1141
,42|594|506|1142
,42|595|506|1143
,42|595|507|1144
,42|596|507|1145
,42|596|508|1146
,42|597|508|1147
,42|597|509|1148
,42|598|509|1149
,42|598|510|1150
,42|599|510|1151
,42|599|511|1152
,42|600|511|1153
,42|600|512|1154
,42|601|512|1155
,42|601|513|1156
,42|602|513|1157
,42|602|514|1158
,42|603|514|1159
,42|603|515|1160
,42|604|515|1161
,42|604|516|1162
,42|605|516|1163
,42|605|517|1164
,42|605|518|1165
,42|605|519|1166
,42|606|519|1167
,42|606|520|1168
,42|607|520|1169
,42|607|521|1170
,42|607|522|1171
,42|607|523|1172
,42|608|523|1173
,42|608|524|1174
,42|608|525|1175
,42|608|526|1176
,42|609|526|1177
,42|609|527|1178
,42|609|528|1179
,42|609|529|1180
,42|610|529|1181
,42|610|530|1182
,42|611|530|1183
,42|611|531|1184
,42|611|532|1185
,42|611|533|1186
,42|612|533|1187
,42|612|534|1188
,42|612|535|1189
,42|612|536|1190
,42|613|536|1191
,42|613|537|1192
,42|614|537|1193
,42|614|538|1194
,42|614|539|1195
,42|614|540|1196
,42|615|540|1197
,42|615|541|1198
,42|616|541|1199
,42|616|542|1200
,42|617|542|1201
,42|617|543|1202
,42|618|543|1203
,42|618|544|1204
,42|619|544|1205
,42|619|545|1206
,42|619|546|1207
,42|620|546|1208
,42|621|546|1209
,42|621|547|1210
,42|622|547|1211
,42|622|548|1212
,42|623|548|1213
,42|624|548|1214
,42|624|549|1215
,42|625|549|1216
,42|626|549|1217
,42|626|550|1218
,42|627|550|1219
,42|627|551|1220
,42|628|551|1221
,42|628|552|1222
,42|629|552|1223
,42|629|553|1224
,42|630|553|1225
,42|630|554|1226
,42|631|554|1227
,42|631|555|1228
,42|632|555|1229
,42|633|555|1230
,42|634|555|1231
,42|634|556|1232
,42|635|556|1233
,42|635|557|1234
,42|635|558|1235
,42|636|558|1236
,42|636|559|1237
,42|636|560|1238
,42|636|561|1239
,42|636|562|1240
,42|636|563|1241
,42|636|564|1242
,42|636|565|1243
,42|637|565|1244
,42|637|566|1245
,42|638|566|1246
,42|638|567|1247
,42|638|568|1248
,42|638|569|1249
,42|639|569|1250
,42|639|570|1251
,42|640|570|1252
,42|640|571|1253
,42|640|572|1254
,42|640|573|1255
,42|640|574|1256
,42|640|575|1257
,43|640|575|1258
,43|640|576|1259
,43|640|577|1260
,43|640|578|1261
,43|640|579|1262
,43|640|580|1263
,44|640|580|1264
,44|640|581|1265
,44|641|581|1266
,44|641|582|1267
,44|641|583|1268
,44|641|584|1269
,44|641|585|1270
,44|642|585|1271
,44|642|586|1272
,44|643|586|1273
,44|643|587|1274
,44|644|587|1275
,44|644|588|1276
,44|645|588|1277
,44|645|589|1278
,44|646|589|1279
,44|646|590|1280
,44|647|590|1281
,44|647|591|1282
,44|648|591|1283
,44|648|592|1284
,44|649|592|1285
,44|649|593|1286
,44|650|593|1287
,44|650|594|1288
,44|651|594|1289
,44|651|595|1290
,44|652|595|1291
,44|652|596|1292
,44|653|596|1293
,44|653|597|1294
,44|654|597|1295
,44|654|598|1296
,44|655|598|1297
,44|655|599|1298
,44|656|599|1299
,44|656|600|1300
,44|657|600|1301
,44|657|601|1302
,44|658|601|1303
,44|658|602|1304
,44|659|602|1305
,44|659|603|1306
,44|660|603|1307
,44|660|604|1308
,44|660|605|1309
,44|660|606|1310
,44|661|606|1311
,44|661|607|1312
,44|662|607|1313
,44|663|607|1314
,44|663|608|1315
,45|663|608|1316
,45|663|609|1317
,45|664|609|1318
,45|664|610|1319
,45|664|611|1320
,45|665|611|1321
,45|666|611|1322
,45|666|612|1323
,46|666|612|1324
,46|667|612|1325
,46|667|613|1326
,46|667|614|1327
,46|667|615|1328
,46|668|615|1329
,46|669|615|1330
,46|669|616|1331
,46|669|617|1332
,46|670|617|1333
,46|670|618|1334
,46|671|618|1335
,46|671|619|1336
,46|672|619|1337
,46|673|619|1338
,46|674|619|1339
,46|674|620|1340
,46|675|620|1341
,46|676|620|1342
,46|677|620|1343
,46|677|621|1344
,46|678|621|1345
,46|678|622|1346
,46|679|622|1347
,46|679|623|1348
,46|680|623|1349
,46|680|624|1350
,46|681|624|1351
,46|681|625|1352
,46|682|625|1353
,46|682|626|1354
,46|683|626|1355
,46|683|627|1356
,46|684|627|1357
,46|684|628|1358
,46|685|628|1359
,46|685|629|1360
,46|686|629|1361
,46|686|630|1362
,46|687|630|1363
,46|687|631|1364
,46|688|631|1365
,46|688|632|1366
,46|689|632|1367
,46|689|633|1368
,46|690|633|1369
,46|690|634|1370
,46|691|634|1371
,46|691|635|1372
,46|692|635|1373
,46|692|636|1374
,46|693|636|1375
,46|693|637|1376
,46|694|637|1377
,46|694|638|1378
,46|695|638|1379
,46|696|638|1380
,46|697|638|1381
,46|698|638|1382
,46|699|638|1383
,46|700|638|1384
,46|701|638|1385
,46|702|638|1386
,46|703|638|1387
,46|704|638|1388
,46|705|638|1389
,46|706|638|1390
,46|707|638|1391
,46|708|638|1392
,46|709|638|1393
,46|710|638|1394
,46|711|638|1395
,46|712|638|1396
,46|713|638|1397
,46|714|638|1398
,46|715|638|1399
,46|716|638|1400
,46|717|638|1401
,46|718|638|1402
,46|719|638|1403
,46|720|638|1404
,46|721|638|1405
,46|722|638|1406
,46|723|638|1407
,46|724|638|1408
,46|725|638|1409
,46|726|638|1410
,46|727|638|1411
,46|728|638|1412
,46|729|638|1413
,46|730|638|1414
,46|731|638|1415
,46|731|639|1416
,46|732|639|1417
,46|732|640|1418
,46|733|640|1419
,46|733|641|1420
,46|734|641|1421
,46|734|642|1422
,46|735|642|1423
,46|735|643|1424
,46|736|643|1425
,46|736|644|1426
,46|737|644|1427
,46|737|645|1428
,46|738|645|1429
,46|738|646|1430
,46|739|646|1431
,46|739|647|1432
,46|740|647|1433
,46|740|648|1434
,46|741|648|1435
,46|741|649|1436
,46|742|649|1437
,46|742|650|1438
,46|743|650|1439
,46|743|651|1440
,46|744|651|1441
,46|744|652|1442
,46|745|652|1443
,46|745|653|1444
,46|746|653|1445
,46|746|654|1446
,46|747|654|1447
,46|747|655|1448
,46|748|655|1449
,46|748|656|1450
,46|748|657|1451
,46|749|657|1452
,46|750|657|1453
,46|750|658|1454
,46|750|659|1455
,46|750|660|1456
,46|751|660|1457
,46|752|660|1458
,46|752|661|1459
,47|752|661|1460
,47|752|662|1461
,47|753|662|1462
,47|754|662|1463
,47|754|663|1464
,47|755|663|1465
,47|756|663|1466
,47|756|664|1467
,47|757|664|1468
,47|758|664|1469
,47|758|665|1470
,47|758|666|1471
,47|758|667|1472
,47|758|668|1473
,47|759|668|1474
,47|759|669|1475
,47|759|670|1476
,47|760|670|1477
,47|760|671|1478
,47|760|672|1479
,47|761|672|1480
,47|761|673|1481
,47|761|674|1482
,47|761|675|1483
,47|762|675|1484
,47|762|676|1485
,47|762|677|1486
,47|762|678|1487
,48|762|678|1488
,48|762|679|1489
,49|762|679|1490
,49|762|680|1491
,49|762|681|1492
,49|762|682|1493
,49|763|682|1494
,49|763|683|1495
,49|763|684|1496
,49|763|685|1497
,49|763|686|1498
,49|763|687|1499
,49|763|688|1500
,49|763|689|1501
,50|763|689|1502
,50|763|690|1503
,50|763|691|1504
,50|763|692|1505
,51|763|692|1506
,51|764|692|1507
,51|764|693|1508
,51|764|694|1509
,51|764|695|1510
,51|764|696|1511
,51|764|697|1512
,51|764|698|1513
,51|764|699|1514
,51|764|700|1515
,51|765|700|1516
,51|766|700|1517
,51|767|700|1518
,51|768|700|1519
,52|768|700|1520
,52|768|701|1521
,52|769|701|1522
,52|769|702|1523
,53|769|702|1524
,53|770|702|1525
,53|770|703|1526
,53|771|703|1527
,53|771|704|1528
,53|771|705|1529
,53|771|706|1530
,53|772|706|1531
,53|772|707|1532
,53|773|707|1533
,53|773|708|1534
,53|774|708|1535
,53|774|709|1536
,53|774|710|1537
,54|774|710|1538
,54|775|710|1539
,54|775|711|1540
,54|776|711|1541
,54|776|712|1542
,54|777|712|1543
,54|777|713|1544
,54|777|714|1545
,54|777|715|1546
,54|778|715|1547
,54|778|716|1548
,54|779|716|1549
,54|779|717|1550
,54|780|717|1551
,55|780|717|1552
,55|781|717|1553
,55|781|718|1554
,55|782|718|1555
,56|782|718|1556
,56|783|718|1557
,56|783|719|1558
,56|784|719|1559
,56|784|720|1560
,56|785|720|1561
,56|785|721|1562
,56|786|721|1563
,56|786|722|1564
,56|786|723|1565
,56|786|724|1566
,56|787|724|1567
,56|787|725|1568
,56|788|725|1569
,56|788|726|1570
,56|789|726|1571
,56|789|727|1572
,56|789|728|1573
,56|789|729|1574
,56|790|729|1575
,56|790|730|1576
,56|791|730|1577
,56|791|731|1578
,56|792|731|1579
,56|792|732|1580
,56|793|732|1581
,56|793|733|1582
,56|794|733|1583
,56|794|734|1584
,56|795|734|1585
,56|795|735|1586
,56|796|735|1587
,56|796|736|1588
,56|797|736|1589
,56|797|737|1590
,56|798|737|1591
,56|798|738|1592
,56|799|738|1593
,56|799|739|1594
,56|800|739|1595
,56|801|739|1596
,56|802|739|1597
,56|803|739|1598
,56|804|739|1599
,56|804|740|1600
,56|805|740|1601
,56|806|740|1602
,56|807|740|1603
,56|808|740|1604
,56|809|740|1605
,56|810|740|1606
,56|811|740|1607
,56|811|741|1608
,56|812|741|1609
,56|813|741|1610
,56|814|741|1611
,56|814|742|1612
,56|815|742|1613
,56|815|743|1614
,56|816|743|1615
,56|817|743|1616
,56|818|743|1617
,56|819|743|1618
,56|820|743|1619
,56|820|744|1620
,56|821|744|1621
,56|822|744|1622
,56|823|744|1623
,56|824|744|1624
,56|825|744|1625
,56|826|744|1626
,56|827|744|1627
,56|828|744|1628
,56|829|744|1629
,56|830|744|1630
,56|830|745|1631
,56|831|745|1632
,56|831|746|1633
,56|832|746|1634
,56|832|747|1635
,57|832|747|1636
,57|832|748|1637
,57|833|748|1638
,57|833|749|1639
,58|833|749|1640
,58|833|750|1641
,58|834|750|1642
,58|834|751|1643
,58|835|751|1644
,58|835|752|1645
,58|836|752|1646
,58|836|753|1647
,58|836|754|1648
,58|836|755|1649
,58|836|756|1650
,58|836|757|1651
,58|837|757|1652
,58|837|758|1653
,59|837|758|1654
,59|837|759|1655
,60|837|759|1656
,60|837|760|1657
,61|837|760|1658
,61|837|761|1659
,62|837|761|1660
,62|837|762|1661
,63|837|762|1662
,63|837|763|1663
,63|838|763|1664
,63|838|764|1665
,63|839|764|1666
,63|840|764|1667
,63|841|764|1668
,63|842|764|1669
,63|842|765|1670
,63|843|765|1671
,63|844|765|1672
,63|845|765|1673
,63|846|765|1674
,63|846|766|1675
,63|847|766|1676
,63|848|766|1677
,63|848|767|1678
,63|849|767|1679
,63|849|768|1680
,63|849|769|1681
,63|850|769|1682
,63|851|769|1683
,63|851|770|1684
,63|852|770|1685
,63|852|771|1686
,63|853|771|1687
,63|853|772|1688
,63|854|772|1689
,63|855|772|1690
,63|856|772|1691
,63|857|772|1692
,63|858|772|1693
,63|859|772|1694
,63|860|772|1695
,63|861|772|1696
,63|862|772|1697
,63|863|772|1698
,63|864|772|1699
,63|864|773|1700
,63|865|773|1701
,63|866|773|1702
,63|866|774|1703
,63|866|775|1704
,63|867|775|1705
,63|867|776|1706
,63|868|776|1707
,63|868|777|1708
,63|869|777|1709
,63|869|778|1710
,63|869|779|1711
,63|869|780|1712
,63|870|780|1713
,63|870|781|1714
,63|871|781|1715
,63|871|782|1716
,63|871|783|1717
,63|871|784|1718
,63|872|784|1719
,63|872|785|1720
,63|873|785|1721
,63|873|786|1722
,63|874|786|1723
,63|874|787|1724
,63|875|787|1725
,63|875|788|1726
,63|876|788|1727
,63|876|789|1728
,63|877|789|1729
,63|877|790|1730
,63|878|790|1731
,63|878|791|1732
,63|879|791|1733
,63|879|792|1734
,63|879|793|1735
,63|879|794|1736
,63|880|794|1737
,63|880|795|1738
,63|881|795|1739
,63|882|795|1740
,63|883|795|1741
,63|883|796|1742
,63|884|796|1743
,63|885|796|1744
,63|886|796|1745
,63|886|797|1746
,63|887|797|1747
,63|888|797|1748
,63|889|797|1749
,63|890|797|1750
,63|891|797|1751
,63|892|797|1752
,63|893|797|1753
,63|894|797|1754
,63|895|797|1755
,63|895|798|1756
,63|896|798|1757
,63|897|798|1758
,63|898|798|1759
,63|899|798|1760
,64|899|798|1761
,64|900|798|1762
,64|901|798|1763
,64|902|798|1764
,64|903|798|1765
,64|904|798|1766
,64|905|798|1767
,64|906|798|1768
,64|907|798|1769
,64|908|798|1770
,64|909|798|1771
,64|910|798|1772
,64|911|798|1773
,64|912|798|1774
,64|912|799|1775
,64|913|799|1776
,64|913|800|1777
,65|913|800|1778
,65|913|801|1779
,65|913|802|1780
,65|913|803|1781
,65|914|803|1782
,65|914|804|1783
,65|915|804|1784
,65|915|805|1785
,66|915|805|1786
,66|915|806|1787
,66|915|807|1788
,66|915|808|1789
,66|916|808|1790
,66|916|809|1791
,67|916|809|1792
,67|916|810|1793
,67|917|810|1794
,67|917|811|1795
,68|917|811|1796
,68|917|812|1797
,68|918|812|1798
,68|918|813|1799
,69|918|813|1800
,69|918|814|1801
,70|918|814|1802
,70|918|815|1803
,71|918|815|1804
,71|918|816|1805
,72|918|816|1806
,72|918|817|1807
,72|919|817|1808
,72|919|818|1809
,72|920|818|1810
,72|921|818|1811
,72|921|819|1812
,72|922|819|1813
,72|922|820|1814
,72|923|820|1815
,72|923|821|1816
,72|924|821|1817
,72|924|822|1818
,72|925|822|1819
,72|925|823|1820
,72|926|823|1821
,72|926|824|1822
,72|927|824|1823
,72|927|825|1824
,72|928|825|1825
,72|928|826|1826
,72|929|826|1827
,72|929|827|1828
,72|930|827|1829
,72|930|828|1830
,72|931|828|1831
,72|931|829|1832
,72|932|829|1833
,72|932|830|1834
,72|933|830|1835
,72|933|831|1836
,72|934|831|1837
,72|934|832|1838
,72|935|832|1839
,72|935|833|1840
,72|936|833|1841
,72|936|834|1842
,72|937|834|1843
,72|937|835|1844
,72|938|835|1845
,72|938|836|1846
,72|938|837|1847
,72|938|838|1848
,72|939|838|1849
,72|939|839|1850
,72|940|839|1851
,72|940|840|1852
,72|941|840|1853
,72|941|841|1854
,72|941|842|1855
,72|941|843|1856
,72|942|843|1857
,72|942|844|1858
,72|943|844|1859
,72|943|845|1860
,72|944|845|1861
,72|944|846|1862
,72|944|847|1863
,72|944|848|1864
,72|945|848|1865
,72|945|849|1866
,72|946|849|1867
,72|946|850|1868
,72|947|850|1869
,72|947|851|1870
,72|948|851|1871
,72|948|852|1872
,72|949|852|1873
,72|949|853|1874
,72|950|853|1875
,72|950|854|1876
,72|950|855|1877
,72|950|856|1878
,72|951|856|1879
,72|951|857|1880
,72|951|858|1881
,72|951|859|1882
,72|952|859|1883
,72|952|860|1884
,72|953|860|1885
,72|953|861|1886
,72|954|861|1887
,72|954|862|1888
,72|955|862|1889
,72|956|862|1890
,72|956|863|1891
,72|957|863|1892
,72|958|863|1893
,72|959|863|1894
,72|960|863|1895
,72|960|864|1896
,72|961|864|1897
,72|962|864|1898
,72|962|865|1899
,72|963|865|1900
,72|964|865|1901
,72|964|866|1902
,72|965|866|1903
,72|965|867|1904
,73|965|867|1905
,73|965|868|1906
,73|966|868|1907
,73|966|869|1908
,73|967|869|1909
,73|968|869|1910
,73|969|869|1911
,73|969|870|1912
,73|970|870|1913
,73|970|871|1914
,73|971|871|1915
,73|972|871|1916
,73|973|871|1917
,73|973|872|1918
,73|973|873|1919
,73|974|873|1920
,73|974|874|1921
,73|974|875|1922
,73|974|876|1923
,73|974|877|1924
,73|974|878|1925
,73|974|879|1926
,73|974|880|1927
,73|975|880|1928
,73|975|881|1929
,73|976|881|1930
,73|976|882|1931
,73|976|883|1932
,73|976|884|1933
,73|977|884|1934
,73|977|885|1935
,73|978|885|1936
,73|978|886|1937
,73|978|887|1938
,73|978|888|1939
,73|978|889|1940
,73|978|890|1941
,73|978|891|1942
,73|978|892|1943
,73|978|893|1944
,73|978|894|1945
,73|979|894|1946
,73|979|895|1947
,73|979|896|1948
,73|979|897|1949
,73|980|897|1950
,73|980|898|1951
,73|981|898|1952
,73|981|899|1953
,73|981|900|1954
,73|982|900|1955
,73|982|901|1956
,73|983|901|1957
,73|983|902|1958
,73|984|902|1959
,73|984|903|1960
,73|985|903|1961
,73|985|904|1962
,73|986|904|1963
,73|986|905|1964
,73|987|905|1965
,73|987|906|1966
,73|988|906|1967
,73|988|907|1968
,73|989|907|1969
,73|989|908|1970
,73|990|908|1971
,73|990|909|1972
,73|991|909|1973
,73|991|910|1974
,73|992|910|1975
,73|992|911|1976
,73|993|911|1977
,73|993|912|1978
,73|994|912|1979
,73|994|913|1980
,73|995|913|1981
,73|995|914|1982
,73|996|914|1983
,73|996|915|1984
,73|997|915|1985
,73|997|916|1986
,73|998|916|1987
,73|998|917|1988
,73|999|917|1989
,73|999|918|1990
,73|1000|918|1991
,73|1000|919|1992
,73|1001|919|1993
,73|1001|920|1994
,73|1002|920|1995
,73|1002|921|1996
,73|1003|921|1997
,73|1004|921|1998
,73|1004|922|1999
,74|1004|922|2000
