total
,0|0|1|1
,0|1|1|2
,0|1|2|3
,0|2|2|4
,0|2|3|5
,0|3|3|6
,0|3|4|7
,0|4|4|8
,0|4|5|9
,0|5|5|10
,0|5|6|11
,0|6|6|12
,1|6|6|13
,1|6|7|14
,1|6|8|15
,1|7|8|16
,1|7|9|17
,1|8|9|18
,1|8|10|19
,1|9|10|20
,1|9|11|21
,1|9|12|22
,1|9|13|23
,1|10|13|24
,1|10|14|25
,1|11|14|26
,1|11|15|27
,1|12|15|28
,1|12|16|29
,1|12|17|30
,1|12|18|31
,1|13|18|32
,1|13|19|33
,1|14|19|34
,1|14|20|35
,1|15|20|36
,1|15|21|37
,1|15|22|38
,1|15|23|39
,1|16|23|40
,1|16|24|41
,1|17|24|42
,1|17|25|43
,1|18|25|44
,1|18|26|45
,1|19|26|46
,1|19|27|47
,1|20|27|48
,1|20|28|49
,1|21|28|50
,1|21|29|51
,1|21|30|52
,1|21|31|53
,1|22|31|54
,1|22|32|55
,1|23|32|56
,1|23|33|57
,1|24|33|58
,2|24|33|59
,2|24|34|60
,2|24|35|61
,2|25|35|62
,2|25|36|63
,2|26|36|64
,2|26|37|65
,2|27|37|66
,2|27|38|67
,2|27|39|68
,2|27|40|69
,2|28|40|70
,2|28|41|71
,2|29|41|72
,2|29|42|73
,2|29|43|74
,2|29|44|75
,2|30|44|76
,2|30|45|77
,2|31|45|78
,2|31|46|79
,2|32|46|80
,2|32|47|81
,2|33|47|82
,2|33|48|83
,2|34|48|84
,2|34|49|85
,2|35|49|86
,2|35|50|87
,2|36|50|88
,3|36|50|89
,3|37|50|90
,3|37|51|91
,3|38|51|92
,3|38|52|93
,3|39|52|94
,3|39|53|95
,3|40|53|96
,3|40|54|97
,3|41|54|98
,3|41|55|99
,3|42|55|100
,3|42|56|101
,3|43|56|102
,3|43|57|103
,3|44|57|104
,3|44|58|105
,3|45|58|106
,3|45|59|107
,3|46|59|108
,3|46|60|109
,3|47|60|110
,3|47|61|111
,3|48|61|112
,3|48|62|113
,3|49|62|114
,3|49|63|115
,3|50|63|116
,3|50|64|117
,3|51|64|118
,3|51|65|119
,3|52|65|120
,3|52|66|121
,3|53|66|122
,3|53|67|123
,3|54|67|124
,3|54|68|125
,3|55|68|126
,4|55|68|127
,4|56|68|128
,4|56|69|129
,4|57|69|130
,4|57|70|131
,4|58|70|132
,4|58|71|133
,4|59|71|134
,4|59|72|135
,4|60|72|136
,4|60|73|137
,4|61|73|138
,4|61|74|139
,4|62|74|140
,4|62|75|141
,4|63|75|142
,4|63|76|143
,4|64|76|144
,4|64|77|145
,4|65|77|146
,4|65|78|147
,4|66|78|148
,4|66|79|149
,4|67|79|150
,4|67|80|151
,4|68|80|152
,4|68|81|153
,4|69|81|154
,4|69|82|155
,4|70|82|156
,4|70|83|157
,4|71|83|158
,4|71|84|159
,4|72|84|160
,4|72|85|161
,4|73|85|162
,4|73|86|163
,4|74|86|164
,4|74|87|165
,4|75|87|166
,4|75|88|167
,4|76|88|168
,4|76|89|169
,4|77|89|170
,4|77|90|171
,4|78|90|172
,4|78|91|173
,4|79|91|174
,4|79|92|175
,4|80|92|176
,4|80|93|177
,4|81|93|178
,4|81|94|179
,4|82|94|180
,4|82|95|181
,4|83|95|182
,4|83|96|183
,4|84|96|184
,4|84|97|185
,4|85|97|186
,4|85|98|187
,4|86|98|188
,4|86|99|189
,4|87|99|190
,4|87|100|191
,4|88|100|192
,4|88|101|193
,4|89|101|194
,4|89|102|195
,4|90|102|196
,4|90|103|197
,4|91|103|198
,4|91|104|199
,4|92|104|200
,4|92|105|201
,4|93|105|202
,4|93|106|203
,4|94|106|204
,4|94|107|205
,4|95|107|206
,4|95|108|207
,4|96|108|208
,4|96|109|209
,4|97|109|210
,4|97|110|211
,4|98|110|212
,4|98|111|213
,4|99|111|214
,4|99|112|215
,4|100|112|216
,4|100|113|217
,4|101|113|218
,4|101|114|219
,4|102|114|220
,4|102|115|221
,4|103|115|222
,4|103|116|223
,4|104|116|224
,4|104|117|225
,4|105|117|226
,4|105|118|227
,4|106|118|228
,4|106|119|229
,4|107|119|230
,4|107|120|231
,4|108|120|232
,5|108|120|233
,5|108|121|234
,5|108|122|235
,5|108|123|236
,5|108|124|237
,5|108|125|238
,6|108|125|239
,6|108|126|240
,7|108|126|241
,7|108|127|242
,7|108|128|243
,7|109|128|244
,7|109|129|245
,7|109|130|246
,8|109|130|247
,8|109|131|248
,8|109|132|249
,8|110|132|250
,8|110|133|251
,8|110|134|252
,9|110|134|253
,9|111|134|254
,10|111|134|255
,10|111|135|256
,11|111|135|257
,11|111|136|258
,11|111|137|259
,11|112|137|260
,12|112|137|261
,12|112|138|262
,12|112|139|263
,12|113|139|264
,13|113|139|265
,13|114|139|266
,13|114|140|267
,13|114|141|268
,13|114|142|269
,13|114|143|270
,13|114|144|271
,13|115|144|272
,13|115|145|273
,13|116|145|274
,13|116|146|275
,13|117|146|276
,13|117|147|277
,13|118|147|278
,13|118|148|279
,13|119|148|280
,13|119|149|281
,13|120|149|282
,13|120|150|283
,13|121|150|284
,13|121|151|285
,13|122|151|286
,13|122|152|287
,13|123|152|288
,13|123|153|289
,13|124|153|290
,13|124|154|291
,13|125|154|292
,13|125|155|293
,13|126|155|294
,13|126|156|295
,13|127|156|296
,13|127|157|297
,13|128|157|298
,13|128|158|299
,13|129|158|300
,13|129|159|301
,13|130|159|302
,13|130|160|303
,13|131|160|304
,13|131|161|305
,13|132|161|306
,13|132|162|307
,13|133|162|308
,13|133|163|309
,13|133|164|310
,13|133|165|311
,13|134|165|312
,13|134|166|313
,13|135|166|314
,13|135|167|315
,13|136|167|316
,13|136|168|317
,13|137|168|318
,13|137|169|319
,13|137|170|320
,13|137|171|321
,13|138|171|322
,13|138|172|323
,13|139|172|324
,13|139|173|325
,13|139|174|326
,13|139|175|327
,13|140|175|328
,13|140|176|329
,13|141|176|330
,13|141|177|331
,13|142|177|332
,13|142|178|333
,13|143|178|334
,13|143|179|335
,13|144|179|336
,13|144|180|337
,13|144|181|338
,13|144|182|339
,13|145|182|340
,13|145|183|341
,13|146|183|342
,13|146|184|343
,13|147|184|344
,13|147|185|345
,13|148|185|346
,13|148|186|347
,13|149|186|348
,13|149|187|349
,13|150|187|350
,13|150|188|351
,13|151|188|352
,13|151|189|353
,13|152|189|354
,13|152|190|355
,13|153|190|356
,13|153|191|357
,13|154|191|358
,13|154|192|359
,13|155|192|360
,13|155|193|361
,13|156|193|362
,13|156|194|363
,13|157|194|364
,13|157|195|365
,13|158|195|366
,13|158|196|367
,13|159|196|368
,13|159|197|369
,13|160|197|370
,13|160|198|371
,13|161|198|372
,13|161|199|373
,13|162|199|374
,13|162|200|375
,13|163|200|376
,13|163|201|377
,13|164|201|378
,13|164|202|379
,13|165|202|380
,13|165|203|381
,13|166|203|382
,13|166|204|383
,13|167|204|384
,13|167|205|385
,13|167|206|386
,13|167|207|387
,13|167|208|388
,14|167|208|389
,14|167|209|390
,14|167|210|391
,14|167|211|392
,15|167|211|393
,15|167|212|394
,16|167|212|395
,16|167|213|396
,16|167|214|397
,16|167|215|398
,17|167|215|399
,17|167|216|400
,17|167|217|401
,17|167|218|402
,17|167|219|403
,17|167|220|404
,17|167|221|405
,17|167|222|406
,17|167|223|407
,17|167|224|408
,18|167|224|409
,18|167|225|410
,18|167|226|411
,18|167|227|412
,19|167|227|413
,19|167|228|414
,19|167|229|415
,19|167|230|416
,19|167|231|417
,19|167|232|418
,20|167|232|419
,20|167|233|420
,20|167|234|421
,20|167|235|422
,20|167|236|423
,20|168|236|424
,20|168|237|425
,20|169|237|426
,20|169|238|427
,20|170|238|428
,20|170|239|429
,20|171|239|430
,20|171|240|431
,20|172|240|432
,20|172|241|433
,20|173|241|434
,20|173|242|435
,20|174|242|436
,20|174|243|437
,20|175|243|438
,20|175|244|439
,20|176|244|440
,20|176|245|441
,20|177|245|442
,20|177|246|443
,20|178|246|444
,20|178|247|445
,20|179|247|446
,20|179|248|447
,20|180|248|448
,20|180|249|449
,20|181|249|450
,20|181|250|451
,20|182|250|452
,20|182|251|453
,20|183|251|454
,20|183|252|455
,20|184|252|456
,20|184|253|457
,20|185|253|458
,20|185|254|459
,20|186|254|460
,20|186|255|461
,20|187|255|462
,20|187|256|463
,20|188|256|464
,20|188|257|465
,20|189|257|466
,20|189|258|467
,20|190|258|468
,20|190|259|469
,20|191|259|470
,20|191|260|471
,20|192|260|472
,20|192|261|473
,20|193|261|474
,20|193|262|475
,20|194|262|476
,20|194|263|477
,20|195|263|478
,20|195|264|479
,20|195|265|480
,20|195|266|481
,20|196|266|482
,20|196|267|483
,20|197|267|484
,20|197|268|485
,20|197|269|486
,20|197|270|487
,20|198|270|488
,20|198|271|489
,20|199|271|490
,20|199|272|491
,20|200|272|492
,20|200|273|493
,20|201|273|494
,20|201|274|495
,20|202|274|496
,20|202|275|497
,20|203|275|498
,20|203|276|499
,20|204|276|500
,20|204|277|501
,20|205|277|502
,20|205|278|503
,20|206|278|504
,20|206|279|505
,20|207|279|506
,20|207|280|507
,20|208|280|508
,20|208|281|509
,20|209|281|510
,20|209|282|511
,20|210|282|512
,20|210|283|513
,20|211|283|514
,20|211|284|515
,20|212|284|516
,20|212|285|517
,20|213|285|518
,20|213|286|519
,20|214|286|520
,20|214|287|521
,20|215|287|522
,21|215|287|523
,21|216|287|524
,21|216|288|525
,21|217|288|526
,21|217|289|527
,21|218|289|528
,21|218|290|529
,21|219|290|530
,21|219|291|531
,21|220|291|532
,21|220|292|533
,21|221|292|534
,21|221|293|535
,21|222|293|536
,22|222|293|537
,22|223|293|538
,22|223|294|539
,22|223|295|540
,22|223|296|541
,22|224|296|542
,22|224|297|543
,22|225|297|544
,22|225|298|545
,22|226|298|546
,23|226|298|547
,23|226|299|548
,23|226|300|549
,23|227|300|550
,23|227|301|551
,23|227|302|552
,23|227|303|553
,23|228|303|554
,23|228|304|555
,23|228|305|556
,23|228|306|557
,23|229|306|558
,23|229|307|559
,23|229|308|560
,23|229|309|561
,23|229|310|562
,23|229|311|563
,23|230|311|564
,23|230|312|565
,23|230|313|566
,23|230|314|567
,23|230|315|568
,24|230|315|569
,24|231|315|570
,24|232|315|571
,24|232|316|572
,24|232|317|573
,24|232|318|574
,24|232|319|575
,24|233|319|576
,24|233|320|577
,24|234|320|578
,24|234|321|579
,24|235|321|580
,24|235|322|581
,24|236|322|582
,24|236|323|583
,24|237|323|584
,24|237|324|585
,24|238|324|586
,24|238|325|587
,24|239|325|588
,24|239|326|589
,24|240|326|590
,24|240|327|591
,24|241|327|592
,24|241|328|593
,24|242|328|594
,24|242|329|595
,24|243|329|596
,24|243|330|597
,24|244|330|598
,24|244|331|599
,24|245|331|600
,24|245|332|601
,24|246|332|602
,24|246|333|603
,24|247|333|604
,24|247|334|605
,24|248|334|606
,24|248|335|607
,24|249|335|608
,24|249|336|609
,24|250|336|610
,24|250|337|611
,24|251|337|612
,24|251|338|613
,24|252|338|614
,24|252|339|615
,24|253|339|616
,24|253|340|617
,24|254|340|618
,24|254|341|619
,24|255|341|620
,24|255|342|621
,24|256|342|622
,24|256|343|623
,24|256|344|624
,24|256|345|625
,24|257|345|626
,24|257|346|627
,24|257|347|628
,24|257|348|629
,24|258|348|630
,24|258|349|631
,24|258|350|632
,24|258|351|633
,24|259|351|634
,24|259|352|635
,24|260|352|636
,24|260|353|637
,24|261|353|638
,24|261|354|639
,24|261|355|640
,24|261|356|641
,24|262|356|642
,24|262|357|643
,24|263|357|644
,24|263|358|645
,24|264|358|646
,24|264|359|647
,24|265|359|648
,24|265|360|649
,24|266|360|650
,24|266|361|651
,24|267|361|652
,24|267|362|653
,24|268|362|654
,24|268|363|655
,24|269|363|656
,24|269|364|657
,24|270|364|658
,24|270|365|659
,24|271|365|660
,24|271|366|661
,24|272|366|662
,24|272|367|663
,24|273|367|664
,24|273|368|665
,24|274|368|666
,24|274|369|667
,24|275|369|668
,24|275|370|669
,24|276|370|670
,24|276|371|671
,24|277|371|672
,24|277|372|673
,24|278|372|674
,24|278|373|675
,24|279|373|676
,24|279|374|677
,24|280|374|678
,24|280|375|679
,24|281|375|680
,24|281|376|681
,24|282|376|682
,24|282|377|683
,24|283|377|684
,24|283|378|685
,24|284|378|686
,24|284|379|687
,24|285|379|688
,24|285|380|689
,24|286|380|690
,24|286|381|691
,24|287|381|692
,24|287|382|693
,24|288|382|694
,24|288|383|695
,24|289|383|696
,24|289|384|697
,24|290|384|698
,24|290|385|699
,24|291|385|700
,24|291|386|701
,24|292|386|702
,24|292|387|703
,24|293|387|704
,24|293|388|705
,24|294|388|706
,24|294|389|707
,24|295|389|708
,24|295|390|709
,24|296|390|710
,24|296|391|711
,24|297|391|712
,24|297|392|713
,24|298|392|714
,24|298|393|715
,24|299|393|716
,24|299|394|717
,24|300|394|718
,24|300|395|719
,24|301|395|720
,24|301|396|721
,24|302|396|722
,24|302|397|723
,24|303|397|724
,24|303|398|725
,24|304|398|726
,24|304|399|727
,24|305|399|728
,24|305|400|729
,24|306|400|730
,24|306|401|731
,24|307|401|732
,24|307|402|733
,24|308|402|734
,24|308|403|735
,24|309|403|736
,24|309|404|737
,24|310|404|738
,24|310|405|739
,24|311|405|740
,24|311|406|741
,24|312|406|742
,24|312|407|743
,24|313|407|744
,24|313|408|745
,24|314|408|746
,24|314|409|747
,24|315|409|748
,24|315|410|749
,24|316|410|750
,24|316|411|751
,24|317|411|752
,24|317|412|753
,24|318|412|754
,24|318|413|755
,24|319|413|756
,24|319|414|757
,24|320|414|758
,24|320|415|759
,24|321|415|760
,24|321|416|761
,24|322|416|762
,24|322|417|763
,24|323|417|764
,24|323|418|765
,24|324|418|766
,24|324|419|767
,24|325|419|768
,24|325|420|769
,24|326|420|770
,24|326|421|771
,24|327|421|772
,24|327|422|773
,24|328|422|774
,25|328|422|775
,25|329|422|776
,25|329|423|777
,25|330|423|778
,25|330|424|779
,25|331|424|780
,25|331|425|781
,25|332|425|782
,25|332|426|783
,25|332|427|784
,25|332|428|785
,25|333|428|786
,25|333|429|787
,25|334|429|788
,25|334|430|789
,25|335|430|790
,25|335|431|791
,25|336|431|792
,25|336|432|793
,25|337|432|794
,25|337|433|795
,25|338|433|796
,25|338|434|797
,25|339|434|798
,25|339|435|799
,25|340|435|800
,25|340|436|801
,25|341|436|802
,25|341|437|803
,25|342|437|804
,25|342|438|805
,25|343|438|806
,25|343|439|807
,25|344|439|808
,25|344|440|809
,25|345|440|810
,25|345|441|811
,25|346|441|812
,25|346|442|813
,25|347|442|814
,25|347|443|815
,25|348|443|816
,26|348|443|817
,26|349|443|818
,26|349|444|819
,26|350|444|820
,26|350|445|821
,26|351|445|822
,26|351|446|823
,26|352|446|824
,26|352|447|825
,26|353|447|826
,26|353|448|827
,26|354|448|828
,26|354|449|829
,26|355|449|830
,26|355|450|831
,26|356|450|832
,26|356|451|833
,26|357|451|834
,26|357|452|835
,26|358|452|836
,26|359|452|837
,26|360|452|838
,26|360|453|839
,26|361|453|840
,26|361|454|841
,26|362|454|842
,26|362|455|843
,26|363|455|844
,27|363|455|845
,27|364|455|846
,27|364|456|847
,27|365|456|848
,27|365|457|849
,27|366|457|850
,27|366|458|851
,27|367|458|852
,27|367|459|853
,27|368|459|854
,27|368|460|855
,27|369|460|856
,27|369|461|857
,27|370|461|858
,27|370|462|859
,27|371|462|860
,28|371|462|861
,28|372|462|862
,28|372|463|863
,28|373|463|864
,28|373|464|865
,28|374|464|866
,28|374|465|867
,28|375|465|868
,28|375|466|869
,28|376|466|870
,29|376|466|871
,29|377|466|872
,29|377|467|873
,29|378|467|874
,29|379|468|876
,29|380|468|877
,29|380|469|878
,29|381|469|879
,29|381|470|880
,29|382|470|881
,29|382|471|882
,29|383|471|883
,29|383|472|884
,29|384|472|885
,29|384|473|886
,29|385|473|887
,29|385|474|888
,29|386|474|889
,29|386|475|890
,29|387|475|891
,29|387|476|892
,29|388|476|893
,29|388|477|894
,29|389|477|895
,29|389|478|896
,29|390|478|897
,29|390|479|898
,29|391|479|899
,29|391|480|900
,29|392|480|901
,29|392|481|902
,29|393|481|903
,29|393|482|904
,29|394|482|905
,29|394|483|906
,29|395|483|907
,29|395|484|908
,29|396|484|909
,29|396|485|910
,29|397|485|911
,29|397|486|912
,29|398|486|913
,29|398|487|914
,29|399|487|915
,29|399|488|916
,29|400|488|917
,29|400|489|918
,29|401|489|919
,29|401|490|920
,29|402|490|921
,29|402|491|922
,29|403|491|923
,29|403|492|924
,29|404|492|925
,29|404|493|926
,29|405|493|927
,29|405|494|928
,29|406|494|929
,29|406|495|930
,29|407|495|931
,29|407|496|932
,29|408|496|933
,29|408|497|934
,29|409|497|935
,29|409|498|936
,29|410|498|937
,29|410|499|938
,29|411|499|939
,29|411|500|940
,29|412|500|941
,29|412|501|942
,29|413|501|943
,29|413|502|944
,29|414|502|945
,29|414|503|946
,29|414|504|947
,30|414|504|948
,30|414|505|949
,31|414|505|950
,31|414|506|951
,32|414|506|952
,32|414|507|953
,33|414|507|954
,33|414|508|955
,34|414|508|956
,34|414|509|957
,35|414|509|958
,35|415|509|959
,35|415|510|960
,35|415|511|961
,35|415|512|962
,35|415|513|963
,36|415|513|964
,36|415|514|965
,36|415|515|966
,36|415|516|967
,37|415|516|968
,37|415|517|969
,38|415|517|970
,38|415|518|971
,39|415|518|972
,39|415|519|973
,40|415|519|974
,40|415|520|975
,41|415|520|976
,41|415|521|977
,41|415|522|978
,41|415|523|979
,42|415|523|980
,42|415|524|981
,43|415|524|982
,43|416|524|983
,43|416|525|984
,43|417|525|985
,43|417|526|986
,43|418|526|987
,43|418|527|988
,43|419|527|989
,43|419|528|990
,43|420|528|991
,43|420|529|992
,43|421|529|993
,43|421|530|994
,43|422|530|995
,43|422|531|996
,43|423|531|997
,43|423|532|998
,43|424|532|999
,43|424|533|1000
,43|425|533|1001
,43|425|534|1002
,43|426|534|1003
,43|426|535|1004
,43|427|535|1005
,43|427|536|1006
,43|428|536|1007
,43|428|537|1008
,43|429|537|1009
,43|429|538|1010
,43|430|538|1011
,43|430|539|1012
,43|431|539|1013
,43|431|540|1014
,43|432|540|1015
,43|432|541|1016
,43|433|541|1017
,43|433|542|1018
,43|434|542|1019
,43|434|543|1020
,43|435|543|1021
,43|435|544|1022
,43|436|544|1023
,43|436|545|1024
,43|437|545|1025
,43|437|546|1026
,43|438|546|1027
,43|438|547|1028
,43|439|547|1029
,43|439|548|1030
,43|440|548|1031
,43|440|549|1032
,43|441|549|1033
,43|441|550|1034
,43|442|550|1035
,43|442|551|1036
,43|443|551|1037
,43|443|552|1038
,43|444|552|1039
,43|444|553|1040
,43|445|553|1041
,43|445|554|1042
,43|446|554|1043
,43|446|555|1044
,43|447|555|1045
,43|447|556|1046
,43|448|556|1047
,43|448|557|1048
,43|449|557|1049
,43|449|558|1050
,43|450|558|1051
,43|450|559|1052
,43|451|559|1053
,43|451|560|1054
,43|452|560|1055
,43|452|561|1056
,43|453|561|1057
,43|453|562|1058
,43|454|562|1059
,43|454|563|1060
,43|455|563|1061
,43|455|564|1062
,43|456|564|1063
,43|456|565|1064
,43|457|565|1065
,43|457|566|1066
,43|458|566|1067
,43|458|567|1068
,43|459|567|1069
,43|459|568|1070
,43|460|568|1071
,43|460|569|1072
,43|461|569|1073
,43|461|570|1074
,43|462|570|1075
,43|462|571|1076
,43|463|571|1077
,43|463|572|1078
,43|464|572|1079
,43|464|573|1080
,43|465|573|1081
,43|465|574|1082
,43|466|574|1083
,43|466|575|1084
,43|467|575|1085
,43|467|576|1086
,43|468|576|1087
,43|468|577|1088
,43|469|577|1089
,43|469|578|1090
,43|469|579|1091
,44|469|579|1092
,44|469|580|1093
,45|469|580|1094
,45|469|581|1095
,45|469|582|1096
,45|469|583|1097
,45|469|584|1098
,45|469|585|1099
,45|469|586|1100
,45|469|587|1101
,45|469|588|1102
,45|469|589|1103
,46|469|589|1104
,46|469|590|1105
,46|469|591|1106
,46|469|592|1107
,46|469|593|1108
,46|469|594|1109
,47|469|594|1110
,47|469|595|1111
,47|469|596|1112
,47|469|597|1113
,47|469|598|1114
,47|469|599|1115
,47|469|600|1116
,47|470|600|1117
,47|470|601|1118
,47|470|602|1119
,48|470|602|1120
,48|470|603|1121
,48|470|604|1122
,48|470|605|1123
,48|470|606|1124
,48|470|607|1125
,49|470|607|1126
,49|471|607|1127
,49|471|608|1128
,49|472|608|1129
,49|472|609|1130
,49|473|609|1131
,49|473|610|1132
,49|474|610|1133
,49|474|611|1134
,49|475|611|1135
,49|475|612|1136
,49|476|612|1137
,49|476|613|1138
,49|477|613|1139
,49|477|614|1140
,49|478|614|1141
,49|478|615|1142
,49|479|615|1143
,49|479|616|1144
,49|480|616|1145
,49|480|617|1146
,49|481|617|1147
,49|481|618|1148
,49|482|618|1149
,49|482|619|1150
,49|483|619|1151
,49|483|620|1152
,49|484|620|1153
,49|484|621|1154
,49|485|621|1155
,49|485|622|1156
,49|486|622|1157
,49|486|623|1158
,49|487|623|1159
,49|487|624|1160
,49|488|624|1161
,49|488|625|1162
,49|489|625|1163
,49|489|626|1164
,49|490|626|1165
,49|490|627|1166
,49|491|627|1167
,49|491|628|1168
,49|492|628|1169
,49|492|629|1170
,49|492|630|1171
,49|492|631|1172
,49|493|631|1173
,49|493|632|1174
,49|494|632|1175
,49|494|633|1176
,49|495|633|1177
,49|495|634|1178
,49|496|634|1179
,49|496|635|1180
,49|497|635|1181
,49|497|636|1182
,49|498|636|1183
,49|498|637|1184
,49|498|638|1185
,49|498|639|1186
,49|499|639|1187
,49|499|640|1188
,49|500|640|1189
,49|500|641|1190
,49|501|641|1191
,49|501|642|1192
,49|502|642|1193
,49|502|643|1194
,49|503|643|1195
,49|503|644|1196
,49|504|644|1197
,49|504|645|1198
,49|505|645|1199
,49|505|646|1200
,49|506|646|1201
,49|506|647|1202
,49|507|647|1203
,49|507|648|1204
,49|508|648|1205
,49|508|649|1206
,49|509|649|1207
,49|509|650|1208
,49|510|650|1209
,49|510|651|1210
,49|511|651|1211
,49|511|652|1212
,49|512|652|1213
,49|512|653|1214
,49|513|653|1215
,49|513|654|1216
,49|514|654|1217
,49|514|655|1218
,49|515|655|1219
,49|515|656|1220
,49|516|656|1221
,49|516|657|1222
,49|517|657|1223
,49|517|658|1224
,49|518|658|1225
,49|518|659|1226
,49|519|659|1227
,49|519|660|1228
,49|520|660|1229
,49|520|661|1230
,49|521|661|1231
,49|521|662|1232
,49|522|662|1233
,49|522|663|1234
,49|522|664|1235
,49|522|665|1236
,49|522|666|1237
,49|522|667|1238
,49|522|668|1239
,49|522|669|1240
,49|522|670|1241
,49|522|671|1242
,49|522|672|1243
,49|522|673|1244
,49|523|673|1245
,49|523|674|1246
,49|523|675|1247
,49|523|676|1248
,49|524|676|1249
,49|524|677|1250
,49|524|678|1251
,50|524|678|1252
,50|525|678|1253
,50|525|679|1254
,50|526|679|1255
,50|526|680|1256
,50|527|680|1257
,50|527|681|1258
,50|528|681|1259
,50|528|682|1260
,50|529|682|1261
,50|529|683|1262
,50|529|684|1263
,50|529|685|1264
,50|530|685|1265
,50|530|686|1266
,50|531|686|1267
,50|531|687|1268
,50|531|688|1269
,51|531|688|1270
,51|532|688|1271
,51|532|689|1272
,51|533|689|1273
,51|533|690|1274
,51|534|690|1275
,51|534|691|1276
,51|535|691|1277
,51|535|692|1278
,51|536|692|1279
,51|536|693|1280
,51|537|693|1281
,51|537|694|1282
,51|538|694|1283
,51|538|695|1284
,51|539|695|1285
,51|539|696|1286
,51|540|696|1287
,51|540|697|1288
,51|541|697|1289
,51|541|698|1290
,51|542|698|1291
,51|542|699|1292
,51|543|699|1293
,51|543|700|1294
,51|544|700|1295
,51|544|701|1296
,51|545|701|1297
,51|545|702|1298
,51|546|702|1299
,51|546|703|1300
,51|547|703|1301
,51|547|704|1302
,51|548|704|1303
,51|548|705|1304
,51|549|705|1305
,51|549|706|1306
,51|550|706|1307
,51|550|707|1308
,51|551|707|1309
,51|551|708|1310
,51|552|708|1311
,51|552|709|1312
,51|553|709|1313
,51|553|710|1314
,51|553|711|1315
,52|553|711|1316
,52|554|711|1317
,52|554|712|1318
,52|555|712|1319
,52|555|713|1320
,52|556|713|1321
,52|556|714|1322
,52|557|714|1323
,52|557|715|1324
,52|558|715|1325
,52|558|716|1326
,52|559|716|1327
,52|559|717|1328
,52|560|717|1329
,52|560|718|1330
,52|561|718|1331
,52|561|719|1332
,52|562|719|1333
,52|562|720|1334
,52|563|720|1335
,52|563|721|1336
,52|564|721|1337
,52|564|722|1338
,52|565|722|1339
,52|565|723|1340
,52|566|723|1341
,52|566|724|1342
,52|567|724|1343
,52|567|725|1344
,52|568|725|1345
,52|568|726|1346
,52|569|726|1347
,52|569|727|1348
,52|570|727|1349
,52|570|728|1350
,52|571|728|1351
,52|571|729|1352
,52|572|729|1353
,52|572|730|1354
,52|573|730|1355
,52|573|731|1356
,52|574|731|1357
,52|574|732|1358
,52|575|732|1359
,52|575|733|1360
,52|576|733|1361
,52|576|734|1362
,52|577|734|1363
,52|577|735|1364
,52|578|735|1365
,52|578|736|1366
,52|579|736|1367
,52|579|737|1368
,52|580|737|1369
,52|580|738|1370
,52|581|738|1371
,52|581|739|1372
,52|582|739|1373
,52|582|740|1374
,52|583|740|1375
,52|583|741|1376
,52|584|741|1377
,52|584|742|1378
,52|585|742|1379
,52|585|743|1380
,52|586|743|1381
,52|586|744|1382
,52|587|744|1383
,52|587|745|1384
,52|588|745|1385
,52|588|746|1386
,52|589|746|1387
,52|589|747|1388
,52|590|747|1389
,52|590|748|1390
,52|591|748|1391
,52|591|749|1392
,52|592|749|1393
,52|592|750|1394
,52|593|750|1395
,52|593|751|1396
,52|594|751|1397
,52|594|752|1398
,52|595|752|1399
,52|595|753|1400
,52|596|753|1401
,52|596|754|1402
,52|597|754|1403
,52|597|755|1404
,52|598|755|1405
,52|598|756|1406
,52|599|756|1407
,52|599|757|1408
,52|600|757|1409
,52|600|758|1410
,52|601|758|1411
,52|601|759|1412
,52|602|759|1413
,52|602|760|1414
,52|603|760|1415
,52|603|761|1416
,52|604|761|1417
,52|604|762|1418
,52|605|762|1419
,52|605|763|1420
,52|606|763|1421
,52|606|764|1422
,52|607|764|1423
,52|607|765|1424
,52|608|765|1425
,52|608|766|1426
,52|609|766|1427
,52|609|767|1428
,52|610|767|1429
,52|610|768|1430
,52|611|768|1431
,52|611|769|1432
,52|612|769|1433
,52|612|770|1434
,52|613|770|1435
,52|613|771|1436
,52|614|771|1437
,52|614|772|1438
,52|615|772|1439
,52|615|773|1440
,52|616|773|1441
,52|616|774|1442
,52|617|774|1443
,52|617|775|1444
,52|618|775|1445
,52|618|776|1446
,52|619|776|1447
,52|619|777|1448
,52|620|777|1449
,52|620|778|1450
,52|621|778|1451
,52|621|779|1452
,52|622|779|1453
,52|622|780|1454
,52|623|780|1455
,52|623|781|1456
,52|624|781|1457
,52|624|782|1458
,52|625|782|1459
,52|625|783|1460
,52|626|783|1461
,52|626|784|1462
,52|627|784|1463
,52|627|785|1464
,52|628|785|1465
,52|628|786|1466
,52|629|786|1467
,52|629|787|1468
,52|630|787|1469
,52|630|788|1470
,52|631|788|1471
,52|631|789|1472
,52|632|789|1473
,52|632|790|1474
,52|633|790|1475
,52|633|791|1476
,52|634|791|1477
,52|634|792|1478
,52|635|792|1479
,52|635|793|1480
,52|636|793|1481
,52|637|793|1482
,52|638|793|1483
,52|638|794|1484
,52|639|794|1485
,52|639|795|1486
,52|640|795|1487
,52|640|796|1488
,52|641|796|1489
,52|641|797|1490
,52|642|797|1491
,52|642|798|1492
,52|643|798|1493
,53|643|798|1494
,53|644|798|1495
,53|644|799|1496
,53|645|799|1497
,53|645|800|1498
,53|646|800|1499
,53|646|801|1500
,53|646|802|1501
,54|646|802|1502
,54|647|802|1503
,54|647|803|1504
,54|647|804|1505
,54|647|805|1506
,54|648|805|1507
,54|648|806|1508
,54|649|806|1509
,54|649|807|1510
,54|650|807|1511
,54|650|808|1512
,54|651|808|1513
,54|651|809|1514
,54|651|810|1515
,54|651|811|1516
,54|652|811|1517
,54|652|812|1518
,54|653|812|1519
,54|653|813|1520
,54|654|813|1521
,54|654|814|1522
,54|655|814|1523
,54|655|815|1524
,54|656|815|1525
,54|656|816|1526
,54|657|816|1527
,54|657|817|1528
,54|658|817|1529
,54|658|818|1530
,54|659|818|1531
,54|659|819|1532
,54|660|819|1533
,54|660|820|1534
,54|661|820|1535
,54|661|821|1536
,54|662|821|1537
,55|662|821|1538
,55|663|821|1539
,55|663|822|1540
,55|664|822|1541
,55|664|823|1542
,55|665|823|1543
,55|665|824|1544
,55|666|824|1545
,55|666|825|1546
,55|667|825|1547
,55|667|826|1548
,55|668|826|1549
,55|668|827|1550
,55|669|827|1551
,55|669|828|1552
,55|670|828|1553
,55|670|829|1554
,55|671|829|1555
,55|671|830|1556
,55|672|830|1557
,56|672|830|1558
,56|673|830|1559
,56|673|831|1560
,56|674|831|1561
,56|674|832|1562
,56|675|832|1563
,56|675|833|1564
,56|676|833|1565
,56|676|834|1566
,56|677|834|1567
,56|677|835|1568
,56|678|835|1569
,56|678|836|1570
,56|679|836|1571
,56|679|837|1572
,56|680|837|1573
,56|680|838|1574
,56|681|838|1575
,56|681|839|1576
,56|682|839|1577
,56|682|840|1578
,56|683|840|1579
,56|683|841|1580
,56|684|841|1581
,56|684|842|1582
,56|685|842|1583
,56|685|843|1584
,56|686|843|1585
,56|686|844|1586
,56|687|844|1587
,56|687|845|1588
,56|688|845|1589
,56|688|846|1590
,56|689|846|1591
,56|689|847|1592
,56|690|847|1593
,56|690|848|1594
,56|691|848|1595
,56|691|849|1596
,56|692|849|1597
,56|692|850|1598
,56|693|850|1599
,56|693|851|1600
,56|694|851|1601
,56|694|852|1602
,56|695|852|1603
,56|695|853|1604
,56|696|853|1605
,56|696|854|1606
,56|697|854|1607
,56|697|855|1608
,56|698|855|1609
,56|698|856|1610
,56|699|856|1611
,56|699|857|1612
,56|700|857|1613
,56|700|858|1614
,56|701|858|1615
,56|701|859|1616
,56|702|859|1617
,56|702|860|1618
,56|703|860|1619
,56|703|861|1620
,56|704|861|1621
,56|704|862|1622
,56|705|862|1623
,56|705|863|1624
,56|706|863|1625
,56|706|864|1626
,56|707|864|1627
,56|707|865|1628
,56|708|865|1629
,56|708|866|1630
,56|709|866|1631
,56|709|867|1632
,56|709|868|1633
,57|709|868|1634
,57|710|868|1635
,57|710|869|1636
,57|711|869|1637
,57|711|870|1638
,57|711|871|1639
,57|711|872|1640
,57|711|873|1641
,57|711|874|1642
,57|711|875|1643
,57|711|876|1644
,57|712|876|1645
,58|712|876|1646
,58|713|876|1647
,58|713|877|1648
,58|713|878|1649
,59|713|878|1650
,59|714|878|1651
,59|714|879|1652
,59|715|879|1653
,60|715|879|1654
,60|716|879|1655
,60|716|880|1656
,60|717|880|1657
,60|717|881|1658
,60|717|882|1659
,61|717|882|1660
,61|717|883|1661
,62|717|883|1662
,62|718|883|1663
,62|718|884|1664
,62|718|885|1665
,62|718|886|1666
,62|719|886|1667
,62|719|887|1668
,62|720|887|1669
,62|720|888|1670
,62|721|888|1671
,62|721|889|1672
,62|722|889|1673
,62|722|890|1674
,62|723|890|1675
,62|723|891|1676
,62|724|891|1677
,62|724|892|1678
,62|725|892|1679
,62|725|893|1680
,62|726|893|1681
,62|726|894|1682
,62|727|894|1683
,62|727|895|1684
,62|728|895|1685
,62|728|896|1686
,62|729|896|1687
,62|729|897|1688
,62|730|897|1689
,62|730|898|1690
,62|731|898|1691
,62|731|899|1692
,62|732|899|1693
,62|732|900|1694
,62|733|900|1695
,62|733|901|1696
,62|734|901|1697
,62|734|902|1698
,62|735|902|1699
,62|735|903|1700
,62|736|903|1701
,62|736|904|1702
,62|737|904|1703
,62|737|905|1704
,62|738|905|1705
,62|738|906|1706
,62|739|906|1707
,62|739|907|1708
,62|740|907|1709
,62|740|908|1710
,62|740|909|1711
,62|740|910|1712
,62|741|910|1713
,62|741|911|1714
,62|742|911|1715
,62|742|912|1716
,62|742|913|1717
,62|742|914|1718
,62|743|914|1719
,62|743|915|1720
,62|744|915|1721
,62|744|916|1722
,62|745|916|1723
,62|745|917|1724
,62|745|918|1725
,62|745|919|1726
,62|746|919|1727
,62|746|920|1728
,62|747|920|1729
,62|747|921|1730
,62|748|921|1731
,62|748|922|1732
,62|749|922|1733
,62|749|923|1734
,62|750|923|1735
,62|750|924|1736
,62|751|924|1737
,62|751|925|1738
,62|752|925|1739
,62|752|926|1740
,62|753|926|1741
,62|753|927|1742
,62|754|927|1743
,62|754|928|1744
,62|755|928|1745
,62|755|929|1746
,62|756|929|1747
,62|756|930|1748
,62|757|930|1749
,62|757|931|1750
,62|758|931|1751
,62|758|932|1752
,62|759|932|1753
,62|759|933|1754
,62|760|933|1755
,62|760|934|1756
,62|761|934|1757
,62|761|935|1758
,62|762|935|1759
,62|762|936|1760
,62|763|936|1761
,62|763|937|1762
,62|764|937|1763
,62|764|938|1764
,62|765|938|1765
,62|765|939|1766
,62|766|939|1767
,62|766|940|1768
,62|767|940|1769
,62|767|941|1770
,62|768|941|1771
,62|768|942|1772
,62|769|942|1773
,62|769|943|1774
,62|769|944|1775
,62|769|945|1776
,62|769|946|1777
,63|769|946|1778
,63|770|946|1779
,64|770|946|1780
,64|770|947|1781
,65|770|947|1782
,65|770|948|1783
,65|770|949|1784
,65|770|950|1785
,66|770|950|1786
,66|770|951|1787
,67|770|951|1788
,67|770|952|1789
,68|770|952|1790
,68|770|953|1791
,68|770|954|1792
,68|770|955|1793
,68|770|956|1794
,68|770|957|1795
,68|770|958|1796
,68|770|959|1797
,69|770|959|1798
,69|770|960|1799
,69|770|961|1800
,69|770|962|1801
,69|770|963|1802
,69|770|964|1803
,70|770|964|1804
,70|770|965|1805
,70|770|966|1806
,70|770|967|1807
,70|770|968|1808
,70|770|969|1809
,71|770|969|1810
,71|771|969|1811
,71|771|970|1812
,71|772|970|1813
,71|772|971|1814
,71|773|971|1815
,71|773|972|1816
,71|774|972|1817
,71|774|973|1818
,71|775|973|1819
,71|775|974|1820
,71|776|974|1821
,71|776|975|1822
,71|777|975|1823
,71|777|976|1824
,71|778|976|1825
,71|778|977|1826
,71|779|977|1827
,71|779|978|1828
,71|780|978|1829
,71|780|979|1830
,71|781|979|1831
,71|781|980|1832
,71|782|980|1833
,71|782|981|1834
,71|783|981|1835
,71|783|982|1836
,71|784|982|1837
,71|784|983|1838
,71|785|983|1839
,71|785|984|1840
,71|786|984|1841
,71|786|985|1842
,71|787|985|1843
,71|787|986|1844
,71|788|986|1845
,71|788|987|1846
,71|789|987|1847
,71|789|988|1848
,71|790|988|1849
,71|790|989|1850
,71|791|989|1851
,71|791|990|1852
,71|792|990|1853
,71|792|991|1854
,71|792|992|1855
,71|792|993|1856
,71|793|993|1857
,71|793|994|1858
,71|794|994|1859
,71|794|995|1860
,71|795|995|1861
,71|795|996|1862
,71|795|997|1863
,71|795|998|1864
,71|796|998|1865
,71|796|999|1866
,71|797|999|1867
,71|797|1000|1868
,71|797|1001|1869
,71|797|1002|1870
,71|798|1002|1871
,71|798|1003|1872
,71|799|1003|1873
,71|799|1004|1874
,71|800|1004|1875
,71|800|1005|1876
,71|801|1005|1877
,71|801|1006|1878
,71|802|1006|1879
,71|802|1007|1880
,71|803|1007|1881
,71|803|1008|1882
,71|804|1008|1883
,71|804|1009|1884
,71|805|1009|1885
,71|805|1010|1886
,71|806|1010|1887
,71|806|1011|1888
,71|807|1011|1889
,71|807|1012|1890
,71|808|1012|1891
,71|808|1013|1892
,71|809|1013|1893
,71|809|1014|1894
,71|810|1014|1895
,71|810|1015|1896
,71|811|1015|1897
,71|811|1016|1898
,71|812|1016|1899
,71|812|1017|1900
,71|813|1017|1901
,71|813|1018|1902
,71|814|1018|1903
,71|814|1019|1904
,71|815|1019|1905
,71|815|1020|1906
,71|816|1020|1907
,71|816|1021|1908
,71|817|1021|1909
,71|817|1022|1910
,71|818|1022|1911
,71|818|1023|1912
,71|819|1023|1913
,71|819|1024|1914
,71|820|1024|1915
,71|820|1025|1916
,71|821|1025|1917
,71|821|1026|1918
,71|821|1027|1919
,72|821|1027|1920
,72|822|1027|1921
,72|822|1028|1922
,72|823|1028|1923
,72|823|1029|1924
,72|824|1029|1925
,72|824|1030|1926
,72|824|1031|1927
,73|824|1031|1928
,73|825|1031|1929
,73|825|1032|1930
,73|825|1033|1931
,73|825|1034|1932
,73|826|1034|1933
,73|826|1035|1934
,73|826|1036|1935
,73|826|1037|1936
,73|827|1037|1937
,73|827|1038|1938
,73|827|1039|1939
,73|827|1040|1940
,73|827|1041|1941
,73|827|1042|1942
,73|828|1042|1943
,73|828|1043|1944
,73|828|1044|1945
,73|828|1045|1946
,73|828|1046|1947
,73|828|1047|1948
,73|829|1047|1949
,73|829|1048|1950
,73|830|1048|1951
,73|830|1049|1952
,73|831|1049|1953
,73|831|1050|1954
,73|832|1050|1955
,73|832|1051|1956
,73|833|1051|1957
,73|833|1052|1958
,73|834|1052|1959
,73|834|1053|1960
,73|835|1053|1961
,73|835|1054|1962
,73|836|1054|1963
,73|836|1055|1964
,73|837|1055|1965
,73|837|1056|1966
,73|838|1056|1967
,73|838|1057|1968
,73|839|1057|1969
,73|839|1058|1970
,73|840|1058|1971
,73|840|1059|1972
,73|841|1059|1973
,73|841|1060|1974
,73|842|1060|1975
,73|842|1061|1976
,73|843|1061|1977
,73|843|1062|1978
,73|844|1062|1979
,73|844|1063|1980
,73|845|1063|1981
,73|845|1064|1982
,73|846|1064|1983
,73|846|1065|1984
,73|847|1065|1985
,73|847|1066|1986
,73|848|1066|1987
,73|848|1067|1988
,73|849|1067|1989
,73|849|1068|1990
,73|849|1069|1991
,73|849|1070|1992
,73|850|1070|1993
,73|850|1071|1994
,73|851|1071|1995
,73|851|1072|1996
,73|852|1072|1997
,73|852|1073|1998
,73|853|1073|1999
,74|853|1073|2000
