total
,0|0|1|1
,0|1|1|2
,0|1|2|3
,0|2|2|4
,0|2|3|5
,0|3|3|6
,0|3|4|7
,0|4|4|8
,0|4|5|9
,0|5|5|10
,0|5|6|11
,0|6|6|12
,0|7|6|13
,0|8|6|14
,0|8|7|15
,0|9|7|16
,0|9|8|17
,0|10|8|18
,0|10|9|19
,0|11|9|20
,0|12|9|21
,0|12|10|22
,0|12|11|23
,0|13|11|24
,0|13|12|25
,0|14|12|26
,0|14|13|27
,0|15|13|28
,0|16|13|29
,1|16|13|30
,1|16|14|31
,1|17|14|32
,1|17|15|33
,1|18|15|34
,1|18|16|35
,1|19|16|36
,1|19|17|37
,1|20|17|38
,1|20|18|39
,1|21|18|40
,1|21|19|41
,1|22|19|42
,1|22|20|43
,1|23|20|44
,1|23|21|45
,1|24|21|46
,1|24|22|47
,1|25|22|48
,1|26|22|49
,1|27|22|50
,1|27|23|51
,1|28|23|52
,1|28|24|53
,1|29|24|54
,1|29|25|55
,1|30|25|56
,1|30|26|57
,1|31|26|58
,1|31|27|59
,1|31|28|60
,1|31|29|61
,1|32|29|62
,1|32|30|63
,1|33|30|64
,1|33|31|65
,1|34|31|66
,1|34|32|67
,1|35|32|68
,1|35|33|69
,1|36|33|70
,1|36|34|71
,1|36|35|72
,1|36|36|73
,1|37|36|74
,1|37|37|75
,1|38|37|76
,1|38|38|77
,1|39|38|78
,1|39|39|79
,1|40|39|80
,1|40|40|81
,1|41|40|82
,1|41|41|83
,1|42|41|84
,1|42|42|85
,1|43|42|86
,1|43|43|87
,1|44|43|88
,2|44|43|89
,2|45|43|90
,2|45|44|91
,2|46|44|92
,2|46|45|93
,2|47|45|94
,2|47|46|95
,2|48|46|96
,2|49|46|97
,2|50|46|98
,2|50|47|99
,2|51|47|100
,2|51|48|101
,2|52|48|102
,2|52|49|103
,2|53|49|104
,2|53|50|105
,2|54|50|106
,2|54|51|107
,2|55|51|108
,2|55|52|109
,2|56|52|110
,2|56|53|111
,2|57|53|112
,2|58|53|113
,2|59|53|114
,2|59|54|115
,2|60|54|116
,2|60|55|117
,2|61|55|118
,2|61|56|119
,2|62|56|120
,2|62|57|121
,2|63|57|122
,2|63|58|123
,2|64|58|124
,2|64|59|125
,2|65|59|126
,2|65|60|127
,2|66|60|128
,2|66|61|129
,2|67|61|130
,2|67|62|131
,2|68|62|132
,2|68|63|133
,2|69|63|134
,2|69|64|135
,2|70|64|136
,2|70|65|137
,2|71|65|138
,2|71|66|139
,2|72|66|140
,2|72|67|141
,2|73|67|142
,2|73|68|143
,2|74|68|144
,2|74|69|145
,2|75|69|146
,2|75|70|147
,2|76|70|148
,2|76|71|149
,2|77|71|150
,2|77|72|151
,2|78|72|152
,2|78|73|153
,2|79|73|154
,2|79|74|155
,2|80|74|156
,2|80|75|157
,2|81|75|158
,2|81|76|159
,2|82|76|160
,2|82|77|161
,2|83|77|162
,2|83|78|163
,2|84|78|164
,2|84|79|165
,2|85|79|166
,2|85|80|167
,2|86|80|168
,2|86|81|169
,2|87|81|170
,2|87|82|171
,2|88|82|172
,2|88|83|173
,2|89|83|174
,2|89|84|175
,2|90|84|176
,2|90|85|177
,2|91|85|178
,2|91|86|179
,2|92|86|180
,2|92|87|181
,2|93|87|182
,2|93|88|183
,2|94|88|184
,2|94|89|185
,2|95|89|186
,2|95|90|187
,2|96|90|188
,2|96|91|189
,2|97|91|190
,2|97|92|191
,2|98|92|192
,2|98|93|193
,2|99|93|194
,2|99|94|195
,2|100|94|196
,2|100|95|197
,2|101|95|198
,2|101|96|199
,2|102|96|200
,2|102|97|201
,2|103|97|202
,2|103|98|203
,2|104|98|204
,2|104|99|205
,2|105|99|206
,2|105|100|207
,2|106|100|208
,2|107|100|209
,2|108|100|210
,2|108|101|211
,2|109|101|212
,2|109|102|213
,2|110|102|214
,2|110|103|215
,2|111|103|216
,2|111|104|217
,2|112|104|218
,2|112|105|219
,2|113|105|220
,2|113|106|221
,2|114|106|222
,2|114|107|223
,2|115|107|224
,2|115|108|225
,2|116|108|226
,2|116|109|227
,2|117|109|228
,2|117|110|229
,2|118|110|230
,2|118|111|231
,2|119|111|232
,2|120|111|233
,2|121|111|234
,2|121|112|235
,2|122|112|236
,2|122|113|237
,2|123|113|238
,2|123|114|239
,2|124|114|240
,2|125|114|241
,2|126|114|242
,2|126|115|243
,2|127|115|244
,2|127|116|245
,2|128|116|246
,2|129|116|247
,2|130|116|248
,2|131|116|249
,2|132|116|250
,2|132|117|251
,2|133|117|252
,2|133|118|253
,2|134|118|254
,2|134|119|255
,2|135|119|256
,2|136|119|257
,2|137|119|258
,2|137|120|259
,2|138|120|260
,2|138|121|261
,2|139|121|262
,2|139|122|263
,2|140|122|264
,2|140|123|265
,2|141|123|266
,2|141|124|267
,2|142|124|268
,2|143|124|269
,2|144|124|270
,2|144|125|271
,2|145|125|272
,2|145|126|273
,2|146|126|274
,2|146|127|275
,2|147|127|276
,2|147|128|277
,2|148|128|278
,2|148|129|279
,2|149|129|280
,2|149|130|281
,2|150|130|282
,2|150|131|283
,2|151|131|284
,2|151|132|285
,2|152|132|286
,2|152|133|287
,2|153|133|288
,2|153|134|289
,2|154|134|290
,2|154|135|291
,2|155|135|292
,2|155|136|293
,2|156|136|294
,2|156|137|295
,2|157|137|296
,2|157|138|297
,2|158|138|298
,2|158|139|299
,2|159|139|300
,2|159|140|301
,2|160|140|302
,2|160|141|303
,2|161|141|304
,2|161|142|305
,2|162|142|306
,2|162|143|307
,2|163|143|308
,2|163|144|309
,2|164|144|310
,2|164|145|311
,2|165|145|312
,2|165|146|313
,2|166|146|314
,2|166|147|315
,2|167|147|316
,2|167|148|317
,2|168|148|318
,2|168|149|319
,2|169|149|320
,2|169|150|321
,2|170|150|322
,2|170|151|323
,2|171|151|324
,2|171|152|325
,2|172|152|326
,2|172|153|327
,2|173|153|328
,2|173|154|329
,2|174|154|330
,2|174|155|331
,2|175|155|332
,2|175|156|333
,2|176|156|334
,2|176|157|335
,2|177|157|336
,2|177|158|337
,2|178|158|338
,2|178|159|339
,2|179|159|340
,2|179|160|341
,2|180|160|342
,2|180|161|343
,2|181|161|344
,2|181|162|345
,2|182|162|346
,2|182|163|347
,2|183|163|348
,2|183|164|349
,2|184|164|350
,2|184|165|351
,2|185|165|352
,2|185|166|353
,2|186|166|354
,2|186|167|355
,2|187|167|356
,2|187|168|357
,2|188|168|358
,2|188|169|359
,2|189|169|360
,2|189|170|361
,2|190|170|362
,2|190|171|363
,2|191|171|364
,2|191|172|365
,2|192|172|366
,2|192|173|367
,2|193|173|368
,2|193|174|369
,2|194|174|370
,2|194|175|371
,2|195|175|372
,2|195|176|373
,2|196|176|374
,2|196|177|375
,2|197|177|376
,2|197|178|377
,2|198|178|378
,2|198|179|379
,2|199|179|380
,2|199|180|381
,2|200|180|382
,2|201|180|383
,2|202|180|384
,2|202|181|385
,2|203|181|386
,2|203|182|387
,2|203|183|388
,2|203|184|389
,2|204|184|390
,2|204|185|391
,3|204|185|392
,3|204|186|393
,4|204|186|394
,4|204|187|395
,5|204|187|396
,5|204|188|397
,6|204|188|398
,6|204|189|399
,7|204|189|400
,7|204|190|401
,8|204|190|402
,8|204|191|403
,8|205|191|404
,8|205|192|405
,8|205|193|406
,8|205|194|407
,9|205|194|408
,9|206|194|409
,10|206|194|410
,10|206|195|411
,11|206|195|412
,11|207|195|413
,12|207|195|414
,13|207|195|415
,14|207|195|416
,14|207|196|417
,14|207|197|418
,14|207|198|419
,15|207|198|420
,15|208|198|421
,16|208|198|422
,16|208|199|423
,16|209|199|424
,16|209|200|425
,16|210|200|426
,16|210|201|427
,16|211|201|428
,16|211|202|429
,16|212|202|430
,16|212|203|431
,16|213|203|432
,16|213|204|433
,16|214|204|434
,16|214|205|435
,16|215|205|436
,16|215|206|437
,16|216|206|438
,16|216|207|439
,16|217|207|440
,16|217|208|441
,16|218|208|442
,16|218|209|443
,16|219|209|444
,16|219|210|445
,16|220|210|446
,16|220|211|447
,16|221|211|448
,16|221|212|449
,16|222|212|450
,16|222|213|451
,16|223|213|452
,16|223|214|453
,16|224|214|454
,16|224|215|455
,16|225|215|456
,16|225|216|457
,16|226|216|458
,16|226|217|459
,16|227|217|460
,16|227|218|461
,16|228|218|462
,16|228|219|463
,16|229|219|464
,16|229|220|465
,16|230|220|466
,16|230|221|467
,16|231|221|468
,16|231|222|469
,16|232|222|470
,16|232|223|471
,16|233|223|472
,16|233|224|473
,16|234|224|474
,16|234|225|475
,16|235|225|476
,16|235|226|477
,16|236|226|478
,16|236|227|479
,16|237|227|480
,16|237|228|481
,16|238|228|482
,16|238|229|483
,16|239|229|484
,16|239|230|485
,16|240|230|486
,16|240|231|487
,16|241|231|488
,16|241|232|489
,16|242|232|490
,16|242|233|491
,16|243|233|492
,16|243|234|493
,16|244|234|494
,16|244|235|495
,16|245|235|496
,16|245|236|497
,16|246|236|498
,16|246|237|499
,16|247|237|500
,16|247|238|501
,16|248|238|502
,16|248|239|503
,16|249|239|504
,16|249|240|505
,16|250|240|506
,16|250|241|507
,16|251|241|508
,16|252|241|509
,16|253|241|510
,16|253|242|511
,16|254|242|512
,16|254|243|513
,16|255|243|514
,16|255|244|515
,16|256|244|516
,16|256|245|517
,16|257|245|518
,16|257|246|519
,16|258|246|520
,16|258|247|521
,16|259|247|522
,16|260|247|523
,16|261|247|524
,16|261|248|525
,16|262|248|526
,16|262|249|527
,16|263|249|528
,16|263|250|529
,16|264|250|530
,16|264|251|531
,16|265|251|532
,16|265|252|533
,16|266|252|534
,16|266|253|535
,16|267|253|536
,16|267|254|537
,16|268|254|538
,16|269|254|539
,16|270|254|540
,16|270|255|541
,16|271|255|542
,16|271|256|543
,16|272|256|544
,16|272|257|545
,16|273|257|546
,16|273|258|547
,17|273|258|548
,17|273|259|549
,17|274|259|550
,17|274|260|551
,17|275|260|552
,17|275|261|553
,17|276|261|554
,17|276|262|555
,18|276|262|556
,18|276|263|557
,18|277|263|558
,18|277|264|559
,18|278|264|560
,18|278|265|561
,18|278|266|562
,18|278|267|563
,18|279|267|564
,18|279|268|565
,18|280|268|566
,18|280|269|567
,18|281|269|568
,18|281|270|569
,18|281|271|570
,18|281|272|571
,18|282|272|572
,18|282|273|573
,18|283|273|574
,18|283|274|575
,18|284|274|576
,18|284|275|577
,18|285|275|578
,18|285|276|579
,18|286|276|580
,18|286|277|581
,18|287|277|582
,18|287|278|583
,18|288|278|584
,18|288|279|585
,18|289|279|586
,18|289|280|587
,18|290|280|588
,18|290|281|589
,18|291|281|590
,18|291|282|591
,18|292|282|592
,18|292|283|593
,18|293|283|594
,18|293|284|595
,18|294|284|596
,18|294|285|597
,18|295|285|598
,18|295|286|599
,18|296|286|600
,18|296|287|601
,18|297|287|602
,18|297|288|603
,18|298|288|604
,18|298|289|605
,18|299|289|606
,18|299|290|607
,18|300|290|608
,18|300|291|609
,18|301|291|610
,18|301|292|611
,18|302|292|612
,18|302|293|613
,18|303|293|614
,18|303|294|615
,18|304|294|616
,18|304|295|617
,18|305|295|618
,18|305|296|619
,18|306|296|620
,18|306|297|621
,18|307|297|622
,18|307|298|623
,18|308|298|624
,18|308|299|625
,18|309|299|626
,18|309|300|627
,18|310|300|628
,18|310|301|629
,18|311|301|630
,18|311|302|631
,18|312|302|632
,18|312|303|633
,18|313|303|634
,18|313|304|635
,18|314|304|636
,18|314|305|637
,18|315|305|638
,18|315|306|639
,18|316|306|640
,18|316|307|641
,18|317|307|642
,18|317|308|643
,18|318|308|644
,18|318|309|645
,18|319|309|646
,18|319|310|647
,18|320|310|648
,18|320|311|649
,18|321|311|650
,18|321|312|651
,18|322|312|652
,18|322|313|653
,18|323|313|654
,18|323|314|655
,18|324|314|656
,18|324|315|657
,18|325|315|658
,18|325|316|659
,18|326|316|660
,18|326|317|661
,18|327|317|662
,18|327|318|663
,18|328|318|664
,18|328|319|665
,18|329|319|666
,18|329|320|667
,18|330|320|668
,18|330|321|669
,18|331|321|670
,18|331|322|671
,18|332|322|672
,18|332|323|673
,18|333|323|674
,18|333|324|675
,18|334|324|676
,18|334|325|677
,18|335|325|678
,18|335|326|679
,18|336|326|680
,18|336|327|681
,18|337|327|682
,18|337|328|683
,18|338|328|684
,18|338|329|685
,18|339|329|686
,18|339|330|687
,18|340|330|688
,18|341|330|689
,18|342|330|690
,18|342|331|691
,18|343|331|692
,18|344|331|693
,18|345|331|694
,18|345|332|695
,18|346|332|696
,18|347|332|697
,18|348|332|698
,18|349|332|699
,18|350|332|700
,18|351|332|701
,18|352|332|702
,18|352|333|703
,18|353|333|704
,18|353|334|705
,18|354|334|706
,18|354|335|707
,18|355|335|708
,18|355|336|709
,18|356|336|710
,18|356|337|711
,18|357|337|712
,18|357|338|713
,18|358|338|714
,18|358|339|715
,18|359|339|716
,18|360|339|717
,18|361|339|718
,18|362|339|719
,18|363|339|720
,18|363|340|721
,18|364|340|722
,18|364|341|723
,18|365|341|724
,18|366|341|725
,18|367|341|726
,18|367|342|727
,18|368|342|728
,18|368|343|729
,18|369|343|730
,18|369|344|731
,18|370|344|732
,18|370|345|733
,18|371|345|734
,18|371|346|735
,18|372|346|736
,18|372|347|737
,18|373|347|738
,18|373|348|739
,18|374|348|740
,18|374|349|741
,18|375|349|742
,18|375|350|743
,18|376|350|744
,18|376|351|745
,18|377|351|746
,18|377|352|747
,18|378|352|748
,18|378|353|749
,18|379|353|750
,18|379|354|751
,18|380|354|752
,18|380|355|753
,18|381|355|754
,18|381|356|755
,18|382|356|756
,18|382|357|757
,18|383|357|758
,18|383|358|759
,18|384|358|760
,18|384|359|761
,18|385|359|762
,18|385|360|763
,18|386|360|764
,18|386|361|765
,18|387|361|766
,18|387|362|767
,18|388|362|768
,18|388|363|769
,18|389|363|770
,18|389|364|771
,18|390|364|772
,18|390|365|773
,18|391|365|774
,18|391|366|775
,18|392|366|776
,18|392|367|777
,18|393|367|778
,18|393|368|779
,18|394|368|780
,18|394|369|781
,18|395|369|782
,18|395|370|783
,18|396|370|784
,18|396|371|785
,18|397|371|786
,18|397|372|787
,18|398|372|788
,18|398|373|789
,18|399|373|790
,18|399|374|791
,18|400|374|792
,18|400|375|793
,18|401|375|794
,18|401|376|795
,18|402|376|796
,18|402|377|797
,18|403|377|798
,18|403|378|799
,18|404|378|800
,18|404|379|801
,18|405|379|802
,18|405|380|803
,18|406|380|804
,18|406|381|805
,18|407|381|806
,18|408|381|807
,18|409|381|808
,18|409|382|809
,18|410|382|810
,18|410|383|811
,18|411|383|812
,18|411|384|813
,18|412|384|814
,18|412|385|815
,18|413|385|816
,18|413|386|817
,18|414|386|818
,18|414|387|819
,18|415|387|820
,18|415|388|821
,18|416|388|822
,18|416|389|823
,18|417|389|824
,18|417|390|825
,18|418|390|826
,18|418|391|827
,18|419|391|828
,18|419|392|829
,18|420|392|830
,18|420|393|831
,18|421|393|832
,18|421|394|833
,18|422|394|834
,18|422|395|835
,18|423|395|836
,18|423|396|837
,18|424|396|838
,18|424|397|839
,18|425|397|840
,18|425|398|841
,18|426|398|842
,18|426|399|843
,18|427|399|844
,18|427|400|845
,18|428|400|846
,18|428|401|847
,18|429|401|848
,18|429|402|849
,18|430|402|850
,18|430|403|851
,18|431|403|852
,18|431|404|853
,18|432|404|854
,18|432|405|855
,18|433|405|856
,18|433|406|857
,18|434|406|858
,18|434|407|859
,18|435|407|860
,18|435|408|861
,18|436|408|862
,18|436|409|863
,18|437|409|864
,18|437|410|865
,18|438|410|866
,18|438|411|867
,18|439|411|868
,18|439|412|869
,18|440|412|870
,18|440|413|871
,18|441|413|872
,18|441|414|873
,18|442|414|874
,18|442|415|875
,18|443|415|876
,18|444|416|878
,18|445|416|879
,18|445|417|880
,18|446|417|881
,18|446|418|882
,18|447|418|883
,18|447|419|884
,18|448|419|885
,18|448|420|886
,18|449|420|887
,18|449|421|888
,18|450|421|889
,18|450|422|890
,18|451|422|891
,18|451|423|892
,18|452|423|893
,18|452|424|894
,18|453|424|895
,18|453|425|896
,18|454|425|897
,18|454|426|898
,18|455|426|899
,18|455|427|900
,18|456|427|901
,18|456|428|902
,18|457|428|903
,18|457|429|904
,18|458|429|905
,18|458|430|906
,18|459|430|907
,18|459|431|908
,18|460|431|909
,18|460|432|910
,18|461|432|911
,18|461|433|912
,18|462|433|913
,18|462|434|914
,18|463|434|915
,18|463|435|916
,18|464|435|917
,18|464|436|918
,18|465|436|919
,18|465|437|920
,18|466|437|921
,18|466|438|922
,18|467|438|923
,18|467|439|924
,18|468|439|925
,18|468|440|926
,18|469|440|927
,18|469|441|928
,18|470|441|929
,18|470|442|930
,18|471|442|931
,18|471|443|932
,18|472|443|933
,18|472|444|934
,18|473|444|935
,18|473|445|936
,18|474|445|937
,18|474|446|938
,18|475|446|939
,18|475|447|940
,18|476|447|941
,18|476|448|942
,18|477|448|943
,18|477|449|944
,18|478|449|945
,18|478|450|946
,18|479|450|947
,18|479|451|948
,18|480|451|949
,18|480|452|950
,18|481|452|951
,18|481|453|952
,18|482|453|953
,18|482|454|954
,18|483|454|955
,18|483|455|956
,18|484|455|957
,18|484|456|958
,18|485|456|959
,18|486|456|960
,18|487|456|961
,18|487|457|962
,18|488|457|963
,18|488|458|964
,18|489|458|965
,18|489|459|966
,18|490|459|967
,18|491|459|968
,18|492|459|969
,18|493|459|970
,18|494|459|971
,18|494|460|972
,18|495|460|973
,18|496|460|974
,18|497|460|975
,18|498|460|976
,18|499|460|977
,18|499|461|978
,18|500|461|979
,18|500|462|980
,18|501|462|981
,18|501|463|982
,18|502|463|983
,18|502|464|984
,18|503|464|985
,18|503|465|986
,18|504|465|987
,18|504|466|988
,18|505|466|989
,18|505|467|990
,18|506|467|991
,18|506|468|992
,18|507|468|993
,18|507|469|994
,18|508|469|995
,18|508|470|996
,18|509|470|997
,18|509|471|998
,18|510|471|999
,18|510|472|1000
,18|511|472|1001
,18|511|473|1002
,18|512|473|1003
,18|512|474|1004
,18|513|474|1005
,18|513|475|1006
,18|514|475|1007
,18|514|476|1008
,18|515|476|1009
,18|515|477|1010
,18|516|477|1011
,18|516|478|1012
,18|517|478|1013
,18|517|479|1014
,18|518|479|1015
,18|518|480|1016
,18|519|480|1017
,18|519|481|1018
,18|520|481|1019
,18|520|482|1020
,18|521|482|1021
,18|521|483|1022
,18|522|483|1023
,18|522|484|1024
,18|523|484|1025
,18|523|485|1026
,18|524|485|1027
,18|524|486|1028
,18|525|486|1029
,18|525|487|1030
,18|526|487|1031
,18|526|488|1032
,18|527|488|1033
,18|527|489|1034
,18|528|489|1035
,18|528|490|1036
,18|529|490|1037
,18|529|491|1038
,18|530|491|1039
,18|530|492|1040
,18|531|492|1041
,18|531|493|1042
,18|532|493|1043
,18|532|494|1044
,18|533|494|1045
,18|533|495|1046
,18|534|495|1047
,18|534|496|1048
,18|535|496|1049
,18|535|497|1050
,18|536|497|1051
,18|536|498|1052
,18|537|498|1053
,18|537|499|1054
,18|538|499|1055
,18|538|500|1056
,18|539|500|1057
,18|539|501|1058
,18|540|501|1059
,18|540|502|1060
,18|541|502|1061
,18|542|502|1062
,18|543|502|1063
,18|543|503|1064
,18|544|503|1065
,18|544|504|1066
,18|545|504|1067
,18|545|505|1068
,18|546|505|1069
,18|546|506|1070
,18|547|506|1071
,18|547|507|1072
,18|548|507|1073
,18|548|508|1074
,18|549|508|1075
,18|549|509|1076
,18|550|509|1077
,18|550|510|1078
,18|551|510|1079
,18|551|511|1080
,18|552|511|1081
,18|552|512|1082
,18|553|512|1083
,18|553|513|1084
,18|554|513|1085
,18|554|514|1086
,18|555|514|1087
,18|555|515|1088
,18|556|515|1089
,18|556|516|1090
,19|556|516|1091
,19|556|517|1092
,20|556|517|1093
,20|556|518|1094
,20|556|519|1095
,20|556|520|1096
,21|556|520|1097
,21|556|521|1098
,22|556|521|1099
,22|556|522|1100
,22|557|522|1101
,22|557|523|1102
,22|558|523|1103
,22|558|524|1104
,23|558|524|1105
,23|558|525|1106
,24|558|525|1107
,24|558|526|1108
,24|558|527|1109
,24|558|528|1110
,24|558|529|1111
,24|558|530|1112
,24|559|530|1113
,24|560|530|1114
,24|561|530|1115
,24|561|531|1116
,24|561|532|1117
,24|561|533|1118
,24|562|533|1119
,24|563|533|1120
,24|564|533|1121
,24|564|534|1122
,25|564|534|1123
,25|564|535|1124
,26|564|535|1125
,26|564|536|1126
,26|565|536|1127
,26|565|537|1128
,26|566|537|1129
,26|566|538|1130
,26|567|538|1131
,26|567|539|1132
,26|568|539|1133
,26|568|540|1134
,26|569|540|1135
,26|569|541|1136
,26|570|541|1137
,26|570|542|1138
,26|571|542|1139
,26|571|543|1140
,26|572|543|1141
,26|572|544|1142
,26|573|544|1143
,26|573|545|1144
,26|574|545|1145
,26|574|546|1146
,26|575|546|1147
,26|575|547|1148
,26|576|547|1149
,26|576|548|1150
,26|577|548|1151
,26|577|549|1152
,26|578|549|1153
,26|578|550|1154
,26|579|550|1155
,26|579|551|1156
,26|580|551|1157
,26|580|552|1158
,26|581|552|1159
,26|581|553|1160
,26|582|553|1161
,26|582|554|1162
,26|583|554|1163
,26|583|555|1164
,26|584|555|1165
,26|584|556|1166
,26|585|556|1167
,26|585|557|1168
,26|586|557|1169
,26|586|558|1170
,26|587|558|1171
,26|587|559|1172
,26|588|559|1173
,26|588|560|1174
,26|589|560|1175
,26|589|561|1176
,26|590|561|1177
,26|590|562|1178
,26|591|562|1179
,26|591|563|1180
,26|592|563|1181
,26|592|564|1182
,26|593|564|1183
,26|593|565|1184
,26|594|565|1185
,26|594|566|1186
,26|595|566|1187
,26|595|567|1188
,26|596|567|1189
,26|596|568|1190
,26|597|568|1191
,26|597|569|1192
,26|598|569|1193
,26|598|570|1194
,26|599|570|1195
,26|599|571|1196
,26|600|571|1197
,26|600|572|1198
,26|601|572|1199
,26|601|573|1200
,26|602|573|1201
,26|602|574|1202
,26|603|574|1203
,26|603|575|1204
,26|604|575|1205
,26|604|576|1206
,26|605|576|1207
,26|606|576|1208
,26|607|576|1209
,26|607|577|1210
,26|608|577|1211
,26|608|578|1212
,26|609|578|1213
,26|609|579|1214
,26|610|579|1215
,26|610|580|1216
,26|611|580|1217
,26|611|581|1218
,26|612|581|1219
,26|612|582|1220
,26|613|582|1221
,26|613|583|1222
,26|614|583|1223
,26|614|584|1224
,26|615|584|1225
,26|615|585|1226
,26|616|585|1227
,26|617|585|1228
,26|618|585|1229
,26|618|586|1230
,26|619|586|1231
,26|619|587|1232
,26|620|587|1233
,26|620|588|1234
,26|621|588|1235
,26|621|589|1236
,26|621|590|1237
,26|621|591|1238
,26|621|592|1239
,26|621|593|1240
,26|622|593|1241
,26|622|594|1242
,26|622|595|1243
,26|622|596|1244
,26|623|596|1245
,26|623|597|1246
,26|624|597|1247
,26|624|598|1248
,26|625|598|1249
,26|625|599|1250
,26|625|600|1251
,26|625|601|1252
,26|626|601|1253
,26|626|602|1254
,26|626|603|1255
,26|626|604|1256
,26|627|604|1257
,26|627|605|1258
,26|628|605|1259
,26|628|606|1260
,26|629|606|1261
,26|629|607|1262
,26|629|608|1263
,26|629|609|1264
,26|630|609|1265
,26|630|610|1266
,26|630|611|1267
,26|630|612|1268
,26|631|612|1269
,26|631|613|1270
,26|632|613|1271
,26|632|614|1272
,26|633|614|1273
,26|633|615|1274
,26|634|615|1275
,26|634|616|1276
,26|635|616|1277
,26|635|617|1278
,26|636|617|1279
,26|636|618|1280
,26|637|618|1281
,26|637|619|1282
,26|638|619|1283
,26|638|620|1284
,26|639|620|1285
,26|639|621|1286
,26|640|621|1287
,26|640|622|1288
,26|641|622|1289
,26|641|623|1290
,26|642|623|1291
,26|642|624|1292
,26|643|624|1293
,26|643|625|1294
,26|644|625|1295
,26|644|626|1296
,26|645|626|1297
,26|645|627|1298
,26|646|627|1299
,26|646|628|1300
,26|647|628|1301
,26|647|629|1302
,26|648|629|1303
,26|648|630|1304
,26|649|630|1305
,26|649|631|1306
,26|650|631|1307
,26|650|632|1308
,26|651|632|1309
,26|651|633|1310
,26|652|633|1311
,26|652|634|1312
,26|653|634|1313
,26|653|635|1314
,26|654|635|1315
,26|654|636|1316
,26|655|636|1317
,26|655|637|1318
,26|656|637|1319
,26|656|638|1320
,26|657|638|1321
,26|657|639|1322
,26|658|639|1323
,26|658|640|1324
,26|659|640|1325
,26|659|641|1326
,26|660|641|1327
,26|660|642|1328
,26|661|642|1329
,26|661|643|1330
,26|662|643|1331
,26|662|644|1332
,26|663|644|1333
,26|663|645|1334
,26|664|645|1335
,26|664|646|1336
,26|665|646|1337
,26|665|647|1338
,26|666|647|1339
,26|666|648|1340
,26|667|648|1341
,26|667|649|1342
,26|668|649|1343
,26|669|649|1344
,26|670|649|1345
,26|670|650|1346
,26|671|650|1347
,26|671|651|1348
,26|672|651|1349
,26|672|652|1350
,26|673|652|1351
,26|674|652|1352
,26|675|652|1353
,26|675|653|1354
,26|676|653|1355
,26|676|654|1356
,26|677|654|1357
,26|677|655|1358
,26|678|655|1359
,26|678|656|1360
,26|679|656|1361
,26|679|657|1362
,26|680|657|1363
,26|680|658|1364
,26|681|658|1365
,26|681|659|1366
,26|682|659|1367
,26|682|660|1368
,26|683|660|1369
,26|683|661|1370
,26|684|661|1371
,26|684|662|1372
,26|685|662|1373
,26|685|663|1374
,26|686|663|1375
,26|686|664|1376
,26|687|664|1377
,26|687|665|1378
,26|688|665|1379
,26|688|666|1380
,26|689|666|1381
,26|689|667|1382
,26|690|667|1383
,26|691|667|1384
,26|692|667|1385
,26|692|668|1386
,26|693|668|1387
,26|693|669|1388
,26|694|669|1389
,26|695|669|1390
,26|696|669|1391
,26|696|670|1392
,26|697|670|1393
,26|697|671|1394
,26|698|671|1395
,26|699|671|1396
,26|700|671|1397
,26|701|671|1398
,26|702|671|1399
,26|702|672|1400
,26|703|672|1401
,26|703|673|1402
,26|704|673|1403
,26|705|673|1404
,26|706|673|1405
,26|707|673|1406
,26|708|673|1407
,26|708|674|1408
,26|709|674|1409
,26|709|675|1410
,26|710|675|1411
,26|710|676|1412
,26|711|676|1413
,26|711|677|1414
,26|712|677|1415
,26|712|678|1416
,26|713|678|1417
,26|713|679|1418
,26|714|679|1419
,26|714|680|1420
,26|715|680|1421
,26|715|681|1422
,26|716|681|1423
,26|716|682|1424
,26|717|682|1425
,26|717|683|1426
,26|718|683|1427
,26|718|684|1428
,26|719|684|1429
,26|719|685|1430
,26|720|685|1431
,26|720|686|1432
,26|721|686|1433
,26|721|687|1434
,26|722|687|1435
,26|722|688|1436
,26|723|688|1437
,26|723|689|1438
,26|724|689|1439
,26|724|690|1440
,26|725|690|1441
,26|725|691|1442
,26|726|691|1443
,26|726|692|1444
,26|727|692|1445
,26|727|693|1446
,26|728|693|1447
,26|728|694|1448
,26|729|694|1449
,26|729|695|1450
,26|730|695|1451
,26|730|696|1452
,26|731|696|1453
,26|731|697|1454
,26|732|697|1455
,26|732|698|1456
,26|733|698|1457
,26|733|699|1458
,26|734|699|1459
,26|734|700|1460
,26|735|700|1461
,26|735|701|1462
,26|736|701|1463
,26|736|702|1464
,26|737|702|1465
,26|737|703|1466
,26|738|703|1467
,26|738|704|1468
,26|739|704|1469
,26|739|705|1470
,26|740|705|1471
,26|740|706|1472
,26|741|706|1473
,26|741|707|1474
,26|742|707|1475
,26|742|708|1476
,26|743|708|1477
,26|743|709|1478
,26|744|709|1479
,26|744|710|1480
,26|745|710|1481
,26|745|711|1482
,26|746|711|1483
,26|746|712|1484
,26|747|712|1485
,26|747|713|1486
,26|748|713|1487
,26|748|714|1488
,26|749|714|1489
,26|749|715|1490
,26|750|715|1491
,26|750|716|1492
,26|751|716|1493
,26|751|717|1494
,26|752|717|1495
,26|752|718|1496
,26|753|718|1497
,26|753|719|1498
,26|754|719|1499
,26|754|720|1500
,26|755|720|1501
,26|755|721|1502
,26|756|721|1503
,26|756|722|1504
,26|757|722|1505
,26|757|723|1506
,26|758|723|1507
,26|759|723|1508
,26|759|724|1509
,26|759|725|1510
,26|760|725|1511
,26|760|726|1512
,26|761|726|1513
,26|761|727|1514
,26|762|727|1515
,26|762|728|1516
,26|763|728|1517
,26|763|729|1518
,26|764|729|1519
,26|764|730|1520
,26|765|730|1521
,26|765|731|1522
,26|766|731|1523
,26|766|732|1524
,26|767|732|1525
,26|767|733|1526
,26|768|733|1527
,26|768|734|1528
,26|769|734|1529
,26|769|735|1530
,26|770|735|1531
,26|770|736|1532
,26|771|736|1533
,26|771|737|1534
,26|772|737|1535
,26|772|738|1536
,26|773|738|1537
,26|773|739|1538
,26|774|739|1539
,26|774|740|1540
,26|775|740|1541
,26|775|741|1542
,26|776|741|1543
,26|776|742|1544
,26|777|742|1545
,26|777|743|1546
,26|778|743|1547
,26|778|744|1548
,26|779|744|1549
,26|779|745|1550
,26|780|745|1551
,26|780|746|1552
,26|781|746|1553
,26|781|747|1554
,26|782|747|1555
,26|782|748|1556
,26|783|748|1557
,26|783|749|1558
,26|784|749|1559
,26|784|750|1560
,26|785|750|1561
,26|785|751|1562
,26|786|751|1563
,26|786|752|1564
,26|787|752|1565
,26|787|753|1566
,26|788|753|1567
,26|788|754|1568
,26|789|754|1569
,26|789|755|1570
,26|790|755|1571
,26|790|756|1572
,26|791|756|1573
,26|791|757|1574
,26|792|757|1575
,26|792|758|1576
,26|793|758|1577
,26|793|759|1578
,26|794|759|1579
,26|794|760|1580
,26|795|760|1581
,26|795|761|1582
,26|796|761|1583
,26|796|762|1584
,26|797|762|1585
,26|797|763|1586
,26|798|763|1587
,26|798|764|1588
,26|799|764|1589
,26|799|765|1590
,26|800|765|1591
,26|800|766|1592
,26|801|766|1593
,26|801|767|1594
,26|802|767|1595
,26|802|768|1596
,26|803|768|1597
,26|803|769|1598
,26|804|769|1599
,26|804|770|1600
,26|805|770|1601
,26|805|771|1602
,26|806|771|1603
,26|806|772|1604
,26|807|772|1605
,26|807|773|1606
,26|808|773|1607
,26|808|774|1608
,26|809|774|1609
,26|809|775|1610
,26|810|775|1611
,26|810|776|1612
,26|811|776|1613
,26|811|777|1614
,26|812|777|1615
,26|812|778|1616
,26|813|778|1617
,26|813|779|1618
,26|814|779|1619
,26|814|780|1620
,26|815|780|1621
,26|815|781|1622
,26|816|781|1623
,26|816|782|1624
,26|817|782|1625
,26|817|783|1626
,26|818|783|1627
,26|818|784|1628
,26|819|784|1629
,26|819|785|1630
,26|820|785|1631
,26|821|785|1632
,26|822|785|1633
,26|823|785|1634
,26|824|785|1635
,26|824|786|1636
,26|825|786|1637
,26|825|787|1638
,26|826|787|1639
,26|826|788|1640
,26|827|788|1641
,26|827|789|1642
,26|828|789|1643
,26|828|790|1644
,26|829|790|1645
,26|829|791|1646
,26|830|791|1647
,27|830|791|1648
,27|831|791|1649
,27|831|792|1650
,27|832|792|1651
,27|832|793|1652
,27|833|793|1653
,27|834|793|1654
,27|835|793|1655
,27|835|794|1656
,27|836|794|1657
,27|836|795|1658
,27|837|795|1659
,27|837|796|1660
,27|838|796|1661
,27|839|796|1662
,27|840|796|1663
,27|840|797|1664
,27|841|797|1665
,27|841|798|1666
,27|842|798|1667
,27|842|799|1668
,27|843|799|1669
,27|843|800|1670
,27|844|800|1671
,27|844|801|1672
,27|845|801|1673
,27|845|802|1674
,27|846|802|1675
,27|846|803|1676
,27|847|803|1677
,27|847|804|1678
,27|848|804|1679
,27|848|805|1680
,27|849|805|1681
,27|849|806|1682
,27|850|806|1683
,27|850|807|1684
,27|851|807|1685
,27|851|808|1686
,27|852|808|1687
,27|852|809|1688
,27|853|809|1689
,27|853|810|1690
,27|854|810|1691
,27|854|811|1692
,27|855|811|1693
,27|855|812|1694
,27|856|812|1695
,27|856|813|1696
,27|857|813|1697
,27|857|814|1698
,27|858|814|1699
,27|858|815|1700
,27|859|815|1701
,27|859|816|1702
,27|860|816|1703
,27|860|817|1704
,27|861|817|1705
,27|861|818|1706
,27|862|818|1707
,27|862|819|1708
,27|863|819|1709
,27|863|820|1710
,27|864|820|1711
,27|864|821|1712
,27|865|821|1713
,27|865|822|1714
,27|866|822|1715
,27|866|823|1716
,27|867|823|1717
,27|867|824|1718
,27|868|824|1719
,27|868|825|1720
,27|869|825|1721
,27|869|826|1722
,27|870|826|1723
,27|870|827|1724
,27|871|827|1725
,27|871|828|1726
,27|872|828|1727
,27|872|829|1728
,27|873|829|1729
,27|873|830|1730
,27|874|830|1731
,27|874|831|1732
,27|875|831|1733
,27|875|832|1734
,27|876|832|1735
,27|876|833|1736
,27|877|833|1737
,27|877|834|1738
,27|878|834|1739
,27|878|835|1740
,27|879|835|1741
,27|879|836|1742
,27|880|836|1743
,27|880|837|1744
,27|881|837|1745
,27|881|838|1746
,27|882|838|1747
,27|882|839|1748
,27|883|839|1749
,27|883|840|1750
,27|884|840|1751
,27|884|841|1752
,27|885|841|1753
,27|885|842|1754
,27|886|842|1755
,27|886|843|1756
,27|887|843|1757
,27|887|844|1758
,27|888|844|1759
,27|888|845|1760
,27|889|845|1761
,27|889|846|1762
,27|890|846|1763
,27|890|847|1764
,27|891|847|1765
,27|891|848|1766
,27|892|848|1767
,27|892|849|1768
,27|893|849|1769
,27|893|850|1770
,27|894|850|1771
,27|894|851|1772
,27|895|851|1773
,27|895|852|1774
,27|895|853|1775
,27|895|854|1776
,28|895|854|1777
,28|895|855|1778
,29|895|855|1779
,29|895|856|1780
,29|895|857|1781
,29|895|858|1782
,29|895|859|1783
,29|895|860|1784
,30|895|860|1785
,30|895|861|1786
,31|895|861|1787
,31|895|862|1788
,31|895|863|1789
,31|895|864|1790
,32|895|864|1791
,32|895|865|1792
,33|895|865|1793
,33|895|866|1794
,33|896|866|1795
,33|897|866|1796
,33|897|867|1797
,33|897|868|1798
,34|897|868|1799
,34|897|869|1800
,35|897|869|1801
,35|897|870|1802
,35|898|870|1803
,35|898|871|1804
,36|898|871|1805
,36|899|871|1806
,37|899|871|1807
,37|899|872|1808
,38|899|872|1809
,38|899|873|1810
,38|900|873|1811
,38|900|874|1812
,38|901|874|1813
,38|901|875|1814
,38|902|875|1815
,38|902|876|1816
,38|903|876|1817
,38|903|877|1818
,38|904|877|1819
,38|904|878|1820
,38|905|878|1821
,38|905|879|1822
,38|906|879|1823
,38|906|880|1824
,38|907|880|1825
,38|907|881|1826
,38|908|881|1827
,38|908|882|1828
,38|909|882|1829
,38|909|883|1830
,38|910|883|1831
,38|910|884|1832
,38|911|884|1833
,38|911|885|1834
,38|912|885|1835
,38|912|886|1836
,38|913|886|1837
,38|913|887|1838
,38|914|887|1839
,38|914|888|1840
,38|915|888|1841
,38|915|889|1842
,38|916|889|1843
,38|916|890|1844
,38|917|890|1845
,38|917|891|1846
,38|918|891|1847
,38|918|892|1848
,38|919|892|1849
,38|919|893|1850
,38|920|893|1851
,38|920|894|1852
,38|921|894|1853
,38|921|895|1854
,38|922|895|1855
,38|922|896|1856
,38|923|896|1857
,38|923|897|1858
,38|924|897|1859
,38|924|898|1860
,38|925|898|1861
,38|925|899|1862
,38|926|899|1863
,38|926|900|1864
,38|927|900|1865
,38|927|901|1866
,38|928|901|1867
,38|928|902|1868
,38|929|902|1869
,38|929|903|1870
,38|930|903|1871
,38|930|904|1872
,38|931|904|1873
,38|931|905|1874
,38|932|905|1875
,38|932|906|1876
,38|933|906|1877
,38|933|907|1878
,38|934|907|1879
,38|934|908|1880
,38|935|908|1881
,38|935|909|1882
,38|936|909|1883
,38|936|910|1884
,38|937|910|1885
,38|937|911|1886
,38|938|911|1887
,38|938|912|1888
,38|939|912|1889
,38|939|913|1890
,38|940|913|1891
,38|941|913|1892
,38|942|913|1893
,38|942|914|1894
,38|943|914|1895
,38|943|915|1896
,38|944|915|1897
,38|944|916|1898
,38|945|916|1899
,38|946|916|1900
,38|947|916|1901
,38|947|917|1902
,38|948|917|1903
,38|948|918|1904
,38|949|918|1905
,38|950|918|1906
,38|951|918|1907
,38|951|919|1908
,38|952|919|1909
,38|952|920|1910
,38|953|920|1911
,38|953|921|1912
,38|954|921|1913
,38|954|922|1914
,38|955|922|1915
,38|955|923|1916
,38|956|923|1917
,38|956|924|1918
,38|957|924|1919
,38|957|925|1920
,38|957|926|1921
,38|957|927|1922
,39|957|927|1923
,39|957|928|1924
,39|958|928|1925
,39|958|929|1926
,40|958|929|1927
,41|958|929|1928
,41|959|929|1929
,41|959|930|1930
,41|960|930|1931
,41|960|931|1932
,41|961|931|1933
,41|961|932|1934
,42|961|932|1935
,42|961|933|1936
,42|962|933|1937
,42|962|934|1938
,42|962|935|1939
,42|962|936|1940
,43|962|936|1941
,43|962|937|1942
,43|963|937|1943
,43|963|938|1944
,43|963|939|1945
,43|963|940|1946
,43|964|940|1947
,43|964|941|1948
,43|965|941|1949
,43|965|942|1950
,43|966|942|1951
,43|966|943|1952
,43|966|944|1953
,43|966|945|1954
,43|967|945|1955
,43|967|946|1956
,43|968|946|1957
,43|968|947|1958
,43|969|947|1959
,43|969|948|1960
,43|970|948|1961
,43|970|949|1962
,43|971|949|1963
,43|971|950|1964
,43|972|950|1965
,43|972|951|1966
,43|973|951|1967
,43|973|952|1968
,43|974|952|1969
,43|974|953|1970
,43|975|953|1971
,43|975|954|1972
,43|976|954|1973
,43|976|955|1974
,43|977|955|1975
,43|977|956|1976
,43|978|956|1977
,43|978|957|1978
,43|979|957|1979
,43|979|958|1980
,43|980|958|1981
,43|980|959|1982
,43|981|959|1983
,43|981|960|1984
,43|982|960|1985
,43|982|961|1986
,43|983|961|1987
,43|983|962|1988
,43|984|962|1989
,43|984|963|1990
,43|985|963|1991
,43|985|964|1992
,43|986|964|1993
,43|986|965|1994
,43|987|965|1995
,43|987|966|1996
,43|988|966|1997
,43|988|967|1998
,43|989|967|1999
,43|989|968|2000
