total
,0|0|1|1
,0|1|1|2
,0|1|2|3
,0|2|2|4
,0|2|3|5
,0|3|3|6
,1|3|3|7
,1|3|4|8
,1|3|5|9
,1|4|5|10
,1|4|6|11
,1|5|6|12
,2|5|6|13
,2|5|7|14
,2|5|8|15
,2|6|8|16
,2|6|9|17
,2|7|9|18
,2|7|10|19
,2|8|10|20
,3|8|10|21
,3|8|11|22
,3|8|12|23
,3|9|12|24
,4|9|12|25
,4|10|12|26
,4|10|13|27
,4|11|13|28
,4|11|14|29
,4|11|15|30
,4|11|16|31
,4|12|16|32
,4|12|17|33
,4|13|17|34
,4|13|18|35
,4|13|19|36
,5|13|19|37
,5|13|20|38
,5|13|21|39
,5|14|21|40
,5|14|22|41
,5|14|23|42
,5|14|24|43
,5|15|24|44
,6|15|24|45
,6|15|25|46
,7|15|25|47
,7|15|26|48
,7|15|27|49
,7|16|27|50
,8|16|27|51
,8|16|28|52
,8|16|29|53
,8|16|30|54
,9|16|30|55
,9|17|30|56
,9|17|31|57
,9|17|32|58
,9|17|33|59
,9|17|34|60
,9|17|35|61
,9|18|35|62
,10|18|35|63
,10|18|36|64
,11|18|36|65
,11|19|36|66
,12|19|36|67
,12|19|37|68
,12|19|38|69
,12|20|38|70
,12|20|39|71
,12|21|39|72
,13|21|39|73
,13|21|40|74
,13|21|41|75
,13|21|42|76
,13|21|43|77
,13|22|43|78
,13|22|44|79
,13|22|45|80
,13|22|46|81
,13|23|46|82
,13|23|47|83
,13|24|47|84
,13|24|48|85
,13|25|48|86
,13|25|49|87
,13|26|49|88
,14|26|49|89
,14|27|49|90
,14|27|50|91
,14|28|50|92
,14|28|51|93
,14|29|51|94
,14|29|52|95
,14|30|52|96
,15|30|52|97
,15|31|52|98
,15|31|53|99
,15|32|53|100
,15|32|54|101
,15|33|54|102
,15|33|55|103
,15|34|55|104
,15|34|56|105
,15|35|56|106
,15|35|57|107
,15|36|57|108
,15|36|58|109
,15|37|58|110
,15|37|59|111
,15|38|59|112
,15|38|60|113
,15|39|60|114
,15|39|61|115
,15|40|61|116
,15|40|62|117
,15|41|62|118
,15|41|63|119
,15|41|64|120
,16|41|64|121
,16|42|64|122
,16|42|65|123
,16|43|65|124
,16|43|66|125
,16|44|66|126
,17|44|66|127
,17|44|67|128
,17|44|68|129
,17|45|68|130
,17|45|69|131
,17|46|69|132
,17|46|70|133
,17|47|70|134
,18|47|70|135
,18|48|70|136
,18|48|71|137
,18|49|71|138
,18|49|72|139
,18|50|72|140
,18|50|73|141
,18|51|73|142
,18|51|74|143
,18|52|74|144
,18|52|75|145
,18|53|75|146
,18|53|76|147
,18|53|77|148
,18|53|78|149
,18|54|78|150
,18|54|79|151
,18|55|79|152
,18|55|80|153
,18|56|80|154
,19|56|80|155
,19|57|80|156
,19|57|81|157
,19|58|81|158
,19|58|82|159
,19|59|82|160
,19|59|83|161
,19|60|83|162
,19|60|84|163
,19|61|84|164
,19|61|85|165
,19|61|86|166
,19|61|87|167
,19|62|87|168
,19|62|88|169
,19|63|88|170
,19|63|89|171
,19|64|89|172
,19|64|90|173
,19|65|90|174
,19|65|91|175
,19|66|91|176
,19|66|92|177
,19|67|92|178
,19|67|93|179
,19|68|93|180
,19|68|94|181
,19|69|94|182
,19|69|95|183
,19|70|95|184
,19|70|96|185
,19|71|96|186
,19|71|97|187
,19|72|97|188
,19|72|98|189
,19|73|98|190
,19|73|99|191
,19|74|99|192
,19|74|100|193
,19|74|101|194
,19|74|102|195
,19|75|102|196
,19|75|103|197
,19|76|103|198
,19|76|104|199
,19|77|104|200
,19|77|105|201
,19|78|105|202
,19|78|106|203
,19|79|106|204
,19|79|107|205
,19|80|107|206
,19|80|108|207
,19|81|108|208
,19|81|109|209
,19|82|109|210
,19|82|110|211
,19|83|110|212
,19|83|111|213
,19|84|111|214
,19|84|112|215
,19|85|112|216
,19|85|113|217
,19|86|113|218
,19|86|114|219
,19|87|114|220
,19|87|115|221
,19|88|115|222
,19|88|116|223
,19|89|116|224
,19|89|117|225
,19|90|117|226
,19|90|118|227
,19|91|118|228
,19|91|119|229
,19|92|119|230
,19|92|120|231
,19|93|120|232
,20|93|120|233
,20|94|120|234
,21|94|120|235
,21|94|121|236
,21|94|122|237
,21|95|122|238
,22|95|122|239
,22|95|123|240
,22|95|124|241
,22|95|125|242
,22|95|126|243
,22|95|127|244
,23|95|127|245
,23|95|128|246
,23|95|129|247
,23|95|130|248
,24|95|130|249
,24|95|131|250
,25|95|131|251
,25|95|132|252
,26|95|132|253
,26|95|133|254
,27|95|133|255
,27|95|134|256
,28|95|134|257
,28|96|134|258
,29|96|134|259
,29|96|135|260
,30|96|135|261
,30|96|136|262
,31|96|136|263
,31|96|137|264
,32|96|137|265
,32|96|138|266
,32|96|139|267
,32|97|139|268
,33|97|139|269
,33|97|140|270
,33|97|141|271
,33|98|141|272
,33|98|142|273
,33|99|142|274
,33|99|143|275
,33|100|143|276
,33|100|144|277
,33|101|144|278
,33|101|145|279
,33|102|145|280
,33|102|146|281
,33|103|146|282
,33|103|147|283
,33|104|147|284
,33|104|148|285
,33|105|148|286
,33|105|149|287
,33|106|149|288
,33|106|150|289
,33|107|150|290
,33|107|151|291
,33|108|151|292
,33|108|152|293
,33|109|152|294
,33|109|153|295
,33|110|153|296
,33|110|154|297
,33|111|154|298
,33|111|155|299
,33|112|155|300
,33|112|156|301
,33|113|156|302
,33|113|157|303
,33|113|158|304
,33|113|159|305
,33|114|159|306
,33|114|160|307
,33|115|160|308
,33|115|161|309
,33|116|161|310
,33|116|162|311
,33|117|162|312
,33|117|163|313
,33|117|164|314
,33|117|165|315
,33|118|165|316
,33|118|166|317
,33|119|166|318
,34|119|166|319
,34|119|167|320
,34|119|168|321
,34|120|168|322
,34|120|169|323
,34|121|169|324
,34|121|170|325
,34|121|171|326
,34|121|172|327
,34|122|172|328
,34|122|173|329
,34|122|174|330
,34|122|175|331
,34|123|175|332
,35|123|175|333
,35|123|176|334
,35|123|177|335
,35|124|177|336
,35|124|178|337
,35|125|178|338
,35|125|179|339
,35|125|180|340
,35|125|181|341
,35|126|181|342
,35|126|182|343
,35|126|183|344
,35|126|184|345
,35|127|184|346
,35|127|185|347
,35|128|185|348
,35|128|186|349
,35|129|186|350
,35|129|187|351
,35|130|187|352
,35|130|188|353
,35|131|188|354
,35|131|189|355
,35|132|189|356
,35|132|190|357
,35|133|190|358
,35|133|191|359
,35|134|191|360
,35|134|192|361
,35|135|192|362
,35|135|193|363
,35|136|193|364
,35|136|194|365
,35|137|194|366
,35|137|195|367
,35|138|195|368
,35|138|196|369
,35|139|196|370
,35|139|197|371
,35|140|197|372
,35|140|198|373
,35|141|198|374
,35|141|199|375
,35|142|199|376
,35|142|200|377
,35|143|200|378
,35|143|201|379
,35|144|201|380
,35|144|202|381
,35|145|202|382
,35|145|203|383
,35|146|203|384
,36|146|203|385
,36|146|204|386
,36|146|205|387
,36|146|206|388
,37|146|206|389
,37|146|207|390
,38|146|207|391
,38|146|208|392
,39|146|208|393
,39|146|209|394
,40|146|209|395
,40|146|210|396
,41|146|210|397
,41|146|211|398
,42|146|211|399
,42|146|212|400
,43|146|212|401
,43|146|213|402
,44|146|213|403
,44|146|214|404
,45|146|214|405
,45|146|215|406
,46|146|215|407
,46|146|216|408
,47|146|216|409
,47|146|217|410
,48|146|217|411
,48|146|218|412
,49|146|218|413
,49|146|219|414
,50|146|219|415
,50|146|220|416
,51|146|220|417
,51|146|221|418
,51|146|222|419
,51|146|223|420
,52|146|223|421
,52|146|224|422
,52|146|225|423
,52|147|225|424
,52|147|226|425
,52|148|226|426
,52|148|227|427
,52|149|227|428
,52|149|228|429
,52|150|228|430
,52|150|229|431
,52|151|229|432
,52|151|230|433
,52|152|230|434
,52|152|231|435
,52|153|231|436
,52|153|232|437
,52|154|232|438
,52|154|233|439
,52|155|233|440
,52|155|234|441
,52|156|234|442
,52|156|235|443
,52|157|235|444
,52|157|236|445
,52|158|236|446
,52|158|237|447
,52|159|237|448
,52|159|238|449
,52|160|238|450
,52|160|239|451
,52|161|239|452
,52|161|240|453
,52|162|240|454
,52|162|241|455
,52|163|241|456
,52|163|242|457
,52|164|242|458
,52|164|243|459
,52|165|243|460
,53|165|243|461
,53|166|243|462
,53|166|244|463
,53|167|244|464
,53|167|245|465
,53|168|245|466
,53|168|246|467
,53|169|246|468
,53|169|247|469
,53|170|247|470
,53|170|248|471
,53|171|248|472
,53|171|249|473
,53|172|249|474
,53|172|250|475
,53|173|250|476
,53|173|251|477
,53|174|251|478
,54|174|251|479
,54|174|252|480
,54|174|253|481
,54|175|253|482
,54|175|254|483
,54|176|254|484
,55|176|254|485
,55|176|255|486
,55|176|256|487
,55|177|256|488
,56|177|256|489
,56|177|257|490
,57|177|257|491
,57|177|258|492
,57|177|259|493
,57|178|259|494
,57|178|260|495
,57|179|260|496
,57|179|261|497
,57|179|262|498
,57|179|263|499
,57|180|263|500
,57|180|264|501
,57|181|264|502
,57|181|265|503
,57|182|265|504
,57|182|266|505
,57|183|266|506
,57|183|267|507
,57|184|267|508
,57|184|268|509
,57|185|268|510
,58|185|268|511
,58|186|268|512
,58|186|269|513
,58|187|269|514
,58|187|270|515
,58|188|270|516
,58|188|271|517
,58|188|272|518
,58|188|273|519
,58|189|273|520
,58|189|274|521
,58|190|274|522
,58|190|275|523
,58|191|275|524
,58|191|276|525
,58|192|276|526
,58|192|277|527
,58|193|277|528
,58|193|278|529
,58|194|278|530
,58|194|279|531
,58|195|279|532
,59|195|279|533
,59|196|279|534
,59|196|280|535
,59|197|280|536
,60|197|280|537
,60|197|281|538
,61|197|281|539
,61|197|282|540
,61|197|283|541
,61|197|284|542
,61|197|285|543
,61|197|286|544
,61|197|287|545
,61|197|288|546
,62|197|288|547
,62|197|289|548
,62|197|290|549
,62|197|291|550
,62|197|292|551
,62|197|293|552
,62|197|294|553
,62|197|295|554
,62|197|296|555
,62|197|297|556
,62|197|298|557
,62|197|299|558
,62|197|300|559
,62|197|301|560
,62|197|302|561
,62|197|303|562
,62|197|304|563
,62|197|305|564
,62|197|306|565
,62|197|307|566
,62|197|308|567
,62|197|309|568
,62|197|310|569
,62|197|311|570
,62|197|312|571
,62|197|313|572
,62|197|314|573
,62|197|315|574
,62|197|316|575
,62|198|316|576
,62|198|317|577
,62|199|317|578
,62|199|318|579
,62|200|318|580
,62|200|319|581
,62|201|319|582
,62|201|320|583
,62|202|320|584
,62|202|321|585
,62|203|321|586
,62|203|322|587
,62|204|322|588
,62|204|323|589
,62|205|323|590
,62|205|324|591
,62|206|324|592
,62|206|325|593
,62|207|325|594
,62|207|326|595
,62|208|326|596
,62|208|327|597
,62|209|327|598
,62|209|328|599
,62|210|328|600
,62|210|329|601
,62|211|329|602
,62|211|330|603
,62|212|330|604
,62|212|331|605
,62|213|331|606
,62|213|332|607
,62|214|332|608
,62|214|333|609
,62|215|333|610
,62|215|334|611
,62|216|334|612
,63|216|334|613
,63|217|334|614
,63|217|335|615
,63|218|335|616
,64|218|335|617
,64|218|336|618
,64|218|337|619
,64|219|337|620
,64|219|338|621
,64|220|338|622
,65|220|338|623
,65|220|339|624
,65|220|340|625
,65|221|340|626
,66|221|340|627
,66|222|340|628
,66|222|341|629
,66|223|341|630
,67|223|341|631
,67|223|342|632
,67|223|343|633
,67|224|343|634
,67|224|344|635
,67|225|344|636
,67|225|345|637
,67|226|345|638
,68|226|345|639
,68|226|346|640
,68|226|347|641
,68|227|347|642
,68|227|348|643
,68|227|349|644
,69|227|349|645
,69|228|349|646
,69|228|350|647
,69|228|351|648
,70|228|351|649
,70|229|351|650
,70|229|352|651
,70|229|353|652
,70|229|354|653
,70|229|355|654
,70|229|356|655
,70|230|356|656
,70|230|357|657
,70|230|358|658
,70|230|359|659
,70|230|360|660
,70|230|361|661
,70|230|362|662
,70|230|363|663
,70|231|363|664
,70|231|364|665
,70|231|365|666
,70|231|366|667
,70|231|367|668
,70|231|368|669
,70|231|369|670
,70|231|370|671
,70|231|371|672
,70|231|372|673
,70|231|373|674
,70|231|374|675
,70|231|375|676
,70|231|376|677
,70|231|377|678
,70|231|378|679
,70|232|378|680
,70|232|379|681
,70|233|379|682
,70|233|380|683
,70|233|381|684
,70|233|382|685
,70|234|382|686
,70|234|383|687
,70|234|384|688
,70|234|385|689
,70|234|386|690
,70|234|387|691
,70|234|388|692
,71|234|388|693
,71|235|388|694
,72|235|388|695
,72|235|389|696
,72|235|390|697
,72|235|391|698
,72|235|392|699
,72|235|393|700
,73|235|393|701
,73|236|393|702
,74|236|393|703
,74|237|393|704
,75|237|393|705
,75|237|394|706
,75|237|395|707
,75|237|396|708
,76|237|396|709
,76|237|397|710
,77|237|397|711
,77|237|398|712
,77|237|399|713
,77|237|400|714
,77|237|401|715
,77|237|402|716
,77|237|403|717
,77|237|404|718
,78|237|404|719
,78|238|404|720
,79|238|404|721
,79|238|405|722
,80|238|405|723
,80|239|405|724
,81|239|405|725
,81|239|406|726
,81|239|407|727
,81|239|408|728
,82|239|408|729
,82|240|408|730
,82|240|409|731
,82|241|409|732
,83|241|409|733
,83|242|409|734
,83|242|410|735
,83|243|410|736
,83|243|411|737
,83|244|411|738
,83|244|412|739
,83|244|413|740
,83|244|414|741
,83|245|414|742
,83|245|415|743
,83|246|415|744
,83|246|416|745
,83|247|416|746
,83|247|417|747
,83|248|417|748
,83|248|418|749
,83|248|419|750
,83|248|420|751
,83|249|420|752
,84|249|420|753
,84|250|420|754
,85|250|420|755
,85|251|420|756
,85|251|421|757
,85|252|421|758
,85|252|422|759
,85|252|423|760
,85|252|424|761
,85|253|424|762
,86|253|424|763
,86|253|425|764
,87|253|425|765
,87|253|426|766
,87|253|427|767
,87|254|427|768
,88|254|427|769
,88|255|427|770
,88|255|428|771
,88|256|428|772
,88|256|429|773
,88|256|430|774
,88|256|431|775
,88|256|432|776
,88|256|433|777
,88|256|434|778
,88|256|435|779
,88|256|436|780
,88|256|437|781
,88|256|438|782
,88|256|439|783
,88|256|440|784
,88|256|441|785
,88|256|442|786
,88|256|443|787
,88|256|444|788
,88|256|445|789
,88|256|446|790
,88|256|447|791
,88|257|447|792
,88|257|448|793
,88|257|449|794
,89|257|449|795
,89|258|449|796
,90|258|449|797
,90|258|450|798
,90|258|451|799
,90|259|451|800
,90|259|452|801
,90|259|453|802
,90|259|454|803
,90|260|454|804
,90|260|455|805
,90|261|455|806
,90|261|456|807
,90|262|456|808
,91|262|456|809
,91|263|456|810
,91|263|457|811
,91|264|457|812
,91|264|458|813
,91|265|458|814
,91|265|459|815
,91|266|459|816
,91|266|460|817
,91|267|460|818
,91|267|461|819
,91|268|461|820
,91|268|462|821
,91|269|462|822
,91|269|463|823
,91|270|463|824
,91|270|464|825
,91|271|464|826
,91|271|465|827
,91|272|465|828
,91|272|466|829
,91|273|466|830
,91|273|467|831
,91|274|467|832
,91|274|468|833
,91|275|468|834
,91|275|469|835
,91|276|469|836
,91|276|470|837
,91|277|470|838
,91|277|471|839
,91|278|471|840
,92|278|471|841
,92|279|471|842
,92|279|472|843
,92|280|472|844
,93|280|472|845
,93|281|472|846
,93|281|473|847
,93|282|473|848
,93|282|474|849
,93|282|475|850
,93|282|476|851
,93|283|476|852
,93|283|477|853
,93|283|478|854
,93|283|479|855
,93|284|479|856
,93|284|480|857
,93|284|481|858
,93|284|482|859
,93|285|482|860
,94|285|482|861
,94|285|483|862
,94|285|484|863
,94|286|484|864
,95|286|484|865
,95|286|485|866
,96|286|485|867
,96|287|485|868
,97|287|485|869
,97|288|485|870
,97|288|486|871
,97|288|487|872
,97|288|488|873
,97|288|489|874
,97|288|490|875
,97|289|490|876
,97|289|491|877
,97|290|491|878
,97|290|492|879
,97|291|492|880
,97|291|493|881
,97|292|493|882
,97|292|494|883
,97|293|494|884
,97|293|495|885
,97|294|495|886
,97|294|496|887
,97|295|496|888
,97|295|497|889
,97|296|497|890
,97|296|498|891
,97|297|498|892
,97|297|499|893
,97|298|499|894
,97|298|500|895
,97|299|500|896
,97|299|501|897
,97|299|502|898
,97|299|503|899
,97|300|503|900
,97|300|504|901
,97|300|505|902
,97|300|506|903
,97|301|506|904
,97|301|507|905
,97|302|507|906
,97|302|508|907
,97|303|508|908
,97|303|509|909
,97|304|509|910
,97|304|510|911
,97|305|510|912
,97|305|511|913
,97|306|511|914
,97|306|512|915
,97|307|512|916
,97|307|513|917
,97|308|513|918
,97|308|514|919
,97|309|514|920
,97|309|515|921
,97|310|515|922
,97|310|516|923
,97|311|516|924
,97|311|517|925
,97|312|517|926
,97|312|518|927
,97|313|518|928
,97|313|519|929
,97|314|519|930
,97|315|520|932
,97|316|520|933
,97|316|521|934
,97|317|521|935
,97|317|522|936
,97|318|522|937
,97|318|523|938
,97|319|523|939
,97|319|524|940
,97|320|524|941
,97|320|525|942
,97|321|525|943
,97|321|526|944
,97|322|526|945
,97|322|527|946
,97|322|528|947
,97|322|529|948
,97|322|530|949
,98|322|530|950
,98|323|530|951
,99|323|530|952
,99|324|530|953
,100|324|530|954
,100|324|531|955
,101|324|531|956
,101|325|531|957
,101|325|532|958
,101|326|532|959
,101|326|533|960
,101|326|534|961
,102|326|534|962
,102|327|534|963
,103|327|534|964
,103|327|535|965
,104|327|535|966
,104|327|536|967
,104|327|537|968
,104|327|538|969
,105|327|538|970
,105|328|538|971
,106|328|538|972
,106|328|539|973
,107|328|539|974
,107|328|540|975
,107|328|541|976
,107|328|542|977
,108|328|542|978
,108|328|543|979
,109|328|543|980
,109|329|543|981
,110|329|543|982
,110|330|543|983
,110|330|544|984
,110|331|544|985
,110|331|545|986
,110|332|545|987
,110|332|546|988
,110|333|546|989
,110|333|547|990
,110|334|547|991
,110|334|548|992
,110|335|548|993
,110|335|549|994
,110|336|549|995
,110|336|550|996
,110|337|550|997
,110|337|551|998
,110|338|551|999
,110|338|552|1000
,110|339|552|1001
,110|339|553|1002
,110|340|553|1003
,110|340|554|1004
,110|341|554|1005
,110|341|555|1006
,110|342|555|1007
,110|342|556|1008
,110|342|557|1009
,110|342|558|1010
,110|343|558|1011
,110|343|559|1012
,110|344|559|1013
,110|344|560|1014
,110|345|560|1015
,111|345|560|1016
,111|346|560|1017
,111|346|561|1018
,111|347|561|1019
,111|347|562|1020
,111|347|563|1021
,111|347|564|1022
,111|347|565|1023
,111|347|566|1024
,111|348|566|1025
,111|348|567|1026
,111|348|568|1027
,111|348|569|1028
,111|349|569|1029
,111|349|570|1030
,111|350|570|1031
,111|350|571|1032
,111|350|572|1033
,112|350|572|1034
,112|351|572|1035
,112|351|573|1036
,112|351|574|1037
,112|351|575|1038
,112|352|575|1039
,112|352|576|1040
,112|353|576|1041
,113|353|576|1042
,113|354|576|1043
,113|354|577|1044
,113|354|578|1045
,113|354|579|1046
,113|355|579|1047
,114|355|579|1048
,114|356|579|1049
,114|356|580|1050
,114|356|581|1051
,115|356|581|1052
,115|356|582|1053
,116|356|582|1054
,116|357|582|1055
,116|357|583|1056
,116|358|583|1057
,116|358|584|1058
,116|359|584|1059
,116|359|585|1060
,116|360|585|1061
,116|360|586|1062
,116|361|586|1063
,116|361|587|1064
,116|362|587|1065
,116|362|588|1066
,116|363|588|1067
,116|363|589|1068
,116|364|589|1069
,116|364|590|1070
,116|365|590|1071
,116|365|591|1072
,116|366|591|1073
,116|366|592|1074
,116|367|592|1075
,116|367|593|1076
,116|368|593|1077
,116|368|594|1078
,116|369|594|1079
,116|369|595|1080
,116|370|595|1081
,116|370|596|1082
,116|371|596|1083
,116|371|597|1084
,116|372|597|1085
,116|372|598|1086
,116|373|598|1087
,116|373|599|1088
,116|374|599|1089
,116|374|600|1090
,116|374|601|1091
,117|374|601|1092
,117|374|602|1093
,118|374|602|1094
,118|374|603|1095
,119|374|603|1096
,119|374|604|1097
,120|374|604|1098
,120|374|605|1099
,121|374|605|1100
,121|374|606|1101
,122|374|606|1102
,122|374|607|1103
,122|374|608|1104
,122|374|609|1105
,123|374|609|1106
,123|374|610|1107
,124|374|610|1108
,124|374|611|1109
,125|374|611|1110
,125|374|612|1111
,126|374|612|1112
,126|374|613|1113
,127|374|613|1114
,127|374|614|1115
,128|374|614|1116
,128|374|615|1117
,129|374|615|1118
,129|374|616|1119
,130|374|616|1120
,130|374|617|1121
,131|374|617|1122
,131|374|618|1123
,132|374|618|1124
,132|374|619|1125
,133|374|619|1126
,133|375|619|1127
,133|375|620|1128
,133|376|620|1129
,133|376|621|1130
,133|377|621|1131
,133|377|622|1132
,133|378|622|1133
,133|378|623|1134
,133|379|623|1135
,133|379|624|1136
,133|380|624|1137
,133|380|625|1138
,133|381|625|1139
,133|381|626|1140
,133|382|626|1141
,133|382|627|1142
,133|383|627|1143
,133|383|628|1144
,133|384|628|1145
,133|384|629|1146
,133|385|629|1147
,133|385|630|1148
,133|386|630|1149
,133|386|631|1150
,133|387|631|1151
,133|387|632|1152
,133|388|632|1153
,133|388|633|1154
,133|389|633|1155
,133|389|634|1156
,133|390|634|1157
,133|390|635|1158
,133|391|635|1159
,133|391|636|1160
,133|392|636|1161
,133|392|637|1162
,133|393|637|1163
,133|393|638|1164
,133|394|638|1165
,133|394|639|1166
,133|395|639|1167
,133|395|640|1168
,133|396|640|1169
,133|396|641|1170
,133|396|642|1171
,134|396|642|1172
,134|397|642|1173
,135|397|642|1174
,135|397|643|1175
,135|397|644|1176
,135|398|644|1177
,135|398|645|1178
,135|399|645|1179
,135|399|646|1180
,135|400|646|1181
,135|400|647|1182
,135|401|647|1183
,135|401|648|1184
,135|402|648|1185
,135|402|649|1186
,135|403|649|1187
,135|403|650|1188
,135|403|651|1189
,135|403|652|1190
,135|404|652|1191
,135|404|653|1192
,135|405|653|1193
,136|405|653|1194
,136|405|654|1195
,137|405|654|1196
,137|406|654|1197
,137|406|655|1198
,137|407|655|1199
,137|407|656|1200
,137|407|657|1201
,137|407|658|1202
,137|408|658|1203
,137|408|659|1204
,137|409|659|1205
,137|409|660|1206
,137|410|660|1207
,137|410|661|1208
,137|411|661|1209
,137|411|662|1210
,137|412|662|1211
,137|412|663|1212
,137|413|663|1213
,137|413|664|1214
,137|414|664|1215
,137|414|665|1216
,137|415|665|1217
,137|415|666|1218
,137|416|666|1219
,137|416|667|1220
,137|417|667|1221
,137|417|668|1222
,137|418|668|1223
,137|418|669|1224
,137|419|669|1225
,137|419|670|1226
,137|420|670|1227
,137|420|671|1228
,137|421|671|1229
,137|421|672|1230
,137|422|672|1231
,137|422|673|1232
,137|423|673|1233
,137|423|674|1234
,137|423|675|1235
,138|423|675|1236
,138|423|676|1237
,139|423|676|1238
,139|423|677|1239
,139|423|678|1240
,139|423|679|1241
,139|423|680|1242
,139|423|681|1243
,140|423|681|1244
,140|423|682|1245
,140|423|683|1246
,140|423|684|1247
,140|423|685|1248
,140|423|686|1249
,140|423|687|1250
,140|423|688|1251
,141|423|688|1252
,141|423|689|1253
,141|423|690|1254
,141|423|691|1255
,141|423|692|1256
,141|423|693|1257
,141|423|694|1258
,141|423|695|1259
,141|423|696|1260
,141|423|697|1261
,142|423|697|1262
,142|423|698|1263
,143|423|698|1264
,143|423|699|1265
,144|423|699|1266
,144|423|700|1267
,144|423|701|1268
,144|423|702|1269
,144|423|703|1270
,144|424|703|1271
,144|424|704|1272
,144|425|704|1273
,144|425|705|1274
,144|426|705|1275
,144|426|706|1276
,144|427|706|1277
,144|427|707|1278
,144|428|707|1279
,144|428|708|1280
,144|429|708|1281
,144|429|709|1282
,144|430|709|1283
,144|430|710|1284
,144|431|710|1285
,144|431|711|1286
,144|432|711|1287
,144|432|712|1288
,144|433|712|1289
,144|433|713|1290
,144|434|713|1291
,144|434|714|1292
,144|435|714|1293
,144|435|715|1294
,144|436|715|1295
,144|436|716|1296
,144|437|716|1297
,144|437|717|1298
,144|438|717|1299
,144|438|718|1300
,144|439|718|1301
,144|439|719|1302
,144|440|719|1303
,144|440|720|1304
,144|441|720|1305
,144|441|721|1306
,144|442|721|1307
,144|442|722|1308
,144|442|723|1309
,144|442|724|1310
,144|443|724|1311
,144|443|725|1312
,144|444|725|1313
,144|444|726|1314
,144|445|726|1315
,145|445|726|1316
,145|446|726|1317
,145|446|727|1318
,145|446|728|1319
,146|446|728|1320
,146|447|728|1321
,146|447|729|1322
,146|447|730|1323
,147|447|730|1324
,147|448|730|1325
,147|448|731|1326
,147|448|732|1327
,147|448|733|1328
,147|449|733|1329
,148|449|733|1330
,148|449|734|1331
,149|449|734|1332
,149|450|734|1333
,149|450|735|1334
,149|451|735|1335
,149|451|736|1336
,149|451|737|1337
,150|451|737|1338
,150|451|738|1339
,151|451|738|1340
,151|452|738|1341
,151|452|739|1342
,151|452|740|1343
,151|452|741|1344
,151|452|742|1345
,151|452|743|1346
,151|452|744|1347
,151|452|745|1348
,151|453|745|1349
,151|453|746|1350
,151|454|746|1351
,151|454|747|1352
,151|454|748|1353
,151|454|749|1354
,151|454|750|1355
,151|454|751|1356
,151|454|752|1357
,151|454|753|1358
,151|454|754|1359
,151|454|755|1360
,151|454|756|1361
,151|454|757|1362
,151|455|757|1363
,152|455|757|1364
,152|456|757|1365
,152|456|758|1366
,152|456|759|1367
,152|456|760|1368
,152|456|761|1369
,152|456|762|1370
,152|456|763|1371
,152|456|764|1372
,152|456|765|1373
,153|456|765|1374
,153|456|766|1375
,153|456|767|1376
,153|456|768|1377
,153|456|769|1378
,153|456|770|1379
,154|456|770|1380
,154|456|771|1381
,155|456|771|1382
,155|456|772|1383
,155|456|773|1384
,155|456|774|1385
,156|456|774|1386
,156|456|775|1387
,157|456|775|1388
,157|456|776|1389
,157|456|777|1390
,157|456|778|1391
,158|456|778|1392
,158|456|779|1393
,159|456|779|1394
,159|457|779|1395
,160|457|779|1396
,160|457|780|1397
,161|457|780|1398
,161|457|781|1399
,162|457|781|1400
,162|457|782|1401
,162|457|783|1402
,162|457|784|1403
,163|457|784|1404
,163|457|785|1405
,163|457|786|1406
,163|457|787|1407
,164|457|787|1408
,164|457|788|1409
,165|457|788|1410
,165|458|788|1411
,165|458|789|1412
,165|458|790|1413
,165|458|791|1414
,165|459|791|1415
,166|459|791|1416
,166|460|791|1417
,166|460|792|1418
,166|461|792|1419
,166|461|793|1420
,166|462|793|1421
,166|462|794|1422
,166|462|795|1423
,166|462|796|1424
,166|463|796|1425
,166|463|797|1426
,166|464|797|1427
,166|464|798|1428
,166|465|798|1429
,167|465|798|1430
,167|465|799|1431
,167|465|800|1432
,167|466|800|1433
,167|466|801|1434
,167|467|801|1435
,168|467|801|1436
,168|467|802|1437
,168|467|803|1438
,168|467|804|1439
,168|467|805|1440
,168|468|805|1441
,168|468|806|1442
,168|469|806|1443
,168|469|807|1444
,168|470|807|1445
,169|470|807|1446
,169|471|807|1447
,169|471|808|1448
,169|471|809|1449
,169|471|810|1450
,169|472|810|1451
,170|472|810|1452
,170|472|811|1453
,171|472|811|1454
,171|473|811|1455
,171|473|812|1456
,171|473|813|1457
,171|473|814|1458
,171|473|815|1459
,171|473|816|1460
,171|473|817|1461
,171|473|818|1462
,171|474|818|1463
,171|474|819|1464
,171|475|819|1465
,171|475|820|1466
,171|476|820|1467
,171|476|821|1468
,171|476|822|1469
,171|476|823|1470
,171|476|824|1471
,171|476|825|1472
,171|477|825|1473
,171|477|826|1474
,171|477|827|1475
,171|477|828|1476
,171|477|829|1477
,171|477|830|1478
,171|478|830|1479
,172|478|830|1480
,172|478|831|1481
,172|478|832|1482
,172|478|833|1483
,172|478|834|1484
,172|478|835|1485
,172|478|836|1486
,172|479|836|1487
,173|479|836|1488
,173|479|837|1489
,173|479|838|1490
,173|479|839|1491
,173|479|840|1492
,173|480|840|1493
,174|480|840|1494
,174|480|841|1495
,174|480|842|1496
,174|480|843|1497
,174|480|844|1498
,174|480|845|1499
,174|480|846|1500
,174|480|847|1501
,175|480|847|1502
,175|480|848|1503
,175|480|849|1504
,175|480|850|1505
,176|480|850|1506
,176|481|850|1507
,176|481|851|1508
,176|481|852|1509
,176|481|853|1510
,176|481|854|1511
,176|481|855|1512
,176|481|856|1513
,177|481|856|1514
,177|481|857|1515
,177|481|858|1516
,177|481|859|1517
,177|481|860|1518
,177|482|860|1519
,177|482|861|1520
,177|482|862|1521
,177|482|863|1522
,177|483|863|1523
,178|483|863|1524
,178|484|863|1525
,179|484|863|1526
,179|485|863|1527
,179|485|864|1528
,179|486|864|1529
,180|486|864|1530
,180|487|864|1531
,180|487|865|1532
,180|488|865|1533
,180|488|866|1534
,180|489|866|1535
,180|489|867|1536
,180|490|867|1537
,181|490|867|1538
,181|491|867|1539
,181|491|868|1540
,181|492|868|1541
,181|492|869|1542
,181|493|869|1543
,181|493|870|1544
,181|494|870|1545
,181|494|871|1546
,181|495|871|1547
,181|495|872|1548
,181|496|872|1549
,182|496|872|1550
,182|497|872|1551
,183|497|872|1552
,183|498|872|1553
,183|498|873|1554
,183|499|873|1555
,183|499|874|1556
,183|500|874|1557
,184|500|874|1558
,184|501|874|1559
,184|501|875|1560
,184|502|875|1561
,184|502|876|1562
,184|503|876|1563
,184|503|877|1564
,184|504|877|1565
,184|504|878|1566
,184|505|878|1567
,184|505|879|1568
,184|506|879|1569
,184|506|880|1570
,184|507|880|1571
,184|507|881|1572
,184|508|881|1573
,184|508|882|1574
,184|509|882|1575
,184|509|883|1576
,184|510|883|1577
,184|510|884|1578
,184|511|884|1579
,184|511|885|1580
,184|512|885|1581
,184|512|886|1582
,184|513|886|1583
,184|513|887|1584
,184|514|887|1585
,184|514|888|1586
,184|515|888|1587
,184|515|889|1588
,184|516|889|1589
,184|516|890|1590
,184|517|890|1591
,184|517|891|1592
,184|518|891|1593
,184|518|892|1594
,184|519|892|1595
,184|519|893|1596
,184|520|893|1597
,184|520|894|1598
,184|521|894|1599
,184|521|895|1600
,184|522|895|1601
,184|522|896|1602
,184|523|896|1603
,184|523|897|1604
,184|524|897|1605
,184|524|898|1606
,184|525|898|1607
,184|525|899|1608
,184|526|899|1609
,184|526|900|1610
,184|527|900|1611
,184|527|901|1612
,184|528|901|1613
,184|528|902|1614
,184|529|902|1615
,184|529|903|1616
,184|530|903|1617
,184|530|904|1618
,184|531|904|1619
,184|531|905|1620
,184|532|905|1621
,184|532|906|1622
,184|533|906|1623
,184|533|907|1624
,184|534|907|1625
,184|534|908|1626
,184|535|908|1627
,184|535|909|1628
,184|536|909|1629
,184|536|910|1630
,184|537|910|1631
,184|537|911|1632
,184|537|912|1633
,185|537|912|1634
,185|537|913|1635
,185|537|914|1636
,185|537|915|1637
,186|537|915|1638
,186|537|916|1639
,187|537|916|1640
,187|537|917|1641
,188|537|917|1642
,188|537|918|1643
,189|537|918|1644
,189|537|919|1645
,190|537|919|1646
,190|537|920|1647
,191|537|920|1648
,191|537|921|1649
,192|537|921|1650
,192|537|922|1651
,193|537|922|1652
,193|537|923|1653
,194|537|923|1654
,194|537|924|1655
,195|537|924|1656
,195|537|925|1657
,196|537|925|1658
,196|537|926|1659
,197|537|926|1660
,197|537|927|1661
,198|537|927|1662
,198|537|928|1663
,199|537|928|1664
,199|537|929|1665
,200|537|929|1666
,200|538|929|1667
,200|538|930|1668
,200|539|930|1669
,200|539|931|1670
,200|540|931|1671
,200|540|932|1672
,200|541|932|1673
,200|541|933|1674
,200|542|933|1675
,200|542|934|1676
,200|543|934|1677
,200|543|935|1678
,200|544|935|1679
,200|544|936|1680
,200|545|936|1681
,201|545|936|1682
,201|546|936|1683
,201|546|937|1684
,201|547|937|1685
,201|547|938|1686
,201|548|938|1687
,201|548|939|1688
,201|549|939|1689
,201|549|940|1690
,201|550|940|1691
,201|550|941|1692
,201|551|941|1693
,201|551|942|1694
,201|552|942|1695
,201|552|943|1696
,201|553|943|1697
,201|553|944|1698
,201|554|944|1699
,201|554|945|1700
,201|554|946|1701
,201|554|947|1702
,201|554|948|1703
,201|554|949|1704
,201|555|949|1705
,201|555|950|1706
,201|556|950|1707
,201|556|951|1708
,201|557|951|1709
,201|557|952|1710
,201|557|953|1711
,202|557|953|1712
,202|558|953|1713
,202|558|954|1714
,202|559|954|1715
,202|559|955|1716
,202|559|956|1717
,203|559|956|1718
,203|560|956|1719
,203|560|957|1720
,203|561|957|1721
,203|561|958|1722
,203|562|958|1723
,203|562|959|1724
,203|563|959|1725
,203|563|960|1726
,203|564|960|1727
,203|564|961|1728
,203|565|961|1729
,203|565|962|1730
,203|565|963|1731
,203|565|964|1732
,203|566|964|1733
,204|566|964|1734
,204|566|965|1735
,205|566|965|1736
,205|567|965|1737
,205|567|966|1738
,205|568|966|1739
,205|568|967|1740
,205|569|967|1741
,205|569|968|1742
,205|570|968|1743
,205|570|969|1744
,205|571|969|1745
,205|571|970|1746
,205|572|970|1747
,205|572|971|1748
,205|573|971|1749
,205|573|972|1750
,205|574|972|1751
,205|574|973|1752
,205|575|973|1753
,205|575|974|1754
,205|576|974|1755
,205|576|975|1756
,205|577|975|1757
,205|577|976|1758
,205|578|976|1759
,205|578|977|1760
,205|579|977|1761
,205|579|978|1762
,205|580|978|1763
,205|580|979|1764
,205|581|979|1765
,205|581|980|1766
,205|582|980|1767
,205|582|981|1768
,205|583|981|1769
,205|583|982|1770
,205|584|982|1771
,205|584|983|1772
,205|585|983|1773
,205|585|984|1774
,205|585|985|1775
,206|585|985|1776
,206|585|986|1777
,207|585|986|1778
,207|585|987|1779
,208|585|987|1780
,208|585|988|1781
,209|585|988|1782
,209|585|989|1783
,210|585|989|1784
,210|585|990|1785
,211|585|990|1786
,211|585|991|1787
,211|585|992|1788
,211|585|993|1789
,212|585|993|1790
,212|585|994|1791
,213|585|994|1792
,213|585|995|1793
,214|585|995|1794
,214|585|996|1795
,215|585|996|1796
,215|585|997|1797
,216|585|997|1798
,216|585|998|1799
,217|585|998|1800
,217|585|999|1801
,217|585|1000|1802
,217|585|1001|1803
,218|585|1001|1804
,218|585|1002|1805
,218|585|1003|1806
,218|585|1004|1807
,219|585|1004|1808
,219|585|1005|1809
,220|585|1005|1810
,220|586|1005|1811
,220|586|1006|1812
,220|587|1006|1813
,220|587|1007|1814
,220|588|1007|1815
,220|588|1008|1816
,220|589|1008|1817
,220|589|1009|1818
,220|590|1009|1819
,220|590|1010|1820
,220|591|1010|1821
,220|591|1011|1822
,220|592|1011|1823
,220|592|1012|1824
,220|593|1012|1825
,220|593|1013|1826
,220|594|1013|1827
,220|594|1014|1828
,220|595|1014|1829
,220|595|1015|1830
,220|596|1015|1831
,220|596|1016|1832
,220|597|1016|1833
,220|597|1017|1834
,220|598|1017|1835
,220|598|1018|1836
,220|599|1018|1837
,220|599|1019|1838
,220|600|1019|1839
,220|600|1020|1840
,220|601|1020|1841
,220|601|1021|1842
,220|602|1021|1843
,220|602|1022|1844
,220|603|1022|1845
,220|603|1023|1846
,220|603|1024|1847
,220|603|1025|1848
,220|604|1025|1849
,220|604|1026|1850
,220|605|1026|1851
,220|605|1027|1852
,220|606|1027|1853
,220|606|1028|1854
,220|606|1029|1855
,220|606|1030|1856
,220|607|1030|1857
,220|607|1031|1858
,220|608|1031|1859
,220|608|1032|1860
,220|609|1032|1861
,220|609|1033|1862
,220|610|1033|1863
,220|610|1034|1864
,220|611|1034|1865
,220|611|1035|1866
,220|612|1035|1867
,220|612|1036|1868
,220|613|1036|1869
,220|613|1037|1870
,220|614|1037|1871
,220|614|1038|1872
,220|615|1038|1873
,220|615|1039|1874
,220|615|1040|1875
,220|615|1041|1876
,220|615|1042|1877
,220|615|1043|1878
,220|616|1043|1879
,221|616|1043|1880
,221|617|1043|1881
,221|617|1044|1882
,221|618|1044|1883
,222|618|1044|1884
,222|619|1044|1885
,222|619|1045|1886
,222|620|1045|1887
,222|620|1046|1888
,222|621|1046|1889
,222|621|1047|1890
,222|622|1047|1891
,222|622|1048|1892
,222|623|1048|1893
,222|623|1049|1894
,222|624|1049|1895
,222|624|1050|1896
,222|625|1050|1897
,222|625|1051|1898
,222|626|1051|1899
,222|626|1052|1900
,222|627|1052|1901
,222|627|1053|1902
,222|628|1053|1903
,222|628|1054|1904
,222|629|1054|1905
,222|629|1055|1906
,222|630|1055|1907
,222|630|1056|1908
,222|631|1056|1909
,222|631|1057|1910
,222|632|1057|1911
,222|632|1058|1912
,222|632|1059|1913
,222|632|1060|1914
,222|633|1060|1915
,222|633|1061|1916
,222|634|1061|1917
,222|634|1062|1918
,222|634|1063|1919
,223|634|1063|1920
,223|634|1064|1921
,224|634|1064|1922
,224|634|1065|1923
,224|634|1066|1924
,224|634|1067|1925
,224|634|1068|1926
,224|634|1069|1927
,225|634|1069|1928
,225|634|1070|1929
,225|634|1071|1930
,225|634|1072|1931
,225|634|1073|1932
,225|634|1074|1933
,225|634|1075|1934
,225|634|1076|1935
,225|634|1077|1936
,225|634|1078|1937
,225|634|1079|1938
,225|634|1080|1939
,225|634|1081|1940
,225|634|1082|1941
,226|634|1082|1942
,226|634|1083|1943
,226|634|1084|1944
,226|634|1085|1945
,227|634|1085|1946
,227|634|1086|1947
,228|634|1086|1948
,228|634|1087|1949
,229|634|1087|1950
,229|634|1088|1951
,230|634|1088|1952
,230|634|1089|1953
,231|634|1089|1954
,231|635|1089|1955
,231|635|1090|1956
,231|636|1090|1957
,231|636|1091|1958
,231|637|1091|1959
,231|637|1092|1960
,231|638|1092|1961
,231|638|1093|1962
,231|639|1093|1963
,231|639|1094|1964
,231|640|1094|1965
,231|640|1095|1966
,231|641|1095|1967
,231|641|1096|1968
,231|642|1096|1969
,231|642|1097|1970
,231|643|1097|1971
,231|643|1098|1972
,231|644|1098|1973
,231|644|1099|1974
,231|645|1099|1975
,231|645|1100|1976
,231|646|1100|1977
,231|646|1101|1978
,231|647|1101|1979
,231|647|1102|1980
,231|648|1102|1981
,231|648|1103|1982
,231|649|1103|1983
,231|649|1104|1984
,231|650|1104|1985
,231|650|1105|1986
,231|651|1105|1987
,231|651|1106|1988
,231|652|1106|1989
,231|652|1107|1990
,231|652|1108|1991
,231|652|1109|1992
,231|653|1109|1993
,231|653|1110|1994
,231|654|1110|1995
,231|654|1111|1996
,231|655|1111|1997
,231|655|1112|1998
,231|656|1112|1999
,232|656|1112|2000
