total
,0|1|0|1
,1|1|0|2
,1|2|0|3
,1|3|0|4
,1|4|0|5
,1|5|0|6
,1|5|1|7
,2|5|1|8
,2|6|1|9
,2|7|1|10
,2|8|1|11
,3|8|1|12
,3|9|1|13
,3|9|2|14
,3|9|3|15
,3|10|3|16
,3|10|4|17
,3|11|4|18
,3|12|4|19
,4|12|4|20
,4|13|4|21
,4|13|5|22
,4|13|6|23
,4|14|6|24
,4|14|7|25
,4|15|7|26
,4|16|7|27
,5|16|7|28
,5|17|7|29
,5|17|8|30
,5|17|9|31
,5|18|9|32
,5|19|9|33
,5|20|9|34
,5|21|9|35
,5|21|10|36
,5|22|10|37
,5|22|11|38
,5|23|11|39
,6|23|11|40
,6|24|11|41
,6|25|11|42
,6|26|11|43
,6|26|12|44
,6|26|13|45
,6|26|14|46
,6|26|15|47
,6|26|16|48
,6|27|16|49
,6|28|16|50
,6|29|16|51
,6|29|17|52
,6|30|17|53
,6|30|18|54
,6|30|19|55
,6|31|19|56
,6|32|19|57
,7|32|19|58
,7|33|19|59
,7|33|20|60
,7|33|21|61
,7|34|21|62
,7|34|22|63
,7|35|22|64
,7|35|23|65
,8|35|23|66
,8|36|23|67
,8|36|24|68
,8|36|25|69
,8|37|25|70
,8|38|25|71
,8|38|26|72
,8|38|27|73
,8|39|27|74
,8|40|27|75
,8|40|28|76
,8|40|29|77
,8|41|29|78
,8|42|29|79
,8|42|30|80
,8|43|30|81
,9|43|30|82
,9|43|31|83
,9|44|31|84
,9|44|32|85
,9|45|32|86
,9|46|32|87
,10|46|32|88
,10|47|32|89
,11|47|32|90
,11|48|32|91
,12|48|32|92
,12|48|33|93
,12|49|33|94
,12|49|34|95
,12|50|34|96
,12|51|34|97
,13|51|34|98
,13|52|34|99
,13|53|34|100
,13|53|35|101
,13|54|35|102
,13|55|35|103
,13|56|35|104
,13|57|35|105
,14|57|35|106
,14|57|36|107
,14|58|36|108
,14|59|36|109
,14|60|36|110
,14|61|36|111
,14|62|36|112
,14|63|36|113
,14|64|36|114
,14|65|36|115
,15|65|36|116
,15|66|36|117
,15|67|36|118
,15|67|37|119
,15|68|37|120
,15|68|38|121
,15|69|38|122
,15|69|39|123
,15|70|39|124
,15|70|40|125
,15|71|40|126
,15|71|41|127
,15|71|42|128
,15|71|43|129
,15|72|43|130
,15|72|44|131
,15|73|44|132
,15|73|45|133
,15|74|45|134
,15|74|46|135
,15|74|47|136
,15|74|48|137
,15|75|48|138
,15|75|49|139
,15|76|49|140
,15|76|50|141
,16|76|50|142
,16|76|51|143
,16|77|51|144
,16|77|52|145
,16|78|52|146
,16|78|53|147
,16|79|53|148
,16|79|54|149
,16|80|54|150
,16|80|55|151
,16|80|56|152
,16|80|57|153
,16|80|58|154
,16|80|59|155
,16|81|59|156
,16|81|60|157
,16|81|61|158
,16|82|61|159
,16|83|61|160
,16|83|62|161
,16|84|62|162
,16|84|63|163
,16|85|63|164
,16|85|64|165
,16|85|65|166
,16|85|66|167
,16|86|66|168
,16|86|67|169
,16|87|67|170
,16|87|68|171
,17|87|68|172
,17|87|69|173
,17|87|70|174
,17|87|71|175
,17|88|71|176
,17|88|72|177
,17|89|72|178
,17|90|72|179
,18|90|72|180
,18|90|73|181
,18|90|74|182
,18|90|75|183
,18|91|75|184
,18|91|76|185
,18|91|77|186
,18|92|77|187
,18|93|77|188
,18|93|78|189
,18|94|78|190
,18|94|79|191
,18|95|79|192
,18|95|80|193
,18|96|80|194
,18|97|80|195
,18|98|80|196
,18|98|81|197
,19|98|81|198
,19|98|82|199
,19|99|82|200
,19|99|83|201
,19|100|83|202
,19|101|83|203
,20|101|83|204
,20|102|83|205
,20|103|83|206
,20|103|84|207
,20|104|84|208
,20|105|84|209
,20|106|84|210
,20|107|84|211
,20|108|84|212
,20|108|85|213
,20|109|85|214
,20|109|86|215
,20|110|86|216
,20|110|87|217
,20|111|87|218
,20|111|88|219
,21|111|88|220
,21|111|89|221
,21|112|89|222
,21|112|90|223
,21|113|90|224
,21|114|90|225
,21|115|90|226
,21|116|90|227
,22|116|90|228
,22|117|90|229
,23|117|90|230
,23|118|90|231
,24|118|90|232
,24|119|90|233
,24|119|91|234
,24|120|91|235
,24|120|92|236
,24|121|92|237
,24|121|93|238
,24|122|93|239
,24|122|94|240
,24|123|94|241
,24|123|95|242
,24|124|95|243
,24|124|96|244
,24|125|96|245
,24|125|97|246
,24|126|97|247
,24|126|98|248
,24|127|98|249
,24|127|99|250
,24|128|99|251
,24|128|100|252
,24|129|100|253
,24|129|101|254
,24|130|101|255
,24|130|102|256
,24|131|102|257
,24|131|103|258
,24|132|103|259
,24|132|104|260
,24|133|104|261
,24|133|105|262
,24|134|105|263
,24|134|106|264
,24|135|106|265
,24|135|107|266
,24|136|107|267
,24|136|108|268
,24|137|108|269
,24|137|109|270
,24|138|109|271
,24|138|110|272
,24|139|110|273
,25|139|110|274
,25|139|111|275
,25|140|111|276
,25|140|112|277
,25|141|112|278
,25|142|112|279
,25|143|112|280
,25|144|112|281
,26|144|112|282
,26|144|113|283
,26|145|113|284
,26|146|113|285
,26|147|113|286
,26|148|113|287
,27|148|113|288
,27|148|114|289
,27|149|114|290
,27|149|115|291
,27|150|115|292
,27|151|115|293
,27|152|115|294
,27|153|115|295
,27|154|115|296
,27|154|116|297
,27|155|116|298
,27|155|117|299
,27|155|118|300
,27|156|118|301
,27|157|118|302
,27|158|118|303
,27|158|119|304
,27|158|120|305
,28|158|120|306
,28|159|120|307
,28|160|120|308
,28|160|121|309
,28|161|121|310
,28|161|122|311
,28|162|122|312
,28|162|123|313
,28|163|123|314
,28|163|124|315
,28|164|124|316
,28|164|125|317
,28|165|125|318
,28|165|126|319
,28|166|126|320
,28|166|127|321
,28|167|127|322
,28|167|128|323
,28|168|128|324
,28|168|129|325
,28|169|129|326
,28|169|130|327
,28|170|130|328
,28|170|131|329
,28|171|131|330
,28|171|132|331
,28|172|132|332
,28|172|133|333
,28|173|133|334
,28|173|134|335
,28|174|134|336
,28|174|135|337
,28|175|135|338
,28|175|136|339
,28|176|136|340
,28|176|137|341
,28|177|137|342
,28|177|138|343
,28|178|138|344
,28|178|139|345
,28|179|139|346
,28|180|139|347
,29|180|139|348
,29|181|139|349
,30|181|139|350
,30|181|140|351
,31|181|140|352
,31|181|141|353
,31|182|141|354
,31|182|142|355
,32|182|142|356
,32|182|143|357
,33|182|143|358
,33|183|143|359
,33|184|143|360
,33|184|144|361
,33|185|144|362
,33|186|144|363
,34|186|144|364
,34|186|145|365
,34|187|145|366
,34|187|146|367
,34|188|146|368
,34|188|147|369
,35|188|147|370
,35|189|147|371
,36|189|147|372
,36|189|148|373
,36|190|148|374
,36|191|148|375
,36|192|148|376
,36|193|148|377
,37|193|148|378
,37|194|148|379
,38|194|148|380
,38|195|148|381
,39|195|148|382
,39|196|148|383
,40|196|148|384
,40|197|148|385
,40|197|149|386
,40|198|149|387
,40|198|150|388
,40|199|150|389
,40|199|151|390
,40|200|151|391
,40|200|152|392
,40|201|152|393
,40|201|153|394
,40|202|153|395
,40|202|154|396
,40|203|154|397
,40|203|155|398
,40|204|155|399
,40|204|156|400
,40|205|156|401
,40|205|157|402
,40|206|157|403
,40|206|158|404
,40|207|158|405
,40|207|159|406
,40|208|159|407
,40|208|160|408
,40|209|160|409
,40|209|161|410
,40|210|161|411
,40|210|162|412
,40|211|162|413
,40|211|163|414
,40|212|163|415
,40|212|164|416
,40|213|164|417
,40|213|165|418
,40|214|165|419
,40|214|166|420
,40|215|166|421
,40|215|167|422
,40|215|168|423
,40|216|168|424
,40|216|169|425
,40|217|169|426
,40|217|170|427
,40|218|170|428
,40|218|171|429
,40|219|171|430
,40|219|172|431
,40|220|172|432
,40|220|173|433
,40|221|173|434
,40|221|174|435
,40|222|174|436
,40|222|175|437
,40|223|175|438
,40|223|176|439
,40|224|176|440
,40|224|177|441
,40|225|177|442
,40|225|178|443
,40|226|178|444
,40|226|179|445
,40|227|179|446
,40|227|180|447
,40|228|180|448
,40|228|181|449
,40|229|181|450
,40|229|182|451
,40|230|182|452
,40|230|183|453
,40|231|183|454
,40|231|184|455
,40|232|184|456
,40|232|185|457
,40|233|185|458
,40|233|186|459
,40|234|186|460
,40|234|187|461
,40|235|187|462
,40|235|188|463
,40|236|188|464
,40|236|189|465
,40|237|189|466
,40|237|190|467
,40|238|190|468
,40|238|191|469
,40|239|191|470
,40|239|192|471
,40|240|192|472
,40|240|193|473
,40|241|193|474
,40|241|194|475
,40|242|194|476
,40|242|195|477
,40|243|195|478
,40|243|196|479
,40|244|196|480
,40|244|197|481
,40|245|197|482
,40|245|198|483
,40|246|198|484
,40|246|199|485
,40|247|199|486
,40|247|200|487
,40|248|200|488
,40|248|201|489
,40|249|201|490
,40|249|202|491
,40|250|202|492
,40|250|203|493
,40|251|203|494
,40|251|204|495
,40|252|204|496
,40|252|205|497
,40|253|205|498
,40|254|205|499
,41|254|205|500
,41|255|205|501
,42|255|205|502
,42|255|206|503
,42|256|206|504
,42|257|206|505
,42|258|206|506
,42|259|206|507
,43|259|206|508
,43|260|206|509
,44|260|206|510
,44|260|207|511
,44|261|207|512
,44|261|208|513
,44|262|208|514
,44|263|208|515
,44|264|208|516
,44|265|208|517
,45|265|208|518
,45|265|209|519
,45|266|209|520
,45|266|210|521
,45|267|210|522
,45|267|211|523
,46|267|211|524
,46|267|212|525
,46|268|212|526
,46|269|212|527
,47|269|212|528
,47|270|212|529
,48|270|212|530
,48|271|212|531
,49|271|212|532
,49|272|212|533
,50|272|212|534
,50|273|212|535
,50|274|212|536
,50|275|212|537
,50|275|213|538
,50|276|213|539
,51|276|213|540
,51|276|214|541
,51|276|215|542
,51|276|216|543
,51|276|217|544
,51|277|217|545
,52|277|217|546
,52|278|217|547
,52|278|218|548
,52|279|218|549
,52|279|219|550
,52|279|220|551
,52|279|221|552
,52|280|221|553
,53|280|221|554
,53|281|221|555
,53|281|222|556
,53|281|223|557
,53|282|223|558
,53|282|224|559
,53|282|225|560
,53|282|226|561
,53|282|227|562
,53|282|228|563
,53|283|228|564
,53|284|228|565
,53|284|229|566
,53|285|229|567
,53|285|230|568
,53|286|230|569
,53|286|231|570
,53|287|231|571
,53|287|232|572
,53|288|232|573
,53|288|233|574
,53|288|234|575
,53|289|234|576
,53|289|235|577
,53|290|235|578
,53|290|236|579
,53|291|236|580
,53|291|237|581
,53|292|237|582
,53|292|238|583
,53|293|238|584
,53|293|239|585
,53|294|239|586
,53|294|240|587
,53|295|240|588
,53|295|241|589
,53|296|241|590
,53|296|242|591
,53|297|242|592
,53|297|243|593
,53|298|243|594
,53|298|244|595
,53|299|244|596
,53|299|245|597
,53|300|245|598
,53|300|246|599
,53|301|246|600
,53|301|247|601
,53|302|247|602
,53|302|248|603
,53|303|248|604
,53|303|249|605
,53|304|249|606
,53|304|250|607
,53|305|250|608
,53|305|251|609
,53|306|251|610
,53|306|252|611
,53|307|252|612
,53|308|252|613
,53|309|252|614
,53|310|252|615
,53|311|252|616
,53|311|253|617
,53|311|254|618
,53|311|255|619
,53|311|256|620
,53|312|256|621
,53|313|256|622
,53|314|256|623
,53|314|257|624
,53|315|257|625
,53|316|257|626
,53|316|258|627
,53|317|258|628
,53|318|258|629
,53|319|258|630
,53|320|258|631
,53|320|259|632
,53|320|260|633
,53|321|260|634
,53|321|261|635
,53|322|261|636
,53|323|261|637
,53|324|261|638
,53|325|261|639
,53|325|262|640
,53|325|263|641
,53|326|263|642
,53|327|263|643
,53|328|263|644
,53|329|263|645
,53|330|263|646
,53|331|263|647
,53|331|264|648
,53|332|264|649
,53|333|264|650
,53|334|264|651
,53|334|265|652
,53|335|265|653
,54|335|265|654
,54|336|265|655
,54|336|266|656
,54|337|266|657
,55|337|266|658
,55|338|266|659
,55|338|267|660
,55|339|267|661
,55|340|267|662
,55|341|267|663
,55|341|268|664
,55|342|268|665
,55|343|268|666
,55|344|268|667
,55|344|269|668
,55|345|269|669
,55|346|269|670
,55|347|269|671
,55|348|269|672
,55|349|269|673
,55|349|270|674
,55|350|270|675
,55|350|271|676
,55|351|271|677
,55|352|271|678
,55|353|271|679
,55|354|271|680
,55|355|271|681
,56|355|271|682
,56|356|271|683
,56|356|272|684
,56|357|272|685
,56|358|272|686
,56|359|272|687
,56|359|273|688
,56|360|273|689
,57|360|273|690
,57|361|273|691
,57|361|274|692
,57|362|274|693
,58|362|274|694
,58|363|274|695
,59|363|274|696
,59|364|274|697
,59|365|274|698
,59|366|274|699
,59|366|275|700
,59|367|275|701
,59|367|276|702
,59|368|276|703
,60|368|276|704
,60|369|276|705
,60|369|277|706
,60|370|277|707
,61|370|277|708
,61|371|277|709
,61|371|278|710
,61|372|278|711
,61|372|279|712
,61|373|279|713
,61|373|280|714
,61|374|280|715
,62|374|280|716
,62|375|280|717
,62|376|280|718
,62|377|280|719
,62|378|280|720
,62|379|280|721
,62|379|281|722
,62|380|281|723
,62|381|281|724
,62|382|281|725
,63|382|281|726
,63|383|281|727
,63|384|281|728
,63|385|281|729
,64|385|281|730
,64|386|281|731
,64|387|281|732
,64|388|281|733
,64|389|281|734
,64|390|281|735
,65|390|281|736
,65|391|281|737
,65|391|282|738
,65|392|282|739
,65|393|282|740
,65|394|282|741
,65|395|282|742
,65|396|282|743
,66|396|282|744
,66|397|282|745
,66|398|282|746
,66|399|282|747
,67|399|282|748
,67|400|282|749
,67|401|282|750
,67|402|282|751
,67|403|282|752
,67|404|282|753
,67|405|282|754
,67|406|282|755
,68|406|282|756
,68|407|282|757
,68|408|282|758
,68|409|282|759
,68|410|282|760
,68|411|282|761
,68|412|282|762
,68|413|282|763
,68|414|282|764
,68|415|282|765
,68|416|282|766
,68|416|283|767
,68|417|283|768
,68|417|284|769
,68|418|284|770
,68|419|284|771
,68|420|284|772
,68|420|285|773
,68|421|285|774
,68|422|285|775
,68|422|286|776
,68|423|286|777
,68|424|286|778
,68|424|287|779
,68|425|287|780
,68|426|287|781
,69|426|287|782
,69|427|287|783
,69|427|288|784
,69|428|288|785
,69|429|288|786
,69|429|289|787
,69|430|289|788
,69|431|289|789
,69|432|289|790
,69|432|290|791
,69|432|291|792
,69|433|291|793
,69|434|291|794
,69|435|291|795
,69|436|291|796
,69|437|291|797
,69|438|291|798
,69|439|291|799
,69|440|291|800
,69|441|291|801
,69|442|291|802
,69|443|291|803
,69|444|291|804
,69|445|291|805
,69|446|291|806
,69|447|291|807
,69|448|291|808
,69|449|291|809
,70|449|291|810
,70|450|291|811
,70|451|291|812
,70|451|292|813
,70|452|292|814
,70|453|292|815
,71|453|292|816
,71|454|292|817
,72|454|292|818
,72|455|292|819
,72|456|292|820
,72|456|293|821
,72|457|293|822
,72|458|293|823
,73|458|293|824
,73|459|293|825
,74|459|293|826
,74|459|294|827
,74|460|294|828
,74|461|294|829
,74|462|294|830
,74|463|294|831
,75|463|294|832
,75|464|294|833
,76|464|294|834
,76|465|294|835
,77|465|294|836
,77|466|294|837
,78|466|294|838
,78|466|295|839
,78|467|295|840
,78|467|296|841
,78|467|297|842
,78|467|298|843
,79|467|298|844
,79|467|299|845
,79|467|300|846
,79|467|301|847
,80|467|301|848
,80|467|302|849
,80|468|302|850
,80|468|303|851
,80|469|303|852
,80|469|304|853
,80|469|305|854
,80|469|306|855
,80|470|306|856
,80|470|307|857
,80|471|307|858
,80|471|308|859
,80|472|308|860
,80|472|309|861
,80|473|309|862
,80|473|310|863
,80|474|310|864
,80|474|311|865
,80|475|311|866
,80|475|312|867
,80|476|312|868
,80|476|313|869
,80|477|313|870
,80|477|314|871
,80|478|314|872
,80|478|315|873
,80|479|315|874
,80|480|315|875
,81|480|315|876
,81|480|316|877
,81|481|316|878
,81|481|317|879
,82|481|317|880
,82|481|318|881
,82|481|319|882
,82|481|320|883
,82|482|320|884
,82|482|321|885
,82|483|321|886
,82|483|322|887
,83|483|322|888
,83|483|323|889
,83|483|324|890
,83|483|325|891
,83|484|325|892
,83|484|326|893
,83|485|326|894
,83|485|327|895
,83|486|327|896
,83|486|328|897
,83|487|328|898
,83|487|329|899
,83|488|329|900
,83|488|330|901
,83|488|331|902
,83|488|332|903
,84|488|332|904
,84|488|333|905
,84|489|333|906
,84|490|333|907
,84|490|334|908
,84|490|335|909
,84|491|335|910
,84|492|335|911
,84|493|335|912
,84|493|336|913
,84|494|336|914
,84|494|337|915
,85|494|337|916
,85|494|338|917
,86|494|338|918
,86|494|339|919
,86|495|339|920
,86|495|340|921
,86|496|340|922
,86|497|340|923
,87|497|340|924
,87|498|340|925
,88|498|340|926
,88|498|341|927
,88|499|341|928
,88|499|342|929
,88|500|342|930
,88|500|343|931
,88|501|343|932
,88|502|343|933
,89|502|343|934
,89|502|344|935
,89|503|344|936
,89|504|344|937
,89|505|344|938
,89|506|344|939
,90|506|344|940
,90|507|344|941
,90|508|344|942
,90|509|344|943
,90|510|344|944
,90|511|344|945
,91|511|344|946
,91|512|344|947
,91|512|345|948
,91|513|345|949
,91|513|346|950
,91|514|346|951
,91|514|347|952
,91|515|347|953
,91|515|348|954
,91|516|348|955
,91|516|349|956
,91|517|350|958
,91|517|351|959
,91|518|351|960
,91|518|352|961
,91|519|352|962
,91|519|353|963
,91|520|353|964
,91|520|354|965
,91|521|354|966
,91|521|355|967
,91|522|355|968
,91|522|356|969
,91|523|356|970
,91|523|357|971
,91|524|357|972
,91|524|358|973
,91|525|358|974
,91|525|359|975
,91|526|359|976
,91|526|360|977
,91|527|360|978
,91|527|361|979
,91|528|361|980
,91|528|362|981
,91|529|362|982
,91|530|362|983
,91|531|362|984
,91|532|362|985
,91|532|363|986
,91|533|363|987
,91|533|364|988
,91|534|364|989
,91|534|365|990
,92|534|365|991
,92|535|365|992
,92|536|365|993
,92|536|366|994
,92|537|366|995
,92|537|367|996
,93|537|367|997
,93|538|367|998
,93|539|367|999
,93|539|368|1000
,93|540|368|1001
,93|540|369|1002
,94|540|369|1003
,94|541|369|1004
,95|541|369|1005
,95|542|369|1006
,95|543|369|1007
,95|543|370|1008
,95|543|371|1009
,95|544|371|1010
,95|545|371|1011
,95|545|372|1012
,95|545|373|1013
,95|545|374|1014
,96|545|374|1015
,96|545|375|1016
,97|545|375|1017
,97|546|375|1018
,97|547|375|1019
,97|547|376|1020
,97|548|376|1021
,97|548|377|1022
,97|549|377|1023
,97|549|378|1024
,97|550|378|1025
,97|550|379|1026
,97|551|379|1027
,97|551|380|1028
,97|552|380|1029
,97|552|381|1030
,97|553|381|1031
,97|553|382|1032
,97|554|382|1033
,97|554|383|1034
,97|555|383|1035
,97|555|384|1036
,97|556|384|1037
,97|556|385|1038
,97|557|385|1039
,97|557|386|1040
,97|558|386|1041
,97|558|387|1042
,97|559|387|1043
,97|559|388|1044
,97|560|388|1045
,97|560|389|1046
,97|561|389|1047
,97|561|390|1048
,97|562|390|1049
,97|562|391|1050
,97|563|391|1051
,97|563|392|1052
,97|564|392|1053
,97|564|393|1054
,97|565|393|1055
,97|566|393|1056
,97|567|393|1057
,97|567|394|1058
,98|567|394|1059
,98|567|395|1060
,98|568|395|1061
,98|569|395|1062
,99|569|395|1063
,99|570|395|1064
,99|571|395|1065
,99|572|395|1066
,99|573|395|1067
,99|573|396|1068
,100|573|396|1069
,100|574|396|1070
,100|575|396|1071
,100|575|397|1072
,100|576|397|1073
,100|576|398|1074
,101|576|398|1075
,101|577|398|1076
,102|577|398|1077
,102|578|398|1078
,102|579|398|1079
,102|579|399|1080
,102|580|399|1081
,102|580|400|1082
,102|581|400|1083
,102|581|401|1084
,103|581|401|1085
,103|581|402|1086
,103|582|402|1087
,103|583|402|1088
,104|583|402|1089
,104|584|402|1090
,104|584|403|1091
,104|585|403|1092
,104|585|404|1093
,104|586|404|1094
,104|586|405|1095
,104|587|405|1096
,104|587|406|1097
,104|588|406|1098
,104|588|407|1099
,104|589|407|1100
,104|589|408|1101
,104|590|408|1102
,104|590|409|1103
,104|591|409|1104
,104|591|410|1105
,104|592|410|1106
,104|592|411|1107
,104|593|411|1108
,104|593|412|1109
,104|594|412|1110
,104|594|413|1111
,104|595|413|1112
,104|595|414|1113
,104|596|414|1114
,104|596|415|1115
,104|597|415|1116
,104|597|416|1117
,104|598|416|1118
,104|598|417|1119
,104|599|417|1120
,104|599|418|1121
,104|600|418|1122
,104|600|419|1123
,104|601|419|1124
,104|601|420|1125
,104|602|420|1126
,104|603|420|1127
,104|603|421|1128
,104|604|421|1129
,104|604|422|1130
,104|605|422|1131
,104|605|423|1132
,104|606|423|1133
,104|606|424|1134
,104|607|424|1135
,104|607|425|1136
,104|608|425|1137
,104|608|426|1138
,104|609|426|1139
,104|609|427|1140
,104|610|427|1141
,104|610|428|1142
,104|611|428|1143
,104|611|429|1144
,104|612|429|1145
,104|612|430|1146
,104|613|430|1147
,104|613|431|1148
,104|614|431|1149
,104|614|432|1150
,104|615|432|1151
,104|615|433|1152
,104|616|433|1153
,104|616|434|1154
,104|617|434|1155
,104|617|435|1156
,104|618|435|1157
,104|618|436|1158
,104|619|436|1159
,104|619|437|1160
,104|620|437|1161
,104|620|438|1162
,104|621|438|1163
,104|621|439|1164
,104|622|439|1165
,104|622|440|1166
,104|623|440|1167
,104|623|441|1168
,104|624|441|1169
,104|624|442|1170
,104|625|442|1171
,104|625|443|1172
,104|626|443|1173
,104|626|444|1174
,104|627|444|1175
,104|627|445|1176
,104|628|445|1177
,104|628|446|1178
,104|629|446|1179
,104|629|447|1180
,104|630|447|1181
,104|630|448|1182
,104|631|448|1183
,104|631|449|1184
,104|632|449|1185
,104|632|450|1186
,104|633|450|1187
,104|633|451|1188
,104|634|451|1189
,104|634|452|1190
,104|635|452|1191
,104|635|453|1192
,104|636|453|1193
,104|636|454|1194
,104|637|454|1195
,104|637|455|1196
,104|638|455|1197
,104|638|456|1198
,104|639|456|1199
,104|640|456|1200
,104|641|456|1201
,104|641|457|1202
,105|641|457|1203
,105|641|458|1204
,106|641|458|1205
,106|642|458|1206
,107|642|458|1207
,107|643|458|1208
,107|644|458|1209
,107|644|459|1210
,107|645|459|1211
,107|645|460|1212
,108|645|460|1213
,108|646|460|1214
,109|646|460|1215
,109|647|460|1216
,109|648|460|1217
,109|648|461|1218
,109|649|461|1219
,109|649|462|1220
,110|649|462|1221
,110|650|462|1222
,110|651|462|1223
,110|651|463|1224
,110|652|463|1225
,110|653|463|1226
,111|653|463|1227
,111|654|463|1228
,112|654|463|1229
,112|655|463|1230
,113|655|463|1231
,113|656|463|1232
,113|657|463|1233
,113|658|463|1234
,113|658|464|1235
,113|659|464|1236
,113|659|465|1237
,113|659|466|1238
,113|659|467|1239
,113|659|468|1240
,114|659|468|1241
,114|660|468|1242
,114|660|469|1243
,114|661|469|1244
,114|661|470|1245
,114|662|470|1246
,114|662|471|1247
,114|662|472|1248
,115|662|472|1249
,115|663|472|1250
,115|663|473|1251
,115|664|473|1252
,115|665|473|1253
,115|665|474|1254
,115|665|475|1255
,115|665|476|1256
,115|665|477|1257
,115|666|477|1258
,115|667|477|1259
,115|667|478|1260
,115|667|479|1261
,115|668|479|1262
,115|668|480|1263
,115|669|480|1264
,115|669|481|1265
,115|670|481|1266
,115|670|482|1267
,115|671|482|1268
,116|671|482|1269
,116|672|482|1270
,116|673|482|1271
,116|673|483|1272
,116|674|483|1273
,116|674|484|1274
,116|675|484|1275
,116|675|485|1276
,116|676|485|1277
,116|676|486|1278
,116|677|486|1279
,116|677|487|1280
,116|678|487|1281
,116|678|488|1282
,116|679|488|1283
,116|679|489|1284
,116|680|489|1285
,116|680|490|1286
,116|681|490|1287
,116|681|491|1288
,116|682|491|1289
,116|682|492|1290
,116|683|492|1291
,116|683|493|1292
,116|684|493|1293
,116|684|494|1294
,116|685|494|1295
,116|685|495|1296
,116|686|495|1297
,116|686|496|1298
,116|687|496|1299
,116|687|497|1300
,116|688|497|1301
,116|688|498|1302
,116|689|498|1303
,116|689|499|1304
,116|690|499|1305
,116|690|500|1306
,116|691|500|1307
,116|692|500|1308
,116|693|500|1309
,116|693|501|1310
,116|694|501|1311
,116|694|502|1312
,116|695|502|1313
,116|696|502|1314
,116|696|503|1315
,116|697|503|1316
,116|697|504|1317
,116|698|504|1318
,116|699|504|1319
,116|699|505|1320
,116|700|505|1321
,116|701|505|1322
,116|701|506|1323
,116|702|506|1324
,116|703|506|1325
,116|703|507|1326
,116|704|507|1327
,116|704|508|1328
,116|705|508|1329
,116|706|508|1330
,116|706|509|1331
,116|707|509|1332
,116|708|509|1333
,116|708|510|1334
,116|709|510|1335
,116|710|510|1336
,116|711|510|1337
,116|712|510|1338
,116|713|510|1339
,116|714|510|1340
,116|714|511|1341
,116|715|511|1342
,116|716|511|1343
,116|717|511|1344
,116|717|512|1345
,116|718|512|1346
,117|718|512|1347
,117|719|512|1348
,117|720|512|1349
,117|721|512|1350
,117|721|513|1351
,117|722|513|1352
,118|722|513|1353
,118|723|513|1354
,118|723|514|1355
,118|724|514|1356
,119|724|514|1357
,119|725|514|1358
,119|725|515|1359
,119|726|515|1360
,120|726|515|1361
,120|727|515|1362
,121|727|515|1363
,121|728|515|1364
,122|728|515|1365
,122|729|515|1366
,122|730|515|1367
,122|731|515|1368
,122|731|516|1369
,122|732|516|1370
,122|732|517|1371
,122|733|517|1372
,122|733|518|1373
,122|734|518|1374
,122|735|518|1375
,122|736|518|1376
,122|736|519|1377
,122|737|519|1378
,122|738|519|1379
,122|739|519|1380
,122|739|520|1381
,122|740|520|1382
,122|740|521|1383
,122|741|521|1384
,122|741|522|1385
,122|742|522|1386
,123|742|522|1387
,123|743|522|1388
,124|743|522|1389
,124|744|522|1390
,124|744|523|1391
,124|745|523|1392
,124|745|524|1393
,124|746|524|1394
,124|747|524|1395
,124|748|524|1396
,125|748|524|1397
,125|749|524|1398
,126|749|524|1399
,126|750|524|1400
,127|750|524|1401
,127|751|524|1402
,127|752|524|1403
,127|753|524|1404
,128|753|524|1405
,128|754|524|1406
,129|754|524|1407
,129|755|524|1408
,129|756|524|1409
,129|757|524|1410
,129|757|525|1411
,129|758|525|1412
,129|758|526|1413
,129|759|526|1414
,129|760|526|1415
,129|761|526|1416
,129|762|526|1417
,129|763|526|1418
,129|764|526|1419
,129|765|526|1420
,129|766|526|1421
,129|767|526|1422
,129|767|527|1423
,129|768|527|1424
,129|768|528|1425
,129|769|528|1426
,129|770|528|1427
,129|771|528|1428
,129|772|528|1429
,129|773|528|1430
,129|773|529|1431
,129|774|529|1432
,129|774|530|1433
,129|775|530|1434
,129|775|531|1435
,129|776|531|1436
,130|776|531|1437
,130|777|531|1438
,130|778|531|1439
,130|779|531|1440
,130|780|531|1441
,130|781|531|1442
,130|781|532|1443
,130|782|532|1444
,130|783|532|1445
,130|784|532|1446
,131|784|532|1447
,131|785|532|1448
,131|786|532|1449
,131|787|532|1450
,132|787|532|1451
,132|788|532|1452
,132|789|532|1453
,132|789|533|1454
,132|790|533|1455
,132|790|534|1456
,132|791|534|1457
,132|792|534|1458
,132|793|534|1459
,132|794|534|1460
,132|795|534|1461
,132|795|535|1462
,132|796|535|1463
,132|796|536|1464
,132|797|536|1465
,132|798|536|1466
,132|798|537|1467
,132|799|537|1468
,132|800|537|1469
,132|801|537|1470
,132|802|537|1471
,132|803|537|1472
,132|804|537|1473
,132|804|538|1474
,132|805|538|1475
,132|806|538|1476
,132|807|538|1477
,132|808|538|1478
,132|808|539|1479
,132|809|539|1480
,132|809|540|1481
,132|810|540|1482
,133|810|540|1483
,133|811|540|1484
,133|812|540|1485
,133|813|540|1486
,133|814|540|1487
,133|815|540|1488
,133|815|541|1489
,133|815|542|1490
,133|816|542|1491
,133|817|542|1492
,133|817|543|1493
,133|818|543|1494
,133|818|544|1495
,133|819|544|1496
,133|820|544|1497
,133|820|545|1498
,134|820|545|1499
,134|821|545|1500
,134|821|546|1501
,134|822|546|1502
,134|823|546|1503
,134|823|547|1504
,134|824|547|1505
,134|824|548|1506
,134|825|548|1507
,134|826|548|1508
,134|826|549|1509
,134|827|549|1510
,134|828|549|1511
,134|828|550|1512
,134|828|551|1513
,134|829|551|1514
,134|830|551|1515
,134|830|552|1516
,134|830|553|1517
,134|831|553|1518
,134|831|554|1519
,134|831|555|1520
,134|831|556|1521
,134|832|556|1522
,134|833|556|1523
,134|833|557|1524
,135|833|557|1525
,135|833|558|1526
,136|833|558|1527
,136|833|559|1528
,136|833|560|1529
,136|833|561|1530
,136|834|561|1531
,136|834|562|1532
,136|835|562|1533
,136|835|563|1534
,136|836|563|1535
,136|836|564|1536
,136|836|565|1537
,136|836|566|1538
,136|837|566|1539
,136|837|567|1540
,136|838|567|1541
,136|838|568|1542
,136|839|568|1543
,136|839|569|1544
,136|839|570|1545
,136|839|571|1546
,136|840|571|1547
,136|840|572|1548
,136|841|572|1549
,136|841|573|1550
,136|842|573|1551
,136|842|574|1552
,136|843|574|1553
,136|843|575|1554
,136|844|575|1555
,136|844|576|1556
,137|844|576|1557
,137|844|577|1558
,137|844|578|1559
,137|844|579|1560
,137|845|579|1561
,137|845|580|1562
,138|845|580|1563
,138|845|581|1564
,138|845|582|1565
,138|845|583|1566
,138|846|583|1567
,138|846|584|1568
,138|847|584|1569
,138|847|585|1570
,138|848|585|1571
,138|848|586|1572
,138|848|587|1573
,138|848|588|1574
,138|849|588|1575
,138|849|589|1576
,138|850|589|1577
,138|850|590|1578
,139|850|590|1579
,139|851|590|1580
,139|852|590|1581
,139|853|590|1582
,139|854|590|1583
,139|854|591|1584
,139|854|592|1585
,139|854|593|1586
,140|854|593|1587
,140|854|594|1588
,140|855|594|1589
,140|855|595|1590
,140|856|595|1591
,140|856|596|1592
,140|857|596|1593
,140|857|597|1594
,140|858|597|1595
,140|859|597|1596
,140|860|597|1597
,140|860|598|1598
,141|860|598|1599
,141|860|599|1600
,141|861|599|1601
,141|861|600|1602
,141|862|600|1603
,141|863|600|1604
,141|864|600|1605
,141|864|601|1606
,142|864|601|1607
,142|865|601|1608
,143|865|601|1609
,143|866|601|1610
,143|867|601|1611
,143|867|602|1612
,143|868|602|1613
,143|868|603|1614
,144|868|603|1615
,144|869|603|1616
,145|869|603|1617
,145|869|604|1618
,145|870|604|1619
,145|870|605|1620
,145|871|605|1621
,145|872|605|1622
,145|873|605|1623
,145|873|606|1624
,146|873|606|1625
,146|873|607|1626
,146|874|607|1627
,146|874|608|1628
,147|874|608|1629
,147|875|608|1630
,147|875|609|1631
,147|876|609|1632
,147|876|610|1633
,147|877|610|1634
,147|877|611|1635
,147|878|611|1636
,147|878|612|1637
,147|879|612|1638
,147|879|613|1639
,147|880|613|1640
,147|880|614|1641
,147|881|614|1642
,147|881|615|1643
,147|882|615|1644
,147|882|616|1645
,147|883|616|1646
,147|883|617|1647
,147|884|617|1648
,147|884|618|1649
,147|885|618|1650
,147|885|619|1651
,147|886|619|1652
,147|886|620|1653
,147|887|620|1654
,147|887|621|1655
,147|888|621|1656
,147|888|622|1657
,147|889|622|1658
,147|889|623|1659
,147|890|623|1660
,147|890|624|1661
,147|891|624|1662
,147|891|625|1663
,147|892|625|1664
,147|892|626|1665
,147|893|626|1666
,147|894|626|1667
,147|895|626|1668
,147|896|626|1669
,147|896|627|1670
,147|897|627|1671
,147|897|628|1672
,147|898|628|1673
,147|899|628|1674
,148|899|628|1675
,148|899|629|1676
,148|900|629|1677
,148|900|630|1678
,148|901|630|1679
,148|901|631|1680
,149|901|631|1681
,149|902|631|1682
,149|903|631|1683
,149|903|632|1684
,149|904|632|1685
,149|904|633|1686
,149|905|633|1687
,149|906|633|1688
,150|906|633|1689
,150|906|634|1690
,150|907|634|1691
,150|907|635|1692
,151|907|635|1693
,151|908|635|1694
,151|909|635|1695
,151|909|636|1696
,151|910|636|1697
,151|911|636|1698
,152|911|636|1699
,152|912|636|1700
,152|913|636|1701
,152|914|636|1702
,152|915|636|1703
,152|915|637|1704
,152|916|637|1705
,152|916|638|1706
,152|917|638|1707
,152|917|639|1708
,152|918|639|1709
,152|918|640|1710
,152|919|640|1711
,152|919|641|1712
,152|920|641|1713
,152|920|642|1714
,152|921|642|1715
,152|921|643|1716
,152|922|643|1717
,152|922|644|1718
,152|923|644|1719
,152|923|645|1720
,152|924|645|1721
,152|924|646|1722
,152|925|646|1723
,152|925|647|1724
,152|926|647|1725
,152|926|648|1726
,152|927|648|1727
,152|927|649|1728
,152|928|649|1729
,152|928|650|1730
,152|929|650|1731
,152|929|651|1732
,152|930|651|1733
,152|930|652|1734
,152|931|652|1735
,152|931|653|1736
,152|932|653|1737
,152|932|654|1738
,152|933|654|1739
,152|934|654|1740
,153|934|654|1741
,153|934|655|1742
,153|935|655|1743
,153|935|656|1744
,154|935|656|1745
,154|935|657|1746
,155|935|657|1747
,155|936|657|1748
,155|937|657|1749
,155|938|657|1750
,155|939|657|1751
,155|939|658|1752
,156|939|658|1753
,156|940|658|1754
,156|941|658|1755
,156|941|659|1756
,156|942|659|1757
,156|942|660|1758
,157|942|660|1759
,157|943|660|1760
,158|943|660|1761
,158|944|660|1762
,158|945|660|1763
,158|945|661|1764
,158|946|661|1765
,158|947|661|1766
,159|947|661|1767
,159|948|661|1768
,159|949|661|1769
,159|949|662|1770
,160|949|662|1771
,160|950|662|1772
,161|950|662|1773
,161|951|662|1774
,161|951|663|1775
,161|952|663|1776
,161|952|664|1777
,161|953|664|1778
,161|953|665|1779
,161|954|665|1780
,161|954|666|1781
,161|955|666|1782
,161|955|667|1783
,161|956|667|1784
,161|956|668|1785
,161|957|668|1786
,161|957|669|1787
,161|958|669|1788
,161|958|670|1789
,161|959|670|1790
,161|959|671|1791
,161|960|671|1792
,161|960|672|1793
,161|961|672|1794
,161|961|673|1795
,161|962|673|1796
,161|962|674|1797
,161|963|674|1798
,161|963|675|1799
,161|964|675|1800
,161|964|676|1801
,161|965|676|1802
,161|965|677|1803
,161|966|677|1804
,161|966|678|1805
,161|967|678|1806
,161|967|679|1807
,161|968|679|1808
,161|968|680|1809
,161|969|680|1810
,161|970|680|1811
,161|970|681|1812
,161|971|681|1813
,161|971|682|1814
,161|972|682|1815
,161|972|683|1816
,161|973|683|1817
,161|973|684|1818
,161|974|684|1819
,161|974|685|1820
,161|975|685|1821
,161|975|686|1822
,161|976|686|1823
,161|976|687|1824
,161|977|687|1825
,161|977|688|1826
,161|978|688|1827
,161|978|689|1828
,161|979|689|1829
,161|979|690|1830
,161|980|690|1831
,161|980|691|1832
,161|981|691|1833
,161|981|692|1834
,161|982|692|1835
,161|982|693|1836
,161|983|693|1837
,161|983|694|1838
,161|984|694|1839
,161|984|695|1840
,161|985|695|1841
,161|985|696|1842
,161|986|696|1843
,161|986|697|1844
,161|987|697|1845
,161|987|698|1846
,161|988|698|1847
,161|988|699|1848
,161|989|699|1849
,161|989|700|1850
,161|990|700|1851
,161|990|701|1852
,161|991|701|1853
,161|991|702|1854
,161|992|702|1855
,161|992|703|1856
,161|993|703|1857
,161|993|704|1858
,161|994|704|1859
,161|994|705|1860
,161|995|705|1861
,161|995|706|1862
,161|996|706|1863
,161|996|707|1864
,161|997|707|1865
,161|997|708|1866
,161|998|708|1867
,161|998|709|1868
,161|999|709|1869
,161|999|710|1870
,161|1000|710|1871
,161|1000|711|1872
,161|1001|711|1873
,161|1001|712|1874
,161|1002|712|1875
,161|1002|713|1876
,161|1003|713|1877
,161|1003|714|1878
,161|1004|714|1879
,161|1004|715|1880
,161|1005|715|1881
,161|1005|716|1882
,162|1005|716|1883
,162|1005|717|1884
,162|1006|717|1885
,162|1006|718|1886
,163|1006|718|1887
,163|1007|718|1888
,164|1007|718|1889
,164|1008|718|1890
,165|1008|718|1891
,165|1009|718|1892
,165|1010|718|1893
,165|1010|719|1894
,165|1011|719|1895
,165|1011|720|1896
,166|1011|720|1897
,166|1012|720|1898
,167|1012|720|1899
,167|1013|720|1900
,167|1014|720|1901
,167|1014|721|1902
,167|1015|721|1903
,167|1015|722|1904
,168|1015|722|1905
,168|1016|722|1906
,168|1017|722|1907
,168|1017|723|1908
,169|1017|723|1909
,169|1018|723|1910
,169|1019|723|1911
,169|1020|723|1912
,170|1020|723|1913
,170|1021|723|1914
,171|1021|723|1915
,171|1022|723|1916
,171|1023|723|1917
,171|1024|723|1918
,171|1024|724|1919
,171|1025|724|1920
,171|1025|725|1921
,171|1025|726|1922
,171|1025|727|1923
,171|1026|727|1924
,172|1026|727|1925
,172|1027|727|1926
,172|1027|728|1927
,172|1028|728|1928
,172|1028|729|1929
,172|1029|729|1930
,172|1029|730|1931
,172|1029|731|1932
,172|1030|731|1933
,172|1031|731|1934
,172|1031|732|1935
,172|1032|732|1936
,172|1033|732|1937
,172|1033|733|1938
,172|1033|734|1939
,172|1033|735|1940
,172|1033|736|1941
,172|1034|736|1942
,172|1035|736|1943
,172|1035|737|1944
,172|1035|738|1945
,172|1036|738|1946
,172|1036|739|1947
,172|1037|739|1948
,172|1037|740|1949
,172|1038|740|1950
,172|1038|741|1951
,172|1039|741|1952
,172|1040|741|1953
,172|1041|741|1954
,172|1042|741|1955
,172|1042|742|1956
,172|1043|742|1957
,172|1043|743|1958
,172|1044|743|1959
,172|1044|744|1960
,172|1045|744|1961
,172|1045|745|1962
,172|1046|745|1963
,172|1046|746|1964
,172|1047|746|1965
,172|1047|747|1966
,172|1048|747|1967
,172|1048|748|1968
,172|1049|748|1969
,172|1049|749|1970
,172|1050|749|1971
,172|1050|750|1972
,172|1051|750|1973
,172|1051|751|1974
,172|1052|751|1975
,172|1052|752|1976
,172|1053|752|1977
,172|1053|753|1978
,172|1054|753|1979
,172|1054|754|1980
,172|1055|754|1981
,172|1055|755|1982
,172|1056|755|1983
,172|1056|756|1984
,172|1057|756|1985
,172|1057|757|1986
,172|1058|757|1987
,172|1058|758|1988
,172|1059|758|1989
,172|1059|759|1990
,172|1059|760|1991
,172|1060|760|1992
,172|1060|761|1993
,172|1060|762|1994
,172|1060|763|1995
,172|1061|763|1996
,172|1062|763|1997
,172|1063|763|1998
,172|1063|764|1999
,172|1064|764|2000
