total
,0|1|0|1
,0|2|0|2
,0|2|1|3
,0|3|1|4
,0|3|2|5
,0|4|2|6
,0|4|3|7
,0|5|3|8
,0|5|4|9
,0|6|4|10
,0|6|5|11
,0|7|5|12
,0|7|6|13
,0|8|6|14
,0|8|7|15
,0|9|7|16
,0|9|8|17
,0|10|8|18
,0|10|9|19
,0|11|9|20
,0|11|10|21
,0|12|10|22
,0|12|11|23
,0|13|11|24
,0|13|12|25
,0|14|12|26
,0|14|13|27
,0|15|13|28
,0|15|14|29
,0|16|14|30
,0|16|15|31
,0|17|15|32
,0|17|16|33
,0|18|16|34
,0|18|17|35
,0|19|17|36
,0|19|18|37
,0|20|18|38
,0|20|19|39
,0|21|19|40
,0|21|20|41
,0|22|20|42
,0|22|21|43
,0|23|21|44
,0|23|22|45
,0|24|22|46
,0|24|23|47
,0|25|23|48
,0|25|24|49
,0|26|24|50
,0|26|25|51
,0|27|25|52
,0|27|26|53
,0|28|26|54
,0|28|27|55
,0|29|27|56
,0|29|28|57
,0|30|28|58
,0|30|29|59
,0|31|29|60
,0|31|30|61
,0|32|30|62
,0|32|31|63
,0|33|31|64
,0|33|32|65
,0|34|32|66
,0|34|33|67
,0|35|33|68
,0|35|34|69
,0|36|34|70
,0|36|35|71
,0|37|35|72
,0|37|36|73
,0|38|36|74
,0|38|37|75
,0|39|37|76
,0|39|38|77
,0|40|38|78
,0|40|39|79
,0|41|39|80
,0|41|40|81
,0|42|40|82
,0|42|41|83
,0|43|41|84
,0|43|42|85
,0|44|42|86
,0|44|43|87
,0|45|43|88
,0|45|44|89
,0|46|44|90
,0|46|45|91
,0|47|45|92
,0|47|46|93
,0|48|46|94
,0|48|47|95
,0|49|47|96
,0|49|48|97
,0|50|48|98
,0|50|49|99
,0|51|49|100
,0|51|50|101
,0|52|50|102
,0|52|51|103
,0|53|51|104
,0|53|52|105
,0|54|52|106
,0|54|53|107
,0|55|53|108
,0|55|54|109
,0|56|54|110
,0|56|55|111
,0|57|55|112
,0|57|56|113
,0|58|56|114
,0|58|57|115
,0|59|57|116
,0|59|58|117
,0|60|58|118
,0|60|59|119
,0|61|59|120
,0|61|60|121
,0|62|60|122
,0|62|61|123
,0|63|61|124
,0|63|62|125
,0|64|62|126
,0|64|63|127
,0|65|63|128
,0|65|64|129
,0|66|64|130
,0|66|65|131
,0|67|65|132
,0|67|66|133
,0|68|66|134
,0|68|67|135
,0|69|67|136
,0|69|68|137
,0|70|68|138
,0|70|69|139
,0|71|69|140
,0|71|70|141
,0|72|70|142
,0|72|71|143
,0|73|71|144
,0|73|72|145
,0|74|72|146
,0|74|73|147
,0|75|73|148
,0|75|74|149
,0|76|74|150
,0|76|75|151
,0|77|75|152
,0|77|76|153
,0|78|76|154
,0|78|77|155
,0|79|77|156
,0|79|78|157
,0|80|78|158
,0|80|79|159
,0|81|79|160
,0|81|80|161
,0|82|80|162
,0|82|81|163
,0|83|81|164
,0|83|82|165
,0|84|82|166
,0|84|83|167
,0|85|83|168
,0|85|84|169
,0|86|84|170
,0|86|85|171
,0|87|85|172
,0|87|86|173
,0|88|86|174
,0|88|87|175
,0|89|87|176
,0|89|88|177
,0|90|88|178
,0|90|89|179
,0|91|89|180
,0|91|90|181
,0|92|90|182
,0|92|91|183
,0|93|91|184
,0|93|92|185
,0|94|92|186
,0|94|93|187
,0|95|93|188
,0|95|94|189
,0|96|94|190
,0|96|95|191
,0|97|95|192
,0|97|96|193
,0|98|96|194
,0|98|97|195
,0|99|97|196
,0|99|98|197
,0|100|98|198
,0|100|99|199
,0|101|99|200
,0|101|100|201
,0|102|100|202
,0|102|101|203
,0|103|101|204
,0|103|102|205
,0|104|102|206
,0|104|103|207
,0|105|103|208
,0|105|104|209
,0|106|104|210
,0|106|105|211
,0|107|105|212
,0|107|106|213
,0|108|106|214
,0|108|107|215
,0|109|107|216
,0|109|108|217
,0|110|108|218
,0|110|109|219
,0|111|109|220
,0|111|110|221
,0|112|110|222
,0|112|111|223
,0|113|111|224
,0|113|112|225
,0|114|112|226
,0|114|113|227
,0|115|113|228
,0|115|114|229
,0|116|114|230
,0|116|115|231
,0|117|115|232
,0|117|116|233
,0|118|116|234
,0|118|117|235
,0|119|117|236
,0|119|118|237
,0|120|118|238
,0|120|119|239
,0|121|119|240
,0|121|120|241
,0|122|120|242
,0|122|121|243
,0|123|121|244
,0|123|122|245
,0|124|122|246
,0|124|123|247
,0|125|123|248
,0|125|124|249
,0|126|124|250
,0|126|125|251
,0|127|125|252
,0|127|126|253
,0|128|126|254
,0|128|127|255
,0|129|127|256
,0|129|128|257
,0|130|128|258
,0|130|129|259
,0|131|129|260
,0|131|130|261
,0|132|130|262
,0|132|131|263
,0|133|131|264
,0|133|132|265
,0|134|132|266
,0|135|132|267
,0|136|132|268
,0|136|133|269
,0|137|133|270
,0|137|134|271
,0|138|134|272
,0|138|135|273
,0|139|135|274
,0|139|136|275
,0|140|136|276
,0|140|137|277
,0|141|137|278
,0|141|138|279
,0|142|138|280
,0|142|139|281
,0|143|139|282
,0|143|140|283
,0|144|140|284
,0|144|141|285
,0|145|141|286
,0|145|142|287
,0|146|142|288
,0|146|143|289
,0|147|143|290
,0|147|144|291
,0|148|144|292
,0|148|145|293
,0|149|145|294
,0|149|146|295
,0|150|146|296
,0|150|147|297
,0|151|147|298
,0|151|148|299
,0|152|148|300
,0|152|149|301
,0|153|149|302
,0|153|150|303
,0|154|150|304
,0|154|151|305
,0|155|151|306
,0|155|152|307
,0|156|152|308
,0|156|153|309
,0|157|153|310
,0|157|154|311
,0|158|154|312
,0|158|155|313
,0|159|155|314
,0|159|156|315
,0|160|156|316
,0|160|157|317
,0|161|157|318
,0|161|158|319
,0|162|158|320
,0|162|159|321
,0|163|159|322
,0|163|160|323
,0|164|160|324
,0|164|161|325
,0|165|161|326
,0|165|162|327
,0|166|162|328
,0|166|163|329
,0|167|163|330
,0|167|164|331
,0|168|164|332
,0|168|165|333
,0|169|165|334
,0|169|166|335
,0|170|166|336
,0|170|167|337
,0|171|167|338
,0|171|168|339
,0|172|168|340
,0|172|169|341
,0|173|169|342
,0|173|170|343
,0|174|170|344
,0|174|171|345
,0|175|171|346
,0|175|172|347
,0|176|172|348
,0|176|173|349
,0|177|173|350
,0|177|174|351
,0|178|174|352
,0|178|175|353
,0|179|175|354
,0|179|176|355
,0|180|176|356
,0|180|177|357
,0|181|177|358
,0|181|178|359
,0|182|178|360
,0|182|179|361
,0|183|179|362
,0|183|180|363
,0|184|180|364
,0|184|181|365
,0|185|181|366
,0|185|182|367
,0|186|182|368
,0|186|183|369
,0|187|183|370
,0|187|184|371
,0|188|184|372
,0|188|185|373
,0|189|185|374
,0|189|186|375
,0|190|186|376
,0|190|187|377
,0|191|187|378
,0|191|188|379
,0|192|188|380
,0|192|189|381
,0|193|189|382
,0|193|190|383
,0|194|190|384
,0|195|190|385
,0|196|190|386
,0|196|191|387
,0|197|191|388
,0|197|192|389
,0|198|192|390
,0|198|193|391
,0|199|193|392
,0|199|194|393
,0|200|194|394
,0|200|195|395
,0|201|195|396
,0|201|196|397
,0|202|196|398
,0|202|197|399
,0|203|197|400
,0|203|198|401
,0|204|198|402
,0|204|199|403
,0|205|199|404
,0|205|200|405
,0|206|200|406
,0|207|200|407
,0|208|200|408
,0|208|201|409
,0|209|201|410
,0|209|202|411
,0|210|202|412
,0|210|203|413
,0|211|203|414
,0|211|204|415
,0|212|204|416
,0|212|205|417
,0|213|205|418
,0|213|206|419
,0|214|206|420
,0|214|207|421
,0|215|207|422
,0|215|208|423
,0|216|208|424
,0|216|209|425
,0|217|209|426
,0|217|210|427
,0|218|210|428
,0|218|211|429
,0|219|211|430
,0|219|212|431
,0|220|212|432
,0|220|213|433
,0|221|213|434
,0|221|214|435
,0|222|214|436
,0|222|215|437
,0|223|215|438
,0|223|216|439
,0|224|216|440
,0|224|217|441
,0|225|217|442
,0|225|218|443
,0|226|218|444
,0|226|219|445
,0|227|219|446
,0|227|220|447
,0|228|220|448
,0|228|221|449
,0|229|221|450
,0|229|222|451
,0|230|222|452
,0|230|223|453
,0|231|223|454
,0|231|224|455
,0|232|224|456
,0|232|225|457
,0|233|225|458
,0|233|226|459
,0|234|226|460
,0|234|227|461
,0|235|227|462
,0|235|228|463
,0|236|228|464
,0|236|229|465
,0|237|229|466
,0|237|230|467
,0|238|230|468
,0|238|231|469
,0|239|231|470
,0|239|232|471
,0|240|232|472
,0|240|233|473
,0|241|233|474
,0|241|234|475
,0|242|234|476
,0|242|235|477
,0|243|235|478
,0|243|236|479
,0|244|236|480
,0|244|237|481
,0|245|237|482
,0|245|238|483
,0|246|238|484
,0|246|239|485
,0|247|239|486
,0|247|240|487
,0|248|240|488
,0|248|241|489
,0|249|241|490
,0|249|242|491
,0|250|242|492
,0|250|243|493
,0|251|243|494
,0|251|244|495
,0|252|244|496
,0|252|245|497
,0|253|245|498
,0|253|246|499
,0|254|246|500
,0|254|247|501
,0|255|247|502
,0|255|248|503
,0|256|248|504
,0|256|249|505
,0|257|249|506
,0|257|250|507
,0|258|250|508
,0|258|251|509
,0|259|251|510
,0|259|252|511
,0|260|252|512
,0|260|253|513
,0|261|253|514
,0|261|254|515
,0|262|254|516
,0|262|255|517
,0|263|255|518
,0|263|256|519
,0|264|256|520
,0|264|257|521
,0|265|257|522
,0|265|258|523
,0|266|258|524
,0|266|259|525
,0|267|259|526
,0|267|260|527
,0|268|260|528
,0|268|261|529
,0|269|261|530
,0|269|262|531
,0|270|262|532
,0|270|263|533
,0|271|263|534
,0|271|264|535
,0|272|264|536
,0|272|265|537
,0|273|265|538
,0|273|266|539
,0|274|266|540
,0|274|267|541
,0|275|267|542
,0|275|268|543
,0|276|268|544
,0|276|269|545
,0|277|269|546
,0|277|270|547
,0|278|270|548
,0|278|271|549
,0|279|271|550
,0|279|272|551
,0|280|272|552
,0|280|273|553
,0|281|273|554
,0|281|274|555
,0|282|274|556
,0|282|275|557
,0|283|275|558
,0|283|276|559
,0|284|276|560
,0|284|277|561
,0|285|277|562
,0|285|278|563
,0|286|278|564
,0|286|279|565
,0|287|279|566
,0|287|280|567
,0|288|280|568
,0|288|281|569
,0|289|281|570
,0|289|282|571
,0|290|282|572
,0|290|283|573
,0|291|283|574
,0|291|284|575
,0|292|284|576
,0|292|285|577
,0|293|285|578
,0|293|286|579
,0|294|286|580
,0|294|287|581
,0|295|287|582
,0|295|288|583
,0|296|288|584
,0|296|289|585
,0|297|289|586
,0|297|290|587
,0|298|290|588
,0|298|291|589
,0|299|291|590
,0|299|292|591
,0|300|292|592
,0|300|293|593
,0|301|293|594
,0|301|294|595
,0|302|294|596
,0|302|295|597
,0|303|295|598
,0|303|296|599
,0|304|296|600
,0|304|297|601
,0|305|297|602
,0|305|298|603
,0|306|298|604
,0|306|299|605
,0|307|299|606
,0|307|300|607
,0|308|300|608
,0|308|301|609
,0|309|301|610
,0|309|302|611
,0|310|302|612
,0|310|303|613
,0|311|303|614
,0|311|304|615
,0|312|304|616
,0|312|305|617
,0|313|305|618
,0|313|306|619
,0|314|306|620
,0|314|307|621
,0|315|307|622
,0|315|308|623
,0|316|308|624
,0|316|309|625
,0|317|309|626
,0|317|310|627
,0|318|310|628
,0|318|311|629
,0|319|311|630
,0|319|312|631
,0|320|312|632
,0|320|313|633
,0|321|313|634
,0|321|314|635
,0|322|314|636
,0|322|315|637
,0|323|315|638
,0|323|316|639
,0|324|316|640
,0|324|317|641
,0|325|317|642
,0|325|318|643
,0|326|318|644
,0|326|319|645
,0|327|319|646
,0|327|320|647
,0|328|320|648
,0|328|321|649
,0|329|321|650
,0|329|322|651
,0|330|322|652
,0|330|323|653
,0|331|323|654
,0|331|324|655
,0|332|324|656
,0|332|325|657
,0|333|325|658
,0|333|326|659
,0|334|326|660
,0|334|327|661
,0|335|327|662
,0|335|328|663
,0|336|328|664
,0|336|329|665
,0|337|329|666
,0|337|330|667
,0|338|330|668
,0|338|331|669
,0|339|331|670
,0|339|332|671
,0|340|332|672
,0|340|333|673
,0|341|333|674
,0|341|334|675
,0|342|334|676
,0|342|335|677
,0|343|335|678
,0|343|336|679
,0|344|336|680
,0|344|337|681
,0|345|337|682
,0|345|338|683
,0|346|338|684
,0|346|339|685
,0|347|339|686
,0|347|340|687
,0|348|340|688
,0|348|341|689
,0|349|341|690
,0|349|342|691
,0|350|342|692
,0|350|343|693
,0|351|343|694
,0|351|344|695
,0|352|344|696
,0|352|345|697
,0|353|345|698
,0|353|346|699
,0|354|346|700
,0|354|347|701
,0|355|347|702
,0|355|348|703
,0|356|348|704
,0|356|349|705
,0|357|349|706
,0|357|350|707
,0|358|350|708
,0|358|351|709
,0|359|351|710
,0|359|352|711
,0|360|352|712
,0|360|353|713
,0|361|353|714
,0|361|354|715
,0|362|354|716
,0|362|355|717
,0|363|355|718
,0|363|356|719
,0|364|356|720
,0|364|357|721
,0|365|357|722
,0|365|358|723
,0|366|358|724
,0|366|359|725
,0|367|359|726
,0|367|360|727
,0|368|360|728
,0|368|361|729
,0|369|361|730
,0|369|362|731
,0|370|362|732
,0|370|363|733
,0|371|363|734
,0|371|364|735
,0|372|364|736
,0|372|365|737
,0|373|365|738
,0|373|366|739
,0|374|366|740
,0|374|367|741
,0|375|367|742
,0|375|368|743
,0|376|368|744
,0|376|369|745
,0|377|369|746
,0|377|370|747
,0|378|370|748
,0|378|371|749
,0|379|371|750
,0|379|372|751
,0|380|372|752
,0|380|373|753
,0|381|373|754
,0|381|374|755
,0|382|374|756
,0|382|375|757
,0|383|375|758
,0|383|376|759
,0|384|376|760
,0|384|377|761
,0|385|377|762
,0|385|378|763
,0|386|378|764
,0|386|379|765
,0|387|379|766
,0|387|380|767
,0|388|380|768
,0|388|381|769
,0|389|381|770
,0|389|382|771
,0|390|382|772
,0|390|383|773
,0|391|383|774
,0|391|384|775
,0|392|384|776
,0|392|385|777
,0|393|385|778
,0|393|386|779
,0|394|386|780
,0|394|387|781
,0|395|387|782
,0|395|388|783
,0|396|388|784
,0|396|389|785
,0|397|389|786
,0|397|390|787
,0|398|390|788
,0|398|391|789
,0|399|391|790
,0|399|392|791
,0|400|392|792
,0|400|393|793
,0|401|393|794
,0|401|394|795
,0|402|394|796
,0|402|395|797
,0|403|395|798
,0|403|396|799
,0|404|396|800
,0|404|397|801
,0|405|397|802
,0|405|398|803
,0|406|398|804
,0|406|399|805
,0|407|399|806
,0|407|400|807
,0|408|400|808
,0|408|401|809
,0|409|401|810
,0|409|402|811
,0|410|402|812
,0|410|403|813
,0|411|403|814
,0|411|404|815
,0|412|404|816
,0|412|405|817
,0|413|405|818
,0|413|406|819
,0|414|406|820
,0|414|407|821
,0|415|407|822
,0|415|408|823
,0|416|408|824
,0|416|409|825
,0|417|409|826
,0|417|410|827
,0|418|410|828
,0|418|411|829
,0|419|411|830
,0|419|412|831
,0|420|412|832
,0|420|413|833
,0|421|413|834
,0|421|414|835
,0|422|414|836
,0|422|415|837
,0|423|415|838
,0|423|416|839
,0|424|416|840
,0|424|417|841
,0|425|417|842
,0|425|418|843
,0|426|418|844
,0|426|419|845
,0|427|419|846
,0|427|420|847
,0|428|420|848
,0|428|421|849
,0|429|421|850
,0|429|422|851
,0|430|422|852
,0|430|423|853
,0|431|423|854
,0|431|424|855
,0|432|424|856
,0|432|425|857
,0|433|425|858
,0|433|426|859
,0|434|426|860
,0|434|427|861
,0|435|427|862
,0|435|428|863
,0|436|428|864
,0|436|429|865
,0|437|429|866
,0|437|430|867
,0|438|430|868
,0|438|431|869
,0|439|431|870
,0|439|432|871
,0|440|432|872
,0|440|433|873
,0|441|433|874
,0|441|434|875
,0|442|434|876
,0|442|435|877
,0|443|435|878
,0|443|436|879
,0|444|436|880
,0|444|437|881
,0|445|437|882
,0|445|438|883
,0|446|438|884
,0|446|439|885
,0|447|439|886
,0|447|440|887
,0|448|440|888
,0|448|441|889
,0|449|441|890
,0|449|442|891
,0|450|442|892
,0|450|443|893
,0|451|443|894
,0|451|444|895
,0|452|444|896
,0|452|445|897
,0|453|445|898
,0|453|446|899
,0|454|446|900
,0|454|447|901
,0|455|447|902
,0|455|448|903
,0|456|448|904
,0|456|449|905
,0|457|449|906
,0|457|450|907
,0|458|450|908
,0|458|451|909
,0|459|451|910
,0|459|452|911
,0|460|452|912
,0|460|453|913
,0|461|453|914
,0|461|454|915
,0|462|454|916
,0|462|455|917
,0|463|455|918
,0|463|456|919
,0|464|456|920
,0|464|457|921
,0|465|457|922
,0|465|458|923
,0|466|458|924
,0|466|459|925
,0|467|459|926
,0|467|460|927
,0|468|460|928
,0|468|461|929
,0|469|461|930
,0|469|462|931
,0|470|462|932
,0|470|463|933
,0|471|463|934
,0|471|464|935
,0|472|464|936
,0|472|465|937
,0|473|465|938
,0|473|466|939
,0|474|466|940
,0|474|467|941
,0|475|467|942
,0|475|468|943
,0|476|468|944
,0|476|469|945
,0|477|469|946
,0|477|470|947
,0|478|470|948
,0|478|471|949
,0|479|471|950
,0|479|472|951
,0|480|472|952
,0|480|473|953
,0|481|473|954
,0|481|474|955
,0|482|474|956
,0|482|475|957
,0|483|475|958
,0|483|476|959
,0|484|476|960
,0|484|477|961
,0|485|477|962
,0|485|478|963
,0|486|478|964
,0|486|479|965
,0|487|479|966
,0|487|480|967
,0|488|480|968
,0|488|481|969
,0|489|481|970
,0|489|482|971
,0|490|482|972
,0|490|483|973
,0|491|483|974
,0|491|484|975
,0|492|484|976
,0|492|485|977
,0|493|485|978
,0|493|486|979
,0|494|486|980
,0|494|487|981
,0|495|487|982
,0|495|488|983
,0|496|488|984
,0|496|489|985
,0|497|489|986
,0|497|490|987
,0|498|490|988
,0|498|491|989
,0|499|491|990
,0|499|492|991
,0|500|492|992
,0|500|493|993
,0|501|493|994
,0|501|494|995
,0|502|494|996
,0|502|495|997
,0|503|495|998
,0|503|496|999
,0|504|496|1000
,0|504|497|1001
,0|505|497|1002
,0|505|498|1003
,0|506|498|1004
,0|506|499|1005
,0|507|499|1006
,0|507|500|1007
,0|508|500|1008
,0|508|501|1009
,0|509|501|1010
,0|509|502|1011
,0|510|502|1012
,0|510|503|1013
,0|511|503|1014
,0|511|504|1015
,0|512|504|1016
,0|512|505|1017
,0|513|505|1018
,0|513|506|1019
,0|514|506|1020
,0|514|507|1021
,0|515|507|1022
,0|515|508|1023
,0|516|508|1024
,0|516|509|1025
,0|517|509|1026
,0|517|510|1027
,0|518|510|1028
,0|518|511|1029
,0|519|511|1030
,0|519|512|1031
,0|520|512|1032
,0|520|513|1033
,0|521|513|1034
,0|521|514|1035
,0|522|514|1036
,0|522|515|1037
,0|523|515|1038
,0|523|516|1039
,0|524|516|1040
,0|524|517|1041
,0|525|517|1042
,0|526|518|1044
,0|527|518|1045
,0|527|519|1046
,0|528|519|1047
,0|528|520|1048
,0|529|520|1049
,0|529|521|1050
,0|530|521|1051
,0|530|522|1052
,0|531|522|1053
,0|531|523|1054
,0|532|523|1055
,0|532|524|1056
,0|533|524|1057
,0|533|525|1058
,0|534|525|1059
,0|534|526|1060
,0|535|526|1061
,0|535|527|1062
,0|536|527|1063
,0|536|528|1064
,0|537|528|1065
,0|537|529|1066
,0|538|529|1067
,0|538|530|1068
,0|539|530|1069
,0|539|531|1070
,0|540|531|1071
,0|540|532|1072
,0|541|532|1073
,0|541|533|1074
,0|542|533|1075
,0|542|534|1076
,0|543|534|1077
,0|543|535|1078
,0|544|535|1079
,0|544|536|1080
,0|545|536|1081
,0|545|537|1082
,0|546|537|1083
,0|546|538|1084
,0|547|538|1085
,0|547|539|1086
,0|548|539|1087
,0|548|540|1088
,0|549|540|1089
,0|549|541|1090
,0|550|541|1091
,0|551|541|1092
,0|552|541|1093
,0|552|542|1094
,0|553|542|1095
,0|553|543|1096
,0|554|543|1097
,0|554|544|1098
,0|555|544|1099
,0|555|545|1100
,0|556|545|1101
,0|556|546|1102
,0|557|546|1103
,0|557|547|1104
,0|558|547|1105
,0|558|548|1106
,0|559|548|1107
,0|559|549|1108
,0|560|549|1109
,0|560|550|1110
,0|561|550|1111
,0|561|551|1112
,0|562|551|1113
,0|562|552|1114
,0|563|552|1115
,0|563|553|1116
,0|564|553|1117
,0|564|554|1118
,0|565|554|1119
,0|565|555|1120
,0|566|555|1121
,0|566|556|1122
,0|567|556|1123
,0|567|557|1124
,0|568|557|1125
,0|568|558|1126
,0|569|558|1127
,0|569|559|1128
,0|570|559|1129
,0|570|560|1130
,0|571|560|1131
,0|571|561|1132
,0|572|561|1133
,0|572|562|1134
,0|573|562|1135
,0|573|563|1136
,0|574|563|1137
,0|574|564|1138
,0|575|564|1139
,0|575|565|1140
,0|576|565|1141
,0|576|566|1142
,0|577|566|1143
,0|577|567|1144
,0|578|567|1145
,0|578|568|1146
,0|579|568|1147
,0|579|569|1148
,0|580|569|1149
,0|580|570|1150
,0|581|570|1151
,0|581|571|1152
,0|582|571|1153
,0|582|572|1154
,0|583|572|1155
,0|583|573|1156
,0|584|573|1157
,0|584|574|1158
,0|585|574|1159
,0|585|575|1160
,0|586|575|1161
,0|586|576|1162
,0|587|576|1163
,0|587|577|1164
,0|588|577|1165
,0|588|578|1166
,0|589|578|1167
,0|589|579|1168
,0|590|579|1169
,0|590|580|1170
,0|591|580|1171
,0|591|581|1172
,0|592|581|1173
,0|592|582|1174
,0|593|582|1175
,0|593|583|1176
,0|594|583|1177
,0|594|584|1178
,0|595|584|1179
,0|595|585|1180
,0|596|585|1181
,0|596|586|1182
,0|597|586|1183
,0|597|587|1184
,0|598|587|1185
,0|598|588|1186
,0|599|588|1187
,0|599|589|1188
,0|600|589|1189
,0|600|590|1190
,0|601|590|1191
,0|601|591|1192
,0|602|591|1193
,0|602|592|1194
,0|603|592|1195
,0|603|593|1196
,0|604|593|1197
,0|604|594|1198
,0|605|594|1199
,0|605|595|1200
,0|606|595|1201
,0|606|596|1202
,0|607|596|1203
,0|607|597|1204
,0|608|597|1205
,0|608|598|1206
,0|609|598|1207
,0|609|599|1208
,0|610|599|1209
,0|610|600|1210
,0|611|600|1211
,0|611|601|1212
,0|612|601|1213
,0|612|602|1214
,0|613|602|1215
,0|613|603|1216
,0|614|603|1217
,0|614|604|1218
,0|615|604|1219
,0|615|605|1220
,0|616|605|1221
,0|616|606|1222
,0|617|606|1223
,0|617|607|1224
,0|618|607|1225
,0|618|608|1226
,0|619|608|1227
,0|619|609|1228
,0|620|609|1229
,0|620|610|1230
,0|621|610|1231
,0|621|611|1232
,0|622|611|1233
,0|622|612|1234
,0|623|612|1235
,0|623|613|1236
,0|624|613|1237
,0|624|614|1238
,0|625|614|1239
,0|625|615|1240
,0|626|615|1241
,0|626|616|1242
,0|627|616|1243
,0|627|617|1244
,0|628|617|1245
,0|628|618|1246
,0|629|618|1247
,0|629|619|1248
,0|630|619|1249
,0|630|620|1250
,0|631|620|1251
,0|631|621|1252
,0|632|621|1253
,0|632|622|1254
,0|633|622|1255
,0|633|623|1256
,0|634|623|1257
,0|634|624|1258
,0|635|624|1259
,0|635|625|1260
,0|636|625|1261
,0|636|626|1262
,0|637|626|1263
,0|637|627|1264
,0|638|627|1265
,0|638|628|1266
,0|639|628|1267
,0|639|629|1268
,0|640|629|1269
,0|640|630|1270
,0|641|630|1271
,0|641|631|1272
,0|642|631|1273
,0|642|632|1274
,0|643|632|1275
,0|643|633|1276
,0|644|633|1277
,0|644|634|1278
,0|645|634|1279
,0|645|635|1280
,0|646|635|1281
,0|646|636|1282
,0|647|636|1283
,0|647|637|1284
,0|648|637|1285
,0|648|638|1286
,0|649|638|1287
,0|649|639|1288
,0|650|639|1289
,0|650|640|1290
,0|651|640|1291
,0|651|641|1292
,0|652|641|1293
,0|652|642|1294
,0|653|642|1295
,0|653|643|1296
,0|654|643|1297
,0|654|644|1298
,0|655|644|1299
,0|655|645|1300
,0|656|645|1301
,0|656|646|1302
,0|657|646|1303
,0|657|647|1304
,0|658|647|1305
,0|658|648|1306
,0|659|648|1307
,0|659|649|1308
,0|660|649|1309
,0|660|650|1310
,0|661|650|1311
,0|661|651|1312
,0|662|651|1313
,0|662|652|1314
,0|663|652|1315
,0|663|653|1316
,0|664|653|1317
,0|664|654|1318
,0|665|654|1319
,0|665|655|1320
,0|666|655|1321
,0|666|656|1322
,0|667|656|1323
,0|667|657|1324
,0|668|657|1325
,0|668|658|1326
,0|669|658|1327
,0|669|659|1328
,0|670|659|1329
,0|670|660|1330
,0|671|660|1331
,0|671|661|1332
,0|672|661|1333
,0|672|662|1334
,0|673|662|1335
,0|673|663|1336
,0|674|663|1337
,0|674|664|1338
,0|675|664|1339
,0|675|665|1340
,0|676|665|1341
,0|676|666|1342
,0|677|666|1343
,0|677|667|1344
,0|678|667|1345
,0|678|668|1346
,0|679|668|1347
,0|679|669|1348
,0|680|669|1349
,0|680|670|1350
,0|681|670|1351
,0|681|671|1352
,0|682|671|1353
,0|682|672|1354
,0|683|672|1355
,0|683|673|1356
,0|684|673|1357
,0|684|674|1358
,0|685|674|1359
,0|685|675|1360
,0|686|675|1361
,0|686|676|1362
,0|687|676|1363
,0|687|677|1364
,0|688|677|1365
,0|688|678|1366
,0|689|678|1367
,0|689|679|1368
,0|690|679|1369
,0|690|680|1370
,0|691|680|1371
,0|691|681|1372
,0|692|681|1373
,0|692|682|1374
,0|693|682|1375
,0|693|683|1376
,0|694|683|1377
,0|694|684|1378
,0|695|684|1379
,0|695|685|1380
,0|696|685|1381
,0|696|686|1382
,0|697|686|1383
,0|697|687|1384
,0|698|687|1385
,0|698|688|1386
,0|699|688|1387
,0|699|689|1388
,0|700|689|1389
,0|700|690|1390
,0|701|690|1391
,0|701|691|1392
,0|702|691|1393
,0|702|692|1394
,0|703|692|1395
,0|703|693|1396
,0|704|693|1397
,0|704|694|1398
,0|705|694|1399
,0|705|695|1400
,0|706|695|1401
,0|706|696|1402
,0|707|696|1403
,0|707|697|1404
,0|708|697|1405
,0|708|698|1406
,0|709|698|1407
,0|709|699|1408
,0|710|699|1409
,0|710|700|1410
,0|711|700|1411
,0|711|701|1412
,0|712|701|1413
,0|712|702|1414
,0|713|702|1415
,0|713|703|1416
,0|714|703|1417
,0|714|704|1418
,0|715|704|1419
,0|715|705|1420
,0|716|705|1421
,0|716|706|1422
,0|717|706|1423
,0|717|707|1424
,0|718|707|1425
,0|718|708|1426
,0|719|708|1427
,0|719|709|1428
,0|720|709|1429
,0|720|710|1430
,0|721|710|1431
,0|721|711|1432
,0|722|711|1433
,0|722|712|1434
,0|723|712|1435
,0|723|713|1436
,0|724|713|1437
,0|724|714|1438
,0|725|714|1439
,0|725|715|1440
,0|726|715|1441
,0|726|716|1442
,0|727|716|1443
,0|727|717|1444
,0|728|717|1445
,0|728|718|1446
,0|729|718|1447
,0|729|719|1448
,0|730|719|1449
,0|730|720|1450
,0|731|720|1451
,0|731|721|1452
,0|732|721|1453
,0|732|722|1454
,0|733|722|1455
,0|733|723|1456
,0|734|723|1457
,0|734|724|1458
,0|735|724|1459
,0|735|725|1460
,0|736|725|1461
,0|736|726|1462
,0|737|726|1463
,0|737|727|1464
,0|738|727|1465
,0|738|728|1466
,0|739|728|1467
,0|739|729|1468
,0|740|729|1469
,0|740|730|1470
,0|741|730|1471
,0|741|731|1472
,0|742|731|1473
,0|742|732|1474
,0|743|732|1475
,0|743|733|1476
,0|744|733|1477
,0|744|734|1478
,0|745|734|1479
,0|745|735|1480
,0|746|735|1481
,0|746|736|1482
,0|747|736|1483
,0|747|737|1484
,0|748|737|1485
,0|748|738|1486
,0|749|738|1487
,0|749|739|1488
,0|750|739|1489
,0|750|740|1490
,0|751|740|1491
,0|751|741|1492
,0|752|741|1493
,0|752|742|1494
,0|753|742|1495
,0|753|743|1496
,0|754|743|1497
,0|754|744|1498
,0|755|744|1499
,0|755|745|1500
,0|756|745|1501
,0|756|746|1502
,0|757|746|1503
,0|757|747|1504
,0|758|747|1505
,0|758|748|1506
,0|759|748|1507
,0|759|749|1508
,0|760|749|1509
,0|760|750|1510
,0|761|750|1511
,0|761|751|1512
,0|762|751|1513
,0|762|752|1514
,0|763|752|1515
,0|763|753|1516
,0|764|753|1517
,0|764|754|1518
,0|765|754|1519
,0|765|755|1520
,0|766|755|1521
,0|766|756|1522
,0|767|756|1523
,0|767|757|1524
,0|768|757|1525
,0|768|758|1526
,0|769|758|1527
,0|769|759|1528
,0|770|759|1529
,0|770|760|1530
,0|771|760|1531
,0|771|761|1532
,0|772|761|1533
,0|772|762|1534
,0|773|762|1535
,0|773|763|1536
,0|774|763|1537
,0|774|764|1538
,0|775|764|1539
,0|775|765|1540
,0|776|765|1541
,0|776|766|1542
,0|777|766|1543
,0|777|767|1544
,0|778|767|1545
,0|778|768|1546
,0|779|768|1547
,0|779|769|1548
,0|780|769|1549
,0|780|770|1550
,0|781|770|1551
,0|781|771|1552
,0|782|771|1553
,0|782|772|1554
,0|783|772|1555
,0|783|773|1556
,0|784|773|1557
,0|784|774|1558
,0|785|774|1559
,0|785|775|1560
,0|786|775|1561
,0|786|776|1562
,0|787|776|1563
,0|787|777|1564
,0|788|777|1565
,0|788|778|1566
,0|789|778|1567
,0|789|779|1568
,0|790|779|1569
,0|790|780|1570
,0|791|780|1571
,0|791|781|1572
,0|792|781|1573
,0|792|782|1574
,0|793|782|1575
,0|793|783|1576
,0|794|783|1577
,0|794|784|1578
,0|795|784|1579
,0|795|785|1580
,0|796|785|1581
,0|796|786|1582
,0|797|786|1583
,0|797|787|1584
,0|798|787|1585
,0|798|788|1586
,0|799|788|1587
,0|799|789|1588
,0|800|789|1589
,0|800|790|1590
,0|801|790|1591
,0|801|791|1592
,0|802|791|1593
,0|802|792|1594
,0|803|792|1595
,0|803|793|1596
,0|804|793|1597
,0|804|794|1598
,0|805|794|1599
,0|805|795|1600
,0|806|795|1601
,0|806|796|1602
,0|807|796|1603
,0|807|797|1604
,0|808|797|1605
,0|808|798|1606
,0|809|798|1607
,0|809|799|1608
,0|810|799|1609
,0|810|800|1610
,0|811|800|1611
,0|811|801|1612
,0|812|801|1613
,0|812|802|1614
,0|813|802|1615
,0|813|803|1616
,0|814|803|1617
,0|814|804|1618
,0|815|804|1619
,0|815|805|1620
,0|816|805|1621
,0|816|806|1622
,0|817|806|1623
,0|817|807|1624
,0|818|807|1625
,0|818|808|1626
,0|819|808|1627
,0|819|809|1628
,0|820|809|1629
,0|820|810|1630
,0|821|810|1631
,0|821|811|1632
,0|822|811|1633
,0|822|812|1634
,0|823|812|1635
,0|823|813|1636
,0|824|813|1637
,0|824|814|1638
,0|825|814|1639
,0|825|815|1640
,0|826|815|1641
,0|826|816|1642
,0|827|816|1643
,0|827|817|1644
,0|828|817|1645
,0|828|818|1646
,0|829|818|1647
,0|829|819|1648
,0|830|819|1649
,0|830|820|1650
,0|831|820|1651
,0|831|821|1652
,0|832|821|1653
,0|832|822|1654
,0|833|822|1655
,0|833|823|1656
,0|834|823|1657
,0|834|824|1658
,0|835|824|1659
,0|835|825|1660
,0|836|825|1661
,0|836|826|1662
,0|837|826|1663
,0|837|827|1664
,0|838|827|1665
,0|838|828|1666
,0|839|828|1667
,0|839|829|1668
,0|840|829|1669
,0|840|830|1670
,0|841|830|1671
,0|841|831|1672
,0|842|831|1673
,0|842|832|1674
,0|843|832|1675
,0|843|833|1676
,0|844|833|1677
,0|844|834|1678
,0|845|834|1679
,0|845|835|1680
,0|846|835|1681
,0|846|836|1682
,0|847|836|1683
,0|847|837|1684
,0|848|837|1685
,0|848|838|1686
,0|849|838|1687
,0|849|839|1688
,0|850|839|1689
,0|850|840|1690
,0|851|840|1691
,0|851|841|1692
,0|852|841|1693
,0|852|842|1694
,0|853|842|1695
,0|853|843|1696
,0|854|843|1697
,0|854|844|1698
,0|855|844|1699
,0|855|845|1700
,0|856|845|1701
,0|856|846|1702
,0|857|846|1703
,0|857|847|1704
,0|858|847|1705
,0|858|848|1706
,0|859|848|1707
,0|859|849|1708
,0|860|849|1709
,0|860|850|1710
,0|861|850|1711
,0|861|851|1712
,0|862|851|1713
,0|862|852|1714
,0|863|852|1715
,0|863|853|1716
,0|864|853|1717
,0|864|854|1718
,0|865|854|1719
,0|865|855|1720
,0|866|855|1721
,0|866|856|1722
,0|867|856|1723
,0|867|857|1724
,0|868|857|1725
,0|868|858|1726
,0|869|858|1727
,0|869|859|1728
,0|870|859|1729
,0|870|860|1730
,0|871|860|1731
,0|871|861|1732
,0|872|861|1733
,0|872|862|1734
,0|873|862|1735
,0|873|863|1736
,0|874|863|1737
,0|874|864|1738
,0|875|864|1739
,0|875|865|1740
,0|876|865|1741
,0|876|866|1742
,0|877|866|1743
,0|877|867|1744
,0|878|867|1745
,0|878|868|1746
,0|879|868|1747
,0|879|869|1748
,0|880|869|1749
,0|880|870|1750
,0|881|870|1751
,0|881|871|1752
,0|882|871|1753
,0|882|872|1754
,0|883|872|1755
,0|883|873|1756
,0|884|873|1757
,0|884|874|1758
,0|885|874|1759
,0|885|875|1760
,0|886|875|1761
,0|886|876|1762
,0|887|876|1763
,0|887|877|1764
,0|888|877|1765
,0|888|878|1766
,0|889|878|1767
,0|889|879|1768
,0|890|879|1769
,0|890|880|1770
,0|891|880|1771
,0|891|881|1772
,0|892|881|1773
,0|892|882|1774
,0|893|882|1775
,0|893|883|1776
,0|894|883|1777
,0|894|884|1778
,0|895|884|1779
,0|895|885|1780
,0|896|885|1781
,0|896|886|1782
,0|897|886|1783
,0|897|887|1784
,0|898|887|1785
,0|898|888|1786
,0|899|888|1787
,0|899|889|1788
,0|900|889|1789
,0|900|890|1790
,0|901|890|1791
,0|901|891|1792
,0|902|891|1793
,0|902|892|1794
,0|903|892|1795
,0|903|893|1796
,0|904|893|1797
,0|904|894|1798
,0|905|894|1799
,0|905|895|1800
,0|906|895|1801
,0|906|896|1802
,0|907|896|1803
,0|907|897|1804
,0|908|897|1805
,0|908|898|1806
,0|909|898|1807
,0|909|899|1808
,0|910|899|1809
,0|910|900|1810
,0|911|900|1811
,0|911|901|1812
,0|912|901|1813
,0|912|902|1814
,0|913|902|1815
,0|913|903|1816
,0|914|903|1817
,0|914|904|1818
,0|915|904|1819
,0|915|905|1820
,0|916|905|1821
,0|916|906|1822
,0|917|906|1823
,0|917|907|1824
,0|918|907|1825
,0|918|908|1826
,0|919|908|1827
,0|919|909|1828
,0|920|909|1829
,0|920|910|1830
,0|921|910|1831
,0|921|911|1832
,0|922|911|1833
,0|922|912|1834
,0|923|912|1835
,0|923|913|1836
,0|924|913|1837
,0|924|914|1838
,0|925|914|1839
,0|925|915|1840
,0|926|915|1841
,0|926|916|1842
,0|927|916|1843
,0|927|917|1844
,0|928|917|1845
,0|928|918|1846
,0|929|918|1847
,0|929|919|1848
,0|930|919|1849
,0|930|920|1850
,0|931|920|1851
,0|931|921|1852
,0|932|921|1853
,0|932|922|1854
,0|933|922|1855
,0|933|923|1856
,0|934|923|1857
,0|934|924|1858
,0|935|924|1859
,0|935|925|1860
,0|936|925|1861
,0|936|926|1862
,0|937|926|1863
,0|937|927|1864
,0|938|927|1865
,0|938|928|1866
,0|939|928|1867
,0|939|929|1868
,0|940|929|1869
,0|940|930|1870
,0|941|930|1871
,0|941|931|1872
,0|942|931|1873
,0|942|932|1874
,0|943|932|1875
,0|943|933|1876
,0|944|933|1877
,0|944|934|1878
,0|945|934|1879
,0|945|935|1880
,0|946|935|1881
,0|946|936|1882
,0|947|936|1883
,0|947|937|1884
,0|948|937|1885
,0|948|938|1886
,0|949|938|1887
,0|949|939|1888
,0|950|939|1889
,0|950|940|1890
,0|951|940|1891
,0|951|941|1892
,0|952|941|1893
,0|952|942|1894
,0|953|942|1895
,0|953|943|1896
,0|954|943|1897
,0|954|944|1898
,0|955|944|1899
,0|955|945|1900
,0|956|945|1901
,0|956|946|1902
,0|957|946|1903
,0|957|947|1904
,0|958|947|1905
,0|958|948|1906
,0|959|948|1907
,0|959|949|1908
,0|960|949|1909
,0|960|950|1910
,0|961|950|1911
,0|961|951|1912
,0|962|951|1913
,0|962|952|1914
,0|963|952|1915
,0|963|953|1916
,0|964|953|1917
,0|964|954|1918
,0|965|954|1919
,0|965|955|1920
,0|966|955|1921
,0|966|956|1922
,0|967|956|1923
,0|967|957|1924
,0|968|957|1925
,0|968|958|1926
,0|969|958|1927
,0|969|959|1928
,0|970|959|1929
,0|970|960|1930
,0|971|960|1931
,0|971|961|1932
,0|972|961|1933
,0|972|962|1934
,0|973|962|1935
,0|973|963|1936
,0|974|963|1937
,0|974|964|1938
,0|975|964|1939
,0|975|965|1940
,0|976|965|1941
,0|976|966|1942
,0|977|966|1943
,0|977|967|1944
,0|978|967|1945
,0|978|968|1946
,0|979|968|1947
,0|979|969|1948
,0|980|969|1949
,0|980|970|1950
,0|981|970|1951
,0|981|971|1952
,0|982|971|1953
,0|982|972|1954
,0|983|972|1955
,0|983|973|1956
,0|984|973|1957
,0|984|974|1958
,0|985|974|1959
,0|985|975|1960
,0|986|975|1961
,0|986|976|1962
,0|987|976|1963
,0|987|977|1964
,0|988|977|1965
,0|988|978|1966
,0|989|978|1967
,0|989|979|1968
,0|990|979|1969
,0|990|980|1970
,0|991|980|1971
,0|991|981|1972
,0|992|981|1973
,0|992|982|1974
,0|993|982|1975
,0|993|983|1976
,0|994|983|1977
,0|994|984|1978
,0|995|984|1979
,0|995|985|1980
,0|996|985|1981
,0|996|986|1982
,0|997|986|1983
,0|997|987|1984
,0|998|987|1985
,0|998|988|1986
,0|999|988|1987
,0|999|989|1988
,0|1000|989|1989
,0|1000|990|1990
,0|1001|990|1991
,0|1001|991|1992
,0|1002|991|1993
,0|1002|992|1994
,0|1003|992|1995
,0|1003|993|1996
,0|1004|993|1997
,0|1004|994|1998
,0|1005|994|1999
,0|1005|995|2000
