total
,0|0|1|1
,0|1|1|2
,0|1|2|3
,0|2|2|4
,0|2|3|5
,0|3|3|6
,0|3|4|7
,0|4|4|8
,0|4|5|9
,0|5|5|10
,0|5|6|11
,0|6|6|12
,0|6|7|13
,0|7|7|14
,0|7|8|15
,0|8|8|16
,0|8|9|17
,0|9|9|18
,0|9|10|19
,0|10|10|20
,0|10|11|21
,0|11|11|22
,0|11|12|23
,0|12|12|24
,0|12|13|25
,0|13|13|26
,0|13|14|27
,0|14|14|28
,0|14|15|29
,0|15|15|30
,0|15|16|31
,0|16|16|32
,0|16|17|33
,0|17|17|34
,0|17|18|35
,0|18|18|36
,0|18|19|37
,0|19|19|38
,0|19|20|39
,0|20|20|40
,0|20|21|41
,0|21|21|42
,0|21|22|43
,0|22|22|44
,0|22|23|45
,0|23|23|46
,0|23|24|47
,0|24|24|48
,0|24|25|49
,0|25|25|50
,0|25|26|51
,0|26|26|52
,0|26|27|53
,0|27|27|54
,0|27|28|55
,0|28|28|56
,0|28|29|57
,0|29|29|58
,0|29|30|59
,0|30|30|60
,0|30|31|61
,0|31|31|62
,0|31|32|63
,0|32|32|64
,0|32|33|65
,0|33|33|66
,0|33|34|67
,0|34|34|68
,0|34|35|69
,0|35|35|70
,0|35|36|71
,0|36|36|72
,0|36|37|73
,0|37|37|74
,0|37|38|75
,0|38|38|76
,0|38|39|77
,0|39|39|78
,0|39|40|79
,0|40|40|80
,0|40|41|81
,0|41|41|82
,0|41|42|83
,0|42|42|84
,0|42|43|85
,0|43|43|86
,0|43|44|87
,0|44|44|88
,0|44|45|89
,0|45|45|90
,0|45|46|91
,0|46|46|92
,0|46|47|93
,0|47|47|94
,0|47|48|95
,0|48|48|96
,0|48|49|97
,1|48|49|98
,1|48|50|99
,1|49|50|100
,1|49|51|101
,1|50|51|102
,1|50|52|103
,1|51|52|104
,1|51|53|105
,1|52|53|106
,1|52|54|107
,1|53|54|108
,1|53|55|109
,1|54|55|110
,1|54|56|111
,1|55|56|112
,1|55|57|113
,1|56|57|114
,1|56|58|115
,1|57|58|116
,1|57|59|117
,1|58|59|118
,1|58|60|119
,1|59|60|120
,1|59|61|121
,1|60|61|122
,1|60|62|123
,1|61|62|124
,1|61|63|125
,1|62|63|126
,1|62|64|127
,1|63|64|128
,1|63|65|129
,1|64|65|130
,1|64|66|131
,1|65|66|132
,1|65|67|133
,1|66|67|134
,1|66|68|135
,1|67|68|136
,1|67|69|137
,1|68|69|138
,1|68|70|139
,1|69|70|140
,1|69|71|141
,1|70|71|142
,1|70|72|143
,1|71|72|144
,1|71|73|145
,1|72|73|146
,1|72|74|147
,1|73|74|148
,1|73|75|149
,1|74|75|150
,1|74|76|151
,1|75|76|152
,1|75|77|153
,1|76|77|154
,1|76|78|155
,1|77|78|156
,1|77|79|157
,1|78|79|158
,1|78|80|159
,1|79|80|160
,1|79|81|161
,1|80|81|162
,1|80|82|163
,1|81|82|164
,1|81|83|165
,1|82|83|166
,1|82|84|167
,1|83|84|168
,1|83|85|169
,1|84|85|170
,1|84|86|171
,1|85|86|172
,1|85|87|173
,1|86|87|174
,1|86|88|175
,1|87|88|176
,1|87|89|177
,1|88|89|178
,1|88|90|179
,1|89|90|180
,1|89|91|181
,1|90|91|182
,1|90|92|183
,1|91|92|184
,1|91|93|185
,1|92|93|186
,1|92|94|187
,1|93|94|188
,1|93|95|189
,1|94|95|190
,1|94|96|191
,1|95|96|192
,1|95|97|193
,1|96|97|194
,1|96|98|195
,1|97|98|196
,1|97|99|197
,1|98|99|198
,1|98|100|199
,1|99|100|200
,1|99|101|201
,1|100|101|202
,1|100|102|203
,1|101|102|204
,1|101|103|205
,1|102|103|206
,1|102|104|207
,1|103|104|208
,1|103|105|209
,1|104|105|210
,1|104|106|211
,1|105|106|212
,1|105|107|213
,1|106|107|214
,1|106|108|215
,1|107|108|216
,1|107|109|217
,1|108|109|218
,1|108|110|219
,1|109|110|220
,1|109|111|221
,1|110|111|222
,1|110|112|223
,1|111|112|224
,1|111|113|225
,1|112|113|226
,1|112|114|227
,1|113|114|228
,1|113|115|229
,1|114|115|230
,1|114|116|231
,1|115|116|232
,1|115|117|233
,1|116|117|234
,1|116|118|235
,1|117|118|236
,1|117|119|237
,1|118|119|238
,1|118|120|239
,1|119|120|240
,1|119|121|241
,1|120|121|242
,1|120|122|243
,1|121|122|244
,1|121|123|245
,1|122|123|246
,1|122|124|247
,1|123|124|248
,1|123|125|249
,1|124|125|250
,1|124|126|251
,1|125|126|252
,1|125|127|253
,1|126|127|254
,1|126|128|255
,1|127|128|256
,1|127|129|257
,1|128|129|258
,1|128|130|259
,1|129|130|260
,1|129|131|261
,1|130|131|262
,1|130|132|263
,1|131|132|264
,1|132|132|265
,1|133|132|266
,1|133|133|267
,1|134|133|268
,1|134|134|269
,1|135|134|270
,1|135|135|271
,1|136|135|272
,1|136|136|273
,1|137|136|274
,1|137|137|275
,1|138|137|276
,1|138|138|277
,1|139|138|278
,1|139|139|279
,1|140|139|280
,1|140|140|281
,1|141|140|282
,1|141|141|283
,1|142|141|284
,1|142|142|285
,1|143|142|286
,1|143|143|287
,1|144|143|288
,1|144|144|289
,1|145|144|290
,1|145|145|291
,1|146|145|292
,1|146|146|293
,1|147|146|294
,1|147|147|295
,1|148|147|296
,1|148|148|297
,1|149|148|298
,1|149|149|299
,1|150|149|300
,1|150|150|301
,1|151|150|302
,1|151|151|303
,1|152|151|304
,1|152|152|305
,1|153|152|306
,1|153|153|307
,1|154|153|308
,1|154|154|309
,1|155|154|310
,1|155|155|311
,1|156|155|312
,1|156|156|313
,1|157|156|314
,1|157|157|315
,1|158|157|316
,1|158|158|317
,1|159|158|318
,1|159|159|319
,1|160|159|320
,1|160|160|321
,1|161|160|322
,1|161|161|323
,1|162|161|324
,1|162|162|325
,1|163|162|326
,1|163|163|327
,1|164|163|328
,1|164|164|329
,1|165|164|330
,1|165|165|331
,1|166|165|332
,1|166|166|333
,1|167|166|334
,1|167|167|335
,1|168|167|336
,1|168|168|337
,1|169|168|338
,1|169|169|339
,1|170|169|340
,1|170|170|341
,1|171|170|342
,1|171|171|343
,1|172|171|344
,1|172|172|345
,1|173|172|346
,1|173|173|347
,1|174|173|348
,1|174|174|349
,1|175|174|350
,1|175|175|351
,1|176|175|352
,1|176|176|353
,1|177|176|354
,1|177|177|355
,1|178|177|356
,1|178|178|357
,1|179|178|358
,1|179|179|359
,1|180|179|360
,1|180|180|361
,1|181|180|362
,1|181|181|363
,1|182|181|364
,1|182|182|365
,1|183|182|366
,1|183|183|367
,1|184|183|368
,1|184|184|369
,1|185|184|370
,1|185|185|371
,1|186|185|372
,1|186|186|373
,1|187|186|374
,1|187|187|375
,1|188|187|376
,1|188|188|377
,1|189|188|378
,1|189|189|379
,1|190|189|380
,1|190|190|381
,1|191|190|382
,1|191|191|383
,1|192|191|384
,1|192|192|385
,1|193|192|386
,1|193|193|387
,1|194|193|388
,1|194|194|389
,1|195|194|390
,1|195|195|391
,1|196|195|392
,1|196|196|393
,1|197|196|394
,1|197|197|395
,1|198|197|396
,1|198|198|397
,1|199|198|398
,1|199|199|399
,1|200|199|400
,1|200|200|401
,1|201|200|402
,1|201|201|403
,1|202|201|404
,1|202|202|405
,1|203|202|406
,1|203|203|407
,1|204|203|408
,1|204|204|409
,1|205|204|410
,1|205|205|411
,1|206|205|412
,1|206|206|413
,1|207|206|414
,1|208|206|415
,1|209|206|416
,1|209|207|417
,1|210|207|418
,1|210|208|419
,1|211|208|420
,1|211|209|421
,1|212|209|422
,1|212|210|423
,1|213|210|424
,1|213|211|425
,1|214|211|426
,1|214|212|427
,1|215|212|428
,1|215|213|429
,1|216|213|430
,1|216|214|431
,1|217|214|432
,1|217|215|433
,1|218|215|434
,1|218|216|435
,1|219|216|436
,1|219|217|437
,1|220|217|438
,1|220|218|439
,1|221|218|440
,1|221|219|441
,1|222|219|442
,1|222|220|443
,1|223|220|444
,1|223|221|445
,1|224|221|446
,1|224|222|447
,1|225|222|448
,1|225|223|449
,1|226|223|450
,1|226|224|451
,1|227|224|452
,1|227|225|453
,1|228|225|454
,1|228|226|455
,1|229|226|456
,1|229|227|457
,1|230|227|458
,1|230|228|459
,1|231|228|460
,1|231|229|461
,1|232|229|462
,1|232|230|463
,1|233|230|464
,1|233|231|465
,1|234|231|466
,1|234|232|467
,1|235|232|468
,1|235|233|469
,1|236|233|470
,1|236|234|471
,1|237|234|472
,1|237|235|473
,1|238|235|474
,1|238|236|475
,1|239|236|476
,1|239|237|477
,1|240|237|478
,1|240|238|479
,1|241|238|480
,1|241|239|481
,1|242|239|482
,1|242|240|483
,1|243|240|484
,1|243|241|485
,1|244|241|486
,1|244|242|487
,1|245|242|488
,1|245|243|489
,1|246|243|490
,1|246|244|491
,1|247|244|492
,1|247|245|493
,1|248|245|494
,1|248|246|495
,1|249|246|496
,1|249|247|497
,1|250|247|498
,1|250|248|499
,1|251|248|500
,1|251|249|501
,1|252|249|502
,1|252|250|503
,1|253|250|504
,1|253|251|505
,1|254|251|506
,1|254|252|507
,1|255|252|508
,1|255|253|509
,1|256|253|510
,1|256|254|511
,1|257|254|512
,1|257|255|513
,1|258|255|514
,1|258|256|515
,1|259|256|516
,1|259|257|517
,1|260|257|518
,1|260|258|519
,1|261|258|520
,1|261|259|521
,1|262|259|522
,1|262|260|523
,1|263|260|524
,1|263|261|525
,1|264|261|526
,1|264|262|527
,1|265|262|528
,1|265|263|529
,1|266|263|530
,1|266|264|531
,1|267|264|532
,1|267|265|533
,1|268|265|534
,1|268|266|535
,1|269|266|536
,1|269|267|537
,1|270|267|538
,1|270|268|539
,1|271|268|540
,1|271|269|541
,1|272|269|542
,1|272|270|543
,1|273|270|544
,1|273|271|545
,1|274|271|546
,1|274|272|547
,1|275|272|548
,1|275|273|549
,1|276|273|550
,1|276|274|551
,1|277|274|552
,1|277|275|553
,1|278|275|554
,1|279|275|555
,1|280|275|556
,1|280|276|557
,1|281|276|558
,1|281|277|559
,1|282|277|560
,1|282|278|561
,1|283|278|562
,1|283|279|563
,1|284|279|564
,1|284|280|565
,1|285|280|566
,1|285|281|567
,1|286|281|568
,1|286|282|569
,1|287|282|570
,1|287|283|571
,1|288|283|572
,1|288|284|573
,1|289|284|574
,1|289|285|575
,1|290|285|576
,1|290|286|577
,1|291|286|578
,1|291|287|579
,1|292|287|580
,1|292|288|581
,1|293|288|582
,1|293|289|583
,1|294|289|584
,1|294|290|585
,1|295|290|586
,1|295|291|587
,1|296|291|588
,1|296|292|589
,1|297|292|590
,1|297|293|591
,1|298|293|592
,1|298|294|593
,1|299|294|594
,1|299|295|595
,1|300|295|596
,1|300|296|597
,1|301|296|598
,1|301|297|599
,1|302|297|600
,1|302|298|601
,1|303|298|602
,1|303|299|603
,1|304|299|604
,1|304|300|605
,1|305|300|606
,1|305|301|607
,1|306|301|608
,1|306|302|609
,1|307|302|610
,1|307|303|611
,1|308|303|612
,1|308|304|613
,1|309|304|614
,1|309|305|615
,1|310|305|616
,1|310|306|617
,1|311|306|618
,1|311|307|619
,1|312|307|620
,1|312|308|621
,1|313|308|622
,1|313|309|623
,1|314|309|624
,1|314|310|625
,1|315|310|626
,1|315|311|627
,1|316|311|628
,1|316|312|629
,1|317|312|630
,1|317|313|631
,1|318|313|632
,1|318|314|633
,1|319|314|634
,1|319|315|635
,1|320|315|636
,1|320|316|637
,1|321|316|638
,1|321|317|639
,1|322|317|640
,1|322|318|641
,1|323|318|642
,1|323|319|643
,1|324|319|644
,1|324|320|645
,1|325|320|646
,1|325|321|647
,1|326|321|648
,1|326|322|649
,1|327|322|650
,1|327|323|651
,1|328|323|652
,1|328|324|653
,1|329|324|654
,1|329|325|655
,1|330|325|656
,1|330|326|657
,1|331|326|658
,1|331|327|659
,1|332|327|660
,1|332|328|661
,1|333|328|662
,1|333|329|663
,1|334|329|664
,1|334|330|665
,1|335|330|666
,1|335|331|667
,1|336|331|668
,1|336|332|669
,1|337|332|670
,1|337|333|671
,1|338|333|672
,1|338|334|673
,1|339|334|674
,1|339|335|675
,1|340|335|676
,1|340|336|677
,1|341|336|678
,1|341|337|679
,1|342|337|680
,1|342|338|681
,1|343|338|682
,1|343|339|683
,1|344|339|684
,1|344|340|685
,1|345|340|686
,1|345|341|687
,1|346|341|688
,1|346|342|689
,1|347|342|690
,1|347|343|691
,1|348|343|692
,1|348|344|693
,1|349|344|694
,1|349|345|695
,1|350|345|696
,1|350|346|697
,1|351|346|698
,1|351|347|699
,1|352|347|700
,1|352|348|701
,1|353|348|702
,1|353|349|703
,1|354|349|704
,1|354|350|705
,1|355|350|706
,1|355|351|707
,1|356|351|708
,1|356|352|709
,1|357|352|710
,1|357|353|711
,1|358|353|712
,1|358|354|713
,1|359|354|714
,1|359|355|715
,1|360|355|716
,1|360|356|717
,1|361|356|718
,1|361|357|719
,1|362|357|720
,1|362|358|721
,1|363|358|722
,1|363|359|723
,1|364|359|724
,1|364|360|725
,1|365|360|726
,1|365|361|727
,1|366|361|728
,1|366|362|729
,1|367|362|730
,1|367|363|731
,1|368|363|732
,1|368|364|733
,1|369|364|734
,1|369|365|735
,1|370|365|736
,1|370|366|737
,1|371|366|738
,1|371|367|739
,1|372|367|740
,1|372|368|741
,1|373|368|742
,1|373|369|743
,1|374|369|744
,1|374|370|745
,1|375|370|746
,1|375|371|747
,1|376|371|748
,1|376|372|749
,1|377|372|750
,1|377|373|751
,1|378|373|752
,1|378|374|753
,1|379|374|754
,1|379|375|755
,1|380|375|756
,1|380|376|757
,1|381|376|758
,1|381|377|759
,1|382|377|760
,1|382|378|761
,1|383|378|762
,1|383|379|763
,1|384|379|764
,1|384|380|765
,1|385|380|766
,1|385|381|767
,1|386|381|768
,1|386|382|769
,1|387|382|770
,1|387|383|771
,1|388|383|772
,1|388|384|773
,1|389|384|774
,1|389|385|775
,1|390|385|776
,1|390|386|777
,1|391|386|778
,1|391|387|779
,1|392|387|780
,1|392|388|781
,1|393|388|782
,1|393|389|783
,1|394|389|784
,1|394|390|785
,1|395|390|786
,1|395|391|787
,1|396|391|788
,1|396|392|789
,1|397|392|790
,1|397|393|791
,1|398|393|792
,1|398|394|793
,1|399|394|794
,1|399|395|795
,1|400|395|796
,1|400|396|797
,1|401|396|798
,1|401|397|799
,1|402|397|800
,1|402|398|801
,1|403|398|802
,1|403|399|803
,1|404|399|804
,1|404|400|805
,1|405|400|806
,1|405|401|807
,1|406|401|808
,1|406|402|809
,1|407|402|810
,1|407|403|811
,1|408|403|812
,1|408|404|813
,1|409|404|814
,1|409|405|815
,1|410|405|816
,1|410|406|817
,2|410|406|818
,2|410|407|819
,2|411|407|820
,2|411|408|821
,2|412|408|822
,2|412|409|823
,2|413|409|824
,2|413|410|825
,2|414|410|826
,2|414|411|827
,2|415|411|828
,2|415|412|829
,2|416|412|830
,2|416|413|831
,2|417|413|832
,2|417|414|833
,2|418|414|834
,2|418|415|835
,2|419|415|836
,2|419|416|837
,2|420|416|838
,2|420|417|839
,2|421|417|840
,2|421|418|841
,2|422|418|842
,2|422|419|843
,2|423|419|844
,2|423|420|845
,2|424|420|846
,2|424|421|847
,2|425|421|848
,2|425|422|849
,2|426|422|850
,2|426|423|851
,2|427|423|852
,2|427|424|853
,2|428|424|854
,2|428|425|855
,2|429|425|856
,2|429|426|857
,2|430|426|858
,2|430|427|859
,2|431|427|860
,2|431|428|861
,2|432|428|862
,2|432|429|863
,2|433|429|864
,2|433|430|865
,2|434|430|866
,2|434|431|867
,2|435|431|868
,2|435|432|869
,2|436|432|870
,2|436|433|871
,2|437|433|872
,2|437|434|873
,2|438|434|874
,2|438|435|875
,2|439|435|876
,2|439|436|877
,2|440|436|878
,2|440|437|879
,2|441|437|880
,2|441|438|881
,2|442|438|882
,2|442|439|883
,2|443|439|884
,2|443|440|885
,2|444|440|886
,2|444|441|887
,2|445|441|888
,2|445|442|889
,2|446|442|890
,2|446|443|891
,2|447|443|892
,2|447|444|893
,2|448|444|894
,2|448|445|895
,2|449|445|896
,2|449|446|897
,2|450|446|898
,2|450|447|899
,2|451|447|900
,2|451|448|901
,2|452|448|902
,2|452|449|903
,2|453|449|904
,2|453|450|905
,2|454|450|906
,2|454|451|907
,2|455|451|908
,2|455|452|909
,2|456|452|910
,2|456|453|911
,2|457|453|912
,2|457|454|913
,2|458|454|914
,2|458|455|915
,2|459|455|916
,2|459|456|917
,2|460|456|918
,2|460|457|919
,2|461|457|920
,2|461|458|921
,2|462|458|922
,2|462|459|923
,2|463|459|924
,2|463|460|925
,2|464|460|926
,2|464|461|927
,2|465|461|928
,2|465|462|929
,2|466|462|930
,2|466|463|931
,2|467|463|932
,2|467|464|933
,2|468|464|934
,2|468|465|935
,2|469|465|936
,2|469|466|937
,2|470|466|938
,2|470|467|939
,2|471|467|940
,2|471|468|941
,2|472|468|942
,2|472|469|943
,2|473|469|944
,2|473|470|945
,2|474|470|946
,2|474|471|947
,2|475|471|948
,2|475|472|949
,2|476|472|950
,2|476|473|951
,2|477|473|952
,2|477|474|953
,2|478|474|954
,2|478|475|955
,2|479|475|956
,2|479|476|957
,2|480|476|958
,2|480|477|959
,2|481|477|960
,2|481|478|961
,2|482|478|962
,2|482|479|963
,2|483|479|964
,2|483|480|965
,2|484|480|966
,2|484|481|967
,2|485|481|968
,2|485|482|969
,2|486|482|970
,2|486|483|971
,2|487|483|972
,2|487|484|973
,2|488|484|974
,2|488|485|975
,2|489|485|976
,2|490|485|977
,2|491|485|978
,2|491|486|979
,2|492|486|980
,2|492|487|981
,2|493|487|982
,2|493|488|983
,2|494|488|984
,2|494|489|985
,2|495|489|986
,2|495|490|987
,2|496|490|988
,2|496|491|989
,2|497|491|990
,2|497|492|991
,2|498|492|992
,2|498|493|993
,2|499|493|994
,2|499|494|995
,2|500|494|996
,2|500|495|997
,2|501|495|998
,2|501|496|999
,2|502|496|1000
,2|502|497|1001
,2|503|497|1002
,2|503|498|1003
,2|504|498|1004
,2|504|499|1005
,2|505|499|1006
,2|505|500|1007
,2|506|500|1008
,2|506|501|1009
,2|507|501|1010
,2|507|502|1011
,2|508|502|1012
,2|508|503|1013
,2|509|503|1014
,2|509|504|1015
,2|510|504|1016
,2|510|505|1017
,2|511|505|1018
,2|511|506|1019
,2|512|506|1020
,2|512|507|1021
,2|513|507|1022
,2|513|508|1023
,2|514|508|1024
,2|514|509|1025
,2|515|509|1026
,2|515|510|1027
,2|516|510|1028
,2|516|511|1029
,2|517|511|1030
,2|517|512|1031
,2|518|512|1032
,2|518|513|1033
,2|519|513|1034
,2|519|514|1035
,2|520|514|1036
,2|520|515|1037
,2|521|515|1038
,2|521|516|1039
,2|522|516|1040
,2|522|517|1041
,2|523|517|1042
,2|523|518|1043
,2|524|518|1044
,2|524|519|1045
,2|525|519|1046
,2|525|520|1047
,2|526|520|1048
,2|526|521|1049
,2|527|521|1050
,2|527|522|1051
,2|528|522|1052
,2|528|523|1053
,2|529|523|1054
,2|529|524|1055
,2|530|524|1056
,2|530|525|1057
,2|531|525|1058
,2|531|526|1059
,2|532|526|1060
,2|532|527|1061
,2|533|527|1062
,2|533|528|1063
,2|534|528|1064
,2|534|529|1065
,2|535|529|1066
,2|535|530|1067
,2|536|530|1068
,2|536|531|1069
,2|537|531|1070
,2|537|532|1071
,2|538|532|1072
,2|538|533|1073
,2|539|533|1074
,2|539|534|1075
,2|540|534|1076
,2|540|535|1077
,2|541|535|1078
,2|541|536|1079
,2|542|536|1080
,2|542|537|1081
,2|543|537|1082
,2|543|538|1083
,2|544|538|1084
,2|544|539|1085
,2|545|539|1086
,2|545|540|1087
,2|546|540|1088
,2|546|541|1089
,2|547|541|1090
,2|547|542|1091
,2|548|542|1092
,2|548|543|1093
,2|549|543|1094
,2|549|544|1095
,2|550|544|1096
,2|550|545|1097
,2|551|545|1098
,2|551|546|1099
,2|552|546|1100
,2|552|547|1101
,2|553|547|1102
,2|553|548|1103
,2|554|548|1104
,2|554|549|1105
,2|555|549|1106
,2|555|550|1107
,2|556|550|1108
,2|556|551|1109
,2|557|551|1110
,2|558|551|1111
,2|559|551|1112
,2|559|552|1113
,2|560|552|1114
,2|560|553|1115
,2|561|553|1116
,2|561|554|1117
,2|562|554|1118
,2|562|555|1119
,2|563|555|1120
,2|564|555|1121
,2|565|555|1122
,2|565|556|1123
,2|566|556|1124
,2|566|557|1125
,2|567|557|1126
,2|567|558|1127
,2|568|558|1128
,2|568|559|1129
,2|569|559|1130
,2|569|560|1131
,2|570|560|1132
,2|570|561|1133
,2|571|561|1134
,2|571|562|1135
,2|572|562|1136
,2|572|563|1137
,2|573|563|1138
,2|573|564|1139
,2|574|564|1140
,2|574|565|1141
,2|575|565|1142
,2|575|566|1143
,2|576|566|1144
,2|576|567|1145
,2|577|567|1146
,2|577|568|1147
,2|578|568|1148
,2|578|569|1149
,2|579|569|1150
,2|579|570|1151
,2|580|570|1152
,2|580|571|1153
,2|581|571|1154
,2|581|572|1155
,2|582|572|1156
,2|582|573|1157
,2|583|573|1158
,2|583|574|1159
,2|584|574|1160
,2|584|575|1161
,2|585|575|1162
,2|585|576|1163
,2|586|576|1164
,2|586|577|1165
,2|587|577|1166
,2|587|578|1167
,2|588|578|1168
,2|589|579|1170
,2|590|579|1171
,2|590|580|1172
,2|591|580|1173
,2|591|581|1174
,2|592|581|1175
,2|592|582|1176
,2|593|582|1177
,2|593|583|1178
,2|594|583|1179
,2|594|584|1180
,2|595|584|1181
,2|595|585|1182
,2|596|585|1183
,2|596|586|1184
,2|597|586|1185
,2|597|587|1186
,2|598|587|1187
,2|598|588|1188
,2|599|588|1189
,2|599|589|1190
,2|600|589|1191
,2|600|590|1192
,2|601|590|1193
,2|601|591|1194
,2|602|591|1195
,2|602|592|1196
,2|603|592|1197
,2|603|593|1198
,2|604|593|1199
,2|604|594|1200
,2|605|594|1201
,2|605|595|1202
,2|606|595|1203
,2|606|596|1204
,2|607|596|1205
,2|607|597|1206
,2|608|597|1207
,2|608|598|1208
,2|609|598|1209
,2|609|599|1210
,2|610|599|1211
,2|610|600|1212
,2|611|600|1213
,2|611|601|1214
,2|612|601|1215
,2|612|602|1216
,2|613|602|1217
,2|613|603|1218
,2|614|603|1219
,2|614|604|1220
,2|615|604|1221
,2|615|605|1222
,2|616|605|1223
,2|616|606|1224
,2|617|606|1225
,2|617|607|1226
,2|618|607|1227
,2|618|608|1228
,2|619|608|1229
,2|619|609|1230
,2|620|609|1231
,2|620|610|1232
,2|621|610|1233
,2|621|611|1234
,2|622|611|1235
,2|622|612|1236
,2|623|612|1237
,2|623|613|1238
,2|624|613|1239
,2|624|614|1240
,2|625|614|1241
,2|625|615|1242
,2|626|615|1243
,2|626|616|1244
,2|627|616|1245
,2|627|617|1246
,2|628|617|1247
,2|628|618|1248
,2|629|618|1249
,2|629|619|1250
,2|630|619|1251
,2|630|620|1252
,2|631|620|1253
,2|631|621|1254
,2|632|621|1255
,2|632|622|1256
,2|633|622|1257
,2|633|623|1258
,2|634|623|1259
,2|634|624|1260
,2|635|624|1261
,2|635|625|1262
,2|636|625|1263
,2|636|626|1264
,2|637|626|1265
,2|637|627|1266
,2|638|627|1267
,2|638|628|1268
,2|639|628|1269
,2|639|629|1270
,2|640|629|1271
,2|640|630|1272
,2|641|630|1273
,2|641|631|1274
,2|642|631|1275
,2|642|632|1276
,2|643|632|1277
,2|643|633|1278
,2|644|633|1279
,2|644|634|1280
,2|645|634|1281
,2|645|635|1282
,2|646|635|1283
,2|646|636|1284
,2|647|636|1285
,2|647|637|1286
,2|648|637|1287
,2|648|638|1288
,2|649|638|1289
,2|649|639|1290
,2|650|639|1291
,2|650|640|1292
,2|651|640|1293
,2|651|641|1294
,2|652|641|1295
,2|652|642|1296
,2|653|642|1297
,2|653|643|1298
,2|654|643|1299
,2|654|644|1300
,2|655|644|1301
,2|655|645|1302
,2|656|645|1303
,2|656|646|1304
,2|657|646|1305
,2|657|647|1306
,2|658|647|1307
,2|658|648|1308
,2|659|648|1309
,2|659|649|1310
,2|660|649|1311
,2|660|650|1312
,2|661|650|1313
,2|661|651|1314
,2|662|651|1315
,2|662|652|1316
,2|663|652|1317
,2|663|653|1318
,2|664|653|1319
,2|664|654|1320
,2|665|654|1321
,2|665|655|1322
,2|666|655|1323
,2|666|656|1324
,2|667|656|1325
,2|667|657|1326
,2|668|657|1327
,2|668|658|1328
,2|669|658|1329
,2|669|659|1330
,2|670|659|1331
,2|670|660|1332
,2|671|660|1333
,2|671|661|1334
,2|672|661|1335
,2|672|662|1336
,2|673|662|1337
,2|673|663|1338
,2|674|663|1339
,2|674|664|1340
,2|675|664|1341
,2|675|665|1342
,2|676|665|1343
,2|676|666|1344
,2|677|666|1345
,2|677|667|1346
,2|678|667|1347
,2|678|668|1348
,2|679|668|1349
,2|679|669|1350
,2|680|669|1351
,2|680|670|1352
,2|681|670|1353
,2|681|671|1354
,2|682|671|1355
,2|682|672|1356
,2|683|672|1357
,2|683|673|1358
,2|684|673|1359
,2|684|674|1360
,2|685|674|1361
,2|685|675|1362
,2|686|675|1363
,2|686|676|1364
,2|687|676|1365
,2|687|677|1366
,2|688|677|1367
,2|688|678|1368
,2|689|678|1369
,2|689|679|1370
,2|690|679|1371
,2|690|680|1372
,2|691|680|1373
,2|691|681|1374
,2|692|681|1375
,2|692|682|1376
,2|693|682|1377
,2|693|683|1378
,2|694|683|1379
,2|694|684|1380
,2|695|684|1381
,2|695|685|1382
,2|696|685|1383
,2|696|686|1384
,2|697|686|1385
,2|697|687|1386
,2|698|687|1387
,2|698|688|1388
,2|699|688|1389
,2|699|689|1390
,2|700|689|1391
,2|700|690|1392
,2|701|690|1393
,2|701|691|1394
,2|702|691|1395
,2|702|692|1396
,2|703|692|1397
,2|703|693|1398
,2|704|693|1399
,2|704|694|1400
,2|705|694|1401
,2|705|695|1402
,2|706|695|1403
,2|706|696|1404
,2|707|696|1405
,2|707|697|1406
,2|708|697|1407
,2|708|698|1408
,2|709|698|1409
,2|709|699|1410
,2|710|699|1411
,2|710|700|1412
,2|711|700|1413
,2|711|701|1414
,2|712|701|1415
,2|712|702|1416
,2|713|702|1417
,2|713|703|1418
,2|714|703|1419
,2|714|704|1420
,2|715|704|1421
,2|715|705|1422
,2|716|705|1423
,2|716|706|1424
,2|717|706|1425
,2|717|707|1426
,2|718|707|1427
,2|718|708|1428
,2|719|708|1429
,2|719|709|1430
,2|720|709|1431
,2|720|710|1432
,2|721|710|1433
,2|721|711|1434
,2|722|711|1435
,2|722|712|1436
,2|723|712|1437
,2|723|713|1438
,2|724|713|1439
,2|724|714|1440
,2|725|714|1441
,2|725|715|1442
,2|726|715|1443
,2|726|716|1444
,2|727|716|1445
,2|727|717|1446
,2|728|717|1447
,2|728|718|1448
,2|729|718|1449
,2|729|719|1450
,2|730|719|1451
,2|730|720|1452
,2|731|720|1453
,2|731|721|1454
,2|732|721|1455
,2|732|722|1456
,2|733|722|1457
,2|733|723|1458
,2|734|723|1459
,2|734|724|1460
,2|735|724|1461
,2|735|725|1462
,2|736|725|1463
,2|736|726|1464
,2|737|726|1465
,2|737|727|1466
,2|738|727|1467
,2|738|728|1468
,2|739|728|1469
,2|739|729|1470
,2|740|729|1471
,2|740|730|1472
,2|741|730|1473
,2|741|731|1474
,2|742|731|1475
,2|742|732|1476
,2|743|732|1477
,2|743|733|1478
,2|744|733|1479
,2|744|734|1480
,2|745|734|1481
,2|745|735|1482
,2|746|735|1483
,2|746|736|1484
,2|747|736|1485
,2|747|737|1486
,2|748|737|1487
,2|748|738|1488
,2|749|738|1489
,2|749|739|1490
,2|750|739|1491
,2|750|740|1492
,2|751|740|1493
,2|751|741|1494
,2|752|741|1495
,2|752|742|1496
,2|753|742|1497
,2|753|743|1498
,2|754|743|1499
,2|754|744|1500
,2|755|744|1501
,2|755|745|1502
,2|756|745|1503
,2|756|746|1504
,2|757|746|1505
,2|757|747|1506
,2|758|747|1507
,2|758|748|1508
,2|759|748|1509
,2|759|749|1510
,2|760|749|1511
,2|760|750|1512
,2|761|750|1513
,2|761|751|1514
,2|762|751|1515
,2|762|752|1516
,2|763|752|1517
,2|763|753|1518
,2|764|753|1519
,2|764|754|1520
,2|765|754|1521
,2|765|755|1522
,2|766|755|1523
,2|766|756|1524
,2|767|756|1525
,2|767|757|1526
,2|768|757|1527
,2|768|758|1528
,2|769|758|1529
,2|769|759|1530
,2|770|759|1531
,2|770|760|1532
,2|771|760|1533
,2|771|761|1534
,2|772|761|1535
,2|772|762|1536
,2|773|762|1537
,2|773|763|1538
,2|774|763|1539
,2|774|764|1540
,2|775|764|1541
,2|775|765|1542
,2|776|765|1543
,2|776|766|1544
,2|777|766|1545
,2|777|767|1546
,2|778|767|1547
,2|778|768|1548
,2|779|768|1549
,2|779|769|1550
,2|780|769|1551
,2|780|770|1552
,2|781|770|1553
,2|781|771|1554
,2|782|771|1555
,2|782|772|1556
,2|783|772|1557
,2|783|773|1558
,2|784|773|1559
,2|784|774|1560
,2|785|774|1561
,2|785|775|1562
,2|786|775|1563
,2|786|776|1564
,2|787|776|1565
,2|787|777|1566
,2|788|777|1567
,2|788|778|1568
,2|789|778|1569
,2|789|779|1570
,2|790|779|1571
,2|790|780|1572
,2|791|780|1573
,2|791|781|1574
,2|792|781|1575
,2|792|782|1576
,2|793|782|1577
,2|793|783|1578
,2|794|783|1579
,2|794|784|1580
,2|795|784|1581
,2|795|785|1582
,2|796|785|1583
,2|796|786|1584
,2|797|786|1585
,2|797|787|1586
,2|798|787|1587
,2|798|788|1588
,2|799|788|1589
,2|799|789|1590
,2|800|789|1591
,2|800|790|1592
,2|801|790|1593
,2|801|791|1594
,2|802|791|1595
,2|802|792|1596
,2|803|792|1597
,2|803|793|1598
,2|804|793|1599
,2|804|794|1600
,2|805|794|1601
,2|805|795|1602
,2|806|795|1603
,2|806|796|1604
,2|807|796|1605
,2|807|797|1606
,2|808|797|1607
,2|808|798|1608
,2|809|798|1609
,2|809|799|1610
,2|810|799|1611
,2|810|800|1612
,2|811|800|1613
,2|811|801|1614
,2|812|801|1615
,2|812|802|1616
,2|813|802|1617
,2|813|803|1618
,2|814|803|1619
,2|814|804|1620
,2|815|804|1621
,2|815|805|1622
,2|816|805|1623
,2|816|806|1624
,2|817|806|1625
,2|817|807|1626
,2|818|807|1627
,2|818|808|1628
,2|819|808|1629
,2|819|809|1630
,2|820|809|1631
,2|820|810|1632
,2|821|810|1633
,2|821|811|1634
,2|822|811|1635
,2|822|812|1636
,2|823|812|1637
,2|823|813|1638
,2|824|813|1639
,2|824|814|1640
,2|825|814|1641
,2|825|815|1642
,2|826|815|1643
,2|826|816|1644
,2|827|816|1645
,2|827|817|1646
,2|828|817|1647
,2|828|818|1648
,2|829|818|1649
,2|829|819|1650
,2|830|819|1651
,2|830|820|1652
,2|831|820|1653
,2|831|821|1654
,2|832|821|1655
,2|832|822|1656
,2|833|822|1657
,2|833|823|1658
,2|834|823|1659
,2|834|824|1660
,2|835|824|1661
,2|835|825|1662
,2|836|825|1663
,2|836|826|1664
,2|837|826|1665
,2|837|827|1666
,2|838|827|1667
,2|838|828|1668
,2|839|828|1669
,2|839|829|1670
,2|840|829|1671
,2|840|830|1672
,2|841|830|1673
,2|841|831|1674
,2|842|831|1675
,2|842|832|1676
,2|843|832|1677
,2|843|833|1678
,2|844|833|1679
,2|844|834|1680
,2|845|834|1681
,2|845|835|1682
,2|846|835|1683
,2|846|836|1684
,2|847|836|1685
,2|847|837|1686
,2|848|837|1687
,2|848|838|1688
,2|849|838|1689
,2|849|839|1690
,2|850|839|1691
,2|850|840|1692
,2|851|840|1693
,2|851|841|1694
,2|852|841|1695
,2|852|842|1696
,2|853|842|1697
,2|853|843|1698
,2|854|843|1699
,2|854|844|1700
,2|855|844|1701
,2|855|845|1702
,2|856|845|1703
,2|856|846|1704
,2|857|846|1705
,2|857|847|1706
,2|858|847|1707
,2|858|848|1708
,2|859|848|1709
,2|859|849|1710
,2|860|849|1711
,2|860|850|1712
,2|861|850|1713
,2|861|851|1714
,2|862|851|1715
,2|862|852|1716
,2|863|852|1717
,2|863|853|1718
,2|864|853|1719
,2|864|854|1720
,2|865|854|1721
,2|865|855|1722
,2|866|855|1723
,2|866|856|1724
,2|867|856|1725
,2|867|857|1726
,2|868|857|1727
,2|868|858|1728
,2|869|858|1729
,2|869|859|1730
,2|870|859|1731
,2|870|860|1732
,2|871|860|1733
,2|871|861|1734
,2|872|861|1735
,2|872|862|1736
,2|873|862|1737
,2|873|863|1738
,2|874|863|1739
,2|874|864|1740
,2|875|864|1741
,2|875|865|1742
,2|876|865|1743
,2|876|866|1744
,2|877|866|1745
,2|877|867|1746
,2|878|867|1747
,2|878|868|1748
,2|879|868|1749
,2|879|869|1750
,2|880|869|1751
,2|880|870|1752
,2|881|870|1753
,2|881|871|1754
,2|882|871|1755
,2|882|872|1756
,2|883|872|1757
,2|883|873|1758
,2|884|873|1759
,2|884|874|1760
,2|885|874|1761
,2|885|875|1762
,2|886|875|1763
,2|886|876|1764
,2|887|876|1765
,2|887|877|1766
,2|888|877|1767
,2|888|878|1768
,2|889|878|1769
,2|889|879|1770
,2|890|879|1771
,2|890|880|1772
,2|891|880|1773
,2|891|881|1774
,2|892|881|1775
,2|892|882|1776
,2|893|882|1777
,2|893|883|1778
,2|894|883|1779
,2|894|884|1780
,2|895|884|1781
,2|895|885|1782
,2|896|885|1783
,2|896|886|1784
,2|897|886|1785
,2|897|887|1786
,2|898|887|1787
,2|898|888|1788
,2|899|888|1789
,2|899|889|1790
,2|900|889|1791
,2|900|890|1792
,2|901|890|1793
,2|901|891|1794
,2|902|891|1795
,2|902|892|1796
,2|903|892|1797
,2|903|893|1798
,2|904|893|1799
,2|904|894|1800
,2|905|894|1801
,2|905|895|1802
,2|906|895|1803
,2|906|896|1804
,2|907|896|1805
,2|907|897|1806
,2|908|897|1807
,2|908|898|1808
,2|909|898|1809
,2|909|899|1810
,2|910|899|1811
,2|910|900|1812
,2|911|900|1813
,2|911|901|1814
,2|912|901|1815
,2|912|902|1816
,2|913|902|1817
,2|913|903|1818
,2|914|903|1819
,2|914|904|1820
,2|915|904|1821
,2|915|905|1822
,2|916|905|1823
,2|916|906|1824
,2|917|906|1825
,2|917|907|1826
,2|918|907|1827
,2|918|908|1828
,2|919|908|1829
,2|919|909|1830
,2|920|909|1831
,2|920|910|1832
,2|921|910|1833
,2|921|911|1834
,2|922|911|1835
,2|922|912|1836
,2|923|912|1837
,2|923|913|1838
,2|924|913|1839
,2|924|914|1840
,2|925|914|1841
,2|925|915|1842
,2|926|915|1843
,2|926|916|1844
,2|927|916|1845
,2|927|917|1846
,2|928|917|1847
,2|928|918|1848
,2|929|918|1849
,2|929|919|1850
,2|930|919|1851
,2|930|920|1852
,2|931|920|1853
,2|931|921|1854
,2|932|921|1855
,2|932|922|1856
,2|933|922|1857
,2|933|923|1858
,2|934|923|1859
,2|934|924|1860
,2|935|924|1861
,2|935|925|1862
,2|936|925|1863
,2|936|926|1864
,2|937|926|1865
,2|937|927|1866
,2|938|927|1867
,2|938|928|1868
,2|939|928|1869
,2|939|929|1870
,2|940|929|1871
,2|940|930|1872
,2|941|930|1873
,2|941|931|1874
,2|942|931|1875
,2|942|932|1876
,2|943|932|1877
,2|943|933|1878
,2|944|933|1879
,2|944|934|1880
,2|945|934|1881
,2|945|935|1882
,2|946|935|1883
,2|946|936|1884
,2|947|936|1885
,2|947|937|1886
,2|948|937|1887
,2|948|938|1888
,2|949|938|1889
,2|949|939|1890
,2|950|939|1891
,2|950|940|1892
,2|951|940|1893
,2|951|941|1894
,2|952|941|1895
,2|952|942|1896
,2|953|942|1897
,2|953|943|1898
,2|954|943|1899
,2|954|944|1900
,2|955|944|1901
,2|955|945|1902
,2|956|945|1903
,2|956|946|1904
,2|957|946|1905
,2|957|947|1906
,2|958|947|1907
,2|958|948|1908
,2|959|948|1909
,2|959|949|1910
,2|960|949|1911
,2|960|950|1912
,2|961|950|1913
,2|961|951|1914
,2|962|951|1915
,2|962|952|1916
,2|963|952|1917
,2|963|953|1918
,2|964|953|1919
,2|964|954|1920
,2|965|954|1921
,2|965|955|1922
,2|966|955|1923
,2|966|956|1924
,2|967|956|1925
,2|967|957|1926
,2|968|957|1927
,2|968|958|1928
,2|969|958|1929
,2|969|959|1930
,2|970|959|1931
,2|970|960|1932
,2|971|960|1933
,2|971|961|1934
,2|972|961|1935
,2|972|962|1936
,2|973|962|1937
,2|973|963|1938
,2|974|963|1939
,2|974|964|1940
,2|975|964|1941
,2|975|965|1942
,2|976|965|1943
,2|976|966|1944
,2|977|966|1945
,2|977|967|1946
,2|978|967|1947
,2|978|968|1948
,2|979|968|1949
,2|979|969|1950
,2|980|969|1951
,2|980|970|1952
,2|981|970|1953
,2|981|971|1954
,2|982|971|1955
,2|982|972|1956
,2|983|972|1957
,2|983|973|1958
,2|984|973|1959
,2|984|974|1960
,2|985|974|1961
,2|985|975|1962
,2|986|975|1963
,2|986|976|1964
,2|987|976|1965
,2|987|977|1966
,2|988|977|1967
,2|988|978|1968
,2|989|978|1969
,2|989|979|1970
,2|990|979|1971
,2|990|980|1972
,2|991|980|1973
,2|991|981|1974
,2|992|981|1975
,2|992|982|1976
,2|993|982|1977
,2|993|983|1978
,2|994|983|1979
,2|994|984|1980
,2|995|984|1981
,2|995|985|1982
,2|996|985|1983
,2|996|986|1984
,2|997|986|1985
,2|997|987|1986
,2|998|987|1987
,2|998|988|1988
,2|999|988|1989
,2|999|989|1990
,2|1000|989|1991
,2|1000|990|1992
,2|1001|990|1993
,2|1001|991|1994
,2|1002|991|1995
,2|1002|992|1996
,2|1003|992|1997
,2|1003|993|1998
,2|1004|993|1999
,2|1004|994|2000
