total
,0|0|1|1
,0|0|2|2
,0|0|3|3
,0|0|4|4
,0|1|4|5
,0|2|4|6
,0|2|5|7
,0|3|5|8
,0|3|6|9
,0|4|6|10
,0|4|7|11
,0|5|7|12
,0|6|7|13
,0|6|8|14
,0|6|9|15
,0|7|9|16
,0|7|10|17
,0|8|10|18
,0|9|10|19
,1|9|10|20
,1|9|11|21
,1|9|12|22
,1|9|13|23
,1|10|13|24
,1|10|14|25
,1|11|14|26
,1|11|15|27
,1|12|15|28
,1|13|15|29
,1|13|16|30
,1|13|17|31
,1|14|17|32
,1|15|17|33
,1|16|17|34
,1|16|18|35
,1|17|18|36
,1|18|18|37
,2|18|18|38
,2|18|19|39
,2|19|19|40
,2|19|20|41
,2|19|21|42
,2|19|22|43
,2|20|22|44
,2|20|23|45
,2|21|23|46
,2|21|24|47
,2|22|24|48
,2|22|25|49
,2|23|25|50
,2|24|25|51
,2|24|26|52
,2|24|27|53
,2|25|27|54
,2|25|28|55
,2|26|28|56
,2|26|29|57
,2|26|30|58
,2|26|31|59
,2|26|32|60
,2|26|33|61
,2|27|33|62
,2|27|34|63
,2|28|34|64
,2|29|34|65
,2|30|34|66
,2|30|35|67
,2|31|35|68
,2|31|36|69
,2|32|36|70
,2|32|37|71
,2|33|37|72
,2|34|37|73
,2|34|38|74
,2|34|39|75
,2|34|40|76
,2|35|40|77
,2|35|41|78
,2|35|42|79
,2|36|42|80
,2|36|43|81
,2|37|43|82
,2|37|44|83
,2|38|44|84
,2|38|45|85
,2|39|45|86
,2|40|45|87
,3|40|45|88
,3|40|46|89
,3|41|46|90
,3|41|47|91
,3|42|47|92
,3|42|48|93
,3|43|48|94
,3|43|49|95
,3|44|49|96
,3|44|50|97
,3|45|50|98
,3|45|51|99
,3|46|51|100
,3|46|52|101
,3|47|52|102
,3|48|52|103
,3|49|52|104
,3|49|53|105
,3|50|53|106
,3|50|54|107
,3|51|54|108
,3|51|55|109
,3|52|55|110
,3|52|56|111
,3|53|56|112
,3|53|57|113
,3|54|57|114
,3|54|58|115
,3|55|58|116
,3|55|59|117
,3|56|59|118
,3|56|60|119
,3|57|60|120
,3|57|61|121
,3|58|61|122
,3|58|62|123
,3|59|62|124
,3|59|63|125
,3|60|63|126
,3|60|64|127
,3|61|64|128
,3|61|65|129
,3|62|65|130
,3|62|66|131
,3|63|66|132
,3|63|67|133
,3|64|67|134
,3|64|68|135
,3|65|68|136
,3|65|69|137
,3|66|69|138
,3|66|70|139
,3|67|70|140
,3|67|71|141
,3|68|71|142
,3|68|72|143
,3|68|73|144
,3|68|74|145
,3|69|74|146
,3|69|75|147
,3|70|75|148
,3|70|76|149
,3|71|76|150
,3|72|76|151
,3|73|76|152
,3|73|77|153
,3|74|77|154
,3|74|78|155
,3|75|78|156
,3|75|79|157
,3|76|79|158
,3|76|80|159
,3|77|80|160
,3|77|81|161
,3|78|81|162
,3|78|82|163
,3|79|82|164
,3|79|83|165
,3|80|83|166
,3|80|84|167
,3|81|84|168
,3|81|85|169
,3|82|85|170
,3|82|86|171
,3|83|86|172
,3|83|87|173
,3|84|87|174
,3|84|88|175
,3|85|88|176
,3|85|89|177
,3|86|89|178
,3|86|90|179
,3|87|90|180
,3|87|91|181
,3|88|91|182
,3|88|92|183
,3|89|92|184
,3|89|93|185
,3|90|93|186
,3|90|94|187
,3|91|94|188
,3|91|95|189
,3|92|95|190
,3|92|96|191
,3|93|96|192
,3|93|97|193
,3|94|97|194
,3|94|98|195
,3|95|98|196
,3|96|98|197
,3|97|98|198
,3|97|99|199
,3|98|99|200
,3|98|100|201
,3|99|100|202
,3|99|101|203
,4|99|101|204
,4|99|102|205
,4|100|102|206
,4|100|103|207
,4|101|103|208
,4|102|103|209
,4|103|103|210
,4|103|104|211
,4|104|104|212
,4|104|105|213
,4|105|105|214
,4|105|106|215
,4|106|106|216
,4|106|107|217
,4|107|107|218
,4|107|108|219
,4|108|108|220
,4|108|109|221
,4|109|109|222
,4|109|110|223
,4|110|110|224
,4|111|110|225
,5|111|110|226
,5|111|111|227
,5|112|111|228
,5|112|112|229
,6|112|112|230
,6|112|113|231
,6|113|113|232
,6|114|113|233
,6|114|114|234
,6|115|114|235
,6|115|115|236
,6|116|115|237
,6|116|116|238
,6|116|117|239
,6|116|118|240
,6|117|118|241
,6|117|119|242
,6|118|119|243
,6|118|120|244
,6|118|121|245
,6|118|122|246
,6|119|122|247
,6|119|123|248
,6|120|123|249
,6|120|124|250
,6|120|125|251
,6|120|126|252
,6|121|126|253
,6|121|127|254
,6|122|127|255
,6|122|128|256
,6|122|129|257
,6|122|130|258
,6|123|130|259
,6|123|131|260
,6|123|132|261
,6|123|133|262
,6|124|133|263
,6|124|134|264
,6|125|134|265
,6|125|135|266
,6|126|135|267
,6|126|136|268
,6|127|136|269
,6|127|137|270
,6|127|138|271
,6|128|138|272
,6|128|139|273
,6|129|139|274
,6|129|140|275
,6|130|140|276
,6|130|141|277
,6|131|141|278
,6|131|142|279
,6|132|142|280
,6|133|142|281
,6|134|142|282
,6|134|143|283
,6|135|143|284
,6|136|143|285
,6|137|143|286
,6|137|144|287
,6|138|144|288
,6|138|145|289
,6|139|145|290
,6|139|146|291
,6|140|146|292
,6|140|147|293
,6|141|147|294
,6|142|147|295
,6|143|147|296
,6|143|148|297
,6|144|148|298
,6|144|149|299
,6|145|149|300
,6|145|150|301
,6|146|150|302
,6|147|150|303
,6|148|150|304
,6|148|151|305
,6|149|151|306
,6|149|152|307
,6|150|152|308
,6|150|153|309
,6|151|153|310
,6|151|154|311
,6|152|154|312
,6|152|155|313
,6|153|155|314
,6|153|156|315
,6|154|156|316
,6|154|157|317
,6|155|157|318
,6|155|158|319
,6|155|159|320
,6|155|160|321
,6|156|160|322
,6|156|161|323
,6|157|161|324
,6|157|162|325
,6|157|163|326
,6|157|164|327
,6|158|164|328
,6|158|165|329
,6|159|165|330
,6|159|166|331
,6|160|166|332
,6|160|167|333
,6|161|167|334
,6|161|168|335
,6|162|168|336
,6|162|169|337
,6|163|169|338
,6|163|170|339
,6|164|170|340
,6|164|171|341
,6|165|171|342
,6|165|172|343
,6|166|172|344
,6|166|173|345
,6|167|173|346
,6|167|174|347
,7|167|174|348
,7|168|174|349
,7|169|174|350
,7|169|175|351
,7|170|175|352
,7|170|176|353
,7|171|176|354
,7|171|177|355
,7|172|177|356
,7|172|178|357
,7|173|178|358
,7|173|179|359
,7|174|179|360
,7|174|180|361
,7|175|180|362
,7|175|181|363
,7|176|181|364
,7|176|182|365
,7|177|182|366
,7|177|183|367
,7|178|183|368
,7|178|184|369
,7|179|184|370
,7|179|185|371
,7|180|185|372
,7|180|186|373
,7|181|186|374
,7|181|187|375
,7|182|187|376
,7|182|188|377
,8|182|188|378
,8|182|189|379
,9|182|189|380
,9|182|190|381
,9|183|190|382
,9|183|191|383
,9|184|191|384
,9|184|192|385
,9|184|193|386
,9|184|194|387
,9|184|195|388
,9|184|196|389
,9|184|197|390
,9|184|198|391
,9|184|199|392
,9|184|200|393
,9|184|201|394
,9|184|202|395
,9|184|203|396
,9|184|204|397
,9|184|205|398
,9|184|206|399
,9|184|207|400
,9|184|208|401
,9|184|209|402
,9|184|210|403
,9|184|211|404
,9|184|212|405
,9|184|213|406
,9|185|213|407
,9|185|214|408
,9|185|215|409
,9|185|216|410
,9|185|217|411
,9|185|218|412
,9|185|219|413
,9|185|220|414
,9|186|220|415
,9|186|221|416
,9|187|221|417
,9|187|222|418
,9|188|222|419
,9|188|223|420
,9|189|223|421
,9|189|224|422
,9|189|225|423
,9|190|225|424
,9|190|226|425
,9|191|226|426
,9|191|227|427
,9|192|227|428
,9|192|228|429
,9|193|228|430
,9|193|229|431
,9|194|229|432
,9|194|230|433
,9|195|230|434
,9|195|231|435
,9|196|231|436
,9|196|232|437
,9|197|232|438
,9|197|233|439
,9|198|233|440
,9|198|234|441
,9|199|234|442
,9|199|235|443
,9|200|235|444
,9|200|236|445
,9|201|236|446
,9|201|237|447
,9|202|237|448
,9|202|238|449
,9|203|238|450
,9|203|239|451
,9|204|239|452
,9|204|240|453
,9|205|240|454
,9|205|241|455
,9|206|241|456
,9|206|242|457
,9|207|242|458
,9|207|243|459
,9|208|243|460
,9|208|244|461
,9|208|245|462
,9|208|246|463
,9|209|246|464
,9|209|247|465
,9|210|247|466
,9|210|248|467
,9|211|248|468
,9|211|249|469
,9|212|249|470
,9|212|250|471
,9|212|251|472
,9|212|252|473
,9|213|252|474
,9|213|253|475
,9|214|253|476
,9|214|254|477
,9|215|254|478
,9|215|255|479
,9|216|255|480
,9|216|256|481
,9|217|256|482
,9|217|257|483
,9|218|257|484
,9|218|258|485
,9|218|259|486
,9|218|260|487
,9|219|260|488
,9|219|261|489
,9|220|261|490
,9|220|262|491
,9|221|262|492
,9|221|263|493
,9|222|263|494
,9|222|264|495
,9|223|264|496
,9|223|265|497
,9|224|265|498
,9|224|266|499
,9|225|266|500
,9|225|267|501
,10|225|267|502
,10|226|267|503
,10|227|267|504
,10|227|268|505
,10|228|268|506
,10|228|269|507
,10|229|269|508
,10|230|269|509
,10|231|269|510
,10|232|269|511
,10|233|269|512
,10|233|270|513
,10|234|270|514
,10|234|271|515
,10|235|271|516
,10|236|271|517
,10|237|271|518
,10|237|272|519
,10|238|272|520
,10|238|273|521
,10|239|273|522
,10|239|274|523
,10|240|274|524
,10|240|275|525
,10|241|275|526
,10|241|276|527
,10|242|276|528
,10|243|276|529
,10|244|276|530
,10|244|277|531
,11|244|277|532
,11|245|277|533
,11|246|277|534
,11|246|278|535
,11|247|278|536
,11|247|279|537
,11|248|279|538
,11|248|280|539
,11|248|281|540
,11|248|282|541
,11|248|283|542
,11|248|284|543
,11|248|285|544
,11|249|285|545
,11|250|285|546
,11|250|286|547
,11|250|287|548
,11|251|287|549
,11|252|287|550
,11|252|288|551
,11|253|288|552
,11|253|289|553
,11|253|290|554
,11|253|291|555
,11|253|292|556
,11|253|293|557
,11|253|294|558
,11|253|295|559
,11|253|296|560
,11|253|297|561
,11|253|298|562
,11|253|299|563
,11|253|300|564
,11|253|301|565
,11|253|302|566
,11|253|303|567
,11|253|304|568
,11|253|305|569
,11|253|306|570
,11|254|306|571
,11|254|307|572
,11|255|307|573
,11|255|308|574
,11|255|309|575
,11|256|309|576
,11|256|310|577
,11|257|310|578
,11|257|311|579
,11|258|311|580
,11|258|312|581
,11|259|312|582
,11|259|313|583
,11|260|313|584
,11|260|314|585
,11|261|314|586
,11|261|315|587
,11|262|315|588
,11|262|316|589
,11|263|316|590
,11|263|317|591
,11|264|317|592
,11|264|318|593
,11|265|318|594
,11|265|319|595
,11|266|319|596
,11|266|320|597
,11|267|320|598
,11|267|321|599
,11|268|321|600
,11|268|322|601
,11|269|322|602
,11|269|323|603
,11|270|323|604
,11|270|324|605
,11|271|324|606
,11|271|325|607
,11|272|325|608
,11|272|326|609
,11|273|326|610
,11|273|327|611
,11|274|327|612
,11|274|328|613
,11|274|329|614
,11|274|330|615
,11|275|330|616
,11|275|331|617
,11|276|331|618
,11|276|332|619
,11|277|332|620
,11|278|332|621
,11|279|332|622
,11|280|332|623
,11|280|333|624
,11|281|333|625
,11|282|333|626
,11|282|334|627
,11|283|334|628
,11|283|335|629
,11|284|335|630
,11|284|336|631
,11|284|337|632
,11|284|338|633
,11|285|338|634
,11|285|339|635
,11|286|339|636
,11|286|340|637
,11|287|340|638
,11|287|341|639
,11|287|342|640
,11|287|343|641
,11|288|343|642
,11|288|344|643
,11|289|344|644
,11|289|345|645
,11|290|345|646
,11|291|345|647
,11|292|345|648
,11|292|346|649
,11|293|346|650
,11|293|347|651
,11|294|347|652
,11|294|348|653
,11|295|348|654
,11|295|349|655
,11|296|349|656
,11|296|350|657
,11|297|350|658
,11|297|351|659
,11|298|351|660
,11|298|352|661
,11|299|352|662
,11|299|353|663
,11|300|353|664
,11|300|354|665
,11|301|354|666
,11|301|355|667
,11|302|355|668
,11|302|356|669
,11|303|356|670
,11|303|357|671
,11|304|357|672
,11|304|358|673
,11|305|358|674
,11|305|359|675
,11|306|359|676
,11|306|360|677
,11|307|360|678
,11|307|361|679
,11|308|361|680
,11|308|362|681
,11|309|362|682
,11|309|363|683
,11|310|363|684
,11|310|364|685
,11|311|364|686
,11|311|365|687
,11|312|365|688
,11|313|365|689
,12|313|365|690
,12|314|365|691
,13|314|365|692
,13|315|365|693
,14|315|365|694
,14|316|365|695
,15|316|365|696
,15|317|365|697
,16|317|365|698
,16|318|365|699
,17|318|365|700
,17|319|365|701
,18|319|365|702
,18|320|365|703
,19|320|365|704
,19|321|365|705
,20|321|365|706
,20|322|365|707
,21|322|365|708
,21|323|365|709
,22|323|365|710
,22|324|365|711
,23|324|365|712
,23|325|365|713
,24|325|365|714
,24|326|365|715
,25|326|365|716
,25|327|365|717
,26|327|365|718
,26|328|365|719
,27|328|365|720
,27|329|365|721
,28|329|365|722
,28|330|365|723
,29|330|365|724
,29|331|365|725
,30|331|365|726
,30|331|366|727
,30|332|366|728
,30|332|367|729
,30|333|367|730
,30|333|368|731
,30|334|368|732
,30|334|369|733
,30|335|369|734
,30|335|370|735
,30|336|370|736
,30|336|371|737
,30|337|371|738
,30|337|372|739
,30|338|372|740
,30|338|373|741
,30|339|373|742
,30|339|374|743
,30|340|374|744
,30|340|375|745
,30|341|375|746
,30|341|376|747
,30|342|376|748
,30|342|377|749
,30|343|377|750
,30|343|378|751
,30|344|378|752
,30|344|379|753
,30|345|379|754
,30|345|380|755
,30|346|380|756
,30|346|381|757
,30|347|381|758
,30|347|382|759
,30|348|382|760
,30|348|383|761
,30|349|383|762
,30|349|384|763
,30|350|384|764
,30|350|385|765
,30|351|385|766
,30|351|386|767
,30|352|386|768
,30|352|387|769
,30|353|387|770
,30|353|388|771
,30|354|388|772
,30|354|389|773
,30|355|389|774
,30|355|390|775
,30|356|390|776
,30|356|391|777
,30|357|391|778
,30|357|392|779
,30|358|392|780
,30|358|393|781
,30|359|393|782
,30|359|394|783
,30|360|394|784
,30|360|395|785
,30|361|395|786
,30|361|396|787
,30|362|396|788
,30|362|397|789
,30|363|397|790
,30|363|398|791
,30|364|398|792
,30|364|399|793
,30|365|399|794
,30|365|400|795
,30|366|400|796
,30|366|401|797
,30|367|401|798
,30|367|402|799
,30|368|402|800
,30|368|403|801
,30|369|403|802
,30|369|404|803
,30|370|404|804
,30|370|405|805
,30|371|405|806
,30|371|406|807
,30|372|406|808
,30|373|406|809
,30|374|406|810
,30|374|407|811
,30|375|407|812
,30|375|408|813
,30|376|408|814
,30|376|409|815
,30|377|409|816
,30|378|409|817
,30|379|409|818
,30|379|410|819
,30|380|410|820
,30|380|411|821
,30|381|411|822
,30|381|412|823
,30|382|412|824
,30|382|413|825
,30|383|413|826
,30|383|414|827
,30|384|414|828
,30|384|415|829
,30|385|415|830
,30|386|415|831
,30|387|415|832
,30|387|416|833
,31|387|416|834
,31|387|417|835
,31|388|417|836
,31|388|418|837
,31|389|418|838
,31|389|419|839
,31|390|419|840
,31|390|420|841
,31|391|420|842
,31|391|421|843
,31|392|421|844
,31|392|422|845
,31|393|422|846
,31|393|423|847
,31|394|423|848
,31|394|424|849
,31|395|424|850
,31|395|425|851
,31|396|425|852
,31|396|426|853
,31|397|426|854
,31|397|427|855
,31|398|427|856
,31|398|428|857
,31|399|428|858
,31|399|429|859
,31|400|429|860
,31|400|430|861
,31|400|431|862
,31|400|432|863
,31|401|432|864
,31|401|433|865
,31|402|433|866
,31|402|434|867
,31|403|434|868
,31|403|435|869
,31|404|435|870
,31|404|436|871
,31|405|436|872
,31|405|437|873
,31|406|437|874
,31|406|438|875
,31|407|438|876
,31|407|439|877
,31|408|439|878
,31|408|440|879
,31|409|440|880
,31|409|441|881
,31|410|441|882
,31|410|442|883
,31|411|442|884
,31|411|443|885
,31|412|443|886
,31|412|444|887
,31|413|444|888
,31|413|445|889
,31|414|445|890
,31|414|446|891
,31|415|446|892
,31|415|447|893
,31|416|447|894
,31|416|448|895
,31|417|448|896
,31|417|449|897
,31|418|449|898
,31|418|450|899
,31|419|450|900
,31|419|451|901
,31|420|451|902
,31|420|452|903
,31|421|452|904
,31|421|453|905
,31|422|453|906
,31|422|454|907
,31|423|454|908
,31|423|455|909
,31|424|455|910
,31|424|456|911
,31|425|456|912
,31|425|457|913
,31|426|457|914
,31|426|458|915
,31|427|458|916
,31|428|458|917
,31|429|458|918
,31|429|459|919
,31|430|459|920
,31|430|460|921
,31|431|460|922
,31|432|460|923
,32|432|460|924
,32|433|460|925
,32|434|460|926
,32|434|461|927
,32|435|461|928
,32|435|462|929
,32|436|462|930
,32|436|463|931
,32|437|463|932
,32|437|464|933
,32|438|464|934
,32|438|465|935
,32|439|465|936
,32|439|466|937
,32|440|466|938
,32|440|467|939
,33|440|467|940
,33|440|468|941
,33|441|468|942
,33|441|469|943
,33|442|469|944
,33|442|470|945
,33|443|470|946
,33|444|470|947
,33|444|471|948
,33|444|472|949
,33|444|473|950
,33|444|474|951
,33|444|475|952
,33|445|475|953
,33|445|476|954
,33|446|476|955
,33|446|477|956
,33|447|477|957
,33|447|478|958
,33|447|479|959
,33|447|480|960
,33|448|480|961
,33|448|481|962
,33|448|482|963
,33|448|483|964
,33|449|483|965
,33|449|484|966
,33|449|485|967
,33|449|486|968
,33|450|486|969
,33|450|487|970
,33|450|488|971
,33|450|489|972
,33|451|489|973
,33|451|490|974
,33|452|490|975
,33|452|491|976
,33|452|492|977
,33|452|493|978
,33|453|493|979
,33|453|494|980
,33|453|495|981
,33|453|496|982
,33|453|497|983
,33|454|497|984
,33|454|498|985
,33|455|498|986
,33|455|499|987
,33|456|499|988
,33|456|500|989
,33|457|500|990
,33|457|501|991
,33|458|501|992
,33|458|502|993
,33|459|502|994
,33|460|502|995
,33|461|502|996
,33|462|502|997
,33|463|502|998
,33|463|503|999
,33|464|503|1000
,33|464|504|1001
,33|465|504|1002
,33|465|505|1003
,33|466|505|1004
,33|466|506|1005
,33|467|506|1006
,33|467|507|1007
,33|468|507|1008
,33|469|507|1009
,33|470|507|1010
,33|470|508|1011
,33|471|508|1012
,33|471|509|1013
,33|472|509|1014
,33|472|510|1015
,33|473|510|1016
,33|473|511|1017
,33|474|511|1018
,33|474|512|1019
,33|475|512|1020
,33|475|513|1021
,33|476|513|1022
,33|476|514|1023
,33|477|514|1024
,33|477|515|1025
,33|478|515|1026
,33|478|516|1027
,33|478|517|1028
,33|478|518|1029
,33|479|518|1030
,33|479|519|1031
,33|480|519|1032
,33|480|520|1033
,33|480|521|1034
,33|480|522|1035
,33|481|522|1036
,33|481|523|1037
,33|482|523|1038
,33|482|524|1039
,33|483|524|1040
,33|483|525|1041
,33|484|525|1042
,33|484|526|1043
,33|485|526|1044
,33|485|527|1045
,33|486|527|1046
,33|486|528|1047
,33|487|528|1048
,33|487|529|1049
,33|488|529|1050
,33|488|530|1051
,33|489|530|1052
,33|489|531|1053
,33|490|531|1054
,33|490|532|1055
,34|490|532|1056
,34|490|533|1057
,34|491|533|1058
,34|491|534|1059
,34|492|534|1060
,34|493|534|1061
,34|494|534|1062
,34|494|535|1063
,34|495|535|1064
,34|495|536|1065
,34|496|536|1066
,34|496|537|1067
,34|497|537|1068
,34|498|537|1069
,34|499|537|1070
,34|499|538|1071
,34|500|538|1072
,34|500|539|1073
,34|501|539|1074
,34|502|539|1075
,35|502|539|1076
,35|502|540|1077
,35|503|540|1078
,35|503|541|1079
,35|504|541|1080
,35|504|542|1081
,35|505|542|1082
,35|505|543|1083
,36|505|543|1084
,36|506|543|1085
,36|507|543|1086
,36|507|544|1087
,36|508|544|1088
,36|509|544|1089
,36|510|544|1090
,36|510|545|1091
,36|510|546|1092
,36|510|547|1093
,36|510|548|1094
,36|510|549|1095
,36|510|550|1096
,36|511|550|1097
,36|511|551|1098
,36|512|551|1099
,36|512|552|1100
,36|512|553|1101
,36|512|554|1102
,36|512|555|1103
,36|512|556|1104
,36|512|557|1105
,36|512|558|1106
,36|512|559|1107
,36|512|560|1108
,36|512|561|1109
,36|512|562|1110
,36|513|562|1111
,36|513|563|1112
,36|513|564|1113
,36|513|565|1114
,36|513|566|1115
,36|513|567|1116
,36|513|568|1117
,36|513|569|1118
,36|513|570|1119
,36|513|571|1120
,36|514|571|1121
,36|514|572|1122
,36|515|572|1123
,36|515|573|1124
,36|516|573|1125
,36|516|574|1126
,36|516|575|1127
,36|517|575|1128
,36|517|576|1129
,36|518|576|1130
,36|518|577|1131
,36|519|577|1132
,36|519|578|1133
,36|520|578|1134
,36|520|579|1135
,36|521|579|1136
,36|521|580|1137
,36|522|580|1138
,36|522|581|1139
,36|523|581|1140
,36|523|582|1141
,36|524|582|1142
,36|524|583|1143
,36|525|583|1144
,36|525|584|1145
,36|526|584|1146
,36|526|585|1147
,36|527|585|1148
,36|527|586|1149
,36|528|586|1150
,36|528|587|1151
,36|529|587|1152
,36|529|588|1153
,36|530|588|1154
,36|530|589|1155
,36|531|589|1156
,36|531|590|1157
,36|532|590|1158
,36|532|591|1159
,36|533|591|1160
,36|533|592|1161
,36|534|592|1162
,36|534|593|1163
,36|535|593|1164
,36|535|594|1165
,36|536|594|1166
,36|536|595|1167
,36|537|595|1168
,36|537|596|1169
,36|538|596|1170
,36|538|597|1171
,36|538|598|1172
,36|538|599|1173
,36|539|599|1174
,36|539|600|1175
,36|540|600|1176
,36|540|601|1177
,36|541|601|1178
,36|541|602|1179
,36|541|603|1180
,36|541|604|1181
,36|542|604|1182
,36|542|605|1183
,36|543|605|1184
,36|543|606|1185
,36|544|606|1186
,36|544|607|1187
,36|545|607|1188
,36|545|608|1189
,36|546|608|1190
,36|546|609|1191
,36|547|609|1192
,36|547|610|1193
,36|548|610|1194
,36|548|611|1195
,36|549|611|1196
,36|549|612|1197
,36|550|612|1198
,36|551|612|1199
,36|552|612|1200
,36|552|613|1201
,36|553|613|1202
,36|553|614|1203
,36|554|614|1204
,36|555|614|1205
,36|556|614|1206
,36|556|615|1207
,36|557|615|1208
,36|557|616|1209
,36|558|616|1210
,36|558|617|1211
,36|559|617|1212
,36|559|618|1213
,36|560|618|1214
,36|561|618|1215
,36|562|618|1216
,36|562|619|1217
,36|563|619|1218
,36|563|620|1219
,36|564|620|1220
,36|565|620|1221
,37|565|620|1222
,37|565|621|1223
,37|566|621|1224
,37|567|621|1225
,37|568|621|1226
,37|569|621|1227
,37|570|621|1228
,37|570|622|1229
,37|571|622|1230
,37|571|623|1231
,38|571|623|1232
,38|571|624|1233
,38|572|624|1234
,38|572|625|1235
,38|572|626|1236
,38|572|627|1237
,38|572|628|1238
,38|572|629|1239
,38|572|630|1240
,38|572|631|1241
,38|572|632|1242
,38|572|633|1243
,38|572|634|1244
,38|573|634|1245
,38|574|634|1246
,38|574|635|1247
,38|574|636|1248
,38|575|636|1249
,38|576|636|1250
,38|576|637|1251
,38|576|638|1252
,38|576|639|1253
,38|577|639|1254
,38|577|640|1255
,38|577|641|1256
,38|577|642|1257
,38|577|643|1258
,38|577|644|1259
,38|578|644|1260
,38|578|645|1261
,38|578|646|1262
,38|578|647|1263
,38|578|648|1264
,38|578|649|1265
,38|578|650|1266
,38|578|651|1267
,38|578|652|1268
,38|578|653|1269
,38|578|654|1270
,38|578|655|1271
,38|579|655|1272
,38|579|656|1273
,38|580|656|1274
,38|580|657|1275
,38|581|657|1276
,38|581|658|1277
,38|582|658|1278
,38|582|659|1279
,38|583|659|1280
,38|583|660|1281
,38|584|660|1282
,38|584|661|1283
,38|585|661|1284
,38|585|662|1285
,38|586|662|1286
,38|586|663|1287
,38|587|663|1288
,38|587|664|1289
,38|588|664|1290
,38|588|665|1291
,38|589|665|1292
,38|589|666|1293
,38|590|666|1294
,38|590|667|1295
,38|591|667|1296
,38|591|668|1297
,38|592|668|1298
,38|592|669|1299
,38|593|669|1300
,38|593|670|1301
,38|594|670|1302
,38|594|671|1303
,38|595|671|1304
,38|595|672|1305
,38|596|672|1306
,38|596|673|1307
,38|597|673|1308
,38|597|674|1309
,38|598|674|1310
,38|598|675|1311
,38|599|675|1312
,38|600|675|1313
,38|601|675|1314
,38|602|675|1315
,38|602|676|1316
,38|602|677|1317
,38|603|677|1318
,38|603|678|1319
,38|604|678|1320
,38|605|678|1321
,38|606|678|1322
,38|607|678|1323
,38|607|679|1324
,38|607|680|1325
,38|608|680|1326
,38|608|681|1327
,38|609|681|1328
,38|609|682|1329
,38|610|682|1330
,38|610|683|1331
,38|611|683|1332
,38|611|684|1333
,38|612|684|1334
,38|612|685|1335
,38|613|685|1336
,38|613|686|1337
,38|614|686|1338
,38|614|687|1339
,38|615|687|1340
,38|615|688|1341
,38|616|688|1342
,38|616|689|1343
,38|617|689|1344
,38|617|690|1345
,38|618|690|1346
,38|618|691|1347
,38|619|691|1348
,38|619|692|1349
,38|620|692|1350
,38|620|693|1351
,38|621|693|1352
,38|621|694|1353
,38|622|694|1354
,38|622|695|1355
,38|623|695|1356
,38|623|696|1357
,38|624|696|1358
,38|624|697|1359
,38|625|697|1360
,38|625|698|1361
,38|626|698|1362
,38|626|699|1363
,38|627|699|1364
,38|627|700|1365
,38|628|700|1366
,38|628|701|1367
,38|629|701|1368
,38|629|702|1369
,38|630|702|1370
,38|630|703|1371
,38|631|703|1372
,38|631|704|1373
,38|632|704|1374
,38|632|705|1375
,38|633|705|1376
,38|633|706|1377
,38|634|706|1378
,38|635|706|1379
,39|635|706|1380
,39|636|706|1381
,40|636|706|1382
,40|637|706|1383
,41|637|706|1384
,41|638|706|1385
,42|638|706|1386
,42|639|706|1387
,43|639|706|1388
,43|640|706|1389
,44|640|706|1390
,44|641|706|1391
,45|641|706|1392
,45|642|706|1393
,46|642|706|1394
,46|643|706|1395
,47|643|706|1396
,47|644|706|1397
,48|644|706|1398
,48|645|706|1399
,49|645|706|1400
,49|646|706|1401
,50|646|706|1402
,50|647|706|1403
,51|647|706|1404
,51|648|706|1405
,52|648|706|1406
,52|649|706|1407
,53|649|706|1408
,53|650|706|1409
,54|650|706|1410
,54|651|706|1411
,55|651|706|1412
,55|652|706|1413
,56|652|706|1414
,56|652|707|1415
,56|653|707|1416
,56|653|708|1417
,56|654|708|1418
,56|654|709|1419
,56|655|709|1420
,56|655|710|1421
,56|656|710|1422
,56|656|711|1423
,56|657|711|1424
,56|657|712|1425
,56|658|712|1426
,56|658|713|1427
,56|659|713|1428
,56|659|714|1429
,56|660|714|1430
,56|660|715|1431
,56|661|715|1432
,56|661|716|1433
,56|662|716|1434
,56|662|717|1435
,56|663|717|1436
,56|663|718|1437
,56|664|718|1438
,56|664|719|1439
,56|665|719|1440
,56|665|720|1441
,56|666|720|1442
,56|667|721|1444
,56|668|721|1445
,56|668|722|1446
,56|669|722|1447
,56|669|723|1448
,56|670|723|1449
,56|670|724|1450
,56|671|724|1451
,56|671|725|1452
,56|672|725|1453
,56|672|726|1454
,56|673|726|1455
,56|673|727|1456
,56|674|727|1457
,56|674|728|1458
,56|675|728|1459
,56|675|729|1460
,56|676|729|1461
,56|676|730|1462
,56|677|730|1463
,56|677|731|1464
,56|678|731|1465
,56|678|732|1466
,56|679|732|1467
,56|679|733|1468
,56|680|733|1469
,56|680|734|1470
,56|681|734|1471
,56|681|735|1472
,56|682|735|1473
,56|682|736|1474
,56|683|736|1475
,56|683|737|1476
,56|684|737|1477
,56|684|738|1478
,56|685|738|1479
,56|685|739|1480
,56|686|739|1481
,56|686|740|1482
,56|687|740|1483
,56|688|740|1484
,56|689|740|1485
,56|689|741|1486
,56|690|741|1487
,56|690|742|1488
,56|690|743|1489
,56|690|744|1490
,56|691|744|1491
,56|691|745|1492
,56|691|746|1493
,56|692|746|1494
,56|693|746|1495
,56|693|747|1496
,56|694|747|1497
,56|694|748|1498
,56|694|749|1499
,56|695|749|1500
,56|695|750|1501
,56|695|751|1502
,56|695|752|1503
,56|695|753|1504
,56|696|753|1505
,56|696|754|1506
,56|697|754|1507
,56|698|754|1508
,56|698|755|1509
,56|699|755|1510
,56|699|756|1511
,56|699|757|1512
,56|700|757|1513
,56|700|758|1514
,56|701|758|1515
,56|702|758|1516
,56|702|759|1517
,56|703|759|1518
,56|703|760|1519
,56|704|760|1520
,56|705|760|1521
,56|705|761|1522
,56|706|761|1523
,56|706|762|1524
,56|707|762|1525
,56|707|763|1526
,56|708|763|1527
,56|708|764|1528
,56|709|764|1529
,56|709|765|1530
,56|710|765|1531
,56|710|766|1532
,56|711|766|1533
,56|711|767|1534
,56|712|767|1535
,56|712|768|1536
,56|713|768|1537
,56|713|769|1538
,56|714|769|1539
,56|714|770|1540
,56|715|770|1541
,56|715|771|1542
,56|716|771|1543
,56|716|772|1544
,56|716|773|1545
,56|716|774|1546
,56|717|774|1547
,56|717|775|1548
,56|718|775|1549
,56|718|776|1550
,56|719|776|1551
,56|719|777|1552
,56|719|778|1553
,56|719|779|1554
,56|719|780|1555
,56|719|781|1556
,56|719|782|1557
,56|719|783|1558
,56|720|783|1559
,56|720|784|1560
,56|721|784|1561
,56|721|785|1562
,56|722|785|1563
,56|722|786|1564
,56|723|786|1565
,56|723|787|1566
,56|724|787|1567
,56|724|788|1568
,56|725|788|1569
,56|725|789|1570
,56|726|789|1571
,56|726|790|1572
,56|727|790|1573
,56|727|791|1574
,56|728|791|1575
,56|728|792|1576
,56|729|792|1577
,56|729|793|1578
,56|730|793|1579
,56|730|794|1580
,56|731|794|1581
,56|731|795|1582
,56|732|795|1583
,56|732|796|1584
,56|733|796|1585
,56|733|797|1586
,56|734|797|1587
,56|734|798|1588
,56|735|798|1589
,56|735|799|1590
,56|736|799|1591
,56|736|800|1592
,56|737|800|1593
,56|737|801|1594
,56|738|801|1595
,56|738|802|1596
,56|739|802|1597
,56|739|803|1598
,56|740|803|1599
,56|740|804|1600
,56|741|804|1601
,56|742|804|1602
,56|743|804|1603
,56|743|805|1604
,56|744|805|1605
,56|744|806|1606
,56|745|806|1607
,56|745|807|1608
,56|746|807|1609
,56|746|808|1610
,56|747|808|1611
,56|747|809|1612
,56|748|809|1613
,56|748|810|1614
,56|749|810|1615
,56|750|810|1616
,56|751|810|1617
,56|752|810|1618
,56|753|810|1619
,56|753|811|1620
,56|754|811|1621
,56|755|811|1622
,56|756|811|1623
,56|756|812|1624
,56|757|812|1625
,56|758|812|1626
,56|759|812|1627
,56|759|813|1628
,56|760|813|1629
,56|760|814|1630
,56|760|815|1631
,56|760|816|1632
,56|760|817|1633
,56|761|817|1634
,56|761|818|1635
,56|761|819|1636
,56|761|820|1637
,56|762|820|1638
,56|762|821|1639
,56|763|821|1640
,56|763|822|1641
,56|763|823|1642
,56|763|824|1643
,56|764|824|1644
,56|764|825|1645
,56|765|825|1646
,56|765|826|1647
,56|765|827|1648
,56|765|828|1649
,56|766|828|1650
,56|766|829|1651
,56|767|829|1652
,56|767|830|1653
,56|768|830|1654
,56|768|831|1655
,56|769|831|1656
,56|769|832|1657
,56|770|832|1658
,56|770|833|1659
,56|771|833|1660
,56|771|834|1661
,56|771|835|1662
,56|771|836|1663
,56|772|836|1664
,56|772|837|1665
,56|773|837|1666
,56|774|837|1667
,56|774|838|1668
,56|775|838|1669
,56|775|839|1670
,56|776|839|1671
,56|776|840|1672
,56|777|840|1673
,56|777|841|1674
,56|778|841|1675
,56|778|842|1676
,56|779|842|1677
,56|779|843|1678
,56|780|843|1679
,56|781|843|1680
,56|782|843|1681
,56|782|844|1682
,56|783|844|1683
,56|783|845|1684
,56|784|845|1685
,56|784|846|1686
,56|785|846|1687
,56|786|846|1688
,56|787|846|1689
,56|787|847|1690
,56|788|847|1691
,56|788|848|1692
,56|789|848|1693
,56|789|849|1694
,56|790|849|1695
,56|791|849|1696
,56|792|849|1697
,56|792|850|1698
,56|793|850|1699
,56|793|851|1700
,56|794|851|1701
,56|794|852|1702
,56|795|852|1703
,56|795|853|1704
,56|796|853|1705
,56|796|854|1706
,56|797|854|1707
,56|797|855|1708
,56|798|855|1709
,56|798|856|1710
,56|799|856|1711
,56|799|857|1712
,56|800|857|1713
,56|800|858|1714
,56|801|858|1715
,56|801|859|1716
,56|801|860|1717
,56|801|861|1718
,56|802|861|1719
,56|802|862|1720
,56|803|862|1721
,56|803|863|1722
,56|804|863|1723
,56|804|864|1724
,56|805|864|1725
,56|805|865|1726
,56|806|865|1727
,56|806|866|1728
,56|807|866|1729
,56|807|867|1730
,56|808|867|1731
,56|808|868|1732
,56|808|869|1733
,56|808|870|1734
,56|809|870|1735
,56|809|871|1736
,56|809|872|1737
,56|809|873|1738
,56|810|873|1739
,56|810|874|1740
,56|811|874|1741
,56|811|875|1742
,56|812|875|1743
,56|812|876|1744
,56|813|876|1745
,56|813|877|1746
,56|814|877|1747
,56|814|878|1748
,56|815|878|1749
,56|815|879|1750
,56|816|879|1751
,56|816|880|1752
,56|817|880|1753
,56|817|881|1754
,56|818|881|1755
,56|818|882|1756
,56|819|882|1757
,56|819|883|1758
,57|819|883|1759
,57|819|884|1760
,57|820|884|1761
,57|820|885|1762
,57|821|885|1763
,57|821|886|1764
,57|822|886|1765
,57|823|886|1766
,58|823|886|1767
,58|823|887|1768
,58|824|887|1769
,58|825|887|1770
,58|826|887|1771
,58|827|887|1772
,58|828|887|1773
,58|829|887|1774
,58|829|888|1775
,58|829|889|1776
,58|829|890|1777
,58|829|891|1778
,58|829|892|1779
,58|829|893|1780
,58|829|894|1781
,58|829|895|1782
,58|829|896|1783
,58|830|896|1784
,58|830|897|1785
,58|830|898|1786
,58|830|899|1787
,58|830|900|1788
,58|830|901|1789
,58|830|902|1790
,58|830|903|1791
,58|830|904|1792
,58|830|905|1793
,58|830|906|1794
,58|830|907|1795
,58|831|907|1796
,58|831|908|1797
,58|831|909|1798
,58|831|910|1799
,58|831|911|1800
,58|831|912|1801
,58|831|913|1802
,58|831|914|1803
,58|832|914|1804
,58|832|915|1805
,58|832|916|1806
,58|832|917|1807
,58|832|918|1808
,58|832|919|1809
,58|832|920|1810
,58|833|920|1811
,58|833|921|1812
,58|834|921|1813
,58|834|922|1814
,58|835|922|1815
,58|835|923|1816
,58|836|923|1817
,58|836|924|1818
,58|837|924|1819
,58|837|925|1820
,58|838|925|1821
,58|838|926|1822
,58|839|926|1823
,58|839|927|1824
,58|840|927|1825
,58|840|928|1826
,58|841|928|1827
,58|841|929|1828
,58|842|929|1829
,58|842|930|1830
,58|843|930|1831
,58|843|931|1832
,58|844|931|1833
,58|844|932|1834
,58|845|932|1835
,58|845|933|1836
,58|846|933|1837
,58|846|934|1838
,58|847|934|1839
,58|847|935|1840
,58|848|935|1841
,58|848|936|1842
,58|849|936|1843
,58|849|937|1844
,58|850|937|1845
,58|850|938|1846
,58|850|939|1847
,58|850|940|1848
,58|851|940|1849
,58|851|941|1850
,58|852|941|1851
,58|852|942|1852
,58|853|942|1853
,58|853|943|1854
,58|853|944|1855
,58|853|945|1856
,58|854|945|1857
,58|854|946|1858
,58|855|946|1859
,58|855|947|1860
,58|856|947|1861
,58|856|948|1862
,58|856|949|1863
,58|856|950|1864
,58|857|950|1865
,58|857|951|1866
,58|858|951|1867
,58|858|952|1868
,58|859|952|1869
,58|859|953|1870
,58|860|953|1871
,58|860|954|1872
,58|861|954|1873
,58|861|955|1874
,58|862|955|1875
,58|862|956|1876
,58|863|956|1877
,58|863|957|1878
,58|864|957|1879
,58|864|958|1880
,58|865|958|1881
,58|865|959|1882
,58|866|959|1883
,58|866|960|1884
,58|867|960|1885
,58|867|961|1886
,58|868|961|1887
,58|868|962|1888
,59|868|962|1889
,59|869|962|1890
,59|870|962|1891
,59|871|962|1892
,59|872|962|1893
,59|872|963|1894
,59|873|963|1895
,59|873|964|1896
,59|874|964|1897
,59|874|965|1898
,59|875|965|1899
,59|876|965|1900
,59|877|965|1901
,59|877|966|1902
,59|878|966|1903
,59|878|967|1904
,59|879|967|1905
,59|880|967|1906
,59|881|967|1907
,59|881|968|1908
,59|882|968|1909
,59|882|969|1910
,59|883|969|1911
,59|884|969|1912
,59|885|969|1913
,59|886|969|1914
,60|886|969|1915
,60|886|970|1916
,60|887|970|1917
,60|888|970|1918
,60|888|971|1919
,60|888|972|1920
,60|888|973|1921
,60|888|974|1922
,60|888|975|1923
,60|888|976|1924
,60|888|977|1925
,60|889|977|1926
,60|889|978|1927
,60|889|979|1928
,60|889|980|1929
,60|890|980|1930
,60|890|981|1931
,60|890|982|1932
,60|890|983|1933
,60|890|984|1934
,60|890|985|1935
,60|890|986|1936
,60|891|986|1937
,60|891|987|1938
,60|892|987|1939
,60|892|988|1940
,60|892|989|1941
,60|892|990|1942
,60|893|990|1943
,60|893|991|1944
,60|893|992|1945
,60|893|993|1946
,60|893|994|1947
,60|894|994|1948
,60|894|995|1949
,60|894|996|1950
,60|894|997|1951
,60|894|998|1952
,60|894|999|1953
,60|894|1000|1954
,60|895|1000|1955
,60|895|1001|1956
,60|896|1001|1957
,60|896|1002|1958
,60|897|1002|1959
,60|897|1003|1960
,60|898|1003|1961
,60|898|1004|1962
,60|899|1004|1963
,60|899|1005|1964
,60|900|1005|1965
,60|900|1006|1966
,60|901|1006|1967
,60|901|1007|1968
,60|902|1007|1969
,60|902|1008|1970
,60|903|1008|1971
,60|903|1009|1972
,60|904|1009|1973
,60|904|1010|1974
,60|905|1010|1975
,60|905|1011|1976
,60|906|1011|1977
,60|906|1012|1978
,60|907|1012|1979
,60|907|1013|1980
,60|908|1013|1981
,60|908|1014|1982
,60|909|1014|1983
,60|909|1015|1984
,60|910|1015|1985
,60|910|1016|1986
,60|911|1016|1987
,60|911|1017|1988
,60|912|1017|1989
,60|912|1018|1990
,60|912|1019|1991
,60|912|1020|1992
,60|913|1020|1993
,60|913|1021|1994
,60|914|1021|1995
,60|914|1022|1996
,60|915|1022|1997
,60|916|1022|1998
,60|916|1023|1999
,60|917|1023|2000
