total
,0|0|1|1
,0|1|1|2
,0|1|2|3
,0|2|2|4
,0|2|3|5
,0|3|3|6
,0|3|4|7
,0|4|4|8
,0|4|5|9
,0|5|5|10
,0|5|6|11
,0|6|6|12
,0|7|6|13
,0|7|7|14
,0|7|8|15
,0|8|8|16
,0|8|9|17
,0|9|9|18
,0|9|10|19
,0|10|10|20
,0|10|11|21
,0|10|12|22
,0|10|13|23
,0|11|13|24
,0|11|14|25
,0|11|15|26
,0|11|16|27
,0|12|16|28
,1|12|16|29
,1|12|17|30
,1|12|18|31
,1|13|18|32
,1|13|19|33
,1|14|19|34
,1|14|20|35
,1|14|21|36
,1|14|22|37
,1|14|23|38
,1|14|24|39
,1|15|24|40
,1|15|25|41
,1|15|26|42
,1|15|27|43
,1|15|28|44
,1|15|29|45
,1|16|29|46
,1|16|30|47
,1|16|31|48
,1|16|32|49
,1|17|32|50
,1|17|33|51
,1|18|33|52
,1|19|33|53
,1|19|34|54
,1|19|35|55
,1|19|36|56
,1|20|36|57
,1|20|37|58
,2|20|37|59
,2|20|38|60
,2|20|39|61
,2|20|40|62
,2|20|41|63
,2|20|42|64
,2|21|42|65
,2|21|43|66
,2|21|44|67
,2|21|45|68
,2|21|46|69
,2|21|47|70
,2|22|47|71
,2|22|48|72
,2|22|49|73
,2|22|50|74
,2|22|51|75
,2|22|52|76
,2|22|53|77
,2|22|54|78
,2|22|55|79
,2|22|56|80
,2|22|57|81
,2|23|57|82
,2|23|58|83
,2|24|58|84
,2|24|59|85
,2|25|59|86
,2|25|60|87
,2|26|60|88
,2|27|60|89
,2|28|60|90
,2|29|60|91
,2|30|60|92
,2|30|61|93
,2|31|61|94
,2|31|62|95
,2|32|62|96
,2|32|63|97
,2|33|63|98
,2|33|64|99
,2|34|64|100
,2|34|65|101
,2|35|65|102
,2|35|66|103
,2|36|66|104
,2|36|67|105
,2|37|67|106
,2|37|68|107
,2|38|68|108
,2|39|68|109
,2|40|68|110
,2|40|69|111
,2|41|69|112
,2|41|70|113
,2|42|70|114
,2|42|71|115
,2|43|71|116
,2|43|72|117
,2|44|72|118
,2|44|73|119
,2|45|73|120
,2|45|74|121
,2|46|74|122
,2|46|75|123
,2|47|75|124
,2|47|76|125
,2|48|76|126
,2|48|77|127
,2|48|78|128
,2|48|79|129
,2|49|79|130
,2|49|80|131
,2|50|80|132
,2|50|81|133
,2|51|81|134
,2|51|82|135
,2|51|83|136
,2|51|84|137
,2|52|84|138
,2|52|85|139
,2|52|86|140
,2|52|87|141
,2|53|87|142
,2|53|88|143
,2|54|88|144
,2|54|89|145
,2|55|89|146
,2|55|90|147
,2|56|90|148
,2|56|91|149
,2|57|91|150
,2|57|92|151
,2|58|92|152
,2|58|93|153
,2|59|93|154
,2|59|94|155
,2|59|95|156
,2|59|96|157
,2|60|96|158
,2|60|97|159
,2|61|97|160
,2|61|98|161
,2|62|98|162
,2|62|99|163
,2|63|99|164
,2|63|100|165
,2|63|101|166
,2|63|102|167
,2|64|102|168
,2|64|103|169
,2|65|103|170
,2|65|104|171
,2|66|104|172
,2|66|105|173
,2|67|105|174
,2|67|106|175
,2|68|106|176
,2|68|107|177
,2|69|107|178
,2|69|108|179
,2|70|108|180
,2|70|109|181
,2|71|109|182
,2|71|110|183
,2|72|110|184
,2|72|111|185
,2|73|111|186
,2|73|112|187
,2|74|112|188
,2|74|113|189
,2|75|113|190
,2|75|114|191
,2|76|114|192
,2|76|115|193
,2|77|115|194
,2|78|115|195
,2|79|115|196
,2|80|115|197
,2|81|115|198
,2|81|116|199
,2|82|116|200
,2|82|117|201
,2|83|117|202
,2|83|118|203
,2|84|118|204
,2|84|119|205
,2|85|119|206
,2|85|120|207
,2|86|120|208
,2|87|120|209
,2|88|120|210
,2|88|121|211
,2|89|121|212
,2|89|122|213
,2|90|122|214
,2|90|123|215
,2|91|123|216
,2|92|123|217
,2|93|123|218
,2|93|124|219
,2|94|124|220
,2|94|125|221
,2|95|125|222
,2|95|126|223
,2|96|126|224
,2|96|127|225
,2|97|127|226
,2|97|128|227
,2|98|128|228
,2|98|129|229
,2|99|129|230
,2|99|130|231
,2|100|130|232
,3|100|130|233
,3|100|131|234
,3|100|132|235
,3|100|133|236
,3|100|134|237
,3|100|135|238
,4|100|135|239
,4|100|136|240
,4|100|137|241
,4|100|138|242
,4|100|139|243
,4|100|140|244
,4|100|141|245
,4|101|141|246
,5|101|141|247
,5|102|141|248
,5|102|142|249
,5|102|143|250
,6|102|143|251
,6|102|144|252
,6|102|145|253
,6|102|146|254
,7|102|146|255
,7|102|147|256
,7|103|147|257
,7|104|147|258
,7|104|148|259
,7|104|149|260
,7|104|150|261
,7|104|151|262
,7|105|151|263
,7|105|152|264
,7|105|153|265
,7|106|153|266
,7|106|154|267
,7|106|155|268
,8|106|155|269
,8|106|156|270
,8|106|157|271
,8|107|157|272
,8|107|158|273
,8|108|158|274
,8|108|159|275
,8|109|159|276
,8|109|160|277
,8|110|160|278
,8|110|161|279
,8|111|161|280
,8|112|161|281
,8|113|161|282
,8|113|162|283
,8|114|162|284
,8|114|163|285
,8|115|163|286
,8|116|163|287
,8|117|163|288
,8|117|164|289
,8|118|164|290
,8|118|165|291
,8|119|165|292
,8|119|166|293
,8|120|166|294
,8|121|166|295
,8|122|166|296
,8|122|167|297
,8|123|167|298
,8|124|167|299
,8|125|167|300
,8|125|168|301
,8|126|168|302
,8|126|169|303
,8|127|169|304
,8|128|169|305
,8|128|170|306
,8|129|170|307
,8|130|170|308
,8|130|171|309
,8|130|172|310
,8|130|173|311
,8|131|173|312
,8|131|174|313
,8|132|174|314
,8|132|175|315
,8|133|175|316
,8|133|176|317
,8|134|176|318
,8|134|177|319
,8|134|178|320
,8|134|179|321
,8|135|179|322
,8|135|180|323
,8|136|180|324
,8|136|181|325
,8|137|181|326
,8|137|182|327
,8|138|182|328
,8|138|183|329
,8|139|183|330
,8|139|184|331
,8|140|184|332
,8|140|185|333
,8|140|186|334
,8|140|187|335
,8|141|187|336
,8|141|188|337
,8|142|188|338
,8|142|189|339
,8|143|189|340
,8|143|190|341
,8|144|190|342
,8|144|191|343
,8|145|191|344
,8|145|192|345
,8|146|192|346
,8|146|193|347
,8|147|193|348
,8|148|193|349
,8|149|193|350
,8|149|194|351
,8|150|194|352
,8|150|195|353
,8|151|195|354
,8|151|196|355
,8|152|196|356
,8|152|197|357
,8|153|197|358
,8|154|197|359
,8|155|197|360
,8|155|198|361
,8|156|198|362
,8|156|199|363
,8|157|199|364
,8|157|200|365
,8|158|200|366
,8|158|201|367
,8|159|201|368
,8|159|202|369
,8|160|202|370
,8|160|203|371
,8|161|203|372
,8|161|204|373
,8|162|204|374
,8|163|204|375
,8|164|204|376
,8|164|205|377
,8|165|205|378
,8|165|206|379
,8|166|206|380
,8|167|206|381
,8|168|206|382
,8|168|207|383
,8|169|207|384
,8|169|208|385
,8|169|209|386
,8|169|210|387
,8|169|211|388
,8|169|212|389
,8|169|213|390
,8|169|214|391
,8|169|215|392
,8|169|216|393
,8|169|217|394
,8|169|218|395
,8|169|219|396
,9|169|219|397
,9|169|220|398
,9|169|221|399
,9|169|222|400
,9|169|223|401
,9|169|224|402
,9|169|225|403
,9|169|226|404
,9|169|227|405
,9|169|228|406
,9|169|229|407
,9|169|230|408
,10|169|230|409
,10|169|231|410
,10|169|232|411
,10|169|233|412
,10|169|234|413
,10|169|235|414
,10|169|236|415
,10|169|237|416
,11|169|237|417
,11|169|238|418
,12|169|238|419
,12|169|239|420
,12|169|240|421
,12|169|241|422
,12|169|242|423
,12|170|242|424
,12|170|243|425
,12|171|243|426
,12|171|244|427
,12|172|244|428
,12|172|245|429
,12|173|245|430
,12|173|246|431
,12|174|246|432
,12|174|247|433
,12|175|247|434
,12|175|248|435
,12|176|248|436
,12|176|249|437
,12|177|249|438
,12|177|250|439
,12|178|250|440
,12|178|251|441
,12|179|251|442
,12|179|252|443
,12|180|252|444
,12|180|253|445
,12|181|253|446
,12|181|254|447
,12|182|254|448
,12|182|255|449
,12|183|255|450
,12|183|256|451
,12|184|256|452
,12|184|257|453
,12|185|257|454
,12|185|258|455
,12|186|258|456
,12|186|259|457
,12|187|259|458
,12|187|260|459
,12|188|260|460
,12|188|261|461
,12|188|262|462
,12|188|263|463
,12|189|263|464
,12|189|264|465
,12|190|264|466
,12|190|265|467
,12|191|265|468
,12|191|266|469
,12|192|266|470
,12|192|267|471
,12|192|268|472
,12|192|269|473
,12|193|269|474
,12|193|270|475
,12|194|270|476
,12|194|271|477
,12|195|271|478
,12|195|272|479
,12|196|272|480
,12|196|273|481
,12|197|273|482
,12|197|274|483
,12|198|274|484
,12|198|275|485
,12|199|275|486
,12|199|276|487
,12|200|276|488
,12|200|277|489
,12|201|277|490
,12|201|278|491
,12|202|278|492
,12|202|279|493
,12|203|279|494
,12|203|280|495
,12|204|280|496
,12|204|281|497
,12|205|281|498
,12|205|282|499
,12|206|282|500
,12|206|283|501
,12|207|283|502
,12|207|284|503
,12|208|284|504
,12|208|285|505
,12|209|285|506
,12|210|285|507
,12|211|285|508
,12|211|286|509
,12|212|286|510
,12|213|286|511
,12|214|286|512
,12|214|287|513
,12|215|287|514
,12|215|288|515
,13|215|288|516
,13|215|289|517
,13|216|289|518
,13|216|290|519
,13|217|290|520
,13|217|291|521
,13|218|291|522
,13|218|292|523
,13|219|292|524
,13|219|293|525
,13|220|293|526
,13|220|294|527
,13|221|294|528
,13|221|295|529
,13|222|295|530
,13|222|296|531
,13|223|296|532
,13|223|297|533
,13|224|297|534
,13|224|298|535
,13|225|298|536
,13|225|299|537
,13|225|300|538
,13|225|301|539
,13|225|302|540
,13|225|303|541
,13|225|304|542
,13|225|305|543
,13|225|306|544
,13|226|306|545
,13|226|307|546
,14|226|307|547
,14|226|308|548
,14|227|308|549
,14|227|309|550
,14|227|310|551
,14|227|311|552
,14|228|311|553
,14|228|312|554
,15|228|312|555
,15|228|313|556
,15|228|314|557
,15|228|315|558
,15|228|316|559
,15|228|317|560
,15|228|318|561
,15|228|319|562
,15|228|320|563
,15|228|321|564
,15|229|321|565
,15|229|322|566
,15|229|323|567
,15|229|324|568
,15|229|325|569
,15|229|326|570
,15|230|326|571
,15|230|327|572
,15|231|327|573
,15|231|328|574
,15|231|329|575
,15|232|329|576
,15|232|330|577
,15|233|330|578
,15|233|331|579
,15|234|331|580
,15|234|332|581
,15|235|332|582
,15|235|333|583
,15|236|333|584
,15|236|334|585
,15|237|334|586
,15|237|335|587
,15|238|335|588
,15|238|336|589
,15|239|336|590
,15|239|337|591
,15|240|337|592
,15|240|338|593
,15|241|338|594
,15|241|339|595
,15|242|339|596
,15|242|340|597
,15|243|340|598
,15|243|341|599
,15|244|341|600
,15|244|342|601
,15|245|342|602
,15|245|343|603
,15|246|343|604
,15|246|344|605
,15|247|344|606
,15|247|345|607
,15|248|345|608
,15|248|346|609
,15|249|346|610
,15|249|347|611
,15|250|347|612
,15|251|347|613
,15|251|348|614
,15|251|349|615
,15|252|349|616
,15|252|350|617
,15|253|350|618
,15|253|351|619
,15|254|351|620
,15|254|352|621
,15|255|352|622
,15|255|353|623
,15|256|353|624
,15|256|354|625
,15|257|354|626
,15|257|355|627
,15|258|355|628
,15|259|355|629
,15|260|355|630
,16|260|355|631
,16|260|356|632
,16|260|357|633
,16|261|357|634
,16|261|358|635
,16|262|358|636
,16|262|359|637
,16|263|359|638
,16|263|360|639
,16|263|361|640
,16|263|362|641
,16|264|362|642
,16|264|363|643
,16|264|364|644
,16|264|365|645
,16|265|365|646
,16|265|366|647
,16|265|367|648
,16|265|368|649
,16|265|369|650
,16|265|370|651
,16|265|371|652
,16|265|372|653
,16|266|372|654
,16|266|373|655
,16|267|373|656
,16|267|374|657
,16|267|375|658
,16|267|376|659
,16|267|377|660
,16|267|378|661
,16|267|379|662
,16|267|380|663
,16|267|381|664
,16|267|382|665
,16|267|383|666
,16|267|384|667
,16|267|385|668
,16|267|386|669
,16|267|387|670
,16|267|388|671
,16|267|389|672
,16|267|390|673
,16|267|391|674
,16|267|392|675
,16|268|392|676
,16|268|393|677
,16|268|394|678
,16|268|395|679
,16|268|396|680
,16|268|397|681
,16|268|398|682
,16|268|399|683
,16|268|400|684
,16|268|401|685
,16|268|402|686
,16|268|403|687
,16|268|404|688
,16|268|405|689
,16|268|406|690
,16|268|407|691
,16|268|408|692
,16|268|409|693
,16|268|410|694
,16|268|411|695
,16|268|412|696
,16|268|413|697
,16|268|414|698
,16|268|415|699
,16|268|416|700
,16|268|417|701
,16|268|418|702
,16|268|419|703
,16|268|420|704
,16|268|421|705
,16|268|422|706
,16|268|423|707
,16|268|424|708
,16|268|425|709
,16|268|426|710
,16|268|427|711
,16|268|428|712
,16|268|429|713
,16|268|430|714
,16|268|431|715
,16|268|432|716
,16|268|433|717
,16|268|434|718
,16|268|435|719
,16|268|436|720
,16|268|437|721
,16|268|438|722
,16|268|439|723
,16|268|440|724
,16|268|441|725
,16|268|442|726
,16|268|443|727
,16|269|443|728
,16|269|444|729
,16|270|444|730
,16|270|445|731
,16|271|445|732
,16|271|446|733
,16|272|446|734
,16|272|447|735
,16|273|447|736
,16|273|448|737
,16|274|448|738
,16|274|449|739
,16|275|449|740
,16|275|450|741
,16|276|450|742
,16|276|451|743
,16|277|451|744
,16|277|452|745
,16|278|452|746
,16|278|453|747
,16|279|453|748
,16|279|454|749
,16|280|454|750
,16|280|455|751
,16|281|455|752
,16|281|456|753
,16|282|456|754
,16|282|457|755
,16|283|457|756
,16|283|458|757
,16|284|458|758
,16|284|459|759
,16|285|459|760
,16|285|460|761
,16|286|460|762
,16|286|461|763
,16|287|461|764
,16|287|462|765
,16|287|463|766
,16|287|464|767
,16|287|465|768
,16|287|466|769
,16|287|467|770
,16|287|468|771
,16|288|468|772
,16|288|469|773
,16|288|470|774
,16|288|471|775
,16|288|472|776
,16|288|473|777
,16|288|474|778
,16|288|475|779
,16|288|476|780
,16|289|476|781
,16|289|477|782
,16|289|478|783
,16|289|479|784
,16|289|480|785
,16|289|481|786
,16|289|482|787
,16|290|482|788
,16|291|482|789
,16|291|483|790
,16|292|483|791
,16|293|483|792
,16|293|484|793
,16|294|484|794
,17|294|484|795
,17|295|484|796
,17|295|485|797
,17|295|486|798
,17|295|487|799
,17|295|488|800
,17|295|489|801
,17|295|490|802
,17|295|491|803
,17|296|491|804
,17|296|492|805
,17|297|492|806
,17|297|493|807
,17|298|493|808
,18|298|493|809
,18|299|493|810
,18|300|493|811
,18|301|493|812
,18|301|494|813
,18|302|494|814
,18|302|495|815
,18|303|495|816
,18|303|496|817
,18|304|496|818
,18|304|497|819
,18|305|497|820
,18|305|498|821
,18|306|498|822
,18|306|499|823
,18|307|499|824
,18|308|499|825
,18|309|499|826
,18|309|500|827
,18|310|500|828
,18|310|501|829
,18|311|501|830
,18|311|502|831
,18|312|502|832
,18|312|503|833
,18|313|503|834
,18|313|504|835
,18|314|504|836
,18|315|504|837
,18|316|504|838
,19|316|504|839
,19|317|504|840
,19|317|505|841
,19|318|505|842
,19|318|506|843
,19|319|506|844
,20|319|506|845
,20|319|507|846
,20|319|508|847
,20|320|508|848
,20|320|509|849
,20|321|509|850
,20|321|510|851
,20|322|510|852
,20|322|511|853
,20|323|511|854
,20|323|512|855
,20|324|512|856
,20|324|513|857
,20|325|513|858
,20|325|514|859
,20|326|514|860
,21|326|514|861
,21|326|515|862
,21|326|516|863
,21|327|516|864
,21|327|517|865
,21|327|518|866
,21|327|519|867
,21|328|519|868
,21|328|520|869
,21|329|520|870
,22|329|520|871
,22|330|520|872
,22|330|521|873
,22|330|522|874
,22|330|523|875
,22|331|523|876
,22|331|524|877
,22|332|524|878
,22|332|525|879
,22|333|525|880
,22|333|526|881
,22|334|526|882
,22|334|527|883
,22|335|527|884
,22|335|528|885
,22|336|528|886
,22|336|529|887
,22|337|529|888
,22|337|530|889
,22|338|530|890
,22|338|531|891
,22|339|531|892
,22|339|532|893
,22|339|533|894
,22|339|534|895
,22|340|534|896
,22|340|535|897
,22|341|535|898
,22|341|536|899
,22|342|536|900
,22|342|537|901
,22|343|537|902
,22|343|538|903
,22|344|538|904
,22|344|539|905
,22|345|539|906
,22|345|540|907
,22|346|540|908
,22|346|541|909
,22|347|541|910
,22|348|541|911
,22|349|541|912
,22|349|542|913
,22|350|542|914
,22|350|543|915
,22|351|543|916
,22|351|544|917
,22|352|544|918
,22|353|544|919
,22|354|544|920
,22|354|545|921
,22|355|545|922
,22|355|546|923
,22|356|546|924
,22|356|547|925
,22|357|547|926
,22|357|548|927
,22|358|548|928
,22|358|549|929
,22|359|549|930
,22|359|550|931
,22|360|550|932
,22|360|551|933
,22|361|551|934
,22|361|552|935
,22|362|552|936
,22|363|552|937
,22|364|552|938
,22|364|553|939
,22|365|553|940
,22|365|554|941
,22|366|554|942
,22|366|555|943
,22|367|555|944
,22|367|556|945
,22|368|556|946
,22|368|557|947
,22|368|558|948
,23|368|558|949
,23|368|559|950
,23|368|560|951
,23|368|561|952
,23|368|562|953
,23|368|563|954
,23|368|564|955
,23|369|564|956
,23|369|565|957
,23|369|566|958
,23|369|567|959
,23|370|567|960
,23|370|568|961
,23|371|568|962
,23|371|569|963
,23|371|570|964
,23|371|571|965
,23|371|572|966
,23|372|572|967
,23|373|572|968
,23|373|573|969
,23|373|574|970
,23|373|575|971
,23|373|576|972
,23|373|577|973
,23|373|578|974
,24|373|578|975
,24|373|579|976
,24|373|580|977
,24|373|581|978
,24|374|581|979
,24|374|582|980
,24|374|583|981
,24|374|584|982
,24|374|585|983
,24|375|585|984
,24|375|586|985
,24|376|586|986
,24|376|587|987
,24|377|587|988
,24|377|588|989
,24|378|588|990
,24|378|589|991
,24|379|589|992
,24|379|590|993
,24|380|590|994
,24|381|590|995
,24|382|590|996
,24|383|590|997
,24|384|590|998
,24|384|591|999
,24|385|591|1000
,24|385|592|1001
,24|386|592|1002
,24|387|592|1003
,24|388|592|1004
,24|388|593|1005
,24|389|593|1006
,24|389|594|1007
,24|390|594|1008
,24|390|595|1009
,24|391|595|1010
,24|391|596|1011
,24|392|596|1012
,24|392|597|1013
,24|393|597|1014
,24|393|598|1015
,24|394|598|1016
,24|395|598|1017
,24|396|598|1018
,24|396|599|1019
,24|397|599|1020
,24|397|600|1021
,24|397|601|1022
,24|397|602|1023
,24|398|602|1024
,24|398|603|1025
,24|399|603|1026
,24|399|604|1027
,24|400|604|1028
,24|400|605|1029
,24|401|605|1030
,24|401|606|1031
,24|402|606|1032
,24|402|607|1033
,24|402|608|1034
,24|402|609|1035
,24|403|609|1036
,24|403|610|1037
,24|403|611|1038
,24|403|612|1039
,24|404|612|1040
,24|404|613|1041
,24|405|613|1042
,24|405|614|1043
,24|406|614|1044
,24|406|615|1045
,24|406|616|1046
,24|406|617|1047
,24|407|617|1048
,24|407|618|1049
,24|407|619|1050
,24|407|620|1051
,24|407|621|1052
,24|407|622|1053
,24|408|622|1054
,24|409|622|1055
,24|410|622|1056
,24|410|623|1057
,24|411|623|1058
,24|411|624|1059
,24|412|624|1060
,24|413|624|1061
,24|414|624|1062
,24|414|625|1063
,25|414|625|1064
,25|415|625|1065
,25|416|625|1066
,25|416|626|1067
,25|417|626|1068
,25|418|626|1069
,25|419|626|1070
,25|419|627|1071
,25|420|627|1072
,25|420|628|1073
,25|421|628|1074
,25|422|628|1075
,25|423|628|1076
,25|423|629|1077
,25|424|629|1078
,25|424|630|1079
,25|425|630|1080
,25|425|631|1081
,25|426|631|1082
,25|426|632|1083
,25|427|632|1084
,25|427|633|1085
,25|428|633|1086
,25|429|633|1087
,25|430|633|1088
,25|430|634|1089
,25|431|634|1090
,26|431|634|1091
,26|431|635|1092
,26|431|636|1093
,26|431|637|1094
,26|431|638|1095
,26|431|639|1096
,26|432|639|1097
,26|432|640|1098
,26|433|640|1099
,26|433|641|1100
,26|433|642|1101
,26|433|643|1102
,26|433|644|1103
,26|433|645|1104
,26|434|645|1105
,26|434|646|1106
,26|434|647|1107
,26|434|648|1108
,26|434|649|1109
,26|434|650|1110
,26|434|651|1111
,26|434|652|1112
,26|434|653|1113
,26|434|654|1114
,26|434|655|1115
,26|434|656|1116
,26|434|657|1117
,26|434|658|1118
,26|434|659|1119
,26|434|660|1120
,26|434|661|1121
,26|434|662|1122
,26|434|663|1123
,26|434|664|1124
,26|434|665|1125
,26|434|666|1126
,26|434|667|1127
,26|435|667|1128
,26|435|668|1129
,26|436|668|1130
,26|436|669|1131
,26|437|669|1132
,26|437|670|1133
,26|438|670|1134
,26|438|671|1135
,26|439|671|1136
,26|439|672|1137
,26|440|672|1138
,26|440|673|1139
,26|441|673|1140
,26|441|674|1141
,26|442|674|1142
,26|442|675|1143
,26|443|675|1144
,26|443|676|1145
,26|444|676|1146
,26|444|677|1147
,26|445|677|1148
,26|445|678|1149
,26|446|678|1150
,26|446|679|1151
,26|447|679|1152
,26|447|680|1153
,26|448|680|1154
,26|448|681|1155
,26|449|681|1156
,26|449|682|1157
,26|450|682|1158
,26|450|683|1159
,26|451|683|1160
,26|451|684|1161
,26|452|684|1162
,26|452|685|1163
,26|453|685|1164
,26|453|686|1165
,26|453|687|1166
,26|453|688|1167
,26|454|688|1168
,26|454|689|1169
,26|455|689|1170
,26|455|690|1171
,26|455|691|1172
,26|455|692|1173
,26|456|692|1174
,26|456|693|1175
,26|457|693|1176
,26|457|694|1177
,26|458|694|1178
,26|458|695|1179
,26|458|696|1180
,26|458|697|1181
,26|459|697|1182
,26|459|698|1183
,26|460|698|1184
,26|460|699|1185
,26|460|700|1186
,26|460|701|1187
,26|461|701|1188
,26|461|702|1189
,26|462|702|1190
,26|462|703|1191
,26|463|703|1192
,26|463|704|1193
,26|464|704|1194
,26|464|705|1195
,26|464|706|1196
,26|464|707|1197
,26|465|707|1198
,26|466|707|1199
,26|467|707|1200
,26|467|708|1201
,26|468|708|1202
,26|468|709|1203
,26|469|709|1204
,26|470|709|1205
,26|471|709|1206
,26|472|709|1207
,26|473|709|1208
,26|473|710|1209
,26|473|711|1210
,26|473|712|1211
,26|474|712|1212
,26|474|713|1213
,26|475|713|1214
,26|476|713|1215
,26|477|713|1216
,26|477|714|1217
,26|478|714|1218
,26|478|715|1219
,26|479|715|1220
,26|480|715|1221
,26|481|715|1222
,26|481|716|1223
,26|482|716|1224
,26|483|716|1225
,26|484|716|1226
,26|485|716|1227
,26|486|716|1228
,26|486|717|1229
,26|487|717|1230
,26|488|717|1231
,26|489|717|1232
,26|489|718|1233
,26|490|718|1234
,26|490|719|1235
,26|490|720|1236
,26|490|721|1237
,26|490|722|1238
,26|490|723|1239
,26|490|724|1240
,26|490|725|1241
,26|490|726|1242
,26|490|727|1243
,26|490|728|1244
,26|490|729|1245
,26|490|730|1246
,26|490|731|1247
,26|490|732|1248
,26|490|733|1249
,26|490|734|1250
,26|491|734|1251
,26|491|735|1252
,26|491|736|1253
,26|491|737|1254
,26|491|738|1255
,26|491|739|1256
,26|491|740|1257
,26|491|741|1258
,26|491|742|1259
,26|491|743|1260
,26|491|744|1261
,26|491|745|1262
,26|491|746|1263
,26|491|747|1264
,26|491|748|1265
,26|491|749|1266
,26|492|749|1267
,26|492|750|1268
,26|493|750|1269
,26|493|751|1270
,26|493|752|1271
,26|494|752|1272
,26|494|753|1273
,26|495|753|1274
,26|495|754|1275
,26|496|754|1276
,26|496|755|1277
,26|497|755|1278
,26|497|756|1279
,26|498|756|1280
,26|498|757|1281
,26|499|757|1282
,26|499|758|1283
,26|500|758|1284
,26|500|759|1285
,26|501|759|1286
,26|501|760|1287
,26|502|760|1288
,26|502|761|1289
,26|503|761|1290
,26|503|762|1291
,26|504|762|1292
,26|504|763|1293
,26|505|763|1294
,26|505|764|1295
,26|506|764|1296
,26|506|765|1297
,26|507|765|1298
,26|507|766|1299
,26|508|766|1300
,26|508|767|1301
,26|509|767|1302
,26|509|768|1303
,26|510|768|1304
,26|510|769|1305
,26|511|769|1306
,26|512|769|1307
,26|513|769|1308
,26|513|770|1309
,26|514|770|1310
,26|514|771|1311
,26|515|771|1312
,26|515|772|1313
,26|516|772|1314
,26|516|773|1315
,26|516|774|1316
,26|516|775|1317
,26|517|775|1318
,26|517|776|1319
,26|518|776|1320
,26|518|777|1321
,26|519|777|1322
,26|519|778|1323
,26|519|779|1324
,26|519|780|1325
,26|520|780|1326
,26|520|781|1327
,26|520|782|1328
,26|520|783|1329
,26|521|783|1330
,26|522|783|1331
,26|522|784|1332
,26|522|785|1333
,26|523|785|1334
,26|523|786|1335
,26|523|787|1336
,26|523|788|1337
,26|524|788|1338
,26|524|789|1339
,26|525|789|1340
,26|526|789|1341
,26|527|789|1342
,26|527|790|1343
,26|527|791|1344
,26|527|792|1345
,26|527|793|1346
,26|527|794|1347
,26|527|795|1348
,26|527|796|1349
,26|527|797|1350
,26|527|798|1351
,26|527|799|1352
,26|527|800|1353
,26|527|801|1354
,26|527|802|1355
,26|527|803|1356
,26|527|804|1357
,26|527|805|1358
,26|527|806|1359
,26|527|807|1360
,26|527|808|1361
,26|527|809|1362
,26|527|810|1363
,26|527|811|1364
,26|527|812|1365
,26|527|813|1366
,26|527|814|1367
,26|527|815|1368
,26|527|816|1369
,26|527|817|1370
,26|527|818|1371
,26|527|819|1372
,26|527|820|1373
,26|527|821|1374
,26|527|822|1375
,26|527|823|1376
,26|527|824|1377
,26|527|825|1378
,26|527|826|1379
,26|527|827|1380
,26|527|828|1381
,26|527|829|1382
,26|527|830|1383
,26|527|831|1384
,26|527|832|1385
,26|527|833|1386
,26|527|834|1387
,26|527|835|1388
,26|527|836|1389
,26|527|837|1390
,26|527|838|1391
,26|527|839|1392
,26|527|840|1393
,26|527|841|1394
,26|527|842|1395
,26|527|843|1396
,26|527|844|1397
,26|527|845|1398
,26|527|846|1399
,26|527|847|1400
,26|527|848|1401
,26|527|849|1402
,26|527|850|1403
,26|527|851|1404
,26|527|852|1405
,26|527|853|1406
,26|527|854|1407
,26|527|855|1408
,26|527|856|1409
,26|527|857|1410
,26|527|858|1411
,26|527|859|1412
,26|527|860|1413
,26|527|861|1414
,26|527|862|1415
,26|528|862|1416
,26|528|863|1417
,26|529|863|1418
,26|529|864|1419
,26|530|864|1420
,26|530|865|1421
,26|531|865|1422
,26|531|866|1423
,26|532|866|1424
,26|532|867|1425
,26|533|867|1426
,26|533|868|1427
,26|534|868|1428
,26|534|869|1429
,26|535|869|1430
,26|535|870|1431
,26|536|870|1432
,26|536|871|1433
,26|537|871|1434
,26|537|872|1435
,26|538|872|1436
,26|538|873|1437
,26|539|873|1438
,26|539|874|1439
,26|540|874|1440
,26|540|875|1441
,26|541|875|1442
,26|541|876|1443
,26|542|876|1444
,26|542|877|1445
,26|543|877|1446
,26|543|878|1447
,26|544|878|1448
,26|544|879|1449
,26|545|879|1450
,26|546|879|1451
,26|547|879|1452
,26|548|879|1453
,26|548|880|1454
,26|548|881|1455
,26|548|882|1456
,26|549|882|1457
,26|549|883|1458
,26|549|884|1459
,26|549|885|1460
,26|550|885|1461
,26|550|886|1462
,26|550|887|1463
,26|550|888|1464
,26|551|889|1466
,26|551|890|1467
,26|552|890|1468
,26|553|890|1469
,26|553|891|1470
,26|553|892|1471
,26|553|893|1472
,26|554|893|1473
,26|555|893|1474
,26|555|894|1475
,26|555|895|1476
,26|555|896|1477
,26|555|897|1478
,26|555|898|1479
,26|555|899|1480
,26|556|899|1481
,26|556|900|1482
,26|556|901|1483
,26|556|902|1484
,26|557|902|1485
,26|557|903|1486
,26|557|904|1487
,27|557|904|1488
,27|557|905|1489
,27|557|906|1490
,27|557|907|1491
,27|558|907|1492
,27|559|907|1493
,27|559|908|1494
,27|559|909|1495
,27|559|910|1496
,27|560|910|1497
,27|560|911|1498
,27|560|912|1499
,27|560|913|1500
,27|560|914|1501
,27|560|915|1502
,27|560|916|1503
,27|560|917|1504
,27|560|918|1505
,27|560|919|1506
,27|560|920|1507
,27|560|921|1508
,27|560|922|1509
,27|560|923|1510
,27|560|924|1511
,27|560|925|1512
,27|561|925|1513
,27|561|926|1514
,27|561|927|1515
,27|561|928|1516
,27|562|928|1517
,27|562|929|1518
,27|562|930|1519
,27|562|931|1520
,27|562|932|1521
,27|562|933|1522
,27|562|934|1523
,27|562|935|1524
,27|563|935|1525
,27|563|936|1526
,27|564|936|1527
,27|564|937|1528
,27|564|938|1529
,27|564|939|1530
,27|565|939|1531
,27|565|940|1532
,27|566|940|1533
,27|566|941|1534
,27|567|941|1535
,27|567|942|1536
,27|567|943|1537
,27|567|944|1538
,27|568|944|1539
,27|568|945|1540
,27|569|945|1541
,27|569|946|1542
,27|570|946|1543
,27|570|947|1544
,27|571|947|1545
,27|571|948|1546
,27|572|948|1547
,27|572|949|1548
,27|573|949|1549
,27|573|950|1550
,27|574|950|1551
,27|574|951|1552
,27|574|952|1553
,27|574|953|1554
,27|574|954|1555
,27|574|955|1556
,27|575|955|1557
,27|575|956|1558
,27|576|956|1559
,27|576|957|1560
,27|577|957|1561
,27|577|958|1562
,27|578|958|1563
,27|578|959|1564
,27|579|959|1565
,27|579|960|1566
,27|580|960|1567
,27|580|961|1568
,27|581|961|1569
,27|581|962|1570
,27|582|962|1571
,27|582|963|1572
,27|583|963|1573
,27|583|964|1574
,27|584|964|1575
,27|584|965|1576
,27|585|965|1577
,27|585|966|1578
,27|586|966|1579
,27|586|967|1580
,27|587|967|1581
,27|587|968|1582
,27|588|968|1583
,27|588|969|1584
,27|589|969|1585
,27|589|970|1586
,27|590|970|1587
,27|590|971|1588
,27|591|971|1589
,27|591|972|1590
,27|591|973|1591
,27|591|974|1592
,27|592|974|1593
,27|592|975|1594
,27|593|975|1595
,27|593|976|1596
,27|594|976|1597
,27|594|977|1598
,27|595|977|1599
,27|595|978|1600
,27|596|978|1601
,27|597|978|1602
,27|598|978|1603
,27|599|978|1604
,27|600|978|1605
,27|600|979|1606
,28|600|979|1607
,28|600|980|1608
,28|601|980|1609
,28|601|981|1610
,28|602|981|1611
,28|602|982|1612
,28|603|982|1613
,28|603|983|1614
,28|604|983|1615
,28|604|984|1616
,28|605|984|1617
,28|605|985|1618
,28|606|985|1619
,28|606|986|1620
,28|607|986|1621
,28|608|986|1622
,28|609|986|1623
,28|609|987|1624
,28|610|987|1625
,28|610|988|1626
,28|611|988|1627
,28|612|988|1628
,28|613|988|1629
,28|613|989|1630
,28|614|989|1631
,28|614|990|1632
,28|614|991|1633
,28|614|992|1634
,28|615|992|1635
,28|615|993|1636
,28|615|994|1637
,29|615|994|1638
,29|616|994|1639
,29|616|995|1640
,29|617|995|1641
,29|617|996|1642
,29|617|997|1643
,29|617|998|1644
,29|618|998|1645
,29|618|999|1646
,29|618|1000|1647
,29|618|1001|1648
,29|619|1001|1649
,29|619|1002|1650
,29|619|1003|1651
,29|619|1004|1652
,29|620|1004|1653
,30|620|1004|1654
,30|621|1004|1655
,31|621|1004|1656
,31|621|1005|1657
,31|621|1006|1658
,31|621|1007|1659
,32|621|1007|1660
,32|622|1007|1661
,32|622|1008|1662
,32|623|1008|1663
,32|623|1009|1664
,32|623|1010|1665
,32|623|1011|1666
,32|624|1011|1667
,32|625|1011|1668
,32|626|1011|1669
,32|626|1012|1670
,32|627|1012|1671
,32|627|1013|1672
,32|628|1013|1673
,32|628|1014|1674
,32|628|1015|1675
,32|628|1016|1676
,32|629|1016|1677
,32|629|1017|1678
,32|630|1017|1679
,32|630|1018|1680
,32|631|1018|1681
,32|631|1019|1682
,32|632|1019|1683
,32|632|1020|1684
,32|633|1020|1685
,32|633|1021|1686
,32|634|1021|1687
,32|634|1022|1688
,32|635|1022|1689
,32|636|1022|1690
,32|637|1022|1691
,32|637|1023|1692
,32|638|1023|1693
,32|638|1024|1694
,32|639|1024|1695
,32|639|1025|1696
,32|640|1025|1697
,32|640|1026|1698
,32|641|1026|1699
,32|642|1026|1700
,32|643|1026|1701
,32|643|1027|1702
,32|644|1027|1703
,32|644|1028|1704
,32|645|1028|1705
,32|645|1029|1706
,32|646|1029|1707
,32|646|1030|1708
,32|647|1030|1709
,32|647|1031|1710
,32|648|1031|1711
,32|648|1032|1712
,32|649|1032|1713
,32|649|1033|1714
,32|650|1033|1715
,32|650|1034|1716
,32|650|1035|1717
,32|650|1036|1718
,32|651|1036|1719
,32|651|1037|1720
,32|652|1037|1721
,32|652|1038|1722
,32|653|1038|1723
,32|653|1039|1724
,32|654|1039|1725
,32|654|1040|1726
,32|655|1040|1727
,32|655|1041|1728
,32|656|1041|1729
,32|656|1042|1730
,32|657|1042|1731
,32|657|1043|1732
,32|658|1043|1733
,32|658|1044|1734
,32|658|1045|1735
,32|658|1046|1736
,32|659|1046|1737
,32|659|1047|1738
,32|660|1047|1739
,32|660|1048|1740
,32|661|1048|1741
,32|661|1049|1742
,32|662|1049|1743
,32|662|1050|1744
,32|663|1050|1745
,32|664|1050|1746
,32|665|1050|1747
,32|666|1050|1748
,32|667|1050|1749
,32|668|1050|1750
,32|669|1050|1751
,32|669|1051|1752
,32|670|1051|1753
,32|670|1052|1754
,32|671|1052|1755
,32|671|1053|1756
,32|672|1053|1757
,32|672|1054|1758
,32|673|1054|1759
,32|673|1055|1760
,32|674|1055|1761
,32|675|1055|1762
,32|676|1055|1763
,32|676|1056|1764
,32|677|1056|1765
,32|678|1056|1766
,32|679|1056|1767
,32|679|1057|1768
,32|680|1057|1769
,32|680|1058|1770
,32|681|1058|1771
,32|681|1059|1772
,32|682|1059|1773
,32|683|1059|1774
,32|683|1060|1775
,33|683|1060|1776
,33|683|1061|1777
,33|683|1062|1778
,33|683|1063|1779
,34|683|1063|1780
,34|683|1064|1781
,34|684|1064|1782
,34|684|1065|1783
,34|684|1066|1784
,34|684|1067|1785
,34|684|1068|1786
,34|684|1069|1787
,34|684|1070|1788
,34|684|1071|1789
,34|685|1071|1790
,34|685|1072|1791
,35|685|1072|1792
,35|685|1073|1793
,35|685|1074|1794
,35|685|1075|1795
,35|686|1075|1796
,35|686|1076|1797
,36|686|1076|1798
,36|686|1077|1799
,36|686|1078|1800
,36|686|1079|1801
,37|686|1079|1802
,37|686|1080|1803
,37|686|1081|1804
,37|686|1082|1805
,37|686|1083|1806
,37|686|1084|1807
,38|686|1084|1808
,38|686|1085|1809
,38|686|1086|1810
,38|687|1086|1811
,38|687|1087|1812
,38|688|1087|1813
,38|688|1088|1814
,38|689|1088|1815
,38|689|1089|1816
,38|690|1089|1817
,38|690|1090|1818
,38|691|1090|1819
,38|691|1091|1820
,38|692|1091|1821
,38|692|1092|1822
,38|693|1092|1823
,38|693|1093|1824
,38|694|1093|1825
,38|694|1094|1826
,38|695|1094|1827
,38|695|1095|1828
,38|696|1095|1829
,38|696|1096|1830
,38|697|1096|1831
,38|697|1097|1832
,38|698|1097|1833
,38|698|1098|1834
,38|699|1098|1835
,38|699|1099|1836
,38|700|1099|1837
,38|700|1100|1838
,38|701|1100|1839
,38|701|1101|1840
,38|702|1101|1841
,38|702|1102|1842
,38|703|1102|1843
,38|703|1103|1844
,38|704|1103|1845
,38|704|1104|1846
,38|704|1105|1847
,38|704|1106|1848
,38|705|1106|1849
,38|705|1107|1850
,38|706|1107|1851
,38|706|1108|1852
,38|707|1108|1853
,38|707|1109|1854
,38|708|1109|1855
,38|708|1110|1856
,38|709|1110|1857
,38|709|1111|1858
,38|710|1111|1859
,38|710|1112|1860
,38|711|1112|1861
,38|711|1113|1862
,38|711|1114|1863
,38|711|1115|1864
,38|712|1115|1865
,38|712|1116|1866
,38|713|1116|1867
,38|713|1117|1868
,38|714|1117|1869
,38|714|1118|1870
,38|715|1118|1871
,38|715|1119|1872
,38|716|1119|1873
,38|716|1120|1874
,38|717|1120|1875
,38|717|1121|1876
,38|718|1121|1877
,38|718|1122|1878
,38|718|1123|1879
,38|718|1124|1880
,38|718|1125|1881
,38|718|1126|1882
,38|719|1126|1883
,38|719|1127|1884
,38|720|1127|1885
,38|720|1128|1886
,38|721|1128|1887
,38|721|1129|1888
,38|722|1129|1889
,38|723|1129|1890
,38|724|1129|1891
,38|724|1130|1892
,38|725|1130|1893
,38|725|1131|1894
,38|726|1131|1895
,38|726|1132|1896
,38|727|1132|1897
,38|727|1133|1898
,38|728|1133|1899
,38|728|1134|1900
,38|729|1134|1901
,38|729|1135|1902
,38|730|1135|1903
,38|730|1136|1904
,38|731|1136|1905
,38|731|1137|1906
,38|732|1137|1907
,38|732|1138|1908
,38|733|1138|1909
,38|733|1139|1910
,38|734|1139|1911
,38|734|1140|1912
,38|735|1140|1913
,38|735|1141|1914
,38|736|1141|1915
,38|736|1142|1916
,38|737|1142|1917
,38|737|1143|1918
,38|737|1144|1919
,38|737|1145|1920
,38|737|1146|1921
,38|737|1147|1922
,38|737|1148|1923
,38|737|1149|1924
,38|737|1150|1925
,38|738|1150|1926
,38|738|1151|1927
,38|738|1152|1928
,38|738|1153|1929
,38|738|1154|1930
,38|738|1155|1931
,38|738|1156|1932
,38|738|1157|1933
,38|739|1157|1934
,38|739|1158|1935
,39|739|1158|1936
,39|739|1159|1937
,39|739|1160|1938
,39|739|1161|1939
,39|739|1162|1940
,39|739|1163|1941
,39|740|1163|1942
,39|740|1164|1943
,39|740|1165|1944
,39|740|1166|1945
,39|740|1167|1946
,39|740|1168|1947
,39|740|1169|1948
,39|740|1170|1949
,39|740|1171|1950
,39|740|1172|1951
,39|740|1173|1952
,39|740|1174|1953
,39|740|1175|1954
,39|741|1175|1955
,39|741|1176|1956
,39|742|1176|1957
,39|742|1177|1958
,39|743|1177|1959
,39|743|1178|1960
,39|744|1178|1961
,39|744|1179|1962
,39|745|1179|1963
,39|745|1180|1964
,39|746|1180|1965
,39|746|1181|1966
,39|747|1181|1967
,39|747|1182|1968
,39|748|1182|1969
,39|748|1183|1970
,39|749|1183|1971
,39|749|1184|1972
,39|750|1184|1973
,39|750|1185|1974
,39|751|1185|1975
,39|751|1186|1976
,39|752|1186|1977
,39|752|1187|1978
,39|753|1187|1979
,39|753|1188|1980
,39|754|1188|1981
,39|754|1189|1982
,39|755|1189|1983
,39|755|1190|1984
,39|756|1190|1985
,39|756|1191|1986
,39|757|1191|1987
,39|757|1192|1988
,39|758|1192|1989
,39|758|1193|1990
,39|758|1194|1991
,39|759|1194|1992
,39|760|1194|1993
,39|760|1195|1994
,39|761|1195|1995
,39|761|1196|1996
,39|762|1196|1997
,39|763|1196|1998
,39|763|1197|1999
,39|763|1198|2000
