total
,0|0|1|1
,0|1|1|2
,0|1|2|3
,0|2|2|4
,0|3|2|5
,0|4|2|6
,0|4|3|7
,0|5|3|8
,0|5|4|9
,0|6|4|10
,0|6|5|11
,0|7|5|12
,0|8|5|13
,0|9|5|14
,0|9|6|15
,0|10|6|16
,0|10|7|17
,0|11|7|18
,0|11|8|19
,0|12|8|20
,1|12|8|21
,1|12|9|22
,1|12|10|23
,1|13|10|24
,1|13|11|25
,1|14|11|26
,1|14|12|27
,1|15|12|28
,1|15|13|29
,1|16|13|30
,1|16|14|31
,1|17|14|32
,1|17|15|33
,1|18|15|34
,1|19|15|35
,1|20|15|36
,1|20|16|37
,1|21|16|38
,1|21|17|39
,1|22|17|40
,1|22|18|41
,1|23|18|42
,1|23|19|43
,1|24|19|44
,1|24|20|45
,1|25|20|46
,1|25|21|47
,1|26|21|48
,1|26|22|49
,1|27|22|50
,2|27|22|51
,2|28|22|52
,2|28|23|53
,2|29|23|54
,2|29|24|55
,2|30|24|56
,2|30|25|57
,2|31|25|58
,2|31|26|59
,2|31|27|60
,2|31|28|61
,2|32|28|62
,2|32|29|63
,2|33|29|64
,2|33|30|65
,2|34|30|66
,2|34|31|67
,2|34|32|68
,2|34|33|69
,2|35|33|70
,2|35|34|71
,2|36|34|72
,2|36|35|73
,2|36|36|74
,2|36|37|75
,2|37|37|76
,2|37|38|77
,2|38|38|78
,2|38|39|79
,2|38|40|80
,2|38|41|81
,2|39|41|82
,2|39|42|83
,2|40|42|84
,2|40|43|85
,2|41|43|86
,2|41|44|87
,2|42|44|88
,2|42|45|89
,2|43|45|90
,2|43|46|91
,2|44|46|92
,2|44|47|93
,2|45|47|94
,2|45|48|95
,2|46|48|96
,3|46|48|97
,3|47|48|98
,3|47|49|99
,3|48|49|100
,3|48|50|101
,3|49|50|102
,3|49|51|103
,3|50|51|104
,3|50|52|105
,3|51|52|106
,3|51|53|107
,3|52|53|108
,3|52|54|109
,3|53|54|110
,3|53|55|111
,3|54|55|112
,3|54|56|113
,3|55|56|114
,3|55|57|115
,3|56|57|116
,3|56|58|117
,3|57|58|118
,3|57|59|119
,3|58|59|120
,3|58|60|121
,3|59|60|122
,3|59|61|123
,3|60|61|124
,3|60|62|125
,3|61|62|126
,3|61|63|127
,3|62|63|128
,3|62|64|129
,3|63|64|130
,3|63|65|131
,3|64|65|132
,3|64|66|133
,3|65|66|134
,3|65|67|135
,3|66|67|136
,3|66|68|137
,3|67|68|138
,3|67|69|139
,3|68|69|140
,3|68|70|141
,3|69|70|142
,3|69|71|143
,3|70|71|144
,3|70|72|145
,3|71|72|146
,3|71|73|147
,3|72|73|148
,3|72|74|149
,3|73|74|150
,3|73|75|151
,3|74|75|152
,3|74|76|153
,3|75|76|154
,3|75|77|155
,3|76|77|156
,3|76|78|157
,3|77|78|158
,3|77|79|159
,3|78|79|160
,3|78|80|161
,3|79|80|162
,3|79|81|163
,3|80|81|164
,3|80|82|165
,3|81|82|166
,3|81|83|167
,3|82|83|168
,3|82|84|169
,3|83|84|170
,3|83|85|171
,3|84|85|172
,3|84|86|173
,3|85|86|174
,3|85|87|175
,3|86|87|176
,3|86|88|177
,3|87|88|178
,3|87|89|179
,3|88|89|180
,3|88|90|181
,3|89|90|182
,3|89|91|183
,3|90|91|184
,3|90|92|185
,3|91|92|186
,3|91|93|187
,3|92|93|188
,3|92|94|189
,3|93|94|190
,3|93|95|191
,3|94|95|192
,3|94|96|193
,3|95|96|194
,3|95|97|195
,3|96|97|196
,3|96|98|197
,3|97|98|198
,3|97|99|199
,3|98|99|200
,3|98|100|201
,3|99|100|202
,3|99|101|203
,3|100|101|204
,3|100|102|205
,3|101|102|206
,3|101|103|207
,3|102|103|208
,3|102|104|209
,3|103|104|210
,3|103|105|211
,3|104|105|212
,3|104|106|213
,3|105|106|214
,3|105|107|215
,3|106|107|216
,3|106|108|217
,3|107|108|218
,3|107|109|219
,3|108|109|220
,3|108|110|221
,3|109|110|222
,3|109|111|223
,3|110|111|224
,3|110|112|225
,3|111|112|226
,3|111|113|227
,3|112|113|228
,3|112|114|229
,3|113|114|230
,3|113|115|231
,3|114|115|232
,4|114|115|233
,4|115|115|234
,4|115|116|235
,4|116|116|236
,4|116|117|237
,4|117|117|238
,4|117|118|239
,4|118|118|240
,5|118|118|241
,5|119|118|242
,6|119|118|243
,6|120|118|244
,6|120|119|245
,6|121|119|246
,7|121|119|247
,7|122|119|248
,7|122|120|249
,7|123|120|250
,8|123|120|251
,8|124|120|252
,8|124|121|253
,8|125|121|254
,8|125|122|255
,8|126|122|256
,8|126|123|257
,8|127|123|258
,8|127|124|259
,8|128|124|260
,8|128|125|261
,8|129|125|262
,8|129|126|263
,8|130|126|264
,8|130|127|265
,8|131|127|266
,8|131|128|267
,8|132|128|268
,9|132|128|269
,9|133|128|270
,9|133|129|271
,9|134|129|272
,9|134|130|273
,9|135|130|274
,9|135|131|275
,9|136|131|276
,9|136|132|277
,9|137|132|278
,9|137|133|279
,9|138|133|280
,9|138|134|281
,9|139|134|282
,9|139|135|283
,9|140|135|284
,9|140|136|285
,9|141|136|286
,9|141|137|287
,9|142|137|288
,9|142|138|289
,9|143|138|290
,9|143|139|291
,9|144|139|292
,9|144|140|293
,9|145|140|294
,9|145|141|295
,9|146|141|296
,9|146|142|297
,9|147|142|298
,9|147|143|299
,9|148|143|300
,9|148|144|301
,9|149|144|302
,9|149|145|303
,9|150|145|304
,9|150|146|305
,9|151|146|306
,9|151|147|307
,9|152|147|308
,9|152|148|309
,9|153|148|310
,9|153|149|311
,9|154|149|312
,9|154|150|313
,9|155|150|314
,9|155|151|315
,9|156|151|316
,9|156|152|317
,9|157|152|318
,9|157|153|319
,9|158|153|320
,9|158|154|321
,9|159|154|322
,9|159|155|323
,9|160|155|324
,9|160|156|325
,9|161|156|326
,9|161|157|327
,9|162|157|328
,9|162|158|329
,9|163|158|330
,9|163|159|331
,9|164|159|332
,9|164|160|333
,9|165|160|334
,9|165|161|335
,9|166|161|336
,9|166|162|337
,9|167|162|338
,9|167|163|339
,9|168|163|340
,9|168|164|341
,9|169|164|342
,9|169|165|343
,9|170|165|344
,9|170|166|345
,9|171|166|346
,9|171|167|347
,9|172|167|348
,9|172|168|349
,9|173|168|350
,9|173|169|351
,9|174|169|352
,9|174|170|353
,9|175|170|354
,9|175|171|355
,9|176|171|356
,9|176|172|357
,9|177|172|358
,9|177|173|359
,9|178|173|360
,9|178|174|361
,9|179|174|362
,9|179|175|363
,9|180|175|364
,9|180|176|365
,9|181|176|366
,9|181|177|367
,9|182|177|368
,9|182|178|369
,9|183|178|370
,9|183|179|371
,9|184|179|372
,9|184|180|373
,9|185|180|374
,9|185|181|375
,9|186|181|376
,9|186|182|377
,9|187|182|378
,9|187|183|379
,9|188|183|380
,9|188|184|381
,9|189|184|382
,9|189|185|383
,9|190|185|384
,9|190|186|385
,9|190|187|386
,9|190|188|387
,9|190|189|388
,9|190|190|389
,9|190|191|390
,9|190|192|391
,9|190|193|392
,9|190|194|393
,9|190|195|394
,10|190|195|395
,10|190|196|396
,10|190|197|397
,10|190|198|398
,10|190|199|399
,10|190|200|400
,11|190|200|401
,11|190|201|402
,11|190|202|403
,11|190|203|404
,11|190|204|405
,11|190|205|406
,11|190|206|407
,11|190|207|408
,12|190|207|409
,12|190|208|410
,12|190|209|411
,12|190|210|412
,12|190|211|413
,12|190|212|414
,12|190|213|415
,12|190|214|416
,12|190|215|417
,12|190|216|418
,12|191|216|419
,12|191|217|420
,12|191|218|421
,12|191|219|422
,12|191|220|423
,12|192|220|424
,12|192|221|425
,12|193|221|426
,12|193|222|427
,12|194|222|428
,12|194|223|429
,12|195|223|430
,12|195|224|431
,12|196|224|432
,12|196|225|433
,12|197|225|434
,12|197|226|435
,12|198|226|436
,12|198|227|437
,12|199|227|438
,12|199|228|439
,12|200|228|440
,12|200|229|441
,12|201|229|442
,12|201|230|443
,12|202|230|444
,12|202|231|445
,12|203|231|446
,12|203|232|447
,12|204|232|448
,12|204|233|449
,12|205|233|450
,12|205|234|451
,12|206|234|452
,12|206|235|453
,12|207|235|454
,12|207|236|455
,12|208|236|456
,12|208|237|457
,12|209|237|458
,12|209|238|459
,12|210|238|460
,12|210|239|461
,12|211|239|462
,12|211|240|463
,12|212|240|464
,12|212|241|465
,12|213|241|466
,12|213|242|467
,12|214|242|468
,12|214|243|469
,12|215|243|470
,12|215|244|471
,12|216|244|472
,12|216|245|473
,12|217|245|474
,12|217|246|475
,12|218|246|476
,12|218|247|477
,12|219|247|478
,12|219|248|479
,12|220|248|480
,12|220|249|481
,12|221|249|482
,12|221|250|483
,12|222|250|484
,12|222|251|485
,12|223|251|486
,12|223|252|487
,12|224|252|488
,12|224|253|489
,12|225|253|490
,12|225|254|491
,12|226|254|492
,12|226|255|493
,12|227|255|494
,12|227|256|495
,12|228|256|496
,12|228|257|497
,12|229|257|498
,12|230|257|499
,12|231|257|500
,12|231|258|501
,12|232|258|502
,12|232|259|503
,12|233|259|504
,12|233|260|505
,12|234|260|506
,12|234|261|507
,12|235|261|508
,12|235|262|509
,12|236|262|510
,12|236|263|511
,12|237|263|512
,12|237|264|513
,12|238|264|514
,12|238|265|515
,12|239|265|516
,12|239|266|517
,12|240|266|518
,12|240|267|519
,12|241|267|520
,12|241|268|521
,12|242|268|522
,12|242|269|523
,12|243|269|524
,12|243|270|525
,12|244|270|526
,12|244|271|527
,12|245|271|528
,12|245|272|529
,12|246|272|530
,12|246|273|531
,12|247|273|532
,12|247|274|533
,12|248|274|534
,12|248|275|535
,12|249|275|536
,12|249|276|537
,12|249|277|538
,12|249|278|539
,12|250|278|540
,12|250|279|541
,12|251|279|542
,12|251|280|543
,12|252|280|544
,12|252|281|545
,12|253|281|546
,13|253|281|547
,13|253|282|548
,13|253|283|549
,13|254|283|550
,13|254|284|551
,13|254|285|552
,13|254|286|553
,13|255|286|554
,13|255|287|555
,13|255|288|556
,13|255|289|557
,13|256|289|558
,13|256|290|559
,13|256|291|560
,13|256|292|561
,13|257|292|562
,13|257|293|563
,13|258|293|564
,13|258|294|565
,13|259|294|566
,13|259|295|567
,13|259|296|568
,13|259|297|569
,13|259|298|570
,14|259|298|571
,14|259|299|572
,14|259|300|573
,14|260|300|574
,14|260|301|575
,14|261|301|576
,14|261|302|577
,14|262|302|578
,14|262|303|579
,14|263|303|580
,14|263|304|581
,14|264|304|582
,14|264|305|583
,14|265|305|584
,14|265|306|585
,14|266|306|586
,14|266|307|587
,14|267|307|588
,14|267|308|589
,14|268|308|590
,14|268|309|591
,14|269|309|592
,14|269|310|593
,14|270|310|594
,14|270|311|595
,14|271|311|596
,14|271|312|597
,14|272|312|598
,14|272|313|599
,14|273|313|600
,14|273|314|601
,14|274|314|602
,14|274|315|603
,14|275|315|604
,14|275|316|605
,14|276|316|606
,14|276|317|607
,14|277|317|608
,14|277|318|609
,14|278|318|610
,14|278|319|611
,14|279|319|612
,14|279|320|613
,14|280|320|614
,14|280|321|615
,14|281|321|616
,14|281|322|617
,14|282|322|618
,14|282|323|619
,14|283|323|620
,14|283|324|621
,14|284|324|622
,15|284|324|623
,15|285|324|624
,15|285|325|625
,15|286|325|626
,15|286|326|627
,15|287|326|628
,15|287|327|629
,15|288|327|630
,15|288|328|631
,15|288|329|632
,15|288|330|633
,15|289|330|634
,15|289|331|635
,15|290|331|636
,15|290|332|637
,15|291|332|638
,15|291|333|639
,15|292|333|640
,15|292|334|641
,15|293|334|642
,15|293|335|643
,15|294|335|644
,15|294|336|645
,15|295|336|646
,15|295|337|647
,15|296|337|648
,15|296|338|649
,15|297|338|650
,15|297|339|651
,15|298|339|652
,15|298|340|653
,15|298|341|654
,15|298|342|655
,15|299|342|656
,15|299|343|657
,15|300|343|658
,15|300|344|659
,15|301|344|660
,15|301|345|661
,15|302|345|662
,15|303|345|663
,15|303|346|664
,15|303|347|665
,15|303|348|666
,15|303|349|667
,15|304|349|668
,15|304|350|669
,15|305|350|670
,15|305|351|671
,15|305|352|672
,15|305|353|673
,15|306|353|674
,15|306|354|675
,15|307|354|676
,15|307|355|677
,15|307|356|678
,15|307|357|679
,15|307|358|680
,15|307|359|681
,15|307|360|682
,15|307|361|683
,15|307|362|684
,15|307|363|685
,15|307|364|686
,15|307|365|687
,15|308|365|688
,15|308|366|689
,15|309|366|690
,15|309|367|691
,15|310|367|692
,15|310|368|693
,15|311|368|694
,15|311|369|695
,15|312|369|696
,15|312|370|697
,15|313|370|698
,15|313|371|699
,15|313|372|700
,15|314|372|701
,15|315|372|702
,15|315|373|703
,15|315|374|704
,15|315|375|705
,15|316|375|706
,15|316|376|707
,15|316|377|708
,15|316|378|709
,15|316|379|710
,15|316|380|711
,15|317|380|712
,15|317|381|713
,15|318|381|714
,15|318|382|715
,15|319|382|716
,15|319|383|717
,15|319|384|718
,15|319|385|719
,15|319|386|720
,15|319|387|721
,15|320|387|722
,15|320|388|723
,15|320|389|724
,15|320|390|725
,15|320|391|726
,15|320|392|727
,15|321|392|728
,15|321|393|729
,15|322|393|730
,15|322|394|731
,15|323|394|732
,15|323|395|733
,15|324|395|734
,15|324|396|735
,15|325|396|736
,15|325|397|737
,15|326|397|738
,15|326|398|739
,15|327|398|740
,15|327|399|741
,15|328|399|742
,15|328|400|743
,15|329|400|744
,15|329|401|745
,15|330|401|746
,15|330|402|747
,15|331|402|748
,15|331|403|749
,15|332|403|750
,15|332|404|751
,15|333|404|752
,15|333|405|753
,15|334|405|754
,15|334|406|755
,15|335|406|756
,15|335|407|757
,15|336|407|758
,15|336|408|759
,15|337|408|760
,15|337|409|761
,15|338|409|762
,15|338|410|763
,15|339|410|764
,15|339|411|765
,15|340|411|766
,15|340|412|767
,15|341|412|768
,15|341|413|769
,15|342|413|770
,15|342|414|771
,15|343|414|772
,15|343|415|773
,15|344|415|774
,15|344|416|775
,15|345|416|776
,15|345|417|777
,15|346|417|778
,15|346|418|779
,15|347|418|780
,15|347|419|781
,15|348|419|782
,15|348|420|783
,15|349|420|784
,15|349|421|785
,15|350|421|786
,15|350|422|787
,15|351|422|788
,15|351|423|789
,15|352|423|790
,15|352|424|791
,15|353|424|792
,15|353|425|793
,15|354|425|794
,15|354|426|795
,15|355|426|796
,15|355|427|797
,15|356|427|798
,15|356|428|799
,15|357|428|800
,15|357|429|801
,15|358|429|802
,15|358|430|803
,15|359|430|804
,15|359|431|805
,15|360|431|806
,15|360|432|807
,15|361|432|808
,15|361|433|809
,15|362|433|810
,15|362|434|811
,15|363|434|812
,15|363|435|813
,15|364|435|814
,15|364|436|815
,15|365|436|816
,15|365|437|817
,15|366|437|818
,15|366|438|819
,15|367|438|820
,15|367|439|821
,15|368|439|822
,15|368|440|823
,15|369|440|824
,15|369|441|825
,15|370|441|826
,15|370|442|827
,15|371|442|828
,15|371|443|829
,15|372|443|830
,15|372|444|831
,15|373|444|832
,15|373|445|833
,15|374|445|834
,15|374|446|835
,15|375|446|836
,15|375|447|837
,15|376|447|838
,15|376|448|839
,15|377|448|840
,15|377|449|841
,15|378|449|842
,15|378|450|843
,15|379|450|844
,15|379|451|845
,15|380|451|846
,15|380|452|847
,15|381|452|848
,15|381|453|849
,15|382|453|850
,15|382|454|851
,15|383|454|852
,15|383|455|853
,15|384|455|854
,15|384|456|855
,15|385|456|856
,15|385|457|857
,15|386|457|858
,15|386|458|859
,15|387|458|860
,15|387|459|861
,15|388|459|862
,15|388|460|863
,15|389|460|864
,15|389|461|865
,15|390|461|866
,15|390|462|867
,15|391|462|868
,15|391|463|869
,15|392|463|870
,15|392|464|871
,15|393|464|872
,15|393|465|873
,15|394|465|874
,15|394|466|875
,15|395|466|876
,15|395|467|877
,15|396|467|878
,15|396|468|879
,15|397|468|880
,15|397|469|881
,15|398|469|882
,15|398|470|883
,15|399|470|884
,15|399|471|885
,15|400|471|886
,15|400|472|887
,15|401|472|888
,15|401|473|889
,15|402|473|890
,15|402|474|891
,15|403|474|892
,15|403|475|893
,15|404|475|894
,15|404|476|895
,15|405|476|896
,15|405|477|897
,15|406|477|898
,15|406|478|899
,15|407|478|900
,15|407|479|901
,15|408|479|902
,15|408|480|903
,15|409|480|904
,15|409|481|905
,15|410|481|906
,15|410|482|907
,15|411|482|908
,15|411|483|909
,15|412|483|910
,15|412|484|911
,15|413|484|912
,15|413|485|913
,15|414|485|914
,15|414|486|915
,15|415|486|916
,15|415|487|917
,15|416|487|918
,15|416|488|919
,15|417|488|920
,15|417|489|921
,15|418|489|922
,15|418|490|923
,15|419|490|924
,15|419|491|925
,15|420|491|926
,15|420|492|927
,15|421|492|928
,15|421|493|929
,15|422|493|930
,15|422|494|931
,15|423|494|932
,15|423|495|933
,15|424|495|934
,15|424|496|935
,15|425|496|936
,15|425|497|937
,15|426|497|938
,15|426|498|939
,15|427|498|940
,15|427|499|941
,15|428|499|942
,15|428|500|943
,15|429|500|944
,15|429|501|945
,15|430|501|946
,15|430|502|947
,15|431|502|948
,15|431|503|949
,15|432|503|950
,15|432|504|951
,15|433|504|952
,15|433|505|953
,15|434|505|954
,15|434|506|955
,15|435|506|956
,15|435|507|957
,15|436|507|958
,15|436|508|959
,15|437|508|960
,15|437|509|961
,15|438|509|962
,15|438|510|963
,15|439|510|964
,15|439|511|965
,15|440|511|966
,16|440|511|967
,16|441|511|968
,17|441|511|969
,17|442|511|970
,17|442|512|971
,17|443|512|972
,18|443|512|973
,18|444|512|974
,19|444|512|975
,19|445|512|976
,19|445|513|977
,19|446|513|978
,20|446|513|979
,20|447|513|980
,21|447|513|981
,21|448|513|982
,21|448|514|983
,21|449|514|984
,21|449|515|985
,21|450|515|986
,21|450|516|987
,21|451|516|988
,21|451|517|989
,21|452|517|990
,21|452|518|991
,21|453|518|992
,21|453|519|993
,21|454|519|994
,21|454|520|995
,21|455|520|996
,21|455|521|997
,21|456|521|998
,21|456|522|999
,21|457|522|1000
,21|457|523|1001
,21|458|523|1002
,21|458|524|1003
,21|459|524|1004
,21|459|525|1005
,21|460|525|1006
,21|460|526|1007
,21|461|526|1008
,21|461|527|1009
,21|462|527|1010
,21|462|528|1011
,21|463|528|1012
,21|463|529|1013
,21|464|529|1014
,21|464|530|1015
,21|465|530|1016
,21|465|531|1017
,21|466|531|1018
,21|466|532|1019
,21|467|532|1020
,21|467|533|1021
,21|468|533|1022
,21|468|534|1023
,21|469|534|1024
,21|469|535|1025
,21|470|535|1026
,21|470|536|1027
,21|471|536|1028
,21|471|537|1029
,21|472|537|1030
,21|472|538|1031
,21|473|538|1032
,21|473|539|1033
,21|474|539|1034
,21|474|540|1035
,21|475|540|1036
,21|475|541|1037
,21|476|541|1038
,21|476|542|1039
,21|477|542|1040
,21|477|543|1041
,21|478|543|1042
,21|478|544|1043
,21|479|544|1044
,21|479|545|1045
,21|480|545|1046
,21|480|546|1047
,21|481|546|1048
,21|481|547|1049
,21|482|547|1050
,21|482|548|1051
,21|483|548|1052
,21|483|549|1053
,21|484|549|1054
,21|484|550|1055
,21|485|550|1056
,21|485|551|1057
,21|486|551|1058
,21|486|552|1059
,21|487|552|1060
,21|487|553|1061
,21|488|553|1062
,21|488|554|1063
,21|489|554|1064
,21|489|555|1065
,21|490|555|1066
,21|490|556|1067
,21|491|556|1068
,21|491|557|1069
,21|492|557|1070
,21|492|558|1071
,21|493|558|1072
,21|493|559|1073
,21|494|559|1074
,21|494|560|1075
,21|495|560|1076
,21|495|561|1077
,21|496|561|1078
,21|496|562|1079
,21|497|562|1080
,21|497|563|1081
,21|498|563|1082
,21|498|564|1083
,21|499|564|1084
,21|499|565|1085
,21|500|565|1086
,21|500|566|1087
,21|501|566|1088
,21|501|567|1089
,21|502|567|1090
,22|502|567|1091
,22|502|568|1092
,23|502|568|1093
,23|502|569|1094
,23|502|570|1095
,23|502|571|1096
,23|502|572|1097
,23|502|573|1098
,23|502|574|1099
,23|502|575|1100
,23|502|576|1101
,23|502|577|1102
,23|502|578|1103
,23|502|579|1104
,23|502|580|1105
,23|502|581|1106
,23|502|582|1107
,23|502|583|1108
,23|502|584|1109
,23|502|585|1110
,23|502|586|1111
,23|502|587|1112
,24|502|587|1113
,24|502|588|1114
,24|502|589|1115
,24|502|590|1116
,24|502|591|1117
,24|502|592|1118
,24|502|593|1119
,24|502|594|1120
,24|502|595|1121
,24|502|596|1122
,25|502|596|1123
,25|502|597|1124
,25|502|598|1125
,25|502|599|1126
,25|502|600|1127
,25|503|600|1128
,25|503|601|1129
,25|504|601|1130
,25|504|602|1131
,25|505|602|1132
,25|505|603|1133
,25|506|603|1134
,25|506|604|1135
,25|507|604|1136
,25|507|605|1137
,25|508|605|1138
,25|508|606|1139
,25|509|606|1140
,25|509|607|1141
,25|510|607|1142
,25|510|608|1143
,25|511|608|1144
,25|511|609|1145
,25|512|609|1146
,25|512|610|1147
,25|513|610|1148
,25|513|611|1149
,25|514|611|1150
,25|514|612|1151
,25|515|612|1152
,25|515|613|1153
,25|516|613|1154
,25|516|614|1155
,25|517|614|1156
,25|517|615|1157
,25|518|615|1158
,25|518|616|1159
,25|519|616|1160
,25|519|617|1161
,25|520|617|1162
,25|520|618|1163
,25|521|618|1164
,25|521|619|1165
,25|522|619|1166
,25|522|620|1167
,25|523|620|1168
,25|523|621|1169
,25|524|621|1170
,25|524|622|1171
,25|525|622|1172
,25|525|623|1173
,25|526|623|1174
,25|526|624|1175
,25|527|624|1176
,25|527|625|1177
,25|528|625|1178
,25|528|626|1179
,25|529|626|1180
,25|529|627|1181
,25|530|627|1182
,25|530|628|1183
,25|531|628|1184
,25|531|629|1185
,25|532|629|1186
,25|532|630|1187
,25|533|630|1188
,25|533|631|1189
,25|534|631|1190
,25|534|632|1191
,25|535|632|1192
,25|535|633|1193
,25|536|633|1194
,25|536|634|1195
,25|537|634|1196
,25|537|635|1197
,25|538|635|1198
,25|538|636|1199
,25|539|636|1200
,25|539|637|1201
,25|540|637|1202
,25|540|638|1203
,25|541|638|1204
,25|541|639|1205
,25|542|639|1206
,25|542|640|1207
,25|543|640|1208
,25|543|641|1209
,25|544|641|1210
,25|544|642|1211
,25|545|642|1212
,25|545|643|1213
,25|546|643|1214
,25|546|644|1215
,25|547|644|1216
,25|547|645|1217
,25|548|645|1218
,25|548|646|1219
,25|549|646|1220
,25|549|647|1221
,25|550|647|1222
,25|550|648|1223
,25|551|648|1224
,25|551|649|1225
,25|552|649|1226
,25|552|650|1227
,25|553|650|1228
,25|553|651|1229
,25|554|651|1230
,25|554|652|1231
,25|555|652|1232
,25|555|653|1233
,25|556|653|1234
,25|556|654|1235
,25|556|655|1236
,25|556|656|1237
,25|557|656|1238
,25|557|657|1239
,25|558|657|1240
,25|558|658|1241
,25|559|658|1242
,26|559|658|1243
,26|559|659|1244
,26|559|660|1245
,26|559|661|1246
,26|559|662|1247
,26|559|663|1248
,26|559|664|1249
,26|560|664|1250
,27|560|664|1251
,27|560|665|1252
,27|560|666|1253
,27|561|666|1254
,27|561|667|1255
,27|561|668|1256
,27|561|669|1257
,27|561|670|1258
,27|561|671|1259
,27|562|671|1260
,27|562|672|1261
,27|563|672|1262
,27|563|673|1263
,27|563|674|1264
,27|563|675|1265
,27|563|676|1266
,27|563|677|1267
,27|563|678|1268
,27|563|679|1269
,27|564|679|1270
,27|564|680|1271
,27|565|680|1272
,27|565|681|1273
,27|566|681|1274
,27|566|682|1275
,27|567|682|1276
,27|567|683|1277
,27|568|683|1278
,27|568|684|1279
,27|569|684|1280
,27|569|685|1281
,27|570|685|1282
,27|570|686|1283
,27|571|686|1284
,27|571|687|1285
,27|572|687|1286
,27|572|688|1287
,27|573|688|1288
,27|573|689|1289
,27|574|689|1290
,27|574|690|1291
,27|575|690|1292
,27|575|691|1293
,27|576|691|1294
,27|576|692|1295
,27|577|692|1296
,27|577|693|1297
,27|578|693|1298
,27|578|694|1299
,27|579|694|1300
,27|579|695|1301
,27|580|695|1302
,27|580|696|1303
,27|581|696|1304
,27|581|697|1305
,27|582|697|1306
,27|582|698|1307
,27|583|698|1308
,27|583|699|1309
,27|584|699|1310
,27|584|700|1311
,27|585|700|1312
,27|585|701|1313
,27|586|701|1314
,27|586|702|1315
,27|587|702|1316
,27|587|703|1317
,27|588|703|1318
,27|588|704|1319
,27|589|704|1320
,27|589|705|1321
,27|590|705|1322
,27|590|706|1323
,27|590|707|1324
,27|590|708|1325
,27|591|708|1326
,27|591|709|1327
,27|592|709|1328
,27|592|710|1329
,27|593|710|1330
,27|593|711|1331
,27|594|711|1332
,27|594|712|1333
,27|595|712|1334
,27|595|713|1335
,27|596|713|1336
,27|596|714|1337
,27|597|714|1338
,27|597|715|1339
,27|598|715|1340
,27|598|716|1341
,27|599|716|1342
,27|599|717|1343
,27|599|718|1344
,27|599|719|1345
,27|600|719|1346
,27|600|720|1347
,27|601|720|1348
,27|601|721|1349
,27|601|722|1350
,27|602|722|1351
,27|602|723|1352
,27|602|724|1353
,27|603|724|1354
,27|603|725|1355
,27|604|725|1356
,27|604|726|1357
,27|605|726|1358
,27|605|727|1359
,27|605|728|1360
,27|605|729|1361
,27|606|729|1362
,27|606|730|1363
,27|606|731|1364
,27|606|732|1365
,27|607|732|1366
,27|607|733|1367
,27|607|734|1368
,27|607|735|1369
,27|608|735|1370
,27|608|736|1371
,27|608|737|1372
,27|609|737|1373
,27|610|737|1374
,27|610|738|1375
,27|611|738|1376
,27|611|739|1377
,27|612|739|1378
,27|612|740|1379
,27|613|740|1380
,27|613|741|1381
,27|613|742|1382
,27|614|742|1383
,27|614|743|1384
,27|614|744|1385
,27|615|744|1386
,27|615|745|1387
,27|616|745|1388
,27|616|746|1389
,27|617|746|1390
,27|617|747|1391
,27|618|747|1392
,27|618|748|1393
,27|619|748|1394
,27|620|748|1395
,27|621|748|1396
,27|621|749|1397
,27|621|750|1398
,27|621|751|1399
,27|621|752|1400
,27|621|753|1401
,27|622|753|1402
,27|622|754|1403
,27|623|754|1404
,27|623|755|1405
,27|624|755|1406
,27|625|755|1407
,27|625|756|1408
,27|625|757|1409
,27|626|757|1410
,27|626|758|1411
,27|626|759|1412
,27|626|760|1413
,27|627|760|1414
,27|627|761|1415
,27|628|761|1416
,27|628|762|1417
,27|629|762|1418
,27|629|763|1419
,27|630|763|1420
,27|630|764|1421
,27|631|764|1422
,27|631|765|1423
,27|632|765|1424
,27|632|766|1425
,27|633|766|1426
,27|633|767|1427
,27|634|767|1428
,27|634|768|1429
,27|635|768|1430
,27|635|769|1431
,27|636|769|1432
,27|636|770|1433
,27|637|770|1434
,27|637|771|1435
,27|638|771|1436
,27|638|772|1437
,27|639|772|1438
,27|639|773|1439
,27|640|773|1440
,27|640|774|1441
,27|641|774|1442
,27|641|775|1443
,27|642|775|1444
,27|642|776|1445
,27|643|776|1446
,27|643|777|1447
,27|644|777|1448
,27|644|778|1449
,27|645|778|1450
,27|645|779|1451
,27|646|779|1452
,27|646|780|1453
,27|647|780|1454
,27|647|781|1455
,27|648|781|1456
,27|648|782|1457
,27|649|782|1458
,27|649|783|1459
,27|650|783|1460
,27|650|784|1461
,27|651|784|1462
,27|651|785|1463
,27|652|785|1464
,27|652|786|1465
,27|653|786|1466
,27|653|787|1467
,27|654|787|1468
,27|654|788|1469
,27|655|788|1470
,27|655|789|1471
,27|656|789|1472
,27|656|790|1473
,27|657|790|1474
,27|657|791|1475
,27|658|791|1476
,27|658|792|1477
,27|659|792|1478
,27|659|793|1479
,27|660|793|1480
,27|660|794|1481
,27|661|794|1482
,27|661|795|1483
,27|662|795|1484
,27|662|796|1485
,27|663|796|1486
,27|663|797|1487
,27|664|797|1488
,27|664|798|1489
,27|665|798|1490
,27|665|799|1491
,27|666|799|1492
,28|666|799|1493
,28|667|799|1494
,28|667|800|1495
,28|668|800|1496
,28|668|801|1497
,28|669|801|1498
,28|669|802|1499
,28|670|802|1500
,28|670|803|1501
,28|670|804|1502
,28|670|805|1503
,28|671|805|1504
,28|671|806|1505
,28|672|806|1506
,28|672|807|1507
,28|673|807|1508
,28|673|808|1509
,28|673|809|1510
,28|673|810|1511
,28|674|810|1512
,28|674|811|1513
,28|675|811|1514
,28|675|812|1515
,28|675|813|1516
,28|675|814|1517
,28|675|815|1518
,28|675|816|1519
,28|675|817|1520
,28|675|818|1521
,28|676|818|1522
,28|676|819|1523
,28|677|819|1524
,28|677|820|1525
,28|678|820|1526
,28|678|821|1527
,28|679|821|1528
,28|679|822|1529
,28|680|822|1530
,28|680|823|1531
,28|681|823|1532
,28|681|824|1533
,28|682|824|1534
,28|682|825|1535
,28|683|825|1536
,28|683|826|1537
,28|684|826|1538
,28|684|827|1539
,28|685|827|1540
,28|685|828|1541
,28|686|828|1542
,28|686|829|1543
,28|687|829|1544
,28|687|830|1545
,28|688|830|1546
,28|688|831|1547
,28|689|831|1548
,28|689|832|1549
,28|690|832|1550
,28|690|833|1551
,28|691|833|1552
,28|691|834|1553
,28|692|834|1554
,28|692|835|1555
,28|693|835|1556
,28|693|836|1557
,28|694|836|1558
,28|694|837|1559
,28|695|837|1560
,28|695|838|1561
,28|696|838|1562
,28|696|839|1563
,28|697|839|1564
,28|697|840|1565
,28|698|840|1566
,28|698|841|1567
,28|699|841|1568
,28|699|842|1569
,28|700|842|1570
,28|700|843|1571
,28|701|843|1572
,28|701|844|1573
,28|702|844|1574
,28|702|845|1575
,28|703|845|1576
,28|703|846|1577
,28|704|846|1578
,28|704|847|1579
,28|705|847|1580
,28|705|848|1581
,28|706|848|1582
,28|706|849|1583
,28|707|849|1584
,28|707|850|1585
,28|708|850|1586
,28|708|851|1587
,28|709|851|1588
,28|709|852|1589
,28|710|852|1590
,28|710|853|1591
,28|711|853|1592
,28|711|854|1593
,28|712|854|1594
,28|712|855|1595
,28|713|855|1596
,28|713|856|1597
,28|714|856|1598
,28|714|857|1599
,28|715|857|1600
,28|715|858|1601
,28|716|858|1602
,28|716|859|1603
,28|717|859|1604
,28|717|860|1605
,28|718|860|1606
,28|718|861|1607
,28|719|861|1608
,28|719|862|1609
,28|720|862|1610
,28|720|863|1611
,28|721|863|1612
,28|721|864|1613
,28|722|864|1614
,28|722|865|1615
,28|723|865|1616
,28|723|866|1617
,28|724|866|1618
,28|724|867|1619
,28|725|867|1620
,28|725|868|1621
,28|726|868|1622
,28|726|869|1623
,28|727|869|1624
,28|727|870|1625
,28|728|870|1626
,28|728|871|1627
,28|729|871|1628
,28|729|872|1629
,28|730|872|1630
,29|730|872|1631
,29|731|872|1632
,30|731|872|1633
,30|732|872|1634
,30|732|873|1635
,30|733|873|1636
,30|733|874|1637
,30|734|874|1638
,30|734|875|1639
,30|735|875|1640
,30|735|876|1641
,30|736|876|1642
,30|736|877|1643
,30|737|877|1644
,30|737|878|1645
,30|738|878|1646
,30|738|879|1647
,30|739|879|1648
,30|739|880|1649
,30|740|880|1650
,31|740|880|1651
,31|741|880|1652
,31|741|881|1653
,31|742|881|1654
,32|742|881|1655
,32|743|881|1656
,33|743|881|1657
,33|744|881|1658
,33|744|882|1659
,33|745|882|1660
,34|745|882|1661
,34|746|882|1662
,35|746|882|1663
,35|747|882|1664
,36|747|882|1665
,36|748|882|1666
,36|748|883|1667
,36|749|883|1668
,36|750|884|1670
,36|751|884|1671
,36|751|885|1672
,36|752|885|1673
,36|752|886|1674
,36|753|886|1675
,36|753|887|1676
,36|754|887|1677
,36|754|888|1678
,36|755|888|1679
,36|755|889|1680
,36|756|889|1681
,36|756|890|1682
,36|757|890|1683
,36|757|891|1684
,36|758|891|1685
,36|758|892|1686
,36|759|892|1687
,36|759|893|1688
,36|760|893|1689
,36|760|894|1690
,36|761|894|1691
,36|761|895|1692
,36|762|895|1693
,36|762|896|1694
,36|763|896|1695
,36|763|897|1696
,36|764|897|1697
,36|764|898|1698
,36|765|898|1699
,36|765|899|1700
,36|766|899|1701
,36|766|900|1702
,36|767|900|1703
,36|767|901|1704
,36|768|901|1705
,36|768|902|1706
,36|769|902|1707
,36|769|903|1708
,36|770|903|1709
,36|770|904|1710
,36|771|904|1711
,36|771|905|1712
,36|772|905|1713
,36|772|906|1714
,36|773|906|1715
,36|773|907|1716
,36|774|907|1717
,36|774|908|1718
,36|775|908|1719
,36|775|909|1720
,36|776|909|1721
,36|776|910|1722
,36|777|910|1723
,36|777|911|1724
,36|778|911|1725
,36|778|912|1726
,36|779|912|1727
,36|779|913|1728
,36|780|913|1729
,36|780|914|1730
,36|781|914|1731
,36|781|915|1732
,36|782|915|1733
,36|782|916|1734
,36|783|916|1735
,36|783|917|1736
,36|784|917|1737
,36|784|918|1738
,36|785|918|1739
,36|785|919|1740
,36|786|919|1741
,36|786|920|1742
,36|787|920|1743
,36|787|921|1744
,36|788|921|1745
,36|788|922|1746
,36|789|922|1747
,36|789|923|1748
,36|790|923|1749
,36|790|924|1750
,36|791|924|1751
,36|791|925|1752
,36|792|925|1753
,36|792|926|1754
,36|793|926|1755
,36|793|927|1756
,36|794|927|1757
,36|794|928|1758
,36|795|928|1759
,36|795|929|1760
,36|796|929|1761
,36|796|930|1762
,36|797|930|1763
,36|797|931|1764
,36|798|931|1765
,36|798|932|1766
,36|799|932|1767
,36|799|933|1768
,36|800|933|1769
,36|800|934|1770
,36|801|934|1771
,36|801|935|1772
,36|802|935|1773
,36|802|936|1774
,36|802|937|1775
,36|802|938|1776
,36|802|939|1777
,36|802|940|1778
,36|802|941|1779
,36|802|942|1780
,36|802|943|1781
,36|803|943|1782
,36|803|944|1783
,36|803|945|1784
,36|803|946|1785
,36|803|947|1786
,36|803|948|1787
,36|803|949|1788
,36|803|950|1789
,36|803|951|1790
,36|803|952|1791
,37|803|952|1792
,37|803|953|1793
,37|803|954|1794
,37|803|955|1795
,37|803|956|1796
,37|803|957|1797
,38|803|957|1798
,38|803|958|1799
,38|803|959|1800
,38|803|960|1801
,38|803|961|1802
,38|803|962|1803
,38|803|963|1804
,38|803|964|1805
,38|803|965|1806
,38|803|966|1807
,38|803|967|1808
,38|803|968|1809
,38|803|969|1810
,38|804|969|1811
,38|804|970|1812
,38|805|970|1813
,38|805|971|1814
,38|806|971|1815
,38|806|972|1816
,38|807|972|1817
,38|807|973|1818
,38|808|973|1819
,38|808|974|1820
,38|809|974|1821
,38|809|975|1822
,38|810|975|1823
,38|810|976|1824
,38|811|976|1825
,38|811|977|1826
,38|812|977|1827
,38|812|978|1828
,38|813|978|1829
,38|813|979|1830
,38|814|979|1831
,38|814|980|1832
,38|815|980|1833
,38|815|981|1834
,38|816|981|1835
,38|816|982|1836
,38|817|982|1837
,38|817|983|1838
,38|818|983|1839
,38|818|984|1840
,38|819|984|1841
,38|819|985|1842
,38|820|985|1843
,38|820|986|1844
,38|821|986|1845
,38|821|987|1846
,38|822|987|1847
,38|822|988|1848
,38|823|988|1849
,38|823|989|1850
,38|824|989|1851
,38|824|990|1852
,38|825|990|1853
,38|825|991|1854
,38|826|991|1855
,38|826|992|1856
,38|827|992|1857
,38|827|993|1858
,38|828|993|1859
,38|828|994|1860
,38|829|994|1861
,38|829|995|1862
,38|830|995|1863
,38|830|996|1864
,38|831|996|1865
,38|831|997|1866
,38|832|997|1867
,38|832|998|1868
,38|833|998|1869
,38|833|999|1870
,38|834|999|1871
,38|834|1000|1872
,38|835|1000|1873
,38|835|1001|1874
,38|836|1001|1875
,38|836|1002|1876
,38|837|1002|1877
,38|837|1003|1878
,38|838|1003|1879
,38|838|1004|1880
,38|839|1004|1881
,38|839|1005|1882
,38|840|1005|1883
,38|840|1006|1884
,38|841|1006|1885
,38|841|1007|1886
,38|842|1007|1887
,38|842|1008|1888
,38|843|1008|1889
,38|843|1009|1890
,38|844|1009|1891
,38|844|1010|1892
,38|845|1010|1893
,38|845|1011|1894
,38|846|1011|1895
,38|846|1012|1896
,38|847|1012|1897
,38|847|1013|1898
,38|848|1013|1899
,38|848|1014|1900
,38|849|1014|1901
,38|849|1015|1902
,38|850|1015|1903
,38|850|1016|1904
,38|851|1016|1905
,38|851|1017|1906
,38|852|1017|1907
,38|852|1018|1908
,38|853|1018|1909
,38|853|1019|1910
,38|854|1019|1911
,38|854|1020|1912
,38|855|1020|1913
,38|855|1021|1914
,38|856|1021|1915
,38|856|1022|1916
,38|857|1022|1917
,38|857|1023|1918
,38|858|1023|1919
,38|858|1024|1920
,38|859|1024|1921
,38|859|1025|1922
,38|859|1026|1923
,38|859|1027|1924
,38|860|1027|1925
,38|860|1028|1926
,38|860|1029|1927
,38|860|1030|1928
,38|861|1030|1929
,38|861|1031|1930
,38|861|1032|1931
,38|861|1033|1932
,38|862|1033|1933
,38|862|1034|1934
,38|862|1035|1935
,38|862|1036|1936
,38|863|1036|1937
,38|863|1037|1938
,38|863|1038|1939
,38|863|1039|1940
,38|863|1040|1941
,38|863|1041|1942
,38|864|1041|1943
,38|864|1042|1944
,38|864|1043|1945
,38|864|1044|1946
,38|864|1045|1947
,38|864|1046|1948
,38|864|1047|1949
,38|865|1047|1950
,38|865|1048|1951
,38|865|1049|1952
,38|865|1050|1953
,38|865|1051|1954
,38|866|1051|1955
,38|866|1052|1956
,38|867|1052|1957
,38|867|1053|1958
,38|868|1053|1959
,38|868|1054|1960
,38|869|1054|1961
,38|869|1055|1962
,38|870|1055|1963
,38|870|1056|1964
,38|871|1056|1965
,38|871|1057|1966
,38|872|1057|1967
,38|872|1058|1968
,38|873|1058|1969
,38|873|1059|1970
,38|874|1059|1971
,38|874|1060|1972
,38|875|1060|1973
,38|875|1061|1974
,38|876|1061|1975
,38|876|1062|1976
,38|877|1062|1977
,38|877|1063|1978
,38|878|1063|1979
,38|878|1064|1980
,38|879|1064|1981
,38|879|1065|1982
,38|880|1065|1983
,38|880|1066|1984
,38|881|1066|1985
,38|881|1067|1986
,38|882|1067|1987
,38|882|1068|1988
,38|883|1068|1989
,38|883|1069|1990
,38|884|1069|1991
,38|884|1070|1992
,38|885|1070|1993
,38|885|1071|1994
,38|886|1071|1995
,38|886|1072|1996
,38|887|1072|1997
,38|887|1073|1998
,38|888|1073|1999
,39|888|1073|2000
