total
,0|0|1|1
,0|1|1|2
,0|2|1|3
,1|2|1|4
,1|3|1|5
,1|4|1|6
,1|4|2|7
,1|5|2|8
,1|5|3|9
,1|6|3|10
,1|7|3|11
,1|8|3|12
,1|9|3|13
,1|10|3|14
,1|11|3|15
,1|12|3|16
,1|12|4|17
,1|13|4|18
,1|14|4|19
,2|14|4|20
,2|15|4|21
,2|16|4|22
,2|16|5|23
,2|17|5|24
,2|17|6|25
,2|18|6|26
,2|18|7|27
,3|18|7|28
,3|19|7|29
,3|20|7|30
,3|20|8|31
,3|21|8|32
,3|21|9|33
,3|22|9|34
,3|23|9|35
,3|24|9|36
,3|25|9|37
,3|26|9|38
,3|26|10|39
,3|27|10|40
,3|28|10|41
,3|29|10|42
,3|29|11|43
,4|29|11|44
,4|29|12|45
,4|30|12|46
,4|30|13|47
,4|31|13|48
,4|32|13|49
,5|32|13|50
,5|33|13|51
,5|34|13|52
,5|35|13|53
,5|36|13|54
,5|36|14|55
,5|37|14|56
,5|37|15|57
,6|37|15|58
,6|37|16|59
,6|38|16|60
,6|38|17|61
,6|39|17|62
,6|39|18|63
,6|40|18|64
,6|41|18|65
,7|41|18|66
,7|41|19|67
,8|41|19|68
,8|41|20|69
,8|42|20|70
,8|43|20|71
,8|44|20|72
,8|45|20|73
,8|46|20|74
,8|46|21|75
,8|47|21|76
,8|47|22|77
,8|48|22|78
,8|48|23|79
,8|49|23|80
,8|49|24|81
,9|49|24|82
,9|49|25|83
,9|50|25|84
,9|51|25|85
,9|52|25|86
,9|53|25|87
,10|53|25|88
,10|54|25|89
,10|55|25|90
,10|56|25|91
,10|57|25|92
,10|57|26|93
,10|58|26|94
,10|59|26|95
,10|60|26|96
,10|61|26|97
,10|62|26|98
,10|62|27|99
,10|63|27|100
,10|63|28|101
,10|64|28|102
,10|65|28|103
,11|65|28|104
,11|66|28|105
,11|67|28|106
,11|67|29|107
,11|68|29|108
,11|69|29|109
,11|70|29|110
,11|71|29|111
,11|72|29|112
,11|73|29|113
,11|74|29|114
,11|75|29|115
,11|76|29|116
,11|77|29|117
,11|78|29|118
,11|78|30|119
,11|79|30|120
,11|80|30|121
,11|81|30|122
,11|81|31|123
,11|82|31|124
,11|82|32|125
,11|83|32|126
,11|83|33|127
,11|84|33|128
,11|84|34|129
,11|85|34|130
,11|85|35|131
,11|86|35|132
,11|86|36|133
,11|87|36|134
,11|88|36|135
,11|89|36|136
,11|89|37|137
,11|90|37|138
,11|90|38|139
,11|91|38|140
,11|91|39|141
,11|92|39|142
,11|92|40|143
,11|93|40|144
,11|93|41|145
,11|94|41|146
,11|94|42|147
,11|95|42|148
,11|96|42|149
,11|97|42|150
,11|97|43|151
,11|98|43|152
,11|98|44|153
,11|99|44|154
,11|99|45|155
,11|100|45|156
,11|100|46|157
,11|101|46|158
,11|102|46|159
,11|103|46|160
,11|103|47|161
,11|104|47|162
,11|104|48|163
,11|105|48|164
,11|105|49|165
,11|106|49|166
,11|106|50|167
,11|107|50|168
,11|107|51|169
,11|108|51|170
,11|108|52|171
,11|109|52|172
,11|109|53|173
,11|110|53|174
,11|110|54|175
,11|111|54|176
,11|111|55|177
,11|112|55|178
,11|112|56|179
,11|113|56|180
,11|113|57|181
,11|114|57|182
,11|114|58|183
,11|115|58|184
,11|115|59|185
,11|116|59|186
,11|116|60|187
,11|117|60|188
,11|117|61|189
,11|118|61|190
,11|119|61|191
,11|120|61|192
,11|121|61|193
,11|122|61|194
,11|123|61|195
,12|123|61|196
,12|124|61|197
,12|125|61|198
,12|125|62|199
,12|126|62|200
,12|126|63|201
,12|127|63|202
,12|128|63|203
,12|129|63|204
,12|129|64|205
,12|130|64|206
,12|130|65|207
,12|131|65|208
,12|132|65|209
,12|133|65|210
,12|134|65|211
,13|134|65|212
,13|134|66|213
,13|135|66|214
,13|135|67|215
,13|136|67|216
,13|137|67|217
,14|137|67|218
,14|138|67|219
,15|138|67|220
,15|138|68|221
,15|139|68|222
,15|139|69|223
,15|140|69|224
,15|141|69|225
,16|141|69|226
,16|142|69|227
,16|143|69|228
,16|143|70|229
,16|144|70|230
,16|145|70|231
,16|146|70|232
,16|146|71|233
,16|147|71|234
,16|148|71|235
,16|149|71|236
,16|150|71|237
,16|151|71|238
,16|151|72|239
,16|152|72|240
,16|153|72|241
,16|154|72|242
,16|155|72|243
,16|156|72|244
,16|156|73|245
,16|157|73|246
,16|158|73|247
,16|159|73|248
,16|160|73|249
,16|161|73|250
,16|161|74|251
,16|162|74|252
,16|162|75|253
,16|163|75|254
,16|164|75|255
,16|165|75|256
,16|166|75|257
,16|167|75|258
,16|167|76|259
,16|168|76|260
,16|169|76|261
,16|170|76|262
,16|171|76|263
,16|172|76|264
,16|173|76|265
,16|174|76|266
,16|175|76|267
,16|176|76|268
,16|177|76|269
,16|178|76|270
,16|179|76|271
,16|180|76|272
,16|180|77|273
,16|181|77|274
,16|181|78|275
,16|182|78|276
,16|182|79|277
,16|183|79|278
,16|183|80|279
,16|184|80|280
,16|185|80|281
,16|186|80|282
,16|186|81|283
,16|187|81|284
,16|188|81|285
,16|189|81|286
,16|190|81|287
,16|191|81|288
,16|191|82|289
,16|192|82|290
,16|192|83|291
,16|193|83|292
,16|194|83|293
,16|195|83|294
,16|195|84|295
,16|196|84|296
,16|196|85|297
,16|197|85|298
,16|197|86|299
,16|198|86|300
,16|199|86|301
,16|200|86|302
,16|200|87|303
,16|201|87|304
,16|201|88|305
,16|202|88|306
,16|203|88|307
,16|204|88|308
,16|204|89|309
,16|205|89|310
,16|205|90|311
,16|206|90|312
,16|206|91|313
,16|207|91|314
,16|207|92|315
,16|208|92|316
,16|208|93|317
,16|209|93|318
,16|209|94|319
,16|210|94|320
,16|210|95|321
,16|211|95|322
,16|211|96|323
,16|212|96|324
,16|212|97|325
,16|213|97|326
,16|213|98|327
,16|214|98|328
,16|214|99|329
,16|215|99|330
,16|215|100|331
,16|216|100|332
,16|216|101|333
,16|217|101|334
,16|217|102|335
,16|218|102|336
,16|218|103|337
,16|219|103|338
,16|219|104|339
,16|220|104|340
,16|220|105|341
,16|221|105|342
,16|221|106|343
,16|222|106|344
,16|222|107|345
,16|223|107|346
,16|224|107|347
,17|224|107|348
,17|225|107|349
,18|225|107|350
,18|225|108|351
,18|226|108|352
,18|226|109|353
,18|227|109|354
,18|228|109|355
,19|228|109|356
,19|229|109|357
,19|230|109|358
,19|231|109|359
,19|232|109|360
,19|232|110|361
,19|233|110|362
,19|234|110|363
,19|235|110|364
,19|235|111|365
,19|236|111|366
,19|236|112|367
,19|237|112|368
,19|238|112|369
,19|239|112|370
,19|240|112|371
,20|240|112|372
,20|240|113|373
,20|241|113|374
,20|242|113|375
,20|243|113|376
,20|244|113|377
,20|245|113|378
,20|246|113|379
,20|247|113|380
,20|248|113|381
,20|249|113|382
,20|250|113|383
,20|251|113|384
,20|252|113|385
,20|253|113|386
,20|254|113|387
,20|255|113|388
,20|255|114|389
,20|256|114|390
,20|256|115|391
,20|257|115|392
,20|258|115|393
,20|259|115|394
,20|260|115|395
,20|261|115|396
,20|262|115|397
,20|263|115|398
,20|263|116|399
,20|264|116|400
,20|265|116|401
,20|266|116|402
,20|266|117|403
,20|267|117|404
,20|267|118|405
,20|268|118|406
,20|269|118|407
,20|270|118|408
,20|270|119|409
,20|271|119|410
,20|271|120|411
,20|272|120|412
,20|273|120|413
,20|274|120|414
,20|274|121|415
,20|275|121|416
,20|275|122|417
,20|276|122|418
,20|277|122|419
,20|278|122|420
,20|279|122|421
,20|280|122|422
,20|280|123|423
,20|281|123|424
,20|281|124|425
,20|282|124|426
,20|282|125|427
,20|283|125|428
,20|283|126|429
,20|284|126|430
,20|284|127|431
,20|285|127|432
,20|285|128|433
,20|286|128|434
,20|286|129|435
,20|287|129|436
,20|287|130|437
,20|288|130|438
,20|288|131|439
,20|289|131|440
,20|289|132|441
,20|290|132|442
,20|290|133|443
,20|291|133|444
,20|291|134|445
,20|292|134|446
,20|292|135|447
,20|293|135|448
,20|293|136|449
,20|294|136|450
,20|294|137|451
,20|295|137|452
,20|295|138|453
,20|296|138|454
,20|296|139|455
,20|297|139|456
,20|297|140|457
,20|298|140|458
,20|298|141|459
,20|299|141|460
,20|299|142|461
,20|300|142|462
,20|300|143|463
,20|301|143|464
,20|301|144|465
,20|302|144|466
,20|302|145|467
,20|303|145|468
,20|303|146|469
,20|304|146|470
,20|304|147|471
,20|305|147|472
,20|305|148|473
,20|306|148|474
,20|306|149|475
,20|307|149|476
,20|307|150|477
,20|308|150|478
,20|308|151|479
,20|309|151|480
,20|309|152|481
,20|310|152|482
,20|310|153|483
,20|311|153|484
,20|311|154|485
,20|312|154|486
,20|312|155|487
,20|313|155|488
,20|313|156|489
,20|314|156|490
,20|314|157|491
,20|315|157|492
,20|315|158|493
,20|316|158|494
,20|316|159|495
,20|317|159|496
,20|317|160|497
,20|318|160|498
,20|319|160|499
,20|320|160|500
,20|321|160|501
,20|322|160|502
,20|322|161|503
,20|323|161|504
,20|323|162|505
,20|324|162|506
,20|325|162|507
,21|325|162|508
,21|326|162|509
,21|327|162|510
,21|327|163|511
,21|328|163|512
,21|328|164|513
,21|329|164|514
,21|330|164|515
,21|331|164|516
,21|332|164|517
,21|333|164|518
,21|333|165|519
,21|334|165|520
,21|334|166|521
,21|335|166|522
,21|336|166|523
,22|336|166|524
,22|336|167|525
,22|337|167|526
,22|338|167|527
,22|339|167|528
,22|339|168|529
,22|340|168|530
,22|341|168|531
,22|342|168|532
,22|343|168|533
,22|344|168|534
,22|345|168|535
,22|346|168|536
,22|347|168|537
,22|348|168|538
,22|349|168|539
,23|349|168|540
,23|349|169|541
,23|350|169|542
,23|350|170|543
,23|351|170|544
,23|352|170|545
,24|352|170|546
,24|353|170|547
,24|354|170|548
,24|355|170|549
,24|356|170|550
,24|356|171|551
,24|357|171|552
,24|358|171|553
,24|359|171|554
,24|360|171|555
,24|361|171|556
,24|361|172|557
,24|362|172|558
,24|362|173|559
,24|363|173|560
,24|364|173|561
,24|365|173|562
,24|365|174|563
,24|366|174|564
,24|367|174|565
,24|368|174|566
,24|369|174|567
,24|370|174|568
,24|370|175|569
,25|370|175|570
,25|370|176|571
,25|371|176|572
,25|372|176|573
,26|372|176|574
,26|372|177|575
,26|373|177|576
,26|373|178|577
,26|374|178|578
,26|374|179|579
,26|375|179|580
,26|375|180|581
,26|376|180|582
,26|376|181|583
,26|377|181|584
,26|377|182|585
,26|378|182|586
,26|378|183|587
,26|379|183|588
,26|379|184|589
,26|380|184|590
,26|380|185|591
,26|381|185|592
,26|381|186|593
,26|382|186|594
,26|382|187|595
,26|383|187|596
,26|383|188|597
,26|384|188|598
,26|384|189|599
,26|385|189|600
,26|385|190|601
,26|386|190|602
,26|386|191|603
,26|387|191|604
,26|387|192|605
,26|388|192|606
,26|388|193|607
,26|389|193|608
,26|389|194|609
,26|390|194|610
,26|390|195|611
,26|391|195|612
,26|392|195|613
,26|393|195|614
,26|394|195|615
,26|395|195|616
,26|395|196|617
,26|396|196|618
,26|396|197|619
,26|397|197|620
,26|398|197|621
,26|399|197|622
,26|400|197|623
,26|401|197|624
,26|402|197|625
,26|403|197|626
,26|403|198|627
,26|404|198|628
,26|405|198|629
,26|406|198|630
,26|406|199|631
,26|407|199|632
,26|407|200|633
,26|408|200|634
,26|408|201|635
,26|409|201|636
,26|410|201|637
,26|411|201|638
,26|412|201|639
,26|413|201|640
,26|413|202|641
,26|414|202|642
,26|415|202|643
,26|416|202|644
,26|417|202|645
,26|418|202|646
,26|419|202|647
,26|420|202|648
,26|421|202|649
,26|422|202|650
,26|423|202|651
,26|424|202|652
,26|425|202|653
,26|426|202|654
,26|427|202|655
,26|428|202|656
,26|429|202|657
,26|430|202|658
,26|431|202|659
,26|432|202|660
,26|433|202|661
,26|434|202|662
,26|435|202|663
,26|436|202|664
,26|437|202|665
,26|438|202|666
,26|439|202|667
,26|440|202|668
,26|441|202|669
,26|442|202|670
,26|443|202|671
,26|444|202|672
,26|445|202|673
,26|446|202|674
,26|447|202|675
,26|448|202|676
,26|449|202|677
,26|450|202|678
,26|451|202|679
,26|452|202|680
,26|453|202|681
,26|454|202|682
,26|455|202|683
,26|456|202|684
,26|457|202|685
,26|458|202|686
,26|459|202|687
,26|460|202|688
,26|461|202|689
,26|462|202|690
,26|463|202|691
,26|464|202|692
,26|465|202|693
,26|466|202|694
,26|467|202|695
,26|468|202|696
,26|469|202|697
,26|470|202|698
,26|471|202|699
,26|472|202|700
,26|473|202|701
,26|474|202|702
,26|475|202|703
,26|476|202|704
,26|477|202|705
,26|478|202|706
,26|479|202|707
,26|480|202|708
,26|481|202|709
,26|482|202|710
,26|483|202|711
,26|484|202|712
,26|485|202|713
,26|486|202|714
,26|487|202|715
,26|488|202|716
,26|489|202|717
,26|490|202|718
,26|491|202|719
,26|492|202|720
,26|493|202|721
,26|494|202|722
,26|495|202|723
,26|496|202|724
,26|497|202|725
,26|498|202|726
,26|499|202|727
,26|500|202|728
,26|501|202|729
,26|502|202|730
,26|502|203|731
,26|503|203|732
,26|504|203|733
,26|505|203|734
,26|506|203|735
,26|507|203|736
,26|507|204|737
,26|508|204|738
,26|509|204|739
,26|510|204|740
,26|511|204|741
,26|512|204|742
,26|513|204|743
,26|514|204|744
,26|515|204|745
,26|516|204|746
,26|517|204|747
,26|518|204|748
,26|519|204|749
,26|520|204|750
,26|521|204|751
,26|522|204|752
,26|522|205|753
,26|523|205|754
,26|523|206|755
,26|524|206|756
,26|525|206|757
,26|526|206|758
,26|526|207|759
,26|527|207|760
,26|528|207|761
,26|529|207|762
,26|530|207|763
,26|531|207|764
,26|532|207|765
,26|533|207|766
,26|534|207|767
,26|535|207|768
,26|535|208|769
,26|536|208|770
,26|536|209|771
,26|537|209|772
,26|538|209|773
,26|539|209|774
,26|540|209|775
,26|541|209|776
,26|542|209|777
,26|543|209|778
,26|543|210|779
,26|544|210|780
,26|544|211|781
,26|545|211|782
,26|546|211|783
,26|547|211|784
,26|547|212|785
,26|548|212|786
,26|548|213|787
,26|549|213|788
,26|550|213|789
,26|551|213|790
,26|552|213|791
,26|553|213|792
,26|553|214|793
,26|554|214|794
,26|554|215|795
,26|555|215|796
,26|556|215|797
,26|557|215|798
,26|557|216|799
,26|558|216|800
,26|559|216|801
,26|560|216|802
,26|560|217|803
,26|561|217|804
,26|561|218|805
,26|562|218|806
,26|563|218|807
,26|564|218|808
,26|564|219|809
,27|564|219|810
,27|565|219|811
,27|566|219|812
,27|566|220|813
,27|567|220|814
,27|568|220|815
,28|568|220|816
,28|569|220|817
,29|569|220|818
,29|569|221|819
,29|570|221|820
,29|570|222|821
,29|571|222|822
,29|572|222|823
,30|572|222|824
,30|573|222|825
,30|574|222|826
,30|574|223|827
,30|575|223|828
,30|576|223|829
,30|577|223|830
,30|578|223|831
,30|579|223|832
,30|580|223|833
,30|581|223|834
,30|582|223|835
,31|582|223|836
,31|583|223|837
,31|584|223|838
,31|584|224|839
,31|585|224|840
,31|585|225|841
,31|586|225|842
,31|586|226|843
,31|587|226|844
,31|587|227|845
,31|588|227|846
,31|588|228|847
,31|589|228|848
,31|589|229|849
,31|590|229|850
,31|590|230|851
,31|591|230|852
,31|591|231|853
,31|592|231|854
,31|592|232|855
,31|593|232|856
,31|593|233|857
,31|594|233|858
,31|594|234|859
,31|595|234|860
,31|595|235|861
,31|596|235|862
,31|596|236|863
,31|597|236|864
,31|597|237|865
,31|598|237|866
,31|598|238|867
,31|599|238|868
,31|599|239|869
,31|600|239|870
,31|600|240|871
,31|601|240|872
,31|601|241|873
,31|602|241|874
,31|603|241|875
,31|604|241|876
,31|604|242|877
,31|605|242|878
,31|605|243|879
,31|606|243|880
,31|606|244|881
,31|607|244|882
,31|607|245|883
,31|608|245|884
,31|608|246|885
,31|609|246|886
,31|609|247|887
,31|610|247|888
,31|610|248|889
,31|611|248|890
,31|611|249|891
,31|612|249|892
,31|612|250|893
,31|613|250|894
,31|613|251|895
,31|614|251|896
,31|614|252|897
,31|615|252|898
,31|615|253|899
,31|616|253|900
,31|616|254|901
,31|617|254|902
,31|617|255|903
,31|618|255|904
,31|618|256|905
,31|619|256|906
,31|619|257|907
,31|620|257|908
,31|620|258|909
,31|621|258|910
,31|622|258|911
,31|623|258|912
,31|623|259|913
,31|624|259|914
,31|624|260|915
,31|625|260|916
,31|625|261|917
,32|625|261|918
,32|625|262|919
,32|626|262|920
,32|626|263|921
,32|627|263|922
,32|628|263|923
,32|629|263|924
,32|630|263|925
,33|630|263|926
,33|630|264|927
,33|631|264|928
,33|631|265|929
,33|632|265|930
,33|632|266|931
,33|633|266|932
,33|634|266|933
,34|634|266|934
,34|634|267|935
,34|635|267|936
,34|636|267|937
,34|637|267|938
,34|638|267|939
,35|638|267|940
,35|639|267|941
,35|640|267|942
,35|641|267|943
,35|642|267|944
,35|642|268|945
,35|643|268|946
,35|644|268|947
,35|645|268|948
,35|646|268|949
,35|647|268|950
,35|647|269|951
,35|648|269|952
,35|649|269|953
,35|650|269|954
,35|651|269|955
,35|652|269|956
,35|652|270|957
,35|653|270|958
,35|654|270|959
,35|655|270|960
,35|656|270|961
,35|657|270|962
,35|657|271|963
,35|658|271|964
,35|658|272|965
,35|659|272|966
,35|659|273|967
,35|660|273|968
,35|661|273|969
,35|662|273|970
,35|662|274|971
,35|663|274|972
,35|664|274|973
,35|665|274|974
,35|666|274|975
,35|667|274|976
,35|668|274|977
,35|669|274|978
,35|670|274|979
,35|671|274|980
,35|671|275|981
,35|672|275|982
,35|672|276|983
,35|673|276|984
,35|673|277|985
,35|674|277|986
,35|674|278|987
,35|675|278|988
,35|676|278|989
,35|677|278|990
,35|678|278|991
,35|679|278|992
,35|679|279|993
,35|680|279|994
,35|681|279|995
,35|682|279|996
,35|683|279|997
,35|684|279|998
,35|684|280|999
,35|685|280|1000
,35|685|281|1001
,35|686|281|1002
,35|687|281|1003
,35|688|281|1004
,35|689|281|1005
,35|690|281|1006
,35|690|282|1007
,35|691|282|1008
,35|691|283|1009
,35|692|283|1010
,35|693|283|1011
,35|694|283|1012
,35|695|283|1013
,35|696|283|1014
,35|697|283|1015
,35|698|283|1016
,35|699|283|1017
,35|700|283|1018
,35|700|284|1019
,35|701|284|1020
,35|701|285|1021
,35|702|285|1022
,35|702|286|1023
,35|703|286|1024
,35|703|287|1025
,35|704|287|1026
,35|704|288|1027
,35|705|288|1028
,35|705|289|1029
,35|706|289|1030
,35|706|290|1031
,35|707|290|1032
,35|707|291|1033
,35|708|291|1034
,35|708|292|1035
,35|709|292|1036
,35|709|293|1037
,35|710|293|1038
,35|710|294|1039
,35|711|294|1040
,35|711|295|1041
,35|712|295|1042
,35|712|296|1043
,35|713|296|1044
,35|713|297|1045
,35|714|297|1046
,35|714|298|1047
,35|715|298|1048
,35|715|299|1049
,35|716|299|1050
,35|716|300|1051
,35|717|300|1052
,35|717|301|1053
,35|718|301|1054
,35|719|301|1055
,35|720|301|1056
,35|720|302|1057
,35|721|302|1058
,35|721|303|1059
,35|722|303|1060
,35|723|303|1061
,36|723|303|1062
,36|723|304|1063
,36|724|304|1064
,36|725|304|1065
,36|726|304|1066
,36|726|305|1067
,36|727|305|1068
,36|728|305|1069
,36|729|305|1070
,36|729|306|1071
,36|730|306|1072
,36|730|307|1073
,36|731|307|1074
,36|731|308|1075
,37|731|308|1076
,37|731|309|1077
,38|731|309|1078
,38|731|310|1079
,38|732|310|1080
,38|733|310|1081
,38|734|310|1082
,38|735|310|1083
,38|736|310|1084
,38|737|310|1085
,38|738|310|1086
,38|739|310|1087
,39|739|310|1088
,39|739|311|1089
,39|740|311|1090
,39|741|311|1091
,39|742|311|1092
,39|743|311|1093
,39|744|311|1094
,39|744|312|1095
,39|745|312|1096
,39|745|313|1097
,39|746|313|1098
,39|747|313|1099
,39|748|313|1100
,39|749|313|1101
,39|750|313|1102
,39|750|314|1103
,39|751|314|1104
,39|752|314|1105
,39|753|314|1106
,39|753|315|1107
,39|754|315|1108
,39|754|316|1109
,39|755|316|1110
,39|755|317|1111
,39|756|317|1112
,39|757|317|1113
,39|758|317|1114
,39|758|318|1115
,39|759|318|1116
,39|760|318|1117
,39|761|318|1118
,39|762|318|1119
,39|763|318|1120
,39|764|318|1121
,39|765|318|1122
,39|766|318|1123
,39|767|318|1124
,39|768|318|1125
,39|769|318|1126
,39|769|319|1127
,39|770|319|1128
,39|770|320|1129
,39|771|320|1130
,39|771|321|1131
,39|772|321|1132
,39|772|322|1133
,39|773|322|1134
,39|773|323|1135
,39|774|323|1136
,39|774|324|1137
,39|775|324|1138
,39|775|325|1139
,39|776|325|1140
,39|776|326|1141
,39|777|326|1142
,39|777|327|1143
,39|778|327|1144
,39|778|328|1145
,39|779|328|1146
,39|779|329|1147
,39|780|329|1148
,39|780|330|1149
,39|781|330|1150
,39|781|331|1151
,39|782|331|1152
,39|782|332|1153
,39|783|332|1154
,39|783|333|1155
,39|784|333|1156
,39|784|334|1157
,39|785|334|1158
,39|785|335|1159
,39|786|335|1160
,39|786|336|1161
,39|787|336|1162
,39|787|337|1163
,39|788|337|1164
,39|788|338|1165
,39|789|338|1166
,39|789|339|1167
,39|790|339|1168
,39|790|340|1169
,39|791|340|1170
,39|791|341|1171
,39|792|341|1172
,39|792|342|1173
,39|793|342|1174
,39|793|343|1175
,39|794|343|1176
,39|794|344|1177
,39|795|344|1178
,39|795|345|1179
,39|796|345|1180
,39|796|346|1181
,39|797|346|1182
,39|797|347|1183
,39|798|347|1184
,39|798|348|1185
,39|799|348|1186
,39|799|349|1187
,39|800|349|1188
,39|800|350|1189
,39|801|350|1190
,39|801|351|1191
,39|802|351|1192
,39|802|352|1193
,39|803|352|1194
,39|803|353|1195
,39|804|353|1196
,39|804|354|1197
,39|805|354|1198
,39|806|354|1199
,39|807|354|1200
,39|807|355|1201
,39|808|355|1202
,39|808|356|1203
,39|809|356|1204
,39|810|356|1205
,40|810|356|1206
,40|811|356|1207
,40|812|356|1208
,40|812|357|1209
,40|813|357|1210
,40|813|358|1211
,40|814|358|1212
,40|814|359|1213
,41|814|359|1214
,41|815|359|1215
,41|816|359|1216
,41|816|360|1217
,41|817|360|1218
,41|817|361|1219
,41|818|361|1220
,41|819|361|1221
,41|820|361|1222
,41|820|362|1223
,41|821|362|1224
,41|821|363|1225
,41|822|363|1226
,41|823|363|1227
,41|824|363|1228
,41|825|363|1229
,41|826|363|1230
,41|827|363|1231
,42|827|363|1232
,42|827|364|1233
,42|828|364|1234
,42|828|365|1235
,42|829|365|1236
,42|829|366|1237
,42|830|366|1238
,42|830|367|1239
,42|831|367|1240
,42|832|367|1241
,43|832|367|1242
,43|833|367|1243
,43|834|367|1244
,43|835|367|1245
,43|836|367|1246
,43|836|368|1247
,43|837|368|1248
,43|838|368|1249
,43|839|368|1250
,43|840|368|1251
,43|841|368|1252
,43|841|369|1253
,43|842|369|1254
,43|842|370|1255
,43|843|370|1256
,43|844|370|1257
,43|845|370|1258
,43|845|371|1259
,43|846|371|1260
,43|847|371|1261
,43|848|371|1262
,43|849|371|1263
,43|850|371|1264
,43|851|371|1265
,43|852|371|1266
,43|852|372|1267
,43|853|372|1268
,43|854|372|1269
,43|855|372|1270
,43|855|373|1271
,43|856|373|1272
,43|856|374|1273
,43|857|374|1274
,43|857|375|1275
,43|858|375|1276
,43|858|376|1277
,43|859|376|1278
,43|859|377|1279
,43|860|377|1280
,43|860|378|1281
,43|861|378|1282
,43|861|379|1283
,43|862|379|1284
,43|862|380|1285
,43|863|380|1286
,43|863|381|1287
,43|864|381|1288
,43|864|382|1289
,43|865|382|1290
,43|865|383|1291
,43|866|383|1292
,43|866|384|1293
,43|867|384|1294
,43|867|385|1295
,43|868|385|1296
,43|868|386|1297
,43|869|386|1298
,43|869|387|1299
,43|870|387|1300
,43|870|388|1301
,43|871|388|1302
,43|871|389|1303
,43|872|389|1304
,43|872|390|1305
,43|873|390|1306
,43|874|390|1307
,43|875|390|1308
,43|875|391|1309
,43|876|391|1310
,43|876|392|1311
,43|877|392|1312
,43|877|393|1313
,43|878|393|1314
,43|879|393|1315
,43|880|393|1316
,43|881|393|1317
,43|882|393|1318
,43|882|394|1319
,43|883|394|1320
,43|884|394|1321
,43|885|394|1322
,43|886|394|1323
,43|887|394|1324
,43|887|395|1325
,43|888|395|1326
,43|888|396|1327
,43|889|396|1328
,43|890|396|1329
,43|891|396|1330
,43|892|396|1331
,43|893|396|1332
,43|893|397|1333
,43|894|397|1334
,43|895|397|1335
,43|896|397|1336
,43|897|397|1337
,43|898|397|1338
,43|899|397|1339
,43|900|397|1340
,43|901|397|1341
,43|902|397|1342
,43|903|397|1343
,43|904|397|1344
,43|905|397|1345
,43|906|397|1346
,43|907|397|1347
,43|908|397|1348
,43|909|397|1349
,43|910|397|1350
,43|911|397|1351
,43|912|397|1352
,43|913|397|1353
,43|914|397|1354
,43|915|397|1355
,43|916|397|1356
,43|917|397|1357
,43|918|397|1358
,43|919|397|1359
,43|920|397|1360
,43|921|397|1361
,43|922|397|1362
,43|923|397|1363
,43|924|397|1364
,43|925|397|1365
,43|926|397|1366
,43|927|397|1367
,43|928|397|1368
,43|929|397|1369
,43|930|397|1370
,43|931|397|1371
,43|932|397|1372
,43|933|397|1373
,43|934|397|1374
,43|935|397|1375
,43|936|397|1376
,43|937|397|1377
,43|938|397|1378
,43|939|397|1379
,43|940|397|1380
,43|941|397|1381
,43|942|397|1382
,43|943|397|1383
,43|944|397|1384
,43|945|397|1385
,43|946|397|1386
,43|947|397|1387
,43|948|397|1388
,43|949|397|1389
,43|950|397|1390
,43|951|397|1391
,43|952|397|1392
,43|953|397|1393
,43|954|397|1394
,43|955|397|1395
,43|956|397|1396
,43|957|397|1397
,43|958|397|1398
,43|959|397|1399
,43|960|397|1400
,43|961|397|1401
,43|962|397|1402
,43|963|397|1403
,43|964|397|1404
,43|965|397|1405
,43|966|397|1406
,43|967|397|1407
,43|968|397|1408
,43|969|397|1409
,43|970|397|1410
,43|971|397|1411
,43|972|397|1412
,43|973|397|1413
,43|974|397|1414
,43|974|398|1415
,43|975|398|1416
,43|975|399|1417
,43|976|399|1418
,43|977|399|1419
,43|978|399|1420
,43|979|399|1421
,43|980|399|1422
,43|981|399|1423
,43|982|399|1424
,43|983|399|1425
,43|984|399|1426
,43|984|400|1427
,43|985|400|1428
,43|985|401|1429
,43|986|401|1430
,43|987|401|1431
,43|988|401|1432
,43|989|401|1433
,43|990|401|1434
,43|991|401|1435
,43|992|401|1436
,43|992|402|1437
,43|993|402|1438
,43|993|403|1439
,43|994|403|1440
,43|995|403|1441
,43|996|403|1442
,43|997|403|1443
,43|998|403|1444
,43|998|404|1445
,43|999|404|1446
,43|999|405|1447
,43|1000|405|1448
,43|1001|405|1449
,43|1002|405|1450
,43|1003|405|1451
,43|1004|405|1452
,43|1004|406|1453
,43|1005|406|1454
,43|1005|407|1455
,43|1006|407|1456
,43|1007|407|1457
,43|1008|407|1458
,43|1009|407|1459
,43|1010|407|1460
,43|1011|407|1461
,43|1012|407|1462
,43|1012|408|1463
,43|1013|408|1464
,43|1014|408|1465
,43|1015|408|1466
,43|1016|408|1467
,43|1017|408|1468
,43|1017|409|1469
,43|1018|409|1470
,43|1018|410|1471
,43|1019|410|1472
,43|1019|411|1473
,43|1020|411|1474
,43|1020|412|1475
,43|1021|412|1476
,43|1021|413|1477
,43|1022|413|1478
,43|1023|413|1479
,43|1024|413|1480
,43|1025|413|1481
,43|1026|413|1482
,43|1027|413|1483
,43|1028|413|1484
,43|1029|413|1485
,43|1030|413|1486
,43|1030|414|1487
,43|1031|414|1488
,43|1031|415|1489
,43|1032|415|1490
,43|1033|415|1491
,43|1034|415|1492
,43|1035|415|1493
,43|1036|415|1494
,43|1036|416|1495
,43|1037|416|1496
,43|1037|417|1497
,43|1038|417|1498
,43|1039|417|1499
,43|1040|417|1500
,43|1041|417|1501
,43|1042|417|1502
,43|1042|418|1503
,43|1043|418|1504
,43|1043|419|1505
,43|1044|419|1506
,43|1045|419|1507
,44|1045|419|1508
,44|1046|419|1509
,44|1047|419|1510
,44|1047|420|1511
,44|1048|420|1512
,44|1049|420|1513
,44|1050|420|1514
,44|1051|420|1515
,44|1052|420|1516
,44|1053|420|1517
,44|1054|420|1518
,44|1055|420|1519
,44|1056|420|1520
,44|1057|420|1521
,44|1058|420|1522
,44|1058|421|1523
,44|1059|421|1524
,44|1059|422|1525
,44|1060|422|1526
,44|1060|423|1527
,44|1061|423|1528
,44|1061|424|1529
,44|1062|424|1530
,44|1062|425|1531
,44|1063|425|1532
,44|1063|426|1533
,44|1064|426|1534
,44|1064|427|1535
,44|1065|427|1536
,44|1066|427|1537
,44|1067|427|1538
,44|1067|428|1539
,44|1068|428|1540
,44|1068|429|1541
,44|1069|429|1542
,44|1069|430|1543
,44|1070|430|1544
,44|1070|431|1545
,44|1071|431|1546
,44|1071|432|1547
,44|1072|432|1548
,44|1072|433|1549
,44|1073|433|1550
,44|1073|434|1551
,44|1074|434|1552
,44|1074|435|1553
,44|1075|435|1554
,44|1075|436|1555
,44|1076|436|1556
,44|1076|437|1557
,44|1077|437|1558
,44|1077|438|1559
,44|1078|438|1560
,44|1078|439|1561
,44|1079|439|1562
,44|1079|440|1563
,44|1080|440|1564
,44|1080|441|1565
,44|1081|441|1566
,44|1081|442|1567
,44|1082|442|1568
,44|1082|443|1569
,44|1083|443|1570
,44|1083|444|1571
,44|1084|444|1572
,44|1084|445|1573
,44|1085|445|1574
,44|1085|446|1575
,44|1086|446|1576
,44|1086|447|1577
,44|1087|447|1578
,44|1088|447|1579
,44|1089|447|1580
,44|1090|447|1581
,44|1091|447|1582
,44|1091|448|1583
,44|1092|448|1584
,44|1093|448|1585
,44|1094|448|1586
,44|1094|449|1587
,44|1095|449|1588
,44|1095|450|1589
,44|1096|450|1590
,44|1096|451|1591
,44|1097|451|1592
,44|1098|451|1593
,44|1099|451|1594
,44|1100|451|1595
,45|1100|451|1596
,45|1100|452|1597
,45|1101|452|1598
,45|1101|453|1599
,45|1102|453|1600
,45|1102|454|1601
,46|1102|454|1602
,46|1103|454|1603
,46|1104|454|1604
,46|1104|455|1605
,46|1105|455|1606
,46|1106|455|1607
,46|1107|455|1608
,46|1108|455|1609
,46|1109|455|1610
,46|1109|456|1611
,46|1110|456|1612
,46|1110|457|1613
,46|1111|457|1614
,46|1111|458|1615
,46|1112|458|1616
,46|1113|458|1617
,46|1114|458|1618
,46|1114|459|1619
,46|1115|459|1620
,46|1116|459|1621
,46|1117|459|1622
,46|1118|459|1623
,47|1118|459|1624
,47|1119|459|1625
,47|1120|459|1626
,47|1121|459|1627
,48|1121|459|1628
,48|1122|459|1629
,48|1123|459|1630
,48|1124|459|1631
,48|1125|459|1632
,48|1125|460|1633
,48|1126|460|1634
,48|1126|461|1635
,48|1127|461|1636
,48|1128|461|1637
,48|1129|461|1638
,48|1130|461|1639
,48|1131|461|1640
,48|1131|462|1641
,48|1132|462|1642
,48|1132|463|1643
,48|1133|463|1644
,48|1133|464|1645
,48|1134|464|1646
,48|1134|465|1647
,48|1135|465|1648
,48|1135|466|1649
,48|1136|466|1650
,48|1137|466|1651
,48|1138|466|1652
,48|1139|466|1653
,48|1140|466|1654
,48|1140|467|1655
,48|1141|467|1656
,48|1142|467|1657
,48|1143|467|1658
,48|1144|467|1659
,48|1145|467|1660
,48|1146|467|1661
,48|1147|467|1662
,48|1148|467|1663
,48|1149|467|1664
,48|1150|467|1665
,48|1151|467|1666
,48|1152|467|1667
,48|1153|467|1668
,48|1153|468|1669
,48|1154|468|1670
,48|1154|469|1671
,48|1155|469|1672
,48|1156|469|1673
,48|1157|469|1674
,48|1158|469|1675
,48|1159|469|1676
,48|1159|470|1677
,48|1160|470|1678
,48|1161|470|1679
,48|1162|470|1680
,48|1163|470|1681
,48|1164|470|1682
,48|1164|471|1683
,48|1165|471|1684
,48|1165|472|1685
,48|1166|472|1686
,48|1167|472|1687
,48|1168|472|1688
,48|1169|472|1689
,48|1170|472|1690
,48|1170|473|1691
,48|1171|473|1692
,48|1172|473|1693
,48|1173|473|1694
,48|1174|473|1695
,48|1175|473|1696
,48|1176|473|1697
,48|1177|473|1698
,48|1178|473|1699
,48|1179|473|1700
,48|1179|474|1701
,48|1180|474|1702
,48|1180|475|1703
,48|1181|475|1704
,48|1181|476|1705
,48|1182|476|1706
,48|1182|477|1707
,48|1183|477|1708
,48|1183|478|1709
,48|1184|478|1710
,48|1184|479|1711
,48|1185|479|1712
,48|1185|480|1713
,48|1186|480|1714
,48|1186|481|1715
,48|1187|481|1716
,48|1187|482|1717
,48|1188|482|1718
,48|1188|483|1719
,48|1189|483|1720
,48|1189|484|1721
,48|1190|484|1722
,48|1190|485|1723
,48|1191|485|1724
,48|1191|486|1725
,48|1192|486|1726
,48|1192|487|1727
,48|1193|487|1728
,48|1193|488|1729
,48|1194|488|1730
,48|1194|489|1731
,48|1195|489|1732
,48|1195|490|1733
,48|1196|490|1734
,48|1196|491|1735
,48|1197|491|1736
,48|1197|492|1737
,48|1198|492|1738
,48|1199|492|1739
,48|1200|492|1740
,48|1200|493|1741
,48|1201|493|1742
,48|1201|494|1743
,48|1202|494|1744
,48|1203|494|1745
,48|1204|494|1746
,48|1205|494|1747
,49|1205|494|1748
,49|1206|494|1749
,49|1207|494|1750
,49|1207|495|1751
,49|1208|495|1752
,49|1208|496|1753
,49|1209|496|1754
,49|1209|497|1755
,49|1210|497|1756
,49|1210|498|1757
,49|1211|498|1758
,49|1212|498|1759
,50|1212|498|1760
,50|1213|498|1761
,51|1213|498|1762
,51|1213|499|1763
,51|1214|499|1764
,51|1215|499|1765
,51|1216|499|1766
,51|1216|500|1767
,52|1216|500|1768
,52|1217|500|1769
,53|1217|500|1770
,53|1218|500|1771
,53|1219|500|1772
,53|1220|500|1773
,54|1220|500|1774
,54|1221|500|1775
,54|1222|500|1776
,54|1222|501|1777
,54|1223|501|1778
,54|1223|502|1779
,54|1224|502|1780
,54|1225|502|1781
,54|1226|502|1782
,54|1227|502|1783
,54|1228|502|1784
,54|1229|502|1785
,54|1230|502|1786
,54|1230|503|1787
,54|1231|503|1788
,54|1232|503|1789
,54|1233|503|1790
,54|1233|504|1791
,54|1234|504|1792
,54|1234|505|1793
,54|1235|505|1794
,54|1235|506|1795
,54|1236|506|1796
,54|1236|507|1797
,54|1237|507|1798
,54|1237|508|1799
,54|1238|508|1800
,54|1239|508|1801
,54|1240|508|1802
,54|1241|508|1803
,54|1242|508|1804
,54|1243|508|1805
,54|1244|508|1806
,54|1245|508|1807
,54|1246|508|1808
,54|1247|508|1809
,54|1248|508|1810
,54|1248|509|1811
,54|1249|509|1812
,54|1249|510|1813
,54|1250|510|1814
,54|1250|511|1815
,54|1251|511|1816
,54|1251|512|1817
,54|1252|512|1818
,54|1252|513|1819
,54|1253|513|1820
,54|1253|514|1821
,54|1254|514|1822
,54|1254|515|1823
,54|1255|515|1824
,54|1255|516|1825
,54|1256|516|1826
,54|1256|517|1827
,54|1257|517|1828
,54|1257|518|1829
,54|1258|518|1830
,54|1258|519|1831
,54|1259|519|1832
,54|1259|520|1833
,54|1260|520|1834
,54|1260|521|1835
,54|1261|521|1836
,54|1261|522|1837
,54|1262|522|1838
,54|1262|523|1839
,54|1263|523|1840
,54|1263|524|1841
,54|1264|524|1842
,54|1264|525|1843
,54|1265|525|1844
,54|1265|526|1845
,54|1266|526|1846
,54|1266|527|1847
,54|1267|527|1848
,54|1267|528|1849
,54|1268|528|1850
,54|1268|529|1851
,54|1269|529|1852
,54|1269|530|1853
,54|1270|530|1854
,54|1270|531|1855
,54|1271|531|1856
,54|1271|532|1857
,54|1272|532|1858
,54|1272|533|1859
,54|1273|533|1860
,54|1273|534|1861
,54|1274|534|1862
,54|1275|535|1864
,54|1276|535|1865
,54|1276|536|1866
,54|1277|536|1867
,54|1277|537|1868
,54|1278|537|1869
,54|1278|538|1870
,54|1279|538|1871
,54|1279|539|1872
,54|1280|539|1873
,54|1280|540|1874
,54|1281|540|1875
,54|1281|541|1876
,54|1282|541|1877
,54|1282|542|1878
,54|1283|542|1879
,54|1283|543|1880
,54|1284|543|1881
,54|1284|544|1882
,54|1285|544|1883
,54|1286|544|1884
,54|1287|544|1885
,54|1287|545|1886
,54|1288|545|1887
,54|1289|545|1888
,55|1289|545|1889
,55|1290|545|1890
,55|1291|545|1891
,55|1292|545|1892
,55|1293|545|1893
,55|1294|545|1894
,55|1295|545|1895
,55|1295|546|1896
,55|1296|546|1897
,55|1297|546|1898
,55|1298|546|1899
,55|1299|546|1900
,55|1300|546|1901
,55|1300|547|1902
,55|1301|547|1903
,55|1301|548|1904
,55|1302|548|1905
,55|1303|548|1906
,55|1304|548|1907
,55|1304|549|1908
,55|1305|549|1909
,55|1306|549|1910
,55|1307|549|1911
,55|1308|549|1912
,56|1308|549|1913
,56|1309|549|1914
,56|1310|549|1915
,56|1310|550|1916
,56|1311|550|1917
,56|1312|550|1918
,56|1313|550|1919
,56|1314|550|1920
,56|1315|550|1921
,56|1315|551|1922
,56|1316|551|1923
,56|1317|551|1924
,57|1317|551|1925
,57|1318|551|1926
,57|1319|551|1927
,57|1320|551|1928
,57|1321|551|1929
,57|1322|551|1930
,57|1323|551|1931
,57|1323|552|1932
,57|1324|552|1933
,57|1325|552|1934
,57|1326|552|1935
,57|1327|552|1936
,57|1328|552|1937
,57|1328|553|1938
,57|1329|553|1939
,57|1329|554|1940
,58|1329|554|1941
,58|1330|554|1942
,58|1331|554|1943
,58|1331|555|1944
,58|1332|555|1945
,58|1333|555|1946
,58|1334|555|1947
,58|1334|556|1948
,59|1334|556|1949
,59|1335|556|1950
,59|1336|556|1951
,59|1337|556|1952
,59|1338|556|1953
,59|1339|556|1954
,59|1340|556|1955
,59|1340|557|1956
,59|1341|557|1957
,59|1341|558|1958
,59|1342|558|1959
,59|1342|559|1960
,59|1343|559|1961
,59|1343|560|1962
,59|1344|560|1963
,59|1344|561|1964
,59|1345|561|1965
,59|1345|562|1966
,59|1346|562|1967
,59|1346|563|1968
,59|1347|563|1969
,59|1347|564|1970
,59|1348|564|1971
,59|1348|565|1972
,59|1349|565|1973
,59|1349|566|1974
,59|1350|566|1975
,59|1350|567|1976
,59|1351|567|1977
,59|1351|568|1978
,59|1352|568|1979
,59|1352|569|1980
,59|1353|569|1981
,59|1353|570|1982
,59|1354|570|1983
,59|1354|571|1984
,59|1355|571|1985
,59|1355|572|1986
,59|1356|572|1987
,59|1356|573|1988
,59|1357|573|1989
,59|1357|574|1990
,59|1358|574|1991
,59|1359|574|1992
,59|1360|574|1993
,59|1360|575|1994
,59|1361|575|1995
,59|1362|575|1996
,59|1363|575|1997
,59|1364|575|1998
,59|1365|575|1999
,59|1365|576|2000
