total
,0|1|0|1
,0|2|0|2
,0|3|0|3
,0|3|1|4
,0|4|1|5
,0|5|1|6
,0|5|2|7
,0|6|2|8
,0|7|2|9
,0|8|2|10
,0|9|2|11
,0|10|2|12
,0|11|2|13
,0|11|3|14
,0|12|3|15
,0|13|3|16
,0|13|4|17
,0|14|4|18
,0|15|4|19
,0|16|4|20
,0|17|4|21
,0|17|5|22
,0|17|6|23
,0|18|6|24
,0|18|7|25
,0|18|8|26
,0|19|8|27
,0|20|8|28
,0|21|8|29
,0|21|9|30
,0|21|10|31
,0|22|10|32
,1|22|10|33
,1|23|10|34
,1|24|10|35
,1|25|10|36
,1|26|10|37
,1|26|11|38
,1|27|11|39
,1|27|12|40
,1|28|12|41
,1|28|13|42
,1|28|14|43
,1|28|15|44
,1|28|16|45
,1|28|17|46
,1|29|17|47
,1|29|18|48
,1|29|19|49
,1|29|20|50
,1|30|20|51
,1|30|21|52
,1|30|22|53
,1|30|23|54
,1|30|24|55
,1|30|25|56
,1|31|25|57
,1|31|26|58
,1|32|26|59
,1|32|27|60
,1|32|28|61
,1|32|29|62
,1|32|30|63
,1|32|31|64
,1|33|31|65
,1|33|32|66
,1|34|32|67
,1|34|33|68
,1|34|34|69
,1|34|35|70
,1|35|35|71
,1|35|36|72
,1|36|36|73
,1|36|37|74
,1|37|37|75
,1|37|38|76
,1|38|38|77
,1|38|39|78
,1|39|39|79
,1|39|40|80
,1|40|40|81
,1|41|40|82
,1|42|40|83
,1|43|40|84
,1|44|40|85
,1|44|41|86
,1|45|41|87
,2|45|41|88
,2|46|41|89
,2|47|41|90
,2|48|41|91
,2|49|41|92
,2|49|42|93
,2|50|42|94
,2|51|42|95
,3|51|42|96
,3|52|42|97
,4|52|42|98
,4|53|42|99
,4|54|42|100
,4|54|43|101
,4|55|43|102
,4|56|43|103
,4|57|43|104
,4|58|43|105
,4|59|43|106
,4|59|44|107
,4|60|44|108
,4|61|44|109
,4|62|44|110
,4|63|44|111
,5|63|44|112
,5|64|44|113
,5|65|44|114
,5|66|44|115
,5|66|45|116
,5|67|45|117
,5|68|45|118
,5|68|46|119
,5|68|47|120
,5|68|48|121
,5|69|48|122
,5|69|49|123
,5|70|49|124
,5|70|50|125
,5|71|50|126
,6|71|50|127
,6|71|51|128
,6|71|52|129
,6|72|52|130
,6|72|53|131
,6|72|54|132
,6|72|55|133
,6|73|55|134
,6|74|55|135
,6|74|56|136
,6|74|57|137
,6|75|57|138
,6|75|58|139
,6|76|58|140
,6|76|59|141
,6|77|59|142
,6|77|60|143
,6|78|60|144
,6|78|61|145
,6|79|61|146
,7|79|61|147
,7|79|62|148
,7|79|63|149
,7|79|64|150
,7|79|65|151
,7|80|65|152
,7|81|65|153
,7|82|65|154
,8|82|65|155
,8|83|65|156
,8|83|66|157
,8|83|67|158
,8|83|68|159
,8|84|68|160
,8|84|69|161
,8|85|69|162
,8|86|69|163
,8|87|69|164
,8|88|69|165
,8|89|69|166
,8|90|69|167
,8|90|70|168
,8|90|71|169
,8|91|71|170
,8|92|71|171
,8|93|71|172
,8|94|71|173
,8|94|72|174
,8|94|73|175
,8|95|73|176
,8|95|74|177
,8|96|74|178
,8|97|74|179
,8|97|75|180
,8|98|75|181
,8|98|76|182
,8|98|77|183
,8|99|77|184
,8|100|77|185
,8|101|77|186
,8|101|78|187
,8|102|78|188
,8|103|78|189
,8|104|78|190
,8|104|79|191
,8|104|80|192
,8|105|80|193
,8|106|80|194
,8|107|80|195
,8|108|80|196
,8|109|80|197
,9|109|80|198
,9|110|80|199
,9|111|80|200
,9|112|80|201
,9|113|80|202
,9|114|80|203
,9|115|80|204
,9|116|80|205
,9|117|80|206
,9|118|80|207
,9|119|80|208
,9|120|80|209
,9|121|80|210
,9|122|80|211
,9|123|80|212
,9|124|80|213
,9|125|80|214
,9|126|80|215
,9|127|80|216
,9|128|80|217
,9|129|80|218
,9|130|80|219
,9|131|80|220
,9|132|80|221
,9|133|80|222
,9|134|80|223
,9|135|80|224
,9|136|80|225
,9|137|80|226
,9|138|80|227
,9|139|80|228
,9|140|80|229
,9|141|80|230
,9|142|80|231
,9|143|80|232
,9|144|80|233
,9|144|81|234
,9|145|81|235
,9|145|82|236
,9|146|82|237
,9|146|83|238
,9|147|83|239
,9|147|84|240
,9|148|84|241
,9|148|85|242
,9|149|85|243
,9|149|86|244
,9|150|86|245
,9|150|87|246
,9|151|87|247
,9|151|88|248
,9|152|88|249
,9|152|89|250
,9|153|89|251
,9|153|90|252
,9|154|90|253
,9|154|91|254
,9|155|91|255
,9|155|92|256
,9|156|92|257
,9|156|93|258
,9|157|93|259
,9|157|94|260
,9|158|94|261
,9|158|95|262
,9|159|95|263
,9|159|96|264
,9|160|96|265
,9|160|97|266
,9|161|97|267
,9|161|98|268
,9|162|98|269
,9|162|99|270
,9|163|99|271
,9|164|99|272
,9|165|99|273
,9|166|99|274
,9|167|99|275
,9|168|99|276
,9|169|99|277
,9|170|99|278
,9|171|99|279
,9|172|99|280
,9|173|99|281
,9|174|99|282
,9|175|99|283
,9|176|99|284
,9|177|99|285
,9|178|99|286
,9|179|99|287
,9|180|99|288
,9|181|99|289
,9|182|99|290
,9|183|99|291
,9|184|99|292
,9|185|99|293
,9|186|99|294
,9|187|99|295
,9|188|99|296
,9|189|99|297
,9|190|99|298
,9|191|99|299
,9|192|99|300
,9|193|99|301
,9|194|99|302
,9|195|99|303
,9|196|99|304
,9|197|99|305
,9|198|99|306
,9|199|99|307
,9|200|99|308
,9|200|100|309
,9|200|101|310
,9|200|102|311
,9|201|102|312
,9|201|103|313
,9|201|104|314
,9|201|105|315
,9|202|105|316
,9|202|106|317
,9|203|106|318
,9|203|107|319
,9|203|108|320
,9|203|109|321
,9|204|109|322
,9|204|110|323
,9|205|110|324
,9|205|111|325
,9|205|112|326
,9|205|113|327
,9|206|113|328
,9|206|114|329
,9|207|114|330
,9|207|115|331
,9|208|115|332
,9|208|116|333
,9|208|117|334
,9|208|118|335
,9|209|118|336
,9|209|119|337
,9|209|120|338
,9|209|121|339
,9|210|121|340
,9|210|122|341
,9|211|122|342
,9|211|123|343
,9|211|124|344
,9|211|125|345
,9|211|126|346
,9|212|126|347
,10|212|126|348
,10|213|126|349
,10|214|126|350
,10|215|126|351
,10|216|126|352
,10|217|126|353
,10|218|126|354
,10|219|126|355
,10|220|126|356
,10|221|126|357
,10|222|126|358
,10|223|126|359
,10|224|126|360
,10|225|126|361
,10|226|126|362
,10|227|126|363
,10|228|126|364
,10|229|126|365
,10|230|126|366
,10|231|126|367
,10|232|126|368
,10|233|126|369
,10|234|126|370
,10|235|126|371
,10|236|126|372
,10|237|126|373
,10|238|126|374
,10|239|126|375
,10|240|126|376
,10|241|126|377
,10|242|126|378
,10|243|126|379
,10|244|126|380
,10|245|126|381
,10|246|126|382
,10|247|126|383
,10|248|126|384
,10|249|126|385
,10|249|127|386
,10|250|127|387
,10|250|128|388
,10|251|128|389
,10|251|129|390
,10|252|129|391
,10|252|130|392
,10|253|130|393
,10|253|131|394
,10|254|131|395
,10|254|132|396
,10|255|132|397
,10|255|133|398
,10|256|133|399
,10|256|134|400
,10|257|134|401
,10|257|135|402
,10|258|135|403
,10|258|136|404
,10|259|136|405
,10|259|137|406
,10|260|137|407
,10|260|138|408
,10|261|138|409
,10|261|139|410
,10|262|139|411
,10|262|140|412
,10|263|140|413
,10|263|141|414
,10|264|141|415
,10|264|142|416
,10|265|142|417
,10|265|143|418
,10|266|143|419
,10|266|144|420
,10|267|144|421
,10|267|145|422
,10|267|146|423
,10|268|146|424
,10|268|147|425
,10|269|147|426
,10|269|148|427
,10|270|148|428
,10|270|149|429
,10|271|149|430
,10|271|150|431
,10|272|150|432
,10|272|151|433
,10|273|151|434
,10|273|152|435
,10|274|152|436
,10|274|153|437
,10|275|153|438
,10|275|154|439
,10|276|154|440
,10|276|155|441
,10|277|155|442
,10|277|156|443
,10|278|156|444
,10|278|157|445
,10|279|157|446
,10|279|158|447
,10|280|158|448
,10|280|159|449
,10|281|159|450
,10|281|160|451
,10|282|160|452
,10|282|161|453
,10|283|161|454
,10|283|162|455
,10|284|162|456
,10|284|163|457
,10|285|163|458
,10|285|164|459
,10|286|164|460
,11|286|164|461
,11|286|165|462
,11|286|166|463
,11|287|166|464
,11|287|167|465
,11|287|168|466
,11|287|169|467
,11|288|169|468
,11|288|170|469
,11|289|170|470
,11|289|171|471
,11|289|172|472
,11|289|173|473
,11|290|173|474
,11|290|174|475
,11|290|175|476
,11|290|176|477
,11|291|176|478
,11|291|177|479
,11|292|177|480
,11|292|178|481
,11|293|178|482
,11|293|179|483
,11|293|180|484
,11|293|181|485
,11|294|181|486
,11|294|182|487
,11|295|182|488
,11|295|183|489
,11|295|184|490
,11|295|185|491
,11|296|185|492
,11|296|186|493
,11|297|186|494
,11|297|187|495
,11|298|187|496
,11|298|188|497
,11|299|188|498
,11|300|188|499
,11|301|188|500
,11|301|189|501
,12|301|189|502
,12|301|190|503
,12|302|190|504
,12|303|190|505
,12|303|191|506
,12|304|191|507
,13|304|191|508
,13|305|191|509
,13|306|191|510
,13|307|191|511
,13|308|191|512
,13|308|192|513
,13|309|192|514
,13|310|192|515
,13|311|192|516
,13|312|192|517
,13|313|192|518
,13|313|193|519
,13|314|193|520
,13|314|194|521
,13|315|194|522
,13|316|194|523
,14|316|194|524
,14|316|195|525
,14|317|195|526
,14|317|196|527
,14|317|197|528
,14|318|197|529
,14|319|197|530
,14|320|197|531
,14|321|197|532
,14|322|197|533
,14|322|198|534
,14|322|199|535
,15|322|199|536
,15|323|199|537
,15|323|200|538
,15|324|200|539
,15|324|201|540
,15|325|201|541
,15|325|202|542
,16|325|202|543
,16|325|203|544
,16|326|203|545
,16|326|204|546
,16|327|204|547
,16|327|205|548
,16|328|205|549
,16|328|206|550
,16|328|207|551
,16|329|207|552
,16|330|207|553
,16|330|208|554
,16|331|208|555
,16|331|209|556
,16|331|210|557
,16|332|210|558
,16|332|211|559
,16|333|211|560
,16|334|211|561
,16|335|211|562
,16|335|212|563
,16|336|212|564
,16|337|212|565
,16|337|213|566
,16|338|213|567
,16|338|214|568
,16|339|214|569
,17|339|214|570
,17|340|214|571
,17|340|215|572
,17|341|215|573
,17|341|216|574
,17|341|217|575
,17|342|217|576
,17|342|218|577
,17|343|218|578
,17|343|219|579
,17|344|219|580
,17|344|220|581
,17|345|220|582
,17|345|221|583
,17|346|221|584
,17|346|222|585
,17|347|222|586
,17|347|223|587
,17|348|223|588
,17|348|224|589
,17|349|224|590
,17|349|225|591
,17|350|225|592
,17|350|226|593
,17|351|226|594
,17|351|227|595
,17|352|227|596
,17|352|228|597
,17|353|228|598
,17|353|229|599
,17|354|229|600
,17|354|230|601
,17|355|230|602
,17|355|231|603
,17|356|231|604
,17|356|232|605
,17|357|232|606
,17|357|233|607
,17|358|233|608
,17|358|234|609
,17|359|234|610
,17|359|235|611
,17|360|235|612
,17|361|235|613
,17|361|236|614
,17|362|236|615
,17|363|236|616
,17|363|237|617
,17|364|237|618
,17|365|237|619
,17|366|237|620
,17|367|237|621
,17|368|237|622
,17|369|237|623
,17|369|238|624
,17|370|238|625
,17|371|238|626
,17|371|239|627
,17|371|240|628
,17|372|240|629
,17|373|240|630
,17|374|240|631
,17|374|241|632
,17|374|242|633
,17|375|242|634
,17|375|243|635
,17|376|243|636
,17|377|243|637
,17|378|243|638
,17|379|243|639
,17|379|244|640
,17|379|245|641
,17|380|245|642
,17|381|245|643
,17|382|245|644
,17|383|245|645
,17|384|245|646
,17|385|245|647
,17|386|245|648
,17|387|245|649
,17|387|246|650
,17|388|246|651
,17|389|246|652
,17|390|246|653
,17|391|246|654
,17|392|246|655
,17|393|246|656
,17|394|246|657
,17|395|246|658
,17|396|246|659
,17|397|246|660
,17|398|246|661
,17|399|246|662
,17|400|246|663
,17|401|246|664
,17|402|246|665
,17|403|246|666
,17|404|246|667
,17|405|246|668
,17|406|246|669
,17|407|246|670
,17|408|246|671
,17|409|246|672
,17|410|246|673
,17|411|246|674
,17|412|246|675
,17|413|246|676
,17|414|246|677
,17|415|246|678
,17|416|246|679
,17|417|246|680
,17|418|246|681
,17|419|246|682
,17|420|246|683
,17|421|246|684
,17|422|246|685
,17|423|246|686
,17|424|246|687
,17|425|246|688
,17|426|246|689
,17|426|247|690
,17|427|247|691
,17|427|248|692
,17|428|248|693
,17|429|248|694
,17|430|248|695
,17|431|248|696
,17|432|248|697
,17|432|249|698
,17|433|249|699
,17|433|250|700
,17|434|250|701
,17|434|251|702
,17|435|251|703
,17|436|251|704
,17|437|251|705
,17|438|251|706
,17|439|251|707
,17|439|252|708
,17|440|252|709
,17|441|252|710
,17|441|253|711
,17|441|254|712
,17|442|254|713
,17|442|255|714
,17|443|255|715
,17|443|256|716
,17|443|257|717
,17|443|258|718
,17|444|258|719
,17|444|259|720
,17|445|259|721
,17|445|260|722
,17|446|260|723
,17|446|261|724
,17|447|261|725
,17|447|262|726
,17|448|262|727
,17|449|262|728
,17|450|262|729
,17|450|263|730
,17|451|263|731
,17|451|264|732
,17|452|264|733
,17|452|265|734
,17|453|265|735
,17|454|265|736
,17|455|265|737
,17|455|266|738
,17|456|266|739
,17|457|266|740
,17|458|266|741
,17|459|266|742
,17|460|266|743
,17|461|266|744
,17|462|266|745
,17|462|267|746
,17|463|267|747
,17|464|267|748
,17|465|267|749
,17|466|267|750
,17|467|267|751
,17|468|267|752
,17|469|267|753
,17|469|268|754
,17|470|268|755
,17|470|269|756
,17|471|269|757
,17|471|270|758
,17|472|270|759
,17|472|271|760
,17|473|271|761
,17|473|272|762
,17|474|272|763
,17|475|272|764
,17|475|273|765
,17|476|273|766
,17|477|273|767
,17|477|274|768
,17|478|274|769
,17|478|275|770
,17|479|275|771
,17|480|275|772
,17|481|275|773
,17|482|275|774
,17|483|275|775
,17|484|275|776
,17|485|275|777
,17|486|275|778
,17|486|276|779
,17|487|276|780
,17|488|276|781
,17|489|276|782
,17|490|276|783
,17|490|277|784
,18|490|277|785
,18|491|277|786
,18|491|278|787
,18|492|278|788
,18|493|278|789
,18|493|279|790
,18|494|279|791
,18|494|280|792
,18|494|281|793
,18|495|281|794
,18|496|281|795
,18|496|282|796
,18|497|282|797
,18|498|282|798
,18|499|282|799
,18|500|282|800
,18|500|283|801
,18|501|283|802
,18|502|283|803
,18|503|283|804
,18|504|283|805
,18|505|283|806
,18|506|283|807
,18|507|283|808
,18|508|283|809
,18|508|284|810
,18|509|284|811
,18|510|284|812
,18|510|285|813
,18|511|285|814
,18|512|285|815
,19|512|285|816
,19|513|285|817
,19|514|285|818
,19|515|285|819
,19|516|285|820
,19|516|286|821
,19|517|286|822
,19|518|286|823
,19|519|286|824
,19|520|286|825
,19|521|286|826
,19|521|287|827
,19|522|287|828
,19|522|288|829
,19|523|288|830
,19|524|288|831
,20|524|288|832
,20|525|288|833
,20|526|288|834
,20|527|288|835
,20|528|288|836
,20|529|288|837
,20|530|288|838
,20|530|289|839
,20|531|289|840
,20|531|290|841
,20|532|290|842
,20|532|291|843
,20|533|291|844
,20|533|292|845
,20|533|293|846
,20|533|294|847
,20|534|294|848
,20|534|295|849
,20|534|296|850
,20|534|297|851
,20|535|297|852
,21|535|297|853
,21|535|298|854
,21|535|299|855
,21|536|299|856
,21|536|300|857
,21|536|301|858
,21|536|302|859
,21|537|302|860
,22|537|302|861
,22|537|303|862
,22|537|304|863
,22|538|304|864
,22|538|305|865
,22|538|306|866
,22|538|307|867
,22|538|308|868
,22|539|308|869
,22|540|308|870
,23|540|308|871
,23|541|308|872
,23|541|309|873
,24|541|309|874
,24|542|309|875
,24|543|309|876
,24|543|310|877
,24|544|310|878
,24|545|310|879
,24|546|310|880
,24|547|310|881
,24|548|310|882
,24|549|310|883
,24|550|310|884
,24|550|311|885
,24|551|311|886
,24|552|311|887
,24|553|311|888
,24|553|312|889
,24|553|313|890
,24|553|314|891
,24|554|314|892
,24|554|315|893
,24|555|315|894
,24|556|315|895
,24|557|315|896
,24|557|316|897
,24|558|316|898
,24|558|317|899
,24|559|317|900
,24|559|318|901
,24|560|318|902
,24|560|319|903
,24|561|319|904
,24|562|319|905
,24|563|319|906
,24|564|319|907
,24|565|319|908
,24|566|319|909
,24|567|319|910
,24|568|319|911
,24|569|319|912
,24|570|319|913
,24|571|319|914
,24|572|319|915
,24|573|319|916
,24|574|319|917
,24|575|319|918
,24|576|319|919
,24|577|319|920
,24|578|319|921
,24|579|319|922
,24|580|319|923
,25|580|319|924
,25|581|319|925
,25|582|319|926
,25|583|319|927
,25|584|319|928
,25|585|319|929
,25|586|319|930
,25|587|319|931
,26|587|319|932
,26|588|319|933
,26|589|319|934
,26|590|319|935
,26|591|319|936
,26|592|319|937
,26|593|319|938
,26|594|319|939
,26|595|319|940
,26|596|319|941
,26|597|319|942
,26|598|319|943
,26|599|319|944
,26|600|319|945
,26|601|319|946
,26|602|319|947
,26|602|320|948
,26|603|320|949
,26|603|321|950
,26|604|321|951
,26|604|322|952
,26|605|322|953
,26|605|323|954
,26|606|323|955
,26|606|324|956
,26|607|324|957
,26|607|325|958
,26|608|325|959
,26|608|326|960
,26|609|326|961
,26|609|327|962
,26|610|327|963
,26|610|328|964
,26|611|328|965
,26|611|329|966
,26|612|329|967
,26|612|330|968
,26|613|330|969
,26|613|331|970
,26|614|331|971
,26|614|332|972
,26|615|332|973
,26|615|333|974
,26|616|333|975
,26|616|334|976
,26|617|334|977
,26|617|335|978
,26|618|335|979
,26|618|336|980
,26|619|336|981
,26|619|337|982
,26|620|337|983
,26|621|337|984
,26|622|337|985
,26|623|337|986
,26|624|337|987
,26|625|337|988
,26|626|337|989
,26|627|337|990
,26|628|337|991
,26|629|337|992
,26|630|337|993
,26|631|337|994
,26|632|337|995
,26|633|337|996
,26|634|337|997
,26|635|337|998
,26|636|337|999
,26|637|337|1000
,26|638|337|1001
,26|639|337|1002
,26|640|337|1003
,26|641|337|1004
,26|642|337|1005
,26|643|337|1006
,26|644|337|1007
,26|645|337|1008
,26|646|337|1009
,26|647|337|1010
,26|648|337|1011
,26|649|337|1012
,26|650|337|1013
,26|650|338|1014
,26|651|338|1015
,26|652|338|1016
,26|653|338|1017
,26|654|338|1018
,26|654|339|1019
,26|655|339|1020
,26|655|340|1021
,26|655|341|1022
,26|655|342|1023
,26|656|342|1024
,26|656|343|1025
,26|657|343|1026
,26|657|344|1027
,26|658|344|1028
,26|658|345|1029
,26|659|345|1030
,26|659|346|1031
,26|660|346|1032
,26|660|347|1033
,26|660|348|1034
,26|660|349|1035
,26|661|349|1036
,26|661|350|1037
,26|661|351|1038
,26|661|352|1039
,26|662|352|1040
,26|662|353|1041
,26|662|354|1042
,26|662|355|1043
,26|663|355|1044
,26|663|356|1045
,26|663|357|1046
,26|663|358|1047
,26|663|359|1048
,26|663|360|1049
,26|664|360|1050
,26|664|361|1051
,26|665|361|1052
,26|665|362|1053
,26|666|362|1054
,26|667|362|1055
,26|668|362|1056
,26|669|362|1057
,26|670|362|1058
,26|671|362|1059
,26|672|362|1060
,26|673|362|1061
,26|674|362|1062
,26|675|362|1063
,27|675|362|1064
,27|676|362|1065
,27|677|362|1066
,27|678|362|1067
,27|679|362|1068
,27|680|362|1069
,27|681|362|1070
,27|682|362|1071
,27|683|362|1072
,27|684|362|1073
,27|685|362|1074
,27|686|362|1075
,27|687|362|1076
,27|688|362|1077
,27|689|362|1078
,27|690|362|1079
,27|691|362|1080
,27|692|362|1081
,27|693|362|1082
,27|694|362|1083
,27|695|362|1084
,27|696|362|1085
,27|697|362|1086
,27|698|362|1087
,27|699|362|1088
,27|700|362|1089
,27|701|362|1090
,27|702|362|1091
,27|702|363|1092
,27|703|363|1093
,27|703|364|1094
,27|704|364|1095
,27|704|365|1096
,27|705|365|1097
,27|705|366|1098
,27|706|366|1099
,27|706|367|1100
,27|707|367|1101
,27|707|368|1102
,27|708|368|1103
,27|708|369|1104
,27|709|369|1105
,27|709|370|1106
,27|710|370|1107
,27|710|371|1108
,27|711|371|1109
,27|711|372|1110
,27|712|372|1111
,27|712|373|1112
,27|713|373|1113
,27|713|374|1114
,27|714|374|1115
,27|714|375|1116
,27|715|375|1117
,27|715|376|1118
,27|716|376|1119
,27|716|377|1120
,27|717|377|1121
,27|717|378|1122
,27|718|378|1123
,27|718|379|1124
,27|719|379|1125
,27|719|380|1126
,27|719|381|1127
,27|720|381|1128
,27|720|382|1129
,27|721|382|1130
,27|721|383|1131
,27|722|383|1132
,27|722|384|1133
,27|723|384|1134
,27|723|385|1135
,27|724|385|1136
,27|724|386|1137
,27|725|386|1138
,27|725|387|1139
,27|726|387|1140
,27|726|388|1141
,27|727|388|1142
,27|727|389|1143
,27|728|389|1144
,27|728|390|1145
,27|729|390|1146
,27|729|391|1147
,27|730|391|1148
,27|730|392|1149
,27|731|392|1150
,27|731|393|1151
,27|732|393|1152
,27|732|394|1153
,27|733|394|1154
,27|733|395|1155
,27|734|395|1156
,27|734|396|1157
,27|735|396|1158
,27|735|397|1159
,27|736|397|1160
,27|736|398|1161
,27|737|398|1162
,27|737|399|1163
,27|738|399|1164
,27|738|400|1165
,27|738|401|1166
,27|738|402|1167
,27|739|402|1168
,27|739|403|1169
,27|740|403|1170
,27|740|404|1171
,27|740|405|1172
,27|740|406|1173
,27|741|406|1174
,27|741|407|1175
,27|741|408|1176
,27|741|409|1177
,27|742|409|1178
,27|742|410|1179
,27|743|410|1180
,27|743|411|1181
,27|744|411|1182
,27|744|412|1183
,27|745|412|1184
,27|745|413|1185
,27|745|414|1186
,27|745|415|1187
,27|746|415|1188
,27|746|416|1189
,27|746|417|1190
,27|746|418|1191
,27|747|418|1192
,27|747|419|1193
,27|748|419|1194
,27|748|420|1195
,27|748|421|1196
,27|748|422|1197
,27|749|422|1198
,27|749|423|1199
,27|750|423|1200
,27|751|423|1201
,27|752|423|1202
,27|753|423|1203
,27|754|423|1204
,27|755|423|1205
,27|756|423|1206
,27|757|423|1207
,27|758|423|1208
,27|759|423|1209
,27|760|423|1210
,27|760|424|1211
,27|761|424|1212
,27|762|424|1213
,27|763|424|1214
,27|764|424|1215
,27|765|424|1216
,27|765|425|1217
,27|766|425|1218
,27|766|426|1219
,27|767|426|1220
,27|768|426|1221
,27|769|426|1222
,27|769|427|1223
,27|770|427|1224
,27|771|427|1225
,27|772|427|1226
,27|773|427|1227
,27|774|427|1228
,27|775|427|1229
,27|776|427|1230
,27|777|427|1231
,27|778|427|1232
,27|778|428|1233
,27|779|428|1234
,27|780|428|1235
,27|780|429|1236
,27|780|430|1237
,27|780|431|1238
,27|781|431|1239
,27|781|432|1240
,27|782|432|1241
,27|782|433|1242
,27|783|433|1243
,27|783|434|1244
,27|784|434|1245
,27|784|435|1246
,28|784|435|1247
,28|785|435|1248
,28|786|435|1249
,29|786|435|1250
,29|787|435|1251
,29|787|436|1252
,29|787|437|1253
,29|787|438|1254
,29|787|439|1255
,29|787|440|1256
,29|787|441|1257
,29|787|442|1258
,29|787|443|1259
,29|788|443|1260
,29|788|444|1261
,29|788|445|1262
,29|789|445|1263
,29|789|446|1264
,29|790|446|1265
,29|791|446|1266
,29|791|447|1267
,29|791|448|1268
,29|792|448|1269
,29|792|449|1270
,29|792|450|1271
,29|793|450|1272
,29|793|451|1273
,29|794|451|1274
,29|794|452|1275
,29|795|452|1276
,29|795|453|1277
,29|796|453|1278
,29|796|454|1279
,29|797|454|1280
,29|797|455|1281
,29|798|455|1282
,29|798|456|1283
,29|799|456|1284
,29|799|457|1285
,29|800|457|1286
,29|800|458|1287
,29|801|458|1288
,29|801|459|1289
,29|802|459|1290
,29|802|460|1291
,29|803|460|1292
,29|803|461|1293
,29|804|461|1294
,29|804|462|1295
,29|805|462|1296
,29|805|463|1297
,29|806|463|1298
,29|806|464|1299
,29|807|464|1300
,29|807|465|1301
,29|808|465|1302
,29|808|466|1303
,29|809|466|1304
,29|809|467|1305
,29|810|467|1306
,29|811|467|1307
,29|812|467|1308
,29|812|468|1309
,29|812|469|1310
,29|812|470|1311
,29|813|470|1312
,29|814|470|1313
,29|815|470|1314
,29|816|470|1315
,29|816|471|1316
,29|817|471|1317
,29|818|471|1318
,29|818|472|1319
,29|818|473|1320
,29|819|473|1321
,29|820|473|1322
,29|821|473|1323
,29|821|474|1324
,29|821|475|1325
,29|822|475|1326
,29|822|476|1327
,29|822|477|1328
,29|823|477|1329
,29|824|477|1330
,29|824|478|1331
,29|824|479|1332
,29|824|480|1333
,29|825|480|1334
,29|826|480|1335
,29|827|480|1336
,29|828|480|1337
,29|828|481|1338
,29|829|481|1339
,29|829|482|1340
,29|830|482|1341
,29|830|483|1342
,29|831|483|1343
,29|832|483|1344
,29|833|483|1345
,29|834|483|1346
,29|835|483|1347
,29|836|483|1348
,29|837|483|1349
,29|838|483|1350
,29|839|483|1351
,29|840|483|1352
,29|841|483|1353
,29|842|483|1354
,29|843|483|1355
,29|844|483|1356
,29|845|483|1357
,29|846|483|1358
,29|847|483|1359
,29|848|483|1360
,29|849|483|1361
,29|850|483|1362
,29|851|483|1363
,29|852|483|1364
,29|853|483|1365
,29|854|483|1366
,29|855|483|1367
,29|856|483|1368
,29|857|483|1369
,29|858|483|1370
,29|859|483|1371
,29|860|483|1372
,29|861|483|1373
,29|862|483|1374
,29|863|483|1375
,29|864|483|1376
,29|865|483|1377
,29|866|483|1378
,29|866|484|1379
,29|866|485|1380
,29|867|485|1381
,29|867|486|1382
,29|867|487|1383
,29|867|488|1384
,29|868|488|1385
,29|868|489|1386
,29|868|490|1387
,29|868|491|1388
,29|869|491|1389
,29|869|492|1390
,29|870|492|1391
,29|870|493|1392
,29|871|493|1393
,29|871|494|1394
,29|872|494|1395
,29|872|495|1396
,29|873|495|1397
,29|873|496|1398
,29|874|496|1399
,29|874|497|1400
,29|874|498|1401
,29|875|498|1402
,29|875|499|1403
,29|875|500|1404
,29|875|501|1405
,29|875|502|1406
,29|876|502|1407
,29|876|503|1408
,29|877|503|1409
,29|877|504|1410
,29|878|504|1411
,29|879|504|1412
,29|880|504|1413
,29|880|505|1414
,29|881|505|1415
,29|882|505|1416
,29|883|505|1417
,29|884|505|1418
,29|885|505|1419
,29|885|506|1420
,29|886|506|1421
,29|887|506|1422
,29|888|506|1423
,29|888|507|1424
,29|889|507|1425
,29|889|508|1426
,29|890|508|1427
,29|891|508|1428
,29|892|508|1429
,29|892|509|1430
,29|893|509|1431
,29|893|510|1432
,29|894|510|1433
,29|895|510|1434
,29|896|510|1435
,29|896|511|1436
,29|897|511|1437
,29|897|512|1438
,29|898|512|1439
,29|898|513|1440
,29|899|513|1441
,29|900|513|1442
,29|901|513|1443
,29|901|514|1444
,29|902|514|1445
,29|903|514|1446
,29|904|514|1447
,29|904|515|1448
,29|905|515|1449
,29|906|515|1450
,29|907|515|1451
,29|908|515|1452
,29|908|516|1453
,29|909|516|1454
,29|910|516|1455
,29|911|516|1456
,29|912|516|1457
,29|913|516|1458
,29|914|516|1459
,29|914|517|1460
,29|915|517|1461
,29|916|517|1462
,29|916|518|1463
,29|917|518|1464
,29|918|518|1465
,29|919|518|1466
,29|920|518|1467
,29|920|519|1468
,29|920|520|1469
,29|921|520|1470
,29|921|521|1471
,29|922|521|1472
,29|923|521|1473
,29|923|522|1474
,29|923|523|1475
,29|923|524|1476
,29|923|525|1477
,29|924|525|1478
,29|925|525|1479
,29|925|526|1480
,29|926|526|1481
,29|927|526|1482
,29|928|526|1483
,29|929|526|1484
,29|929|527|1485
,29|929|528|1486
,29|929|529|1487
,29|929|530|1488
,29|929|531|1489
,29|929|532|1490
,29|929|533|1491
,29|929|534|1492
,29|930|534|1493
,29|930|535|1494
,29|930|536|1495
,29|930|537|1496
,29|930|538|1497
,29|930|539|1498
,29|931|539|1499
,29|931|540|1500
,29|932|540|1501
,29|932|541|1502
,29|932|542|1503
,29|932|543|1504
,29|932|544|1505
,29|932|545|1506
,29|933|545|1507
,29|933|546|1508
,29|934|546|1509
,29|935|546|1510
,29|935|547|1511
,29|935|548|1512
,29|936|548|1513
,29|936|549|1514
,29|937|549|1515
,29|937|550|1516
,29|938|550|1517
,29|938|551|1518
,29|939|551|1519
,29|940|551|1520
,29|941|551|1521
,29|941|552|1522
,29|941|553|1523
,29|941|554|1524
,29|941|555|1525
,29|942|555|1526
,29|942|556|1527
,29|943|556|1528
,30|943|556|1529
,30|943|557|1530
,30|943|558|1531
,30|944|558|1532
,30|944|559|1533
,30|945|559|1534
,30|945|560|1535
,30|946|560|1536
,30|947|560|1537
,30|947|561|1538
,30|947|562|1539
,30|948|562|1540
,30|948|563|1541
,30|949|563|1542
,30|949|564|1543
,30|950|564|1544
,30|950|565|1545
,30|951|565|1546
,30|951|566|1547
,30|952|566|1548
,30|953|566|1549
,30|954|566|1550
,30|955|566|1551
,30|956|566|1552
,30|956|567|1553
,30|957|567|1554
,30|957|568|1555
,30|957|569|1556
,30|957|570|1557
,30|957|571|1558
,30|958|571|1559
,30|959|571|1560
,30|960|571|1561
,30|961|571|1562
,30|962|571|1563
,30|963|571|1564
,30|964|571|1565
,30|965|571|1566
,30|966|571|1567
,30|967|571|1568
,30|967|572|1569
,30|968|572|1570
,30|969|572|1571
,30|970|572|1572
,30|971|572|1573
,30|972|572|1574
,30|972|573|1575
,30|973|573|1576
,30|973|574|1577
,30|974|574|1578
,30|974|575|1579
,30|975|575|1580
,30|976|575|1581
,30|976|576|1582
,30|976|577|1583
,30|977|577|1584
,30|978|577|1585
,30|979|577|1586
,30|979|578|1587
,30|980|578|1588
,30|981|578|1589
,30|982|578|1590
,30|983|578|1591
,30|984|578|1592
,30|985|578|1593
,30|986|578|1594
,30|987|578|1595
,30|988|578|1596
,30|989|578|1597
,30|990|578|1598
,30|991|578|1599
,30|992|578|1600
,30|993|578|1601
,30|994|578|1602
,30|995|578|1603
,30|996|578|1604
,30|997|578|1605
,30|998|578|1606
,30|999|578|1607
,30|1000|578|1608
,30|1001|578|1609
,30|1002|578|1610
,30|1003|578|1611
,30|1004|578|1612
,30|1005|578|1613
,30|1006|578|1614
,30|1007|578|1615
,30|1008|578|1616
,30|1009|578|1617
,31|1009|578|1618
,31|1010|578|1619
,31|1011|578|1620
,31|1012|578|1621
,31|1013|578|1622
,31|1014|578|1623
,31|1015|578|1624
,31|1016|578|1625
,31|1017|578|1626
,31|1018|578|1627
,31|1019|578|1628
,31|1020|578|1629
,31|1021|578|1630
,31|1022|578|1631
,31|1022|579|1632
,31|1023|579|1633
,31|1023|580|1634
,31|1024|580|1635
,31|1024|581|1636
,31|1025|581|1637
,31|1025|582|1638
,31|1026|582|1639
,31|1026|583|1640
,31|1027|583|1641
,31|1027|584|1642
,31|1028|584|1643
,31|1028|585|1644
,31|1029|585|1645
,31|1029|586|1646
,31|1030|586|1647
,31|1030|587|1648
,31|1031|587|1649
,31|1031|588|1650
,31|1032|588|1651
,31|1032|589|1652
,31|1033|589|1653
,31|1033|590|1654
,31|1034|590|1655
,31|1034|591|1656
,31|1035|591|1657
,31|1035|592|1658
,31|1036|592|1659
,31|1036|593|1660
,31|1037|593|1661
,31|1037|594|1662
,31|1038|594|1663
,31|1038|595|1664
,31|1039|595|1665
,31|1039|596|1666
,31|1040|596|1667
,31|1041|596|1668
,31|1042|596|1669
,31|1043|596|1670
,31|1044|596|1671
,31|1045|596|1672
,31|1046|596|1673
,31|1047|596|1674
,31|1048|596|1675
,31|1049|596|1676
,31|1050|596|1677
,31|1051|596|1678
,31|1052|596|1679
,31|1053|596|1680
,31|1054|596|1681
,31|1055|596|1682
,31|1056|596|1683
,31|1057|596|1684
,31|1058|596|1685
,31|1059|596|1686
,31|1060|596|1687
,31|1061|596|1688
,31|1062|596|1689
,31|1063|596|1690
,31|1064|596|1691
,31|1065|596|1692
,31|1066|596|1693
,31|1067|596|1694
,31|1068|596|1695
,31|1069|596|1696
,31|1070|596|1697
,31|1071|596|1698
,31|1072|596|1699
,31|1073|596|1700
,31|1074|596|1701
,31|1075|596|1702
,31|1075|597|1703
,31|1075|598|1704
,31|1075|599|1705
,31|1076|599|1706
,31|1076|600|1707
,31|1077|600|1708
,31|1077|601|1709
,31|1078|601|1710
,31|1078|602|1711
,31|1078|603|1712
,31|1078|604|1713
,31|1079|604|1714
,31|1079|605|1715
,31|1080|605|1716
,31|1080|606|1717
,31|1080|607|1718
,31|1080|608|1719
,31|1081|608|1720
,31|1081|609|1721
,31|1082|609|1722
,31|1082|610|1723
,31|1083|610|1724
,31|1083|611|1725
,31|1084|611|1726
,31|1084|612|1727
,31|1085|612|1728
,31|1085|613|1729
,31|1086|613|1730
,31|1086|614|1731
,31|1086|615|1732
,31|1086|616|1733
,31|1087|616|1734
,31|1087|617|1735
,31|1088|617|1736
,31|1088|618|1737
,31|1089|618|1738
,31|1090|618|1739
,31|1091|618|1740
,31|1092|618|1741
,31|1093|618|1742
,31|1094|618|1743
,31|1095|618|1744
,31|1096|618|1745
,31|1097|618|1746
,31|1098|618|1747
,31|1099|618|1748
,31|1100|618|1749
,31|1101|618|1750
,31|1102|618|1751
,31|1103|618|1752
,31|1104|618|1753
,31|1105|618|1754
,31|1106|618|1755
,31|1107|618|1756
,31|1108|618|1757
,31|1109|618|1758
,31|1110|618|1759
,31|1111|618|1760
,31|1112|618|1761
,31|1113|618|1762
,31|1114|618|1763
,31|1115|618|1764
,31|1116|618|1765
,31|1117|618|1766
,31|1118|618|1767
,31|1119|618|1768
,31|1120|618|1769
,32|1120|618|1770
,32|1121|618|1771
,32|1122|618|1772
,32|1123|618|1773
,32|1124|618|1774
,32|1125|618|1775
,32|1125|619|1776
,32|1126|619|1777
,32|1126|620|1778
,32|1127|620|1779
,32|1127|621|1780
,32|1128|621|1781
,32|1128|622|1782
,32|1129|622|1783
,32|1129|623|1784
,32|1130|623|1785
,32|1130|624|1786
,32|1131|624|1787
,32|1131|625|1788
,32|1132|625|1789
,32|1132|626|1790
,32|1133|626|1791
,32|1133|627|1792
,32|1134|627|1793
,32|1134|628|1794
,32|1135|628|1795
,32|1135|629|1796
,32|1136|629|1797
,32|1136|630|1798
,32|1137|630|1799
,32|1137|631|1800
,32|1138|631|1801
,32|1138|632|1802
,32|1139|632|1803
,32|1139|633|1804
,32|1140|633|1805
,32|1140|634|1806
,32|1141|634|1807
,32|1141|635|1808
,32|1142|635|1809
,32|1142|636|1810
,32|1142|637|1811
,32|1143|637|1812
,32|1143|638|1813
,32|1144|638|1814
,32|1144|639|1815
,32|1145|639|1816
,32|1145|640|1817
,32|1146|640|1818
,32|1146|641|1819
,32|1147|641|1820
,32|1147|642|1821
,32|1148|642|1822
,32|1148|643|1823
,32|1149|643|1824
,32|1149|644|1825
,32|1150|644|1826
,32|1150|645|1827
,32|1151|645|1828
,32|1151|646|1829
,32|1152|646|1830
,32|1152|647|1831
,32|1153|647|1832
,32|1153|648|1833
,32|1154|648|1834
,32|1154|649|1835
,32|1155|649|1836
,32|1155|650|1837
,32|1156|650|1838
,32|1156|651|1839
,32|1157|651|1840
,32|1157|652|1841
,32|1158|652|1842
,32|1158|653|1843
,32|1159|653|1844
,32|1159|654|1845
,32|1160|654|1846
,32|1160|655|1847
,32|1160|656|1848
,32|1160|657|1849
,32|1161|657|1850
,32|1161|658|1851
,32|1162|658|1852
,32|1162|659|1853
,32|1163|659|1854
,32|1163|660|1855
,32|1163|661|1856
,32|1163|662|1857
,32|1164|662|1858
,32|1164|663|1859
,32|1165|663|1860
,32|1165|664|1861
,32|1166|664|1862
,32|1166|665|1863
,32|1167|665|1864
,32|1167|666|1865
,32|1168|666|1866
,32|1168|667|1867
,32|1169|667|1868
,32|1169|668|1869
,32|1170|668|1870
,32|1170|669|1871
,32|1171|669|1872
,32|1171|670|1873
,32|1172|670|1874
,32|1172|671|1875
,32|1173|671|1876
,32|1173|672|1877
,32|1173|673|1878
,32|1173|674|1879
,32|1174|674|1880
,32|1174|675|1881
,32|1175|675|1882
,32|1175|676|1883
,33|1175|676|1884
,33|1175|677|1885
,33|1176|677|1886
,33|1176|678|1887
,33|1177|678|1888
,33|1178|678|1889
,34|1178|678|1890
,34|1179|678|1891
,34|1180|678|1892
,34|1181|678|1893
,34|1182|678|1894
,34|1182|679|1895
,34|1183|679|1896
,34|1184|679|1897
,34|1185|679|1898
,34|1186|679|1899
,34|1186|680|1900
,34|1186|681|1901
,34|1187|681|1902
,34|1187|682|1903
,34|1188|682|1904
,34|1189|682|1905
,34|1190|682|1906
,34|1190|683|1907
,34|1191|683|1908
,34|1192|683|1909
,34|1193|683|1910
,34|1194|683|1911
,34|1194|684|1912
,34|1194|685|1913
,34|1195|685|1914
,34|1196|685|1915
,34|1197|685|1916
,34|1198|685|1917
,34|1199|685|1918
,34|1200|685|1919
,34|1200|686|1920
,34|1200|687|1921
,34|1200|688|1922
,34|1201|688|1923
,34|1201|689|1924
,34|1202|689|1925
,34|1202|690|1926
,34|1203|690|1927
,34|1203|691|1928
,34|1204|691|1929
,34|1204|692|1930
,34|1204|693|1931
,34|1205|693|1932
,34|1206|693|1933
,35|1206|693|1934
,35|1207|693|1935
,35|1207|694|1936
,35|1207|695|1937
,35|1208|695|1938
,35|1208|696|1939
,35|1208|697|1940
,35|1209|697|1941
,35|1209|698|1942
,35|1209|699|1943
,35|1210|699|1944
,35|1211|699|1945
,35|1211|700|1946
,35|1212|701|1948
,35|1212|702|1949
,35|1213|702|1950
,35|1213|703|1951
,35|1214|703|1952
,35|1214|704|1953
,35|1215|704|1954
,35|1216|704|1955
,35|1216|705|1956
,35|1217|705|1957
,35|1217|706|1958
,35|1218|706|1959
,35|1218|707|1960
,35|1219|707|1961
,35|1219|708|1962
,35|1220|708|1963
,35|1220|709|1964
,35|1221|709|1965
,35|1221|710|1966
,35|1222|710|1967
,35|1222|711|1968
,35|1223|711|1969
,35|1223|712|1970
,35|1224|712|1971
,35|1224|713|1972
,35|1225|713|1973
,35|1225|714|1974
,35|1226|714|1975
,35|1226|715|1976
,35|1227|715|1977
,35|1227|716|1978
,35|1228|716|1979
,35|1228|717|1980
,35|1229|717|1981
,35|1229|718|1982
,35|1230|718|1983
,35|1230|719|1984
,35|1231|719|1985
,35|1231|720|1986
,35|1232|720|1987
,35|1232|721|1988
,35|1233|721|1989
,35|1233|722|1990
,35|1233|723|1991
,35|1233|724|1992
,35|1234|724|1993
,35|1234|725|1994
,35|1235|725|1995
,35|1235|726|1996
,35|1236|726|1997
,35|1237|726|1998
,35|1237|727|1999
,35|1238|727|2000
