total
0|1|0|1
0|1|1|2
0|2|1|3
0|2|2|4
0|3|2|5
0|3|3|6
0|4|3|7
0|4|4|8
0|5|4|9
0|5|5|10
0|5|6|11
0|6|6|12
0|6|7|13
0|7|7|14
0|7|8|15
0|8|8|16
0|8|9|17
0|9|9|18
0|9|10|19
0|10|10|20
0|10|11|21
0|11|11|22
0|11|12|23
0|12|12|24
0|12|13|25
0|13|13|26
0|13|14|27
0|14|14|28
0|14|15|29
0|15|15|30
0|15|16|31
0|16|16|32
0|16|17|33
0|17|17|34
0|17|18|35
0|18|18|36
0|18|19|37
0|19|19|38
0|19|20|39
0|20|20|40
0|20|21|41
0|21|21|42
0|21|22|43
0|22|22|44
0|22|23|45
0|23|23|46
0|24|23|47
0|25|23|48
0|26|23|49
0|27|23|50
0|27|24|51
0|28|24|52
0|28|25|53
0|29|25|54
0|30|26|56
0|31|26|57
0|31|27|58
0|32|27|59
0|32|28|60
0|33|28|61
0|34|28|62
0|34|29|63
0|35|29|64
0|36|29|65
0|36|30|66
0|37|30|67
0|37|31|68
0|38|31|69
0|39|31|70
0|40|31|71
0|40|32|72
0|41|32|73
0|41|33|74
0|42|33|75
0|43|33|76
0|43|34|77
0|44|34|78
0|44|35|79
0|45|35|80
0|46|35|81
0|47|35|82
1|47|35|83
1|48|35|84
2|48|35|85
2|49|35|86
3|49|35|87
3|50|35|88
3|50|36|89
3|51|36|90
4|51|36|91
4|52|36|92
4|52|37|93
4|53|37|94
4|53|38|95
4|54|38|96
4|54|39|97
4|55|39|98
5|55|39|99
5|56|39|100
5|56|40|101
5|57|40|102
6|57|40|103
6|58|40|104
7|58|40|105
7|59|40|106
8|59|40|107
8|60|40|108
9|60|40|109
9|61|40|110
9|61|41|111
9|62|41|112
9|62|42|113
9|63|42|114
10|63|42|115
10|64|42|116
11|64|42|117
11|65|42|118
11|65|43|119
11|66|43|120
11|66|44|121
11|67|44|122
11|67|45|123
11|68|45|124
12|68|45|125
12|69|45|126
13|69|45|127
13|70|45|128
13|70|46|129
13|71|46|130
13|71|47|131
13|72|47|132
13|72|48|133
13|73|48|134
13|73|49|135
13|74|49|136
13|74|50|137
13|75|50|138
13|75|51|139
13|76|51|140
13|76|52|141
13|77|52|142
13|77|53|143
13|78|53|144
13|78|54|145
13|79|54|146
13|79|55|147
13|80|55|148
14|80|55|149
14|81|55|150
14|81|56|151
14|82|56|152
14|82|57|153
14|83|57|154
14|83|58|155
14|84|58|156
14|85|58|157
14|86|58|158
14|86|59|159
14|87|59|160
15|87|59|161
15|88|59|162
15|88|60|163
15|89|60|164
16|89|60|165
16|90|60|166
16|91|60|167
16|92|60|168
16|93|60|169
16|94|60|170
16|95|60|171
16|96|60|172
17|96|60|173
17|97|60|174
17|97|61|175
17|98|61|176
18|98|61|177
18|99|61|178
18|99|62|179
18|100|62|180
19|100|62|181
19|101|62|182
19|102|62|183
19|103|62|184
19|103|63|185
19|104|63|186
20|104|63|187
20|105|63|188
20|105|64|189
20|106|64|190
20|107|64|191
20|108|64|192
21|108|64|193
21|109|64|194
21|109|65|195
21|109|66|196
21|109|67|197
21|109|68|198
21|109|69|199
21|110|69|200
21|111|69|201
21|112|69|202
21|113|69|203
21|113|70|204
21|114|70|205
21|115|70|206
21|115|71|207
21|115|72|208
21|116|72|209
21|116|73|210
21|116|74|211
21|116|75|212
22|116|75|213
22|117|75|214
22|117|76|215
22|118|76|216
22|119|76|217
22|119|77|218
22|120|77|219
22|121|77|220
22|121|78|221
22|122|78|222
22|122|79|223
22|123|79|224
22|123|80|225
22|124|80|226
22|124|81|227
22|125|81|228
22|125|82|229
22|125|83|230
22|125|84|231
22|125|85|232
23|125|85|233
23|126|85|234
23|126|86|235
23|127|86|236
23|127|87|237
23|127|88|238
24|127|88|239
24|128|88|240
24|128|89|241
24|129|89|242
24|130|89|243
24|130|90|244
24|130|91|245
24|130|92|246
24|130|93|247
24|131|93|248
24|131|94|249
24|132|94|250
24|133|94|251
24|133|95|252
24|133|96|253
24|134|96|254
24|134|97|255
24|134|98|256
24|135|98|257
24|136|98|258
24|136|99|259
24|137|99|260
24|137|100|261
24|138|100|262
25|138|100|263
25|139|100|264
26|139|100|265
26|140|100|266
27|140|100|267
27|141|100|268
28|141|100|269
28|142|100|270
29|142|100|271
29|143|100|272
29|144|100|273
29|144|101|274
30|144|101|275
30|145|101|276
31|145|101|277
31|146|101|278
31|147|101|279
31|148|101|280
32|148|101|281
32|148|102|282
33|148|102|283
33|149|102|284
34|149|102|285
34|150|102|286
34|151|102|287
34|151|103|288
35|151|103|289
35|152|103|290
36|152|103|291
36|153|103|292
37|153|103|293
37|154|103|294
38|154|103|295
38|155|103|296
39|155|103|297
39|156|103|298
39|156|104|299
39|156|105|300
40|156|105|301
40|156|106|302
40|156|107|303
40|156|108|304
40|157|108|305
40|157|109|306
41|157|109|307
41|157|110|308
41|157|111|309
41|157|112|310
41|158|112|311
41|158|113|312
41|158|114|313
41|158|115|314
41|159|115|315
41|159|116|316
41|159|117|317
41|159|118|318
42|159|118|319
42|159|119|320
42|159|120|321
42|159|121|322
42|160|121|323
42|160|122|324
42|160|123|325
42|160|124|326
42|160|125|327
42|160|126|328
42|161|126|329
42|161|127|330
42|162|127|331
42|162|128|332
42|162|129|333
42|162|130|334
42|162|131|335
42|162|132|336
43|162|132|337
43|163|132|338
43|163|133|339
43|163|134|340
43|164|134|341
43|164|135|342
44|164|135|343
44|164|136|344
44|165|136|345
44|165|137|346
45|165|137|347
45|165|138|348
45|165|139|349
45|165|140|350
45|166|140|351
45|166|141|352
45|167|141|353
45|167|142|354
46|167|142|355
46|167|143|356
46|167|144|357
46|167|145|358
46|168|145|359
46|168|146|360
46|168|147|361
46|168|148|362
47|168|148|363
47|168|149|364
47|169|149|365
47|170|149|366
47|171|149|367
47|171|150|368
47|172|150|369
47|172|151|370
48|172|151|371
48|173|151|372
49|173|151|373
49|174|151|374
50|174|151|375
50|174|152|376
51|174|152|377
51|174|153|378
51|175|153|379
51|175|154|380
51|176|154|381
51|176|155|382
52|176|155|383
52|177|155|384
52|178|155|385
52|179|155|386
52|180|155|387
52|180|156|388
52|181|156|389
52|181|157|390
53|181|157|391
53|182|157|392
54|182|157|393
54|183|157|394
54|184|157|395
54|184|158|396
54|185|158|397
54|185|159|398
55|185|159|399
55|186|159|400
56|186|159|401
56|187|159|402
56|188|159|403
56|188|160|404
57|188|160|405
57|189|160|406
58|189|160|407
58|190|160|408
59|190|160|409
59|191|160|410
60|191|160|411
60|191|161|412
61|191|161|413
61|191|162|414
61|192|162|415
61|193|162|416
62|193|162|417
62|193|163|418
62|194|163|419
62|194|164|420
63|194|164|421
63|195|164|422
63|196|164|423
63|196|165|424
63|197|165|425
63|197|166|426
64|197|166|427
64|198|166|428
65|198|166|429
65|199|166|430
65|200|166|431
65|200|167|432
66|200|167|433
66|201|167|434
66|202|167|435
66|203|167|436
66|204|167|437
66|204|168|438
67|204|168|439
67|205|168|440
68|205|168|441
68|206|168|442
68|206|169|443
68|206|170|444
68|206|171|445
68|206|172|446
68|206|173|447
68|206|174|448
68|207|174|449
68|207|175|450
68|208|175|451
68|208|176|452
68|209|176|453
68|209|177|454
68|210|177|455
68|210|178|456
68|211|178|457
68|211|179|458
68|212|179|459
68|212|180|460
68|212|181|461
68|212|182|462
68|213|182|463
68|213|183|464
68|213|184|465
68|213|185|466
68|214|185|467
68|214|186|468
68|214|187|469
68|214|188|470
68|215|188|471
68|215|189|472
68|216|189|473
68|216|190|474
68|217|190|475
68|217|191|476
68|217|192|477
68|217|193|478
69|217|193|479
69|218|193|480
70|218|193|481
70|219|193|482
70|220|193|483
70|220|194|484
71|220|194|485
71|220|195|486
72|220|195|487
72|221|195|488
72|222|195|489
72|223|195|490
72|224|195|491
72|224|196|492
73|224|196|493
73|225|196|494
73|226|196|495
73|226|197|496
73|227|197|497
73|227|198|498
73|228|198|499
73|229|198|500
74|229|198|501
74|229|199|502
74|230|199|503
74|230|200|504
74|231|200|505
74|232|200|506
74|233|200|507
74|234|200|508
75|234|200|509
75|235|200|510
76|235|200|511
76|235|201|512
77|235|201|513
77|235|202|514
77|235|203|515
77|236|203|516
77|236|204|517
77|237|204|518
77|237|205|519
77|238|205|520
77|238|206|521
77|239|206|522
77|239|207|523
77|240|207|524
77|240|208|525
77|241|208|526
77|241|209|527
77|242|209|528
77|242|210|529
77|243|210|530
77|243|211|531
77|244|211|532
77|244|212|533
77|245|212|534
77|245|213|535
77|246|213|536
77|246|214|537
77|247|214|538
77|247|215|539
77|248|215|540
77|248|216|541
77|249|216|542
77|249|217|543
77|250|217|544
77|250|218|545
77|251|218|546
77|251|219|547
77|252|219|548
77|252|220|549
77|253|220|550
77|254|220|551
77|254|221|552
77|255|221|553
77|255|222|554
77|256|222|555
77|256|223|556
77|257|223|557
77|257|224|558
77|258|224|559
77|258|225|560
77|259|225|561
77|259|226|562
77|260|226|563
77|260|227|564
77|261|227|565
77|261|228|566
77|262|228|567
77|262|229|568
77|263|229|569
77|263|230|570
77|264|230|571
77|264|231|572
77|265|231|573
77|265|232|574
77|266|232|575
77|266|233|576
77|267|233|577
77|267|234|578
77|268|234|579
77|268|235|580
77|269|235|581
77|269|236|582
77|270|236|583
77|270|237|584
77|271|237|585
77|271|238|586
77|272|238|587
77|272|239|588
77|273|239|589
77|273|240|590
77|273|241|591
77|273|242|592
77|274|242|593
77|274|243|594
77|275|243|595
77|275|244|596
77|276|244|597
77|276|245|598
77|276|246|599
77|276|247|600
77|277|247|601
77|277|248|602
77|277|249|603
77|277|250|604
77|278|250|605
77|278|251|606
77|279|251|607
77|279|252|608
77|279|253|609
77|279|254|610
77|280|254|611
77|280|255|612
77|280|256|613
77|280|257|614
77|280|258|615
77|280|259|616
77|280|260|617
77|280|261|618
77|280|262|619
77|280|263|620
77|280|264|621
77|280|265|622
78|280|265|623
78|281|265|624
79|281|265|625
79|282|265|626
80|282|265|627
80|282|266|628
81|282|266|629
81|282|267|630
82|282|267|631
82|283|267|632
83|283|267|633
83|284|267|634
83|285|267|635
83|285|268|636
84|285|268|637
84|286|268|638
85|286|268|639
85|287|268|640
85|288|268|641
85|288|269|642
86|288|269|643
86|288|270|644
87|288|270|645
87|289|270|646
87|290|270|647
87|290|271|648
88|290|271|649
88|291|271|650
89|291|271|651
89|292|271|652
90|292|271|653
90|293|271|654
91|293|271|655
91|294|271|656
91|295|271|657
91|296|271|658
91|296|272|659
91|297|272|660
91|297|273|661
91|298|273|662
91|298|274|663
91|298|275|664
91|298|276|665
91|298|277|666
91|299|277|667
91|300|277|668
91|300|278|669
91|301|278|670
91|301|279|671
91|301|280|672
91|302|280|673
91|303|280|674
91|303|281|675
91|304|281|676
91|305|281|677
91|305|282|678
91|305|283|679
91|305|284|680
91|305|285|681
91|306|285|682
91|307|285|683
91|307|286|684
91|307|287|685
91|308|287|686
91|308|288|687
91|309|288|688
91|309|289|689
91|310|289|690
91|310|290|691
91|311|290|692
91|311|291|693
91|312|291|694
91|313|291|695
91|313|292|696
91|314|292|697
91|314|293|698
91|315|293|699
91|315|294|700
91|316|294|701
91|316|295|702
91|317|295|703
91|317|296|704
91|318|296|705
91|318|297|706
91|319|297|707
91|319|298|708
91|320|298|709
91|320|299|710
91|321|299|711
91|321|300|712
91|322|300|713
91|322|301|714
91|323|301|715
91|323|302|716
91|324|302|717
91|324|303|718
91|325|303|719
91|325|304|720
91|326|304|721
91|326|305|722
91|327|305|723
91|327|306|724
91|328|306|725
91|328|307|726
91|329|307|727
91|329|308|728
91|330|308|729
91|330|309|730
91|330|310|731
91|331|310|732
91|331|311|733
91|332|311|734
91|332|312|735
91|332|313|736
91|332|314|737
91|332|315|738
91|333|315|739
91|334|315|740
91|334|316|741
91|334|317|742
91|334|318|743
91|334|319|744
91|335|319|745
91|336|319|746
91|336|320|747
91|337|320|748
91|338|320|749
91|338|321|750
91|338|322|751
91|338|323|752
91|338|324|753
91|339|324|754
91|339|325|755
91|340|325|756
91|341|325|757
91|341|326|758
91|341|327|759
91|342|327|760
91|343|327|761
91|344|327|762
91|344|328|763
91|345|328|764
91|345|329|765
91|346|329|766
91|346|330|767
91|347|330|768
92|347|330|769
92|348|330|770
93|348|330|771
93|349|330|772
94|349|330|773
94|350|330|774
94|350|331|775
94|351|331|776
94|351|332|777
94|352|332|778
95|352|332|779
95|353|332|780
96|353|332|781
96|354|332|782
97|354|332|783
97|355|332|784
97|355|333|785
97|356|333|786
97|356|334|787
97|357|334|788
97|357|335|789
97|358|335|790
98|358|335|791
98|359|335|792
99|359|335|793
99|360|335|794
100|360|335|795
100|361|335|796
101|361|335|797
101|362|335|798
101|362|336|799
101|363|336|800
101|363|337|801
101|364|337|802
101|364|338|803
101|365|338|804
101|365|339|805
101|366|339|806
101|366|340|807
101|367|340|808
102|367|340|809
102|368|340|810
102|368|341|811
102|369|341|812
102|369|342|813
102|370|342|814
102|370|343|815
102|371|343|816
102|371|344|817
102|372|344|818
102|372|345|819
102|373|345|820
102|373|346|821
102|374|346|822
102|374|347|823
102|375|347|824
102|375|348|825
102|376|348|826
103|376|348|827
103|377|348|828
103|377|349|829
103|378|349|830
103|378|350|831
103|379|350|832
103|379|351|833
103|380|351|834
103|380|352|835
103|381|352|836
104|381|352|837
104|382|352|838
104|382|353|839
104|383|353|840
105|383|353|841
105|384|353|842
105|384|354|843
105|385|354|844
105|385|355|845
105|386|355|846
106|386|355|847
106|387|355|848
106|388|355|849
106|389|355|850
106|389|356|851
106|390|356|852
106|391|356|853
106|392|356|854
106|392|357|855
106|393|357|856
106|394|357|857
106|395|357|858
106|396|357|859
106|397|357|860
107|397|357|861
107|398|357|862
107|399|357|863
107|400|357|864
107|401|357|865
107|402|357|866
107|403|357|867
107|404|357|868
107|405|357|869
107|406|357|870
108|406|357|871
108|407|357|872
108|407|358|873
108|408|358|874
108|408|359|875
108|409|359|876
108|409|360|877
108|410|360|878
108|410|361|879
108|411|361|880
108|411|362|881
108|412|362|882
108|412|363|883
108|412|364|884
109|412|364|885
109|412|365|886
109|412|366|887
109|412|367|888
110|412|367|889
110|412|368|890
110|412|369|891
110|413|369|892
110|414|369|893
110|414|370|894
110|415|370|895
110|416|370|896
110|416|371|897
110|417|371|898
110|417|372|899
110|418|372|900
110|419|372|901
110|419|373|902
110|419|374|903
110|420|374|904
110|421|374|905
110|422|374|906
111|422|374|907
111|423|374|908
111|423|375|909
111|424|375|910
111|424|376|911
111|425|376|912
111|425|377|913
111|425|378|914
111|426|378|915
111|426|379|916
111|427|379|917
111|428|379|918
111|428|380|919
111|429|380|920
111|429|381|921
111|429|382|922
111|430|382|923
111|431|382|924
111|431|383|925
111|432|383|926
111|433|383|927
111|433|384|928
111|433|385|929
111|433|386|930
111|433|387|931
111|434|387|932
111|434|388|933
111|435|388|934
111|436|388|935
111|436|389|936
111|436|390|937
111|436|391|938
111|436|392|939
111|436|393|940
111|436|394|941
111|437|394|942
111|437|395|943
111|438|395|944
111|438|396|945
111|439|396|946
111|440|396|947
111|441|396|948
112|441|396|949
112|441|397|950
112|442|397|951
112|442|398|952
112|443|398|953
112|443|399|954
113|443|399|955
113|444|399|956
114|444|399|957
114|444|400|958
114|445|400|959
114|445|401|960
115|445|401|961
115|446|401|962
115|447|401|963
115|448|401|964
116|448|401|965
116|448|402|966
116|449|402|967
116|449|403|968
117|449|403|969
117|450|403|970
117|451|403|971
117|451|404|972
117|452|404|973
117|453|404|974
117|454|404|975
117|455|404|976
118|455|404|977
118|456|404|978
119|456|404|979
119|457|404|980
120|457|404|981
120|458|404|982
120|458|405|983
120|458|406|984
120|459|406|985
120|459|407|986
121|459|407|987
121|459|408|988
121|460|408|989
121|460|409|990
121|460|410|991
121|460|411|992
121|461|411|993
121|461|412|994
121|462|412|995
121|462|413|996
121|462|414|997
121|462|415|998
121|463|415|999
121|463|416|1000
121|464|416|1001
121|464|417|1002
121|465|417|1003
121|465|418|1004
121|465|419|1005
121|465|420|1006
121|466|420|1007
121|466|421|1008
121|467|421|1009
121|467|422|1010
121|467|423|1011
121|467|424|1012
121|468|424|1013
121|468|425|1014
121|468|426|1015
121|468|427|1016
121|468|428|1017
121|468|429|1018
121|468|430|1019
121|468|431|1020
122|468|431|1021
122|468|432|1022
122|469|432|1023
122|469|433|1024
122|470|433|1025
122|470|434|1026
122|470|435|1027
122|470|436|1028
122|471|436|1029
122|471|437|1030
122|472|437|1031
122|472|438|1032
122|472|439|1033
122|472|440|1034
122|473|440|1035
122|473|441|1036
122|474|441|1037
122|474|442|1038
123|474|442|1039
123|474|443|1040
123|474|444|1041
123|474|445|1042
123|475|445|1043
123|475|446|1044
123|476|446|1045
123|476|447|1046
124|476|447|1047
124|476|448|1048
125|476|448|1049
125|476|449|1050
125|477|449|1051
125|478|449|1052
125|479|449|1053
125|479|450|1054
125|480|450|1055
125|481|450|1056
125|482|450|1057
125|483|450|1058
125|484|450|1059
125|484|451|1060
125|485|451|1061
125|485|452|1062
125|486|452|1063
125|486|453|1064
125|487|453|1065
125|487|454|1066
125|488|454|1067
125|489|454|1068
125|490|454|1069
125|491|454|1070
125|492|454|1071
125|492|455|1072
125|493|455|1073
125|493|456|1074
125|494|456|1075
125|495|456|1076
125|496|456|1077
125|496|457|1078
125|497|457|1079
125|497|458|1080
125|498|458|1081
125|499|458|1082
126|499|458|1083
126|500|458|1084
127|500|458|1085
127|500|459|1086
128|500|459|1087
128|501|459|1088
128|502|459|1089
128|502|460|1090
128|502|461|1091
128|503|461|1092
128|503|462|1093
128|504|462|1094
128|504|463|1095
128|505|463|1096
128|505|464|1097
128|506|464|1098
128|506|465|1099
128|507|465|1100
128|507|466|1101
128|508|466|1102
128|508|467|1103
128|509|467|1104
128|509|468|1105
128|510|468|1106
128|510|469|1107
128|511|469|1108
128|511|470|1109
128|512|470|1110
128|512|471|1111
128|513|471|1112
128|513|472|1113
128|514|472|1114
128|514|473|1115
128|515|473|1116
128|515|474|1117
128|516|474|1118
128|516|475|1119
128|517|475|1120
128|517|476|1121
128|518|476|1122
128|518|477|1123
128|519|477|1124
128|519|478|1125
128|520|478|1126
128|520|479|1127
128|520|480|1128
128|521|480|1129
128|521|481|1130
128|522|481|1131
128|522|482|1132
128|523|482|1133
128|523|483|1134
128|524|483|1135
128|524|484|1136
128|524|485|1137
128|524|486|1138
128|525|486|1139
128|525|487|1140
128|525|488|1141
128|525|489|1142
128|526|489|1143
128|526|490|1144
128|527|490|1145
128|527|491|1146
128|528|491|1147
128|528|492|1148
128|528|493|1149
128|528|494|1150
128|529|494|1151
128|529|495|1152
128|530|495|1153
128|530|496|1154
128|531|496|1155
128|531|497|1156
128|532|497|1157
128|532|498|1158
128|532|499|1159
128|532|500|1160
128|532|501|1161
128|532|502|1162
128|533|502|1163
128|534|502|1164
128|535|502|1165
128|536|502|1166
128|537|502|1167
128|537|503|1168
128|538|503|1169
128|538|504|1170
128|539|504|1171
128|540|504|1172
128|541|504|1173
128|542|504|1174
128|543|504|1175
128|543|505|1176
128|544|505|1177
128|544|506|1178
128|545|506|1179
128|545|507|1180
128|546|507|1181
128|546|508|1182
128|547|508|1183
128|548|508|1184
128|549|508|1185
128|550|508|1186
128|551|508|1187
128|551|509|1188
128|552|509|1189
128|553|509|1190
129|553|509|1191
129|554|509|1192
130|554|509|1193
130|555|509|1194
130|556|509|1195
130|556|510|1196
130|557|510|1197
130|558|510|1198
130|558|511|1199
130|559|511|1200
130|559|512|1201
130|560|512|1202
130|560|513|1203
130|561|513|1204
130|561|514|1205
130|562|514|1206
130|562|515|1207
130|563|515|1208
130|563|516|1209
130|564|516|1210
130|564|517|1211
130|565|517|1212
130|565|518|1213
130|566|518|1214
130|566|519|1215
130|567|519|1216
130|567|520|1217
130|568|520|1218
130|568|521|1219
130|569|521|1220
130|569|522|1221
130|570|522|1222
130|570|523|1223
130|571|523|1224
130|571|524|1225
130|572|524|1226
130|572|525|1227
130|573|525|1228
130|573|526|1229
130|574|526|1230
130|574|527|1231
130|575|527|1232
130|575|528|1233
130|576|528|1234
130|577|528|1235
130|577|529|1236
130|578|529|1237
130|578|530|1238
130|579|530|1239
130|579|531|1240
130|580|531|1241
130|580|532|1242
130|581|532|1243
130|581|533|1244
130|582|533|1245
130|582|534|1246
130|583|534|1247
130|583|535|1248
130|584|535|1249
130|584|536|1250
130|585|536|1251
130|585|537|1252
130|586|537|1253
130|586|538|1254
130|587|538|1255
130|587|539|1256
130|588|539|1257
130|588|540|1258
130|589|540|1259
130|589|541|1260
130|590|541|1261
130|590|542|1262
130|591|542|1263
130|591|543|1264
130|592|543|1265
130|592|544|1266
130|593|544|1267
130|593|545|1268
130|594|545|1269
130|594|546|1270
130|594|547|1271
130|594|548|1272
130|595|548|1273
130|595|549|1274
130|596|549|1275
130|596|550|1276
130|597|550|1277
130|597|551|1278
130|598|551|1279
130|598|552|1280
130|599|552|1281
130|599|553|1282
130|600|553|1283
130|600|554|1284
130|601|554|1285
130|601|555|1286
130|601|556|1287
130|601|557|1288
130|602|557|1289
130|602|558|1290
130|603|558|1291
130|603|559|1292
130|603|560|1293
130|603|561|1294
130|604|561|1295
130|604|562|1296
130|605|562|1297
130|605|563|1298
130|605|564|1299
130|605|565|1300
130|606|565|1301
130|606|566|1302
130|607|566|1303
130|607|567|1304
130|608|567|1305
130|608|568|1306
131|608|568|1307
131|609|568|1308
132|609|568|1309
132|610|568|1310
133|610|568|1311
133|610|569|1312
133|611|569|1313
133|611|570|1314
133|612|570|1315
133|613|570|1316
134|613|570|1317
134|614|570|1318
135|614|570|1319
135|614|571|1320
135|615|571|1321
135|615|572|1322
136|615|572|1323
136|616|572|1324
136|617|572|1325
136|617|573|1326
136|618|573|1327
136|618|574|1328
136|619|574|1329
136|620|574|1330
136|621|574|1331
136|621|575|1332
136|622|575|1333
136|622|576|1334
137|622|576|1335
137|623|576|1336
138|623|576|1337
138|624|576|1338
139|624|576|1339
139|625|576|1340
139|626|576|1341
139|627|576|1342
139|627|577|1343
139|628|577|1344
139|629|577|1345
139|629|578|1346
139|629|579|1347
139|629|580|1348
139|629|581|1349
139|629|582|1350
139|630|582|1351
139|631|582|1352
139|631|583|1353
139|632|583|1354
139|632|584|1355
139|632|585|1356
139|633|585|1357
139|634|585|1358
139|634|586|1359
139|635|586|1360
139|636|586|1361
139|636|587|1362
139|636|588|1363
139|636|589|1364
139|636|590|1365
139|637|590|1366
139|638|590|1367
139|638|591|1368
139|638|592|1369
139|639|592|1370
139|639|593|1371
139|640|593|1372
139|640|594|1373
139|641|594|1374
139|641|595|1375
139|642|595|1376
139|642|596|1377
139|643|596|1378
139|644|596|1379
139|644|597|1380
139|645|597|1381
139|645|598|1382
139|646|598|1383
139|646|599|1384
139|647|599|1385
139|647|600|1386
139|648|600|1387
139|648|601|1388
139|649|601|1389
139|649|602|1390
139|650|602|1391
139|650|603|1392
139|651|603|1393
139|651|604|1394
139|652|604|1395
139|652|605|1396
139|653|605|1397
139|653|606|1398
139|654|606|1399
139|654|607|1400
139|655|607|1401
139|655|608|1402
139|656|608|1403
139|656|609|1404
139|657|609|1405
139|657|610|1406
139|658|610|1407
139|658|611|1408
139|659|611|1409
139|659|612|1410
139|660|612|1411
139|660|613|1412
139|661|613|1413
139|661|614|1414
139|661|615|1415
139|662|615|1416
139|662|616|1417
139|663|616|1418
139|664|616|1419
139|664|617|1420
139|665|617|1421
139|665|618|1422
139|666|618|1423
139|667|618|1424
139|667|619|1425
139|668|619|1426
139|669|619|1427
139|669|620|1428
139|670|620|1429
139|671|620|1430
139|671|621|1431
139|672|621|1432
139|673|621|1433
139|673|622|1434
139|674|622|1435
139|674|623|1436
139|675|623|1437
139|676|623|1438
139|676|624|1439
139|677|624|1440
139|678|624|1441
139|678|625|1442
139|679|625|1443
139|680|625|1444
139|681|625|1445
139|682|625|1446
139|682|626|1447
139|683|626|1448
139|684|626|1449
139|684|627|1450
140|684|627|1451
140|685|627|1452
141|685|627|1453
141|686|627|1454
141|686|628|1455
141|687|628|1456
141|687|629|1457
141|688|629|1458
141|688|630|1459
141|689|630|1460
142|689|630|1461
142|690|630|1462
142|690|631|1463
142|691|631|1464
143|691|631|1465
143|692|631|1466
144|692|631|1467
144|693|631|1468
144|693|632|1469
144|694|632|1470
144|694|633|1471
144|695|633|1472
145|695|633|1473
145|696|633|1474
146|696|633|1475
146|697|633|1476
147|697|633|1477
147|698|633|1478
148|698|633|1479
148|699|633|1480
148|699|634|1481
148|700|634|1482
149|700|634|1483
149|701|634|1484
149|701|635|1485
149|702|635|1486
149|702|636|1487
149|703|636|1488
149|703|637|1489
149|704|637|1490
149|704|638|1491
149|705|638|1492
149|705|639|1493
149|706|639|1494
149|706|640|1495
149|707|640|1496
149|707|641|1497
149|708|641|1498
149|708|642|1499
149|709|642|1500
149|709|643|1501
149|710|643|1502
149|710|644|1503
149|711|644|1504
149|711|645|1505
149|712|645|1506
149|712|646|1507
149|713|646|1508
149|713|647|1509
149|714|647|1510
149|714|648|1511
149|715|648|1512
149|715|649|1513
149|716|649|1514
149|716|650|1515
149|717|650|1516
149|717|651|1517
149|718|651|1518
150|718|651|1519
150|719|651|1520
150|719|652|1521
150|720|652|1522
150|720|653|1523
150|721|653|1524
151|721|653|1525
151|722|653|1526
151|722|654|1527
151|723|654|1528
151|724|654|1529
151|725|654|1530
151|726|654|1531
151|727|654|1532
151|728|654|1533
151|729|654|1534
151|730|654|1535
151|731|654|1536
151|732|654|1537
151|733|654|1538
151|733|655|1539
151|734|655|1540
151|735|655|1541
151|736|655|1542
151|736|656|1543
151|737|656|1544
151|738|656|1545
151|739|656|1546
151|739|657|1547
151|740|657|1548
151|741|657|1549
151|742|657|1550
151|743|657|1551
151|744|657|1552
151|745|657|1553
151|746|657|1554
152|746|657|1555
152|747|657|1556
152|747|658|1557
152|748|658|1558
152|748|659|1559
152|749|659|1560
153|749|659|1561
153|750|659|1562
153|751|659|1563
153|751|660|1564
153|751|661|1565
153|751|662|1566
153|752|662|1567
153|752|663|1568
153|752|664|1569
153|753|664|1570
153|753|665|1571
153|753|666|1572
153|754|666|1573
153|755|666|1574
153|755|667|1575
153|755|668|1576
153|755|669|1577
153|756|669|1578
153|756|670|1579
153|756|671|1580
153|757|671|1581
153|758|671|1582
153|758|672|1583
153|759|672|1584
153|760|672|1585
153|761|672|1586
153|761|673|1587
153|762|673|1588
153|762|674|1589
153|763|674|1590
153|763|675|1591
153|764|675|1592
154|764|675|1593
154|765|675|1594
154|765|676|1595
154|765|677|1596
154|765|678|1597
154|765|679|1598
154|765|680|1599
154|765|681|1600
154|766|681|1601
154|766|682|1602
154|766|683|1603
154|767|683|1604
154|767|684|1605
154|767|685|1606
154|768|685|1607
154|768|686|1608
154|768|687|1609
154|769|687|1610
154|770|687|1611
154|770|688|1612
154|770|689|1613
154|770|690|1614
154|770|691|1615
154|770|692|1616
154|770|693|1617
154|770|694|1618
154|771|694|1619
154|771|695|1620
154|771|696|1621
154|771|697|1622
154|771|698|1623
154|772|698|1624
154|772|699|1625
154|773|699|1626
154|773|700|1627
154|774|700|1628
154|774|701|1629
154|774|702|1630
154|775|702|1631
154|775|703|1632
154|776|703|1633
154|776|704|1634
155|776|704|1635
155|776|705|1636
155|777|705|1637
155|777|706|1638
156|777|706|1639
156|778|706|1640
156|779|706|1641
156|779|707|1642
156|780|707|1643
156|780|708|1644
157|780|708|1645
157|781|708|1646
157|782|708|1647
157|783|708|1648
158|783|708|1649
158|783|709|1650
159|783|709|1651
159|783|710|1652
160|783|710|1653
160|783|711|1654
160|784|711|1655
160|784|712|1656
161|784|712|1657
161|784|713|1658
162|784|713|1659
162|785|713|1660
163|785|713|1661
163|786|713|1662
164|786|713|1663
164|787|713|1664
165|787|713|1665
165|787|714|1666
165|787|715|1667
165|787|716|1668
165|787|717|1669
165|787|718|1670
165|788|718|1671
165|788|719|1672
165|789|719|1673
165|789|720|1674
165|789|721|1675
165|789|722|1676
165|790|722|1677
165|790|723|1678
165|791|723|1679
165|791|724|1680
165|791|725|1681
165|791|726|1682
165|792|726|1683
165|792|727|1684
165|793|727|1685
165|793|728|1686
165|794|728|1687
165|794|729|1688
165|794|730|1689
165|794|731|1690
165|795|731|1691
165|795|732|1692
165|795|733|1693
165|795|734|1694
165|796|734|1695
165|796|735|1696
165|797|735|1697
165|797|736|1698
165|798|736|1699
165|798|737|1700
165|799|737|1701
165|799|738|1702
165|800|738|1703
165|800|739|1704
165|801|739|1705
165|801|740|1706
165|802|740|1707
165|802|741|1708
165|803|741|1709
165|803|742|1710
165|803|743|1711
165|803|744|1712
166|803|744|1713
166|803|745|1714
166|804|745|1715
166|804|746|1716
166|804|747|1717
166|804|748|1718
166|805|748|1719
166|805|749|1720
166|806|749|1721
166|806|750|1722
166|807|750|1723
166|807|751|1724
166|808|751|1725
166|808|752|1726
166|809|752|1727
166|809|753|1728
166|810|753|1729
166|810|754|1730
166|811|754|1731
166|811|755|1732
166|812|755|1733
166|812|756|1734
166|812|757|1735
166|813|757|1736
166|814|757|1737
166|814|758|1738
166|815|758|1739
166|815|759|1740
166|816|759|1741
166|816|760|1742
166|817|760|1743
166|817|761|1744
166|818|761|1745
166|818|762|1746
166|819|762|1747
166|819|763|1748
166|820|763|1749
166|820|764|1750
166|821|764|1751
166|821|765|1752
166|822|765|1753
166|822|766|1754
166|823|766|1755
166|823|767|1756
166|824|767|1757
166|824|768|1758
166|825|768|1759
166|825|769|1760
166|826|769|1761
166|826|770|1762
166|827|770|1763
166|827|771|1764
166|828|771|1765
166|828|772|1766
167|828|772|1767
167|829|772|1768
167|830|772|1769
167|831|772|1770
167|832|772|1771
167|833|772|1772
168|833|772|1773
168|833|773|1774
168|833|774|1775
168|834|774|1776
168|834|775|1777
168|835|775|1778
168|835|776|1779
168|836|776|1780
168|836|777|1781
168|837|777|1782
168|837|778|1783
168|838|778|1784
168|838|779|1785
168|839|779|1786
168|839|780|1787
168|840|780|1788
168|840|781|1789
168|841|781|1790
168|841|782|1791
168|842|782|1792
168|842|783|1793
168|843|783|1794
168|843|784|1795
168|844|784|1796
168|844|785|1797
168|845|785|1798
168|845|786|1799
168|846|786|1800
168|846|787|1801
168|847|787|1802
168|847|788|1803
168|848|788|1804
168|848|789|1805
168|849|789|1806
168|849|790|1807
168|850|790|1808
168|850|791|1809
168|851|791|1810
169|851|791|1811
169|851|792|1812
170|851|792|1813
170|851|793|1814
170|852|793|1815
170|852|794|1816
171|852|794|1817
171|852|795|1818
171|853|795|1819
171|853|796|1820
172|853|796|1821
172|853|797|1822
172|854|797|1823
172|854|798|1824
173|854|798|1825
173|854|799|1826
173|855|799|1827
173|855|800|1828
173|856|800|1829
173|856|801|1830
174|856|801|1831
174|856|802|1832
175|856|802|1833
175|856|803|1834
175|857|803|1835
175|857|804|1836
176|857|804|1837
176|857|805|1838
177|857|805|1839
177|858|805|1840
178|858|805|1841
178|858|806|1842
179|858|806|1843
179|859|806|1844
179|860|806|1845
179|860|807|1846
179|861|807|1847
179|861|808|1848
179|862|808|1849
179|862|809|1850
179|863|809|1851
179|863|810|1852
179|864|810|1853
179|864|811|1854
179|865|811|1855
179|865|812|1856
179|866|812|1857
179|866|813|1858
179|867|813|1859
179|867|814|1860
179|868|814|1861
179|868|815|1862
179|869|815|1863
179|869|816|1864
179|870|816|1865
179|870|817|1866
179|871|817|1867
179|871|818|1868
179|872|818|1869
179|872|819|1870
179|873|819|1871
179|873|820|1872
179|874|820|1873
179|874|821|1874
180|874|821|1875
180|874|822|1876
181|874|822|1877
181|875|822|1878
182|875|822|1879
182|876|822|1880
183|876|822|1881
183|876|823|1882
183|876|824|1883
183|877|824|1884
183|877|825|1885
183|878|825|1886
183|878|826|1887
183|879|826|1888
183|879|827|1889
183|880|827|1890
183|880|828|1891
183|881|828|1892
183|881|829|1893
183|882|829|1894
183|882|830|1895
183|883|830|1896
183|883|831|1897
183|884|831|1898
183|884|832|1899
183|885|832|1900
183|885|833|1901
183|886|833|1902
183|886|834|1903
183|887|834|1904
183|887|835|1905
183|888|835|1906
183|888|836|1907
183|889|836|1908
183|889|837|1909
183|890|837|1910
183|890|838|1911
183|891|838|1912
183|891|839|1913
183|892|839|1914
183|892|840|1915
183|893|840|1916
183|893|841|1917
183|894|841|1918
183|895|841|1919
183|895|842|1920
183|896|842|1921
183|896|843|1922
183|897|843|1923
183|897|844|1924
183|898|844|1925
183|898|845|1926
183|899|845|1927
183|899|846|1928
183|900|846|1929
183|900|847|1930
183|901|847|1931
183|901|848|1932
183|902|848|1933
183|902|849|1934
183|903|849|1935
183|903|850|1936
183|904|850|1937
183|904|851|1938
183|905|851|1939
183|905|852|1940
183|906|852|1941
183|906|853|1942
183|907|853|1943
183|907|854|1944
183|908|854|1945
183|908|855|1946
183|909|855|1947
183|909|856|1948
183|910|856|1949
183|910|857|1950
183|911|857|1951
183|911|858|1952
183|912|858|1953
183|912|859|1954
183|912|860|1955
183|912|861|1956
183|913|861|1957
183|913|862|1958
183|914|862|1959
183|914|863|1960
183|915|863|1961
183|915|864|1962
183|916|864|1963
183|916|865|1964
183|916|866|1965
183|916|867|1966
183|917|867|1967
183|917|868|1968
183|918|868|1969
183|918|869|1970
183|919|869|1971
183|919|870|1972
183|920|870|1973
183|920|871|1974
183|921|871|1975
183|921|872|1976
183|921|873|1977
183|921|874|1978
183|922|874|1979
183|922|875|1980
183|923|875|1981
183|923|876|1982
183|924|876|1983
183|924|877|1984
183|925|877|1985
183|925|878|1986
183|926|878|1987
183|926|879|1988
183|927|879|1989
183|927|880|1990
184|927|880|1991
184|927|881|1992
185|927|881|1993
185|927|882|1994
186|927|882|1995
186|927|883|1996
186|928|883|1997
186|928|884|1998
186|929|884|1999
186|929|885|2000
