total
0|0|1|1
0|0|2|2
0|0|3|3
0|0|4|4
0|0|5|5
0|0|6|6
0|1|6|7
0|1|7|8
0|2|7|9
0|2|8|10
0|2|9|11
0|3|9|12
0|3|10|13
0|4|10|14
0|4|11|15
0|5|11|16
0|5|12|17
0|6|12|18
0|6|13|19
0|7|13|20
0|7|14|21
0|8|14|22
0|8|15|23
0|9|15|24
0|9|16|25
0|10|16|26
0|10|17|27
0|11|17|28
0|11|18|29
0|12|18|30
0|12|19|31
0|13|19|32
0|13|20|33
0|14|20|34
0|14|21|35
0|15|21|36
0|15|22|37
0|16|22|38
0|16|23|39
0|17|23|40
0|17|24|41
0|18|24|42
0|18|25|43
0|19|25|44
0|19|26|45
0|20|26|46
0|20|27|47
0|20|28|48
0|21|28|49
0|22|28|50
0|22|29|51
0|23|29|52
0|23|30|53
0|24|30|54
0|25|30|55
0|25|31|56
0|25|32|57
0|26|32|58
0|26|33|59
0|27|33|60
0|28|33|61
0|29|33|62
0|30|33|63
0|30|34|64
0|30|35|65
0|31|35|66
0|31|36|67
0|32|36|68
0|33|36|69
0|34|36|70
0|35|36|71
0|35|37|72
0|35|38|73
0|36|38|74
0|36|39|75
0|37|39|76
0|38|39|77
0|39|39|78
0|40|39|79
0|41|39|80
0|42|39|81
0|43|39|82
0|43|40|83
0|44|40|84
0|44|41|85
0|45|41|86
0|45|42|87
0|46|42|88
0|46|43|89
0|47|43|90
0|47|44|91
0|48|44|92
0|48|45|93
0|49|45|94
0|49|46|95
0|50|46|96
0|50|47|97
0|51|47|98
0|51|48|99
0|52|48|100
0|52|49|101
0|53|49|102
0|53|50|103
0|54|50|104
0|54|51|105
0|55|51|106
0|55|52|107
0|56|52|108
0|56|53|109
0|57|53|110
0|57|54|111
0|58|54|112
0|59|55|114
0|60|55|115
0|60|56|116
0|61|56|117
0|61|57|118
0|62|57|119
0|63|57|120
0|64|57|121
0|65|57|122
0|66|57|123
0|67|57|124
0|68|57|125
0|69|57|126
0|70|57|127
0|71|57|128
0|72|57|129
0|73|57|130
0|74|57|131
0|75|57|132
0|76|57|133
0|77|57|134
0|78|57|135
0|79|57|136
0|80|57|137
0|81|57|138
0|82|57|139
0|83|57|140
0|84|57|141
0|85|57|142
0|86|57|143
0|87|57|144
0|88|57|145
0|89|57|146
0|90|57|147
0|91|57|148
0|92|57|149
0|93|57|150
0|94|57|151
0|95|57|152
0|96|57|153
0|97|57|154
0|98|57|155
0|98|58|156
0|99|58|157
0|99|59|158
0|100|59|159
0|100|60|160
0|101|60|161
0|101|61|162
0|102|61|163
0|102|62|164
0|103|62|165
0|103|63|166
0|104|63|167
0|104|64|168
0|105|64|169
0|105|65|170
0|106|65|171
0|106|66|172
0|107|66|173
0|107|67|174
0|108|67|175
0|108|68|176
0|109|68|177
0|109|69|178
0|110|69|179
0|110|70|180
0|111|70|181
0|111|71|182
0|112|71|183
0|112|72|184
0|113|72|185
0|113|73|186
0|114|73|187
0|114|74|188
0|115|74|189
0|115|75|190
0|116|75|191
0|116|76|192
0|117|76|193
0|117|77|194
0|118|77|195
0|118|78|196
0|119|78|197
0|119|79|198
0|119|80|199
1|119|80|200
1|120|80|201
1|121|80|202
1|122|80|203
1|122|81|204
1|123|81|205
1|124|81|206
1|124|82|207
2|124|82|208
2|125|82|209
2|125|83|210
2|126|83|211
2|126|84|212
2|127|84|213
2|128|84|214
2|129|84|215
2|129|85|216
2|130|85|217
2|130|86|218
2|131|86|219
2|132|86|220
2|133|86|221
3|133|86|222
3|133|87|223
3|133|88|224
3|133|89|225
3|133|90|226
3|133|91|227
4|133|91|228
4|133|92|229
5|133|92|230
5|133|93|231
5|133|94|232
5|133|95|233
5|133|96|234
5|133|97|235
5|133|98|236
5|133|99|237
5|133|100|238
5|133|101|239
5|134|101|240
5|134|102|241
6|134|102|242
6|134|103|243
6|134|104|244
6|134|105|245
6|134|106|246
6|134|107|247
6|135|107|248
6|135|108|249
6|136|108|250
6|136|109|251
6|136|110|252
6|136|111|253
7|136|111|254
7|136|112|255
8|136|112|256
8|137|112|257
8|138|112|258
8|139|112|259
8|140|112|260
8|140|113|261
8|141|113|262
8|142|113|263
8|143|113|264
8|144|113|265
8|144|114|266
8|145|114|267
8|145|115|268
8|146|115|269
8|147|115|270
8|148|115|271
8|149|115|272
8|150|115|273
8|150|116|274
8|151|116|275
8|152|116|276
8|153|116|277
8|153|117|278
8|154|117|279
8|154|118|280
8|155|118|281
8|155|119|282
8|156|119|283
8|156|120|284
8|157|120|285
8|157|121|286
8|158|121|287
8|158|122|288
8|159|122|289
8|160|122|290
8|161|122|291
8|161|123|292
8|162|123|293
8|163|123|294
8|164|123|295
8|165|123|296
8|166|123|297
8|167|123|298
8|167|124|299
9|167|124|300
9|167|125|301
9|167|126|302
9|167|127|303
9|167|128|304
9|168|128|305
9|168|129|306
9|168|130|307
9|168|131|308
9|168|132|309
9|168|133|310
9|169|133|311
9|169|134|312
9|169|135|313
9|169|136|314
9|170|136|315
9|170|137|316
9|170|138|317
9|170|139|318
9|170|140|319
9|170|141|320
9|170|142|321
9|170|143|322
9|171|143|323
9|171|144|324
9|171|145|325
9|171|146|326
9|172|146|327
10|172|146|328
10|173|146|329
10|173|147|330
10|174|147|331
11|174|147|332
11|175|147|333
12|175|147|334
12|175|148|335
12|175|149|336
12|176|149|337
12|176|150|338
12|176|151|339
12|176|152|340
12|177|152|341
12|178|152|342
12|178|153|343
12|178|154|344
12|179|154|345
12|179|155|346
12|180|155|347
12|180|156|348
12|180|157|349
12|180|158|350
12|181|158|351
12|181|159|352
12|182|159|353
12|182|160|354
12|182|161|355
12|182|162|356
12|182|163|357
12|182|164|358
12|183|164|359
12|183|165|360
12|183|166|361
12|183|167|362
12|184|167|363
12|184|168|364
12|185|168|365
12|185|169|366
12|186|169|367
12|186|170|368
12|187|170|369
12|187|171|370
12|188|171|371
12|189|171|372
12|190|171|373
12|191|171|374
12|192|171|375
12|193|171|376
12|194|171|377
12|194|172|378
12|195|172|379
12|195|173|380
12|196|173|381
12|196|174|382
13|196|174|383
13|196|175|384
13|197|175|385
13|198|175|386
13|199|175|387
13|199|176|388
13|200|176|389
13|201|176|390
13|202|176|391
13|203|176|392
13|204|176|393
13|205|176|394
13|206|176|395
13|207|176|396
13|208|176|397
13|208|177|398
13|209|177|399
13|210|177|400
13|211|177|401
13|212|177|402
13|213|177|403
13|214|177|404
13|215|177|405
13|216|177|406
13|216|178|407
13|217|178|408
13|218|178|409
13|218|179|410
13|218|180|411
13|218|181|412
13|218|182|413
13|219|182|414
13|220|182|415
13|221|182|416
13|222|182|417
13|222|183|418
13|223|183|419
13|224|183|420
13|224|184|421
13|224|185|422
13|225|185|423
13|226|185|424
13|227|185|425
13|228|185|426
13|228|186|427
13|229|186|428
13|229|187|429
13|230|187|430
13|231|187|431
13|231|188|432
13|231|189|433
13|232|189|434
13|233|189|435
13|233|190|436
13|234|190|437
13|235|190|438
13|236|190|439
13|237|190|440
13|238|190|441
13|239|190|442
13|239|191|443
13|239|192|444
13|240|192|445
13|240|193|446
13|240|194|447
13|240|195|448
13|241|195|449
13|241|196|450
13|242|196|451
13|242|197|452
13|243|197|453
13|243|198|454
13|244|198|455
13|244|199|456
13|244|200|457
13|244|201|458
13|245|201|459
13|245|202|460
13|245|203|461
13|245|204|462
13|246|204|463
13|246|205|464
13|246|206|465
13|246|207|466
13|247|207|467
13|247|208|468
13|247|209|469
13|247|210|470
13|248|210|471
13|248|211|472
13|249|211|473
13|249|212|474
13|250|212|475
13|250|213|476
13|250|214|477
13|250|215|478
13|251|215|479
13|252|215|480
13|253|215|481
13|254|215|482
13|255|215|483
13|256|215|484
13|257|215|485
13|258|215|486
13|259|215|487
13|259|216|488
13|260|216|489
13|260|217|490
13|261|217|491
13|261|218|492
13|262|218|493
13|263|218|494
13|264|218|495
13|264|219|496
13|265|219|497
13|266|219|498
14|266|219|499
14|267|219|500
14|268|219|501
14|268|220|502
14|269|220|503
14|269|221|504
14|270|221|505
14|271|221|506
14|272|221|507
14|273|221|508
14|274|221|509
14|275|221|510
14|276|221|511
14|277|221|512
14|278|221|513
14|279|221|514
14|279|222|515
14|280|222|516
14|280|223|517
14|281|223|518
14|281|224|519
14|282|224|520
14|282|225|521
14|283|225|522
14|283|226|523
14|284|226|524
14|284|227|525
14|285|227|526
14|285|228|527
14|286|228|528
14|286|229|529
14|287|229|530
14|287|230|531
14|288|230|532
14|288|231|533
14|289|231|534
14|289|232|535
14|290|232|536
14|290|233|537
14|291|233|538
14|291|234|539
14|292|234|540
14|292|235|541
15|292|235|542
15|292|236|543
15|293|236|544
15|293|237|545
15|294|237|546
15|294|238|547
15|295|238|548
15|295|239|549
15|296|239|550
15|297|239|551
15|297|240|552
15|298|240|553
15|298|241|554
15|299|241|555
15|299|242|556
15|300|242|557
15|300|243|558
15|301|243|559
15|301|244|560
15|302|244|561
15|302|245|562
15|303|245|563
15|303|246|564
15|304|246|565
15|304|247|566
15|305|247|567
15|305|248|568
15|306|248|569
15|306|249|570
15|307|249|571
15|307|250|572
15|308|250|573
15|308|251|574
15|309|251|575
15|309|252|576
15|310|252|577
15|310|253|578
15|311|253|579
15|311|254|580
15|312|254|581
15|312|255|582
15|313|255|583
15|313|256|584
15|314|256|585
15|314|257|586
15|314|258|587
15|314|259|588
15|315|259|589
15|315|260|590
15|315|261|591
15|315|262|592
15|316|262|593
15|316|263|594
15|317|263|595
15|317|264|596
15|318|264|597
15|318|265|598
15|318|266|599
15|318|267|600
15|319|267|601
15|319|268|602
15|319|269|603
15|319|270|604
15|320|270|605
15|320|271|606
15|321|271|607
15|321|272|608
15|321|273|609
15|321|274|610
15|322|274|611
15|322|275|612
15|322|276|613
15|322|277|614
15|323|277|615
15|323|278|616
15|324|278|617
15|324|279|618
15|325|279|619
15|325|280|620
15|326|280|621
15|326|281|622
15|326|282|623
15|327|282|624
15|328|282|625
15|328|283|626
15|328|284|627
15|328|285|628
15|328|286|629
15|328|287|630
15|329|287|631
15|329|288|632
15|329|289|633
15|330|289|634
15|331|289|635
15|331|290|636
15|332|290|637
15|333|290|638
15|333|291|639
15|334|291|640
15|335|291|641
15|335|292|642
15|336|292|643
15|336|293|644
15|336|294|645
16|336|294|646
16|337|294|647
16|337|295|648
16|337|296|649
16|338|296|650
16|339|296|651
16|339|297|652
16|340|297|653
16|340|298|654
16|341|298|655
16|341|299|656
16|341|300|657
16|342|300|658
16|342|301|659
16|343|301|660
16|343|302|661
16|343|303|662
16|343|304|663
16|343|305|664
16|343|306|665
16|343|307|666
16|343|308|667
16|344|308|668
16|344|309|669
16|345|309|670
16|345|310|671
16|345|311|672
16|345|312|673
16|346|312|674
16|346|313|675
16|347|313|676
16|347|314|677
16|347|315|678
16|347|316|679
16|347|317|680
16|347|318|681
17|347|318|682
17|347|319|683
17|347|320|684
17|347|321|685
18|347|321|686
18|347|322|687
19|347|322|688
19|347|323|689
19|347|324|690
19|347|325|691
20|347|325|692
20|347|326|693
20|348|326|694
20|349|326|695
20|349|327|696
20|350|327|697
20|350|328|698
20|351|328|699
20|351|329|700
20|352|329|701
20|352|330|702
20|353|330|703
20|353|331|704
20|354|331|705
20|354|332|706
20|355|332|707
20|355|333|708
20|356|333|709
20|356|334|710
20|357|334|711
20|357|335|712
20|358|335|713
20|358|336|714
20|359|336|715
20|359|337|716
20|360|337|717
20|360|338|718
20|361|338|719
20|361|339|720
20|362|339|721
20|362|340|722
20|363|340|723
20|363|341|724
20|364|341|725
20|364|342|726
20|365|342|727
20|365|343|728
20|366|343|729
20|366|344|730
20|366|345|731
20|367|345|732
20|368|345|733
20|369|345|734
20|369|346|735
20|369|347|736
20|369|348|737
20|369|349|738
20|370|349|739
20|371|349|740
20|371|350|741
20|371|351|742
20|371|352|743
20|371|353|744
20|372|353|745
20|373|353|746
20|373|354|747
20|374|354|748
20|375|354|749
20|375|355|750
20|375|356|751
20|375|357|752
20|375|358|753
21|375|358|754
21|375|359|755
21|376|359|756
21|377|359|757
21|377|360|758
21|377|361|759
21|377|362|760
21|378|362|761
21|379|362|762
21|380|362|763
21|381|362|764
21|382|362|765
22|382|362|766
22|383|362|767
22|383|363|768
22|384|363|769
22|384|364|770
22|385|364|771
22|385|365|772
22|386|365|773
22|386|366|774
22|387|366|775
22|387|367|776
22|388|367|777
22|388|368|778
22|389|368|779
22|389|369|780
22|390|369|781
22|390|370|782
22|391|370|783
22|391|371|784
22|392|371|785
22|392|372|786
22|393|372|787
22|393|373|788
22|394|373|789
22|394|374|790
22|395|374|791
22|395|375|792
22|396|375|793
22|396|376|794
22|397|376|795
22|397|377|796
22|398|377|797
22|398|378|798
22|399|378|799
22|399|379|800
22|400|379|801
22|400|380|802
22|401|380|803
22|402|380|804
22|403|380|805
22|404|380|806
22|405|380|807
22|406|380|808
22|407|380|809
22|408|380|810
22|409|380|811
22|410|380|812
22|411|380|813
22|412|380|814
22|413|380|815
22|414|380|816
22|415|380|817
22|416|380|818
22|417|380|819
22|418|380|820
22|419|380|821
22|420|380|822
22|421|380|823
22|422|380|824
22|423|380|825
22|424|380|826
22|425|380|827
22|426|380|828
22|427|380|829
22|428|380|830
22|429|380|831
22|430|380|832
22|431|380|833
22|432|380|834
22|433|380|835
22|434|380|836
22|435|380|837
22|436|380|838
22|437|380|839
22|437|381|840
22|438|381|841
22|438|382|842
22|439|382|843
22|439|383|844
22|440|383|845
22|440|384|846
22|441|384|847
22|441|385|848
22|442|385|849
22|442|386|850
22|443|386|851
22|443|387|852
22|444|387|853
22|444|388|854
22|445|388|855
22|445|389|856
22|446|389|857
22|446|390|858
22|447|390|859
22|447|391|860
22|448|391|861
22|448|392|862
22|449|392|863
22|449|393|864
22|450|393|865
22|450|394|866
22|451|394|867
22|451|395|868
22|452|395|869
22|452|396|870
22|453|396|871
22|453|397|872
22|454|397|873
22|454|398|874
22|454|399|875
23|454|399|876
23|455|399|877
23|456|399|878
23|457|399|879
23|457|400|880
23|458|400|881
23|458|401|882
23|459|401|883
23|460|401|884
23|461|401|885
23|462|401|886
23|463|401|887
23|463|402|888
23|464|402|889
23|465|402|890
23|465|403|891
23|466|403|892
23|467|403|893
23|467|404|894
23|468|404|895
23|468|405|896
23|469|405|897
24|469|405|898
24|469|406|899
25|469|406|900
25|470|406|901
25|470|407|902
25|470|408|903
25|471|408|904
25|472|408|905
26|472|408|906
26|472|409|907
26|472|410|908
26|472|411|909
26|472|412|910
26|472|413|911
26|473|413|912
26|473|414|913
26|473|415|914
26|473|416|915
26|473|417|916
26|473|418|917
26|473|419|918
26|473|420|919
26|474|420|920
26|474|421|921
26|474|422|922
26|474|423|923
26|474|424|924
26|474|425|925
26|475|425|926
26|475|426|927
26|475|427|928
26|475|428|929
26|475|429|930
26|475|430|931
26|475|431|932
26|475|432|933
26|475|433|934
26|475|434|935
27|475|434|936
27|475|435|937
27|475|436|938
27|475|437|939
27|476|437|940
27|477|437|941
27|478|437|942
27|479|437|943
27|480|437|944
27|480|438|945
27|480|439|946
27|481|439|947
27|482|439|948
27|483|439|949
27|483|440|950
27|484|440|951
27|485|440|952
27|486|440|953
27|486|441|954
27|487|441|955
27|487|442|956
27|488|442|957
27|488|443|958
27|489|443|959
27|489|444|960
27|490|444|961
27|491|444|962
27|492|444|963
27|492|445|964
27|493|445|965
27|493|446|966
27|494|446|967
27|495|446|968
27|496|446|969
27|497|446|970
27|498|446|971
27|498|447|972
27|499|447|973
27|499|448|974
27|500|448|975
27|500|449|976
27|501|449|977
27|502|449|978
27|503|449|979
27|504|449|980
27|505|449|981
27|505|450|982
27|505|451|983
27|505|452|984
27|506|452|985
27|506|453|986
27|507|453|987
27|507|454|988
27|508|454|989
27|508|455|990
27|508|456|991
28|508|456|992
28|509|456|993
28|509|457|994
28|510|457|995
28|510|458|996
28|510|459|997
29|510|459|998
29|511|459|999
29|511|460|1000
29|512|460|1001
29|512|461|1002
29|513|461|1003
29|513|462|1004
29|513|463|1005
29|513|464|1006
29|514|464|1007
29|514|465|1008
29|514|466|1009
29|514|467|1010
29|515|467|1011
29|515|468|1012
29|515|469|1013
29|515|470|1014
29|516|470|1015
29|516|471|1016
29|517|471|1017
29|517|472|1018
29|517|473|1019
29|517|474|1020
29|518|474|1021
29|518|475|1022
29|519|475|1023
29|519|476|1024
29|520|476|1025
29|521|476|1026
29|521|477|1027
29|521|478|1028
29|522|478|1029
29|522|479|1030
29|523|479|1031
29|524|479|1032
29|524|480|1033
29|524|481|1034
29|525|481|1035
29|525|482|1036
29|526|482|1037
29|526|483|1038
29|527|483|1039
29|528|483|1040
29|529|483|1041
29|530|483|1042
29|531|483|1043
29|531|484|1044
29|532|484|1045
29|532|485|1046
29|533|485|1047
29|533|486|1048
29|534|486|1049
29|534|487|1050
29|535|487|1051
29|536|487|1052
29|537|487|1053
29|537|488|1054
29|538|488|1055
29|539|488|1056
29|540|488|1057
29|541|488|1058
29|542|488|1059
29|543|488|1060
29|544|488|1061
29|545|488|1062
29|546|488|1063
29|547|488|1064
29|548|488|1065
29|548|489|1066
29|549|489|1067
29|550|489|1068
29|551|489|1069
29|551|490|1070
29|552|490|1071
29|552|491|1072
29|553|491|1073
29|553|492|1074
29|554|492|1075
29|555|492|1076
29|556|492|1077
29|556|493|1078
29|557|493|1079
29|558|493|1080
29|559|493|1081
29|560|493|1082
29|561|493|1083
29|562|493|1084
29|563|493|1085
29|564|493|1086
29|565|493|1087
29|566|493|1088
29|567|493|1089
29|568|493|1090
29|568|494|1091
30|568|494|1092
30|568|495|1093
30|569|495|1094
30|569|496|1095
30|570|496|1096
30|570|497|1097
30|570|498|1098
30|570|499|1099
30|571|499|1100
30|571|500|1101
30|572|500|1102
30|572|501|1103
31|572|501|1104
31|572|502|1105
32|572|502|1106
32|572|503|1107
32|573|503|1108
32|573|504|1109
32|573|505|1110
32|573|506|1111
32|574|506|1112
32|574|507|1113
32|575|507|1114
32|575|508|1115
32|576|508|1116
32|576|509|1117
32|576|510|1118
32|576|511|1119
33|576|511|1120
33|576|512|1121
33|577|512|1122
33|577|513|1123
33|578|513|1124
33|578|514|1125
33|579|514|1126
33|579|515|1127
33|579|516|1128
33|580|516|1129
33|580|517|1130
33|581|517|1131
33|581|518|1132
33|582|518|1133
33|582|519|1134
33|583|519|1135
33|583|520|1136
33|583|521|1137
33|583|522|1138
33|584|522|1139
33|584|523|1140
33|584|524|1141
33|584|525|1142
33|585|525|1143
33|585|526|1144
33|586|526|1145
33|586|527|1146
33|587|527|1147
33|587|528|1148
33|587|529|1149
33|587|530|1150
33|588|530|1151
33|588|531|1152
33|588|532|1153
33|588|533|1154
33|589|533|1155
33|589|534|1156
33|590|534|1157
33|590|535|1158
33|591|535|1159
33|591|536|1160
33|591|537|1161
33|591|538|1162
33|592|538|1163
33|593|538|1164
33|594|538|1165
33|595|538|1166
33|596|538|1167
33|597|538|1168
33|598|538|1169
33|598|539|1170
33|599|539|1171
33|599|540|1172
33|600|540|1173
33|601|540|1174
33|602|540|1175
33|603|540|1176
33|604|540|1177
33|605|540|1178
33|606|540|1179
33|606|541|1180
33|607|541|1181
33|608|541|1182
33|609|541|1183
33|610|541|1184
33|611|541|1185
33|611|542|1186
33|612|542|1187
33|613|542|1188
33|614|542|1189
33|615|542|1190
33|616|542|1191
33|617|542|1192
33|618|542|1193
33|619|542|1194
33|620|542|1195
33|621|542|1196
33|622|542|1197
33|623|542|1198
33|623|543|1199
34|623|543|1200
34|623|544|1201
35|623|544|1202
35|623|545|1203
35|623|546|1204
35|623|547|1205
35|624|547|1206
35|624|548|1207
35|625|548|1208
35|625|549|1209
36|625|549|1210
36|625|550|1211
37|625|550|1212
37|625|551|1213
38|625|551|1214
38|625|552|1215
38|626|552|1216
38|626|553|1217
38|626|554|1218
38|626|555|1219
39|626|555|1220
39|626|556|1221
39|627|556|1222
39|627|557|1223
39|628|557|1224
39|628|558|1225
40|628|558|1226
40|628|559|1227
40|629|559|1228
40|629|560|1229
41|629|560|1230
41|629|561|1231
42|629|561|1232
42|629|562|1233
42|630|562|1234
42|631|562|1235
42|631|563|1236
42|632|563|1237
42|632|564|1238
42|633|564|1239
42|633|565|1240
42|634|565|1241
42|634|566|1242
42|635|566|1243
42|635|567|1244
42|636|567|1245
42|636|568|1246
42|637|568|1247
42|637|569|1248
42|638|569|1249
42|638|570|1250
42|639|570|1251
42|639|571|1252
42|640|571|1253
42|640|572|1254
42|641|572|1255
42|641|573|1256
42|642|573|1257
42|642|574|1258
42|643|574|1259
42|643|575|1260
42|644|575|1261
42|644|576|1262
42|645|576|1263
42|645|577|1264
42|646|577|1265
42|646|578|1266
42|647|578|1267
42|647|579|1268
42|648|579|1269
42|648|580|1270
42|648|581|1271
42|648|582|1272
42|649|582|1273
42|649|583|1274
42|650|583|1275
42|650|584|1276
42|651|584|1277
42|651|585|1278
42|652|585|1279
42|652|586|1280
42|652|587|1281
42|652|588|1282
42|653|588|1283
42|653|589|1284
42|654|589|1285
42|654|590|1286
42|654|591|1287
42|654|592|1288
42|655|592|1289
42|655|593|1290
42|656|593|1291
42|656|594|1292
42|657|594|1293
42|657|595|1294
42|658|595|1295
42|658|596|1296
42|659|596|1297
42|659|597|1298
42|660|597|1299
42|660|598|1300
42|661|598|1301
42|661|599|1302
42|662|599|1303
42|662|600|1304
42|662|601|1305
42|662|602|1306
42|663|602|1307
42|663|603|1308
42|664|603|1309
42|664|604|1310
42|665|604|1311
42|665|605|1312
42|666|605|1313
42|666|606|1314
42|667|606|1315
42|668|606|1316
42|668|607|1317
43|668|607|1318
43|669|607|1319
43|669|608|1320
43|670|608|1321
43|671|608|1322
43|671|609|1323
43|672|609|1324
43|673|609|1325
43|673|610|1326
43|674|610|1327
43|674|611|1328
43|674|612|1329
43|675|612|1330
43|676|612|1331
43|676|613|1332
43|677|613|1333
43|678|613|1334
43|679|613|1335
43|679|614|1336
43|680|614|1337
43|680|615|1338
43|681|615|1339
43|682|615|1340
43|683|615|1341
43|684|615|1342
43|684|616|1343
43|684|617|1344
43|684|618|1345
43|685|618|1346
43|685|619|1347
43|685|620|1348
43|685|621|1349
43|686|621|1350
43|686|622|1351
43|687|622|1352
43|687|623|1353
44|687|623|1354
44|687|624|1355
44|687|625|1356
44|687|626|1357
44|688|626|1358
44|688|627|1359
44|689|627|1360
44|689|628|1361
44|689|629|1362
44|689|630|1363
44|689|631|1364
44|689|632|1365
44|690|632|1366
44|690|633|1367
44|690|634|1368
44|690|635|1369
44|691|635|1370
44|691|636|1371
44|691|637|1372
44|691|638|1373
44|691|639|1374
44|691|640|1375
44|692|640|1376
44|692|641|1377
44|692|642|1378
44|693|642|1379
44|693|643|1380
44|694|643|1381
44|694|644|1382
44|695|644|1383
44|695|645|1384
44|696|645|1385
44|696|646|1386
44|697|646|1387
44|697|647|1388
44|698|647|1389
44|698|648|1390
44|699|648|1391
44|699|649|1392
44|700|649|1393
44|700|650|1394
44|701|650|1395
44|701|651|1396
44|702|651|1397
44|702|652|1398
44|703|652|1399
44|703|653|1400
44|704|653|1401
44|704|654|1402
44|705|654|1403
44|705|655|1404
44|706|655|1405
44|706|656|1406
44|707|656|1407
44|707|657|1408
44|708|657|1409
44|708|658|1410
44|709|658|1411
44|709|659|1412
44|710|659|1413
44|710|660|1414
44|710|661|1415
44|710|662|1416
44|711|662|1417
44|711|663|1418
44|712|663|1419
44|712|664|1420
44|713|664|1421
44|713|665|1422
44|714|665|1423
44|715|665|1424
44|715|666|1425
44|716|666|1426
44|717|666|1427
44|717|667|1428
44|718|667|1429
44|719|667|1430
44|719|668|1431
45|719|668|1432
45|720|668|1433
45|720|669|1434
45|721|669|1435
45|721|670|1436
45|722|670|1437
45|723|670|1438
45|723|671|1439
45|724|671|1440
45|725|671|1441
45|725|672|1442
45|725|673|1443
45|725|674|1444
45|726|674|1445
45|727|674|1446
45|728|674|1447
45|728|675|1448
45|729|675|1449
45|729|676|1450
45|730|676|1451
45|730|677|1452
45|731|677|1453
45|731|678|1454
45|732|678|1455
45|732|679|1456
45|733|679|1457
45|733|680|1458
45|734|680|1459
45|734|681|1460
45|735|681|1461
45|735|682|1462
45|736|682|1463
45|736|683|1464
45|737|683|1465
45|737|684|1466
45|738|684|1467
45|738|685|1468
45|739|685|1469
45|739|686|1470
45|740|686|1471
45|740|687|1472
45|741|687|1473
45|741|688|1474
45|742|688|1475
45|742|689|1476
45|743|689|1477
45|743|690|1478
45|744|690|1479
45|744|691|1480
45|745|691|1481
45|745|692|1482
45|746|692|1483
45|746|693|1484
45|747|693|1485
45|747|694|1486
45|748|694|1487
45|749|694|1488
45|750|694|1489
45|751|694|1490
45|752|694|1491
45|753|694|1492
45|754|694|1493
45|755|694|1494
45|756|694|1495
45|757|694|1496
45|758|694|1497
45|759|694|1498
45|760|694|1499
45|761|694|1500
45|762|694|1501
45|763|694|1502
45|764|694|1503
45|765|694|1504
45|766|694|1505
45|767|694|1506
45|768|694|1507
45|769|694|1508
45|770|694|1509
45|771|694|1510
45|772|694|1511
45|773|694|1512
45|774|694|1513
45|775|694|1514
45|776|694|1515
45|777|694|1516
45|778|694|1517
45|779|694|1518
45|780|694|1519
45|781|694|1520
45|782|694|1521
45|783|694|1522
45|784|694|1523
45|784|695|1524
45|785|695|1525
45|785|696|1526
45|786|696|1527
45|786|697|1528
45|787|697|1529
45|787|698|1530
45|788|698|1531
45|788|699|1532
45|789|699|1533
45|789|700|1534
45|790|700|1535
45|790|701|1536
45|791|701|1537
45|791|702|1538
45|792|702|1539
45|792|703|1540
45|793|703|1541
45|793|704|1542
45|794|704|1543
45|794|705|1544
45|795|705|1545
45|795|706|1546
45|796|706|1547
45|796|707|1548
45|797|707|1549
45|797|708|1550
45|798|708|1551
45|798|709|1552
45|799|709|1553
45|799|710|1554
45|800|710|1555
45|800|711|1556
45|801|711|1557
45|801|712|1558
45|802|712|1559
45|802|713|1560
45|802|714|1561
45|803|714|1562
45|803|715|1563
45|803|716|1564
45|803|717|1565
45|804|717|1566
45|805|717|1567
45|806|717|1568
45|806|718|1569
46|806|718|1570
46|807|718|1571
46|807|719|1572
46|808|719|1573
46|809|719|1574
46|809|720|1575
46|810|720|1576
46|811|720|1577
46|811|721|1578
46|811|722|1579
46|811|723|1580
46|812|723|1581
46|813|723|1582
46|814|723|1583
46|815|723|1584
46|816|723|1585
46|816|724|1586
46|816|725|1587
46|816|726|1588
46|817|726|1589
46|817|727|1590
46|817|728|1591
46|817|729|1592
46|817|730|1593
46|817|731|1594
46|817|732|1595
46|817|733|1596
46|817|734|1597
46|817|735|1598
46|817|736|1599
46|817|737|1600
46|817|738|1601
46|817|739|1602
46|817|740|1603
47|817|740|1604
47|817|741|1605
47|817|742|1606
47|817|743|1607
47|817|744|1608
47|817|745|1609
48|817|745|1610
48|817|746|1611
48|817|747|1612
48|817|748|1613
48|817|749|1614
48|817|750|1615
48|817|751|1616
48|817|752|1617
49|817|752|1618
49|817|753|1619
50|817|753|1620
50|817|754|1621
50|817|755|1622
50|817|756|1623
50|817|757|1624
50|818|757|1625
50|819|757|1626
50|820|757|1627
50|820|758|1628
50|821|758|1629
50|821|759|1630
50|822|759|1631
50|822|760|1632
50|823|760|1633
50|823|761|1634
50|824|761|1635
50|824|762|1636
50|825|762|1637
50|826|762|1638
50|827|762|1639
50|828|762|1640
50|829|762|1641
50|830|762|1642
50|831|762|1643
50|832|762|1644
50|833|762|1645
50|833|763|1646
50|834|763|1647
50|834|764|1648
50|835|764|1649
50|835|765|1650
50|836|765|1651
50|836|766|1652
50|837|766|1653
50|837|767|1654
50|838|767|1655
50|838|768|1656
50|839|768|1657
50|839|769|1658
50|840|769|1659
50|840|770|1660
50|841|770|1661
50|842|770|1662
50|843|770|1663
50|844|770|1664
50|845|770|1665
50|845|771|1666
50|845|772|1667
50|845|773|1668
50|846|773|1669
50|846|774|1670
50|847|774|1671
50|847|775|1672
50|848|775|1673
50|848|776|1674
50|848|777|1675
50|848|778|1676
50|849|778|1677
50|849|779|1678
50|850|779|1679
50|850|780|1680
50|850|781|1681
50|850|782|1682
50|851|782|1683
50|851|783|1684
50|852|783|1685
50|852|784|1686
50|853|784|1687
50|853|785|1688
50|854|785|1689
50|854|786|1690
50|855|786|1691
50|855|787|1692
50|856|787|1693
50|856|788|1694
50|856|789|1695
51|856|789|1696
51|857|789|1697
51|857|790|1698
51|858|790|1699
51|858|791|1700
51|859|791|1701
51|859|792|1702
51|860|792|1703
51|860|793|1704
51|861|793|1705
51|861|794|1706
51|862|794|1707
51|862|795|1708
51|863|795|1709
51|863|796|1710
51|863|797|1711
51|863|798|1712
51|864|798|1713
51|864|799|1714
51|865|799|1715
51|865|800|1716
51|865|801|1717
51|865|802|1718
51|866|802|1719
51|866|803|1720
51|867|803|1721
51|867|804|1722
51|867|805|1723
51|867|806|1724
51|868|806|1725
51|868|807|1726
51|869|807|1727
51|869|808|1728
51|870|808|1729
51|870|809|1730
51|871|809|1731
51|871|810|1732
51|872|810|1733
51|872|811|1734
51|873|811|1735
51|874|811|1736
51|875|811|1737
51|875|812|1738
51|876|812|1739
51|876|813|1740
51|877|813|1741
51|877|814|1742
51|878|814|1743
51|878|815|1744
51|879|815|1745
51|880|815|1746
51|881|815|1747
51|881|816|1748
51|882|816|1749
51|882|817|1750
51|883|817|1751
51|884|817|1752
51|885|817|1753
51|885|818|1754
51|886|818|1755
51|886|819|1756
51|887|819|1757
51|887|820|1758
51|888|820|1759
51|888|821|1760
51|889|821|1761
51|889|822|1762
51|890|822|1763
51|890|823|1764
51|891|823|1765
51|892|823|1766
51|893|823|1767
51|894|823|1768
51|895|823|1769
51|896|823|1770
51|897|823|1771
51|898|823|1772
51|899|823|1773
51|900|823|1774
51|900|824|1775
52|900|824|1776
52|900|825|1777
53|900|825|1778
53|900|826|1779
54|900|826|1780
54|900|827|1781
55|900|827|1782
55|900|828|1783
56|900|828|1784
56|900|829|1785
56|900|830|1786
56|900|831|1787
57|900|831|1788
57|900|832|1789
57|900|833|1790
57|900|834|1791
58|900|834|1792
58|900|835|1793
59|900|835|1794
59|900|836|1795
59|901|836|1796
59|901|837|1797
59|902|837|1798
59|902|838|1799
59|903|838|1800
59|903|839|1801
59|904|839|1802
59|904|840|1803
60|904|840|1804
60|904|841|1805
60|905|841|1806
60|905|842|1807
60|906|842|1808
60|906|843|1809
60|907|843|1810
60|908|843|1811
60|908|844|1812
60|909|844|1813
60|910|844|1814
60|911|844|1815
60|911|845|1816
60|912|845|1817
60|913|845|1818
60|914|845|1819
60|914|846|1820
60|914|847|1821
60|914|848|1822
60|915|848|1823
60|915|849|1824
60|915|850|1825
60|915|851|1826
60|916|851|1827
60|916|852|1828
60|917|852|1829
60|918|852|1830
60|919|852|1831
60|919|853|1832
60|920|853|1833
60|921|853|1834
60|922|853|1835
60|923|853|1836
60|924|853|1837
60|925|853|1838
60|926|853|1839
60|927|853|1840
60|928|853|1841
60|929|853|1842
60|930|853|1843
60|931|853|1844
60|932|853|1845
60|933|853|1846
60|934|853|1847
60|935|853|1848
60|936|853|1849
60|936|854|1850
60|937|854|1851
60|937|855|1852
60|938|855|1853
60|938|856|1854
60|939|856|1855
60|939|857|1856
60|940|857|1857
60|941|857|1858
60|942|857|1859
60|943|857|1860
60|944|857|1861
60|944|858|1862
60|945|858|1863
60|946|858|1864
60|947|858|1865
60|948|858|1866
60|949|858|1867
60|950|858|1868
60|951|858|1869
60|951|859|1870
60|952|859|1871
60|953|859|1872
60|954|859|1873
60|954|860|1874
60|955|860|1875
60|956|860|1876
60|957|860|1877
60|958|860|1878
60|959|860|1879
60|960|860|1880
60|961|860|1881
60|962|860|1882
60|962|861|1883
60|963|861|1884
60|963|862|1885
60|964|862|1886
60|964|863|1887
60|965|863|1888
60|965|864|1889
60|966|864|1890
60|966|865|1891
61|966|865|1892
61|966|866|1893
61|967|866|1894
61|967|867|1895
61|967|868|1896
61|967|869|1897
62|967|869|1898
62|967|870|1899
63|967|870|1900
63|967|871|1901
63|967|872|1902
63|967|873|1903
63|967|874|1904
63|967|875|1905
63|968|875|1906
63|968|876|1907
63|969|876|1908
63|969|877|1909
64|969|877|1910
64|969|878|1911
64|970|878|1912
64|970|879|1913
65|970|879|1914
65|970|880|1915
65|971|880|1916
65|971|881|1917
65|972|881|1918
65|973|881|1919
65|973|882|1920
65|974|882|1921
65|974|883|1922
65|975|883|1923
65|975|884|1924
65|976|884|1925
65|976|885|1926
65|977|885|1927
65|977|886|1928
65|978|886|1929
65|978|887|1930
65|979|887|1931
65|979|888|1932
65|980|888|1933
65|980|889|1934
65|981|889|1935
65|981|890|1936
65|982|890|1937
65|982|891|1938
65|983|891|1939
65|983|892|1940
65|984|892|1941
65|984|893|1942
65|985|893|1943
65|985|894|1944
65|986|894|1945
65|986|895|1946
65|987|895|1947
65|987|896|1948
65|988|896|1949
65|988|897|1950
65|989|897|1951
65|989|898|1952
65|990|898|1953
65|990|899|1954
65|990|900|1955
65|990|901|1956
65|991|901|1957
65|991|902|1958
65|992|902|1959
65|992|903|1960
65|993|903|1961
65|993|904|1962
65|994|904|1963
65|994|905|1964
65|994|906|1965
65|994|907|1966
65|995|907|1967
65|995|908|1968
65|996|908|1969
65|996|909|1970
65|996|910|1971
65|996|911|1972
65|997|911|1973
65|997|912|1974
65|998|912|1975
65|998|913|1976
65|999|913|1977
65|999|914|1978
65|1000|914|1979
65|1000|915|1980
65|1001|915|1981
65|1001|916|1982
65|1002|916|1983
65|1002|917|1984
65|1003|917|1985
65|1003|918|1986
65|1004|918|1987
65|1004|919|1988
65|1004|920|1989
65|1004|921|1990
65|1005|921|1991
66|1005|921|1992
66|1006|921|1993
66|1006|922|1994
66|1007|922|1995
66|1007|923|1996
66|1008|923|1997
66|1008|924|1998
66|1009|924|1999
66|1010|924|2000
