total
0|0|1|1
0|1|1|2
0|1|2|3
0|2|2|4
0|2|3|5
0|2|4|6
0|2|5|7
0|3|5|8
0|3|6|9
0|4|6|10
0|4|7|11
0|5|7|12
0|5|8|13
0|6|8|14
0|6|9|15
0|7|9|16
0|7|10|17
0|8|10|18
0|8|11|19
0|9|11|20
0|9|12|21
0|10|12|22
0|10|13|23
0|11|13|24
0|11|14|25
0|12|14|26
0|12|15|27
0|13|15|28
0|13|16|29
0|14|16|30
0|14|17|31
0|15|17|32
0|15|18|33
0|16|18|34
0|16|19|35
0|17|19|36
0|17|20|37
0|18|20|38
0|18|21|39
0|19|21|40
0|19|22|41
0|20|22|42
0|20|23|43
0|21|23|44
0|21|24|45
0|22|24|46
0|22|25|47
0|23|25|48
0|23|26|49
0|24|26|50
0|24|27|51
0|25|27|52
0|25|28|53
0|26|28|54
0|26|29|55
0|27|29|56
0|28|29|57
0|29|29|58
0|29|30|59
0|30|30|60
0|30|31|61
0|31|31|62
0|31|32|63
0|32|32|64
0|32|33|65
0|33|33|66
0|33|34|67
0|34|34|68
0|35|34|69
0|36|34|70
0|37|34|71
0|37|35|72
0|37|36|73
0|38|36|74
0|38|37|75
0|39|37|76
0|39|38|77
0|40|38|78
0|40|39|79
0|41|39|80
0|41|40|81
0|42|40|82
0|42|41|83
0|43|41|84
0|43|42|85
0|44|42|86
0|44|43|87
0|45|43|88
0|45|44|89
0|46|44|90
0|46|45|91
0|47|45|92
0|47|46|93
0|48|46|94
0|48|47|95
0|49|47|96
0|49|48|97
0|50|48|98
0|50|49|99
0|51|49|100
0|51|50|101
0|52|50|102
0|52|51|103
0|53|51|104
0|53|52|105
0|54|52|106
0|54|53|107
0|55|53|108
0|55|54|109
0|56|54|110
0|56|55|111
0|57|55|112
0|57|56|113
0|58|56|114
0|58|57|115
0|59|57|116
0|59|58|117
0|60|58|118
0|60|59|119
0|61|59|120
0|61|60|121
0|62|60|122
0|62|61|123
0|63|61|124
0|63|62|125
0|64|62|126
0|64|63|127
0|65|63|128
0|65|64|129
0|66|64|130
0|66|65|131
0|67|65|132
0|67|66|133
0|68|66|134
0|68|67|135
0|69|67|136
0|69|68|137
0|70|68|138
0|70|69|139
0|71|69|140
0|71|70|141
0|72|70|142
0|72|71|143
0|73|71|144
0|73|72|145
0|74|72|146
0|74|73|147
0|75|73|148
0|75|74|149
0|76|74|150
0|76|75|151
0|77|75|152
0|77|76|153
0|78|76|154
0|78|77|155
0|79|77|156
0|79|78|157
0|80|78|158
0|80|79|159
0|81|79|160
0|81|80|161
0|82|80|162
0|82|81|163
0|83|81|164
0|83|82|165
0|84|82|166
0|84|83|167
0|85|83|168
0|85|84|169
0|86|84|170
0|86|85|171
0|87|85|172
0|87|86|173
0|88|86|174
0|88|87|175
0|89|87|176
0|89|88|177
0|90|88|178
0|90|89|179
0|91|89|180
0|91|90|181
0|92|90|182
0|92|91|183
0|93|91|184
0|93|92|185
0|94|92|186
0|94|93|187
0|95|93|188
0|95|94|189
0|96|94|190
0|96|95|191
0|97|95|192
0|97|96|193
0|98|96|194
0|99|96|195
0|100|96|196
0|101|96|197
0|102|96|198
0|102|97|199
0|103|97|200
0|104|97|201
0|105|97|202
0|105|98|203
0|106|98|204
0|107|98|205
0|108|98|206
0|109|98|207
0|110|98|208
0|111|99|210
0|112|99|211
0|112|100|212
0|113|100|213
0|114|100|214
0|115|100|215
0|115|101|216
0|116|101|217
0|116|102|218
0|117|102|219
0|117|103|220
0|118|103|221
0|118|104|222
0|119|104|223
0|119|105|224
0|120|105|225
0|120|106|226
1|120|106|227
1|120|107|228
1|121|107|229
1|121|108|230
1|122|108|231
1|122|109|232
1|123|109|233
1|124|109|234
1|125|109|235
1|125|110|236
1|126|110|237
1|126|111|238
1|127|111|239
1|128|111|240
1|128|112|241
1|128|113|242
1|129|113|243
1|129|114|244
1|130|114|245
1|130|115|246
1|131|115|247
1|131|116|248
1|131|117|249
1|131|118|250
1|132|118|251
1|132|119|252
1|133|119|253
1|134|119|254
1|135|119|255
1|135|120|256
1|136|120|257
1|136|121|258
1|137|121|259
1|137|122|260
1|137|123|261
1|137|124|262
1|138|124|263
1|138|125|264
1|139|125|265
1|139|126|266
1|140|126|267
1|140|127|268
1|141|127|269
1|142|127|270
1|143|127|271
1|143|128|272
1|144|128|273
1|144|129|274
1|145|129|275
1|145|130|276
1|146|130|277
1|147|130|278
1|148|130|279
1|148|131|280
1|149|131|281
1|149|132|282
1|150|132|283
1|151|132|284
1|152|132|285
1|152|133|286
1|153|133|287
1|153|134|288
1|154|134|289
1|155|134|290
1|156|134|291
1|156|135|292
1|157|135|293
1|157|136|294
1|158|136|295
1|158|137|296
1|159|137|297
1|159|138|298
1|160|138|299
1|160|139|300
1|161|139|301
1|161|140|302
1|162|140|303
1|162|141|304
1|163|141|305
1|163|142|306
1|164|142|307
1|164|143|308
1|165|143|309
1|165|144|310
1|166|144|311
1|166|145|312
1|167|145|313
1|167|146|314
1|168|146|315
1|168|147|316
1|169|147|317
1|169|148|318
1|170|148|319
1|170|149|320
1|171|149|321
1|171|150|322
1|172|150|323
1|172|151|324
1|173|151|325
1|173|152|326
1|174|152|327
1|174|153|328
1|175|153|329
1|175|154|330
1|176|154|331
1|176|155|332
1|177|155|333
1|177|156|334
1|178|156|335
1|178|157|336
1|179|157|337
1|179|158|338
1|180|158|339
1|180|159|340
1|181|159|341
1|181|160|342
1|182|160|343
1|182|161|344
1|183|161|345
1|183|162|346
1|184|162|347
1|184|163|348
1|185|163|349
1|185|164|350
1|186|164|351
1|186|165|352
1|187|165|353
1|187|166|354
1|188|166|355
1|188|167|356
1|189|167|357
1|189|168|358
1|190|168|359
1|190|169|360
1|191|169|361
1|191|170|362
1|192|170|363
1|192|171|364
1|193|171|365
1|193|172|366
1|194|172|367
1|194|173|368
1|195|173|369
1|195|174|370
2|195|174|371
2|195|175|372
2|196|175|373
2|197|175|374
2|198|175|375
2|198|176|376
2|199|176|377
2|199|177|378
2|200|177|379
2|201|177|380
2|202|177|381
2|202|178|382
2|203|178|383
2|203|179|384
2|204|179|385
2|204|180|386
2|205|180|387
2|205|181|388
2|206|181|389
2|206|182|390
2|207|182|391
2|208|182|392
2|209|182|393
2|209|183|394
2|210|183|395
2|210|184|396
2|211|184|397
2|212|184|398
3|212|184|399
3|213|184|400
3|214|184|401
3|214|185|402
3|215|185|403
3|215|186|404
3|216|186|405
3|217|186|406
3|218|186|407
3|218|187|408
3|219|187|409
3|220|187|410
3|221|187|411
3|221|188|412
3|222|188|413
3|222|189|414
3|223|189|415
3|223|190|416
3|224|190|417
3|224|191|418
3|225|191|419
3|225|192|420
3|226|192|421
3|226|193|422
3|227|193|423
3|227|194|424
3|228|194|425
3|228|195|426
3|229|195|427
3|230|195|428
3|231|195|429
3|231|196|430
3|232|196|431
3|232|197|432
3|233|197|433
3|234|197|434
3|235|197|435
3|235|198|436
3|236|198|437
3|236|199|438
3|237|199|439
3|237|200|440
3|238|200|441
3|238|201|442
3|239|201|443
3|239|202|444
3|240|202|445
3|240|203|446
3|241|203|447
3|241|204|448
3|242|204|449
3|242|205|450
3|243|205|451
3|243|206|452
3|244|206|453
3|244|207|454
3|245|207|455
3|245|208|456
3|246|208|457
3|246|209|458
3|247|209|459
3|247|210|460
3|248|210|461
3|248|211|462
3|249|211|463
3|249|212|464
3|250|212|465
3|250|213|466
3|251|213|467
3|251|214|468
3|252|214|469
3|252|215|470
3|253|215|471
3|253|216|472
3|254|216|473
3|254|217|474
3|255|217|475
3|255|218|476
3|256|218|477
3|256|219|478
3|257|219|479
3|258|219|480
3|259|219|481
3|260|219|482
3|261|219|483
3|261|220|484
3|262|220|485
3|262|221|486
4|262|221|487
4|262|222|488
4|263|222|489
4|264|222|490
4|265|222|491
4|265|223|492
5|265|223|493
5|265|224|494
5|266|224|495
5|266|225|496
5|267|225|497
5|267|226|498
5|268|226|499
5|268|227|500
5|269|227|501
5|269|228|502
5|270|228|503
5|270|229|504
5|271|229|505
5|271|230|506
5|272|230|507
5|272|231|508
6|272|231|509
6|272|232|510
6|273|232|511
6|273|233|512
6|274|233|513
6|275|233|514
6|276|233|515
6|277|233|516
6|277|234|517
6|277|235|518
6|278|235|519
6|278|236|520
6|278|237|521
6|278|238|522
6|279|238|523
6|279|239|524
6|279|240|525
6|280|240|526
6|280|241|527
6|280|242|528
6|281|242|529
6|281|243|530
6|281|244|531
6|281|245|532
6|282|245|533
6|282|246|534
6|282|247|535
6|282|248|536
6|283|248|537
6|283|249|538
6|284|249|539
6|284|250|540
6|285|250|541
6|285|251|542
6|285|252|543
6|285|253|544
6|285|254|545
6|285|255|546
6|286|255|547
6|286|256|548
6|287|256|549
6|287|257|550
6|288|257|551
6|288|258|552
6|289|258|553
6|289|259|554
6|290|259|555
6|290|260|556
6|291|260|557
6|291|261|558
6|292|261|559
6|292|262|560
6|293|262|561
6|293|263|562
6|294|263|563
6|294|264|564
6|295|264|565
6|295|265|566
6|296|265|567
6|296|266|568
6|297|266|569
6|297|267|570
6|298|267|571
6|298|268|572
6|299|268|573
6|299|269|574
6|300|269|575
6|300|270|576
6|301|270|577
6|301|271|578
6|302|271|579
6|302|272|580
6|303|272|581
6|303|273|582
6|304|273|583
6|304|274|584
6|305|274|585
6|305|275|586
6|306|275|587
6|306|276|588
6|307|276|589
6|307|277|590
6|308|277|591
6|308|278|592
6|309|278|593
6|309|279|594
6|310|279|595
6|310|280|596
6|311|280|597
6|311|281|598
6|312|281|599
6|312|282|600
6|313|282|601
6|313|283|602
6|314|283|603
6|314|284|604
6|315|284|605
6|315|285|606
6|316|285|607
6|316|286|608
6|317|286|609
6|317|287|610
6|318|287|611
6|318|288|612
6|319|288|613
6|319|289|614
6|320|289|615
6|320|290|616
6|321|290|617
6|321|291|618
6|322|291|619
6|322|292|620
6|323|292|621
6|323|293|622
6|324|293|623
6|324|294|624
6|325|294|625
6|325|295|626
6|326|295|627
6|326|296|628
6|327|296|629
6|327|297|630
6|328|297|631
6|329|297|632
6|330|297|633
6|330|298|634
6|331|298|635
6|331|299|636
6|332|299|637
6|333|299|638
6|334|299|639
6|334|300|640
6|335|300|641
6|335|301|642
6|336|301|643
6|336|302|644
6|337|302|645
6|337|303|646
6|338|303|647
6|338|304|648
6|339|304|649
6|339|305|650
6|340|305|651
6|340|306|652
6|341|306|653
6|341|307|654
6|342|307|655
6|342|308|656
6|343|308|657
6|343|309|658
6|343|310|659
6|343|311|660
6|344|311|661
6|345|311|662
6|346|311|663
6|346|312|664
6|346|313|665
6|346|314|666
6|347|314|667
6|348|314|668
6|348|315|669
6|348|316|670
6|349|316|671
6|349|317|672
6|350|317|673
6|351|317|674
7|351|317|675
7|352|317|676
7|352|318|677
7|352|319|678
7|353|319|679
7|353|320|680
7|354|320|681
7|355|320|682
7|356|320|683
7|356|321|684
7|357|321|685
7|357|322|686
7|358|322|687
7|358|323|688
7|359|323|689
7|359|324|690
7|359|325|691
7|360|325|692
7|361|325|693
7|361|326|694
7|362|326|695
7|362|327|696
7|363|327|697
7|363|328|698
7|364|328|699
7|364|329|700
7|365|329|701
7|365|330|702
7|366|330|703
7|366|331|704
7|367|331|705
7|367|332|706
7|368|332|707
7|368|333|708
7|369|333|709
7|369|334|710
7|370|334|711
7|370|335|712
7|371|335|713
7|371|336|714
7|372|336|715
7|372|337|716
7|373|337|717
7|373|338|718
7|374|338|719
7|374|339|720
7|375|339|721
7|375|340|722
7|376|340|723
7|376|341|724
7|377|341|725
7|377|342|726
7|378|342|727
7|378|343|728
7|379|343|729
7|379|344|730
7|380|344|731
7|380|345|732
7|381|345|733
7|381|346|734
7|382|346|735
7|382|347|736
7|383|347|737
7|383|348|738
7|384|348|739
7|385|348|740
7|386|348|741
7|386|349|742
7|387|349|743
7|387|350|744
7|388|350|745
7|388|351|746
7|388|352|747
7|388|353|748
7|389|353|749
7|389|354|750
7|390|354|751
7|390|355|752
7|391|355|753
7|391|356|754
7|391|357|755
7|391|358|756
7|392|358|757
7|392|359|758
7|393|359|759
7|393|360|760
7|394|360|761
7|394|361|762
7|395|361|763
7|395|362|764
7|396|362|765
7|396|363|766
7|397|363|767
7|397|364|768
7|398|364|769
7|398|365|770
7|399|365|771
7|399|366|772
7|400|366|773
7|400|367|774
7|401|367|775
7|401|368|776
7|402|368|777
7|402|369|778
7|403|369|779
7|403|370|780
7|404|370|781
7|404|371|782
7|405|371|783
7|405|372|784
7|406|372|785
7|406|373|786
7|407|373|787
7|407|374|788
7|408|374|789
7|408|375|790
7|409|375|791
7|409|376|792
7|410|376|793
7|410|377|794
7|411|377|795
7|411|378|796
7|412|378|797
7|412|379|798
7|413|379|799
7|413|380|800
7|414|380|801
7|414|381|802
7|415|381|803
7|415|382|804
7|416|382|805
7|416|383|806
7|417|383|807
7|417|384|808
7|418|384|809
7|418|385|810
7|419|385|811
7|419|386|812
7|420|386|813
7|420|387|814
7|421|387|815
7|421|388|816
7|422|388|817
7|422|389|818
7|423|389|819
7|423|390|820
7|424|390|821
7|424|391|822
7|425|391|823
7|425|392|824
7|426|392|825
7|426|393|826
7|427|393|827
7|427|394|828
7|428|394|829
7|428|395|830
7|429|395|831
7|429|396|832
7|430|396|833
7|430|397|834
7|431|397|835
7|431|398|836
7|432|398|837
7|432|399|838
7|433|399|839
7|433|400|840
7|434|400|841
7|434|401|842
7|435|401|843
7|435|402|844
7|436|402|845
7|436|403|846
7|437|403|847
7|437|404|848
7|438|404|849
7|438|405|850
7|439|405|851
7|439|406|852
7|440|406|853
7|440|407|854
7|441|407|855
7|441|408|856
7|442|408|857
7|442|409|858
7|443|409|859
7|443|410|860
7|444|410|861
7|444|411|862
7|445|411|863
7|445|412|864
7|446|412|865
7|446|413|866
7|447|413|867
7|447|414|868
7|448|414|869
7|448|415|870
7|449|415|871
7|449|416|872
7|450|416|873
7|450|417|874
7|451|417|875
7|451|418|876
7|452|418|877
7|452|419|878
7|453|419|879
7|453|420|880
7|454|420|881
7|454|421|882
7|455|421|883
7|456|421|884
7|457|421|885
7|458|421|886
7|459|421|887
7|459|422|888
7|460|422|889
7|461|422|890
7|462|422|891
7|462|423|892
7|463|423|893
7|463|424|894
7|464|424|895
7|464|425|896
7|465|425|897
7|465|426|898
7|466|426|899
7|466|427|900
7|467|427|901
7|467|428|902
7|468|428|903
7|469|428|904
7|470|428|905
7|470|429|906
7|471|429|907
7|471|430|908
7|472|430|909
7|472|431|910
7|473|431|911
7|473|432|912
7|474|432|913
7|474|433|914
7|475|433|915
7|475|434|916
7|476|434|917
7|477|434|918
7|477|435|919
7|478|435|920
7|479|435|921
7|479|436|922
7|480|436|923
7|480|437|924
7|481|437|925
7|482|437|926
7|483|437|927
7|483|438|928
7|484|438|929
7|484|439|930
7|485|439|931
7|485|440|932
7|486|440|933
7|487|440|934
7|488|440|935
7|488|441|936
7|489|441|937
7|489|442|938
7|490|442|939
7|490|443|940
7|490|444|941
7|490|445|942
7|491|445|943
7|492|445|944
7|493|445|945
7|493|446|946
7|494|446|947
7|494|447|948
7|495|447|949
7|495|448|950
7|496|448|951
7|496|449|952
7|497|449|953
7|497|450|954
7|498|450|955
7|499|450|956
7|500|450|957
7|500|451|958
7|501|451|959
7|501|452|960
7|502|452|961
7|502|453|962
7|503|453|963
7|503|454|964
7|504|454|965
7|504|455|966
7|505|455|967
7|506|455|968
7|507|455|969
7|507|456|970
7|508|456|971
7|508|457|972
7|509|457|973
7|510|457|974
7|511|457|975
7|511|458|976
7|512|458|977
7|512|459|978
7|513|459|979
7|514|459|980
7|515|459|981
7|515|460|982
7|516|460|983
7|516|461|984
7|517|461|985
7|517|462|986
7|518|462|987
7|518|463|988
7|519|463|989
7|519|464|990
7|520|464|991
7|520|465|992
7|521|465|993
7|521|466|994
7|522|466|995
7|522|467|996
7|523|467|997
7|523|468|998
7|524|468|999
7|524|469|1000
7|525|469|1001
7|525|470|1002
7|526|470|1003
7|526|471|1004
7|527|471|1005
7|527|472|1006
7|528|472|1007
7|528|473|1008
7|529|473|1009
7|529|474|1010
7|530|474|1011
7|530|475|1012
7|531|475|1013
7|531|476|1014
7|532|476|1015
7|532|477|1016
7|533|477|1017
7|533|478|1018
7|534|478|1019
7|534|479|1020
7|535|479|1021
7|535|480|1022
7|536|480|1023
7|536|481|1024
7|537|481|1025
7|537|482|1026
7|538|482|1027
7|538|483|1028
7|539|483|1029
7|539|484|1030
7|540|484|1031
7|540|485|1032
7|541|485|1033
7|541|486|1034
7|542|486|1035
7|542|487|1036
7|543|487|1037
7|543|488|1038
7|544|488|1039
7|544|489|1040
7|545|489|1041
7|545|490|1042
7|546|490|1043
7|546|491|1044
7|547|491|1045
7|547|492|1046
7|548|492|1047
7|548|493|1048
7|549|493|1049
7|549|494|1050
7|550|494|1051
7|550|495|1052
7|551|495|1053
7|551|496|1054
7|552|496|1055
7|553|496|1056
7|554|496|1057
7|555|496|1058
7|556|496|1059
7|556|497|1060
7|557|497|1061
7|557|498|1062
7|558|498|1063
7|559|498|1064
7|560|498|1065
7|560|499|1066
7|561|499|1067
7|562|499|1068
7|563|499|1069
7|563|500|1070
7|564|500|1071
7|564|501|1072
7|565|501|1073
7|565|502|1074
7|566|502|1075
7|566|503|1076
7|567|503|1077
7|567|504|1078
7|568|504|1079
7|568|505|1080
7|569|505|1081
7|569|506|1082
7|570|506|1083
7|570|507|1084
7|571|507|1085
7|571|508|1086
8|571|508|1087
8|571|509|1088
8|572|509|1089
8|573|509|1090
8|574|509|1091
8|574|510|1092
8|574|511|1093
8|575|511|1094
8|576|511|1095
8|576|512|1096
8|576|513|1097
8|576|514|1098
8|577|514|1099
8|578|514|1100
8|579|514|1101
8|579|515|1102
8|579|516|1103
8|579|517|1104
8|580|517|1105
8|580|518|1106
8|580|519|1107
8|580|520|1108
8|580|521|1109
8|580|522|1110
8|580|523|1111
8|580|524|1112
8|580|525|1113
8|581|525|1114
8|581|526|1115
8|581|527|1116
8|582|527|1117
8|583|527|1118
8|584|527|1119
8|585|527|1120
8|586|527|1121
8|586|528|1122
8|586|529|1123
8|586|530|1124
8|586|531|1125
8|586|532|1126
8|587|532|1127
8|587|533|1128
8|588|533|1129
8|588|534|1130
8|589|534|1131
8|589|535|1132
8|590|535|1133
8|590|536|1134
8|591|536|1135
8|591|537|1136
8|592|537|1137
8|592|538|1138
8|593|538|1139
8|593|539|1140
8|594|539|1141
8|594|540|1142
8|595|540|1143
8|595|541|1144
8|596|541|1145
8|596|542|1146
8|597|542|1147
8|597|543|1148
8|598|543|1149
8|598|544|1150
8|599|544|1151
8|599|545|1152
8|600|545|1153
8|600|546|1154
8|601|546|1155
8|601|547|1156
8|602|547|1157
8|602|548|1158
8|603|548|1159
8|603|549|1160
8|604|549|1161
8|604|550|1162
8|605|550|1163
8|606|550|1164
8|607|550|1165
8|608|550|1166
8|609|550|1167
8|609|551|1168
8|610|551|1169
8|610|552|1170
8|611|552|1171
8|611|553|1172
8|612|553|1173
8|613|553|1174
8|614|553|1175
8|614|554|1176
8|615|554|1177
8|616|554|1178
8|617|554|1179
8|617|555|1180
8|618|555|1181
8|618|556|1182
8|619|556|1183
8|619|557|1184
8|620|557|1185
8|621|557|1186
8|622|557|1187
8|622|558|1188
8|623|558|1189
8|624|558|1190
8|625|558|1191
8|626|558|1192
8|627|558|1193
8|627|559|1194
8|628|559|1195
8|628|560|1196
8|629|560|1197
8|630|560|1198
8|631|560|1199
8|631|561|1200
8|632|561|1201
8|633|561|1202
8|634|561|1203
8|634|562|1204
8|635|562|1205
8|635|563|1206
8|636|563|1207
8|636|564|1208
8|637|564|1209
8|637|565|1210
8|638|565|1211
8|638|566|1212
8|639|566|1213
8|639|567|1214
8|640|567|1215
8|640|568|1216
8|641|568|1217
8|641|569|1218
8|641|570|1219
8|641|571|1220
8|642|571|1221
8|643|571|1222
8|643|572|1223
8|643|573|1224
8|644|573|1225
8|645|573|1226
8|646|573|1227
8|646|574|1228
8|647|574|1229
8|647|575|1230
8|648|575|1231
8|648|576|1232
8|648|577|1233
8|648|578|1234
8|649|578|1235
8|649|579|1236
8|650|579|1237
8|650|580|1238
8|651|580|1239
8|651|581|1240
8|652|581|1241
8|652|582|1242
8|653|582|1243
8|653|583|1244
8|654|583|1245
8|654|584|1246
8|655|584|1247
8|655|585|1248
8|656|585|1249
8|656|586|1250
8|657|586|1251
8|657|587|1252
8|658|587|1253
8|658|588|1254
8|659|588|1255
8|659|589|1256
8|660|589|1257
8|660|590|1258
8|661|590|1259
8|661|591|1260
8|662|591|1261
8|662|592|1262
8|663|592|1263
8|663|593|1264
8|664|593|1265
8|664|594|1266
8|665|594|1267
8|665|595|1268
8|666|595|1269
8|666|596|1270
8|667|596|1271
8|667|597|1272
8|668|597|1273
8|668|598|1274
8|669|598|1275
8|669|599|1276
8|670|599|1277
8|670|600|1278
8|671|600|1279
8|671|601|1280
8|672|601|1281
8|672|602|1282
8|673|602|1283
8|673|603|1284
8|674|603|1285
8|674|604|1286
8|675|604|1287
8|675|605|1288
8|676|605|1289
8|676|606|1290
8|677|606|1291
8|677|607|1292
8|678|607|1293
8|678|608|1294
8|679|608|1295
8|679|609|1296
8|680|609|1297
8|680|610|1298
8|681|610|1299
8|681|611|1300
8|682|611|1301
8|682|612|1302
8|683|612|1303
8|683|613|1304
8|684|613|1305
8|684|614|1306
8|685|614|1307
8|686|614|1308
8|687|614|1309
8|687|615|1310
8|688|615|1311
8|688|616|1312
8|689|616|1313
8|689|617|1314
8|690|617|1315
8|691|617|1316
8|692|617|1317
8|692|618|1318
8|693|618|1319
8|693|619|1320
8|694|619|1321
8|694|620|1322
8|695|620|1323
8|695|621|1324
8|696|621|1325
8|696|622|1326
8|697|622|1327
8|697|623|1328
8|698|623|1329
8|699|623|1330
8|700|623|1331
8|700|624|1332
8|701|624|1333
8|701|625|1334
8|702|625|1335
8|702|626|1336
8|703|626|1337
8|703|627|1338
8|704|627|1339
8|704|628|1340
8|705|628|1341
8|705|629|1342
8|706|629|1343
8|706|630|1344
8|707|630|1345
8|708|630|1346
8|708|631|1347
8|708|632|1348
8|709|632|1349
8|709|633|1350
8|710|633|1351
8|711|633|1352
8|712|633|1353
8|712|634|1354
8|712|635|1355
8|712|636|1356
8|712|637|1357
8|712|638|1358
8|712|639|1359
8|712|640|1360
8|713|640|1361
8|713|641|1362
8|713|642|1363
8|713|643|1364
8|713|644|1365
8|713|645|1366
8|714|645|1367
8|714|646|1368
8|715|646|1369
8|715|647|1370
9|715|647|1371
9|716|647|1372
9|716|648|1373
9|716|649|1374
9|716|650|1375
9|717|650|1376
9|717|651|1377
9|717|652|1378
9|718|652|1379
9|718|653|1380
9|719|653|1381
9|719|654|1382
9|720|654|1383
9|720|655|1384
9|721|655|1385
9|721|656|1386
9|722|656|1387
9|722|657|1388
9|723|657|1389
9|723|658|1390
9|724|658|1391
9|724|659|1392
9|725|659|1393
9|725|660|1394
9|726|660|1395
9|726|661|1396
9|727|661|1397
9|727|662|1398
9|728|662|1399
9|728|663|1400
9|729|663|1401
9|729|664|1402
9|730|664|1403
9|730|665|1404
9|731|665|1405
9|731|666|1406
9|732|666|1407
9|732|667|1408
9|733|667|1409
9|733|668|1410
9|734|668|1411
9|734|669|1412
9|735|669|1413
9|735|670|1414
9|736|670|1415
9|737|670|1416
9|738|670|1417
9|739|670|1418
9|740|670|1419
9|740|671|1420
9|741|671|1421
9|741|672|1422
9|742|672|1423
9|742|673|1424
9|743|673|1425
9|743|674|1426
9|744|674|1427
9|744|675|1428
9|745|675|1429
9|745|676|1430
9|745|677|1431
9|745|678|1432
9|746|678|1433
9|746|679|1434
9|747|679|1435
9|747|680|1436
9|748|680|1437
9|748|681|1438
9|749|681|1439
9|749|682|1440
9|750|682|1441
9|750|683|1442
9|751|683|1443
9|751|684|1444
9|752|684|1445
9|752|685|1446
9|753|685|1447
9|753|686|1448
9|754|686|1449
9|754|687|1450
9|755|687|1451
9|755|688|1452
9|756|688|1453
9|756|689|1454
9|757|689|1455
9|757|690|1456
9|758|690|1457
9|758|691|1458
9|759|691|1459
9|759|692|1460
9|760|692|1461
9|760|693|1462
9|761|693|1463
9|761|694|1464
9|762|694|1465
9|762|695|1466
9|763|695|1467
9|763|696|1468
9|764|696|1469
9|764|697|1470
9|765|697|1471
9|765|698|1472
9|766|698|1473
9|766|699|1474
9|767|699|1475
9|767|700|1476
9|768|700|1477
9|768|701|1478
9|769|701|1479
9|769|702|1480
9|770|702|1481
9|770|703|1482
9|771|703|1483
9|771|704|1484
9|772|704|1485
9|772|705|1486
9|773|705|1487
9|773|706|1488
9|774|706|1489
9|774|707|1490
9|775|707|1491
9|775|708|1492
9|776|708|1493
9|776|709|1494
9|777|709|1495
9|777|710|1496
9|778|710|1497
9|778|711|1498
9|779|711|1499
9|779|712|1500
9|780|712|1501
9|780|713|1502
9|781|713|1503
9|781|714|1504
9|782|714|1505
9|782|715|1506
9|783|715|1507
9|783|716|1508
9|784|716|1509
9|784|717|1510
9|785|717|1511
9|785|718|1512
9|786|718|1513
9|786|719|1514
9|787|719|1515
9|787|720|1516
9|788|720|1517
9|788|721|1518
9|789|721|1519
9|789|722|1520
9|790|722|1521
9|790|723|1522
9|791|723|1523
9|791|724|1524
9|792|724|1525
9|792|725|1526
9|793|725|1527
9|793|726|1528
9|794|726|1529
9|794|727|1530
9|795|727|1531
9|795|728|1532
9|796|728|1533
9|796|729|1534
9|797|729|1535
9|797|730|1536
9|798|730|1537
9|798|731|1538
9|799|731|1539
9|799|732|1540
9|800|732|1541
9|800|733|1542
9|801|733|1543
9|801|734|1544
9|802|734|1545
9|802|735|1546
9|803|735|1547
9|803|736|1548
9|804|736|1549
9|804|737|1550
9|805|737|1551
9|805|738|1552
9|806|738|1553
9|806|739|1554
9|807|739|1555
9|807|740|1556
9|808|740|1557
9|808|741|1558
9|809|741|1559
9|809|742|1560
9|810|742|1561
9|811|742|1562
9|812|742|1563
9|813|742|1564
9|814|742|1565
9|814|743|1566
9|815|743|1567
9|815|744|1568
9|816|744|1569
9|816|745|1570
9|817|745|1571
9|817|746|1572
9|818|746|1573
9|819|746|1574
9|820|746|1575
9|821|746|1576
9|822|746|1577
9|822|747|1578
9|823|747|1579
9|823|748|1580
9|824|748|1581
9|824|749|1582
9|825|749|1583
9|825|750|1584
9|826|750|1585
9|826|751|1586
9|827|751|1587
9|827|752|1588
9|828|752|1589
9|828|753|1590
9|829|753|1591
9|829|754|1592
9|830|754|1593
9|830|755|1594
9|831|755|1595
9|831|756|1596
9|832|756|1597
9|832|757|1598
9|833|757|1599
9|833|758|1600
9|834|758|1601
9|834|759|1602
9|835|759|1603
9|835|760|1604
9|836|760|1605
9|836|761|1606
9|837|761|1607
9|837|762|1608
9|838|762|1609
9|838|763|1610
9|839|763|1611
9|839|764|1612
9|840|764|1613
9|840|765|1614
9|841|765|1615
9|841|766|1616
9|841|767|1617
9|841|768|1618
9|842|768|1619
9|842|769|1620
9|843|769|1621
9|843|770|1622
9|844|770|1623
9|844|771|1624
9|845|771|1625
9|845|772|1626
9|846|772|1627
9|847|772|1628
9|847|773|1629
9|847|774|1630
9|848|774|1631
9|848|775|1632
9|849|775|1633
9|849|776|1634
9|850|776|1635
9|850|777|1636
9|851|777|1637
9|851|778|1638
9|852|778|1639
9|852|779|1640
9|853|779|1641
9|853|780|1642
9|854|780|1643
9|854|781|1644
9|855|781|1645
9|855|782|1646
9|856|782|1647
9|856|783|1648
9|857|783|1649
9|857|784|1650
9|858|784|1651
9|858|785|1652
9|859|785|1653
9|859|786|1654
9|860|786|1655
9|860|787|1656
9|861|787|1657
9|861|788|1658
9|862|788|1659
9|862|789|1660
9|863|789|1661
9|863|790|1662
9|864|790|1663
9|864|791|1664
9|865|791|1665
9|865|792|1666
9|866|792|1667
9|866|793|1668
9|867|793|1669
9|867|794|1670
9|868|794|1671
9|868|795|1672
9|869|795|1673
9|869|796|1674
9|870|796|1675
9|870|797|1676
9|871|797|1677
9|871|798|1678
9|872|798|1679
9|872|799|1680
9|873|799|1681
9|873|800|1682
9|874|800|1683
9|874|801|1684
9|875|801|1685
9|875|802|1686
9|876|802|1687
9|876|803|1688
9|877|803|1689
9|877|804|1690
9|878|804|1691
9|878|805|1692
9|879|805|1693
9|879|806|1694
9|880|806|1695
9|880|807|1696
9|881|807|1697
9|881|808|1698
9|882|808|1699
9|882|809|1700
9|883|809|1701
9|883|810|1702
9|884|810|1703
9|884|811|1704
9|885|811|1705
9|885|812|1706
9|886|812|1707
9|886|813|1708
9|887|813|1709
9|887|814|1710
9|888|814|1711
9|888|815|1712
9|889|815|1713
9|889|816|1714
9|890|816|1715
9|890|817|1716
9|891|817|1717
9|891|818|1718
9|892|818|1719
9|892|819|1720
9|893|819|1721
9|893|820|1722
9|894|820|1723
9|894|821|1724
9|895|821|1725
9|895|822|1726
9|896|822|1727
9|896|823|1728
9|897|823|1729
9|897|824|1730
9|898|824|1731
9|898|825|1732
9|899|825|1733
9|899|826|1734
9|900|826|1735
9|900|827|1736
9|901|827|1737
9|901|828|1738
9|902|828|1739
9|902|829|1740
9|903|829|1741
9|903|830|1742
9|904|830|1743
9|904|831|1744
9|905|831|1745
9|905|832|1746
9|906|832|1747
9|906|833|1748
9|907|833|1749
9|907|834|1750
9|908|834|1751
9|908|835|1752
9|909|835|1753
9|909|836|1754
9|910|836|1755
9|910|837|1756
9|911|837|1757
9|911|838|1758
9|912|838|1759
9|912|839|1760
9|913|839|1761
9|913|840|1762
9|914|840|1763
9|914|841|1764
9|915|841|1765
9|915|842|1766
9|916|842|1767
9|916|843|1768
10|916|843|1769
10|916|844|1770
10|917|844|1771
10|917|845|1772
10|918|845|1773
10|918|846|1774
10|919|846|1775
10|919|847|1776
10|920|847|1777
10|920|848|1778
10|921|848|1779
10|921|849|1780
10|922|849|1781
10|922|850|1782
10|923|850|1783
10|923|851|1784
10|924|851|1785
10|924|852|1786
10|924|853|1787
10|924|854|1788
10|924|855|1789
10|924|856|1790
10|924|857|1791
10|924|858|1792
10|924|859|1793
10|924|860|1794
10|924|861|1795
10|924|862|1796
10|925|862|1797
10|925|863|1798
10|926|863|1799
10|926|864|1800
10|927|864|1801
10|927|865|1802
10|928|865|1803
10|929|865|1804
10|929|866|1805
10|929|867|1806
10|930|867|1807
10|930|868|1808
10|930|869|1809
10|930|870|1810
10|931|870|1811
10|931|871|1812
10|932|871|1813
10|932|872|1814
10|933|872|1815
10|933|873|1816
10|934|873|1817
10|934|874|1818
10|935|874|1819
10|935|875|1820
10|936|875|1821
10|936|876|1822
10|937|876|1823
10|937|877|1824
10|938|877|1825
10|938|878|1826
10|939|878|1827
10|939|879|1828
10|940|879|1829
10|940|880|1830
10|941|880|1831
10|941|881|1832
10|942|881|1833
10|942|882|1834
10|943|882|1835
10|943|883|1836
10|944|883|1837
10|944|884|1838
10|945|884|1839
10|945|885|1840
10|946|885|1841
10|946|886|1842
10|947|886|1843
10|947|887|1844
10|948|887|1845
10|948|888|1846
10|949|888|1847
10|949|889|1848
10|950|889|1849
10|950|890|1850
10|951|890|1851
10|951|891|1852
10|952|891|1853
10|952|892|1854
10|953|892|1855
10|953|893|1856
10|954|893|1857
10|954|894|1858
10|955|894|1859
10|955|895|1860
10|956|895|1861
10|956|896|1862
10|957|896|1863
10|957|897|1864
10|958|897|1865
10|958|898|1866
10|959|898|1867
10|959|899|1868
10|960|899|1869
10|960|900|1870
10|961|900|1871
10|961|901|1872
10|962|901|1873
10|962|902|1874
10|963|902|1875
10|963|903|1876
11|963|903|1877
11|963|904|1878
11|964|904|1879
11|964|905|1880
11|965|905|1881
11|965|906|1882
11|965|907|1883
11|965|908|1884
11|966|908|1885
11|966|909|1886
11|967|909|1887
11|967|910|1888
11|967|911|1889
11|967|912|1890
11|967|913|1891
11|967|914|1892
11|968|914|1893
11|968|915|1894
11|968|916|1895
11|968|917|1896
11|968|918|1897
11|968|919|1898
11|968|920|1899
11|968|921|1900
11|968|922|1901
11|968|923|1902
11|968|924|1903
11|968|925|1904
11|969|925|1905
11|969|926|1906
11|969|927|1907
11|969|928|1908
11|970|928|1909
11|970|929|1910
11|971|929|1911
11|971|930|1912
11|971|931|1913
11|971|932|1914
11|971|933|1915
11|971|934|1916
11|971|935|1917
11|971|936|1918
11|972|936|1919
11|972|937|1920
11|973|937|1921
11|973|938|1922
11|974|938|1923
11|974|939|1924
11|975|939|1925
11|975|940|1926
11|976|940|1927
11|976|941|1928
11|977|941|1929
11|977|942|1930
11|978|942|1931
11|978|943|1932
11|979|943|1933
11|979|944|1934
11|980|944|1935
11|980|945|1936
11|981|945|1937
11|981|946|1938
11|982|946|1939
11|982|947|1940
11|983|947|1941
11|983|948|1942
11|984|948|1943
11|984|949|1944
11|985|949|1945
11|985|950|1946
11|986|950|1947
11|986|951|1948
11|987|951|1949
11|987|952|1950
11|988|952|1951
11|988|953|1952
11|989|953|1953
11|989|954|1954
11|990|954|1955
11|990|955|1956
11|991|955|1957
11|991|956|1958
11|992|956|1959
11|992|957|1960
11|993|957|1961
11|993|958|1962
11|994|958|1963
11|994|959|1964
11|995|959|1965
11|995|960|1966
11|996|960|1967
11|996|961|1968
11|997|961|1969
11|997|962|1970
11|998|962|1971
11|998|963|1972
11|999|963|1973
11|999|964|1974
11|1000|964|1975
11|1000|965|1976
11|1001|965|1977
11|1001|966|1978
11|1002|966|1979
11|1002|967|1980
11|1003|967|1981
11|1003|968|1982
11|1004|968|1983
11|1004|969|1984
11|1005|969|1985
11|1005|970|1986
11|1006|970|1987
11|1006|971|1988
11|1007|971|1989
11|1007|972|1990
11|1008|972|1991
11|1008|973|1992
11|1009|973|1993
11|1009|974|1994
11|1010|974|1995
11|1010|975|1996
11|1011|975|1997
11|1011|976|1998
11|1012|976|1999
11|1012|977|2000
