total
1|0|0|1
1|0|1|2
1|1|1|3
1|1|2|4
1|1|3|5
1|1|4|6
1|1|5|7
1|1|6|8
1|1|7|9
2|1|7|10
2|1|8|11
2|2|8|12
2|2|9|13
2|3|9|14
2|3|10|15
2|4|10|16
2|4|11|17
2|5|11|18
2|5|12|19
2|6|12|20
2|6|13|21
2|7|13|22
2|7|14|23
2|8|14|24
2|8|15|25
2|9|15|26
2|9|16|27
2|10|16|28
2|10|17|29
2|11|17|30
2|11|18|31
2|12|18|32
2|12|19|33
2|13|19|34
2|13|20|35
2|14|20|36
3|14|20|37
3|15|20|38
3|15|21|39
3|16|21|40
3|16|22|41
3|17|22|42
3|17|23|43
3|18|23|44
4|18|23|45
4|19|23|46
4|19|24|47
4|20|24|48
4|20|25|49
4|21|25|50
4|21|26|51
4|22|26|52
4|22|27|53
4|23|27|54
5|23|27|55
5|23|28|56
5|23|29|57
5|24|29|58
6|24|29|59
6|25|29|60
6|25|30|61
6|26|30|62
7|26|30|63
7|26|31|64
7|26|32|65
7|27|32|66
7|27|33|67
7|28|33|68
7|28|34|69
7|29|34|70
7|29|35|71
7|30|35|72
7|30|36|73
7|31|36|74
7|31|37|75
7|31|38|76
7|31|39|77
7|31|40|78
7|31|41|79
7|31|42|80
7|31|43|81
7|32|43|82
7|32|44|83
7|32|45|84
7|32|46|85
7|33|46|86
7|33|47|87
7|34|47|88
7|34|48|89
7|34|49|90
7|34|50|91
7|34|51|92
7|34|52|93
7|34|53|94
7|34|54|95
7|34|55|96
7|34|56|97
7|35|56|98
7|35|57|99
7|35|58|100
7|35|59|101
7|35|60|102
7|35|61|103
7|36|61|104
7|36|62|105
7|36|63|106
7|36|64|107
7|36|65|108
7|36|66|109
7|36|67|110
7|36|68|111
7|36|69|112
7|36|70|113
7|36|71|114
7|36|72|115
7|36|73|116
7|36|74|117
7|36|75|118
7|36|76|119
7|36|77|120
7|36|78|121
7|36|79|122
7|36|80|123
7|36|81|124
8|36|81|125
8|37|81|126
8|37|82|127
8|37|83|128
8|37|84|129
8|37|85|130
8|37|86|131
8|37|87|132
9|37|87|133
9|37|88|134
10|37|88|135
10|37|89|136
10|37|90|137
10|37|91|138
11|37|91|139
11|37|92|140
12|37|92|141
12|37|93|142
12|37|94|143
12|37|95|144
13|37|95|145
13|38|95|146
13|38|96|147
13|38|97|148
13|38|98|149
13|39|98|150
13|39|99|151
13|39|100|152
14|39|100|153
14|39|101|154
14|39|102|155
14|40|102|156
14|40|103|157
14|41|103|158
14|41|104|159
14|41|105|160
14|41|106|161
14|41|107|162
14|41|108|163
14|41|109|164
14|41|110|165
14|42|110|166
14|42|111|167
14|43|111|168
14|43|112|169
14|44|112|170
14|44|113|171
14|45|113|172
14|45|114|173
14|46|114|174
14|46|115|175
14|47|115|176
14|47|116|177
14|48|116|178
14|48|117|179
14|49|117|180
14|49|118|181
14|50|118|182
14|50|119|183
14|51|119|184
14|51|120|185
14|52|120|186
14|52|121|187
14|53|121|188
14|53|122|189
14|54|122|190
14|54|123|191
14|54|124|192
14|54|125|193
14|54|126|194
14|54|127|195
14|54|128|196
14|54|129|197
14|54|130|198
15|54|130|199
15|54|131|200
15|54|132|201
15|55|132|202
15|55|133|203
15|55|134|204
15|55|135|205
15|56|135|206
16|56|135|207
16|57|135|208
16|57|136|209
16|58|136|210
16|58|137|211
16|58|138|212
16|58|139|213
16|58|140|214
16|58|141|215
16|58|142|216
16|58|143|217
16|58|144|218
16|58|145|219
16|58|146|220
16|58|147|221
16|59|147|222
16|59|148|223
16|59|149|224
16|59|150|225
16|60|150|226
17|60|150|227
17|60|151|228
18|60|151|229
18|60|152|230
19|60|152|231
19|60|153|232
19|60|154|233
19|60|155|234
19|60|156|235
19|60|157|236
19|60|158|237
19|61|158|238
19|61|159|239
20|61|159|240
21|61|159|241
21|61|160|242
22|61|160|243
22|62|160|244
22|62|161|245
22|62|162|246
23|62|162|247
23|62|163|248
24|62|163|249
24|62|164|250
25|62|164|251
25|62|165|252
26|62|165|253
26|62|166|254
26|62|167|255
26|63|167|256
27|63|167|257
27|63|168|258
28|63|168|259
28|63|169|260
29|63|169|261
29|63|170|262
31|63|170|264
32|63|170|265
33|63|170|266
34|63|170|267
34|63|171|268
35|63|171|269
35|63|172|270
36|63|172|271
36|63|173|272
36|64|173|273
36|64|174|274
36|65|174|275
36|65|175|276
37|65|175|277
38|65|175|278
38|66|175|279
38|66|176|280
38|66|177|281
38|66|178|282
39|66|178|283
39|66|179|284
40|66|179|285
41|66|179|286
41|67|179|287
41|67|180|288
42|67|180|289
43|67|180|290
43|68|180|291
43|68|181|292
43|69|181|293
43|69|182|294
43|70|182|295
43|70|183|296
44|70|183|297
45|70|183|298
45|70|184|299
46|70|184|300
47|70|184|301
48|70|184|302
48|71|184|303
48|71|185|304
49|71|185|305
49|71|186|306
50|71|186|307
50|71|187|308
50|71|188|309
50|71|189|310
50|72|189|311
50|72|190|312
50|72|191|313
51|72|191|314
51|73|191|315
51|73|192|316
51|73|193|317
51|73|194|318
52|73|194|319
53|73|194|320
53|73|195|321
54|73|195|322
54|74|195|323
54|74|196|324
54|74|197|325
55|74|197|326
55|75|197|327
55|75|198|328
55|75|199|329
55|75|200|330
55|76|200|331
55|76|201|332
55|76|202|333
56|76|202|334
56|77|202|335
56|77|203|336
57|77|203|337
57|77|204|338
57|78|204|339
57|78|205|340
58|78|205|341
58|78|206|342
59|78|206|343
59|78|207|344
59|79|207|345
59|79|208|346
59|80|208|347
59|80|209|348
59|81|209|349
59|81|210|350
59|82|210|351
59|82|211|352
59|83|211|353
59|83|212|354
60|83|212|355
60|83|213|356
60|84|213|357
60|84|214|358
60|85|214|359
60|85|215|360
60|85|216|361
60|85|217|362
60|86|217|363
60|86|218|364
60|87|218|365
60|87|219|366
60|87|220|367
60|87|221|368
60|88|221|369
60|88|222|370
60|89|222|371
60|89|223|372
60|90|223|373
60|90|224|374
60|91|224|375
60|91|225|376
61|91|225|377
61|91|226|378
61|92|226|379
61|92|227|380
61|93|227|381
61|93|228|382
61|94|228|383
61|94|229|384
61|95|229|385
61|95|230|386
61|96|230|387
61|96|231|388
61|97|231|389
61|97|232|390
62|97|232|391
62|97|233|392
63|97|233|393
63|97|234|394
63|98|234|395
63|98|235|396
63|99|235|397
63|99|236|398
63|100|236|399
63|100|237|400
64|100|237|401
64|100|238|402
64|101|238|403
64|101|239|404
64|102|239|405
64|102|240|406
65|102|240|407
65|102|241|408
66|102|241|409
66|102|242|410
67|102|242|411
67|102|243|412
68|102|243|413
68|102|244|414
68|103|244|415
68|103|245|416
68|104|245|417
68|104|246|418
68|105|246|419
68|105|247|420
69|105|247|421
69|105|248|422
69|106|248|423
69|106|249|424
69|106|250|425
69|106|251|426
70|106|251|427
70|106|252|428
71|106|252|429
71|106|253|430
71|107|253|431
71|107|254|432
72|107|254|433
72|107|255|434
72|108|255|435
72|108|256|436
72|109|256|437
72|109|257|438
72|110|257|439
72|110|258|440
73|110|258|441
73|110|259|442
73|110|260|443
73|110|261|444
73|111|261|445
74|111|261|446
74|111|262|447
74|111|263|448
74|112|263|449
74|112|264|450
74|113|264|451
74|113|265|452
74|114|265|453
74|114|266|454
74|115|266|455
74|115|267|456
74|115|268|457
75|115|268|458
75|116|268|459
75|116|269|460
75|117|269|461
76|117|269|462
76|118|269|463
76|118|270|464
76|118|271|465
77|118|271|466
77|119|271|467
77|119|272|468
77|119|273|469
78|119|273|470
78|120|273|471
78|120|274|472
78|120|275|473
78|120|276|474
78|120|277|475
78|120|278|476
78|121|278|477
78|121|279|478
78|122|279|479
78|122|280|480
79|122|280|481
79|122|281|482
79|123|281|483
79|123|282|484
80|123|282|485
80|123|283|486
80|124|283|487
80|124|284|488
80|125|284|489
80|125|285|490
80|126|285|491
80|126|286|492
80|127|286|493
80|127|287|494
80|128|287|495
80|128|288|496
80|129|288|497
80|129|289|498
80|130|289|499
80|130|290|500
81|130|290|501
81|130|291|502
81|131|291|503
81|131|292|504
81|132|292|505
81|132|293|506
81|133|293|507
81|133|294|508
81|134|294|509
81|134|295|510
82|134|295|511
82|134|296|512
83|134|296|513
83|134|297|514
83|134|298|515
84|134|298|516
84|134|299|517
85|134|299|518
85|134|300|519
86|134|300|520
86|134|301|521
87|134|301|522
87|134|302|523
88|134|302|524
88|134|303|525
89|134|303|526
89|134|304|527
90|134|304|528
90|134|305|529
91|134|305|530
91|134|306|531
92|134|306|532
92|134|307|533
93|134|307|534
93|134|308|535
94|134|308|536
94|134|309|537
95|134|309|538
95|134|310|539
96|134|310|540
96|134|311|541
97|134|311|542
97|134|312|543
98|134|312|544
98|134|313|545
99|134|313|546
99|134|314|547
100|134|314|548
100|134|315|549
101|134|315|550
101|135|315|551
101|135|316|552
101|136|316|553
101|136|317|554
101|137|317|555
101|137|318|556
101|138|318|557
101|138|319|558
101|139|319|559
101|139|320|560
101|140|320|561
101|140|321|562
101|141|321|563
101|141|322|564
101|142|322|565
101|142|323|566
101|143|323|567
101|143|324|568
101|144|324|569
101|144|325|570
101|145|325|571
101|145|326|572
101|146|326|573
101|146|327|574
101|147|327|575
101|147|328|576
101|148|328|577
101|148|329|578
101|149|329|579
101|149|330|580
101|150|330|581
101|150|331|582
101|151|331|583
101|151|332|584
101|152|332|585
101|152|333|586
101|152|334|587
102|152|334|588
102|152|335|589
103|152|335|590
103|152|336|591
104|152|336|592
104|152|337|593
104|152|338|594
104|153|338|595
104|153|339|596
104|153|340|597
104|153|341|598
104|153|342|599
105|153|342|600
105|154|342|601
106|154|342|602
106|154|343|603
107|154|343|604
107|155|343|605
107|155|344|606
107|156|344|607
107|156|345|608
107|156|346|609
108|156|346|610
108|157|346|611
108|157|347|612
108|157|348|613
109|157|348|614
109|157|349|615
109|157|350|616
109|158|350|617
109|158|351|618
109|158|352|619
109|158|353|620
109|159|353|621
109|159|354|622
110|159|354|623
110|159|355|624
111|159|355|625
112|159|355|626
113|159|355|627
114|159|355|628
115|159|355|629
115|159|356|630
115|160|356|631
115|160|357|632
116|160|357|633
116|160|358|634
116|160|359|635
116|160|360|636
117|160|360|637
117|160|361|638
118|160|361|639
119|160|361|640
119|161|361|641
119|161|362|642
119|161|363|643
119|161|364|644
120|161|364|645
121|161|364|646
121|162|364|647
121|162|365|648
122|162|365|649
122|162|366|650
122|162|367|651
123|162|367|652
123|162|368|653
123|162|369|654
123|162|370|655
123|162|371|656
124|162|371|657
125|162|371|658
125|162|372|659
126|162|372|660
126|162|373|661
127|162|373|662
127|162|374|663
128|162|374|664
128|162|375|665
128|162|376|666
128|163|376|667
128|163|377|668
128|163|378|669
128|163|379|670
128|163|380|671
129|163|380|672
129|164|380|673
129|164|381|674
129|164|382|675
130|164|382|676
130|165|382|677
130|165|383|678
130|165|384|679
131|165|384|680
131|165|385|681
132|165|385|682
132|166|385|683
133|166|385|684
133|166|386|685
134|166|386|686
134|166|387|687
134|166|388|688
134|166|389|689
134|166|390|690
134|166|391|691
134|166|392|692
134|166|393|693
135|166|393|694
135|167|393|695
135|167|394|696
135|168|394|697
135|168|395|698
135|169|395|699
135|169|396|700
135|170|396|701
135|170|397|702
135|171|397|703
135|171|398|704
135|172|398|705
135|172|399|706
135|173|399|707
135|173|400|708
135|174|400|709
135|174|401|710
135|175|401|711
135|175|402|712
135|176|402|713
135|176|403|714
135|177|403|715
135|177|404|716
135|178|404|717
135|178|405|718
135|179|405|719
135|179|406|720
135|180|406|721
135|180|407|722
135|181|407|723
135|181|408|724
135|182|408|725
135|182|409|726
135|183|409|727
136|183|409|728
136|184|409|729
136|184|410|730
136|184|411|731
137|184|411|732
137|185|411|733
138|185|411|734
138|185|412|735
139|185|412|736
139|186|412|737
139|186|413|738
139|187|413|739
139|187|414|740
139|188|414|741
139|188|415|742
139|188|416|743
140|188|416|744
140|189|416|745
140|189|417|746
140|189|418|747
141|189|418|748
141|190|418|749
141|190|419|750
141|190|420|751
142|190|420|752
142|191|420|753
142|191|421|754
142|191|422|755
143|191|422|756
143|192|422|757
143|192|423|758
143|193|423|759
144|193|423|760
144|194|423|761
144|194|424|762
144|194|425|763
145|194|425|764
145|195|425|765
146|195|425|766
146|195|426|767
146|195|427|768
146|195|428|769
146|195|429|770
146|195|430|771
146|195|431|772
146|195|432|773
146|195|433|774
146|195|434|775
146|195|435|776
146|196|435|777
146|196|436|778
146|196|437|779
146|196|438|780
146|197|438|781
146|197|439|782
146|197|440|783
146|197|441|784
146|197|442|785
146|197|443|786
146|198|443|787
146|198|444|788
146|198|445|789
146|198|446|790
146|199|446|791
146|199|447|792
146|200|447|793
146|200|448|794
146|200|449|795
146|200|450|796
146|200|451|797
146|200|452|798
146|200|453|799
146|200|454|800
146|201|454|801
146|201|455|802
146|202|455|803
146|202|456|804
146|202|457|805
147|202|457|806
147|202|458|807
147|202|459|808
147|202|460|809
147|202|461|810
147|203|461|811
147|203|462|812
147|204|462|813
147|204|463|814
147|205|463|815
147|205|464|816
147|206|464|817
147|206|465|818
147|206|466|819
147|206|467|820
147|206|468|821
148|206|468|822
148|207|468|823
148|207|469|824
148|207|470|825
148|207|471|826
148|207|472|827
148|207|473|828
148|207|474|829
149|207|474|830
149|207|475|831
150|207|475|832
150|208|475|833
151|208|475|834
151|208|476|835
151|208|477|836
151|208|478|837
151|208|479|838
151|208|480|839
151|208|481|840
151|209|481|841
151|209|482|842
151|210|482|843
151|210|483|844
151|211|483|845
151|211|484|846
151|212|484|847
151|212|485|848
151|213|485|849
151|213|486|850
151|214|486|851
151|214|487|852
151|215|487|853
151|215|488|854
151|215|489|855
151|215|490|856
151|216|490|857
151|216|491|858
151|217|491|859
151|217|492|860
151|218|492|861
151|218|493|862
151|218|494|863
151|218|495|864
151|219|495|865
151|219|496|866
151|220|496|867
151|220|497|868
151|221|497|869
151|221|498|870
151|222|498|871
151|222|499|872
151|222|500|873
151|222|501|874
151|223|501|875
152|223|501|876
152|224|501|877
152|224|502|878
152|224|503|879
152|224|504|880
152|224|505|881
152|224|506|882
152|225|506|883
152|225|507|884
152|225|508|885
152|225|509|886
152|226|509|887
152|226|510|888
152|227|510|889
152|227|511|890
152|227|512|891
153|227|512|892
153|228|512|893
153|228|513|894
153|228|514|895
153|228|515|896
154|228|515|897
155|228|515|898
155|229|515|899
156|229|515|900
156|230|515|901
156|230|516|902
156|230|517|903
156|230|518|904
156|231|518|905
156|231|519|906
156|231|520|907
156|231|521|908
156|231|522|909
156|231|523|910
156|231|524|911
157|231|524|912
157|231|525|913
157|231|526|914
157|231|527|915
157|231|528|916
157|232|528|917
157|232|529|918
157|232|530|919
158|232|530|920
158|232|531|921
159|232|531|922
159|233|531|923
159|233|532|924
159|233|533|925
160|233|533|926
160|233|534|927
160|233|535|928
160|233|536|929
160|233|537|930
160|233|538|931
161|233|538|932
161|233|539|933
162|233|539|934
162|233|540|935
163|233|540|936
163|233|541|937
163|233|542|938
163|234|542|939
164|234|542|940
164|235|542|941
165|235|542|942
165|235|543|943
165|235|544|944
165|235|545|945
165|235|546|946
165|236|546|947
165|236|547|948
165|237|547|949
165|237|548|950
166|237|548|951
166|237|549|952
166|238|549|953
166|238|550|954
167|238|550|955
168|238|550|956
168|239|550|957
168|239|551|958
168|240|551|959
168|240|552|960
169|240|552|961
170|240|552|962
170|241|552|963
170|241|553|964
170|242|553|965
170|242|554|966
170|243|554|967
170|243|555|968
170|243|556|969
170|243|557|970
170|244|557|971
170|244|558|972
170|245|558|973
170|245|559|974
171|245|559|975
171|245|560|976
172|245|560|977
172|246|560|978
172|247|560|979
172|247|561|980
173|247|561|981
173|247|562|982
173|247|563|983
173|247|564|984
173|248|564|985
173|248|565|986
173|249|565|987
173|249|566|988
173|250|566|989
173|250|567|990
173|250|568|991
174|250|568|992
174|251|568|993
174|251|569|994
174|252|569|995
174|252|570|996
174|252|571|997
175|252|571|998
175|253|571|999
175|253|572|1000
175|254|572|1001
175|254|573|1002
175|255|573|1003
175|255|574|1004
175|255|575|1005
175|255|576|1006
175|256|576|1007
176|256|576|1008
176|257|576|1009
176|257|577|1010
176|258|577|1011
176|258|578|1012
176|259|578|1013
176|259|579|1014
176|260|579|1015
177|260|579|1016
177|261|579|1017
177|261|580|1018
177|262|580|1019
177|262|581|1020
177|262|582|1021
177|262|583|1022
177|263|583|1023
177|263|584|1024
177|264|584|1025
177|264|585|1026
177|265|585|1027
177|265|586|1028
177|266|586|1029
177|266|587|1030
177|267|587|1031
177|267|588|1032
177|267|589|1033
177|267|590|1034
177|268|590|1035
177|268|591|1036
177|269|591|1037
177|269|592|1038
177|270|592|1039
177|270|593|1040
177|271|593|1041
177|271|594|1042
177|272|594|1043
177|272|595|1044
177|273|595|1045
177|273|596|1046
177|273|597|1047
177|273|598|1048
177|274|598|1049
177|274|599|1050
177|275|599|1051
177|275|600|1052
178|275|600|1053
178|275|601|1054
178|276|601|1055
178|276|602|1056
178|277|602|1057
178|277|603|1058
178|278|603|1059
178|278|604|1060
178|279|604|1061
178|279|605|1062
178|280|605|1063
178|280|606|1064
178|281|606|1065
178|281|607|1066
178|282|607|1067
178|282|608|1068
178|283|608|1069
178|283|609|1070
178|284|609|1071
178|284|610|1072
178|285|610|1073
178|285|611|1074
178|286|611|1075
178|286|612|1076
178|287|612|1077
178|287|613|1078
178|288|613|1079
178|288|614|1080
178|289|614|1081
178|289|615|1082
178|290|615|1083
178|290|616|1084
179|290|616|1085
179|290|617|1086
180|290|617|1087
180|290|618|1088
180|291|618|1089
180|291|619|1090
180|291|620|1091
181|291|620|1092
181|291|621|1093
182|291|621|1094
182|291|622|1095
183|291|622|1096
183|291|623|1097
184|291|623|1098
184|291|624|1099
185|291|624|1100
185|291|625|1101
186|291|625|1102
186|291|626|1103
187|291|626|1104
187|291|627|1105
188|291|627|1106
188|291|628|1107
189|291|628|1108
189|291|629|1109
190|291|629|1110
190|291|630|1111
191|291|630|1112
191|291|631|1113
192|291|631|1114
192|291|632|1115
193|291|632|1116
193|291|633|1117
194|291|633|1118
194|291|634|1119
195|291|634|1120
195|291|635|1121
196|291|635|1122
196|291|636|1123
197|291|636|1124
197|291|637|1125
198|291|637|1126
198|291|638|1127
198|291|639|1128
198|292|639|1129
198|292|640|1130
198|293|640|1131
198|293|641|1132
198|294|641|1133
198|294|642|1134
198|295|642|1135
198|295|643|1136
198|295|644|1137
199|295|644|1138
199|296|644|1139
200|296|644|1140
200|296|645|1141
201|296|645|1142
201|297|645|1143
201|297|646|1144
201|298|646|1145
201|298|647|1146
201|299|647|1147
201|299|648|1148
201|299|649|1149
201|299|650|1150
201|300|650|1151
201|300|651|1152
201|301|651|1153
201|301|652|1154
201|302|652|1155
201|302|653|1156
201|302|654|1157
201|302|655|1158
201|303|655|1159
201|303|656|1160
201|304|656|1161
202|304|656|1162
202|305|656|1163
202|305|657|1164
202|306|657|1165
202|306|658|1166
202|307|658|1167
202|307|659|1168
202|308|659|1169
202|308|660|1170
202|309|660|1171
202|309|661|1172
202|310|661|1173
202|310|662|1174
202|311|662|1175
202|311|663|1176
202|312|663|1177
202|312|664|1178
202|313|664|1179
202|313|665|1180
202|314|665|1181
202|314|666|1182
202|315|666|1183
202|315|667|1184
202|316|667|1185
202|316|668|1186
202|317|668|1187
202|317|669|1188
202|318|669|1189
202|318|670|1190
202|319|670|1191
202|319|671|1192
203|319|671|1193
203|319|672|1194
203|320|672|1195
203|320|673|1196
203|321|673|1197
203|321|674|1198
203|321|675|1199
204|321|675|1200
204|321|676|1201
205|321|676|1202
205|321|677|1203
206|321|677|1204
206|321|678|1205
207|321|678|1206
207|321|679|1207
208|321|679|1208
208|321|680|1209
209|321|680|1210
209|321|681|1211
210|321|681|1212
210|321|682|1213
211|321|682|1214
211|321|683|1215
212|321|683|1216
212|321|684|1217
213|321|684|1218
213|321|685|1219
214|321|685|1220
214|321|686|1221
215|321|686|1222
215|321|687|1223
216|321|687|1224
216|321|688|1225
217|321|688|1226
217|321|689|1227
218|321|689|1228
218|321|690|1229
219|321|690|1230
219|321|691|1231
220|321|691|1232
220|321|692|1233
221|321|692|1234
221|322|692|1235
221|322|693|1236
221|323|693|1237
221|323|694|1238
221|324|694|1239
221|324|695|1240
221|325|695|1241
221|325|696|1242
221|326|696|1243
221|326|697|1244
221|327|697|1245
221|327|698|1246
221|328|698|1247
221|328|699|1248
221|329|699|1249
221|329|700|1250
221|330|700|1251
221|330|701|1252
221|331|701|1253
221|331|702|1254
221|332|702|1255
221|332|703|1256
221|333|703|1257
221|333|704|1258
221|334|704|1259
221|334|705|1260
221|335|705|1261
221|335|706|1262
221|336|706|1263
221|336|707|1264
221|337|707|1265
221|337|708|1266
221|338|708|1267
221|338|709|1268
221|339|709|1269
221|339|710|1270
221|339|711|1271
221|339|712|1272
221|340|712|1273
221|340|713|1274
221|340|714|1275
221|340|715|1276
221|341|715|1277
221|341|716|1278
221|342|716|1279
221|342|717|1280
221|342|718|1281
222|342|718|1282
222|343|718|1283
222|343|719|1284
222|344|719|1285
222|344|720|1286
222|344|721|1287
222|344|722|1288
222|345|722|1289
222|345|723|1290
222|346|723|1291
222|346|724|1292
222|346|725|1293
222|346|726|1294
222|347|726|1295
223|347|726|1296
223|348|726|1297
223|348|727|1298
223|349|727|1299
223|349|728|1300
223|349|729|1301
224|349|729|1302
224|350|729|1303
224|350|730|1304
224|350|731|1305
224|350|732|1306
224|351|732|1307
224|351|733|1308
224|352|733|1309
224|352|734|1310
224|353|734|1311
224|353|735|1312
225|353|735|1313
225|353|736|1314
225|354|736|1315
225|354|737|1316
226|354|737|1317
226|354|738|1318
226|355|738|1319
226|355|739|1320
226|356|739|1321
226|356|740|1322
227|356|740|1323
227|356|741|1324
227|357|741|1325
227|357|742|1326
227|358|742|1327
227|358|743|1328
227|358|744|1329
227|358|745|1330
227|359|745|1331
227|359|746|1332
227|360|746|1333
227|360|747|1334
227|361|747|1335
227|361|748|1336
227|362|748|1337
227|362|749|1338
227|363|749|1339
227|363|750|1340
227|364|750|1341
227|364|751|1342
227|364|752|1343
228|364|752|1344
228|364|753|1345
228|364|754|1346
228|365|754|1347
228|365|755|1348
228|365|756|1349
228|365|757|1350
228|366|757|1351
228|366|758|1352
228|366|759|1353
229|366|759|1354
229|366|760|1355
230|366|760|1356
230|367|760|1357
230|367|761|1358
230|367|762|1359
231|367|762|1360
231|368|762|1361
231|368|763|1362
231|369|763|1363
232|369|763|1364
232|369|764|1365
232|369|765|1366
232|370|765|1367
232|370|766|1368
232|370|767|1369
232|370|768|1370
232|370|769|1371
232|371|769|1372
232|371|770|1373
232|371|771|1374
232|371|772|1375
232|371|773|1376
232|371|774|1377
232|371|775|1378
232|372|775|1379
232|372|776|1380
232|373|776|1381
232|373|777|1382
232|374|777|1383
232|374|778|1384
232|375|778|1385
232|375|779|1386
232|376|779|1387
232|376|780|1388
232|377|780|1389
232|377|781|1390
232|378|781|1391
233|378|781|1392
233|379|781|1393
233|379|782|1394
233|380|782|1395
233|380|783|1396
233|381|783|1397
233|381|784|1398
233|382|784|1399
233|382|785|1400
233|383|785|1401
234|383|785|1402
234|384|785|1403
234|384|786|1404
234|385|786|1405
234|385|787|1406
234|386|787|1407
234|386|788|1408
234|387|788|1409
234|387|789|1410
234|388|789|1411
234|388|790|1412
234|389|790|1413
235|389|790|1414
235|389|791|1415
235|389|792|1416
235|390|792|1417
235|390|793|1418
235|391|793|1419
235|391|794|1420
235|392|794|1421
235|392|795|1422
235|393|795|1423
235|393|796|1424
235|393|797|1425
236|393|797|1426
236|394|797|1427
236|394|798|1428
236|395|798|1429
236|395|799|1430
236|395|800|1431
237|395|800|1432
237|396|800|1433
237|396|801|1434
237|396|802|1435
237|396|803|1436
237|397|803|1437
237|397|804|1438
237|397|805|1439
237|397|806|1440
237|398|806|1441
237|398|807|1442
237|398|808|1443
237|398|809|1444
237|398|810|1445
237|398|811|1446
237|398|812|1447
237|398|813|1448
237|399|813|1449
237|399|814|1450
237|400|814|1451
237|400|815|1452
237|401|815|1453
237|401|816|1454
237|402|816|1455
237|402|817|1456
237|402|818|1457
237|402|819|1458
237|402|820|1459
237|402|821|1460
237|403|821|1461
237|403|822|1462
237|403|823|1463
237|403|824|1464
237|404|824|1465
237|404|825|1466
237|405|825|1467
237|405|826|1468
237|405|827|1469
237|405|828|1470
237|406|828|1471
237|406|829|1472
237|406|830|1473
237|406|831|1474
237|406|832|1475
237|406|833|1476
237|407|833|1477
237|407|834|1478
237|408|834|1479
237|408|835|1480
237|409|835|1481
237|409|836|1482
237|410|836|1483
237|410|837|1484
237|411|837|1485
237|411|838|1486
237|411|839|1487
238|411|839|1488
238|412|839|1489
239|412|839|1490
239|413|839|1491
240|413|839|1492
240|414|839|1493
241|414|839|1494
241|415|839|1495
242|415|839|1496
242|415|840|1497
243|415|840|1498
243|416|840|1499
243|416|841|1500
243|416|842|1501
244|416|842|1502
244|416|843|1503
245|416|843|1504
245|416|844|1505
245|416|845|1506
245|416|846|1507
245|416|847|1508
245|417|847|1509
246|417|847|1510
246|417|848|1511
247|417|848|1512
247|417|849|1513
247|417|850|1514
247|418|850|1515
248|418|850|1516
248|418|851|1517
249|418|851|1518
249|418|852|1519
250|418|852|1520
250|419|852|1521
251|419|852|1522
251|420|852|1523
251|420|853|1524
251|421|853|1525
251|421|854|1526
251|421|855|1527
251|421|856|1528
251|422|856|1529
251|422|857|1530
251|423|857|1531
251|423|858|1532
251|424|858|1533
251|424|859|1534
251|425|859|1535
251|425|860|1536
251|426|860|1537
251|426|861|1538
251|427|861|1539
251|427|862|1540
251|428|862|1541
251|428|863|1542
251|429|863|1543
251|429|864|1544
251|430|864|1545
251|430|865|1546
251|430|866|1547
251|430|867|1548
251|431|867|1549
251|431|868|1550
251|432|868|1551
251|432|869|1552
251|432|870|1553
251|432|871|1554
251|433|871|1555
251|433|872|1556
251|433|873|1557
251|433|874|1558
251|433|875|1559
251|433|876|1560
251|434|876|1561
251|434|877|1562
251|434|878|1563
251|434|879|1564
251|435|879|1565
251|435|880|1566
251|435|881|1567
251|435|882|1568
251|435|883|1569
252|435|883|1570
252|435|884|1571
252|435|885|1572
252|436|885|1573
252|436|886|1574
252|436|887|1575
253|436|887|1576
253|436|888|1577
253|436|889|1578
253|437|889|1579
253|437|890|1580
253|437|891|1581
253|437|892|1582
253|437|893|1583
253|437|894|1584
253|438|894|1585
253|438|895|1586
253|438|896|1587
253|438|897|1588
253|438|898|1589
253|438|899|1590
253|438|900|1591
253|438|901|1592
253|438|902|1593
253|438|903|1594
253|438|904|1595
254|438|904|1596
254|438|905|1597
254|438|906|1598
254|438|907|1599
254|438|908|1600
254|439|908|1601
254|439|909|1602
254|439|910|1603
255|439|910|1604
255|439|911|1605
255|439|912|1606
255|440|912|1607
255|440|913|1608
255|440|914|1609
256|440|914|1610
256|440|915|1611
256|440|916|1612
256|441|916|1613
256|441|917|1614
256|441|918|1615
256|441|919|1616
256|441|920|1617
256|441|921|1618
256|441|922|1619
256|441|923|1620
256|441|924|1621
257|441|924|1622
257|441|925|1623
258|441|925|1624
258|441|926|1625
259|441|926|1626
259|441|927|1627
259|441|928|1628
259|441|929|1629
259|441|930|1630
259|442|930|1631
259|442|931|1632
259|443|931|1633
259|443|932|1634
259|444|932|1635
259|444|933|1636
259|445|933|1637
259|445|934|1638
260|445|934|1639
261|445|934|1640
261|446|934|1641
261|446|935|1642
261|447|935|1643
261|447|936|1644
262|447|936|1645
263|447|936|1646
263|448|936|1647
263|448|937|1648
263|449|937|1649
263|449|938|1650
263|450|938|1651
263|450|939|1652
263|451|939|1653
263|451|940|1654
263|452|940|1655
263|452|941|1656
263|452|942|1657
263|452|943|1658
263|453|943|1659
263|454|943|1660
263|455|943|1661
263|455|944|1662
264|455|944|1663
264|455|945|1664
264|456|945|1665
264|456|946|1666
264|456|947|1667
264|456|948|1668
264|457|948|1669
264|457|949|1670
264|458|949|1671
264|458|950|1672
264|459|950|1673
264|459|951|1674
264|459|952|1675
265|459|952|1676
265|460|952|1677
265|460|953|1678
265|461|953|1679
265|461|954|1680
265|461|955|1681
266|461|955|1682
266|462|955|1683
266|462|956|1684
266|462|957|1685
266|462|958|1686
266|463|958|1687
266|463|959|1688
266|463|960|1689
266|463|961|1690
266|464|961|1691
266|464|962|1692
266|464|963|1693
267|464|963|1694
267|465|963|1695
267|465|964|1696
267|466|964|1697
267|466|965|1698
267|467|965|1699
267|467|966|1700
267|468|966|1701
267|468|967|1702
267|469|967|1703
267|469|968|1704
267|470|968|1705
267|470|969|1706
267|471|969|1707
267|471|970|1708
267|472|970|1709
267|472|971|1710
267|473|971|1711
267|473|972|1712
267|474|972|1713
267|474|973|1714
267|475|973|1715
267|475|974|1716
267|476|974|1717
267|476|975|1718
267|477|975|1719
267|477|976|1720
267|478|976|1721
268|478|976|1722
268|479|976|1723
268|479|977|1724
268|480|977|1725
268|480|978|1726
268|481|978|1727
268|481|979|1728
268|482|979|1729
268|482|980|1730
268|483|980|1731
268|483|981|1732
268|484|981|1733
268|484|982|1734
268|485|982|1735
268|485|983|1736
268|486|983|1737
268|486|984|1738
268|487|984|1739
268|487|985|1740
268|488|985|1741
268|488|986|1742
268|489|986|1743
268|489|987|1744
268|490|987|1745
268|490|988|1746
268|491|988|1747
268|491|989|1748
268|492|989|1749
268|492|990|1750
268|493|990|1751
268|493|991|1752
268|494|991|1753
268|494|992|1754
268|495|992|1755
268|495|993|1756
268|496|993|1757
268|496|994|1758
268|497|994|1759
268|497|995|1760
268|498|995|1761
268|498|996|1762
268|499|996|1763
268|499|997|1764
268|500|997|1765
268|500|998|1766
268|501|998|1767
268|501|999|1768
268|502|999|1769
268|502|1000|1770
268|503|1000|1771
268|503|1001|1772
268|504|1001|1773
268|504|1002|1774
268|504|1003|1775
269|504|1003|1776
269|504|1004|1777
270|504|1004|1778
270|504|1005|1779
271|504|1005|1780
271|504|1006|1781
272|504|1006|1782
272|504|1007|1783
273|504|1007|1784
273|504|1008|1785
274|504|1008|1786
274|504|1009|1787
275|504|1009|1788
275|504|1010|1789
276|504|1010|1790
276|504|1011|1791
277|504|1011|1792
277|504|1012|1793
278|504|1012|1794
278|504|1013|1795
279|504|1013|1796
279|504|1014|1797
280|504|1014|1798
280|504|1015|1799
281|504|1015|1800
281|504|1016|1801
282|504|1016|1802
282|504|1017|1803
283|504|1017|1804
283|504|1018|1805
284|504|1018|1806
284|504|1019|1807
285|504|1019|1808
285|504|1020|1809
286|504|1020|1810
286|504|1021|1811
286|504|1022|1812
286|505|1022|1813
286|505|1023|1814
286|506|1023|1815
286|506|1024|1816
286|507|1024|1817
286|507|1025|1818
286|508|1025|1819
286|508|1026|1820
287|508|1026|1821
287|508|1027|1822
287|509|1027|1823
287|509|1028|1824
288|509|1028|1825
288|509|1029|1826
288|510|1029|1827
288|510|1030|1828
288|510|1031|1829
288|510|1032|1830
288|511|1032|1831
288|511|1033|1832
288|512|1033|1833
288|512|1034|1834
288|513|1034|1835
288|513|1035|1836
288|514|1035|1837
288|514|1036|1838
288|515|1036|1839
288|515|1037|1840
288|516|1037|1841
288|516|1038|1842
288|517|1038|1843
288|517|1039|1844
288|518|1039|1845
288|518|1040|1846
288|519|1040|1847
288|519|1041|1848
288|520|1041|1849
288|520|1042|1850
288|521|1042|1851
288|521|1043|1852
288|522|1043|1853
288|522|1044|1854
288|523|1044|1855
288|523|1045|1856
288|524|1045|1857
288|524|1046|1858
288|525|1046|1859
288|525|1047|1860
288|526|1047|1861
288|526|1048|1862
288|527|1048|1863
288|527|1049|1864
288|528|1049|1865
288|528|1050|1866
288|529|1050|1867
288|529|1051|1868
288|530|1051|1869
288|530|1052|1870
288|531|1052|1871
288|531|1053|1872
288|532|1053|1873
288|532|1054|1874
288|533|1054|1875
288|533|1055|1876
288|534|1055|1877
288|534|1056|1878
289|534|1056|1879
289|534|1057|1880
290|534|1057|1881
290|534|1058|1882
290|534|1059|1883
291|534|1059|1884
291|534|1060|1885
292|534|1060|1886
292|534|1061|1887
293|534|1061|1888
293|534|1062|1889
294|534|1062|1890
294|534|1063|1891
295|534|1063|1892
295|534|1064|1893
296|534|1064|1894
296|534|1065|1895
297|534|1065|1896
297|534|1066|1897
298|534|1066|1898
298|534|1067|1899
299|534|1067|1900
299|534|1068|1901
300|534|1068|1902
300|534|1069|1903
301|534|1069|1904
301|534|1070|1905
302|534|1070|1906
302|534|1071|1907
303|534|1071|1908
303|534|1072|1909
304|534|1072|1910
304|534|1073|1911
305|534|1073|1912
305|534|1074|1913
306|534|1074|1914
306|534|1075|1915
307|534|1075|1916
307|534|1076|1917
308|534|1076|1918
308|535|1076|1919
308|535|1077|1920
308|536|1077|1921
308|536|1078|1922
308|537|1078|1923
308|537|1079|1924
308|538|1079|1925
308|538|1080|1926
308|539|1080|1927
308|539|1081|1928
308|540|1081|1929
308|540|1082|1930
308|541|1082|1931
308|541|1083|1932
308|542|1083|1933
308|542|1084|1934
308|543|1084|1935
308|543|1085|1936
308|544|1085|1937
308|544|1086|1938
308|545|1086|1939
308|545|1087|1940
308|546|1087|1941
308|546|1088|1942
308|547|1088|1943
308|547|1089|1944
308|548|1089|1945
308|548|1090|1946
308|549|1090|1947
308|549|1091|1948
308|550|1091|1949
308|550|1092|1950
308|551|1092|1951
308|551|1093|1952
308|552|1093|1953
308|552|1094|1954
308|552|1095|1955
308|552|1096|1956
308|553|1096|1957
308|553|1097|1958
308|554|1097|1959
308|554|1098|1960
308|554|1099|1961
308|554|1100|1962
308|555|1100|1963
308|555|1101|1964
308|555|1102|1965
308|555|1103|1966
308|556|1103|1967
309|556|1103|1968
309|557|1103|1969
309|557|1104|1970
309|558|1104|1971
309|558|1105|1972
309|559|1105|1973
309|559|1106|1974
309|560|1106|1975
309|560|1107|1976
309|560|1108|1977
310|560|1108|1978
310|561|1108|1979
310|561|1109|1980
310|561|1110|1981
310|561|1111|1982
310|561|1112|1983
310|561|1113|1984
310|561|1114|1985
311|561|1114|1986
311|561|1115|1987
311|561|1116|1988
311|562|1116|1989
312|562|1116|1990
312|563|1116|1991
312|563|1117|1992
312|564|1117|1993
312|564|1118|1994
312|565|1118|1995
312|565|1119|1996
312|566|1119|1997
312|566|1120|1998
312|567|1120|1999
312|567|1121|2000
