total
0|0|1|1
0|1|1|2
0|2|1|3
0|2|2|4
0|2|3|5
0|3|3|6
0|3|4|7
0|3|5|8
0|3|6|9
0|4|6|10
0|4|7|11
0|5|7|12
0|5|8|13
0|6|8|14
0|6|9|15
0|7|9|16
0|7|10|17
0|8|10|18
0|8|11|19
0|9|11|20
0|9|12|21
0|10|12|22
0|10|13|23
0|11|13|24
0|11|14|25
0|12|14|26
0|12|15|27
0|13|15|28
0|13|16|29
0|14|16|30
0|14|17|31
0|15|17|32
0|15|18|33
0|16|18|34
0|16|19|35
0|17|19|36
0|17|20|37
0|18|20|38
0|18|21|39
0|19|21|40
0|19|22|41
0|20|22|42
0|20|23|43
0|21|23|44
0|21|24|45
0|22|24|46
0|22|25|47
0|23|25|48
0|23|26|49
0|24|26|50
0|24|27|51
0|25|27|52
0|25|28|53
0|26|28|54
1|26|28|55
1|26|29|56
1|26|30|57
1|27|30|58
1|27|31|59
1|28|31|60
1|28|32|61
1|29|32|62
2|29|32|63
2|29|33|64
2|29|34|65
2|30|34|66
2|30|35|67
2|31|35|68
2|31|36|69
2|32|36|70
2|32|37|71
2|33|37|72
2|33|38|73
2|34|38|74
2|34|39|75
2|35|39|76
2|35|40|77
2|36|40|78
2|36|41|79
2|37|41|80
2|37|42|81
2|38|42|82
2|38|43|83
2|39|43|84
2|39|44|85
2|40|44|86
2|40|45|87
2|41|45|88
2|41|46|89
2|42|46|90
2|42|47|91
2|43|47|92
2|43|48|93
2|44|48|94
2|44|49|95
2|45|49|96
2|45|50|97
2|46|50|98
2|46|51|99
2|47|51|100
2|47|52|101
2|48|52|102
2|48|53|103
2|49|53|104
2|49|54|105
2|50|54|106
2|50|55|107
2|51|55|108
2|51|56|109
2|52|56|110
2|52|57|111
2|53|57|112
2|53|58|113
2|54|58|114
2|54|59|115
2|55|59|116
2|55|60|117
2|56|60|118
2|56|61|119
2|57|61|120
2|57|62|121
2|58|62|122
2|58|63|123
2|59|63|124
2|59|64|125
2|60|64|126
2|60|65|127
2|61|65|128
2|61|66|129
2|62|66|130
2|62|67|131
2|63|67|132
2|63|68|133
2|64|68|134
2|64|69|135
2|65|69|136
2|65|70|137
2|66|70|138
2|66|71|139
2|67|71|140
2|67|72|141
2|68|72|142
2|68|73|143
2|69|73|144
2|69|74|145
2|70|74|146
2|70|75|147
2|71|75|148
2|71|76|149
2|72|76|150
2|72|77|151
2|73|77|152
2|73|78|153
2|74|78|154
2|74|79|155
2|75|79|156
2|75|80|157
2|76|80|158
2|76|81|159
2|77|81|160
2|77|82|161
2|78|82|162
2|78|83|163
2|79|83|164
2|79|84|165
2|80|84|166
2|80|85|167
2|81|85|168
2|81|86|169
2|82|86|170
2|82|87|171
2|83|87|172
2|83|88|173
2|84|88|174
2|84|89|175
2|85|89|176
2|85|90|177
2|86|90|178
2|86|91|179
2|87|91|180
2|87|92|181
2|88|92|182
2|88|93|183
2|89|93|184
2|89|94|185
2|90|94|186
2|90|95|187
2|91|95|188
2|91|96|189
2|92|96|190
2|92|97|191
2|93|97|192
2|93|98|193
2|94|98|194
2|94|99|195
2|95|99|196
2|95|100|197
2|96|100|198
3|96|100|199
3|97|100|200
3|97|101|201
3|98|101|202
3|98|102|203
3|99|102|204
3|99|103|205
3|100|103|206
4|100|103|207
4|101|103|208
4|101|104|209
4|102|104|210
4|102|105|211
4|103|105|212
4|103|106|213
4|104|106|214
4|104|107|215
4|105|107|216
4|105|108|217
4|106|108|218
4|106|109|219
4|107|109|220
4|107|110|221
4|108|110|222
4|108|111|223
4|109|111|224
4|109|112|225
4|110|112|226
5|110|112|227
5|110|113|228
6|110|113|229
6|111|113|230
6|111|114|231
6|112|114|232
6|112|115|233
6|113|115|234
6|113|116|235
6|114|116|236
6|114|117|237
6|114|118|238
6|114|119|239
6|115|119|240
7|115|119|241
7|115|120|242
7|115|121|243
7|116|121|244
7|116|122|245
7|117|122|246
7|117|123|247
7|118|123|248
8|118|123|249
8|118|124|250
8|118|125|251
8|119|125|252
9|119|125|253
9|119|126|254
9|119|127|255
9|120|127|256
9|120|128|257
9|121|128|258
9|121|129|259
9|122|129|260
10|122|129|261
10|123|129|262
11|123|129|263
11|124|129|264
12|124|129|265
12|125|129|266
12|125|130|267
12|126|130|268
12|126|131|269
12|127|131|270
12|127|132|271
12|128|132|272
12|128|133|273
12|129|133|274
12|129|134|275
12|130|134|276
13|130|134|277
13|131|134|278
13|131|135|279
13|132|135|280
13|132|136|281
13|133|136|282
13|133|137|283
13|134|137|284
14|134|137|285
14|135|137|286
14|135|138|287
14|136|138|288
15|136|138|289
15|137|138|290
15|138|138|291
15|139|138|292
15|140|138|293
15|141|138|294
15|141|139|295
15|142|139|296
15|142|140|297
15|143|140|298
16|143|140|299
16|144|140|300
17|144|140|301
17|145|140|302
17|145|141|303
17|146|141|304
17|146|142|305
17|147|142|306
17|147|143|307
17|148|143|308
17|148|144|309
17|149|144|310
17|149|145|311
17|150|145|312
18|150|145|313
18|151|145|314
18|151|146|315
18|152|146|316
18|152|147|317
18|152|148|318
18|152|149|319
18|153|149|320
19|153|149|321
19|154|149|322
19|154|150|323
19|155|150|324
20|155|150|325
20|156|150|326
20|156|151|327
20|157|151|328
20|157|152|329
20|158|152|330
20|158|153|331
20|159|153|332
20|159|154|333
20|159|155|334
20|159|156|335
20|160|156|336
20|161|157|338
20|162|157|339
20|162|158|340
20|163|158|341
20|163|159|342
20|164|159|343
20|164|160|344
20|165|160|345
20|165|161|346
20|166|161|347
20|166|162|348
20|167|162|349
20|167|163|350
20|168|163|351
20|168|164|352
20|169|164|353
20|169|165|354
20|170|165|355
20|170|166|356
20|171|166|357
20|171|167|358
20|172|167|359
20|172|168|360
20|173|168|361
20|173|169|362
20|174|169|363
20|174|170|364
20|175|170|365
20|175|171|366
20|176|171|367
20|176|172|368
20|177|172|369
20|177|173|370
20|178|173|371
20|178|174|372
20|179|174|373
20|179|175|374
20|180|175|375
20|180|176|376
20|181|176|377
20|181|177|378
20|182|177|379
20|182|178|380
20|183|178|381
20|183|179|382
20|184|179|383
20|184|180|384
20|185|180|385
20|185|181|386
20|186|181|387
20|186|182|388
20|187|182|389
20|187|183|390
20|188|183|391
20|188|184|392
20|189|184|393
20|189|185|394
20|190|185|395
20|190|186|396
20|191|186|397
20|191|187|398
20|192|187|399
20|192|188|400
20|193|188|401
20|193|189|402
20|194|189|403
20|194|190|404
20|195|190|405
20|195|191|406
20|196|191|407
20|196|192|408
20|197|192|409
20|197|193|410
20|198|193|411
20|198|194|412
20|199|194|413
20|199|195|414
20|200|195|415
20|200|196|416
20|201|196|417
20|201|197|418
20|202|197|419
20|202|198|420
20|203|198|421
20|203|199|422
20|204|199|423
20|204|200|424
20|205|200|425
20|205|201|426
20|206|201|427
20|206|202|428
20|207|202|429
20|207|203|430
20|208|203|431
20|208|204|432
20|209|204|433
20|209|205|434
20|210|205|435
20|210|206|436
20|211|206|437
20|211|207|438
20|212|207|439
20|212|208|440
20|213|208|441
20|213|209|442
20|213|210|443
20|213|211|444
20|214|211|445
20|214|212|446
20|214|213|447
20|214|214|448
20|215|214|449
20|215|215|450
20|216|215|451
20|216|216|452
20|217|216|453
20|217|217|454
20|218|217|455
20|218|218|456
20|219|218|457
20|219|219|458
20|220|219|459
20|220|220|460
20|221|220|461
20|221|221|462
20|222|221|463
20|222|222|464
20|222|223|465
20|222|224|466
20|223|224|467
20|223|225|468
20|223|226|469
20|223|227|470
20|224|227|471
20|224|228|472
20|225|228|473
20|225|229|474
20|226|229|475
20|226|230|476
20|227|230|477
20|227|231|478
20|228|231|479
20|228|232|480
20|229|232|481
20|229|233|482
20|230|233|483
20|230|234|484
20|231|234|485
20|231|235|486
20|232|235|487
20|232|236|488
20|233|236|489
20|233|237|490
20|234|237|491
20|234|238|492
20|235|238|493
20|235|239|494
20|236|239|495
20|236|240|496
20|237|240|497
20|237|241|498
20|238|241|499
20|238|242|500
20|239|242|501
20|239|243|502
20|240|243|503
20|240|244|504
20|241|244|505
20|241|245|506
20|242|245|507
20|242|246|508
20|243|246|509
20|243|247|510
20|244|247|511
20|244|248|512
20|245|248|513
20|245|249|514
20|245|250|515
21|245|250|516
21|245|251|517
22|245|251|518
22|245|252|519
23|245|252|520
23|245|253|521
24|245|253|522
24|245|254|523
25|245|254|524
25|245|255|525
26|245|255|526
26|245|256|527
27|245|256|528
27|245|257|529
28|245|257|530
28|245|258|531
29|245|258|532
29|245|259|533
30|245|259|534
30|245|260|535
31|245|260|536
31|245|261|537
32|245|261|538
32|245|262|539
33|245|262|540
33|245|263|541
34|245|263|542
34|245|264|543
35|245|264|544
35|245|265|545
36|245|265|546
36|245|266|547
37|245|266|548
37|245|267|549
38|245|267|550
38|246|267|551
38|246|268|552
38|247|268|553
38|247|269|554
38|248|269|555
38|248|270|556
38|249|270|557
38|249|271|558
38|250|271|559
38|250|272|560
38|251|272|561
38|251|273|562
38|252|273|563
38|252|274|564
38|253|274|565
38|253|275|566
38|254|275|567
38|254|276|568
38|255|276|569
38|255|277|570
38|256|277|571
38|256|278|572
38|257|278|573
38|257|279|574
38|258|279|575
38|258|280|576
38|259|280|577
38|259|281|578
38|260|281|579
38|260|282|580
38|261|282|581
38|261|283|582
38|262|283|583
38|262|284|584
38|263|284|585
38|263|285|586
38|263|286|587
38|263|287|588
38|264|287|589
38|264|288|590
38|264|289|591
38|264|290|592
38|265|290|593
38|265|291|594
38|266|291|595
38|266|292|596
38|267|292|597
38|267|293|598
38|267|294|599
38|267|295|600
38|268|295|601
38|268|296|602
38|268|297|603
38|268|298|604
38|269|298|605
38|269|299|606
38|270|299|607
38|270|300|608
38|271|300|609
38|271|301|610
38|272|301|611
38|272|302|612
38|272|303|613
38|272|304|614
38|273|304|615
38|273|305|616
38|274|305|617
38|274|306|618
38|275|306|619
38|275|307|620
38|276|307|621
38|276|308|622
38|277|308|623
38|277|309|624
38|278|309|625
38|278|310|626
38|279|310|627
38|279|311|628
38|280|311|629
38|280|312|630
38|281|312|631
38|281|313|632
38|282|313|633
38|282|314|634
38|283|314|635
38|283|315|636
38|284|315|637
38|284|316|638
38|285|316|639
38|285|317|640
38|286|317|641
38|286|318|642
38|287|318|643
38|287|319|644
38|288|319|645
38|288|320|646
38|289|320|647
38|289|321|648
38|290|321|649
38|290|322|650
38|291|322|651
38|292|322|652
38|293|322|653
38|293|323|654
38|294|323|655
38|294|324|656
38|295|324|657
38|296|324|658
38|296|325|659
39|296|325|660
39|296|326|661
40|296|326|662
40|296|327|663
41|296|327|664
41|296|328|665
41|296|329|666
41|297|329|667
41|297|330|668
41|297|331|669
41|297|332|670
41|297|333|671
41|297|334|672
41|298|334|673
41|298|335|674
41|298|336|675
42|298|336|676
42|299|336|677
42|299|337|678
42|299|338|679
42|299|339|680
42|299|340|681
43|299|340|682
43|300|340|683
43|300|341|684
43|300|342|685
44|300|342|686
44|301|342|687
44|301|343|688
44|301|344|689
44|301|345|690
44|302|345|691
44|302|346|692
44|303|346|693
45|303|346|694
45|304|346|695
45|304|347|696
45|305|347|697
45|305|348|698
45|306|348|699
45|306|349|700
45|307|349|701
45|307|350|702
45|308|350|703
45|308|351|704
45|309|351|705
45|309|352|706
45|310|352|707
45|310|353|708
45|311|353|709
45|311|354|710
45|312|354|711
45|312|355|712
45|313|355|713
45|313|356|714
45|314|356|715
45|314|357|716
45|315|357|717
45|315|358|718
45|316|358|719
45|316|359|720
45|317|359|721
45|317|360|722
45|318|360|723
45|318|361|724
45|319|361|725
45|319|362|726
45|320|362|727
45|320|363|728
45|321|363|729
45|321|364|730
45|321|365|731
46|321|365|732
46|322|365|733
47|322|365|734
47|323|365|735
48|323|365|736
48|324|365|737
48|324|366|738
48|325|366|739
48|325|367|740
48|326|367|741
48|326|368|742
48|327|368|743
48|327|369|744
48|328|369|745
48|328|370|746
48|328|371|747
49|328|371|748
49|329|371|749
49|329|372|750
49|329|373|751
49|329|374|752
49|330|374|753
49|330|375|754
49|330|376|755
50|330|376|756
50|331|376|757
50|331|377|758
50|332|377|759
50|332|378|760
50|333|378|761
50|333|379|762
50|334|379|763
50|334|380|764
50|334|381|765
50|334|382|766
50|335|382|767
50|335|383|768
50|336|383|769
50|336|384|770
50|337|384|771
50|337|385|772
50|338|385|773
50|338|386|774
50|339|386|775
50|339|387|776
50|340|387|777
50|340|388|778
50|341|388|779
50|341|389|780
50|342|389|781
50|342|390|782
50|343|390|783
50|343|391|784
50|344|391|785
50|344|392|786
50|345|392|787
50|345|393|788
50|346|393|789
50|346|394|790
50|347|394|791
50|347|395|792
50|348|395|793
50|348|396|794
50|349|396|795
50|349|397|796
50|350|397|797
50|350|398|798
50|351|398|799
50|351|399|800
50|352|399|801
50|352|400|802
50|353|400|803
50|353|401|804
50|354|401|805
50|354|402|806
50|355|402|807
50|355|403|808
50|356|403|809
50|356|404|810
50|357|404|811
50|357|405|812
50|358|405|813
50|358|406|814
50|359|406|815
50|359|407|816
50|360|407|817
50|360|408|818
50|361|408|819
50|361|409|820
50|362|409|821
50|362|410|822
50|363|410|823
50|363|411|824
50|364|411|825
50|364|412|826
50|365|412|827
50|365|413|828
50|366|413|829
50|366|414|830
50|367|414|831
50|367|415|832
50|368|415|833
50|368|416|834
50|369|416|835
50|369|417|836
50|370|417|837
50|370|418|838
50|371|418|839
50|371|419|840
50|372|419|841
50|372|420|842
50|373|420|843
50|373|421|844
50|374|421|845
50|374|422|846
50|375|422|847
50|375|423|848
50|376|423|849
50|376|424|850
50|377|424|851
50|377|425|852
50|378|425|853
50|378|426|854
50|379|426|855
50|379|427|856
50|380|427|857
50|380|428|858
50|381|428|859
50|381|429|860
50|382|429|861
50|382|430|862
50|383|430|863
50|383|431|864
50|384|431|865
50|384|432|866
50|385|432|867
50|385|433|868
50|386|433|869
50|386|434|870
50|387|434|871
50|387|435|872
50|388|435|873
50|388|436|874
50|389|436|875
51|389|436|876
51|390|436|877
52|390|436|878
52|391|436|879
52|391|437|880
52|392|437|881
52|392|438|882
52|393|438|883
52|393|439|884
52|394|439|885
52|394|440|886
52|395|440|887
52|395|441|888
52|396|441|889
52|396|442|890
52|397|442|891
52|397|443|892
52|398|443|893
52|398|444|894
52|399|444|895
52|399|445|896
52|400|445|897
52|400|446|898
52|401|446|899
52|401|447|900
52|402|447|901
52|402|448|902
52|403|448|903
53|403|448|904
53|404|448|905
53|404|449|906
53|405|449|907
53|405|450|908
53|406|450|909
53|406|451|910
53|407|451|911
53|407|452|912
53|408|452|913
53|408|453|914
53|409|453|915
53|409|454|916
53|410|454|917
53|410|455|918
53|410|456|919
54|410|456|920
54|411|456|921
54|411|457|922
54|412|457|923
54|412|458|924
54|412|459|925
55|412|459|926
55|413|459|927
55|413|460|928
55|414|460|929
55|414|461|930
55|415|461|931
55|415|462|932
55|415|463|933
55|415|464|934
55|416|464|935
55|416|465|936
55|417|465|937
55|417|466|938
55|418|466|939
55|418|467|940
55|419|467|941
55|419|468|942
55|420|468|943
55|420|469|944
55|421|469|945
55|421|470|946
55|422|470|947
55|422|471|948
55|423|471|949
55|423|472|950
55|424|472|951
55|424|473|952
55|425|473|953
55|425|474|954
55|426|474|955
56|426|474|956
56|427|474|957
56|427|475|958
56|428|475|959
56|428|476|960
56|429|476|961
57|429|476|962
57|430|476|963
57|430|477|964
57|431|477|965
57|431|478|966
57|432|478|967
57|432|479|968
57|433|479|969
57|433|480|970
57|434|480|971
57|434|481|972
57|435|481|973
57|435|482|974
57|436|482|975
57|436|483|976
57|437|483|977
57|437|484|978
57|438|484|979
57|438|485|980
57|439|485|981
57|439|486|982
57|440|486|983
57|440|487|984
57|441|487|985
57|441|488|986
57|442|488|987
57|442|489|988
57|443|489|989
57|443|490|990
57|444|490|991
58|444|490|992
58|445|490|993
58|445|491|994
58|446|491|995
58|446|492|996
58|447|492|997
59|447|492|998
59|448|492|999
59|448|493|1000
59|449|493|1001
59|449|494|1002
59|450|494|1003
59|450|495|1004
59|450|496|1005
59|450|497|1006
59|451|497|1007
59|451|498|1008
59|452|498|1009
59|452|499|1010
59|453|499|1011
59|453|500|1012
59|454|500|1013
59|454|501|1014
59|455|501|1015
59|455|502|1016
59|456|502|1017
59|456|503|1018
59|457|503|1019
59|457|504|1020
59|458|504|1021
59|458|505|1022
59|459|505|1023
59|459|506|1024
59|460|506|1025
59|460|507|1026
59|461|507|1027
59|461|508|1028
59|462|508|1029
59|462|509|1030
59|463|509|1031
59|463|510|1032
59|464|510|1033
59|464|511|1034
59|465|511|1035
59|465|512|1036
59|466|512|1037
59|466|513|1038
59|467|513|1039
59|467|514|1040
59|468|514|1041
59|468|515|1042
59|469|515|1043
59|469|516|1044
59|470|516|1045
59|470|517|1046
59|471|517|1047
59|471|518|1048
59|472|518|1049
59|472|519|1050
59|473|519|1051
59|473|520|1052
59|474|520|1053
59|474|521|1054
59|475|521|1055
59|475|522|1056
59|476|522|1057
59|476|523|1058
59|477|523|1059
59|477|524|1060
59|478|524|1061
59|478|525|1062
59|479|525|1063
59|479|526|1064
59|480|526|1065
59|480|527|1066
59|481|527|1067
59|481|528|1068
59|482|528|1069
59|482|529|1070
59|483|529|1071
59|483|530|1072
59|484|530|1073
59|484|531|1074
59|485|531|1075
59|485|532|1076
59|486|532|1077
59|486|533|1078
59|487|533|1079
59|487|534|1080
59|488|534|1081
59|488|535|1082
59|489|535|1083
59|489|536|1084
59|490|536|1085
59|490|537|1086
59|491|537|1087
59|491|538|1088
59|492|538|1089
59|492|539|1090
59|492|540|1091
60|492|540|1092
60|492|541|1093
61|492|541|1094
61|492|542|1095
62|492|542|1096
62|492|543|1097
63|492|543|1098
63|492|544|1099
64|492|544|1100
64|492|545|1101
65|492|545|1102
65|492|546|1103
66|492|546|1104
66|492|547|1105
67|492|547|1106
67|492|548|1107
68|492|548|1108
68|492|549|1109
69|492|549|1110
69|492|550|1111
70|492|550|1112
70|492|551|1113
71|492|551|1114
71|492|552|1115
72|492|552|1116
72|492|553|1117
73|492|553|1118
73|492|554|1119
74|492|554|1120
74|492|555|1121
75|492|555|1122
75|492|556|1123
76|492|556|1124
76|492|557|1125
77|492|557|1126
77|493|557|1127
77|493|558|1128
77|494|558|1129
77|494|559|1130
77|495|559|1131
77|495|560|1132
77|496|560|1133
77|496|561|1134
77|497|561|1135
77|497|562|1136
77|497|563|1137
77|497|564|1138
77|498|564|1139
77|498|565|1140
77|498|566|1141
77|498|567|1142
77|499|567|1143
77|499|568|1144
77|500|568|1145
77|500|569|1146
77|501|569|1147
77|501|570|1148
77|501|571|1149
77|501|572|1150
77|502|572|1151
77|502|573|1152
77|503|573|1153
77|503|574|1154
77|504|574|1155
77|504|575|1156
77|505|575|1157
77|505|576|1158
77|506|576|1159
77|506|577|1160
77|507|577|1161
77|507|578|1162
77|508|578|1163
77|508|579|1164
77|509|579|1165
77|509|580|1166
77|510|580|1167
77|510|581|1168
77|511|581|1169
77|511|582|1170
77|512|582|1171
77|512|583|1172
77|513|583|1173
77|513|584|1174
77|514|584|1175
77|514|585|1176
77|515|585|1177
77|515|586|1178
77|516|586|1179
77|516|587|1180
77|517|587|1181
77|517|588|1182
77|518|588|1183
77|518|589|1184
77|519|589|1185
77|519|590|1186
77|520|590|1187
77|520|591|1188
77|521|591|1189
77|521|592|1190
77|522|592|1191
77|522|593|1192
77|523|593|1193
77|523|594|1194
77|524|594|1195
77|524|595|1196
77|525|595|1197
77|525|596|1198
77|525|597|1199
78|525|597|1200
78|525|598|1201
79|525|598|1202
79|525|599|1203
80|525|599|1204
80|525|600|1205
81|525|600|1206
81|525|601|1207
82|525|601|1208
82|525|602|1209
83|525|602|1210
83|525|603|1211
84|525|603|1212
84|525|604|1213
85|525|604|1214
85|525|605|1215
86|525|605|1216
86|525|606|1217
87|525|606|1218
87|525|607|1219
88|525|607|1220
88|525|608|1221
89|525|608|1222
89|525|609|1223
90|525|609|1224
90|525|610|1225
91|525|610|1226
91|525|611|1227
92|525|611|1228
92|525|612|1229
93|525|612|1230
93|525|613|1231
94|525|613|1232
94|525|614|1233
95|525|614|1234
95|526|614|1235
95|526|615|1236
95|527|615|1237
95|527|616|1238
95|528|616|1239
95|528|617|1240
95|529|617|1241
95|529|618|1242
95|530|618|1243
95|530|619|1244
95|531|619|1245
95|531|620|1246
95|532|620|1247
95|532|621|1248
95|533|621|1249
95|533|622|1250
95|534|622|1251
95|534|623|1252
95|535|623|1253
95|535|624|1254
95|536|624|1255
95|536|625|1256
95|537|625|1257
95|537|626|1258
95|538|626|1259
95|538|627|1260
95|539|627|1261
95|539|628|1262
95|540|628|1263
95|540|629|1264
95|541|629|1265
95|541|630|1266
95|542|630|1267
95|542|631|1268
95|543|631|1269
95|543|632|1270
95|544|632|1271
95|544|633|1272
95|545|633|1273
95|545|634|1274
95|546|634|1275
95|546|635|1276
95|547|635|1277
95|547|636|1278
95|548|636|1279
95|548|637|1280
95|549|637|1281
95|549|638|1282
95|550|638|1283
95|550|639|1284
95|551|639|1285
95|551|640|1286
95|551|641|1287
95|551|642|1288
95|552|642|1289
95|552|643|1290
95|553|643|1291
95|553|644|1292
95|553|645|1293
95|553|646|1294
95|554|646|1295
95|554|647|1296
95|555|647|1297
95|555|648|1298
95|556|648|1299
95|556|649|1300
95|557|649|1301
95|557|650|1302
95|558|650|1303
95|558|651|1304
95|559|651|1305
95|559|652|1306
95|560|652|1307
95|560|653|1308
95|561|653|1309
95|561|654|1310
95|562|654|1311
95|562|655|1312
95|563|655|1313
95|563|656|1314
95|564|656|1315
95|564|657|1316
95|565|657|1317
95|565|658|1318
95|566|658|1319
95|566|659|1320
95|567|659|1321
95|567|660|1322
95|568|660|1323
95|568|661|1324
95|569|661|1325
95|569|662|1326
95|570|662|1327
95|570|663|1328
95|571|663|1329
95|571|664|1330
95|572|664|1331
95|572|665|1332
95|573|665|1333
95|573|666|1334
95|574|666|1335
95|575|666|1336
95|576|666|1337
95|576|667|1338
95|577|667|1339
95|577|668|1340
95|578|668|1341
95|578|669|1342
95|578|670|1343
95|578|671|1344
95|579|671|1345
95|579|672|1346
95|579|673|1347
95|579|674|1348
95|579|675|1349
95|579|676|1350
95|580|676|1351
95|580|677|1352
95|580|678|1353
96|580|678|1354
96|580|679|1355
96|580|680|1356
96|581|680|1357
96|581|681|1358
96|581|682|1359
97|581|682|1360
97|582|682|1361
97|582|683|1362
97|582|684|1363
97|582|685|1364
97|582|686|1365
97|582|687|1366
97|583|687|1367
97|583|688|1368
97|583|689|1369
97|583|690|1370
97|584|690|1371
97|584|691|1372
97|585|691|1373
97|585|692|1374
97|586|692|1375
97|586|693|1376
97|587|693|1377
97|587|694|1378
97|588|694|1379
97|588|695|1380
97|589|695|1381
97|589|696|1382
97|590|696|1383
97|590|697|1384
97|591|697|1385
97|591|698|1386
97|592|698|1387
97|592|699|1388
97|593|699|1389
97|593|700|1390
97|594|700|1391
97|594|701|1392
97|595|701|1393
97|595|702|1394
97|596|702|1395
97|596|703|1396
97|597|703|1397
97|597|704|1398
97|598|704|1399
97|598|705|1400
97|599|705|1401
97|599|706|1402
97|600|706|1403
97|600|707|1404
97|601|707|1405
97|601|708|1406
97|602|708|1407
97|602|709|1408
97|603|709|1409
97|603|710|1410
97|604|710|1411
97|604|711|1412
97|605|711|1413
97|605|712|1414
97|606|712|1415
97|606|713|1416
97|607|713|1417
97|607|714|1418
97|608|714|1419
97|608|715|1420
97|609|715|1421
97|609|716|1422
97|610|716|1423
97|610|717|1424
97|610|718|1425
98|610|718|1426
98|611|718|1427
98|611|719|1428
98|612|719|1429
98|612|720|1430
98|612|721|1431
99|612|721|1432
99|613|721|1433
99|613|722|1434
99|614|722|1435
99|614|723|1436
99|615|723|1437
99|615|724|1438
99|615|725|1439
99|615|726|1440
99|616|726|1441
99|616|727|1442
99|617|727|1443
99|617|728|1444
99|618|728|1445
99|618|729|1446
99|619|729|1447
99|619|730|1448
99|620|730|1449
99|620|731|1450
99|621|731|1451
99|621|732|1452
99|622|732|1453
99|622|733|1454
99|623|733|1455
99|623|734|1456
99|624|734|1457
99|624|735|1458
99|625|735|1459
99|625|736|1460
99|626|736|1461
99|626|737|1462
99|627|737|1463
99|627|738|1464
99|628|738|1465
99|628|739|1466
99|629|739|1467
99|629|740|1468
99|630|740|1469
99|630|741|1470
99|631|741|1471
99|631|742|1472
99|632|742|1473
99|632|743|1474
99|633|743|1475
99|633|744|1476
99|634|744|1477
99|634|745|1478
99|635|745|1479
99|635|746|1480
99|636|746|1481
99|636|747|1482
99|637|747|1483
99|637|748|1484
99|638|748|1485
99|638|749|1486
99|639|749|1487
99|639|750|1488
99|640|750|1489
99|640|751|1490
99|641|751|1491
99|641|752|1492
99|642|752|1493
99|642|753|1494
99|643|753|1495
99|643|754|1496
99|644|754|1497
99|644|755|1498
99|645|755|1499
99|645|756|1500
99|646|756|1501
99|646|757|1502
99|647|757|1503
99|647|758|1504
99|648|758|1505
99|648|759|1506
99|649|759|1507
99|649|760|1508
99|650|760|1509
99|650|761|1510
99|651|761|1511
99|651|762|1512
99|652|762|1513
99|652|763|1514
99|653|763|1515
99|653|764|1516
99|654|764|1517
99|654|765|1518
99|655|765|1519
99|655|766|1520
99|656|766|1521
99|656|767|1522
99|657|767|1523
99|657|768|1524
99|658|768|1525
99|658|769|1526
99|659|769|1527
99|659|770|1528
99|660|770|1529
99|660|771|1530
99|661|771|1531
99|661|772|1532
99|662|772|1533
99|662|773|1534
99|663|773|1535
99|663|774|1536
99|664|774|1537
99|664|775|1538
99|665|775|1539
99|665|776|1540
99|666|776|1541
99|666|777|1542
99|667|777|1543
99|667|778|1544
99|668|778|1545
99|668|779|1546
99|669|779|1547
99|669|780|1548
99|670|780|1549
99|670|781|1550
99|671|781|1551
99|671|782|1552
99|672|782|1553
99|672|783|1554
99|673|783|1555
99|673|784|1556
99|674|784|1557
99|674|785|1558
99|675|785|1559
99|675|786|1560
99|676|786|1561
99|676|787|1562
99|677|787|1563
99|677|788|1564
99|678|788|1565
99|678|789|1566
99|679|789|1567
99|679|790|1568
99|680|790|1569
100|680|790|1570
100|681|790|1571
100|681|791|1572
100|682|791|1573
100|682|792|1574
100|683|792|1575
100|683|793|1576
100|684|793|1577
100|684|794|1578
100|685|794|1579
100|685|795|1580
100|686|795|1581
100|686|796|1582
100|687|796|1583
100|687|797|1584
100|688|797|1585
100|688|798|1586
100|689|798|1587
100|689|799|1588
100|690|799|1589
100|690|800|1590
100|691|800|1591
100|691|801|1592
100|692|801|1593
100|692|802|1594
100|693|802|1595
100|693|803|1596
100|694|803|1597
100|694|804|1598
100|695|804|1599
100|695|805|1600
100|696|805|1601
100|696|806|1602
100|696|807|1603
101|696|807|1604
101|697|807|1605
101|697|808|1606
101|698|808|1607
101|698|809|1608
101|698|810|1609
102|698|810|1610
102|699|810|1611
102|699|811|1612
102|700|811|1613
102|700|812|1614
102|701|812|1615
102|701|813|1616
102|701|814|1617
102|701|815|1618
102|702|815|1619
102|702|816|1620
102|703|816|1621
102|703|817|1622
102|704|817|1623
102|704|818|1624
102|705|818|1625
102|705|819|1626
102|706|819|1627
102|706|820|1628
102|707|820|1629
102|707|821|1630
102|708|821|1631
102|708|822|1632
102|709|822|1633
102|709|823|1634
102|710|823|1635
102|710|824|1636
102|711|824|1637
102|711|825|1638
102|712|825|1639
103|712|825|1640
103|713|825|1641
103|713|826|1642
103|714|826|1643
103|714|827|1644
103|715|827|1645
104|715|827|1646
104|716|827|1647
104|716|828|1648
104|717|828|1649
104|717|829|1650
104|718|829|1651
104|718|830|1652
104|719|830|1653
104|719|831|1654
104|720|831|1655
104|720|832|1656
104|721|832|1657
104|721|833|1658
104|722|833|1659
104|722|834|1660
104|723|834|1661
104|724|834|1662
104|725|834|1663
104|725|835|1664
104|726|835|1665
104|726|836|1666
104|727|836|1667
104|727|837|1668
104|728|837|1669
104|728|838|1670
104|729|838|1671
104|729|839|1672
104|730|839|1673
104|730|840|1674
104|731|840|1675
105|731|840|1676
105|732|840|1677
105|732|841|1678
105|733|841|1679
105|733|842|1680
105|734|842|1681
106|734|842|1682
106|735|842|1683
106|735|843|1684
106|736|843|1685
106|736|844|1686
106|737|844|1687
106|737|845|1688
106|737|846|1689
106|737|847|1690
106|738|847|1691
106|738|848|1692
106|739|848|1693
106|739|849|1694
106|740|849|1695
106|740|850|1696
106|741|850|1697
106|741|851|1698
106|742|851|1699
106|742|852|1700
106|743|852|1701
106|743|853|1702
106|744|853|1703
106|744|854|1704
106|745|854|1705
106|745|855|1706
106|746|855|1707
106|746|856|1708
106|747|856|1709
106|747|857|1710
106|748|857|1711
106|748|858|1712
106|749|858|1713
106|749|859|1714
106|750|859|1715
106|750|860|1716
106|751|860|1717
106|751|861|1718
106|752|861|1719
106|752|862|1720
106|753|862|1721
106|753|863|1722
106|754|863|1723
106|754|864|1724
106|755|864|1725
106|755|865|1726
106|756|865|1727
106|756|866|1728
106|757|866|1729
106|757|867|1730
106|758|867|1731
106|758|868|1732
106|759|868|1733
106|759|869|1734
106|760|869|1735
106|760|870|1736
106|761|870|1737
106|761|871|1738
106|762|871|1739
106|762|872|1740
106|763|872|1741
106|763|873|1742
106|764|873|1743
106|764|874|1744
106|765|874|1745
106|765|875|1746
106|766|875|1747
106|766|876|1748
106|767|876|1749
106|767|877|1750
106|768|877|1751
106|768|878|1752
106|769|878|1753
106|769|879|1754
106|770|879|1755
106|770|880|1756
106|771|880|1757
106|771|881|1758
106|772|881|1759
106|772|882|1760
106|773|882|1761
106|773|883|1762
106|774|883|1763
106|774|884|1764
106|775|884|1765
106|775|885|1766
106|776|885|1767
106|776|886|1768
106|777|886|1769
106|777|887|1770
106|778|887|1771
106|778|888|1772
106|779|888|1773
106|779|889|1774
106|779|890|1775
107|779|890|1776
107|779|891|1777
108|779|891|1778
108|779|892|1779
109|779|892|1780
109|779|893|1781
110|779|893|1782
110|779|894|1783
111|779|894|1784
111|779|895|1785
112|779|895|1786
112|779|896|1787
113|779|896|1788
113|779|897|1789
114|779|897|1790
114|779|898|1791
115|779|898|1792
115|779|899|1793
116|779|899|1794
116|779|900|1795
117|779|900|1796
117|779|901|1797
118|779|901|1798
118|779|902|1799
119|779|902|1800
119|779|903|1801
120|779|903|1802
120|779|904|1803
121|779|904|1804
121|779|905|1805
122|779|905|1806
122|779|906|1807
123|779|906|1808
123|779|907|1809
124|779|907|1810
124|780|907|1811
124|780|908|1812
124|781|908|1813
124|781|909|1814
124|782|909|1815
124|782|910|1816
124|783|910|1817
124|783|911|1818
124|784|911|1819
124|784|912|1820
124|785|912|1821
124|785|913|1822
124|786|913|1823
124|786|914|1824
124|787|914|1825
124|787|915|1826
124|788|915|1827
124|788|916|1828
124|789|916|1829
124|789|917|1830
124|790|917|1831
124|790|918|1832
124|791|918|1833
124|791|919|1834
124|792|919|1835
124|792|920|1836
124|793|920|1837
124|793|921|1838
124|794|921|1839
124|794|922|1840
124|795|922|1841
124|795|923|1842
124|796|923|1843
124|796|924|1844
124|797|924|1845
124|797|925|1846
124|798|925|1847
124|798|926|1848
124|799|926|1849
124|799|927|1850
124|800|927|1851
124|800|928|1852
124|801|928|1853
124|801|929|1854
124|802|929|1855
124|802|930|1856
124|803|930|1857
124|803|931|1858
124|804|931|1859
124|804|932|1860
124|805|932|1861
124|805|933|1862
124|806|933|1863
124|806|934|1864
124|807|934|1865
124|807|935|1866
124|808|935|1867
124|808|936|1868
124|809|936|1869
124|809|937|1870
124|810|937|1871
124|810|938|1872
124|811|938|1873
124|811|939|1874
124|812|939|1875
124|812|940|1876
124|813|940|1877
124|813|941|1878
124|814|941|1879
124|814|942|1880
124|815|942|1881
124|815|943|1882
124|815|944|1883
125|815|944|1884
125|815|945|1885
126|815|945|1886
126|815|946|1887
127|815|946|1888
127|815|947|1889
128|815|947|1890
128|815|948|1891
129|815|948|1892
129|815|949|1893
130|815|949|1894
130|815|950|1895
131|815|950|1896
131|815|951|1897
132|815|951|1898
132|815|952|1899
133|815|952|1900
133|815|953|1901
134|815|953|1902
134|815|954|1903
135|815|954|1904
135|815|955|1905
136|815|955|1906
136|815|956|1907
137|815|956|1908
137|815|957|1909
138|815|957|1910
138|815|958|1911
139|815|958|1912
139|815|959|1913
140|815|959|1914
140|815|960|1915
141|815|960|1916
141|815|961|1917
142|815|961|1918
142|816|961|1919
142|816|962|1920
142|817|962|1921
142|817|963|1922
142|818|963|1923
142|818|964|1924
142|819|964|1925
142|819|965|1926
142|820|965|1927
142|820|966|1928
142|821|966|1929
142|821|967|1930
142|822|967|1931
142|822|968|1932
142|823|968|1933
142|823|969|1934
142|824|969|1935
142|824|970|1936
142|825|970|1937
142|825|971|1938
142|826|971|1939
142|826|972|1940
142|827|972|1941
142|827|973|1942
142|828|973|1943
142|828|974|1944
142|829|974|1945
142|829|975|1946
142|830|975|1947
142|830|976|1948
142|831|976|1949
142|831|977|1950
142|832|977|1951
142|832|978|1952
142|833|978|1953
142|833|979|1954
142|834|979|1955
142|834|980|1956
142|835|980|1957
142|835|981|1958
142|835|982|1959
142|835|983|1960
142|836|983|1961
142|836|984|1962
142|837|984|1963
142|837|985|1964
142|837|986|1965
142|837|987|1966
142|838|987|1967
142|838|988|1968
142|839|988|1969
142|839|989|1970
142|839|990|1971
142|839|991|1972
142|840|991|1973
142|840|992|1974
142|841|992|1975
142|841|993|1976
142|842|993|1977
142|842|994|1978
142|843|994|1979
142|843|995|1980
142|844|995|1981
142|844|996|1982
142|845|996|1983
142|845|997|1984
142|846|997|1985
142|846|998|1986
142|847|998|1987
142|847|999|1988
142|848|999|1989
142|848|1000|1990
142|849|1000|1991
142|849|1001|1992
142|850|1001|1993
142|850|1002|1994
142|851|1002|1995
142|851|1003|1996
142|852|1003|1997
142|852|1004|1998
142|853|1004|1999
142|853|1005|2000
