total
0|0|1|1
0|1|1|2
0|1|2|3
0|1|3|4
0|1|4|5
0|1|5|6
0|1|6|7
0|1|7|8
0|1|8|9
0|1|9|10
0|1|10|11
0|2|10|12
0|2|11|13
0|3|11|14
0|3|12|15
0|4|12|16
0|4|13|17
0|5|13|18
0|5|14|19
0|6|14|20
0|6|15|21
0|7|15|22
0|7|16|23
0|8|16|24
0|8|17|25
0|9|17|26
0|9|18|27
0|10|18|28
0|10|19|29
0|11|19|30
0|11|20|31
0|12|20|32
0|12|21|33
0|13|21|34
0|13|22|35
0|14|22|36
0|14|23|37
0|15|23|38
0|15|24|39
0|16|24|40
0|16|25|41
0|17|25|42
0|17|26|43
0|18|26|44
0|18|27|45
0|19|27|46
0|19|28|47
0|20|28|48
0|20|29|49
0|21|29|50
0|21|30|51
0|22|30|52
0|22|31|53
0|23|31|54
0|23|32|55
0|23|33|56
0|23|34|57
0|24|34|58
0|24|35|59
0|25|35|60
0|25|36|61
0|26|36|62
0|26|37|63
0|26|38|64
0|26|39|65
0|27|39|66
0|27|40|67
0|28|40|68
0|28|41|69
0|29|41|70
0|29|42|71
0|30|42|72
0|30|43|73
0|31|43|74
0|31|44|75
0|31|45|76
0|31|46|77
0|32|46|78
0|32|47|79
0|32|48|80
0|32|49|81
0|33|49|82
0|33|50|83
0|33|51|84
0|33|52|85
0|33|53|86
0|33|54|87
0|33|55|88
0|33|56|89
0|33|57|90
0|33|58|91
0|34|58|92
0|34|59|93
0|34|60|94
0|34|61|95
0|34|62|96
0|34|63|97
0|34|64|98
0|34|65|99
0|34|66|100
0|34|67|101
0|34|68|102
0|34|69|103
0|34|70|104
0|34|71|105
0|34|72|106
0|34|73|107
0|34|74|108
0|34|75|109
0|35|75|110
0|35|76|111
0|36|76|112
0|36|77|113
0|37|77|114
0|37|78|115
0|37|79|116
0|37|80|117
0|38|80|118
0|38|81|119
0|39|81|120
0|40|81|121
0|41|81|122
0|41|82|123
0|42|82|124
0|43|82|125
0|44|82|126
0|44|83|127
0|44|84|128
0|44|85|129
0|45|85|130
0|45|86|131
0|46|86|132
0|46|87|133
0|47|87|134
0|48|87|135
0|49|87|136
0|50|87|137
0|51|87|138
0|51|88|139
0|52|88|140
0|53|88|141
0|53|89|142
0|53|90|143
0|54|90|144
0|55|90|145
0|56|90|146
0|56|91|147
0|57|91|148
0|58|91|149
0|58|92|150
0|58|93|151
0|58|94|152
0|58|95|153
0|59|95|154
0|59|96|155
0|60|96|156
0|60|97|157
0|61|97|158
0|61|98|159
0|62|98|160
0|62|99|161
0|63|99|162
0|63|100|163
0|63|101|164
0|63|102|165
0|64|102|166
0|64|103|167
0|65|103|168
0|65|104|169
0|66|104|170
0|66|105|171
0|67|105|172
0|67|106|173
0|68|106|174
0|68|107|175
0|69|107|176
0|69|108|177
0|70|108|178
0|70|109|179
0|71|109|180
0|71|110|181
0|72|110|182
0|72|111|183
0|73|111|184
0|73|112|185
0|74|112|186
0|74|113|187
0|75|113|188
0|75|114|189
0|76|114|190
0|76|115|191
0|77|115|192
0|77|116|193
0|78|116|194
0|78|117|195
0|79|117|196
0|79|118|197
0|80|118|198
0|80|119|199
0|81|119|200
0|81|120|201
0|82|120|202
0|82|121|203
0|82|122|204
0|82|123|205
0|83|123|206
1|83|123|207
1|84|123|208
1|84|124|209
1|85|124|210
1|85|125|211
1|86|125|212
1|86|126|213
1|87|126|214
1|87|127|215
1|88|127|216
1|88|128|217
1|89|128|218
1|89|129|219
1|90|129|220
1|90|130|221
1|91|130|222
1|91|131|223
1|92|131|224
1|92|132|225
1|93|132|226
2|93|132|227
2|93|133|228
2|93|134|229
2|93|135|230
2|93|136|231
2|93|137|232
2|93|138|233
2|93|139|234
2|93|140|235
2|93|141|236
2|93|142|237
2|94|142|238
2|94|143|239
2|95|143|240
3|95|143|241
3|95|144|242
3|95|145|243
3|96|145|244
3|96|146|245
3|96|147|246
3|96|148|247
3|97|148|248
3|97|149|249
3|97|150|250
3|97|151|251
3|97|152|252
4|97|152|253
4|97|153|254
4|97|154|255
4|97|155|256
4|97|156|257
4|98|156|258
4|98|157|259
4|98|158|260
4|98|159|261
4|98|160|262
4|98|161|263
4|99|161|264
4|99|162|265
4|100|162|266
4|100|163|267
4|101|163|268
4|101|164|269
4|102|164|270
4|102|165|271
4|103|165|272
4|103|166|273
4|104|166|274
4|104|167|275
4|105|167|276
4|105|168|277
4|106|168|278
4|106|169|279
4|107|169|280
4|107|170|281
4|108|170|282
4|108|171|283
4|109|171|284
5|109|171|285
5|110|171|286
5|110|172|287
5|111|172|288
5|111|173|289
5|112|173|290
5|112|174|291
5|113|174|292
5|114|174|293
5|115|174|294
5|115|175|295
5|116|175|296
5|116|176|297
5|117|176|298
6|117|176|299
6|118|176|300
6|118|177|301
6|119|177|302
6|119|178|303
6|120|178|304
6|120|179|305
6|121|179|306
6|121|180|307
6|122|180|308
6|122|181|309
6|122|182|310
6|122|183|311
6|123|183|312
6|123|184|313
6|123|185|314
6|123|186|315
6|124|186|316
6|124|187|317
6|124|188|318
6|124|189|319
6|125|189|320
6|125|190|321
6|125|191|322
6|125|192|323
6|126|192|324
6|126|193|325
6|126|194|326
6|126|195|327
6|127|195|328
6|127|196|329
6|128|196|330
6|128|197|331
6|129|197|332
6|129|198|333
6|130|198|334
6|130|199|335
6|131|199|336
6|131|200|337
6|132|200|338
6|132|201|339
6|133|201|340
6|133|202|341
6|134|202|342
6|134|203|343
6|135|203|344
6|135|204|345
6|136|204|346
6|136|205|347
6|137|205|348
6|137|206|349
6|138|206|350
6|138|207|351
6|139|207|352
6|139|208|353
6|140|208|354
6|140|209|355
6|141|209|356
6|141|210|357
6|142|210|358
6|142|211|359
6|143|211|360
6|143|212|361
6|144|212|362
6|144|213|363
6|145|213|364
6|145|214|365
6|146|214|366
6|146|215|367
6|147|215|368
6|147|216|369
6|148|216|370
6|148|217|371
6|149|217|372
6|149|218|373
6|150|218|374
6|150|219|375
6|151|219|376
6|151|220|377
6|152|220|378
6|152|221|379
6|153|221|380
6|153|222|381
6|154|222|382
6|155|222|383
6|156|222|384
6|156|223|385
6|157|223|386
6|157|224|387
6|158|224|388
6|158|225|389
6|159|225|390
6|159|226|391
6|160|226|392
6|160|227|393
6|161|227|394
6|161|228|395
6|162|228|396
6|162|229|397
6|163|229|398
6|163|230|399
6|164|230|400
6|164|231|401
6|165|231|402
6|165|232|403
6|166|232|404
6|166|233|405
6|167|233|406
6|167|234|407
6|168|234|408
6|168|235|409
6|169|235|410
6|169|236|411
6|170|236|412
6|170|237|413
6|171|237|414
6|171|238|415
6|172|238|416
6|172|239|417
6|173|239|418
6|173|240|419
6|174|240|420
6|174|241|421
6|175|241|422
6|175|242|423
6|176|242|424
6|176|243|425
6|177|243|426
6|177|244|427
6|178|244|428
6|178|245|429
6|179|245|430
6|179|246|431
6|180|246|432
6|180|247|433
6|181|247|434
6|182|248|436
6|183|248|437
6|183|249|438
6|184|249|439
6|184|250|440
6|185|250|441
6|185|251|442
6|185|252|443
6|185|253|444
6|186|253|445
6|186|254|446
6|186|255|447
6|186|256|448
6|187|256|449
6|187|257|450
6|188|257|451
6|188|258|452
6|189|258|453
6|189|259|454
6|190|259|455
6|190|260|456
6|190|261|457
6|190|262|458
6|191|262|459
6|191|263|460
6|191|264|461
6|191|265|462
6|192|265|463
6|192|266|464
6|192|267|465
6|192|268|466
6|193|268|467
6|193|269|468
6|193|270|469
6|193|271|470
6|194|271|471
6|194|272|472
6|194|273|473
6|194|274|474
6|195|274|475
6|195|275|476
6|196|275|477
6|196|276|478
6|197|276|479
6|197|277|480
6|198|277|481
6|198|278|482
6|199|278|483
6|199|279|484
6|200|279|485
6|200|280|486
6|201|280|487
6|201|281|488
6|202|281|489
6|202|282|490
6|203|282|491
6|203|283|492
6|204|283|493
6|204|284|494
6|205|284|495
6|205|285|496
6|206|285|497
6|206|286|498
6|207|286|499
6|207|287|500
6|208|287|501
6|208|288|502
6|209|288|503
6|209|289|504
6|210|289|505
6|210|290|506
6|211|290|507
6|212|290|508
6|213|290|509
6|213|291|510
6|214|291|511
6|214|292|512
6|215|292|513
6|215|293|514
6|215|294|515
7|215|294|516
7|215|295|517
7|215|296|518
7|215|297|519
7|215|298|520
7|215|299|521
7|215|300|522
7|215|301|523
7|215|302|524
7|215|303|525
7|215|304|526
7|215|305|527
7|215|306|528
7|215|307|529
7|215|308|530
7|215|309|531
7|215|310|532
7|215|311|533
7|215|312|534
7|215|313|535
7|215|314|536
7|215|315|537
7|215|316|538
7|215|317|539
7|215|318|540
7|215|319|541
7|215|320|542
7|215|321|543
7|215|322|544
7|215|323|545
8|215|323|546
8|215|324|547
9|215|324|548
9|215|325|549
9|215|326|550
9|216|326|551
9|216|327|552
9|217|327|553
9|217|328|554
9|218|328|555
9|218|329|556
9|219|329|557
9|219|330|558
9|220|330|559
9|220|331|560
9|221|331|561
9|221|332|562
9|222|332|563
9|222|333|564
9|223|333|565
9|223|334|566
9|224|334|567
9|224|335|568
9|225|335|569
9|225|336|570
9|226|336|571
9|226|337|572
9|227|337|573
9|227|338|574
9|228|338|575
9|228|339|576
9|229|339|577
9|229|340|578
9|230|340|579
9|230|341|580
9|231|341|581
9|231|342|582
9|232|342|583
9|232|343|584
9|233|343|585
9|233|344|586
9|233|345|587
9|233|346|588
9|234|346|589
9|234|347|590
9|234|348|591
9|234|349|592
9|235|349|593
9|235|350|594
9|236|350|595
9|236|351|596
9|237|351|597
9|237|352|598
9|237|353|599
9|237|354|600
9|238|354|601
9|238|355|602
9|238|356|603
9|238|357|604
9|239|357|605
9|239|358|606
9|240|358|607
9|240|359|608
9|240|360|609
9|240|361|610
9|241|361|611
9|241|362|612
9|241|363|613
9|241|364|614
9|242|364|615
9|242|365|616
9|243|365|617
9|243|366|618
9|244|366|619
9|244|367|620
9|245|367|621
9|245|368|622
9|246|368|623
10|246|368|624
10|247|368|625
10|247|369|626
10|248|369|627
10|248|370|628
10|249|370|629
10|249|371|630
10|250|371|631
10|250|372|632
10|251|372|633
10|251|373|634
10|252|373|635
10|252|374|636
10|253|374|637
10|253|375|638
10|254|375|639
10|254|376|640
10|255|376|641
10|255|377|642
10|256|377|643
10|256|378|644
10|257|378|645
10|257|379|646
10|258|379|647
10|258|380|648
10|259|380|649
10|259|381|650
10|260|381|651
10|260|382|652
10|261|382|653
10|261|383|654
10|262|383|655
10|262|384|656
10|263|384|657
10|263|385|658
10|263|386|659
11|263|386|660
11|263|387|661
11|263|388|662
11|263|389|663
11|263|390|664
11|263|391|665
11|263|392|666
11|264|392|667
11|264|393|668
11|264|394|669
11|264|395|670
11|264|396|671
11|264|397|672
11|265|397|673
11|265|398|674
11|265|399|675
11|265|400|676
11|266|400|677
11|266|401|678
11|266|402|679
11|266|403|680
11|266|404|681
11|266|405|682
11|267|405|683
11|267|406|684
11|267|407|685
11|267|408|686
11|267|409|687
11|267|410|688
11|267|411|689
11|267|412|690
11|267|413|691
11|268|413|692
11|268|414|693
11|268|415|694
11|269|415|695
11|269|416|696
11|270|416|697
11|270|417|698
11|271|417|699
11|271|418|700
11|272|418|701
11|272|419|702
11|273|419|703
11|273|420|704
11|274|420|705
11|274|421|706
11|275|421|707
11|275|422|708
11|276|422|709
11|276|423|710
11|277|423|711
11|277|424|712
11|278|424|713
11|278|425|714
11|279|425|715
11|279|426|716
11|280|426|717
11|280|427|718
11|281|427|719
11|281|428|720
11|282|428|721
11|282|429|722
11|283|429|723
11|283|430|724
11|284|430|725
11|284|431|726
11|285|431|727
11|285|432|728
11|286|432|729
11|286|433|730
11|286|434|731
12|286|434|732
12|287|434|733
12|287|435|734
12|287|436|735
12|287|437|736
12|288|437|737
12|288|438|738
12|289|438|739
12|289|439|740
12|290|439|741
12|290|440|742
12|290|441|743
12|290|442|744
12|291|442|745
12|291|443|746
12|291|444|747
12|291|445|748
12|292|445|749
12|292|446|750
12|293|446|751
12|293|447|752
12|294|447|753
12|294|448|754
12|294|449|755
12|294|450|756
12|295|450|757
12|295|451|758
12|295|452|759
12|295|453|760
12|296|453|761
12|296|454|762
12|296|455|763
12|296|456|764
12|297|456|765
12|297|457|766
12|297|458|767
12|297|459|768
12|297|460|769
12|297|461|770
12|297|462|771
12|297|463|772
12|297|464|773
12|297|465|774
12|297|466|775
12|297|467|776
12|297|468|777
12|297|469|778
12|297|470|779
12|297|471|780
12|297|472|781
12|297|473|782
12|297|474|783
12|297|475|784
12|297|476|785
12|297|477|786
12|297|478|787
12|297|479|788
12|297|480|789
12|297|481|790
12|297|482|791
12|297|483|792
12|297|484|793
12|297|485|794
12|297|486|795
12|297|487|796
12|297|488|797
12|297|489|798
12|297|490|799
12|297|491|800
12|297|492|801
12|297|493|802
12|297|494|803
12|298|494|804
12|298|495|805
12|298|496|806
12|298|497|807
12|298|498|808
12|299|498|809
12|300|498|810
12|300|499|811
12|300|500|812
12|301|500|813
12|301|501|814
12|302|501|815
12|302|502|816
12|303|502|817
12|303|503|818
12|304|503|819
12|304|504|820
12|305|504|821
12|305|505|822
12|306|505|823
12|306|506|824
12|307|506|825
12|307|507|826
12|308|507|827
12|308|508|828
12|309|508|829
12|309|509|830
12|310|509|831
12|310|510|832
12|311|510|833
12|311|511|834
12|312|511|835
12|312|512|836
12|313|512|837
12|313|513|838
12|314|513|839
12|314|514|840
12|315|514|841
12|315|515|842
12|316|515|843
12|316|516|844
12|317|516|845
12|317|517|846
12|318|517|847
12|318|518|848
12|319|518|849
12|319|519|850
12|320|519|851
12|320|520|852
12|321|520|853
12|321|521|854
12|322|521|855
12|322|522|856
12|323|522|857
12|323|523|858
12|324|523|859
12|324|524|860
12|325|524|861
12|325|525|862
12|326|525|863
12|326|526|864
12|327|526|865
12|327|527|866
12|328|527|867
12|328|528|868
12|329|528|869
12|329|529|870
12|330|529|871
12|330|530|872
12|331|530|873
12|331|531|874
12|332|531|875
12|332|532|876
12|333|532|877
12|333|533|878
12|334|533|879
12|334|534|880
12|335|534|881
12|335|535|882
12|336|535|883
12|336|536|884
12|337|536|885
12|337|537|886
12|338|537|887
12|338|538|888
12|339|538|889
12|339|539|890
12|340|539|891
13|340|539|892
13|341|539|893
13|341|540|894
13|342|540|895
13|342|541|896
13|342|542|897
13|342|543|898
13|342|544|899
13|342|545|900
13|342|546|901
13|342|547|902
13|342|548|903
14|342|548|904
14|342|549|905
14|342|550|906
14|343|550|907
14|343|551|908
14|344|551|909
14|344|552|910
14|345|552|911
14|345|553|912
14|346|553|913
14|346|554|914
14|347|554|915
14|347|555|916
14|348|555|917
14|348|556|918
14|349|556|919
15|349|556|920
15|350|556|921
15|350|557|922
15|351|557|923
15|351|558|924
15|351|559|925
15|351|560|926
15|352|560|927
15|352|561|928
15|352|562|929
15|352|563|930
15|352|564|931
15|352|565|932
15|352|566|933
15|352|567|934
15|353|567|935
15|353|568|936
15|353|569|937
15|353|570|938
15|353|571|939
15|353|572|940
15|354|572|941
15|354|573|942
15|355|573|943
15|355|574|944
15|356|574|945
15|356|575|946
15|357|575|947
15|357|576|948
15|358|576|949
15|358|577|950
15|359|577|951
15|359|578|952
15|360|578|953
15|360|579|954
15|361|579|955
15|361|580|956
15|362|580|957
15|362|581|958
15|363|581|959
15|363|582|960
15|364|582|961
15|364|583|962
15|365|583|963
15|365|584|964
15|366|584|965
15|366|585|966
15|367|585|967
15|367|586|968
15|368|586|969
15|368|587|970
15|369|587|971
15|369|588|972
15|370|588|973
15|370|589|974
15|371|589|975
15|371|590|976
15|372|590|977
15|372|591|978
15|373|591|979
15|373|592|980
15|374|592|981
15|374|593|982
15|375|593|983
15|375|594|984
15|376|594|985
15|376|595|986
15|377|595|987
15|377|596|988
15|378|596|989
15|378|597|990
15|378|598|991
15|378|599|992
15|379|599|993
15|379|600|994
15|380|600|995
15|380|601|996
15|380|602|997
16|380|602|998
16|381|602|999
16|381|603|1000
16|382|603|1001
16|382|604|1002
16|383|604|1003
16|383|605|1004
16|384|605|1005
16|384|606|1006
16|385|606|1007
16|385|607|1008
16|386|607|1009
16|386|608|1010
16|386|609|1011
16|386|610|1012
16|387|610|1013
16|387|611|1014
16|387|612|1015
16|387|613|1016
16|387|614|1017
16|387|615|1018
16|388|615|1019
16|388|616|1020
16|389|616|1021
16|389|617|1022
16|390|617|1023
16|390|618|1024
16|391|618|1025
16|391|619|1026
16|392|619|1027
16|392|620|1028
16|393|620|1029
16|393|621|1030
16|394|621|1031
16|394|622|1032
16|395|622|1033
16|395|623|1034
16|396|623|1035
16|396|624|1036
16|397|624|1037
16|397|625|1038
16|398|625|1039
16|398|626|1040
16|399|626|1041
16|399|627|1042
16|400|627|1043
16|400|628|1044
16|401|628|1045
16|401|629|1046
16|402|629|1047
16|402|630|1048
16|403|630|1049
16|403|631|1050
16|404|631|1051
16|404|632|1052
16|405|632|1053
16|405|633|1054
16|406|633|1055
16|406|634|1056
16|407|634|1057
16|407|635|1058
16|408|635|1059
16|408|636|1060
16|409|636|1061
16|409|637|1062
16|410|637|1063
16|410|638|1064
16|411|638|1065
16|411|639|1066
16|412|639|1067
16|412|640|1068
16|413|640|1069
16|413|641|1070
16|414|641|1071
16|414|642|1072
16|415|642|1073
16|415|643|1074
16|416|643|1075
16|416|644|1076
16|417|644|1077
16|417|645|1078
16|418|645|1079
16|418|646|1080
16|419|646|1081
16|419|647|1082
16|420|647|1083
16|420|648|1084
16|421|648|1085
16|421|649|1086
16|422|649|1087
16|422|650|1088
16|423|650|1089
16|423|651|1090
16|424|651|1091
16|424|652|1092
16|425|652|1093
17|425|652|1094
17|425|653|1095
18|425|653|1096
18|425|654|1097
19|425|654|1098
19|425|655|1099
20|425|655|1100
20|425|656|1101
21|425|656|1102
21|425|657|1103
21|425|658|1104
21|426|658|1105
21|426|659|1106
21|426|660|1107
21|426|661|1108
21|426|662|1109
21|426|663|1110
21|426|664|1111
22|426|664|1112
22|426|665|1113
23|426|665|1114
23|426|666|1115
24|426|666|1116
24|426|667|1117
25|426|667|1118
25|427|667|1119
25|427|668|1120
25|427|669|1121
25|427|670|1122
25|427|671|1123
26|427|671|1124
26|427|672|1125
27|427|672|1126
27|427|673|1127
27|427|674|1128
27|428|674|1129
27|428|675|1130
27|429|675|1131
27|429|676|1132
27|430|676|1133
27|430|677|1134
27|431|677|1135
27|431|678|1136
27|431|679|1137
27|431|680|1138
27|432|680|1139
27|432|681|1140
27|432|682|1141
27|432|683|1142
27|433|683|1143
27|433|684|1144
27|434|684|1145
27|434|685|1146
27|435|685|1147
27|435|686|1148
27|436|686|1149
27|436|687|1150
27|437|687|1151
27|437|688|1152
27|438|688|1153
27|438|689|1154
27|439|689|1155
27|439|690|1156
27|440|690|1157
27|440|691|1158
27|441|691|1159
27|441|692|1160
27|441|693|1161
27|441|694|1162
27|442|694|1163
27|442|695|1164
27|443|695|1165
27|443|696|1166
27|444|696|1167
27|444|697|1168
27|445|697|1169
27|445|698|1170
27|446|698|1171
27|446|699|1172
27|447|699|1173
27|447|700|1174
27|448|700|1175
27|448|701|1176
27|449|701|1177
27|449|702|1178
27|450|702|1179
27|450|703|1180
27|451|703|1181
27|451|704|1182
27|452|704|1183
27|452|705|1184
27|453|705|1185
27|453|706|1186
27|454|706|1187
27|454|707|1188
27|455|707|1189
27|455|708|1190
27|456|708|1191
27|456|709|1192
27|457|709|1193
27|457|710|1194
27|458|710|1195
27|458|711|1196
27|459|711|1197
27|459|712|1198
27|459|713|1199
27|459|714|1200
27|459|715|1201
28|459|715|1202
28|459|716|1203
28|459|717|1204
28|459|718|1205
28|459|719|1206
28|459|720|1207
28|459|721|1208
28|459|722|1209
29|459|722|1210
29|459|723|1211
30|459|723|1212
30|459|724|1213
31|459|724|1214
31|459|725|1215
31|459|726|1216
31|459|727|1217
32|459|727|1218
32|459|728|1219
32|459|729|1220
32|459|730|1221
32|459|731|1222
32|459|732|1223
32|459|733|1224
32|459|734|1225
32|459|735|1226
32|459|736|1227
32|459|737|1228
32|459|738|1229
33|459|738|1230
33|459|739|1231
34|459|739|1232
34|459|740|1233
35|459|740|1234
35|460|740|1235
35|460|741|1236
35|461|741|1237
35|461|742|1238
35|462|742|1239
35|462|743|1240
35|463|743|1241
35|463|744|1242
35|464|744|1243
35|464|745|1244
35|465|745|1245
35|465|746|1246
35|466|746|1247
35|466|747|1248
35|467|747|1249
35|467|748|1250
35|468|748|1251
35|468|749|1252
35|469|749|1253
35|469|750|1254
35|470|750|1255
35|470|751|1256
35|471|751|1257
35|471|752|1258
35|472|752|1259
35|472|753|1260
35|473|753|1261
35|473|754|1262
35|474|754|1263
35|474|755|1264
35|475|755|1265
35|475|756|1266
35|476|756|1267
35|476|757|1268
35|477|757|1269
35|477|758|1270
35|478|758|1271
35|478|759|1272
35|479|759|1273
35|479|760|1274
35|480|760|1275
35|480|761|1276
35|481|761|1277
35|481|762|1278
35|482|762|1279
35|482|763|1280
35|482|764|1281
35|482|765|1282
35|483|765|1283
35|483|766|1284
35|484|766|1285
35|484|767|1286
35|485|767|1287
35|485|768|1288
35|486|768|1289
35|486|769|1290
35|487|769|1291
35|487|770|1292
35|488|770|1293
35|488|771|1294
35|489|771|1295
35|489|772|1296
35|490|772|1297
35|490|773|1298
35|491|773|1299
35|491|774|1300
35|492|774|1301
35|492|775|1302
35|493|775|1303
35|493|776|1304
35|493|777|1305
35|493|778|1306
35|494|778|1307
35|494|779|1308
35|495|779|1309
35|495|780|1310
35|496|780|1311
35|496|781|1312
35|497|781|1313
35|497|782|1314
35|498|782|1315
35|498|783|1316
35|499|783|1317
35|499|784|1318
35|500|784|1319
35|500|785|1320
35|501|785|1321
35|501|786|1322
35|502|786|1323
35|502|787|1324
35|503|787|1325
35|503|788|1326
35|504|788|1327
35|504|789|1328
35|505|789|1329
35|505|790|1330
35|506|790|1331
35|506|791|1332
35|507|791|1333
35|507|792|1334
35|508|792|1335
35|508|793|1336
35|509|793|1337
35|509|794|1338
35|510|794|1339
35|510|795|1340
35|511|795|1341
35|511|796|1342
35|511|797|1343
35|511|798|1344
35|512|798|1345
35|512|799|1346
35|512|800|1347
35|512|801|1348
35|512|802|1349
35|512|803|1350
35|513|803|1351
35|513|804|1352
35|513|805|1353
36|513|805|1354
36|513|806|1355
36|513|807|1356
36|514|807|1357
36|514|808|1358
36|514|809|1359
36|514|810|1360
36|515|810|1361
36|515|811|1362
36|515|812|1363
36|515|813|1364
36|516|813|1365
36|516|814|1366
36|517|814|1367
36|517|815|1368
36|518|815|1369
36|518|816|1370
36|518|817|1371
36|518|818|1372
36|518|819|1373
36|518|820|1374
36|518|821|1375
36|518|822|1376
36|518|823|1377
36|518|824|1378
36|519|824|1379
36|519|825|1380
36|520|825|1381
36|520|826|1382
36|521|826|1383
36|521|827|1384
36|522|827|1385
36|522|828|1386
36|523|828|1387
36|523|829|1388
36|524|829|1389
36|524|830|1390
36|525|830|1391
36|525|831|1392
36|526|831|1393
36|526|832|1394
36|527|832|1395
36|527|833|1396
36|528|833|1397
36|528|834|1398
36|529|834|1399
36|529|835|1400
36|530|835|1401
36|530|836|1402
36|531|836|1403
36|531|837|1404
36|532|837|1405
36|532|838|1406
36|533|838|1407
36|533|839|1408
36|534|839|1409
36|534|840|1410
36|535|840|1411
36|535|841|1412
36|536|841|1413
36|536|842|1414
36|536|843|1415
36|536|844|1416
36|537|844|1417
36|537|845|1418
36|538|845|1419
36|538|846|1420
36|539|846|1421
36|539|847|1422
36|540|847|1423
36|540|848|1424
36|540|849|1425
37|540|849|1426
37|541|849|1427
37|541|850|1428
37|542|850|1429
37|542|851|1430
37|542|852|1431
37|542|853|1432
37|543|853|1433
37|543|854|1434
37|544|854|1435
37|544|855|1436
37|545|855|1437
37|545|856|1438
37|546|856|1439
37|546|857|1440
37|547|857|1441
37|547|858|1442
37|548|858|1443
37|548|859|1444
37|549|859|1445
37|549|860|1446
37|549|861|1447
37|549|862|1448
37|549|863|1449
37|549|864|1450
37|549|865|1451
37|549|866|1452
37|549|867|1453
37|549|868|1454
37|549|869|1455
37|549|870|1456
37|549|871|1457
37|549|872|1458
37|549|873|1459
37|549|874|1460
37|549|875|1461
37|549|876|1462
37|549|877|1463
37|549|878|1464
37|549|879|1465
37|549|880|1466
37|549|881|1467
37|549|882|1468
37|549|883|1469
37|549|884|1470
37|549|885|1471
37|549|886|1472
37|549|887|1473
37|549|888|1474
37|550|888|1475
37|550|889|1476
37|550|890|1477
37|550|891|1478
37|550|892|1479
37|550|893|1480
37|550|894|1481
37|550|895|1482
37|550|896|1483
37|550|897|1484
37|550|898|1485
37|550|899|1486
37|550|900|1487
37|551|900|1488
37|552|900|1489
37|552|901|1490
37|553|901|1491
37|553|902|1492
37|554|902|1493
37|554|903|1494
37|555|903|1495
37|555|904|1496
37|556|904|1497
37|557|904|1498
37|558|904|1499
37|558|905|1500
37|559|905|1501
37|559|906|1502
37|560|906|1503
37|560|907|1504
37|561|907|1505
37|561|908|1506
37|562|908|1507
37|562|909|1508
37|563|909|1509
37|563|910|1510
37|564|910|1511
37|564|911|1512
37|565|911|1513
37|565|912|1514
37|566|912|1515
37|566|913|1516
37|567|913|1517
37|567|914|1518
37|568|914|1519
37|568|915|1520
37|569|915|1521
37|569|916|1522
37|570|916|1523
37|570|917|1524
37|571|917|1525
37|571|918|1526
37|572|918|1527
37|572|919|1528
37|573|919|1529
37|573|920|1530
37|574|920|1531
37|574|921|1532
37|575|921|1533
37|575|922|1534
37|576|922|1535
37|576|923|1536
37|577|923|1537
37|577|924|1538
37|578|924|1539
37|578|925|1540
37|579|925|1541
37|579|926|1542
37|580|926|1543
37|580|927|1544
37|581|927|1545
37|581|928|1546
37|582|928|1547
37|582|929|1548
37|583|929|1549
37|583|930|1550
37|584|930|1551
37|584|931|1552
37|585|931|1553
37|585|932|1554
37|586|932|1555
37|586|933|1556
37|587|933|1557
37|587|934|1558
37|588|934|1559
37|588|935|1560
37|589|935|1561
37|589|936|1562
37|590|936|1563
37|590|937|1564
37|591|937|1565
37|591|938|1566
37|592|938|1567
37|592|939|1568
37|593|939|1569
38|593|939|1570
38|594|939|1571
38|594|940|1572
38|595|940|1573
38|595|941|1574
38|596|941|1575
38|596|942|1576
38|597|942|1577
38|597|943|1578
38|598|943|1579
38|598|944|1580
38|599|944|1581
38|599|945|1582
38|600|945|1583
38|600|946|1584
38|601|946|1585
38|601|947|1586
38|602|947|1587
38|602|948|1588
38|603|948|1589
38|603|949|1590
38|604|949|1591
38|604|950|1592
38|605|950|1593
38|605|951|1594
38|606|951|1595
38|606|952|1596
38|606|953|1597
38|606|954|1598
38|607|954|1599
38|607|955|1600
38|608|955|1601
38|608|956|1602
38|608|957|1603
38|608|958|1604
38|609|958|1605
38|609|959|1606
38|610|959|1607
38|610|960|1608
38|610|961|1609
38|610|962|1610
38|611|962|1611
38|611|963|1612
38|611|964|1613
38|611|965|1614
38|612|965|1615
39|612|965|1616
39|612|966|1617
39|612|967|1618
39|613|967|1619
39|613|968|1620
39|613|969|1621
39|613|970|1622
39|613|971|1623
39|613|972|1624
39|614|972|1625
39|614|973|1626
39|614|974|1627
39|614|975|1628
39|614|976|1629
39|614|977|1630
39|615|977|1631
39|615|978|1632
39|616|978|1633
39|616|979|1634
39|617|979|1635
39|617|980|1636
39|618|980|1637
39|618|981|1638
39|619|981|1639
40|619|981|1640
40|620|981|1641
40|620|982|1642
40|621|982|1643
40|621|983|1644
40|622|983|1645
40|622|984|1646
40|623|984|1647
40|623|985|1648
40|624|985|1649
40|624|986|1650
40|625|986|1651
40|625|987|1652
40|626|987|1653
40|626|988|1654
40|627|988|1655
40|627|989|1656
40|628|989|1657
40|628|990|1658
40|629|990|1659
40|629|991|1660
40|630|991|1661
40|630|992|1662
40|631|992|1663
40|631|993|1664
40|632|993|1665
40|632|994|1666
40|632|995|1667
40|632|996|1668
40|633|996|1669
40|633|997|1670
40|634|997|1671
40|634|998|1672
40|635|998|1673
40|635|999|1674
40|635|1000|1675
40|635|1001|1676
40|636|1001|1677
40|636|1002|1678
40|637|1002|1679
40|637|1003|1680
40|637|1004|1681
40|637|1005|1682
40|638|1005|1683
40|638|1006|1684
40|639|1006|1685
40|639|1007|1686
40|640|1007|1687
40|640|1008|1688
40|640|1009|1689
40|640|1010|1690
40|641|1010|1691
40|641|1011|1692
40|642|1011|1693
40|642|1012|1694
40|642|1013|1695
40|642|1014|1696
40|643|1014|1697
40|643|1015|1698
40|644|1015|1699
40|644|1016|1700
40|644|1017|1701
40|644|1018|1702
40|645|1018|1703
40|645|1019|1704
40|646|1019|1705
40|646|1020|1706
40|647|1020|1707
40|647|1021|1708
40|648|1021|1709
40|648|1022|1710
40|649|1022|1711
40|649|1023|1712
40|650|1023|1713
40|650|1024|1714
40|651|1024|1715
40|651|1025|1716
40|652|1025|1717
40|652|1026|1718
40|653|1026|1719
40|653|1027|1720
40|654|1027|1721
40|654|1028|1722
40|655|1028|1723
40|655|1029|1724
40|656|1029|1725
40|656|1030|1726
40|657|1030|1727
40|657|1031|1728
40|658|1031|1729
40|658|1032|1730
40|659|1032|1731
40|659|1033|1732
40|660|1033|1733
40|660|1034|1734
40|661|1034|1735
40|661|1035|1736
40|662|1035|1737
40|662|1036|1738
40|663|1036|1739
40|663|1037|1740
40|664|1037|1741
40|664|1038|1742
40|665|1038|1743
40|665|1039|1744
40|666|1039|1745
40|666|1040|1746
40|667|1040|1747
40|667|1041|1748
40|668|1041|1749
40|668|1042|1750
40|669|1042|1751
40|669|1043|1752
40|670|1043|1753
40|670|1044|1754
40|671|1044|1755
40|671|1045|1756
40|672|1045|1757
40|672|1046|1758
40|673|1046|1759
40|673|1047|1760
40|674|1047|1761
40|674|1048|1762
40|675|1048|1763
40|675|1049|1764
40|676|1049|1765
40|676|1050|1766
40|677|1050|1767
40|677|1051|1768
40|678|1051|1769
40|678|1052|1770
40|679|1052|1771
40|679|1053|1772
40|680|1053|1773
40|680|1054|1774
40|680|1055|1775
41|680|1055|1776
41|680|1056|1777
42|680|1056|1778
42|681|1056|1779
43|681|1056|1780
43|681|1057|1781
44|681|1057|1782
44|681|1058|1783
45|681|1058|1784
45|681|1059|1785
45|681|1060|1786
45|681|1061|1787
46|681|1061|1788
46|682|1061|1789
46|682|1062|1790
46|682|1063|1791
47|682|1063|1792
47|682|1064|1793
48|682|1064|1794
48|682|1065|1795
48|682|1066|1796
48|682|1067|1797
49|682|1067|1798
49|682|1068|1799
50|682|1068|1800
50|682|1069|1801
51|682|1069|1802
51|682|1070|1803
51|682|1071|1804
51|682|1072|1805
52|682|1072|1806
52|682|1073|1807
52|682|1074|1808
52|682|1075|1809
53|682|1075|1810
53|683|1075|1811
53|683|1076|1812
53|684|1076|1813
53|684|1077|1814
53|685|1077|1815
53|685|1078|1816
53|686|1078|1817
53|686|1079|1818
53|687|1079|1819
53|687|1080|1820
53|688|1080|1821
53|688|1081|1822
53|689|1081|1823
53|689|1082|1824
53|690|1082|1825
53|690|1083|1826
53|691|1083|1827
53|691|1084|1828
53|692|1084|1829
53|692|1085|1830
53|693|1085|1831
53|693|1086|1832
53|694|1086|1833
53|694|1087|1834
53|695|1087|1835
53|695|1088|1836
53|696|1088|1837
53|696|1089|1838
53|697|1089|1839
53|697|1090|1840
53|698|1090|1841
53|698|1091|1842
53|699|1091|1843
53|699|1092|1844
53|700|1092|1845
53|700|1093|1846
53|701|1093|1847
53|701|1094|1848
53|702|1094|1849
53|702|1095|1850
53|703|1095|1851
53|703|1096|1852
53|704|1096|1853
53|704|1097|1854
53|705|1097|1855
53|705|1098|1856
53|706|1098|1857
53|706|1099|1858
53|707|1099|1859
53|707|1100|1860
53|708|1100|1861
53|708|1101|1862
53|709|1101|1863
53|709|1102|1864
53|710|1102|1865
53|710|1103|1866
53|711|1103|1867
53|711|1104|1868
53|712|1104|1869
53|712|1105|1870
53|713|1105|1871
53|713|1106|1872
53|714|1106|1873
53|714|1107|1874
53|715|1107|1875
53|715|1108|1876
53|716|1108|1877
53|716|1109|1878
53|717|1109|1879
53|717|1110|1880
53|718|1110|1881
53|718|1111|1882
53|718|1112|1883
53|718|1113|1884
53|718|1114|1885
53|718|1115|1886
53|718|1116|1887
53|718|1117|1888
53|718|1118|1889
53|718|1119|1890
53|718|1120|1891
53|718|1121|1892
53|718|1122|1893
54|718|1122|1894
54|718|1123|1895
54|718|1124|1896
54|718|1125|1897
54|718|1126|1898
54|718|1127|1899
54|718|1128|1900
54|718|1129|1901
54|718|1130|1902
54|718|1131|1903
55|718|1131|1904
55|718|1132|1905
55|718|1133|1906
55|718|1134|1907
55|718|1135|1908
55|718|1136|1909
55|718|1137|1910
55|718|1138|1911
55|718|1139|1912
55|718|1140|1913
55|718|1141|1914
55|718|1142|1915
55|718|1143|1916
55|718|1144|1917
55|718|1145|1918
55|719|1145|1919
55|719|1146|1920
55|720|1146|1921
55|720|1147|1922
55|721|1147|1923
55|721|1148|1924
55|722|1148|1925
55|722|1149|1926
55|723|1149|1927
55|723|1150|1928
55|724|1150|1929
55|724|1151|1930
55|725|1151|1931
55|725|1152|1932
55|726|1152|1933
55|726|1153|1934
55|727|1153|1935
55|727|1154|1936
55|728|1154|1937
55|728|1155|1938
55|729|1155|1939
55|729|1156|1940
55|730|1156|1941
55|730|1157|1942
55|731|1157|1943
55|731|1158|1944
55|732|1158|1945
55|732|1159|1946
55|733|1159|1947
55|733|1160|1948
55|734|1160|1949
55|734|1161|1950
55|735|1161|1951
55|735|1162|1952
55|736|1162|1953
55|736|1163|1954
55|736|1164|1955
55|736|1165|1956
55|737|1165|1957
55|737|1166|1958
55|738|1166|1959
55|738|1167|1960
55|739|1167|1961
55|739|1168|1962
55|740|1168|1963
55|740|1169|1964
55|740|1170|1965
55|740|1171|1966
55|741|1171|1967
55|741|1172|1968
55|742|1172|1969
55|742|1173|1970
55|742|1174|1971
55|742|1175|1972
55|743|1175|1973
55|743|1176|1974
55|744|1176|1975
55|744|1177|1976
55|744|1178|1977
55|744|1179|1978
55|745|1179|1979
55|745|1180|1980
55|746|1180|1981
55|746|1181|1982
55|746|1182|1983
55|746|1183|1984
55|747|1183|1985
55|747|1184|1986
55|748|1184|1987
55|748|1185|1988
55|749|1185|1989
55|749|1186|1990
55|750|1186|1991
55|750|1187|1992
55|751|1187|1993
55|751|1188|1994
55|752|1188|1995
55|752|1189|1996
55|753|1189|1997
55|753|1190|1998
55|754|1190|1999
55|754|1191|2000
