total
0|1|0|1
0|2|0|2
0|2|1|3
0|3|1|4
0|3|2|5
0|4|2|6
0|4|3|7
0|5|3|8
0|5|4|9
0|6|4|10
0|6|5|11
0|7|5|12
0|7|6|13
0|8|6|14
0|8|7|15
0|9|7|16
0|9|8|17
0|10|8|18
0|10|9|19
0|11|9|20
0|11|10|21
0|12|10|22
0|12|11|23
0|13|11|24
0|13|12|25
0|14|12|26
0|14|13|27
0|15|13|28
0|15|14|29
0|16|14|30
0|16|15|31
0|17|15|32
0|17|16|33
0|18|16|34
0|18|17|35
0|19|17|36
0|19|18|37
0|20|18|38
0|20|19|39
0|21|19|40
0|21|20|41
0|22|20|42
0|22|21|43
0|23|21|44
0|23|22|45
0|24|22|46
0|24|23|47
0|25|23|48
0|25|24|49
0|26|24|50
0|26|25|51
0|27|25|52
0|27|26|53
0|28|26|54
0|29|26|55
0|30|26|56
0|30|27|57
0|31|27|58
0|31|28|59
0|32|28|60
0|32|29|61
0|33|29|62
0|33|30|63
0|34|30|64
0|34|31|65
0|35|31|66
0|35|32|67
0|36|32|68
0|36|33|69
0|37|33|70
0|37|34|71
0|38|34|72
0|38|35|73
0|39|35|74
0|39|36|75
0|40|36|76
0|40|37|77
0|41|37|78
0|41|38|79
0|42|38|80
0|42|39|81
0|43|39|82
0|43|40|83
0|44|40|84
0|44|41|85
0|45|41|86
0|45|42|87
0|46|42|88
0|46|43|89
0|47|43|90
0|47|44|91
0|48|44|92
0|48|45|93
0|49|45|94
0|49|46|95
0|50|46|96
0|50|47|97
0|51|47|98
0|51|48|99
0|52|48|100
0|52|49|101
0|53|49|102
0|53|50|103
0|54|50|104
0|54|51|105
0|55|51|106
0|55|52|107
0|56|52|108
0|56|53|109
0|57|53|110
0|57|54|111
0|58|54|112
0|58|55|113
0|59|55|114
0|59|56|115
0|60|56|116
0|60|57|117
0|61|57|118
0|61|58|119
0|62|58|120
0|63|58|121
0|64|58|122
0|65|58|123
0|66|58|124
0|67|58|125
0|68|58|126
0|69|58|127
0|70|58|128
0|70|59|129
0|71|59|130
0|72|59|131
0|73|59|132
0|74|59|133
0|75|59|134
0|75|60|135
0|76|60|136
0|77|60|137
0|78|60|138
0|78|61|139
0|79|61|140
0|79|62|141
0|80|62|142
0|81|62|143
0|82|62|144
0|83|62|145
0|84|62|146
0|85|62|147
0|86|62|148
0|87|62|149
0|88|62|150
0|89|62|151
0|90|62|152
0|91|62|153
0|92|62|154
0|92|63|155
0|93|63|156
0|93|64|157
0|94|64|158
0|94|65|159
0|95|65|160
0|95|66|161
0|96|66|162
0|96|67|163
0|97|67|164
0|97|68|165
0|98|68|166
0|98|69|167
0|99|69|168
0|99|70|169
0|100|70|170
0|100|71|171
0|101|71|172
0|101|72|173
0|102|72|174
0|102|73|175
0|103|73|176
0|103|74|177
0|104|74|178
0|104|75|179
0|105|75|180
0|105|76|181
0|106|76|182
0|106|77|183
0|107|77|184
0|107|78|185
0|108|78|186
0|108|79|187
0|109|79|188
0|109|80|189
0|110|80|190
0|110|81|191
0|111|81|192
0|111|82|193
0|112|82|194
0|112|83|195
0|113|83|196
0|113|84|197
0|114|84|198
0|114|85|199
0|115|85|200
0|115|86|201
0|116|86|202
0|116|87|203
0|117|87|204
0|117|88|205
0|118|88|206
0|118|89|207
0|119|89|208
0|119|90|209
0|120|90|210
0|120|91|211
0|121|91|212
0|121|92|213
0|122|92|214
0|122|93|215
0|123|93|216
0|123|94|217
0|124|94|218
0|124|95|219
0|125|95|220
0|125|96|221
0|126|96|222
0|126|97|223
0|127|97|224
0|127|98|225
0|128|98|226
0|128|99|227
0|129|99|228
0|129|100|229
0|130|100|230
0|130|101|231
0|131|101|232
0|131|102|233
0|132|102|234
0|132|103|235
0|133|103|236
0|133|104|237
0|134|104|238
0|134|105|239
0|135|105|240
0|135|106|241
0|136|106|242
0|136|107|243
0|137|107|244
0|137|108|245
0|138|108|246
0|138|109|247
0|139|109|248
0|139|110|249
0|140|110|250
0|140|111|251
0|141|111|252
0|141|112|253
0|142|112|254
0|142|113|255
0|143|113|256
0|143|114|257
0|144|114|258
0|145|114|259
0|146|114|260
0|146|115|261
0|147|115|262
0|147|116|263
1|147|116|264
1|147|117|265
1|148|117|266
1|148|118|267
1|149|118|268
1|149|119|269
1|150|119|270
1|150|120|271
1|151|120|272
1|151|121|273
1|152|121|274
1|152|122|275
1|153|122|276
1|153|123|277
1|154|123|278
1|154|124|279
1|155|124|280
1|155|125|281
1|156|125|282
1|157|125|283
2|157|125|284
2|157|126|285
2|158|126|286
2|158|127|287
2|159|127|288
2|159|128|289
2|160|128|290
2|160|129|291
2|161|129|292
2|162|129|293
2|163|129|294
2|164|129|295
2|165|129|296
2|165|130|297
2|166|130|298
2|166|131|299
2|167|131|300
2|167|132|301
2|168|132|302
2|168|133|303
2|169|133|304
2|169|134|305
2|170|134|306
2|170|135|307
2|171|135|308
2|171|136|309
2|172|136|310
2|172|137|311
2|173|137|312
2|173|138|313
2|174|138|314
2|174|139|315
2|175|139|316
2|175|140|317
2|176|140|318
2|176|141|319
2|177|141|320
2|177|142|321
2|178|142|322
2|178|143|323
2|179|143|324
2|179|144|325
2|180|144|326
2|180|145|327
2|181|145|328
2|181|146|329
2|182|146|330
2|182|147|331
2|183|147|332
2|183|148|333
2|184|148|334
2|184|149|335
2|185|149|336
2|185|150|337
2|186|150|338
2|186|151|339
2|187|151|340
2|187|152|341
2|188|152|342
2|188|153|343
2|189|153|344
2|189|154|345
2|190|154|346
2|190|155|347
2|191|155|348
2|191|156|349
2|192|156|350
2|192|157|351
2|193|157|352
2|193|158|353
2|194|158|354
2|194|159|355
2|195|159|356
2|195|160|357
2|196|160|358
2|196|161|359
2|197|161|360
2|197|162|361
2|198|162|362
2|198|163|363
2|199|163|364
2|199|164|365
2|200|164|366
2|200|165|367
2|201|165|368
2|201|166|369
2|202|166|370
2|202|167|371
2|203|167|372
2|203|168|373
2|204|168|374
2|204|169|375
2|205|169|376
2|205|170|377
2|206|170|378
2|206|171|379
2|207|171|380
2|207|172|381
2|208|172|382
2|208|173|383
2|209|173|384
2|209|174|385
2|210|174|386
2|210|175|387
2|211|175|388
2|211|176|389
2|212|176|390
2|212|177|391
2|213|177|392
2|213|178|393
2|214|178|394
2|214|179|395
2|215|179|396
2|215|180|397
2|216|180|398
2|216|181|399
2|217|181|400
2|217|182|401
2|218|182|402
2|218|183|403
2|219|183|404
2|219|184|405
2|220|184|406
2|220|185|407
2|221|185|408
2|221|186|409
2|222|186|410
2|222|187|411
2|223|187|412
2|223|188|413
2|224|188|414
2|224|189|415
2|225|189|416
2|225|190|417
2|226|190|418
2|226|191|419
2|227|191|420
2|227|192|421
2|228|192|422
2|228|193|423
2|229|193|424
2|229|194|425
2|230|194|426
2|230|195|427
2|231|195|428
2|231|196|429
2|232|196|430
2|232|197|431
2|233|197|432
2|233|198|433
2|234|198|434
2|234|199|435
2|235|199|436
2|235|200|437
2|236|200|438
2|236|201|439
2|237|201|440
2|237|202|441
2|238|202|442
2|238|203|443
2|239|203|444
2|240|204|446
2|241|204|447
2|241|205|448
2|242|205|449
2|242|206|450
2|243|206|451
2|243|207|452
2|244|207|453
2|244|208|454
2|245|208|455
2|245|209|456
2|246|209|457
2|246|210|458
2|247|210|459
2|247|211|460
2|248|211|461
2|248|212|462
2|249|212|463
2|249|213|464
2|250|213|465
2|250|214|466
2|251|214|467
2|251|215|468
2|252|215|469
2|252|216|470
2|253|216|471
2|253|217|472
2|254|217|473
2|254|218|474
2|255|218|475
2|255|219|476
2|256|219|477
2|256|220|478
2|257|220|479
2|257|221|480
2|258|221|481
2|258|222|482
2|259|222|483
2|259|223|484
2|260|223|485
2|260|224|486
2|261|224|487
2|261|225|488
2|262|225|489
2|262|226|490
2|263|226|491
2|263|227|492
2|264|227|493
2|264|228|494
2|265|228|495
2|265|229|496
2|266|229|497
2|266|230|498
2|267|230|499
2|267|231|500
2|268|231|501
2|268|232|502
2|269|232|503
2|269|233|504
2|270|233|505
2|270|234|506
2|271|234|507
2|271|235|508
2|272|235|509
2|272|236|510
2|273|236|511
2|273|237|512
2|274|237|513
2|274|238|514
2|275|238|515
2|275|239|516
2|276|239|517
2|277|239|518
2|278|239|519
2|278|240|520
2|279|240|521
2|279|241|522
2|280|241|523
2|280|242|524
2|281|242|525
2|281|243|526
2|282|243|527
2|282|244|528
2|283|244|529
2|283|245|530
2|284|245|531
2|284|246|532
2|285|246|533
2|285|247|534
2|286|247|535
2|286|248|536
2|287|248|537
2|287|249|538
2|288|249|539
2|288|250|540
2|289|250|541
2|289|251|542
2|290|251|543
2|290|252|544
2|291|252|545
2|292|252|546
2|293|252|547
2|294|252|548
2|295|252|549
2|296|252|550
2|297|252|551
2|297|253|552
2|298|253|553
2|298|254|554
2|299|254|555
2|299|255|556
2|300|255|557
2|300|256|558
2|301|256|559
2|301|257|560
2|302|257|561
2|302|258|562
2|303|258|563
2|303|259|564
2|304|259|565
2|304|260|566
2|305|260|567
2|305|261|568
2|306|261|569
2|306|262|570
2|307|262|571
2|307|263|572
2|308|263|573
2|308|264|574
2|309|264|575
2|309|265|576
2|310|265|577
2|310|266|578
2|311|266|579
2|311|267|580
2|312|267|581
2|312|268|582
2|313|268|583
2|313|269|584
2|314|269|585
2|314|270|586
2|315|270|587
2|315|271|588
2|316|271|589
2|316|272|590
2|317|272|591
2|317|273|592
2|318|273|593
2|318|274|594
2|319|274|595
2|319|275|596
2|320|275|597
2|320|276|598
2|321|276|599
2|321|277|600
2|322|277|601
2|322|278|602
2|323|278|603
2|323|279|604
2|324|279|605
2|324|280|606
2|325|280|607
2|325|281|608
2|326|281|609
2|326|282|610
2|327|282|611
2|327|283|612
2|328|283|613
2|328|284|614
2|329|284|615
2|329|285|616
2|330|285|617
2|330|286|618
2|331|286|619
2|331|287|620
2|332|287|621
2|332|288|622
2|333|288|623
2|333|289|624
2|334|289|625
2|334|290|626
2|335|290|627
2|335|291|628
2|336|291|629
2|336|292|630
2|337|292|631
2|337|293|632
2|338|293|633
2|338|294|634
2|339|294|635
2|339|295|636
2|340|295|637
2|340|296|638
2|341|296|639
2|341|297|640
2|342|297|641
2|342|298|642
2|343|298|643
2|343|299|644
2|344|299|645
2|344|300|646
2|345|300|647
2|345|301|648
2|346|301|649
2|347|301|650
2|348|301|651
2|348|302|652
2|349|302|653
2|349|303|654
2|350|303|655
2|350|304|656
2|351|304|657
2|351|305|658
2|352|305|659
2|352|306|660
2|353|306|661
2|353|307|662
2|354|307|663
2|354|308|664
2|355|308|665
2|355|309|666
2|356|309|667
2|356|310|668
2|357|310|669
2|357|311|670
2|358|311|671
2|358|312|672
2|359|312|673
2|359|313|674
2|360|313|675
2|361|313|676
2|362|313|677
2|362|314|678
2|363|314|679
2|363|315|680
2|364|315|681
2|365|315|682
2|366|315|683
2|366|316|684
2|367|316|685
2|367|317|686
2|368|317|687
2|368|318|688
2|369|318|689
2|369|319|690
2|370|319|691
2|371|319|692
2|372|319|693
2|372|320|694
2|373|320|695
2|373|321|696
2|374|321|697
2|374|322|698
2|375|322|699
2|375|323|700
2|376|323|701
2|376|324|702
2|377|324|703
2|377|325|704
2|378|325|705
2|378|326|706
2|379|326|707
2|379|327|708
2|380|327|709
2|380|328|710
2|381|328|711
2|381|329|712
2|382|329|713
2|382|330|714
2|383|330|715
2|383|331|716
2|384|331|717
2|384|332|718
2|385|332|719
2|385|333|720
2|386|333|721
2|386|334|722
2|387|334|723
2|387|335|724
2|388|335|725
2|388|336|726
2|389|336|727
2|389|337|728
2|390|337|729
2|390|338|730
2|391|338|731
2|391|339|732
2|392|339|733
2|392|340|734
2|393|340|735
2|393|341|736
2|394|341|737
2|394|342|738
2|395|342|739
2|395|343|740
2|396|343|741
2|396|344|742
2|397|344|743
2|397|345|744
2|398|345|745
2|398|346|746
2|399|346|747
2|400|346|748
2|401|346|749
2|401|347|750
2|402|347|751
2|402|348|752
2|403|348|753
2|403|349|754
2|404|349|755
2|404|350|756
2|405|350|757
2|405|351|758
2|406|351|759
2|406|352|760
2|407|352|761
2|407|353|762
2|408|353|763
2|408|354|764
2|409|354|765
2|409|355|766
2|410|355|767
2|410|356|768
2|411|356|769
2|411|357|770
2|412|357|771
2|412|358|772
2|413|358|773
2|413|359|774
2|414|359|775
2|414|360|776
2|415|360|777
2|415|361|778
2|416|361|779
2|416|362|780
2|417|362|781
2|417|363|782
2|418|363|783
2|418|364|784
2|419|364|785
2|419|365|786
2|420|365|787
2|420|366|788
2|421|366|789
2|421|367|790
2|422|367|791
2|422|368|792
2|423|368|793
2|423|369|794
2|424|369|795
2|424|370|796
2|425|370|797
2|425|371|798
2|426|371|799
2|426|372|800
2|427|372|801
2|427|373|802
2|428|373|803
2|428|374|804
2|429|374|805
2|429|375|806
2|430|375|807
2|431|375|808
2|432|375|809
2|433|375|810
2|434|375|811
2|434|376|812
2|435|376|813
2|435|377|814
2|436|377|815
2|437|377|816
2|438|377|817
2|439|377|818
2|440|377|819
2|441|377|820
2|442|377|821
2|443|377|822
2|444|377|823
2|445|377|824
2|446|377|825
2|446|378|826
2|447|378|827
2|447|379|828
2|448|379|829
2|449|379|830
2|450|379|831
2|450|380|832
2|451|380|833
2|451|381|834
2|452|381|835
2|452|382|836
2|453|382|837
2|453|383|838
2|454|383|839
2|454|384|840
2|455|384|841
2|455|385|842
2|456|385|843
2|456|386|844
2|457|386|845
2|457|387|846
2|458|387|847
2|458|388|848
2|459|388|849
2|459|389|850
2|460|389|851
2|460|390|852
2|461|390|853
2|461|391|854
2|462|391|855
2|462|392|856
2|463|392|857
2|463|393|858
2|464|393|859
2|464|394|860
2|465|394|861
2|465|395|862
2|466|395|863
2|466|396|864
2|467|396|865
2|467|397|866
2|468|397|867
2|468|398|868
2|469|398|869
2|469|399|870
2|470|399|871
2|470|400|872
2|471|400|873
2|471|401|874
2|472|401|875
2|473|401|876
2|474|401|877
2|475|401|878
2|476|401|879
2|476|402|880
2|477|402|881
2|477|403|882
2|478|403|883
2|478|404|884
2|479|404|885
2|479|405|886
2|480|405|887
2|480|406|888
2|481|406|889
2|481|407|890
2|482|407|891
2|482|408|892
2|483|408|893
2|483|409|894
2|484|409|895
2|484|410|896
2|485|410|897
2|486|410|898
2|487|410|899
2|487|411|900
2|488|411|901
2|488|412|902
2|489|412|903
2|489|413|904
2|490|413|905
2|490|414|906
2|491|414|907
2|491|415|908
2|492|415|909
2|492|416|910
2|493|416|911
2|493|417|912
2|494|417|913
2|494|418|914
2|495|418|915
2|495|419|916
2|496|419|917
2|496|420|918
2|497|420|919
2|497|421|920
2|498|421|921
2|498|422|922
2|499|422|923
2|499|423|924
2|500|423|925
2|500|424|926
2|501|424|927
2|501|425|928
2|502|425|929
2|502|426|930
2|503|426|931
2|503|427|932
2|504|427|933
2|504|428|934
2|505|428|935
2|505|429|936
2|506|429|937
2|506|430|938
2|507|430|939
2|507|431|940
2|508|431|941
2|509|431|942
2|510|431|943
2|510|432|944
2|511|432|945
2|511|433|946
2|512|433|947
2|512|434|948
2|513|434|949
2|513|435|950
2|514|435|951
2|514|436|952
2|515|436|953
2|515|437|954
2|516|437|955
2|516|438|956
2|517|438|957
2|517|439|958
2|518|439|959
2|518|440|960
2|519|440|961
2|519|441|962
2|520|441|963
2|520|442|964
2|521|442|965
2|521|443|966
2|522|443|967
2|522|444|968
2|523|444|969
2|523|445|970
2|524|445|971
2|524|446|972
2|525|446|973
2|525|447|974
2|526|447|975
2|526|448|976
3|526|448|977
3|527|448|978
3|528|448|979
3|529|448|980
3|530|448|981
3|530|449|982
3|531|449|983
3|531|450|984
3|532|450|985
3|532|451|986
3|533|451|987
3|533|452|988
3|534|452|989
3|534|453|990
3|535|453|991
3|535|454|992
3|536|454|993
3|536|455|994
3|537|455|995
3|537|456|996
3|538|456|997
3|538|457|998
3|539|457|999
3|539|458|1000
3|540|458|1001
3|540|459|1002
3|541|459|1003
3|541|460|1004
3|542|460|1005
3|542|461|1006
3|543|461|1007
3|543|462|1008
3|544|462|1009
3|544|463|1010
3|545|463|1011
3|545|464|1012
3|546|464|1013
3|546|465|1014
3|547|465|1015
3|547|466|1016
3|548|466|1017
3|548|467|1018
3|549|467|1019
3|549|468|1020
3|550|468|1021
3|550|469|1022
3|551|469|1023
3|551|470|1024
3|552|470|1025
3|552|471|1026
3|553|471|1027
3|553|472|1028
3|554|472|1029
3|554|473|1030
3|555|473|1031
3|555|474|1032
3|556|474|1033
3|556|475|1034
3|557|475|1035
3|557|476|1036
3|558|476|1037
3|558|477|1038
3|559|477|1039
3|559|478|1040
3|560|478|1041
3|560|479|1042
3|561|479|1043
3|561|480|1044
3|562|480|1045
3|562|481|1046
3|563|481|1047
3|563|482|1048
3|564|482|1049
3|564|483|1050
3|565|483|1051
3|565|484|1052
3|566|484|1053
3|566|485|1054
3|567|485|1055
3|567|486|1056
3|568|486|1057
3|568|487|1058
3|569|487|1059
3|569|488|1060
3|570|488|1061
3|570|489|1062
3|571|489|1063
3|571|490|1064
3|572|490|1065
3|572|491|1066
3|573|491|1067
3|573|492|1068
3|574|492|1069
3|574|493|1070
3|575|493|1071
3|575|494|1072
3|576|494|1073
3|576|495|1074
3|577|495|1075
3|577|496|1076
3|578|496|1077
3|578|497|1078
3|579|497|1079
3|579|498|1080
3|580|498|1081
3|580|499|1082
3|581|499|1083
3|581|500|1084
3|582|500|1085
3|582|501|1086
3|583|501|1087
3|583|502|1088
3|584|502|1089
3|584|503|1090
3|585|503|1091
3|585|504|1092
3|586|504|1093
3|586|505|1094
3|587|505|1095
3|587|506|1096
3|588|506|1097
3|588|507|1098
3|589|507|1099
3|589|508|1100
3|590|508|1101
3|590|509|1102
3|591|509|1103
3|591|510|1104
3|592|510|1105
3|592|511|1106
3|593|511|1107
3|593|512|1108
3|594|512|1109
3|594|513|1110
3|595|513|1111
3|596|513|1112
3|597|513|1113
3|597|514|1114
3|598|514|1115
3|598|515|1116
3|599|515|1117
3|599|516|1118
3|600|516|1119
3|601|516|1120
3|602|516|1121
3|602|517|1122
3|603|517|1123
3|604|517|1124
3|605|517|1125
3|605|518|1126
3|606|518|1127
3|606|519|1128
3|607|519|1129
3|607|520|1130
3|608|520|1131
3|608|521|1132
3|609|521|1133
3|609|522|1134
3|610|522|1135
3|610|523|1136
3|611|523|1137
3|611|524|1138
3|612|524|1139
3|612|525|1140
3|613|525|1141
3|613|526|1142
3|614|526|1143
3|614|527|1144
3|615|527|1145
3|615|528|1146
3|616|528|1147
3|616|529|1148
3|617|529|1149
3|617|530|1150
3|618|530|1151
3|618|531|1152
3|619|531|1153
3|619|532|1154
3|620|532|1155
3|620|533|1156
3|621|533|1157
3|621|534|1158
3|622|534|1159
3|622|535|1160
3|623|535|1161
3|623|536|1162
3|624|536|1163
3|624|537|1164
3|625|537|1165
3|625|538|1166
3|626|538|1167
3|626|539|1168
3|627|539|1169
3|627|540|1170
3|628|540|1171
3|628|541|1172
3|629|541|1173
3|629|542|1174
3|630|542|1175
3|630|543|1176
3|631|543|1177
3|631|544|1178
3|632|544|1179
3|632|545|1180
3|633|545|1181
3|633|546|1182
3|634|546|1183
3|634|547|1184
3|635|547|1185
3|635|548|1186
3|636|548|1187
3|636|549|1188
3|637|549|1189
3|637|550|1190
3|638|550|1191
3|638|551|1192
3|639|551|1193
3|639|552|1194
3|640|552|1195
3|640|553|1196
3|641|553|1197
3|641|554|1198
3|642|554|1199
3|642|555|1200
3|643|555|1201
3|643|556|1202
3|644|556|1203
3|644|557|1204
3|645|557|1205
3|645|558|1206
3|646|558|1207
3|647|558|1208
3|648|558|1209
3|649|558|1210
3|650|558|1211
3|650|559|1212
3|651|559|1213
3|651|560|1214
3|652|560|1215
3|652|561|1216
3|653|561|1217
3|653|562|1218
3|654|562|1219
3|655|562|1220
3|656|562|1221
3|656|563|1222
3|657|563|1223
3|657|564|1224
3|658|564|1225
3|658|565|1226
3|659|565|1227
3|660|565|1228
3|661|565|1229
3|662|565|1230
3|663|565|1231
3|664|565|1232
3|665|565|1233
3|665|566|1234
3|666|566|1235
3|666|567|1236
3|667|567|1237
3|667|568|1238
3|668|568|1239
3|668|569|1240
3|669|569|1241
3|669|570|1242
3|670|570|1243
3|670|571|1244
3|671|571|1245
3|671|572|1246
3|672|572|1247
3|672|573|1248
3|673|573|1249
3|673|574|1250
3|674|574|1251
3|674|575|1252
3|675|575|1253
3|675|576|1254
3|676|576|1255
3|676|577|1256
3|677|577|1257
3|677|578|1258
3|678|578|1259
3|678|579|1260
3|679|579|1261
3|679|580|1262
3|680|580|1263
3|680|581|1264
3|681|581|1265
3|681|582|1266
3|682|582|1267
3|682|583|1268
3|683|583|1269
3|683|584|1270
3|684|584|1271
3|684|585|1272
3|685|585|1273
3|685|586|1274
3|686|586|1275
3|686|587|1276
3|687|587|1277
3|687|588|1278
3|688|588|1279
3|688|589|1280
3|689|589|1281
3|689|590|1282
3|690|590|1283
3|690|591|1284
3|691|591|1285
3|691|592|1286
3|692|592|1287
3|692|593|1288
3|693|593|1289
3|693|594|1290
3|694|594|1291
3|694|595|1292
3|695|595|1293
3|695|596|1294
3|696|596|1295
3|696|597|1296
3|697|597|1297
3|697|598|1298
3|698|598|1299
3|698|599|1300
3|699|599|1301
3|699|600|1302
3|700|600|1303
3|700|601|1304
3|701|601|1305
3|701|602|1306
3|702|602|1307
3|702|603|1308
3|703|603|1309
3|703|604|1310
3|704|604|1311
3|704|605|1312
3|705|605|1313
3|705|606|1314
3|706|606|1315
3|706|607|1316
3|707|607|1317
3|708|607|1318
3|709|607|1319
3|709|608|1320
3|710|608|1321
3|710|609|1322
3|711|609|1323
3|711|610|1324
3|712|610|1325
3|712|611|1326
3|713|611|1327
3|713|612|1328
3|714|612|1329
3|714|613|1330
3|715|613|1331
3|715|614|1332
3|716|614|1333
3|716|615|1334
3|717|615|1335
3|717|616|1336
3|718|616|1337
3|718|617|1338
3|719|617|1339
3|719|618|1340
3|720|618|1341
3|720|619|1342
3|721|619|1343
3|721|620|1344
3|722|620|1345
3|722|621|1346
3|723|621|1347
3|723|622|1348
3|724|622|1349
3|724|623|1350
3|725|623|1351
3|725|624|1352
3|726|624|1353
3|726|625|1354
3|727|625|1355
3|727|626|1356
3|728|626|1357
3|728|627|1358
3|729|627|1359
3|729|628|1360
3|730|628|1361
3|730|629|1362
3|731|629|1363
3|731|630|1364
3|732|630|1365
3|732|631|1366
3|733|631|1367
3|733|632|1368
3|734|632|1369
3|734|633|1370
3|735|633|1371
3|735|634|1372
3|736|634|1373
3|736|635|1374
3|737|635|1375
3|737|636|1376
3|738|636|1377
3|738|637|1378
3|739|637|1379
3|739|638|1380
3|740|638|1381
3|740|639|1382
3|741|639|1383
3|741|640|1384
3|742|640|1385
3|742|641|1386
3|743|641|1387
3|743|642|1388
3|744|642|1389
3|744|643|1390
3|745|643|1391
3|745|644|1392
3|746|644|1393
3|746|645|1394
3|747|645|1395
3|747|646|1396
3|748|646|1397
3|748|647|1398
3|749|647|1399
3|749|648|1400
3|750|648|1401
3|750|649|1402
3|751|649|1403
3|751|650|1404
3|752|650|1405
3|752|651|1406
3|753|651|1407
3|753|652|1408
3|754|652|1409
3|754|653|1410
3|755|653|1411
3|755|654|1412
3|756|654|1413
3|756|655|1414
3|757|655|1415
3|757|656|1416
3|758|656|1417
3|758|657|1418
3|759|657|1419
3|759|658|1420
3|760|658|1421
3|760|659|1422
3|761|659|1423
3|761|660|1424
3|762|660|1425
3|762|661|1426
3|763|661|1427
3|763|662|1428
3|764|662|1429
3|764|663|1430
3|765|663|1431
3|766|663|1432
3|767|663|1433
3|767|664|1434
3|768|664|1435
3|768|665|1436
3|769|665|1437
3|769|666|1438
3|770|666|1439
3|770|667|1440
3|771|667|1441
3|771|668|1442
3|772|668|1443
3|772|669|1444
3|773|669|1445
3|773|670|1446
3|774|670|1447
3|774|671|1448
3|775|671|1449
3|775|672|1450
3|776|672|1451
3|776|673|1452
3|777|673|1453
3|777|674|1454
3|778|674|1455
3|778|675|1456
3|779|675|1457
3|779|676|1458
3|780|676|1459
3|780|677|1460
3|781|677|1461
3|781|678|1462
3|782|678|1463
3|782|679|1464
3|783|679|1465
3|783|680|1466
3|784|680|1467
3|784|681|1468
3|785|681|1469
3|785|682|1470
3|786|682|1471
3|786|683|1472
3|787|683|1473
3|787|684|1474
3|788|684|1475
3|788|685|1476
3|789|685|1477
3|789|686|1478
3|790|686|1479
3|790|687|1480
3|791|687|1481
3|791|688|1482
3|792|688|1483
3|792|689|1484
3|793|689|1485
3|793|690|1486
3|794|690|1487
3|795|690|1488
3|796|690|1489
3|797|690|1490
3|798|690|1491
3|798|691|1492
3|799|691|1493
3|800|691|1494
3|801|691|1495
3|802|691|1496
3|803|691|1497
3|803|692|1498
3|804|692|1499
3|805|692|1500
3|806|692|1501
3|807|692|1502
3|808|692|1503
3|809|692|1504
3|810|692|1505
3|810|693|1506
3|811|693|1507
3|811|694|1508
3|812|694|1509
3|812|695|1510
3|813|695|1511
3|814|695|1512
3|815|695|1513
3|815|696|1514
3|816|696|1515
3|817|696|1516
3|818|696|1517
3|818|697|1518
3|819|697|1519
3|819|698|1520
3|820|698|1521
3|821|698|1522
3|822|698|1523
3|822|699|1524
3|823|699|1525
3|823|700|1526
3|824|700|1527
3|824|701|1528
3|825|701|1529
3|825|702|1530
3|826|702|1531
3|826|703|1532
3|827|703|1533
3|827|704|1534
3|828|704|1535
3|828|705|1536
3|829|705|1537
3|829|706|1538
3|830|706|1539
3|830|707|1540
3|831|707|1541
3|831|708|1542
3|832|708|1543
3|832|709|1544
3|833|709|1545
3|833|710|1546
3|834|710|1547
3|834|711|1548
3|835|711|1549
3|835|712|1550
3|836|712|1551
3|836|713|1552
3|837|713|1553
3|837|714|1554
3|838|714|1555
3|838|715|1556
3|839|715|1557
3|839|716|1558
3|840|716|1559
3|840|717|1560
3|841|717|1561
3|841|718|1562
3|842|718|1563
3|842|719|1564
3|843|719|1565
3|843|720|1566
3|844|720|1567
3|844|721|1568
3|845|721|1569
3|846|721|1570
3|847|721|1571
3|847|722|1572
3|848|722|1573
3|848|723|1574
3|849|723|1575
3|849|724|1576
3|850|724|1577
3|850|725|1578
3|851|725|1579
3|851|726|1580
3|852|726|1581
3|852|727|1582
3|853|727|1583
3|853|728|1584
3|854|728|1585
3|854|729|1586
3|855|729|1587
3|855|730|1588
3|856|730|1589
3|856|731|1590
3|857|731|1591
3|857|732|1592
3|858|732|1593
3|858|733|1594
3|859|733|1595
3|859|734|1596
3|860|734|1597
3|860|735|1598
3|861|735|1599
3|861|736|1600
3|862|736|1601
3|862|737|1602
3|863|737|1603
3|863|738|1604
3|864|738|1605
3|864|739|1606
3|865|739|1607
3|865|740|1608
3|866|740|1609
3|866|741|1610
3|867|741|1611
3|867|742|1612
3|868|742|1613
3|868|743|1614
3|869|743|1615
3|869|744|1616
3|870|744|1617
3|870|745|1618
3|871|745|1619
3|871|746|1620
3|872|746|1621
3|872|747|1622
3|873|747|1623
3|873|748|1624
3|874|748|1625
3|875|748|1626
3|876|748|1627
3|876|749|1628
3|877|749|1629
3|877|750|1630
3|878|750|1631
3|878|751|1632
3|879|751|1633
3|879|752|1634
3|880|752|1635
3|880|753|1636
3|881|753|1637
3|881|754|1638
3|882|754|1639
3|882|755|1640
3|883|755|1641
3|883|756|1642
3|884|756|1643
3|884|757|1644
3|885|757|1645
3|885|758|1646
3|886|758|1647
3|886|759|1648
3|887|759|1649
3|887|760|1650
3|888|760|1651
3|888|761|1652
3|889|761|1653
3|889|762|1654
3|890|762|1655
3|890|763|1656
3|891|763|1657
3|891|764|1658
3|892|764|1659
3|892|765|1660
3|893|765|1661
3|893|766|1662
3|894|766|1663
3|895|766|1664
3|896|766|1665
3|896|767|1666
3|897|767|1667
3|897|768|1668
3|898|768|1669
3|898|769|1670
3|899|769|1671
3|899|770|1672
3|900|770|1673
3|900|771|1674
3|901|771|1675
3|901|772|1676
3|902|772|1677
3|902|773|1678
3|903|773|1679
3|903|774|1680
3|904|774|1681
3|904|775|1682
3|905|775|1683
3|905|776|1684
3|906|776|1685
3|906|777|1686
3|907|777|1687
3|907|778|1688
3|908|778|1689
3|908|779|1690
3|909|779|1691
3|909|780|1692
3|910|780|1693
3|910|781|1694
3|911|781|1695
3|911|782|1696
3|912|782|1697
3|912|783|1698
3|913|783|1699
3|913|784|1700
3|914|784|1701
3|914|785|1702
3|915|785|1703
3|915|786|1704
3|916|786|1705
3|916|787|1706
3|917|787|1707
3|917|788|1708
3|918|788|1709
3|918|789|1710
3|919|789|1711
3|919|790|1712
3|920|790|1713
3|920|791|1714
3|921|791|1715
3|921|792|1716
3|922|792|1717
3|922|793|1718
3|923|793|1719
3|923|794|1720
3|924|794|1721
3|924|795|1722
3|925|795|1723
3|925|796|1724
3|926|796|1725
3|926|797|1726
3|927|797|1727
3|927|798|1728
3|928|798|1729
3|928|799|1730
3|929|799|1731
3|929|800|1732
3|930|800|1733
3|930|801|1734
3|931|801|1735
3|931|802|1736
3|932|802|1737
3|932|803|1738
3|933|803|1739
3|933|804|1740
3|934|804|1741
3|934|805|1742
3|935|805|1743
3|935|806|1744
3|936|806|1745
3|936|807|1746
3|937|807|1747
3|937|808|1748
3|938|808|1749
3|938|809|1750
3|939|809|1751
3|939|810|1752
3|940|810|1753
3|940|811|1754
3|941|811|1755
3|941|812|1756
3|942|812|1757
3|942|813|1758
3|943|813|1759
3|943|814|1760
3|944|814|1761
3|944|815|1762
3|945|815|1763
3|945|816|1764
3|946|816|1765
3|946|817|1766
3|947|817|1767
3|947|818|1768
3|948|818|1769
3|948|819|1770
3|949|819|1771
3|949|820|1772
3|950|820|1773
3|950|821|1774
3|951|821|1775
3|951|822|1776
3|952|822|1777
3|952|823|1778
3|953|823|1779
3|953|824|1780
3|954|824|1781
3|954|825|1782
3|955|825|1783
3|955|826|1784
3|956|826|1785
3|956|827|1786
3|957|827|1787
3|957|828|1788
3|958|828|1789
3|958|829|1790
3|959|829|1791
3|959|830|1792
3|960|830|1793
3|960|831|1794
3|961|831|1795
3|961|832|1796
3|962|832|1797
3|962|833|1798
3|963|833|1799
3|963|834|1800
3|964|834|1801
3|964|835|1802
3|965|835|1803
3|966|835|1804
3|967|835|1805
3|968|835|1806
3|969|835|1807
3|970|835|1808
3|971|835|1809
3|971|836|1810
3|972|836|1811
3|972|837|1812
3|973|837|1813
3|973|838|1814
3|974|838|1815
3|974|839|1816
3|975|839|1817
3|975|840|1818
3|976|840|1819
3|976|841|1820
3|977|841|1821
3|977|842|1822
3|978|842|1823
3|978|843|1824
3|979|843|1825
3|979|844|1826
3|980|844|1827
3|980|845|1828
3|981|845|1829
3|981|846|1830
3|982|846|1831
3|982|847|1832
3|983|847|1833
3|983|848|1834
3|984|848|1835
3|984|849|1836
3|985|849|1837
3|985|850|1838
3|986|850|1839
3|986|851|1840
3|987|851|1841
3|987|852|1842
3|988|852|1843
3|988|853|1844
3|989|853|1845
3|989|854|1846
3|990|854|1847
3|990|855|1848
3|991|855|1849
3|991|856|1850
3|992|856|1851
3|992|857|1852
3|993|857|1853
3|993|858|1854
3|994|858|1855
3|994|859|1856
3|995|859|1857
3|995|860|1858
3|996|860|1859
3|996|861|1860
3|997|861|1861
3|997|862|1862
3|998|862|1863
3|998|863|1864
3|999|863|1865
3|999|864|1866
3|1000|864|1867
3|1000|865|1868
3|1001|865|1869
3|1001|866|1870
3|1002|866|1871
3|1002|867|1872
3|1003|867|1873
3|1003|868|1874
3|1004|868|1875
3|1004|869|1876
3|1005|869|1877
3|1005|870|1878
3|1006|870|1879
3|1006|871|1880
3|1007|871|1881
3|1007|872|1882
3|1008|872|1883
3|1008|873|1884
3|1009|873|1885
3|1009|874|1886
3|1010|874|1887
3|1010|875|1888
3|1011|875|1889
3|1011|876|1890
3|1012|876|1891
3|1012|877|1892
3|1013|877|1893
3|1013|878|1894
3|1014|878|1895
3|1014|879|1896
3|1015|879|1897
3|1015|880|1898
3|1016|880|1899
3|1016|881|1900
3|1017|881|1901
3|1017|882|1902
3|1018|882|1903
3|1018|883|1904
3|1019|883|1905
3|1019|884|1906
3|1020|884|1907
3|1020|885|1908
3|1021|885|1909
3|1021|886|1910
3|1022|886|1911
3|1022|887|1912
3|1023|887|1913
3|1024|887|1914
3|1025|887|1915
3|1026|887|1916
3|1027|887|1917
3|1027|888|1918
3|1028|888|1919
3|1028|889|1920
3|1029|889|1921
3|1029|890|1922
3|1030|890|1923
3|1030|891|1924
3|1031|891|1925
3|1031|892|1926
3|1032|892|1927
3|1032|893|1928
3|1033|893|1929
3|1033|894|1930
3|1034|894|1931
3|1034|895|1932
3|1035|895|1933
3|1035|896|1934
3|1036|896|1935
3|1036|897|1936
3|1037|897|1937
3|1037|898|1938
3|1038|898|1939
3|1038|899|1940
3|1039|899|1941
3|1039|900|1942
3|1040|900|1943
3|1040|901|1944
3|1041|901|1945
3|1041|902|1946
3|1042|902|1947
3|1042|903|1948
3|1043|903|1949
3|1043|904|1950
3|1044|904|1951
3|1044|905|1952
3|1045|905|1953
3|1045|906|1954
3|1046|906|1955
3|1046|907|1956
3|1047|907|1957
3|1047|908|1958
3|1048|908|1959
3|1048|909|1960
3|1049|909|1961
3|1049|910|1962
3|1050|910|1963
3|1050|911|1964
3|1051|911|1965
3|1051|912|1966
3|1052|912|1967
3|1052|913|1968
3|1053|913|1969
3|1053|914|1970
3|1054|914|1971
3|1054|915|1972
3|1055|915|1973
3|1055|916|1974
3|1056|916|1975
3|1056|917|1976
3|1057|917|1977
3|1057|918|1978
3|1058|918|1979
3|1058|919|1980
3|1059|919|1981
3|1059|920|1982
3|1060|920|1983
3|1060|921|1984
3|1061|921|1985
3|1061|922|1986
3|1062|922|1987
3|1062|923|1988
3|1063|923|1989
3|1063|924|1990
3|1064|924|1991
3|1064|925|1992
3|1065|925|1993
3|1065|926|1994
3|1066|926|1995
3|1066|927|1996
3|1067|927|1997
3|1067|928|1998
3|1068|928|1999
3|1068|929|2000
