total
0|1|0|1
0|2|0|2
0|3|0|3
0|4|0|4
0|5|0|5
0|6|0|6
0|7|0|7
0|8|0|8
0|8|1|9
0|9|1|10
0|9|2|11
0|10|2|12
0|10|3|13
0|11|3|14
0|11|4|15
0|12|4|16
0|12|5|17
0|13|5|18
0|13|6|19
0|14|6|20
0|14|7|21
0|15|7|22
0|15|8|23
0|16|8|24
0|16|9|25
0|17|9|26
0|17|10|27
0|18|10|28
0|18|11|29
0|19|11|30
0|19|12|31
0|20|12|32
0|20|13|33
0|21|13|34
0|21|14|35
0|22|14|36
0|22|15|37
0|23|15|38
0|23|16|39
0|24|16|40
0|24|17|41
0|25|17|42
0|25|18|43
0|26|18|44
0|26|19|45
0|27|19|46
0|28|19|47
0|29|19|48
0|30|19|49
0|31|19|50
0|31|20|51
0|32|20|52
0|32|21|53
0|33|21|54
0|33|22|55
0|34|22|56
0|35|22|57
0|36|22|58
0|36|23|59
0|37|23|60
0|37|24|61
0|38|24|62
0|39|24|63
0|40|24|64
0|40|25|65
0|41|25|66
0|41|26|67
0|42|26|68
0|43|26|69
0|44|26|70
0|45|26|71
0|46|26|72
0|46|27|73
0|47|27|74
0|48|27|75
0|49|27|76
0|50|27|77
0|51|27|78
0|52|27|79
0|53|27|80
0|54|27|81
0|55|27|82
0|56|27|83
0|57|27|84
0|58|27|85
0|59|27|86
0|60|27|87
0|61|27|88
0|62|27|89
0|63|27|90
0|64|27|91
0|65|27|92
0|66|27|93
0|67|27|94
0|68|27|95
0|69|27|96
0|70|27|97
0|71|27|98
0|72|27|99
0|73|27|100
0|74|27|101
0|75|27|102
0|76|27|103
0|77|27|104
0|78|27|105
0|79|27|106
0|80|27|107
0|81|27|108
0|82|27|109
0|83|27|110
0|84|27|111
0|85|27|112
0|86|27|113
0|87|27|114
0|88|27|115
0|89|27|116
0|90|27|117
0|91|27|118
0|92|27|119
0|93|27|120
0|94|27|121
0|95|27|122
0|96|27|123
0|97|27|124
0|98|27|125
0|99|27|126
0|100|27|127
0|101|27|128
0|102|27|129
0|103|27|130
0|104|27|131
0|105|27|132
0|106|27|133
0|107|27|134
0|108|27|135
0|109|27|136
0|110|27|137
0|111|27|138
0|112|27|139
0|113|27|140
0|114|27|141
0|115|27|142
0|116|27|143
0|117|27|144
0|118|27|145
0|119|27|146
0|120|27|147
0|121|27|148
0|122|27|149
0|123|27|150
0|124|27|151
0|125|27|152
0|126|27|153
0|127|27|154
0|128|27|155
0|129|27|156
0|130|27|157
0|131|27|158
0|131|28|159
0|132|28|160
0|133|28|161
0|134|28|162
0|135|28|163
0|136|28|164
0|136|29|165
0|137|29|166
0|137|30|167
0|138|30|168
0|139|30|169
0|140|30|170
0|140|31|171
0|141|31|172
0|141|32|173
0|142|32|174
0|143|32|175
0|144|32|176
0|144|33|177
0|145|33|178
0|145|34|179
0|146|34|180
0|147|34|181
0|148|34|182
0|148|35|183
0|149|35|184
0|150|35|185
0|151|35|186
0|151|36|187
0|152|36|188
0|153|36|189
0|154|36|190
0|155|36|191
0|156|36|192
0|157|36|193
0|158|36|194
0|158|37|195
0|159|37|196
0|159|38|197
0|160|38|198
0|161|38|199
0|162|38|200
0|163|38|201
0|164|38|202
0|164|39|203
0|165|39|204
0|166|39|205
0|167|39|206
0|168|39|207
0|169|39|208
0|169|40|209
0|170|40|210
0|170|41|211
0|171|41|212
0|171|42|213
0|172|42|214
0|173|42|215
0|174|42|216
0|174|43|217
0|175|43|218
0|175|44|219
0|176|44|220
0|177|44|221
0|178|44|222
0|179|44|223
0|180|44|224
0|180|45|225
0|181|45|226
0|182|45|227
0|183|45|228
0|184|45|229
0|185|45|230
0|185|46|231
0|186|46|232
0|186|47|233
0|187|47|234
0|187|48|235
0|188|48|236
0|188|49|237
0|189|49|238
0|190|49|239
1|190|49|240
1|191|49|241
1|192|49|242
1|192|50|243
1|193|50|244
1|193|51|245
1|194|51|246
1|195|51|247
1|196|51|248
1|197|51|249
1|198|51|250
1|198|52|251
1|199|52|252
1|200|52|253
1|201|52|254
1|202|52|255
1|203|52|256
1|203|53|257
1|204|53|258
1|205|53|259
1|206|53|260
1|207|53|261
1|208|53|262
1|209|53|263
2|209|53|264
2|209|54|265
2|210|54|266
2|210|55|267
2|211|55|268
2|212|55|269
2|213|55|270
2|213|56|271
2|214|56|272
2|214|57|273
2|215|57|274
2|216|57|275
3|216|57|276
3|217|57|277
3|218|57|278
3|218|58|279
3|219|58|280
3|219|59|281
3|220|59|282
3|221|59|283
3|222|59|284
3|223|59|285
4|223|59|286
4|223|60|287
4|224|60|288
4|225|60|289
4|226|60|290
4|227|60|291
4|228|60|292
4|229|60|293
5|229|60|294
5|229|61|295
5|230|61|296
5|231|61|297
5|232|61|298
5|233|61|299
5|234|61|300
5|234|62|301
5|235|62|302
5|235|63|303
5|236|63|304
5|236|64|305
5|237|64|306
5|237|65|307
5|238|65|308
5|238|66|309
5|239|66|310
5|239|67|311
5|240|67|312
5|241|67|313
5|242|67|314
5|242|68|315
5|243|68|316
5|243|69|317
5|244|69|318
5|245|69|319
5|246|69|320
5|246|70|321
5|247|70|322
5|247|71|323
5|248|71|324
5|248|72|325
5|249|72|326
5|250|72|327
5|251|72|328
5|251|73|329
5|252|73|330
5|252|74|331
5|253|74|332
5|253|75|333
5|254|75|334
5|254|76|335
5|255|76|336
5|255|77|337
5|256|77|338
5|256|78|339
5|257|78|340
5|257|79|341
5|258|79|342
5|258|80|343
5|259|80|344
5|259|81|345
5|260|81|346
5|260|82|347
5|261|82|348
5|261|83|349
5|262|83|350
5|262|84|351
5|263|84|352
5|263|85|353
5|264|85|354
5|264|86|355
5|265|86|356
5|265|87|357
5|266|87|358
5|266|88|359
5|267|88|360
5|267|89|361
5|268|89|362
5|268|90|363
5|269|90|364
5|270|90|365
5|271|90|366
5|271|91|367
5|272|91|368
5|272|92|369
5|273|92|370
5|274|92|371
6|274|92|372
6|275|92|373
6|276|92|374
6|276|93|375
6|277|93|376
6|277|94|377
6|278|94|378
6|278|95|379
6|279|95|380
6|279|96|381
6|280|96|382
6|280|97|383
7|280|97|384
7|281|97|385
7|282|97|386
7|282|98|387
7|283|98|388
7|283|99|389
7|284|99|390
7|285|99|391
7|286|99|392
7|287|99|393
8|287|99|394
8|287|100|395
8|288|100|396
8|289|100|397
8|290|100|398
8|291|100|399
8|292|100|400
8|293|100|401
9|293|100|402
9|294|100|403
9|295|100|404
9|296|100|405
9|297|100|406
9|297|101|407
9|298|101|408
9|299|101|409
9|300|101|410
9|300|102|411
9|301|102|412
9|301|103|413
9|302|103|414
9|303|103|415
9|304|103|416
9|304|104|417
9|305|104|418
9|306|104|419
9|307|104|420
9|308|104|421
9|309|104|422
9|309|105|423
9|310|105|424
9|310|106|425
9|311|106|426
9|312|106|427
9|313|106|428
9|313|107|429
9|314|107|430
9|314|108|431
9|315|108|432
9|316|108|433
9|317|108|434
9|318|108|435
9|319|108|436
9|320|108|437
9|321|108|438
9|322|108|439
9|323|108|440
9|323|109|441
9|324|109|442
9|324|110|443
9|325|110|444
9|325|111|445
9|326|111|446
9|326|112|447
9|327|112|448
9|327|113|449
9|328|113|450
9|328|114|451
9|329|114|452
9|329|115|453
9|330|115|454
9|330|116|455
9|331|116|456
9|332|117|458
9|333|117|459
9|333|118|460
9|334|118|461
9|334|119|462
9|335|119|463
9|335|120|464
9|336|120|465
9|336|121|466
9|337|121|467
9|337|122|468
9|338|122|469
9|338|123|470
9|339|123|471
9|339|124|472
9|340|124|473
9|340|125|474
9|341|125|475
9|341|126|476
9|342|126|477
9|342|127|478
9|343|127|479
9|343|128|480
10|343|128|481
10|344|128|482
10|345|128|483
10|345|129|484
10|346|129|485
10|346|130|486
10|347|130|487
10|348|130|488
10|349|130|489
10|349|131|490
10|350|131|491
10|350|132|492
11|350|132|493
11|351|132|494
11|352|132|495
11|352|133|496
11|353|133|497
11|353|134|498
11|354|134|499
11|355|134|500
12|355|134|501
12|355|135|502
12|356|135|503
12|356|136|504
12|357|136|505
12|357|137|506
12|358|137|507
12|359|137|508
12|360|137|509
12|361|137|510
13|361|137|511
13|361|138|512
13|362|138|513
13|363|138|514
13|364|138|515
13|365|138|516
13|366|138|517
13|367|138|518
13|368|138|519
13|369|138|520
13|370|138|521
13|370|139|522
13|371|139|523
13|371|140|524
13|372|140|525
13|373|140|526
13|374|140|527
13|374|141|528
13|375|141|529
13|376|141|530
13|377|141|531
13|377|142|532
13|378|142|533
13|378|143|534
13|379|143|535
13|380|143|536
13|381|143|537
13|382|143|538
13|383|143|539
13|383|144|540
13|384|144|541
13|384|145|542
13|385|145|543
13|386|145|544
13|387|145|545
13|388|145|546
13|389|145|547
13|390|145|548
13|391|145|549
13|391|146|550
13|392|146|551
13|392|147|552
13|393|147|553
13|393|148|554
13|394|148|555
13|394|149|556
13|395|149|557
13|395|150|558
13|396|150|559
13|396|151|560
13|397|151|561
13|397|152|562
13|398|152|563
13|398|153|564
13|399|153|565
13|399|154|566
13|400|154|567
13|400|155|568
13|401|155|569
13|401|156|570
13|402|156|571
13|402|157|572
13|403|157|573
13|403|158|574
13|404|158|575
13|404|159|576
13|405|159|577
13|405|160|578
13|406|160|579
13|406|161|580
13|407|161|581
13|407|162|582
13|408|162|583
13|408|163|584
13|409|163|585
13|409|164|586
13|410|164|587
13|410|165|588
13|411|165|589
13|411|166|590
13|412|166|591
13|412|167|592
13|413|167|593
13|413|168|594
13|414|168|595
13|414|169|596
13|415|169|597
13|415|170|598
13|416|170|599
13|416|171|600
13|417|171|601
13|417|172|602
13|418|172|603
13|418|173|604
13|419|173|605
13|419|174|606
13|420|174|607
13|420|175|608
13|421|175|609
13|421|176|610
13|422|176|611
13|422|177|612
13|423|177|613
13|423|178|614
13|424|178|615
13|424|179|616
13|425|179|617
13|425|180|618
13|426|180|619
13|426|181|620
13|427|181|621
13|427|182|622
13|428|182|623
13|428|183|624
13|429|183|625
13|430|183|626
13|431|183|627
13|431|184|628
13|432|184|629
13|432|185|630
14|432|185|631
14|433|185|632
14|434|185|633
14|435|185|634
14|436|185|635
14|436|186|636
14|437|186|637
14|438|186|638
14|439|186|639
14|440|186|640
14|441|186|641
14|441|187|642
14|442|187|643
14|442|188|644
14|443|188|645
14|443|189|646
14|444|189|647
14|444|190|648
14|445|190|649
14|446|190|650
14|447|190|651
14|448|190|652
14|449|190|653
14|450|190|654
14|451|190|655
14|452|190|656
14|453|190|657
14|454|190|658
14|455|190|659
14|455|191|660
15|455|191|661
15|456|191|662
15|457|191|663
15|458|191|664
15|459|191|665
15|459|192|666
16|459|192|667
16|460|192|668
16|461|192|669
16|461|193|670
16|462|193|671
16|462|194|672
17|462|194|673
17|463|194|674
17|464|194|675
17|465|194|676
17|466|194|677
17|466|195|678
17|467|195|679
17|467|196|680
17|468|196|681
17|469|196|682
17|470|196|683
17|470|197|684
17|471|197|685
17|472|197|686
17|473|197|687
17|474|197|688
17|475|197|689
17|476|197|690
17|477|197|691
17|478|197|692
17|479|197|693
17|480|197|694
17|481|197|695
17|481|198|696
17|482|198|697
17|482|199|698
17|483|199|699
17|483|200|700
17|484|200|701
17|484|201|702
17|485|201|703
17|485|202|704
17|486|202|705
17|486|203|706
17|487|203|707
17|487|204|708
17|488|204|709
17|488|205|710
17|489|205|711
17|489|206|712
17|490|206|713
17|490|207|714
17|491|207|715
17|491|208|716
17|492|208|717
17|492|209|718
17|493|209|719
17|493|210|720
17|494|210|721
17|494|211|722
17|495|211|723
17|495|212|724
17|496|212|725
17|496|213|726
17|497|213|727
17|497|214|728
17|498|214|729
17|498|215|730
17|499|215|731
17|499|216|732
17|500|216|733
17|501|216|734
17|502|216|735
17|503|216|736
17|504|216|737
17|504|217|738
17|505|217|739
17|505|218|740
17|506|218|741
17|507|218|742
17|508|218|743
17|508|219|744
17|509|219|745
17|510|219|746
17|511|219|747
17|512|219|748
17|513|219|749
17|513|220|750
17|514|220|751
17|514|221|752
17|515|221|753
17|516|221|754
17|517|221|755
17|517|222|756
17|518|222|757
17|518|223|758
17|519|223|759
17|519|224|760
17|520|224|761
17|520|225|762
17|521|225|763
17|522|225|764
17|523|225|765
17|524|225|766
17|525|225|767
17|526|225|768
17|527|225|769
17|528|225|770
17|529|225|771
17|530|225|772
17|531|225|773
17|532|225|774
17|533|225|775
17|534|225|776
17|535|225|777
17|536|225|778
17|537|225|779
17|538|225|780
17|539|225|781
17|540|225|782
17|541|225|783
17|542|225|784
17|543|225|785
17|544|225|786
17|545|225|787
17|546|225|788
17|547|225|789
17|548|225|790
17|549|225|791
17|550|225|792
17|551|225|793
17|552|225|794
17|553|225|795
17|554|225|796
17|555|225|797
17|556|225|798
17|557|225|799
17|558|225|800
17|559|225|801
17|560|225|802
17|561|225|803
17|562|225|804
17|563|225|805
17|564|225|806
17|565|225|807
17|566|225|808
17|567|225|809
17|568|225|810
17|569|225|811
17|570|225|812
17|571|225|813
17|572|225|814
17|573|225|815
17|574|225|816
17|575|225|817
17|576|225|818
17|577|225|819
17|578|225|820
17|579|225|821
17|580|225|822
17|581|225|823
17|582|225|824
17|583|225|825
17|584|225|826
17|585|225|827
17|586|225|828
17|587|225|829
17|588|225|830
17|589|225|831
17|590|225|832
17|591|225|833
17|592|225|834
17|593|225|835
17|594|225|836
17|595|225|837
17|596|225|838
17|597|225|839
17|598|225|840
17|599|225|841
17|599|226|842
17|600|226|843
17|601|226|844
17|602|226|845
17|602|227|846
17|603|227|847
17|604|227|848
17|605|227|849
17|606|227|850
17|607|227|851
17|607|228|852
17|608|228|853
17|608|229|854
17|609|229|855
17|610|229|856
17|611|229|857
17|611|230|858
17|612|230|859
17|612|231|860
17|613|231|861
17|614|231|862
17|615|231|863
17|616|231|864
17|617|231|865
17|618|231|866
17|619|231|867
17|619|232|868
17|620|232|869
17|621|232|870
17|622|232|871
17|623|232|872
17|624|232|873
17|624|233|874
17|625|233|875
17|626|233|876
17|627|233|877
17|628|233|878
17|629|233|879
17|630|233|880
17|631|233|881
17|631|234|882
17|632|234|883
17|633|234|884
17|634|234|885
17|635|234|886
17|636|234|887
17|636|235|888
17|637|235|889
17|638|235|890
17|639|235|891
17|640|235|892
17|641|235|893
17|641|236|894
17|642|236|895
17|642|237|896
17|643|237|897
17|644|237|898
17|645|237|899
17|646|237|900
17|647|237|901
17|647|238|902
17|648|238|903
17|649|238|904
17|650|238|905
17|651|238|906
17|652|238|907
17|653|238|908
17|654|238|909
17|654|239|910
17|655|239|911
17|655|240|912
17|656|240|913
17|656|241|914
17|657|241|915
17|657|242|916
17|658|242|917
17|659|242|918
17|660|242|919
17|660|243|920
17|661|243|921
17|661|244|922
17|662|244|923
17|663|244|924
17|664|244|925
17|665|244|926
17|666|244|927
17|666|245|928
17|667|245|929
17|667|246|930
17|668|246|931
17|668|247|932
17|669|247|933
17|670|247|934
17|671|247|935
17|671|248|936
17|672|248|937
17|672|249|938
17|673|249|939
17|674|249|940
17|675|249|941
17|676|249|942
17|677|249|943
17|678|249|944
17|679|249|945
17|680|249|946
17|681|249|947
17|681|250|948
17|682|250|949
17|682|251|950
17|683|251|951
17|683|252|952
17|684|252|953
17|685|252|954
17|686|252|955
17|687|252|956
17|688|252|957
17|688|253|958
17|689|253|959
17|690|253|960
17|691|253|961
17|692|253|962
17|693|253|963
17|693|254|964
17|694|254|965
17|694|255|966
17|695|255|967
17|695|256|968
17|696|256|969
17|696|257|970
17|697|257|971
17|697|258|972
17|698|258|973
17|699|258|974
17|700|258|975
17|701|258|976
18|701|258|977
18|702|258|978
18|703|258|979
18|704|258|980
18|705|258|981
18|706|258|982
18|707|258|983
18|707|259|984
18|708|259|985
18|708|260|986
18|709|260|987
18|709|261|988
18|710|261|989
18|710|262|990
18|711|262|991
18|711|263|992
18|712|263|993
18|712|264|994
18|713|264|995
18|713|265|996
18|714|265|997
18|715|265|998
18|716|265|999
18|716|266|1000
18|717|266|1001
18|717|267|1002
18|718|267|1003
18|718|268|1004
18|719|268|1005
18|719|269|1006
18|720|269|1007
18|720|270|1008
18|721|270|1009
18|721|271|1010
18|722|271|1011
18|722|272|1012
18|723|272|1013
18|723|273|1014
18|724|273|1015
18|724|274|1016
18|725|274|1017
18|726|274|1018
18|727|274|1019
18|727|275|1020
18|728|275|1021
18|728|276|1022
18|729|276|1023
18|729|277|1024
18|730|277|1025
18|730|278|1026
18|731|278|1027
18|731|279|1028
18|732|279|1029
18|732|280|1030
18|733|280|1031
18|733|281|1032
18|734|281|1033
18|734|282|1034
18|735|282|1035
18|735|283|1036
18|736|283|1037
18|736|284|1038
18|737|284|1039
18|737|285|1040
18|738|285|1041
18|738|286|1042
18|739|286|1043
18|739|287|1044
18|740|287|1045
18|740|288|1046
18|741|288|1047
18|741|289|1048
18|742|289|1049
18|742|290|1050
18|743|290|1051
18|743|291|1052
18|744|291|1053
18|745|291|1054
18|746|291|1055
18|747|291|1056
18|748|291|1057
18|749|291|1058
18|750|291|1059
18|750|292|1060
18|751|292|1061
18|751|293|1062
18|752|293|1063
18|752|294|1064
18|753|294|1065
18|753|295|1066
18|754|295|1067
18|754|296|1068
18|755|296|1069
18|756|296|1070
18|757|296|1071
18|757|297|1072
18|758|297|1073
18|758|298|1074
18|759|298|1075
18|760|298|1076
18|761|298|1077
18|762|298|1078
18|763|298|1079
18|763|299|1080
18|764|299|1081
18|765|299|1082
19|765|299|1083
19|765|300|1084
19|766|300|1085
19|767|300|1086
20|767|300|1087
20|767|301|1088
20|768|301|1089
20|769|301|1090
20|770|301|1091
20|771|301|1092
20|772|301|1093
20|773|301|1094
20|774|301|1095
20|775|301|1096
20|776|301|1097
20|776|302|1098
20|777|302|1099
20|778|302|1100
20|779|302|1101
20|779|303|1102
20|780|303|1103
20|781|303|1104
20|782|303|1105
20|783|303|1106
20|784|303|1107
20|784|304|1108
20|785|304|1109
20|785|305|1110
20|786|305|1111
20|787|305|1112
20|788|305|1113
20|789|305|1114
20|790|305|1115
20|790|306|1116
20|791|306|1117
20|792|306|1118
20|793|306|1119
20|794|306|1120
20|795|306|1121
20|796|306|1122
20|797|306|1123
20|797|307|1124
20|798|307|1125
20|799|307|1126
20|800|307|1127
20|800|308|1128
20|801|308|1129
20|801|309|1130
20|802|309|1131
20|802|310|1132
20|803|310|1133
20|803|311|1134
20|804|311|1135
20|804|312|1136
20|805|312|1137
20|805|313|1138
20|806|313|1139
20|806|314|1140
20|807|314|1141
20|807|315|1142
20|808|315|1143
20|808|316|1144
20|809|316|1145
20|809|317|1146
20|810|317|1147
20|810|318|1148
20|811|318|1149
20|811|319|1150
20|812|319|1151
20|812|320|1152
20|813|320|1153
20|813|321|1154
20|814|321|1155
20|814|322|1156
20|815|322|1157
20|815|323|1158
20|816|323|1159
20|816|324|1160
20|817|324|1161
20|817|325|1162
20|818|325|1163
20|818|326|1164
20|819|326|1165
20|820|326|1166
20|821|326|1167
20|821|327|1168
20|822|327|1169
20|822|328|1170
20|823|328|1171
20|824|328|1172
20|825|328|1173
20|826|328|1174
20|827|328|1175
20|827|329|1176
20|828|329|1177
20|829|329|1178
20|830|329|1179
20|830|330|1180
20|831|330|1181
20|831|331|1182
20|832|331|1183
20|833|331|1184
20|834|331|1185
20|835|331|1186
20|836|331|1187
20|836|332|1188
20|837|332|1189
20|838|332|1190
20|839|332|1191
20|840|332|1192
21|840|332|1193
21|841|332|1194
22|841|332|1195
22|842|332|1196
22|843|332|1197
22|843|333|1198
22|844|333|1199
22|845|333|1200
22|846|333|1201
22|846|334|1202
22|847|334|1203
22|848|334|1204
22|849|334|1205
22|849|335|1206
22|850|335|1207
22|851|335|1208
22|852|335|1209
22|853|335|1210
22|854|335|1211
22|854|336|1212
22|855|336|1213
22|856|336|1214
22|857|336|1215
22|857|337|1216
22|858|337|1217
22|858|338|1218
22|859|338|1219
22|860|338|1220
22|861|338|1221
22|862|338|1222
22|863|338|1223
22|863|339|1224
22|864|339|1225
22|865|339|1226
22|866|339|1227
22|867|339|1228
22|868|339|1229
22|869|339|1230
22|870|339|1231
22|871|339|1232
22|872|339|1233
22|873|339|1234
22|874|339|1235
22|874|340|1236
22|875|340|1237
22|875|341|1238
22|876|341|1239
22|876|342|1240
22|877|342|1241
22|877|343|1242
22|878|343|1243
22|878|344|1244
22|879|344|1245
22|879|345|1246
22|880|345|1247
22|880|346|1248
22|881|346|1249
22|881|347|1250
22|882|347|1251
22|882|348|1252
22|883|348|1253
22|883|349|1254
22|884|349|1255
22|884|350|1256
22|885|350|1257
22|885|351|1258
22|886|351|1259
22|886|352|1260
22|887|352|1261
22|887|353|1262
22|888|353|1263
22|888|354|1264
22|889|354|1265
22|889|355|1266
22|890|355|1267
22|890|356|1268
22|891|356|1269
22|891|357|1270
22|892|357|1271
22|892|358|1272
22|893|358|1273
22|893|359|1274
22|894|359|1275
22|894|360|1276
22|895|360|1277
22|895|361|1278
22|896|361|1279
22|896|362|1280
22|897|362|1281
22|897|363|1282
22|898|363|1283
22|898|364|1284
22|899|364|1285
22|899|365|1286
22|900|365|1287
22|900|366|1288
22|901|366|1289
22|901|367|1290
22|902|367|1291
22|902|368|1292
22|903|368|1293
22|903|369|1294
22|904|369|1295
22|904|370|1296
22|905|370|1297
22|905|371|1298
22|906|371|1299
22|906|372|1300
22|907|372|1301
22|907|373|1302
22|908|373|1303
22|908|374|1304
22|909|374|1305
22|909|375|1306
22|910|375|1307
22|911|375|1308
22|912|375|1309
22|912|376|1310
22|913|376|1311
22|913|377|1312
22|914|377|1313
22|914|378|1314
22|915|378|1315
22|915|379|1316
22|916|379|1317
22|916|380|1318
22|917|380|1319
22|917|381|1320
22|918|381|1321
22|919|381|1322
22|920|381|1323
22|921|381|1324
22|922|381|1325
22|922|382|1326
22|923|382|1327
22|923|383|1328
22|924|383|1329
22|925|383|1330
22|926|383|1331
22|926|384|1332
22|927|384|1333
22|928|384|1334
22|929|384|1335
22|930|384|1336
22|931|384|1337
22|932|384|1338
22|933|384|1339
22|934|384|1340
22|935|384|1341
22|936|384|1342
22|937|384|1343
22|938|384|1344
22|939|384|1345
22|940|384|1346
22|941|384|1347
22|941|385|1348
22|942|385|1349
22|942|386|1350
22|943|386|1351
22|944|386|1352
22|945|386|1353
22|946|386|1354
22|947|386|1355
22|947|387|1356
22|948|387|1357
22|949|387|1358
22|950|387|1359
22|951|387|1360
22|952|387|1361
22|952|388|1362
22|953|388|1363
22|953|389|1364
22|954|389|1365
22|955|389|1366
22|956|389|1367
22|956|390|1368
22|957|390|1369
22|957|391|1370
22|958|391|1371
22|959|391|1372
22|960|391|1373
22|961|391|1374
22|962|391|1375
22|963|391|1376
22|964|391|1377
22|965|391|1378
22|966|391|1379
22|966|392|1380
22|967|392|1381
22|967|393|1382
22|968|393|1383
22|968|394|1384
22|969|394|1385
22|969|395|1386
22|970|395|1387
22|970|396|1388
22|971|396|1389
22|971|397|1390
22|972|397|1391
22|972|398|1392
22|973|398|1393
22|973|399|1394
22|974|399|1395
22|974|400|1396
22|975|400|1397
22|975|401|1398
22|976|401|1399
22|976|402|1400
22|977|402|1401
22|977|403|1402
22|978|403|1403
22|978|404|1404
22|979|404|1405
22|979|405|1406
22|980|405|1407
22|980|406|1408
22|981|406|1409
22|981|407|1410
22|982|407|1411
22|982|408|1412
22|983|408|1413
22|983|409|1414
22|984|409|1415
22|985|409|1416
22|986|409|1417
22|987|409|1418
22|988|409|1419
22|988|410|1420
22|989|410|1421
22|989|411|1422
22|990|411|1423
22|991|411|1424
22|992|411|1425
22|993|411|1426
22|994|411|1427
22|994|412|1428
22|995|412|1429
22|996|412|1430
22|997|412|1431
22|998|412|1432
22|999|412|1433
22|999|413|1434
22|1000|413|1435
22|1000|414|1436
22|1001|414|1437
22|1002|414|1438
22|1003|414|1439
22|1003|415|1440
22|1004|415|1441
22|1004|416|1442
22|1005|416|1443
22|1006|416|1444
22|1007|416|1445
22|1007|417|1446
22|1008|417|1447
22|1009|417|1448
22|1010|417|1449
22|1011|417|1450
22|1012|417|1451
22|1013|417|1452
22|1014|417|1453
22|1015|417|1454
22|1016|417|1455
22|1017|417|1456
22|1018|417|1457
22|1019|417|1458
22|1020|417|1459
22|1021|417|1460
22|1022|417|1461
22|1023|417|1462
22|1024|417|1463
22|1025|417|1464
22|1026|417|1465
22|1027|417|1466
22|1028|417|1467
22|1029|417|1468
22|1030|417|1469
22|1031|417|1470
22|1032|417|1471
22|1033|417|1472
22|1034|417|1473
22|1035|417|1474
22|1036|417|1475
22|1037|417|1476
22|1038|417|1477
22|1039|417|1478
22|1040|417|1479
22|1041|417|1480
22|1042|417|1481
22|1043|417|1482
22|1044|417|1483
22|1045|417|1484
22|1046|417|1485
22|1047|417|1486
22|1048|417|1487
22|1049|417|1488
22|1050|417|1489
22|1051|417|1490
22|1052|417|1491
22|1053|417|1492
22|1054|417|1493
22|1055|417|1494
22|1056|417|1495
22|1057|417|1496
22|1058|417|1497
22|1059|417|1498
22|1060|417|1499
22|1061|417|1500
22|1062|417|1501
22|1063|417|1502
22|1064|417|1503
22|1065|417|1504
22|1066|417|1505
22|1067|417|1506
22|1068|417|1507
22|1069|417|1508
22|1070|417|1509
22|1071|417|1510
22|1072|417|1511
22|1073|417|1512
22|1074|417|1513
22|1075|417|1514
22|1076|417|1515
22|1077|417|1516
22|1078|417|1517
22|1079|417|1518
22|1080|417|1519
22|1081|417|1520
22|1082|417|1521
22|1083|417|1522
22|1084|417|1523
22|1085|417|1524
22|1086|417|1525
22|1087|417|1526
22|1088|417|1527
22|1089|417|1528
22|1090|417|1529
22|1091|417|1530
22|1092|417|1531
22|1092|418|1532
22|1093|418|1533
22|1094|418|1534
22|1095|418|1535
22|1095|419|1536
22|1096|419|1537
22|1097|419|1538
22|1098|419|1539
22|1098|420|1540
22|1099|420|1541
22|1099|421|1542
22|1100|421|1543
22|1100|422|1544
22|1101|422|1545
22|1101|423|1546
22|1102|423|1547
22|1102|424|1548
22|1103|424|1549
22|1104|424|1550
22|1105|424|1551
22|1105|425|1552
22|1106|425|1553
22|1106|426|1554
22|1107|426|1555
22|1108|426|1556
22|1109|426|1557
22|1109|427|1558
22|1110|427|1559
22|1110|428|1560
22|1111|428|1561
22|1111|429|1562
22|1112|429|1563
22|1112|430|1564
22|1113|430|1565
22|1113|431|1566
22|1114|431|1567
22|1115|431|1568
22|1116|431|1569
22|1117|431|1570
22|1118|431|1571
22|1118|432|1572
22|1119|432|1573
22|1120|432|1574
22|1121|432|1575
22|1122|432|1576
22|1123|432|1577
22|1123|433|1578
22|1124|433|1579
22|1124|434|1580
22|1125|434|1581
22|1125|435|1582
22|1126|435|1583
22|1127|435|1584
22|1128|435|1585
22|1128|436|1586
22|1129|436|1587
22|1130|436|1588
22|1131|436|1589
22|1132|436|1590
22|1133|436|1591
22|1134|436|1592
22|1135|436|1593
22|1135|437|1594
22|1136|437|1595
22|1136|438|1596
22|1137|438|1597
22|1137|439|1598
22|1138|439|1599
22|1138|440|1600
22|1139|440|1601
22|1139|441|1602
22|1140|441|1603
22|1140|442|1604
22|1141|442|1605
22|1141|443|1606
22|1142|443|1607
22|1142|444|1608
22|1143|444|1609
22|1143|445|1610
22|1144|445|1611
22|1144|446|1612
22|1145|446|1613
22|1145|447|1614
22|1146|447|1615
22|1146|448|1616
22|1147|448|1617
22|1147|449|1618
22|1148|449|1619
22|1148|450|1620
22|1149|450|1621
22|1149|451|1622
22|1150|451|1623
22|1151|451|1624
22|1152|451|1625
22|1153|451|1626
22|1154|451|1627
22|1155|451|1628
22|1156|451|1629
22|1156|452|1630
22|1157|452|1631
22|1157|453|1632
22|1158|453|1633
22|1158|454|1634
22|1159|454|1635
22|1159|455|1636
22|1160|455|1637
22|1160|456|1638
22|1161|456|1639
22|1161|457|1640
22|1162|457|1641
22|1162|458|1642
22|1163|458|1643
22|1163|459|1644
22|1164|459|1645
22|1164|460|1646
22|1165|460|1647
22|1165|461|1648
22|1166|461|1649
22|1166|462|1650
22|1167|462|1651
22|1167|463|1652
22|1168|463|1653
22|1168|464|1654
22|1169|464|1655
22|1169|465|1656
22|1170|465|1657
22|1170|466|1658
22|1171|466|1659
22|1172|466|1660
22|1173|466|1661
22|1174|466|1662
22|1175|466|1663
22|1176|466|1664
22|1177|466|1665
22|1177|467|1666
22|1178|467|1667
22|1178|468|1668
22|1179|468|1669
22|1179|469|1670
22|1180|469|1671
22|1180|470|1672
22|1181|470|1673
22|1181|471|1674
22|1182|471|1675
22|1182|472|1676
22|1183|472|1677
22|1183|473|1678
22|1184|473|1679
22|1184|474|1680
22|1185|474|1681
22|1185|475|1682
22|1186|475|1683
22|1186|476|1684
22|1187|476|1685
22|1187|477|1686
22|1188|477|1687
22|1188|478|1688
22|1189|478|1689
22|1189|479|1690
22|1190|479|1691
22|1190|480|1692
22|1191|480|1693
22|1191|481|1694
22|1192|481|1695
22|1192|482|1696
22|1193|482|1697
22|1193|483|1698
22|1194|483|1699
22|1194|484|1700
22|1195|484|1701
22|1195|485|1702
22|1196|485|1703
22|1196|486|1704
22|1197|486|1705
22|1197|487|1706
22|1198|487|1707
22|1198|488|1708
22|1199|488|1709
22|1199|489|1710
22|1200|489|1711
22|1200|490|1712
22|1201|490|1713
22|1201|491|1714
22|1202|491|1715
22|1202|492|1716
22|1203|492|1717
22|1203|493|1718
22|1204|493|1719
22|1204|494|1720
22|1205|494|1721
22|1205|495|1722
22|1206|495|1723
22|1206|496|1724
22|1207|496|1725
22|1207|497|1726
22|1208|497|1727
22|1208|498|1728
22|1209|498|1729
22|1209|499|1730
22|1210|499|1731
22|1210|500|1732
22|1211|500|1733
22|1212|500|1734
22|1213|500|1735
22|1213|501|1736
22|1214|501|1737
22|1214|502|1738
22|1215|502|1739
22|1215|503|1740
22|1216|503|1741
22|1216|504|1742
22|1217|504|1743
22|1217|505|1744
22|1218|505|1745
22|1218|506|1746
22|1219|506|1747
22|1219|507|1748
22|1220|507|1749
22|1220|508|1750
22|1221|508|1751
22|1221|509|1752
22|1222|509|1753
22|1222|510|1754
22|1223|510|1755
22|1223|511|1756
22|1224|511|1757
22|1224|512|1758
22|1225|512|1759
22|1225|513|1760
22|1226|513|1761
22|1226|514|1762
22|1227|514|1763
22|1227|515|1764
22|1228|515|1765
22|1228|516|1766
22|1229|516|1767
22|1230|516|1768
23|1230|516|1769
23|1231|516|1770
23|1232|516|1771
23|1233|516|1772
23|1234|516|1773
23|1234|517|1774
23|1235|517|1775
23|1235|518|1776
23|1236|518|1777
23|1236|519|1778
23|1237|519|1779
23|1237|520|1780
23|1238|520|1781
23|1238|521|1782
23|1239|521|1783
23|1239|522|1784
23|1240|522|1785
23|1240|523|1786
23|1241|523|1787
23|1241|524|1788
23|1242|524|1789
23|1242|525|1790
23|1243|525|1791
23|1243|526|1792
23|1244|526|1793
23|1244|527|1794
23|1245|527|1795
23|1245|528|1796
23|1246|528|1797
23|1246|529|1798
23|1247|529|1799
23|1247|530|1800
23|1248|530|1801
23|1248|531|1802
23|1249|531|1803
23|1250|531|1804
23|1251|531|1805
23|1252|531|1806
23|1253|531|1807
23|1254|531|1808
23|1255|531|1809
23|1255|532|1810
23|1256|532|1811
23|1256|533|1812
23|1257|533|1813
23|1257|534|1814
23|1258|534|1815
23|1258|535|1816
23|1259|535|1817
23|1259|536|1818
23|1260|536|1819
23|1260|537|1820
23|1261|537|1821
23|1261|538|1822
23|1262|538|1823
23|1262|539|1824
23|1263|539|1825
23|1263|540|1826
23|1264|540|1827
23|1264|541|1828
23|1265|541|1829
23|1265|542|1830
23|1266|542|1831
23|1266|543|1832
23|1267|543|1833
23|1267|544|1834
23|1268|544|1835
23|1268|545|1836
23|1269|545|1837
23|1269|546|1838
23|1270|546|1839
23|1271|546|1840
23|1272|546|1841
23|1272|547|1842
23|1273|547|1843
23|1273|548|1844
23|1274|548|1845
23|1274|549|1846
23|1275|549|1847
23|1275|550|1848
23|1276|550|1849
23|1276|551|1850
23|1277|551|1851
23|1277|552|1852
23|1278|552|1853
23|1278|553|1854
23|1279|553|1855
23|1279|554|1856
23|1280|554|1857
23|1280|555|1858
23|1281|555|1859
23|1281|556|1860
23|1282|556|1861
23|1282|557|1862
23|1283|557|1863
23|1283|558|1864
23|1284|558|1865
23|1284|559|1866
23|1285|559|1867
23|1285|560|1868
23|1286|560|1869
23|1286|561|1870
23|1287|561|1871
23|1287|562|1872
23|1288|562|1873
23|1288|563|1874
24|1288|563|1875
24|1288|564|1876
25|1288|564|1877
25|1289|564|1878
26|1289|564|1879
26|1290|564|1880
26|1291|564|1881
26|1291|565|1882
26|1292|565|1883
26|1292|566|1884
26|1293|566|1885
26|1293|567|1886
26|1294|567|1887
26|1294|568|1888
26|1295|568|1889
26|1295|569|1890
26|1296|569|1891
26|1296|570|1892
26|1297|570|1893
26|1297|571|1894
26|1298|571|1895
26|1298|572|1896
26|1299|572|1897
26|1299|573|1898
26|1300|573|1899
26|1300|574|1900
26|1301|574|1901
26|1301|575|1902
26|1302|575|1903
26|1302|576|1904
26|1303|576|1905
26|1303|577|1906
26|1304|577|1907
26|1304|578|1908
26|1305|578|1909
26|1305|579|1910
26|1306|579|1911
26|1307|579|1912
26|1308|579|1913
26|1309|579|1914
26|1310|579|1915
26|1311|579|1916
26|1312|579|1917
26|1312|580|1918
26|1313|580|1919
26|1313|581|1920
26|1314|581|1921
26|1314|582|1922
26|1315|582|1923
26|1315|583|1924
26|1316|583|1925
26|1316|584|1926
26|1317|584|1927
26|1317|585|1928
26|1318|585|1929
26|1318|586|1930
26|1319|586|1931
26|1319|587|1932
26|1320|587|1933
26|1320|588|1934
26|1321|588|1935
26|1321|589|1936
26|1322|589|1937
26|1322|590|1938
26|1323|590|1939
26|1323|591|1940
26|1324|591|1941
26|1324|592|1942
26|1325|592|1943
26|1325|593|1944
26|1326|593|1945
26|1326|594|1946
26|1327|594|1947
26|1327|595|1948
26|1328|595|1949
26|1328|596|1950
26|1329|596|1951
26|1329|597|1952
26|1330|597|1953
26|1330|598|1954
26|1331|598|1955
26|1331|599|1956
26|1332|599|1957
26|1332|600|1958
26|1333|600|1959
26|1333|601|1960
26|1334|601|1961
26|1334|602|1962
26|1335|602|1963
26|1335|603|1964
26|1336|603|1965
26|1336|604|1966
26|1337|604|1967
26|1337|605|1968
26|1338|605|1969
26|1338|606|1970
26|1339|606|1971
26|1339|607|1972
26|1340|607|1973
26|1340|608|1974
26|1341|608|1975
26|1341|609|1976
26|1342|609|1977
26|1342|610|1978
26|1343|610|1979
26|1343|611|1980
26|1344|611|1981
26|1344|612|1982
26|1345|612|1983
26|1345|613|1984
26|1346|613|1985
26|1346|614|1986
26|1347|614|1987
26|1347|615|1988
26|1348|615|1989
26|1348|616|1990
26|1349|616|1991
26|1349|617|1992
26|1350|617|1993
26|1350|618|1994
26|1351|618|1995
26|1351|619|1996
26|1352|619|1997
26|1352|620|1998
26|1353|620|1999
26|1353|621|2000
