total
0|0|1|1
0|1|1|2
0|1|2|3
0|1|3|4
0|1|4|5
0|1|5|6
0|1|6|7
0|1|7|8
0|1|8|9
0|1|9|10
0|1|10|11
0|2|10|12
0|2|11|13
0|3|11|14
0|3|12|15
0|4|12|16
0|4|13|17
0|5|13|18
0|5|14|19
0|6|14|20
0|6|15|21
0|7|15|22
0|7|16|23
0|8|16|24
0|8|17|25
0|9|17|26
0|9|18|27
0|10|18|28
0|10|19|29
0|11|19|30
0|11|20|31
0|12|20|32
0|12|21|33
0|13|21|34
0|13|22|35
0|14|22|36
0|14|23|37
0|15|23|38
0|15|24|39
0|16|24|40
0|16|25|41
0|17|25|42
0|17|26|43
0|18|26|44
0|18|27|45
0|19|27|46
0|19|28|47
0|19|29|48
0|19|30|49
0|20|30|50
0|20|31|51
0|21|31|52
0|21|32|53
0|22|32|54
0|22|33|55
0|22|34|56
0|22|35|57
0|23|35|58
0|23|36|59
0|24|36|60
0|24|37|61
0|25|37|62
1|25|37|63
1|25|38|64
1|25|39|65
1|26|39|66
1|26|40|67
1|27|40|68
1|27|41|69
1|28|41|70
1|28|42|71
1|28|43|72
1|28|44|73
1|29|44|74
1|29|45|75
1|29|46|76
1|29|47|77
1|30|47|78
2|30|47|79
2|30|48|80
2|30|49|81
2|31|49|82
2|31|50|83
2|32|50|84
2|32|51|85
2|33|51|86
2|33|52|87
2|33|53|88
2|33|54|89
2|33|55|90
2|33|56|91
2|33|57|92
2|33|58|93
2|33|59|94
2|33|60|95
2|33|61|96
2|33|62|97
2|33|63|98
2|33|64|99
2|33|65|100
2|33|66|101
2|34|66|102
2|34|67|103
2|34|68|104
2|34|69|105
2|34|70|106
2|34|71|107
2|34|72|108
2|34|73|109
2|35|73|110
2|35|74|111
2|35|75|112
3|35|75|113
3|35|76|114
3|35|77|115
3|35|78|116
3|35|79|117
3|35|80|118
4|35|80|119
4|35|81|120
4|35|82|121
4|35|83|122
4|35|84|123
4|36|84|124
5|36|84|125
5|36|85|126
5|36|86|127
5|37|86|128
5|37|87|129
5|38|87|130
6|38|87|131
6|39|87|132
6|39|88|133
6|39|89|134
7|39|89|135
7|39|90|136
8|39|90|137
8|39|91|138
8|39|92|139
8|39|93|140
8|39|94|141
8|40|94|142
8|40|95|143
8|40|96|144
8|40|97|145
8|41|97|146
9|41|97|147
9|41|98|148
9|41|99|149
9|42|99|150
9|42|100|151
9|42|101|152
9|42|102|153
9|42|103|154
10|42|103|155
10|43|103|156
10|43|104|157
10|44|104|158
11|44|104|159
11|45|104|160
12|45|104|161
12|46|104|162
13|46|104|163
13|47|104|164
13|47|105|165
13|48|105|166
13|48|106|167
13|49|106|168
13|49|107|169
13|50|107|170
13|50|108|171
13|51|108|172
13|51|109|173
13|52|109|174
13|52|110|175
13|53|110|176
14|53|110|177
14|54|110|178
14|54|111|179
14|54|112|180
14|54|113|181
14|55|113|182
14|55|114|183
14|56|114|184
14|56|115|185
14|57|115|186
15|57|115|187
15|58|115|188
16|58|115|189
16|58|116|190
16|58|117|191
16|58|118|192
16|58|119|193
16|59|119|194
16|59|120|195
16|60|120|196
16|60|121|197
16|60|122|198
16|60|123|199
16|60|124|200
16|60|125|201
16|60|126|202
17|60|126|203
17|61|126|204
18|61|126|205
18|62|126|206
19|62|126|207
19|63|126|208
19|63|127|209
19|64|127|210
19|64|128|211
19|64|129|212
19|64|130|213
19|64|131|214
19|64|132|215
19|65|132|216
20|65|132|217
20|65|133|218
20|65|134|219
20|66|134|220
20|66|135|221
20|66|136|222
20|66|137|223
20|66|138|224
20|66|139|225
20|67|139|226
20|67|140|227
20|67|141|228
21|67|141|229
21|67|142|230
21|67|143|231
21|67|144|232
22|67|144|233
22|67|145|234
23|67|145|235
23|67|146|236
24|67|146|237
24|67|147|238
24|67|148|239
24|67|149|240
25|67|149|241
25|67|150|242
25|67|151|243
25|68|151|244
25|68|152|245
25|68|153|246
26|68|153|247
26|68|154|248
27|68|154|249
27|68|155|250
28|68|155|251
28|68|156|252
29|68|156|253
29|68|157|254
29|68|158|255
29|68|159|256
29|68|160|257
29|69|160|258
30|69|160|259
30|69|161|260
31|69|161|261
31|69|162|262
31|69|163|263
31|70|163|264
31|70|164|265
31|71|164|266
31|71|165|267
31|72|165|268
31|72|166|269
31|73|166|270
31|73|167|271
31|74|167|272
31|74|168|273
31|75|168|274
31|75|169|275
31|76|169|276
31|76|170|277
31|77|170|278
31|77|171|279
31|78|171|280
31|78|172|281
31|79|172|282
31|79|173|283
31|80|173|284
32|80|173|285
32|81|173|286
32|81|174|287
32|82|174|288
32|82|175|289
32|83|175|290
32|83|176|291
32|84|176|292
32|84|177|293
32|85|177|294
32|85|178|295
32|86|178|296
32|86|179|297
32|87|179|298
32|87|180|299
32|88|180|300
32|88|181|301
32|89|181|302
32|89|182|303
32|90|182|304
32|90|183|305
32|91|183|306
32|91|184|307
32|91|185|308
32|91|186|309
32|91|187|310
32|91|188|311
32|92|188|312
33|92|188|313
33|92|189|314
33|92|190|315
33|93|190|316
33|93|191|317
33|93|192|318
33|93|193|319
33|94|193|320
34|94|193|321
34|94|194|322
34|94|195|323
34|95|195|324
35|95|195|325
35|95|196|326
35|95|197|327
35|96|197|328
36|96|197|329
36|97|197|330
36|97|198|331
36|97|199|332
36|97|200|333
36|97|201|334
36|97|202|335
36|97|203|336
36|97|204|337
36|98|204|338
36|98|205|339
36|99|205|340
36|99|206|341
36|100|206|342
36|100|207|343
36|101|207|344
36|101|208|345
36|102|208|346
36|102|209|347
36|103|209|348
36|103|210|349
36|104|210|350
36|104|211|351
36|105|211|352
36|105|212|353
36|105|213|354
36|105|214|355
36|105|215|356
36|105|216|357
36|106|216|358
36|106|217|359
36|107|217|360
36|107|218|361
36|107|219|362
36|107|220|363
36|108|220|364
36|108|221|365
36|109|221|366
36|109|222|367
36|109|223|368
36|109|224|369
36|110|224|370
36|110|225|371
36|111|225|372
36|111|226|373
36|112|226|374
36|112|227|375
36|113|227|376
36|113|228|377
36|114|228|378
36|114|229|379
36|115|229|380
36|115|230|381
36|116|230|382
36|116|231|383
36|117|231|384
36|117|232|385
36|118|232|386
36|118|233|387
36|119|233|388
36|119|234|389
36|120|234|390
36|120|235|391
36|121|235|392
36|121|236|393
36|122|236|394
36|122|237|395
36|123|237|396
36|123|238|397
36|124|238|398
36|124|239|399
36|125|239|400
36|125|240|401
36|126|240|402
36|126|241|403
36|127|241|404
36|127|242|405
36|128|242|406
36|128|243|407
36|128|244|408
36|128|245|409
36|129|245|410
37|129|245|411
37|130|245|412
37|130|246|413
37|131|246|414
37|131|247|415
37|132|247|416
37|132|248|417
37|133|248|418
37|133|249|419
37|134|249|420
37|134|250|421
37|135|250|422
37|135|251|423
37|136|251|424
37|136|252|425
37|137|252|426
37|137|253|427
37|138|253|428
37|138|254|429
37|139|254|430
37|139|255|431
37|140|255|432
37|140|256|433
37|141|256|434
37|141|257|435
37|142|257|436
37|142|258|437
37|143|258|438
37|143|259|439
37|144|259|440
37|144|260|441
37|144|261|442
37|144|262|443
37|144|263|444
37|144|264|445
37|145|264|446
37|145|265|447
37|145|266|448
37|145|267|449
37|146|267|450
37|146|268|451
37|147|268|452
37|147|269|453
37|147|270|454
37|147|271|455
37|148|271|456
37|148|272|457
37|148|273|458
37|148|274|459
37|149|274|460
38|149|274|461
38|149|275|462
38|149|276|463
38|149|277|464
38|149|278|465
38|150|278|466
38|150|279|467
38|151|279|468
38|151|280|469
38|151|281|470
38|151|282|471
38|151|283|472
38|151|284|473
38|152|284|474
38|152|285|475
38|153|285|476
38|153|286|477
38|153|287|478
38|153|288|479
38|154|288|480
38|154|289|481
38|155|289|482
38|155|290|483
38|156|290|484
38|156|291|485
38|157|291|486
38|157|292|487
38|158|292|488
38|158|293|489
38|159|293|490
38|159|294|491
38|160|294|492
38|160|295|493
38|161|295|494
38|161|296|495
38|162|296|496
38|162|297|497
38|163|297|498
38|164|298|500
38|165|298|501
38|165|299|502
38|166|299|503
38|166|300|504
38|167|300|505
38|167|301|506
38|168|301|507
38|168|302|508
38|169|302|509
38|169|303|510
38|170|303|511
38|170|304|512
38|171|304|513
38|171|305|514
38|171|306|515
38|171|307|516
38|171|308|517
39|171|308|518
39|171|309|519
39|171|310|520
39|171|311|521
39|171|312|522
39|171|313|523
39|171|314|524
39|171|315|525
39|171|316|526
39|171|317|527
39|171|318|528
39|171|319|529
39|171|320|530
39|171|321|531
39|171|322|532
39|171|323|533
40|171|323|534
40|171|324|535
41|171|324|536
41|171|325|537
42|171|325|538
42|171|326|539
43|171|326|540
43|171|327|541
44|171|327|542
44|171|328|543
45|171|328|544
45|171|329|545
45|171|330|546
45|171|331|547
46|171|331|548
46|171|332|549
47|171|332|550
47|172|332|551
47|172|333|552
47|173|333|553
47|173|334|554
47|174|334|555
47|174|335|556
47|175|335|557
47|175|336|558
47|176|336|559
47|176|337|560
47|177|337|561
47|177|338|562
47|178|338|563
47|178|339|564
47|179|339|565
47|179|340|566
47|180|340|567
47|180|341|568
47|181|341|569
47|181|342|570
47|182|342|571
47|182|343|572
47|183|343|573
47|183|344|574
47|184|344|575
47|184|345|576
47|185|345|577
47|185|346|578
47|186|346|579
47|186|347|580
47|187|347|581
47|187|348|582
47|188|348|583
47|188|349|584
47|189|349|585
47|189|350|586
47|189|351|587
47|189|352|588
47|190|352|589
47|190|353|590
47|190|354|591
47|190|355|592
47|190|356|593
47|190|357|594
47|191|357|595
47|191|358|596
47|191|359|597
47|191|360|598
47|191|361|599
48|191|361|600
48|192|361|601
48|192|362|602
48|192|363|603
48|192|364|604
48|193|364|605
48|193|365|606
48|194|365|607
48|194|366|608
48|195|366|609
48|195|367|610
48|196|367|611
48|196|368|612
48|196|369|613
49|196|369|614
49|197|369|615
49|197|370|616
49|198|370|617
50|198|370|618
50|199|370|619
50|199|371|620
50|199|372|621
51|199|372|622
51|200|372|623
52|200|372|624
52|201|372|625
52|201|373|626
52|201|374|627
52|201|375|628
52|202|375|629
52|202|376|630
52|203|376|631
52|203|377|632
52|204|377|633
52|204|378|634
52|205|378|635
52|205|379|636
52|206|379|637
52|206|380|638
52|207|380|639
53|207|380|640
53|208|380|641
53|208|381|642
53|209|381|643
53|209|382|644
53|210|382|645
53|210|383|646
53|211|383|647
53|211|384|648
53|211|385|649
53|211|386|650
53|212|386|651
53|212|387|652
53|213|387|653
53|213|388|654
53|214|388|655
53|214|389|656
53|215|389|657
53|215|390|658
53|215|391|659
54|215|391|660
54|215|392|661
55|215|392|662
55|215|393|663
56|215|393|664
56|215|394|665
56|215|395|666
56|215|396|667
56|215|397|668
56|215|398|669
56|215|399|670
56|215|400|671
57|215|400|672
57|215|401|673
57|215|402|674
57|215|403|675
58|215|403|676
58|215|404|677
58|215|405|678
58|215|406|679
58|215|407|680
58|215|408|681
59|215|408|682
59|215|409|683
59|215|410|684
59|215|411|685
59|215|412|686
59|215|413|687
59|215|414|688
59|215|415|689
59|215|416|690
59|215|417|691
60|215|417|692
60|215|418|693
61|215|418|694
61|216|418|695
61|216|419|696
61|217|419|697
61|217|420|698
61|218|420|699
61|218|421|700
61|219|421|701
61|219|422|702
61|220|422|703
61|220|423|704
61|221|423|705
61|221|424|706
61|222|424|707
61|222|425|708
61|223|425|709
61|223|426|710
61|224|426|711
61|224|427|712
61|225|427|713
61|225|428|714
61|226|428|715
61|226|429|716
61|227|429|717
61|227|430|718
61|228|430|719
61|228|431|720
61|229|431|721
61|229|432|722
61|230|432|723
61|230|433|724
61|231|433|725
61|231|434|726
61|232|434|727
61|232|435|728
61|233|435|729
61|233|436|730
61|233|437|731
62|233|437|732
62|234|437|733
62|234|438|734
62|234|439|735
62|234|440|736
62|235|440|737
62|235|441|738
62|236|441|739
62|236|442|740
62|237|442|741
62|237|443|742
62|237|444|743
63|237|444|744
63|238|444|745
63|238|445|746
63|238|446|747
64|238|446|748
64|239|446|749
64|239|447|750
64|239|448|751
64|239|449|752
64|240|449|753
64|240|450|754
64|240|451|755
65|240|451|756
65|241|451|757
65|241|452|758
65|241|453|759
65|241|454|760
65|242|454|761
65|242|455|762
65|243|455|763
65|243|456|764
65|244|456|765
65|244|457|766
65|244|458|767
66|244|458|768
66|245|458|769
67|245|458|770
67|245|459|771
67|245|460|772
67|245|461|773
67|245|462|774
67|245|463|775
67|245|464|776
67|245|465|777
67|245|466|778
67|246|466|779
67|246|467|780
67|246|468|781
68|246|468|782
68|246|469|783
68|246|470|784
68|246|471|785
68|246|472|786
68|246|473|787
69|246|473|788
69|246|474|789
69|246|475|790
69|247|475|791
69|247|476|792
69|247|477|793
69|247|478|794
69|248|478|795
69|248|479|796
69|249|479|797
69|249|480|798
69|249|481|799
69|249|482|800
69|249|483|801
69|249|484|802
69|249|485|803
69|249|486|804
69|249|487|805
70|249|487|806
70|249|488|807
70|249|489|808
70|249|490|809
71|249|490|810
71|249|491|811
72|249|491|812
72|249|492|813
72|249|493|814
72|250|493|815
73|250|493|816
73|250|494|817
74|250|494|818
74|250|495|819
74|250|496|820
74|250|497|821
74|250|498|822
74|250|499|823
75|250|499|824
75|250|500|825
75|250|501|826
75|250|502|827
76|250|502|828
76|250|503|829
77|250|503|830
77|250|504|831
77|250|505|832
77|250|506|833
78|250|506|834
78|251|506|835
78|251|507|836
78|252|507|837
79|252|507|838
79|253|507|839
79|253|508|840
79|254|508|841
79|254|509|842
79|255|509|843
79|255|510|844
79|256|510|845
79|256|511|846
79|257|511|847
79|257|512|848
79|258|512|849
79|258|513|850
79|258|514|851
79|258|515|852
79|259|515|853
79|259|516|854
79|259|517|855
80|259|517|856
80|260|517|857
80|260|518|858
80|261|518|859
80|261|519|860
80|262|519|861
80|262|520|862
80|262|521|863
80|262|522|864
80|263|522|865
80|263|523|866
80|264|523|867
81|264|523|868
81|265|523|869
81|265|524|870
81|266|524|871
81|266|525|872
81|266|526|873
81|266|527|874
81|266|528|875
81|266|529|876
81|266|530|877
82|266|530|878
82|266|531|879
82|266|532|880
82|266|533|881
82|266|534|882
82|266|535|883
82|266|536|884
82|266|537|885
82|266|538|886
82|266|539|887
82|266|540|888
82|267|540|889
82|267|541|890
82|267|542|891
82|267|543|892
82|268|543|893
82|268|544|894
82|269|544|895
82|269|545|896
82|269|546|897
83|269|546|898
83|269|547|899
84|269|547|900
84|270|547|901
84|270|548|902
84|270|549|903
85|270|549|904
85|270|550|905
86|270|550|906
86|270|551|907
86|270|552|908
86|270|553|909
86|270|554|910
86|271|554|911
86|271|555|912
86|271|556|913
87|271|556|914
87|271|557|915
87|271|558|916
87|271|559|917
87|271|560|918
87|271|561|919
88|271|561|920
88|272|561|921
88|272|562|922
88|273|562|923
89|273|562|924
89|273|563|925
90|273|563|926
90|273|564|927
90|273|565|928
90|273|566|929
90|273|567|930
90|273|568|931
90|273|569|932
90|273|570|933
91|273|570|934
91|274|570|935
91|274|571|936
91|275|571|937
91|275|572|938
91|275|573|939
91|275|574|940
91|275|575|941
91|275|576|942
91|275|577|943
91|275|578|944
91|275|579|945
92|275|579|946
92|276|579|947
92|276|580|948
92|277|580|949
92|277|581|950
92|278|581|951
92|278|582|952
92|279|582|953
92|279|583|954
92|280|583|955
93|280|583|956
93|281|583|957
93|281|584|958
93|282|584|959
93|282|585|960
93|283|585|961
94|283|585|962
94|284|585|963
94|284|586|964
94|285|586|965
94|285|587|966
94|286|587|967
94|286|588|968
94|287|588|969
94|287|589|970
94|288|589|971
94|288|590|972
94|289|590|973
94|289|591|974
94|290|591|975
94|290|592|976
94|291|592|977
94|291|593|978
94|292|593|979
94|292|594|980
94|293|594|981
94|293|595|982
94|293|596|983
94|293|597|984
94|294|597|985
94|294|598|986
94|295|598|987
94|295|599|988
94|296|599|989
94|296|600|990
94|296|601|991
95|296|601|992
95|297|601|993
95|297|602|994
95|298|602|995
95|298|603|996
95|298|604|997
95|298|605|998
95|299|605|999
95|299|606|1000
95|300|606|1001
95|300|607|1002
95|301|607|1003
95|301|608|1004
95|301|609|1005
95|301|610|1006
95|302|610|1007
95|302|611|1008
95|303|611|1009
95|303|612|1010
95|304|612|1011
96|304|612|1012
96|305|612|1013
97|305|612|1014
97|305|613|1015
97|305|614|1016
97|305|615|1017
98|305|615|1018
98|306|615|1019
98|306|616|1020
98|307|616|1021
98|307|617|1022
98|308|617|1023
98|308|618|1024
98|309|618|1025
98|309|619|1026
98|309|620|1027
98|309|621|1028
98|309|622|1029
98|309|623|1030
98|310|623|1031
98|310|624|1032
98|311|624|1033
98|311|625|1034
98|312|625|1035
98|312|626|1036
98|313|626|1037
98|313|627|1038
98|314|627|1039
98|314|628|1040
98|315|628|1041
98|315|629|1042
98|316|629|1043
98|316|630|1044
98|317|630|1045
98|317|631|1046
98|318|631|1047
98|318|632|1048
98|319|632|1049
98|319|633|1050
98|320|633|1051
98|320|634|1052
98|321|634|1053
98|321|635|1054
98|322|635|1055
98|322|636|1056
98|323|636|1057
98|323|637|1058
98|324|637|1059
98|324|638|1060
98|325|638|1061
98|325|639|1062
98|326|639|1063
98|326|640|1064
98|327|640|1065
98|327|641|1066
98|328|641|1067
98|328|642|1068
98|329|642|1069
98|329|643|1070
98|330|643|1071
98|330|644|1072
98|331|644|1073
98|331|645|1074
98|332|645|1075
98|332|646|1076
98|333|646|1077
98|333|647|1078
98|334|647|1079
98|334|648|1080
98|335|648|1081
98|335|649|1082
98|336|649|1083
98|336|650|1084
98|337|650|1085
98|337|651|1086
98|338|651|1087
98|338|652|1088
98|339|652|1089
98|339|653|1090
98|339|654|1091
98|339|655|1092
98|339|656|1093
99|339|656|1094
99|339|657|1095
100|339|657|1096
100|339|658|1097
101|339|658|1098
101|339|659|1099
102|339|659|1100
102|339|660|1101
103|339|660|1102
103|339|661|1103
104|339|661|1104
104|340|661|1105
105|340|661|1106
105|340|662|1107
106|340|662|1108
106|340|663|1109
107|340|663|1110
107|341|663|1111
108|341|663|1112
108|341|664|1113
109|341|664|1114
109|341|665|1115
110|341|665|1116
110|341|666|1117
111|341|666|1118
111|341|667|1119
112|341|667|1120
112|341|668|1121
113|341|668|1122
113|341|669|1123
114|341|669|1124
114|341|670|1125
115|341|670|1126
115|341|671|1127
115|341|672|1128
115|342|672|1129
115|342|673|1130
115|343|673|1131
115|343|674|1132
115|343|675|1133
115|343|676|1134
115|344|676|1135
115|344|677|1136
115|344|678|1137
116|344|678|1138
116|345|678|1139
116|345|679|1140
116|345|680|1141
117|345|680|1142
117|346|680|1143
117|346|681|1144
117|347|681|1145
117|347|682|1146
117|348|682|1147
117|348|683|1148
117|348|684|1149
117|348|685|1150
117|349|685|1151
117|349|686|1152
117|350|686|1153
117|350|687|1154
117|350|688|1155
117|350|689|1156
117|350|690|1157
117|350|691|1158
117|351|691|1159
117|351|692|1160
117|351|693|1161
117|351|694|1162
117|352|694|1163
117|352|695|1164
117|353|695|1165
117|353|696|1166
117|354|696|1167
117|354|697|1168
117|355|697|1169
117|355|698|1170
117|356|698|1171
117|356|699|1172
117|357|699|1173
117|357|700|1174
117|358|700|1175
117|358|701|1176
117|359|701|1177
117|359|702|1178
117|360|702|1179
117|360|703|1180
117|361|703|1181
117|361|704|1182
117|362|704|1183
117|362|705|1184
117|363|705|1185
117|363|706|1186
117|364|706|1187
117|364|707|1188
117|365|707|1189
117|365|708|1190
117|366|708|1191
117|366|709|1192
117|367|709|1193
117|367|710|1194
117|368|710|1195
117|368|711|1196
117|369|711|1197
117|369|712|1198
117|369|713|1199
118|369|713|1200
118|369|714|1201
118|369|715|1202
118|369|716|1203
119|369|716|1204
119|369|717|1205
120|369|717|1206
120|369|718|1207
121|369|718|1208
121|369|719|1209
122|369|719|1210
122|369|720|1211
123|369|720|1212
123|369|721|1213
124|369|721|1214
124|369|722|1215
125|369|722|1216
125|369|723|1217
126|369|723|1218
126|369|724|1219
127|369|724|1220
127|369|725|1221
128|369|725|1222
128|369|726|1223
129|369|726|1224
129|369|727|1225
130|369|727|1226
130|369|728|1227
130|369|729|1228
130|369|730|1229
130|369|731|1230
130|369|732|1231
131|369|732|1232
131|369|733|1233
131|369|734|1234
131|370|734|1235
131|370|735|1236
131|371|735|1237
131|371|736|1238
131|372|736|1239
131|372|737|1240
131|373|737|1241
131|373|738|1242
131|374|738|1243
131|374|739|1244
131|375|739|1245
131|375|740|1246
131|376|740|1247
131|376|741|1248
131|377|741|1249
131|377|742|1250
131|378|742|1251
131|378|743|1252
131|379|743|1253
131|379|744|1254
131|380|744|1255
131|380|745|1256
131|381|745|1257
131|381|746|1258
131|382|746|1259
131|382|747|1260
131|383|747|1261
131|383|748|1262
131|384|748|1263
131|384|749|1264
131|385|749|1265
131|385|750|1266
131|386|750|1267
131|386|751|1268
131|387|751|1269
131|387|752|1270
131|387|753|1271
131|387|754|1272
131|388|754|1273
131|388|755|1274
131|389|755|1275
131|389|756|1276
131|390|756|1277
131|390|757|1278
131|391|757|1279
131|391|758|1280
131|392|758|1281
132|392|758|1282
132|392|759|1283
132|392|760|1284
132|393|760|1285
132|393|761|1286
132|394|761|1287
132|394|762|1288
132|395|762|1289
132|395|763|1290
132|396|763|1291
132|396|764|1292
132|397|764|1293
132|397|765|1294
132|398|765|1295
132|398|766|1296
132|399|766|1297
132|399|767|1298
132|400|767|1299
132|400|768|1300
132|401|768|1301
132|401|769|1302
132|401|770|1303
132|401|771|1304
132|401|772|1305
132|401|773|1306
132|402|773|1307
132|402|774|1308
132|403|774|1309
132|403|775|1310
132|404|775|1311
132|404|776|1312
132|405|776|1313
132|405|777|1314
132|406|777|1315
132|406|778|1316
132|407|778|1317
133|407|778|1318
133|408|778|1319
133|408|779|1320
133|409|779|1321
133|409|780|1322
133|410|780|1323
133|410|781|1324
133|411|781|1325
133|411|782|1326
133|412|782|1327
133|412|783|1328
133|413|783|1329
133|413|784|1330
133|414|784|1331
133|414|785|1332
133|415|785|1333
133|415|786|1334
133|416|786|1335
133|416|787|1336
133|417|787|1337
133|417|788|1338
133|418|788|1339
133|418|789|1340
133|418|790|1341
133|418|791|1342
133|418|792|1343
133|418|793|1344
133|418|794|1345
133|418|795|1346
133|418|796|1347
133|418|797|1348
133|418|798|1349
133|418|799|1350
133|418|800|1351
133|418|801|1352
133|418|802|1353
134|418|802|1354
134|418|803|1355
135|418|803|1356
135|418|804|1357
135|418|805|1358
135|418|806|1359
136|418|806|1360
136|418|807|1361
136|418|808|1362
136|418|809|1363
136|418|810|1364
136|418|811|1365
136|418|812|1366
136|418|813|1367
136|418|814|1368
136|418|815|1369
136|418|816|1370
136|418|817|1371
137|418|817|1372
137|418|818|1373
137|418|819|1374
137|418|820|1375
137|418|821|1376
137|418|822|1377
137|418|823|1378
137|419|823|1379
137|419|824|1380
137|420|824|1381
137|420|825|1382
137|421|825|1383
137|421|826|1384
137|422|826|1385
137|422|827|1386
137|423|827|1387
137|423|828|1388
137|424|828|1389
137|424|829|1390
137|425|829|1391
137|425|830|1392
137|426|830|1393
137|426|831|1394
137|427|831|1395
137|427|832|1396
137|428|832|1397
137|428|833|1398
137|429|833|1399
137|429|834|1400
137|430|834|1401
137|430|835|1402
137|431|835|1403
137|431|836|1404
137|432|836|1405
137|432|837|1406
137|433|837|1407
137|433|838|1408
137|434|838|1409
137|434|839|1410
137|435|839|1411
137|435|840|1412
137|436|840|1413
137|436|841|1414
137|436|842|1415
137|436|843|1416
137|437|843|1417
137|437|844|1418
137|438|844|1419
137|438|845|1420
137|439|845|1421
137|439|846|1422
137|440|846|1423
137|440|847|1424
137|440|848|1425
138|440|848|1426
138|441|848|1427
138|441|849|1428
138|442|849|1429
138|442|850|1430
138|442|851|1431
139|442|851|1432
139|443|851|1433
139|443|852|1434
139|444|852|1435
140|444|852|1436
140|445|852|1437
140|445|853|1438
140|445|854|1439
140|445|855|1440
140|446|855|1441
140|446|856|1442
140|446|857|1443
141|446|857|1444
141|446|858|1445
141|446|859|1446
141|447|859|1447
141|447|860|1448
141|447|861|1449
141|447|862|1450
141|447|863|1451
142|447|863|1452
142|447|864|1453
142|447|865|1454
142|447|866|1455
142|447|867|1456
142|447|868|1457
142|447|869|1458
142|447|870|1459
142|447|871|1460
142|447|872|1461
143|447|872|1462
143|448|872|1463
143|448|873|1464
143|449|873|1465
143|449|874|1466
143|449|875|1467
143|449|876|1468
143|449|877|1469
144|449|877|1470
144|449|878|1471
144|449|879|1472
144|449|880|1473
144|449|881|1474
144|449|882|1475
144|449|883|1476
144|450|883|1477
145|450|883|1478
145|450|884|1479
145|450|885|1480
145|450|886|1481
145|450|887|1482
145|450|888|1483
145|450|889|1484
145|450|890|1485
145|450|891|1486
145|450|892|1487
146|450|892|1488
146|450|893|1489
146|450|894|1490
146|450|895|1491
146|450|896|1492
146|450|897|1493
147|450|897|1494
147|450|898|1495
148|450|898|1496
148|450|899|1497
148|450|900|1498
148|450|901|1499
148|450|902|1500
148|450|903|1501
148|450|904|1502
148|450|905|1503
149|450|905|1504
149|450|906|1505
149|450|907|1506
149|450|908|1507
150|450|908|1508
150|450|909|1509
150|450|910|1510
150|450|911|1511
151|450|911|1512
151|450|912|1513
151|450|913|1514
151|451|913|1515
151|451|914|1516
151|451|915|1517
152|451|915|1518
152|452|915|1519
152|452|916|1520
152|453|916|1521
152|453|917|1522
152|454|917|1523
152|454|918|1524
152|455|918|1525
152|455|919|1526
152|456|919|1527
152|456|920|1528
152|457|920|1529
153|457|920|1530
153|458|920|1531
153|458|921|1532
153|458|922|1533
153|458|923|1534
153|459|923|1535
154|459|923|1536
154|460|923|1537
155|460|923|1538
155|461|923|1539
156|461|923|1540
156|462|923|1541
156|462|924|1542
156|463|924|1543
156|463|925|1544
156|464|925|1545
157|464|925|1546
157|465|925|1547
157|465|926|1548
157|466|926|1549
157|466|927|1550
157|467|927|1551
157|467|928|1552
157|467|929|1553
157|467|930|1554
157|468|930|1555
157|468|931|1556
157|469|931|1557
157|469|932|1558
157|469|933|1559
158|469|933|1560
158|469|934|1561
159|469|934|1562
159|469|935|1563
159|469|936|1564
159|469|937|1565
159|469|938|1566
159|470|938|1567
159|470|939|1568
159|470|940|1569
159|470|941|1570
159|470|942|1571
160|470|942|1572
160|471|942|1573
160|471|943|1574
160|472|943|1575
161|472|943|1576
161|473|943|1577
162|473|943|1578
162|474|943|1579
162|474|944|1580
162|475|944|1581
162|475|945|1582
162|475|946|1583
162|475|947|1584
162|475|948|1585
162|475|949|1586
162|475|950|1587
162|475|951|1588
162|476|951|1589
162|476|952|1590
162|477|952|1591
163|477|952|1592
163|478|952|1593
163|478|953|1594
163|479|953|1595
163|479|954|1596
163|479|955|1597
163|479|956|1598
163|479|957|1599
163|479|958|1600
163|479|959|1601
163|479|960|1602
163|479|961|1603
164|479|961|1604
164|480|961|1605
164|480|962|1606
164|480|963|1607
164|480|964|1608
164|480|965|1609
165|480|965|1610
165|480|966|1611
166|480|966|1612
166|480|967|1613
166|480|968|1614
166|481|968|1615
167|481|968|1616
167|481|969|1617
167|481|970|1618
167|481|971|1619
167|481|972|1620
167|481|973|1621
167|481|974|1622
167|482|974|1623
168|482|974|1624
168|483|974|1625
168|483|975|1626
168|483|976|1627
168|483|977|1628
168|483|978|1629
168|483|979|1630
168|484|979|1631
168|484|980|1632
168|485|980|1633
168|485|981|1634
168|486|981|1635
168|486|982|1636
168|487|982|1637
168|487|983|1638
168|488|983|1639
168|488|984|1640
168|489|984|1641
168|489|985|1642
168|490|985|1643
168|490|986|1644
168|491|986|1645
168|491|987|1646
168|492|987|1647
168|492|988|1648
168|493|988|1649
168|493|989|1650
168|494|989|1651
168|494|990|1652
168|495|990|1653
168|495|991|1654
168|496|991|1655
168|496|992|1656
168|497|992|1657
168|497|993|1658
168|498|993|1659
168|498|994|1660
168|499|994|1661
168|499|995|1662
168|500|995|1663
168|500|996|1664
168|501|996|1665
168|501|997|1666
168|502|997|1667
168|502|998|1668
168|503|998|1669
168|503|999|1670
168|504|999|1671
168|504|1000|1672
168|505|1000|1673
168|505|1001|1674
168|505|1002|1675
169|505|1002|1676
169|506|1002|1677
169|506|1003|1678
169|507|1003|1679
169|507|1004|1680
169|507|1005|1681
170|507|1005|1682
170|508|1005|1683
170|508|1006|1684
170|509|1006|1685
170|509|1007|1686
170|510|1007|1687
170|510|1008|1688
170|511|1008|1689
170|511|1009|1690
170|512|1009|1691
170|512|1010|1692
170|513|1010|1693
170|513|1011|1694
170|514|1011|1695
170|514|1012|1696
170|515|1012|1697
171|515|1012|1698
171|515|1013|1699
171|515|1014|1700
171|515|1015|1701
171|515|1016|1702
171|516|1016|1703
171|516|1017|1704
171|517|1017|1705
171|517|1018|1706
171|518|1018|1707
171|518|1019|1708
171|519|1019|1709
171|519|1020|1710
171|520|1020|1711
171|520|1021|1712
171|521|1021|1713
171|521|1022|1714
171|522|1022|1715
171|522|1023|1716
171|522|1024|1717
171|522|1025|1718
171|523|1025|1719
171|523|1026|1720
171|524|1026|1721
171|524|1027|1722
171|525|1027|1723
171|525|1028|1724
171|526|1028|1725
171|526|1029|1726
171|527|1029|1727
171|527|1030|1728
171|528|1030|1729
171|528|1031|1730
171|529|1031|1731
171|529|1032|1732
171|530|1032|1733
171|530|1033|1734
171|531|1033|1735
171|531|1034|1736
171|532|1034|1737
171|532|1035|1738
171|533|1035|1739
171|533|1036|1740
171|534|1036|1741
171|534|1037|1742
171|535|1037|1743
171|535|1038|1744
171|536|1038|1745
171|536|1039|1746
171|537|1039|1747
171|537|1040|1748
171|538|1040|1749
171|538|1041|1750
171|539|1041|1751
171|539|1042|1752
171|540|1042|1753
171|540|1043|1754
171|541|1043|1755
171|541|1044|1756
171|542|1044|1757
171|542|1045|1758
171|543|1045|1759
171|543|1046|1760
171|544|1046|1761
171|544|1047|1762
171|545|1047|1763
171|545|1048|1764
171|546|1048|1765
171|546|1049|1766
171|547|1049|1767
171|547|1050|1768
171|548|1050|1769
171|548|1051|1770
171|549|1051|1771
171|549|1052|1772
171|550|1052|1773
171|550|1053|1774
171|550|1054|1775
172|550|1054|1776
172|550|1055|1777
173|550|1055|1778
173|550|1056|1779
173|550|1057|1780
173|550|1058|1781
174|550|1058|1782
174|551|1058|1783
175|551|1058|1784
175|551|1059|1785
176|551|1059|1786
176|551|1060|1787
177|551|1060|1788
177|552|1060|1789
178|552|1060|1790
178|552|1061|1791
179|552|1061|1792
179|552|1062|1793
180|552|1062|1794
180|552|1063|1795
181|552|1063|1796
181|552|1064|1797
182|552|1064|1798
182|552|1065|1799
182|552|1066|1800
182|552|1067|1801
183|552|1067|1802
183|552|1068|1803
184|552|1068|1804
184|552|1069|1805
185|552|1069|1806
185|553|1069|1807
185|553|1070|1808
185|553|1071|1809
186|553|1071|1810
186|554|1071|1811
186|554|1072|1812
186|555|1072|1813
186|555|1073|1814
186|556|1073|1815
186|556|1074|1816
186|556|1075|1817
186|556|1076|1818
186|557|1076|1819
186|557|1077|1820
186|558|1077|1821
186|558|1078|1822
186|559|1078|1823
186|559|1079|1824
186|560|1079|1825
187|560|1079|1826
187|561|1079|1827
187|561|1080|1828
187|562|1080|1829
187|562|1081|1830
187|563|1081|1831
187|563|1082|1832
187|564|1082|1833
187|564|1083|1834
187|565|1083|1835
187|565|1084|1836
187|566|1084|1837
187|566|1085|1838
187|567|1085|1839
187|567|1086|1840
187|568|1086|1841
187|568|1087|1842
187|569|1087|1843
187|569|1088|1844
187|570|1088|1845
187|570|1089|1846
187|571|1089|1847
187|571|1090|1848
187|572|1090|1849
187|572|1091|1850
187|573|1091|1851
187|573|1092|1852
187|574|1092|1853
187|574|1093|1854
187|575|1093|1855
187|575|1094|1856
187|576|1094|1857
187|576|1095|1858
187|577|1095|1859
187|577|1096|1860
187|578|1096|1861
187|578|1097|1862
187|579|1097|1863
187|579|1098|1864
187|580|1098|1865
187|580|1099|1866
187|581|1099|1867
187|581|1100|1868
187|582|1100|1869
187|582|1101|1870
187|583|1101|1871
187|583|1102|1872
187|584|1102|1873
187|584|1103|1874
187|585|1103|1875
187|585|1104|1876
187|586|1104|1877
187|586|1105|1878
187|587|1105|1879
187|587|1106|1880
187|588|1106|1881
187|588|1107|1882
187|588|1108|1883
188|588|1108|1884
188|588|1109|1885
189|588|1109|1886
189|588|1110|1887
190|588|1110|1888
190|588|1111|1889
191|588|1111|1890
191|588|1112|1891
192|588|1112|1892
192|588|1113|1893
193|588|1113|1894
193|588|1114|1895
194|588|1114|1896
194|588|1115|1897
195|588|1115|1898
195|588|1116|1899
196|588|1116|1900
196|588|1117|1901
197|588|1117|1902
197|588|1118|1903
198|588|1118|1904
198|588|1119|1905
199|588|1119|1906
199|588|1120|1907
200|588|1120|1908
200|588|1121|1909
201|588|1121|1910
201|588|1122|1911
202|588|1122|1912
202|588|1123|1913
203|588|1123|1914
203|588|1124|1915
204|588|1124|1916
204|588|1125|1917
204|588|1126|1918
204|589|1126|1919
204|589|1127|1920
204|590|1127|1921
204|590|1128|1922
204|591|1128|1923
204|591|1129|1924
204|592|1129|1925
204|592|1130|1926
204|593|1130|1927
204|593|1131|1928
204|594|1131|1929
204|594|1132|1930
204|595|1132|1931
204|595|1133|1932
204|596|1133|1933
204|596|1134|1934
204|597|1134|1935
204|597|1135|1936
204|598|1135|1937
204|598|1136|1938
204|599|1136|1939
204|599|1137|1940
204|600|1137|1941
204|600|1138|1942
204|601|1138|1943
204|601|1139|1944
204|602|1139|1945
204|602|1140|1946
204|603|1140|1947
204|603|1141|1948
204|604|1141|1949
204|604|1142|1950
204|605|1142|1951
204|605|1143|1952
204|606|1143|1953
204|606|1144|1954
204|607|1144|1955
205|607|1144|1956
205|608|1144|1957
205|608|1145|1958
205|608|1146|1959
205|608|1147|1960
205|609|1147|1961
205|609|1148|1962
205|610|1148|1963
205|610|1149|1964
205|610|1150|1965
206|610|1150|1966
206|611|1150|1967
206|611|1151|1968
206|612|1151|1969
206|612|1152|1970
206|612|1153|1971
206|612|1154|1972
206|613|1154|1973
206|613|1155|1974
206|614|1155|1975
206|614|1156|1976
206|615|1156|1977
206|615|1157|1978
206|616|1157|1979
206|616|1158|1980
206|617|1158|1981
207|617|1158|1982
207|618|1158|1983
207|618|1159|1984
207|619|1159|1985
207|619|1160|1986
207|620|1160|1987
207|620|1161|1988
207|620|1162|1989
207|620|1163|1990
207|621|1163|1991
207|621|1164|1992
207|622|1164|1993
207|622|1165|1994
207|623|1165|1995
207|623|1166|1996
207|624|1166|1997
207|624|1167|1998
207|625|1167|1999
207|625|1168|2000
