total
0|1|0|1
1|1|0|2
1|2|0|3
1|2|1|4
1|3|1|5
1|3|2|6
1|4|2|7
1|4|3|8
2|4|3|9
2|4|4|10
2|4|5|11
2|5|5|12
2|5|6|13
2|6|6|14
2|6|7|15
2|7|7|16
2|7|8|17
2|8|8|18
2|8|9|19
2|9|9|20
2|9|10|21
2|10|10|22
2|10|11|23
2|11|11|24
2|11|12|25
2|12|12|26
2|12|13|27
2|13|13|28
2|13|14|29
2|14|14|30
2|14|15|31
2|15|15|32
2|15|16|33
2|16|16|34
2|16|17|35
2|17|17|36
2|17|18|37
2|18|18|38
2|18|19|39
2|19|19|40
2|19|20|41
2|20|20|42
2|20|21|43
2|21|21|44
2|21|22|45
2|22|22|46
2|22|23|47
2|23|23|48
2|24|23|49
2|25|23|50
2|25|24|51
2|26|24|52
2|27|24|53
2|28|24|54
2|29|24|55
2|29|25|56
2|30|25|57
2|31|25|58
2|31|26|59
2|32|26|60
2|33|26|61
2|34|26|62
2|35|26|63
2|35|27|64
2|35|28|65
2|36|28|66
2|36|29|67
2|37|29|68
2|38|29|69
2|39|29|70
2|40|29|71
2|41|29|72
2|41|30|73
2|42|30|74
2|43|30|75
2|43|31|76
2|44|31|77
2|45|31|78
2|46|31|79
2|46|32|80
3|46|32|81
3|47|32|82
3|48|32|83
3|48|33|84
3|49|33|85
4|49|33|86
4|50|33|87
4|50|34|88
4|51|34|89
4|51|35|90
4|52|35|91
4|52|36|92
4|53|36|93
4|53|37|94
4|54|37|95
5|54|37|96
5|55|37|97
5|55|38|98
5|56|38|99
6|56|38|100
6|57|38|101
6|57|39|102
6|58|39|103
7|58|39|104
7|59|39|105
8|59|39|106
8|60|39|107
8|60|40|108
8|61|40|109
9|61|40|110
9|62|40|111
10|62|40|112
10|63|40|113
11|63|40|114
11|64|40|115
11|64|41|116
11|65|41|117
12|65|41|118
12|66|41|119
12|66|42|120
12|67|42|121
12|67|43|122
12|68|43|123
12|68|44|124
12|69|44|125
12|69|45|126
12|70|45|127
12|70|46|128
12|71|46|129
12|71|47|130
12|72|47|131
13|72|47|132
13|73|47|133
13|73|48|134
13|74|48|135
13|74|49|136
13|75|49|137
13|75|50|138
13|76|50|139
14|76|50|140
14|77|50|141
14|77|51|142
14|78|51|143
14|78|52|144
14|79|52|145
14|79|53|146
14|80|53|147
14|80|54|148
14|81|54|149
14|81|55|150
14|82|55|151
14|82|56|152
14|83|56|153
14|83|57|154
14|84|57|155
14|85|57|156
14|86|57|157
15|86|57|158
15|87|57|159
15|87|58|160
15|88|58|161
16|88|58|162
16|89|58|163
16|89|59|164
16|90|59|165
16|91|59|166
16|92|59|167
16|93|59|168
16|94|59|169
17|94|59|170
17|95|59|171
17|96|59|172
17|97|59|173
18|97|59|174
18|98|59|175
18|98|60|176
18|99|60|177
19|99|60|178
19|100|60|179
19|100|61|180
19|101|61|181
20|101|61|182
20|102|61|183
20|102|62|184
20|103|62|185
20|103|63|186
20|104|63|187
20|105|63|188
20|106|63|189
20|106|64|190
20|106|65|191
20|107|65|192
20|108|65|193
21|108|65|194
21|109|65|195
21|110|65|196
21|111|65|197
21|112|65|198
21|113|65|199
21|113|66|200
21|114|66|201
21|115|66|202
21|115|67|203
21|116|67|204
21|117|67|205
21|118|67|206
21|119|67|207
21|120|67|208
21|120|68|209
21|121|68|210
21|121|69|211
21|121|70|212
21|122|70|213
21|123|70|214
21|124|70|215
21|124|71|216
21|124|72|217
21|125|72|218
21|126|72|219
21|127|72|220
21|128|72|221
21|128|73|222
21|129|73|223
21|129|74|224
21|130|74|225
22|130|74|226
22|131|74|227
22|131|75|228
22|131|76|229
22|131|77|230
22|132|77|231
22|132|78|232
22|132|79|233
22|133|79|234
22|133|80|235
22|133|81|236
22|133|82|237
22|134|82|238
22|135|82|239
23|135|82|240
23|136|82|241
23|136|83|242
23|136|84|243
23|137|84|244
23|137|85|245
23|137|86|246
23|138|86|247
23|138|87|248
23|139|87|249
23|139|88|250
23|139|89|251
23|140|89|252
23|141|89|253
23|141|90|254
23|142|90|255
23|142|91|256
23|143|91|257
23|143|92|258
23|144|92|259
23|144|93|260
23|145|93|261
23|145|94|262
23|146|94|263
24|146|94|264
24|147|94|265
25|147|94|266
25|148|94|267
26|148|94|268
26|149|94|269
26|150|94|270
26|151|94|271
27|151|94|272
27|151|95|273
27|152|95|274
27|153|95|275
28|153|95|276
28|154|95|277
29|154|95|278
29|155|95|279
29|156|95|280
29|156|96|281
30|156|96|282
30|157|96|283
31|157|96|284
31|158|96|285
32|158|96|286
32|158|97|287
32|159|97|288
32|160|97|289
33|160|97|290
33|161|97|291
34|161|97|292
34|162|97|293
35|162|97|294
35|163|97|295
36|163|97|296
36|164|97|297
36|165|97|298
36|165|98|299
36|165|99|300
36|165|100|301
37|165|100|302
38|165|100|303
38|165|101|304
38|165|102|305
39|165|102|306
39|165|103|307
40|165|103|308
40|165|104|309
40|165|105|310
40|165|106|311
40|166|106|312
40|166|107|313
40|166|108|314
40|166|109|315
40|167|109|316
40|167|110|317
40|167|111|318
40|167|112|319
41|167|112|320
41|167|113|321
41|167|114|322
41|167|115|323
41|168|115|324
41|168|116|325
41|168|117|326
41|168|118|327
41|169|118|328
42|169|118|329
42|170|118|330
42|170|119|331
42|170|120|332
42|170|121|333
42|170|122|334
42|171|122|335
42|171|123|336
42|172|123|337
43|172|123|338
44|172|123|339
44|172|124|340
44|173|124|341
44|174|124|342
44|175|124|343
45|175|124|344
45|175|125|345
45|176|125|346
45|177|125|347
46|177|125|348
47|177|125|349
47|177|126|350
47|177|127|351
47|178|127|352
47|178|128|353
47|179|128|354
47|180|128|355
48|180|128|356
49|180|128|357
49|180|129|358
49|180|130|359
49|181|130|360
50|181|130|361
50|181|131|362
50|182|131|363
51|182|131|364
51|183|131|365
51|183|132|366
51|184|132|367
51|184|133|368
51|185|133|369
51|185|134|370
51|186|134|371
52|186|134|372
52|187|134|373
53|187|134|374
53|188|134|375
53|189|134|376
53|190|134|377
53|191|134|378
53|192|134|379
53|193|134|380
53|194|134|381
53|195|134|382
53|196|134|383
54|196|134|384
54|197|134|385
55|197|134|386
55|198|134|387
55|199|134|388
55|200|134|389
55|201|134|390
55|202|134|391
55|203|134|392
55|204|134|393
55|205|134|394
55|206|134|395
55|207|134|396
55|208|134|397
55|209|134|398
55|210|134|399
56|210|134|400
56|211|134|401
57|211|134|402
57|212|134|403
58|212|134|404
58|213|134|405
58|214|134|406
58|215|134|407
59|215|134|408
59|216|134|409
60|216|134|410
60|217|134|411
61|217|134|412
61|218|134|413
62|218|134|414
62|219|134|415
62|220|134|416
62|221|134|417
63|221|134|418
63|222|134|419
63|223|134|420
63|224|134|421
64|224|134|422
64|225|134|423
64|226|134|424
64|227|134|425
64|228|134|426
64|229|134|427
65|229|134|428
65|230|134|429
66|230|134|430
66|231|134|431
66|232|134|432
66|233|134|433
67|233|134|434
67|234|134|435
67|235|134|436
67|236|134|437
67|236|135|438
67|237|135|439
68|237|135|440
68|238|135|441
69|238|135|442
69|238|136|443
69|238|137|444
69|238|138|445
69|239|138|446
69|239|139|447
69|239|140|448
69|239|141|449
69|240|141|450
69|240|142|451
69|241|142|452
69|241|143|453
69|242|143|454
69|242|144|455
69|243|144|456
69|243|145|457
69|244|145|458
69|244|146|459
69|245|146|460
69|245|147|461
69|245|148|462
69|245|149|463
69|246|149|464
69|246|150|465
69|246|151|466
69|246|152|467
69|247|152|468
69|247|153|469
69|248|153|470
69|248|154|471
69|249|154|472
69|249|155|473
69|250|155|474
69|250|156|475
69|251|156|476
69|251|157|477
69|251|158|478
69|252|158|479
69|253|158|480
69|254|158|481
69|255|158|482
69|256|158|483
69|257|158|484
69|258|158|485
70|258|158|486
70|259|158|487
71|259|158|488
71|260|158|489
71|261|158|490
71|262|158|491
71|263|158|492
71|264|158|493
72|264|158|494
72|265|158|495
72|266|158|496
72|267|158|497
72|268|158|498
72|269|158|499
73|269|158|500
73|270|158|501
73|271|158|502
73|272|158|503
73|273|158|504
73|274|158|505
73|275|158|506
73|276|158|507
74|276|158|508
74|277|158|509
74|278|158|510
74|279|158|511
74|280|158|512
74|281|158|513
75|281|158|514
75|282|158|515
75|282|159|516
75|283|159|517
75|283|160|518
75|284|160|519
75|284|161|520
75|285|161|521
75|285|162|522
75|286|162|523
75|286|163|524
75|287|163|525
75|287|164|526
75|288|164|527
75|288|165|528
75|289|165|529
75|289|166|530
75|290|166|531
75|290|167|532
75|291|167|533
75|291|168|534
75|292|168|535
75|292|169|536
75|293|169|537
75|293|170|538
75|294|170|539
75|294|171|540
75|295|172|542
75|295|173|543
75|296|173|544
75|296|174|545
75|297|174|546
75|297|175|547
75|298|175|548
75|298|176|549
75|299|176|550
75|300|176|551
75|300|177|552
75|301|177|553
75|301|178|554
75|302|178|555
75|302|179|556
75|303|179|557
75|303|180|558
75|304|180|559
75|304|181|560
75|305|181|561
75|305|182|562
75|306|182|563
75|306|183|564
75|307|183|565
75|307|184|566
75|308|184|567
75|308|185|568
75|309|185|569
75|309|186|570
75|310|186|571
75|310|187|572
75|311|187|573
75|311|188|574
75|312|188|575
75|312|189|576
75|313|189|577
75|313|190|578
75|314|190|579
75|314|191|580
75|315|191|581
75|315|192|582
75|316|192|583
75|316|193|584
75|317|193|585
75|317|194|586
75|317|195|587
75|317|196|588
75|317|197|589
75|317|198|590
75|317|199|591
75|317|200|592
75|318|200|593
75|318|201|594
75|319|201|595
75|319|202|596
75|320|202|597
75|320|203|598
75|320|204|599
75|320|205|600
75|321|205|601
75|321|206|602
75|321|207|603
75|321|208|604
75|322|208|605
75|322|209|606
75|323|209|607
75|323|210|608
75|323|211|609
75|323|212|610
75|324|212|611
75|324|213|612
75|324|214|613
75|324|215|614
75|325|215|615
75|325|216|616
75|326|216|617
75|326|217|618
75|327|217|619
75|327|218|620
75|327|219|621
75|327|220|622
76|327|220|623
76|328|220|624
77|328|220|625
77|329|220|626
78|329|220|627
78|329|221|628
79|329|221|629
79|330|221|630
80|330|221|631
80|331|221|632
81|331|221|633
81|332|221|634
82|332|221|635
82|332|222|636
83|332|222|637
83|333|222|638
84|333|222|639
84|334|222|640
84|335|222|641
84|335|223|642
84|336|223|643
84|336|224|644
85|336|224|645
85|337|224|646
85|338|224|647
85|338|225|648
86|338|225|649
86|339|225|650
87|339|225|651
87|340|225|652
87|341|225|653
87|342|225|654
88|342|225|655
88|343|225|656
89|343|225|657
89|344|225|658
89|344|226|659
89|345|226|660
89|345|227|661
89|346|227|662
89|346|228|663
89|346|229|664
89|346|230|665
90|346|230|666
91|346|230|667
91|347|230|668
91|347|231|669
91|348|231|670
91|348|232|671
91|348|233|672
92|348|233|673
92|349|233|674
92|349|234|675
92|350|234|676
92|351|234|677
92|351|235|678
92|351|236|679
92|351|237|680
92|351|238|681
92|352|238|682
92|353|238|683
92|353|239|684
92|353|240|685
92|354|240|686
92|354|241|687
92|355|241|688
92|355|242|689
92|356|242|690
92|356|243|691
92|357|243|692
92|357|244|693
92|358|244|694
92|359|244|695
92|359|245|696
92|360|245|697
92|360|246|698
92|361|246|699
92|361|247|700
92|362|247|701
92|362|248|702
92|363|248|703
92|363|249|704
92|364|249|705
92|364|250|706
92|365|250|707
92|365|251|708
92|366|251|709
92|366|252|710
92|367|252|711
92|367|253|712
92|368|253|713
92|368|254|714
92|369|254|715
92|369|255|716
92|370|255|717
92|370|256|718
92|371|256|719
92|371|257|720
92|372|257|721
92|372|258|722
92|373|258|723
92|373|259|724
92|374|259|725
92|374|260|726
92|375|260|727
92|375|261|728
92|376|261|729
92|376|262|730
92|376|263|731
92|377|263|732
92|377|264|733
92|378|264|734
92|378|265|735
92|378|266|736
92|378|267|737
92|379|267|738
92|380|267|739
92|381|267|740
92|381|268|741
92|382|268|742
92|382|269|743
92|382|270|744
92|383|270|745
92|384|270|746
92|384|271|747
92|385|271|748
92|386|271|749
92|386|272|750
92|386|273|751
92|386|274|752
92|386|275|753
92|387|275|754
92|387|276|755
92|388|276|756
92|389|276|757
92|389|277|758
92|390|277|759
92|391|277|760
92|392|277|761
92|393|277|762
92|393|278|763
92|393|279|764
92|393|280|765
92|394|280|766
92|394|281|767
92|395|281|768
92|395|282|769
92|396|282|770
92|396|283|771
92|397|283|772
92|397|284|773
92|398|284|774
92|398|285|775
92|399|285|776
92|399|286|777
92|400|286|778
93|400|286|779
93|401|286|780
94|401|286|781
94|402|286|782
94|402|287|783
94|403|287|784
94|403|288|785
94|404|288|786
94|404|289|787
94|405|289|788
94|406|289|789
94|407|289|790
95|407|289|791
95|408|289|792
95|408|290|793
95|409|290|794
96|409|290|795
96|410|290|796
96|410|291|797
96|411|291|798
97|411|291|799
97|412|291|800
97|412|292|801
97|413|292|802
98|413|292|803
98|414|292|804
98|414|293|805
98|415|293|806
98|415|294|807
98|416|294|808
98|416|295|809
98|417|295|810
98|417|296|811
98|418|296|812
98|418|297|813
98|419|297|814
98|419|298|815
98|420|298|816
98|420|299|817
98|421|299|818
98|421|300|819
98|422|300|820
98|422|301|821
98|423|301|822
98|423|302|823
98|424|302|824
98|424|303|825
98|425|303|826
98|425|304|827
98|426|304|828
98|426|305|829
98|427|305|830
99|427|305|831
99|428|305|832
99|428|306|833
99|429|306|834
99|429|307|835
99|430|307|836
99|431|307|837
99|432|307|838
99|433|307|839
99|434|307|840
99|435|307|841
99|436|307|842
99|436|308|843
99|437|308|844
99|438|308|845
99|439|308|846
100|439|308|847
100|440|308|848
100|441|308|849
100|442|308|850
100|443|308|851
100|444|308|852
101|444|308|853
101|445|308|854
101|445|309|855
101|446|309|856
101|447|309|857
101|448|309|858
101|449|309|859
101|450|309|860
102|450|309|861
102|451|309|862
102|451|310|863
102|452|310|864
102|452|311|865
102|453|311|866
102|453|312|867
102|454|312|868
102|454|313|869
102|455|313|870
103|455|313|871
103|456|313|872
103|456|314|873
103|457|314|874
103|457|315|875
103|458|315|876
104|458|315|877
104|459|315|878
104|459|316|879
104|459|317|880
104|459|318|881
104|460|318|882
104|461|318|883
104|462|318|884
105|462|318|885
105|463|318|886
105|464|318|887
105|464|319|888
105|465|319|889
105|466|319|890
105|466|320|891
105|467|320|892
105|468|320|893
105|468|321|894
105|469|321|895
105|469|322|896
106|469|322|897
106|470|322|898
106|470|323|899
106|471|323|900
106|472|323|901
106|472|324|902
106|472|325|903
106|473|325|904
106|473|326|905
106|474|326|906
107|474|326|907
107|475|326|908
107|475|327|909
107|476|327|910
107|476|328|911
107|476|329|912
107|476|330|913
107|476|331|914
107|476|332|915
107|476|333|916
107|477|333|917
107|477|334|918
107|477|335|919
107|478|335|920
107|478|336|921
107|478|337|922
107|479|337|923
107|479|338|924
107|479|339|925
107|480|339|926
107|481|339|927
107|481|340|928
107|481|341|929
107|481|342|930
107|481|343|931
107|482|343|932
107|482|344|933
107|482|345|934
107|483|345|935
107|483|346|936
107|483|347|937
107|483|348|938
107|483|349|939
107|483|350|940
107|483|351|941
107|484|351|942
107|484|352|943
107|485|352|944
107|485|353|945
107|486|353|946
107|487|353|947
107|488|353|948
108|488|353|949
108|489|353|950
108|490|353|951
108|491|353|952
108|492|353|953
108|493|353|954
109|493|353|955
109|494|353|956
110|494|353|957
110|494|354|958
110|495|354|959
110|496|354|960
111|496|354|961
111|497|354|962
111|498|354|963
111|499|354|964
111|500|354|965
111|500|355|966
111|501|355|967
111|502|355|968
111|503|355|969
111|504|355|970
111|505|355|971
111|505|356|972
111|506|356|973
111|507|356|974
112|507|356|975
112|508|356|976
112|509|356|977
112|510|356|978
113|510|356|979
113|511|356|980
114|511|356|981
114|512|356|982
114|512|357|983
114|512|358|984
115|512|358|985
115|512|359|986
115|513|359|987
115|513|360|988
115|514|360|989
115|514|361|990
115|514|362|991
115|514|363|992
115|515|363|993
115|515|364|994
115|516|364|995
115|516|365|996
115|516|366|997
115|516|367|998
115|517|367|999
115|517|368|1000
115|518|368|1001
115|518|369|1002
115|519|369|1003
115|519|370|1004
115|519|371|1005
115|519|372|1006
115|520|372|1007
115|520|373|1008
115|521|373|1009
115|521|374|1010
116|521|374|1011
117|521|374|1012
117|521|375|1013
118|521|375|1014
118|521|376|1015
118|521|377|1016
118|521|378|1017
119|521|378|1018
119|522|378|1019
119|522|379|1020
119|523|379|1021
119|524|379|1022
119|525|379|1023
119|525|380|1024
119|526|380|1025
119|527|380|1026
119|527|381|1027
119|528|381|1028
119|529|381|1029
119|529|382|1030
119|530|382|1031
119|531|382|1032
119|531|383|1033
120|531|383|1034
120|532|383|1035
120|532|384|1036
120|533|384|1037
120|533|385|1038
121|533|385|1039
121|534|385|1040
121|534|386|1041
121|535|386|1042
121|536|386|1043
121|536|387|1044
121|537|387|1045
121|538|387|1046
122|538|387|1047
122|539|387|1048
122|540|387|1049
123|540|387|1050
124|540|387|1051
124|540|388|1052
125|540|388|1053
126|540|388|1054
126|541|388|1055
126|542|388|1056
126|543|388|1057
126|544|388|1058
126|545|388|1059
126|546|388|1060
126|547|388|1061
126|548|388|1062
126|549|388|1063
126|550|388|1064
126|551|388|1065
126|552|388|1066
126|553|388|1067
126|554|388|1068
126|555|388|1069
126|556|388|1070
126|557|388|1071
126|558|388|1072
126|559|388|1073
126|560|388|1074
126|561|388|1075
126|562|388|1076
126|563|388|1077
126|564|388|1078
126|565|388|1079
126|566|388|1080
126|567|388|1081
126|568|388|1082
126|569|388|1083
126|570|388|1084
126|571|388|1085
126|572|388|1086
127|572|388|1087
127|573|388|1088
128|573|388|1089
128|574|388|1090
128|574|389|1091
128|575|389|1092
128|575|390|1093
128|576|390|1094
128|576|391|1095
128|577|391|1096
128|577|392|1097
128|578|392|1098
128|578|393|1099
128|579|393|1100
128|579|394|1101
128|580|394|1102
128|580|395|1103
128|581|395|1104
128|581|396|1105
128|582|396|1106
128|582|397|1107
128|583|397|1108
128|583|398|1109
128|584|398|1110
128|584|399|1111
128|585|399|1112
128|585|400|1113
128|586|400|1114
128|586|401|1115
128|587|401|1116
128|587|402|1117
128|588|402|1118
128|588|403|1119
128|589|403|1120
128|589|404|1121
128|590|404|1122
128|590|405|1123
128|591|405|1124
128|591|406|1125
128|592|406|1126
128|592|407|1127
128|592|408|1128
128|593|408|1129
128|593|409|1130
128|594|409|1131
128|594|410|1132
128|595|410|1133
128|595|411|1134
128|596|411|1135
128|596|412|1136
128|596|413|1137
128|596|414|1138
128|597|414|1139
128|597|415|1140
128|597|416|1141
128|597|417|1142
128|598|417|1143
128|598|418|1144
128|599|418|1145
128|599|419|1146
128|600|419|1147
128|600|420|1148
128|600|421|1149
128|600|422|1150
128|601|422|1151
128|601|423|1152
128|602|423|1153
128|602|424|1154
128|603|424|1155
128|603|425|1156
128|604|425|1157
128|604|426|1158
128|605|426|1159
128|605|427|1160
128|605|428|1161
128|605|429|1162
128|606|429|1163
128|607|429|1164
128|608|429|1165
128|609|429|1166
128|610|429|1167
128|611|429|1168
128|612|429|1169
128|613|429|1170
128|614|429|1171
128|615|429|1172
128|616|429|1173
128|617|429|1174
128|618|429|1175
128|619|429|1176
128|620|429|1177
128|621|429|1178
128|622|429|1179
128|623|429|1180
128|624|429|1181
128|625|429|1182
128|626|429|1183
128|627|429|1184
128|628|429|1185
128|629|429|1186
128|630|429|1187
128|631|429|1188
128|632|429|1189
128|633|429|1190
128|634|429|1191
128|635|429|1192
129|635|429|1193
129|636|429|1194
129|637|429|1195
129|638|429|1196
129|639|429|1197
129|640|429|1198
129|640|430|1199
129|641|430|1200
129|641|431|1201
129|642|431|1202
129|642|432|1203
129|643|432|1204
129|643|433|1205
129|644|433|1206
129|644|434|1207
129|645|434|1208
129|645|435|1209
129|646|435|1210
129|646|436|1211
129|647|436|1212
129|647|437|1213
129|648|437|1214
129|648|438|1215
129|649|438|1216
129|649|439|1217
129|650|439|1218
129|650|440|1219
129|651|440|1220
129|651|441|1221
129|652|441|1222
129|652|442|1223
129|653|442|1224
129|653|443|1225
129|654|443|1226
129|654|444|1227
129|655|444|1228
129|655|445|1229
129|656|445|1230
129|656|446|1231
129|657|446|1232
129|657|447|1233
129|658|447|1234
129|659|447|1235
129|659|448|1236
129|660|448|1237
129|660|449|1238
129|661|449|1239
129|661|450|1240
129|662|450|1241
129|662|451|1242
129|663|451|1243
129|663|452|1244
129|664|452|1245
129|664|453|1246
129|665|453|1247
129|665|454|1248
129|666|454|1249
129|666|455|1250
129|667|455|1251
129|667|456|1252
129|668|456|1253
129|668|457|1254
129|669|457|1255
129|669|458|1256
129|670|458|1257
129|670|459|1258
129|671|459|1259
129|671|460|1260
129|672|460|1261
129|672|461|1262
129|673|461|1263
129|673|462|1264
129|674|462|1265
129|674|463|1266
129|675|463|1267
129|675|464|1268
129|676|464|1269
129|676|465|1270
129|676|466|1271
129|676|467|1272
129|677|467|1273
129|677|468|1274
129|678|468|1275
129|678|469|1276
129|679|469|1277
129|679|470|1278
129|680|470|1279
129|680|471|1280
129|680|472|1281
129|680|473|1282
129|681|473|1283
129|681|474|1284
129|682|474|1285
129|682|475|1286
129|683|475|1287
129|683|476|1288
129|684|476|1289
129|684|477|1290
129|685|477|1291
129|685|478|1292
129|685|479|1293
129|685|480|1294
129|686|480|1295
129|686|481|1296
129|687|481|1297
129|687|482|1298
129|688|482|1299
129|688|483|1300
129|689|483|1301
129|689|484|1302
129|690|484|1303
129|690|485|1304
129|690|486|1305
129|690|487|1306
129|691|487|1307
129|692|487|1308
130|692|487|1309
130|693|487|1310
130|694|487|1311
130|695|487|1312
130|696|487|1313
130|697|487|1314
130|698|487|1315
130|699|487|1316
131|699|487|1317
131|700|487|1318
132|700|487|1319
132|700|488|1320
132|701|488|1321
132|702|488|1322
133|702|488|1323
133|703|488|1324
133|704|488|1325
133|704|489|1326
134|704|489|1327
134|704|490|1328
134|705|490|1329
134|706|490|1330
134|707|490|1331
134|707|491|1332
134|708|491|1333
134|709|491|1334
135|709|491|1335
135|710|491|1336
136|710|491|1337
136|711|491|1338
137|711|491|1339
137|712|491|1340
138|712|491|1341
138|713|491|1342
138|713|492|1343
138|713|493|1344
138|713|494|1345
138|714|494|1346
138|715|494|1347
138|715|495|1348
138|715|496|1349
138|716|496|1350
138|717|496|1351
138|718|496|1352
138|718|497|1353
138|719|497|1354
138|719|498|1355
138|719|499|1356
138|720|499|1357
138|721|499|1358
138|721|500|1359
138|722|500|1360
138|723|500|1361
138|723|501|1362
138|723|502|1363
138|723|503|1364
138|723|504|1365
138|724|504|1366
138|725|504|1367
138|725|505|1368
138|725|506|1369
138|726|506|1370
138|726|507|1371
138|727|507|1372
138|727|508|1373
138|728|508|1374
138|728|509|1375
138|729|509|1376
138|729|510|1377
139|729|510|1378
139|730|510|1379
139|730|511|1380
139|731|511|1381
139|731|512|1382
139|732|512|1383
139|732|513|1384
139|733|513|1385
139|733|514|1386
139|734|514|1387
139|734|515|1388
139|735|515|1389
139|735|516|1390
139|736|516|1391
139|736|517|1392
139|737|517|1393
139|737|518|1394
139|738|518|1395
139|738|519|1396
139|739|519|1397
139|739|520|1398
139|740|520|1399
139|740|521|1400
139|741|521|1401
139|741|522|1402
139|742|522|1403
139|742|523|1404
139|743|523|1405
139|743|524|1406
139|744|524|1407
139|744|525|1408
139|745|525|1409
139|745|526|1410
139|746|526|1411
139|746|527|1412
139|747|527|1413
139|747|528|1414
139|747|529|1415
139|747|530|1416
139|747|531|1417
139|748|531|1418
139|749|531|1419
139|749|532|1420
139|750|532|1421
139|751|532|1422
139|752|532|1423
139|753|532|1424
139|753|533|1425
139|754|533|1426
139|755|533|1427
139|755|534|1428
139|756|534|1429
139|757|534|1430
139|757|535|1431
139|758|535|1432
139|759|535|1433
139|759|536|1434
139|760|536|1435
139|760|537|1436
139|760|538|1437
139|761|538|1438
139|761|539|1439
139|762|539|1440
139|763|539|1441
139|763|540|1442
139|763|541|1443
139|764|541|1444
139|765|541|1445
139|766|541|1446
139|766|542|1447
139|767|542|1448
139|768|542|1449
139|769|542|1450
139|769|543|1451
139|770|543|1452
139|770|544|1453
139|771|544|1454
139|771|545|1455
139|772|545|1456
139|772|546|1457
139|773|546|1458
139|773|547|1459
139|774|547|1460
140|774|547|1461
140|775|547|1462
140|775|548|1463
140|776|548|1464
140|776|549|1465
140|777|549|1466
141|777|549|1467
141|778|549|1468
141|778|550|1469
141|779|550|1470
141|779|551|1471
141|780|551|1472
141|780|552|1473
141|781|552|1474
142|781|552|1475
142|782|552|1476
142|782|553|1477
142|783|553|1478
142|783|554|1479
142|784|554|1480
143|784|554|1481
143|785|554|1482
143|785|555|1483
143|786|555|1484
144|786|555|1485
144|787|555|1486
144|787|556|1487
144|788|556|1488
144|788|557|1489
144|789|557|1490
144|789|558|1491
144|790|558|1492
144|790|559|1493
144|791|559|1494
144|791|560|1495
144|792|560|1496
144|792|561|1497
144|793|561|1498
144|793|562|1499
144|794|562|1500
144|794|563|1501
144|795|563|1502
144|795|564|1503
144|796|564|1504
144|796|565|1505
144|797|565|1506
144|797|566|1507
144|798|566|1508
144|798|567|1509
144|799|567|1510
144|799|568|1511
144|800|568|1512
144|800|569|1513
144|801|569|1514
144|801|570|1515
144|802|570|1516
144|802|571|1517
144|803|571|1518
145|803|571|1519
145|804|571|1520
146|804|571|1521
146|805|571|1522
146|805|572|1523
146|806|572|1524
147|806|572|1525
147|807|572|1526
147|808|572|1527
147|809|572|1528
148|809|572|1529
148|810|572|1530
148|811|572|1531
148|812|572|1532
148|812|573|1533
148|813|573|1534
148|813|574|1535
148|814|574|1536
149|814|574|1537
149|815|574|1538
149|815|575|1539
149|816|575|1540
149|816|576|1541
149|817|576|1542
149|817|577|1543
149|818|577|1544
150|818|577|1545
150|819|577|1546
150|819|578|1547
150|820|578|1548
150|821|578|1549
150|822|578|1550
150|822|579|1551
150|823|579|1552
150|824|579|1553
150|825|579|1554
150|826|579|1555
150|827|579|1556
150|827|580|1557
150|828|580|1558
150|828|581|1559
150|828|582|1560
151|828|582|1561
151|829|582|1562
151|830|582|1563
151|830|583|1564
151|830|584|1565
151|831|584|1566
152|831|584|1567
152|832|584|1568
152|832|585|1569
152|833|585|1570
152|834|585|1571
152|834|586|1572
152|835|586|1573
152|836|586|1574
152|836|587|1575
152|837|587|1576
152|838|587|1577
152|839|587|1578
152|839|588|1579
152|840|588|1580
152|840|589|1581
152|841|589|1582
152|842|589|1583
152|843|589|1584
152|844|589|1585
152|844|590|1586
152|844|591|1587
152|845|591|1588
152|845|592|1589
152|846|592|1590
153|846|592|1591
153|847|592|1592
154|847|592|1593
154|848|592|1594
154|849|592|1595
154|849|593|1596
154|850|593|1597
154|850|594|1598
154|850|595|1599
154|850|596|1600
154|851|596|1601
154|851|597|1602
154|851|598|1603
154|852|598|1604
154|853|598|1605
154|853|599|1606
154|854|599|1607
154|854|600|1608
154|854|601|1609
154|855|601|1610
154|856|601|1611
154|856|602|1612
154|856|603|1613
154|856|604|1614
154|857|604|1615
154|858|604|1616
154|858|605|1617
154|858|606|1618
154|859|606|1619
154|859|607|1620
154|860|607|1621
154|860|608|1622
154|860|609|1623
154|861|609|1624
154|861|610|1625
154|862|610|1626
154|862|611|1627
154|863|611|1628
154|863|612|1629
154|864|612|1630
154|865|612|1631
154|865|613|1632
154|866|613|1633
154|866|614|1634
154|867|614|1635
154|867|615|1636
154|868|615|1637
154|869|615|1638
155|869|615|1639
155|870|615|1640
156|870|615|1641
156|871|615|1642
156|872|615|1643
156|873|615|1644
157|873|615|1645
157|874|615|1646
157|875|615|1647
157|876|615|1648
158|876|615|1649
158|876|616|1650
159|876|616|1651
159|876|617|1652
160|876|617|1653
160|876|618|1654
160|877|618|1655
160|877|619|1656
161|877|619|1657
161|877|620|1658
162|877|620|1659
162|878|620|1660
163|878|620|1661
163|879|620|1662
163|880|620|1663
163|881|620|1664
164|881|620|1665
164|882|620|1666
164|882|621|1667
164|882|622|1668
164|883|622|1669
164|883|623|1670
164|884|623|1671
164|884|624|1672
164|885|624|1673
164|885|625|1674
164|885|626|1675
164|885|627|1676
164|886|627|1677
164|886|628|1678
164|887|628|1679
164|887|629|1680
164|887|630|1681
164|887|631|1682
164|888|631|1683
164|888|632|1684
164|889|632|1685
164|889|633|1686
164|890|633|1687
164|890|634|1688
164|890|635|1689
164|890|636|1690
164|891|636|1691
164|891|637|1692
164|892|637|1693
164|892|638|1694
164|893|638|1695
164|893|639|1696
164|894|639|1697
165|894|639|1698
165|894|640|1699
165|894|641|1700
165|895|641|1701
166|895|641|1702
166|896|641|1703
166|896|642|1704
167|896|642|1705
167|896|643|1706
167|897|643|1707
167|897|644|1708
167|898|644|1709
167|899|644|1710
167|899|645|1711
168|899|645|1712
169|899|645|1713
169|900|645|1714
169|901|645|1715
169|902|645|1716
169|902|646|1717
170|902|646|1718
170|903|646|1719
170|903|647|1720
170|904|647|1721
170|904|648|1722
170|905|648|1723
170|905|649|1724
170|906|649|1725
170|906|650|1726
170|907|650|1727
170|907|651|1728
170|908|651|1729
170|908|652|1730
171|908|652|1731
171|909|652|1732
171|910|652|1733
171|911|652|1734
171|912|652|1735
171|913|652|1736
171|914|652|1737
172|914|652|1738
172|915|652|1739
172|916|652|1740
172|917|652|1741
172|918|652|1742
172|919|652|1743
172|920|652|1744
172|921|652|1745
172|922|652|1746
172|923|652|1747
172|924|652|1748
172|925|652|1749
172|926|652|1750
172|927|652|1751
172|928|652|1752
172|929|652|1753
172|930|652|1754
172|931|652|1755
172|932|652|1756
172|933|652|1757
172|934|652|1758
172|935|652|1759
172|936|652|1760
172|937|652|1761
172|938|652|1762
172|939|652|1763
172|940|652|1764
172|941|652|1765
172|942|652|1766
172|943|652|1767
172|944|652|1768
172|945|652|1769
172|946|652|1770
173|946|652|1771
173|947|652|1772
173|948|652|1773
173|949|652|1774
173|949|653|1775
173|950|653|1776
173|950|654|1777
173|951|654|1778
173|951|655|1779
173|952|655|1780
173|952|656|1781
173|953|656|1782
173|953|657|1783
173|954|657|1784
173|954|658|1785
173|955|658|1786
173|955|659|1787
173|956|659|1788
173|956|660|1789
173|957|660|1790
173|957|661|1791
173|958|661|1792
173|958|662|1793
173|959|662|1794
173|959|663|1795
173|960|663|1796
173|960|664|1797
173|961|664|1798
173|961|665|1799
173|962|665|1800
173|962|666|1801
173|963|666|1802
173|963|667|1803
173|964|667|1804
173|964|668|1805
173|965|668|1806
173|965|669|1807
173|966|669|1808
173|966|670|1809
173|967|670|1810
174|967|670|1811
174|968|670|1812
174|969|670|1813
174|970|670|1814
175|970|670|1815
175|971|670|1816
175|972|670|1817
175|973|670|1818
175|974|670|1819
175|975|670|1820
176|975|670|1821
176|976|670|1822
176|977|670|1823
176|978|670|1824
177|978|670|1825
177|979|670|1826
177|980|670|1827
177|981|670|1828
178|981|670|1829
178|982|670|1830
179|982|670|1831
179|983|670|1832
179|984|670|1833
179|985|670|1834
179|986|670|1835
179|987|670|1836
179|988|670|1837
179|989|670|1838
179|990|670|1839
179|991|670|1840
179|991|671|1841
179|992|671|1842
180|992|671|1843
180|993|671|1844
181|993|671|1845
181|994|671|1846
181|995|671|1847
181|996|671|1848
181|997|671|1849
181|998|671|1850
181|999|671|1851
181|1000|671|1852
181|1001|671|1853
181|1002|671|1854
181|1003|671|1855
181|1004|671|1856
181|1005|671|1857
181|1006|671|1858
181|1007|671|1859
181|1008|671|1860
181|1009|671|1861
181|1010|671|1862
181|1011|671|1863
181|1012|671|1864
181|1013|671|1865
181|1014|671|1866
181|1015|671|1867
181|1016|671|1868
181|1017|671|1869
181|1018|671|1870
181|1019|671|1871
181|1020|671|1872
181|1021|671|1873
181|1022|671|1874
181|1023|671|1875
181|1024|671|1876
182|1024|671|1877
182|1025|671|1878
182|1026|671|1879
182|1027|671|1880
182|1028|671|1881
182|1029|671|1882
182|1029|672|1883
182|1030|672|1884
182|1030|673|1885
182|1031|673|1886
182|1031|674|1887
182|1032|674|1888
182|1032|675|1889
182|1033|675|1890
182|1033|676|1891
182|1034|676|1892
182|1034|677|1893
182|1035|677|1894
182|1035|678|1895
182|1036|678|1896
182|1036|679|1897
182|1037|679|1898
182|1037|680|1899
182|1038|680|1900
182|1038|681|1901
182|1039|681|1902
182|1039|682|1903
182|1040|682|1904
182|1040|683|1905
182|1041|683|1906
182|1041|684|1907
182|1042|684|1908
182|1042|685|1909
182|1043|685|1910
182|1043|686|1911
182|1044|686|1912
182|1044|687|1913
182|1045|687|1914
182|1045|688|1915
182|1046|688|1916
182|1046|689|1917
182|1047|689|1918
182|1048|689|1919
182|1048|690|1920
182|1049|690|1921
182|1049|691|1922
182|1050|691|1923
182|1050|692|1924
182|1051|692|1925
182|1051|693|1926
182|1052|693|1927
182|1052|694|1928
182|1053|694|1929
182|1053|695|1930
182|1054|695|1931
182|1054|696|1932
182|1055|696|1933
182|1055|697|1934
182|1056|697|1935
182|1056|698|1936
182|1057|698|1937
182|1057|699|1938
182|1058|699|1939
182|1058|700|1940
182|1059|700|1941
182|1059|701|1942
182|1060|701|1943
182|1060|702|1944
182|1061|702|1945
182|1061|703|1946
182|1062|703|1947
182|1062|704|1948
182|1063|704|1949
182|1063|705|1950
182|1064|705|1951
182|1064|706|1952
182|1065|706|1953
182|1065|707|1954
182|1065|708|1955
182|1065|709|1956
182|1066|709|1957
182|1066|710|1958
182|1067|710|1959
182|1067|711|1960
182|1068|711|1961
182|1068|712|1962
182|1069|712|1963
182|1069|713|1964
182|1069|714|1965
182|1069|715|1966
182|1070|715|1967
182|1070|716|1968
182|1071|716|1969
182|1071|717|1970
182|1071|718|1971
182|1071|719|1972
182|1072|719|1973
182|1072|720|1974
182|1073|720|1975
182|1073|721|1976
182|1073|722|1977
182|1073|723|1978
182|1074|723|1979
182|1074|724|1980
182|1075|724|1981
182|1075|725|1982
182|1075|726|1983
182|1075|727|1984
182|1076|727|1985
182|1076|728|1986
182|1076|729|1987
182|1076|730|1988
182|1077|730|1989
182|1077|731|1990
183|1077|731|1991
183|1077|732|1992
184|1077|732|1993
184|1077|733|1994
184|1078|733|1995
184|1078|734|1996
185|1078|734|1997
185|1078|735|1998
185|1079|735|1999
185|1080|735|2000
