total
0|0|1|1
0|1|1|2
0|1|2|3
0|2|2|4
0|2|3|5
0|3|3|6
0|3|4|7
0|4|4|8
0|4|5|9
0|5|5|10
0|5|6|11
0|6|6|12
0|6|7|13
0|7|7|14
0|7|8|15
0|8|8|16
0|8|9|17
0|9|9|18
0|9|10|19
0|10|10|20
0|10|11|21
0|11|11|22
0|11|12|23
0|12|12|24
0|12|13|25
0|13|13|26
0|13|14|27
0|14|14|28
0|14|15|29
0|15|15|30
0|15|16|31
0|16|16|32
0|16|17|33
0|17|17|34
0|17|18|35
0|18|18|36
0|18|19|37
0|19|19|38
0|19|20|39
0|20|20|40
0|20|21|41
0|21|21|42
0|21|22|43
0|22|22|44
0|22|23|45
0|23|23|46
0|23|24|47
0|24|24|48
0|24|25|49
0|25|25|50
0|25|26|51
0|26|26|52
0|26|27|53
0|27|27|54
0|27|28|55
0|28|28|56
0|28|29|57
0|29|29|58
0|29|30|59
0|30|30|60
0|30|31|61
0|31|31|62
0|31|32|63
0|32|32|64
0|32|33|65
0|33|33|66
0|33|34|67
0|34|34|68
0|34|35|69
0|35|35|70
0|35|36|71
0|36|36|72
0|36|37|73
0|37|37|74
0|37|38|75
0|38|38|76
0|38|39|77
0|39|39|78
0|39|40|79
0|40|40|80
0|40|41|81
0|41|41|82
0|41|42|83
0|42|42|84
0|42|43|85
0|43|43|86
0|43|44|87
0|44|44|88
0|44|45|89
0|45|45|90
0|45|46|91
0|46|46|92
0|46|47|93
0|47|47|94
0|47|48|95
0|48|48|96
0|48|49|97
0|49|49|98
0|49|50|99
0|50|50|100
0|50|51|101
0|51|51|102
0|51|52|103
0|52|52|104
0|52|53|105
0|53|53|106
0|53|54|107
0|54|54|108
0|54|55|109
0|55|55|110
0|55|56|111
0|56|56|112
0|56|57|113
0|57|57|114
0|57|58|115
0|58|58|116
0|58|59|117
0|59|59|118
0|59|60|119
0|60|60|120
0|60|61|121
0|61|61|122
0|61|62|123
0|62|62|124
0|62|63|125
0|63|63|126
0|63|64|127
0|64|64|128
0|64|65|129
0|65|65|130
0|65|66|131
0|66|66|132
0|66|67|133
0|67|67|134
0|67|68|135
0|68|68|136
0|68|69|137
0|69|69|138
0|69|70|139
0|70|70|140
0|70|71|141
0|71|71|142
0|71|72|143
0|72|72|144
0|72|73|145
0|73|73|146
0|73|74|147
0|74|74|148
0|74|75|149
0|75|75|150
0|75|76|151
0|76|76|152
0|76|77|153
0|77|77|154
0|77|78|155
0|78|78|156
0|78|79|157
0|79|79|158
0|79|80|159
0|80|80|160
0|80|81|161
0|81|81|162
0|81|82|163
0|82|82|164
0|82|83|165
0|83|83|166
0|83|84|167
0|84|84|168
0|84|85|169
0|85|85|170
0|85|86|171
0|86|86|172
0|86|87|173
0|87|87|174
0|87|88|175
0|88|88|176
0|88|89|177
0|89|89|178
0|89|90|179
0|90|90|180
0|90|91|181
0|91|91|182
0|91|92|183
0|92|92|184
0|92|93|185
0|93|93|186
0|93|94|187
0|94|94|188
0|94|95|189
0|95|95|190
0|95|96|191
0|96|96|192
0|96|97|193
0|97|97|194
0|97|98|195
0|98|98|196
0|98|99|197
0|99|99|198
0|99|100|199
0|100|100|200
0|100|101|201
0|101|101|202
0|101|102|203
0|102|102|204
0|102|103|205
0|103|103|206
0|103|104|207
0|104|104|208
0|104|105|209
0|105|105|210
0|105|106|211
0|106|106|212
0|106|107|213
0|107|107|214
0|107|108|215
0|108|108|216
0|108|109|217
0|109|109|218
0|109|110|219
0|110|110|220
0|110|111|221
0|111|111|222
0|111|112|223
0|112|112|224
0|112|113|225
0|113|113|226
0|113|114|227
0|114|114|228
0|114|115|229
0|115|115|230
0|115|116|231
0|116|116|232
0|116|117|233
0|117|117|234
0|117|118|235
0|118|118|236
0|118|119|237
0|119|119|238
0|119|120|239
0|120|120|240
0|120|121|241
0|121|121|242
0|121|122|243
0|122|122|244
0|122|123|245
0|123|123|246
0|123|124|247
0|124|124|248
0|124|125|249
0|125|125|250
0|125|126|251
0|126|126|252
0|126|127|253
0|127|127|254
0|127|128|255
0|128|128|256
0|129|128|257
0|130|128|258
0|130|129|259
0|131|129|260
0|131|130|261
0|132|130|262
0|132|131|263
0|133|131|264
0|133|132|265
0|134|132|266
0|134|133|267
0|135|133|268
0|135|134|269
0|136|134|270
0|136|135|271
0|137|135|272
0|137|136|273
0|138|136|274
0|138|137|275
0|139|137|276
0|139|138|277
0|140|138|278
0|140|139|279
0|141|139|280
0|141|140|281
0|142|140|282
0|142|141|283
0|143|141|284
0|143|142|285
0|144|142|286
0|144|143|287
0|145|143|288
0|145|144|289
0|146|144|290
0|146|145|291
0|147|145|292
0|147|146|293
0|148|146|294
0|148|147|295
0|149|147|296
0|149|148|297
0|150|148|298
0|150|149|299
0|151|149|300
0|151|150|301
0|152|150|302
0|152|151|303
0|153|151|304
0|153|152|305
0|154|152|306
0|154|153|307
0|155|153|308
0|155|154|309
0|156|154|310
0|156|155|311
0|157|155|312
0|157|156|313
0|158|156|314
0|158|157|315
0|159|157|316
0|159|158|317
0|160|158|318
0|160|159|319
0|161|159|320
0|161|160|321
0|162|160|322
0|162|161|323
0|163|161|324
0|163|162|325
0|164|162|326
0|164|163|327
0|165|163|328
0|165|164|329
0|166|164|330
0|166|165|331
0|167|165|332
0|167|166|333
0|168|166|334
0|168|167|335
0|169|167|336
0|169|168|337
0|170|168|338
0|170|169|339
0|171|169|340
0|171|170|341
0|172|170|342
0|172|171|343
0|173|171|344
0|173|172|345
0|174|172|346
0|174|173|347
0|175|173|348
0|175|174|349
0|176|174|350
0|176|175|351
0|177|175|352
0|177|176|353
0|178|176|354
0|178|177|355
0|179|177|356
0|179|178|357
0|180|178|358
0|180|179|359
0|181|179|360
0|181|180|361
0|182|180|362
0|182|181|363
0|183|181|364
0|183|182|365
0|184|182|366
0|184|183|367
0|185|183|368
0|185|184|369
0|186|184|370
0|186|185|371
0|187|185|372
0|187|186|373
0|188|186|374
0|188|187|375
0|189|187|376
0|189|188|377
0|190|188|378
0|190|189|379
0|191|189|380
0|191|190|381
0|192|190|382
0|192|191|383
0|193|191|384
0|193|192|385
0|194|192|386
0|194|193|387
0|195|193|388
0|195|194|389
0|196|194|390
0|196|195|391
0|197|195|392
0|197|196|393
0|198|196|394
0|198|197|395
0|199|197|396
0|199|198|397
0|200|198|398
0|200|199|399
0|201|199|400
0|201|200|401
0|202|200|402
0|202|201|403
0|203|201|404
0|203|202|405
0|204|202|406
0|204|203|407
0|205|203|408
0|205|204|409
0|206|204|410
0|206|205|411
0|207|205|412
0|207|206|413
0|208|206|414
0|208|207|415
0|209|207|416
0|209|208|417
0|210|208|418
0|210|209|419
0|211|209|420
0|211|210|421
0|212|210|422
0|212|211|423
0|213|211|424
0|213|212|425
0|214|212|426
0|214|213|427
0|215|213|428
0|215|214|429
0|216|214|430
0|216|215|431
0|217|215|432
0|217|216|433
0|218|216|434
0|218|217|435
0|219|217|436
0|219|218|437
0|220|218|438
0|220|219|439
0|221|219|440
0|221|220|441
0|222|220|442
0|222|221|443
0|223|221|444
0|223|222|445
0|224|222|446
0|224|223|447
0|225|223|448
0|225|224|449
0|226|224|450
0|226|225|451
0|227|225|452
0|227|226|453
0|228|226|454
0|228|227|455
0|229|227|456
0|229|228|457
0|230|228|458
0|230|229|459
0|231|229|460
0|231|230|461
0|232|230|462
0|232|231|463
0|233|231|464
0|233|232|465
0|234|232|466
0|234|233|467
0|235|233|468
0|235|234|469
0|236|234|470
0|236|235|471
0|237|235|472
0|237|236|473
0|238|236|474
0|238|237|475
0|239|237|476
0|239|238|477
0|240|238|478
0|240|239|479
0|241|239|480
0|241|240|481
0|242|240|482
0|242|241|483
0|243|241|484
0|243|242|485
0|244|242|486
0|244|243|487
0|245|243|488
0|245|244|489
0|246|244|490
0|246|245|491
0|247|245|492
0|247|246|493
0|248|246|494
0|248|247|495
0|249|247|496
0|249|248|497
0|250|248|498
0|250|249|499
0|251|249|500
0|251|250|501
0|252|250|502
0|252|251|503
0|253|251|504
0|253|252|505
0|254|252|506
0|254|253|507
0|255|253|508
0|255|254|509
0|256|254|510
0|256|255|511
0|257|255|512
0|257|256|513
0|258|256|514
0|258|257|515
0|259|257|516
0|259|258|517
0|260|258|518
0|260|259|519
0|261|259|520
0|261|260|521
0|262|260|522
0|262|261|523
0|263|261|524
0|263|262|525
0|264|262|526
0|264|263|527
0|265|263|528
0|265|264|529
0|266|264|530
0|266|265|531
0|267|265|532
0|267|266|533
0|268|266|534
0|268|267|535
0|269|267|536
0|269|268|537
0|270|268|538
0|270|269|539
0|271|269|540
0|271|270|541
0|272|270|542
0|272|271|543
0|273|271|544
0|273|272|545
0|274|272|546
0|274|273|547
0|275|273|548
0|275|274|549
0|276|274|550
0|276|275|551
0|277|275|552
0|277|276|553
0|278|276|554
0|278|277|555
0|279|277|556
0|279|278|557
0|280|278|558
0|280|279|559
0|281|279|560
0|281|280|561
0|282|280|562
0|282|281|563
0|283|281|564
0|283|282|565
0|284|282|566
0|284|283|567
0|285|283|568
0|285|284|569
0|286|284|570
0|286|285|571
0|287|285|572
0|287|286|573
0|288|286|574
0|288|287|575
0|289|287|576
0|289|288|577
0|290|288|578
0|290|289|579
0|291|289|580
0|291|290|581
0|292|290|582
0|292|291|583
0|293|291|584
0|293|292|585
0|294|292|586
0|294|293|587
0|295|293|588
0|295|294|589
0|296|294|590
0|296|295|591
0|297|295|592
0|297|296|593
0|298|296|594
0|298|297|595
0|299|297|596
0|299|298|597
0|300|298|598
0|300|299|599
0|301|299|600
0|301|300|601
0|302|300|602
0|302|301|603
0|303|301|604
0|304|302|606
0|305|302|607
0|305|303|608
0|306|303|609
0|306|304|610
0|307|304|611
0|307|305|612
0|308|305|613
0|308|306|614
0|309|306|615
0|309|307|616
0|310|307|617
0|310|308|618
0|311|308|619
0|311|309|620
0|312|309|621
0|312|310|622
0|313|310|623
0|313|311|624
0|314|311|625
0|314|312|626
0|315|312|627
0|315|313|628
0|316|313|629
0|316|314|630
0|317|314|631
0|317|315|632
0|318|315|633
0|318|316|634
0|319|316|635
0|319|317|636
0|320|317|637
0|320|318|638
0|321|318|639
0|322|318|640
0|323|318|641
0|323|319|642
0|324|319|643
0|324|320|644
0|325|320|645
0|326|320|646
0|327|320|647
0|327|321|648
0|328|321|649
0|328|322|650
0|329|322|651
0|329|323|652
0|330|323|653
0|330|324|654
0|331|324|655
0|331|325|656
0|332|325|657
0|332|326|658
0|333|326|659
0|333|327|660
0|334|327|661
0|334|328|662
0|335|328|663
0|335|329|664
0|336|329|665
0|336|330|666
0|337|330|667
0|337|331|668
0|338|331|669
0|338|332|670
0|339|332|671
0|339|333|672
0|340|333|673
0|340|334|674
0|341|334|675
0|341|335|676
0|342|335|677
0|342|336|678
0|343|336|679
0|343|337|680
0|344|337|681
0|344|338|682
0|345|338|683
0|345|339|684
0|346|339|685
0|346|340|686
0|347|340|687
0|347|341|688
0|348|341|689
0|348|342|690
0|349|342|691
0|349|343|692
0|350|343|693
0|350|344|694
0|351|344|695
0|351|345|696
0|352|345|697
0|352|346|698
0|353|346|699
0|353|347|700
0|354|347|701
0|354|348|702
0|355|348|703
0|355|349|704
0|356|349|705
0|356|350|706
0|357|350|707
0|357|351|708
0|358|351|709
0|358|352|710
0|359|352|711
0|359|353|712
0|360|353|713
0|360|354|714
0|361|354|715
0|361|355|716
0|362|355|717
0|362|356|718
0|363|356|719
0|363|357|720
0|364|357|721
0|364|358|722
0|365|358|723
0|365|359|724
0|366|359|725
0|366|360|726
0|367|360|727
0|367|361|728
0|368|361|729
0|368|362|730
0|369|362|731
0|369|363|732
0|370|363|733
0|370|364|734
0|371|364|735
0|371|365|736
0|372|365|737
0|372|366|738
0|373|366|739
0|373|367|740
0|374|367|741
0|374|368|742
0|375|368|743
0|375|369|744
0|376|369|745
0|376|370|746
0|377|370|747
0|377|371|748
0|378|371|749
0|378|372|750
0|379|372|751
0|379|373|752
0|380|373|753
0|380|374|754
0|381|374|755
0|381|375|756
0|382|375|757
0|382|376|758
0|383|376|759
0|383|377|760
0|384|377|761
0|384|378|762
0|385|378|763
0|385|379|764
0|386|379|765
0|386|380|766
0|387|380|767
0|387|381|768
0|388|381|769
0|388|382|770
0|389|382|771
0|389|383|772
0|390|383|773
0|390|384|774
0|391|384|775
0|391|385|776
0|392|385|777
0|392|386|778
0|393|386|779
0|393|387|780
0|394|387|781
0|394|388|782
0|395|388|783
0|395|389|784
0|396|389|785
0|396|390|786
0|397|390|787
0|397|391|788
0|398|391|789
0|398|392|790
0|399|392|791
0|399|393|792
0|400|393|793
0|400|394|794
0|401|394|795
0|401|395|796
0|402|395|797
0|402|396|798
0|403|396|799
0|403|397|800
0|404|397|801
0|404|398|802
0|405|398|803
0|405|399|804
0|406|399|805
0|406|400|806
0|407|400|807
0|407|401|808
0|408|401|809
0|408|402|810
0|409|402|811
0|409|403|812
0|410|403|813
0|410|404|814
0|411|404|815
0|411|405|816
0|412|405|817
0|412|406|818
0|413|406|819
0|413|407|820
0|414|407|821
0|414|408|822
0|415|408|823
0|415|409|824
0|416|409|825
0|416|410|826
0|417|410|827
0|417|411|828
0|418|411|829
0|418|412|830
0|419|412|831
0|419|413|832
0|420|413|833
0|420|414|834
0|421|414|835
0|421|415|836
0|422|415|837
0|422|416|838
0|423|416|839
0|423|417|840
0|424|417|841
0|424|418|842
0|425|418|843
0|425|419|844
0|426|419|845
0|426|420|846
0|427|420|847
0|427|421|848
0|428|421|849
0|428|422|850
0|429|422|851
0|429|423|852
0|430|423|853
0|430|424|854
0|431|424|855
0|431|425|856
0|432|425|857
0|432|426|858
0|433|426|859
0|433|427|860
0|434|427|861
0|434|428|862
0|435|428|863
0|435|429|864
0|436|429|865
0|436|430|866
0|437|430|867
0|437|431|868
0|438|431|869
0|438|432|870
0|439|432|871
0|439|433|872
0|440|433|873
0|440|434|874
0|441|434|875
0|441|435|876
0|442|435|877
0|442|436|878
0|443|436|879
0|443|437|880
0|444|437|881
0|444|438|882
0|445|438|883
0|445|439|884
0|446|439|885
0|446|440|886
0|447|440|887
0|447|441|888
0|448|441|889
0|448|442|890
0|449|442|891
0|449|443|892
0|450|443|893
0|450|444|894
0|451|444|895
0|451|445|896
0|452|445|897
0|452|446|898
0|453|446|899
0|453|447|900
0|454|447|901
0|454|448|902
0|455|448|903
0|455|449|904
0|456|449|905
0|456|450|906
0|457|450|907
0|457|451|908
0|458|451|909
0|458|452|910
0|459|452|911
0|459|453|912
0|460|453|913
0|460|454|914
0|461|454|915
0|461|455|916
0|462|455|917
0|462|456|918
0|463|456|919
0|463|457|920
0|464|457|921
0|464|458|922
0|465|458|923
0|465|459|924
0|466|459|925
0|466|460|926
0|467|460|927
0|467|461|928
0|468|461|929
0|468|462|930
0|469|462|931
0|469|463|932
0|470|463|933
0|470|464|934
0|471|464|935
0|471|465|936
0|472|465|937
0|472|466|938
0|473|466|939
0|473|467|940
0|474|467|941
0|474|468|942
0|475|468|943
0|475|469|944
0|476|469|945
0|476|470|946
0|477|470|947
0|477|471|948
0|478|471|949
0|478|472|950
0|479|472|951
0|479|473|952
0|480|473|953
0|480|474|954
0|481|474|955
0|481|475|956
0|482|475|957
0|482|476|958
0|483|476|959
0|483|477|960
0|484|477|961
0|484|478|962
0|485|478|963
0|485|479|964
0|486|479|965
0|486|480|966
0|487|480|967
0|487|481|968
0|488|481|969
0|488|482|970
0|489|482|971
0|489|483|972
0|490|483|973
0|490|484|974
0|491|484|975
0|491|485|976
0|492|485|977
0|492|486|978
0|493|486|979
0|493|487|980
0|494|487|981
0|494|488|982
0|495|488|983
0|495|489|984
0|496|489|985
0|496|490|986
0|497|490|987
0|497|491|988
0|498|491|989
0|498|492|990
0|499|492|991
0|499|493|992
0|500|493|993
0|500|494|994
0|501|494|995
0|501|495|996
0|502|495|997
0|502|496|998
0|503|496|999
0|503|497|1000
0|504|497|1001
0|504|498|1002
0|505|498|1003
0|505|499|1004
0|506|499|1005
0|506|500|1006
0|507|500|1007
0|507|501|1008
0|508|501|1009
0|508|502|1010
0|509|502|1011
0|509|503|1012
0|510|503|1013
0|510|504|1014
0|511|504|1015
0|511|505|1016
0|512|505|1017
0|512|506|1018
0|513|506|1019
0|513|507|1020
0|514|507|1021
0|514|508|1022
0|515|508|1023
0|515|509|1024
0|516|509|1025
0|516|510|1026
0|517|510|1027
0|517|511|1028
0|518|511|1029
0|518|512|1030
0|519|512|1031
0|519|513|1032
0|520|513|1033
0|520|514|1034
0|521|514|1035
0|521|515|1036
0|522|515|1037
0|522|516|1038
0|523|516|1039
0|523|517|1040
0|524|517|1041
0|524|518|1042
0|525|518|1043
0|525|519|1044
0|526|519|1045
0|526|520|1046
0|527|520|1047
0|527|521|1048
0|528|521|1049
0|528|522|1050
0|529|522|1051
0|529|523|1052
0|530|523|1053
0|530|524|1054
0|531|524|1055
0|531|525|1056
0|532|525|1057
0|532|526|1058
0|533|526|1059
0|533|527|1060
0|534|527|1061
0|534|528|1062
0|535|528|1063
0|535|529|1064
0|536|529|1065
0|536|530|1066
0|537|530|1067
0|537|531|1068
0|538|531|1069
0|538|532|1070
0|539|532|1071
0|539|533|1072
0|540|533|1073
0|540|534|1074
0|541|534|1075
0|541|535|1076
0|542|535|1077
0|542|536|1078
0|543|536|1079
0|543|537|1080
0|544|537|1081
0|544|538|1082
0|545|538|1083
0|545|539|1084
0|546|539|1085
0|546|540|1086
0|547|540|1087
0|547|541|1088
0|548|541|1089
0|548|542|1090
0|549|542|1091
0|549|543|1092
0|550|543|1093
0|550|544|1094
0|551|544|1095
0|551|545|1096
0|552|545|1097
0|552|546|1098
0|553|546|1099
0|553|547|1100
0|554|547|1101
0|554|548|1102
0|555|548|1103
0|555|549|1104
0|556|549|1105
0|556|550|1106
0|557|550|1107
0|557|551|1108
0|558|551|1109
0|558|552|1110
0|559|552|1111
0|559|553|1112
0|560|553|1113
0|560|554|1114
0|561|554|1115
0|561|555|1116
0|562|555|1117
0|562|556|1118
0|563|556|1119
0|563|557|1120
0|564|557|1121
0|564|558|1122
0|565|558|1123
0|565|559|1124
0|566|559|1125
0|566|560|1126
0|567|560|1127
0|567|561|1128
0|568|561|1129
0|568|562|1130
0|569|562|1131
0|569|563|1132
0|570|563|1133
0|570|564|1134
0|571|564|1135
0|571|565|1136
0|572|565|1137
0|572|566|1138
0|573|566|1139
0|573|567|1140
0|574|567|1141
0|574|568|1142
0|575|568|1143
0|575|569|1144
0|576|569|1145
0|576|570|1146
0|577|570|1147
0|577|571|1148
0|578|571|1149
0|578|572|1150
0|579|572|1151
0|579|573|1152
0|580|573|1153
0|580|574|1154
0|581|574|1155
0|581|575|1156
0|582|575|1157
0|582|576|1158
0|583|576|1159
0|583|577|1160
0|584|577|1161
0|584|578|1162
0|585|578|1163
0|585|579|1164
0|586|579|1165
0|586|580|1166
0|587|580|1167
0|587|581|1168
0|588|581|1169
0|588|582|1170
0|589|582|1171
0|589|583|1172
0|590|583|1173
0|590|584|1174
0|591|584|1175
0|591|585|1176
0|592|585|1177
0|592|586|1178
0|593|586|1179
0|593|587|1180
0|594|587|1181
0|594|588|1182
0|595|588|1183
0|595|589|1184
0|596|589|1185
0|596|590|1186
0|597|590|1187
0|597|591|1188
0|598|591|1189
0|598|592|1190
0|599|592|1191
0|599|593|1192
0|600|593|1193
0|600|594|1194
0|601|594|1195
0|601|595|1196
0|602|595|1197
0|602|596|1198
0|603|596|1199
0|603|597|1200
0|604|597|1201
0|604|598|1202
0|605|598|1203
0|605|599|1204
0|606|599|1205
0|606|600|1206
0|607|600|1207
0|607|601|1208
0|608|601|1209
0|608|602|1210
0|609|602|1211
0|609|603|1212
0|610|603|1213
0|610|604|1214
0|611|604|1215
0|611|605|1216
0|612|605|1217
0|612|606|1218
0|613|606|1219
0|613|607|1220
0|614|607|1221
0|614|608|1222
0|615|608|1223
0|615|609|1224
0|616|609|1225
0|616|610|1226
0|617|610|1227
0|617|611|1228
0|618|611|1229
0|619|611|1230
0|620|611|1231
0|620|612|1232
0|621|612|1233
0|621|613|1234
0|622|613|1235
0|622|614|1236
0|623|614|1237
0|623|615|1238
0|624|615|1239
0|624|616|1240
0|625|616|1241
0|625|617|1242
0|626|617|1243
0|626|618|1244
0|627|618|1245
0|627|619|1246
0|628|619|1247
0|628|620|1248
0|629|620|1249
0|629|621|1250
0|630|621|1251
0|630|622|1252
0|631|622|1253
0|631|623|1254
0|632|623|1255
0|632|624|1256
0|633|624|1257
0|633|625|1258
0|634|625|1259
0|634|626|1260
0|635|626|1261
0|635|627|1262
0|636|627|1263
0|636|628|1264
0|637|628|1265
0|637|629|1266
0|638|629|1267
0|638|630|1268
0|639|630|1269
0|639|631|1270
0|640|631|1271
0|640|632|1272
0|641|632|1273
0|641|633|1274
0|642|633|1275
0|642|634|1276
0|643|634|1277
0|643|635|1278
0|644|635|1279
0|644|636|1280
0|645|636|1281
0|645|637|1282
0|646|637|1283
0|646|638|1284
0|647|638|1285
0|647|639|1286
0|648|639|1287
0|648|640|1288
0|649|640|1289
0|649|641|1290
0|650|641|1291
0|650|642|1292
0|651|642|1293
0|651|643|1294
0|652|643|1295
0|652|644|1296
0|653|644|1297
0|653|645|1298
0|654|645|1299
0|654|646|1300
0|655|646|1301
0|655|647|1302
0|656|647|1303
0|656|648|1304
0|657|648|1305
0|657|649|1306
0|658|649|1307
0|658|650|1308
0|659|650|1309
0|659|651|1310
0|660|651|1311
0|660|652|1312
0|661|652|1313
0|661|653|1314
0|662|653|1315
0|662|654|1316
0|663|654|1317
0|663|655|1318
0|664|655|1319
0|664|656|1320
0|665|656|1321
0|665|657|1322
0|666|657|1323
0|666|658|1324
0|667|658|1325
0|667|659|1326
0|668|659|1327
0|668|660|1328
0|669|660|1329
0|669|661|1330
0|670|661|1331
0|670|662|1332
0|671|662|1333
0|671|663|1334
0|672|663|1335
0|672|664|1336
0|673|664|1337
0|673|665|1338
0|674|665|1339
0|674|666|1340
0|675|666|1341
0|675|667|1342
0|676|667|1343
0|676|668|1344
0|677|668|1345
0|677|669|1346
0|678|669|1347
0|678|670|1348
0|679|670|1349
0|679|671|1350
0|680|671|1351
0|680|672|1352
0|681|672|1353
0|681|673|1354
0|682|673|1355
0|682|674|1356
0|683|674|1357
0|683|675|1358
0|684|675|1359
0|684|676|1360
0|685|676|1361
0|685|677|1362
0|686|677|1363
0|686|678|1364
0|687|678|1365
0|687|679|1366
0|688|679|1367
0|688|680|1368
0|689|680|1369
0|689|681|1370
0|690|681|1371
0|690|682|1372
0|691|682|1373
0|691|683|1374
0|692|683|1375
0|692|684|1376
0|693|684|1377
0|693|685|1378
0|694|685|1379
0|694|686|1380
0|695|686|1381
0|695|687|1382
0|696|687|1383
0|696|688|1384
0|697|688|1385
0|697|689|1386
0|698|689|1387
0|698|690|1388
0|699|690|1389
0|699|691|1390
0|700|691|1391
0|700|692|1392
0|701|692|1393
0|701|693|1394
0|702|693|1395
0|702|694|1396
0|703|694|1397
0|703|695|1398
0|704|695|1399
0|704|696|1400
0|705|696|1401
0|705|697|1402
0|706|697|1403
0|706|698|1404
0|707|698|1405
0|707|699|1406
0|708|699|1407
0|708|700|1408
0|709|700|1409
0|709|701|1410
0|710|701|1411
0|710|702|1412
0|711|702|1413
0|711|703|1414
0|712|703|1415
0|712|704|1416
0|713|704|1417
0|713|705|1418
0|714|705|1419
0|714|706|1420
0|715|706|1421
0|715|707|1422
0|716|707|1423
0|716|708|1424
0|717|708|1425
0|717|709|1426
0|718|709|1427
0|718|710|1428
0|719|710|1429
0|719|711|1430
0|720|711|1431
0|720|712|1432
0|721|712|1433
0|721|713|1434
0|722|713|1435
0|722|714|1436
0|723|714|1437
0|723|715|1438
0|724|715|1439
0|724|716|1440
0|725|716|1441
0|725|717|1442
0|726|717|1443
0|726|718|1444
0|727|718|1445
0|727|719|1446
0|728|719|1447
0|728|720|1448
0|729|720|1449
0|729|721|1450
0|730|721|1451
0|730|722|1452
0|731|722|1453
0|731|723|1454
0|732|723|1455
0|732|724|1456
0|733|724|1457
0|733|725|1458
0|734|725|1459
0|734|726|1460
0|735|726|1461
0|735|727|1462
0|736|727|1463
0|736|728|1464
0|737|728|1465
0|737|729|1466
0|738|729|1467
0|738|730|1468
0|739|730|1469
0|739|731|1470
0|740|731|1471
0|740|732|1472
0|741|732|1473
0|741|733|1474
0|742|733|1475
0|742|734|1476
0|743|734|1477
0|743|735|1478
0|744|735|1479
0|744|736|1480
0|745|736|1481
0|745|737|1482
0|746|737|1483
0|746|738|1484
0|747|738|1485
0|747|739|1486
0|748|739|1487
0|748|740|1488
0|749|740|1489
0|749|741|1490
0|750|741|1491
0|750|742|1492
0|751|742|1493
0|751|743|1494
0|752|743|1495
0|752|744|1496
0|753|744|1497
0|753|745|1498
0|754|745|1499
0|754|746|1500
0|755|746|1501
0|755|747|1502
0|756|747|1503
0|756|748|1504
0|757|748|1505
0|757|749|1506
0|758|749|1507
0|758|750|1508
0|759|750|1509
0|759|751|1510
0|760|751|1511
0|760|752|1512
0|761|752|1513
0|761|753|1514
0|762|753|1515
0|762|754|1516
0|763|754|1517
0|763|755|1518
0|764|755|1519
0|764|756|1520
0|765|756|1521
0|765|757|1522
0|766|757|1523
0|766|758|1524
0|767|758|1525
0|767|759|1526
0|768|759|1527
0|768|760|1528
0|769|760|1529
0|769|761|1530
0|770|761|1531
0|770|762|1532
0|771|762|1533
0|771|763|1534
0|772|763|1535
0|772|764|1536
0|773|764|1537
0|773|765|1538
0|774|765|1539
0|774|766|1540
0|775|766|1541
0|775|767|1542
0|776|767|1543
0|776|768|1544
0|777|768|1545
0|777|769|1546
0|778|769|1547
0|778|770|1548
0|779|770|1549
0|779|771|1550
0|780|771|1551
0|780|772|1552
0|781|772|1553
0|781|773|1554
0|782|773|1555
0|782|774|1556
0|783|774|1557
0|783|775|1558
0|784|775|1559
0|784|776|1560
0|785|776|1561
0|785|777|1562
0|786|777|1563
0|786|778|1564
0|787|778|1565
0|787|779|1566
0|788|779|1567
0|788|780|1568
0|789|780|1569
0|789|781|1570
0|790|781|1571
0|790|782|1572
0|791|782|1573
0|791|783|1574
0|792|783|1575
0|792|784|1576
0|793|784|1577
0|793|785|1578
0|794|785|1579
0|794|786|1580
0|795|786|1581
0|795|787|1582
0|796|787|1583
0|796|788|1584
0|797|788|1585
0|797|789|1586
0|798|789|1587
0|798|790|1588
0|799|790|1589
0|799|791|1590
0|800|791|1591
0|800|792|1592
0|801|792|1593
0|801|793|1594
0|802|793|1595
0|802|794|1596
0|803|794|1597
0|803|795|1598
0|804|795|1599
0|804|796|1600
0|805|796|1601
0|805|797|1602
0|806|797|1603
0|806|798|1604
0|807|798|1605
0|807|799|1606
0|808|799|1607
0|808|800|1608
0|809|800|1609
0|809|801|1610
0|810|801|1611
0|810|802|1612
0|811|802|1613
0|811|803|1614
0|812|803|1615
0|812|804|1616
0|813|804|1617
0|813|805|1618
0|814|805|1619
0|814|806|1620
0|815|806|1621
0|815|807|1622
0|816|807|1623
0|816|808|1624
0|817|808|1625
0|817|809|1626
0|818|809|1627
0|818|810|1628
0|819|810|1629
0|819|811|1630
0|820|811|1631
0|820|812|1632
0|821|812|1633
0|821|813|1634
0|822|813|1635
0|822|814|1636
0|823|814|1637
0|823|815|1638
0|824|815|1639
0|824|816|1640
0|825|816|1641
0|825|817|1642
0|826|817|1643
0|826|818|1644
0|827|818|1645
0|827|819|1646
0|828|819|1647
0|828|820|1648
0|829|820|1649
0|829|821|1650
0|830|821|1651
0|830|822|1652
0|831|822|1653
0|831|823|1654
0|832|823|1655
0|832|824|1656
0|833|824|1657
0|833|825|1658
0|834|825|1659
0|834|826|1660
0|835|826|1661
0|835|827|1662
0|836|827|1663
0|836|828|1664
0|837|828|1665
0|837|829|1666
0|838|829|1667
0|838|830|1668
0|839|830|1669
0|839|831|1670
0|840|831|1671
0|840|832|1672
0|841|832|1673
0|841|833|1674
0|842|833|1675
0|842|834|1676
0|843|834|1677
0|843|835|1678
0|844|835|1679
0|844|836|1680
0|845|836|1681
0|845|837|1682
0|846|837|1683
0|846|838|1684
0|847|838|1685
0|847|839|1686
0|848|839|1687
0|848|840|1688
0|849|840|1689
0|849|841|1690
0|850|841|1691
0|850|842|1692
0|851|842|1693
0|851|843|1694
0|852|843|1695
0|852|844|1696
0|853|844|1697
0|853|845|1698
0|854|845|1699
0|854|846|1700
0|855|846|1701
0|855|847|1702
0|856|847|1703
0|856|848|1704
0|857|848|1705
0|857|849|1706
0|858|849|1707
0|858|850|1708
0|859|850|1709
0|859|851|1710
0|860|851|1711
0|860|852|1712
0|861|852|1713
0|861|853|1714
0|862|853|1715
0|862|854|1716
0|863|854|1717
0|863|855|1718
0|864|855|1719
0|864|856|1720
0|865|856|1721
0|865|857|1722
0|866|857|1723
0|866|858|1724
0|867|858|1725
0|867|859|1726
0|868|859|1727
0|868|860|1728
0|869|860|1729
0|869|861|1730
0|870|861|1731
0|870|862|1732
0|871|862|1733
0|871|863|1734
0|872|863|1735
0|872|864|1736
0|873|864|1737
0|873|865|1738
0|874|865|1739
0|874|866|1740
0|875|866|1741
0|875|867|1742
0|876|867|1743
0|876|868|1744
0|877|868|1745
0|877|869|1746
0|878|869|1747
0|878|870|1748
0|879|870|1749
0|879|871|1750
0|880|871|1751
0|880|872|1752
0|881|872|1753
0|881|873|1754
0|882|873|1755
0|882|874|1756
0|883|874|1757
0|883|875|1758
0|884|875|1759
0|884|876|1760
0|885|876|1761
0|885|877|1762
0|886|877|1763
0|886|878|1764
0|887|878|1765
0|887|879|1766
0|888|879|1767
0|888|880|1768
0|889|880|1769
0|889|881|1770
0|890|881|1771
0|890|882|1772
0|891|882|1773
0|891|883|1774
0|892|883|1775
0|892|884|1776
0|893|884|1777
0|893|885|1778
0|894|885|1779
0|894|886|1780
0|895|886|1781
0|895|887|1782
0|896|887|1783
0|896|888|1784
0|897|888|1785
0|897|889|1786
0|898|889|1787
0|898|890|1788
0|899|890|1789
0|899|891|1790
0|900|891|1791
0|900|892|1792
0|901|892|1793
0|901|893|1794
0|902|893|1795
0|902|894|1796
0|903|894|1797
0|903|895|1798
0|904|895|1799
0|904|896|1800
0|905|896|1801
0|905|897|1802
0|906|897|1803
0|906|898|1804
0|907|898|1805
0|907|899|1806
0|908|899|1807
0|908|900|1808
0|909|900|1809
0|909|901|1810
0|910|901|1811
0|910|902|1812
0|911|902|1813
0|911|903|1814
0|912|903|1815
0|912|904|1816
0|913|904|1817
0|913|905|1818
0|914|905|1819
0|914|906|1820
0|915|906|1821
0|915|907|1822
0|916|907|1823
0|916|908|1824
0|917|908|1825
0|917|909|1826
0|918|909|1827
0|918|910|1828
0|919|910|1829
0|919|911|1830
0|920|911|1831
0|920|912|1832
0|921|912|1833
0|921|913|1834
0|922|913|1835
0|922|914|1836
0|923|914|1837
0|923|915|1838
0|924|915|1839
0|924|916|1840
0|925|916|1841
0|925|917|1842
0|926|917|1843
0|926|918|1844
0|927|918|1845
0|927|919|1846
0|928|919|1847
0|928|920|1848
0|929|920|1849
0|929|921|1850
0|930|921|1851
0|930|922|1852
0|931|922|1853
0|931|923|1854
0|932|923|1855
0|932|924|1856
0|933|924|1857
0|933|925|1858
0|934|925|1859
0|934|926|1860
0|935|926|1861
0|935|927|1862
0|936|927|1863
0|936|928|1864
0|937|928|1865
0|937|929|1866
0|938|929|1867
0|938|930|1868
0|939|930|1869
0|939|931|1870
0|940|931|1871
0|940|932|1872
0|941|932|1873
0|941|933|1874
0|942|933|1875
0|942|934|1876
0|943|934|1877
0|943|935|1878
0|944|935|1879
0|944|936|1880
0|945|936|1881
0|945|937|1882
0|946|937|1883
0|946|938|1884
0|947|938|1885
0|947|939|1886
0|948|939|1887
0|948|940|1888
0|949|940|1889
0|949|941|1890
0|950|941|1891
0|950|942|1892
0|951|942|1893
0|951|943|1894
0|952|943|1895
0|952|944|1896
0|953|944|1897
0|953|945|1898
0|954|945|1899
0|954|946|1900
0|955|946|1901
0|955|947|1902
0|956|947|1903
0|956|948|1904
0|957|948|1905
0|957|949|1906
0|958|949|1907
0|958|950|1908
0|959|950|1909
0|959|951|1910
0|960|951|1911
0|960|952|1912
0|961|952|1913
0|961|953|1914
0|962|953|1915
0|962|954|1916
0|963|954|1917
0|963|955|1918
0|964|955|1919
0|964|956|1920
0|965|956|1921
0|965|957|1922
0|966|957|1923
0|966|958|1924
0|967|958|1925
0|967|959|1926
0|968|959|1927
0|968|960|1928
0|969|960|1929
0|969|961|1930
0|970|961|1931
0|970|962|1932
0|971|962|1933
0|971|963|1934
0|972|963|1935
0|972|964|1936
0|973|964|1937
0|973|965|1938
0|974|965|1939
0|974|966|1940
0|975|966|1941
0|975|967|1942
0|976|967|1943
0|976|968|1944
0|977|968|1945
0|977|969|1946
0|978|969|1947
0|978|970|1948
0|979|970|1949
0|979|971|1950
0|980|971|1951
0|980|972|1952
0|981|972|1953
0|981|973|1954
0|982|973|1955
0|982|974|1956
0|983|974|1957
0|983|975|1958
0|984|975|1959
0|984|976|1960
0|985|976|1961
0|985|977|1962
0|986|977|1963
0|986|978|1964
0|987|978|1965
0|987|979|1966
0|988|979|1967
0|988|980|1968
0|989|980|1969
0|989|981|1970
0|990|981|1971
0|990|982|1972
0|991|982|1973
0|991|983|1974
0|992|983|1975
0|992|984|1976
0|993|984|1977
0|993|985|1978
0|994|985|1979
0|994|986|1980
0|995|986|1981
0|995|987|1982
0|996|987|1983
0|996|988|1984
0|997|988|1985
0|997|989|1986
0|998|989|1987
0|998|990|1988
0|999|990|1989
0|999|991|1990
0|1000|991|1991
0|1000|992|1992
0|1001|992|1993
0|1001|993|1994
0|1002|993|1995
0|1002|994|1996
0|1003|994|1997
0|1003|995|1998
0|1004|995|1999
0|1004|996|2000
