total
0|0|1|1
0|1|1|2
0|2|1|3
1|2|1|4
1|2|2|5
1|3|2|6
1|4|2|7
1|5|2|8
1|6|2|9
1|7|2|10
1|7|3|11
1|8|3|12
1|8|4|13
1|9|4|14
1|9|5|15
1|10|5|16
1|10|6|17
1|11|6|18
1|11|7|19
1|12|7|20
1|12|8|21
1|13|8|22
1|13|9|23
1|14|9|24
1|14|10|25
1|15|10|26
1|15|11|27
1|16|11|28
1|16|12|29
1|17|12|30
1|17|13|31
1|18|13|32
1|18|14|33
1|19|14|34
1|19|15|35
1|20|15|36
1|20|16|37
1|21|16|38
1|21|17|39
1|22|17|40
1|22|18|41
1|23|18|42
1|23|19|43
1|24|19|44
1|24|20|45
1|25|20|46
1|26|20|47
1|27|20|48
1|28|20|49
1|29|20|50
1|29|21|51
1|30|21|52
1|30|22|53
1|31|22|54
1|32|22|55
1|33|22|56
1|34|22|57
1|35|22|58
1|35|23|59
1|36|23|60
1|36|24|61
1|37|24|62
1|38|24|63
1|39|24|64
1|39|25|65
1|40|25|66
1|40|26|67
1|41|26|68
1|41|27|69
1|42|27|70
1|43|27|71
1|44|27|72
1|44|28|73
1|45|28|74
1|46|28|75
1|47|28|76
1|47|29|77
1|48|29|78
1|49|29|79
1|50|29|80
1|51|29|81
1|52|29|82
1|53|29|83
1|54|29|84
1|55|29|85
1|56|29|86
1|57|29|87
1|58|29|88
1|59|29|89
1|60|29|90
1|61|29|91
1|62|29|92
1|63|29|93
1|64|29|94
1|65|29|95
1|66|29|96
1|67|29|97
1|68|29|98
1|69|29|99
1|70|29|100
1|71|29|101
1|72|29|102
1|73|29|103
1|74|29|104
1|75|29|105
1|76|29|106
1|77|29|107
1|78|29|108
1|79|29|109
1|80|29|110
1|81|29|111
1|82|29|112
1|83|29|113
1|84|29|114
1|85|29|115
1|86|29|116
1|87|29|117
1|88|29|118
1|89|29|119
1|90|29|120
1|91|29|121
1|92|29|122
1|93|29|123
1|94|29|124
1|95|29|125
1|96|29|126
1|96|30|127
1|97|30|128
1|98|30|129
1|99|30|130
1|100|30|131
1|101|30|132
1|102|30|133
1|103|30|134
1|104|30|135
1|105|30|136
1|106|30|137
1|107|30|138
1|108|30|139
1|109|30|140
1|110|30|141
1|111|30|142
1|112|30|143
1|113|30|144
1|113|31|145
1|114|31|146
1|115|31|147
1|116|31|148
1|116|32|149
1|117|32|150
1|118|32|151
1|119|32|152
1|120|32|153
1|121|32|154
1|121|33|155
1|122|33|156
1|122|34|157
1|123|34|158
1|123|35|159
1|124|35|160
1|124|36|161
1|125|36|162
1|125|37|163
1|126|37|164
1|126|38|165
1|127|38|166
1|127|39|167
1|128|39|168
1|128|40|169
1|129|40|170
1|129|41|171
1|130|41|172
1|131|41|173
1|132|41|174
1|132|42|175
1|133|42|176
1|133|43|177
1|134|43|178
1|134|44|179
1|135|44|180
1|135|45|181
1|136|45|182
1|136|46|183
1|137|46|184
1|138|46|185
1|139|46|186
1|139|47|187
1|140|47|188
1|140|48|189
1|141|48|190
1|142|48|191
1|143|48|192
1|144|48|193
1|145|48|194
1|145|49|195
1|146|49|196
1|147|49|197
1|148|49|198
1|149|49|199
1|150|49|200
1|151|49|201
1|152|49|202
1|152|50|203
1|153|50|204
1|154|50|205
1|155|50|206
1|155|51|207
1|156|51|208
1|156|52|209
1|157|52|210
1|158|52|211
1|159|52|212
1|159|53|213
1|160|53|214
1|161|53|215
1|162|53|216
1|162|54|217
1|163|54|218
1|164|54|219
1|165|54|220
1|166|54|221
1|167|54|222
1|167|55|223
1|168|55|224
1|168|56|225
1|169|56|226
1|170|56|227
1|171|56|228
1|171|57|229
1|172|57|230
1|172|58|231
1|173|58|232
1|174|58|233
2|174|58|234
2|175|58|235
2|176|58|236
2|176|59|237
2|177|59|238
2|178|59|239
2|179|59|240
2|180|59|241
2|181|59|242
2|181|60|243
2|182|60|244
2|182|61|245
2|183|61|246
2|184|61|247
2|185|61|248
2|186|61|249
3|186|61|250
3|186|62|251
3|187|62|252
3|188|62|253
3|189|62|254
3|189|63|255
3|190|63|256
3|191|63|257
3|192|63|258
3|193|63|259
3|194|63|260
3|194|64|261
3|195|64|262
3|196|64|263
3|197|64|264
3|198|64|265
3|199|64|266
3|199|65|267
3|200|65|268
3|201|65|269
4|201|65|270
4|202|65|271
4|203|65|272
4|203|66|273
4|204|66|274
4|205|66|275
4|206|66|276
4|207|66|277
4|208|66|278
4|208|67|279
4|209|67|280
4|209|68|281
4|210|68|282
4|211|68|283
4|212|68|284
4|213|68|285
4|214|68|286
4|214|69|287
4|215|69|288
4|215|70|289
4|216|70|290
4|217|70|291
4|218|70|292
4|219|70|293
4|220|70|294
4|221|70|295
4|222|70|296
4|223|70|297
4|224|70|298
4|224|71|299
4|225|71|300
4|225|72|301
4|226|72|302
4|226|73|303
4|227|73|304
4|227|74|305
4|228|74|306
4|228|75|307
4|229|75|308
4|229|76|309
4|230|76|310
4|230|77|311
4|231|77|312
4|231|78|313
4|232|78|314
4|232|79|315
4|233|79|316
4|233|80|317
4|234|80|318
4|234|81|319
4|235|81|320
4|235|82|321
4|236|82|322
4|236|83|323
4|237|83|324
4|237|84|325
4|238|84|326
4|238|85|327
4|239|85|328
4|239|86|329
4|240|86|330
4|240|87|331
4|241|87|332
4|241|88|333
4|242|88|334
4|242|89|335
4|243|89|336
4|243|90|337
4|244|90|338
4|244|91|339
4|245|91|340
4|245|92|341
4|246|92|342
4|246|93|343
4|247|93|344
4|247|94|345
4|248|94|346
4|248|95|347
4|249|95|348
4|249|96|349
4|250|96|350
4|250|97|351
4|251|97|352
4|251|98|353
4|252|98|354
4|252|99|355
4|253|99|356
4|253|100|357
4|254|100|358
4|254|101|359
4|255|101|360
4|255|102|361
4|256|102|362
4|256|103|363
4|257|103|364
4|257|104|365
4|258|104|366
4|258|105|367
4|259|105|368
4|259|106|369
4|260|106|370
4|261|106|371
5|261|106|372
5|262|106|373
5|263|106|374
5|263|107|375
5|264|107|376
5|264|108|377
5|265|108|378
5|266|108|379
5|267|108|380
5|267|109|381
5|268|109|382
5|268|110|383
5|269|110|384
5|270|110|385
5|271|110|386
5|271|111|387
5|272|111|388
5|272|112|389
5|273|112|390
5|274|112|391
5|275|112|392
5|276|112|393
5|277|112|394
5|277|113|395
5|278|113|396
5|279|113|397
5|280|113|398
5|281|113|399
5|282|113|400
5|283|113|401
5|284|113|402
5|285|113|403
6|285|113|404
6|285|114|405
6|286|114|406
6|287|114|407
6|288|114|408
6|288|115|409
6|289|115|410
6|289|116|411
6|290|116|412
6|290|117|413
6|291|117|414
6|292|117|415
6|293|117|416
6|293|118|417
6|294|118|418
6|294|119|419
6|295|119|420
6|296|119|421
6|297|119|422
6|297|120|423
6|298|120|424
6|298|121|425
6|299|121|426
6|299|122|427
6|300|122|428
6|301|122|429
6|302|122|430
6|302|123|431
6|303|123|432
6|303|124|433
6|304|124|434
6|304|125|435
6|305|125|436
6|306|125|437
6|307|125|438
6|307|126|439
6|308|126|440
6|309|126|441
6|310|126|442
6|310|127|443
6|311|127|444
6|311|128|445
6|312|128|446
6|312|129|447
6|313|129|448
6|313|130|449
6|314|130|450
6|314|131|451
6|315|131|452
6|315|132|453
6|316|132|454
6|316|133|455
6|317|133|456
6|317|134|457
6|318|134|458
6|318|135|459
6|319|135|460
6|319|136|461
6|320|136|462
6|320|137|463
6|321|137|464
6|321|138|465
6|322|138|466
6|322|139|467
6|323|139|468
6|323|140|469
6|324|140|470
6|324|141|471
6|325|141|472
6|325|142|473
6|326|142|474
6|326|143|475
6|327|143|476
6|327|144|477
6|328|144|478
6|328|145|479
6|329|145|480
6|330|145|481
7|330|145|482
7|330|146|483
7|331|146|484
7|331|147|485
7|332|147|486
7|332|148|487
7|333|148|488
7|333|149|489
7|334|149|490
7|334|150|491
7|335|150|492
7|336|150|493
8|336|150|494
8|336|151|495
8|337|151|496
8|337|152|497
8|338|152|498
8|339|152|499
9|339|152|500
9|340|152|501
9|341|152|502
9|341|153|503
9|342|153|504
9|343|153|505
9|344|153|506
9|344|154|507
10|344|154|508
10|345|154|509
10|346|154|510
10|347|154|511
10|348|154|512
10|349|154|513
10|350|154|514
10|351|154|515
10|352|154|516
10|353|154|517
10|354|154|518
10|354|155|519
10|355|155|520
10|356|155|521
10|357|155|522
10|358|155|523
11|358|155|524
11|359|155|525
11|360|155|526
11|361|155|527
11|362|155|528
11|363|155|529
11|364|155|530
11|364|156|531
11|365|156|532
11|365|157|533
11|366|157|534
11|367|157|535
11|368|157|536
11|369|157|537
12|369|157|538
12|370|157|539
12|371|157|540
12|372|157|541
12|373|157|542
12|374|157|543
13|374|157|544
13|375|157|545
13|376|157|546
13|377|157|547
13|378|157|548
13|379|157|549
13|380|157|550
13|380|158|551
13|381|158|552
13|381|159|553
13|382|159|554
13|382|160|555
13|383|160|556
13|383|161|557
13|384|161|558
13|384|162|559
13|385|162|560
13|385|163|561
13|386|163|562
13|386|164|563
13|387|164|564
13|387|165|565
13|388|165|566
13|388|166|567
13|389|166|568
13|389|167|569
13|390|167|570
13|390|168|571
13|391|168|572
13|391|169|573
13|392|169|574
13|392|170|575
13|393|170|576
13|393|171|577
13|394|171|578
13|394|172|579
13|395|172|580
13|395|173|581
13|396|173|582
13|396|174|583
13|397|174|584
13|397|175|585
13|398|175|586
13|398|176|587
13|399|176|588
13|399|177|589
13|400|177|590
13|400|178|591
13|401|178|592
13|401|179|593
13|402|179|594
13|402|180|595
13|403|180|596
13|403|181|597
13|404|181|598
13|404|182|599
13|405|182|600
13|405|183|601
13|406|183|602
13|406|184|603
13|407|184|604
13|407|185|605
13|408|185|606
13|408|186|607
13|409|186|608
13|409|187|609
13|410|187|610
13|410|188|611
13|411|188|612
13|411|189|613
13|412|189|614
13|412|190|615
13|413|190|616
13|413|191|617
13|414|191|618
13|414|192|619
13|415|192|620
13|415|193|621
13|416|193|622
13|417|193|623
13|418|193|624
13|418|194|625
13|419|194|626
13|419|195|627
13|420|195|628
13|420|196|629
13|421|196|630
13|422|196|631
14|422|196|632
14|422|197|633
14|423|197|634
14|423|198|635
14|424|198|636
14|425|198|637
14|426|198|638
14|426|199|639
14|427|199|640
14|427|200|641
14|428|200|642
14|428|201|643
14|429|201|644
14|429|202|645
14|430|202|646
14|430|203|647
14|431|203|648
14|432|203|649
14|433|203|650
14|434|203|651
14|435|203|652
14|436|203|653
14|437|203|654
14|438|203|655
14|439|203|656
14|439|204|657
14|440|204|658
14|441|204|659
14|442|204|660
14|443|204|661
15|443|204|662
15|443|205|663
15|444|205|664
15|444|206|665
15|445|206|666
15|446|206|667
15|447|206|668
15|447|207|669
15|448|207|670
15|448|208|671
15|449|208|672
15|450|208|673
16|450|208|674
16|451|208|675
16|452|208|676
16|452|209|677
16|453|209|678
16|453|210|679
16|454|210|680
16|455|210|681
17|455|210|682
17|455|211|683
17|456|211|684
17|457|211|685
17|458|211|686
17|459|211|687
17|460|211|688
17|460|212|689
17|461|212|690
17|462|212|691
17|463|212|692
17|464|212|693
17|465|212|694
17|465|213|695
17|466|213|696
17|466|214|697
17|467|214|698
17|467|215|699
17|468|215|700
17|468|216|701
17|469|216|702
17|469|217|703
17|470|217|704
17|470|218|705
17|471|218|706
17|471|219|707
17|472|219|708
17|472|220|709
17|473|220|710
17|473|221|711
17|474|221|712
17|474|222|713
17|475|222|714
17|475|223|715
17|476|223|716
17|476|224|717
17|477|224|718
17|477|225|719
17|478|225|720
17|478|226|721
17|479|226|722
17|479|227|723
17|480|227|724
17|480|228|725
17|481|228|726
17|481|229|727
17|482|229|728
17|482|230|729
17|483|230|730
17|484|230|731
17|485|230|732
17|486|230|733
17|487|230|734
17|487|231|735
17|488|231|736
17|488|232|737
17|489|232|738
17|489|233|739
17|490|233|740
17|490|234|741
17|491|234|742
17|491|235|743
17|492|235|744
17|493|235|745
17|494|235|746
17|495|235|747
17|496|235|748
17|496|236|749
17|497|236|750
17|497|237|751
17|498|237|752
17|499|237|753
17|500|237|754
17|501|237|755
17|502|237|756
17|502|238|757
17|503|238|758
17|504|238|759
17|505|238|760
17|505|239|761
17|506|239|762
17|507|239|763
17|508|239|764
17|509|239|765
17|510|239|766
17|511|239|767
17|512|239|768
17|513|239|769
17|514|239|770
17|515|239|771
17|516|239|772
17|517|239|773
17|518|239|774
17|519|239|775
17|520|239|776
17|521|239|777
17|522|239|778
17|523|239|779
17|524|239|780
17|525|239|781
17|526|239|782
17|527|239|783
17|528|239|784
17|529|239|785
17|530|239|786
17|531|239|787
17|532|239|788
17|533|239|789
17|534|239|790
17|535|239|791
17|536|239|792
17|536|240|793
17|537|240|794
17|538|240|795
17|539|240|796
17|540|240|797
17|541|240|798
17|542|240|799
17|543|240|800
17|544|240|801
17|545|240|802
17|545|241|803
17|546|241|804
17|546|242|805
17|547|242|806
17|548|242|807
17|549|242|808
17|549|243|809
17|550|243|810
17|551|243|811
17|552|243|812
17|553|243|813
17|554|243|814
17|555|243|815
17|556|243|816
17|556|244|817
17|557|244|818
17|558|244|819
17|559|244|820
17|560|244|821
17|561|244|822
17|562|244|823
17|563|244|824
17|564|244|825
17|565|244|826
17|566|244|827
17|567|244|828
17|568|244|829
17|569|244|830
17|570|244|831
17|571|244|832
17|572|244|833
17|573|244|834
17|574|244|835
17|575|244|836
17|576|244|837
17|577|244|838
17|577|245|839
17|578|245|840
17|578|246|841
17|579|246|842
17|579|247|843
17|580|247|844
17|581|247|845
17|582|247|846
17|582|248|847
17|583|248|848
17|583|249|849
17|584|249|850
17|584|250|851
17|585|250|852
17|585|251|853
17|586|251|854
17|586|252|855
17|587|252|856
17|587|253|857
17|588|253|858
17|588|254|859
17|589|254|860
17|589|255|861
17|590|255|862
17|590|256|863
17|591|256|864
17|592|256|865
17|593|256|866
17|593|257|867
17|594|257|868
17|594|258|869
17|595|258|870
17|595|259|871
17|596|259|872
17|596|260|873
17|597|260|874
17|598|260|875
17|599|260|876
17|600|260|877
17|601|260|878
17|601|261|879
17|602|261|880
17|602|262|881
17|603|262|882
17|604|262|883
17|605|262|884
17|605|263|885
17|606|263|886
17|606|264|887
17|607|264|888
17|608|264|889
17|609|264|890
17|610|264|891
17|611|264|892
17|611|265|893
17|612|265|894
17|612|266|895
17|613|266|896
17|614|266|897
17|615|266|898
17|616|266|899
17|617|266|900
17|617|267|901
17|618|267|902
17|618|268|903
17|619|268|904
17|620|268|905
17|621|268|906
17|622|268|907
17|623|268|908
17|623|269|909
17|624|269|910
17|625|269|911
17|626|269|912
17|627|270|914
17|628|270|915
17|628|271|916
17|629|271|917
17|630|271|918
17|631|271|919
17|632|271|920
17|633|271|921
17|633|272|922
17|634|272|923
17|634|273|924
17|635|273|925
17|635|274|926
17|636|274|927
17|636|275|928
17|637|275|929
17|637|276|930
17|638|276|931
17|638|277|932
17|639|277|933
17|639|278|934
17|640|278|935
17|640|279|936
17|641|279|937
17|642|279|938
17|643|279|939
17|643|280|940
17|644|280|941
17|645|280|942
17|646|280|943
17|646|281|944
17|647|281|945
17|647|282|946
17|648|282|947
17|648|283|948
17|649|283|949
17|649|284|950
17|650|284|951
17|650|285|952
17|651|285|953
17|651|286|954
17|652|286|955
17|652|287|956
17|653|287|957
17|653|288|958
17|654|288|959
17|655|288|960
17|656|288|961
17|657|288|962
17|658|288|963
17|658|289|964
17|659|289|965
17|659|290|966
17|660|290|967
17|660|291|968
17|661|291|969
17|662|291|970
17|663|291|971
17|663|292|972
17|664|292|973
17|665|292|974
17|666|292|975
17|667|292|976
17|668|292|977
17|669|292|978
17|670|292|979
17|671|292|980
17|672|292|981
17|672|293|982
17|673|293|983
17|673|294|984
17|674|294|985
17|674|295|986
17|675|295|987
17|675|296|988
17|676|296|989
17|676|297|990
17|677|297|991
17|677|298|992
17|678|298|993
17|678|299|994
17|679|299|995
17|679|300|996
17|680|300|997
17|680|301|998
17|681|301|999
17|681|302|1000
17|682|302|1001
17|682|303|1002
17|683|303|1003
17|683|304|1004
17|684|304|1005
17|684|305|1006
17|685|305|1007
17|685|306|1008
17|686|306|1009
17|686|307|1010
17|687|307|1011
17|687|308|1012
17|688|308|1013
17|688|309|1014
17|689|309|1015
17|689|310|1016
17|690|310|1017
17|690|311|1018
17|691|311|1019
17|691|312|1020
17|692|312|1021
17|692|313|1022
17|693|313|1023
17|693|314|1024
17|694|314|1025
17|694|315|1026
17|695|315|1027
17|695|316|1028
17|696|316|1029
17|696|317|1030
17|697|317|1031
17|697|318|1032
17|698|318|1033
17|698|319|1034
17|699|319|1035
17|699|320|1036
17|700|320|1037
17|700|321|1038
17|701|321|1039
17|701|322|1040
17|702|322|1041
17|702|323|1042
17|703|323|1043
17|703|324|1044
17|704|324|1045
17|704|325|1046
17|705|325|1047
17|705|326|1048
17|706|326|1049
17|706|327|1050
17|707|327|1051
17|707|328|1052
17|708|328|1053
17|708|329|1054
17|709|329|1055
17|710|329|1056
17|711|329|1057
17|712|329|1058
17|713|329|1059
17|713|330|1060
17|714|330|1061
17|714|331|1062
17|715|331|1063
17|716|331|1064
17|717|331|1065
17|717|332|1066
17|718|332|1067
17|719|332|1068
17|720|332|1069
17|720|333|1070
17|721|333|1071
17|721|334|1072
17|722|334|1073
17|722|335|1074
17|723|335|1075
17|724|335|1076
17|725|335|1077
17|726|335|1078
17|727|335|1079
17|727|336|1080
17|728|336|1081
17|729|336|1082
17|730|336|1083
17|731|336|1084
17|732|336|1085
17|732|337|1086
17|733|337|1087
17|734|337|1088
17|735|337|1089
17|735|338|1090
17|736|338|1091
17|737|338|1092
17|738|338|1093
17|739|338|1094
17|740|338|1095
17|741|338|1096
17|742|338|1097
17|742|339|1098
17|743|339|1099
17|744|339|1100
17|745|339|1101
17|745|340|1102
17|746|340|1103
17|747|340|1104
17|748|340|1105
17|749|340|1106
17|750|340|1107
17|750|341|1108
17|751|341|1109
17|751|342|1110
17|752|342|1111
17|753|342|1112
17|754|342|1113
17|755|342|1114
17|756|342|1115
17|757|342|1116
17|758|342|1117
17|758|343|1118
17|759|343|1119
17|760|343|1120
17|761|343|1121
17|762|343|1122
17|763|343|1123
17|763|344|1124
17|764|344|1125
17|765|344|1126
17|766|344|1127
17|766|345|1128
17|767|345|1129
17|767|346|1130
17|768|346|1131
17|768|347|1132
17|769|347|1133
17|769|348|1134
17|770|348|1135
17|770|349|1136
17|771|349|1137
17|771|350|1138
17|772|350|1139
17|772|351|1140
17|773|351|1141
17|773|352|1142
17|774|352|1143
17|774|353|1144
17|775|353|1145
17|775|354|1146
17|776|354|1147
17|776|355|1148
17|777|355|1149
17|777|356|1150
17|778|356|1151
17|778|357|1152
17|779|357|1153
17|779|358|1154
17|780|358|1155
17|780|359|1156
17|781|359|1157
17|781|360|1158
17|782|360|1159
17|782|361|1160
17|783|361|1161
17|783|362|1162
17|784|362|1163
17|785|362|1164
17|786|362|1165
17|787|362|1166
17|788|362|1167
17|788|363|1168
17|789|363|1169
17|789|364|1170
17|790|364|1171
17|791|364|1172
17|792|364|1173
17|792|365|1174
17|793|365|1175
17|793|366|1176
17|794|366|1177
17|795|366|1178
17|796|366|1179
17|796|367|1180
17|797|367|1181
17|797|368|1182
17|798|368|1183
17|799|368|1184
17|800|368|1185
17|801|368|1186
17|802|368|1187
17|802|369|1188
17|803|369|1189
17|804|369|1190
18|804|369|1191
18|805|369|1192
18|806|369|1193
18|807|369|1194
18|808|369|1195
18|808|370|1196
18|809|370|1197
18|810|370|1198
18|811|370|1199
18|812|370|1200
18|813|370|1201
18|814|370|1202
18|815|370|1203
18|815|371|1204
18|816|371|1205
18|817|371|1206
18|818|371|1207
18|819|371|1208
18|820|371|1209
18|821|371|1210
18|822|371|1211
18|822|372|1212
18|823|372|1213
18|823|373|1214
18|824|373|1215
18|825|373|1216
18|826|373|1217
18|826|374|1218
18|827|374|1219
18|828|374|1220
18|829|374|1221
18|830|374|1222
18|831|374|1223
18|831|375|1224
18|832|375|1225
18|833|375|1226
19|833|375|1227
19|834|375|1228
19|835|375|1229
19|836|375|1230
19|837|375|1231
19|838|375|1232
19|839|375|1233
19|840|375|1234
19|841|375|1235
19|841|376|1236
19|842|376|1237
19|842|377|1238
19|843|377|1239
19|843|378|1240
19|844|378|1241
19|844|379|1242
19|845|379|1243
19|845|380|1244
19|846|380|1245
19|846|381|1246
19|847|381|1247
19|847|382|1248
19|848|382|1249
19|848|383|1250
19|849|383|1251
19|849|384|1252
19|850|384|1253
19|850|385|1254
19|851|385|1255
19|851|386|1256
19|852|386|1257
19|852|387|1258
19|853|387|1259
19|853|388|1260
19|854|388|1261
19|854|389|1262
19|855|389|1263
19|855|390|1264
19|856|390|1265
19|856|391|1266
19|857|391|1267
19|857|392|1268
19|858|392|1269
19|858|393|1270
19|859|393|1271
19|859|394|1272
19|860|394|1273
19|860|395|1274
19|861|395|1275
19|861|396|1276
19|862|396|1277
19|862|397|1278
19|863|397|1279
19|863|398|1280
19|864|398|1281
19|864|399|1282
19|865|399|1283
19|865|400|1284
19|866|400|1285
19|866|401|1286
19|867|401|1287
19|867|402|1288
19|868|402|1289
19|868|403|1290
19|869|403|1291
19|869|404|1292
19|870|404|1293
19|870|405|1294
19|871|405|1295
19|871|406|1296
19|872|406|1297
19|872|407|1298
19|873|407|1299
19|873|408|1300
19|874|408|1301
19|874|409|1302
19|875|409|1303
19|875|410|1304
19|876|410|1305
19|876|411|1306
19|877|411|1307
19|877|412|1308
19|878|412|1309
19|878|413|1310
19|879|413|1311
19|879|414|1312
19|880|414|1313
19|880|415|1314
19|881|415|1315
19|881|416|1316
19|882|416|1317
19|883|416|1318
19|884|416|1319
19|884|417|1320
19|885|417|1321
19|886|417|1322
19|887|417|1323
19|887|418|1324
19|888|418|1325
19|888|419|1326
19|889|419|1327
19|889|420|1328
19|890|420|1329
19|890|421|1330
19|891|421|1331
19|891|422|1332
19|892|422|1333
19|893|422|1334
19|894|422|1335
19|895|422|1336
19|896|422|1337
19|897|422|1338
19|898|422|1339
19|898|423|1340
19|899|423|1341
19|899|424|1342
19|900|424|1343
19|900|425|1344
19|901|425|1345
19|901|426|1346
19|902|426|1347
19|902|427|1348
19|903|427|1349
19|903|428|1350
19|904|428|1351
19|905|428|1352
19|906|428|1353
19|907|428|1354
19|908|428|1355
19|908|429|1356
19|909|429|1357
19|910|429|1358
19|911|429|1359
19|912|429|1360
19|913|429|1361
19|913|430|1362
19|914|430|1363
19|914|431|1364
19|915|431|1365
19|916|431|1366
19|917|431|1367
19|917|432|1368
19|918|432|1369
19|918|433|1370
19|919|433|1371
19|920|433|1372
19|921|433|1373
19|922|433|1374
19|923|433|1375
19|924|433|1376
19|925|433|1377
19|925|434|1378
19|926|434|1379
19|926|435|1380
19|927|435|1381
19|927|436|1382
19|928|436|1383
19|928|437|1384
19|929|437|1385
19|929|438|1386
19|930|438|1387
19|930|439|1388
19|931|439|1389
19|931|440|1390
19|932|440|1391
19|932|441|1392
19|933|441|1393
19|933|442|1394
19|934|442|1395
19|934|443|1396
19|935|443|1397
19|935|444|1398
19|936|444|1399
19|936|445|1400
19|937|445|1401
19|937|446|1402
19|938|446|1403
19|938|447|1404
19|939|447|1405
19|939|448|1406
19|940|448|1407
19|940|449|1408
19|941|449|1409
19|941|450|1410
19|942|450|1411
19|942|451|1412
19|943|451|1413
19|943|452|1414
19|944|452|1415
19|945|452|1416
19|946|452|1417
19|947|452|1418
19|948|452|1419
19|948|453|1420
19|949|453|1421
19|949|454|1422
19|950|454|1423
19|951|454|1424
19|952|454|1425
19|953|454|1426
19|954|454|1427
19|954|455|1428
19|955|455|1429
19|956|455|1430
19|957|455|1431
19|957|456|1432
19|958|456|1433
19|958|457|1434
19|959|457|1435
19|959|458|1436
19|960|458|1437
19|960|459|1438
19|961|459|1439
19|962|459|1440
19|963|459|1441
19|963|460|1442
19|964|460|1443
19|965|460|1444
19|966|460|1445
19|966|461|1446
19|967|461|1447
19|967|462|1448
19|968|462|1449
19|968|463|1450
19|969|463|1451
19|970|463|1452
19|971|463|1453
19|972|463|1454
19|973|463|1455
19|974|463|1456
19|975|463|1457
19|976|463|1458
19|977|463|1459
19|978|463|1460
19|979|463|1461
19|980|463|1462
19|981|463|1463
19|982|463|1464
19|983|463|1465
19|984|463|1466
19|985|463|1467
19|986|463|1468
19|987|463|1469
19|988|463|1470
19|989|463|1471
19|990|463|1472
19|991|463|1473
19|992|463|1474
19|993|463|1475
19|994|463|1476
19|995|463|1477
19|996|463|1478
19|997|463|1479
19|998|463|1480
19|999|463|1481
19|1000|463|1482
19|1001|463|1483
19|1002|463|1484
19|1003|463|1485
19|1004|463|1486
19|1005|463|1487
19|1006|463|1488
19|1007|463|1489
19|1008|463|1490
19|1009|463|1491
19|1010|463|1492
19|1011|463|1493
19|1012|463|1494
19|1013|463|1495
19|1014|463|1496
19|1015|463|1497
19|1016|463|1498
19|1017|463|1499
19|1018|463|1500
19|1019|463|1501
19|1020|463|1502
19|1021|463|1503
19|1022|463|1504
19|1023|463|1505
19|1024|463|1506
19|1025|463|1507
19|1026|463|1508
19|1027|463|1509
19|1027|464|1510
19|1028|464|1511
19|1029|464|1512
19|1030|464|1513
19|1031|464|1514
19|1032|464|1515
19|1033|464|1516
19|1034|464|1517
19|1035|464|1518
19|1036|464|1519
19|1037|464|1520
19|1038|464|1521
19|1039|464|1522
19|1040|464|1523
19|1041|464|1524
19|1042|464|1525
19|1042|465|1526
19|1043|465|1527
19|1043|466|1528
19|1044|466|1529
19|1044|467|1530
19|1045|467|1531
19|1045|468|1532
19|1046|468|1533
19|1046|469|1534
19|1047|469|1535
19|1047|470|1536
19|1048|470|1537
19|1049|470|1538
19|1050|470|1539
19|1050|471|1540
19|1051|471|1541
19|1052|471|1542
19|1053|471|1543
19|1054|471|1544
19|1055|471|1545
19|1056|471|1546
19|1057|471|1547
19|1057|472|1548
19|1058|472|1549
19|1058|473|1550
19|1059|473|1551
19|1059|474|1552
19|1060|474|1553
19|1060|475|1554
19|1061|475|1555
19|1061|476|1556
19|1062|476|1557
19|1063|476|1558
19|1064|476|1559
19|1064|477|1560
19|1065|477|1561
19|1065|478|1562
19|1066|478|1563
19|1066|479|1564
19|1067|479|1565
19|1067|480|1566
19|1068|480|1567
19|1069|480|1568
19|1070|480|1569
19|1071|480|1570
19|1072|480|1571
19|1072|481|1572
19|1073|481|1573
19|1074|481|1574
19|1075|481|1575
19|1075|482|1576
19|1076|482|1577
19|1076|483|1578
19|1077|483|1579
19|1077|484|1580
19|1078|484|1581
19|1078|485|1582
19|1079|485|1583
19|1080|485|1584
19|1081|485|1585
19|1081|486|1586
19|1082|486|1587
19|1083|486|1588
19|1084|486|1589
19|1085|486|1590
19|1086|486|1591
19|1087|486|1592
19|1088|486|1593
19|1089|486|1594
19|1090|486|1595
19|1090|487|1596
19|1091|487|1597
19|1091|488|1598
19|1092|488|1599
19|1092|489|1600
19|1093|489|1601
19|1093|490|1602
19|1094|490|1603
19|1094|491|1604
19|1095|491|1605
19|1095|492|1606
19|1096|492|1607
19|1096|493|1608
19|1097|493|1609
19|1097|494|1610
19|1098|494|1611
19|1098|495|1612
19|1099|495|1613
19|1099|496|1614
19|1100|496|1615
19|1100|497|1616
19|1101|497|1617
19|1101|498|1618
19|1102|498|1619
19|1102|499|1620
19|1103|499|1621
19|1103|500|1622
19|1104|500|1623
19|1105|500|1624
19|1106|500|1625
19|1106|501|1626
19|1107|501|1627
19|1108|501|1628
19|1109|501|1629
19|1109|502|1630
19|1110|502|1631
19|1110|503|1632
19|1111|503|1633
19|1111|504|1634
19|1112|504|1635
19|1112|505|1636
19|1113|505|1637
19|1113|506|1638
19|1114|506|1639
19|1114|507|1640
19|1115|507|1641
19|1115|508|1642
19|1116|508|1643
19|1116|509|1644
19|1117|509|1645
19|1118|509|1646
19|1119|509|1647
19|1119|510|1648
19|1120|510|1649
19|1120|511|1650
19|1121|511|1651
19|1121|512|1652
19|1122|512|1653
19|1122|513|1654
19|1123|513|1655
19|1123|514|1656
19|1124|514|1657
19|1124|515|1658
19|1125|515|1659
19|1125|516|1660
19|1126|516|1661
19|1127|516|1662
19|1128|516|1663
19|1129|516|1664
19|1130|516|1665
19|1131|516|1666
19|1132|516|1667
19|1132|517|1668
19|1133|517|1669
19|1133|518|1670
19|1134|518|1671
19|1134|519|1672
19|1135|519|1673
19|1135|520|1674
19|1136|520|1675
19|1136|521|1676
19|1137|521|1677
19|1137|522|1678
19|1138|522|1679
19|1138|523|1680
19|1139|523|1681
19|1139|524|1682
19|1140|524|1683
19|1140|525|1684
19|1141|525|1685
19|1141|526|1686
19|1142|526|1687
19|1142|527|1688
19|1143|527|1689
19|1143|528|1690
19|1144|528|1691
19|1144|529|1692
19|1145|529|1693
19|1145|530|1694
19|1146|530|1695
19|1146|531|1696
19|1147|531|1697
19|1147|532|1698
19|1148|532|1699
19|1148|533|1700
19|1149|533|1701
19|1149|534|1702
19|1150|534|1703
19|1150|535|1704
19|1151|535|1705
19|1151|536|1706
19|1152|536|1707
19|1152|537|1708
19|1153|537|1709
19|1153|538|1710
19|1154|538|1711
19|1154|539|1712
19|1155|539|1713
19|1155|540|1714
19|1156|540|1715
19|1156|541|1716
19|1157|541|1717
19|1157|542|1718
19|1158|542|1719
19|1158|543|1720
19|1159|543|1721
19|1159|544|1722
19|1160|544|1723
19|1160|545|1724
19|1161|545|1725
19|1161|546|1726
19|1162|546|1727
19|1162|547|1728
19|1163|547|1729
19|1163|548|1730
19|1164|548|1731
19|1164|549|1732
19|1165|549|1733
19|1165|550|1734
19|1166|550|1735
19|1166|551|1736
19|1167|551|1737
19|1167|552|1738
19|1168|552|1739
19|1168|553|1740
19|1169|553|1741
19|1169|554|1742
19|1170|554|1743
19|1170|555|1744
19|1171|555|1745
19|1171|556|1746
19|1172|556|1747
19|1172|557|1748
19|1173|557|1749
19|1173|558|1750
19|1174|558|1751
19|1174|559|1752
19|1175|559|1753
19|1175|560|1754
19|1176|560|1755
19|1176|561|1756
19|1177|561|1757
19|1177|562|1758
19|1178|562|1759
19|1178|563|1760
19|1179|563|1761
19|1179|564|1762
19|1180|564|1763
19|1180|565|1764
19|1181|565|1765
19|1181|566|1766
20|1181|566|1767
20|1182|566|1768
20|1183|566|1769
20|1183|567|1770
21|1183|567|1771
21|1184|567|1772
21|1185|567|1773
21|1185|568|1774
21|1186|568|1775
21|1186|569|1776
21|1187|569|1777
21|1188|569|1778
21|1189|569|1779
21|1189|570|1780
21|1190|570|1781
21|1190|571|1782
21|1191|571|1783
21|1192|571|1784
21|1193|571|1785
21|1193|572|1786
21|1194|572|1787
21|1194|573|1788
21|1195|573|1789
21|1195|574|1790
21|1196|574|1791
21|1196|575|1792
21|1197|575|1793
21|1198|575|1794
21|1199|575|1795
21|1200|575|1796
21|1201|575|1797
21|1202|575|1798
21|1203|575|1799
21|1203|576|1800
21|1204|576|1801
21|1205|576|1802
21|1206|576|1803
21|1206|577|1804
21|1207|577|1805
21|1208|577|1806
21|1209|577|1807
21|1210|577|1808
21|1211|577|1809
21|1212|577|1810
21|1213|577|1811
21|1213|578|1812
21|1214|578|1813
21|1214|579|1814
21|1215|579|1815
21|1215|580|1816
21|1216|580|1817
21|1216|581|1818
21|1217|581|1819
21|1217|582|1820
21|1218|582|1821
21|1218|583|1822
21|1219|583|1823
21|1219|584|1824
21|1220|584|1825
21|1220|585|1826
21|1221|585|1827
21|1221|586|1828
21|1222|586|1829
21|1222|587|1830
21|1223|587|1831
21|1223|588|1832
21|1224|588|1833
21|1224|589|1834
21|1225|589|1835
21|1225|590|1836
21|1226|590|1837
21|1226|591|1838
21|1227|591|1839
21|1227|592|1840
21|1228|592|1841
21|1228|593|1842
21|1229|593|1843
21|1229|594|1844
21|1230|594|1845
21|1230|595|1846
21|1231|595|1847
21|1231|596|1848
21|1232|596|1849
21|1232|597|1850
21|1233|597|1851
21|1233|598|1852
21|1234|598|1853
21|1234|599|1854
21|1235|599|1855
21|1235|600|1856
21|1236|600|1857
21|1236|601|1858
21|1237|601|1859
21|1237|602|1860
21|1238|602|1861
21|1238|603|1862
21|1239|603|1863
21|1239|604|1864
21|1240|604|1865
21|1240|605|1866
21|1241|605|1867
21|1241|606|1868
21|1242|606|1869
21|1242|607|1870
21|1243|607|1871
21|1243|608|1872
21|1244|608|1873
21|1244|609|1874
22|1244|609|1875
22|1245|609|1876
22|1246|609|1877
22|1247|609|1878
23|1247|609|1879
23|1248|609|1880
23|1249|609|1881
23|1249|610|1882
23|1250|610|1883
23|1251|610|1884
23|1252|610|1885
23|1252|611|1886
23|1253|611|1887
23|1254|611|1888
23|1255|611|1889
23|1255|612|1890
23|1256|612|1891
23|1256|613|1892
23|1257|613|1893
23|1257|614|1894
23|1258|614|1895
23|1258|615|1896
23|1259|615|1897
23|1259|616|1898
23|1260|616|1899
23|1261|616|1900
23|1262|616|1901
23|1262|617|1902
23|1263|617|1903
23|1263|618|1904
23|1264|618|1905
23|1265|618|1906
23|1266|618|1907
23|1266|619|1908
23|1267|619|1909
23|1268|619|1910
23|1269|619|1911
23|1270|619|1912
23|1271|619|1913
23|1272|619|1914
24|1272|619|1915
24|1272|620|1916
24|1273|620|1917
24|1274|620|1918
24|1275|620|1919
24|1275|621|1920
24|1276|621|1921
24|1276|622|1922
24|1277|622|1923
24|1277|623|1924
24|1278|623|1925
24|1278|624|1926
24|1279|624|1927
24|1279|625|1928
24|1280|625|1929
24|1280|626|1930
24|1281|626|1931
24|1281|627|1932
24|1282|627|1933
24|1282|628|1934
24|1283|628|1935
24|1283|629|1936
24|1284|629|1937
24|1284|630|1938
24|1285|630|1939
24|1285|631|1940
24|1286|631|1941
24|1286|632|1942
24|1287|632|1943
24|1287|633|1944
24|1288|633|1945
24|1288|634|1946
24|1289|634|1947
24|1289|635|1948
24|1290|635|1949
24|1290|636|1950
24|1291|636|1951
24|1291|637|1952
24|1292|637|1953
24|1292|638|1954
24|1293|638|1955
24|1293|639|1956
24|1294|639|1957
24|1294|640|1958
24|1295|640|1959
24|1295|641|1960
24|1296|641|1961
24|1296|642|1962
24|1297|642|1963
24|1297|643|1964
24|1298|643|1965
24|1298|644|1966
24|1299|644|1967
24|1299|645|1968
24|1300|645|1969
24|1300|646|1970
24|1301|646|1971
24|1301|647|1972
24|1302|647|1973
24|1302|648|1974
24|1303|648|1975
24|1303|649|1976
24|1304|649|1977
24|1304|650|1978
24|1305|650|1979
24|1305|651|1980
24|1306|651|1981
24|1306|652|1982
24|1307|652|1983
24|1307|653|1984
24|1308|653|1985
24|1308|654|1986
24|1309|654|1987
24|1309|655|1988
24|1310|655|1989
24|1310|656|1990
24|1311|656|1991
24|1311|657|1992
24|1312|657|1993
24|1312|658|1994
24|1313|658|1995
24|1313|659|1996
24|1314|659|1997
24|1314|660|1998
24|1315|660|1999
24|1315|661|2000
