total
0|0|1|1
0|1|1|2
0|1|2|3
0|1|3|4
0|1|4|5
0|2|4|6
0|2|5|7
0|3|5|8
0|3|6|9
0|4|6|10
0|4|7|11
0|5|7|12
0|5|8|13
0|6|8|14
0|6|9|15
0|7|9|16
0|7|10|17
0|8|10|18
0|8|11|19
0|9|11|20
0|9|12|21
0|10|12|22
0|10|13|23
0|11|13|24
0|11|14|25
0|12|14|26
0|12|15|27
0|13|15|28
0|13|16|29
0|14|16|30
0|14|17|31
0|15|17|32
0|15|18|33
0|16|18|34
0|16|19|35
0|17|19|36
0|17|20|37
0|18|20|38
0|18|21|39
0|19|21|40
0|19|22|41
0|20|22|42
0|20|23|43
0|21|23|44
0|21|24|45
0|22|24|46
0|22|25|47
0|23|25|48
0|23|26|49
0|24|26|50
0|24|27|51
0|25|27|52
0|25|28|53
0|26|28|54
0|26|29|55
0|27|29|56
0|27|30|57
0|28|30|58
0|28|31|59
0|29|31|60
0|29|32|61
0|30|32|62
1|30|32|63
1|31|32|64
1|31|33|65
1|32|33|66
1|32|34|67
1|33|34|68
1|33|35|69
1|34|35|70
1|34|36|71
1|35|36|72
1|35|37|73
1|36|37|74
1|36|38|75
1|37|38|76
1|37|39|77
1|38|39|78
1|38|40|79
1|39|40|80
1|39|41|81
1|40|41|82
1|40|42|83
1|41|42|84
1|41|43|85
1|42|43|86
1|42|44|87
1|43|44|88
1|43|45|89
1|44|45|90
1|44|46|91
1|45|46|92
1|45|47|93
1|46|47|94
1|47|47|95
1|48|47|96
1|49|47|97
1|50|47|98
1|50|48|99
1|51|48|100
1|51|49|101
1|52|49|102
1|52|50|103
1|53|50|104
1|53|51|105
1|54|51|106
1|54|52|107
1|55|52|108
1|55|53|109
1|56|53|110
1|56|54|111
1|57|54|112
1|57|55|113
1|58|55|114
1|58|56|115
1|59|56|116
1|59|57|117
1|60|57|118
1|60|58|119
1|61|58|120
1|61|59|121
1|62|59|122
1|63|59|123
1|64|59|124
1|64|60|125
1|65|60|126
1|66|60|127
1|67|60|128
1|67|61|129
1|68|61|130
1|68|62|131
1|69|62|132
1|69|63|133
1|70|63|134
1|70|64|135
1|71|64|136
1|71|65|137
1|72|65|138
1|72|66|139
1|73|66|140
1|73|67|141
1|74|67|142
1|75|67|143
1|76|67|144
1|77|67|145
1|78|67|146
1|78|68|147
1|78|69|148
1|79|69|149
1|80|69|150
1|81|69|151
1|82|69|152
1|83|69|153
1|84|69|154
1|84|70|155
1|85|70|156
1|85|71|157
1|86|71|158
1|86|72|159
1|87|72|160
1|87|73|161
1|88|73|162
1|88|74|163
1|89|74|164
1|89|75|165
1|90|75|166
1|90|76|167
1|91|76|168
1|91|77|169
1|92|77|170
1|92|78|171
1|93|78|172
1|93|79|173
1|94|79|174
1|94|80|175
1|95|80|176
1|95|81|177
1|96|81|178
1|96|82|179
1|97|82|180
1|97|83|181
1|98|83|182
1|98|84|183
1|99|84|184
1|99|85|185
1|100|85|186
1|100|86|187
1|101|86|188
1|101|87|189
1|102|87|190
1|102|88|191
1|103|88|192
1|103|89|193
1|104|89|194
1|104|90|195
1|105|90|196
1|105|91|197
1|106|91|198
1|106|92|199
1|107|92|200
1|107|93|201
1|108|93|202
1|108|94|203
1|109|94|204
1|109|95|205
1|110|95|206
1|110|96|207
1|111|96|208
1|111|97|209
1|112|97|210
1|112|98|211
1|113|98|212
1|113|99|213
1|114|99|214
1|114|100|215
1|115|100|216
1|115|101|217
1|116|101|218
1|116|102|219
1|117|102|220
1|117|103|221
1|118|103|222
1|118|104|223
1|119|104|224
1|119|105|225
1|120|105|226
1|121|105|227
1|122|105|228
2|122|105|229
2|123|105|230
2|123|106|231
2|124|106|232
2|124|107|233
2|125|107|234
2|125|108|235
2|126|108|236
2|126|109|237
2|127|109|238
2|127|110|239
2|128|110|240
2|128|111|241
2|128|112|242
2|128|113|243
2|129|113|244
2|129|114|245
2|129|115|246
2|130|115|247
2|131|115|248
2|131|116|249
2|131|117|250
2|131|118|251
2|132|118|252
3|132|118|253
3|133|118|254
3|133|119|255
3|134|119|256
3|134|120|257
3|135|120|258
3|135|121|259
3|136|121|260
3|136|122|261
3|137|122|262
4|137|122|263
4|138|122|264
4|138|123|265
4|139|123|266
4|139|124|267
4|140|124|268
4|140|125|269
4|141|125|270
4|141|126|271
4|142|126|272
4|142|127|273
4|143|127|274
4|143|128|275
4|144|128|276
5|144|128|277
5|145|128|278
5|145|129|279
5|146|129|280
5|146|130|281
5|147|130|282
5|147|131|283
5|148|131|284
5|148|132|285
5|149|132|286
5|149|133|287
5|150|133|288
6|150|133|289
6|151|133|290
6|151|134|291
6|152|134|292
6|152|135|293
6|153|135|294
6|153|136|295
6|154|136|296
6|154|137|297
6|155|137|298
7|155|137|299
7|156|137|300
7|156|138|301
7|157|138|302
7|157|139|303
7|158|139|304
7|158|140|305
7|159|140|306
7|159|141|307
7|160|141|308
7|160|142|309
7|160|143|310
7|160|144|311
7|161|144|312
7|161|145|313
7|162|145|314
7|162|146|315
7|163|146|316
7|163|147|317
7|163|148|318
7|163|149|319
7|164|149|320
7|164|150|321
7|165|150|322
7|165|151|323
7|166|151|324
7|166|152|325
7|167|152|326
7|167|153|327
7|168|153|328
7|168|154|329
7|169|154|330
7|169|155|331
7|170|155|332
7|170|156|333
7|171|156|334
7|171|157|335
7|172|157|336
7|172|158|337
7|173|158|338
7|173|159|339
7|174|159|340
7|174|160|341
7|175|160|342
7|175|161|343
7|176|161|344
7|176|162|345
7|177|162|346
7|177|163|347
7|178|163|348
7|178|164|349
7|179|164|350
7|179|165|351
7|180|165|352
7|180|166|353
7|181|166|354
7|181|167|355
7|182|167|356
7|182|168|357
7|183|168|358
7|183|169|359
7|184|169|360
7|184|170|361
7|185|170|362
7|185|171|363
7|186|171|364
7|186|172|365
7|187|172|366
7|187|173|367
7|188|173|368
7|188|174|369
7|189|174|370
7|189|175|371
7|190|175|372
7|190|176|373
7|191|176|374
7|191|177|375
7|192|177|376
7|192|178|377
7|193|178|378
7|193|179|379
7|194|179|380
7|194|180|381
7|195|180|382
7|195|181|383
7|196|181|384
7|196|182|385
7|197|182|386
7|197|183|387
7|198|183|388
7|198|184|389
7|199|184|390
7|199|185|391
7|200|185|392
7|200|186|393
7|201|186|394
7|201|187|395
7|202|187|396
7|202|188|397
7|203|188|398
7|203|189|399
7|204|189|400
7|205|189|401
7|206|189|402
7|206|190|403
7|207|190|404
7|207|191|405
7|208|191|406
7|208|192|407
7|209|192|408
7|209|193|409
7|210|193|410
7|210|194|411
7|211|194|412
7|211|195|413
7|212|195|414
7|212|196|415
7|213|196|416
7|213|197|417
7|214|197|418
7|214|198|419
7|215|198|420
7|215|199|421
7|216|199|422
7|216|200|423
7|217|200|424
7|217|201|425
7|218|201|426
7|218|202|427
7|219|202|428
7|219|203|429
7|220|203|430
7|220|204|431
7|221|204|432
7|221|205|433
7|222|205|434
7|222|206|435
7|223|206|436
7|223|207|437
7|224|207|438
7|224|208|439
7|225|208|440
7|225|209|441
7|226|209|442
7|226|210|443
7|227|210|444
7|227|211|445
7|228|211|446
7|228|212|447
7|229|212|448
7|229|213|449
7|230|213|450
7|230|214|451
7|231|214|452
7|231|215|453
7|232|215|454
7|232|216|455
7|233|216|456
7|233|217|457
7|233|218|458
7|233|219|459
7|234|219|460
7|234|220|461
7|235|220|462
7|235|221|463
7|236|221|464
7|236|222|465
7|237|222|466
7|237|223|467
7|238|223|468
7|238|224|469
7|238|225|470
7|238|226|471
7|239|226|472
7|239|227|473
7|240|227|474
7|240|228|475
7|241|228|476
7|241|229|477
7|242|229|478
7|242|230|479
7|243|230|480
7|243|231|481
7|244|231|482
7|244|232|483
7|245|232|484
7|245|233|485
7|246|233|486
7|246|234|487
7|247|234|488
7|247|235|489
7|248|235|490
7|248|236|491
7|249|236|492
7|249|237|493
7|250|237|494
7|250|238|495
7|251|238|496
7|251|239|497
7|252|239|498
7|252|240|499
7|253|240|500
7|253|241|501
7|254|241|502
7|254|242|503
7|255|242|504
7|255|243|505
7|256|243|506
7|256|244|507
7|257|244|508
7|257|245|509
7|258|245|510
7|258|246|511
7|259|246|512
7|259|247|513
7|260|247|514
7|261|247|515
8|261|247|516
8|261|248|517
9|261|248|518
9|261|249|519
9|261|250|520
9|261|251|521
10|261|251|522
10|262|251|523
10|262|252|524
10|262|253|525
11|262|253|526
11|262|254|527
11|262|255|528
11|262|256|529
11|262|257|530
11|262|258|531
12|262|258|532
12|262|259|533
13|262|259|534
14|262|259|535
14|262|260|536
14|262|261|537
15|262|261|538
15|262|262|539
15|262|263|540
16|262|263|541
17|262|263|542
17|262|264|543
18|262|264|544
18|262|265|545
18|262|266|546
18|263|266|547
18|263|267|548
18|263|268|549
18|263|269|550
18|263|270|551
18|264|270|552
18|264|271|553
18|265|271|554
18|265|272|555
18|266|272|556
18|266|273|557
18|267|273|558
18|267|274|559
18|268|274|560
18|268|275|561
18|269|275|562
18|269|276|563
18|270|276|564
18|270|277|565
18|271|277|566
18|271|278|567
18|272|278|568
18|272|279|569
18|273|279|570
18|273|280|571
18|274|280|572
18|274|281|573
18|275|281|574
18|275|282|575
18|276|282|576
18|276|283|577
18|277|283|578
18|277|284|579
18|278|284|580
18|278|285|581
18|279|285|582
18|279|286|583
18|280|286|584
18|280|287|585
18|281|287|586
18|281|288|587
18|282|288|588
18|282|289|589
18|283|289|590
18|283|290|591
18|284|290|592
18|284|291|593
18|285|291|594
18|285|292|595
18|286|292|596
18|286|293|597
18|287|293|598
18|287|294|599
18|288|294|600
18|288|295|601
18|289|295|602
18|289|296|603
18|289|297|604
18|289|298|605
18|290|298|606
18|290|299|607
18|291|299|608
18|291|300|609
18|292|300|610
18|292|301|611
18|293|301|612
18|293|302|613
18|294|302|614
18|294|303|615
18|295|303|616
18|295|304|617
18|296|304|618
18|296|305|619
18|297|305|620
18|297|306|621
18|298|306|622
18|299|306|623
18|300|306|624
18|300|307|625
18|301|307|626
18|301|308|627
18|302|308|628
18|302|309|629
18|303|309|630
18|303|310|631
18|304|310|632
18|304|311|633
18|305|311|634
18|305|312|635
18|306|312|636
18|306|313|637
18|307|313|638
18|307|314|639
18|308|314|640
18|308|315|641
18|309|315|642
18|309|316|643
18|310|316|644
18|310|317|645
18|311|317|646
18|311|318|647
18|312|318|648
18|312|319|649
18|313|319|650
18|313|320|651
18|314|320|652
18|315|320|653
18|316|320|654
18|316|321|655
18|317|321|656
18|317|322|657
18|318|322|658
18|318|323|659
18|318|324|660
18|318|325|661
18|318|326|662
18|318|327|663
18|318|328|664
18|318|329|665
18|318|330|666
18|318|331|667
18|319|331|668
18|319|332|669
18|319|333|670
18|319|334|671
18|319|335|672
18|319|336|673
18|320|336|674
19|320|336|675
20|320|336|676
20|320|337|677
20|321|337|678
20|321|338|679
20|321|339|680
21|321|339|681
22|321|339|682
22|321|340|683
22|322|340|684
22|322|341|685
23|322|341|686
23|322|342|687
23|322|343|688
23|322|344|689
23|323|344|690
23|323|345|691
23|324|345|692
23|324|346|693
23|325|346|694
23|325|347|695
23|326|347|696
23|326|348|697
23|327|348|698
23|327|349|699
23|328|349|700
23|328|350|701
23|329|350|702
23|329|351|703
23|330|351|704
23|330|352|705
23|331|352|706
23|331|353|707
23|332|353|708
23|332|354|709
23|333|354|710
23|333|355|711
23|334|355|712
23|334|356|713
23|335|356|714
23|335|357|715
23|336|357|716
23|336|358|717
23|337|358|718
23|337|359|719
23|338|359|720
23|338|360|721
23|339|360|722
23|339|361|723
23|340|361|724
23|340|362|725
23|341|362|726
23|341|363|727
23|342|363|728
23|342|364|729
23|343|364|730
24|343|364|731
24|344|364|732
24|344|365|733
24|345|365|734
24|345|366|735
24|346|366|736
24|346|367|737
24|347|367|738
24|347|368|739
24|348|368|740
24|348|369|741
24|349|369|742
24|349|370|743
24|350|370|744
24|350|371|745
24|351|371|746
25|351|371|747
25|351|372|748
25|351|373|749
25|352|373|750
25|352|374|751
25|352|375|752
25|352|376|753
25|353|376|754
26|353|376|755
26|354|376|756
26|354|377|757
26|355|377|758
26|355|378|759
26|356|378|760
26|356|379|761
26|357|379|762
26|357|380|763
26|358|380|764
26|358|381|765
26|359|381|766
26|359|382|767
26|360|382|768
26|360|383|769
26|361|383|770
26|361|384|771
26|362|384|772
26|362|385|773
26|363|385|774
26|363|386|775
26|364|386|776
26|364|387|777
26|365|387|778
26|365|388|779
26|366|388|780
26|366|389|781
26|367|389|782
26|367|390|783
26|368|390|784
26|368|391|785
26|369|391|786
26|369|392|787
26|370|392|788
26|370|393|789
26|371|393|790
26|371|394|791
26|372|394|792
26|372|395|793
26|373|395|794
26|373|396|795
26|374|396|796
26|374|397|797
26|375|397|798
26|375|398|799
26|376|398|800
26|376|399|801
26|377|399|802
26|377|400|803
26|378|400|804
26|378|401|805
26|379|401|806
26|380|401|807
26|381|401|808
26|382|401|809
26|383|401|810
26|383|402|811
26|384|402|812
26|385|402|813
26|386|402|814
26|386|403|815
26|387|403|816
26|387|404|817
26|388|404|818
26|388|405|819
26|389|405|820
26|389|406|821
26|390|406|822
26|390|407|823
26|391|407|824
26|391|408|825
26|392|408|826
26|392|409|827
26|393|409|828
26|394|409|829
26|395|409|830
26|395|410|831
26|396|410|832
26|396|411|833
26|397|411|834
26|398|411|835
26|399|411|836
26|399|412|837
26|400|412|838
26|400|413|839
26|401|413|840
26|401|414|841
26|402|414|842
26|402|415|843
26|403|415|844
26|403|416|845
26|404|416|846
26|404|417|847
26|405|417|848
26|405|418|849
26|406|418|850
26|406|419|851
26|407|419|852
26|407|420|853
26|408|420|854
26|408|421|855
26|409|421|856
26|409|422|857
26|410|422|858
26|410|423|859
26|411|423|860
26|411|424|861
26|412|424|862
26|412|425|863
26|413|425|864
26|413|426|865
26|414|426|866
26|414|427|867
26|415|427|868
26|415|428|869
26|416|428|870
26|416|429|871
26|417|429|872
26|417|430|873
26|418|430|874
26|418|431|875
26|419|431|876
26|419|432|877
26|420|432|878
26|420|433|879
26|421|433|880
26|421|434|881
26|422|434|882
26|422|435|883
26|423|435|884
26|423|436|885
26|424|436|886
26|424|437|887
26|425|437|888
26|425|438|889
26|426|438|890
26|426|439|891
26|427|439|892
26|427|440|893
26|428|440|894
26|428|441|895
26|429|441|896
26|429|442|897
26|430|442|898
26|430|443|899
26|431|443|900
26|431|444|901
26|432|444|902
27|432|444|903
27|433|444|904
27|433|445|905
27|434|445|906
27|434|446|907
27|435|446|908
27|435|447|909
27|436|447|910
27|436|448|911
27|437|448|912
27|437|449|913
27|438|449|914
27|438|450|915
27|439|450|916
27|439|451|917
27|440|451|918
28|440|451|919
28|441|451|920
28|441|452|921
28|442|452|922
28|442|453|923
28|443|453|924
28|443|454|925
29|443|454|926
29|443|455|927
29|444|455|928
29|444|456|929
29|445|456|930
29|445|457|931
29|446|457|932
29|446|458|933
29|446|459|934
29|446|460|935
29|447|460|936
29|447|461|937
29|448|461|938
29|448|462|939
29|449|462|940
29|449|463|941
29|450|463|942
29|451|463|943
29|452|463|944
29|452|464|945
29|453|464|946
29|453|465|947
29|454|465|948
29|454|466|949
29|455|466|950
29|455|467|951
29|456|467|952
29|456|468|953
29|457|468|954
29|457|469|955
29|458|469|956
29|458|470|957
29|459|470|958
29|459|471|959
29|460|471|960
29|460|472|961
29|461|472|962
29|461|473|963
29|462|473|964
29|462|474|965
29|463|474|966
29|463|475|967
29|464|475|968
29|464|476|969
29|465|476|970
29|465|477|971
29|466|477|972
29|466|478|973
29|467|478|974
29|467|479|975
29|468|479|976
29|468|480|977
29|469|480|978
29|469|481|979
29|470|481|980
29|470|482|981
29|471|482|982
29|471|483|983
29|472|483|984
29|472|484|985
29|473|484|986
29|473|485|987
29|474|485|988
29|474|486|989
29|475|486|990
30|475|486|991
30|476|486|992
30|476|487|993
30|477|487|994
30|477|488|995
30|478|488|996
30|478|489|997
30|479|489|998
30|479|490|999
30|480|490|1000
30|480|491|1001
30|481|491|1002
30|481|492|1003
30|482|492|1004
30|482|493|1005
30|482|494|1006
30|482|495|1007
30|483|495|1008
30|483|496|1009
30|484|496|1010
30|484|497|1011
30|485|497|1012
30|485|498|1013
30|486|498|1014
30|486|499|1015
30|487|499|1016
30|487|500|1017
30|488|500|1018
30|488|501|1019
30|489|501|1020
30|489|502|1021
30|490|502|1022
30|490|503|1023
30|491|503|1024
30|491|504|1025
30|492|504|1026
30|492|505|1027
30|493|505|1028
30|493|506|1029
30|494|506|1030
30|494|507|1031
30|495|507|1032
30|495|508|1033
30|496|508|1034
30|496|509|1035
30|497|509|1036
30|497|510|1037
30|498|510|1038
30|498|511|1039
30|499|511|1040
30|499|512|1041
30|500|512|1042
30|500|513|1043
30|501|513|1044
30|501|514|1045
30|502|514|1046
30|502|515|1047
30|503|515|1048
30|503|516|1049
30|504|516|1050
30|504|517|1051
30|505|517|1052
30|506|518|1054
30|507|518|1055
30|507|519|1056
30|508|519|1057
30|508|520|1058
30|509|520|1059
30|509|521|1060
30|510|521|1061
30|510|522|1062
30|511|522|1063
30|511|523|1064
30|512|523|1065
30|512|524|1066
30|513|524|1067
30|513|525|1068
30|514|525|1069
30|514|526|1070
30|515|526|1071
30|515|527|1072
30|516|527|1073
30|516|528|1074
30|517|528|1075
30|517|529|1076
30|518|529|1077
30|518|530|1078
30|519|530|1079
30|519|531|1080
30|520|531|1081
30|520|532|1082
30|521|532|1083
30|521|533|1084
30|522|533|1085
30|522|534|1086
30|523|534|1087
30|523|535|1088
30|524|535|1089
30|524|536|1090
30|525|536|1091
30|525|537|1092
30|526|537|1093
30|527|537|1094
30|528|537|1095
30|528|538|1096
30|529|538|1097
30|530|538|1098
30|531|538|1099
30|531|539|1100
30|532|539|1101
30|532|540|1102
30|533|540|1103
30|534|540|1104
30|535|540|1105
30|535|541|1106
30|536|541|1107
31|536|541|1108
31|537|541|1109
31|537|542|1110
31|538|542|1111
32|538|542|1112
32|539|542|1113
32|539|543|1114
32|540|543|1115
32|540|544|1116
32|541|544|1117
32|541|545|1118
32|542|545|1119
33|542|545|1120
33|543|545|1121
33|543|546|1122
33|544|546|1123
33|544|547|1124
33|545|547|1125
34|545|547|1126
34|546|547|1127
34|546|548|1128
34|547|548|1129
34|547|549|1130
34|548|549|1131
34|548|550|1132
34|549|550|1133
34|549|551|1134
34|550|551|1135
34|550|552|1136
34|550|553|1137
34|550|554|1138
34|551|554|1139
34|551|555|1140
34|551|556|1141
34|551|557|1142
34|552|557|1143
34|552|558|1144
34|553|558|1145
34|553|559|1146
34|554|559|1147
34|554|560|1148
34|554|561|1149
34|554|562|1150
34|555|562|1151
34|555|563|1152
34|556|563|1153
34|556|564|1154
34|557|564|1155
34|557|565|1156
34|558|565|1157
34|558|566|1158
34|559|566|1159
34|559|567|1160
34|560|567|1161
34|560|568|1162
34|561|568|1163
34|561|569|1164
34|562|569|1165
34|562|570|1166
34|563|570|1167
34|563|571|1168
34|564|571|1169
34|564|572|1170
34|565|572|1171
34|565|573|1172
34|566|573|1173
34|566|574|1174
34|567|574|1175
34|567|575|1176
34|568|575|1177
34|568|576|1178
34|569|576|1179
34|569|577|1180
34|570|577|1181
34|570|578|1182
34|571|578|1183
34|571|579|1184
34|572|579|1185
34|572|580|1186
34|573|580|1187
34|573|581|1188
34|574|581|1189
34|574|582|1190
34|575|582|1191
34|575|583|1192
34|576|583|1193
34|576|584|1194
34|577|584|1195
34|577|585|1196
34|578|585|1197
34|578|586|1198
34|578|587|1199
34|578|588|1200
34|578|589|1201
34|578|590|1202
35|578|590|1203
35|578|591|1204
36|578|591|1205
36|578|592|1206
37|578|592|1207
37|578|593|1208
37|578|594|1209
37|578|595|1210
37|578|596|1211
37|578|597|1212
38|578|597|1213
38|578|598|1214
39|578|598|1215
39|578|599|1216
40|578|599|1217
40|578|600|1218
40|578|601|1219
41|578|601|1220
41|578|602|1221
41|578|603|1222
41|578|604|1223
42|578|604|1224
43|578|604|1225
43|578|605|1226
44|578|605|1227
45|578|605|1228
46|578|605|1229
47|578|605|1230
48|578|605|1231
48|578|606|1232
48|578|607|1233
48|578|608|1234
48|579|608|1235
48|579|609|1236
48|580|609|1237
48|580|610|1238
48|581|610|1239
48|581|611|1240
48|582|611|1241
48|582|612|1242
48|583|612|1243
48|583|613|1244
48|584|613|1245
48|584|614|1246
48|585|614|1247
48|585|615|1248
48|586|615|1249
48|586|616|1250
48|587|616|1251
48|587|617|1252
48|588|617|1253
48|588|618|1254
48|589|618|1255
48|589|619|1256
48|590|619|1257
48|590|620|1258
48|591|620|1259
48|591|621|1260
48|592|621|1261
48|592|622|1262
48|593|622|1263
48|593|623|1264
48|594|623|1265
48|594|624|1266
48|595|624|1267
48|595|625|1268
48|596|625|1269
48|596|626|1270
48|597|626|1271
48|597|627|1272
48|598|627|1273
48|598|628|1274
48|599|628|1275
48|599|629|1276
48|600|629|1277
48|600|630|1278
48|601|630|1279
48|601|631|1280
48|602|631|1281
48|602|632|1282
48|603|632|1283
48|603|633|1284
48|604|633|1285
48|604|634|1286
48|604|635|1287
48|604|636|1288
48|605|636|1289
48|605|637|1290
48|606|637|1291
48|606|638|1292
48|607|638|1293
48|607|639|1294
48|608|639|1295
48|608|640|1296
48|609|640|1297
48|609|641|1298
48|610|641|1299
48|610|642|1300
48|611|642|1301
48|611|643|1302
48|612|643|1303
48|612|644|1304
48|613|644|1305
48|613|645|1306
48|614|645|1307
48|614|646|1308
48|615|646|1309
48|615|647|1310
48|616|647|1311
48|616|648|1312
48|617|648|1313
48|617|649|1314
48|618|649|1315
48|618|650|1316
48|619|650|1317
48|619|651|1318
48|620|651|1319
48|620|652|1320
48|621|652|1321
48|621|653|1322
48|622|653|1323
48|622|654|1324
48|623|654|1325
48|623|655|1326
48|624|655|1327
48|624|656|1328
48|625|656|1329
48|625|657|1330
48|626|657|1331
48|626|658|1332
48|627|658|1333
48|627|659|1334
48|628|659|1335
48|628|660|1336
48|629|660|1337
48|630|660|1338
48|631|660|1339
48|631|661|1340
48|632|661|1341
48|632|662|1342
48|632|663|1343
48|632|664|1344
48|632|665|1345
48|632|666|1346
48|633|666|1347
48|633|667|1348
48|633|668|1349
48|633|669|1350
48|634|669|1351
48|634|670|1352
48|634|671|1353
48|634|672|1354
48|634|673|1355
48|634|674|1356
48|635|674|1357
48|635|675|1358
49|635|675|1359
49|635|676|1360
49|636|676|1361
49|636|677|1362
49|637|677|1363
49|637|678|1364
49|637|679|1365
49|637|680|1366
49|638|680|1367
49|638|681|1368
49|639|681|1369
49|639|682|1370
49|639|683|1371
49|639|684|1372
49|640|684|1373
49|640|685|1374
49|641|685|1375
49|641|686|1376
49|642|686|1377
49|642|687|1378
49|643|687|1379
49|643|688|1380
49|644|688|1381
49|644|689|1382
49|645|689|1383
49|645|690|1384
49|646|690|1385
49|646|691|1386
49|647|691|1387
49|647|692|1388
49|648|692|1389
49|648|693|1390
49|649|693|1391
49|649|694|1392
49|650|694|1393
49|650|695|1394
49|651|695|1395
49|651|696|1396
49|652|696|1397
49|652|697|1398
49|653|697|1399
49|653|698|1400
49|654|698|1401
49|654|699|1402
49|655|699|1403
49|655|700|1404
49|656|700|1405
49|656|701|1406
49|657|701|1407
49|657|702|1408
49|658|702|1409
49|658|703|1410
49|659|703|1411
49|659|704|1412
49|660|704|1413
49|660|705|1414
49|661|705|1415
49|661|706|1416
49|662|706|1417
49|662|707|1418
49|663|707|1419
49|663|708|1420
49|664|708|1421
49|664|709|1422
49|665|709|1423
49|665|710|1424
49|666|710|1425
50|666|710|1426
50|667|710|1427
50|667|711|1428
50|668|711|1429
50|668|712|1430
50|668|713|1431
51|668|713|1432
51|669|713|1433
51|669|714|1434
51|670|714|1435
51|670|715|1436
51|671|715|1437
51|671|716|1438
51|672|716|1439
51|672|717|1440
51|673|717|1441
51|673|718|1442
51|674|718|1443
51|674|719|1444
51|675|719|1445
51|675|720|1446
51|676|720|1447
51|676|721|1448
51|677|721|1449
51|677|722|1450
51|678|722|1451
51|678|723|1452
51|679|723|1453
51|679|724|1454
51|680|724|1455
51|680|725|1456
51|681|725|1457
51|681|726|1458
51|682|726|1459
51|682|727|1460
51|683|727|1461
51|683|728|1462
51|684|728|1463
51|684|729|1464
51|685|729|1465
51|685|730|1466
51|686|730|1467
51|686|731|1468
51|687|731|1469
51|687|732|1470
51|688|732|1471
51|688|733|1472
51|689|733|1473
51|689|734|1474
51|690|734|1475
51|690|735|1476
51|691|735|1477
51|691|736|1478
51|692|736|1479
51|692|737|1480
51|693|737|1481
51|693|738|1482
51|694|738|1483
51|694|739|1484
51|695|739|1485
51|695|740|1486
51|696|740|1487
51|696|741|1488
51|697|741|1489
51|698|741|1490
51|699|741|1491
51|700|741|1492
51|701|741|1493
51|701|742|1494
51|702|742|1495
51|702|743|1496
51|703|743|1497
51|704|743|1498
51|705|743|1499
51|706|743|1500
51|707|743|1501
51|708|743|1502
51|709|743|1503
51|709|744|1504
51|710|744|1505
51|711|744|1506
51|712|744|1507
51|712|745|1508
51|713|745|1509
51|713|746|1510
51|714|746|1511
51|714|747|1512
51|715|747|1513
51|715|748|1514
51|716|748|1515
51|717|748|1516
51|718|748|1517
51|718|749|1518
51|719|749|1519
51|719|750|1520
51|720|750|1521
51|721|750|1522
51|722|750|1523
51|722|751|1524
51|723|751|1525
51|723|752|1526
51|724|752|1527
51|724|753|1528
51|725|753|1529
51|725|754|1530
51|726|754|1531
51|726|755|1532
51|727|755|1533
51|727|756|1534
51|728|756|1535
51|728|757|1536
51|729|757|1537
51|729|758|1538
51|730|758|1539
51|730|759|1540
51|731|759|1541
51|731|760|1542
51|732|760|1543
51|732|761|1544
51|733|761|1545
51|733|762|1546
51|734|762|1547
51|734|763|1548
51|735|763|1549
51|735|764|1550
51|736|764|1551
51|736|765|1552
51|737|765|1553
51|737|766|1554
51|738|766|1555
51|738|767|1556
51|739|767|1557
51|739|768|1558
51|740|768|1559
51|740|769|1560
51|741|769|1561
51|741|770|1562
51|742|770|1563
51|742|771|1564
51|743|771|1565
51|743|772|1566
51|744|772|1567
51|744|773|1568
51|745|773|1569
51|745|774|1570
51|746|774|1571
51|746|775|1572
51|747|775|1573
51|747|776|1574
51|748|776|1575
51|748|777|1576
51|749|777|1577
51|749|778|1578
51|749|779|1579
51|749|780|1580
51|750|780|1581
51|750|781|1582
51|751|781|1583
51|751|782|1584
51|752|782|1585
51|752|783|1586
51|753|783|1587
51|753|784|1588
51|754|784|1589
51|754|785|1590
51|755|785|1591
51|755|786|1592
51|756|786|1593
51|756|787|1594
51|757|787|1595
51|757|788|1596
51|757|789|1597
51|757|790|1598
51|758|790|1599
51|758|791|1600
51|759|791|1601
51|759|792|1602
51|760|792|1603
51|760|793|1604
51|761|793|1605
51|761|794|1606
51|762|794|1607
51|762|795|1608
52|762|795|1609
53|762|795|1610
53|763|795|1611
53|763|796|1612
53|764|796|1613
53|764|797|1614
53|765|797|1615
53|765|798|1616
53|765|799|1617
53|765|800|1618
53|766|800|1619
53|766|801|1620
53|767|801|1621
53|767|802|1622
53|767|803|1623
53|767|804|1624
53|768|804|1625
53|768|805|1626
53|769|805|1627
53|769|806|1628
53|770|806|1629
53|770|807|1630
53|771|807|1631
53|771|808|1632
53|772|808|1633
53|772|809|1634
53|773|809|1635
53|773|810|1636
53|774|810|1637
53|774|811|1638
53|775|811|1639
53|775|812|1640
53|776|812|1641
53|776|813|1642
53|777|813|1643
53|777|814|1644
53|778|814|1645
53|778|815|1646
53|779|815|1647
53|779|816|1648
53|780|816|1649
53|780|817|1650
53|781|817|1651
53|781|818|1652
53|782|818|1653
53|782|819|1654
53|783|819|1655
53|783|820|1656
53|784|820|1657
53|784|821|1658
53|785|821|1659
53|785|822|1660
53|786|822|1661
53|786|823|1662
53|787|823|1663
53|787|824|1664
53|788|824|1665
53|788|825|1666
53|788|826|1667
53|788|827|1668
53|789|827|1669
53|789|828|1670
53|790|828|1671
53|790|829|1672
53|791|829|1673
53|791|830|1674
53|792|830|1675
53|792|831|1676
53|793|831|1677
53|793|832|1678
53|794|832|1679
53|794|833|1680
53|795|833|1681
53|795|834|1682
53|796|834|1683
53|796|835|1684
53|797|835|1685
53|797|836|1686
53|798|836|1687
53|798|837|1688
53|798|838|1689
53|798|839|1690
53|799|839|1691
53|799|840|1692
53|800|840|1693
53|800|841|1694
53|801|841|1695
53|801|842|1696
53|802|842|1697
53|802|843|1698
53|803|843|1699
53|803|844|1700
53|804|844|1701
53|804|845|1702
53|805|845|1703
53|805|846|1704
53|806|846|1705
53|806|847|1706
53|807|847|1707
53|807|848|1708
53|808|848|1709
53|808|849|1710
53|809|849|1711
53|809|850|1712
53|810|850|1713
53|810|851|1714
53|811|851|1715
53|811|852|1716
53|812|852|1717
53|812|853|1718
53|813|853|1719
53|813|854|1720
53|814|854|1721
53|814|855|1722
53|815|855|1723
53|815|856|1724
53|816|856|1725
53|816|857|1726
53|817|857|1727
53|817|858|1728
53|818|858|1729
53|818|859|1730
53|819|859|1731
53|819|860|1732
53|820|860|1733
53|820|861|1734
53|821|861|1735
53|821|862|1736
53|822|862|1737
53|822|863|1738
53|823|863|1739
53|823|864|1740
53|824|864|1741
53|824|865|1742
53|825|865|1743
53|825|866|1744
53|826|866|1745
53|826|867|1746
53|827|867|1747
53|827|868|1748
53|828|868|1749
53|828|869|1750
53|829|869|1751
53|829|870|1752
53|830|870|1753
53|830|871|1754
53|831|871|1755
53|831|872|1756
53|832|872|1757
53|832|873|1758
53|833|873|1759
53|833|874|1760
53|834|874|1761
53|834|875|1762
53|835|875|1763
53|835|876|1764
53|836|876|1765
53|836|877|1766
53|837|877|1767
53|837|878|1768
53|838|878|1769
53|838|879|1770
53|839|879|1771
53|839|880|1772
53|840|880|1773
53|840|881|1774
53|841|881|1775
53|842|881|1776
53|843|881|1777
53|843|882|1778
53|844|882|1779
54|844|882|1780
54|845|882|1781
55|845|882|1782
55|846|882|1783
55|847|882|1784
55|848|882|1785
56|848|882|1786
56|849|882|1787
56|850|882|1788
56|851|882|1789
56|851|883|1790
56|852|883|1791
56|852|884|1792
56|853|884|1793
56|853|885|1794
56|854|885|1795
57|854|885|1796
57|855|885|1797
58|855|885|1798
58|856|885|1799
59|856|885|1800
59|857|885|1801
59|857|886|1802
59|858|886|1803
60|858|886|1804
60|859|886|1805
61|859|886|1806
61|860|886|1807
62|860|886|1808
62|861|886|1809
62|862|886|1810
62|863|886|1811
62|863|887|1812
62|864|887|1813
62|864|888|1814
62|865|888|1815
62|865|889|1816
62|866|889|1817
62|866|890|1818
62|867|890|1819
62|867|891|1820
62|868|891|1821
62|868|892|1822
62|869|892|1823
62|869|893|1824
62|870|893|1825
62|870|894|1826
62|871|894|1827
62|871|895|1828
62|872|895|1829
62|872|896|1830
62|873|896|1831
62|873|897|1832
62|874|897|1833
62|874|898|1834
62|875|898|1835
62|875|899|1836
62|876|899|1837
62|876|900|1838
62|877|900|1839
62|877|901|1840
62|878|901|1841
62|878|902|1842
62|879|902|1843
62|879|903|1844
62|880|903|1845
62|880|904|1846
62|881|904|1847
62|881|905|1848
62|882|905|1849
62|882|906|1850
62|883|906|1851
62|883|907|1852
62|884|907|1853
62|884|908|1854
62|885|908|1855
62|885|909|1856
62|886|909|1857
62|886|910|1858
62|887|910|1859
62|887|911|1860
62|888|911|1861
62|888|912|1862
62|889|912|1863
62|889|913|1864
62|890|913|1865
62|890|914|1866
62|891|914|1867
62|891|915|1868
62|892|915|1869
62|892|916|1870
62|893|916|1871
62|893|917|1872
62|894|917|1873
62|894|918|1874
62|895|918|1875
62|895|919|1876
62|896|919|1877
62|896|920|1878
62|897|920|1879
62|897|921|1880
62|898|921|1881
62|898|922|1882
63|898|922|1883
63|898|923|1884
64|898|923|1885
64|898|924|1886
64|898|925|1887
64|898|926|1888
64|898|927|1889
64|898|928|1890
65|898|928|1891
66|898|928|1892
67|898|928|1893
67|899|928|1894
68|899|928|1895
68|899|929|1896
68|899|930|1897
68|899|931|1898
68|899|932|1899
69|899|932|1900
69|899|933|1901
69|899|934|1902
70|899|934|1903
71|899|934|1904
72|899|934|1905
72|899|935|1906
72|899|936|1907
72|899|937|1908
73|899|937|1909
73|899|938|1910
74|899|938|1911
75|899|938|1912
75|899|939|1913
76|899|939|1914
77|899|939|1915
78|899|939|1916
79|899|939|1917
80|899|939|1918
80|900|939|1919
80|900|940|1920
80|901|940|1921
80|901|941|1922
80|902|941|1923
80|902|942|1924
80|903|942|1925
80|903|943|1926
80|904|943|1927
80|904|944|1928
80|905|944|1929
80|905|945|1930
80|906|945|1931
80|906|946|1932
80|907|946|1933
80|907|947|1934
80|908|947|1935
80|908|948|1936
80|909|948|1937
80|909|949|1938
80|910|949|1939
80|910|950|1940
80|911|950|1941
80|911|951|1942
80|912|951|1943
80|912|952|1944
80|913|952|1945
80|913|953|1946
80|914|953|1947
80|914|954|1948
80|915|954|1949
80|915|955|1950
80|916|955|1951
80|916|956|1952
80|917|956|1953
80|917|957|1954
80|918|957|1955
80|918|958|1956
80|919|958|1957
80|919|959|1958
80|920|959|1959
80|920|960|1960
80|921|960|1961
80|921|961|1962
80|922|961|1963
80|922|962|1964
80|923|962|1965
80|923|963|1966
80|924|963|1967
80|924|964|1968
80|925|964|1969
80|925|965|1970
80|926|965|1971
80|926|966|1972
80|927|966|1973
80|927|967|1974
80|928|967|1975
80|928|968|1976
80|928|969|1977
80|928|970|1978
80|929|970|1979
80|929|971|1980
80|930|971|1981
80|930|972|1982
80|931|972|1983
80|931|973|1984
80|932|973|1985
80|932|974|1986
80|933|974|1987
80|933|975|1988
80|934|975|1989
80|934|976|1990
80|935|976|1991
80|935|977|1992
80|936|977|1993
80|936|978|1994
80|937|978|1995
80|937|979|1996
80|938|979|1997
80|938|980|1998
80|939|980|1999
80|939|981|2000
