total
0|0|1|1
0|1|1|2
0|1|2|3
0|1|3|4
0|1|4|5
0|1|5|6
0|1|6|7
0|1|7|8
0|1|8|9
0|1|9|10
0|1|10|11
0|2|10|12
0|2|11|13
0|3|11|14
0|3|12|15
0|4|12|16
0|4|13|17
0|5|13|18
0|5|14|19
0|6|14|20
0|6|15|21
0|7|15|22
0|7|16|23
0|8|16|24
0|8|17|25
0|9|17|26
0|9|18|27
0|10|18|28
0|10|19|29
0|11|19|30
0|11|20|31
0|12|20|32
0|12|21|33
0|13|21|34
0|13|22|35
0|14|22|36
0|14|23|37
0|15|23|38
0|15|24|39
0|16|24|40
0|16|25|41
0|17|25|42
0|17|26|43
0|18|26|44
0|18|27|45
0|19|27|46
0|19|28|47
0|20|28|48
0|20|29|49
0|21|29|50
0|21|30|51
0|22|30|52
0|22|31|53
0|23|31|54
0|23|32|55
0|24|32|56
0|24|33|57
0|25|33|58
0|25|34|59
0|26|34|60
0|26|35|61
0|27|35|62
0|27|36|63
0|27|37|64
0|27|38|65
0|28|38|66
0|28|39|67
0|29|39|68
0|29|40|69
0|30|40|70
0|30|41|71
0|30|42|72
0|30|43|73
0|31|43|74
0|31|44|75
0|31|45|76
0|31|46|77
0|32|46|78
0|32|47|79
0|33|47|80
0|33|48|81
0|34|48|82
0|34|49|83
0|34|50|84
0|34|51|85
0|34|52|86
0|34|53|87
0|35|53|88
0|35|54|89
0|35|55|90
0|35|56|91
0|35|57|92
0|35|58|93
0|35|59|94
0|35|60|95
0|35|61|96
0|35|62|97
0|35|63|98
0|35|64|99
0|35|65|100
0|35|66|101
0|36|66|102
0|36|67|103
0|36|68|104
0|36|69|105
0|37|69|106
0|37|70|107
0|37|71|108
0|37|72|109
0|37|73|110
0|37|74|111
0|37|75|112
0|37|76|113
0|37|77|114
0|37|78|115
0|37|79|116
0|37|80|117
0|37|81|118
0|37|82|119
0|38|82|120
0|38|83|121
0|38|84|122
0|38|85|123
0|39|85|124
0|39|86|125
0|39|87|126
0|39|88|127
0|40|88|128
0|40|89|129
0|40|90|130
0|40|91|131
0|41|91|132
0|41|92|133
0|41|93|134
0|41|94|135
0|42|94|136
0|42|95|137
0|43|95|138
0|43|96|139
0|43|97|140
0|43|98|141
0|44|98|142
0|44|99|143
0|45|99|144
0|45|100|145
0|45|101|146
0|45|102|147
0|45|103|148
0|45|104|149
0|45|105|150
0|45|106|151
0|45|107|152
0|45|108|153
0|46|108|154
0|46|109|155
0|47|109|156
0|47|110|157
0|48|110|158
0|48|111|159
0|49|111|160
0|49|112|161
0|50|112|162
0|50|113|163
0|51|113|164
0|51|114|165
0|52|114|166
0|52|115|167
0|53|115|168
0|53|116|169
0|54|116|170
0|54|117|171
0|55|117|172
0|55|118|173
0|56|118|174
0|56|119|175
0|57|119|176
0|57|120|177
0|58|120|178
0|58|121|179
0|59|121|180
0|59|122|181
0|60|122|182
0|60|123|183
0|61|123|184
0|61|124|185
0|62|124|186
0|62|125|187
0|63|125|188
0|63|126|189
0|64|126|190
0|64|127|191
0|65|127|192
0|65|128|193
0|66|128|194
0|66|129|195
0|67|129|196
0|67|130|197
0|68|130|198
0|68|131|199
0|69|131|200
0|69|132|201
0|70|132|202
0|70|133|203
0|71|133|204
0|71|134|205
0|72|134|206
0|72|135|207
0|73|135|208
0|73|136|209
0|74|136|210
0|74|137|211
0|75|137|212
0|75|138|213
0|76|138|214
0|76|139|215
0|77|139|216
0|77|140|217
0|78|140|218
0|78|141|219
0|79|141|220
0|79|142|221
0|80|142|222
0|80|143|223
0|81|143|224
0|81|144|225
0|82|144|226
0|82|145|227
0|83|145|228
0|83|146|229
0|84|146|230
0|84|147|231
0|85|147|232
0|85|148|233
0|86|148|234
0|86|149|235
0|87|149|236
0|87|150|237
0|88|150|238
0|88|151|239
0|89|151|240
0|89|152|241
0|89|153|242
0|89|154|243
0|90|154|244
0|90|155|245
0|91|155|246
0|91|156|247
0|92|156|248
0|92|157|249
0|92|158|250
0|92|159|251
0|93|159|252
0|93|160|253
0|94|160|254
0|94|161|255
0|95|161|256
0|95|162|257
0|96|162|258
0|96|163|259
0|97|163|260
0|97|164|261
0|97|165|262
0|97|166|263
0|98|166|264
0|98|167|265
0|99|167|266
0|99|168|267
0|100|168|268
0|100|169|269
0|101|169|270
0|101|170|271
0|102|170|272
0|102|171|273
0|103|171|274
0|103|172|275
0|104|172|276
0|104|173|277
0|105|173|278
0|105|174|279
0|106|174|280
0|106|175|281
0|107|175|282
0|107|176|283
0|108|176|284
0|108|177|285
0|109|177|286
0|109|178|287
0|110|178|288
0|110|179|289
0|111|179|290
0|111|180|291
0|112|180|292
0|112|181|293
0|113|181|294
0|113|182|295
0|114|182|296
0|114|183|297
0|115|183|298
0|115|184|299
0|116|184|300
0|116|185|301
0|117|185|302
0|117|186|303
0|118|186|304
0|118|187|305
0|119|187|306
0|119|188|307
0|120|188|308
0|120|189|309
0|121|189|310
0|121|190|311
0|122|190|312
0|122|191|313
0|123|191|314
0|123|192|315
0|124|192|316
0|124|193|317
0|125|193|318
0|125|194|319
0|126|194|320
0|126|195|321
0|127|195|322
0|127|196|323
0|128|196|324
0|128|197|325
0|129|197|326
0|129|198|327
0|130|198|328
0|130|199|329
0|131|199|330
0|131|200|331
0|132|200|332
0|132|201|333
0|133|201|334
0|133|202|335
0|134|202|336
0|134|203|337
0|135|203|338
0|135|204|339
0|136|204|340
0|136|205|341
0|137|205|342
0|137|206|343
0|138|206|344
0|138|207|345
0|139|207|346
0|139|208|347
0|140|208|348
0|140|209|349
0|141|209|350
0|141|210|351
0|142|210|352
0|142|211|353
0|143|211|354
0|143|212|355
0|144|212|356
0|144|213|357
0|145|213|358
0|145|214|359
0|146|214|360
0|146|215|361
0|147|215|362
0|147|216|363
0|148|216|364
0|148|217|365
0|149|217|366
0|149|218|367
0|150|218|368
0|150|219|369
0|151|219|370
0|151|220|371
0|152|220|372
0|152|221|373
0|153|221|374
0|153|222|375
0|154|222|376
0|154|223|377
0|155|223|378
0|155|224|379
0|156|224|380
0|156|225|381
0|157|225|382
0|157|226|383
0|158|226|384
0|158|227|385
0|159|227|386
0|159|228|387
0|160|228|388
0|160|229|389
0|161|229|390
0|161|230|391
0|162|230|392
0|162|231|393
0|163|231|394
0|163|232|395
0|164|232|396
0|164|233|397
0|165|233|398
0|165|234|399
0|166|234|400
0|166|235|401
0|167|235|402
0|167|236|403
0|168|236|404
0|168|237|405
0|169|237|406
0|169|238|407
0|170|238|408
0|170|239|409
0|171|239|410
0|171|240|411
0|172|240|412
0|172|241|413
0|173|241|414
0|173|242|415
0|174|242|416
0|174|243|417
0|175|243|418
0|175|244|419
0|176|244|420
0|176|245|421
0|177|245|422
0|177|246|423
0|178|246|424
0|178|247|425
0|179|247|426
0|179|248|427
0|180|248|428
0|180|249|429
0|181|249|430
0|181|250|431
0|182|250|432
0|182|251|433
0|183|251|434
0|183|252|435
0|184|252|436
0|184|253|437
0|185|253|438
0|185|254|439
0|186|254|440
0|186|255|441
0|187|255|442
0|187|256|443
0|188|256|444
0|188|257|445
0|189|257|446
0|189|258|447
0|190|258|448
0|190|259|449
0|191|259|450
0|191|260|451
0|192|260|452
0|192|261|453
0|193|261|454
0|193|262|455
0|194|262|456
0|194|263|457
0|195|263|458
0|195|264|459
0|196|264|460
0|196|265|461
0|197|265|462
0|197|266|463
0|198|266|464
0|198|267|465
0|199|267|466
0|199|268|467
0|200|268|468
0|200|269|469
0|201|269|470
0|201|270|471
0|202|270|472
0|202|271|473
0|203|271|474
0|203|272|475
0|204|272|476
0|204|273|477
0|205|273|478
0|205|274|479
0|206|274|480
0|206|275|481
0|207|275|482
0|207|276|483
0|208|276|484
0|208|277|485
0|209|277|486
0|209|278|487
0|210|278|488
0|210|279|489
0|211|279|490
0|211|280|491
0|212|280|492
0|212|281|493
0|213|281|494
0|213|282|495
0|214|282|496
0|214|283|497
0|215|283|498
0|215|284|499
0|216|284|500
0|216|285|501
0|217|285|502
0|217|286|503
0|218|286|504
0|218|287|505
0|219|287|506
0|219|288|507
0|220|288|508
0|220|289|509
0|221|289|510
0|221|290|511
0|222|290|512
0|222|291|513
0|223|291|514
0|223|292|515
0|223|293|516
0|223|294|517
0|223|295|518
0|223|296|519
0|223|297|520
0|223|298|521
0|223|299|522
0|223|300|523
0|223|301|524
0|223|302|525
0|223|303|526
0|223|304|527
0|223|305|528
0|223|306|529
0|223|307|530
0|223|308|531
0|223|309|532
0|223|310|533
0|223|311|534
0|223|312|535
0|223|313|536
0|223|314|537
0|223|315|538
0|223|316|539
0|223|317|540
0|223|318|541
0|223|319|542
0|223|320|543
0|223|321|544
0|223|322|545
0|223|323|546
0|223|324|547
0|223|325|548
0|223|326|549
0|223|327|550
0|223|328|551
0|224|328|552
0|224|329|553
0|225|329|554
0|225|330|555
0|226|330|556
0|226|331|557
0|227|331|558
0|227|332|559
0|228|332|560
0|228|333|561
0|229|333|562
0|229|334|563
0|230|334|564
0|230|335|565
0|231|335|566
0|231|336|567
0|232|336|568
0|232|337|569
0|233|337|570
0|233|338|571
0|234|338|572
0|234|339|573
0|235|339|574
0|235|340|575
0|236|340|576
0|236|341|577
0|237|341|578
0|237|342|579
0|238|342|580
0|238|343|581
0|239|343|582
0|239|344|583
0|240|344|584
0|240|345|585
0|241|345|586
0|241|346|587
0|242|346|588
0|242|347|589
0|243|347|590
0|243|348|591
0|244|348|592
0|244|349|593
0|245|349|594
0|245|350|595
0|246|350|596
0|246|351|597
0|247|351|598
0|247|352|599
0|248|352|600
0|248|353|601
0|249|353|602
0|249|354|603
0|250|354|604
0|250|355|605
0|251|355|606
0|251|356|607
0|252|356|608
0|252|357|609
0|253|357|610
0|253|358|611
0|254|358|612
0|254|359|613
0|255|359|614
0|255|360|615
0|256|360|616
0|256|361|617
0|257|361|618
0|257|362|619
0|258|362|620
0|258|363|621
0|259|363|622
0|259|364|623
0|260|364|624
0|260|365|625
0|261|365|626
0|261|366|627
0|262|366|628
0|262|367|629
0|263|367|630
0|263|368|631
0|264|368|632
0|264|369|633
0|265|369|634
0|265|370|635
0|266|370|636
0|266|371|637
0|267|371|638
0|267|372|639
0|268|372|640
0|268|373|641
0|269|373|642
0|269|374|643
0|270|374|644
0|270|375|645
0|271|375|646
0|271|376|647
0|272|376|648
0|272|377|649
0|273|377|650
0|273|378|651
0|274|378|652
0|274|379|653
0|275|379|654
0|275|380|655
0|276|380|656
0|276|381|657
0|277|381|658
0|277|382|659
0|277|383|660
0|277|384|661
0|277|385|662
0|277|386|663
0|277|387|664
0|277|388|665
0|277|389|666
0|277|390|667
0|277|391|668
0|277|392|669
0|277|393|670
0|277|394|671
0|277|395|672
0|277|396|673
0|277|397|674
0|277|398|675
0|277|399|676
0|277|400|677
0|277|401|678
0|277|402|679
0|277|403|680
0|277|404|681
0|277|405|682
0|277|406|683
0|277|407|684
0|277|408|685
0|277|409|686
0|277|410|687
0|277|411|688
0|277|412|689
0|277|413|690
0|277|414|691
0|277|415|692
0|277|416|693
0|277|417|694
0|277|418|695
0|278|418|696
0|278|419|697
0|279|419|698
0|279|420|699
0|280|420|700
0|280|421|701
0|281|421|702
0|281|422|703
0|282|422|704
0|282|423|705
0|283|423|706
0|283|424|707
0|284|424|708
0|284|425|709
0|285|425|710
0|285|426|711
0|286|426|712
0|286|427|713
0|287|427|714
0|287|428|715
0|288|428|716
0|288|429|717
0|289|429|718
0|289|430|719
0|290|430|720
0|290|431|721
0|291|431|722
0|291|432|723
0|292|432|724
0|292|433|725
0|293|433|726
0|293|434|727
0|294|434|728
0|294|435|729
0|295|435|730
0|295|436|731
0|296|436|732
0|296|437|733
0|297|437|734
0|297|438|735
0|298|438|736
0|298|439|737
0|299|439|738
0|299|440|739
0|300|440|740
0|300|441|741
0|301|441|742
0|301|442|743
0|302|442|744
0|302|443|745
0|303|443|746
0|303|444|747
0|303|445|748
0|303|446|749
0|304|446|750
0|304|447|751
0|305|447|752
0|305|448|753
0|306|448|754
0|306|449|755
0|306|450|756
0|306|451|757
0|307|451|758
0|307|452|759
0|308|452|760
0|308|453|761
0|309|453|762
0|309|454|763
0|310|454|764
0|310|455|765
0|311|455|766
0|311|456|767
0|311|457|768
0|311|458|769
0|312|458|770
0|312|459|771
0|313|459|772
0|313|460|773
0|314|460|774
0|314|461|775
0|314|462|776
0|314|463|777
0|315|463|778
0|315|464|779
0|315|465|780
0|315|466|781
0|316|466|782
0|316|467|783
0|317|467|784
0|317|468|785
0|317|469|786
0|317|470|787
0|317|471|788
0|317|472|789
0|318|472|790
0|318|473|791
0|319|473|792
0|319|474|793
0|319|475|794
0|319|476|795
0|319|477|796
0|319|478|797
0|320|478|798
0|320|479|799
0|320|480|800
0|320|481|801
0|321|481|802
0|321|482|803
0|322|482|804
0|322|483|805
0|323|483|806
0|323|484|807
0|324|484|808
0|324|485|809
0|324|486|810
0|324|487|811
0|324|488|812
0|324|489|813
0|325|489|814
0|325|490|815
0|326|490|816
0|326|491|817
0|327|491|818
0|327|492|819
0|327|493|820
0|327|494|821
0|327|495|822
0|327|496|823
0|327|497|824
0|327|498|825
0|327|499|826
0|327|500|827
0|328|500|828
0|328|501|829
0|328|502|830
0|328|503|831
0|329|503|832
0|329|504|833
0|330|504|834
0|330|505|835
0|331|505|836
0|331|506|837
0|331|507|838
0|331|508|839
0|332|508|840
0|332|509|841
0|333|509|842
0|333|510|843
0|334|510|844
0|334|511|845
0|335|511|846
0|335|512|847
0|336|512|848
0|336|513|849
0|337|513|850
0|337|514|851
0|338|514|852
0|338|515|853
0|339|515|854
0|339|516|855
0|340|516|856
0|340|517|857
0|341|517|858
0|341|518|859
0|342|518|860
0|342|519|861
0|343|519|862
0|343|520|863
0|344|520|864
0|344|521|865
0|345|521|866
0|345|522|867
0|346|522|868
0|346|523|869
0|347|523|870
0|347|524|871
0|348|524|872
0|348|525|873
0|349|525|874
0|349|526|875
0|350|526|876
0|350|527|877
0|351|527|878
0|351|528|879
0|352|528|880
0|352|529|881
0|353|529|882
0|353|530|883
0|354|530|884
0|354|531|885
0|355|531|886
0|355|532|887
0|356|532|888
0|356|533|889
0|357|533|890
0|357|534|891
0|358|534|892
0|358|535|893
0|359|535|894
0|359|536|895
0|360|536|896
0|360|537|897
0|361|537|898
0|361|538|899
0|362|538|900
0|362|539|901
0|363|539|902
0|363|540|903
0|364|540|904
0|364|541|905
0|365|541|906
0|365|542|907
0|366|542|908
0|366|543|909
0|367|543|910
0|367|544|911
0|368|544|912
0|368|545|913
0|369|545|914
0|369|546|915
0|370|546|916
0|370|547|917
0|371|547|918
0|371|548|919
0|372|548|920
0|372|549|921
0|373|549|922
0|373|550|923
0|374|550|924
0|374|551|925
0|374|552|926
0|374|553|927
0|375|553|928
0|375|554|929
0|376|554|930
0|376|555|931
0|377|555|932
0|377|556|933
0|377|557|934
0|377|558|935
0|378|558|936
0|378|559|937
0|379|559|938
0|379|560|939
0|379|561|940
0|379|562|941
0|380|562|942
0|380|563|943
0|381|563|944
0|381|564|945
0|381|565|946
0|381|566|947
0|382|566|948
0|382|567|949
0|383|567|950
0|383|568|951
0|384|568|952
0|384|569|953
0|385|569|954
0|385|570|955
0|386|570|956
0|386|571|957
0|387|571|958
0|387|572|959
0|388|572|960
0|388|573|961
0|389|573|962
0|389|574|963
0|390|574|964
0|390|575|965
0|391|575|966
0|391|576|967
0|392|576|968
0|392|577|969
0|393|577|970
0|393|578|971
0|394|578|972
0|394|579|973
0|395|579|974
0|395|580|975
0|396|580|976
0|396|581|977
0|397|581|978
0|397|582|979
0|398|582|980
0|398|583|981
0|399|583|982
0|399|584|983
0|400|584|984
0|400|585|985
0|401|585|986
0|401|586|987
0|402|586|988
0|402|587|989
0|403|587|990
0|403|588|991
0|404|588|992
0|404|589|993
0|405|589|994
0|405|590|995
0|406|590|996
0|406|591|997
0|407|591|998
0|407|592|999
0|408|592|1000
0|408|593|1001
0|409|593|1002
0|409|594|1003
0|410|594|1004
0|410|595|1005
0|411|595|1006
0|411|596|1007
0|412|596|1008
0|412|597|1009
0|413|597|1010
0|413|598|1011
0|414|598|1012
0|414|599|1013
0|415|599|1014
0|415|600|1015
0|416|600|1016
0|416|601|1017
0|417|601|1018
0|417|602|1019
0|418|602|1020
0|418|603|1021
0|419|603|1022
0|419|604|1023
0|420|604|1024
0|420|605|1025
0|421|605|1026
0|421|606|1027
0|422|606|1028
0|422|607|1029
0|423|607|1030
0|423|608|1031
0|424|608|1032
0|424|609|1033
0|425|609|1034
0|425|610|1035
0|426|610|1036
0|426|611|1037
0|427|611|1038
0|427|612|1039
0|428|612|1040
0|428|613|1041
0|429|613|1042
0|429|614|1043
0|430|614|1044
0|430|615|1045
0|431|615|1046
0|431|616|1047
0|432|616|1048
0|432|617|1049
0|433|617|1050
0|433|618|1051
0|434|618|1052
0|434|619|1053
0|435|619|1054
0|435|620|1055
0|436|620|1056
0|436|621|1057
0|437|621|1058
0|437|622|1059
0|438|622|1060
0|438|623|1061
0|439|623|1062
0|439|624|1063
0|440|624|1064
0|440|625|1065
0|441|625|1066
0|441|626|1067
0|442|626|1068
0|442|627|1069
0|443|627|1070
0|443|628|1071
0|444|628|1072
0|444|629|1073
0|445|629|1074
0|445|630|1075
0|446|630|1076
0|446|631|1077
0|447|631|1078
0|447|632|1079
0|448|632|1080
0|448|633|1081
0|449|633|1082
0|449|634|1083
0|450|634|1084
0|450|635|1085
0|451|635|1086
0|451|636|1087
0|452|636|1088
0|452|637|1089
0|453|637|1090
0|453|638|1091
0|454|638|1092
0|454|639|1093
0|455|639|1094
0|455|640|1095
0|456|640|1096
0|456|641|1097
0|457|641|1098
0|457|642|1099
0|458|642|1100
0|458|643|1101
0|459|643|1102
0|459|644|1103
0|460|644|1104
0|460|645|1105
0|461|645|1106
0|461|646|1107
0|462|646|1108
0|462|647|1109
0|463|647|1110
0|463|648|1111
0|464|648|1112
0|464|649|1113
0|465|649|1114
0|465|650|1115
0|466|650|1116
0|466|651|1117
0|467|651|1118
0|467|652|1119
0|468|652|1120
0|468|653|1121
0|469|653|1122
0|469|654|1123
0|470|654|1124
0|470|655|1125
0|471|655|1126
0|471|656|1127
0|472|656|1128
0|472|657|1129
0|473|657|1130
0|473|658|1131
0|474|658|1132
0|474|659|1133
0|475|659|1134
0|475|660|1135
0|476|660|1136
0|476|661|1137
0|477|661|1138
0|477|662|1139
0|478|662|1140
0|478|663|1141
0|479|663|1142
0|479|664|1143
0|480|664|1144
0|480|665|1145
0|481|665|1146
0|481|666|1147
0|482|666|1148
0|482|667|1149
0|483|667|1150
0|483|668|1151
0|484|668|1152
0|484|669|1153
0|485|669|1154
0|485|670|1155
0|486|670|1156
0|486|671|1157
0|487|671|1158
0|487|672|1159
0|488|672|1160
0|488|673|1161
0|489|673|1162
0|489|674|1163
0|490|674|1164
0|490|675|1165
0|491|675|1166
0|491|676|1167
0|492|676|1168
0|492|677|1169
0|493|677|1170
0|493|678|1171
0|494|678|1172
0|494|679|1173
0|495|679|1174
0|495|680|1175
0|496|680|1176
0|496|681|1177
0|497|681|1178
0|497|682|1179
0|498|682|1180
0|498|683|1181
0|499|683|1182
0|499|684|1183
0|500|684|1184
0|500|685|1185
0|501|685|1186
0|502|686|1188
0|503|686|1189
0|503|687|1190
0|504|687|1191
0|504|688|1192
0|505|688|1193
0|505|689|1194
0|506|689|1195
0|506|690|1196
0|507|690|1197
0|507|691|1198
0|507|692|1199
0|507|693|1200
0|507|694|1201
0|507|695|1202
0|507|696|1203
0|507|697|1204
0|507|698|1205
0|507|699|1206
0|507|700|1207
0|507|701|1208
0|507|702|1209
0|507|703|1210
0|507|704|1211
0|507|705|1212
0|507|706|1213
0|507|707|1214
0|507|708|1215
0|507|709|1216
0|507|710|1217
0|507|711|1218
0|507|712|1219
0|507|713|1220
0|507|714|1221
0|507|715|1222
0|507|716|1223
0|507|717|1224
0|507|718|1225
0|507|719|1226
0|507|720|1227
0|507|721|1228
0|507|722|1229
0|507|723|1230
0|507|724|1231
0|507|725|1232
0|507|726|1233
0|507|727|1234
0|508|727|1235
0|508|728|1236
0|509|728|1237
0|509|729|1238
0|510|729|1239
0|510|730|1240
0|511|730|1241
0|511|731|1242
0|512|731|1243
0|512|732|1244
0|513|732|1245
0|513|733|1246
0|514|733|1247
0|514|734|1248
0|515|734|1249
0|515|735|1250
0|516|735|1251
0|516|736|1252
0|517|736|1253
0|517|737|1254
0|518|737|1255
0|518|738|1256
0|519|738|1257
0|519|739|1258
0|520|739|1259
0|520|740|1260
0|521|740|1261
0|521|741|1262
0|522|741|1263
0|522|742|1264
0|523|742|1265
0|523|743|1266
0|524|743|1267
0|524|744|1268
0|525|744|1269
0|525|745|1270
0|526|745|1271
0|526|746|1272
0|527|746|1273
0|527|747|1274
0|528|747|1275
0|528|748|1276
0|529|748|1277
0|529|749|1278
0|530|749|1279
0|530|750|1280
0|531|750|1281
0|531|751|1282
0|532|751|1283
0|532|752|1284
0|533|752|1285
0|533|753|1286
0|534|753|1287
0|534|754|1288
0|535|754|1289
0|535|755|1290
0|536|755|1291
0|536|756|1292
0|537|756|1293
0|537|757|1294
0|538|757|1295
0|538|758|1296
0|539|758|1297
0|539|759|1298
0|540|759|1299
0|540|760|1300
0|541|760|1301
0|541|761|1302
0|542|761|1303
0|542|762|1304
0|543|762|1305
0|543|763|1306
0|544|763|1307
0|544|764|1308
0|545|764|1309
0|545|765|1310
0|546|765|1311
0|546|766|1312
0|547|766|1313
0|547|767|1314
0|548|767|1315
0|548|768|1316
0|549|768|1317
0|549|769|1318
0|550|769|1319
0|550|770|1320
0|551|770|1321
0|551|771|1322
0|552|771|1323
0|552|772|1324
0|553|772|1325
0|553|773|1326
0|554|773|1327
0|554|774|1328
0|555|774|1329
0|555|775|1330
0|556|775|1331
0|556|776|1332
0|557|776|1333
0|557|777|1334
0|558|777|1335
0|558|778|1336
0|559|778|1337
0|559|779|1338
0|560|779|1339
0|560|780|1340
0|561|780|1341
0|561|781|1342
0|561|782|1343
0|561|783|1344
0|561|784|1345
0|561|785|1346
0|561|786|1347
0|561|787|1348
0|561|788|1349
0|561|789|1350
0|561|790|1351
0|561|791|1352
0|561|792|1353
0|561|793|1354
0|561|794|1355
0|561|795|1356
0|561|796|1357
0|561|797|1358
0|561|798|1359
0|561|799|1360
0|561|800|1361
0|561|801|1362
0|561|802|1363
0|561|803|1364
0|561|804|1365
0|561|805|1366
0|561|806|1367
0|561|807|1368
0|561|808|1369
0|561|809|1370
0|561|810|1371
0|561|811|1372
0|561|812|1373
0|561|813|1374
0|561|814|1375
0|561|815|1376
0|561|816|1377
0|561|817|1378
0|562|817|1379
0|562|818|1380
0|563|818|1381
0|563|819|1382
0|564|819|1383
0|564|820|1384
0|565|820|1385
0|565|821|1386
0|566|821|1387
0|566|822|1388
0|567|822|1389
0|567|823|1390
0|568|823|1391
0|568|824|1392
0|569|824|1393
0|569|825|1394
0|570|825|1395
0|570|826|1396
0|571|826|1397
0|571|827|1398
0|572|827|1399
0|572|828|1400
0|573|828|1401
0|573|829|1402
0|574|829|1403
0|574|830|1404
0|575|830|1405
0|575|831|1406
0|576|831|1407
0|576|832|1408
0|577|832|1409
0|577|833|1410
0|578|833|1411
0|578|834|1412
0|579|834|1413
0|579|835|1414
0|580|835|1415
0|580|836|1416
0|581|836|1417
0|581|837|1418
0|582|837|1419
0|582|838|1420
0|583|838|1421
0|583|839|1422
0|584|839|1423
0|584|840|1424
0|585|840|1425
0|585|841|1426
0|586|841|1427
0|586|842|1428
0|587|842|1429
0|587|843|1430
0|587|844|1431
0|587|845|1432
0|588|845|1433
0|588|846|1434
0|589|846|1435
0|589|847|1436
0|590|847|1437
0|590|848|1438
0|590|849|1439
0|590|850|1440
0|591|850|1441
0|591|851|1442
0|592|851|1443
0|592|852|1444
0|593|852|1445
0|593|853|1446
0|594|853|1447
0|594|854|1448
0|595|854|1449
0|595|855|1450
0|595|856|1451
0|595|857|1452
0|595|858|1453
0|595|859|1454
0|596|859|1455
0|596|860|1456
0|596|861|1457
0|596|862|1458
0|597|862|1459
0|597|863|1460
0|598|863|1461
0|598|864|1462
0|598|865|1463
0|598|866|1464
0|599|866|1465
0|599|867|1466
0|600|867|1467
0|600|868|1468
0|600|869|1469
0|600|870|1470
0|600|871|1471
0|600|872|1472
0|600|873|1473
0|600|874|1474
0|600|875|1475
0|600|876|1476
0|601|876|1477
0|601|877|1478
0|601|878|1479
0|601|879|1480
0|602|879|1481
0|602|880|1482
0|603|880|1483
0|603|881|1484
0|604|881|1485
0|604|882|1486
0|605|882|1487
0|605|883|1488
0|606|883|1489
0|606|884|1490
0|606|885|1491
0|606|886|1492
0|607|886|1493
0|607|887|1494
0|608|887|1495
0|608|888|1496
0|608|889|1497
0|608|890|1498
0|609|890|1499
0|609|891|1500
0|610|891|1501
0|610|892|1502
0|611|892|1503
0|611|893|1504
0|611|894|1505
0|611|895|1506
0|611|896|1507
0|611|897|1508
0|612|897|1509
0|612|898|1510
0|612|899|1511
0|612|900|1512
0|613|900|1513
0|613|901|1514
0|614|901|1515
0|614|902|1516
0|615|902|1517
0|615|903|1518
0|616|903|1519
0|616|904|1520
0|617|904|1521
0|617|905|1522
0|618|905|1523
0|618|906|1524
0|619|906|1525
0|619|907|1526
0|620|907|1527
0|620|908|1528
0|621|908|1529
0|621|909|1530
0|622|909|1531
0|622|910|1532
0|623|910|1533
0|623|911|1534
0|624|911|1535
0|624|912|1536
0|625|912|1537
0|625|913|1538
0|626|913|1539
0|626|914|1540
0|627|914|1541
0|627|915|1542
0|628|915|1543
0|628|916|1544
0|629|916|1545
0|629|917|1546
0|630|917|1547
0|630|918|1548
0|631|918|1549
0|631|919|1550
0|632|919|1551
0|632|920|1552
0|633|920|1553
0|633|921|1554
0|634|921|1555
0|634|922|1556
0|635|922|1557
0|635|923|1558
0|636|923|1559
0|636|924|1560
0|637|924|1561
0|637|925|1562
0|638|925|1563
0|638|926|1564
0|639|926|1565
0|639|927|1566
0|640|927|1567
0|640|928|1568
0|641|928|1569
0|641|929|1570
0|642|929|1571
0|642|930|1572
0|643|930|1573
0|643|931|1574
0|644|931|1575
0|644|932|1576
0|645|932|1577
0|645|933|1578
0|646|933|1579
0|646|934|1580
0|647|934|1581
0|647|935|1582
0|648|935|1583
0|648|936|1584
0|649|936|1585
0|649|937|1586
0|650|937|1587
0|650|938|1588
0|651|938|1589
0|651|939|1590
0|652|939|1591
0|652|940|1592
0|653|940|1593
0|653|941|1594
0|654|941|1595
0|654|942|1596
0|655|942|1597
0|655|943|1598
0|656|943|1599
0|656|944|1600
0|657|944|1601
0|657|945|1602
0|658|945|1603
0|658|946|1604
0|659|946|1605
0|659|947|1606
0|660|947|1607
0|660|948|1608
0|660|949|1609
0|660|950|1610
0|661|950|1611
0|661|951|1612
0|662|951|1613
0|662|952|1614
0|663|952|1615
0|663|953|1616
0|663|954|1617
0|663|955|1618
0|664|955|1619
0|664|956|1620
0|665|956|1621
0|665|957|1622
0|666|957|1623
0|666|958|1624
0|666|959|1625
0|666|960|1626
0|666|961|1627
0|666|962|1628
0|667|962|1629
0|667|963|1630
0|668|963|1631
0|668|964|1632
0|669|964|1633
0|669|965|1634
0|670|965|1635
0|670|966|1636
0|671|966|1637
0|671|967|1638
0|672|967|1639
0|672|968|1640
0|673|968|1641
0|673|969|1642
0|674|969|1643
0|674|970|1644
0|675|970|1645
0|675|971|1646
0|676|971|1647
0|676|972|1648
0|677|972|1649
0|677|973|1650
0|678|973|1651
0|678|974|1652
0|679|974|1653
0|679|975|1654
0|680|975|1655
0|680|976|1656
0|681|976|1657
0|681|977|1658
0|682|977|1659
0|682|978|1660
0|683|978|1661
0|683|979|1662
0|684|979|1663
0|684|980|1664
0|685|980|1665
0|685|981|1666
0|686|981|1667
0|686|982|1668
0|687|982|1669
0|687|983|1670
0|688|983|1671
0|688|984|1672
0|689|984|1673
0|689|985|1674
0|690|985|1675
0|690|986|1676
0|691|986|1677
0|691|987|1678
0|692|987|1679
0|692|988|1680
0|693|988|1681
0|693|989|1682
0|694|989|1683
0|694|990|1684
0|695|990|1685
0|695|991|1686
0|696|991|1687
0|696|992|1688
0|697|992|1689
0|697|993|1690
0|698|993|1691
0|698|994|1692
0|699|994|1693
0|699|995|1694
0|700|995|1695
0|700|996|1696
0|701|996|1697
0|701|997|1698
0|702|997|1699
0|702|998|1700
0|703|998|1701
0|703|999|1702
0|704|999|1703
0|704|1000|1704
0|705|1000|1705
0|705|1001|1706
0|706|1001|1707
0|706|1002|1708
0|707|1002|1709
0|707|1003|1710
0|708|1003|1711
0|708|1004|1712
0|709|1004|1713
0|709|1005|1714
0|710|1005|1715
0|710|1006|1716
0|711|1006|1717
0|711|1007|1718
0|712|1007|1719
0|712|1008|1720
0|713|1008|1721
0|713|1009|1722
0|714|1009|1723
0|714|1010|1724
0|715|1010|1725
0|715|1011|1726
0|716|1011|1727
0|716|1012|1728
0|717|1012|1729
0|717|1013|1730
0|718|1013|1731
0|718|1014|1732
0|719|1014|1733
0|719|1015|1734
0|720|1015|1735
0|720|1016|1736
0|721|1016|1737
0|721|1017|1738
0|722|1017|1739
0|722|1018|1740
0|723|1018|1741
0|723|1019|1742
0|724|1019|1743
0|724|1020|1744
0|725|1020|1745
0|725|1021|1746
0|726|1021|1747
0|726|1022|1748
0|727|1022|1749
0|727|1023|1750
0|728|1023|1751
0|728|1024|1752
0|729|1024|1753
0|729|1025|1754
0|730|1025|1755
0|730|1026|1756
0|731|1026|1757
0|731|1027|1758
0|732|1027|1759
0|732|1028|1760
0|733|1028|1761
0|733|1029|1762
0|734|1029|1763
0|734|1030|1764
0|735|1030|1765
0|735|1031|1766
0|736|1031|1767
0|736|1032|1768
0|737|1032|1769
0|737|1033|1770
0|738|1033|1771
0|738|1034|1772
0|739|1034|1773
0|739|1035|1774
0|740|1035|1775
0|740|1036|1776
0|741|1036|1777
0|741|1037|1778
0|742|1037|1779
0|742|1038|1780
0|743|1038|1781
0|743|1039|1782
0|744|1039|1783
0|744|1040|1784
0|745|1040|1785
0|745|1041|1786
0|746|1041|1787
0|746|1042|1788
0|747|1042|1789
0|747|1043|1790
0|748|1043|1791
0|748|1044|1792
0|749|1044|1793
0|749|1045|1794
0|750|1045|1795
0|750|1046|1796
0|751|1046|1797
0|751|1047|1798
0|752|1047|1799
0|752|1048|1800
0|753|1048|1801
0|753|1049|1802
0|754|1049|1803
0|754|1050|1804
0|755|1050|1805
0|755|1051|1806
0|756|1051|1807
0|756|1052|1808
0|757|1052|1809
0|757|1053|1810
0|758|1053|1811
0|758|1054|1812
0|759|1054|1813
0|759|1055|1814
0|760|1055|1815
0|760|1056|1816
0|761|1056|1817
0|761|1057|1818
0|762|1057|1819
0|762|1058|1820
0|763|1058|1821
0|763|1059|1822
0|764|1059|1823
0|764|1060|1824
0|765|1060|1825
0|765|1061|1826
0|766|1061|1827
0|766|1062|1828
0|767|1062|1829
0|767|1063|1830
0|768|1063|1831
0|768|1064|1832
0|769|1064|1833
0|769|1065|1834
0|770|1065|1835
0|770|1066|1836
0|771|1066|1837
0|771|1067|1838
0|772|1067|1839
0|772|1068|1840
0|773|1068|1841
0|773|1069|1842
0|774|1069|1843
0|774|1070|1844
0|775|1070|1845
0|775|1071|1846
0|776|1071|1847
0|776|1072|1848
0|777|1072|1849
0|777|1073|1850
0|778|1073|1851
0|778|1074|1852
0|779|1074|1853
0|779|1075|1854
0|780|1075|1855
0|780|1076|1856
0|781|1076|1857
0|781|1077|1858
0|782|1077|1859
0|782|1078|1860
0|783|1078|1861
0|783|1079|1862
0|784|1079|1863
0|784|1080|1864
0|785|1080|1865
0|785|1081|1866
0|786|1081|1867
0|786|1082|1868
0|787|1082|1869
0|787|1083|1870
0|788|1083|1871
0|788|1084|1872
0|789|1084|1873
0|789|1085|1874
0|790|1085|1875
0|790|1086|1876
0|791|1086|1877
0|791|1087|1878
0|792|1087|1879
0|792|1088|1880
0|793|1088|1881
0|793|1089|1882
0|793|1090|1883
0|793|1091|1884
0|793|1092|1885
0|793|1093|1886
0|793|1094|1887
0|793|1095|1888
0|793|1096|1889
0|793|1097|1890
0|793|1098|1891
0|793|1099|1892
0|793|1100|1893
0|793|1101|1894
0|793|1102|1895
0|793|1103|1896
0|793|1104|1897
0|793|1105|1898
0|793|1106|1899
0|793|1107|1900
0|793|1108|1901
0|793|1109|1902
0|793|1110|1903
0|793|1111|1904
0|793|1112|1905
0|793|1113|1906
0|793|1114|1907
0|793|1115|1908
0|793|1116|1909
0|793|1117|1910
0|793|1118|1911
0|793|1119|1912
0|793|1120|1913
0|793|1121|1914
0|793|1122|1915
0|793|1123|1916
0|793|1124|1917
0|793|1125|1918
0|794|1125|1919
0|794|1126|1920
0|795|1126|1921
0|795|1127|1922
0|796|1127|1923
0|796|1128|1924
0|797|1128|1925
0|797|1129|1926
0|798|1129|1927
0|798|1130|1928
0|799|1130|1929
0|799|1131|1930
0|800|1131|1931
0|800|1132|1932
0|801|1132|1933
0|801|1133|1934
0|802|1133|1935
0|802|1134|1936
0|803|1134|1937
0|803|1135|1938
0|804|1135|1939
0|804|1136|1940
0|805|1136|1941
0|805|1137|1942
0|806|1137|1943
0|806|1138|1944
0|807|1138|1945
0|807|1139|1946
0|808|1139|1947
0|808|1140|1948
0|809|1140|1949
0|809|1141|1950
0|810|1141|1951
0|810|1142|1952
0|811|1142|1953
0|811|1143|1954
0|812|1143|1955
0|812|1144|1956
0|813|1144|1957
0|813|1145|1958
0|814|1145|1959
0|814|1146|1960
0|815|1146|1961
0|815|1147|1962
0|816|1147|1963
0|816|1148|1964
0|817|1148|1965
0|817|1149|1966
0|818|1149|1967
0|818|1150|1968
0|819|1150|1969
0|819|1151|1970
0|820|1151|1971
0|820|1152|1972
0|821|1152|1973
0|821|1153|1974
0|822|1153|1975
0|822|1154|1976
0|823|1154|1977
0|823|1155|1978
0|824|1155|1979
0|824|1156|1980
0|825|1156|1981
0|825|1157|1982
0|826|1157|1983
0|826|1158|1984
0|827|1158|1985
0|827|1159|1986
0|828|1159|1987
0|828|1160|1988
0|829|1160|1989
0|829|1161|1990
0|830|1161|1991
0|830|1162|1992
0|831|1162|1993
0|831|1163|1994
0|832|1163|1995
0|832|1164|1996
0|833|1164|1997
0|833|1165|1998
0|834|1165|1999
0|834|1166|2000
