total
0|0|1|1
0|1|1|2
0|1|2|3
0|2|2|4
0|2|3|5
0|3|3|6
0|3|4|7
0|4|4|8
0|4|5|9
0|5|5|10
0|5|6|11
0|6|6|12
0|6|7|13
0|7|7|14
0|7|8|15
0|8|8|16
0|8|9|17
0|9|9|18
0|9|10|19
0|10|10|20
0|10|11|21
0|11|11|22
0|11|12|23
0|12|12|24
0|12|13|25
0|13|13|26
0|13|14|27
0|14|14|28
0|14|15|29
0|15|15|30
0|15|16|31
0|16|16|32
0|16|17|33
0|17|17|34
0|17|18|35
0|18|18|36
0|18|19|37
0|19|19|38
0|19|20|39
0|20|20|40
0|20|21|41
0|21|21|42
0|21|22|43
0|22|22|44
0|22|23|45
0|23|23|46
0|23|24|47
0|24|24|48
0|24|25|49
0|25|25|50
0|25|26|51
0|26|26|52
0|26|27|53
0|27|27|54
0|27|28|55
0|28|28|56
0|28|29|57
0|29|29|58
0|29|30|59
0|30|30|60
0|30|31|61
0|31|31|62
0|31|32|63
0|32|32|64
0|32|33|65
0|33|33|66
0|33|34|67
0|34|34|68
0|34|35|69
0|35|35|70
0|35|36|71
0|36|36|72
0|36|37|73
0|37|37|74
0|37|38|75
0|38|38|76
0|38|39|77
0|39|39|78
0|39|40|79
0|40|40|80
0|40|41|81
0|41|41|82
0|41|42|83
0|42|42|84
0|42|43|85
0|43|43|86
0|43|44|87
0|44|44|88
0|44|45|89
0|45|45|90
0|45|46|91
0|46|46|92
0|46|47|93
0|47|47|94
0|47|48|95
0|48|48|96
0|48|49|97
0|49|49|98
0|49|50|99
0|50|50|100
0|50|51|101
0|51|51|102
0|51|52|103
0|52|52|104
0|52|53|105
0|53|53|106
0|53|54|107
0|54|54|108
0|54|55|109
0|55|55|110
0|55|56|111
0|56|56|112
0|56|57|113
0|57|57|114
0|57|58|115
0|58|58|116
0|58|59|117
0|59|59|118
0|59|60|119
0|60|60|120
0|60|61|121
0|61|61|122
0|61|62|123
0|62|62|124
0|62|63|125
0|63|63|126
0|63|64|127
0|64|64|128
0|64|65|129
0|65|65|130
0|65|66|131
0|66|66|132
0|66|67|133
0|67|67|134
0|67|68|135
0|68|68|136
0|68|69|137
0|69|69|138
0|69|70|139
0|70|70|140
0|70|71|141
0|71|71|142
0|71|72|143
0|72|72|144
0|72|73|145
0|73|73|146
0|73|74|147
0|74|74|148
0|74|75|149
0|75|75|150
0|75|76|151
0|76|76|152
0|76|77|153
0|77|77|154
0|77|78|155
0|78|78|156
0|78|79|157
0|79|79|158
0|79|80|159
0|80|80|160
0|80|81|161
0|81|81|162
0|81|82|163
0|82|82|164
0|82|83|165
0|83|83|166
0|83|84|167
0|84|84|168
0|84|85|169
0|85|85|170
0|85|86|171
0|86|86|172
0|86|87|173
0|87|87|174
0|87|88|175
0|88|88|176
0|88|89|177
0|89|89|178
0|89|90|179
0|90|90|180
0|90|91|181
0|91|91|182
0|91|92|183
0|92|92|184
0|92|93|185
0|93|93|186
0|93|94|187
0|94|94|188
0|94|95|189
0|95|95|190
0|95|96|191
0|96|96|192
0|96|97|193
0|97|97|194
0|97|98|195
0|98|98|196
0|98|99|197
0|99|99|198
0|99|100|199
0|100|100|200
0|100|101|201
0|101|101|202
0|101|102|203
0|102|102|204
0|102|103|205
0|103|103|206
0|103|104|207
0|104|104|208
0|104|105|209
0|105|105|210
0|105|106|211
0|106|106|212
0|106|107|213
0|107|107|214
0|107|108|215
0|108|108|216
0|108|109|217
0|109|109|218
0|109|110|219
0|110|110|220
0|110|111|221
0|111|111|222
0|111|112|223
0|112|112|224
0|112|113|225
0|113|113|226
0|113|114|227
0|114|114|228
0|114|115|229
0|115|115|230
0|115|116|231
0|116|116|232
0|116|117|233
0|117|117|234
0|117|118|235
0|118|118|236
0|118|119|237
0|119|119|238
0|119|120|239
0|120|120|240
0|120|121|241
0|121|121|242
0|121|122|243
0|122|122|244
0|122|123|245
0|123|123|246
0|123|124|247
0|124|124|248
0|124|125|249
0|125|125|250
0|125|126|251
0|126|126|252
0|126|127|253
0|127|127|254
0|127|128|255
0|128|128|256
0|128|129|257
0|129|129|258
0|129|130|259
0|130|130|260
0|130|131|261
0|131|131|262
0|131|132|263
0|132|132|264
0|132|133|265
0|133|133|266
0|133|134|267
0|134|134|268
0|134|135|269
0|135|135|270
0|135|136|271
0|136|136|272
0|136|137|273
0|137|137|274
0|137|138|275
0|138|138|276
0|138|139|277
0|139|139|278
0|139|140|279
0|140|140|280
0|140|141|281
0|141|141|282
0|141|142|283
0|142|142|284
0|142|143|285
0|143|143|286
0|143|144|287
0|144|144|288
0|144|145|289
0|145|145|290
0|145|146|291
0|146|146|292
0|146|147|293
0|147|147|294
0|147|148|295
0|148|148|296
0|148|149|297
0|149|149|298
0|149|150|299
0|150|150|300
0|150|151|301
0|151|151|302
0|151|152|303
0|152|152|304
0|152|153|305
0|153|153|306
0|153|154|307
0|154|154|308
0|154|155|309
0|155|155|310
0|155|156|311
0|156|156|312
0|156|157|313
0|157|157|314
0|157|158|315
0|158|158|316
0|158|159|317
0|159|159|318
0|159|160|319
0|160|160|320
0|160|161|321
0|161|161|322
0|161|162|323
0|162|162|324
0|162|163|325
0|163|163|326
0|163|164|327
0|164|164|328
0|164|165|329
0|165|165|330
0|165|166|331
0|166|166|332
0|166|167|333
0|167|167|334
0|167|168|335
0|168|168|336
0|168|169|337
0|169|169|338
0|169|170|339
0|170|170|340
0|170|171|341
0|171|171|342
0|171|172|343
0|172|172|344
0|172|173|345
0|173|173|346
0|173|174|347
0|174|174|348
0|174|175|349
0|175|175|350
0|175|176|351
0|176|176|352
0|176|177|353
0|177|177|354
0|177|178|355
0|178|178|356
0|178|179|357
0|179|179|358
0|179|180|359
0|180|180|360
0|180|181|361
0|181|181|362
0|181|182|363
0|182|182|364
0|182|183|365
0|183|183|366
0|183|184|367
0|184|184|368
0|184|185|369
0|185|185|370
0|185|186|371
0|186|186|372
0|186|187|373
0|187|187|374
0|187|188|375
0|188|188|376
0|188|189|377
0|189|189|378
0|189|190|379
0|190|190|380
0|190|191|381
0|191|191|382
0|191|192|383
0|192|192|384
0|192|193|385
0|193|193|386
0|193|194|387
0|194|194|388
0|194|195|389
0|195|195|390
0|195|196|391
0|196|196|392
0|196|197|393
0|197|197|394
0|197|198|395
0|198|198|396
0|198|199|397
0|199|199|398
0|199|200|399
0|200|200|400
0|200|201|401
0|201|201|402
0|201|202|403
0|202|202|404
0|202|203|405
0|203|203|406
0|203|204|407
0|204|204|408
0|204|205|409
0|205|205|410
0|205|206|411
0|206|206|412
0|206|207|413
0|207|207|414
0|207|208|415
0|208|208|416
0|208|209|417
0|209|209|418
0|209|210|419
0|210|210|420
0|210|211|421
0|211|211|422
0|211|212|423
0|212|212|424
0|212|213|425
0|213|213|426
0|213|214|427
0|214|214|428
0|214|215|429
0|215|215|430
0|215|216|431
0|216|216|432
0|216|217|433
0|217|217|434
0|217|218|435
0|218|218|436
0|218|219|437
0|219|219|438
0|219|220|439
0|220|220|440
0|220|221|441
0|221|221|442
0|221|222|443
0|222|222|444
0|222|223|445
0|223|223|446
0|223|224|447
0|224|224|448
0|224|225|449
0|225|225|450
0|225|226|451
0|226|226|452
0|226|227|453
0|227|227|454
0|227|228|455
0|228|228|456
0|228|229|457
0|229|229|458
0|229|230|459
0|230|230|460
0|230|231|461
0|231|231|462
0|231|232|463
0|232|232|464
0|232|233|465
0|233|233|466
0|233|234|467
0|234|234|468
0|234|235|469
0|235|235|470
0|235|236|471
0|236|236|472
0|236|237|473
0|237|237|474
0|237|238|475
0|238|238|476
0|238|239|477
0|239|239|478
0|239|240|479
0|240|240|480
0|240|241|481
0|241|241|482
0|241|242|483
0|242|242|484
0|242|243|485
0|243|243|486
0|243|244|487
0|244|244|488
0|244|245|489
0|245|245|490
0|245|246|491
0|246|246|492
0|246|247|493
0|247|247|494
0|247|248|495
0|248|248|496
0|248|249|497
0|249|249|498
0|249|250|499
0|250|250|500
0|250|251|501
0|251|251|502
0|251|252|503
0|252|252|504
0|252|253|505
0|253|253|506
0|253|254|507
0|254|254|508
0|254|255|509
0|255|255|510
0|255|256|511
0|256|256|512
0|256|257|513
0|257|257|514
0|258|257|515
0|259|257|516
0|259|258|517
0|260|258|518
0|260|259|519
0|261|259|520
0|261|260|521
0|262|260|522
0|262|261|523
0|263|261|524
0|263|262|525
0|264|262|526
0|264|263|527
0|265|263|528
0|265|264|529
0|266|264|530
0|266|265|531
0|267|265|532
0|267|266|533
0|268|266|534
0|268|267|535
0|269|267|536
0|269|268|537
0|270|268|538
0|270|269|539
0|271|269|540
0|271|270|541
0|272|270|542
0|272|271|543
0|273|271|544
0|273|272|545
0|274|272|546
0|275|272|547
0|276|272|548
0|276|273|549
0|277|273|550
0|277|274|551
0|278|274|552
0|278|275|553
0|279|275|554
0|279|276|555
0|280|276|556
0|280|277|557
0|281|277|558
0|281|278|559
0|282|278|560
0|282|279|561
0|283|279|562
0|283|280|563
0|284|280|564
0|284|281|565
0|285|281|566
0|285|282|567
0|286|282|568
0|286|283|569
0|287|283|570
0|287|284|571
0|288|284|572
0|288|285|573
0|289|285|574
0|289|286|575
0|290|286|576
0|290|287|577
0|291|287|578
0|291|288|579
0|292|288|580
0|292|289|581
0|293|289|582
0|293|290|583
0|294|290|584
0|294|291|585
0|295|291|586
0|295|292|587
0|296|292|588
0|296|293|589
0|297|293|590
0|297|294|591
0|298|294|592
0|298|295|593
0|299|295|594
0|299|296|595
0|300|296|596
0|300|297|597
0|301|297|598
0|301|298|599
0|302|298|600
0|302|299|601
0|303|299|602
0|303|300|603
0|304|300|604
0|304|301|605
0|305|301|606
0|305|302|607
0|306|302|608
0|306|303|609
0|307|303|610
0|307|304|611
0|308|304|612
0|308|305|613
0|309|305|614
0|309|306|615
0|310|306|616
0|310|307|617
0|311|307|618
0|311|308|619
0|312|308|620
0|312|309|621
0|313|309|622
0|313|310|623
0|314|310|624
0|314|311|625
0|315|311|626
0|315|312|627
0|316|312|628
0|316|313|629
0|317|313|630
0|317|314|631
0|318|314|632
0|318|315|633
0|319|315|634
0|319|316|635
0|320|316|636
0|320|317|637
0|321|317|638
0|321|318|639
0|322|318|640
0|322|319|641
0|323|319|642
0|323|320|643
0|324|320|644
0|324|321|645
0|325|321|646
0|325|322|647
0|326|322|648
0|326|323|649
0|327|323|650
0|327|324|651
0|328|324|652
0|328|325|653
0|329|325|654
0|329|326|655
0|330|326|656
0|330|327|657
0|331|327|658
0|331|328|659
0|332|328|660
0|332|329|661
0|333|329|662
0|333|330|663
0|334|330|664
0|334|331|665
0|335|331|666
0|335|332|667
0|336|332|668
0|336|333|669
0|337|333|670
0|337|334|671
0|338|334|672
0|338|335|673
0|339|335|674
0|339|336|675
0|340|336|676
0|340|337|677
0|341|337|678
0|341|338|679
0|342|338|680
0|342|339|681
0|343|339|682
0|343|340|683
0|344|340|684
0|344|341|685
0|345|341|686
0|345|342|687
0|346|342|688
0|346|343|689
0|347|343|690
0|347|344|691
0|348|344|692
0|348|345|693
0|349|345|694
0|349|346|695
0|350|346|696
0|350|347|697
0|351|347|698
0|351|348|699
0|352|348|700
0|352|349|701
0|353|349|702
0|353|350|703
0|354|350|704
0|354|351|705
0|355|351|706
0|355|352|707
0|356|352|708
0|356|353|709
0|357|353|710
0|357|354|711
0|358|354|712
0|358|355|713
0|359|355|714
0|359|356|715
0|360|356|716
0|360|357|717
0|361|357|718
0|361|358|719
0|362|358|720
0|362|359|721
0|363|359|722
0|363|360|723
0|364|360|724
0|364|361|725
0|365|361|726
0|365|362|727
0|366|362|728
0|366|363|729
0|367|363|730
0|367|364|731
0|368|364|732
0|368|365|733
0|369|365|734
0|369|366|735
0|370|366|736
0|370|367|737
0|371|367|738
0|371|368|739
0|372|368|740
0|372|369|741
0|373|369|742
0|373|370|743
0|374|370|744
0|374|371|745
0|375|371|746
0|375|372|747
0|376|372|748
0|376|373|749
0|377|373|750
0|377|374|751
0|378|374|752
0|378|375|753
0|379|375|754
0|379|376|755
0|380|376|756
0|380|377|757
0|381|377|758
0|381|378|759
0|382|378|760
0|382|379|761
0|383|379|762
0|383|380|763
0|384|380|764
0|384|381|765
0|385|381|766
0|385|382|767
0|386|382|768
0|386|383|769
0|387|383|770
0|387|384|771
0|388|384|772
0|388|385|773
0|389|385|774
0|389|386|775
0|390|386|776
0|390|387|777
0|391|387|778
0|391|388|779
0|392|388|780
0|392|389|781
0|393|389|782
0|393|390|783
0|394|390|784
0|394|391|785
0|395|391|786
0|395|392|787
0|396|392|788
0|396|393|789
0|397|393|790
0|397|394|791
0|398|394|792
0|398|395|793
0|399|395|794
0|399|396|795
0|400|396|796
0|400|397|797
0|401|397|798
0|401|398|799
0|402|398|800
0|402|399|801
0|403|399|802
0|403|400|803
0|404|400|804
0|404|401|805
0|405|401|806
0|405|402|807
0|406|402|808
0|406|403|809
0|407|403|810
0|407|404|811
0|408|404|812
0|408|405|813
0|409|405|814
0|409|406|815
0|410|406|816
0|410|407|817
0|411|407|818
0|411|408|819
0|412|408|820
0|412|409|821
0|413|409|822
0|413|410|823
0|414|410|824
0|414|411|825
0|415|411|826
0|415|412|827
0|416|412|828
0|416|413|829
0|417|413|830
0|417|414|831
0|418|414|832
0|418|415|833
0|419|415|834
0|419|416|835
0|420|416|836
0|420|417|837
0|421|417|838
0|421|418|839
0|422|418|840
0|422|419|841
0|423|419|842
0|423|420|843
0|424|420|844
0|424|421|845
0|425|421|846
0|425|422|847
0|426|422|848
0|426|423|849
0|427|423|850
0|427|424|851
0|428|424|852
0|428|425|853
0|429|425|854
0|429|426|855
0|430|426|856
0|430|427|857
0|431|427|858
0|431|428|859
0|432|428|860
0|432|429|861
0|433|429|862
0|433|430|863
0|434|430|864
0|434|431|865
0|435|431|866
0|435|432|867
0|436|432|868
0|436|433|869
0|437|433|870
0|437|434|871
0|438|434|872
0|438|435|873
0|439|435|874
0|439|436|875
0|440|436|876
0|440|437|877
0|441|437|878
0|441|438|879
0|442|438|880
0|442|439|881
0|443|439|882
0|443|440|883
0|444|440|884
0|444|441|885
0|445|441|886
0|445|442|887
0|446|442|888
0|446|443|889
0|447|443|890
0|447|444|891
0|448|444|892
0|448|445|893
0|449|445|894
0|449|446|895
0|450|446|896
0|450|447|897
0|451|447|898
0|451|448|899
0|452|448|900
0|452|449|901
0|453|449|902
0|453|450|903
0|454|450|904
0|454|451|905
0|455|451|906
0|455|452|907
0|456|452|908
0|456|453|909
0|457|453|910
0|457|454|911
0|458|454|912
0|458|455|913
0|459|455|914
0|459|456|915
0|460|456|916
0|460|457|917
0|461|457|918
0|461|458|919
0|462|458|920
0|462|459|921
0|463|459|922
0|463|460|923
0|464|460|924
0|464|461|925
0|465|461|926
0|465|462|927
0|466|462|928
0|466|463|929
0|467|463|930
0|467|464|931
0|468|464|932
0|468|465|933
0|469|465|934
0|469|466|935
0|470|466|936
0|470|467|937
0|471|467|938
0|471|468|939
0|472|468|940
0|472|469|941
0|473|469|942
0|473|470|943
0|474|470|944
0|474|471|945
0|475|471|946
0|475|472|947
0|476|472|948
0|476|473|949
0|477|473|950
0|477|474|951
0|478|474|952
0|478|475|953
0|479|475|954
0|479|476|955
0|480|476|956
0|480|477|957
0|481|477|958
0|481|478|959
0|482|478|960
0|482|479|961
0|483|479|962
0|483|480|963
0|484|480|964
0|484|481|965
0|485|481|966
0|485|482|967
0|486|482|968
0|486|483|969
0|487|483|970
0|487|484|971
0|488|484|972
0|488|485|973
0|489|485|974
0|489|486|975
0|490|486|976
0|490|487|977
0|491|487|978
0|491|488|979
0|492|488|980
0|492|489|981
0|493|489|982
0|493|490|983
0|494|490|984
0|494|491|985
0|495|491|986
0|495|492|987
0|496|492|988
0|496|493|989
0|497|493|990
0|497|494|991
0|498|494|992
0|498|495|993
0|499|495|994
0|499|496|995
0|500|496|996
0|500|497|997
0|501|497|998
0|501|498|999
0|502|498|1000
0|502|499|1001
0|503|499|1002
0|503|500|1003
0|504|500|1004
0|504|501|1005
0|505|501|1006
0|505|502|1007
0|506|502|1008
0|506|503|1009
0|507|503|1010
0|507|504|1011
0|508|504|1012
0|508|505|1013
0|509|505|1014
0|509|506|1015
0|510|506|1016
0|510|507|1017
0|511|507|1018
0|511|508|1019
0|512|508|1020
0|512|509|1021
0|513|509|1022
0|513|510|1023
0|514|510|1024
0|514|511|1025
0|515|511|1026
0|515|512|1027
0|516|512|1028
0|516|513|1029
0|517|513|1030
0|517|514|1031
0|518|514|1032
0|518|515|1033
0|519|515|1034
0|519|516|1035
0|520|516|1036
0|520|517|1037
0|521|517|1038
0|521|518|1039
0|522|518|1040
0|522|519|1041
0|523|519|1042
0|523|520|1043
0|524|520|1044
0|524|521|1045
0|525|521|1046
0|525|522|1047
0|526|522|1048
0|526|523|1049
0|527|523|1050
0|527|524|1051
0|528|524|1052
0|528|525|1053
0|529|525|1054
0|529|526|1055
0|530|526|1056
0|530|527|1057
0|531|527|1058
0|531|528|1059
0|532|528|1060
0|532|529|1061
0|533|529|1062
0|533|530|1063
0|534|530|1064
0|534|531|1065
0|535|531|1066
0|535|532|1067
0|536|532|1068
0|536|533|1069
0|537|533|1070
0|537|534|1071
0|538|534|1072
0|538|535|1073
0|539|535|1074
0|539|536|1075
0|540|536|1076
0|540|537|1077
0|541|537|1078
0|541|538|1079
0|542|538|1080
0|542|539|1081
0|543|539|1082
0|543|540|1083
0|544|540|1084
0|544|541|1085
0|545|541|1086
0|545|542|1087
0|546|542|1088
0|546|543|1089
0|547|543|1090
0|547|544|1091
0|548|544|1092
0|548|545|1093
0|549|545|1094
0|549|546|1095
0|550|546|1096
0|550|547|1097
0|551|547|1098
0|551|548|1099
0|552|548|1100
0|552|549|1101
0|553|549|1102
0|553|550|1103
0|554|550|1104
0|554|551|1105
0|555|551|1106
0|555|552|1107
0|556|552|1108
0|556|553|1109
0|557|553|1110
0|557|554|1111
0|558|554|1112
0|558|555|1113
0|559|555|1114
0|559|556|1115
0|560|556|1116
0|560|557|1117
0|561|557|1118
0|561|558|1119
0|562|558|1120
0|562|559|1121
0|563|559|1122
0|563|560|1123
0|564|560|1124
0|564|561|1125
0|565|561|1126
0|565|562|1127
0|566|562|1128
0|566|563|1129
0|567|563|1130
0|567|564|1131
0|568|564|1132
0|568|565|1133
0|569|565|1134
0|569|566|1135
0|570|566|1136
0|570|567|1137
0|571|567|1138
0|571|568|1139
0|572|568|1140
0|572|569|1141
0|573|569|1142
0|573|570|1143
0|574|570|1144
0|574|571|1145
0|575|571|1146
0|575|572|1147
0|576|572|1148
0|576|573|1149
0|577|573|1150
0|577|574|1151
0|578|574|1152
0|578|575|1153
0|579|575|1154
0|579|576|1155
0|580|576|1156
0|580|577|1157
0|581|577|1158
0|581|578|1159
0|582|578|1160
0|582|579|1161
0|583|579|1162
0|583|580|1163
0|584|580|1164
0|584|581|1165
0|585|581|1166
0|585|582|1167
0|586|582|1168
0|586|583|1169
0|587|583|1170
0|587|584|1171
0|588|584|1172
0|588|585|1173
0|589|585|1174
0|589|586|1175
0|590|586|1176
0|590|587|1177
0|591|587|1178
0|591|588|1179
0|592|588|1180
0|592|589|1181
0|593|589|1182
0|593|590|1183
0|594|590|1184
0|594|591|1185
0|595|591|1186
0|595|592|1187
0|596|592|1188
0|596|593|1189
0|597|593|1190
0|597|594|1191
0|598|594|1192
0|598|595|1193
0|599|595|1194
0|599|596|1195
0|600|596|1196
0|600|597|1197
0|601|597|1198
0|601|598|1199
0|602|598|1200
0|602|599|1201
0|603|599|1202
0|603|600|1203
0|604|600|1204
0|604|601|1205
0|605|601|1206
0|605|602|1207
0|606|602|1208
0|606|603|1209
0|607|603|1210
0|607|604|1211
0|608|604|1212
0|608|605|1213
0|609|605|1214
0|609|606|1215
0|610|606|1216
0|610|607|1217
0|611|607|1218
0|611|608|1219
0|612|608|1220
0|612|609|1221
0|613|609|1222
0|613|610|1223
0|614|610|1224
0|614|611|1225
0|615|611|1226
0|615|612|1227
0|616|612|1228
0|616|613|1229
0|617|613|1230
0|617|614|1231
0|618|614|1232
0|618|615|1233
0|619|615|1234
0|619|616|1235
0|620|616|1236
0|620|617|1237
0|621|617|1238
0|621|618|1239
0|622|618|1240
0|622|619|1241
0|623|619|1242
0|623|620|1243
0|624|620|1244
0|624|621|1245
0|625|621|1246
0|625|622|1247
0|626|622|1248
0|626|623|1249
0|627|623|1250
0|627|624|1251
0|628|624|1252
0|628|625|1253
0|629|625|1254
0|629|626|1255
0|630|626|1256
0|630|627|1257
0|631|627|1258
0|631|628|1259
0|632|628|1260
0|632|629|1261
0|633|629|1262
0|633|630|1263
0|634|630|1264
0|634|631|1265
0|635|631|1266
0|635|632|1267
0|636|632|1268
0|636|633|1269
0|637|633|1270
0|637|634|1271
0|638|634|1272
0|638|635|1273
0|639|635|1274
0|639|636|1275
0|640|636|1276
0|640|637|1277
0|641|637|1278
0|641|638|1279
0|642|638|1280
0|642|639|1281
0|643|639|1282
0|643|640|1283
0|644|640|1284
0|644|641|1285
0|645|641|1286
0|645|642|1287
0|646|642|1288
0|647|643|1290
0|648|643|1291
0|648|644|1292
0|649|644|1293
0|649|645|1294
0|650|645|1295
0|650|646|1296
0|651|646|1297
0|651|647|1298
0|652|647|1299
0|652|648|1300
0|653|648|1301
0|653|649|1302
0|654|649|1303
0|654|650|1304
0|655|650|1305
0|655|651|1306
0|656|651|1307
0|656|652|1308
0|657|652|1309
0|657|653|1310
0|658|653|1311
0|658|654|1312
0|659|654|1313
0|659|655|1314
0|660|655|1315
0|660|656|1316
0|661|656|1317
0|661|657|1318
0|662|657|1319
0|662|658|1320
0|663|658|1321
0|663|659|1322
0|664|659|1323
0|664|660|1324
0|665|660|1325
0|665|661|1326
0|666|661|1327
0|666|662|1328
0|667|662|1329
0|667|663|1330
0|668|663|1331
0|668|664|1332
0|669|664|1333
0|669|665|1334
0|670|665|1335
0|670|666|1336
0|671|666|1337
0|671|667|1338
0|672|667|1339
0|672|668|1340
0|673|668|1341
0|673|669|1342
0|674|669|1343
0|674|670|1344
0|675|670|1345
0|675|671|1346
0|676|671|1347
0|676|672|1348
0|677|672|1349
0|677|673|1350
0|678|673|1351
0|678|674|1352
0|679|674|1353
0|679|675|1354
0|680|675|1355
0|680|676|1356
0|681|676|1357
0|681|677|1358
0|682|677|1359
0|682|678|1360
0|683|678|1361
0|683|679|1362
0|684|679|1363
0|684|680|1364
0|685|680|1365
0|685|681|1366
0|686|681|1367
0|686|682|1368
0|687|682|1369
0|687|683|1370
0|688|683|1371
0|688|684|1372
0|689|684|1373
0|689|685|1374
0|690|685|1375
0|690|686|1376
0|691|686|1377
0|691|687|1378
0|692|687|1379
0|692|688|1380
0|693|688|1381
0|693|689|1382
0|694|689|1383
0|694|690|1384
0|695|690|1385
0|695|691|1386
0|696|691|1387
0|696|692|1388
0|697|692|1389
0|697|693|1390
0|698|693|1391
0|698|694|1392
0|699|694|1393
0|699|695|1394
0|700|695|1395
0|700|696|1396
0|701|696|1397
0|701|697|1398
0|702|697|1399
0|702|698|1400
0|703|698|1401
0|703|699|1402
0|704|699|1403
0|704|700|1404
0|705|700|1405
0|705|701|1406
0|706|701|1407
0|706|702|1408
0|707|702|1409
0|707|703|1410
0|708|703|1411
0|708|704|1412
0|709|704|1413
0|709|705|1414
0|710|705|1415
0|710|706|1416
0|711|706|1417
0|711|707|1418
0|712|707|1419
0|712|708|1420
0|713|708|1421
0|713|709|1422
0|714|709|1423
0|714|710|1424
0|715|710|1425
0|715|711|1426
0|716|711|1427
0|716|712|1428
0|717|712|1429
0|717|713|1430
0|718|713|1431
0|718|714|1432
0|719|714|1433
0|719|715|1434
0|720|715|1435
0|720|716|1436
0|721|716|1437
0|721|717|1438
0|722|717|1439
0|722|718|1440
0|723|718|1441
0|723|719|1442
0|724|719|1443
0|724|720|1444
0|725|720|1445
0|725|721|1446
0|726|721|1447
0|726|722|1448
0|727|722|1449
0|727|723|1450
0|728|723|1451
0|728|724|1452
0|729|724|1453
0|729|725|1454
0|730|725|1455
0|730|726|1456
0|731|726|1457
0|731|727|1458
0|732|727|1459
0|732|728|1460
0|733|728|1461
0|733|729|1462
0|734|729|1463
0|734|730|1464
0|735|730|1465
0|735|731|1466
0|736|731|1467
0|736|732|1468
0|737|732|1469
0|737|733|1470
0|738|733|1471
0|738|734|1472
0|739|734|1473
0|739|735|1474
0|740|735|1475
0|740|736|1476
0|741|736|1477
0|741|737|1478
0|742|737|1479
0|742|738|1480
0|743|738|1481
0|743|739|1482
0|744|739|1483
0|744|740|1484
0|745|740|1485
0|745|741|1486
0|746|741|1487
0|746|742|1488
0|747|742|1489
0|747|743|1490
0|748|743|1491
0|748|744|1492
0|749|744|1493
0|749|745|1494
0|750|745|1495
0|750|746|1496
0|751|746|1497
0|751|747|1498
0|752|747|1499
0|752|748|1500
0|753|748|1501
0|753|749|1502
0|754|749|1503
0|754|750|1504
0|755|750|1505
0|755|751|1506
0|756|751|1507
0|756|752|1508
0|757|752|1509
0|757|753|1510
0|758|753|1511
0|758|754|1512
0|759|754|1513
0|759|755|1514
0|760|755|1515
0|760|756|1516
0|761|756|1517
0|761|757|1518
0|762|757|1519
0|762|758|1520
0|763|758|1521
0|763|759|1522
0|764|759|1523
0|764|760|1524
0|765|760|1525
0|765|761|1526
0|766|761|1527
0|766|762|1528
0|767|762|1529
0|767|763|1530
0|768|763|1531
0|768|764|1532
0|769|764|1533
0|769|765|1534
0|770|765|1535
0|770|766|1536
0|771|766|1537
0|771|767|1538
0|772|767|1539
0|772|768|1540
0|773|768|1541
0|773|769|1542
0|774|769|1543
0|774|770|1544
0|775|770|1545
0|775|771|1546
0|776|771|1547
0|776|772|1548
0|777|772|1549
0|777|773|1550
0|778|773|1551
0|778|774|1552
0|779|774|1553
0|779|775|1554
0|780|775|1555
0|780|776|1556
0|781|776|1557
0|781|777|1558
0|782|777|1559
0|782|778|1560
0|783|778|1561
0|783|779|1562
0|784|779|1563
0|784|780|1564
0|785|780|1565
0|785|781|1566
0|786|781|1567
0|786|782|1568
0|787|782|1569
0|787|783|1570
0|788|783|1571
0|788|784|1572
0|789|784|1573
0|789|785|1574
0|790|785|1575
0|790|786|1576
0|791|786|1577
0|791|787|1578
0|792|787|1579
0|792|788|1580
0|793|788|1581
0|793|789|1582
0|794|789|1583
0|794|790|1584
0|795|790|1585
0|795|791|1586
0|796|791|1587
0|796|792|1588
0|797|792|1589
0|797|793|1590
0|798|793|1591
0|798|794|1592
0|799|794|1593
0|799|795|1594
0|800|795|1595
0|800|796|1596
0|801|796|1597
0|801|797|1598
0|802|797|1599
0|802|798|1600
0|803|798|1601
0|803|799|1602
0|804|799|1603
0|804|800|1604
0|805|800|1605
0|805|801|1606
0|806|801|1607
0|806|802|1608
0|807|802|1609
0|807|803|1610
0|808|803|1611
0|808|804|1612
0|809|804|1613
0|809|805|1614
0|810|805|1615
0|810|806|1616
0|811|806|1617
0|811|807|1618
0|812|807|1619
0|812|808|1620
0|813|808|1621
0|813|809|1622
0|814|809|1623
0|814|810|1624
0|815|810|1625
0|815|811|1626
0|816|811|1627
0|816|812|1628
0|817|812|1629
0|817|813|1630
0|818|813|1631
0|818|814|1632
0|819|814|1633
0|819|815|1634
0|820|815|1635
0|820|816|1636
0|821|816|1637
0|821|817|1638
0|822|817|1639
0|822|818|1640
0|823|818|1641
0|823|819|1642
0|824|819|1643
0|824|820|1644
0|825|820|1645
0|825|821|1646
0|826|821|1647
0|826|822|1648
0|827|822|1649
0|827|823|1650
0|828|823|1651
0|828|824|1652
0|829|824|1653
0|829|825|1654
0|830|825|1655
0|830|826|1656
0|831|826|1657
0|831|827|1658
0|832|827|1659
0|832|828|1660
0|833|828|1661
0|833|829|1662
0|834|829|1663
0|834|830|1664
0|835|830|1665
0|835|831|1666
0|836|831|1667
0|836|832|1668
0|837|832|1669
0|837|833|1670
0|838|833|1671
0|838|834|1672
0|839|834|1673
0|839|835|1674
0|840|835|1675
0|840|836|1676
0|841|836|1677
0|841|837|1678
0|842|837|1679
0|842|838|1680
0|843|838|1681
0|843|839|1682
0|844|839|1683
0|844|840|1684
0|845|840|1685
0|845|841|1686
0|846|841|1687
0|846|842|1688
0|847|842|1689
0|847|843|1690
0|848|843|1691
0|848|844|1692
0|849|844|1693
0|849|845|1694
0|850|845|1695
0|850|846|1696
0|851|846|1697
0|851|847|1698
0|852|847|1699
0|852|848|1700
0|853|848|1701
0|853|849|1702
0|854|849|1703
0|854|850|1704
0|855|850|1705
0|855|851|1706
0|856|851|1707
0|856|852|1708
0|857|852|1709
0|857|853|1710
0|858|853|1711
0|858|854|1712
0|859|854|1713
0|859|855|1714
0|860|855|1715
0|860|856|1716
0|861|856|1717
0|861|857|1718
0|862|857|1719
0|862|858|1720
0|863|858|1721
0|863|859|1722
0|864|859|1723
0|864|860|1724
0|865|860|1725
0|865|861|1726
0|866|861|1727
0|866|862|1728
0|867|862|1729
0|867|863|1730
0|868|863|1731
0|868|864|1732
0|869|864|1733
0|869|865|1734
0|870|865|1735
0|870|866|1736
0|871|866|1737
0|871|867|1738
0|872|867|1739
0|872|868|1740
0|873|868|1741
0|873|869|1742
0|874|869|1743
0|874|870|1744
0|875|870|1745
0|875|871|1746
0|876|871|1747
0|876|872|1748
0|877|872|1749
0|877|873|1750
0|878|873|1751
0|878|874|1752
0|879|874|1753
0|879|875|1754
0|880|875|1755
0|880|876|1756
0|881|876|1757
0|881|877|1758
0|882|877|1759
0|882|878|1760
0|883|878|1761
0|883|879|1762
0|884|879|1763
0|884|880|1764
0|885|880|1765
0|885|881|1766
0|886|881|1767
0|886|882|1768
0|887|882|1769
0|887|883|1770
0|888|883|1771
0|888|884|1772
0|889|884|1773
0|889|885|1774
0|890|885|1775
0|890|886|1776
0|891|886|1777
0|891|887|1778
0|892|887|1779
0|892|888|1780
0|893|888|1781
0|893|889|1782
0|894|889|1783
0|894|890|1784
0|895|890|1785
0|895|891|1786
0|896|891|1787
0|896|892|1788
0|897|892|1789
0|897|893|1790
0|898|893|1791
0|898|894|1792
0|899|894|1793
0|899|895|1794
0|900|895|1795
0|900|896|1796
0|901|896|1797
0|901|897|1798
0|902|897|1799
0|902|898|1800
0|903|898|1801
0|903|899|1802
0|904|899|1803
0|904|900|1804
0|905|900|1805
0|905|901|1806
0|906|901|1807
0|906|902|1808
0|907|902|1809
0|907|903|1810
0|908|903|1811
0|908|904|1812
0|909|904|1813
0|909|905|1814
0|910|905|1815
0|910|906|1816
0|911|906|1817
0|911|907|1818
0|912|907|1819
0|912|908|1820
0|913|908|1821
0|913|909|1822
0|914|909|1823
0|914|910|1824
0|915|910|1825
0|915|911|1826
0|916|911|1827
0|916|912|1828
0|917|912|1829
0|917|913|1830
0|918|913|1831
0|918|914|1832
0|919|914|1833
0|919|915|1834
0|920|915|1835
0|920|916|1836
0|921|916|1837
0|921|917|1838
0|922|917|1839
0|922|918|1840
0|923|918|1841
0|923|919|1842
0|924|919|1843
0|924|920|1844
0|925|920|1845
0|925|921|1846
0|926|921|1847
0|926|922|1848
0|927|922|1849
0|927|923|1850
0|928|923|1851
0|928|924|1852
0|929|924|1853
0|929|925|1854
0|930|925|1855
0|930|926|1856
0|931|926|1857
0|931|927|1858
0|932|927|1859
0|932|928|1860
0|933|928|1861
0|933|929|1862
0|934|929|1863
0|934|930|1864
0|935|930|1865
0|935|931|1866
0|936|931|1867
0|936|932|1868
0|937|932|1869
0|937|933|1870
0|938|933|1871
0|938|934|1872
0|939|934|1873
0|939|935|1874
0|940|935|1875
0|940|936|1876
0|941|936|1877
0|941|937|1878
0|942|937|1879
0|942|938|1880
0|943|938|1881
0|943|939|1882
0|944|939|1883
0|944|940|1884
0|945|940|1885
0|945|941|1886
0|946|941|1887
0|946|942|1888
0|947|942|1889
0|947|943|1890
0|948|943|1891
0|948|944|1892
0|949|944|1893
0|949|945|1894
0|950|945|1895
0|950|946|1896
0|951|946|1897
0|951|947|1898
0|952|947|1899
0|952|948|1900
0|953|948|1901
0|953|949|1902
0|954|949|1903
0|954|950|1904
0|955|950|1905
0|955|951|1906
0|956|951|1907
0|956|952|1908
0|957|952|1909
0|957|953|1910
0|958|953|1911
0|958|954|1912
0|959|954|1913
0|959|955|1914
0|960|955|1915
0|960|956|1916
0|961|956|1917
0|961|957|1918
0|962|957|1919
0|962|958|1920
0|963|958|1921
0|963|959|1922
0|964|959|1923
0|964|960|1924
0|965|960|1925
0|965|961|1926
0|966|961|1927
0|966|962|1928
0|967|962|1929
0|967|963|1930
0|968|963|1931
0|968|964|1932
0|969|964|1933
0|969|965|1934
0|970|965|1935
0|970|966|1936
0|971|966|1937
0|971|967|1938
0|972|967|1939
0|972|968|1940
0|973|968|1941
0|973|969|1942
0|974|969|1943
0|974|970|1944
0|975|970|1945
0|975|971|1946
0|976|971|1947
0|976|972|1948
0|977|972|1949
0|977|973|1950
0|978|973|1951
0|978|974|1952
0|979|974|1953
0|979|975|1954
0|980|975|1955
0|980|976|1956
0|981|976|1957
0|981|977|1958
0|982|977|1959
0|982|978|1960
0|983|978|1961
0|983|979|1962
0|984|979|1963
0|984|980|1964
0|985|980|1965
0|985|981|1966
0|986|981|1967
0|986|982|1968
0|987|982|1969
0|987|983|1970
0|988|983|1971
0|988|984|1972
0|989|984|1973
0|989|985|1974
0|990|985|1975
0|990|986|1976
0|991|986|1977
0|991|987|1978
0|992|987|1979
0|992|988|1980
0|993|988|1981
0|993|989|1982
0|994|989|1983
0|994|990|1984
0|995|990|1985
0|995|991|1986
0|996|991|1987
0|996|992|1988
0|997|992|1989
0|997|993|1990
0|998|993|1991
0|998|994|1992
0|999|994|1993
0|999|995|1994
0|1000|995|1995
0|1000|996|1996
0|1001|996|1997
0|1001|997|1998
0|1002|997|1999
0|1002|998|2000
