total
0|0|1|1
0|1|1|2
0|2|1|3
0|3|1|4
0|3|2|5
0|4|2|6
0|4|3|7
0|5|3|8
0|5|4|9
1|5|4|10
1|5|5|11
1|6|5|12
1|6|6|13
1|7|6|14
1|7|7|15
1|8|7|16
1|8|8|17
1|9|8|18
1|9|9|19
1|10|9|20
1|10|10|21
1|11|10|22
1|11|11|23
1|12|11|24
1|12|12|25
1|13|12|26
1|13|13|27
1|14|13|28
1|14|14|29
1|15|14|30
1|15|15|31
1|16|15|32
1|16|16|33
1|17|16|34
1|17|17|35
1|18|17|36
1|18|18|37
1|19|18|38
1|19|19|39
1|20|19|40
1|20|20|41
1|21|20|42
1|21|21|43
1|22|21|44
1|22|22|45
1|23|22|46
1|23|23|47
1|24|23|48
1|24|24|49
1|25|24|50
1|25|25|51
1|26|25|52
1|26|26|53
1|27|26|54
1|27|27|55
1|28|27|56
1|28|28|57
1|29|28|58
1|29|29|59
1|30|29|60
1|30|30|61
1|31|30|62
1|31|31|63
1|32|31|64
1|32|32|65
1|33|32|66
1|33|33|67
1|34|33|68
1|34|34|69
1|35|34|70
1|36|34|71
1|37|34|72
1|37|35|73
1|38|35|74
1|38|36|75
1|39|36|76
1|39|37|77
1|40|37|78
1|40|38|79
1|41|38|80
1|41|39|81
1|42|39|82
1|42|40|83
1|43|40|84
1|43|41|85
1|44|41|86
1|44|42|87
1|45|42|88
1|45|43|89
1|46|43|90
1|46|44|91
1|47|44|92
1|47|45|93
1|48|45|94
1|48|46|95
1|49|46|96
1|49|47|97
1|50|47|98
1|51|47|99
1|52|47|100
1|53|47|101
1|54|47|102
1|54|48|103
1|55|48|104
1|56|48|105
1|57|48|106
1|57|49|107
1|58|49|108
1|58|50|109
1|59|50|110
1|59|51|111
1|60|51|112
1|60|52|113
1|61|52|114
1|61|53|115
1|62|53|116
1|62|54|117
1|63|54|118
1|63|55|119
1|64|55|120
1|64|56|121
1|65|56|122
1|65|57|123
1|66|57|124
1|66|58|125
1|67|58|126
1|67|59|127
1|68|59|128
1|68|60|129
1|69|60|130
1|70|60|131
1|71|60|132
1|71|61|133
1|72|61|134
1|72|62|135
1|73|62|136
1|73|63|137
1|74|63|138
1|74|64|139
1|75|64|140
1|75|65|141
1|76|65|142
1|76|66|143
1|77|66|144
1|77|67|145
1|78|67|146
1|78|68|147
1|79|68|148
1|79|69|149
1|80|69|150
1|80|70|151
1|81|70|152
1|81|71|153
1|82|71|154
1|82|72|155
1|83|72|156
1|83|73|157
1|84|73|158
1|84|74|159
1|85|74|160
1|85|75|161
1|86|75|162
1|86|76|163
1|87|76|164
1|87|77|165
1|88|77|166
1|88|78|167
1|89|78|168
1|89|79|169
1|90|79|170
1|90|80|171
1|91|80|172
1|91|81|173
1|92|81|174
1|92|82|175
1|93|82|176
1|93|83|177
1|94|83|178
1|94|84|179
1|95|84|180
1|95|85|181
1|96|85|182
1|96|86|183
1|97|86|184
1|97|87|185
1|98|87|186
1|98|88|187
1|99|88|188
1|99|89|189
1|100|89|190
1|100|90|191
1|101|90|192
1|101|91|193
1|102|91|194
1|102|92|195
1|103|92|196
1|103|93|197
1|104|93|198
1|105|93|199
1|106|93|200
1|106|94|201
1|107|94|202
1|107|95|203
1|108|95|204
1|109|95|205
1|110|95|206
1|111|95|207
1|112|95|208
1|112|96|209
1|113|96|210
1|113|97|211
1|114|97|212
1|114|98|213
1|115|98|214
1|115|99|215
1|116|99|216
1|116|100|217
1|117|100|218
1|117|101|219
1|118|101|220
1|118|102|221
1|119|102|222
1|119|103|223
1|120|103|224
1|120|104|225
1|121|104|226
1|122|104|227
1|123|104|228
1|123|105|229
1|124|105|230
1|124|106|231
1|125|106|232
1|125|107|233
1|126|107|234
1|126|108|235
1|127|108|236
1|127|109|237
1|128|109|238
1|128|110|239
1|129|110|240
1|129|111|241
1|130|111|242
1|130|112|243
1|131|112|244
1|131|113|245
1|132|113|246
1|132|114|247
1|133|114|248
1|133|115|249
1|134|115|250
1|134|116|251
1|135|116|252
1|136|116|253
1|137|116|254
1|137|117|255
1|138|117|256
1|139|117|257
1|140|117|258
1|140|118|259
1|141|118|260
1|141|119|261
1|142|119|262
1|143|119|263
2|143|119|264
2|144|119|265
2|145|119|266
2|145|120|267
2|146|120|268
2|147|120|269
2|148|120|270
2|148|121|271
2|149|121|272
2|149|122|273
2|150|122|274
2|151|122|275
2|152|122|276
2|152|123|277
3|152|123|278
3|152|124|279
3|153|124|280
3|153|125|281
3|154|125|282
3|154|126|283
3|155|126|284
3|155|127|285
3|156|127|286
3|156|128|287
3|157|128|288
3|157|129|289
3|158|129|290
3|159|129|291
3|160|129|292
3|161|129|293
3|162|129|294
3|162|130|295
3|163|130|296
3|164|130|297
3|165|130|298
3|165|131|299
3|166|131|300
3|166|132|301
3|167|132|302
3|167|133|303
3|168|133|304
3|168|134|305
3|169|134|306
3|169|135|307
3|170|135|308
3|170|136|309
3|171|136|310
3|171|137|311
3|172|137|312
3|172|138|313
3|173|138|314
3|173|139|315
3|174|139|316
3|174|140|317
3|175|140|318
3|175|141|319
3|176|141|320
3|176|142|321
3|177|142|322
3|177|143|323
3|178|143|324
3|178|144|325
3|179|144|326
3|179|145|327
3|180|145|328
3|180|146|329
3|181|146|330
3|181|147|331
3|182|147|332
3|182|148|333
3|183|148|334
3|183|149|335
3|184|149|336
3|184|150|337
3|185|150|338
3|185|151|339
3|186|151|340
3|186|152|341
3|187|152|342
3|187|153|343
3|188|153|344
3|188|154|345
3|189|154|346
3|189|155|347
3|190|155|348
3|190|156|349
3|191|156|350
3|191|157|351
3|192|157|352
3|192|158|353
3|193|158|354
3|193|159|355
3|194|159|356
3|194|160|357
3|195|160|358
3|195|161|359
3|196|161|360
3|196|162|361
3|197|162|362
3|197|163|363
3|198|163|364
3|198|164|365
3|199|164|366
3|199|165|367
3|200|165|368
3|200|166|369
3|201|166|370
3|201|167|371
4|201|167|372
4|202|167|373
4|203|167|374
4|203|168|375
4|204|168|376
4|204|169|377
4|205|169|378
4|206|169|379
4|207|169|380
4|207|170|381
4|208|170|382
4|208|171|383
4|209|171|384
4|209|172|385
5|209|172|386
5|209|173|387
5|210|173|388
5|210|174|389
5|211|174|390
5|211|175|391
5|212|175|392
5|212|176|393
6|212|176|394
6|212|177|395
6|213|177|396
6|213|178|397
6|214|178|398
6|214|179|399
7|214|179|400
7|214|180|401
8|214|180|402
8|214|181|403
8|215|181|404
8|215|182|405
8|216|182|406
8|216|183|407
8|217|183|408
8|217|184|409
8|218|184|410
8|218|185|411
8|219|185|412
8|219|186|413
8|220|186|414
8|220|187|415
8|221|187|416
8|221|188|417
8|222|188|418
8|222|189|419
8|223|189|420
8|223|190|421
8|224|190|422
8|224|191|423
8|225|191|424
8|225|192|425
8|226|192|426
8|226|193|427
8|227|193|428
8|227|194|429
8|228|194|430
8|228|195|431
8|229|195|432
8|229|196|433
8|230|196|434
8|230|197|435
8|231|197|436
8|231|198|437
8|232|198|438
8|232|199|439
8|233|199|440
8|233|200|441
8|234|200|442
8|234|201|443
8|235|201|444
8|235|202|445
8|236|202|446
8|236|203|447
8|237|203|448
8|237|204|449
8|238|204|450
8|238|205|451
8|239|205|452
8|239|206|453
8|240|206|454
8|240|207|455
8|241|207|456
8|241|208|457
8|242|208|458
8|242|209|459
8|243|209|460
8|243|210|461
8|244|210|462
8|244|211|463
8|245|211|464
8|245|212|465
8|246|212|466
8|246|213|467
8|247|213|468
8|247|214|469
8|248|214|470
8|248|215|471
8|249|215|472
8|249|216|473
8|250|216|474
8|250|217|475
8|251|217|476
8|251|218|477
8|252|218|478
8|252|219|479
9|252|219|480
9|252|220|481
9|253|220|482
9|253|221|483
9|254|221|484
9|254|222|485
9|255|222|486
9|255|223|487
10|255|223|488
10|255|224|489
10|256|224|490
10|256|225|491
10|257|225|492
10|257|226|493
10|258|226|494
10|258|227|495
10|259|227|496
10|259|228|497
10|260|228|498
10|260|229|499
10|261|229|500
10|261|230|501
10|262|230|502
10|262|231|503
10|263|231|504
10|263|232|505
10|264|232|506
10|264|233|507
10|265|233|508
10|265|234|509
11|265|234|510
11|265|235|511
11|266|235|512
11|266|236|513
11|267|236|514
11|267|237|515
11|268|237|516
11|269|237|517
11|270|237|518
11|270|238|519
11|271|238|520
11|271|239|521
11|272|239|522
11|272|240|523
11|273|240|524
11|274|240|525
11|275|240|526
11|275|241|527
11|276|241|528
11|277|241|529
11|278|241|530
11|278|242|531
11|279|242|532
11|279|243|533
11|280|243|534
11|280|244|535
11|281|244|536
11|282|244|537
11|283|244|538
11|283|245|539
11|284|245|540
11|284|246|541
11|285|246|542
11|285|247|543
11|286|247|544
11|287|247|545
11|288|247|546
11|288|248|547
11|289|248|548
11|290|248|549
11|291|248|550
11|291|249|551
11|292|249|552
11|292|250|553
11|293|250|554
11|293|251|555
11|294|251|556
11|294|252|557
11|295|252|558
11|295|253|559
11|296|253|560
11|296|254|561
11|297|254|562
11|297|255|563
11|298|255|564
11|298|256|565
11|299|256|566
11|299|257|567
11|300|257|568
11|300|258|569
11|301|258|570
11|301|259|571
11|302|259|572
11|302|260|573
11|303|260|574
11|303|261|575
11|304|261|576
11|304|262|577
11|305|262|578
11|305|263|579
11|306|263|580
11|306|264|581
11|307|264|582
11|307|265|583
11|308|265|584
11|308|266|585
11|309|266|586
11|309|267|587
11|310|267|588
11|310|268|589
11|311|268|590
11|311|269|591
11|312|269|592
11|312|270|593
11|313|270|594
11|313|271|595
11|314|271|596
11|314|272|597
11|315|272|598
11|315|273|599
11|316|273|600
11|316|274|601
11|317|274|602
11|317|275|603
11|318|275|604
11|318|276|605
11|319|276|606
11|319|277|607
11|320|277|608
11|320|278|609
11|321|278|610
11|321|279|611
11|322|279|612
11|322|280|613
11|323|280|614
11|323|281|615
11|324|281|616
11|324|282|617
11|325|282|618
11|325|283|619
11|326|283|620
11|326|284|621
11|327|284|622
11|327|285|623
11|328|285|624
11|328|286|625
12|328|286|626
12|328|287|627
12|329|287|628
12|329|288|629
12|330|288|630
12|330|289|631
12|331|289|632
12|331|290|633
12|332|290|634
12|332|291|635
12|333|291|636
12|333|292|637
12|334|292|638
12|334|293|639
12|335|293|640
12|335|294|641
12|336|294|642
12|336|295|643
12|337|295|644
12|337|296|645
12|338|296|646
12|338|297|647
12|339|297|648
12|339|298|649
12|340|298|650
12|341|298|651
12|342|298|652
12|343|298|653
12|344|298|654
12|345|298|655
12|346|298|656
12|346|299|657
12|347|299|658
12|347|300|659
12|348|300|660
12|348|301|661
12|349|301|662
12|349|302|663
12|350|302|664
12|350|303|665
12|351|303|666
12|352|303|667
12|353|303|668
12|353|304|669
12|354|304|670
12|354|305|671
12|355|305|672
12|356|305|673
13|356|305|674
13|356|306|675
13|357|306|676
13|357|307|677
13|358|307|678
13|358|308|679
13|359|308|680
13|359|309|681
13|360|309|682
13|360|310|683
13|361|310|684
13|361|311|685
13|362|311|686
13|362|312|687
13|363|312|688
13|363|313|689
13|364|313|690
13|364|314|691
13|365|314|692
13|365|315|693
13|366|315|694
13|366|316|695
13|367|316|696
13|367|317|697
13|368|317|698
13|368|318|699
13|369|318|700
13|369|319|701
13|370|319|702
13|370|320|703
13|371|320|704
13|371|321|705
13|372|321|706
13|372|322|707
13|373|322|708
13|373|323|709
13|374|323|710
13|374|324|711
13|375|324|712
13|375|325|713
13|376|325|714
13|376|326|715
13|377|326|716
13|377|327|717
13|378|327|718
13|378|328|719
13|379|328|720
13|379|329|721
13|380|329|722
13|380|330|723
13|381|330|724
13|381|331|725
13|382|331|726
13|382|332|727
13|383|332|728
13|383|333|729
13|384|333|730
13|384|334|731
13|385|334|732
13|385|335|733
13|386|335|734
13|386|336|735
13|387|336|736
13|387|337|737
13|388|337|738
13|388|338|739
13|389|338|740
13|389|339|741
13|390|339|742
13|390|340|743
13|391|340|744
13|392|340|745
13|393|340|746
13|394|340|747
13|395|340|748
13|395|341|749
13|396|341|750
13|396|342|751
13|397|342|752
13|397|343|753
13|398|343|754
13|398|344|755
13|399|344|756
13|399|345|757
13|400|345|758
13|400|346|759
13|401|346|760
13|402|346|761
13|403|346|762
13|403|347|763
13|404|347|764
13|404|348|765
13|405|348|766
13|405|349|767
13|406|349|768
13|407|349|769
13|408|349|770
13|408|350|771
13|409|350|772
13|409|351|773
13|410|351|774
13|410|352|775
13|411|352|776
13|411|353|777
13|412|353|778
13|412|354|779
13|413|354|780
13|413|355|781
13|414|355|782
13|414|356|783
13|415|356|784
13|416|356|785
13|417|356|786
13|417|357|787
13|418|357|788
13|418|358|789
13|419|358|790
13|420|358|791
13|421|358|792
13|421|359|793
13|422|359|794
13|422|360|795
13|423|360|796
13|423|361|797
13|424|361|798
13|424|362|799
13|425|362|800
13|425|363|801
13|426|363|802
13|426|364|803
13|427|364|804
13|428|364|805
13|429|364|806
13|429|365|807
13|430|365|808
13|430|366|809
13|431|366|810
13|431|367|811
13|432|367|812
13|433|367|813
13|434|367|814
13|434|368|815
13|435|368|816
13|435|369|817
13|436|369|818
13|436|370|819
13|437|370|820
13|437|371|821
13|438|371|822
13|438|372|823
13|439|372|824
13|439|373|825
13|440|373|826
13|440|374|827
13|441|374|828
13|441|375|829
13|442|375|830
13|442|376|831
13|443|376|832
13|443|377|833
13|444|377|834
13|444|378|835
13|445|378|836
13|446|378|837
13|447|378|838
13|447|379|839
13|448|379|840
13|448|380|841
13|449|380|842
13|449|381|843
13|450|381|844
13|450|382|845
13|451|382|846
13|451|383|847
13|452|383|848
13|452|384|849
13|453|384|850
13|453|385|851
13|454|385|852
13|454|386|853
13|455|386|854
13|455|387|855
13|456|387|856
13|456|388|857
13|457|388|858
13|457|389|859
13|458|389|860
13|458|390|861
13|459|390|862
13|459|391|863
13|460|391|864
13|460|392|865
13|461|392|866
13|461|393|867
13|462|393|868
13|462|394|869
13|463|394|870
13|463|395|871
13|464|395|872
13|464|396|873
13|465|396|874
13|465|397|875
13|466|397|876
13|466|398|877
13|467|398|878
13|467|399|879
13|468|399|880
13|468|400|881
13|469|400|882
13|469|401|883
13|470|401|884
13|470|402|885
13|471|402|886
13|471|403|887
13|472|403|888
13|473|403|889
13|474|403|890
13|474|404|891
13|475|404|892
13|475|405|893
13|476|405|894
13|476|406|895
13|477|406|896
13|477|407|897
13|478|407|898
13|478|408|899
13|479|408|900
13|479|409|901
13|480|409|902
13|480|410|903
13|481|410|904
13|481|411|905
13|482|411|906
13|482|412|907
13|483|412|908
13|483|413|909
13|484|413|910
13|484|414|911
13|485|414|912
13|485|415|913
13|486|415|914
13|486|416|915
13|487|416|916
13|487|417|917
13|488|417|918
13|488|418|919
13|489|418|920
13|489|419|921
13|490|419|922
13|490|420|923
13|491|420|924
13|491|421|925
13|492|421|926
13|492|422|927
13|493|422|928
13|493|423|929
13|494|423|930
13|494|424|931
13|495|424|932
13|495|425|933
13|496|425|934
13|496|426|935
13|497|426|936
13|498|426|937
13|499|426|938
13|499|427|939
13|500|427|940
13|500|428|941
13|501|428|942
13|501|429|943
13|502|429|944
13|502|430|945
13|503|430|946
13|503|431|947
13|504|431|948
13|504|432|949
13|505|432|950
13|505|433|951
13|506|433|952
13|507|433|953
13|508|433|954
13|508|434|955
13|509|434|956
13|509|435|957
13|510|435|958
13|510|436|959
13|511|436|960
13|512|436|961
13|513|436|962
13|513|437|963
13|514|437|964
13|514|438|965
13|515|438|966
13|515|439|967
13|516|439|968
13|516|440|969
13|517|440|970
13|517|441|971
13|518|441|972
13|518|442|973
13|519|442|974
13|519|443|975
13|520|443|976
13|520|444|977
13|521|444|978
13|521|445|979
13|522|445|980
13|523|445|981
13|524|445|982
13|524|446|983
13|525|446|984
13|525|447|985
13|526|447|986
13|526|448|987
13|527|448|988
13|527|449|989
13|528|449|990
13|528|450|991
13|529|450|992
13|529|451|993
13|530|451|994
13|530|452|995
13|531|452|996
13|531|453|997
13|532|453|998
13|532|454|999
13|533|454|1000
13|533|455|1001
13|534|455|1002
13|534|456|1003
13|535|456|1004
13|535|457|1005
13|536|457|1006
13|536|458|1007
13|537|458|1008
13|537|459|1009
13|538|459|1010
13|538|460|1011
13|539|460|1012
13|539|461|1013
13|540|461|1014
13|540|462|1015
13|541|462|1016
13|541|463|1017
13|542|463|1018
13|542|464|1019
13|543|464|1020
13|543|465|1021
13|544|465|1022
13|544|466|1023
13|545|466|1024
13|545|467|1025
13|546|467|1026
13|546|468|1027
13|547|468|1028
13|547|469|1029
13|548|469|1030
13|548|470|1031
13|549|470|1032
13|549|471|1033
13|550|471|1034
13|550|472|1035
13|551|472|1036
13|551|473|1037
13|552|473|1038
13|552|474|1039
13|553|474|1040
13|553|475|1041
13|554|475|1042
13|554|476|1043
13|555|476|1044
13|555|477|1045
13|556|477|1046
13|556|478|1047
13|557|478|1048
13|557|479|1049
13|558|479|1050
13|558|480|1051
13|559|480|1052
13|559|481|1053
13|560|481|1054
13|560|482|1055
13|561|482|1056
13|561|483|1057
13|562|483|1058
13|562|484|1059
13|563|484|1060
13|563|485|1061
13|564|485|1062
13|564|486|1063
13|565|486|1064
13|565|487|1065
13|566|487|1066
13|566|488|1067
13|567|488|1068
13|567|489|1069
13|568|489|1070
13|568|490|1071
13|569|490|1072
13|569|491|1073
13|570|491|1074
13|570|492|1075
13|571|492|1076
13|571|493|1077
13|572|493|1078
13|572|494|1079
13|573|494|1080
13|573|495|1081
13|574|495|1082
13|574|496|1083
13|575|496|1084
13|576|496|1085
14|576|496|1086
14|576|497|1087
14|577|497|1088
14|577|498|1089
14|578|498|1090
14|579|498|1091
14|580|498|1092
14|580|499|1093
14|581|499|1094
14|581|500|1095
14|582|500|1096
14|582|501|1097
14|583|501|1098
14|583|502|1099
14|584|502|1100
14|584|503|1101
14|585|503|1102
14|586|503|1103
14|587|503|1104
14|588|503|1105
14|589|503|1106
14|589|504|1107
14|590|504|1108
14|590|505|1109
14|591|505|1110
14|591|506|1111
14|592|506|1112
14|592|507|1113
14|593|507|1114
14|593|508|1115
14|594|508|1116
14|595|508|1117
14|596|508|1118
14|597|508|1119
14|598|508|1120
14|599|508|1121
14|600|508|1122
14|601|508|1123
14|602|508|1124
14|603|508|1125
14|604|508|1126
14|604|509|1127
14|605|509|1128
14|605|510|1129
14|606|510|1130
14|606|511|1131
14|607|511|1132
14|607|512|1133
14|608|512|1134
14|608|513|1135
14|609|513|1136
14|609|514|1137
14|610|514|1138
14|610|515|1139
14|611|515|1140
14|611|516|1141
14|612|516|1142
14|612|517|1143
14|613|517|1144
14|613|518|1145
14|614|518|1146
14|614|519|1147
14|615|519|1148
14|615|520|1149
14|616|520|1150
14|616|521|1151
14|617|521|1152
14|617|522|1153
14|618|522|1154
14|618|523|1155
14|619|523|1156
14|619|524|1157
14|620|524|1158
14|620|525|1159
14|621|525|1160
14|621|526|1161
14|622|526|1162
14|622|527|1163
14|623|527|1164
14|623|528|1165
14|624|528|1166
14|624|529|1167
14|625|529|1168
14|625|530|1169
14|626|530|1170
14|626|531|1171
14|627|531|1172
14|627|532|1173
14|628|532|1174
14|628|533|1175
14|629|533|1176
14|629|534|1177
14|630|534|1178
14|630|535|1179
14|631|535|1180
14|631|536|1181
14|632|536|1182
14|632|537|1183
14|633|537|1184
14|633|538|1185
14|634|538|1186
14|634|539|1187
14|635|539|1188
14|635|540|1189
14|636|540|1190
14|637|540|1191
15|637|540|1192
15|638|540|1193
16|638|540|1194
16|638|541|1195
16|639|541|1196
16|639|542|1197
16|640|542|1198
16|640|543|1199
16|641|543|1200
16|642|543|1201
16|643|543|1202
16|643|544|1203
16|644|544|1204
16|644|545|1205
16|645|545|1206
16|646|545|1207
16|647|545|1208
16|648|545|1209
16|649|545|1210
16|649|546|1211
16|650|546|1212
16|650|547|1213
16|651|547|1214
16|651|548|1215
16|652|548|1216
16|652|549|1217
16|653|549|1218
16|654|549|1219
16|655|549|1220
16|655|550|1221
16|656|550|1222
16|656|551|1223
16|657|551|1224
16|657|552|1225
16|658|552|1226
16|658|553|1227
16|659|553|1228
16|660|553|1229
16|661|553|1230
16|661|554|1231
16|662|554|1232
16|662|555|1233
16|663|555|1234
16|663|556|1235
16|664|556|1236
16|664|557|1237
16|665|557|1238
16|665|558|1239
16|666|558|1240
16|666|559|1241
16|667|559|1242
16|667|560|1243
16|668|560|1244
16|668|561|1245
16|669|561|1246
16|669|562|1247
16|670|562|1248
16|670|563|1249
16|671|563|1250
16|671|564|1251
16|672|564|1252
16|672|565|1253
16|673|565|1254
16|673|566|1255
16|674|566|1256
16|674|567|1257
16|675|567|1258
16|675|568|1259
16|676|568|1260
16|676|569|1261
16|677|569|1262
16|677|570|1263
16|678|570|1264
16|678|571|1265
16|679|571|1266
16|679|572|1267
16|680|572|1268
16|680|573|1269
16|681|573|1270
16|681|574|1271
16|682|574|1272
16|682|575|1273
16|683|575|1274
16|683|576|1275
16|684|576|1276
16|684|577|1277
16|685|577|1278
16|685|578|1279
16|686|578|1280
16|686|579|1281
16|687|579|1282
16|687|580|1283
16|688|580|1284
16|688|581|1285
16|689|581|1286
16|689|582|1287
16|690|582|1288
16|690|583|1289
16|691|583|1290
16|691|584|1291
16|692|584|1292
16|692|585|1293
16|693|585|1294
16|693|586|1295
16|694|586|1296
16|694|587|1297
16|695|587|1298
16|695|588|1299
16|696|588|1300
16|697|589|1302
16|698|589|1303
16|698|590|1304
16|699|590|1305
16|699|591|1306
16|700|591|1307
16|701|591|1308
16|702|591|1309
16|702|592|1310
16|703|592|1311
16|703|593|1312
16|704|593|1313
16|704|594|1314
16|705|594|1315
16|705|595|1316
16|706|595|1317
16|707|595|1318
16|708|595|1319
16|708|596|1320
16|709|596|1321
16|709|597|1322
16|710|597|1323
16|710|598|1324
16|711|598|1325
16|711|599|1326
16|712|599|1327
16|712|600|1328
16|713|600|1329
16|713|601|1330
16|714|601|1331
16|714|602|1332
16|715|602|1333
16|715|603|1334
16|716|603|1335
16|716|604|1336
16|717|604|1337
16|717|605|1338
16|718|605|1339
16|718|606|1340
16|719|606|1341
16|720|606|1342
16|721|606|1343
16|721|607|1344
16|722|607|1345
16|722|608|1346
16|723|608|1347
16|723|609|1348
16|724|609|1349
16|724|610|1350
16|725|610|1351
16|725|611|1352
16|726|611|1353
16|726|612|1354
16|727|612|1355
16|727|613|1356
16|728|613|1357
16|728|614|1358
16|729|614|1359
16|729|615|1360
16|730|615|1361
16|730|616|1362
16|731|616|1363
16|731|617|1364
16|732|617|1365
16|732|618|1366
16|733|618|1367
16|733|619|1368
16|734|619|1369
16|734|620|1370
16|735|620|1371
16|735|621|1372
16|736|621|1373
16|737|621|1374
16|738|621|1375
16|738|622|1376
16|739|622|1377
16|739|623|1378
16|740|623|1379
16|740|624|1380
16|741|624|1381
16|741|625|1382
16|742|625|1383
16|742|626|1384
16|743|626|1385
16|743|627|1386
16|744|627|1387
16|744|628|1388
16|745|628|1389
16|745|629|1390
16|746|629|1391
16|746|630|1392
16|747|630|1393
16|747|631|1394
16|748|631|1395
16|748|632|1396
16|749|632|1397
16|749|633|1398
16|750|633|1399
16|750|634|1400
16|751|634|1401
16|751|635|1402
16|752|635|1403
16|752|636|1404
16|753|636|1405
16|753|637|1406
16|754|637|1407
16|754|638|1408
16|755|638|1409
16|755|639|1410
16|756|639|1411
16|756|640|1412
16|757|640|1413
16|757|641|1414
16|758|641|1415
16|759|641|1416
16|760|641|1417
16|760|642|1418
16|761|642|1419
16|761|643|1420
16|762|643|1421
16|762|644|1422
16|763|644|1423
16|763|645|1424
16|764|645|1425
16|764|646|1426
16|765|646|1427
16|765|647|1428
16|766|647|1429
16|766|648|1430
16|767|648|1431
16|768|648|1432
16|769|648|1433
16|769|649|1434
16|770|649|1435
16|770|650|1436
16|771|650|1437
16|772|650|1438
16|773|650|1439
16|773|651|1440
16|774|651|1441
16|774|652|1442
16|775|652|1443
16|775|653|1444
16|776|653|1445
16|776|654|1446
16|777|654|1447
16|778|654|1448
16|779|654|1449
16|779|655|1450
16|780|655|1451
16|781|655|1452
16|782|655|1453
16|783|655|1454
16|784|655|1455
16|784|656|1456
16|785|656|1457
16|785|657|1458
16|786|657|1459
16|786|658|1460
16|787|658|1461
16|787|659|1462
16|788|659|1463
16|788|660|1464
16|789|660|1465
16|789|661|1466
16|790|661|1467
16|790|662|1468
16|791|662|1469
16|791|663|1470
16|792|663|1471
16|792|664|1472
16|793|664|1473
16|793|665|1474
16|794|665|1475
16|794|666|1476
16|795|666|1477
16|795|667|1478
16|796|667|1479
16|796|668|1480
16|797|668|1481
16|797|669|1482
16|798|669|1483
16|798|670|1484
16|799|670|1485
16|799|671|1486
16|800|671|1487
16|800|672|1488
16|801|672|1489
16|801|673|1490
16|802|673|1491
16|802|674|1492
16|803|674|1493
16|803|675|1494
16|804|675|1495
16|804|676|1496
16|805|676|1497
16|805|677|1498
16|806|677|1499
16|806|678|1500
16|807|678|1501
16|807|679|1502
16|808|679|1503
16|808|680|1504
16|809|680|1505
16|809|681|1506
16|810|681|1507
16|810|682|1508
16|811|682|1509
16|811|683|1510
16|812|683|1511
16|812|684|1512
16|813|684|1513
16|813|685|1514
16|814|685|1515
16|814|686|1516
16|815|686|1517
16|815|687|1518
16|816|687|1519
16|816|688|1520
16|817|688|1521
16|817|689|1522
16|818|689|1523
16|818|690|1524
16|819|690|1525
16|819|691|1526
16|820|691|1527
16|820|692|1528
16|821|692|1529
16|821|693|1530
16|822|693|1531
16|822|694|1532
16|823|694|1533
16|823|695|1534
16|824|695|1535
16|824|696|1536
16|825|696|1537
16|825|697|1538
16|826|697|1539
16|826|698|1540
16|827|698|1541
16|827|699|1542
16|828|699|1543
16|828|700|1544
16|829|700|1545
16|829|701|1546
16|830|701|1547
16|830|702|1548
16|831|702|1549
16|831|703|1550
16|832|703|1551
16|832|704|1552
16|833|704|1553
16|833|705|1554
16|834|705|1555
16|834|706|1556
16|835|706|1557
16|835|707|1558
16|836|707|1559
16|836|708|1560
16|837|708|1561
16|837|709|1562
16|838|709|1563
16|838|710|1564
16|839|710|1565
16|839|711|1566
16|840|711|1567
16|840|712|1568
16|841|712|1569
16|841|713|1570
16|842|713|1571
16|842|714|1572
16|843|714|1573
16|843|715|1574
16|844|715|1575
16|844|716|1576
16|845|716|1577
16|845|717|1578
16|846|717|1579
16|846|718|1580
16|847|718|1581
16|847|719|1582
16|848|719|1583
16|848|720|1584
16|849|720|1585
16|849|721|1586
16|850|721|1587
16|850|722|1588
16|851|722|1589
16|851|723|1590
16|852|723|1591
16|852|724|1592
16|853|724|1593
16|853|725|1594
16|854|725|1595
16|854|726|1596
16|855|726|1597
16|855|727|1598
16|856|727|1599
16|856|728|1600
16|857|728|1601
16|857|729|1602
16|858|729|1603
16|858|730|1604
16|859|730|1605
16|859|731|1606
16|860|731|1607
16|860|732|1608
16|861|732|1609
16|861|733|1610
16|862|733|1611
16|862|734|1612
16|863|734|1613
16|863|735|1614
16|864|735|1615
16|864|736|1616
16|865|736|1617
16|865|737|1618
16|866|737|1619
16|866|738|1620
16|867|738|1621
16|867|739|1622
16|868|739|1623
16|868|740|1624
16|869|740|1625
16|869|741|1626
16|870|741|1627
16|871|741|1628
16|872|741|1629
16|872|742|1630
16|873|742|1631
16|873|743|1632
16|874|743|1633
16|874|744|1634
16|875|744|1635
16|875|745|1636
16|876|745|1637
16|876|746|1638
16|877|746|1639
16|877|747|1640
16|878|747|1641
16|878|748|1642
16|879|748|1643
16|879|749|1644
16|880|749|1645
16|880|750|1646
16|881|750|1647
16|881|751|1648
16|882|751|1649
16|882|752|1650
16|883|752|1651
16|883|753|1652
16|884|753|1653
16|884|754|1654
16|885|754|1655
16|885|755|1656
16|886|755|1657
16|886|756|1658
16|887|756|1659
16|887|757|1660
16|888|757|1661
16|888|758|1662
16|889|758|1663
16|889|759|1664
16|890|759|1665
16|890|760|1666
16|891|760|1667
16|891|761|1668
16|892|761|1669
16|892|762|1670
16|893|762|1671
16|893|763|1672
16|894|763|1673
16|894|764|1674
16|895|764|1675
16|895|765|1676
16|896|765|1677
16|896|766|1678
16|897|766|1679
16|897|767|1680
16|898|767|1681
16|898|768|1682
16|899|768|1683
16|899|769|1684
16|900|769|1685
16|900|770|1686
16|901|770|1687
16|901|771|1688
16|902|771|1689
16|902|772|1690
16|903|772|1691
16|903|773|1692
16|904|773|1693
16|904|774|1694
16|905|774|1695
16|905|775|1696
16|906|775|1697
16|906|776|1698
16|907|776|1699
16|907|777|1700
16|908|777|1701
16|908|778|1702
16|909|778|1703
16|909|779|1704
16|910|779|1705
16|910|780|1706
16|911|780|1707
16|911|781|1708
16|912|781|1709
16|912|782|1710
16|913|782|1711
16|913|783|1712
16|914|783|1713
16|914|784|1714
16|915|784|1715
16|915|785|1716
16|916|785|1717
16|916|786|1718
16|917|786|1719
16|917|787|1720
16|918|787|1721
16|918|788|1722
16|919|788|1723
16|919|789|1724
16|920|789|1725
16|920|790|1726
16|921|790|1727
16|921|791|1728
16|922|791|1729
16|922|792|1730
16|923|792|1731
16|923|793|1732
16|924|793|1733
16|925|793|1734
16|926|793|1735
16|926|794|1736
16|927|794|1737
16|927|795|1738
16|928|795|1739
16|928|796|1740
16|929|796|1741
16|929|797|1742
16|930|797|1743
16|930|798|1744
16|931|798|1745
16|931|799|1746
16|932|799|1747
16|932|800|1748
16|933|800|1749
16|933|801|1750
16|934|801|1751
16|934|802|1752
16|935|802|1753
16|935|803|1754
16|936|803|1755
16|936|804|1756
16|937|804|1757
16|937|805|1758
16|938|805|1759
16|938|806|1760
16|939|806|1761
16|939|807|1762
16|940|807|1763
16|940|808|1764
16|941|808|1765
16|941|809|1766
17|941|809|1767
17|942|809|1768
18|942|809|1769
18|943|809|1770
18|944|809|1771
18|945|809|1772
18|946|809|1773
18|946|810|1774
18|947|810|1775
18|947|811|1776
18|948|811|1777
18|948|812|1778
18|949|812|1779
18|949|813|1780
18|950|813|1781
18|950|814|1782
18|951|814|1783
18|951|815|1784
18|952|815|1785
18|952|816|1786
18|953|816|1787
18|953|817|1788
18|954|817|1789
18|954|818|1790
18|955|818|1791
18|955|819|1792
18|956|819|1793
18|956|820|1794
18|957|820|1795
18|957|821|1796
18|958|821|1797
18|958|822|1798
18|959|822|1799
18|959|823|1800
18|960|823|1801
18|960|824|1802
18|961|824|1803
18|961|825|1804
18|962|825|1805
18|962|826|1806
18|963|826|1807
18|964|826|1808
18|965|826|1809
18|965|827|1810
18|966|827|1811
18|966|828|1812
18|967|828|1813
18|967|829|1814
18|968|829|1815
18|968|830|1816
18|969|830|1817
18|969|831|1818
18|970|831|1819
18|970|832|1820
18|971|832|1821
18|971|833|1822
18|972|833|1823
18|972|834|1824
18|973|834|1825
18|973|835|1826
18|974|835|1827
18|974|836|1828
18|975|836|1829
18|975|837|1830
18|976|837|1831
18|976|838|1832
18|977|838|1833
18|977|839|1834
18|978|839|1835
18|978|840|1836
18|979|840|1837
18|979|841|1838
18|980|841|1839
18|981|841|1840
18|982|841|1841
18|982|842|1842
18|983|842|1843
18|983|843|1844
18|984|843|1845
18|984|844|1846
18|985|844|1847
18|985|845|1848
18|986|845|1849
18|986|846|1850
18|987|846|1851
18|987|847|1852
18|988|847|1853
18|988|848|1854
18|989|848|1855
18|989|849|1856
18|990|849|1857
18|990|850|1858
18|991|850|1859
18|991|851|1860
18|992|851|1861
18|992|852|1862
18|993|852|1863
18|993|853|1864
18|994|853|1865
18|994|854|1866
18|995|854|1867
18|995|855|1868
18|996|855|1869
18|996|856|1870
18|997|856|1871
18|997|857|1872
18|998|857|1873
18|998|858|1874
19|998|858|1875
19|999|858|1876
20|999|858|1877
20|999|859|1878
20|1000|859|1879
20|1001|859|1880
20|1002|859|1881
20|1002|860|1882
20|1003|860|1883
20|1003|861|1884
20|1004|861|1885
20|1004|862|1886
20|1005|862|1887
20|1005|863|1888
20|1006|863|1889
20|1006|864|1890
20|1007|864|1891
20|1007|865|1892
20|1008|865|1893
20|1008|866|1894
20|1009|866|1895
20|1009|867|1896
20|1010|867|1897
20|1010|868|1898
20|1011|868|1899
20|1011|869|1900
20|1012|869|1901
20|1012|870|1902
20|1013|870|1903
20|1013|871|1904
20|1014|871|1905
20|1014|872|1906
20|1015|872|1907
20|1015|873|1908
20|1016|873|1909
20|1016|874|1910
20|1017|874|1911
20|1017|875|1912
20|1018|875|1913
20|1019|875|1914
20|1020|875|1915
20|1020|876|1916
20|1021|876|1917
20|1021|877|1918
20|1022|877|1919
20|1022|878|1920
20|1023|878|1921
20|1023|879|1922
20|1024|879|1923
20|1024|880|1924
20|1025|880|1925
20|1025|881|1926
20|1026|881|1927
20|1026|882|1928
20|1027|882|1929
20|1027|883|1930
20|1028|883|1931
20|1028|884|1932
20|1029|884|1933
20|1029|885|1934
20|1030|885|1935
20|1030|886|1936
20|1031|886|1937
20|1031|887|1938
20|1032|887|1939
20|1032|888|1940
20|1033|888|1941
20|1033|889|1942
20|1034|889|1943
20|1034|890|1944
20|1035|890|1945
20|1035|891|1946
20|1036|891|1947
20|1036|892|1948
20|1037|892|1949
20|1037|893|1950
20|1038|893|1951
20|1038|894|1952
20|1039|894|1953
20|1039|895|1954
20|1040|895|1955
20|1040|896|1956
20|1041|896|1957
20|1041|897|1958
20|1042|897|1959
20|1042|898|1960
20|1043|898|1961
20|1043|899|1962
20|1044|899|1963
20|1044|900|1964
20|1045|900|1965
20|1045|901|1966
20|1046|901|1967
20|1046|902|1968
20|1047|902|1969
20|1047|903|1970
20|1048|903|1971
20|1048|904|1972
20|1049|904|1973
20|1049|905|1974
20|1050|905|1975
20|1050|906|1976
20|1051|906|1977
20|1051|907|1978
20|1052|907|1979
20|1052|908|1980
20|1053|908|1981
20|1053|909|1982
20|1054|909|1983
20|1054|910|1984
20|1055|910|1985
20|1055|911|1986
20|1056|911|1987
20|1056|912|1988
20|1057|912|1989
20|1057|913|1990
20|1058|913|1991
20|1058|914|1992
20|1059|914|1993
20|1059|915|1994
20|1060|915|1995
20|1060|916|1996
20|1061|916|1997
20|1061|917|1998
20|1062|917|1999
20|1062|918|2000
