total
0|1|0|1
1|1|0|2
1|2|0|3
1|3|0|4
1|4|0|5
2|4|0|6
2|5|0|7
2|6|0|8
2|7|0|9
2|8|0|10
2|8|1|11
2|9|1|12
2|9|2|13
2|10|2|14
2|10|3|15
2|11|3|16
2|11|4|17
2|12|4|18
2|12|5|19
2|13|5|20
2|13|6|21
2|14|6|22
2|14|7|23
2|15|7|24
2|15|8|25
2|16|8|26
2|16|9|27
2|17|9|28
2|17|10|29
2|18|10|30
2|18|11|31
2|19|11|32
2|19|12|33
2|20|12|34
2|20|13|35
2|21|13|36
2|21|14|37
2|22|14|38
2|22|15|39
2|23|15|40
2|23|16|41
2|24|16|42
2|24|17|43
2|25|17|44
2|25|18|45
2|26|18|46
2|27|18|47
2|28|18|48
2|29|18|49
2|30|18|50
2|30|19|51
2|31|19|52
2|31|20|53
2|32|20|54
2|32|21|55
2|33|21|56
2|33|22|57
2|34|22|58
2|34|23|59
2|35|23|60
2|36|23|61
2|37|23|62
2|37|24|63
2|38|24|64
2|38|25|65
2|39|25|66
2|39|26|67
2|40|26|68
2|41|26|69
2|42|26|70
2|43|26|71
2|44|26|72
2|44|27|73
2|45|27|74
2|46|27|75
2|47|27|76
2|47|28|77
2|48|28|78
2|49|28|79
2|50|28|80
2|51|28|81
2|52|28|82
2|53|28|83
2|54|28|84
2|55|28|85
2|56|28|86
2|57|28|87
2|58|28|88
2|59|28|89
2|60|28|90
2|61|28|91
2|62|28|92
2|63|28|93
2|64|28|94
2|65|28|95
2|66|28|96
2|67|28|97
2|68|28|98
2|69|28|99
2|70|28|100
2|71|28|101
2|72|28|102
2|73|28|103
2|74|28|104
2|75|28|105
2|76|28|106
2|77|28|107
2|78|28|108
2|79|28|109
2|80|28|110
2|81|28|111
2|82|28|112
2|83|28|113
2|84|28|114
2|85|28|115
2|86|28|116
2|87|28|117
2|88|28|118
2|89|28|119
2|90|28|120
2|91|28|121
2|92|28|122
2|93|28|123
2|94|28|124
2|95|28|125
2|96|28|126
2|97|28|127
2|98|28|128
2|99|28|129
2|100|28|130
2|101|28|131
2|102|28|132
2|103|28|133
2|104|28|134
2|105|28|135
2|106|28|136
2|107|28|137
2|108|28|138
2|109|28|139
2|110|28|140
2|111|28|141
2|112|28|142
2|113|28|143
2|114|28|144
2|115|28|145
2|116|28|146
2|117|28|147
2|118|28|148
2|119|28|149
2|120|28|150
2|121|28|151
2|122|28|152
2|123|28|153
2|124|28|154
2|125|28|155
2|126|28|156
2|126|29|157
2|127|29|158
2|128|29|159
2|129|29|160
2|130|29|161
2|131|29|162
2|131|30|163
2|132|30|164
2|132|31|165
2|133|31|166
2|133|32|167
2|134|32|168
2|135|32|169
2|136|32|170
2|136|33|171
2|137|33|172
2|137|34|173
2|138|34|174
2|138|35|175
2|139|35|176
2|139|36|177
2|140|36|178
2|140|37|179
2|141|37|180
2|141|38|181
2|142|38|182
2|143|38|183
2|144|38|184
2|145|38|185
2|146|38|186
2|146|39|187
2|147|39|188
2|147|40|189
2|148|40|190
2|148|41|191
2|149|41|192
2|150|41|193
2|151|41|194
2|151|42|195
2|152|42|196
2|152|43|197
2|153|43|198
2|153|44|199
2|154|44|200
2|154|45|201
2|155|45|202
2|155|46|203
2|156|46|204
2|157|46|205
2|158|46|206
2|159|46|207
2|160|46|208
2|160|47|209
2|161|47|210
2|161|48|211
2|162|48|212
2|163|48|213
2|164|48|214
2|165|48|215
2|166|48|216
2|166|49|217
2|167|49|218
2|168|49|219
2|169|49|220
2|169|50|221
2|170|50|222
2|171|50|223
2|172|50|224
2|172|51|225
2|173|51|226
2|173|52|227
2|174|52|228
2|174|53|229
2|175|53|230
2|176|53|231
2|177|53|232
2|178|53|233
2|179|53|234
2|179|54|235
2|180|54|236
2|180|55|237
2|181|55|238
2|182|55|239
2|183|55|240
2|183|56|241
2|184|56|242
2|184|57|243
2|185|57|244
2|185|58|245
2|186|58|246
2|186|59|247
2|187|59|248
2|187|60|249
3|187|60|250
3|187|61|251
3|188|61|252
3|188|62|253
3|189|62|254
3|190|62|255
3|191|62|256
3|192|62|257
3|193|62|258
3|194|62|259
3|195|62|260
3|195|63|261
3|196|63|262
3|196|64|263
3|197|64|264
3|197|65|265
3|198|65|266
3|198|66|267
3|199|66|268
3|200|66|269
3|201|66|270
3|201|67|271
3|202|67|272
3|202|68|273
3|203|68|274
3|204|68|275
3|205|68|276
3|205|69|277
3|206|69|278
3|206|70|279
3|207|70|280
3|207|71|281
3|208|71|282
3|208|72|283
3|209|72|284
3|209|73|285
4|209|73|286
4|209|74|287
4|210|74|288
4|211|74|289
4|212|74|290
4|213|74|291
4|214|74|292
4|215|74|293
4|216|74|294
4|216|75|295
4|217|75|296
4|218|75|297
4|219|75|298
4|219|76|299
4|220|76|300
4|220|77|301
4|221|77|302
4|221|78|303
4|222|78|304
4|222|79|305
4|223|79|306
4|223|80|307
4|224|80|308
4|224|81|309
4|225|81|310
4|225|82|311
4|226|82|312
4|226|83|313
4|227|83|314
4|227|84|315
4|228|84|316
4|228|85|317
4|229|85|318
4|229|86|319
4|230|86|320
4|230|87|321
4|231|87|322
4|231|88|323
4|232|88|324
4|232|89|325
4|233|89|326
4|233|90|327
4|234|90|328
4|234|91|329
4|235|91|330
4|235|92|331
4|236|92|332
4|236|93|333
4|237|93|334
4|237|94|335
4|238|94|336
4|238|95|337
4|239|95|338
4|239|96|339
4|240|96|340
4|240|97|341
4|241|97|342
4|241|98|343
4|242|98|344
4|242|99|345
4|243|99|346
4|243|100|347
4|244|100|348
4|244|101|349
4|245|101|350
4|245|102|351
4|246|102|352
4|246|103|353
4|247|103|354
4|247|104|355
4|248|104|356
4|248|105|357
4|249|105|358
4|249|106|359
4|250|106|360
4|250|107|361
4|251|107|362
4|251|108|363
4|252|108|364
4|252|109|365
4|253|109|366
4|253|110|367
4|254|110|368
4|254|111|369
4|255|111|370
4|256|111|371
4|257|111|372
4|258|111|373
4|259|111|374
4|259|112|375
4|260|112|376
4|260|113|377
4|261|113|378
4|262|113|379
4|263|113|380
4|263|114|381
4|264|114|382
4|265|114|383
4|266|114|384
4|266|115|385
4|267|115|386
4|267|116|387
4|268|116|388
4|268|117|389
4|269|117|390
4|270|117|391
4|271|117|392
4|272|117|393
4|273|117|394
4|273|118|395
4|274|118|396
4|274|119|397
4|275|119|398
4|276|119|399
5|276|119|400
5|276|120|401
5|277|120|402
5|277|121|403
5|278|121|404
5|279|121|405
5|280|121|406
5|280|122|407
5|281|122|408
5|282|122|409
5|283|122|410
5|283|123|411
5|284|123|412
5|284|124|413
5|285|124|414
5|285|125|415
5|286|125|416
5|286|126|417
5|287|126|418
5|287|127|419
5|288|127|420
5|289|127|421
5|290|127|422
5|290|128|423
5|291|128|424
5|291|129|425
5|292|129|426
5|292|130|427
5|293|130|428
5|293|131|429
5|294|131|430
5|294|132|431
5|295|132|432
5|295|133|433
5|296|133|434
5|296|134|435
5|297|134|436
5|297|135|437
5|298|135|438
5|299|135|439
5|300|135|440
5|300|136|441
5|301|136|442
5|301|137|443
5|302|137|444
5|302|138|445
5|303|138|446
5|303|139|447
5|304|139|448
5|304|140|449
5|305|140|450
5|305|141|451
5|306|141|452
5|306|142|453
5|307|142|454
5|307|143|455
5|308|143|456
5|308|144|457
5|309|144|458
5|309|145|459
5|310|145|460
5|310|146|461
5|311|146|462
5|311|147|463
5|312|147|464
5|312|148|465
5|313|148|466
5|313|149|467
5|314|149|468
5|314|150|469
5|315|150|470
5|315|151|471
5|316|151|472
5|316|152|473
5|317|152|474
5|317|153|475
5|318|153|476
5|318|154|477
5|319|154|478
5|319|155|479
5|320|155|480
5|321|155|481
5|322|155|482
5|322|156|483
5|323|156|484
5|323|157|485
5|324|157|486
5|325|157|487
6|325|157|488
6|326|157|489
6|327|157|490
6|327|158|491
6|328|158|492
6|329|158|493
6|330|158|494
6|330|159|495
6|331|159|496
6|331|160|497
6|332|160|498
6|333|160|499
6|334|160|500
6|335|160|501
6|336|160|502
6|336|161|503
6|337|161|504
6|337|162|505
6|338|162|506
6|339|162|507
6|340|162|508
6|341|162|509
6|342|162|510
6|342|163|511
6|343|163|512
6|344|163|513
6|345|163|514
6|345|164|515
6|346|164|516
6|346|165|517
6|347|165|518
6|347|166|519
6|348|166|520
6|348|167|521
6|349|167|522
6|349|168|523
7|349|168|524
7|349|169|525
7|350|169|526
7|350|170|527
7|351|170|528
7|351|171|529
7|352|171|530
7|352|172|531
7|353|172|532
7|353|173|533
7|354|173|534
7|354|174|535
7|355|174|536
7|355|175|537
8|355|175|538
8|355|176|539
8|356|176|540
8|356|177|541
8|357|177|542
8|357|178|543
9|357|178|544
9|357|179|545
9|358|179|546
9|358|180|547
10|358|180|548
10|358|181|549
10|359|181|550
10|359|182|551
10|360|182|552
10|360|183|553
10|361|183|554
10|361|184|555
10|362|184|556
10|362|185|557
10|363|185|558
10|363|186|559
10|364|186|560
10|364|187|561
10|365|187|562
10|365|188|563
10|366|188|564
10|366|189|565
10|367|189|566
10|367|190|567
10|368|190|568
10|368|191|569
10|369|191|570
10|369|192|571
10|370|192|572
10|370|193|573
10|371|193|574
10|371|194|575
10|372|194|576
10|372|195|577
10|373|195|578
10|373|196|579
10|374|196|580
10|374|197|581
10|375|197|582
10|375|198|583
10|376|198|584
10|376|199|585
10|377|199|586
10|377|200|587
10|378|200|588
10|378|201|589
10|379|201|590
10|379|202|591
10|380|202|592
10|380|203|593
10|381|203|594
10|381|204|595
10|382|204|596
10|382|205|597
10|383|205|598
10|383|206|599
10|384|206|600
10|384|207|601
10|385|207|602
10|385|208|603
10|386|208|604
10|386|209|605
10|387|209|606
10|387|210|607
10|388|210|608
10|388|211|609
10|389|211|610
10|389|212|611
10|390|212|612
10|390|213|613
10|391|213|614
10|391|214|615
10|392|214|616
10|392|215|617
10|393|215|618
10|393|216|619
10|394|216|620
10|394|217|621
10|395|217|622
10|395|218|623
10|396|218|624
10|396|219|625
10|397|219|626
10|397|220|627
10|398|220|628
10|398|221|629
10|399|221|630
10|400|221|631
10|401|221|632
10|402|221|633
10|403|221|634
10|403|222|635
10|404|222|636
10|404|223|637
10|405|223|638
10|405|224|639
10|406|224|640
10|406|225|641
10|407|225|642
10|407|226|643
10|408|226|644
10|408|227|645
10|409|227|646
10|409|228|647
10|410|228|648
10|410|229|649
10|411|229|650
10|412|229|651
10|413|229|652
10|414|229|653
10|415|229|654
10|415|230|655
10|416|230|656
10|416|231|657
10|417|231|658
10|417|232|659
11|417|232|660
11|417|233|661
12|417|233|662
12|417|234|663
12|418|234|664
12|418|235|665
12|419|235|666
12|419|236|667
12|420|236|668
12|421|236|669
12|422|236|670
12|422|237|671
12|423|237|672
12|423|238|673
12|424|238|674
12|424|239|675
12|425|239|676
12|425|240|677
12|426|240|678
12|426|241|679
12|427|241|680
12|427|242|681
13|427|242|682
13|427|243|683
13|428|243|684
13|428|244|685
13|429|244|686
13|430|244|687
13|431|244|688
13|431|245|689
13|432|245|690
13|432|246|691
13|433|246|692
13|433|247|693
13|434|247|694
13|434|248|695
13|435|248|696
13|435|249|697
13|436|249|698
13|436|250|699
13|437|250|700
13|437|251|701
13|438|251|702
13|438|252|703
13|439|252|704
13|439|253|705
13|440|253|706
13|440|254|707
13|441|254|708
13|441|255|709
13|442|255|710
13|442|256|711
13|443|256|712
13|443|257|713
13|444|257|714
13|444|258|715
13|445|258|716
13|445|259|717
13|446|259|718
13|446|260|719
13|447|260|720
13|447|261|721
13|448|261|722
13|448|262|723
13|449|262|724
13|449|263|725
13|450|263|726
13|450|264|727
13|451|264|728
13|451|265|729
13|452|265|730
13|452|266|731
13|453|266|732
13|453|267|733
13|454|267|734
13|454|268|735
13|455|268|736
13|455|269|737
13|456|269|738
13|457|269|739
13|458|269|740
13|459|269|741
13|460|269|742
13|460|270|743
13|461|270|744
13|461|271|745
13|462|271|746
13|462|272|747
13|463|272|748
13|463|273|749
13|464|273|750
13|464|274|751
13|465|274|752
13|465|275|753
13|466|275|754
13|466|276|755
13|467|276|756
13|467|277|757
13|468|277|758
13|469|277|759
13|470|277|760
13|471|277|761
13|472|277|762
13|473|277|763
13|474|277|764
13|475|277|765
13|476|277|766
13|477|277|767
13|478|277|768
13|479|277|769
13|480|277|770
13|481|277|771
13|482|277|772
13|483|277|773
13|484|277|774
13|485|277|775
13|486|277|776
13|487|277|777
13|488|277|778
13|489|277|779
13|490|277|780
13|491|277|781
13|492|277|782
13|493|277|783
13|494|277|784
13|495|277|785
13|496|277|786
13|497|277|787
13|498|277|788
13|499|277|789
13|500|277|790
13|501|277|791
13|502|277|792
13|503|277|793
13|504|277|794
13|505|277|795
13|506|277|796
13|507|277|797
13|508|277|798
13|509|277|799
13|510|277|800
13|511|277|801
13|512|277|802
13|513|277|803
13|514|277|804
13|515|277|805
13|516|277|806
13|517|277|807
13|518|277|808
13|519|277|809
13|520|277|810
13|521|277|811
13|522|277|812
13|523|277|813
13|524|277|814
13|525|277|815
13|526|277|816
13|527|277|817
13|528|277|818
13|529|277|819
13|530|277|820
13|531|277|821
13|532|277|822
13|533|277|823
13|534|277|824
13|535|277|825
13|536|277|826
13|537|277|827
13|538|277|828
13|539|277|829
13|540|277|830
13|541|277|831
13|542|277|832
13|543|277|833
13|544|277|834
13|545|277|835
13|546|277|836
13|547|277|837
13|548|277|838
13|548|278|839
13|549|278|840
13|550|278|841
13|551|278|842
13|551|279|843
13|552|279|844
13|552|280|845
13|553|280|846
13|553|281|847
13|554|281|848
13|554|282|849
13|555|282|850
13|556|282|851
13|557|282|852
13|557|283|853
13|558|283|854
13|558|284|855
13|559|284|856
13|559|285|857
13|560|285|858
13|561|285|859
13|562|285|860
13|563|285|861
13|564|285|862
13|565|285|863
13|566|285|864
13|566|286|865
13|567|286|866
13|567|287|867
13|568|287|868
13|569|287|869
13|570|287|870
13|570|288|871
13|571|288|872
13|572|288|873
13|573|288|874
13|574|288|875
13|575|288|876
13|575|289|877
13|576|289|878
13|576|290|879
13|577|290|880
13|577|291|881
13|578|291|882
13|578|292|883
13|579|292|884
13|579|293|885
13|580|293|886
13|580|294|887
13|581|294|888
13|581|295|889
13|582|295|890
13|583|295|891
13|584|295|892
13|584|296|893
13|585|296|894
13|585|297|895
13|586|297|896
13|586|298|897
13|587|298|898
13|587|299|899
13|588|299|900
13|588|300|901
13|589|300|902
13|589|301|903
13|590|301|904
13|591|301|905
13|592|301|906
13|592|302|907
13|593|302|908
13|594|302|909
13|595|302|910
13|595|303|911
13|596|303|912
13|596|304|913
13|597|304|914
13|597|305|915
13|598|305|916
13|599|305|917
13|600|305|918
13|600|306|919
13|601|306|920
13|601|307|921
13|602|307|922
13|603|307|923
13|604|307|924
13|604|308|925
13|605|308|926
13|605|309|927
13|606|309|928
13|606|310|929
13|607|310|930
13|608|310|931
13|609|310|932
13|610|310|933
13|611|310|934
13|611|311|935
13|612|311|936
13|612|312|937
13|613|312|938
13|614|312|939
13|615|312|940
13|616|312|941
13|617|312|942
13|618|312|943
13|619|312|944
13|619|313|945
13|620|313|946
13|620|314|947
13|621|314|948
13|621|315|949
13|622|315|950
13|622|316|951
13|623|316|952
13|624|316|953
13|625|316|954
13|625|317|955
13|626|317|956
13|626|318|957
13|627|318|958
13|627|319|959
13|628|319|960
13|629|319|961
13|630|319|962
13|630|320|963
13|631|320|964
13|631|321|965
13|632|321|966
13|632|322|967
13|633|322|968
13|633|323|969
13|634|323|970
13|634|324|971
13|635|324|972
13|635|325|973
13|636|325|974
13|637|325|975
13|638|325|976
13|639|325|977
13|640|325|978
13|641|325|979
13|642|325|980
13|642|326|981
13|643|326|982
13|643|327|983
13|644|327|984
13|644|328|985
13|645|328|986
13|645|329|987
13|646|329|988
13|646|330|989
13|647|330|990
13|647|331|991
13|648|331|992
13|648|332|993
13|649|332|994
13|649|333|995
13|650|333|996
13|650|334|997
13|651|334|998
13|651|335|999
13|652|335|1000
13|652|336|1001
13|653|336|1002
13|653|337|1003
13|654|337|1004
13|654|338|1005
13|655|338|1006
13|655|339|1007
13|656|339|1008
13|656|340|1009
13|657|340|1010
13|657|341|1011
13|658|341|1012
13|658|342|1013
13|659|342|1014
13|659|343|1015
13|660|343|1016
13|660|344|1017
13|661|344|1018
13|661|345|1019
13|662|345|1020
13|662|346|1021
13|663|346|1022
13|663|347|1023
13|664|347|1024
13|664|348|1025
13|665|348|1026
13|665|349|1027
13|666|349|1028
13|666|350|1029
13|667|350|1030
13|667|351|1031
13|668|351|1032
13|668|352|1033
13|669|352|1034
13|669|353|1035
13|670|353|1036
13|670|354|1037
13|671|354|1038
13|671|355|1039
13|672|355|1040
13|672|356|1041
13|673|356|1042
13|673|357|1043
13|674|357|1044
13|674|358|1045
13|675|358|1046
13|675|359|1047
13|676|359|1048
13|676|360|1049
13|677|360|1050
13|677|361|1051
13|678|361|1052
13|678|362|1053
13|679|362|1054
13|680|362|1055
13|681|362|1056
13|682|362|1057
13|683|362|1058
13|683|363|1059
13|684|363|1060
13|684|364|1061
13|685|364|1062
13|686|364|1063
13|687|364|1064
13|687|365|1065
13|688|365|1066
13|689|365|1067
13|690|365|1068
13|691|365|1069
13|692|365|1070
13|692|366|1071
13|693|366|1072
13|693|367|1073
13|694|367|1074
13|695|367|1075
13|696|367|1076
13|696|368|1077
13|697|368|1078
13|697|369|1079
13|698|369|1080
13|699|369|1081
13|700|369|1082
13|701|369|1083
13|702|369|1084
13|702|370|1085
13|703|370|1086
13|703|371|1087
13|704|371|1088
13|704|372|1089
13|705|372|1090
13|705|373|1091
13|706|373|1092
13|706|374|1093
13|707|374|1094
13|707|375|1095
13|708|375|1096
13|708|376|1097
13|709|376|1098
13|709|377|1099
13|710|377|1100
13|710|378|1101
13|711|378|1102
13|711|379|1103
13|712|379|1104
13|712|380|1105
13|713|380|1106
13|713|381|1107
13|714|381|1108
13|714|382|1109
13|715|382|1110
13|715|383|1111
13|716|383|1112
13|716|384|1113
13|717|384|1114
13|717|385|1115
13|718|385|1116
13|718|386|1117
13|719|386|1118
13|719|387|1119
13|720|387|1120
13|720|388|1121
13|721|388|1122
13|721|389|1123
13|722|389|1124
13|722|390|1125
13|723|390|1126
13|723|391|1127
13|724|391|1128
13|724|392|1129
13|725|392|1130
13|725|393|1131
13|726|393|1132
13|726|394|1133
13|727|394|1134
13|727|395|1135
13|728|395|1136
13|728|396|1137
13|729|396|1138
13|729|397|1139
13|730|397|1140
13|730|398|1141
13|731|398|1142
13|731|399|1143
13|732|399|1144
13|732|400|1145
13|733|400|1146
13|733|401|1147
13|734|401|1148
13|734|402|1149
13|735|402|1150
13|735|403|1151
13|736|403|1152
13|736|404|1153
13|737|404|1154
13|737|405|1155
13|738|405|1156
13|738|406|1157
13|739|406|1158
13|739|407|1159
13|740|407|1160
13|740|408|1161
13|741|408|1162
13|742|408|1163
13|743|408|1164
13|744|408|1165
13|745|408|1166
13|745|409|1167
13|746|409|1168
13|746|410|1169
13|747|410|1170
13|748|410|1171
13|749|410|1172
13|749|411|1173
13|750|411|1174
13|750|412|1175
13|751|412|1176
13|752|412|1177
13|753|412|1178
13|753|413|1179
13|754|413|1180
13|754|414|1181
13|755|414|1182
13|755|415|1183
13|756|415|1184
13|757|415|1185
13|758|415|1186
13|758|416|1187
13|759|416|1188
13|760|416|1189
13|761|416|1190
13|761|417|1191
13|762|417|1192
13|763|417|1193
13|764|417|1194
13|764|418|1195
13|765|418|1196
13|765|419|1197
13|766|419|1198
13|766|420|1199
13|767|420|1200
13|767|421|1201
13|768|421|1202
13|768|422|1203
13|769|422|1204
13|769|423|1205
13|770|423|1206
13|770|424|1207
13|771|424|1208
13|771|425|1209
13|772|425|1210
13|772|426|1211
13|773|426|1212
13|773|427|1213
13|774|427|1214
13|774|428|1215
13|775|428|1216
13|775|429|1217
13|776|429|1218
13|776|430|1219
13|777|430|1220
13|777|431|1221
13|778|431|1222
13|778|432|1223
13|779|432|1224
13|779|433|1225
13|780|433|1226
13|780|434|1227
14|780|434|1228
14|780|435|1229
14|781|435|1230
14|781|436|1231
14|782|436|1232
14|782|437|1233
14|783|437|1234
14|783|438|1235
14|784|438|1236
14|784|439|1237
14|785|439|1238
14|785|440|1239
14|786|440|1240
14|786|441|1241
14|787|441|1242
14|787|442|1243
14|788|442|1244
14|788|443|1245
14|789|443|1246
14|789|444|1247
14|790|444|1248
14|790|445|1249
14|791|445|1250
14|791|446|1251
14|792|446|1252
14|792|447|1253
14|793|447|1254
14|793|448|1255
14|794|448|1256
14|794|449|1257
14|795|449|1258
14|795|450|1259
14|796|450|1260
14|796|451|1261
14|797|451|1262
14|797|452|1263
14|798|452|1264
14|798|453|1265
14|799|453|1266
14|799|454|1267
14|800|454|1268
14|800|455|1269
14|801|455|1270
14|801|456|1271
14|802|456|1272
14|802|457|1273
14|803|457|1274
14|803|458|1275
14|804|458|1276
14|804|459|1277
14|805|459|1278
14|805|460|1279
14|806|460|1280
14|806|461|1281
14|807|461|1282
14|807|462|1283
14|808|462|1284
14|808|463|1285
14|809|463|1286
14|809|464|1287
14|810|464|1288
14|810|465|1289
14|811|465|1290
14|811|466|1291
14|812|466|1292
14|812|467|1293
14|813|467|1294
14|813|468|1295
14|814|468|1296
14|814|469|1297
14|815|469|1298
14|815|470|1299
14|816|470|1300
14|816|471|1301
14|817|471|1302
14|817|472|1303
14|818|472|1304
14|818|473|1305
14|819|473|1306
14|819|474|1307
14|820|474|1308
14|820|475|1309
14|821|475|1310
14|821|476|1311
14|822|476|1312
14|822|477|1313
14|823|477|1314
14|823|478|1315
14|824|478|1316
14|825|478|1317
14|826|478|1318
14|826|479|1319
14|827|479|1320
14|827|480|1321
14|828|480|1322
14|829|480|1323
14|830|480|1324
14|830|481|1325
14|831|481|1326
14|831|482|1327
14|832|482|1328
14|832|483|1329
14|833|483|1330
14|833|484|1331
14|834|484|1332
14|835|484|1333
14|836|484|1334
14|837|484|1335
14|838|484|1336
14|839|484|1337
14|840|484|1338
14|841|484|1339
14|842|484|1340
14|842|485|1341
14|843|485|1342
14|843|486|1343
14|844|486|1344
14|844|487|1345
14|845|487|1346
14|845|488|1347
14|846|488|1348
14|846|489|1349
14|847|489|1350
14|848|489|1351
14|849|489|1352
14|849|490|1353
14|850|490|1354
14|850|491|1355
14|851|491|1356
14|852|491|1357
14|853|491|1358
14|853|492|1359
14|854|492|1360
14|854|493|1361
14|855|493|1362
14|855|494|1363
14|856|494|1364
14|857|494|1365
14|858|494|1366
14|858|495|1367
14|859|495|1368
14|859|496|1369
14|860|496|1370
14|861|496|1371
14|862|496|1372
14|863|496|1373
14|864|496|1374
14|865|496|1375
14|866|496|1376
14|866|497|1377
14|867|497|1378
14|867|498|1379
14|868|498|1380
14|868|499|1381
14|869|499|1382
14|869|500|1383
14|870|500|1384
14|870|501|1385
14|871|501|1386
14|871|502|1387
14|872|502|1388
14|872|503|1389
14|873|503|1390
14|873|504|1391
14|874|504|1392
14|874|505|1393
14|875|505|1394
14|875|506|1395
14|876|506|1396
14|876|507|1397
14|877|507|1398
14|877|508|1399
14|878|508|1400
14|878|509|1401
14|879|509|1402
14|879|510|1403
14|880|510|1404
14|880|511|1405
14|881|511|1406
14|881|512|1407
14|882|512|1408
14|882|513|1409
14|883|513|1410
14|883|514|1411
14|884|514|1412
14|884|515|1413
14|885|515|1414
14|885|516|1415
14|886|516|1416
14|886|517|1417
14|887|517|1418
14|887|518|1419
14|888|518|1420
14|888|519|1421
14|889|519|1422
14|890|519|1423
14|891|519|1424
14|891|520|1425
14|892|520|1426
14|892|521|1427
14|893|521|1428
14|894|521|1429
14|895|521|1430
14|895|522|1431
14|896|522|1432
14|896|523|1433
14|897|523|1434
14|897|524|1435
14|898|524|1436
14|898|525|1437
14|899|525|1438
14|899|526|1439
14|900|526|1440
14|900|527|1441
14|901|527|1442
14|902|527|1443
14|903|527|1444
14|904|527|1445
14|905|527|1446
14|906|527|1447
14|907|527|1448
14|907|528|1449
14|908|528|1450
14|909|528|1451
14|910|528|1452
14|911|528|1453
14|912|528|1454
14|913|528|1455
14|914|528|1456
14|915|528|1457
14|916|528|1458
14|917|528|1459
14|918|528|1460
14|919|528|1461
14|920|528|1462
14|921|528|1463
14|922|528|1464
14|923|528|1465
14|924|528|1466
14|925|528|1467
14|926|528|1468
14|927|528|1469
14|928|528|1470
14|929|528|1471
14|930|528|1472
14|931|528|1473
14|932|528|1474
14|933|528|1475
14|934|528|1476
14|935|528|1477
14|936|528|1478
14|937|528|1479
14|938|528|1480
14|939|528|1481
14|940|528|1482
14|941|528|1483
14|942|528|1484
14|943|528|1485
14|944|528|1486
14|945|528|1487
14|946|528|1488
14|947|528|1489
14|948|528|1490
14|949|528|1491
14|950|528|1492
14|951|528|1493
14|952|528|1494
14|953|528|1495
14|954|528|1496
14|955|528|1497
14|956|528|1498
14|957|528|1499
14|958|528|1500
14|959|528|1501
14|960|528|1502
14|961|528|1503
14|962|528|1504
14|963|528|1505
14|964|528|1506
14|965|528|1507
14|966|528|1508
14|967|528|1509
14|968|528|1510
14|969|528|1511
14|970|528|1512
14|971|528|1513
14|972|528|1514
14|973|528|1515
14|974|528|1516
14|975|528|1517
14|976|528|1518
14|977|528|1519
14|978|528|1520
14|979|528|1521
14|980|528|1522
14|980|529|1523
14|981|529|1524
14|981|530|1525
14|982|530|1526
14|983|530|1527
14|984|530|1528
14|985|530|1529
14|986|530|1530
14|986|531|1531
14|987|531|1532
14|988|531|1533
14|989|531|1534
14|989|532|1535
14|990|532|1536
14|991|532|1537
14|992|532|1538
14|992|533|1539
14|993|533|1540
14|993|534|1541
14|994|534|1542
14|995|534|1543
14|996|534|1544
14|996|535|1545
14|997|535|1546
14|998|535|1547
14|999|535|1548
14|999|536|1549
14|1000|536|1550
14|1001|536|1551
14|1002|536|1552
14|1002|537|1553
14|1003|537|1554
14|1003|538|1555
14|1004|538|1556
14|1004|539|1557
14|1005|539|1558
14|1005|540|1559
14|1006|540|1560
14|1006|541|1561
14|1007|541|1562
14|1007|542|1563
14|1008|542|1564
14|1008|543|1565
14|1009|543|1566
14|1010|543|1567
14|1011|543|1568
14|1012|543|1569
14|1013|543|1570
14|1013|544|1571
14|1014|544|1572
14|1015|544|1573
14|1016|544|1574
14|1016|545|1575
14|1017|545|1576
14|1017|546|1577
14|1018|546|1578
14|1018|547|1579
14|1019|547|1580
14|1019|548|1581
14|1020|548|1582
14|1020|549|1583
14|1021|549|1584
14|1021|550|1585
14|1022|550|1586
14|1022|551|1587
14|1023|551|1588
14|1023|552|1589
14|1024|552|1590
14|1025|552|1591
14|1026|552|1592
14|1026|553|1593
14|1027|553|1594
14|1027|554|1595
14|1028|554|1596
14|1028|555|1597
14|1029|555|1598
14|1029|556|1599
14|1030|556|1600
14|1030|557|1601
14|1031|557|1602
14|1031|558|1603
14|1032|558|1604
14|1032|559|1605
14|1033|559|1606
14|1034|560|1608
14|1035|560|1609
14|1035|561|1610
14|1036|561|1611
14|1036|562|1612
14|1037|562|1613
14|1037|563|1614
14|1038|563|1615
14|1038|564|1616
14|1039|564|1617
14|1039|565|1618
14|1040|565|1619
14|1040|566|1620
14|1041|566|1621
14|1041|567|1622
14|1042|567|1623
14|1043|567|1624
14|1044|567|1625
14|1045|567|1626
14|1046|567|1627
14|1047|567|1628
14|1048|567|1629
14|1048|568|1630
14|1049|568|1631
14|1049|569|1632
14|1050|569|1633
14|1050|570|1634
14|1051|570|1635
14|1051|571|1636
14|1052|571|1637
14|1052|572|1638
14|1053|572|1639
14|1053|573|1640
14|1054|573|1641
14|1054|574|1642
14|1055|574|1643
14|1055|575|1644
14|1056|575|1645
14|1056|576|1646
14|1057|576|1647
14|1057|577|1648
14|1058|577|1649
14|1058|578|1650
14|1059|578|1651
14|1059|579|1652
14|1060|579|1653
14|1060|580|1654
14|1061|580|1655
14|1061|581|1656
14|1062|581|1657
14|1062|582|1658
14|1063|582|1659
14|1064|582|1660
14|1065|582|1661
14|1066|582|1662
14|1067|582|1663
14|1068|582|1664
14|1069|582|1665
14|1069|583|1666
14|1070|583|1667
14|1070|584|1668
14|1071|584|1669
14|1071|585|1670
14|1072|585|1671
14|1072|586|1672
14|1073|586|1673
14|1073|587|1674
14|1074|587|1675
14|1074|588|1676
14|1075|588|1677
14|1075|589|1678
14|1076|589|1679
14|1076|590|1680
14|1077|590|1681
14|1077|591|1682
14|1078|591|1683
14|1078|592|1684
14|1079|592|1685
14|1079|593|1686
14|1080|593|1687
14|1080|594|1688
14|1081|594|1689
14|1081|595|1690
14|1082|595|1691
14|1082|596|1692
14|1083|596|1693
14|1083|597|1694
14|1084|597|1695
14|1084|598|1696
14|1085|598|1697
14|1085|599|1698
14|1086|599|1699
14|1086|600|1700
14|1087|600|1701
14|1087|601|1702
14|1088|601|1703
14|1088|602|1704
14|1089|602|1705
14|1089|603|1706
14|1090|603|1707
14|1090|604|1708
14|1091|604|1709
14|1091|605|1710
14|1092|605|1711
14|1092|606|1712
14|1093|606|1713
14|1093|607|1714
14|1094|607|1715
14|1094|608|1716
14|1095|608|1717
14|1095|609|1718
14|1096|609|1719
14|1096|610|1720
14|1097|610|1721
14|1097|611|1722
14|1098|611|1723
14|1098|612|1724
14|1099|612|1725
14|1099|613|1726
14|1100|613|1727
14|1100|614|1728
14|1101|614|1729
14|1101|615|1730
14|1102|615|1731
14|1102|616|1732
14|1103|616|1733
14|1103|617|1734
14|1104|617|1735
14|1104|618|1736
14|1105|618|1737
14|1105|619|1738
14|1106|619|1739
14|1106|620|1740
14|1107|620|1741
14|1107|621|1742
14|1108|621|1743
14|1108|622|1744
14|1109|622|1745
14|1109|623|1746
14|1110|623|1747
14|1110|624|1748
14|1111|624|1749
14|1111|625|1750
14|1112|625|1751
14|1112|626|1752
14|1113|626|1753
14|1113|627|1754
14|1114|627|1755
14|1114|628|1756
14|1115|628|1757
14|1115|629|1758
14|1116|629|1759
14|1116|630|1760
14|1117|630|1761
14|1117|631|1762
14|1118|631|1763
14|1118|632|1764
14|1119|632|1765
14|1119|633|1766
14|1120|633|1767
14|1121|633|1768
14|1122|633|1769
14|1123|633|1770
14|1124|633|1771
14|1124|634|1772
14|1125|634|1773
14|1126|634|1774
14|1127|634|1775
14|1127|635|1776
14|1128|635|1777
14|1128|636|1778
14|1129|636|1779
14|1129|637|1780
14|1130|637|1781
14|1130|638|1782
14|1131|638|1783
14|1131|639|1784
14|1132|639|1785
14|1132|640|1786
14|1133|640|1787
14|1133|641|1788
14|1134|641|1789
14|1134|642|1790
14|1135|642|1791
14|1135|643|1792
14|1136|643|1793
14|1136|644|1794
14|1137|644|1795
14|1137|645|1796
14|1138|645|1797
14|1138|646|1798
14|1139|646|1799
14|1139|647|1800
14|1140|647|1801
14|1140|648|1802
14|1141|648|1803
14|1141|649|1804
14|1142|649|1805
14|1142|650|1806
14|1143|650|1807
14|1143|651|1808
14|1144|651|1809
14|1144|652|1810
14|1145|652|1811
14|1145|653|1812
14|1146|653|1813
14|1146|654|1814
14|1147|654|1815
14|1147|655|1816
14|1148|655|1817
14|1148|656|1818
14|1149|656|1819
14|1149|657|1820
14|1150|657|1821
14|1150|658|1822
14|1151|658|1823
14|1151|659|1824
14|1152|659|1825
14|1152|660|1826
14|1153|660|1827
14|1153|661|1828
14|1154|661|1829
14|1154|662|1830
14|1155|662|1831
14|1155|663|1832
14|1156|663|1833
14|1156|664|1834
14|1157|664|1835
14|1157|665|1836
14|1158|665|1837
14|1158|666|1838
14|1159|666|1839
14|1159|667|1840
14|1160|667|1841
14|1161|667|1842
14|1162|667|1843
14|1162|668|1844
14|1163|668|1845
14|1163|669|1846
14|1164|669|1847
14|1164|670|1848
14|1165|670|1849
14|1165|671|1850
14|1166|671|1851
14|1166|672|1852
14|1167|672|1853
14|1167|673|1854
14|1168|673|1855
14|1168|674|1856
14|1169|674|1857
14|1169|675|1858
14|1170|675|1859
14|1170|676|1860
14|1171|676|1861
14|1171|677|1862
14|1172|677|1863
14|1172|678|1864
14|1173|678|1865
14|1173|679|1866
14|1174|679|1867
14|1174|680|1868
14|1175|680|1869
14|1175|681|1870
14|1176|681|1871
14|1176|682|1872
14|1177|682|1873
14|1177|683|1874
14|1178|683|1875
14|1178|684|1876
14|1179|684|1877
14|1180|684|1878
15|1180|684|1879
15|1180|685|1880
15|1181|685|1881
15|1181|686|1882
15|1182|686|1883
15|1182|687|1884
15|1183|687|1885
15|1183|688|1886
15|1184|688|1887
15|1184|689|1888
15|1185|689|1889
15|1185|690|1890
15|1186|690|1891
15|1186|691|1892
15|1187|691|1893
15|1187|692|1894
15|1188|692|1895
15|1188|693|1896
15|1189|693|1897
15|1189|694|1898
15|1190|694|1899
15|1190|695|1900
15|1191|695|1901
15|1191|696|1902
15|1192|696|1903
15|1192|697|1904
15|1193|697|1905
15|1193|698|1906
15|1194|698|1907
15|1194|699|1908
15|1195|699|1909
15|1195|700|1910
16|1195|700|1911
16|1195|701|1912
17|1195|701|1913
17|1195|702|1914
17|1196|702|1915
17|1196|703|1916
17|1197|703|1917
17|1197|704|1918
17|1198|704|1919
17|1198|705|1920
17|1199|705|1921
17|1199|706|1922
17|1200|706|1923
17|1200|707|1924
17|1201|707|1925
17|1201|708|1926
17|1202|708|1927
17|1202|709|1928
17|1203|709|1929
17|1203|710|1930
17|1204|710|1931
17|1204|711|1932
17|1205|711|1933
17|1205|712|1934
17|1206|712|1935
17|1206|713|1936
17|1207|713|1937
17|1207|714|1938
17|1208|714|1939
17|1208|715|1940
17|1209|715|1941
17|1209|716|1942
17|1210|716|1943
17|1210|717|1944
17|1211|717|1945
17|1211|718|1946
17|1212|718|1947
17|1212|719|1948
17|1213|719|1949
17|1213|720|1950
17|1214|720|1951
17|1214|721|1952
17|1215|721|1953
17|1215|722|1954
17|1216|722|1955
17|1216|723|1956
17|1217|723|1957
17|1217|724|1958
17|1218|724|1959
17|1218|725|1960
17|1219|725|1961
17|1219|726|1962
17|1220|726|1963
17|1220|727|1964
17|1221|727|1965
17|1221|728|1966
17|1222|728|1967
17|1222|729|1968
17|1223|729|1969
17|1223|730|1970
17|1224|730|1971
17|1224|731|1972
17|1225|731|1973
17|1225|732|1974
17|1226|732|1975
17|1226|733|1976
17|1227|733|1977
17|1227|734|1978
17|1228|734|1979
17|1228|735|1980
17|1229|735|1981
17|1229|736|1982
17|1230|736|1983
17|1230|737|1984
17|1231|737|1985
17|1231|738|1986
17|1232|738|1987
17|1232|739|1988
17|1233|739|1989
17|1233|740|1990
17|1234|740|1991
17|1234|741|1992
17|1235|741|1993
17|1235|742|1994
17|1236|742|1995
17|1236|743|1996
17|1237|743|1997
17|1237|744|1998
17|1238|744|1999
17|1238|745|2000
