total
0|0|1|1
0|0|2|2
0|1|2|3
0|1|3|4
0|1|4|5
0|2|4|6
0|2|5|7
0|3|5|8
0|4|5|9
0|4|6|10
0|4|7|11
0|5|7|12
0|5|8|13
0|6|8|14
0|6|9|15
0|7|9|16
0|7|10|17
0|7|11|18
0|7|12|19
0|8|12|20
0|9|13|22
0|10|13|23
0|11|13|24
0|12|13|25
0|12|14|26
0|13|14|27
0|13|15|28
0|14|15|29
0|14|16|30
0|15|16|31
0|15|17|32
0|16|17|33
0|16|18|34
0|17|18|35
0|17|19|36
0|18|19|37
0|19|19|38
0|20|19|39
0|20|20|40
0|21|20|41
0|21|21|42
0|22|21|43
0|22|22|44
0|23|22|45
0|23|23|46
0|24|23|47
0|24|24|48
0|25|24|49
0|25|25|50
0|26|25|51
0|26|26|52
0|27|26|53
0|27|27|54
0|28|27|55
0|28|28|56
0|29|28|57
0|29|29|58
0|30|29|59
0|30|30|60
0|31|30|61
0|31|31|62
0|32|31|63
0|32|32|64
0|33|32|65
0|34|32|66
0|34|33|67
0|35|33|68
0|36|33|69
0|37|33|70
0|37|34|71
0|38|34|72
0|39|34|73
0|40|34|74
0|41|34|75
0|42|34|76
0|43|34|77
0|44|34|78
0|45|34|79
0|46|34|80
0|47|34|81
0|48|34|82
0|49|34|83
0|50|34|84
0|51|34|85
0|52|34|86
0|53|34|87
0|54|34|88
0|55|34|89
0|56|34|90
0|57|34|91
0|58|34|92
0|59|34|93
0|60|34|94
0|61|34|95
0|62|34|96
0|63|34|97
0|64|34|98
0|65|34|99
0|66|34|100
0|67|34|101
0|67|35|102
0|68|35|103
0|68|36|104
0|69|36|105
0|69|37|106
0|70|37|107
0|70|38|108
0|71|38|109
0|71|39|110
0|72|39|111
0|72|40|112
0|73|40|113
0|73|41|114
0|74|41|115
0|74|42|116
0|75|42|117
0|75|43|118
0|76|43|119
0|76|44|120
0|77|44|121
0|77|45|122
0|78|45|123
0|78|46|124
0|79|46|125
0|79|47|126
0|80|47|127
0|80|48|128
0|81|48|129
0|81|49|130
0|82|49|131
0|82|50|132
0|83|50|133
0|83|51|134
0|84|51|135
0|84|52|136
0|84|53|137
0|84|54|138
0|84|55|139
0|84|56|140
0|84|57|141
0|84|58|142
0|85|58|143
0|86|58|144
0|86|59|145
0|86|60|146
0|87|60|147
0|87|61|148
0|88|61|149
0|88|62|150
0|89|62|151
0|90|62|152
0|90|63|153
0|90|64|154
0|91|64|155
0|91|65|156
0|92|65|157
0|92|66|158
0|92|67|159
0|92|68|160
0|93|68|161
0|94|68|162
0|95|68|163
0|95|69|164
0|96|69|165
0|96|70|166
0|97|70|167
0|97|71|168
0|98|71|169
0|98|72|170
0|99|72|171
0|99|73|172
0|99|74|173
0|99|75|174
0|99|76|175
0|99|77|176
0|99|78|177
0|99|79|178
0|99|80|179
0|99|81|180
0|100|81|181
0|100|82|182
0|100|83|183
0|100|84|184
0|100|85|185
0|100|86|186
0|100|87|187
0|100|88|188
0|100|89|189
0|100|90|190
0|100|91|191
0|100|92|192
0|100|93|193
0|100|94|194
0|100|95|195
0|100|96|196
0|100|97|197
0|100|98|198
0|100|99|199
0|100|100|200
0|101|100|201
0|101|101|202
0|101|102|203
0|101|103|204
0|102|103|205
0|103|103|206
0|103|104|207
0|103|105|208
0|104|105|209
0|104|106|210
0|105|106|211
0|105|107|212
0|106|107|213
0|106|108|214
0|107|108|215
0|107|109|216
0|108|109|217
0|109|109|218
0|110|109|219
0|110|110|220
0|111|110|221
0|111|111|222
0|112|111|223
0|112|112|224
0|113|112|225
0|113|113|226
0|114|113|227
0|114|114|228
0|115|114|229
0|116|114|230
0|117|114|231
0|117|115|232
0|118|115|233
0|118|116|234
0|119|116|235
0|119|117|236
0|120|117|237
0|120|118|238
0|121|118|239
0|122|118|240
0|123|118|241
0|123|119|242
0|124|119|243
0|124|120|244
0|125|120|245
0|125|121|246
0|126|121|247
0|126|122|248
0|127|122|249
0|127|123|250
0|128|123|251
0|128|124|252
0|129|124|253
0|130|124|254
0|131|124|255
0|131|125|256
0|132|125|257
0|132|126|258
0|133|126|259
0|133|127|260
0|134|127|261
0|134|128|262
0|135|128|263
0|135|129|264
0|136|129|265
0|136|130|266
0|137|130|267
0|137|131|268
0|138|131|269
0|138|132|270
0|139|132|271
0|139|133|272
0|140|133|273
0|140|134|274
0|141|134|275
0|141|135|276
0|142|135|277
0|142|136|278
0|143|136|279
0|143|137|280
0|144|137|281
0|145|137|282
0|146|137|283
0|146|138|284
0|147|138|285
0|147|139|286
0|148|139|287
0|149|139|288
0|150|139|289
0|150|140|290
0|151|140|291
0|151|141|292
0|152|141|293
0|152|142|294
0|153|142|295
0|154|142|296
0|155|142|297
0|155|143|298
0|156|143|299
0|156|144|300
0|157|144|301
0|157|145|302
0|158|145|303
0|159|145|304
0|160|145|305
0|160|146|306
0|161|146|307
0|161|147|308
0|162|147|309
0|163|147|310
0|164|147|311
0|164|148|312
0|165|148|313
0|166|148|314
0|167|148|315
0|168|148|316
0|168|149|317
0|168|150|318
0|168|151|319
0|168|152|320
0|168|153|321
0|168|154|322
0|168|155|323
0|169|155|324
0|169|156|325
0|169|157|326
0|169|158|327
0|170|158|328
0|170|159|329
0|171|159|330
0|171|160|331
0|171|161|332
0|171|162|333
0|171|163|334
0|171|164|335
0|172|164|336
0|172|165|337
0|173|165|338
0|173|166|339
0|174|166|340
0|174|167|341
0|175|167|342
0|175|168|343
0|176|168|344
0|176|169|345
0|176|170|346
0|176|171|347
0|176|172|348
0|176|173|349
0|176|174|350
0|176|175|351
0|176|176|352
0|177|176|353
0|178|176|354
0|179|176|355
0|179|177|356
0|180|177|357
0|181|177|358
0|182|177|359
0|182|178|360
0|183|178|361
0|183|179|362
0|184|179|363
0|184|180|364
0|185|180|365
0|185|181|366
0|186|181|367
0|186|182|368
0|187|182|369
0|188|182|370
0|189|182|371
0|189|183|372
0|190|183|373
0|190|184|374
0|191|184|375
0|191|185|376
0|192|185|377
0|192|186|378
0|193|186|379
0|193|187|380
0|194|187|381
0|194|188|382
0|195|188|383
0|196|188|384
0|197|188|385
0|198|188|386
0|199|188|387
0|199|189|388
0|199|190|389
0|199|191|390
0|200|191|391
0|200|192|392
0|201|192|393
0|201|193|394
0|202|193|395
0|202|194|396
0|202|195|397
0|202|196|398
0|203|196|399
0|203|197|400
0|204|197|401
0|204|198|402
0|204|199|403
0|204|200|404
0|205|200|405
0|205|201|406
0|206|201|407
0|206|202|408
0|207|202|409
0|207|203|410
0|207|204|411
0|207|205|412
0|208|205|413
0|208|206|414
0|209|206|415
0|209|207|416
0|210|207|417
0|210|208|418
0|211|208|419
0|211|209|420
0|212|209|421
0|212|210|422
0|213|210|423
0|213|211|424
0|214|211|425
0|214|212|426
0|215|212|427
0|215|213|428
0|216|213|429
0|217|213|430
0|218|213|431
0|219|213|432
0|220|213|433
0|220|214|434
0|221|214|435
0|221|215|436
0|222|215|437
0|223|215|438
0|224|215|439
0|224|216|440
0|225|216|441
0|225|217|442
0|226|217|443
0|226|218|444
0|227|218|445
0|227|219|446
0|228|219|447
0|228|220|448
0|229|220|449
0|229|221|450
0|230|221|451
0|230|222|452
0|231|222|453
0|231|223|454
0|232|223|455
0|233|223|456
0|234|223|457
0|234|224|458
0|235|224|459
0|235|225|460
0|235|226|461
0|236|226|462
0|236|227|463
0|236|228|464
0|236|229|465
0|236|230|466
0|236|231|467
0|237|231|468
0|237|232|469
0|237|233|470
0|237|234|471
0|237|235|472
0|237|236|473
0|237|237|474
0|237|238|475
0|237|239|476
0|237|240|477
0|237|241|478
0|237|242|479
0|237|243|480
0|237|244|481
0|237|245|482
0|237|246|483
0|237|247|484
0|237|248|485
0|237|249|486
0|237|250|487
0|237|251|488
0|237|252|489
0|237|253|490
0|237|254|491
0|237|255|492
0|237|256|493
0|237|257|494
0|237|258|495
0|237|259|496
0|238|259|497
0|238|260|498
0|239|260|499
0|239|261|500
0|240|261|501
0|240|262|502
0|241|262|503
0|241|263|504
0|242|263|505
0|242|264|506
0|243|264|507
0|243|265|508
0|244|265|509
0|244|266|510
0|245|266|511
0|245|267|512
0|246|267|513
0|246|268|514
0|247|268|515
0|247|269|516
0|248|269|517
0|248|270|518
0|249|270|519
0|249|271|520
0|250|271|521
0|250|272|522
0|251|272|523
0|251|273|524
0|252|273|525
0|252|274|526
0|253|274|527
0|253|275|528
0|254|275|529
0|254|276|530
0|255|276|531
0|255|277|532
0|255|278|533
0|255|279|534
0|256|279|535
0|256|280|536
0|257|280|537
0|257|281|538
0|258|281|539
0|258|282|540
0|258|283|541
0|258|284|542
0|259|284|543
0|259|285|544
0|260|285|545
0|260|286|546
0|261|286|547
0|261|287|548
0|261|288|549
0|261|289|550
0|262|289|551
0|262|290|552
0|263|290|553
0|263|291|554
0|263|292|555
0|263|293|556
0|264|293|557
0|264|294|558
0|264|295|559
0|264|296|560
0|265|296|561
0|265|297|562
0|266|297|563
0|266|298|564
0|267|298|565
0|267|299|566
0|268|299|567
0|268|300|568
0|269|300|569
0|269|301|570
0|270|301|571
0|270|302|572
0|271|302|573
0|271|303|574
0|272|303|575
0|272|304|576
0|273|304|577
0|274|304|578
0|275|304|579
0|275|305|580
0|276|305|581
0|276|306|582
0|277|306|583
0|278|306|584
0|279|306|585
0|279|307|586
0|280|307|587
0|280|308|588
0|281|308|589
0|281|309|590
0|282|309|591
0|282|310|592
0|283|310|593
0|283|311|594
0|284|311|595
0|284|312|596
0|285|312|597
0|285|313|598
0|286|313|599
0|287|313|600
0|288|313|601
0|289|313|602
0|290|313|603
0|290|314|604
0|290|315|605
0|290|316|606
0|290|317|607
0|290|318|608
0|290|319|609
0|290|320|610
0|290|321|611
0|291|321|612
0|291|322|613
0|291|323|614
0|291|324|615
0|291|325|616
0|291|326|617
0|291|327|618
0|291|328|619
0|291|329|620
0|291|330|621
0|291|331|622
0|291|332|623
0|291|333|624
0|291|334|625
0|291|335|626
0|291|336|627
0|291|337|628
0|292|337|629
0|292|338|630
0|292|339|631
0|292|340|632
0|292|341|633
0|292|342|634
0|292|343|635
0|293|343|636
0|293|344|637
0|293|345|638
0|293|346|639
0|293|347|640
0|294|347|641
0|294|348|642
0|295|348|643
0|295|349|644
0|296|349|645
0|296|350|646
0|297|350|647
0|297|351|648
0|298|351|649
0|298|352|650
0|299|352|651
0|299|353|652
0|300|353|653
0|300|354|654
0|301|354|655
0|301|355|656
0|302|355|657
0|302|356|658
0|303|356|659
0|303|357|660
0|304|357|661
0|304|358|662
0|305|358|663
0|305|359|664
0|306|359|665
0|306|360|666
0|307|360|667
0|307|361|668
0|308|361|669
0|308|362|670
0|309|362|671
0|309|363|672
0|310|363|673
0|310|364|674
0|311|364|675
0|311|365|676
0|311|366|677
0|311|367|678
0|312|367|679
0|313|367|680
0|314|367|681
0|314|368|682
0|315|368|683
0|316|368|684
0|316|369|685
0|317|369|686
0|318|369|687
0|319|369|688
0|320|369|689
0|320|370|690
0|321|370|691
0|321|371|692
0|321|372|693
0|321|373|694
0|322|373|695
0|322|374|696
0|323|374|697
0|323|375|698
0|324|375|699
0|324|376|700
0|324|377|701
0|324|378|702
0|325|378|703
0|325|379|704
0|326|379|705
0|326|380|706
0|327|380|707
0|327|381|708
0|328|381|709
0|328|382|710
0|329|382|711
0|329|383|712
0|330|383|713
0|331|383|714
0|332|383|715
0|333|383|716
0|334|383|717
0|335|383|718
0|336|383|719
0|337|383|720
0|338|383|721
0|339|383|722
0|340|383|723
0|341|383|724
0|342|383|725
0|342|384|726
0|343|384|727
0|343|385|728
0|344|385|729
0|345|385|730
0|346|385|731
0|346|386|732
0|347|386|733
0|347|387|734
0|348|387|735
0|348|388|736
0|349|388|737
0|349|389|738
0|350|389|739
0|350|390|740
0|351|390|741
0|352|390|742
0|353|390|743
0|353|391|744
0|354|391|745
0|354|392|746
0|355|392|747
0|355|393|748
0|356|393|749
0|357|393|750
0|358|393|751
0|359|393|752
0|360|393|753
0|361|393|754
0|362|393|755
0|363|393|756
0|364|393|757
0|365|393|758
0|366|393|759
0|367|393|760
0|367|394|761
0|368|394|762
0|368|395|763
0|369|395|764
0|370|395|765
0|371|395|766
0|372|395|767
0|373|395|768
0|374|395|769
0|375|395|770
0|376|395|771
0|377|395|772
0|377|396|773
0|378|396|774
0|379|396|775
0|380|396|776
0|381|396|777
0|382|396|778
0|383|396|779
0|384|396|780
0|385|396|781
0|386|396|782
0|387|396|783
0|388|396|784
0|389|396|785
0|389|397|786
0|390|397|787
0|390|398|788
0|391|398|789
0|391|399|790
0|392|399|791
0|392|400|792
0|393|400|793
0|393|401|794
0|394|401|795
0|394|402|796
0|395|402|797
0|395|403|798
0|396|403|799
0|396|404|800
0|397|404|801
0|397|405|802
0|398|405|803
0|398|406|804
0|399|406|805
0|399|407|806
0|400|407|807
0|400|408|808
0|401|408|809
0|401|409|810
0|402|409|811
0|402|410|812
0|403|410|813
0|403|411|814
0|404|411|815
0|404|412|816
0|405|412|817
0|405|413|818
0|406|413|819
0|406|414|820
0|407|414|821
0|407|415|822
0|407|416|823
0|407|417|824
0|408|417|825
0|408|418|826
0|409|418|827
0|409|419|828
0|409|420|829
0|409|421|830
0|410|421|831
0|410|422|832
0|411|422|833
0|411|423|834
0|412|423|835
0|413|423|836
0|413|424|837
0|413|425|838
0|414|425|839
0|414|426|840
0|415|426|841
0|415|427|842
0|416|427|843
0|416|428|844
0|416|429|845
0|416|430|846
0|417|430|847
0|417|431|848
0|418|431|849
0|418|432|850
0|419|432|851
0|419|433|852
0|420|433|853
0|420|434|854
0|421|434|855
0|421|435|856
0|421|436|857
0|421|437|858
0|421|438|859
0|421|439|860
0|421|440|861
0|421|441|862
0|421|442|863
0|421|443|864
0|422|443|865
0|422|444|866
0|423|444|867
0|423|445|868
0|423|446|869
0|423|447|870
0|423|448|871
0|423|449|872
0|423|450|873
0|423|451|874
0|423|452|875
0|423|453|876
0|424|453|877
0|424|454|878
0|424|455|879
0|424|456|880
0|424|457|881
0|424|458|882
0|424|459|883
0|424|460|884
0|425|460|885
0|426|460|886
0|426|461|887
0|427|461|888
0|427|462|889
0|427|463|890
0|427|464|891
0|427|465|892
0|428|465|893
0|428|466|894
0|429|466|895
0|429|467|896
0|430|467|897
0|430|468|898
0|431|468|899
0|431|469|900
0|432|469|901
0|433|469|902
0|434|469|903
0|434|470|904
0|435|470|905
0|436|470|906
1|436|470|907
1|436|471|908
1|437|471|909
1|437|472|910
1|438|472|911
1|438|473|912
1|439|473|913
1|439|474|914
2|439|474|915
2|439|475|916
2|440|475|917
2|440|476|918
2|441|476|919
2|441|477|920
2|442|477|921
2|442|478|922
2|443|478|923
2|444|478|924
2|445|478|925
2|446|478|926
2|447|478|927
2|447|479|928
2|447|480|929
2|447|481|930
2|448|481|931
2|448|482|932
2|449|482|933
2|449|483|934
2|449|484|935
2|449|485|936
2|450|485|937
2|450|486|938
2|451|486|939
2|451|487|940
2|452|487|941
2|452|488|942
2|452|489|943
2|452|490|944
2|453|490|945
2|453|491|946
2|454|491|947
2|454|492|948
2|455|492|949
2|455|493|950
2|455|494|951
2|455|495|952
2|456|495|953
2|456|496|954
2|457|496|955
2|457|497|956
2|458|497|957
2|458|498|958
2|458|499|959
2|458|500|960
2|459|500|961
2|459|501|962
2|459|502|963
2|459|503|964
2|460|503|965
2|460|504|966
2|461|504|967
2|461|505|968
2|462|505|969
2|462|506|970
2|463|506|971
2|463|507|972
2|464|507|973
2|465|507|974
2|466|507|975
2|466|508|976
2|467|508|977
2|467|509|978
2|468|509|979
2|468|510|980
2|469|510|981
2|469|511|982
2|470|511|983
2|470|512|984
2|471|512|985
2|471|513|986
2|472|513|987
2|472|514|988
2|473|514|989
2|473|515|990
2|474|515|991
2|474|516|992
2|475|516|993
2|475|517|994
2|476|517|995
2|476|518|996
2|477|518|997
2|478|518|998
2|479|518|999
2|479|519|1000
2|479|520|1001
2|479|521|1002
2|479|522|1003
2|479|523|1004
2|479|524|1005
2|479|525|1006
2|479|526|1007
2|480|526|1008
2|480|527|1009
2|480|528|1010
2|480|529|1011
2|480|530|1012
2|480|531|1013
2|481|531|1014
2|481|532|1015
2|481|533|1016
2|481|534|1017
2|482|534|1018
2|482|535|1019
2|482|536|1020
2|482|537|1021
2|482|538|1022
2|482|539|1023
2|483|539|1024
2|483|540|1025
2|484|540|1026
2|484|541|1027
2|484|542|1028
2|484|543|1029
2|484|544|1030
2|484|545|1031
2|484|546|1032
2|484|547|1033
2|484|548|1034
2|484|549|1035
2|484|550|1036
2|485|550|1037
2|485|551|1038
2|486|551|1039
2|487|551|1040
2|488|551|1041
2|488|552|1042
2|489|552|1043
2|490|552|1044
2|491|552|1045
2|491|553|1046
2|492|553|1047
2|492|554|1048
2|493|554|1049
2|494|554|1050
2|495|554|1051
2|495|555|1052
2|496|555|1053
2|496|556|1054
2|497|556|1055
2|498|556|1056
2|499|556|1057
2|499|557|1058
2|500|557|1059
2|500|558|1060
2|501|558|1061
2|502|558|1062
2|503|558|1063
2|504|558|1064
2|505|558|1065
2|506|558|1066
2|507|558|1067
2|508|558|1068
2|509|558|1069
2|510|558|1070
2|511|558|1071
2|511|559|1072
2|511|560|1073
2|511|561|1074
2|512|561|1075
2|512|562|1076
2|513|562|1077
2|513|563|1078
2|514|563|1079
2|514|564|1080
2|514|565|1081
2|514|566|1082
2|515|566|1083
2|515|567|1084
2|516|567|1085
2|516|568|1086
2|516|569|1087
2|516|570|1088
2|517|570|1089
2|517|571|1090
2|518|571|1091
2|518|572|1092
2|519|572|1093
2|519|573|1094
2|519|574|1095
2|519|575|1096
2|520|575|1097
2|520|576|1098
2|521|576|1099
2|521|577|1100
2|522|577|1101
2|522|578|1102
2|522|579|1103
2|522|580|1104
2|523|580|1105
2|523|581|1106
2|524|581|1107
2|524|582|1108
2|525|582|1109
2|525|583|1110
2|526|583|1111
2|526|584|1112
2|527|584|1113
2|527|585|1114
2|528|585|1115
2|528|586|1116
2|529|586|1117
2|529|587|1118
2|530|587|1119
2|531|587|1120
2|532|587|1121
2|532|588|1122
2|533|588|1123
2|533|589|1124
2|534|589|1125
2|534|590|1126
2|535|590|1127
2|535|591|1128
2|536|591|1129
2|536|592|1130
2|537|592|1131
2|537|593|1132
2|538|593|1133
2|539|593|1134
2|540|593|1135
2|541|593|1136
2|542|593|1137
2|543|593|1138
2|544|593|1139
2|545|593|1140
2|546|593|1141
2|546|594|1142
2|547|594|1143
2|548|594|1144
2|548|595|1145
2|548|596|1146
2|548|597|1147
2|548|598|1148
2|548|599|1149
2|548|600|1150
2|548|601|1151
2|548|602|1152
2|548|603|1153
2|548|604|1154
2|548|605|1155
2|549|605|1156
2|549|606|1157
2|549|607|1158
2|549|608|1159
2|549|609|1160
2|549|610|1161
2|549|611|1162
2|549|612|1163
2|549|613|1164
2|549|614|1165
2|549|615|1166
2|549|616|1167
2|549|617|1168
2|549|618|1169
2|549|619|1170
2|549|620|1171
2|549|621|1172
2|549|622|1173
2|549|623|1174
2|549|624|1175
2|549|625|1176
2|549|626|1177
2|549|627|1178
2|549|628|1179
2|549|629|1180
2|550|629|1181
2|550|630|1182
2|551|630|1183
2|551|631|1184
2|552|631|1185
2|552|632|1186
2|553|632|1187
2|553|633|1188
2|554|633|1189
2|554|634|1190
2|555|634|1191
2|555|635|1192
2|556|635|1193
2|556|636|1194
2|557|636|1195
2|557|637|1196
2|558|637|1197
2|558|638|1198
2|559|638|1199
2|559|639|1200
2|560|639|1201
2|560|640|1202
2|561|640|1203
2|561|641|1204
2|562|641|1205
2|562|642|1206
2|563|642|1207
2|563|643|1208
2|564|643|1209
2|564|644|1210
2|565|644|1211
2|565|645|1212
2|566|645|1213
2|566|646|1214
2|567|646|1215
2|567|647|1216
2|567|648|1217
2|567|649|1218
2|568|649|1219
2|568|650|1220
2|569|650|1221
2|569|651|1222
2|570|651|1223
2|570|652|1224
2|570|653|1225
2|570|654|1226
2|571|654|1227
2|571|655|1228
2|572|655|1229
2|572|656|1230
2|573|656|1231
2|573|657|1232
2|573|658|1233
2|573|659|1234
2|574|659|1235
2|574|660|1236
2|575|660|1237
2|575|661|1238
2|575|662|1239
2|575|663|1240
2|576|663|1241
2|576|664|1242
2|577|664|1243
2|577|665|1244
2|577|666|1245
2|577|667|1246
2|578|667|1247
2|578|668|1248
2|578|669|1249
2|578|670|1250
2|579|670|1251
2|579|671|1252
2|580|671|1253
2|580|672|1254
2|581|672|1255
2|581|673|1256
2|582|673|1257
2|582|674|1258
2|583|674|1259
2|583|675|1260
2|584|675|1261
2|584|676|1262
2|585|676|1263
2|586|676|1264
2|587|676|1265
2|587|677|1266
2|588|677|1267
2|589|677|1268
2|590|677|1269
2|590|678|1270
2|591|678|1271
2|591|679|1272
2|592|679|1273
2|592|680|1274
2|593|680|1275
2|593|681|1276
2|594|681|1277
2|594|682|1278
2|595|682|1279
2|595|683|1280
2|596|683|1281
2|596|684|1282
2|597|684|1283
2|597|685|1284
2|598|685|1285
2|598|686|1286
2|599|686|1287
2|599|687|1288
2|599|688|1289
2|599|689|1290
2|599|690|1291
2|599|691|1292
2|599|692|1293
2|599|693|1294
2|600|693|1295
2|601|693|1296
2|601|694|1297
2|601|695|1298
2|601|696|1299
2|601|697|1300
2|601|698|1301
2|601|699|1302
2|601|700|1303
2|601|701|1304
2|601|702|1305
2|601|703|1306
2|602|703|1307
2|602|704|1308
2|602|705|1309
2|602|706|1310
2|602|707|1311
2|602|708|1312
2|602|709|1313
2|602|710|1314
2|603|710|1315
2|603|711|1316
2|603|712|1317
2|603|713|1318
2|603|714|1319
2|604|714|1320
3|604|714|1321
3|604|715|1322
3|605|715|1323
3|605|716|1324
3|606|716|1325
3|606|717|1326
3|607|717|1327
3|607|718|1328
3|608|718|1329
3|608|719|1330
3|609|719|1331
3|609|720|1332
3|610|720|1333
3|610|721|1334
3|611|721|1335
3|611|722|1336
3|612|722|1337
3|612|723|1338
3|613|723|1339
3|613|724|1340
3|614|724|1341
3|614|725|1342
3|615|725|1343
3|615|726|1344
3|616|726|1345
3|616|727|1346
3|617|727|1347
3|617|728|1348
3|618|728|1349
3|618|729|1350
3|619|729|1351
3|619|730|1352
3|620|730|1353
3|620|731|1354
3|621|731|1355
3|621|732|1356
3|622|732|1357
3|622|733|1358
3|623|733|1359
3|623|734|1360
3|623|735|1361
3|623|736|1362
3|624|736|1363
3|624|737|1364
3|625|737|1365
3|625|738|1366
3|626|738|1367
3|626|739|1368
3|626|740|1369
3|626|741|1370
3|627|741|1371
3|627|742|1372
3|628|742|1373
3|628|743|1374
3|629|743|1375
3|629|744|1376
3|629|745|1377
3|630|745|1378
3|631|745|1379
3|631|746|1380
3|632|746|1381
3|632|747|1382
3|633|747|1383
3|633|748|1384
3|633|749|1385
3|633|750|1386
3|634|750|1387
3|634|751|1388
3|635|751|1389
3|635|752|1390
3|636|752|1391
3|637|752|1392
3|637|753|1393
3|637|754|1394
3|638|754|1395
3|638|755|1396
3|639|755|1397
3|639|756|1398
3|640|756|1399
3|640|757|1400
3|641|757|1401
3|641|758|1402
3|642|758|1403
3|642|759|1404
3|643|759|1405
3|643|760|1406
3|644|760|1407
3|644|761|1408
3|645|761|1409
3|645|762|1410
3|646|762|1411
3|646|763|1412
3|647|763|1413
3|647|764|1414
3|648|764|1415
3|648|765|1416
3|649|765|1417
3|649|766|1418
3|650|766|1419
3|650|767|1420
3|651|767|1421
3|651|768|1422
3|652|768|1423
3|652|769|1424
3|653|769|1425
3|653|770|1426
3|654|770|1427
3|654|771|1428
3|655|771|1429
3|655|772|1430
3|656|772|1431
3|656|773|1432
3|657|773|1433
3|658|773|1434
3|659|773|1435
3|660|773|1436
3|661|773|1437
3|662|773|1438
4|662|773|1439
4|663|773|1440
4|664|773|1441
4|665|773|1442
4|665|774|1443
4|666|774|1444
4|666|775|1445
4|667|775|1446
5|667|775|1447
5|668|775|1448
5|669|775|1449
5|670|775|1450
5|671|775|1451
5|672|775|1452
5|673|775|1453
5|674|775|1454
5|675|775|1455
5|676|775|1456
5|676|776|1457
5|677|776|1458
5|677|777|1459
5|678|777|1460
5|679|777|1461
5|680|777|1462
5|681|777|1463
5|682|777|1464
6|682|777|1465
6|683|777|1466
6|684|777|1467
6|685|777|1468
6|686|777|1469
6|686|778|1470
6|687|778|1471
6|687|779|1472
6|688|779|1473
6|688|780|1474
6|689|780|1475
6|689|781|1476
6|690|781|1477
6|690|782|1478
6|691|782|1479
6|691|783|1480
6|692|783|1481
6|692|784|1482
6|693|784|1483
6|693|785|1484
6|694|785|1485
6|694|786|1486
6|695|786|1487
6|695|787|1488
6|696|787|1489
6|696|788|1490
6|697|788|1491
6|697|789|1492
6|698|789|1493
6|698|790|1494
6|699|790|1495
6|699|791|1496
6|700|791|1497
6|700|792|1498
6|701|792|1499
6|701|793|1500
6|702|793|1501
6|702|794|1502
6|703|794|1503
6|703|795|1504
6|704|795|1505
6|704|796|1506
6|704|797|1507
6|704|798|1508
6|705|798|1509
6|705|799|1510
6|706|799|1511
6|706|800|1512
6|706|801|1513
6|706|802|1514
6|706|803|1515
6|706|804|1516
6|707|804|1517
6|707|805|1518
6|708|805|1519
6|708|806|1520
6|708|807|1521
6|708|808|1522
6|709|808|1523
6|709|809|1524
6|710|809|1525
6|710|810|1526
6|711|810|1527
6|711|811|1528
6|711|812|1529
6|711|813|1530
6|712|813|1531
6|712|814|1532
6|713|814|1533
6|713|815|1534
6|714|815|1535
6|714|816|1536
6|715|816|1537
6|715|817|1538
6|716|817|1539
6|716|818|1540
6|716|819|1541
6|716|820|1542
6|716|821|1543
6|716|822|1544
6|716|823|1545
6|716|824|1546
6|716|825|1547
6|716|826|1548
6|716|827|1549
6|716|828|1550
6|716|829|1551
6|716|830|1552
6|716|831|1553
6|716|832|1554
6|716|833|1555
6|717|833|1556
6|718|833|1557
6|718|834|1558
6|718|835|1559
6|718|836|1560
6|718|837|1561
6|718|838|1562
6|718|839|1563
6|718|840|1564
6|719|840|1565
6|719|841|1566
6|719|842|1567
6|719|843|1568
6|719|844|1569
6|719|845|1570
6|719|846|1571
6|719|847|1572
6|719|848|1573
6|720|848|1574
6|720|849|1575
6|721|849|1576
6|722|849|1577
6|723|849|1578
6|724|849|1579
6|724|850|1580
6|725|850|1581
6|726|850|1582
6|727|850|1583
6|728|850|1584
6|729|850|1585
6|729|851|1586
6|730|851|1587
6|730|852|1588
6|731|852|1589
6|731|853|1590
6|732|853|1591
6|732|854|1592
6|733|854|1593
6|733|855|1594
6|734|855|1595
6|734|856|1596
6|735|856|1597
6|735|857|1598
6|736|857|1599
6|736|858|1600
6|737|858|1601
6|737|859|1602
6|738|859|1603
6|738|860|1604
6|739|860|1605
6|740|860|1606
6|741|860|1607
6|742|860|1608
6|743|860|1609
6|743|861|1610
6|744|861|1611
6|745|861|1612
6|745|862|1613
6|745|863|1614
6|746|863|1615
6|746|864|1616
6|747|864|1617
6|747|865|1618
6|747|866|1619
6|747|867|1620
6|748|867|1621
6|748|868|1622
6|749|868|1623
6|749|869|1624
6|750|869|1625
6|750|870|1626
6|750|871|1627
6|751|871|1628
6|752|871|1629
6|752|872|1630
6|753|872|1631
6|753|873|1632
6|754|873|1633
6|754|874|1634
6|754|875|1635
6|754|876|1636
6|755|876|1637
6|755|877|1638
6|756|877|1639
6|756|878|1640
6|757|878|1641
6|757|879|1642
6|758|879|1643
6|758|880|1644
6|759|880|1645
6|759|881|1646
6|760|881|1647
6|760|882|1648
6|761|882|1649
6|761|883|1650
6|762|883|1651
6|762|884|1652
6|763|884|1653
6|763|885|1654
6|764|885|1655
6|764|886|1656
6|765|886|1657
6|765|887|1658
6|766|887|1659
6|766|888|1660
6|767|888|1661
6|767|889|1662
6|768|889|1663
6|768|890|1664
6|769|890|1665
6|769|891|1666
6|770|891|1667
6|770|892|1668
6|771|892|1669
6|771|893|1670
6|772|893|1671
6|772|894|1672
6|773|894|1673
6|773|895|1674
6|774|895|1675
6|774|896|1676
6|775|896|1677
6|775|897|1678
6|776|897|1679
6|776|898|1680
6|777|898|1681
6|777|899|1682
6|778|899|1683
6|778|900|1684
6|778|901|1685
6|778|902|1686
6|778|903|1687
6|779|903|1688
6|779|904|1689
6|779|905|1690
6|779|906|1691
6|779|907|1692
6|779|908|1693
6|780|908|1694
6|780|909|1695
6|781|909|1696
6|781|910|1697
6|781|911|1698
6|781|912|1699
6|781|913|1700
6|781|914|1701
6|781|915|1702
6|781|916|1703
6|781|917|1704
6|781|918|1705
6|781|919|1706
6|781|920|1707
6|782|920|1708
6|782|921|1709
6|782|922|1710
6|782|923|1711
6|783|923|1712
6|783|924|1713
6|783|925|1714
6|783|926|1715
6|783|927|1716
6|783|928|1717
6|784|928|1718
6|784|929|1719
6|784|930|1720
6|785|930|1721
6|786|930|1722
6|787|930|1723
6|787|931|1724
6|788|931|1725
6|788|932|1726
6|789|932|1727
6|789|933|1728
6|790|933|1729
6|791|933|1730
6|792|933|1731
6|792|934|1732
6|793|934|1733
6|793|935|1734
6|794|935|1735
6|794|936|1736
6|795|936|1737
6|795|937|1738
6|796|937|1739
6|796|938|1740
6|797|938|1741
6|797|939|1742
6|798|939|1743
6|798|940|1744
6|799|940|1745
6|799|941|1746
6|800|941|1747
6|800|942|1748
6|801|942|1749
6|801|943|1750
6|802|943|1751
6|802|944|1752
6|803|944|1753
6|803|945|1754
6|804|945|1755
6|804|946|1756
6|804|947|1757
6|804|948|1758
6|805|948|1759
6|805|949|1760
6|806|949|1761
6|806|950|1762
6|807|950|1763
6|807|951|1764
6|807|952|1765
6|807|953|1766
6|808|953|1767
6|808|954|1768
6|809|954|1769
6|809|955|1770
6|809|956|1771
6|809|957|1772
6|810|957|1773
6|810|958|1774
6|811|958|1775
6|811|959|1776
6|812|959|1777
6|812|960|1778
6|813|960|1779
6|813|961|1780
6|814|961|1781
6|814|962|1782
6|815|962|1783
6|815|963|1784
6|815|964|1785
6|815|965|1786
6|816|965|1787
6|816|966|1788
6|817|966|1789
6|817|967|1790
6|818|967|1791
6|818|968|1792
6|819|968|1793
6|820|968|1794
6|821|968|1795
6|821|969|1796
6|822|969|1797
6|822|970|1798
6|823|970|1799
6|823|971|1800
6|824|971|1801
6|824|972|1802
6|825|972|1803
6|825|973|1804
6|826|973|1805
6|826|974|1806
7|826|974|1807
7|826|975|1808
7|827|975|1809
7|828|975|1810
7|829|975|1811
7|830|975|1812
7|831|975|1813
7|832|975|1814
7|833|975|1815
7|834|975|1816
7|835|975|1817
7|836|975|1818
7|837|975|1819
7|838|975|1820
7|839|975|1821
7|839|976|1822
7|840|976|1823
7|841|976|1824
7|842|976|1825
7|843|976|1826
7|844|976|1827
7|845|976|1828
7|845|977|1829
7|846|977|1830
7|846|978|1831
7|847|978|1832
7|847|979|1833
7|847|980|1834
7|847|981|1835
7|847|982|1836
7|847|983|1837
7|848|983|1838
7|848|984|1839
7|848|985|1840
7|848|986|1841
7|848|987|1842
7|848|988|1843
7|848|989|1844
7|848|990|1845
7|848|991|1846
7|848|992|1847
7|848|993|1848
7|848|994|1849
7|848|995|1850
7|848|996|1851
7|848|997|1852
7|848|998|1853
7|848|999|1854
7|848|1000|1855
7|848|1001|1856
7|848|1002|1857
7|848|1003|1858
7|848|1004|1859
7|848|1005|1860
7|848|1006|1861
7|849|1006|1862
7|849|1007|1863
7|849|1008|1864
7|850|1008|1865
7|850|1009|1866
7|851|1009|1867
7|851|1010|1868
7|852|1010|1869
7|852|1011|1870
7|853|1011|1871
7|853|1012|1872
7|854|1012|1873
7|854|1013|1874
7|855|1013|1875
7|855|1014|1876
7|856|1014|1877
7|856|1015|1878
7|857|1015|1879
7|857|1016|1880
7|858|1016|1881
7|858|1017|1882
7|859|1017|1883
7|859|1018|1884
7|860|1018|1885
7|860|1019|1886
7|861|1019|1887
7|861|1020|1888
7|862|1020|1889
7|862|1021|1890
7|863|1021|1891
7|863|1022|1892
7|864|1022|1893
7|864|1023|1894
7|865|1023|1895
7|865|1024|1896
7|866|1024|1897
7|866|1025|1898
7|867|1025|1899
7|867|1026|1900
7|867|1027|1901
7|867|1028|1902
7|868|1028|1903
7|868|1029|1904
7|869|1029|1905
7|869|1030|1906
7|870|1030|1907
7|870|1031|1908
7|870|1032|1909
7|870|1033|1910
7|871|1033|1911
7|871|1034|1912
7|872|1034|1913
7|872|1035|1914
7|873|1035|1915
7|873|1036|1916
7|873|1037|1917
7|873|1038|1918
7|874|1038|1919
7|874|1039|1920
7|875|1039|1921
7|875|1040|1922
7|876|1040|1923
7|876|1041|1924
7|877|1041|1925
7|877|1042|1926
7|878|1042|1927
7|878|1043|1928
7|879|1043|1929
7|879|1044|1930
7|880|1044|1931
7|880|1045|1932
7|881|1045|1933
7|881|1046|1934
7|882|1046|1935
7|882|1047|1936
7|883|1047|1937
7|884|1047|1938
7|885|1047|1939
7|885|1048|1940
7|886|1048|1941
7|886|1049|1942
7|887|1049|1943
7|887|1050|1944
7|888|1050|1945
7|888|1051|1946
7|889|1051|1947
7|889|1052|1948
7|890|1052|1949
7|890|1053|1950
8|890|1053|1951
8|890|1054|1952
8|891|1054|1953
8|892|1054|1954
8|893|1054|1955
8|893|1055|1956
8|894|1055|1957
8|894|1056|1958
8|895|1056|1959
8|896|1056|1960
8|897|1056|1961
8|897|1057|1962
8|898|1057|1963
8|899|1057|1964
8|900|1057|1965
8|900|1058|1966
8|901|1058|1967
8|902|1058|1968
8|903|1058|1969
8|904|1058|1970
8|905|1058|1971
8|906|1058|1972
8|906|1059|1973
8|906|1060|1974
8|906|1061|1975
8|906|1062|1976
8|907|1062|1977
8|907|1063|1978
8|908|1063|1979
8|908|1064|1980
8|908|1065|1981
8|908|1066|1982
8|908|1067|1983
8|909|1067|1984
8|909|1068|1985
8|909|1069|1986
8|909|1070|1987
8|909|1071|1988
8|909|1072|1989
8|910|1072|1990
8|910|1073|1991
8|910|1074|1992
8|910|1075|1993
8|910|1076|1994
8|910|1077|1995
8|910|1078|1996
8|910|1079|1997
8|910|1080|1998
8|910|1081|1999
8|911|1081|2000
