total
0|0|1|1
0|1|1|2
0|2|1|3
0|3|1|4
0|3|2|5
0|4|2|6
0|5|2|7
0|6|2|8
0|7|2|9
0|7|3|10
0|7|4|11
0|8|4|12
0|8|5|13
0|9|5|14
0|9|6|15
0|10|6|16
0|10|7|17
0|10|8|18
0|10|9|19
0|11|9|20
0|11|10|21
0|12|10|22
0|13|10|23
0|14|10|24
0|14|11|25
0|15|11|26
0|16|11|27
0|17|11|28
0|17|12|29
0|18|12|30
0|18|13|31
0|19|13|32
0|19|14|33
0|20|14|34
0|21|15|36
0|22|15|37
0|22|16|38
0|23|16|39
0|23|17|40
0|24|17|41
0|24|18|42
0|25|18|43
0|25|19|44
0|26|19|45
0|26|20|46
0|27|20|47
0|27|21|48
0|28|21|49
0|28|22|50
0|29|22|51
0|29|23|52
0|30|23|53
0|30|24|54
0|31|24|55
0|31|25|56
0|32|25|57
0|32|26|58
0|33|26|59
0|33|27|60
0|34|27|61
0|34|28|62
0|35|28|63
0|35|29|64
0|36|29|65
0|37|29|66
0|38|29|67
0|39|29|68
0|40|29|69
0|41|29|70
0|42|29|71
0|43|29|72
0|44|29|73
0|45|29|74
0|46|29|75
0|47|29|76
0|48|29|77
0|49|29|78
0|50|29|79
0|51|29|80
0|52|29|81
0|53|29|82
0|54|29|83
0|55|29|84
0|56|29|85
0|57|29|86
0|58|29|87
0|59|29|88
0|60|29|89
0|61|29|90
0|62|29|91
0|63|29|92
0|64|29|93
0|65|29|94
0|66|29|95
0|67|29|96
0|68|29|97
0|69|29|98
0|70|29|99
0|71|29|100
0|72|29|101
0|72|30|102
0|73|30|103
0|73|31|104
0|74|31|105
0|74|32|106
0|75|32|107
0|75|33|108
0|76|33|109
0|76|34|110
0|77|34|111
0|77|35|112
0|78|35|113
0|78|36|114
0|79|36|115
0|79|37|116
0|80|37|117
0|80|38|118
0|81|38|119
0|81|39|120
0|82|39|121
0|82|40|122
0|83|40|123
0|83|41|124
0|84|41|125
0|84|42|126
0|85|42|127
0|85|43|128
0|86|43|129
0|86|44|130
0|87|44|131
0|87|45|132
0|88|45|133
0|88|46|134
0|89|46|135
0|89|47|136
0|90|47|137
0|90|48|138
0|90|49|139
0|90|50|140
0|91|50|141
0|91|51|142
0|92|51|143
0|93|51|144
0|93|52|145
1|93|52|146
1|94|52|147
1|95|52|148
1|96|52|149
1|96|53|150
1|97|53|151
1|98|53|152
1|98|54|153
1|99|54|154
1|100|54|155
1|100|55|156
1|101|55|157
1|101|56|158
1|102|56|159
1|103|56|160
1|104|56|161
1|104|57|162
1|105|57|163
1|105|58|164
1|105|59|165
1|106|59|166
1|107|59|167
2|107|59|168
2|107|60|169
2|107|61|170
2|107|62|171
2|107|63|172
2|107|64|173
2|107|65|174
2|107|66|175
2|107|67|176
2|107|68|177
2|107|69|178
2|107|70|179
2|107|71|180
2|107|72|181
2|107|73|182
2|107|74|183
2|107|75|184
2|107|76|185
2|107|77|186
2|107|78|187
2|107|79|188
2|107|80|189
2|107|81|190
2|107|82|191
3|107|82|192
3|107|83|193
3|107|84|194
3|107|85|195
4|107|85|196
4|107|86|197
5|107|86|198
5|107|87|199
5|107|88|200
5|107|89|201
6|107|89|202
6|107|90|203
6|108|90|204
6|109|90|205
6|110|90|206
6|110|91|207
6|110|92|208
6|111|92|209
6|112|92|210
6|113|92|211
6|113|93|212
6|114|93|213
6|114|94|214
6|115|94|215
6|115|95|216
6|116|95|217
6|117|95|218
6|118|95|219
6|118|96|220
6|119|96|221
6|120|96|222
6|121|96|223
6|121|97|224
6|122|97|225
6|122|98|226
6|123|98|227
6|123|99|228
6|124|99|229
6|124|100|230
6|125|100|231
6|125|101|232
6|126|101|233
6|126|102|234
6|127|102|235
6|127|103|236
6|128|103|237
6|128|104|238
6|129|104|239
6|130|104|240
6|131|104|241
6|131|105|242
6|132|105|243
6|132|106|244
6|133|106|245
6|133|107|246
6|134|107|247
6|134|108|248
6|135|108|249
6|136|108|250
6|136|109|251
6|136|110|252
6|137|110|253
6|138|110|254
6|139|110|255
6|139|111|256
6|140|111|257
6|141|111|258
6|141|112|259
6|141|113|260
6|142|113|261
6|142|114|262
6|143|114|263
6|143|115|264
6|144|115|265
6|144|116|266
6|145|116|267
6|145|117|268
6|146|117|269
6|146|118|270
6|147|118|271
6|147|119|272
6|148|119|273
6|148|120|274
6|149|120|275
6|149|121|276
6|150|121|277
6|151|121|278
6|152|121|279
6|152|122|280
6|153|122|281
6|154|122|282
6|155|122|283
6|155|123|284
6|156|123|285
6|157|123|286
6|158|123|287
6|159|123|288
6|160|123|289
6|161|123|290
6|162|123|291
6|162|124|292
6|163|124|293
6|163|125|294
6|164|125|295
6|165|125|296
6|166|125|297
6|167|125|298
6|168|125|299
6|168|126|300
6|169|126|301
6|170|126|302
6|171|126|303
6|171|127|304
6|172|127|305
6|172|128|306
6|173|128|307
6|174|128|308
6|175|128|309
6|176|128|310
6|177|128|311
6|178|128|312
6|179|128|313
6|180|128|314
6|181|128|315
6|182|128|316
6|182|129|317
7|182|129|318
7|182|130|319
7|183|130|320
7|183|131|321
7|184|131|322
7|184|132|323
7|185|132|324
7|185|133|325
7|185|134|326
7|185|135|327
8|185|135|328
8|185|136|329
8|186|136|330
8|186|137|331
8|187|137|332
8|187|138|333
9|187|138|334
9|187|139|335
9|188|139|336
9|188|140|337
10|188|140|338
10|188|141|339
10|189|141|340
10|189|142|341
10|189|143|342
10|189|144|343
10|190|144|344
10|190|145|345
11|190|145|346
11|190|146|347
12|190|146|348
12|190|147|349
12|191|147|350
12|191|148|351
12|192|148|352
12|193|148|353
12|193|149|354
12|194|149|355
12|195|149|356
12|196|149|357
12|197|149|358
12|198|149|359
12|198|150|360
12|198|151|361
12|198|152|362
12|199|152|363
12|200|152|364
12|201|152|365
12|202|152|366
12|202|153|367
12|203|153|368
12|204|153|369
12|204|154|370
12|205|154|371
12|205|155|372
12|205|156|373
12|206|156|374
12|207|156|375
12|207|157|376
12|208|157|377
12|208|158|378
12|209|158|379
12|210|158|380
12|211|158|381
12|212|158|382
12|213|158|383
12|214|158|384
12|215|158|385
12|216|158|386
12|217|158|387
12|218|158|388
12|218|159|389
12|218|160|390
12|219|160|391
12|219|161|392
12|220|161|393
12|220|162|394
12|221|162|395
12|221|163|396
12|221|164|397
12|221|165|398
12|222|165|399
12|222|166|400
12|223|166|401
12|223|167|402
12|223|168|403
12|223|169|404
12|224|169|405
12|224|170|406
12|225|170|407
12|225|171|408
12|226|171|409
12|226|172|410
12|226|173|411
12|226|174|412
12|227|174|413
12|227|175|414
12|228|175|415
12|228|176|416
12|229|176|417
12|229|177|418
12|230|177|419
12|230|178|420
12|231|178|421
12|231|179|422
12|231|180|423
12|231|181|424
12|232|181|425
12|232|182|426
12|233|182|427
12|233|183|428
12|234|183|429
12|235|183|430
12|236|183|431
12|237|183|432
12|238|183|433
12|238|184|434
12|239|184|435
12|240|184|436
12|241|184|437
12|242|184|438
12|243|184|439
12|244|184|440
12|245|184|441
12|246|184|442
12|247|184|443
12|248|184|444
12|249|184|445
12|250|184|446
12|251|184|447
12|251|185|448
12|252|185|449
12|252|186|450
12|253|186|451
12|253|187|452
12|254|187|453
12|255|187|454
12|256|187|455
12|257|187|456
12|258|187|457
12|259|187|458
12|260|187|459
12|261|187|460
12|261|188|461
12|262|188|462
12|262|189|463
12|262|190|464
12|262|191|465
13|262|191|466
13|262|192|467
14|262|192|468
14|262|193|469
15|262|193|470
15|262|194|471
15|263|194|472
15|263|195|473
15|264|195|474
15|264|196|475
15|264|197|476
15|264|198|477
15|265|198|478
15|265|199|479
15|266|199|480
15|266|200|481
15|267|200|482
15|267|201|483
16|267|201|484
16|267|202|485
17|267|202|486
17|267|203|487
17|268|203|488
17|268|204|489
18|268|204|490
18|268|205|491
18|269|205|492
18|269|206|493
18|270|206|494
18|270|207|495
18|270|208|496
18|271|208|497
18|271|209|498
18|272|209|499
18|272|210|500
18|273|210|501
18|273|211|502
18|274|211|503
18|274|212|504
18|275|212|505
18|275|213|506
18|276|213|507
18|276|214|508
18|277|214|509
18|277|215|510
18|278|215|511
18|278|216|512
18|279|216|513
18|279|217|514
18|280|217|515
18|280|218|516
18|281|218|517
18|281|219|518
18|282|219|519
18|282|220|520
18|283|220|521
18|283|221|522
18|284|221|523
18|284|222|524
18|285|222|525
18|285|223|526
18|286|223|527
18|286|224|528
18|287|224|529
18|287|225|530
18|288|225|531
18|288|226|532
18|288|227|533
18|288|228|534
18|289|228|535
18|289|229|536
18|290|229|537
18|290|230|538
18|291|230|539
18|291|231|540
18|291|232|541
18|291|233|542
18|292|233|543
18|292|234|544
18|293|234|545
18|293|235|546
18|294|235|547
18|294|236|548
18|294|237|549
18|294|238|550
18|295|238|551
18|295|239|552
18|296|239|553
18|296|240|554
18|297|240|555
18|297|241|556
18|298|241|557
18|298|242|558
18|299|242|559
18|299|243|560
18|299|244|561
18|299|245|562
18|300|245|563
18|300|246|564
18|301|246|565
18|301|247|566
18|302|247|567
18|302|248|568
18|302|249|569
18|302|250|570
18|303|250|571
18|304|250|572
18|305|250|573
18|305|251|574
18|306|251|575
18|307|251|576
18|307|252|577
18|308|252|578
18|309|252|579
18|309|253|580
18|310|253|581
18|310|254|582
18|311|254|583
18|311|255|584
18|311|256|585
19|311|256|586
19|312|256|587
19|312|257|588
19|313|257|589
19|313|258|590
19|314|258|591
19|314|259|592
19|315|259|593
19|315|260|594
19|316|260|595
19|316|261|596
19|317|261|597
19|317|262|598
19|318|262|599
19|318|263|600
19|319|263|601
19|319|264|602
19|320|264|603
19|320|265|604
19|320|266|605
20|320|266|606
20|320|267|607
20|320|268|608
20|320|269|609
20|320|270|610
20|320|271|611
20|320|272|612
20|320|273|613
20|321|273|614
20|321|274|615
20|321|275|616
20|321|276|617
20|321|277|618
20|321|278|619
20|322|278|620
20|322|279|621
20|323|279|622
20|323|280|623
20|323|281|624
20|323|282|625
20|323|283|626
20|323|284|627
20|323|285|628
20|323|286|629
20|323|287|630
20|323|288|631
20|323|289|632
20|323|290|633
20|323|291|634
20|323|292|635
20|324|292|636
20|324|293|637
20|325|293|638
20|325|294|639
20|325|295|640
20|326|295|641
20|326|296|642
20|327|296|643
20|327|297|644
20|328|297|645
20|328|298|646
20|329|298|647
20|329|299|648
20|330|299|649
20|330|300|650
20|331|300|651
20|331|301|652
20|332|301|653
20|332|302|654
20|333|302|655
20|333|303|656
20|334|303|657
20|334|304|658
20|335|304|659
20|335|305|660
20|336|305|661
20|336|306|662
20|337|306|663
20|337|307|664
20|338|307|665
20|338|308|666
20|339|308|667
20|339|309|668
20|340|309|669
20|340|310|670
20|341|310|671
20|341|311|672
20|342|311|673
20|342|312|674
20|343|312|675
20|343|313|676
20|343|314|677
21|343|314|678
21|344|314|679
21|344|315|680
21|345|315|681
21|345|316|682
21|346|316|683
21|346|317|684
21|346|318|685
21|347|318|686
21|348|318|687
21|348|319|688
21|349|319|689
21|349|320|690
21|350|320|691
21|350|321|692
21|350|322|693
22|350|322|694
22|351|322|695
22|351|323|696
22|352|323|697
22|352|324|698
22|353|324|699
22|353|325|700
22|353|326|701
22|353|327|702
22|354|327|703
22|354|328|704
22|354|329|705
22|354|330|706
22|355|330|707
22|356|330|708
22|357|330|709
22|357|331|710
22|358|331|711
23|358|331|712
23|359|331|713
23|359|332|714
23|360|332|715
23|360|333|716
23|361|333|717
23|361|334|718
23|362|334|719
23|362|335|720
23|363|335|721
23|363|336|722
23|364|336|723
23|364|337|724
23|365|337|725
23|365|338|726
23|366|338|727
23|366|339|728
23|367|339|729
23|367|340|730
23|368|340|731
23|368|341|732
23|369|341|733
23|369|342|734
23|370|342|735
23|370|343|736
23|371|343|737
23|371|344|738
23|372|344|739
23|372|345|740
23|373|345|741
23|373|346|742
23|374|346|743
23|374|347|744
23|375|347|745
23|375|348|746
23|376|348|747
23|376|349|748
23|377|349|749
23|378|349|750
23|379|349|751
23|380|349|752
23|381|349|753
23|382|349|754
23|383|349|755
23|384|349|756
23|385|349|757
23|386|349|758
23|387|349|759
23|388|349|760
23|389|349|761
23|390|349|762
23|391|349|763
23|392|349|764
23|393|349|765
23|394|349|766
23|395|349|767
23|396|349|768
23|397|349|769
23|398|349|770
23|399|349|771
23|400|349|772
23|401|349|773
23|402|349|774
23|403|349|775
23|404|349|776
23|405|349|777
23|406|349|778
23|407|349|779
23|408|349|780
23|409|349|781
23|410|349|782
23|411|349|783
23|412|349|784
23|413|349|785
23|413|350|786
23|414|350|787
23|414|351|788
23|415|351|789
23|415|352|790
23|416|352|791
23|416|353|792
23|417|353|793
23|417|354|794
23|418|354|795
23|418|355|796
23|419|355|797
23|419|356|798
23|420|356|799
23|420|357|800
23|421|357|801
23|421|358|802
23|422|358|803
23|422|359|804
23|423|359|805
23|423|360|806
23|424|360|807
23|424|361|808
23|425|361|809
23|425|362|810
23|426|362|811
23|426|363|812
23|427|363|813
23|427|364|814
23|428|364|815
23|428|365|816
23|429|365|817
23|429|366|818
23|430|366|819
23|430|367|820
23|431|367|821
23|432|367|822
23|432|368|823
23|433|368|824
23|434|368|825
23|434|369|826
23|435|369|827
23|436|369|828
23|436|370|829
24|436|370|830
24|437|370|831
24|437|371|832
24|437|372|833
24|437|373|834
24|438|373|835
24|438|374|836
24|438|375|837
25|438|375|838
25|439|375|839
25|439|376|840
25|439|377|841
25|439|378|842
25|440|378|843
25|441|378|844
25|442|378|845
25|442|379|846
25|443|379|847
25|443|380|848
25|444|380|849
26|444|380|850
26|445|380|851
27|445|380|852
27|445|381|853
27|445|382|854
27|445|383|855
27|445|384|856
27|445|385|857
27|446|385|858
27|446|386|859
27|446|387|860
27|446|388|861
27|446|389|862
27|446|390|863
28|446|390|864
28|446|391|865
28|446|392|866
28|446|393|867
29|446|393|868
29|446|394|869
29|446|395|870
29|446|396|871
30|446|396|872
30|446|397|873
30|446|398|874
30|446|399|875
30|446|400|876
30|446|401|877
30|446|402|878
30|446|403|879
30|446|404|880
30|446|405|881
30|446|406|882
30|446|407|883
30|446|408|884
30|446|409|885
30|447|409|886
30|448|409|887
30|449|409|888
30|450|409|889
30|450|410|890
30|451|410|891
30|451|411|892
30|452|411|893
30|452|412|894
30|453|412|895
30|453|413|896
30|454|413|897
30|454|414|898
30|455|414|899
30|455|415|900
30|456|415|901
30|456|416|902
30|457|416|903
30|457|417|904
30|458|417|905
30|459|417|906
30|460|417|907
30|461|417|908
30|462|417|909
30|462|418|910
30|463|418|911
30|463|419|912
30|464|419|913
30|464|420|914
30|465|420|915
30|465|421|916
30|466|421|917
30|466|422|918
30|467|422|919
30|467|423|920
30|468|423|921
30|468|424|922
30|469|424|923
30|470|424|924
30|471|424|925
30|472|424|926
30|473|424|927
30|473|425|928
30|473|426|929
30|473|427|930
30|473|428|931
30|473|429|932
30|474|429|933
30|474|430|934
30|474|431|935
30|474|432|936
30|475|432|937
30|475|433|938
30|476|433|939
30|476|434|940
30|477|434|941
30|477|435|942
30|477|436|943
30|477|437|944
30|478|437|945
30|478|438|946
30|479|438|947
30|479|439|948
30|480|439|949
30|480|440|950
30|480|441|951
30|480|442|952
30|481|442|953
30|481|443|954
30|482|443|955
30|482|444|956
30|482|445|957
30|482|446|958
30|483|446|959
30|483|447|960
30|484|447|961
30|484|448|962
30|485|448|963
30|485|449|964
30|486|449|965
30|487|449|966
30|488|449|967
30|489|449|968
30|490|449|969
30|491|449|970
30|492|449|971
30|493|449|972
30|494|449|973
30|495|449|974
30|496|449|975
30|497|449|976
30|498|449|977
30|498|450|978
30|499|450|979
30|500|450|980
30|501|450|981
30|502|450|982
30|503|450|983
30|503|451|984
30|504|451|985
30|504|452|986
30|505|452|987
30|505|453|988
30|506|453|989
30|506|454|990
30|507|454|991
30|507|455|992
30|508|455|993
30|509|455|994
30|510|455|995
30|511|455|996
30|512|455|997
30|513|455|998
30|514|455|999
30|515|455|1000
30|515|456|1001
31|515|456|1002
31|515|457|1003
31|516|457|1004
31|516|458|1005
31|517|458|1006
31|517|459|1007
31|517|460|1008
31|517|461|1009
32|517|461|1010
32|517|462|1011
32|518|462|1012
32|518|463|1013
32|519|463|1014
32|519|464|1015
32|520|464|1016
32|520|465|1017
32|521|465|1018
32|521|466|1019
32|522|466|1020
32|522|467|1021
32|523|467|1022
32|523|468|1023
32|524|468|1024
32|524|469|1025
32|525|469|1026
32|525|470|1027
32|525|471|1028
32|525|472|1029
33|525|472|1030
33|525|473|1031
33|526|473|1032
33|526|474|1033
33|527|474|1034
33|527|475|1035
33|528|475|1036
33|529|475|1037
33|529|476|1038
33|530|476|1039
33|531|476|1040
33|532|476|1041
33|532|477|1042
33|533|477|1043
33|534|477|1044
33|534|478|1045
33|535|478|1046
33|536|478|1047
33|536|479|1048
33|537|479|1049
33|537|480|1050
33|537|481|1051
33|538|481|1052
33|539|481|1053
33|539|482|1054
33|540|482|1055
33|541|482|1056
33|542|482|1057
33|543|482|1058
33|544|482|1059
33|545|482|1060
33|546|482|1061
33|546|483|1062
33|547|483|1063
33|548|483|1064
33|549|483|1065
33|550|483|1066
33|551|483|1067
33|552|483|1068
33|553|483|1069
33|554|483|1070
33|555|483|1071
33|556|483|1072
33|556|484|1073
33|556|485|1074
33|557|485|1075
33|557|486|1076
33|558|486|1077
33|558|487|1078
33|559|487|1079
33|559|488|1080
33|559|489|1081
33|559|490|1082
33|560|490|1083
33|560|491|1084
33|561|491|1085
33|561|492|1086
33|561|493|1087
33|561|494|1088
33|562|494|1089
33|562|495|1090
33|563|495|1091
33|563|496|1092
33|564|496|1093
33|564|497|1094
33|565|497|1095
33|565|498|1096
33|566|498|1097
33|566|499|1098
33|567|499|1099
33|567|500|1100
33|568|500|1101
33|568|501|1102
33|569|501|1103
33|569|502|1104
33|570|502|1105
33|570|503|1106
33|570|504|1107
33|570|505|1108
33|571|505|1109
33|571|506|1110
33|572|506|1111
33|572|507|1112
33|573|507|1113
33|574|507|1114
33|575|507|1115
33|576|507|1116
33|577|507|1117
33|577|508|1118
33|578|508|1119
33|579|508|1120
33|580|508|1121
33|580|509|1122
33|581|509|1123
33|582|509|1124
33|583|509|1125
33|583|510|1126
33|584|510|1127
33|584|511|1128
33|585|511|1129
33|586|511|1130
33|587|511|1131
33|587|512|1132
33|588|512|1133
33|589|512|1134
33|590|512|1135
33|591|512|1136
33|592|512|1137
33|593|512|1138
33|594|512|1139
33|595|512|1140
33|596|512|1141
33|597|512|1142
33|598|512|1143
33|599|512|1144
33|599|513|1145
33|600|513|1146
33|600|514|1147
33|601|514|1148
33|601|515|1149
33|602|515|1150
33|602|516|1151
33|603|516|1152
33|603|517|1153
34|603|517|1154
34|603|518|1155
35|603|518|1156
35|603|519|1157
35|603|520|1158
35|603|521|1159
35|603|522|1160
35|603|523|1161
36|603|523|1162
36|603|524|1163
36|604|524|1164
36|604|525|1165
36|604|526|1166
36|604|527|1167
36|605|527|1168
36|605|528|1169
36|606|528|1170
36|606|529|1171
37|606|529|1172
37|606|530|1173
38|606|530|1174
38|606|531|1175
38|607|531|1176
38|607|532|1177
38|608|532|1178
38|608|533|1179
38|609|533|1180
38|610|533|1181
38|610|534|1182
38|611|534|1183
38|611|535|1184
38|612|535|1185
38|612|536|1186
38|613|536|1187
38|613|537|1188
38|614|537|1189
38|614|538|1190
38|615|538|1191
38|615|539|1192
38|616|539|1193
38|616|540|1194
38|617|540|1195
38|617|541|1196
38|618|541|1197
38|618|542|1198
38|619|542|1199
38|619|543|1200
38|620|543|1201
38|620|544|1202
38|621|544|1203
38|621|545|1204
38|622|545|1205
38|622|546|1206
38|623|546|1207
38|623|547|1208
38|624|547|1209
38|624|548|1210
38|625|548|1211
38|625|549|1212
38|626|549|1213
38|626|550|1214
38|627|550|1215
38|627|551|1216
38|627|552|1217
38|627|553|1218
38|628|553|1219
38|628|554|1220
38|629|554|1221
38|629|555|1222
38|630|555|1223
38|630|556|1224
38|630|557|1225
38|630|558|1226
38|631|558|1227
38|631|559|1228
38|631|560|1229
38|631|561|1230
38|632|561|1231
38|632|562|1232
38|632|563|1233
38|632|564|1234
38|633|564|1235
38|633|565|1236
38|634|565|1237
38|634|566|1238
38|635|566|1239
38|635|567|1240
38|636|567|1241
38|636|568|1242
38|637|568|1243
38|637|569|1244
38|638|569|1245
38|638|570|1246
38|639|570|1247
38|639|571|1248
38|640|571|1249
38|640|572|1250
38|640|573|1251
38|640|574|1252
38|641|574|1253
38|641|575|1254
38|642|575|1255
38|642|576|1256
38|643|576|1257
38|643|577|1258
38|644|577|1259
38|645|577|1260
38|645|578|1261
39|645|578|1262
39|646|578|1263
39|647|578|1264
39|648|578|1265
39|648|579|1266
39|649|579|1267
39|649|580|1268
39|649|581|1269
39|650|581|1270
39|651|581|1271
39|651|582|1272
39|652|582|1273
39|652|583|1274
39|652|584|1275
39|652|585|1276
39|653|585|1277
39|653|586|1278
39|654|586|1279
39|654|587|1280
39|655|587|1281
39|655|588|1282
39|656|588|1283
39|657|588|1284
39|658|588|1285
39|659|588|1286
39|660|588|1287
39|660|589|1288
39|660|590|1289
39|660|591|1290
39|660|592|1291
39|660|593|1292
39|660|594|1293
39|660|595|1294
39|660|596|1295
39|660|597|1296
39|660|598|1297
40|660|598|1298
40|660|599|1299
40|660|600|1300
40|660|601|1301
40|660|602|1302
40|660|603|1303
40|661|603|1304
40|661|604|1305
40|662|604|1306
40|662|605|1307
40|662|606|1308
40|662|607|1309
40|662|608|1310
40|662|609|1311
40|663|609|1312
40|663|610|1313
40|663|611|1314
40|663|612|1315
40|663|613|1316
40|663|614|1317
41|663|614|1318
41|663|615|1319
41|663|616|1320
41|663|617|1321
41|664|617|1322
41|664|618|1323
41|664|619|1324
41|665|619|1325
41|665|620|1326
41|666|620|1327
41|666|621|1328
41|667|621|1329
41|667|622|1330
41|668|622|1331
41|668|623|1332
41|669|623|1333
41|669|624|1334
41|670|624|1335
41|670|625|1336
41|671|625|1337
41|671|626|1338
41|672|626|1339
41|672|627|1340
41|673|627|1341
41|673|628|1342
41|674|628|1343
41|674|629|1344
41|675|629|1345
41|675|630|1346
41|676|630|1347
41|676|631|1348
41|677|631|1349
41|677|632|1350
41|678|632|1351
41|678|633|1352
41|679|633|1353
41|679|634|1354
41|680|634|1355
41|680|635|1356
41|681|635|1357
41|681|636|1358
41|682|636|1359
41|682|637|1360
41|682|638|1361
41|682|639|1362
41|683|639|1363
41|683|640|1364
41|684|640|1365
41|684|641|1366
41|685|641|1367
41|685|642|1368
41|685|643|1369
41|686|643|1370
41|687|643|1371
41|687|644|1372
41|688|644|1373
41|688|645|1374
41|689|645|1375
41|690|645|1376
41|690|646|1377
41|691|646|1378
41|692|646|1379
41|692|647|1380
41|693|647|1381
41|693|648|1382
41|694|648|1383
41|694|649|1384
41|694|650|1385
41|695|650|1386
41|696|650|1387
41|696|651|1388
41|697|651|1389
41|697|652|1390
41|698|652|1391
41|699|652|1392
41|700|652|1393
41|700|653|1394
41|700|654|1395
41|700|655|1396
41|701|655|1397
41|701|656|1398
41|702|656|1399
41|702|657|1400
41|703|657|1401
41|703|658|1402
41|704|658|1403
41|704|659|1404
41|705|659|1405
41|705|660|1406
41|706|660|1407
41|706|661|1408
41|707|661|1409
41|707|662|1410
41|708|662|1411
41|708|663|1412
41|709|663|1413
41|709|664|1414
41|710|664|1415
41|710|665|1416
41|711|665|1417
41|711|666|1418
41|712|666|1419
41|712|667|1420
41|713|667|1421
41|713|668|1422
41|714|668|1423
41|714|669|1424
41|715|669|1425
41|715|670|1426
41|716|670|1427
41|716|671|1428
41|717|671|1429
41|717|672|1430
41|718|672|1431
41|718|673|1432
41|719|673|1433
41|720|673|1434
41|721|673|1435
41|722|673|1436
41|723|673|1437
41|724|673|1438
41|725|673|1439
41|726|673|1440
41|727|673|1441
41|728|673|1442
41|729|673|1443
41|730|673|1444
41|731|673|1445
41|732|673|1446
41|733|673|1447
41|734|673|1448
41|735|673|1449
41|736|673|1450
41|737|673|1451
41|738|673|1452
41|739|673|1453
41|740|673|1454
41|741|673|1455
41|742|673|1456
41|743|673|1457
41|744|673|1458
41|745|673|1459
41|746|673|1460
41|747|673|1461
41|748|673|1462
41|749|673|1463
41|750|673|1464
41|751|673|1465
41|752|673|1466
41|753|673|1467
41|754|673|1468
41|755|673|1469
41|755|674|1470
41|756|674|1471
41|756|675|1472
41|757|675|1473
41|757|676|1474
41|758|676|1475
41|758|677|1476
41|759|677|1477
41|759|678|1478
41|760|678|1479
41|760|679|1480
41|761|679|1481
41|761|680|1482
41|762|680|1483
41|762|681|1484
41|763|681|1485
41|763|682|1486
41|764|682|1487
41|764|683|1488
41|765|683|1489
41|765|684|1490
41|766|684|1491
41|766|685|1492
41|767|685|1493
41|767|686|1494
41|768|686|1495
41|768|687|1496
41|769|687|1497
41|769|688|1498
41|770|688|1499
41|770|689|1500
41|771|689|1501
41|771|690|1502
41|772|690|1503
41|772|691|1504
41|773|691|1505
41|773|692|1506
41|773|693|1507
41|773|694|1508
41|774|694|1509
41|774|695|1510
41|775|695|1511
41|776|695|1512
41|776|696|1513
42|776|696|1514
42|777|696|1515
42|778|696|1516
42|778|697|1517
42|778|698|1518
42|779|698|1519
42|779|699|1520
42|779|700|1521
43|779|700|1522
43|780|700|1523
43|780|701|1524
43|781|701|1525
43|781|702|1526
43|782|702|1527
43|782|703|1528
43|782|704|1529
43|782|705|1530
43|783|705|1531
43|783|706|1532
43|784|706|1533
43|784|707|1534
43|784|708|1535
43|784|709|1536
43|784|710|1537
43|784|711|1538
43|784|712|1539
43|784|713|1540
43|784|714|1541
43|784|715|1542
43|784|716|1543
43|784|717|1544
43|784|718|1545
43|784|719|1546
43|784|720|1547
43|785|720|1548
43|785|721|1549
43|785|722|1550
43|785|723|1551
43|785|724|1552
43|785|725|1553
43|785|726|1554
43|785|727|1555
43|786|727|1556
43|786|728|1557
43|786|729|1558
43|786|730|1559
43|786|731|1560
43|786|732|1561
43|786|733|1562
43|786|734|1563
43|786|735|1564
43|786|736|1565
43|786|737|1566
43|786|738|1567
43|787|738|1568
43|787|739|1569
43|788|739|1570
43|789|739|1571
43|790|739|1572
43|790|740|1573
43|791|740|1574
43|792|740|1575
43|793|740|1576
43|794|740|1577
43|794|741|1578
43|795|741|1579
43|795|742|1580
43|796|742|1581
43|796|743|1582
43|797|743|1583
43|798|743|1584
43|799|743|1585
43|799|744|1586
43|800|744|1587
43|800|745|1588
43|801|745|1589
43|802|745|1590
43|803|745|1591
43|803|746|1592
43|804|746|1593
43|804|747|1594
43|805|747|1595
43|805|748|1596
43|806|748|1597
43|807|748|1598
44|807|748|1599
44|808|748|1600
44|809|748|1601
44|809|749|1602
44|810|749|1603
44|811|749|1604
44|812|749|1605
44|812|750|1606
44|813|750|1607
44|814|750|1608
44|815|750|1609
44|816|750|1610
44|817|750|1611
44|818|750|1612
44|818|751|1613
44|818|752|1614
44|819|752|1615
44|819|753|1616
44|820|753|1617
44|820|754|1618
44|820|755|1619
44|820|756|1620
44|821|756|1621
44|821|757|1622
44|822|757|1623
44|822|758|1624
44|823|758|1625
44|823|759|1626
44|823|760|1627
45|823|760|1628
45|824|760|1629
45|824|761|1630
45|825|761|1631
45|825|762|1632
45|826|762|1633
45|826|763|1634
45|827|763|1635
45|827|764|1636
45|828|764|1637
45|828|765|1638
45|829|765|1639
45|829|766|1640
45|829|767|1641
45|829|768|1642
45|830|768|1643
45|830|769|1644
45|831|769|1645
45|831|770|1646
45|832|770|1647
45|832|771|1648
45|833|771|1649
45|833|772|1650
45|834|772|1651
45|835|772|1652
45|836|772|1653
45|836|773|1654
45|836|774|1655
45|836|775|1656
45|837|775|1657
45|837|776|1658
45|838|776|1659
45|838|777|1660
45|839|777|1661
45|839|778|1662
45|839|779|1663
45|839|780|1664
45|840|780|1665
45|840|781|1666
45|841|781|1667
45|841|782|1668
45|842|782|1669
45|843|782|1670
45|844|782|1671
45|845|782|1672
45|846|782|1673
45|846|783|1674
45|847|783|1675
45|848|783|1676
45|849|783|1677
45|849|784|1678
45|850|784|1679
45|850|785|1680
45|851|785|1681
45|852|785|1682
45|853|785|1683
45|853|786|1684
45|853|787|1685
45|854|787|1686
45|854|788|1687
45|855|788|1688
45|855|789|1689
45|856|789|1690
45|856|790|1691
45|857|790|1692
45|857|791|1693
46|857|791|1694
46|857|792|1695
46|858|792|1696
46|858|793|1697
46|859|793|1698
46|859|794|1699
46|860|794|1700
46|860|795|1701
46|861|795|1702
46|861|796|1703
47|861|796|1704
47|861|797|1705
47|862|797|1706
47|862|798|1707
47|863|798|1708
47|863|799|1709
47|864|799|1710
47|864|800|1711
48|864|800|1712
48|864|801|1713
49|864|801|1714
49|864|802|1715
50|864|802|1716
50|864|803|1717
50|865|803|1718
50|865|804|1719
50|866|804|1720
50|867|804|1721
50|868|804|1722
50|869|804|1723
50|870|804|1724
50|871|804|1725
50|871|805|1726
50|872|805|1727
50|872|806|1728
50|872|807|1729
50|873|807|1730
50|874|807|1731
50|874|808|1732
50|875|808|1733
50|876|808|1734
50|876|809|1735
50|877|809|1736
50|878|809|1737
50|879|809|1738
50|880|809|1739
50|880|810|1740
50|881|810|1741
50|882|810|1742
50|883|810|1743
50|884|810|1744
50|885|810|1745
50|886|810|1746
50|887|810|1747
50|888|810|1748
50|889|810|1749
50|890|810|1750
50|891|810|1751
50|892|810|1752
50|893|810|1753
50|894|810|1754
50|895|810|1755
50|896|810|1756
50|896|811|1757
50|896|812|1758
50|897|812|1759
50|897|813|1760
50|898|813|1761
50|898|814|1762
50|899|814|1763
50|899|815|1764
50|899|816|1765
50|899|817|1766
50|900|817|1767
50|900|818|1768
50|901|818|1769
50|901|819|1770
50|901|820|1771
50|901|821|1772
50|902|821|1773
50|902|822|1774
50|903|822|1775
50|903|823|1776
50|904|823|1777
50|904|824|1778
50|905|824|1779
50|905|825|1780
50|906|825|1781
50|906|826|1782
50|907|826|1783
50|907|827|1784
50|908|827|1785
50|908|828|1786
50|909|828|1787
50|909|829|1788
50|910|829|1789
50|910|830|1790
50|911|830|1791
50|911|831|1792
50|912|831|1793
50|913|831|1794
50|914|831|1795
50|914|832|1796
50|915|832|1797
50|916|832|1798
50|917|832|1799
50|917|833|1800
50|918|833|1801
50|919|833|1802
50|920|833|1803
50|921|833|1804
50|922|833|1805
50|922|834|1806
50|923|834|1807
50|924|834|1808
50|925|834|1809
50|925|835|1810
50|926|835|1811
50|927|835|1812
50|928|835|1813
50|928|836|1814
50|929|836|1815
50|929|837|1816
50|930|837|1817
50|931|837|1818
50|932|837|1819
50|933|837|1820
50|934|837|1821
50|935|837|1822
50|936|837|1823
50|937|837|1824
50|938|837|1825
50|939|837|1826
50|940|837|1827
50|941|837|1828
50|941|838|1829
50|942|838|1830
50|942|839|1831
50|943|839|1832
50|943|840|1833
51|943|840|1834
51|943|841|1835
51|944|841|1836
51|944|842|1837
52|944|842|1838
52|944|843|1839
52|945|843|1840
52|945|844|1841
53|945|844|1842
53|945|845|1843
54|945|845|1844
54|945|846|1845
54|945|847|1846
54|945|848|1847
54|946|848|1848
54|946|849|1849
54|947|849|1850
54|947|850|1851
54|948|850|1852
54|948|851|1853
54|948|852|1854
54|948|853|1855
54|949|853|1856
54|949|854|1857
55|949|854|1858
55|949|855|1859
55|950|855|1860
55|950|856|1861
55|951|856|1862
55|951|857|1863
55|952|857|1864
55|953|857|1865
55|953|858|1866
55|954|858|1867
55|954|859|1868
55|955|859|1869
55|955|860|1870
55|956|860|1871
55|956|861|1872
55|957|861|1873
55|957|862|1874
55|958|862|1875
55|958|863|1876
55|959|863|1877
55|959|864|1878
55|960|864|1879
55|960|865|1880
55|961|865|1881
55|961|866|1882
55|962|866|1883
55|962|867|1884
55|963|867|1885
55|963|868|1886
55|964|868|1887
55|964|869|1888
55|965|869|1889
55|965|870|1890
55|966|870|1891
55|966|871|1892
55|967|871|1893
55|967|872|1894
55|968|872|1895
55|968|873|1896
55|969|873|1897
55|969|874|1898
55|970|874|1899
55|970|875|1900
55|970|876|1901
55|970|877|1902
55|971|877|1903
55|971|878|1904
55|972|878|1905
55|972|879|1906
55|973|879|1907
55|973|880|1908
55|973|881|1909
55|973|882|1910
55|974|882|1911
55|974|883|1912
55|975|883|1913
55|975|884|1914
55|976|884|1915
55|976|885|1916
55|976|886|1917
55|976|887|1918
55|977|887|1919
55|977|888|1920
55|978|888|1921
55|978|889|1922
55|979|889|1923
55|979|890|1924
55|980|890|1925
55|980|891|1926
55|981|891|1927
55|981|892|1928
55|982|892|1929
55|982|893|1930
55|983|893|1931
55|983|894|1932
55|984|894|1933
55|984|895|1934
55|984|896|1935
55|984|897|1936
55|985|897|1937
55|985|898|1938
55|986|898|1939
55|986|899|1940
55|987|899|1941
55|987|900|1942
55|988|900|1943
55|988|901|1944
55|988|902|1945
56|988|902|1946
56|989|902|1947
56|990|902|1948
56|991|902|1949
56|991|903|1950
56|992|903|1951
56|993|903|1952
56|993|904|1953
56|994|904|1954
56|995|904|1955
56|995|905|1956
56|996|905|1957
56|996|906|1958
57|996|906|1959
57|997|906|1960
57|998|906|1961
57|998|907|1962
57|999|907|1963
57|999|908|1964
57|1000|908|1965
57|1000|909|1966
57|1001|909|1967
57|1002|909|1968
57|1003|909|1969
57|1004|909|1970
57|1005|909|1971
57|1006|909|1972
57|1006|910|1973
57|1006|911|1974
57|1006|912|1975
57|1007|912|1976
57|1007|913|1977
57|1007|914|1978
57|1007|915|1979
57|1007|916|1980
57|1007|917|1981
57|1008|917|1982
57|1008|918|1983
57|1009|918|1984
57|1009|919|1985
57|1009|920|1986
57|1009|921|1987
57|1010|921|1988
57|1010|922|1989
58|1010|922|1990
58|1010|923|1991
58|1010|924|1992
58|1010|925|1993
58|1010|926|1994
58|1010|927|1995
58|1011|927|1996
58|1011|928|1997
58|1011|929|1998
58|1011|930|1999
58|1012|930|2000
