total
0|0|1|1
0|0|2|2
0|1|2|3
0|2|2|4
0|2|3|5
0|3|3|6
0|4|3|7
0|5|3|8
0|6|3|9
0|6|4|10
0|6|5|11
0|7|5|12
0|7|6|13
0|8|6|14
0|8|7|15
0|9|7|16
0|9|8|17
0|10|8|18
0|10|9|19
0|11|9|20
0|11|10|21
0|12|10|22
0|12|11|23
0|13|11|24
0|14|11|25
0|15|11|26
0|15|12|27
0|16|12|28
0|16|13|29
0|17|13|30
0|17|14|31
0|18|14|32
0|18|15|33
0|19|15|34
0|19|16|35
0|20|16|36
0|20|17|37
0|21|17|38
0|21|18|39
0|22|18|40
0|22|19|41
0|23|19|42
0|23|20|43
0|24|20|44
0|24|21|45
0|25|21|46
0|25|22|47
0|26|22|48
0|27|23|50
0|28|23|51
0|28|24|52
0|29|24|53
0|29|25|54
0|30|25|55
0|30|26|56
0|31|26|57
0|31|27|58
0|32|27|59
0|32|28|60
0|33|28|61
0|33|29|62
0|34|29|63
0|34|30|64
0|35|30|65
0|36|30|66
0|37|30|67
0|38|30|68
0|39|30|69
0|40|30|70
0|41|30|71
0|42|30|72
0|43|30|73
0|44|30|74
0|45|30|75
0|46|30|76
0|47|30|77
0|48|30|78
0|49|30|79
0|50|30|80
0|51|30|81
0|52|30|82
0|53|30|83
0|54|30|84
0|55|30|85
0|56|30|86
0|57|30|87
0|58|30|88
0|59|30|89
0|60|30|90
0|61|30|91
0|62|30|92
0|63|30|93
0|64|30|94
0|65|30|95
0|66|30|96
0|67|30|97
0|68|30|98
0|69|30|99
0|70|30|100
0|71|30|101
0|71|31|102
0|72|31|103
0|72|32|104
0|73|32|105
0|73|33|106
0|74|33|107
0|74|34|108
0|75|34|109
0|75|35|110
0|76|35|111
0|76|36|112
0|77|36|113
0|77|37|114
0|78|37|115
0|78|38|116
0|79|38|117
0|79|39|118
0|80|39|119
0|80|40|120
0|81|40|121
0|81|41|122
0|82|41|123
0|82|42|124
0|83|42|125
0|83|43|126
0|84|43|127
0|84|44|128
0|85|44|129
0|85|45|130
0|86|45|131
0|86|46|132
0|87|46|133
0|87|47|134
0|88|47|135
0|88|48|136
0|88|49|137
0|89|49|138
0|89|50|139
0|89|51|140
0|89|52|141
0|89|53|142
0|90|53|143
0|91|53|144
0|91|54|145
1|91|54|146
1|92|54|147
1|93|54|148
1|94|54|149
1|94|55|150
1|95|55|151
1|96|55|152
1|96|56|153
2|96|56|154
2|97|56|155
2|97|57|156
2|98|57|157
2|98|58|158
2|99|58|159
2|100|58|160
2|100|59|161
2|101|59|162
2|102|59|163
2|102|60|164
2|103|60|165
2|104|60|166
2|105|60|167
3|105|60|168
3|105|61|169
3|105|62|170
3|105|63|171
3|105|64|172
3|105|65|173
3|105|66|174
3|105|67|175
3|105|68|176
3|105|69|177
3|105|70|178
3|105|71|179
4|105|71|180
4|105|72|181
4|105|73|182
4|105|74|183
5|105|74|184
5|105|75|185
5|105|76|186
5|105|77|187
6|105|77|188
6|105|78|189
6|105|79|190
6|105|80|191
6|105|81|192
6|105|82|193
7|105|82|194
7|105|83|195
7|105|84|196
7|105|85|197
7|105|86|198
7|105|87|199
7|105|88|200
7|105|89|201
8|105|89|202
8|106|89|203
8|107|89|204
8|108|89|205
8|108|90|206
8|109|90|207
8|109|91|208
8|110|91|209
8|111|91|210
8|112|91|211
8|112|92|212
8|113|92|213
8|113|93|214
8|114|93|215
8|114|94|216
8|115|94|217
8|116|94|218
8|117|94|219
8|117|95|220
8|118|95|221
8|119|95|222
8|120|95|223
8|121|95|224
8|122|95|225
8|122|96|226
8|123|96|227
8|123|97|228
8|124|97|229
8|124|98|230
8|125|98|231
8|125|99|232
8|126|99|233
8|126|100|234
8|127|100|235
8|127|101|236
8|128|101|237
8|128|102|238
8|129|102|239
8|130|102|240
8|131|102|241
8|131|103|242
8|132|103|243
8|133|103|244
8|134|103|245
8|134|104|246
8|135|104|247
8|135|105|248
8|136|105|249
8|136|106|250
8|136|107|251
8|136|108|252
8|137|108|253
8|137|109|254
8|138|109|255
8|138|110|256
8|139|110|257
8|140|110|258
8|140|111|259
8|140|112|260
8|141|112|261
8|141|113|262
8|142|113|263
8|142|114|264
8|143|114|265
8|143|115|266
8|143|116|267
8|143|117|268
8|144|117|269
8|144|118|270
8|145|118|271
8|145|119|272
8|146|119|273
8|146|120|274
8|147|120|275
8|147|121|276
8|148|121|277
8|148|122|278
8|149|122|279
8|149|123|280
8|150|123|281
8|150|124|282
8|151|124|283
8|152|124|284
8|153|124|285
8|154|124|286
8|155|124|287
8|156|124|288
8|157|124|289
8|157|125|290
8|158|125|291
8|159|125|292
8|160|125|293
8|161|125|294
8|162|125|295
8|163|125|296
8|164|125|297
8|164|126|298
8|165|126|299
8|165|127|300
8|166|127|301
8|167|127|302
8|168|127|303
8|169|127|304
8|170|127|305
8|170|128|306
8|171|128|307
8|171|129|308
8|172|129|309
8|173|129|310
8|174|129|311
8|175|129|312
8|176|129|313
8|177|129|314
8|178|129|315
8|179|129|316
8|179|130|317
8|179|131|318
8|179|132|319
8|180|132|320
8|180|133|321
8|181|133|322
8|181|134|323
8|181|135|324
8|181|136|325
8|182|136|326
8|182|137|327
8|183|137|328
8|183|138|329
9|183|138|330
9|183|139|331
10|183|139|332
10|183|140|333
10|183|141|334
10|183|142|335
10|183|143|336
10|183|144|337
11|183|144|338
11|183|145|339
12|183|145|340
12|183|146|341
12|184|146|342
12|184|147|343
12|185|147|344
12|185|148|345
13|185|148|346
13|185|149|347
13|186|149|348
13|186|150|349
13|187|150|350
13|187|151|351
13|188|151|352
13|189|151|353
13|189|152|354
13|190|152|355
13|191|152|356
13|192|152|357
13|193|152|358
13|194|152|359
13|195|152|360
13|195|153|361
13|196|153|362
13|197|153|363
13|197|154|364
13|198|154|365
13|199|154|366
13|199|155|367
13|199|156|368
13|200|156|369
13|201|156|370
13|202|156|371
13|202|157|372
13|203|157|373
13|204|157|374
13|205|157|375
13|205|158|376
13|206|158|377
13|207|158|378
13|208|158|379
13|208|159|380
13|209|159|381
13|210|159|382
13|211|159|383
13|212|159|384
13|213|159|385
13|214|159|386
13|215|159|387
13|216|159|388
13|216|160|389
13|216|161|390
13|217|161|391
13|217|162|392
13|218|162|393
13|218|163|394
13|219|163|395
13|219|164|396
13|219|165|397
13|219|166|398
13|220|166|399
13|220|167|400
13|221|167|401
13|221|168|402
13|221|169|403
13|221|170|404
13|222|170|405
13|222|171|406
13|222|172|407
13|222|173|408
13|223|173|409
13|223|174|410
13|224|174|411
13|224|175|412
13|225|175|413
13|225|176|414
13|226|176|415
13|226|177|416
13|227|177|417
13|227|178|418
13|228|178|419
13|228|179|420
13|229|179|421
13|229|180|422
13|229|181|423
13|229|182|424
13|230|182|425
13|231|182|426
13|232|182|427
13|233|182|428
13|234|182|429
13|235|182|430
13|236|182|431
13|237|182|432
13|238|182|433
13|239|182|434
13|240|182|435
13|241|182|436
13|242|182|437
13|243|182|438
13|244|182|439
13|245|182|440
13|246|182|441
13|246|183|442
13|247|183|443
13|247|184|444
13|248|184|445
13|248|185|446
13|249|185|447
13|250|185|448
13|251|185|449
13|252|185|450
13|253|185|451
13|254|185|452
13|255|185|453
13|256|185|454
13|257|185|455
13|258|185|456
13|259|185|457
13|260|185|458
13|261|185|459
13|262|185|460
13|262|186|461
13|263|186|462
13|263|187|463
13|264|187|464
13|264|188|465
13|264|189|466
13|264|190|467
13|265|190|468
13|265|191|469
14|265|191|470
14|265|192|471
14|266|192|472
14|266|193|473
14|267|193|474
14|267|194|475
14|268|194|476
14|268|195|477
14|269|195|478
14|269|196|479
14|270|196|480
14|270|197|481
15|270|197|482
15|270|198|483
15|271|198|484
15|271|199|485
15|271|200|486
15|271|201|487
15|272|201|488
15|272|202|489
16|272|202|490
16|272|203|491
16|273|203|492
16|273|204|493
16|274|204|494
16|274|205|495
16|275|205|496
16|276|205|497
16|276|206|498
16|277|206|499
16|277|207|500
16|278|207|501
16|278|208|502
16|279|208|503
16|279|209|504
16|280|209|505
16|280|210|506
16|281|210|507
16|281|211|508
16|282|211|509
16|282|212|510
16|283|212|511
16|283|213|512
16|284|213|513
16|284|214|514
16|285|214|515
16|285|215|516
16|286|215|517
16|286|216|518
16|287|216|519
16|287|217|520
16|288|217|521
16|288|218|522
16|289|218|523
16|289|219|524
16|290|219|525
16|290|220|526
16|291|220|527
16|291|221|528
16|292|221|529
16|292|222|530
16|293|222|531
16|293|223|532
16|293|224|533
16|293|225|534
16|294|225|535
16|294|226|536
16|295|226|537
16|295|227|538
16|296|227|539
16|296|228|540
16|296|229|541
16|296|230|542
16|297|230|543
16|297|231|544
16|298|231|545
16|298|232|546
16|299|232|547
16|299|233|548
16|299|234|549
16|299|235|550
16|300|235|551
16|300|236|552
16|301|236|553
16|301|237|554
16|301|238|555
16|301|239|556
16|302|239|557
16|302|240|558
16|302|241|559
16|302|242|560
16|303|242|561
16|303|243|562
16|304|243|563
16|304|244|564
16|305|244|565
16|305|245|566
16|305|246|567
16|305|247|568
16|306|247|569
16|306|248|570
16|307|248|571
16|307|249|572
16|308|249|573
16|308|250|574
16|309|250|575
16|310|250|576
16|310|251|577
16|311|251|578
16|312|251|579
16|312|252|580
16|313|252|581
16|313|253|582
16|314|253|583
16|314|254|584
16|314|255|585
16|315|255|586
16|316|255|587
16|316|256|588
16|317|256|589
16|317|257|590
16|318|257|591
16|319|257|592
16|320|257|593
16|320|258|594
16|321|258|595
16|321|259|596
16|322|259|597
16|322|260|598
16|323|260|599
16|323|261|600
16|324|261|601
16|325|261|602
16|326|261|603
16|326|262|604
16|326|263|605
16|326|264|606
16|326|265|607
16|326|266|608
16|326|267|609
16|326|268|610
16|326|269|611
16|326|270|612
16|326|271|613
16|327|271|614
16|327|272|615
16|327|273|616
16|327|274|617
16|327|275|618
16|327|276|619
16|328|276|620
16|328|277|621
16|329|277|622
16|329|278|623
16|329|279|624
16|329|280|625
16|329|281|626
16|329|282|627
16|329|283|628
16|329|284|629
16|329|285|630
16|329|286|631
16|329|287|632
16|329|288|633
17|329|288|634
17|329|289|635
17|330|289|636
17|330|290|637
17|330|291|638
17|330|292|639
17|330|293|640
17|331|293|641
17|331|294|642
17|332|294|643
17|332|295|644
17|333|295|645
17|333|296|646
17|334|296|647
17|334|297|648
17|335|297|649
17|335|298|650
17|336|298|651
17|336|299|652
17|337|299|653
17|337|300|654
17|338|300|655
17|338|301|656
17|339|301|657
17|339|302|658
17|340|302|659
17|340|303|660
17|341|303|661
17|341|304|662
17|342|304|663
17|342|305|664
17|343|305|665
17|343|306|666
17|344|306|667
17|344|307|668
17|345|307|669
17|345|308|670
17|346|308|671
17|346|309|672
17|347|309|673
17|347|310|674
17|348|310|675
17|348|311|676
17|348|312|677
17|348|313|678
17|349|313|679
17|349|314|680
17|349|315|681
17|349|316|682
17|350|316|683
17|351|316|684
17|351|317|685
17|352|317|686
17|353|317|687
17|353|318|688
17|354|318|689
17|354|319|690
17|355|319|691
17|355|320|692
17|355|321|693
18|355|321|694
18|356|321|695
18|356|322|696
18|357|322|697
18|357|323|698
18|358|323|699
18|358|324|700
18|358|325|701
18|358|326|702
18|359|326|703
18|359|327|704
18|359|328|705
18|359|329|706
18|360|329|707
18|361|329|708
18|362|329|709
18|362|330|710
18|363|330|711
18|363|331|712
18|364|331|713
18|364|332|714
18|365|332|715
18|365|333|716
18|366|333|717
18|366|334|718
18|367|334|719
18|367|335|720
18|368|335|721
18|368|336|722
18|369|336|723
18|369|337|724
18|370|337|725
18|370|338|726
18|371|338|727
18|371|339|728
18|372|339|729
18|372|340|730
18|373|340|731
18|373|341|732
18|374|341|733
18|374|342|734
18|375|342|735
18|375|343|736
18|376|343|737
18|376|344|738
18|377|344|739
18|377|345|740
18|378|345|741
18|378|346|742
18|379|346|743
18|379|347|744
18|380|347|745
18|380|348|746
18|381|348|747
18|381|349|748
18|382|349|749
18|383|349|750
18|384|349|751
18|385|349|752
18|386|349|753
18|387|349|754
18|388|349|755
18|389|349|756
18|390|349|757
18|391|349|758
18|392|349|759
18|393|349|760
18|394|349|761
18|395|349|762
18|396|349|763
18|397|349|764
18|398|349|765
18|399|349|766
18|400|349|767
18|401|349|768
18|402|349|769
18|403|349|770
18|404|349|771
18|405|349|772
18|406|349|773
18|407|349|774
18|408|349|775
18|409|349|776
18|410|349|777
18|411|349|778
18|412|349|779
18|413|349|780
18|414|349|781
18|415|349|782
18|416|349|783
18|417|349|784
18|418|349|785
18|418|350|786
18|419|350|787
18|419|351|788
18|420|351|789
18|420|352|790
18|421|352|791
18|421|353|792
18|422|353|793
18|422|354|794
18|423|354|795
18|423|355|796
18|424|355|797
18|424|356|798
18|425|356|799
18|425|357|800
18|426|357|801
18|426|358|802
18|427|358|803
18|427|359|804
18|428|359|805
18|428|360|806
18|429|360|807
18|429|361|808
18|430|361|809
18|430|362|810
18|431|362|811
18|431|363|812
18|432|363|813
18|432|364|814
18|433|364|815
18|433|365|816
18|434|365|817
18|434|366|818
18|435|366|819
18|435|367|820
18|436|367|821
18|437|367|822
18|438|367|823
18|439|367|824
18|439|368|825
18|439|369|826
18|440|369|827
18|441|369|828
18|441|370|829
18|442|370|830
18|443|370|831
18|443|371|832
18|443|372|833
18|443|373|834
18|444|373|835
18|445|373|836
18|445|374|837
19|445|374|838
19|446|374|839
19|446|375|840
19|446|376|841
19|446|377|842
19|447|377|843
19|447|378|844
19|447|379|845
19|447|380|846
19|448|380|847
19|448|381|848
19|449|381|849
19|449|382|850
19|450|382|851
19|450|383|852
19|450|384|853
19|451|384|854
19|451|385|855
19|451|386|856
19|451|387|857
19|451|388|858
19|451|389|859
19|451|390|860
19|451|391|861
19|451|392|862
19|451|393|863
19|452|393|864
19|453|393|865
19|453|394|866
19|453|395|867
19|453|396|868
19|453|397|869
19|453|398|870
19|453|399|871
20|453|399|872
20|453|400|873
20|453|401|874
20|453|402|875
20|453|403|876
20|453|404|877
20|453|405|878
20|453|406|879
20|453|407|880
20|453|408|881
20|453|409|882
20|453|410|883
20|453|411|884
20|453|412|885
21|453|412|886
21|454|412|887
21|455|412|888
21|456|412|889
21|457|412|890
21|457|413|891
21|457|414|892
21|458|414|893
21|458|415|894
21|459|415|895
21|459|416|896
21|460|416|897
21|461|416|898
21|462|416|899
21|462|417|900
21|463|417|901
21|463|418|902
21|464|418|903
21|464|419|904
21|465|419|905
21|465|420|906
21|466|420|907
21|467|420|908
21|468|420|909
21|468|421|910
21|469|421|911
21|469|422|912
21|470|422|913
21|470|423|914
21|471|423|915
21|471|424|916
21|472|424|917
21|472|425|918
21|473|425|919
21|473|426|920
21|474|426|921
21|474|427|922
21|475|427|923
21|476|427|924
21|477|427|925
21|478|427|926
21|479|427|927
21|480|427|928
21|480|428|929
21|480|429|930
21|481|429|931
21|481|430|932
21|482|430|933
21|482|431|934
21|482|432|935
22|482|432|936
22|482|433|937
22|482|434|938
22|483|434|939
22|483|435|940
22|484|435|941
22|484|436|942
22|484|437|943
22|484|438|944
22|485|438|945
22|485|439|946
22|486|439|947
22|486|440|948
22|487|440|949
22|487|441|950
22|487|442|951
22|487|443|952
22|488|443|953
22|488|444|954
22|489|444|955
22|489|445|956
22|490|445|957
23|490|445|958
23|490|446|959
23|490|447|960
23|491|447|961
23|491|448|962
23|491|449|963
23|491|450|964
23|492|450|965
23|492|451|966
23|493|451|967
23|493|452|968
23|494|452|969
23|495|452|970
23|496|452|971
23|496|453|972
23|497|453|973
23|497|454|974
23|498|454|975
23|498|455|976
23|499|455|977
23|500|455|978
23|501|455|979
23|501|456|980
23|502|456|981
23|502|457|982
23|503|457|983
23|504|457|984
23|505|457|985
23|505|458|986
23|506|458|987
23|507|458|988
23|508|458|989
23|508|459|990
23|509|459|991
23|509|460|992
23|510|460|993
23|511|460|994
23|512|460|995
23|513|460|996
23|514|460|997
23|515|460|998
23|516|460|999
23|517|460|1000
23|517|461|1001
23|517|462|1002
23|517|463|1003
23|517|464|1004
23|517|465|1005
23|517|466|1006
23|517|467|1007
23|517|468|1008
23|517|469|1009
23|518|469|1010
23|518|470|1011
23|519|470|1012
23|519|471|1013
24|519|471|1014
24|519|472|1015
24|520|472|1016
24|520|473|1017
24|520|474|1018
24|520|475|1019
25|520|475|1020
25|520|476|1021
25|521|476|1022
25|521|477|1023
26|521|477|1024
26|521|478|1025
26|521|479|1026
26|521|480|1027
27|521|480|1028
27|521|481|1029
28|521|481|1030
28|521|482|1031
29|521|482|1032
29|521|483|1033
29|522|483|1034
29|522|484|1035
29|523|484|1036
29|524|484|1037
29|524|485|1038
29|525|485|1039
29|526|485|1040
29|527|485|1041
29|528|485|1042
29|529|485|1043
29|530|485|1044
29|530|486|1045
29|531|486|1046
29|532|486|1047
29|533|486|1048
29|534|486|1049
29|534|487|1050
29|534|488|1051
29|534|489|1052
29|535|489|1053
29|535|490|1054
29|536|490|1055
29|536|491|1056
29|537|491|1057
29|537|492|1058
29|538|492|1059
29|539|492|1060
29|540|492|1061
29|541|492|1062
29|542|492|1063
29|542|493|1064
29|543|493|1065
29|544|493|1066
29|545|493|1067
29|546|493|1068
29|547|493|1069
29|548|493|1070
29|549|493|1071
29|550|493|1072
29|550|494|1073
29|550|495|1074
29|551|495|1075
29|551|496|1076
29|552|496|1077
29|552|497|1078
29|553|497|1079
29|553|498|1080
29|553|499|1081
29|553|500|1082
29|553|501|1083
29|553|502|1084
29|554|502|1085
29|554|503|1086
29|554|504|1087
29|554|505|1088
29|555|505|1089
29|555|506|1090
29|556|506|1091
29|556|507|1092
29|557|507|1093
29|557|508|1094
29|557|509|1095
29|557|510|1096
29|558|510|1097
29|558|511|1098
29|559|511|1099
29|559|512|1100
29|560|512|1101
29|560|513|1102
29|561|513|1103
29|561|514|1104
29|562|514|1105
29|562|515|1106
29|563|515|1107
29|563|516|1108
29|564|516|1109
29|564|517|1110
29|565|517|1111
29|566|517|1112
29|567|517|1113
29|568|517|1114
29|569|517|1115
29|569|518|1116
29|570|518|1117
29|570|519|1118
29|571|519|1119
29|571|520|1120
29|572|520|1121
29|572|521|1122
29|573|521|1123
29|574|521|1124
29|575|521|1125
29|575|522|1126
29|576|522|1127
29|576|523|1128
29|577|523|1129
29|578|523|1130
29|579|523|1131
29|579|524|1132
29|580|524|1133
29|580|525|1134
29|581|525|1135
29|581|526|1136
29|582|526|1137
29|583|526|1138
29|584|526|1139
29|585|526|1140
29|586|526|1141
29|587|526|1142
29|588|526|1143
29|589|526|1144
29|589|527|1145
29|589|528|1146
29|589|529|1147
30|589|529|1148
30|589|530|1149
30|590|530|1150
30|590|531|1151
30|590|532|1152
30|590|533|1153
30|591|533|1154
30|591|534|1155
30|591|535|1156
30|591|536|1157
31|591|536|1158
31|591|537|1159
31|591|538|1160
31|591|539|1161
31|592|539|1162
31|592|540|1163
31|592|541|1164
31|592|542|1165
31|592|543|1166
31|592|544|1167
32|592|544|1168
32|592|545|1169
32|593|545|1170
32|593|546|1171
32|594|546|1172
32|594|547|1173
33|594|547|1174
33|594|548|1175
33|595|548|1176
33|595|549|1177
33|596|549|1178
33|596|550|1179
33|597|550|1180
33|598|550|1181
33|598|551|1182
33|599|551|1183
33|599|552|1184
33|600|552|1185
33|600|553|1186
33|601|553|1187
33|601|554|1188
33|602|554|1189
33|602|555|1190
33|603|555|1191
33|603|556|1192
33|604|556|1193
33|604|557|1194
33|605|557|1195
33|605|558|1196
33|606|558|1197
33|606|559|1198
33|607|559|1199
33|607|560|1200
33|608|560|1201
33|608|561|1202
33|609|561|1203
33|609|562|1204
33|610|562|1205
33|610|563|1206
33|611|563|1207
33|611|564|1208
33|612|564|1209
33|612|565|1210
33|613|565|1211
33|613|566|1212
33|614|566|1213
33|614|567|1214
33|615|567|1215
33|615|568|1216
33|615|569|1217
33|615|570|1218
33|616|570|1219
33|616|571|1220
33|617|571|1221
33|617|572|1222
33|618|572|1223
33|618|573|1224
33|618|574|1225
33|618|575|1226
33|619|575|1227
33|619|576|1228
33|620|576|1229
33|620|577|1230
33|621|577|1231
33|621|578|1232
33|621|579|1233
33|621|580|1234
33|622|580|1235
33|622|581|1236
33|623|581|1237
33|623|582|1238
33|623|583|1239
33|623|584|1240
33|624|584|1241
33|624|585|1242
33|625|585|1243
33|625|586|1244
33|626|586|1245
33|626|587|1246
33|627|587|1247
33|627|588|1248
33|628|588|1249
33|628|589|1250
33|628|590|1251
33|628|591|1252
33|629|591|1253
33|629|592|1254
33|630|592|1255
33|630|593|1256
33|630|594|1257
33|630|595|1258
33|631|595|1259
33|631|596|1260
33|631|597|1261
33|631|598|1262
33|632|598|1263
33|632|599|1264
33|633|599|1265
33|633|600|1266
33|634|600|1267
33|635|600|1268
33|635|601|1269
34|635|601|1270
34|636|601|1271
34|636|602|1272
34|637|602|1273
34|637|603|1274
34|638|603|1275
34|638|604|1276
34|639|604|1277
34|639|605|1278
34|639|606|1279
34|639|607|1280
34|640|607|1281
34|640|608|1282
34|641|608|1283
34|641|609|1284
34|642|609|1285
34|642|610|1286
34|643|610|1287
34|643|611|1288
34|643|612|1289
34|643|613|1290
34|643|614|1291
34|643|615|1292
34|643|616|1293
34|643|617|1294
34|643|618|1295
34|644|618|1296
34|644|619|1297
34|645|619|1298
34|645|620|1299
34|645|621|1300
34|645|622|1301
34|645|623|1302
34|645|624|1303
34|646|624|1304
34|646|625|1305
34|646|626|1306
34|646|627|1307
34|646|628|1308
34|646|629|1309
34|646|630|1310
34|646|631|1311
34|646|632|1312
34|646|633|1313
34|646|634|1314
34|646|635|1315
34|646|636|1316
34|646|637|1317
34|646|638|1318
34|646|639|1319
34|646|640|1320
34|646|641|1321
34|646|642|1322
34|646|643|1323
34|646|644|1324
34|647|644|1325
34|647|645|1326
34|648|645|1327
34|648|646|1328
34|649|646|1329
34|649|647|1330
34|650|647|1331
34|650|648|1332
34|651|648|1333
34|651|649|1334
34|652|649|1335
34|652|650|1336
34|653|650|1337
34|653|651|1338
34|654|651|1339
34|654|652|1340
34|655|652|1341
34|655|653|1342
34|656|653|1343
34|656|654|1344
34|657|654|1345
34|657|655|1346
34|658|655|1347
34|658|656|1348
34|659|656|1349
34|659|657|1350
34|660|657|1351
34|660|658|1352
34|661|658|1353
34|661|659|1354
34|662|659|1355
34|662|660|1356
34|663|660|1357
34|663|661|1358
34|664|661|1359
34|664|662|1360
34|664|663|1361
34|664|664|1362
34|665|664|1363
34|665|665|1364
34|666|665|1365
34|666|666|1366
34|667|666|1367
34|667|667|1368
34|667|668|1369
34|668|668|1370
34|669|668|1371
34|670|668|1372
34|671|668|1373
34|671|669|1374
34|672|669|1375
34|672|670|1376
34|672|671|1377
34|672|672|1378
34|673|672|1379
34|673|673|1380
34|674|673|1381
34|674|674|1382
34|675|674|1383
34|675|675|1384
34|675|676|1385
34|675|677|1386
34|676|677|1387
34|676|678|1388
34|677|678|1389
34|677|679|1390
34|678|679|1391
34|678|680|1392
34|679|680|1393
34|679|681|1394
34|680|681|1395
34|681|681|1396
34|682|681|1397
34|682|682|1398
34|683|682|1399
34|683|683|1400
34|684|683|1401
34|684|684|1402
34|685|684|1403
34|685|685|1404
34|686|685|1405
34|686|686|1406
34|687|686|1407
34|687|687|1408
34|688|687|1409
34|688|688|1410
34|689|688|1411
34|689|689|1412
34|690|689|1413
34|690|690|1414
34|691|690|1415
34|691|691|1416
34|692|691|1417
34|692|692|1418
34|693|692|1419
34|693|693|1420
34|694|693|1421
34|694|694|1422
34|695|694|1423
34|695|695|1424
34|696|695|1425
34|696|696|1426
34|697|696|1427
34|697|697|1428
34|698|697|1429
34|698|698|1430
34|699|698|1431
34|699|699|1432
34|700|699|1433
34|701|699|1434
34|702|699|1435
34|703|699|1436
34|704|699|1437
34|705|699|1438
34|706|699|1439
34|707|699|1440
34|708|699|1441
34|709|699|1442
34|710|699|1443
34|711|699|1444
34|712|699|1445
34|713|699|1446
34|714|699|1447
34|715|699|1448
34|716|699|1449
34|717|699|1450
34|718|699|1451
34|719|699|1452
34|720|699|1453
34|721|699|1454
34|722|699|1455
34|723|699|1456
34|724|699|1457
34|725|699|1458
34|726|699|1459
34|727|699|1460
34|728|699|1461
34|729|699|1462
34|730|699|1463
34|731|699|1464
34|732|699|1465
34|733|699|1466
34|734|699|1467
34|735|699|1468
34|736|699|1469
34|736|700|1470
34|737|700|1471
34|737|701|1472
34|738|701|1473
34|738|702|1474
34|739|702|1475
34|739|703|1476
34|740|703|1477
34|740|704|1478
34|741|704|1479
34|741|705|1480
34|742|705|1481
34|742|706|1482
34|743|706|1483
34|743|707|1484
34|744|707|1485
34|744|708|1486
34|745|708|1487
34|745|709|1488
34|746|709|1489
34|746|710|1490
34|747|710|1491
34|747|711|1492
34|748|711|1493
34|748|712|1494
34|749|712|1495
34|749|713|1496
34|750|713|1497
34|750|714|1498
34|751|714|1499
34|751|715|1500
34|752|715|1501
34|752|716|1502
34|753|716|1503
34|753|717|1504
34|754|717|1505
34|754|718|1506
34|754|719|1507
34|754|720|1508
34|755|720|1509
34|755|721|1510
34|756|721|1511
34|757|721|1512
34|757|722|1513
35|757|722|1514
35|757|723|1515
35|757|724|1516
35|757|725|1517
35|757|726|1518
35|758|726|1519
35|759|726|1520
35|759|727|1521
35|760|727|1522
35|761|727|1523
35|761|728|1524
35|761|729|1525
35|761|730|1526
35|762|730|1527
35|762|731|1528
35|763|731|1529
35|763|732|1530
35|764|732|1531
35|764|733|1532
35|765|733|1533
35|765|734|1534
35|766|734|1535
36|766|734|1536
36|766|735|1537
36|766|736|1538
36|766|737|1539
36|766|738|1540
36|766|739|1541
36|766|740|1542
36|766|741|1543
36|766|742|1544
36|766|743|1545
36|766|744|1546
36|766|745|1547
36|767|745|1548
36|767|746|1549
36|768|746|1550
36|768|747|1551
36|768|748|1552
36|768|749|1553
36|768|750|1554
36|768|751|1555
36|769|751|1556
36|769|752|1557
36|769|753|1558
36|769|754|1559
36|769|755|1560
36|769|756|1561
36|769|757|1562
36|769|758|1563
36|769|759|1564
36|769|760|1565
36|769|761|1566
36|769|762|1567
36|769|763|1568
36|769|764|1569
36|769|765|1570
36|770|765|1571
36|771|765|1572
36|771|766|1573
36|772|766|1574
36|772|767|1575
36|772|768|1576
37|772|768|1577
37|773|768|1578
37|774|768|1579
37|775|768|1580
37|776|768|1581
37|776|769|1582
37|777|769|1583
37|778|769|1584
37|779|769|1585
37|780|769|1586
37|781|769|1587
37|781|770|1588
37|782|770|1589
37|783|770|1590
37|784|770|1591
37|785|770|1592
37|786|770|1593
37|786|771|1594
37|787|771|1595
37|787|772|1596
37|788|772|1597
37|789|772|1598
37|790|772|1599
37|790|773|1600
37|791|773|1601
37|791|774|1602
37|792|774|1603
37|793|774|1604
37|794|774|1605
37|794|775|1606
37|795|775|1607
37|796|775|1608
37|797|775|1609
37|798|775|1610
37|799|775|1611
37|799|776|1612
37|799|777|1613
37|799|778|1614
37|800|778|1615
37|800|779|1616
37|801|779|1617
37|801|780|1618
37|801|781|1619
37|801|782|1620
37|802|782|1621
37|802|783|1622
37|803|783|1623
37|803|784|1624
37|804|784|1625
37|804|785|1626
37|804|786|1627
38|804|786|1628
38|805|786|1629
38|805|787|1630
38|806|787|1631
38|806|788|1632
38|807|788|1633
38|807|789|1634
38|808|789|1635
38|808|790|1636
38|809|790|1637
38|809|791|1638
38|810|791|1639
38|810|792|1640
38|811|792|1641
39|811|792|1642
39|811|793|1643
39|811|794|1644
39|811|795|1645
39|811|796|1646
39|812|796|1647
39|812|797|1648
39|813|797|1649
39|813|798|1650
39|814|798|1651
39|815|798|1652
39|816|798|1653
39|816|799|1654
39|816|800|1655
39|816|801|1656
39|817|801|1657
39|818|801|1658
39|819|801|1659
39|819|802|1660
39|820|802|1661
39|820|803|1662
39|820|804|1663
39|820|805|1664
39|821|805|1665
39|821|806|1666
39|822|806|1667
39|822|807|1668
39|823|807|1669
39|823|808|1670
39|824|808|1671
39|824|809|1672
39|825|809|1673
39|825|810|1674
39|826|810|1675
39|826|811|1676
39|827|811|1677
39|827|812|1678
39|828|812|1679
39|828|813|1680
39|829|813|1681
39|830|813|1682
39|831|813|1683
39|831|814|1684
39|831|815|1685
40|831|815|1686
40|831|816|1687
41|831|816|1688
41|831|817|1689
41|832|817|1690
41|832|818|1691
41|833|818|1692
41|833|819|1693
41|834|819|1694
41|834|820|1695
41|835|820|1696
41|835|821|1697
42|835|821|1698
42|835|822|1699
42|836|822|1700
42|836|823|1701
42|837|823|1702
42|837|824|1703
42|838|824|1704
42|838|825|1705
42|839|825|1706
42|839|826|1707
42|840|826|1708
42|840|827|1709
42|840|828|1710
42|840|829|1711
42|841|829|1712
42|841|830|1713
43|841|830|1714
43|841|831|1715
43|842|831|1716
43|842|832|1717
43|843|832|1718
43|843|833|1719
43|844|833|1720
43|845|833|1721
43|846|833|1722
43|847|833|1723
43|848|833|1724
43|849|833|1725
43|849|834|1726
43|850|834|1727
43|851|834|1728
43|851|835|1729
43|852|835|1730
43|853|835|1731
43|854|835|1732
43|855|835|1733
43|856|835|1734
43|856|836|1735
43|857|836|1736
43|858|836|1737
43|859|836|1738
43|860|836|1739
43|861|836|1740
43|862|836|1741
43|863|836|1742
43|864|836|1743
43|865|836|1744
43|866|836|1745
43|866|837|1746
43|867|837|1747
43|868|837|1748
43|869|837|1749
43|870|837|1750
43|871|837|1751
43|872|837|1752
43|873|837|1753
43|874|837|1754
43|875|837|1755
43|876|837|1756
43|876|838|1757
43|876|839|1758
43|877|839|1759
43|877|840|1760
43|878|840|1761
43|878|841|1762
43|879|841|1763
43|879|842|1764
43|879|843|1765
43|879|844|1766
43|880|844|1767
43|880|845|1768
43|881|845|1769
43|881|846|1770
43|881|847|1771
43|881|848|1772
43|882|848|1773
43|882|849|1774
43|883|849|1775
43|883|850|1776
43|884|850|1777
43|884|851|1778
43|885|851|1779
43|885|852|1780
43|886|852|1781
43|886|853|1782
43|887|853|1783
43|887|854|1784
43|888|854|1785
43|888|855|1786
43|889|855|1787
43|889|856|1788
43|890|856|1789
43|890|857|1790
43|890|858|1791
43|890|859|1792
44|890|859|1793
44|891|859|1794
44|892|859|1795
44|893|859|1796
44|894|859|1797
44|895|859|1798
44|896|859|1799
44|896|860|1800
44|897|860|1801
44|898|860|1802
44|899|860|1803
44|900|860|1804
44|901|860|1805
44|902|860|1806
44|903|860|1807
44|904|860|1808
44|905|860|1809
44|906|860|1810
44|907|860|1811
44|907|861|1812
44|908|861|1813
44|908|862|1814
44|909|862|1815
44|910|862|1816
44|911|862|1817
44|911|863|1818
44|912|863|1819
44|912|864|1820
44|913|864|1821
44|914|864|1822
44|915|864|1823
44|916|864|1824
44|917|864|1825
44|918|864|1826
44|919|864|1827
44|920|864|1828
44|920|865|1829
44|920|866|1830
44|920|867|1831
44|921|867|1832
44|921|868|1833
45|921|868|1834
45|921|869|1835
45|922|869|1836
45|922|870|1837
45|923|870|1838
45|923|871|1839
45|924|871|1840
45|924|872|1841
45|925|872|1842
45|925|873|1843
45|926|873|1844
45|926|874|1845
45|927|874|1846
45|927|875|1847
45|928|875|1848
45|928|876|1849
46|928|876|1850
46|928|877|1851
47|928|877|1852
47|928|878|1853
47|929|878|1854
47|929|879|1855
47|930|879|1856
47|930|880|1857
48|930|880|1858
48|930|881|1859
48|931|881|1860
48|931|882|1861
48|932|882|1862
48|932|883|1863
48|933|883|1864
48|934|883|1865
48|934|884|1866
48|935|884|1867
48|935|885|1868
48|936|885|1869
48|936|886|1870
48|937|886|1871
48|937|887|1872
48|938|887|1873
48|938|888|1874
48|939|888|1875
48|939|889|1876
48|940|889|1877
48|940|890|1878
48|941|890|1879
48|941|891|1880
48|942|891|1881
48|942|892|1882
48|943|892|1883
48|943|893|1884
48|944|893|1885
48|944|894|1886
48|945|894|1887
48|945|895|1888
48|946|895|1889
48|946|896|1890
48|947|896|1891
48|947|897|1892
48|948|897|1893
48|948|898|1894
48|949|898|1895
48|949|899|1896
48|950|899|1897
48|950|900|1898
48|951|900|1899
48|951|901|1900
48|951|902|1901
48|951|903|1902
48|952|903|1903
48|952|904|1904
48|953|904|1905
48|953|905|1906
48|954|905|1907
48|954|906|1908
48|954|907|1909
48|954|908|1910
48|955|908|1911
48|955|909|1912
48|956|909|1913
48|956|910|1914
48|957|910|1915
48|957|911|1916
48|957|912|1917
48|957|913|1918
48|958|913|1919
48|958|914|1920
48|959|914|1921
48|959|915|1922
48|960|915|1923
48|960|916|1924
48|961|916|1925
48|961|917|1926
48|962|917|1927
48|962|918|1928
48|963|918|1929
48|963|919|1930
48|964|919|1931
48|964|920|1932
48|965|920|1933
48|965|921|1934
48|965|922|1935
48|965|923|1936
48|966|923|1937
48|967|923|1938
48|968|923|1939
48|968|924|1940
48|969|924|1941
48|969|925|1942
48|970|925|1943
48|971|925|1944
48|971|926|1945
48|972|926|1946
48|973|926|1947
48|973|927|1948
48|974|927|1949
48|974|928|1950
48|975|928|1951
48|976|928|1952
48|976|929|1953
48|977|929|1954
48|978|929|1955
48|978|930|1956
48|979|930|1957
48|979|931|1958
48|980|931|1959
48|981|931|1960
48|982|931|1961
48|982|932|1962
48|983|932|1963
48|984|932|1964
48|985|932|1965
48|985|933|1966
48|986|933|1967
48|987|933|1968
48|988|933|1969
48|989|933|1970
48|990|933|1971
48|991|933|1972
48|991|934|1973
48|991|935|1974
48|991|936|1975
48|991|937|1976
48|991|938|1977
48|991|939|1978
48|991|940|1979
48|992|940|1980
48|992|941|1981
48|993|941|1982
48|993|942|1983
48|994|942|1984
48|994|943|1985
48|994|944|1986
48|994|945|1987
48|995|945|1988
48|995|946|1989
49|995|946|1990
49|995|947|1991
49|995|948|1992
49|995|949|1993
49|995|950|1994
49|995|951|1995
49|995|952|1996
49|995|953|1997
49|995|954|1998
49|995|955|1999
49|996|955|2000
