total
0|0|1|1
0|1|1|2
0|1|2|3
0|2|2|4
0|2|3|5
0|3|3|6
0|3|4|7
0|4|4|8
0|4|5|9
0|4|6|10
0|4|7|11
0|5|7|12
0|5|8|13
0|6|8|14
0|6|9|15
0|7|9|16
0|7|10|17
0|7|11|18
0|7|12|19
0|8|12|20
0|8|13|21
0|9|13|22
0|9|14|23
0|10|14|24
0|10|15|25
0|11|15|26
0|11|16|27
0|12|16|28
0|12|17|29
0|13|17|30
0|13|18|31
0|14|18|32
0|14|19|33
0|15|19|34
0|15|20|35
0|16|20|36
0|16|21|37
0|17|21|38
0|17|22|39
0|18|22|40
0|18|23|41
0|19|23|42
0|19|24|43
0|20|24|44
0|20|25|45
0|21|25|46
0|21|26|47
0|22|26|48
0|22|27|49
0|23|27|50
0|23|28|51
0|24|28|52
0|24|29|53
0|25|29|54
0|25|30|55
0|26|30|56
0|26|31|57
0|27|31|58
0|27|32|59
0|28|32|60
0|28|33|61
0|29|33|62
0|29|34|63
0|30|34|64
0|31|34|65
1|31|34|66
1|32|34|67
2|32|34|68
2|33|34|69
3|33|34|70
3|34|34|71
4|34|34|72
4|35|34|73
5|35|34|74
5|36|34|75
6|36|34|76
6|37|34|77
7|37|34|78
7|38|34|79
8|38|34|80
8|39|34|81
9|39|34|82
9|40|34|83
10|40|34|84
10|41|34|85
11|41|34|86
11|42|34|87
12|42|34|88
12|43|34|89
13|43|34|90
13|44|34|91
14|44|34|92
14|45|34|93
15|45|34|94
15|46|34|95
16|46|34|96
16|47|34|97
17|47|34|98
17|48|34|99
18|48|34|100
18|48|35|101
18|49|35|102
18|49|36|103
18|50|36|104
18|50|37|105
18|51|37|106
18|51|38|107
18|52|38|108
18|52|39|109
18|53|39|110
18|53|40|111
18|54|40|112
18|54|41|113
18|55|41|114
18|55|42|115
18|56|42|116
18|56|43|117
18|57|43|118
18|58|44|120
18|59|44|121
18|59|45|122
18|60|45|123
18|60|46|124
18|61|46|125
18|61|47|126
18|62|47|127
18|62|48|128
18|63|48|129
18|63|49|130
18|64|49|131
18|64|50|132
18|65|50|133
18|65|51|134
18|66|51|135
18|66|52|136
18|67|52|137
18|67|53|138
18|68|53|139
18|68|54|140
18|69|54|141
18|69|55|142
18|70|55|143
18|70|56|144
18|71|56|145
18|71|57|146
18|72|57|147
18|72|58|148
18|73|58|149
18|73|59|150
18|74|59|151
18|74|60|152
18|75|60|153
18|75|61|154
18|76|61|155
18|76|62|156
18|77|62|157
18|77|63|158
18|78|63|159
18|78|64|160
18|79|64|161
18|79|65|162
18|80|65|163
18|80|66|164
18|80|67|165
18|80|68|166
18|81|68|167
18|81|69|168
18|82|69|169
18|82|70|170
18|83|70|171
18|83|71|172
18|83|72|173
18|83|73|174
18|84|73|175
18|84|74|176
18|84|75|177
18|84|76|178
18|84|77|179
18|84|78|180
18|85|78|181
18|85|79|182
18|86|79|183
18|86|80|184
18|86|81|185
18|86|82|186
18|86|83|187
18|86|84|188
18|87|84|189
18|87|85|190
18|88|85|191
18|88|86|192
18|88|87|193
18|88|88|194
18|88|89|195
18|88|90|196
18|88|91|197
18|88|92|198
18|89|92|199
18|89|93|200
18|90|93|201
18|91|93|202
18|91|94|203
18|91|95|204
18|91|96|205
19|91|96|206
19|92|96|207
19|92|97|208
19|93|97|209
19|93|98|210
19|94|98|211
19|94|99|212
19|95|99|213
19|95|100|214
19|96|100|215
19|96|101|216
19|97|101|217
19|97|102|218
19|98|102|219
19|98|103|220
19|99|103|221
19|99|104|222
19|100|104|223
19|100|105|224
19|101|105|225
19|101|106|226
19|102|106|227
19|102|107|228
19|103|107|229
19|103|108|230
19|104|108|231
19|104|109|232
19|105|109|233
19|105|110|234
19|106|110|235
19|106|111|236
19|107|111|237
19|107|112|238
19|108|112|239
19|108|113|240
19|109|113|241
19|109|114|242
19|110|114|243
19|110|115|244
19|111|115|245
19|111|116|246
19|112|116|247
19|112|117|248
19|113|117|249
19|113|118|250
19|114|118|251
19|114|119|252
19|115|119|253
19|115|120|254
19|116|120|255
19|116|121|256
19|117|121|257
19|117|122|258
19|118|122|259
19|118|123|260
19|119|123|261
19|119|124|262
19|120|124|263
19|120|125|264
19|121|125|265
19|121|126|266
19|122|126|267
19|122|127|268
19|123|127|269
19|123|128|270
19|124|128|271
19|124|129|272
19|125|129|273
19|125|130|274
19|126|130|275
19|126|131|276
19|127|131|277
19|127|132|278
19|128|132|279
19|128|133|280
19|129|133|281
19|129|134|282
19|130|134|283
19|130|135|284
19|131|135|285
19|131|136|286
19|132|136|287
19|132|137|288
19|133|137|289
19|133|138|290
19|134|138|291
19|134|139|292
19|135|139|293
19|135|140|294
19|136|140|295
19|136|141|296
19|137|141|297
19|137|142|298
19|138|142|299
19|138|143|300
19|139|143|301
19|139|144|302
19|140|144|303
19|140|145|304
19|141|145|305
19|141|146|306
19|142|146|307
19|142|147|308
19|143|147|309
19|143|148|310
19|144|148|311
19|144|149|312
19|145|149|313
19|145|150|314
19|146|150|315
19|146|151|316
19|146|152|317
19|146|153|318
19|146|154|319
19|146|155|320
19|146|156|321
20|146|156|322
20|146|157|323
20|146|158|324
20|146|159|325
21|146|159|326
21|146|160|327
22|146|160|328
22|146|161|329
22|146|162|330
22|146|163|331
23|146|163|332
23|146|164|333
23|146|165|334
23|146|166|335
23|146|167|336
23|146|168|337
23|146|169|338
23|146|170|339
24|146|170|340
24|146|171|341
24|146|172|342
24|146|173|343
25|146|173|344
25|146|174|345
25|146|175|346
25|146|176|347
25|146|177|348
25|146|178|349
25|146|179|350
25|146|180|351
26|146|180|352
26|147|180|353
26|147|181|354
26|148|181|355
26|148|182|356
26|149|182|357
26|149|183|358
26|150|183|359
26|150|184|360
26|151|184|361
26|151|185|362
26|152|185|363
26|152|186|364
26|153|186|365
26|153|187|366
26|154|187|367
26|154|188|368
26|155|188|369
26|155|189|370
26|156|189|371
26|156|190|372
26|157|190|373
26|157|191|374
26|158|191|375
26|158|192|376
26|159|192|377
26|159|193|378
26|160|193|379
26|160|194|380
26|161|194|381
26|161|195|382
26|162|195|383
26|162|196|384
26|163|196|385
26|163|197|386
26|164|197|387
26|164|198|388
26|165|198|389
26|165|199|390
26|166|199|391
26|166|200|392
26|167|200|393
26|167|201|394
26|168|201|395
26|168|202|396
26|169|202|397
26|169|203|398
26|170|203|399
26|170|204|400
26|171|204|401
26|171|205|402
26|172|205|403
26|172|206|404
26|173|206|405
26|173|207|406
26|174|207|407
26|174|208|408
26|175|208|409
26|175|209|410
26|176|209|411
26|176|210|412
26|177|210|413
26|177|211|414
26|178|211|415
26|178|212|416
26|179|212|417
26|179|213|418
26|180|213|419
26|180|214|420
26|181|214|421
26|181|215|422
26|182|215|423
26|182|216|424
26|183|216|425
26|183|217|426
26|184|217|427
26|184|218|428
26|185|218|429
26|185|219|430
26|186|219|431
26|186|220|432
26|187|220|433
26|187|221|434
26|188|221|435
26|188|222|436
26|189|222|437
26|189|223|438
26|190|223|439
26|190|224|440
26|191|224|441
26|191|225|442
26|192|225|443
26|192|226|444
26|193|226|445
26|193|227|446
26|194|227|447
26|194|228|448
26|195|228|449
26|195|229|450
26|196|229|451
26|196|230|452
26|197|230|453
26|197|231|454
26|198|231|455
26|198|232|456
26|199|232|457
26|199|233|458
26|200|233|459
26|200|234|460
26|200|235|461
26|200|236|462
26|200|237|463
26|200|238|464
26|200|239|465
26|200|240|466
26|200|241|467
26|200|242|468
26|200|243|469
26|200|244|470
26|200|245|471
26|200|246|472
26|200|247|473
26|200|248|474
26|200|249|475
26|200|250|476
26|200|251|477
26|200|252|478
26|200|253|479
26|200|254|480
26|200|255|481
26|200|256|482
26|200|257|483
26|200|258|484
26|200|259|485
26|200|260|486
26|200|261|487
26|200|262|488
26|200|263|489
26|200|264|490
26|200|265|491
26|200|266|492
26|200|267|493
26|200|268|494
26|200|269|495
26|200|270|496
26|201|270|497
26|201|271|498
26|202|271|499
26|202|272|500
26|203|272|501
26|203|273|502
26|204|273|503
26|204|274|504
26|205|274|505
26|205|275|506
26|206|275|507
26|206|276|508
26|207|276|509
26|207|277|510
26|208|277|511
26|208|278|512
26|209|278|513
26|209|279|514
26|210|279|515
26|210|280|516
26|211|280|517
26|211|281|518
26|212|281|519
26|212|282|520
26|213|282|521
26|213|283|522
26|214|283|523
26|214|284|524
26|215|284|525
26|215|285|526
26|216|285|527
26|216|286|528
26|217|286|529
26|217|287|530
26|218|287|531
26|218|288|532
26|219|288|533
26|219|289|534
26|220|289|535
26|220|290|536
26|221|290|537
26|221|291|538
26|222|291|539
26|222|292|540
26|223|292|541
26|223|293|542
26|224|293|543
26|224|294|544
26|224|295|545
26|224|296|546
26|225|296|547
26|225|297|548
26|225|298|549
26|225|299|550
26|226|299|551
26|226|300|552
26|227|300|553
26|227|301|554
26|227|302|555
26|227|303|556
26|228|303|557
26|228|304|558
26|229|304|559
26|229|305|560
26|230|305|561
26|230|306|562
26|231|306|563
26|231|307|564
26|232|307|565
26|232|308|566
26|233|308|567
26|233|309|568
26|234|309|569
26|234|310|570
26|235|310|571
26|235|311|572
26|236|311|573
26|236|312|574
26|237|312|575
26|237|313|576
26|238|313|577
27|238|313|578
27|239|313|579
27|239|314|580
27|240|314|581
27|240|315|582
27|241|315|583
27|241|316|584
27|242|316|585
28|242|316|586
28|243|316|587
28|243|317|588
28|244|317|589
28|244|318|590
28|245|318|591
28|245|319|592
28|246|319|593
28|246|320|594
28|247|320|595
28|247|321|596
28|248|321|597
28|248|322|598
29|248|322|599
29|248|323|600
30|248|323|601
30|248|324|602
30|249|324|603
30|249|325|604
30|249|326|605
30|249|327|606
30|249|328|607
30|249|329|608
30|249|330|609
30|249|331|610
30|249|332|611
30|249|333|612
30|249|334|613
30|249|335|614
30|250|335|615
30|250|336|616
30|250|337|617
30|250|338|618
30|251|338|619
30|251|339|620
30|251|340|621
30|251|341|622
30|251|342|623
30|251|343|624
30|251|344|625
30|251|345|626
30|251|346|627
30|251|347|628
30|251|348|629
30|251|349|630
30|251|350|631
30|251|351|632
30|251|352|633
30|251|353|634
30|251|354|635
30|251|355|636
30|251|356|637
30|251|357|638
30|251|358|639
30|251|359|640
30|252|359|641
30|252|360|642
30|253|360|643
30|253|361|644
30|254|361|645
30|254|362|646
30|255|362|647
30|255|363|648
30|256|363|649
30|256|364|650
30|257|364|651
30|257|365|652
30|258|365|653
30|258|366|654
30|259|366|655
30|259|367|656
30|260|367|657
30|260|368|658
30|261|368|659
30|261|369|660
30|262|369|661
30|262|370|662
30|263|370|663
30|263|371|664
30|264|371|665
30|264|372|666
30|265|372|667
30|265|373|668
30|266|373|669
30|266|374|670
30|267|374|671
30|267|375|672
30|268|375|673
30|268|376|674
30|269|376|675
30|269|377|676
30|269|378|677
30|269|379|678
30|270|379|679
30|270|380|680
30|271|380|681
30|271|381|682
30|272|381|683
30|272|382|684
30|272|383|685
31|272|383|686
31|273|383|687
31|273|384|688
31|274|384|689
31|274|385|690
31|275|385|691
31|275|386|692
31|275|387|693
31|275|388|694
31|276|388|695
31|276|389|696
31|277|389|697
31|277|390|698
31|278|390|699
31|278|391|700
31|278|392|701
31|278|393|702
31|279|393|703
31|279|394|704
31|280|394|705
31|280|395|706
31|281|395|707
31|281|396|708
31|282|396|709
31|283|396|710
31|284|396|711
31|284|397|712
31|285|397|713
31|285|398|714
31|286|398|715
31|286|399|716
31|287|399|717
31|287|400|718
31|288|400|719
31|288|401|720
31|289|401|721
31|289|402|722
31|290|402|723
31|290|403|724
31|291|403|725
31|291|404|726
31|292|404|727
31|292|405|728
31|293|405|729
31|293|406|730
31|294|406|731
31|294|407|732
31|295|407|733
31|295|408|734
31|296|408|735
31|296|409|736
31|297|409|737
31|297|410|738
31|298|410|739
31|298|411|740
31|299|411|741
31|299|412|742
31|300|412|743
31|300|413|744
31|301|413|745
31|301|414|746
31|302|414|747
31|302|415|748
32|302|415|749
32|303|415|750
33|303|415|751
33|304|415|752
34|304|415|753
34|305|415|754
35|305|415|755
35|306|415|756
36|306|415|757
36|307|415|758
37|307|415|759
37|308|415|760
38|308|415|761
38|309|415|762
39|309|415|763
39|310|415|764
40|310|415|765
40|311|415|766
41|311|415|767
41|312|415|768
42|312|415|769
42|313|415|770
43|313|415|771
43|314|415|772
44|314|415|773
44|315|415|774
45|315|415|775
45|316|415|776
46|316|415|777
46|317|415|778
47|317|415|779
47|318|415|780
48|318|415|781
48|319|415|782
49|319|415|783
49|320|415|784
49|321|415|785
49|321|416|786
49|322|416|787
49|322|417|788
49|323|417|789
49|323|418|790
49|324|418|791
49|324|419|792
49|325|419|793
49|325|420|794
49|326|420|795
49|326|421|796
49|327|421|797
49|327|422|798
49|328|422|799
49|328|423|800
49|329|423|801
49|329|424|802
49|330|424|803
49|330|425|804
49|331|425|805
49|331|426|806
49|332|426|807
49|332|427|808
49|333|427|809
49|333|428|810
49|334|428|811
49|334|429|812
49|335|429|813
49|335|430|814
49|336|430|815
49|336|431|816
49|337|431|817
49|337|432|818
49|338|432|819
49|338|433|820
49|339|433|821
49|339|434|822
49|340|434|823
49|340|435|824
49|341|435|825
49|341|436|826
49|342|436|827
49|342|437|828
49|343|437|829
49|343|438|830
49|344|438|831
49|344|439|832
49|345|439|833
49|345|440|834
49|346|440|835
49|346|441|836
49|347|441|837
49|347|442|838
49|348|442|839
49|348|443|840
49|349|443|841
49|349|444|842
49|350|444|843
49|350|445|844
49|351|445|845
49|351|446|846
49|352|446|847
49|352|447|848
49|353|447|849
49|353|448|850
49|354|448|851
49|354|449|852
49|355|449|853
49|355|450|854
49|356|450|855
49|356|451|856
49|357|451|857
49|357|452|858
49|358|452|859
49|358|453|860
49|358|454|861
49|358|455|862
49|358|456|863
50|358|456|864
50|359|456|865
50|359|457|866
50|360|457|867
50|360|458|868
50|360|459|869
50|360|460|870
50|360|461|871
50|360|462|872
50|361|462|873
50|361|463|874
50|362|463|875
50|362|464|876
50|363|464|877
50|363|465|878
50|363|466|879
50|363|467|880
50|363|468|881
50|363|469|882
50|363|470|883
50|363|471|884
50|363|472|885
50|364|472|886
50|364|473|887
50|364|474|888
50|364|475|889
50|364|476|890
50|364|477|891
50|364|478|892
50|365|478|893
50|365|479|894
50|366|479|895
50|366|480|896
50|367|480|897
50|367|481|898
50|368|481|899
50|368|482|900
50|369|482|901
50|369|483|902
50|370|483|903
50|370|484|904
50|371|484|905
50|371|485|906
50|372|485|907
50|372|486|908
50|373|486|909
50|373|487|910
50|374|487|911
50|374|488|912
50|375|488|913
50|375|489|914
50|376|489|915
50|376|490|916
50|377|490|917
50|377|491|918
50|378|491|919
50|378|492|920
50|379|492|921
50|380|492|922
50|381|492|923
50|381|493|924
50|382|493|925
50|382|494|926
50|383|494|927
50|383|495|928
50|384|495|929
50|384|496|930
50|385|496|931
50|385|497|932
50|386|497|933
50|386|498|934
50|387|498|935
50|387|499|936
50|388|499|937
50|388|500|938
50|389|500|939
50|389|501|940
50|390|501|941
50|390|502|942
50|391|502|943
50|391|503|944
50|392|503|945
50|392|504|946
50|393|504|947
50|393|505|948
50|394|505|949
50|394|506|950
50|394|507|951
50|394|508|952
50|395|508|953
50|395|509|954
50|396|509|955
50|396|510|956
50|397|510|957
50|397|511|958
50|397|512|959
50|397|513|960
50|397|514|961
50|397|515|962
50|398|515|963
50|398|516|964
50|399|516|965
50|399|517|966
50|400|517|967
50|400|518|968
50|401|518|969
50|401|519|970
50|402|519|971
50|402|520|972
50|403|520|973
50|403|521|974
50|404|521|975
50|404|522|976
50|405|522|977
50|405|523|978
50|406|523|979
50|406|524|980
50|407|524|981
50|407|525|982
50|408|525|983
50|408|526|984
50|409|526|985
50|409|527|986
50|410|527|987
50|410|528|988
50|411|528|989
50|411|529|990
50|412|529|991
50|412|530|992
50|413|530|993
50|413|531|994
50|414|531|995
50|414|532|996
50|415|532|997
50|415|533|998
50|416|533|999
50|416|534|1000
50|416|535|1001
50|416|536|1002
50|416|537|1003
50|416|538|1004
50|416|539|1005
51|416|539|1006
51|416|540|1007
52|416|540|1008
52|416|541|1009
52|416|542|1010
52|416|543|1011
52|416|544|1012
52|416|545|1013
52|416|546|1014
52|416|547|1015
52|416|548|1016
52|416|549|1017
52|416|550|1018
52|416|551|1019
52|416|552|1020
52|416|553|1021
53|416|553|1022
53|416|554|1023
53|416|555|1024
53|416|556|1025
54|416|556|1026
54|416|557|1027
54|416|558|1028
54|416|559|1029
54|416|560|1030
54|416|561|1031
54|416|562|1032
54|416|563|1033
55|416|563|1034
55|416|564|1035
56|416|564|1036
56|417|564|1037
56|417|565|1038
56|418|565|1039
56|418|566|1040
56|419|566|1041
56|419|567|1042
56|420|567|1043
56|420|568|1044
56|421|568|1045
56|421|569|1046
56|422|569|1047
56|422|570|1048
56|423|570|1049
56|423|571|1050
56|424|571|1051
56|424|572|1052
56|425|572|1053
56|425|573|1054
56|426|573|1055
56|426|574|1056
56|427|574|1057
56|427|575|1058
56|428|575|1059
56|428|576|1060
56|429|576|1061
56|429|577|1062
56|430|577|1063
56|430|578|1064
56|431|578|1065
56|431|579|1066
56|432|579|1067
56|432|580|1068
56|433|580|1069
56|433|581|1070
56|434|581|1071
56|434|582|1072
56|435|582|1073
56|435|583|1074
56|436|583|1075
56|436|584|1076
56|437|584|1077
56|437|585|1078
56|438|585|1079
56|438|586|1080
56|439|586|1081
56|439|587|1082
56|440|587|1083
56|440|588|1084
56|441|588|1085
56|441|589|1086
56|441|590|1087
56|441|591|1088
56|442|591|1089
56|442|592|1090
56|443|592|1091
56|443|593|1092
56|444|593|1093
56|444|594|1094
56|445|594|1095
56|445|595|1096
56|446|595|1097
56|446|596|1098
56|447|596|1099
56|447|597|1100
56|448|597|1101
56|448|598|1102
56|449|598|1103
56|449|599|1104
56|450|599|1105
56|450|600|1106
56|451|600|1107
56|451|601|1108
56|452|601|1109
56|452|602|1110
56|453|602|1111
56|453|603|1112
56|454|603|1113
56|454|604|1114
56|455|604|1115
56|455|605|1116
56|456|605|1117
56|456|606|1118
56|457|606|1119
56|457|607|1120
56|458|607|1121
56|458|608|1122
56|459|608|1123
56|459|609|1124
56|460|609|1125
56|460|610|1126
56|461|610|1127
56|461|611|1128
56|462|611|1129
56|462|612|1130
56|463|612|1131
56|463|613|1132
56|464|613|1133
56|464|614|1134
56|465|614|1135
56|465|615|1136
57|465|615|1137
57|465|616|1138
57|466|616|1139
57|466|617|1140
57|467|617|1141
57|467|618|1142
57|468|618|1143
57|468|619|1144
57|468|620|1145
57|468|621|1146
57|468|622|1147
57|468|623|1148
57|468|624|1149
57|468|625|1150
57|468|626|1151
57|468|627|1152
57|468|628|1153
57|468|629|1154
57|468|630|1155
57|468|631|1156
57|468|632|1157
57|468|633|1158
57|468|634|1159
57|468|635|1160
57|468|636|1161
57|468|637|1162
57|468|638|1163
57|468|639|1164
57|468|640|1165
57|468|641|1166
57|468|642|1167
57|468|643|1168
57|468|644|1169
57|468|645|1170
57|468|646|1171
57|468|647|1172
57|468|648|1173
57|468|649|1174
57|468|650|1175
57|468|651|1176
57|468|652|1177
57|468|653|1178
57|468|654|1179
57|468|655|1180
57|469|655|1181
57|469|656|1182
57|470|656|1183
57|470|657|1184
57|471|657|1185
57|471|658|1186
57|472|658|1187
57|472|659|1188
57|473|659|1189
57|473|660|1190
57|474|660|1191
57|474|661|1192
57|475|661|1193
57|475|662|1194
57|476|662|1195
57|476|663|1196
57|477|663|1197
57|477|664|1198
57|478|664|1199
57|478|665|1200
57|479|665|1201
57|479|666|1202
57|480|666|1203
57|480|667|1204
57|481|667|1205
57|481|668|1206
57|482|668|1207
57|482|669|1208
57|483|669|1209
57|483|670|1210
57|484|670|1211
57|484|671|1212
57|485|671|1213
57|485|672|1214
57|486|672|1215
57|486|673|1216
57|487|673|1217
57|487|674|1218
57|488|674|1219
57|488|675|1220
57|489|675|1221
57|489|676|1222
57|490|676|1223
57|490|677|1224
57|491|677|1225
57|491|678|1226
57|492|678|1227
57|492|679|1228
57|493|679|1229
57|493|680|1230
57|494|680|1231
57|494|681|1232
57|494|682|1233
57|494|683|1234
57|495|683|1235
57|495|684|1236
57|496|684|1237
57|496|685|1238
57|496|686|1239
57|496|687|1240
57|497|687|1241
57|497|688|1242
57|498|688|1243
57|498|689|1244
57|499|689|1245
57|499|690|1246
57|500|690|1247
57|500|691|1248
57|501|691|1249
57|501|692|1250
57|502|692|1251
57|502|693|1252
57|503|693|1253
58|503|693|1254
58|504|693|1255
58|504|694|1256
58|505|694|1257
58|505|695|1258
58|506|695|1259
58|506|696|1260
58|507|696|1261
58|507|697|1262
58|508|697|1263
58|508|698|1264
58|509|698|1265
58|509|699|1266
58|510|699|1267
58|510|700|1268
58|511|700|1269
58|511|701|1270
58|512|701|1271
58|512|702|1272
58|513|702|1273
58|513|703|1274
58|514|703|1275
58|514|704|1276
58|515|704|1277
58|515|705|1278
58|516|705|1279
58|516|706|1280
58|517|706|1281
58|518|706|1282
59|518|706|1283
59|518|707|1284
60|518|707|1285
60|518|708|1286
60|519|708|1287
60|519|709|1288
60|519|710|1289
60|519|711|1290
60|519|712|1291
60|519|713|1292
60|519|714|1293
60|519|715|1294
60|519|716|1295
60|519|717|1296
60|519|718|1297
60|519|719|1298
60|520|719|1299
60|520|720|1300
60|521|720|1301
60|521|721|1302
60|522|721|1303
60|522|722|1304
60|522|723|1305
60|522|724|1306
60|522|725|1307
60|522|726|1308
60|523|726|1309
60|523|727|1310
60|523|728|1311
60|523|729|1312
60|524|729|1313
60|524|730|1314
60|524|731|1315
60|524|732|1316
60|524|733|1317
60|524|734|1318
60|524|735|1319
60|524|736|1320
60|524|737|1321
60|524|738|1322
60|524|739|1323
60|524|740|1324
60|525|740|1325
60|525|741|1326
60|526|741|1327
60|526|742|1328
60|527|742|1329
60|527|743|1330
60|528|743|1331
60|528|744|1332
60|529|744|1333
60|529|745|1334
60|530|745|1335
60|530|746|1336
60|531|746|1337
60|531|747|1338
60|532|747|1339
60|532|748|1340
60|533|748|1341
60|533|749|1342
60|534|749|1343
60|534|750|1344
60|535|750|1345
60|535|751|1346
60|536|751|1347
60|536|752|1348
60|537|752|1349
60|537|753|1350
60|538|753|1351
60|538|754|1352
60|539|754|1353
60|539|755|1354
60|540|755|1355
60|540|756|1356
60|541|756|1357
60|541|757|1358
60|542|757|1359
60|542|758|1360
60|543|758|1361
60|543|759|1362
60|544|759|1363
60|544|760|1364
60|545|760|1365
60|545|761|1366
60|546|761|1367
60|546|762|1368
60|546|763|1369
60|546|764|1370
60|547|764|1371
60|547|765|1372
60|548|765|1373
60|548|766|1374
60|549|766|1375
60|549|767|1376
60|549|768|1377
60|549|769|1378
60|550|769|1379
60|550|770|1380
60|551|770|1381
60|551|771|1382
60|552|771|1383
60|552|772|1384
60|552|773|1385
60|552|774|1386
60|553|774|1387
60|553|775|1388
60|554|775|1389
60|554|776|1390
60|555|776|1391
60|555|777|1392
60|556|777|1393
60|557|777|1394
60|558|777|1395
60|558|778|1396
60|559|778|1397
60|559|779|1398
60|560|779|1399
60|560|780|1400
60|561|780|1401
60|561|781|1402
60|562|781|1403
60|562|782|1404
60|563|782|1405
60|563|783|1406
60|564|783|1407
60|564|784|1408
60|565|784|1409
60|565|785|1410
60|566|785|1411
60|566|786|1412
60|567|786|1413
60|567|787|1414
60|568|787|1415
60|568|788|1416
60|569|788|1417
60|569|789|1418
60|570|789|1419
60|570|790|1420
60|571|790|1421
60|571|791|1422
60|572|791|1423
60|572|792|1424
60|573|792|1425
60|573|793|1426
60|574|793|1427
60|574|794|1428
60|575|794|1429
60|575|795|1430
60|576|795|1431
60|576|796|1432
61|576|796|1433
61|577|796|1434
62|577|796|1435
62|578|796|1436
63|578|796|1437
63|579|796|1438
64|579|796|1439
64|580|796|1440
65|580|796|1441
65|581|796|1442
66|581|796|1443
66|582|796|1444
67|582|796|1445
67|583|796|1446
68|583|796|1447
68|584|796|1448
69|584|796|1449
69|585|796|1450
70|585|796|1451
70|586|796|1452
71|586|796|1453
71|587|796|1454
72|587|796|1455
72|588|796|1456
73|588|796|1457
73|589|796|1458
74|589|796|1459
74|590|796|1460
75|590|796|1461
75|591|796|1462
76|591|796|1463
76|592|796|1464
77|592|796|1465
77|593|796|1466
78|593|796|1467
78|594|796|1468
78|595|796|1469
78|595|797|1470
78|596|797|1471
78|596|798|1472
78|597|798|1473
78|597|799|1474
78|598|799|1475
78|598|800|1476
78|599|800|1477
78|599|801|1478
78|600|801|1479
78|600|802|1480
78|601|802|1481
78|601|803|1482
78|602|803|1483
78|602|804|1484
78|603|804|1485
78|603|805|1486
78|604|805|1487
78|604|806|1488
78|605|806|1489
78|605|807|1490
78|606|807|1491
78|606|808|1492
78|607|808|1493
78|607|809|1494
78|608|809|1495
78|608|810|1496
78|609|810|1497
78|609|811|1498
78|610|811|1499
78|610|812|1500
78|611|812|1501
78|611|813|1502
78|612|813|1503
78|612|814|1504
78|613|814|1505
78|613|815|1506
78|614|815|1507
78|614|816|1508
78|615|816|1509
78|615|817|1510
78|616|817|1511
78|616|818|1512
78|617|818|1513
78|617|819|1514
78|618|819|1515
78|618|820|1516
78|619|820|1517
78|619|821|1518
78|620|821|1519
78|620|822|1520
78|621|822|1521
78|621|823|1522
78|622|823|1523
78|622|824|1524
78|623|824|1525
78|623|825|1526
78|624|825|1527
78|624|826|1528
78|625|826|1529
78|625|827|1530
78|626|827|1531
78|626|828|1532
78|627|828|1533
78|627|829|1534
78|628|829|1535
78|628|830|1536
78|629|830|1537
78|629|831|1538
78|630|831|1539
78|630|832|1540
78|630|833|1541
78|630|834|1542
78|631|834|1543
78|631|835|1544
78|632|835|1545
78|632|836|1546
78|632|837|1547
79|632|837|1548
79|633|837|1549
79|633|838|1550
79|634|838|1551
79|634|839|1552
79|634|840|1553
79|634|841|1554
79|634|842|1555
79|634|843|1556
79|634|844|1557
79|634|845|1558
79|635|845|1559
79|635|846|1560
79|636|846|1561
79|636|847|1562
79|637|847|1563
79|637|848|1564
79|638|848|1565
79|638|849|1566
79|639|849|1567
79|639|850|1568
79|640|850|1569
80|640|850|1570
80|640|851|1571
80|640|852|1572
80|640|853|1573
81|640|853|1574
81|641|853|1575
81|641|854|1576
81|642|854|1577
81|642|855|1578
81|643|855|1579
81|643|856|1580
81|644|856|1581
81|644|857|1582
81|645|857|1583
81|645|858|1584
81|646|858|1585
81|646|859|1586
81|647|859|1587
81|647|860|1588
81|648|860|1589
81|648|861|1590
81|649|861|1591
81|649|862|1592
81|650|862|1593
81|650|863|1594
81|651|863|1595
81|651|864|1596
82|651|864|1597
82|651|865|1598
82|652|865|1599
82|652|866|1600
82|653|866|1601
82|653|867|1602
82|654|867|1603
82|654|868|1604
82|655|868|1605
82|656|868|1606
82|657|868|1607
82|658|868|1608
83|658|868|1609
83|658|869|1610
83|659|869|1611
83|659|870|1612
83|660|870|1613
83|660|871|1614
83|661|871|1615
83|661|872|1616
83|662|872|1617
83|662|873|1618
83|663|873|1619
83|663|874|1620
83|664|874|1621
83|664|875|1622
83|665|875|1623
83|665|876|1624
83|666|876|1625
83|666|877|1626
83|667|877|1627
83|667|878|1628
83|668|878|1629
83|668|879|1630
83|669|879|1631
83|669|880|1632
83|670|880|1633
83|670|881|1634
83|670|882|1635
83|670|883|1636
83|671|883|1637
83|671|884|1638
83|672|884|1639
83|672|885|1640
83|673|885|1641
83|673|886|1642
83|674|886|1643
83|674|887|1644
83|675|887|1645
83|675|888|1646
83|676|888|1647
83|676|889|1648
83|677|889|1649
83|677|890|1650
83|678|890|1651
83|678|891|1652
83|679|891|1653
83|679|892|1654
83|680|892|1655
83|680|893|1656
83|681|893|1657
83|681|894|1658
83|682|894|1659
83|682|895|1660
83|683|895|1661
83|683|896|1662
83|684|896|1663
83|684|897|1664
83|685|897|1665
83|685|898|1666
83|686|898|1667
83|686|899|1668
83|687|899|1669
83|687|900|1670
83|688|900|1671
83|688|901|1672
83|689|901|1673
83|689|902|1674
83|690|902|1675
83|690|903|1676
83|691|903|1677
83|691|904|1678
83|692|904|1679
83|692|905|1680
83|693|905|1681
83|693|906|1682
83|694|906|1683
83|694|907|1684
83|694|908|1685
84|694|908|1686
84|694|909|1687
84|694|910|1688
84|694|911|1689
84|694|912|1690
84|694|913|1691
84|694|914|1692
84|694|915|1693
85|694|915|1694
85|694|916|1695
86|694|916|1696
86|694|917|1697
86|694|918|1698
86|694|919|1699
87|694|919|1700
87|694|920|1701
88|694|920|1702
88|694|921|1703
88|694|922|1704
88|694|923|1705
89|694|923|1706
89|694|924|1707
89|694|925|1708
89|694|926|1709
89|694|927|1710
89|694|928|1711
89|694|929|1712
89|694|930|1713
89|694|931|1714
89|694|932|1715
89|694|933|1716
89|694|934|1717
89|694|935|1718
89|694|936|1719
90|694|936|1720
90|695|936|1721
90|695|937|1722
90|696|937|1723
90|696|938|1724
90|697|938|1725
90|697|939|1726
90|698|939|1727
90|698|940|1728
90|699|940|1729
90|699|941|1730
90|700|941|1731
90|700|942|1732
90|701|942|1733
90|701|943|1734
90|702|943|1735
90|702|944|1736
90|703|944|1737
90|703|945|1738
90|704|945|1739
90|704|946|1740
90|705|946|1741
90|705|947|1742
90|706|947|1743
90|706|948|1744
90|707|948|1745
90|707|949|1746
90|708|949|1747
90|708|950|1748
90|709|950|1749
90|709|951|1750
90|710|951|1751
90|710|952|1752
90|711|952|1753
90|711|953|1754
90|712|953|1755
90|712|954|1756
90|713|954|1757
90|713|955|1758
90|714|955|1759
90|714|956|1760
90|715|956|1761
90|715|957|1762
90|716|957|1763
90|716|958|1764
90|717|958|1765
90|717|959|1766
90|718|959|1767
90|718|960|1768
90|719|960|1769
90|719|961|1770
90|720|961|1771
90|720|962|1772
90|721|962|1773
90|721|963|1774
90|722|963|1775
90|722|964|1776
90|723|964|1777
90|723|965|1778
90|724|965|1779
90|724|966|1780
90|725|966|1781
90|725|967|1782
90|726|967|1783
90|726|968|1784
90|727|968|1785
90|727|969|1786
90|728|969|1787
90|728|970|1788
90|729|970|1789
90|729|971|1790
90|730|971|1791
90|730|972|1792
90|731|972|1793
90|731|973|1794
90|732|973|1795
90|732|974|1796
90|733|974|1797
90|733|975|1798
90|734|975|1799
90|734|976|1800
90|735|976|1801
90|735|977|1802
90|736|977|1803
90|736|978|1804
90|737|978|1805
90|737|979|1806
90|738|979|1807
90|738|980|1808
90|739|980|1809
90|739|981|1810
90|740|981|1811
90|740|982|1812
90|741|982|1813
90|741|983|1814
90|742|983|1815
90|742|984|1816
90|743|984|1817
90|743|985|1818
90|744|985|1819
90|744|986|1820
90|745|986|1821
90|745|987|1822
90|746|987|1823
90|746|988|1824
90|747|988|1825
90|747|989|1826
90|748|989|1827
90|748|990|1828
90|748|991|1829
90|748|992|1830
90|748|993|1831
90|748|994|1832
90|748|995|1833
90|748|996|1834
90|748|997|1835
90|748|998|1836
90|748|999|1837
90|748|1000|1838
90|748|1001|1839
90|748|1002|1840
90|748|1003|1841
90|748|1004|1842
90|748|1005|1843
90|748|1006|1844
90|748|1007|1845
90|748|1008|1846
90|748|1009|1847
90|748|1010|1848
90|748|1011|1849
90|748|1012|1850
90|748|1013|1851
90|748|1014|1852
90|748|1015|1853
90|748|1016|1854
90|748|1017|1855
90|748|1018|1856
90|748|1019|1857
90|748|1020|1858
90|748|1021|1859
90|748|1022|1860
90|748|1023|1861
90|748|1024|1862
90|748|1025|1863
90|748|1026|1864
90|749|1026|1865
90|749|1027|1866
90|750|1027|1867
90|750|1028|1868
90|751|1028|1869
90|751|1029|1870
90|752|1029|1871
90|752|1030|1872
90|753|1030|1873
90|753|1031|1874
90|754|1031|1875
90|754|1032|1876
90|755|1032|1877
90|755|1033|1878
90|756|1033|1879
90|756|1034|1880
90|757|1034|1881
90|757|1035|1882
90|758|1035|1883
90|758|1036|1884
90|759|1036|1885
90|759|1037|1886
90|760|1037|1887
90|760|1038|1888
90|761|1038|1889
90|761|1039|1890
90|762|1039|1891
90|762|1040|1892
90|763|1040|1893
90|763|1041|1894
90|764|1041|1895
90|764|1042|1896
90|765|1042|1897
90|765|1043|1898
90|766|1043|1899
90|766|1044|1900
90|767|1044|1901
90|767|1045|1902
90|768|1045|1903
90|768|1046|1904
90|769|1046|1905
90|769|1047|1906
90|770|1047|1907
90|770|1048|1908
90|771|1048|1909
90|771|1049|1910
90|772|1049|1911
90|772|1050|1912
90|773|1050|1913
90|773|1051|1914
90|774|1051|1915
90|774|1052|1916
90|775|1052|1917
90|775|1053|1918
90|776|1053|1919
90|776|1054|1920
90|777|1054|1921
90|777|1055|1922
90|777|1056|1923
90|777|1057|1924
90|778|1057|1925
90|778|1058|1926
90|779|1058|1927
90|779|1059|1928
90|780|1059|1929
90|780|1060|1930
90|781|1060|1931
90|781|1061|1932
90|782|1061|1933
90|782|1062|1934
90|783|1062|1935
90|783|1063|1936
90|784|1063|1937
90|784|1064|1938
90|785|1064|1939
90|785|1065|1940
90|786|1065|1941
90|786|1066|1942
90|787|1066|1943
90|787|1067|1944
90|788|1067|1945
91|788|1067|1946
91|789|1067|1947
91|789|1068|1948
91|790|1068|1949
91|790|1069|1950
92|790|1069|1951
92|790|1070|1952
92|791|1070|1953
92|791|1071|1954
92|792|1071|1955
92|792|1072|1956
92|793|1072|1957
92|793|1073|1958
92|794|1073|1959
92|794|1074|1960
92|795|1074|1961
92|795|1075|1962
92|796|1075|1963
92|796|1076|1964
92|797|1076|1965
92|798|1076|1966
92|799|1076|1967
92|799|1077|1968
92|800|1077|1969
92|800|1078|1970
92|801|1078|1971
92|801|1079|1972
92|802|1079|1973
92|802|1080|1974
92|802|1081|1975
92|802|1082|1976
92|802|1083|1977
92|802|1084|1978
92|803|1084|1979
92|803|1085|1980
92|803|1086|1981
92|803|1087|1982
92|804|1087|1983
92|804|1088|1984
92|805|1088|1985
92|805|1089|1986
92|805|1090|1987
92|805|1091|1988
92|805|1092|1989
92|805|1093|1990
92|806|1093|1991
92|806|1094|1992
92|807|1094|1993
92|807|1095|1994
92|807|1096|1995
92|807|1097|1996
92|808|1097|1997
92|808|1098|1998
92|808|1099|1999
92|808|1100|2000
