total
0|0|1|1
0|1|1|2
0|2|1|3
0|3|1|4
0|3|2|5
0|4|2|6
0|5|2|7
0|6|2|8
0|6|3|9
0|6|4|10
0|6|5|11
0|7|5|12
0|7|6|13
0|8|6|14
0|8|7|15
0|9|7|16
0|10|7|17
0|10|8|18
0|10|9|19
0|11|9|20
0|11|10|21
0|12|10|22
0|12|11|23
0|13|11|24
0|13|12|25
0|14|12|26
0|14|13|27
0|15|13|28
0|15|14|29
0|16|14|30
0|16|15|31
0|17|15|32
0|17|16|33
0|18|16|34
0|18|17|35
0|19|17|36
0|19|18|37
0|20|18|38
0|20|19|39
0|21|19|40
0|21|20|41
0|22|20|42
0|22|21|43
0|23|21|44
0|23|22|45
0|24|22|46
0|24|23|47
0|25|23|48
0|25|24|49
0|26|24|50
0|26|25|51
0|27|25|52
0|27|26|53
0|28|26|54
0|28|27|55
0|29|27|56
0|29|28|57
0|30|28|58
0|30|29|59
0|31|29|60
0|31|30|61
0|32|30|62
0|32|31|63
0|33|31|64
0|34|31|65
1|34|31|66
1|35|31|67
2|35|31|68
2|36|31|69
3|36|31|70
3|37|31|71
4|37|31|72
4|38|31|73
5|38|31|74
5|39|31|75
6|39|31|76
6|40|31|77
7|40|31|78
7|41|31|79
8|41|31|80
8|42|31|81
9|42|31|82
9|43|31|83
10|43|31|84
10|44|31|85
11|44|31|86
11|45|31|87
12|45|31|88
12|46|31|89
13|46|31|90
13|47|31|91
14|47|31|92
14|48|31|93
15|48|31|94
15|49|31|95
16|49|31|96
16|50|31|97
17|50|31|98
17|51|31|99
18|51|31|100
18|51|32|101
18|52|32|102
18|52|33|103
18|53|33|104
18|53|34|105
18|54|34|106
18|54|35|107
18|55|35|108
18|55|36|109
18|56|36|110
18|56|37|111
18|57|37|112
18|57|38|113
18|58|38|114
18|58|39|115
18|59|39|116
18|59|40|117
18|60|40|118
18|60|41|119
18|61|41|120
18|61|42|121
18|62|42|122
18|62|43|123
18|63|43|124
18|64|44|126
18|65|44|127
18|65|45|128
18|66|45|129
18|66|46|130
18|67|46|131
18|67|47|132
18|68|47|133
18|68|48|134
18|69|48|135
18|69|49|136
18|70|49|137
18|70|50|138
18|71|50|139
18|71|51|140
18|71|52|141
18|71|53|142
18|72|53|143
18|72|54|144
18|73|54|145
18|73|55|146
18|74|55|147
18|75|55|148
18|76|55|149
18|76|56|150
18|77|56|151
18|77|57|152
18|78|57|153
18|78|58|154
18|79|58|155
18|79|59|156
18|80|59|157
18|80|60|158
18|81|60|159
18|82|60|160
18|82|61|161
18|83|61|162
18|84|61|163
18|84|62|164
18|85|62|165
18|85|63|166
18|86|63|167
18|87|63|168
18|88|63|169
18|89|63|170
18|89|64|171
18|90|64|172
18|91|64|173
18|91|65|174
18|91|66|175
18|91|67|176
18|92|67|177
18|92|68|178
18|92|69|179
18|93|69|180
18|93|70|181
18|93|71|182
18|94|71|183
18|94|72|184
18|95|72|185
18|95|73|186
18|95|74|187
18|95|75|188
18|95|76|189
18|95|77|190
18|96|77|191
18|96|78|192
18|97|78|193
18|97|79|194
18|97|80|195
18|97|81|196
18|97|82|197
18|97|83|198
18|98|83|199
18|98|84|200
18|98|85|201
18|98|86|202
18|98|87|203
18|98|88|204
18|98|89|205
18|98|90|206
18|98|91|207
18|98|92|208
18|99|92|209
18|99|93|210
18|100|93|211
18|100|94|212
18|101|94|213
18|101|95|214
18|102|95|215
18|102|96|216
18|103|96|217
18|103|97|218
18|104|97|219
18|104|98|220
18|105|98|221
18|105|99|222
18|106|99|223
18|106|100|224
18|107|100|225
18|107|101|226
18|108|101|227
18|108|102|228
18|109|102|229
18|109|103|230
18|110|103|231
18|110|104|232
18|111|104|233
18|111|105|234
18|112|105|235
18|112|106|236
18|113|106|237
18|113|107|238
18|114|107|239
18|114|108|240
18|115|108|241
18|115|109|242
18|116|109|243
18|116|110|244
18|117|110|245
18|117|111|246
18|118|111|247
18|118|112|248
18|119|112|249
18|119|113|250
18|120|113|251
18|120|114|252
18|121|114|253
18|121|115|254
18|122|115|255
18|122|116|256
18|123|116|257
18|123|117|258
18|124|117|259
18|124|118|260
18|125|118|261
18|125|119|262
18|126|119|263
18|126|120|264
18|127|120|265
18|127|121|266
18|128|121|267
18|128|122|268
18|129|122|269
18|129|123|270
18|130|123|271
18|130|124|272
18|131|124|273
18|131|125|274
18|132|125|275
18|132|126|276
18|133|126|277
18|133|127|278
18|134|127|279
18|134|128|280
18|135|128|281
18|135|129|282
18|136|129|283
18|136|130|284
18|137|130|285
18|137|131|286
18|138|131|287
18|138|132|288
18|139|132|289
18|139|133|290
18|140|133|291
18|140|134|292
18|141|134|293
18|141|135|294
18|142|135|295
18|142|136|296
18|143|136|297
18|143|137|298
18|144|137|299
18|144|138|300
18|145|138|301
18|145|139|302
18|146|139|303
18|146|140|304
18|147|140|305
18|147|141|306
18|148|141|307
18|148|142|308
19|148|142|309
19|148|143|310
19|149|143|311
19|150|143|312
19|151|143|313
19|151|144|314
19|152|144|315
19|152|145|316
19|152|146|317
19|153|146|318
19|153|147|319
19|154|147|320
19|154|148|321
19|154|149|322
19|154|150|323
19|155|150|324
19|155|151|325
19|155|152|326
19|155|153|327
19|155|154|328
19|155|155|329
19|156|155|330
19|156|156|331
19|157|156|332
19|157|157|333
19|158|157|334
19|158|158|335
19|158|159|336
19|158|160|337
19|159|160|338
19|159|161|339
19|159|162|340
19|159|163|341
19|159|164|342
19|159|165|343
19|160|165|344
19|160|166|345
19|161|166|346
19|161|167|347
19|161|168|348
19|161|169|349
19|161|170|350
19|161|171|351
19|162|171|352
19|163|171|353
19|163|172|354
19|164|172|355
19|164|173|356
19|165|173|357
19|165|174|358
19|166|174|359
19|166|175|360
19|167|175|361
19|167|176|362
19|168|176|363
19|168|177|364
19|169|177|365
19|169|178|366
19|170|178|367
19|170|179|368
19|171|179|369
19|171|180|370
19|172|180|371
19|172|181|372
19|173|181|373
19|173|182|374
19|174|182|375
19|174|183|376
19|175|183|377
19|175|184|378
19|176|184|379
19|176|185|380
19|177|185|381
19|177|186|382
19|178|186|383
19|179|186|384
19|180|186|385
19|180|187|386
19|181|187|387
19|181|188|388
19|182|188|389
19|182|189|390
19|183|189|391
19|183|190|392
19|184|190|393
19|184|191|394
19|185|191|395
19|185|192|396
19|185|193|397
19|185|194|398
19|186|194|399
19|186|195|400
19|187|195|401
19|187|196|402
19|187|197|403
19|187|198|404
19|188|198|405
19|188|199|406
19|189|199|407
19|189|200|408
19|190|200|409
19|190|201|410
19|190|202|411
19|190|203|412
19|191|203|413
19|191|204|414
19|191|205|415
19|191|206|416
19|192|206|417
19|192|207|418
19|193|207|419
19|193|208|420
19|194|208|421
19|194|209|422
19|195|209|423
19|195|210|424
19|196|210|425
19|196|211|426
19|197|211|427
19|197|212|428
19|198|212|429
19|198|213|430
19|199|213|431
19|199|214|432
19|200|214|433
19|200|215|434
19|201|215|435
19|201|216|436
19|202|216|437
19|202|217|438
19|203|217|439
19|203|218|440
19|204|218|441
19|204|219|442
19|205|219|443
19|205|220|444
19|206|220|445
19|206|221|446
19|207|221|447
19|207|222|448
19|208|222|449
19|208|223|450
19|209|223|451
19|209|224|452
19|210|224|453
19|210|225|454
19|211|225|455
19|212|225|456
19|213|225|457
19|213|226|458
19|214|226|459
19|214|227|460
19|214|228|461
19|214|229|462
19|214|230|463
19|214|231|464
19|214|232|465
19|215|232|466
19|215|233|467
19|215|234|468
19|215|235|469
19|216|235|470
19|216|236|471
19|216|237|472
19|216|238|473
19|216|239|474
19|216|240|475
19|216|241|476
19|216|242|477
19|216|243|478
19|216|244|479
19|217|244|480
19|217|245|481
19|218|245|482
19|218|246|483
19|218|247|484
19|218|248|485
19|218|249|486
19|218|250|487
19|218|251|488
19|218|252|489
19|218|253|490
19|218|254|491
19|218|255|492
19|218|256|493
19|218|257|494
19|218|258|495
19|218|259|496
19|219|259|497
19|219|260|498
19|220|260|499
19|220|261|500
19|221|261|501
19|221|262|502
19|222|262|503
19|222|263|504
19|223|263|505
19|223|264|506
19|224|264|507
19|224|265|508
19|225|265|509
19|225|266|510
19|226|266|511
19|226|267|512
19|227|267|513
19|227|268|514
19|228|268|515
19|228|269|516
19|229|269|517
19|229|270|518
19|230|270|519
19|230|271|520
19|231|271|521
19|231|272|522
19|232|272|523
19|232|273|524
19|233|273|525
19|233|274|526
19|234|274|527
19|234|275|528
19|235|275|529
19|235|276|530
19|236|276|531
19|236|277|532
19|237|277|533
19|237|278|534
19|238|278|535
19|238|279|536
19|239|279|537
19|239|280|538
19|240|280|539
19|240|281|540
19|240|282|541
19|240|283|542
19|241|283|543
19|241|284|544
19|242|284|545
19|242|285|546
19|243|285|547
19|243|286|548
19|243|287|549
19|243|288|550
19|244|288|551
19|244|289|552
19|245|289|553
19|245|290|554
19|245|291|555
19|245|292|556
19|246|292|557
19|246|293|558
19|247|293|559
19|247|294|560
19|248|294|561
19|248|295|562
19|249|295|563
19|249|296|564
19|250|296|565
19|250|297|566
19|250|298|567
19|250|299|568
19|251|299|569
19|251|300|570
19|252|300|571
19|252|301|572
19|253|301|573
19|253|302|574
19|254|302|575
19|254|303|576
19|255|303|577
19|255|304|578
19|256|304|579
19|256|305|580
19|257|305|581
19|257|306|582
19|258|306|583
19|258|307|584
19|259|307|585
19|260|307|586
19|261|307|587
19|261|308|588
19|262|308|589
19|262|309|590
19|263|309|591
19|263|310|592
19|264|310|593
19|264|311|594
19|265|311|595
19|265|312|596
19|266|312|597
19|266|313|598
20|266|313|599
20|267|313|600
21|267|313|601
21|267|314|602
21|268|314|603
21|268|315|604
21|268|316|605
21|268|317|606
21|269|317|607
21|269|318|608
21|269|319|609
21|269|320|610
21|270|320|611
21|270|321|612
21|270|322|613
21|271|322|614
21|271|323|615
21|271|324|616
21|271|325|617
21|271|326|618
21|272|326|619
21|272|327|620
21|272|328|621
21|272|329|622
21|272|330|623
21|272|331|624
21|272|332|625
21|272|333|626
21|272|334|627
21|272|335|628
21|272|336|629
21|272|337|630
21|273|337|631
21|273|338|632
21|273|339|633
21|274|339|634
21|274|340|635
21|275|340|636
21|275|341|637
21|275|342|638
21|275|343|639
21|275|344|640
21|276|344|641
21|276|345|642
21|277|345|643
21|277|346|644
21|278|346|645
21|278|347|646
21|279|347|647
21|279|348|648
21|280|348|649
21|280|349|650
21|281|349|651
21|281|350|652
21|282|350|653
21|282|351|654
21|283|351|655
21|283|352|656
21|284|352|657
21|284|353|658
21|285|353|659
21|285|354|660
21|286|354|661
21|286|355|662
21|287|355|663
21|287|356|664
21|288|356|665
21|288|357|666
21|289|357|667
21|289|358|668
21|290|358|669
21|290|359|670
21|291|359|671
21|291|360|672
21|292|360|673
21|292|361|674
21|293|361|675
21|293|362|676
21|294|362|677
21|294|363|678
21|295|363|679
21|295|364|680
21|296|364|681
21|296|365|682
21|297|365|683
21|297|366|684
21|297|367|685
21|298|367|686
21|299|367|687
21|299|368|688
21|300|368|689
21|300|369|690
21|301|369|691
21|301|370|692
21|301|371|693
21|301|372|694
21|302|372|695
21|302|373|696
21|303|373|697
21|303|374|698
21|304|374|699
21|304|375|700
21|304|376|701
21|305|376|702
21|306|376|703
21|306|377|704
21|307|377|705
21|307|378|706
21|308|378|707
21|308|379|708
21|309|379|709
21|310|379|710
21|311|379|711
21|311|380|712
21|312|380|713
21|312|381|714
21|313|381|715
21|313|382|716
21|314|382|717
21|314|383|718
21|315|383|719
21|315|384|720
21|316|384|721
21|316|385|722
21|317|385|723
21|317|386|724
21|318|386|725
21|318|387|726
21|319|387|727
21|319|388|728
21|320|388|729
21|320|389|730
21|321|389|731
21|321|390|732
21|322|390|733
21|322|391|734
21|323|391|735
21|323|392|736
21|324|392|737
21|324|393|738
21|325|393|739
21|325|394|740
21|326|394|741
21|326|395|742
21|327|395|743
21|327|396|744
21|328|396|745
21|328|397|746
21|329|397|747
21|329|398|748
22|329|398|749
22|330|398|750
23|330|398|751
23|331|398|752
24|331|398|753
24|332|398|754
25|332|398|755
25|333|398|756
26|333|398|757
26|334|398|758
27|334|398|759
27|335|398|760
28|335|398|761
28|336|398|762
29|336|398|763
29|337|398|764
30|337|398|765
30|338|398|766
31|338|398|767
31|339|398|768
32|339|398|769
32|340|398|770
33|340|398|771
33|341|398|772
34|341|398|773
34|342|398|774
35|342|398|775
35|343|398|776
36|343|398|777
36|344|398|778
37|344|398|779
37|345|398|780
38|345|398|781
38|346|398|782
39|346|398|783
39|347|398|784
39|348|398|785
39|348|399|786
39|349|399|787
39|349|400|788
39|350|400|789
39|350|401|790
39|351|401|791
39|351|402|792
39|352|402|793
39|352|403|794
39|353|403|795
39|353|404|796
39|354|404|797
39|354|405|798
39|355|405|799
39|355|406|800
39|356|406|801
39|356|407|802
39|357|407|803
39|357|408|804
39|358|408|805
39|358|409|806
39|359|409|807
39|359|410|808
39|360|410|809
39|360|411|810
39|361|411|811
39|361|412|812
39|362|412|813
39|362|413|814
39|363|413|815
39|363|414|816
39|364|414|817
39|364|415|818
39|365|415|819
39|365|416|820
39|366|416|821
39|366|417|822
39|367|417|823
39|367|418|824
39|368|418|825
39|368|419|826
39|369|419|827
39|369|420|828
39|370|420|829
39|370|421|830
39|371|421|831
39|371|422|832
39|372|422|833
39|372|423|834
39|373|423|835
39|373|424|836
39|374|424|837
39|374|425|838
39|375|425|839
39|375|426|840
39|376|426|841
39|376|427|842
39|377|427|843
39|377|428|844
39|378|428|845
39|378|429|846
39|379|429|847
39|379|430|848
39|380|430|849
39|380|431|850
39|381|431|851
39|382|431|852
39|383|431|853
39|383|432|854
39|384|432|855
39|385|432|856
39|385|433|857
39|386|433|858
39|387|433|859
39|387|434|860
39|387|435|861
39|387|436|862
39|387|437|863
39|388|437|864
39|389|437|865
39|389|438|866
39|390|438|867
39|390|439|868
39|390|440|869
39|390|441|870
39|390|442|871
39|390|443|872
39|391|443|873
39|391|444|874
39|392|444|875
39|392|445|876
39|393|445|877
39|393|446|878
39|393|447|879
39|393|448|880
39|394|448|881
39|394|449|882
39|394|450|883
39|394|451|884
39|395|451|885
39|395|452|886
39|395|453|887
39|395|454|888
39|395|455|889
39|395|456|890
39|395|457|891
39|395|458|892
39|396|458|893
39|396|459|894
39|397|459|895
39|397|460|896
39|398|460|897
39|398|461|898
39|399|461|899
39|400|461|900
39|401|461|901
39|401|462|902
39|402|462|903
39|402|463|904
39|403|463|905
39|403|464|906
39|404|464|907
39|404|465|908
39|405|465|909
39|405|466|910
39|406|466|911
39|406|467|912
39|407|467|913
39|407|468|914
39|408|468|915
39|408|469|916
39|409|469|917
39|409|470|918
39|410|470|919
39|410|471|920
39|411|471|921
39|412|471|922
39|413|471|923
39|414|471|924
39|415|471|925
39|415|472|926
39|416|472|927
39|416|473|928
39|417|473|929
39|417|474|930
39|418|474|931
39|418|475|932
39|419|475|933
39|419|476|934
39|420|476|935
39|420|477|936
39|421|477|937
39|421|478|938
39|422|478|939
39|422|479|940
39|423|479|941
39|423|480|942
39|424|480|943
39|424|481|944
39|425|481|945
39|425|482|946
39|426|482|947
39|426|483|948
39|427|483|949
39|427|484|950
39|427|485|951
39|427|486|952
39|428|486|953
39|428|487|954
39|429|487|955
39|429|488|956
39|430|488|957
39|430|489|958
39|431|489|959
39|431|490|960
39|431|491|961
39|431|492|962
39|431|493|963
39|431|494|964
39|432|494|965
39|432|495|966
39|433|495|967
39|433|496|968
39|434|496|969
39|434|497|970
39|435|497|971
39|435|498|972
39|436|498|973
39|436|499|974
39|437|499|975
39|437|500|976
39|438|500|977
39|438|501|978
39|439|501|979
39|439|502|980
39|440|502|981
39|440|503|982
39|441|503|983
39|441|504|984
39|442|504|985
39|442|505|986
39|443|505|987
39|443|506|988
39|444|506|989
39|444|507|990
39|445|507|991
39|445|508|992
40|445|508|993
40|445|509|994
40|446|509|995
40|447|509|996
40|448|509|997
40|448|510|998
40|449|510|999
40|449|511|1000
40|449|512|1001
40|449|513|1002
40|449|514|1003
40|449|515|1004
40|449|516|1005
40|449|517|1006
40|449|518|1007
40|449|519|1008
40|449|520|1009
40|449|521|1010
40|449|522|1011
40|450|522|1012
40|450|523|1013
40|450|524|1014
40|450|525|1015
40|451|525|1016
40|451|526|1017
40|451|527|1018
40|451|528|1019
40|452|528|1020
40|452|529|1021
40|453|529|1022
40|453|530|1023
40|454|530|1024
40|454|531|1025
40|454|532|1026
40|454|533|1027
40|454|534|1028
40|454|535|1029
40|455|535|1030
40|455|536|1031
40|455|537|1032
40|455|538|1033
40|455|539|1034
40|455|540|1035
40|456|540|1036
40|457|540|1037
40|457|541|1038
40|458|541|1039
40|458|542|1040
40|459|542|1041
40|459|543|1042
40|460|543|1043
40|460|544|1044
40|461|544|1045
40|461|545|1046
40|462|545|1047
40|462|546|1048
40|463|546|1049
40|463|547|1050
40|464|547|1051
40|464|548|1052
40|465|548|1053
40|465|549|1054
40|466|549|1055
40|466|550|1056
40|467|550|1057
40|467|551|1058
40|468|551|1059
40|468|552|1060
40|469|552|1061
40|469|553|1062
40|470|553|1063
40|470|554|1064
40|471|554|1065
40|471|555|1066
40|472|555|1067
40|473|555|1068
40|474|555|1069
40|475|555|1070
40|476|555|1071
40|476|556|1072
40|477|556|1073
40|477|557|1074
40|478|557|1075
40|478|558|1076
40|479|558|1077
40|479|559|1078
40|480|559|1079
40|480|560|1080
40|481|560|1081
40|481|561|1082
40|482|561|1083
40|482|562|1084
40|483|562|1085
40|483|563|1086
40|483|564|1087
40|483|565|1088
40|484|565|1089
40|484|566|1090
40|485|566|1091
40|485|567|1092
40|486|567|1093
40|486|568|1094
40|486|569|1095
40|486|570|1096
40|487|570|1097
40|487|571|1098
40|488|571|1099
40|488|572|1100
40|489|572|1101
40|489|573|1102
40|490|573|1103
40|490|574|1104
40|491|574|1105
40|491|575|1106
40|492|575|1107
40|492|576|1108
40|493|576|1109
40|493|577|1110
40|494|577|1111
40|494|578|1112
40|495|578|1113
40|495|579|1114
40|496|579|1115
40|496|580|1116
40|497|580|1117
40|497|581|1118
40|498|581|1119
40|498|582|1120
40|499|582|1121
40|499|583|1122
40|500|583|1123
40|500|584|1124
40|501|584|1125
40|501|585|1126
40|502|585|1127
40|502|586|1128
40|503|586|1129
40|503|587|1130
40|504|587|1131
40|504|588|1132
40|505|588|1133
40|505|589|1134
40|506|589|1135
40|506|590|1136
41|506|590|1137
41|506|591|1138
41|507|591|1139
41|508|591|1140
41|509|591|1141
41|509|592|1142
41|510|592|1143
41|510|593|1144
41|510|594|1145
41|511|594|1146
41|511|595|1147
41|511|596|1148
41|511|597|1149
41|511|598|1150
41|511|599|1151
41|512|599|1152
41|512|600|1153
41|512|601|1154
41|512|602|1155
41|512|603|1156
41|512|604|1157
41|512|605|1158
41|512|606|1159
41|512|607|1160
41|512|608|1161
41|512|609|1162
41|512|610|1163
41|513|610|1164
41|513|611|1165
41|513|612|1166
41|513|613|1167
41|513|614|1168
41|513|615|1169
41|513|616|1170
41|513|617|1171
41|513|618|1172
41|513|619|1173
41|513|620|1174
41|513|621|1175
41|513|622|1176
41|513|623|1177
41|513|624|1178
41|513|625|1179
41|513|626|1180
41|514|626|1181
41|514|627|1182
41|515|627|1183
41|515|628|1184
41|516|628|1185
41|516|629|1186
41|517|629|1187
41|517|630|1188
41|518|630|1189
41|518|631|1190
41|519|631|1191
41|519|632|1192
41|520|632|1193
41|520|633|1194
41|521|633|1195
41|521|634|1196
41|522|634|1197
41|522|635|1198
41|523|635|1199
41|523|636|1200
41|524|636|1201
41|524|637|1202
41|525|637|1203
41|525|638|1204
41|526|638|1205
41|526|639|1206
41|527|639|1207
41|527|640|1208
41|528|640|1209
41|528|641|1210
41|529|641|1211
41|529|642|1212
41|530|642|1213
41|530|643|1214
41|531|643|1215
41|531|644|1216
41|532|644|1217
41|532|645|1218
41|533|645|1219
41|533|646|1220
41|534|646|1221
41|534|647|1222
41|535|647|1223
41|535|648|1224
41|535|649|1225
41|535|650|1226
41|536|650|1227
41|536|651|1228
41|537|651|1229
41|537|652|1230
41|538|652|1231
41|538|653|1232
41|539|653|1233
41|539|654|1234
41|540|654|1235
41|540|655|1236
41|541|655|1237
41|541|656|1238
41|542|656|1239
41|542|657|1240
41|543|657|1241
41|543|658|1242
41|544|658|1243
41|544|659|1244
41|545|659|1245
41|545|660|1246
41|546|660|1247
41|546|661|1248
41|547|661|1249
41|547|662|1250
41|548|662|1251
41|548|663|1252
41|549|663|1253
41|549|664|1254
41|550|664|1255
41|550|665|1256
41|551|665|1257
41|551|666|1258
41|552|666|1259
41|552|667|1260
41|553|667|1261
41|554|667|1262
41|555|667|1263
41|555|668|1264
41|556|668|1265
41|556|669|1266
41|557|669|1267
41|557|670|1268
41|558|670|1269
41|558|671|1270
41|559|671|1271
41|559|672|1272
41|560|672|1273
41|560|673|1274
41|561|673|1275
41|561|674|1276
41|562|674|1277
41|562|675|1278
41|563|675|1279
41|563|676|1280
41|564|676|1281
41|564|677|1282
42|564|677|1283
42|564|678|1284
43|564|678|1285
43|565|678|1286
43|566|678|1287
43|566|679|1288
43|566|680|1289
43|566|681|1290
43|566|682|1291
43|566|683|1292
43|566|684|1293
43|566|685|1294
43|566|686|1295
43|566|687|1296
43|566|688|1297
43|567|688|1298
43|568|688|1299
43|568|689|1300
43|568|690|1301
43|568|691|1302
43|569|691|1303
43|569|692|1304
43|569|693|1305
43|569|694|1306
43|569|695|1307
43|569|696|1308
43|570|696|1309
43|570|697|1310
43|570|698|1311
43|570|699|1312
43|570|700|1313
43|570|701|1314
43|570|702|1315
43|570|703|1316
43|570|704|1317
43|570|705|1318
43|570|706|1319
43|570|707|1320
43|570|708|1321
43|570|709|1322
43|570|710|1323
43|570|711|1324
43|571|711|1325
43|571|712|1326
43|572|712|1327
43|572|713|1328
43|573|713|1329
43|573|714|1330
43|574|714|1331
43|574|715|1332
43|575|715|1333
43|575|716|1334
43|576|716|1335
43|576|717|1336
43|577|717|1337
43|577|718|1338
43|578|718|1339
43|578|719|1340
43|579|719|1341
43|579|720|1342
43|580|720|1343
43|580|721|1344
43|581|721|1345
43|581|722|1346
43|582|722|1347
43|582|723|1348
43|583|723|1349
43|583|724|1350
43|584|724|1351
43|584|725|1352
43|585|725|1353
43|585|726|1354
43|586|726|1355
43|586|727|1356
43|587|727|1357
43|587|728|1358
43|588|728|1359
43|588|729|1360
43|589|729|1361
43|589|730|1362
43|590|730|1363
43|590|731|1364
43|591|731|1365
43|591|732|1366
43|592|732|1367
43|592|733|1368
43|592|734|1369
43|593|734|1370
43|594|734|1371
43|594|735|1372
43|595|735|1373
43|595|736|1374
43|596|736|1375
43|596|737|1376
43|596|738|1377
43|596|739|1378
43|597|739|1379
43|597|740|1380
43|598|740|1381
43|598|741|1382
43|599|741|1383
43|599|742|1384
43|599|743|1385
43|599|744|1386
43|600|744|1387
43|600|745|1388
43|601|745|1389
43|601|746|1390
43|602|746|1391
43|602|747|1392
43|603|747|1393
43|604|747|1394
43|605|747|1395
43|605|748|1396
43|606|748|1397
43|606|749|1398
43|607|749|1399
43|607|750|1400
43|608|750|1401
43|608|751|1402
43|609|751|1403
43|609|752|1404
43|610|752|1405
43|610|753|1406
43|611|753|1407
43|611|754|1408
43|612|754|1409
43|612|755|1410
43|613|755|1411
43|613|756|1412
43|614|756|1413
43|614|757|1414
43|615|757|1415
43|615|758|1416
43|616|758|1417
43|616|759|1418
43|617|759|1419
43|617|760|1420
43|618|760|1421
43|618|761|1422
43|619|761|1423
43|619|762|1424
43|620|762|1425
43|620|763|1426
43|621|763|1427
43|621|764|1428
43|622|764|1429
43|622|765|1430
43|623|765|1431
43|623|766|1432
44|623|766|1433
44|624|766|1434
45|624|766|1435
45|625|766|1436
46|625|766|1437
46|626|766|1438
47|626|766|1439
47|627|766|1440
48|627|766|1441
48|628|766|1442
49|628|766|1443
49|629|766|1444
50|629|766|1445
50|630|766|1446
51|630|766|1447
51|631|766|1448
52|631|766|1449
52|632|766|1450
53|632|766|1451
53|633|766|1452
54|633|766|1453
54|634|766|1454
55|634|766|1455
55|635|766|1456
56|635|766|1457
56|636|766|1458
57|636|766|1459
57|637|766|1460
58|637|766|1461
58|638|766|1462
59|638|766|1463
59|639|766|1464
60|639|766|1465
60|640|766|1466
61|640|766|1467
61|641|766|1468
61|642|766|1469
61|642|767|1470
61|643|767|1471
61|643|768|1472
61|644|768|1473
61|644|769|1474
61|645|769|1475
61|645|770|1476
61|646|770|1477
61|646|771|1478
61|647|771|1479
61|647|772|1480
61|648|772|1481
61|648|773|1482
61|649|773|1483
61|649|774|1484
61|650|774|1485
61|650|775|1486
61|651|775|1487
61|651|776|1488
61|652|776|1489
61|652|777|1490
61|653|777|1491
61|653|778|1492
61|654|778|1493
61|654|779|1494
61|655|779|1495
61|655|780|1496
61|656|780|1497
61|656|781|1498
61|657|781|1499
61|657|782|1500
61|658|782|1501
61|658|783|1502
61|659|783|1503
61|659|784|1504
61|659|785|1505
61|659|786|1506
61|660|786|1507
61|660|787|1508
61|661|787|1509
61|661|788|1510
61|662|788|1511
61|662|789|1512
61|663|789|1513
61|664|789|1514
61|665|789|1515
61|665|790|1516
61|666|790|1517
61|666|791|1518
61|667|791|1519
61|667|792|1520
61|668|792|1521
61|668|793|1522
61|669|793|1523
61|669|794|1524
61|670|794|1525
61|670|795|1526
61|671|795|1527
61|671|796|1528
61|672|796|1529
61|673|796|1530
61|674|796|1531
61|674|797|1532
61|675|797|1533
61|675|798|1534
61|676|798|1535
61|677|798|1536
61|678|798|1537
61|678|799|1538
61|679|799|1539
61|680|799|1540
61|680|800|1541
61|680|801|1542
61|680|802|1543
61|680|803|1544
61|681|803|1545
61|681|804|1546
61|681|805|1547
61|682|805|1548
61|682|806|1549
61|682|807|1550
61|683|807|1551
61|683|808|1552
61|683|809|1553
61|683|810|1554
61|683|811|1555
61|684|811|1556
61|684|812|1557
61|684|813|1558
61|685|813|1559
61|685|814|1560
61|685|815|1561
61|686|815|1562
61|687|815|1563
61|687|816|1564
61|688|816|1565
61|688|817|1566
61|688|818|1567
61|689|818|1568
61|690|818|1569
61|690|819|1570
61|690|820|1571
61|690|821|1572
61|690|822|1573
61|690|823|1574
61|690|824|1575
61|690|825|1576
61|691|825|1577
61|692|825|1578
61|693|825|1579
61|693|826|1580
61|694|826|1581
61|694|827|1582
61|695|827|1583
61|695|828|1584
61|696|828|1585
61|697|828|1586
61|698|828|1587
61|698|829|1588
61|699|829|1589
61|700|829|1590
61|701|829|1591
61|702|829|1592
61|703|829|1593
61|703|830|1594
61|704|830|1595
61|704|831|1596
61|705|831|1597
61|705|832|1598
61|706|832|1599
61|707|832|1600
61|708|832|1601
61|708|833|1602
61|709|833|1603
61|709|834|1604
61|710|834|1605
61|710|835|1606
61|711|835|1607
61|711|836|1608
61|712|836|1609
61|712|837|1610
61|713|837|1611
61|713|838|1612
61|714|838|1613
61|714|839|1614
61|715|839|1615
61|715|840|1616
61|716|840|1617
61|716|841|1618
61|717|841|1619
61|717|842|1620
61|718|842|1621
61|718|843|1622
61|719|843|1623
61|719|844|1624
61|720|844|1625
61|720|845|1626
61|721|845|1627
61|721|846|1628
61|722|846|1629
61|722|847|1630
61|723|847|1631
61|723|848|1632
61|724|848|1633
61|724|849|1634
61|724|850|1635
61|724|851|1636
61|725|851|1637
61|725|852|1638
61|726|852|1639
61|726|853|1640
61|727|853|1641
61|727|854|1642
61|728|854|1643
61|728|855|1644
61|728|856|1645
61|728|857|1646
61|729|857|1647
61|729|858|1648
61|730|858|1649
61|730|859|1650
61|731|859|1651
61|731|860|1652
61|732|860|1653
61|732|861|1654
61|733|861|1655
61|733|862|1656
61|734|862|1657
61|734|863|1658
61|735|863|1659
61|735|864|1660
61|736|864|1661
61|736|865|1662
61|737|865|1663
61|737|866|1664
61|738|866|1665
61|738|867|1666
61|739|867|1667
61|739|868|1668
61|740|868|1669
61|740|869|1670
61|741|869|1671
61|741|870|1672
61|742|870|1673
61|742|871|1674
61|743|871|1675
61|743|872|1676
61|744|872|1677
61|744|873|1678
61|745|873|1679
61|745|874|1680
61|746|874|1681
61|746|875|1682
61|747|875|1683
61|747|876|1684
61|747|877|1685
61|748|877|1686
61|748|878|1687
61|748|879|1688
61|748|880|1689
61|749|880|1690
61|749|881|1691
61|749|882|1692
61|749|883|1693
61|750|883|1694
61|750|884|1695
61|750|885|1696
61|750|886|1697
61|751|886|1698
61|751|887|1699
61|751|888|1700
61|751|889|1701
61|751|890|1702
61|751|891|1703
61|752|891|1704
61|752|892|1705
61|753|892|1706
61|753|893|1707
61|754|893|1708
61|754|894|1709
61|755|894|1710
61|755|895|1711
61|756|895|1712
61|756|896|1713
61|757|896|1714
61|757|897|1715
61|757|898|1716
61|757|899|1717
61|757|900|1718
61|757|901|1719
61|758|901|1720
61|759|901|1721
61|760|901|1722
61|761|901|1723
61|762|901|1724
61|763|901|1725
61|763|902|1726
61|764|902|1727
61|764|903|1728
61|765|903|1729
61|765|904|1730
61|766|904|1731
61|766|905|1732
61|767|905|1733
61|767|906|1734
61|768|906|1735
61|769|906|1736
61|770|906|1737
61|770|907|1738
61|771|907|1739
61|771|908|1740
61|772|908|1741
61|773|908|1742
61|774|908|1743
61|774|909|1744
61|775|909|1745
61|775|910|1746
61|776|910|1747
61|776|911|1748
61|777|911|1749
61|777|912|1750
61|778|912|1751
61|778|913|1752
61|779|913|1753
61|779|914|1754
61|780|914|1755
61|780|915|1756
61|781|915|1757
61|781|916|1758
61|782|916|1759
61|782|917|1760
61|783|917|1761
61|783|918|1762
61|784|918|1763
61|784|919|1764
61|785|919|1765
61|785|920|1766
61|786|920|1767
61|786|921|1768
61|787|921|1769
61|787|922|1770
61|787|923|1771
61|787|924|1772
61|788|924|1773
61|788|925|1774
61|789|925|1775
61|789|926|1776
61|790|926|1777
61|790|927|1778
61|791|927|1779
61|791|928|1780
61|792|928|1781
61|792|929|1782
61|793|929|1783
61|793|930|1784
61|794|930|1785
61|794|931|1786
61|795|931|1787
61|795|932|1788
61|796|932|1789
61|796|933|1790
61|797|933|1791
61|797|934|1792
61|798|934|1793
61|798|935|1794
61|799|935|1795
61|800|935|1796
61|801|935|1797
61|801|936|1798
61|802|936|1799
61|802|937|1800
61|803|937|1801
61|803|938|1802
61|804|938|1803
61|804|939|1804
61|805|939|1805
61|805|940|1806
61|806|940|1807
61|806|941|1808
61|807|941|1809
61|807|942|1810
61|808|942|1811
61|808|943|1812
61|809|943|1813
61|809|944|1814
61|810|944|1815
61|810|945|1816
61|811|945|1817
61|811|946|1818
61|812|946|1819
61|812|947|1820
62|812|947|1821
62|813|947|1822
62|814|947|1823
62|815|947|1824
62|816|947|1825
62|816|948|1826
62|817|948|1827
62|817|949|1828
62|817|950|1829
62|818|950|1830
62|818|951|1831
62|819|951|1832
62|819|952|1833
62|819|953|1834
62|819|954|1835
62|819|955|1836
62|819|956|1837
62|820|956|1838
62|820|957|1839
62|820|958|1840
62|820|959|1841
62|820|960|1842
62|820|961|1843
62|821|961|1844
62|821|962|1845
62|822|962|1846
62|822|963|1847
62|823|963|1848
62|823|964|1849
62|824|964|1850
62|824|965|1851
62|824|966|1852
62|824|967|1853
62|825|967|1854
62|825|968|1855
62|825|969|1856
62|825|970|1857
62|825|971|1858
62|825|972|1859
62|825|973|1860
62|825|974|1861
62|825|975|1862
62|825|976|1863
62|825|977|1864
62|826|977|1865
62|826|978|1866
62|827|978|1867
62|827|979|1868
62|828|979|1869
62|828|980|1870
62|829|980|1871
62|829|981|1872
62|830|981|1873
62|830|982|1874
62|831|982|1875
62|831|983|1876
62|832|983|1877
62|832|984|1878
62|833|984|1879
62|833|985|1880
62|834|985|1881
62|834|986|1882
62|835|986|1883
62|835|987|1884
62|836|987|1885
62|836|988|1886
62|837|988|1887
62|837|989|1888
62|838|989|1889
62|838|990|1890
62|839|990|1891
62|839|991|1892
62|840|991|1893
62|840|992|1894
62|841|992|1895
62|841|993|1896
62|842|993|1897
62|842|994|1898
62|843|994|1899
62|843|995|1900
62|844|995|1901
62|844|996|1902
62|845|996|1903
62|845|997|1904
62|846|997|1905
62|846|998|1906
62|847|998|1907
62|847|999|1908
62|848|999|1909
62|848|1000|1910
62|849|1000|1911
62|849|1001|1912
62|850|1001|1913
62|850|1002|1914
62|851|1002|1915
62|851|1003|1916
62|851|1004|1917
62|851|1005|1918
62|852|1005|1919
62|852|1006|1920
62|853|1006|1921
62|853|1007|1922
62|853|1008|1923
62|853|1009|1924
62|854|1009|1925
62|854|1010|1926
62|855|1010|1927
62|855|1011|1928
62|856|1011|1929
62|856|1012|1930
62|857|1012|1931
62|857|1013|1932
62|858|1013|1933
62|858|1014|1934
62|859|1014|1935
62|859|1015|1936
62|860|1015|1937
62|860|1016|1938
62|861|1016|1939
62|862|1016|1940
62|863|1016|1941
62|863|1017|1942
62|864|1017|1943
62|864|1018|1944
62|865|1018|1945
62|866|1018|1946
62|867|1018|1947
62|867|1019|1948
62|868|1019|1949
62|868|1020|1950
63|868|1020|1951
63|868|1021|1952
63|869|1021|1953
63|870|1021|1954
63|871|1021|1955
63|871|1022|1956
63|872|1022|1957
63|872|1023|1958
63|873|1023|1959
63|874|1023|1960
63|875|1023|1961
63|875|1024|1962
63|876|1024|1963
63|877|1024|1964
63|878|1024|1965
63|878|1025|1966
64|878|1025|1967
64|879|1025|1968
64|880|1025|1969
64|880|1026|1970
64|881|1026|1971
64|881|1027|1972
64|882|1027|1973
64|882|1028|1974
64|882|1029|1975
64|882|1030|1976
64|883|1030|1977
64|883|1031|1978
64|884|1031|1979
64|884|1032|1980
64|884|1033|1981
64|884|1034|1982
64|885|1034|1983
64|885|1035|1984
64|885|1036|1985
64|885|1037|1986
64|885|1038|1987
64|886|1038|1988
64|886|1039|1989
64|886|1040|1990
64|886|1041|1991
64|886|1042|1992
64|886|1043|1993
64|886|1044|1994
64|886|1045|1995
64|886|1046|1996
64|887|1046|1997
64|887|1047|1998
64|888|1047|1999
64|888|1048|2000
