total
0|0|1|1
0|1|1|2
0|1|2|3
0|2|2|4
0|2|3|5
0|3|3|6
0|3|4|7
0|4|4|8
1|4|4|9
1|4|5|10
1|4|6|11
1|5|6|12
1|5|7|13
1|6|7|14
1|6|8|15
1|7|8|16
1|7|9|17
1|7|10|18
1|7|11|19
1|8|11|20
1|8|12|21
1|9|12|22
1|9|13|23
1|10|13|24
1|10|14|25
1|11|14|26
1|11|15|27
1|12|15|28
1|12|16|29
1|13|16|30
1|13|17|31
1|14|17|32
1|14|18|33
1|14|19|34
1|14|20|35
1|14|21|36
1|14|22|37
1|15|22|38
1|15|23|39
1|15|24|40
1|15|25|41
1|16|25|42
1|16|26|43
1|17|26|44
1|17|27|45
1|17|28|46
1|17|29|47
1|18|29|48
1|18|30|49
1|18|31|50
1|18|32|51
1|19|32|52
1|19|33|53
1|20|33|54
1|20|34|55
1|21|34|56
1|21|35|57
1|22|35|58
1|22|36|59
1|22|37|60
1|22|38|61
1|22|39|62
1|22|40|63
1|23|40|64
1|23|41|65
1|24|41|66
1|24|42|67
1|25|42|68
1|25|43|69
1|26|43|70
1|26|44|71
1|26|45|72
1|26|46|73
1|26|47|74
1|26|48|75
1|27|48|76
1|27|49|77
1|28|49|78
1|28|50|79
1|28|51|80
1|28|52|81
1|29|52|82
1|29|53|83
1|29|54|84
1|29|55|85
1|30|55|86
1|30|56|87
1|31|56|88
1|31|57|89
1|31|58|90
1|31|59|91
1|31|60|92
1|31|61|93
1|32|61|94
1|32|62|95
1|32|63|96
1|32|64|97
1|32|65|98
1|32|66|99
1|32|67|100
1|32|68|101
1|33|68|102
1|33|69|103
1|34|69|104
1|34|70|105
1|35|70|106
1|35|71|107
1|36|71|108
1|36|72|109
1|37|72|110
1|37|73|111
1|38|73|112
1|38|74|113
1|39|74|114
1|39|75|115
1|40|75|116
1|40|76|117
1|41|76|118
1|41|77|119
1|42|77|120
1|42|78|121
1|43|78|122
1|43|79|123
1|44|79|124
1|44|80|125
1|45|80|126
1|45|81|127
1|46|81|128
1|46|82|129
1|47|82|130
1|47|83|131
1|48|83|132
1|48|84|133
1|49|84|134
1|49|85|135
1|50|85|136
1|50|86|137
1|51|86|138
1|51|87|139
1|52|87|140
1|52|88|141
1|53|88|142
1|53|89|143
1|54|89|144
1|54|90|145
1|55|90|146
1|55|91|147
1|56|91|148
1|56|92|149
1|57|92|150
1|57|93|151
1|58|93|152
1|58|94|153
1|59|94|154
1|59|95|155
1|60|95|156
1|60|96|157
1|61|96|158
1|61|97|159
1|62|97|160
1|62|98|161
1|63|98|162
1|63|99|163
1|64|99|164
1|64|100|165
1|65|100|166
1|65|101|167
1|66|101|168
1|66|102|169
1|67|102|170
1|67|103|171
1|68|103|172
1|68|104|173
1|69|104|174
1|69|105|175
1|70|105|176
1|70|106|177
1|71|106|178
2|71|106|179
2|72|106|180
2|72|107|181
2|73|107|182
2|73|108|183
2|74|108|184
2|74|109|185
2|75|109|186
3|75|109|187
3|75|110|188
3|75|111|189
3|76|111|190
3|76|112|191
3|77|112|192
3|77|113|193
3|78|113|194
3|78|114|195
3|78|115|196
3|78|116|197
3|79|116|198
3|79|117|199
3|80|117|200
3|80|118|201
3|81|118|202
3|81|119|203
3|82|119|204
3|82|120|205
3|83|120|206
3|83|121|207
3|84|121|208
3|84|122|209
3|85|122|210
3|85|123|211
3|86|123|212
3|86|124|213
3|87|124|214
3|87|125|215
3|88|125|216
3|88|126|217
3|89|126|218
3|89|127|219
3|90|127|220
3|90|128|221
3|91|128|222
3|91|129|223
3|92|129|224
3|92|130|225
3|93|130|226
3|93|131|227
3|94|131|228
3|94|132|229
3|95|132|230
4|95|132|231
4|96|132|232
4|96|133|233
4|97|133|234
4|97|134|235
4|98|134|236
4|98|135|237
4|99|135|238
4|99|136|239
4|100|136|240
4|100|137|241
4|101|137|242
4|101|138|243
4|102|138|244
4|102|139|245
4|103|139|246
4|103|140|247
4|104|140|248
4|104|141|249
4|105|141|250
4|105|142|251
4|106|142|252
4|106|143|253
4|107|143|254
4|107|144|255
4|108|144|256
4|108|145|257
4|109|145|258
4|109|146|259
4|110|146|260
4|110|147|261
4|111|147|262
4|111|148|263
4|112|148|264
4|112|149|265
4|113|149|266
4|113|150|267
4|114|150|268
4|114|151|269
4|115|151|270
4|115|152|271
4|116|152|272
4|116|153|273
4|117|153|274
4|117|154|275
4|118|154|276
4|118|155|277
4|119|155|278
4|119|156|279
4|120|156|280
4|120|157|281
4|121|157|282
4|121|158|283
4|122|158|284
4|122|159|285
4|123|159|286
4|123|160|287
4|124|160|288
4|124|161|289
4|125|161|290
4|125|162|291
4|126|162|292
4|126|163|293
4|127|163|294
4|127|164|295
4|128|164|296
4|128|165|297
4|129|165|298
4|129|166|299
4|130|166|300
4|131|167|302
4|132|167|303
4|132|168|304
4|133|168|305
4|133|169|306
4|134|169|307
4|134|170|308
4|135|170|309
4|135|171|310
4|136|171|311
4|136|172|312
4|137|172|313
4|137|173|314
4|138|173|315
4|138|174|316
4|139|174|317
4|139|175|318
4|140|175|319
5|140|175|320
5|141|175|321
6|141|175|322
6|142|175|323
7|142|175|324
7|143|175|325
8|143|175|326
8|144|175|327
9|144|175|328
9|145|175|329
10|145|175|330
10|146|175|331
10|146|176|332
10|147|176|333
10|147|177|334
10|148|177|335
11|148|177|336
11|149|177|337
11|149|178|338
11|150|178|339
12|150|178|340
12|151|178|341
12|151|179|342
12|152|179|343
13|152|179|344
13|153|179|345
13|153|180|346
13|154|180|347
13|154|181|348
13|155|181|349
14|155|181|350
14|156|181|351
15|156|181|352
15|157|181|353
15|157|182|354
15|158|182|355
15|158|183|356
15|159|183|357
15|159|184|358
15|160|184|359
15|160|185|360
15|161|185|361
15|161|186|362
15|162|186|363
15|162|187|364
15|163|187|365
15|163|188|366
15|164|188|367
15|164|189|368
15|165|189|369
15|165|190|370
15|166|190|371
15|166|191|372
15|167|191|373
15|167|192|374
15|168|192|375
15|168|193|376
15|169|193|377
15|169|194|378
15|170|194|379
15|170|195|380
15|171|195|381
15|171|196|382
15|172|196|383
15|172|197|384
15|173|197|385
15|173|198|386
15|174|198|387
15|174|199|388
15|175|199|389
15|175|200|390
15|176|200|391
15|176|201|392
15|177|201|393
15|177|202|394
15|178|202|395
15|178|203|396
15|179|203|397
15|179|204|398
15|180|204|399
15|180|205|400
15|181|205|401
15|181|206|402
15|182|206|403
15|182|207|404
15|183|207|405
15|183|208|406
15|184|208|407
15|184|209|408
15|185|209|409
15|185|210|410
15|186|210|411
15|186|211|412
15|187|211|413
15|187|212|414
15|188|212|415
15|188|213|416
15|189|213|417
15|189|214|418
15|190|214|419
15|190|215|420
15|191|215|421
15|191|216|422
15|192|216|423
15|192|217|424
15|193|217|425
15|193|218|426
15|194|218|427
15|194|219|428
15|195|219|429
15|195|220|430
15|196|220|431
15|196|221|432
15|197|221|433
15|197|222|434
15|198|222|435
15|198|223|436
15|199|223|437
15|199|224|438
15|200|224|439
15|200|225|440
15|201|225|441
15|201|226|442
15|202|226|443
15|202|227|444
15|203|227|445
15|203|228|446
15|204|228|447
15|204|229|448
15|205|229|449
15|205|230|450
15|206|230|451
15|206|231|452
15|207|231|453
15|207|232|454
15|208|232|455
15|208|233|456
15|209|233|457
15|209|234|458
15|210|234|459
15|210|235|460
15|210|236|461
16|210|236|462
16|210|237|463
16|210|238|464
16|210|239|465
17|210|239|466
17|210|240|467
18|210|240|468
18|210|241|469
18|210|242|470
18|210|243|471
19|210|243|472
19|210|244|473
19|210|245|474
19|210|246|475
19|210|247|476
19|210|248|477
19|210|249|478
19|210|250|479
19|210|251|480
19|210|252|481
19|210|253|482
19|210|254|483
20|210|254|484
20|210|255|485
21|210|255|486
21|210|256|487
22|210|256|488
22|210|257|489
23|210|257|490
23|210|258|491
23|210|259|492
23|210|260|493
23|210|261|494
23|210|262|495
23|210|263|496
23|211|263|497
23|211|264|498
23|212|264|499
23|212|265|500
23|213|265|501
23|213|266|502
23|214|266|503
23|214|267|504
23|215|267|505
23|215|268|506
23|216|268|507
23|216|269|508
23|217|269|509
23|217|270|510
23|218|270|511
23|218|271|512
23|219|271|513
23|219|272|514
23|220|272|515
23|220|273|516
23|221|273|517
23|221|274|518
23|222|274|519
23|222|275|520
23|223|275|521
23|223|276|522
23|224|276|523
23|224|277|524
23|225|277|525
23|225|278|526
23|226|278|527
23|226|279|528
23|227|279|529
23|227|280|530
23|228|280|531
23|228|281|532
23|229|281|533
23|229|282|534
23|230|282|535
23|230|283|536
23|231|283|537
23|231|284|538
23|232|284|539
23|232|285|540
23|233|285|541
23|233|286|542
23|234|286|543
23|234|287|544
23|235|287|545
23|235|288|546
23|236|288|547
23|236|289|548
23|237|289|549
23|237|290|550
23|238|290|551
23|238|291|552
23|239|291|553
23|239|292|554
23|240|292|555
23|240|293|556
23|241|293|557
23|241|294|558
23|242|294|559
23|242|295|560
23|243|295|561
23|243|296|562
23|244|296|563
23|244|297|564
23|245|297|565
23|245|298|566
23|246|298|567
23|246|299|568
23|247|299|569
23|247|300|570
23|248|300|571
23|248|301|572
23|249|301|573
23|249|302|574
23|250|302|575
23|250|303|576
23|251|303|577
23|251|304|578
23|252|304|579
23|252|305|580
23|253|305|581
23|253|306|582
23|254|306|583
23|254|307|584
23|255|307|585
23|255|308|586
23|256|308|587
23|256|309|588
23|257|309|589
23|257|310|590
23|258|310|591
23|258|311|592
23|259|311|593
23|259|312|594
23|260|312|595
23|260|313|596
23|261|313|597
23|261|314|598
23|262|314|599
23|262|315|600
23|263|315|601
23|263|316|602
23|264|316|603
23|264|317|604
23|264|318|605
23|264|319|606
23|264|320|607
23|264|321|608
23|264|322|609
23|264|323|610
23|264|324|611
23|264|325|612
23|264|326|613
24|264|326|614
24|264|327|615
24|264|328|616
24|264|329|617
24|264|330|618
24|264|331|619
24|264|332|620
24|264|333|621
24|264|334|622
24|264|335|623
24|264|336|624
24|264|337|625
24|264|338|626
24|264|339|627
25|264|339|628
25|264|340|629
25|264|341|630
25|264|342|631
25|264|343|632
25|264|344|633
25|264|345|634
25|264|346|635
25|264|347|636
25|264|348|637
25|264|349|638
25|264|350|639
26|264|350|640
26|265|350|641
26|265|351|642
26|266|351|643
26|266|352|644
26|267|352|645
26|267|353|646
26|268|353|647
26|268|354|648
26|269|354|649
26|269|355|650
26|270|355|651
26|270|356|652
26|271|356|653
26|271|357|654
26|272|357|655
26|272|358|656
26|273|358|657
26|273|359|658
26|274|359|659
26|274|360|660
26|275|360|661
26|275|361|662
26|276|361|663
26|276|362|664
26|277|362|665
26|277|363|666
26|278|363|667
26|278|364|668
26|279|364|669
26|279|365|670
26|280|365|671
26|280|366|672
26|281|366|673
26|281|367|674
26|282|367|675
26|282|368|676
26|283|368|677
26|283|369|678
26|284|369|679
27|284|369|680
27|285|369|681
27|285|370|682
27|286|370|683
27|286|371|684
27|287|371|685
28|287|371|686
28|288|371|687
28|288|372|688
28|289|372|689
28|289|373|690
28|290|373|691
28|290|374|692
28|290|375|693
28|290|376|694
28|291|376|695
28|291|377|696
28|292|377|697
28|292|378|698
28|293|378|699
28|293|379|700
28|293|380|701
28|293|381|702
28|294|381|703
28|294|382|704
28|295|382|705
28|295|383|706
28|296|383|707
28|296|384|708
28|297|384|709
28|297|385|710
28|298|385|711
28|298|386|712
28|299|386|713
28|299|387|714
28|299|388|715
28|299|389|716
28|299|390|717
28|299|391|718
28|300|391|719
28|300|392|720
28|300|393|721
28|300|394|722
28|300|395|723
28|300|396|724
28|301|396|725
28|301|397|726
28|302|397|727
28|302|398|728
28|302|399|729
28|302|400|730
28|303|400|731
28|303|401|732
28|303|402|733
28|303|403|734
28|303|404|735
28|303|405|736
28|304|405|737
28|304|406|738
28|304|407|739
28|304|408|740
28|304|409|741
28|304|410|742
28|304|411|743
28|304|412|744
28|304|413|745
28|304|414|746
28|304|415|747
28|304|416|748
28|304|417|749
28|304|418|750
28|305|418|751
28|305|419|752
28|305|420|753
28|305|421|754
28|305|422|755
28|305|423|756
28|305|424|757
28|305|425|758
28|305|426|759
28|305|427|760
28|305|428|761
28|305|429|762
28|306|429|763
28|306|430|764
28|307|430|765
28|307|431|766
28|308|431|767
28|308|432|768
28|309|432|769
28|309|433|770
28|309|434|771
28|309|435|772
28|310|435|773
28|310|436|774
28|311|436|775
28|311|437|776
28|311|438|777
28|311|439|778
28|311|440|779
28|311|441|780
28|311|442|781
28|311|443|782
28|311|444|783
28|311|445|784
28|312|445|785
28|312|446|786
28|313|446|787
28|313|447|788
28|314|447|789
28|314|448|790
28|315|448|791
28|315|449|792
28|316|449|793
28|316|450|794
28|317|450|795
28|317|451|796
28|318|451|797
28|318|452|798
28|319|452|799
28|319|453|800
28|320|453|801
28|320|454|802
28|321|454|803
28|321|455|804
28|322|455|805
28|322|456|806
28|323|456|807
28|323|457|808
28|324|457|809
28|324|458|810
28|325|458|811
28|325|459|812
28|326|459|813
28|326|460|814
28|327|460|815
28|327|461|816
28|328|461|817
28|328|462|818
28|329|462|819
28|329|463|820
28|330|463|821
28|330|464|822
28|331|464|823
28|331|465|824
28|332|465|825
28|332|466|826
28|333|466|827
28|333|467|828
28|334|467|829
28|334|468|830
28|335|468|831
28|335|469|832
28|336|469|833
28|336|470|834
28|337|470|835
28|337|471|836
28|338|471|837
28|338|472|838
28|339|472|839
28|339|473|840
28|340|473|841
28|340|474|842
28|341|474|843
28|341|475|844
28|342|475|845
28|342|476|846
28|343|476|847
28|343|477|848
28|344|477|849
28|344|478|850
28|345|478|851
29|345|478|852
29|346|478|853
29|346|479|854
29|347|479|855
29|347|480|856
29|348|480|857
29|348|481|858
29|349|481|859
29|349|482|860
29|350|482|861
29|350|483|862
29|351|483|863
30|351|483|864
30|352|483|865
30|352|484|866
30|353|484|867
30|353|485|868
30|354|485|869
30|354|486|870
30|354|487|871
31|354|487|872
31|355|487|873
31|355|488|874
31|356|488|875
31|356|489|876
31|357|489|877
31|357|490|878
31|357|491|879
31|357|492|880
31|358|492|881
31|358|493|882
31|359|493|883
31|359|494|884
31|360|494|885
31|360|495|886
31|361|495|887
31|361|496|888
31|362|496|889
31|362|497|890
31|363|497|891
31|363|498|892
31|364|498|893
31|364|499|894
31|365|499|895
31|365|500|896
31|366|500|897
31|366|501|898
31|367|501|899
31|367|502|900
31|368|502|901
31|368|503|902
31|369|503|903
31|369|504|904
31|370|504|905
31|370|505|906
31|371|505|907
31|371|506|908
31|372|506|909
31|372|507|910
31|373|507|911
31|373|508|912
31|374|508|913
31|374|509|914
31|375|509|915
31|375|510|916
31|376|510|917
31|376|511|918
31|377|511|919
31|377|512|920
31|378|512|921
31|378|513|922
31|379|513|923
31|379|514|924
31|380|514|925
31|380|515|926
31|381|515|927
31|381|516|928
31|382|516|929
31|382|517|930
31|383|517|931
31|383|518|932
31|384|518|933
31|384|519|934
31|385|519|935
32|385|519|936
32|386|519|937
32|386|520|938
32|387|520|939
32|387|521|940
32|388|521|941
32|388|522|942
32|389|522|943
32|389|523|944
32|390|523|945
32|390|524|946
32|391|524|947
32|391|525|948
32|392|525|949
32|392|526|950
32|393|526|951
32|393|527|952
32|394|527|953
32|394|528|954
32|395|528|955
32|395|529|956
32|396|529|957
32|396|530|958
32|397|530|959
33|397|530|960
33|398|530|961
33|398|531|962
33|399|531|963
33|399|532|964
33|400|532|965
33|400|533|966
33|401|533|967
33|401|534|968
33|402|534|969
33|402|535|970
33|403|535|971
33|403|536|972
33|404|536|973
33|404|537|974
33|405|537|975
33|405|538|976
33|406|538|977
33|406|539|978
33|407|539|979
33|407|540|980
33|408|540|981
33|408|541|982
33|409|541|983
33|409|542|984
33|410|542|985
33|410|543|986
33|411|543|987
33|411|544|988
33|412|544|989
33|412|545|990
33|413|545|991
33|413|546|992
33|414|546|993
33|414|547|994
33|415|547|995
33|415|548|996
33|416|548|997
33|416|549|998
33|417|549|999
33|417|550|1000
33|418|550|1001
34|418|550|1002
34|419|550|1003
35|419|550|1004
35|420|550|1005
35|420|551|1006
35|421|551|1007
35|421|552|1008
35|422|552|1009
35|422|553|1010
35|423|553|1011
35|423|554|1012
35|424|554|1013
36|424|554|1014
36|425|554|1015
37|425|554|1016
37|426|554|1017
38|426|554|1018
38|427|554|1019
39|427|554|1020
39|428|554|1021
39|428|555|1022
39|429|555|1023
40|429|555|1024
40|430|555|1025
41|430|555|1026
41|431|555|1027
42|431|555|1028
42|432|555|1029
42|432|556|1030
42|433|556|1031
42|433|557|1032
42|434|557|1033
43|434|557|1034
43|435|557|1035
43|435|558|1036
43|436|558|1037
43|436|559|1038
43|437|559|1039
43|437|560|1040
43|438|560|1041
43|438|561|1042
43|439|561|1043
43|439|562|1044
43|440|562|1045
43|440|563|1046
43|441|563|1047
43|441|564|1048
43|442|564|1049
43|442|565|1050
43|443|565|1051
43|443|566|1052
43|444|566|1053
43|444|567|1054
43|445|567|1055
43|445|568|1056
43|446|568|1057
43|446|569|1058
43|447|569|1059
43|447|570|1060
43|448|570|1061
43|448|571|1062
43|449|571|1063
43|449|572|1064
43|450|572|1065
43|450|573|1066
43|451|573|1067
43|451|574|1068
43|452|574|1069
43|452|575|1070
43|453|575|1071
43|453|576|1072
43|454|576|1073
43|454|577|1074
43|455|577|1075
43|455|578|1076
43|456|578|1077
43|456|579|1078
43|457|579|1079
43|457|580|1080
43|458|580|1081
43|458|581|1082
43|459|581|1083
43|459|582|1084
43|460|582|1085
43|460|583|1086
43|461|583|1087
43|461|584|1088
43|462|584|1089
43|462|585|1090
43|463|585|1091
43|463|586|1092
43|464|586|1093
43|464|587|1094
43|465|587|1095
43|465|588|1096
43|466|588|1097
43|466|589|1098
43|467|589|1099
43|467|590|1100
43|468|590|1101
43|468|591|1102
43|469|591|1103
43|469|592|1104
43|470|592|1105
43|470|593|1106
43|471|593|1107
43|471|594|1108
43|472|594|1109
43|472|595|1110
43|473|595|1111
43|473|596|1112
43|474|596|1113
43|474|597|1114
43|475|597|1115
43|475|598|1116
43|476|598|1117
43|476|599|1118
43|477|599|1119
43|477|600|1120
43|478|600|1121
43|478|601|1122
43|479|601|1123
43|479|602|1124
43|480|602|1125
43|480|603|1126
43|481|603|1127
43|481|604|1128
43|482|604|1129
43|482|605|1130
43|483|605|1131
43|483|606|1132
43|484|606|1133
43|484|607|1134
43|485|607|1135
43|485|608|1136
43|486|608|1137
43|486|609|1138
43|487|609|1139
43|487|610|1140
43|488|610|1141
43|488|611|1142
43|489|611|1143
43|489|612|1144
43|489|613|1145
43|489|614|1146
43|489|615|1147
44|489|615|1148
44|489|616|1149
44|489|617|1150
44|489|618|1151
44|489|619|1152
44|489|620|1153
44|489|621|1154
44|489|622|1155
45|489|622|1156
45|489|623|1157
45|489|624|1158
45|489|625|1159
46|489|625|1160
46|489|626|1161
46|489|627|1162
46|489|628|1163
47|489|628|1164
47|489|629|1165
47|489|630|1166
47|489|631|1167
47|489|632|1168
47|489|633|1169
47|489|634|1170
47|489|635|1171
47|489|636|1172
47|489|637|1173
47|489|638|1174
47|489|639|1175
48|489|639|1176
48|489|640|1177
48|489|641|1178
48|489|642|1179
48|489|643|1180
48|490|643|1181
48|490|644|1182
48|491|644|1183
48|491|645|1184
48|492|645|1185
48|492|646|1186
48|493|646|1187
48|493|647|1188
48|494|647|1189
48|494|648|1190
48|495|648|1191
48|495|649|1192
48|496|649|1193
48|496|650|1194
48|497|650|1195
48|497|651|1196
48|498|651|1197
48|498|652|1198
48|499|652|1199
48|499|653|1200
48|500|653|1201
48|500|654|1202
48|501|654|1203
48|501|655|1204
48|502|655|1205
48|502|656|1206
48|503|656|1207
48|503|657|1208
48|504|657|1209
48|504|658|1210
48|505|658|1211
48|505|659|1212
48|506|659|1213
48|506|660|1214
48|507|660|1215
48|507|661|1216
48|508|661|1217
48|508|662|1218
48|509|662|1219
48|509|663|1220
48|510|663|1221
48|510|664|1222
48|511|664|1223
48|511|665|1224
48|512|665|1225
48|512|666|1226
48|513|666|1227
48|513|667|1228
48|514|667|1229
48|514|668|1230
48|515|668|1231
48|515|669|1232
48|516|669|1233
48|516|670|1234
48|517|670|1235
48|517|671|1236
48|518|671|1237
48|518|672|1238
48|519|672|1239
48|519|673|1240
48|520|673|1241
48|520|674|1242
48|521|674|1243
48|521|675|1244
48|522|675|1245
48|522|676|1246
48|523|676|1247
48|523|677|1248
48|524|677|1249
48|524|678|1250
48|525|678|1251
48|525|679|1252
48|526|679|1253
48|526|680|1254
48|527|680|1255
48|527|681|1256
48|528|681|1257
48|528|682|1258
48|529|682|1259
48|529|683|1260
48|530|683|1261
48|530|684|1262
48|531|684|1263
48|531|685|1264
48|532|685|1265
48|532|686|1266
48|533|686|1267
48|533|687|1268
48|534|687|1269
48|534|688|1270
48|535|688|1271
48|535|689|1272
48|536|689|1273
48|536|690|1274
48|537|690|1275
48|537|691|1276
48|538|691|1277
48|538|692|1278
48|539|692|1279
48|539|693|1280
48|540|693|1281
48|540|694|1282
48|541|694|1283
48|541|695|1284
48|542|695|1285
48|542|696|1286
48|543|696|1287
48|543|697|1288
48|543|698|1289
48|543|699|1290
48|543|700|1291
48|543|701|1292
48|543|702|1293
48|543|703|1294
48|543|704|1295
48|543|705|1296
48|543|706|1297
49|543|706|1298
49|543|707|1299
49|543|708|1300
49|543|709|1301
49|543|710|1302
49|543|711|1303
49|543|712|1304
49|543|713|1305
49|543|714|1306
49|543|715|1307
49|543|716|1308
49|543|717|1309
49|543|718|1310
49|543|719|1311
49|543|720|1312
49|543|721|1313
49|543|722|1314
49|543|723|1315
49|543|724|1316
49|543|725|1317
49|543|726|1318
49|543|727|1319
49|543|728|1320
49|543|729|1321
49|543|730|1322
49|543|731|1323
50|543|731|1324
50|544|731|1325
50|544|732|1326
50|545|732|1327
50|545|733|1328
50|546|733|1329
50|546|734|1330
50|547|734|1331
50|547|735|1332
50|548|735|1333
50|548|736|1334
50|549|736|1335
50|549|737|1336
50|550|737|1337
50|550|738|1338
50|551|738|1339
50|551|739|1340
50|552|739|1341
50|552|740|1342
50|553|740|1343
50|553|741|1344
50|554|741|1345
50|554|742|1346
50|555|742|1347
50|555|743|1348
50|556|743|1349
50|556|744|1350
50|557|744|1351
50|557|745|1352
50|558|745|1353
50|558|746|1354
50|559|746|1355
50|559|747|1356
50|560|747|1357
50|560|748|1358
50|561|748|1359
50|561|749|1360
50|562|749|1361
50|562|750|1362
50|563|750|1363
50|563|751|1364
50|564|751|1365
50|564|752|1366
50|565|752|1367
50|565|753|1368
50|566|753|1369
50|566|754|1370
50|567|754|1371
50|567|755|1372
50|568|755|1373
50|568|756|1374
50|569|756|1375
50|569|757|1376
50|569|758|1377
51|569|758|1378
51|570|758|1379
51|570|759|1380
51|571|759|1381
51|571|760|1382
51|572|760|1383
51|572|761|1384
51|572|762|1385
51|572|763|1386
51|573|763|1387
51|573|764|1388
51|574|764|1389
51|574|765|1390
51|575|765|1391
51|575|766|1392
51|575|767|1393
51|575|768|1394
51|576|768|1395
51|576|769|1396
51|577|769|1397
51|577|770|1398
51|577|771|1399
51|577|772|1400
51|577|773|1401
51|577|774|1402
51|577|775|1403
51|577|776|1404
51|578|776|1405
51|578|777|1406
51|578|778|1407
51|578|779|1408
51|579|779|1409
51|579|780|1410
51|580|780|1411
51|580|781|1412
51|580|782|1413
51|580|783|1414
51|580|784|1415
51|580|785|1416
51|581|785|1417
51|581|786|1418
51|581|787|1419
51|581|788|1420
51|582|788|1421
51|582|789|1422
51|582|790|1423
51|582|791|1424
51|582|792|1425
51|582|793|1426
51|582|794|1427
51|582|795|1428
51|582|796|1429
51|582|797|1430
51|583|797|1431
51|583|798|1432
51|583|799|1433
51|583|800|1434
51|583|801|1435
51|583|802|1436
51|584|802|1437
51|584|803|1438
51|585|803|1439
51|585|804|1440
51|585|805|1441
51|585|806|1442
51|585|807|1443
51|585|808|1444
51|585|809|1445
51|585|810|1446
51|586|810|1447
51|586|811|1448
51|586|812|1449
51|586|813|1450
51|586|814|1451
51|586|815|1452
51|587|815|1453
51|587|816|1454
51|587|817|1455
51|587|818|1456
51|588|818|1457
51|588|819|1458
51|588|820|1459
51|588|821|1460
51|589|821|1461
51|589|822|1462
51|590|822|1463
51|590|823|1464
51|590|824|1465
51|590|825|1466
51|590|826|1467
51|590|827|1468
51|591|827|1469
51|591|828|1470
51|592|828|1471
51|592|829|1472
51|593|829|1473
51|593|830|1474
51|594|830|1475
51|594|831|1476
51|595|831|1477
51|595|832|1478
51|596|832|1479
51|596|833|1480
51|597|833|1481
51|597|834|1482
51|598|834|1483
51|598|835|1484
51|599|835|1485
51|599|836|1486
51|600|836|1487
51|600|837|1488
51|601|837|1489
51|601|838|1490
51|602|838|1491
51|602|839|1492
51|603|839|1493
51|603|840|1494
51|604|840|1495
51|604|841|1496
51|605|841|1497
51|605|842|1498
51|606|842|1499
51|606|843|1500
51|607|843|1501
51|607|844|1502
51|608|844|1503
51|608|845|1504
51|609|845|1505
51|609|846|1506
51|610|846|1507
51|610|847|1508
51|611|847|1509
51|611|848|1510
51|612|848|1511
51|612|849|1512
51|613|849|1513
51|613|850|1514
51|614|850|1515
51|614|851|1516
51|615|851|1517
51|615|852|1518
51|616|852|1519
51|616|853|1520
51|617|853|1521
51|617|854|1522
51|618|854|1523
51|618|855|1524
51|619|855|1525
51|619|856|1526
51|620|856|1527
51|620|857|1528
51|621|857|1529
51|621|858|1530
51|622|858|1531
51|622|859|1532
51|623|859|1533
51|623|860|1534
51|624|860|1535
51|624|861|1536
51|625|861|1537
51|625|862|1538
51|626|862|1539
51|626|863|1540
51|627|863|1541
51|627|864|1542
51|628|864|1543
51|628|865|1544
51|629|865|1545
51|629|866|1546
51|630|866|1547
51|630|867|1548
51|631|867|1549
51|631|868|1550
51|632|868|1551
51|632|869|1552
51|633|869|1553
51|633|870|1554
51|633|871|1555
51|633|872|1556
51|634|872|1557
51|634|873|1558
51|635|873|1559
51|635|874|1560
51|636|874|1561
51|636|875|1562
51|636|876|1563
51|636|877|1564
51|637|877|1565
51|637|878|1566
51|638|878|1567
51|638|879|1568
51|639|879|1569
51|639|880|1570
51|640|880|1571
51|640|881|1572
51|641|881|1573
51|641|882|1574
51|642|882|1575
51|642|883|1576
51|643|883|1577
51|643|884|1578
51|644|884|1579
51|644|885|1580
51|645|885|1581
51|645|886|1582
51|646|886|1583
52|646|886|1584
52|647|886|1585
52|647|887|1586
52|648|887|1587
52|648|888|1588
52|649|888|1589
52|649|889|1590
52|650|889|1591
52|650|890|1592
52|651|890|1593
52|651|891|1594
52|652|891|1595
52|652|892|1596
52|653|892|1597
52|653|893|1598
52|654|893|1599
52|654|894|1600
52|655|894|1601
52|655|895|1602
52|656|895|1603
52|656|896|1604
52|657|896|1605
52|657|897|1606
52|658|897|1607
52|658|898|1608
52|659|898|1609
52|659|899|1610
52|660|899|1611
52|660|900|1612
52|661|900|1613
52|661|901|1614
52|662|901|1615
52|662|902|1616
52|663|902|1617
52|663|903|1618
52|664|903|1619
53|664|903|1620
53|665|903|1621
53|665|904|1622
53|666|904|1623
53|666|905|1624
53|667|905|1625
53|667|906|1626
53|668|906|1627
54|668|906|1628
54|669|906|1629
54|669|907|1630
54|670|907|1631
54|670|908|1632
54|671|908|1633
54|671|909|1634
54|672|909|1635
54|672|910|1636
54|673|910|1637
54|673|911|1638
54|674|911|1639
54|674|912|1640
54|675|912|1641
54|675|913|1642
54|676|913|1643
55|676|913|1644
55|677|913|1645
55|677|914|1646
55|678|914|1647
55|678|915|1648
55|679|915|1649
55|679|916|1650
55|680|916|1651
55|680|917|1652
55|681|917|1653
55|681|918|1654
55|682|918|1655
55|682|919|1656
55|683|919|1657
55|683|920|1658
55|684|920|1659
55|684|921|1660
55|685|921|1661
55|685|922|1662
55|686|922|1663
55|686|923|1664
55|687|923|1665
55|687|924|1666
55|688|924|1667
55|688|925|1668
55|689|925|1669
55|689|926|1670
55|690|926|1671
55|690|927|1672
55|691|927|1673
55|691|928|1674
55|692|928|1675
55|692|929|1676
55|693|929|1677
55|693|930|1678
55|694|930|1679
55|694|931|1680
55|695|931|1681
55|695|932|1682
55|696|932|1683
55|696|933|1684
55|697|933|1685
56|697|933|1686
56|698|933|1687
57|698|933|1688
57|699|933|1689
57|699|934|1690
57|700|934|1691
58|700|934|1692
58|701|934|1693
59|701|934|1694
59|702|934|1695
60|702|934|1696
60|703|934|1697
61|703|934|1698
61|704|934|1699
61|704|935|1700
61|705|935|1701
61|705|936|1702
61|706|936|1703
62|706|936|1704
62|707|936|1705
62|707|937|1706
62|708|937|1707
63|708|937|1708
63|709|937|1709
64|709|937|1710
64|710|937|1711
64|710|938|1712
64|711|938|1713
65|711|938|1714
65|712|938|1715
66|712|938|1716
66|713|938|1717
67|713|938|1718
67|714|938|1719
67|714|939|1720
67|715|939|1721
67|715|940|1722
67|716|940|1723
67|716|941|1724
67|717|941|1725
67|717|942|1726
67|718|942|1727
67|718|943|1728
67|719|943|1729
67|719|944|1730
67|720|944|1731
67|720|945|1732
67|721|945|1733
67|721|946|1734
67|722|946|1735
67|722|947|1736
67|723|947|1737
67|723|948|1738
67|724|948|1739
67|724|949|1740
67|725|949|1741
67|725|950|1742
67|726|950|1743
67|726|951|1744
67|727|951|1745
67|727|952|1746
67|728|952|1747
67|728|953|1748
67|729|953|1749
67|729|954|1750
67|730|954|1751
67|730|955|1752
67|731|955|1753
67|731|956|1754
67|732|956|1755
67|732|957|1756
67|733|957|1757
67|733|958|1758
67|734|958|1759
67|734|959|1760
67|735|959|1761
67|735|960|1762
67|736|960|1763
67|736|961|1764
67|737|961|1765
67|737|962|1766
67|738|962|1767
67|738|963|1768
67|739|963|1769
67|739|964|1770
67|740|964|1771
67|740|965|1772
67|741|965|1773
67|741|966|1774
67|742|966|1775
67|742|967|1776
67|743|967|1777
67|743|968|1778
67|744|968|1779
67|744|969|1780
67|745|969|1781
67|745|970|1782
67|746|970|1783
67|746|971|1784
67|747|971|1785
67|747|972|1786
67|748|972|1787
67|748|973|1788
67|749|973|1789
67|749|974|1790
67|750|974|1791
67|750|975|1792
67|751|975|1793
67|751|976|1794
67|752|976|1795
67|752|977|1796
67|753|977|1797
67|753|978|1798
67|754|978|1799
67|754|979|1800
67|755|979|1801
67|755|980|1802
67|756|980|1803
67|756|981|1804
67|757|981|1805
67|757|982|1806
67|758|982|1807
67|758|983|1808
67|759|983|1809
67|759|984|1810
67|760|984|1811
67|760|985|1812
67|761|985|1813
67|761|986|1814
67|762|986|1815
67|762|987|1816
67|763|987|1817
67|763|988|1818
67|764|988|1819
67|764|989|1820
67|765|989|1821
67|765|990|1822
67|766|990|1823
67|766|991|1824
67|767|991|1825
67|767|992|1826
67|768|992|1827
67|768|993|1828
67|768|994|1829
67|768|995|1830
67|768|996|1831
67|768|997|1832
67|768|998|1833
67|768|999|1834
67|768|1000|1835
68|768|1000|1836
68|768|1001|1837
69|768|1001|1838
69|768|1002|1839
69|768|1003|1840
69|768|1004|1841
70|768|1004|1842
70|768|1005|1843
71|768|1005|1844
71|768|1006|1845
71|768|1007|1846
71|768|1008|1847
71|768|1009|1848
71|768|1010|1849
71|768|1011|1850
71|768|1012|1851
72|768|1012|1852
72|768|1013|1853
72|768|1014|1854
72|768|1015|1855
73|768|1015|1856
73|768|1016|1857
73|768|1017|1858
73|768|1018|1859
74|768|1018|1860
74|768|1019|1861
75|768|1019|1862
75|768|1020|1863
75|768|1021|1864
75|769|1021|1865
75|769|1022|1866
75|770|1022|1867
75|770|1023|1868
75|771|1023|1869
75|771|1024|1870
75|772|1024|1871
75|772|1025|1872
75|773|1025|1873
75|773|1026|1874
75|774|1026|1875
75|774|1027|1876
75|775|1027|1877
75|775|1028|1878
75|776|1028|1879
75|776|1029|1880
75|777|1029|1881
75|777|1030|1882
75|778|1030|1883
75|778|1031|1884
75|779|1031|1885
75|779|1032|1886
75|780|1032|1887
75|780|1033|1888
75|781|1033|1889
75|781|1034|1890
75|782|1034|1891
75|782|1035|1892
75|783|1035|1893
75|783|1036|1894
75|784|1036|1895
75|784|1037|1896
75|785|1037|1897
75|785|1038|1898
75|786|1038|1899
75|786|1039|1900
75|787|1039|1901
75|787|1040|1902
75|788|1040|1903
75|788|1041|1904
75|789|1041|1905
75|789|1042|1906
75|790|1042|1907
75|790|1043|1908
75|791|1043|1909
75|791|1044|1910
75|792|1044|1911
75|792|1045|1912
75|793|1045|1913
75|793|1046|1914
75|794|1046|1915
75|794|1047|1916
75|795|1047|1917
75|795|1048|1918
75|796|1048|1919
75|796|1049|1920
75|797|1049|1921
75|797|1050|1922
75|798|1050|1923
75|798|1051|1924
75|799|1051|1925
75|799|1052|1926
75|800|1052|1927
75|800|1053|1928
75|801|1053|1929
75|801|1054|1930
75|802|1054|1931
75|802|1055|1932
75|803|1055|1933
75|803|1056|1934
75|804|1056|1935
75|804|1057|1936
75|805|1057|1937
75|805|1058|1938
75|806|1058|1939
75|806|1059|1940
75|807|1059|1941
75|807|1060|1942
75|808|1060|1943
75|808|1061|1944
75|809|1061|1945
75|809|1062|1946
75|810|1062|1947
75|810|1063|1948
75|811|1063|1949
75|811|1064|1950
75|812|1064|1951
75|812|1065|1952
75|813|1065|1953
75|813|1066|1954
75|814|1066|1955
75|814|1067|1956
75|815|1067|1957
75|815|1068|1958
75|816|1068|1959
75|816|1069|1960
75|817|1069|1961
75|817|1070|1962
75|818|1070|1963
75|818|1071|1964
75|819|1071|1965
75|819|1072|1966
75|820|1072|1967
75|820|1073|1968
75|821|1073|1969
75|821|1074|1970
75|822|1074|1971
75|822|1075|1972
75|822|1076|1973
75|822|1077|1974
75|822|1078|1975
75|822|1079|1976
75|822|1080|1977
75|822|1081|1978
75|822|1082|1979
75|822|1083|1980
75|822|1084|1981
76|822|1084|1982
76|822|1085|1983
76|822|1086|1984
76|822|1087|1985
76|822|1088|1986
76|822|1089|1987
76|822|1090|1988
76|822|1091|1989
76|822|1092|1990
76|822|1093|1991
76|822|1094|1992
76|822|1095|1993
76|822|1096|1994
76|822|1097|1995
76|822|1098|1996
76|822|1099|1997
76|822|1100|1998
76|822|1101|1999
76|822|1102|2000
