total
0|0|1|1
0|1|1|2
0|1|2|3
0|2|2|4
0|2|3|5
0|3|3|6
0|3|4|7
0|4|4|8
0|4|5|9
0|4|6|10
0|4|7|11
0|5|7|12
0|5|8|13
0|6|8|14
0|6|9|15
0|7|9|16
0|7|10|17
0|7|11|18
0|7|12|19
0|8|12|20
0|8|13|21
0|9|13|22
0|9|14|23
0|9|15|24
0|9|16|25
0|10|16|26
0|10|17|27
0|11|17|28
0|11|18|29
0|12|18|30
0|12|19|31
0|13|19|32
0|13|20|33
0|13|21|34
0|13|22|35
0|13|23|36
0|13|24|37
0|14|24|38
0|14|25|39
0|15|25|40
0|15|26|41
0|15|27|42
0|15|28|43
0|16|28|44
0|16|29|45
0|17|29|46
0|17|30|47
0|17|31|48
0|17|32|49
0|18|32|50
0|18|33|51
0|19|33|52
0|19|34|53
0|20|34|54
0|20|35|55
0|20|36|56
0|20|37|57
0|20|38|58
0|20|39|59
0|20|40|60
0|20|41|61
0|21|41|62
0|21|42|63
0|21|43|64
0|21|44|65
0|21|45|66
0|21|46|67
0|21|47|68
0|21|48|69
0|22|48|70
0|22|49|71
0|23|49|72
0|23|50|73
0|24|50|74
0|24|51|75
0|25|51|76
0|25|52|77
0|25|53|78
0|25|54|79
0|26|54|80
0|26|55|81
0|26|56|82
0|26|57|83
0|26|58|84
0|26|59|85
0|27|59|86
0|27|60|87
0|27|61|88
0|27|62|89
0|28|62|90
0|28|63|91
0|28|64|92
0|28|65|93
0|28|66|94
0|28|67|95
0|29|67|96
0|29|68|97
0|30|68|98
0|30|69|99
0|31|69|100
0|31|70|101
0|32|70|102
0|32|71|103
0|33|71|104
0|33|72|105
0|34|72|106
0|34|73|107
0|35|73|108
0|35|74|109
0|36|74|110
0|36|75|111
0|37|75|112
0|37|76|113
0|38|76|114
0|38|77|115
0|39|77|116
0|39|78|117
0|40|78|118
0|40|79|119
0|41|79|120
0|41|80|121
0|42|80|122
0|42|81|123
0|43|81|124
0|43|82|125
0|44|82|126
0|44|83|127
0|45|83|128
0|45|84|129
0|46|84|130
0|46|85|131
0|47|85|132
0|47|86|133
0|48|86|134
0|48|87|135
0|49|87|136
0|49|88|137
0|50|88|138
0|50|89|139
0|51|89|140
0|51|90|141
0|52|90|142
0|52|91|143
0|53|91|144
0|53|92|145
0|54|92|146
0|54|93|147
0|55|93|148
0|55|94|149
0|56|94|150
0|56|95|151
0|57|95|152
0|57|96|153
0|58|96|154
0|58|97|155
0|59|97|156
0|59|98|157
0|60|98|158
0|60|99|159
0|61|99|160
0|61|100|161
0|62|100|162
0|62|101|163
0|63|101|164
0|63|102|165
0|64|102|166
0|64|103|167
0|65|103|168
0|65|104|169
0|66|104|170
0|66|105|171
0|67|105|172
0|67|106|173
0|68|106|174
0|68|107|175
0|69|107|176
0|69|108|177
0|70|108|178
0|70|109|179
0|71|109|180
0|71|110|181
0|72|110|182
0|72|111|183
0|73|111|184
0|73|112|185
0|74|112|186
0|74|113|187
0|74|114|188
0|74|115|189
0|75|115|190
0|75|116|191
0|76|116|192
0|76|117|193
0|77|117|194
0|77|118|195
0|77|119|196
0|77|120|197
0|78|120|198
0|78|121|199
0|79|121|200
0|79|122|201
0|80|122|202
0|80|123|203
0|81|123|204
0|81|124|205
0|81|125|206
0|81|126|207
0|81|127|208
0|81|128|209
0|82|128|210
0|82|129|211
0|83|129|212
0|83|130|213
0|84|130|214
0|84|131|215
0|85|131|216
0|85|132|217
0|86|132|218
0|86|133|219
0|87|133|220
0|87|134|221
0|88|134|222
0|88|135|223
0|89|135|224
0|89|136|225
0|90|136|226
0|90|137|227
0|91|137|228
0|91|138|229
0|92|138|230
0|92|139|231
0|93|139|232
0|93|140|233
0|94|140|234
0|94|141|235
0|95|141|236
0|95|142|237
0|96|142|238
0|96|143|239
0|97|143|240
0|97|144|241
0|98|144|242
0|98|145|243
0|99|145|244
0|99|146|245
0|100|146|246
0|100|147|247
0|101|147|248
0|101|148|249
0|102|148|250
0|102|149|251
0|103|149|252
0|103|150|253
0|104|150|254
0|104|151|255
0|105|151|256
0|105|152|257
0|106|152|258
0|106|153|259
0|107|153|260
0|107|154|261
0|108|154|262
0|108|155|263
0|109|155|264
0|109|156|265
0|110|156|266
0|110|157|267
0|111|157|268
0|111|158|269
0|112|158|270
0|112|159|271
0|113|159|272
0|113|160|273
0|114|160|274
0|114|161|275
0|115|161|276
0|115|162|277
0|116|162|278
0|116|163|279
0|117|163|280
0|117|164|281
0|118|164|282
0|118|165|283
0|119|165|284
0|119|166|285
0|120|166|286
0|120|167|287
0|121|167|288
0|121|168|289
0|122|168|290
0|122|169|291
0|123|169|292
0|123|170|293
0|124|170|294
0|124|171|295
0|125|171|296
0|125|172|297
0|126|172|298
0|126|173|299
0|127|173|300
0|127|174|301
0|128|174|302
0|128|175|303
0|129|175|304
0|129|176|305
0|130|176|306
0|131|177|308
0|132|177|309
0|132|178|310
0|133|178|311
0|133|179|312
0|134|179|313
0|134|180|314
0|135|180|315
0|135|181|316
0|136|181|317
0|136|182|318
0|137|182|319
0|137|183|320
0|138|183|321
0|138|184|322
0|139|184|323
0|139|185|324
0|140|185|325
0|140|186|326
0|141|186|327
0|141|187|328
0|142|187|329
0|142|188|330
0|143|188|331
0|143|189|332
0|144|189|333
0|144|190|334
0|145|190|335
0|145|191|336
0|146|191|337
0|146|192|338
0|147|192|339
0|147|193|340
0|148|193|341
0|148|194|342
0|149|194|343
0|149|195|344
0|150|195|345
0|150|196|346
0|151|196|347
0|151|197|348
0|152|197|349
0|152|198|350
0|153|198|351
0|153|199|352
0|154|199|353
0|154|200|354
0|155|200|355
0|155|201|356
0|156|201|357
0|156|202|358
0|157|202|359
0|157|203|360
0|158|203|361
0|158|204|362
0|159|204|363
0|159|205|364
0|160|205|365
0|160|206|366
0|161|206|367
0|161|207|368
0|162|207|369
0|162|208|370
0|163|208|371
0|163|209|372
0|164|209|373
0|164|210|374
0|165|210|375
0|165|211|376
0|166|211|377
0|166|212|378
0|167|212|379
0|167|213|380
0|168|213|381
0|168|214|382
0|169|214|383
0|169|215|384
0|170|215|385
0|170|216|386
0|171|216|387
0|171|217|388
0|172|217|389
0|172|218|390
0|173|218|391
0|173|219|392
0|174|219|393
0|174|220|394
0|175|220|395
0|175|221|396
0|176|221|397
0|176|222|398
0|177|222|399
0|177|223|400
0|178|223|401
0|178|224|402
0|179|224|403
0|179|225|404
0|180|225|405
0|180|226|406
0|181|226|407
0|181|227|408
0|182|227|409
0|182|228|410
0|183|228|411
0|183|229|412
0|184|229|413
0|184|230|414
0|185|230|415
0|185|231|416
0|186|231|417
0|186|232|418
0|187|232|419
0|187|233|420
0|188|233|421
0|188|234|422
0|189|234|423
0|189|235|424
0|190|235|425
0|190|236|426
0|191|236|427
0|191|237|428
0|192|237|429
0|192|238|430
0|193|238|431
0|193|239|432
0|194|239|433
0|194|240|434
0|195|240|435
0|195|241|436
0|196|241|437
0|196|242|438
0|197|242|439
0|197|243|440
0|198|243|441
0|198|244|442
0|199|244|443
0|199|245|444
0|200|245|445
0|200|246|446
0|201|246|447
0|201|247|448
0|202|247|449
0|202|248|450
0|203|248|451
0|203|249|452
0|204|249|453
0|204|250|454
0|205|250|455
0|205|251|456
0|206|251|457
0|206|252|458
0|207|252|459
0|207|253|460
0|207|254|461
0|207|255|462
0|207|256|463
0|207|257|464
0|207|258|465
0|207|259|466
0|207|260|467
0|207|261|468
0|207|262|469
0|207|263|470
0|207|264|471
0|207|265|472
0|207|266|473
0|207|267|474
0|207|268|475
0|207|269|476
0|207|270|477
0|207|271|478
0|207|272|479
0|207|273|480
0|207|274|481
0|207|275|482
0|207|276|483
0|207|277|484
0|207|278|485
0|207|279|486
0|207|280|487
0|207|281|488
0|207|282|489
0|207|283|490
0|207|284|491
0|207|285|492
0|207|286|493
0|207|287|494
0|207|288|495
0|207|289|496
0|208|289|497
0|208|290|498
0|209|290|499
0|209|291|500
0|210|291|501
0|210|292|502
0|211|292|503
0|211|293|504
0|212|293|505
0|212|294|506
0|213|294|507
0|213|295|508
0|214|295|509
0|214|296|510
0|215|296|511
0|215|297|512
0|216|297|513
0|216|298|514
0|217|298|515
0|217|299|516
0|218|299|517
0|218|300|518
0|219|300|519
0|219|301|520
0|220|301|521
0|220|302|522
0|221|302|523
0|221|303|524
0|222|303|525
0|222|304|526
0|223|304|527
0|223|305|528
0|224|305|529
0|224|306|530
0|225|306|531
0|225|307|532
0|226|307|533
0|226|308|534
0|227|308|535
0|227|309|536
0|228|309|537
0|228|310|538
0|229|310|539
0|229|311|540
0|230|311|541
0|230|312|542
0|231|312|543
0|231|313|544
0|232|313|545
0|232|314|546
0|233|314|547
0|233|315|548
0|234|315|549
0|234|316|550
0|235|316|551
0|235|317|552
0|236|317|553
0|236|318|554
0|237|318|555
0|237|319|556
0|238|319|557
0|238|320|558
0|239|320|559
0|239|321|560
0|240|321|561
0|240|322|562
0|241|322|563
0|241|323|564
0|242|323|565
0|242|324|566
0|243|324|567
0|243|325|568
0|244|325|569
0|244|326|570
0|245|326|571
0|245|327|572
0|246|327|573
0|246|328|574
0|247|328|575
0|247|329|576
0|248|329|577
0|248|330|578
0|249|330|579
0|249|331|580
0|250|331|581
0|250|332|582
0|251|332|583
0|251|333|584
0|252|333|585
0|252|334|586
0|253|334|587
0|253|335|588
0|254|335|589
0|254|336|590
0|255|336|591
0|255|337|592
0|256|337|593
0|256|338|594
0|257|338|595
0|257|339|596
0|258|339|597
0|258|340|598
0|259|340|599
0|259|341|600
0|260|341|601
0|260|342|602
0|261|342|603
0|261|343|604
0|261|344|605
0|261|345|606
0|261|346|607
0|261|347|608
0|261|348|609
0|261|349|610
0|261|350|611
0|261|351|612
0|261|352|613
0|261|353|614
0|261|354|615
0|261|355|616
0|261|356|617
0|261|357|618
0|261|358|619
0|261|359|620
0|261|360|621
0|261|361|622
0|261|362|623
0|261|363|624
0|261|364|625
0|261|365|626
0|261|366|627
0|261|367|628
0|261|368|629
0|261|369|630
0|261|370|631
0|261|371|632
0|261|372|633
0|261|373|634
0|261|374|635
0|261|375|636
0|261|376|637
0|261|377|638
0|261|378|639
0|261|379|640
0|262|379|641
0|262|380|642
0|263|380|643
0|263|381|644
0|264|381|645
0|264|382|646
0|265|382|647
0|265|383|648
0|266|383|649
0|266|384|650
0|267|384|651
0|267|385|652
0|268|385|653
0|268|386|654
0|269|386|655
0|269|387|656
0|270|387|657
0|270|388|658
0|271|388|659
0|271|389|660
0|272|389|661
0|272|390|662
0|273|390|663
0|273|391|664
0|274|391|665
0|274|392|666
0|275|392|667
0|275|393|668
0|276|393|669
0|276|394|670
0|277|394|671
0|277|395|672
0|278|395|673
0|278|396|674
0|279|396|675
0|279|397|676
0|280|397|677
0|280|398|678
0|281|398|679
0|281|399|680
0|282|399|681
0|282|400|682
0|283|400|683
0|283|401|684
0|284|401|685
0|284|402|686
0|285|402|687
0|285|403|688
0|286|403|689
0|286|404|690
0|287|404|691
0|287|405|692
0|287|406|693
0|287|407|694
0|288|407|695
0|288|408|696
0|289|408|697
0|289|409|698
0|290|409|699
0|290|410|700
0|290|411|701
0|290|412|702
0|291|412|703
0|291|413|704
0|292|413|705
0|292|414|706
0|293|414|707
0|293|415|708
0|294|415|709
0|294|416|710
0|295|416|711
0|295|417|712
0|296|417|713
0|296|418|714
0|296|419|715
0|296|420|716
0|297|420|717
0|297|421|718
0|298|421|719
0|298|422|720
0|298|423|721
0|298|424|722
0|298|425|723
0|298|426|724
0|299|426|725
0|299|427|726
0|300|427|727
0|300|428|728
0|300|429|729
0|300|430|730
0|301|430|731
0|301|431|732
0|302|431|733
0|302|432|734
0|302|433|735
0|302|434|736
0|303|434|737
0|303|435|738
0|303|436|739
0|303|437|740
0|303|438|741
0|303|439|742
0|304|439|743
0|304|440|744
0|305|440|745
0|305|441|746
0|305|442|747
0|305|443|748
0|305|444|749
0|305|445|750
0|305|446|751
0|305|447|752
0|305|448|753
0|305|449|754
0|305|450|755
0|305|451|756
0|305|452|757
0|305|453|758
0|305|454|759
0|305|455|760
0|306|455|761
0|306|456|762
0|307|456|763
0|307|457|764
0|307|458|765
0|307|459|766
0|307|460|767
0|307|461|768
0|307|462|769
0|307|463|770
0|308|463|771
0|308|464|772
0|308|465|773
0|308|466|774
0|308|467|775
0|308|468|776
0|308|469|777
0|308|470|778
0|308|471|779
0|308|472|780
0|308|473|781
0|308|474|782
0|308|475|783
0|308|476|784
0|309|476|785
0|309|477|786
0|310|477|787
0|310|478|788
0|311|478|789
0|311|479|790
0|312|479|791
0|312|480|792
0|313|480|793
0|313|481|794
0|314|481|795
0|314|482|796
0|315|482|797
0|315|483|798
0|316|483|799
0|316|484|800
0|317|484|801
0|317|485|802
0|318|485|803
0|318|486|804
0|319|486|805
0|319|487|806
0|320|487|807
0|320|488|808
0|321|488|809
0|321|489|810
0|322|489|811
0|322|490|812
0|323|490|813
0|323|491|814
0|324|491|815
0|324|492|816
0|325|492|817
0|325|493|818
0|326|493|819
0|326|494|820
0|327|494|821
0|327|495|822
0|328|495|823
0|328|496|824
0|329|496|825
0|329|497|826
0|330|497|827
0|330|498|828
0|331|498|829
0|331|499|830
0|332|499|831
0|332|500|832
0|333|500|833
0|333|501|834
0|334|501|835
0|334|502|836
0|335|502|837
0|335|503|838
0|336|503|839
0|336|504|840
0|337|504|841
0|337|505|842
0|338|505|843
0|338|506|844
0|339|506|845
0|339|507|846
0|340|507|847
0|340|508|848
0|341|508|849
0|341|509|850
0|342|509|851
0|342|510|852
0|343|510|853
0|343|511|854
0|344|511|855
0|344|512|856
0|345|512|857
0|345|513|858
0|346|513|859
0|346|514|860
0|347|514|861
0|347|515|862
0|348|515|863
0|348|516|864
0|349|516|865
0|349|517|866
0|350|517|867
0|350|518|868
0|351|518|869
0|351|519|870
0|351|520|871
0|351|521|872
0|352|521|873
0|352|522|874
0|353|522|875
0|353|523|876
0|354|523|877
0|354|524|878
0|354|525|879
0|354|526|880
0|355|526|881
0|355|527|882
0|356|527|883
0|356|528|884
0|357|528|885
0|357|529|886
0|358|529|887
0|358|530|888
0|358|531|889
0|358|532|890
0|359|532|891
0|359|533|892
0|360|533|893
0|360|534|894
0|361|534|895
0|361|535|896
0|362|535|897
0|362|536|898
0|363|536|899
0|363|537|900
0|364|537|901
0|364|538|902
0|365|538|903
0|365|539|904
0|366|539|905
0|366|540|906
0|367|540|907
0|367|541|908
0|368|541|909
0|368|542|910
0|369|542|911
0|369|543|912
0|370|543|913
0|370|544|914
0|371|544|915
0|371|545|916
0|372|545|917
0|372|546|918
0|373|546|919
0|373|547|920
0|374|547|921
0|374|548|922
0|375|548|923
0|375|549|924
0|376|549|925
0|376|550|926
0|377|550|927
0|377|551|928
0|378|551|929
0|378|552|930
0|379|552|931
0|379|553|932
0|380|553|933
0|380|554|934
0|381|554|935
0|381|555|936
0|382|555|937
0|382|556|938
0|383|556|939
0|383|557|940
0|384|557|941
0|384|558|942
0|385|558|943
0|385|559|944
0|386|559|945
0|386|560|946
0|387|560|947
0|387|561|948
0|388|561|949
0|388|562|950
0|389|562|951
0|389|563|952
0|390|563|953
0|390|564|954
0|391|564|955
0|391|565|956
0|392|565|957
0|392|566|958
0|393|566|959
0|393|567|960
0|394|567|961
0|394|568|962
0|395|568|963
0|395|569|964
0|396|569|965
0|396|570|966
0|397|570|967
0|397|571|968
0|398|571|969
0|398|572|970
0|399|572|971
0|399|573|972
0|400|573|973
0|400|574|974
0|401|574|975
0|401|575|976
0|402|575|977
0|402|576|978
0|403|576|979
0|403|577|980
0|404|577|981
0|404|578|982
0|405|578|983
0|405|579|984
0|406|579|985
0|406|580|986
0|407|580|987
0|407|581|988
0|408|581|989
0|408|582|990
0|409|582|991
0|409|583|992
0|410|583|993
0|410|584|994
0|411|584|995
0|411|585|996
0|412|585|997
0|412|586|998
0|413|586|999
0|413|587|1000
0|414|587|1001
0|414|588|1002
0|415|588|1003
0|415|589|1004
0|416|589|1005
0|416|590|1006
0|417|590|1007
0|417|591|1008
0|418|591|1009
0|418|592|1010
0|419|592|1011
0|419|593|1012
0|420|593|1013
0|420|594|1014
0|421|594|1015
0|421|595|1016
0|422|595|1017
0|422|596|1018
0|423|596|1019
0|423|597|1020
0|424|597|1021
0|424|598|1022
0|425|598|1023
0|425|599|1024
0|426|599|1025
0|426|600|1026
0|427|600|1027
0|427|601|1028
0|428|601|1029
0|428|602|1030
0|429|602|1031
0|429|603|1032
0|430|603|1033
0|430|604|1034
0|431|604|1035
0|431|605|1036
0|432|605|1037
0|432|606|1038
0|433|606|1039
0|433|607|1040
0|434|607|1041
0|434|608|1042
0|435|608|1043
0|435|609|1044
0|436|609|1045
0|436|610|1046
0|437|610|1047
0|437|611|1048
0|438|611|1049
0|438|612|1050
0|439|612|1051
0|439|613|1052
0|440|613|1053
0|440|614|1054
0|441|614|1055
0|441|615|1056
0|442|615|1057
0|442|616|1058
0|443|616|1059
0|443|617|1060
0|444|617|1061
0|444|618|1062
0|445|618|1063
0|445|619|1064
0|446|619|1065
0|446|620|1066
0|447|620|1067
0|447|621|1068
0|448|621|1069
0|448|622|1070
0|449|622|1071
0|449|623|1072
0|450|623|1073
0|450|624|1074
0|451|624|1075
0|451|625|1076
0|452|625|1077
0|452|626|1078
0|453|626|1079
0|453|627|1080
0|454|627|1081
0|454|628|1082
0|455|628|1083
0|455|629|1084
0|456|629|1085
0|456|630|1086
0|457|630|1087
0|457|631|1088
0|458|631|1089
0|458|632|1090
0|459|632|1091
0|459|633|1092
0|460|633|1093
0|460|634|1094
0|461|634|1095
0|461|635|1096
0|462|635|1097
0|462|636|1098
0|463|636|1099
0|463|637|1100
0|464|637|1101
0|464|638|1102
0|465|638|1103
0|465|639|1104
0|466|639|1105
0|466|640|1106
0|467|640|1107
0|467|641|1108
0|468|641|1109
0|468|642|1110
0|469|642|1111
0|469|643|1112
0|470|643|1113
0|470|644|1114
0|471|644|1115
0|471|645|1116
0|472|645|1117
0|472|646|1118
0|473|646|1119
0|473|647|1120
0|474|647|1121
0|474|648|1122
0|475|648|1123
0|475|649|1124
0|476|649|1125
0|476|650|1126
0|477|650|1127
0|477|651|1128
0|478|651|1129
0|478|652|1130
0|479|652|1131
0|479|653|1132
0|480|653|1133
0|480|654|1134
0|481|654|1135
0|481|655|1136
0|482|655|1137
0|482|656|1138
0|483|656|1139
0|483|657|1140
0|484|657|1141
0|484|658|1142
0|485|658|1143
0|485|659|1144
0|485|660|1145
0|485|661|1146
0|485|662|1147
0|485|663|1148
0|485|664|1149
0|485|665|1150
0|485|666|1151
0|485|667|1152
0|485|668|1153
0|485|669|1154
0|485|670|1155
0|485|671|1156
0|485|672|1157
0|485|673|1158
0|485|674|1159
0|485|675|1160
0|485|676|1161
0|485|677|1162
0|485|678|1163
0|485|679|1164
0|485|680|1165
0|485|681|1166
0|485|682|1167
0|485|683|1168
0|485|684|1169
0|485|685|1170
0|485|686|1171
0|485|687|1172
0|485|688|1173
0|485|689|1174
0|485|690|1175
0|485|691|1176
0|485|692|1177
0|485|693|1178
0|485|694|1179
0|485|695|1180
0|486|695|1181
0|486|696|1182
0|487|696|1183
0|487|697|1184
0|488|697|1185
0|488|698|1186
0|489|698|1187
0|489|699|1188
0|490|699|1189
0|490|700|1190
0|491|700|1191
0|491|701|1192
0|492|701|1193
0|492|702|1194
0|493|702|1195
0|493|703|1196
0|494|703|1197
0|494|704|1198
0|495|704|1199
0|495|705|1200
0|496|705|1201
0|496|706|1202
0|497|706|1203
0|497|707|1204
0|498|707|1205
0|498|708|1206
0|499|708|1207
0|499|709|1208
0|500|709|1209
0|500|710|1210
0|501|710|1211
0|501|711|1212
0|502|711|1213
0|502|712|1214
0|503|712|1215
0|503|713|1216
0|504|713|1217
0|504|714|1218
0|505|714|1219
0|505|715|1220
0|506|715|1221
0|506|716|1222
0|507|716|1223
0|507|717|1224
0|508|717|1225
0|508|718|1226
0|509|718|1227
0|509|719|1228
0|510|719|1229
0|510|720|1230
0|511|720|1231
0|511|721|1232
0|512|721|1233
0|512|722|1234
0|513|722|1235
0|513|723|1236
0|514|723|1237
0|514|724|1238
0|515|724|1239
0|515|725|1240
0|516|725|1241
0|516|726|1242
0|517|726|1243
0|517|727|1244
0|518|727|1245
0|518|728|1246
0|519|728|1247
0|519|729|1248
0|520|729|1249
0|520|730|1250
0|521|730|1251
0|521|731|1252
0|522|731|1253
0|522|732|1254
0|523|732|1255
0|523|733|1256
0|524|733|1257
0|524|734|1258
0|525|734|1259
0|525|735|1260
0|526|735|1261
0|526|736|1262
0|527|736|1263
0|527|737|1264
0|528|737|1265
0|528|738|1266
0|529|738|1267
0|529|739|1268
0|530|739|1269
0|530|740|1270
0|531|740|1271
0|531|741|1272
0|532|741|1273
0|532|742|1274
0|533|742|1275
0|533|743|1276
0|534|743|1277
0|534|744|1278
0|535|744|1279
0|535|745|1280
0|536|745|1281
0|536|746|1282
0|537|746|1283
0|537|747|1284
0|538|747|1285
0|538|748|1286
0|539|748|1287
0|539|749|1288
0|539|750|1289
0|539|751|1290
0|539|752|1291
0|539|753|1292
0|539|754|1293
0|539|755|1294
0|539|756|1295
0|539|757|1296
0|539|758|1297
0|539|759|1298
0|539|760|1299
0|539|761|1300
0|539|762|1301
0|539|763|1302
0|539|764|1303
0|539|765|1304
0|539|766|1305
0|539|767|1306
0|539|768|1307
0|539|769|1308
0|539|770|1309
0|539|771|1310
0|539|772|1311
0|539|773|1312
0|539|774|1313
0|539|775|1314
0|539|776|1315
0|539|777|1316
0|539|778|1317
0|539|779|1318
0|539|780|1319
0|539|781|1320
0|539|782|1321
0|539|783|1322
0|539|784|1323
0|539|785|1324
0|540|785|1325
0|540|786|1326
0|541|786|1327
0|541|787|1328
0|542|787|1329
0|542|788|1330
0|543|788|1331
0|543|789|1332
0|544|789|1333
0|544|790|1334
0|545|790|1335
0|545|791|1336
0|546|791|1337
0|546|792|1338
0|547|792|1339
0|547|793|1340
0|548|793|1341
0|548|794|1342
0|549|794|1343
0|549|795|1344
0|550|795|1345
0|550|796|1346
0|551|796|1347
0|551|797|1348
0|552|797|1349
0|552|798|1350
0|553|798|1351
0|553|799|1352
0|554|799|1353
0|554|800|1354
0|555|800|1355
0|555|801|1356
0|556|801|1357
0|556|802|1358
0|557|802|1359
0|557|803|1360
0|558|803|1361
0|558|804|1362
0|559|804|1363
0|559|805|1364
0|560|805|1365
0|560|806|1366
0|561|806|1367
0|561|807|1368
0|562|807|1369
0|562|808|1370
0|563|808|1371
0|563|809|1372
0|564|809|1373
0|564|810|1374
0|565|810|1375
0|565|811|1376
0|565|812|1377
0|565|813|1378
0|566|813|1379
0|566|814|1380
0|567|814|1381
0|567|815|1382
0|568|815|1383
0|568|816|1384
0|568|817|1385
0|568|818|1386
0|569|818|1387
0|569|819|1388
0|570|819|1389
0|570|820|1390
0|571|820|1391
0|571|821|1392
0|572|821|1393
0|572|822|1394
0|572|823|1395
0|572|824|1396
0|573|824|1397
0|573|825|1398
0|573|826|1399
0|573|827|1400
0|574|827|1401
0|574|828|1402
0|575|828|1403
0|575|829|1404
0|576|829|1405
0|576|830|1406
0|576|831|1407
0|576|832|1408
0|576|833|1409
0|576|834|1410
0|576|835|1411
0|576|836|1412
0|576|837|1413
0|576|838|1414
0|576|839|1415
0|576|840|1416
0|576|841|1417
0|576|842|1418
0|577|842|1419
0|577|843|1420
0|577|844|1421
0|577|845|1422
0|577|846|1423
0|577|847|1424
0|577|848|1425
0|577|849|1426
0|577|850|1427
0|577|851|1428
0|577|852|1429
0|577|853|1430
0|578|853|1431
0|578|854|1432
0|578|855|1433
0|578|856|1434
0|578|857|1435
0|578|858|1436
0|578|859|1437
0|578|860|1438
0|578|861|1439
0|578|862|1440
0|579|862|1441
0|579|863|1442
0|579|864|1443
0|579|865|1444
0|580|865|1445
0|580|866|1446
0|580|867|1447
0|580|868|1448
0|580|869|1449
0|580|870|1450
0|580|871|1451
0|580|872|1452
0|581|872|1453
0|581|873|1454
0|581|874|1455
0|581|875|1456
0|581|876|1457
0|581|877|1458
0|582|877|1459
0|582|878|1460
0|582|879|1461
0|582|880|1462
0|582|881|1463
0|582|882|1464
0|582|883|1465
0|582|884|1466
0|582|885|1467
0|582|886|1468
0|583|886|1469
0|583|887|1470
0|584|887|1471
0|584|888|1472
0|585|888|1473
0|585|889|1474
0|586|889|1475
0|586|890|1476
0|587|890|1477
0|587|891|1478
0|588|891|1479
0|588|892|1480
0|589|892|1481
0|589|893|1482
0|590|893|1483
0|590|894|1484
0|591|894|1485
0|591|895|1486
0|592|895|1487
0|592|896|1488
0|593|896|1489
0|593|897|1490
0|594|897|1491
0|594|898|1492
0|595|898|1493
0|595|899|1494
0|596|899|1495
0|596|900|1496
0|597|900|1497
0|597|901|1498
0|598|901|1499
0|598|902|1500
0|599|902|1501
0|599|903|1502
0|600|903|1503
0|600|904|1504
0|601|904|1505
0|601|905|1506
0|602|905|1507
0|602|906|1508
0|603|906|1509
0|603|907|1510
0|604|907|1511
0|604|908|1512
0|605|908|1513
0|605|909|1514
0|606|909|1515
0|606|910|1516
0|607|910|1517
0|607|911|1518
0|608|911|1519
0|608|912|1520
0|609|912|1521
0|609|913|1522
0|610|913|1523
0|610|914|1524
0|611|914|1525
0|611|915|1526
0|612|915|1527
0|612|916|1528
0|613|916|1529
0|613|917|1530
0|614|917|1531
0|614|918|1532
0|615|918|1533
0|615|919|1534
0|616|919|1535
0|616|920|1536
0|617|920|1537
0|617|921|1538
0|618|921|1539
0|618|922|1540
0|619|922|1541
0|619|923|1542
0|620|923|1543
0|620|924|1544
0|621|924|1545
0|621|925|1546
0|622|925|1547
0|622|926|1548
0|623|926|1549
0|623|927|1550
0|624|927|1551
0|624|928|1552
0|625|928|1553
0|625|929|1554
0|625|930|1555
0|625|931|1556
0|626|931|1557
0|626|932|1558
0|627|932|1559
0|627|933|1560
0|628|933|1561
0|628|934|1562
0|628|935|1563
0|628|936|1564
0|629|936|1565
0|629|937|1566
0|630|937|1567
0|630|938|1568
0|631|938|1569
0|631|939|1570
0|632|939|1571
0|632|940|1572
0|632|941|1573
0|632|942|1574
0|632|943|1575
0|632|944|1576
0|633|944|1577
0|633|945|1578
0|634|945|1579
0|634|946|1580
0|635|946|1581
0|635|947|1582
0|636|947|1583
0|636|948|1584
0|637|948|1585
0|637|949|1586
0|638|949|1587
0|638|950|1588
0|639|950|1589
0|639|951|1590
0|640|951|1591
0|640|952|1592
0|641|952|1593
0|641|953|1594
0|642|953|1595
0|642|954|1596
0|643|954|1597
0|643|955|1598
0|644|955|1599
0|644|956|1600
0|645|956|1601
0|645|957|1602
0|646|957|1603
0|646|958|1604
0|647|958|1605
0|647|959|1606
0|648|959|1607
0|648|960|1608
0|649|960|1609
0|649|961|1610
0|650|961|1611
0|650|962|1612
0|651|962|1613
0|651|963|1614
0|652|963|1615
0|652|964|1616
0|653|964|1617
0|653|965|1618
0|654|965|1619
0|654|966|1620
0|655|966|1621
0|655|967|1622
0|656|967|1623
0|656|968|1624
0|657|968|1625
0|657|969|1626
0|658|969|1627
0|658|970|1628
0|659|970|1629
0|659|971|1630
0|660|971|1631
0|660|972|1632
0|661|972|1633
0|661|973|1634
0|662|973|1635
0|662|974|1636
0|663|974|1637
0|663|975|1638
0|664|975|1639
0|664|976|1640
0|665|976|1641
0|665|977|1642
0|666|977|1643
0|666|978|1644
0|667|978|1645
0|667|979|1646
0|668|979|1647
0|668|980|1648
0|669|980|1649
0|669|981|1650
0|670|981|1651
0|670|982|1652
0|671|982|1653
0|671|983|1654
0|672|983|1655
0|672|984|1656
0|673|984|1657
0|673|985|1658
0|674|985|1659
0|674|986|1660
0|675|986|1661
0|675|987|1662
0|676|987|1663
0|676|988|1664
0|677|988|1665
0|677|989|1666
0|678|989|1667
0|678|990|1668
0|679|990|1669
0|679|991|1670
0|680|991|1671
0|680|992|1672
0|681|992|1673
0|681|993|1674
0|682|993|1675
0|682|994|1676
0|683|994|1677
0|683|995|1678
0|684|995|1679
0|684|996|1680
0|685|996|1681
0|685|997|1682
0|686|997|1683
0|686|998|1684
0|687|998|1685
0|687|999|1686
0|688|999|1687
0|688|1000|1688
0|689|1000|1689
0|689|1001|1690
0|690|1001|1691
0|690|1002|1692
0|691|1002|1693
0|691|1003|1694
0|692|1003|1695
0|692|1004|1696
0|693|1004|1697
0|693|1005|1698
0|694|1005|1699
0|694|1006|1700
0|695|1006|1701
0|695|1007|1702
0|696|1007|1703
0|696|1008|1704
0|697|1008|1705
0|697|1009|1706
0|698|1009|1707
0|698|1010|1708
0|699|1010|1709
0|699|1011|1710
0|700|1011|1711
0|700|1012|1712
0|701|1012|1713
0|701|1013|1714
0|702|1013|1715
0|702|1014|1716
0|703|1014|1717
0|703|1015|1718
0|704|1015|1719
0|704|1016|1720
0|705|1016|1721
0|705|1017|1722
0|706|1017|1723
0|706|1018|1724
0|707|1018|1725
0|707|1019|1726
0|708|1019|1727
0|708|1020|1728
0|709|1020|1729
0|709|1021|1730
0|710|1021|1731
0|710|1022|1732
0|711|1022|1733
0|711|1023|1734
0|712|1023|1735
0|712|1024|1736
0|713|1024|1737
0|713|1025|1738
0|714|1025|1739
0|714|1026|1740
0|715|1026|1741
0|715|1027|1742
0|716|1027|1743
0|716|1028|1744
0|717|1028|1745
0|717|1029|1746
0|718|1029|1747
0|718|1030|1748
0|719|1030|1749
0|719|1031|1750
0|720|1031|1751
0|720|1032|1752
0|721|1032|1753
0|721|1033|1754
0|722|1033|1755
0|722|1034|1756
0|723|1034|1757
0|723|1035|1758
0|724|1035|1759
0|724|1036|1760
0|725|1036|1761
0|725|1037|1762
0|726|1037|1763
0|726|1038|1764
0|727|1038|1765
0|727|1039|1766
0|728|1039|1767
0|728|1040|1768
0|729|1040|1769
0|729|1041|1770
0|730|1041|1771
0|730|1042|1772
0|731|1042|1773
0|731|1043|1774
0|732|1043|1775
0|732|1044|1776
0|733|1044|1777
0|733|1045|1778
0|734|1045|1779
0|734|1046|1780
0|735|1046|1781
0|735|1047|1782
0|736|1047|1783
0|736|1048|1784
0|737|1048|1785
0|737|1049|1786
0|738|1049|1787
0|738|1050|1788
0|739|1050|1789
0|739|1051|1790
0|740|1051|1791
0|740|1052|1792
0|741|1052|1793
0|741|1053|1794
0|742|1053|1795
0|742|1054|1796
0|743|1054|1797
0|743|1055|1798
0|744|1055|1799
0|744|1056|1800
0|745|1056|1801
0|745|1057|1802
0|746|1057|1803
0|746|1058|1804
0|747|1058|1805
0|747|1059|1806
0|748|1059|1807
0|748|1060|1808
0|749|1060|1809
0|749|1061|1810
0|750|1061|1811
0|750|1062|1812
0|751|1062|1813
0|751|1063|1814
0|752|1063|1815
0|752|1064|1816
0|753|1064|1817
0|753|1065|1818
0|754|1065|1819
0|754|1066|1820
0|755|1066|1821
0|755|1067|1822
0|756|1067|1823
0|756|1068|1824
0|757|1068|1825
0|757|1069|1826
0|758|1069|1827
0|758|1070|1828
0|758|1071|1829
0|758|1072|1830
0|758|1073|1831
0|758|1074|1832
0|758|1075|1833
0|758|1076|1834
0|758|1077|1835
0|758|1078|1836
0|758|1079|1837
0|758|1080|1838
0|758|1081|1839
0|758|1082|1840
0|758|1083|1841
0|758|1084|1842
0|758|1085|1843
0|758|1086|1844
0|758|1087|1845
0|758|1088|1846
0|758|1089|1847
0|758|1090|1848
0|758|1091|1849
0|758|1092|1850
0|758|1093|1851
0|758|1094|1852
0|758|1095|1853
0|758|1096|1854
0|758|1097|1855
0|758|1098|1856
0|758|1099|1857
0|758|1100|1858
0|758|1101|1859
0|758|1102|1860
0|758|1103|1861
0|758|1104|1862
0|758|1105|1863
0|758|1106|1864
0|759|1106|1865
0|759|1107|1866
0|760|1107|1867
0|760|1108|1868
0|761|1108|1869
0|761|1109|1870
0|762|1109|1871
0|762|1110|1872
0|763|1110|1873
0|763|1111|1874
0|764|1111|1875
0|764|1112|1876
0|765|1112|1877
0|765|1113|1878
0|766|1113|1879
0|766|1114|1880
0|767|1114|1881
0|767|1115|1882
0|768|1115|1883
0|768|1116|1884
0|769|1116|1885
0|769|1117|1886
0|770|1117|1887
0|770|1118|1888
0|771|1118|1889
0|771|1119|1890
0|772|1119|1891
0|772|1120|1892
0|773|1120|1893
0|773|1121|1894
0|774|1121|1895
0|774|1122|1896
0|775|1122|1897
0|775|1123|1898
0|776|1123|1899
0|776|1124|1900
0|777|1124|1901
0|777|1125|1902
0|778|1125|1903
0|778|1126|1904
0|779|1126|1905
0|779|1127|1906
0|780|1127|1907
0|780|1128|1908
0|781|1128|1909
0|781|1129|1910
0|782|1129|1911
0|782|1130|1912
0|783|1130|1913
0|783|1131|1914
0|784|1131|1915
0|784|1132|1916
0|785|1132|1917
0|785|1133|1918
0|786|1133|1919
0|786|1134|1920
0|787|1134|1921
0|787|1135|1922
0|788|1135|1923
0|788|1136|1924
0|789|1136|1925
0|789|1137|1926
0|790|1137|1927
0|790|1138|1928
0|791|1138|1929
0|791|1139|1930
0|792|1139|1931
0|792|1140|1932
0|793|1140|1933
0|793|1141|1934
0|794|1141|1935
0|794|1142|1936
0|795|1142|1937
0|795|1143|1938
0|796|1143|1939
0|796|1144|1940
0|797|1144|1941
0|797|1145|1942
0|798|1145|1943
0|798|1146|1944
0|799|1146|1945
0|799|1147|1946
0|800|1147|1947
0|800|1148|1948
0|801|1148|1949
0|801|1149|1950
0|802|1149|1951
0|802|1150|1952
0|803|1150|1953
0|803|1151|1954
0|804|1151|1955
0|804|1152|1956
0|805|1152|1957
0|805|1153|1958
0|806|1153|1959
0|806|1154|1960
0|807|1154|1961
0|807|1155|1962
0|808|1155|1963
0|808|1156|1964
0|809|1156|1965
0|809|1157|1966
0|810|1157|1967
0|810|1158|1968
0|811|1158|1969
0|811|1159|1970
0|812|1159|1971
0|812|1160|1972
0|812|1161|1973
0|812|1162|1974
0|812|1163|1975
0|812|1164|1976
0|812|1165|1977
0|812|1166|1978
0|812|1167|1979
0|812|1168|1980
0|812|1169|1981
0|812|1170|1982
0|812|1171|1983
0|812|1172|1984
0|812|1173|1985
0|812|1174|1986
0|812|1175|1987
0|812|1176|1988
0|812|1177|1989
0|812|1178|1990
0|812|1179|1991
0|812|1180|1992
0|812|1181|1993
0|812|1182|1994
0|812|1183|1995
0|812|1184|1996
0|812|1185|1997
0|812|1186|1998
0|812|1187|1999
0|812|1188|2000
