total
1|0|0|1
1|1|0|2
1|1|1|3
1|2|1|4
1|2|2|5
1|3|2|6
1|3|3|7
1|4|3|8
1|4|4|9
1|4|5|10
1|4|6|11
1|5|6|12
1|5|7|13
1|6|7|14
1|6|8|15
1|7|8|16
2|7|8|17
2|7|9|18
2|7|10|19
2|8|10|20
2|8|11|21
2|9|11|22
2|9|12|23
2|9|13|24
2|9|14|25
2|9|15|26
2|9|16|27
2|10|16|28
2|10|17|29
2|10|18|30
2|10|19|31
2|10|20|32
2|10|21|33
2|10|22|34
2|10|23|35
2|10|24|36
2|10|25|37
2|10|26|38
2|10|27|39
2|10|28|40
2|10|29|41
2|10|30|42
2|10|31|43
2|10|32|44
2|10|33|45
2|10|34|46
2|10|35|47
2|10|36|48
2|10|37|49
2|10|38|50
2|10|39|51
2|10|40|52
2|10|41|53
2|10|42|54
2|10|43|55
2|10|44|56
2|10|45|57
2|10|46|58
2|10|47|59
2|10|48|60
2|10|49|61
2|10|50|62
2|10|51|63
2|10|52|64
2|10|53|65
2|10|54|66
2|10|55|67
2|10|56|68
2|10|57|69
2|10|58|70
2|10|59|71
2|10|60|72
2|10|61|73
2|10|62|74
2|10|63|75
2|10|64|76
2|10|65|77
2|10|66|78
2|10|67|79
2|10|68|80
2|10|69|81
2|10|70|82
2|10|71|83
2|10|72|84
2|10|73|85
2|10|74|86
2|10|75|87
2|10|76|88
2|10|77|89
2|10|78|90
2|10|79|91
2|10|80|92
2|10|81|93
2|10|82|94
2|10|83|95
2|10|84|96
2|10|85|97
2|10|86|98
2|10|87|99
2|10|88|100
2|10|89|101
2|10|90|102
2|10|91|103
2|11|91|104
2|11|92|105
2|12|92|106
2|12|93|107
2|13|93|108
2|13|94|109
2|14|94|110
2|14|95|111
2|15|95|112
2|15|96|113
2|16|96|114
2|16|97|115
2|17|97|116
2|17|98|117
2|17|99|118
2|17|100|119
2|18|100|120
2|18|101|121
2|19|101|122
2|19|102|123
2|20|102|124
2|20|103|125
2|20|104|126
2|20|105|127
2|21|105|128
2|21|106|129
2|22|106|130
2|22|107|131
2|22|108|132
2|22|109|133
2|23|109|134
2|23|110|135
2|24|110|136
3|24|110|137
3|25|110|138
4|25|110|139
4|26|110|140
4|26|111|141
4|27|111|142
4|27|112|143
4|28|112|144
4|28|113|145
4|29|113|146
4|29|114|147
4|30|114|148
4|30|115|149
4|31|115|150
4|31|116|151
4|32|116|152
4|32|117|153
4|33|117|154
4|33|118|155
4|34|118|156
5|34|118|157
5|35|118|158
5|35|119|159
5|36|119|160
5|36|120|161
5|37|120|162
5|37|121|163
5|38|121|164
6|38|121|165
6|39|121|166
7|39|121|167
7|40|121|168
7|40|122|169
7|40|123|170
7|40|124|171
7|40|125|172
8|40|125|173
8|40|126|174
9|40|126|175
9|40|127|176
9|40|128|177
9|40|129|178
9|40|130|179
9|40|131|180
9|40|132|181
9|40|133|182
9|40|134|183
9|40|135|184
10|40|135|185
10|40|136|186
11|40|136|187
11|40|137|188
12|40|137|189
12|40|138|190
12|40|139|191
12|40|140|192
12|40|141|193
12|40|142|194
12|40|143|195
12|40|144|196
12|40|145|197
12|41|145|198
12|41|146|199
12|41|147|200
12|41|148|201
12|41|149|202
12|41|150|203
12|41|151|204
12|41|152|205
12|41|153|206
12|41|154|207
12|41|155|208
12|41|156|209
12|42|156|210
12|42|157|211
12|43|157|212
12|43|158|213
12|44|158|214
13|44|158|215
13|45|158|216
13|45|159|217
13|46|159|218
13|46|160|219
13|47|160|220
13|47|161|221
13|48|161|222
13|48|162|223
13|49|162|224
13|49|163|225
13|50|163|226
13|50|164|227
13|51|164|228
13|51|165|229
13|52|165|230
13|52|166|231
13|53|166|232
13|53|167|233
13|54|167|234
14|54|167|235
14|55|167|236
14|55|168|237
14|56|168|238
14|56|169|239
14|57|169|240
14|57|170|241
14|58|170|242
14|58|171|243
14|59|171|244
14|59|172|245
14|60|172|246
14|60|173|247
14|61|173|248
14|61|174|249
14|62|174|250
14|62|175|251
14|63|175|252
14|63|176|253
14|64|176|254
14|64|177|255
14|65|177|256
14|65|178|257
14|66|178|258
14|66|179|259
14|66|180|260
14|66|181|261
14|67|181|262
14|67|182|263
14|68|182|264
14|68|183|265
14|69|183|266
14|69|184|267
14|70|184|268
14|70|185|269
14|71|185|270
14|71|186|271
14|72|186|272
14|72|187|273
14|73|187|274
14|73|188|275
14|74|188|276
14|74|189|277
14|75|189|278
14|75|190|279
14|76|190|280
14|76|191|281
14|77|191|282
14|77|192|283
14|78|192|284
14|78|193|285
14|79|193|286
14|79|194|287
14|80|194|288
14|80|195|289
14|81|195|290
14|81|196|291
14|82|196|292
14|82|197|293
14|83|197|294
14|83|198|295
14|84|198|296
14|84|199|297
14|85|199|298
14|85|200|299
14|86|200|300
14|86|201|301
14|87|201|302
14|87|202|303
14|88|202|304
14|88|203|305
14|89|203|306
14|89|204|307
14|90|204|308
14|90|205|309
14|91|205|310
14|92|206|312
14|93|206|313
14|93|207|314
14|94|207|315
14|94|208|316
14|95|208|317
15|95|208|318
15|95|209|319
16|95|209|320
16|95|210|321
17|95|210|322
17|95|211|323
18|95|211|324
18|95|212|325
18|95|213|326
18|95|214|327
19|95|214|328
19|95|215|329
20|95|215|330
20|95|216|331
21|95|216|332
21|95|217|333
22|95|217|334
22|95|218|335
23|95|218|336
23|95|219|337
24|95|219|338
24|95|220|339
24|95|221|340
24|95|222|341
24|95|223|342
24|95|224|343
24|95|225|344
24|95|226|345
25|95|226|346
25|96|226|347
26|96|226|348
26|96|227|349
27|96|227|350
27|96|228|351
27|96|229|352
27|97|229|353
27|97|230|354
27|98|230|355
27|98|231|356
27|99|231|357
27|99|232|358
27|100|232|359
27|100|233|360
27|101|233|361
27|101|234|362
27|101|235|363
27|101|236|364
27|102|236|365
27|102|237|366
27|102|238|367
27|102|239|368
27|103|239|369
27|103|240|370
27|104|240|371
27|104|241|372
27|105|241|373
27|105|242|374
27|106|242|375
27|106|243|376
27|107|243|377
27|107|244|378
27|108|244|379
27|108|245|380
27|109|245|381
27|109|246|382
27|110|246|383
27|110|247|384
27|111|247|385
27|111|248|386
27|112|248|387
27|112|249|388
27|113|249|389
27|113|250|390
27|114|250|391
27|114|251|392
27|115|251|393
27|115|252|394
27|116|252|395
27|116|253|396
27|116|254|397
27|116|255|398
27|117|255|399
27|117|256|400
27|118|256|401
27|118|257|402
27|118|258|403
27|118|259|404
27|119|259|405
27|119|260|406
27|120|260|407
27|120|261|408
27|121|261|409
27|121|262|410
27|121|263|411
28|121|263|412
28|122|263|413
28|122|264|414
28|123|264|415
28|123|265|416
28|124|265|417
28|124|266|418
28|125|266|419
29|125|266|420
29|126|266|421
30|126|266|422
30|127|266|423
31|127|266|424
31|128|266|425
31|128|267|426
31|129|267|427
31|129|268|428
31|130|268|429
31|130|269|430
31|131|269|431
31|131|270|432
31|132|270|433
31|132|271|434
31|133|271|435
31|133|272|436
31|134|272|437
31|134|273|438
31|135|273|439
31|135|274|440
31|136|274|441
31|136|275|442
31|137|275|443
31|137|276|444
31|138|276|445
31|138|277|446
31|139|277|447
31|139|278|448
31|140|278|449
31|140|279|450
31|141|279|451
31|141|280|452
31|142|280|453
31|142|281|454
31|143|281|455
31|143|282|456
31|144|282|457
31|144|283|458
31|145|283|459
31|145|284|460
31|145|285|461
32|145|285|462
32|145|286|463
33|145|286|464
33|145|287|465
34|145|287|466
34|145|288|467
35|145|288|468
35|145|289|469
35|145|290|470
35|145|291|471
36|145|291|472
36|145|292|473
37|145|292|474
37|145|293|475
37|145|294|476
37|145|295|477
38|145|295|478
38|145|296|479
38|145|297|480
38|145|298|481
39|145|298|482
39|145|299|483
40|145|299|484
40|145|300|485
41|145|300|486
41|145|301|487
42|145|301|488
42|145|302|489
43|145|302|490
43|145|303|491
44|145|303|492
44|145|304|493
44|145|305|494
44|145|306|495
45|145|306|496
45|146|306|497
45|146|307|498
45|147|307|499
45|147|308|500
45|148|308|501
45|148|309|502
45|149|309|503
45|149|310|504
45|150|310|505
45|150|311|506
45|151|311|507
45|151|312|508
45|152|312|509
45|152|313|510
45|153|313|511
45|153|314|512
45|154|314|513
45|154|315|514
45|155|315|515
45|155|316|516
45|156|316|517
45|156|317|518
45|157|317|519
45|157|318|520
45|158|318|521
45|158|319|522
45|159|319|523
45|159|320|524
45|160|320|525
45|160|321|526
45|161|321|527
45|161|322|528
45|162|322|529
45|162|323|530
45|163|323|531
45|163|324|532
45|163|325|533
46|163|325|534
46|164|325|535
46|164|326|536
46|165|326|537
46|165|327|538
46|166|327|539
46|166|328|540
46|167|328|541
46|167|329|542
46|168|329|543
46|168|330|544
46|169|330|545
46|169|331|546
46|170|331|547
46|170|332|548
46|170|333|549
46|170|334|550
46|171|334|551
46|171|335|552
46|172|335|553
46|172|336|554
46|172|337|555
47|172|337|556
47|173|337|557
47|173|338|558
47|174|338|559
47|174|339|560
47|174|340|561
47|174|341|562
47|175|341|563
48|175|341|564
48|175|342|565
49|175|342|566
49|176|342|567
50|176|342|568
50|177|342|569
50|177|343|570
50|178|343|571
50|178|344|572
50|179|344|573
50|179|345|574
50|180|345|575
50|180|346|576
50|181|346|577
50|181|347|578
50|182|347|579
50|182|348|580
50|183|348|581
50|183|349|582
50|184|349|583
50|184|350|584
50|185|350|585
51|185|350|586
51|186|350|587
51|186|351|588
51|187|351|589
51|187|352|590
51|188|352|591
51|188|353|592
51|189|353|593
51|189|354|594
51|190|354|595
51|190|355|596
51|191|355|597
51|191|356|598
51|192|356|599
51|192|357|600
51|192|358|601
51|192|359|602
51|192|360|603
51|192|361|604
51|192|362|605
51|192|363|606
51|192|364|607
51|192|365|608
51|192|366|609
51|192|367|610
51|192|368|611
51|192|369|612
51|192|370|613
52|192|370|614
52|192|371|615
52|192|372|616
52|192|373|617
53|192|373|618
53|192|374|619
53|192|375|620
53|192|376|621
54|192|376|622
54|192|377|623
54|192|378|624
54|192|379|625
54|192|380|626
54|192|381|627
54|192|382|628
54|192|383|629
54|192|384|630
54|192|385|631
54|192|386|632
54|192|387|633
54|192|388|634
54|192|389|635
54|192|390|636
54|192|391|637
55|192|391|638
55|192|392|639
55|192|393|640
55|193|393|641
55|193|394|642
55|194|394|643
55|194|395|644
55|195|395|645
55|195|396|646
55|196|396|647
55|196|397|648
55|197|397|649
55|197|398|650
55|198|398|651
55|198|399|652
55|199|399|653
55|199|400|654
55|200|400|655
55|200|401|656
55|201|401|657
55|201|402|658
55|202|402|659
55|202|403|660
55|203|403|661
55|203|404|662
55|204|404|663
55|204|405|664
55|205|405|665
55|205|406|666
55|206|406|667
55|206|407|668
55|207|407|669
55|207|408|670
55|208|408|671
55|208|409|672
55|209|409|673
55|209|410|674
55|210|410|675
55|210|411|676
55|210|412|677
56|210|412|678
56|211|412|679
56|211|413|680
56|212|413|681
56|212|414|682
56|213|414|683
56|213|415|684
56|213|416|685
57|213|416|686
57|214|416|687
57|214|417|688
57|215|417|689
57|215|418|690
57|216|418|691
57|216|419|692
57|216|420|693
58|216|420|694
58|217|420|695
58|217|421|696
58|218|421|697
58|218|422|698
58|219|422|699
58|219|423|700
58|219|424|701
59|219|424|702
59|220|424|703
59|220|425|704
59|221|425|705
59|221|426|706
59|221|427|707
59|221|428|708
59|221|429|709
60|221|429|710
60|222|429|711
61|222|429|712
61|222|430|713
62|222|430|714
62|222|431|715
62|222|432|716
62|222|433|717
62|222|434|718
62|222|435|719
62|222|436|720
62|222|437|721
62|222|438|722
62|222|439|723
62|222|440|724
62|222|441|725
62|222|442|726
62|222|443|727
62|222|444|728
62|222|445|729
62|222|446|730
62|222|447|731
62|222|448|732
62|222|449|733
62|222|450|734
62|222|451|735
62|222|452|736
62|222|453|737
62|222|454|738
62|222|455|739
62|222|456|740
62|222|457|741
62|222|458|742
62|222|459|743
62|222|460|744
62|222|461|745
62|222|462|746
62|222|463|747
62|222|464|748
62|222|465|749
62|222|466|750
62|222|467|751
62|222|468|752
62|222|469|753
62|222|470|754
62|222|471|755
62|222|472|756
62|222|473|757
62|222|474|758
62|222|475|759
62|222|476|760
62|222|477|761
62|222|478|762
62|222|479|763
62|222|480|764
62|222|481|765
62|222|482|766
62|222|483|767
62|222|484|768
62|222|485|769
62|222|486|770
62|222|487|771
62|222|488|772
62|222|489|773
62|222|490|774
62|222|491|775
62|222|492|776
62|222|493|777
62|222|494|778
62|222|495|779
62|222|496|780
62|222|497|781
62|222|498|782
62|222|499|783
62|222|500|784
62|222|501|785
62|222|502|786
62|223|502|787
62|223|503|788
62|224|503|789
62|224|504|790
62|225|504|791
62|225|505|792
62|225|506|793
62|225|507|794
62|226|507|795
62|226|508|796
62|227|508|797
62|227|509|798
62|228|509|799
62|228|510|800
62|228|511|801
62|228|512|802
62|229|512|803
62|229|513|804
62|229|514|805
62|229|515|806
62|230|515|807
62|230|516|808
62|231|516|809
62|231|517|810
62|232|517|811
62|232|518|812
62|233|518|813
62|233|519|814
62|233|520|815
63|233|520|816
63|234|520|817
63|234|521|818
63|234|522|819
63|234|523|820
63|235|523|821
63|235|524|822
63|236|524|823
63|236|525|824
63|237|525|825
64|237|525|826
64|238|525|827
64|238|526|828
64|238|527|829
64|238|528|830
64|239|528|831
65|239|528|832
65|240|528|833
66|240|528|834
66|241|528|835
66|241|529|836
66|242|529|837
67|242|529|838
67|243|529|839
67|243|530|840
67|244|530|841
68|244|530|842
68|244|531|843
69|244|531|844
69|244|532|845
69|244|533|846
69|245|533|847
70|245|533|848
70|245|534|849
70|245|535|850
70|246|535|851
70|246|536|852
70|246|537|853
70|246|538|854
70|246|539|855
70|246|540|856
70|246|541|857
71|246|541|858
71|246|542|859
71|246|543|860
71|246|544|861
71|246|545|862
71|246|546|863
72|246|546|864
72|246|547|865
73|246|547|866
73|246|548|867
73|246|549|868
73|246|550|869
73|246|551|870
73|246|552|871
73|246|553|872
73|247|553|873
74|247|553|874
74|247|554|875
75|247|554|876
75|247|555|877
75|247|556|878
75|247|557|879
75|247|558|880
75|247|559|881
76|247|559|882
76|247|560|883
77|247|560|884
77|247|561|885
77|247|562|886
77|247|563|887
77|247|564|888
77|247|565|889
78|247|565|890
78|247|566|891
78|247|567|892
78|248|567|893
78|248|568|894
78|249|568|895
78|249|569|896
78|250|569|897
78|250|570|898
78|251|570|899
79|251|570|900
79|252|570|901
79|252|571|902
79|253|571|903
79|253|572|904
79|254|572|905
79|254|573|906
79|255|573|907
80|255|573|908
80|256|573|909
80|256|574|910
80|257|574|911
80|257|575|912
80|258|575|913
80|258|576|914
80|259|576|915
80|259|577|916
80|260|577|917
80|260|578|918
80|261|578|919
80|261|579|920
80|262|579|921
80|262|580|922
80|263|580|923
80|263|581|924
80|264|581|925
80|264|582|926
80|265|582|927
80|265|583|928
80|265|584|929
80|265|585|930
80|266|585|931
80|266|586|932
80|267|586|933
80|267|587|934
80|268|587|935
81|268|587|936
81|269|587|937
81|269|588|938
81|270|588|939
81|270|589|940
81|271|589|941
81|271|590|942
81|272|590|943
82|272|590|944
82|273|590|945
82|273|591|946
82|274|591|947
82|274|592|948
82|275|592|949
82|275|593|950
82|276|593|951
83|276|593|952
83|277|593|953
83|277|594|954
83|278|594|955
83|278|595|956
83|279|595|957
83|279|596|958
83|280|596|959
83|280|597|960
83|281|597|961
83|281|598|962
83|282|598|963
83|282|599|964
83|283|599|965
83|283|600|966
83|284|600|967
83|284|601|968
83|285|601|969
83|285|602|970
83|286|602|971
83|286|603|972
83|287|603|973
83|287|604|974
83|288|604|975
83|288|605|976
83|289|605|977
83|289|606|978
83|290|606|979
83|290|607|980
83|291|607|981
83|291|608|982
83|292|608|983
83|292|609|984
83|293|609|985
83|293|610|986
83|294|610|987
83|294|611|988
83|295|611|989
83|295|612|990
83|296|612|991
83|296|613|992
83|297|613|993
83|297|614|994
83|298|614|995
83|298|615|996
83|299|615|997
83|299|616|998
83|300|616|999
83|300|617|1000
83|300|618|1001
84|300|618|1002
84|301|618|1003
85|301|618|1004
85|301|619|1005
85|301|620|1006
85|301|621|1007
86|301|621|1008
86|301|622|1009
87|301|622|1010
87|301|623|1011
88|301|623|1012
88|302|623|1013
89|302|623|1014
89|302|624|1015
89|302|625|1016
89|302|626|1017
89|302|627|1018
89|303|627|1019
90|303|627|1020
90|303|628|1021
91|303|628|1022
91|303|629|1023
91|303|630|1024
91|303|631|1025
91|303|632|1026
91|303|633|1027
92|303|633|1028
92|303|634|1029
93|303|634|1030
93|303|635|1031
94|303|635|1032
94|303|636|1033
94|303|637|1034
94|303|638|1035
95|303|638|1036
95|304|638|1037
95|304|639|1038
95|305|639|1039
95|305|640|1040
95|306|640|1041
95|306|641|1042
95|307|641|1043
95|307|642|1044
95|308|642|1045
95|308|643|1046
95|309|643|1047
95|309|644|1048
95|310|644|1049
95|310|645|1050
95|310|646|1051
95|310|647|1052
95|311|647|1053
95|311|648|1054
95|312|648|1055
95|312|649|1056
95|312|650|1057
95|312|651|1058
95|313|651|1059
95|313|652|1060
95|314|652|1061
95|314|653|1062
95|315|653|1063
95|315|654|1064
95|316|654|1065
95|316|655|1066
95|317|655|1067
95|317|656|1068
95|317|657|1069
95|317|658|1070
95|318|658|1071
95|318|659|1072
95|318|660|1073
96|318|660|1074
96|319|660|1075
96|319|661|1076
96|320|661|1077
96|320|662|1078
96|321|662|1079
96|321|663|1080
96|321|664|1081
97|321|664|1082
97|322|664|1083
97|322|665|1084
97|323|665|1085
97|323|666|1086
97|324|666|1087
97|324|667|1088
97|325|667|1089
97|325|668|1090
97|326|668|1091
97|326|669|1092
97|327|669|1093
97|327|670|1094
97|328|670|1095
97|328|671|1096
97|329|671|1097
97|329|672|1098
97|330|672|1099
97|330|673|1100
97|330|674|1101
97|330|675|1102
97|331|675|1103
98|331|675|1104
98|332|675|1105
99|332|675|1106
99|332|676|1107
100|332|676|1108
100|333|676|1109
100|333|677|1110
100|334|677|1111
100|334|678|1112
100|335|678|1113
100|335|679|1114
100|336|679|1115
100|336|680|1116
100|337|680|1117
100|337|681|1118
100|338|681|1119
100|338|682|1120
100|339|682|1121
100|339|683|1122
100|340|683|1123
100|340|684|1124
100|341|684|1125
100|341|685|1126
100|342|685|1127
100|342|686|1128
100|343|686|1129
100|343|687|1130
100|344|687|1131
100|344|688|1132
100|345|688|1133
100|345|689|1134
100|346|689|1135
100|346|690|1136
100|347|690|1137
100|347|691|1138
100|348|691|1139
100|348|692|1140
100|349|692|1141
100|349|693|1142
100|350|693|1143
100|350|694|1144
100|350|695|1145
101|350|695|1146
101|350|696|1147
102|350|696|1148
102|350|697|1149
103|350|697|1150
103|350|698|1151
104|350|698|1152
104|350|699|1153
105|350|699|1154
105|350|700|1155
105|350|701|1156
105|350|702|1157
106|350|702|1158
106|350|703|1159
107|350|703|1160
107|350|704|1161
108|350|704|1162
108|350|705|1163
109|350|705|1164
109|350|706|1165
110|350|706|1166
110|350|707|1167
111|350|707|1168
111|350|708|1169
111|350|709|1170
111|350|710|1171
112|350|710|1172
112|350|711|1173
113|350|711|1174
113|350|712|1175
113|350|713|1176
113|350|714|1177
114|350|714|1178
114|350|715|1179
115|350|715|1180
115|351|715|1181
115|351|716|1182
115|352|716|1183
115|352|717|1184
115|353|717|1185
115|353|718|1186
115|354|718|1187
115|354|719|1188
115|355|719|1189
115|355|720|1190
115|356|720|1191
115|356|721|1192
115|357|721|1193
115|357|722|1194
115|358|722|1195
115|358|723|1196
115|359|723|1197
115|359|724|1198
115|360|724|1199
115|360|725|1200
115|361|725|1201
115|361|726|1202
115|362|726|1203
115|362|727|1204
115|363|727|1205
115|363|728|1206
115|364|728|1207
115|364|729|1208
115|365|729|1209
115|365|730|1210
115|366|730|1211
115|366|731|1212
115|367|731|1213
115|367|732|1214
115|368|732|1215
115|368|733|1216
115|368|734|1217
115|368|735|1218
115|369|735|1219
115|369|736|1220
115|370|736|1221
115|370|737|1222
115|371|737|1223
115|371|738|1224
115|371|739|1225
116|371|739|1226
116|372|739|1227
116|372|740|1228
116|373|740|1229
116|373|741|1230
116|374|741|1231
116|374|742|1232
116|374|743|1233
117|374|743|1234
117|375|743|1235
117|375|744|1236
117|376|744|1237
117|376|745|1238
117|377|745|1239
117|377|746|1240
117|378|746|1241
117|378|747|1242
117|379|747|1243
117|379|748|1244
117|380|748|1245
118|380|748|1246
118|381|748|1247
119|381|748|1248
119|382|748|1249
120|382|748|1250
120|383|748|1251
121|383|748|1252
121|384|748|1253
121|384|749|1254
121|385|749|1255
121|385|750|1256
121|386|750|1257
121|386|751|1258
121|387|751|1259
121|387|752|1260
121|388|752|1261
122|388|752|1262
122|389|752|1263
122|389|753|1264
122|390|753|1265
122|390|754|1266
122|391|754|1267
122|391|755|1268
122|392|755|1269
123|392|755|1270
123|393|755|1271
123|393|756|1272
123|394|756|1273
123|394|757|1274
123|395|757|1275
123|395|758|1276
123|396|758|1277
123|396|759|1278
123|397|759|1279
123|397|760|1280
123|398|760|1281
123|398|761|1282
123|399|761|1283
123|399|762|1284
123|399|763|1285
123|399|764|1286
123|399|765|1287
123|399|766|1288
123|399|767|1289
123|399|768|1290
123|399|769|1291
123|399|770|1292
123|399|771|1293
123|399|772|1294
123|399|773|1295
123|399|774|1296
123|399|775|1297
124|399|775|1298
124|399|776|1299
124|399|777|1300
124|399|778|1301
124|399|779|1302
124|399|780|1303
124|399|781|1304
124|399|782|1305
125|399|782|1306
125|399|783|1307
125|399|784|1308
125|399|785|1309
125|399|786|1310
125|399|787|1311
125|399|788|1312
125|399|789|1313
125|399|790|1314
125|399|791|1315
125|399|792|1316
125|399|793|1317
125|399|794|1318
125|399|795|1319
125|399|796|1320
125|399|797|1321
125|399|798|1322
125|399|799|1323
125|399|800|1324
125|400|800|1325
125|400|801|1326
125|401|801|1327
125|401|802|1328
125|402|802|1329
125|402|803|1330
125|403|803|1331
125|403|804|1332
125|404|804|1333
125|404|805|1334
125|405|805|1335
125|405|806|1336
125|406|806|1337
125|406|807|1338
125|407|807|1339
125|407|808|1340
125|408|808|1341
125|408|809|1342
125|409|809|1343
125|409|810|1344
125|410|810|1345
125|410|811|1346
125|411|811|1347
125|411|812|1348
125|412|812|1349
125|412|813|1350
125|413|813|1351
125|413|814|1352
125|414|814|1353
125|414|815|1354
125|415|815|1355
125|415|816|1356
125|416|816|1357
125|416|817|1358
125|417|817|1359
125|417|818|1360
125|417|819|1361
126|417|819|1362
126|418|819|1363
126|418|820|1364
126|419|820|1365
126|419|821|1366
126|420|821|1367
126|420|822|1368
126|420|823|1369
126|420|824|1370
126|421|824|1371
126|421|825|1372
126|422|825|1373
126|422|826|1374
126|423|826|1375
126|423|827|1376
126|423|828|1377
127|423|828|1378
127|424|828|1379
127|424|829|1380
127|425|829|1381
127|425|830|1382
127|426|830|1383
127|426|831|1384
127|426|832|1385
127|426|833|1386
127|427|833|1387
127|427|834|1388
127|427|835|1389
127|427|836|1390
127|428|836|1391
127|428|837|1392
127|428|838|1393
127|428|839|1394
127|429|839|1395
127|429|840|1396
127|429|841|1397
127|429|842|1398
127|429|843|1399
127|429|844|1400
127|429|845|1401
127|429|846|1402
127|429|847|1403
127|429|848|1404
127|429|849|1405
127|429|850|1406
127|429|851|1407
127|429|852|1408
127|429|853|1409
127|429|854|1410
127|429|855|1411
127|429|856|1412
127|429|857|1413
127|429|858|1414
127|429|859|1415
127|429|860|1416
127|429|861|1417
127|429|862|1418
127|429|863|1419
127|429|864|1420
127|429|865|1421
127|429|866|1422
127|429|867|1423
127|429|868|1424
127|429|869|1425
127|429|870|1426
127|429|871|1427
127|429|872|1428
127|429|873|1429
127|429|874|1430
127|429|875|1431
127|429|876|1432
127|429|877|1433
127|429|878|1434
127|429|879|1435
127|429|880|1436
127|429|881|1437
127|429|882|1438
127|429|883|1439
127|429|884|1440
127|429|885|1441
127|429|886|1442
127|429|887|1443
127|429|888|1444
127|429|889|1445
127|429|890|1446
127|429|891|1447
127|429|892|1448
127|429|893|1449
127|429|894|1450
127|429|895|1451
127|429|896|1452
127|429|897|1453
127|429|898|1454
127|429|899|1455
127|429|900|1456
127|429|901|1457
127|429|902|1458
127|429|903|1459
127|429|904|1460
127|429|905|1461
127|429|906|1462
127|429|907|1463
127|429|908|1464
127|429|909|1465
127|429|910|1466
127|429|911|1467
127|429|912|1468
127|429|913|1469
127|429|914|1470
127|430|914|1471
127|430|915|1472
127|431|915|1473
127|431|916|1474
127|432|916|1475
127|432|917|1476
127|433|917|1477
127|433|918|1478
127|434|918|1479
127|434|919|1480
127|435|919|1481
127|435|920|1482
127|436|920|1483
127|436|921|1484
127|436|922|1485
127|436|923|1486
127|437|923|1487
127|437|924|1488
127|438|924|1489
127|438|925|1490
127|439|925|1491
127|439|926|1492
127|439|927|1493
127|439|928|1494
127|440|928|1495
127|440|929|1496
127|441|929|1497
127|441|930|1498
127|442|930|1499
127|442|931|1500
127|443|931|1501
127|443|932|1502
127|443|933|1503
127|443|934|1504
127|444|934|1505
127|444|935|1506
127|445|935|1507
127|445|936|1508
127|446|936|1509
127|446|937|1510
127|447|937|1511
128|447|937|1512
128|448|937|1513
128|448|938|1514
128|448|939|1515
128|448|940|1516
128|449|940|1517
129|449|940|1518
129|450|940|1519
129|450|941|1520
129|450|942|1521
130|450|942|1522
130|451|942|1523
131|451|942|1524
131|452|942|1525
132|452|942|1526
132|453|942|1527
132|453|943|1528
132|453|944|1529
132|453|945|1530
132|454|945|1531
133|454|945|1532
133|455|945|1533
133|455|946|1534
133|455|947|1535
134|455|947|1536
134|456|947|1537
134|456|948|1538
134|456|949|1539
134|456|950|1540
134|456|951|1541
134|456|952|1542
134|456|953|1543
135|456|953|1544
135|456|954|1545
135|456|955|1546
135|456|956|1547
136|456|956|1548
136|456|957|1549
137|456|957|1550
137|457|957|1551
138|457|957|1552
138|458|957|1553
138|458|958|1554
138|458|959|1555
139|458|959|1556
139|458|960|1557
139|458|961|1558
139|458|962|1559
139|458|963|1560
139|458|964|1561
139|458|965|1562
139|458|966|1563
139|458|967|1564
139|458|968|1565
139|458|969|1566
139|459|969|1567
139|459|970|1568
139|459|971|1569
139|459|972|1570
139|460|972|1571
139|460|973|1572
139|460|974|1573
139|460|975|1574
139|460|976|1575
139|460|977|1576
139|461|977|1577
139|461|978|1578
139|462|978|1579
139|462|979|1580
139|463|979|1581
139|463|980|1582
139|464|980|1583
139|464|981|1584
139|465|981|1585
139|465|982|1586
139|466|982|1587
139|466|983|1588
139|467|983|1589
139|467|984|1590
139|468|984|1591
140|468|984|1592
140|469|984|1593
140|469|985|1594
140|470|985|1595
140|470|986|1596
140|471|986|1597
140|471|987|1598
140|472|987|1599
140|472|988|1600
140|473|988|1601
140|473|989|1602
140|474|989|1603
140|474|990|1604
140|475|990|1605
141|475|990|1606
141|476|990|1607
141|476|991|1608
141|477|991|1609
141|477|992|1610
141|478|992|1611
141|478|993|1612
141|478|994|1613
142|478|994|1614
142|479|994|1615
142|479|995|1616
142|480|995|1617
142|480|996|1618
142|480|997|1619
143|480|997|1620
143|481|997|1621
143|481|998|1622
143|482|998|1623
143|482|999|1624
143|483|999|1625
143|483|1000|1626
143|483|1001|1627
144|483|1001|1628
144|484|1001|1629
144|484|1002|1630
144|485|1002|1631
144|485|1003|1632
144|486|1003|1633
144|486|1004|1634
144|487|1004|1635
144|487|1005|1636
144|488|1005|1637
144|488|1006|1638
144|489|1006|1639
144|489|1007|1640
144|490|1007|1641
144|490|1008|1642
144|491|1008|1643
144|491|1009|1644
144|491|1010|1645
145|491|1010|1646
145|492|1010|1647
145|492|1011|1648
145|493|1011|1649
145|493|1012|1650
145|494|1012|1651
145|494|1013|1652
145|495|1013|1653
145|495|1014|1654
145|495|1015|1655
145|495|1016|1656
145|496|1016|1657
145|496|1017|1658
145|497|1017|1659
145|497|1018|1660
145|498|1018|1661
145|498|1019|1662
145|498|1020|1663
145|498|1021|1664
145|499|1021|1665
145|499|1022|1666
145|500|1022|1667
145|500|1023|1668
145|501|1023|1669
145|501|1024|1670
145|502|1024|1671
145|502|1025|1672
145|503|1025|1673
145|503|1026|1674
145|504|1026|1675
145|504|1027|1676
145|505|1027|1677
145|505|1028|1678
145|506|1028|1679
145|506|1029|1680
145|506|1030|1681
145|506|1031|1682
145|507|1031|1683
145|507|1032|1684
145|508|1032|1685
145|508|1033|1686
145|508|1034|1687
146|508|1034|1688
146|508|1035|1689
147|508|1035|1690
147|509|1035|1691
148|509|1035|1692
148|509|1036|1693
148|509|1037|1694
148|509|1038|1695
149|509|1038|1696
149|509|1039|1697
149|509|1040|1698
149|509|1041|1699
149|509|1042|1700
149|509|1043|1701
149|509|1044|1702
149|510|1044|1703
150|510|1044|1704
150|511|1044|1705
151|511|1044|1706
151|511|1045|1707
152|511|1045|1708
152|512|1045|1709
153|512|1045|1710
153|512|1046|1711
154|512|1046|1712
154|512|1047|1713
154|512|1048|1714
154|512|1049|1715
154|512|1050|1716
154|512|1051|1717
154|512|1052|1718
154|512|1053|1719
155|512|1053|1720
155|513|1053|1721
155|513|1054|1722
155|514|1054|1723
155|514|1055|1724
155|515|1055|1725
155|515|1056|1726
155|516|1056|1727
155|516|1057|1728
155|517|1057|1729
156|517|1057|1730
156|518|1057|1731
156|518|1058|1732
156|519|1058|1733
156|519|1059|1734
156|520|1059|1735
157|520|1059|1736
157|521|1059|1737
157|521|1060|1738
157|522|1060|1739
157|522|1061|1740
157|523|1061|1741
157|523|1062|1742
157|524|1062|1743
157|524|1063|1744
157|525|1063|1745
157|525|1064|1746
157|526|1064|1747
157|526|1065|1748
157|527|1065|1749
157|527|1066|1750
157|528|1066|1751
158|528|1066|1752
158|528|1067|1753
158|528|1068|1754
158|528|1069|1755
158|528|1070|1756
158|528|1071|1757
159|528|1071|1758
159|529|1071|1759
159|529|1072|1760
159|530|1072|1761
159|530|1073|1762
159|531|1073|1763
159|531|1074|1764
159|531|1075|1765
159|531|1076|1766
159|532|1076|1767
159|532|1077|1768
159|533|1077|1769
159|533|1078|1770
159|533|1079|1771
159|533|1080|1772
159|534|1080|1773
159|534|1081|1774
159|535|1081|1775
159|535|1082|1776
159|536|1082|1777
159|536|1083|1778
159|537|1083|1779
159|537|1084|1780
159|538|1084|1781
159|538|1085|1782
159|539|1085|1783
159|539|1086|1784
159|540|1086|1785
159|540|1087|1786
159|541|1087|1787
160|541|1087|1788
160|542|1087|1789
161|542|1087|1790
161|542|1088|1791
162|542|1088|1792
162|543|1088|1793
162|543|1089|1794
162|544|1089|1795
162|544|1090|1796
162|545|1090|1797
162|545|1091|1798
162|546|1091|1799
162|546|1092|1800
162|547|1092|1801
162|547|1093|1802
162|548|1093|1803
162|548|1094|1804
162|549|1094|1805
162|549|1095|1806
162|550|1095|1807
162|550|1096|1808
162|551|1096|1809
162|551|1097|1810
162|552|1097|1811
162|552|1098|1812
162|553|1098|1813
162|553|1099|1814
162|554|1099|1815
162|554|1100|1816
162|555|1100|1817
162|555|1101|1818
162|556|1101|1819
162|556|1102|1820
162|557|1102|1821
162|557|1103|1822
162|558|1103|1823
162|558|1104|1824
162|559|1104|1825
162|559|1105|1826
162|560|1105|1827
162|560|1106|1828
162|560|1107|1829
163|560|1107|1830
163|560|1108|1831
164|560|1108|1832
164|560|1109|1833
165|560|1109|1834
165|560|1110|1835
166|560|1110|1836
166|560|1111|1837
167|560|1111|1838
167|560|1112|1839
168|560|1112|1840
168|560|1113|1841
168|560|1114|1842
168|560|1115|1843
169|560|1115|1844
169|560|1116|1845
169|560|1117|1846
169|560|1118|1847
169|560|1119|1848
169|560|1120|1849
170|560|1120|1850
170|560|1121|1851
171|560|1121|1852
171|560|1122|1853
172|560|1122|1854
172|560|1123|1855
173|560|1123|1856
173|560|1124|1857
174|560|1124|1858
174|560|1125|1859
175|560|1125|1860
175|560|1126|1861
176|560|1126|1862
176|560|1127|1863
177|560|1127|1864
177|561|1127|1865
177|561|1128|1866
177|562|1128|1867
177|562|1129|1868
177|563|1129|1869
177|563|1130|1870
177|564|1130|1871
177|564|1131|1872
177|565|1131|1873
177|565|1132|1874
177|566|1132|1875
177|566|1133|1876
177|567|1133|1877
177|567|1134|1878
177|568|1134|1879
177|568|1135|1880
177|569|1135|1881
177|569|1136|1882
177|570|1136|1883
177|570|1137|1884
177|571|1137|1885
177|571|1138|1886
177|572|1138|1887
177|572|1139|1888
177|573|1139|1889
177|573|1140|1890
177|574|1140|1891
177|574|1141|1892
177|575|1141|1893
177|575|1142|1894
177|576|1142|1895
177|576|1143|1896
177|577|1143|1897
177|577|1144|1898
177|578|1144|1899
177|578|1145|1900
177|578|1146|1901
177|578|1147|1902
177|579|1147|1903
177|579|1148|1904
177|580|1148|1905
177|580|1149|1906
177|581|1149|1907
177|581|1150|1908
177|582|1150|1909
178|582|1150|1910
178|583|1150|1911
178|583|1151|1912
178|584|1151|1913
178|584|1152|1914
178|585|1152|1915
178|585|1153|1916
178|585|1154|1917
178|585|1155|1918
178|586|1155|1919
178|586|1156|1920
178|587|1156|1921
178|587|1157|1922
178|588|1157|1923
178|588|1158|1924
178|589|1158|1925
178|589|1159|1926
178|590|1159|1927
178|590|1160|1928
178|591|1160|1929
178|591|1161|1930
178|592|1161|1931
179|592|1161|1932
179|592|1162|1933
179|592|1163|1934
179|592|1164|1935
180|592|1164|1936
180|593|1164|1937
180|593|1165|1938
180|594|1165|1939
180|594|1166|1940
180|595|1166|1941
180|595|1167|1942
180|596|1167|1943
180|596|1168|1944
180|597|1168|1945
180|597|1169|1946
180|598|1169|1947
180|598|1170|1948
180|599|1170|1949
180|599|1171|1950
180|600|1171|1951
180|600|1172|1952
180|601|1172|1953
180|601|1173|1954
180|602|1173|1955
180|602|1174|1956
180|603|1174|1957
180|603|1175|1958
180|604|1175|1959
180|604|1176|1960
180|605|1176|1961
180|605|1177|1962
180|606|1177|1963
180|606|1178|1964
180|607|1178|1965
180|607|1179|1966
180|608|1179|1967
180|608|1180|1968
180|608|1181|1969
180|608|1182|1970
180|609|1182|1971
180|609|1183|1972
180|609|1184|1973
180|609|1185|1974
180|609|1186|1975
180|609|1187|1976
180|609|1188|1977
180|609|1189|1978
180|609|1190|1979
180|609|1191|1980
180|609|1192|1981
180|609|1193|1982
180|609|1194|1983
180|609|1195|1984
180|609|1196|1985
180|609|1197|1986
180|609|1198|1987
180|609|1199|1988
180|609|1200|1989
181|609|1200|1990
181|609|1201|1991
181|609|1202|1992
181|609|1203|1993
181|609|1204|1994
181|609|1205|1995
181|609|1206|1996
181|609|1207|1997
181|609|1208|1998
181|609|1209|1999
181|609|1210|2000
