total
0|0|1|1
0|1|1|2
0|2|1|3
0|3|1|4
0|3|2|5
0|4|2|6
0|5|2|7
0|6|2|8
0|6|3|9
0|7|3|10
0|7|4|11
0|8|4|12
0|8|5|13
0|9|5|14
0|10|5|15
0|11|5|16
0|12|5|17
0|13|5|18
0|13|6|19
0|14|6|20
0|14|7|21
0|15|7|22
0|16|7|23
0|17|7|24
0|17|8|25
0|18|8|26
0|18|9|27
0|19|9|28
0|19|10|29
0|20|10|30
0|20|11|31
0|21|11|32
0|21|12|33
0|22|12|34
0|22|13|35
0|23|13|36
0|23|14|37
0|24|14|38
0|24|15|39
0|25|15|40
0|25|16|41
0|26|16|42
0|26|17|43
0|27|17|44
0|27|18|45
0|28|18|46
0|28|19|47
0|29|19|48
0|29|20|49
0|30|20|50
0|30|21|51
0|31|21|52
0|31|22|53
0|32|22|54
0|32|23|55
0|33|23|56
0|33|24|57
0|34|24|58
0|34|25|59
0|35|25|60
0|35|26|61
0|36|26|62
0|36|27|63
0|37|27|64
0|37|28|65
0|38|28|66
0|39|28|67
0|40|28|68
0|41|28|69
0|42|28|70
0|42|29|71
0|43|29|72
0|43|30|73
0|44|30|74
0|44|31|75
0|45|31|76
0|45|32|77
0|46|32|78
0|47|32|79
0|48|32|80
0|48|33|81
0|49|33|82
0|49|34|83
0|50|34|84
0|50|35|85
0|51|35|86
0|52|35|87
0|53|35|88
0|53|36|89
0|54|36|90
0|54|37|91
0|55|37|92
0|56|37|93
0|57|37|94
0|58|37|95
0|59|37|96
0|59|38|97
0|60|38|98
0|60|39|99
0|61|39|100
0|61|40|101
0|62|40|102
0|62|41|103
0|63|41|104
0|63|42|105
0|64|42|106
0|64|43|107
0|65|43|108
0|65|44|109
0|66|44|110
0|66|45|111
0|67|45|112
0|67|46|113
0|68|46|114
0|68|47|115
0|69|47|116
0|69|48|117
0|70|48|118
0|70|49|119
0|71|49|120
0|71|50|121
0|72|50|122
0|72|51|123
0|73|51|124
0|73|52|125
0|74|52|126
0|74|53|127
0|75|53|128
0|75|54|129
0|76|54|130
0|76|55|131
0|77|55|132
0|77|56|133
0|78|56|134
0|78|57|135
0|79|57|136
0|80|57|137
0|81|57|138
0|81|58|139
0|82|58|140
0|82|59|141
0|83|59|142
0|83|60|143
0|84|60|144
0|85|60|145
0|86|60|146
0|86|61|147
0|87|61|148
0|87|62|149
0|88|62|150
0|88|63|151
0|89|63|152
0|90|63|153
0|91|63|154
0|91|64|155
0|92|64|156
0|92|65|157
0|93|65|158
0|93|66|159
0|94|66|160
0|94|67|161
0|95|67|162
0|95|68|163
0|96|68|164
0|96|69|165
0|97|69|166
0|97|70|167
0|98|70|168
0|98|71|169
1|98|71|170
1|98|72|171
1|99|72|172
1|99|73|173
1|100|73|174
1|100|74|175
1|101|74|176
1|101|75|177
1|102|75|178
1|102|76|179
1|103|76|180
1|103|77|181
1|104|77|182
1|104|78|183
1|105|78|184
1|105|79|185
1|106|79|186
1|106|80|187
1|107|80|188
1|107|81|189
1|108|81|190
1|108|82|191
1|109|82|192
1|109|83|193
1|110|83|194
1|110|84|195
1|111|84|196
1|111|85|197
1|112|85|198
1|112|86|199
1|113|86|200
1|113|87|201
1|114|87|202
1|114|88|203
1|115|88|204
1|115|89|205
1|116|89|206
1|116|90|207
1|117|90|208
1|117|91|209
1|118|91|210
1|118|92|211
1|119|92|212
1|119|93|213
1|120|93|214
1|120|94|215
1|121|94|216
1|121|95|217
1|122|95|218
1|122|96|219
1|123|96|220
1|123|97|221
1|124|97|222
1|124|98|223
1|125|98|224
1|125|99|225
1|126|99|226
1|126|100|227
1|127|100|228
1|127|101|229
1|128|101|230
1|128|102|231
1|129|102|232
1|129|103|233
1|130|103|234
1|131|103|235
1|132|103|236
1|132|104|237
1|133|104|238
1|134|104|239
1|135|104|240
1|135|105|241
1|136|105|242
1|136|106|243
1|137|106|244
1|137|107|245
1|138|107|246
1|138|108|247
1|139|108|248
1|139|109|249
1|140|109|250
1|140|110|251
1|141|110|252
1|141|111|253
1|142|111|254
1|142|112|255
1|143|112|256
1|143|113|257
1|144|113|258
1|144|114|259
1|145|114|260
1|145|115|261
1|146|115|262
1|146|116|263
1|147|116|264
1|147|117|265
1|148|117|266
1|148|118|267
1|149|118|268
1|149|119|269
1|150|119|270
1|150|120|271
1|151|120|272
1|151|121|273
1|152|121|274
1|152|122|275
1|153|122|276
1|153|123|277
1|154|123|278
1|154|124|279
1|155|124|280
1|155|125|281
1|156|125|282
1|156|126|283
1|157|126|284
1|157|127|285
1|158|127|286
1|158|128|287
1|159|128|288
1|159|129|289
1|160|129|290
1|160|130|291
1|161|130|292
1|161|131|293
1|162|131|294
1|162|132|295
1|163|132|296
1|163|133|297
1|164|133|298
1|164|134|299
1|165|134|300
1|165|135|301
1|166|135|302
1|166|136|303
1|167|136|304
1|167|137|305
1|168|137|306
1|168|138|307
1|169|138|308
1|169|139|309
1|170|139|310
1|170|140|311
2|170|140|312
2|170|141|313
2|171|141|314
2|172|141|315
2|173|141|316
2|173|142|317
2|174|142|318
2|174|143|319
2|175|143|320
2|175|144|321
2|176|144|322
2|176|145|323
2|177|145|324
2|177|146|325
2|178|146|326
2|178|147|327
2|179|147|328
2|179|148|329
2|180|148|330
2|180|149|331
2|181|149|332
2|181|150|333
2|182|150|334
2|182|151|335
2|183|151|336
2|183|152|337
2|184|152|338
2|184|153|339
2|185|153|340
2|185|154|341
2|186|154|342
2|186|155|343
2|187|155|344
2|188|155|345
2|189|155|346
2|190|155|347
2|191|155|348
2|192|155|349
2|193|155|350
2|193|156|351
2|194|156|352
2|194|157|353
2|195|157|354
2|195|158|355
2|196|158|356
2|196|159|357
2|197|159|358
2|197|160|359
2|198|160|360
2|198|161|361
2|199|161|362
2|199|162|363
2|200|162|364
2|200|163|365
2|201|163|366
2|201|164|367
2|202|164|368
2|202|165|369
2|203|165|370
2|203|166|371
2|204|166|372
2|204|167|373
2|205|167|374
2|205|168|375
2|206|168|376
2|206|169|377
2|207|169|378
2|207|170|379
2|208|170|380
2|208|171|381
2|209|171|382
2|209|172|383
2|210|172|384
2|210|173|385
2|211|173|386
2|212|173|387
2|213|173|388
2|213|174|389
2|214|174|390
2|214|175|391
2|215|175|392
2|215|176|393
2|216|176|394
2|216|177|395
2|217|177|396
2|217|178|397
2|218|178|398
2|218|179|399
2|219|179|400
2|219|180|401
2|220|180|402
2|220|181|403
2|221|181|404
2|221|182|405
2|222|182|406
2|222|183|407
2|223|183|408
2|223|184|409
2|224|184|410
2|224|185|411
2|225|185|412
2|225|186|413
2|226|186|414
2|226|187|415
2|227|187|416
2|227|188|417
2|228|188|418
2|228|189|419
2|229|189|420
2|230|190|422
2|231|190|423
2|231|191|424
2|232|191|425
2|232|192|426
2|233|192|427
2|233|193|428
2|234|193|429
2|234|194|430
2|235|194|431
2|235|195|432
2|236|195|433
2|236|196|434
2|237|196|435
2|237|197|436
2|238|197|437
2|238|198|438
2|239|198|439
2|239|199|440
2|240|199|441
2|240|200|442
2|241|200|443
2|241|201|444
2|242|201|445
2|242|202|446
2|243|202|447
2|243|203|448
2|244|203|449
2|244|204|450
2|245|204|451
2|245|205|452
2|246|205|453
2|246|206|454
3|246|206|455
3|246|207|456
3|247|207|457
3|247|208|458
3|248|208|459
3|248|209|460
3|249|209|461
3|249|210|462
3|250|210|463
3|250|211|464
3|251|211|465
3|251|212|466
3|252|212|467
3|252|213|468
3|253|213|469
3|253|214|470
3|254|214|471
3|254|215|472
3|255|215|473
3|255|216|474
3|256|216|475
3|256|217|476
3|257|217|477
3|257|218|478
3|258|218|479
3|258|219|480
3|259|219|481
3|259|220|482
3|260|220|483
3|260|221|484
3|261|221|485
3|261|222|486
3|262|222|487
3|262|223|488
3|263|223|489
3|264|223|490
3|265|223|491
3|266|223|492
3|267|223|493
3|267|224|494
3|268|224|495
3|268|225|496
3|269|225|497
3|269|226|498
3|270|226|499
3|270|227|500
3|271|227|501
3|271|228|502
3|272|228|503
3|272|229|504
3|273|229|505
3|273|230|506
3|274|230|507
3|274|231|508
3|275|231|509
3|275|232|510
3|276|232|511
3|276|233|512
3|277|233|513
3|277|234|514
3|278|234|515
3|278|235|516
3|279|235|517
3|279|236|518
3|280|236|519
3|280|237|520
3|281|237|521
3|281|238|522
3|282|238|523
3|282|239|524
3|283|239|525
3|283|240|526
3|284|240|527
3|284|241|528
3|285|241|529
3|285|242|530
3|286|242|531
3|286|243|532
3|287|243|533
3|287|244|534
3|288|244|535
3|288|245|536
3|289|245|537
3|289|246|538
3|290|246|539
3|290|247|540
3|291|247|541
3|291|248|542
3|292|248|543
3|292|249|544
3|293|249|545
3|293|250|546
3|294|250|547
3|294|251|548
3|295|251|549
3|295|252|550
3|296|252|551
3|296|253|552
3|297|253|553
3|297|254|554
3|298|254|555
3|298|255|556
3|299|255|557
3|299|256|558
3|300|256|559
3|300|257|560
3|301|257|561
3|301|258|562
3|302|258|563
3|302|259|564
3|303|259|565
3|303|260|566
3|304|260|567
3|304|261|568
3|305|261|569
3|305|262|570
3|306|262|571
3|306|263|572
3|307|263|573
3|307|264|574
3|308|264|575
3|308|265|576
3|309|265|577
3|309|266|578
3|310|266|579
3|310|267|580
3|311|267|581
3|311|268|582
3|312|268|583
3|312|269|584
3|313|269|585
3|313|270|586
3|314|270|587
3|314|271|588
3|315|271|589
3|315|272|590
3|316|272|591
3|316|273|592
3|317|273|593
3|317|274|594
3|318|274|595
3|318|275|596
3|319|275|597
3|319|276|598
3|320|276|599
3|320|277|600
3|321|277|601
3|321|278|602
3|322|278|603
3|322|279|604
3|323|279|605
3|323|280|606
3|324|280|607
3|324|281|608
3|325|281|609
3|325|282|610
3|326|282|611
3|326|283|612
3|327|283|613
3|327|284|614
3|328|284|615
3|328|285|616
3|329|285|617
3|329|286|618
3|330|286|619
3|330|287|620
3|331|287|621
3|331|288|622
3|332|288|623
3|332|289|624
3|333|289|625
3|333|290|626
3|334|290|627
3|334|291|628
3|335|291|629
3|335|292|630
3|336|292|631
3|336|293|632
3|337|293|633
3|338|293|634
3|339|293|635
3|340|293|636
3|341|293|637
3|341|294|638
3|342|294|639
3|342|295|640
3|343|295|641
3|343|296|642
3|344|296|643
3|344|297|644
3|345|297|645
3|345|298|646
3|346|298|647
3|346|299|648
3|347|299|649
3|347|300|650
3|348|300|651
3|348|301|652
3|349|301|653
3|349|302|654
3|350|302|655
3|350|303|656
3|351|303|657
3|351|304|658
3|352|304|659
3|352|305|660
3|353|305|661
3|353|306|662
3|354|306|663
3|354|307|664
3|355|307|665
3|355|308|666
3|356|308|667
3|356|309|668
3|357|309|669
3|357|310|670
3|358|310|671
3|358|311|672
3|359|311|673
3|359|312|674
3|360|312|675
3|360|313|676
3|361|313|677
3|361|314|678
3|362|314|679
3|363|314|680
3|364|314|681
3|364|315|682
3|365|315|683
3|365|316|684
3|366|316|685
3|366|317|686
3|367|317|687
3|367|318|688
3|368|318|689
3|368|319|690
3|369|319|691
3|369|320|692
3|370|320|693
3|370|321|694
3|371|321|695
3|371|322|696
3|372|322|697
3|372|323|698
3|373|323|699
3|373|324|700
3|374|324|701
3|374|325|702
3|375|325|703
3|375|326|704
3|376|326|705
3|377|326|706
3|378|326|707
3|379|326|708
3|380|326|709
3|380|327|710
3|381|327|711
3|381|328|712
3|382|328|713
3|382|329|714
3|383|329|715
3|383|330|716
3|384|330|717
3|384|331|718
3|385|331|719
3|385|332|720
3|386|332|721
3|386|333|722
3|387|333|723
3|387|334|724
3|388|334|725
3|388|335|726
3|389|335|727
3|389|336|728
3|390|336|729
3|390|337|730
3|391|337|731
3|391|338|732
3|392|338|733
3|392|339|734
3|393|339|735
3|393|340|736
3|394|340|737
3|394|341|738
3|395|341|739
3|395|342|740
3|396|342|741
3|396|343|742
3|397|343|743
3|397|344|744
3|398|344|745
3|398|345|746
3|399|345|747
3|399|346|748
3|400|346|749
3|400|347|750
3|401|347|751
3|401|348|752
3|402|348|753
3|402|349|754
3|403|349|755
3|403|350|756
3|404|350|757
3|404|351|758
3|405|351|759
3|405|352|760
3|406|352|761
3|406|353|762
3|407|353|763
3|407|354|764
3|408|354|765
3|408|355|766
3|409|355|767
3|409|356|768
3|410|356|769
3|410|357|770
3|411|357|771
3|411|358|772
3|412|358|773
3|412|359|774
3|413|359|775
3|413|360|776
3|414|360|777
3|414|361|778
3|415|361|779
3|415|362|780
3|416|362|781
3|416|363|782
3|417|363|783
3|417|364|784
3|418|364|785
3|418|365|786
3|419|365|787
3|419|366|788
3|420|366|789
3|420|367|790
3|421|367|791
3|421|368|792
3|422|368|793
3|422|369|794
3|423|369|795
3|423|370|796
3|424|370|797
3|424|371|798
3|425|371|799
3|425|372|800
3|426|372|801
3|426|373|802
3|427|373|803
3|427|374|804
3|428|374|805
3|428|375|806
3|429|375|807
3|429|376|808
3|430|376|809
3|430|377|810
3|431|377|811
3|431|378|812
3|432|378|813
3|432|379|814
3|433|379|815
3|433|380|816
3|434|380|817
3|434|381|818
3|435|381|819
3|435|382|820
3|436|382|821
3|436|383|822
3|437|383|823
3|437|384|824
3|438|384|825
3|439|384|826
3|440|384|827
3|441|384|828
3|442|384|829
3|442|385|830
3|443|385|831
3|444|385|832
3|445|385|833
3|445|386|834
3|446|386|835
3|447|386|836
3|448|386|837
3|448|387|838
3|449|387|839
3|449|388|840
3|450|388|841
3|450|389|842
3|451|389|843
3|451|390|844
3|452|390|845
3|452|391|846
3|453|391|847
3|453|392|848
3|454|392|849
3|454|393|850
3|455|393|851
3|455|394|852
3|456|394|853
3|457|394|854
3|458|394|855
3|458|395|856
3|459|395|857
3|459|396|858
3|460|396|859
3|460|397|860
3|461|397|861
3|461|398|862
3|462|398|863
3|462|399|864
3|463|399|865
3|463|400|866
3|464|400|867
3|464|401|868
3|465|401|869
3|465|402|870
3|466|402|871
3|466|403|872
3|467|403|873
3|467|404|874
3|468|404|875
3|468|405|876
3|469|405|877
3|469|406|878
3|470|406|879
3|470|407|880
3|471|407|881
3|471|408|882
3|472|408|883
3|472|409|884
3|473|409|885
3|473|410|886
3|474|410|887
3|475|410|888
3|476|410|889
3|477|410|890
3|478|410|891
3|478|411|892
3|479|411|893
3|479|412|894
3|480|412|895
3|480|413|896
3|481|413|897
3|481|414|898
3|482|414|899
3|482|415|900
3|483|415|901
3|483|416|902
3|484|416|903
3|484|417|904
3|485|417|905
3|485|418|906
3|486|418|907
3|486|419|908
3|487|419|909
3|487|420|910
3|488|420|911
3|488|421|912
3|489|421|913
3|489|422|914
3|490|422|915
3|490|423|916
3|491|423|917
3|491|424|918
3|492|424|919
3|492|425|920
3|493|425|921
3|494|425|922
4|494|425|923
4|495|425|924
4|496|425|925
4|497|425|926
4|498|425|927
4|499|425|928
4|500|425|929
4|500|426|930
4|501|426|931
4|501|427|932
4|502|427|933
4|502|428|934
4|503|428|935
4|503|429|936
4|504|429|937
4|504|430|938
4|505|430|939
4|505|431|940
4|506|431|941
4|506|432|942
4|507|432|943
4|507|433|944
4|508|433|945
4|508|434|946
4|509|434|947
4|509|435|948
4|510|435|949
4|510|436|950
4|511|436|951
4|511|437|952
4|512|437|953
4|512|438|954
4|513|438|955
4|513|439|956
4|514|439|957
4|514|440|958
4|515|440|959
4|515|441|960
4|516|441|961
4|516|442|962
4|517|442|963
4|517|443|964
4|518|443|965
4|518|444|966
4|519|444|967
4|519|445|968
4|520|445|969
4|520|446|970
4|521|446|971
4|521|447|972
4|522|447|973
4|522|448|974
4|523|448|975
4|523|449|976
4|524|449|977
4|524|450|978
4|525|450|979
4|525|451|980
4|526|451|981
4|526|452|982
4|527|452|983
4|527|453|984
4|528|453|985
4|528|454|986
4|529|454|987
4|529|455|988
4|530|455|989
4|530|456|990
4|531|456|991
4|531|457|992
4|532|457|993
4|532|458|994
4|533|458|995
4|533|459|996
4|534|459|997
4|534|460|998
4|535|460|999
4|536|460|1000
4|537|460|1001
4|537|461|1002
4|538|461|1003
4|538|462|1004
4|539|462|1005
4|539|463|1006
4|540|463|1007
4|540|464|1008
4|541|464|1009
4|541|465|1010
4|542|465|1011
4|542|466|1012
4|543|466|1013
4|543|467|1014
4|544|467|1015
4|544|468|1016
4|545|468|1017
4|545|469|1018
4|546|469|1019
4|546|470|1020
4|547|470|1021
4|547|471|1022
4|548|471|1023
4|548|472|1024
4|549|472|1025
4|549|473|1026
4|550|473|1027
4|550|474|1028
4|551|474|1029
4|552|474|1030
4|553|474|1031
4|553|475|1032
4|554|475|1033
4|555|475|1034
4|556|475|1035
4|556|476|1036
4|557|476|1037
4|557|477|1038
4|558|477|1039
4|558|478|1040
4|559|478|1041
4|559|479|1042
4|560|479|1043
4|560|480|1044
4|561|480|1045
4|561|481|1046
4|562|481|1047
4|562|482|1048
4|563|482|1049
4|563|483|1050
4|564|483|1051
4|564|484|1052
4|565|484|1053
4|565|485|1054
4|566|485|1055
4|566|486|1056
4|567|486|1057
4|567|487|1058
4|568|487|1059
4|568|488|1060
4|569|488|1061
4|569|489|1062
4|570|489|1063
4|570|490|1064
4|571|490|1065
4|571|491|1066
4|572|491|1067
4|572|492|1068
4|573|492|1069
4|573|493|1070
4|574|493|1071
4|575|493|1072
4|576|493|1073
4|576|494|1074
4|577|494|1075
4|577|495|1076
4|578|495|1077
4|578|496|1078
4|579|496|1079
4|579|497|1080
4|580|497|1081
4|580|498|1082
4|581|498|1083
4|581|499|1084
4|582|499|1085
4|582|500|1086
4|583|500|1087
4|583|501|1088
4|584|501|1089
4|584|502|1090
4|585|502|1091
4|585|503|1092
4|586|503|1093
4|586|504|1094
4|587|504|1095
4|587|505|1096
4|588|505|1097
4|588|506|1098
4|589|506|1099
4|589|507|1100
4|590|507|1101
4|590|508|1102
4|591|508|1103
4|591|509|1104
4|592|509|1105
4|592|510|1106
4|593|510|1107
4|593|511|1108
4|594|511|1109
4|594|512|1110
4|595|512|1111
4|595|513|1112
4|596|513|1113
4|596|514|1114
4|597|514|1115
4|597|515|1116
4|598|515|1117
4|598|516|1118
4|599|516|1119
4|599|517|1120
4|600|517|1121
4|600|518|1122
4|601|518|1123
4|601|519|1124
4|602|519|1125
4|602|520|1126
4|603|520|1127
4|603|521|1128
4|604|521|1129
4|604|522|1130
4|605|522|1131
4|605|523|1132
4|606|523|1133
4|606|524|1134
4|607|524|1135
4|607|525|1136
4|608|525|1137
4|608|526|1138
4|609|526|1139
4|610|526|1140
4|611|526|1141
4|611|527|1142
4|612|527|1143
4|612|528|1144
4|613|528|1145
4|613|529|1146
4|614|529|1147
4|614|530|1148
4|615|530|1149
4|615|531|1150
4|616|531|1151
4|616|532|1152
4|617|532|1153
4|617|533|1154
4|618|533|1155
4|618|534|1156
4|619|534|1157
4|619|535|1158
4|620|535|1159
4|620|536|1160
4|621|536|1161
4|621|537|1162
4|622|537|1163
4|622|538|1164
4|623|538|1165
4|623|539|1166
4|624|539|1167
4|624|540|1168
4|625|540|1169
4|625|541|1170
4|626|541|1171
4|626|542|1172
4|627|542|1173
4|628|542|1174
4|629|542|1175
4|630|542|1176
4|631|542|1177
4|632|542|1178
4|633|542|1179
4|634|542|1180
4|635|542|1181
4|635|543|1182
4|636|543|1183
4|636|544|1184
4|637|544|1185
4|637|545|1186
4|638|545|1187
4|638|546|1188
4|639|546|1189
4|639|547|1190
4|640|547|1191
4|640|548|1192
4|641|548|1193
4|641|549|1194
4|642|549|1195
4|642|550|1196
4|643|550|1197
4|643|551|1198
4|644|551|1199
4|644|552|1200
4|645|552|1201
4|645|553|1202
4|646|553|1203
4|646|554|1204
4|647|554|1205
4|647|555|1206
4|648|555|1207
4|648|556|1208
4|649|556|1209
4|649|557|1210
4|650|557|1211
4|650|558|1212
4|651|558|1213
4|651|559|1214
4|652|559|1215
4|652|560|1216
4|653|560|1217
4|653|561|1218
4|654|561|1219
4|654|562|1220
4|655|562|1221
4|655|563|1222
4|656|563|1223
4|656|564|1224
4|657|564|1225
4|657|565|1226
4|658|565|1227
4|658|566|1228
4|659|566|1229
4|659|567|1230
4|660|567|1231
4|660|568|1232
4|661|568|1233
4|661|569|1234
4|662|569|1235
4|662|570|1236
4|663|570|1237
4|663|571|1238
4|664|571|1239
4|664|572|1240
4|665|572|1241
4|665|573|1242
4|666|573|1243
4|666|574|1244
4|667|574|1245
4|667|575|1246
4|668|575|1247
4|668|576|1248
4|669|576|1249
4|669|577|1250
4|670|577|1251
4|670|578|1252
4|671|578|1253
4|671|579|1254
4|672|579|1255
4|672|580|1256
4|673|580|1257
4|673|581|1258
4|674|581|1259
4|674|582|1260
4|675|582|1261
4|675|583|1262
4|676|583|1263
4|676|584|1264
4|677|584|1265
4|677|585|1266
4|678|585|1267
4|678|586|1268
4|679|586|1269
4|679|587|1270
4|680|587|1271
4|680|588|1272
4|681|588|1273
4|681|589|1274
4|682|589|1275
4|682|590|1276
4|683|590|1277
4|683|591|1278
4|684|591|1279
4|684|592|1280
4|685|592|1281
4|686|592|1282
4|687|592|1283
4|688|592|1284
4|689|592|1285
4|689|593|1286
4|690|593|1287
4|690|594|1288
4|691|594|1289
4|691|595|1290
4|692|595|1291
4|692|596|1292
4|693|596|1293
4|693|597|1294
4|694|597|1295
4|694|598|1296
4|695|598|1297
4|695|599|1298
4|696|599|1299
4|696|600|1300
4|697|600|1301
4|697|601|1302
4|698|601|1303
4|698|602|1304
4|699|602|1305
4|699|603|1306
4|700|603|1307
4|700|604|1308
4|701|604|1309
4|701|605|1310
4|702|605|1311
4|702|606|1312
4|703|606|1313
4|703|607|1314
4|704|607|1315
4|704|608|1316
4|705|608|1317
4|705|609|1318
4|706|609|1319
4|707|609|1320
4|708|609|1321
4|708|610|1322
4|709|610|1323
4|709|611|1324
4|710|611|1325
4|710|612|1326
4|711|612|1327
4|711|613|1328
4|712|613|1329
4|712|614|1330
4|713|614|1331
4|713|615|1332
4|714|615|1333
4|714|616|1334
4|715|616|1335
4|715|617|1336
4|716|617|1337
4|716|618|1338
4|717|618|1339
4|717|619|1340
4|718|619|1341
4|718|620|1342
4|719|620|1343
4|719|621|1344
4|720|621|1345
4|720|622|1346
4|721|622|1347
4|721|623|1348
4|722|623|1349
4|722|624|1350
4|723|624|1351
4|723|625|1352
4|724|625|1353
4|724|626|1354
4|725|626|1355
4|725|627|1356
4|726|627|1357
4|726|628|1358
4|727|628|1359
4|727|629|1360
4|728|629|1361
4|728|630|1362
4|729|630|1363
4|729|631|1364
4|730|631|1365
4|730|632|1366
4|731|632|1367
4|731|633|1368
4|732|633|1369
4|732|634|1370
4|733|634|1371
4|733|635|1372
4|734|635|1373
4|734|636|1374
4|735|636|1375
4|735|637|1376
4|736|637|1377
4|736|638|1378
4|737|638|1379
4|737|639|1380
4|738|639|1381
4|738|640|1382
4|739|640|1383
4|739|641|1384
4|740|641|1385
4|740|642|1386
4|741|642|1387
4|741|643|1388
4|742|643|1389
4|742|644|1390
4|743|644|1391
4|744|644|1392
4|745|644|1393
4|745|645|1394
4|746|645|1395
4|746|646|1396
4|747|646|1397
4|747|647|1398
4|748|647|1399
4|748|648|1400
4|749|648|1401
4|749|649|1402
4|750|649|1403
4|750|650|1404
4|751|650|1405
4|751|651|1406
4|752|651|1407
4|752|652|1408
4|753|652|1409
4|753|653|1410
4|754|653|1411
4|754|654|1412
4|755|654|1413
4|755|655|1414
4|756|655|1415
4|756|656|1416
4|757|656|1417
4|757|657|1418
4|758|657|1419
4|758|658|1420
4|759|658|1421
4|759|659|1422
4|760|659|1423
4|760|660|1424
4|761|660|1425
4|761|661|1426
4|762|661|1427
4|762|662|1428
4|763|662|1429
4|763|663|1430
4|764|663|1431
4|764|664|1432
4|765|664|1433
4|765|665|1434
4|766|665|1435
4|766|666|1436
4|767|666|1437
4|767|667|1438
4|768|667|1439
4|768|668|1440
4|769|668|1441
4|769|669|1442
4|770|669|1443
4|770|670|1444
4|771|670|1445
4|771|671|1446
4|772|671|1447
4|772|672|1448
4|773|672|1449
4|773|673|1450
4|774|673|1451
4|774|674|1452
4|775|674|1453
4|775|675|1454
4|776|675|1455
4|776|676|1456
4|777|676|1457
4|777|677|1458
4|778|677|1459
4|778|678|1460
4|779|678|1461
4|779|679|1462
4|780|679|1463
4|780|680|1464
4|781|680|1465
4|781|681|1466
4|782|681|1467
4|782|682|1468
4|783|682|1469
4|783|683|1470
4|784|683|1471
4|784|684|1472
4|785|684|1473
4|785|685|1474
4|786|685|1475
4|786|686|1476
4|787|686|1477
4|787|687|1478
4|788|687|1479
4|788|688|1480
4|789|688|1481
4|789|689|1482
4|790|689|1483
4|790|690|1484
4|791|690|1485
4|791|691|1486
4|792|691|1487
4|792|692|1488
4|793|692|1489
4|793|693|1490
4|794|693|1491
4|794|694|1492
4|795|694|1493
4|795|695|1494
4|796|695|1495
4|796|696|1496
4|797|696|1497
4|797|697|1498
4|798|697|1499
4|798|698|1500
4|799|698|1501
4|799|699|1502
4|800|699|1503
4|800|700|1504
4|801|700|1505
4|801|701|1506
4|802|701|1507
4|802|702|1508
4|803|702|1509
4|803|703|1510
4|804|703|1511
4|804|704|1512
4|805|704|1513
4|805|705|1514
4|806|705|1515
4|806|706|1516
4|807|706|1517
4|807|707|1518
4|808|707|1519
4|809|707|1520
4|810|707|1521
4|810|708|1522
4|811|708|1523
4|811|709|1524
4|812|709|1525
4|812|710|1526
4|813|710|1527
4|813|711|1528
4|814|711|1529
4|814|712|1530
4|815|712|1531
4|815|713|1532
4|816|713|1533
4|816|714|1534
4|817|714|1535
4|817|715|1536
4|818|715|1537
4|819|715|1538
4|820|715|1539
4|820|716|1540
4|821|716|1541
4|822|716|1542
4|823|716|1543
4|823|717|1544
4|824|717|1545
4|824|718|1546
4|825|718|1547
4|825|719|1548
4|826|719|1549
4|827|719|1550
4|828|719|1551
4|828|720|1552
4|829|720|1553
4|830|720|1554
4|831|720|1555
4|832|720|1556
4|833|720|1557
4|833|721|1558
4|834|721|1559
4|834|722|1560
5|834|722|1561
5|835|722|1562
6|835|722|1563
6|835|723|1564
6|836|723|1565
6|836|724|1566
6|837|724|1567
6|837|725|1568
6|838|725|1569
6|838|726|1570
6|839|726|1571
6|839|727|1572
6|840|727|1573
6|841|727|1574
6|842|727|1575
6|842|728|1576
6|843|728|1577
6|844|728|1578
6|845|728|1579
6|845|729|1580
6|846|729|1581
6|846|730|1582
7|846|730|1583
7|847|730|1584
7|848|730|1585
7|848|731|1586
7|849|731|1587
7|849|732|1588
7|850|732|1589
7|850|733|1590
8|850|733|1591
8|851|733|1592
8|852|733|1593
8|852|734|1594
8|853|734|1595
8|853|735|1596
8|854|735|1597
8|855|735|1598
8|856|735|1599
8|856|736|1600
8|857|736|1601
8|857|737|1602
8|858|737|1603
8|858|738|1604
8|859|738|1605
8|860|738|1606
8|861|738|1607
8|862|738|1608
8|863|738|1609
8|863|739|1610
8|864|739|1611
8|864|740|1612
8|865|740|1613
8|865|741|1614
8|866|741|1615
8|866|742|1616
8|867|742|1617
8|867|743|1618
8|868|743|1619
8|868|744|1620
8|869|744|1621
8|869|745|1622
8|870|745|1623
8|870|746|1624
8|871|746|1625
8|871|747|1626
8|872|747|1627
8|872|748|1628
8|873|748|1629
8|873|749|1630
8|874|749|1631
8|874|750|1632
8|875|750|1633
8|875|751|1634
8|876|751|1635
8|876|752|1636
8|877|752|1637
8|877|753|1638
8|878|753|1639
8|878|754|1640
8|879|754|1641
8|879|755|1642
8|880|755|1643
8|880|756|1644
8|881|756|1645
8|881|757|1646
8|882|757|1647
8|882|758|1648
8|883|758|1649
8|883|759|1650
8|884|759|1651
8|884|760|1652
8|885|760|1653
8|885|761|1654
8|886|761|1655
8|886|762|1656
8|887|762|1657
8|887|763|1658
8|888|763|1659
8|888|764|1660
8|889|764|1661
8|889|765|1662
8|890|765|1663
8|890|766|1664
8|891|766|1665
8|891|767|1666
8|892|767|1667
8|892|768|1668
8|893|768|1669
8|893|769|1670
8|894|769|1671
8|894|770|1672
8|895|770|1673
8|895|771|1674
8|896|771|1675
8|896|772|1676
8|897|772|1677
8|897|773|1678
8|898|773|1679
8|898|774|1680
8|899|774|1681
8|899|775|1682
8|900|775|1683
8|900|776|1684
8|901|776|1685
8|901|777|1686
8|902|777|1687
8|903|777|1688
8|904|777|1689
8|904|778|1690
8|905|778|1691
8|905|779|1692
8|906|779|1693
8|907|779|1694
8|908|779|1695
8|908|780|1696
8|909|780|1697
8|910|780|1698
8|911|780|1699
8|911|781|1700
8|912|781|1701
8|912|782|1702
8|913|782|1703
8|913|783|1704
8|914|783|1705
8|915|783|1706
8|916|783|1707
8|916|784|1708
8|917|784|1709
8|917|785|1710
8|918|785|1711
8|918|786|1712
8|919|786|1713
8|920|786|1714
8|921|786|1715
8|922|786|1716
8|923|786|1717
8|923|787|1718
8|924|787|1719
8|925|787|1720
8|926|787|1721
8|926|788|1722
8|927|788|1723
8|928|788|1724
8|929|788|1725
8|929|789|1726
8|930|789|1727
8|930|790|1728
8|931|790|1729
8|931|791|1730
8|932|791|1731
8|932|792|1732
8|933|792|1733
8|933|793|1734
8|934|793|1735
8|934|794|1736
8|935|794|1737
8|935|795|1738
8|936|795|1739
8|936|796|1740
8|937|796|1741
8|938|796|1742
8|939|796|1743
8|939|797|1744
8|940|797|1745
8|940|798|1746
8|941|798|1747
8|942|798|1748
8|943|798|1749
8|943|799|1750
8|944|799|1751
8|944|800|1752
8|945|800|1753
8|945|801|1754
8|946|801|1755
8|947|801|1756
8|948|801|1757
8|948|802|1758
8|949|802|1759
8|949|803|1760
8|950|803|1761
8|950|804|1762
8|951|804|1763
8|951|805|1764
8|952|805|1765
8|952|806|1766
8|953|806|1767
8|953|807|1768
8|954|807|1769
8|954|808|1770
8|955|808|1771
8|955|809|1772
8|956|809|1773
8|956|810|1774
8|957|810|1775
8|957|811|1776
8|958|811|1777
8|958|812|1778
8|959|812|1779
8|959|813|1780
8|960|813|1781
8|960|814|1782
8|961|814|1783
8|961|815|1784
8|962|815|1785
8|962|816|1786
8|963|816|1787
8|963|817|1788
8|964|817|1789
8|964|818|1790
8|965|818|1791
8|965|819|1792
8|966|819|1793
8|967|819|1794
8|968|819|1795
8|969|819|1796
8|970|819|1797
8|970|820|1798
8|971|820|1799
8|971|821|1800
8|972|821|1801
8|973|821|1802
8|974|821|1803
8|974|822|1804
8|975|822|1805
8|975|823|1806
8|976|823|1807
8|976|824|1808
8|977|824|1809
8|977|825|1810
8|978|825|1811
8|978|826|1812
8|979|826|1813
8|980|826|1814
8|981|826|1815
8|982|826|1816
8|983|826|1817
8|983|827|1818
8|984|827|1819
8|984|828|1820
8|985|828|1821
8|985|829|1822
8|986|829|1823
8|987|829|1824
8|988|829|1825
8|988|830|1826
8|989|830|1827
8|989|831|1828
8|990|831|1829
8|991|831|1830
8|992|831|1831
8|993|831|1832
8|994|831|1833
8|994|832|1834
8|995|832|1835
8|995|833|1836
8|996|833|1837
8|996|834|1838
8|997|834|1839
8|997|835|1840
8|998|835|1841
8|998|836|1842
8|999|836|1843
8|999|837|1844
8|1000|837|1845
8|1000|838|1846
8|1001|838|1847
8|1001|839|1848
8|1002|839|1849
8|1002|840|1850
8|1003|840|1851
8|1004|840|1852
8|1005|840|1853
8|1005|841|1854
8|1006|841|1855
8|1007|841|1856
8|1008|841|1857
8|1008|842|1858
8|1009|842|1859
8|1010|842|1860
8|1011|842|1861
8|1012|842|1862
8|1013|842|1863
8|1013|843|1864
8|1014|843|1865
8|1014|844|1866
8|1015|844|1867
8|1015|845|1868
8|1016|845|1869
8|1016|846|1870
8|1017|846|1871
8|1017|847|1872
8|1018|847|1873
8|1018|848|1874
8|1019|848|1875
8|1019|849|1876
8|1020|849|1877
8|1020|850|1878
8|1021|850|1879
8|1021|851|1880
8|1022|851|1881
8|1022|852|1882
8|1023|852|1883
8|1023|853|1884
8|1024|853|1885
8|1024|854|1886
8|1025|854|1887
8|1025|855|1888
8|1026|855|1889
8|1026|856|1890
8|1027|856|1891
8|1027|857|1892
8|1028|857|1893
8|1028|858|1894
8|1029|858|1895
8|1029|859|1896
8|1030|859|1897
8|1030|860|1898
8|1031|860|1899
8|1031|861|1900
8|1032|861|1901
8|1032|862|1902
8|1033|862|1903
8|1033|863|1904
8|1034|863|1905
8|1034|864|1906
8|1035|864|1907
8|1035|865|1908
8|1036|865|1909
8|1036|866|1910
8|1037|866|1911
8|1037|867|1912
8|1038|867|1913
8|1038|868|1914
8|1039|868|1915
8|1039|869|1916
8|1040|869|1917
8|1040|870|1918
8|1041|870|1919
8|1041|871|1920
8|1042|871|1921
8|1042|872|1922
8|1043|872|1923
8|1043|873|1924
8|1044|873|1925
8|1044|874|1926
8|1045|874|1927
8|1045|875|1928
8|1046|875|1929
8|1046|876|1930
8|1047|876|1931
8|1047|877|1932
8|1048|877|1933
8|1048|878|1934
8|1049|878|1935
8|1049|879|1936
8|1050|879|1937
8|1051|879|1938
8|1052|879|1939
8|1052|880|1940
8|1053|880|1941
8|1053|881|1942
8|1054|881|1943
8|1054|882|1944
8|1055|882|1945
8|1056|882|1946
8|1057|882|1947
8|1058|882|1948
8|1059|882|1949
8|1059|883|1950
8|1060|883|1951
8|1060|884|1952
8|1061|884|1953
8|1062|884|1954
8|1063|884|1955
8|1063|885|1956
8|1064|885|1957
8|1064|886|1958
8|1065|886|1959
8|1065|887|1960
8|1066|887|1961
8|1066|888|1962
8|1067|888|1963
8|1067|889|1964
8|1068|889|1965
8|1069|889|1966
8|1070|889|1967
8|1070|890|1968
8|1071|890|1969
8|1072|890|1970
8|1073|890|1971
8|1073|891|1972
8|1074|891|1973
8|1075|891|1974
8|1076|891|1975
8|1076|892|1976
8|1077|892|1977
8|1077|893|1978
8|1078|893|1979
8|1078|894|1980
8|1079|894|1981
8|1079|895|1982
8|1080|895|1983
8|1081|895|1984
8|1082|895|1985
8|1082|896|1986
8|1083|896|1987
8|1083|897|1988
8|1084|897|1989
8|1084|898|1990
8|1085|898|1991
8|1085|899|1992
8|1086|899|1993
8|1086|900|1994
8|1087|900|1995
8|1087|901|1996
8|1088|901|1997
8|1088|902|1998
8|1089|902|1999
8|1089|903|2000
