total
0|1|0|1
1|1|0|2
1|2|0|3
1|3|0|4
1|3|1|5
1|4|1|6
1|5|1|7
1|6|1|8
1|7|1|9
1|7|2|10
1|7|3|11
1|8|3|12
1|8|4|13
1|9|4|14
1|10|4|15
1|11|4|16
1|12|4|17
1|12|5|18
1|12|6|19
1|13|6|20
1|14|6|21
1|14|7|22
1|15|7|23
1|16|7|24
1|17|7|25
1|18|7|26
1|19|7|27
1|20|7|28
1|21|7|29
1|21|8|30
1|22|8|31
2|22|8|32
2|23|8|33
2|23|9|34
2|24|9|35
2|24|10|36
2|25|10|37
2|25|11|38
2|26|11|39
2|26|12|40
2|27|12|41
2|27|13|42
2|28|13|43
2|29|13|44
2|30|13|45
2|30|14|46
2|31|14|47
2|31|15|48
2|32|15|49
2|32|16|50
2|33|16|51
3|33|16|52
3|34|16|53
4|34|16|54
4|35|16|55
4|35|17|56
4|36|17|57
4|36|18|58
4|37|18|59
4|37|19|60
4|38|19|61
4|38|20|62
4|39|20|63
4|39|21|64
4|40|21|65
4|41|21|66
4|42|21|67
4|42|22|68
4|43|22|69
4|44|22|70
4|45|22|71
5|45|22|72
5|46|22|73
6|46|22|74
6|47|22|75
6|48|22|76
6|49|22|77
7|49|22|78
7|50|22|79
7|51|22|80
7|52|22|81
7|52|23|82
7|53|23|83
7|54|23|84
7|55|23|85
8|55|23|86
8|56|23|87
8|56|24|88
8|57|24|89
8|57|25|90
8|58|25|91
9|58|25|92
9|59|25|93
9|59|26|94
9|60|26|95
10|60|26|96
10|61|26|97
11|61|26|98
11|62|26|99
12|62|26|100
12|63|26|101
12|64|26|102
12|65|26|103
12|66|26|104
12|67|26|105
12|68|26|106
12|69|26|107
12|70|26|108
12|71|26|109
12|72|26|110
12|73|26|111
12|74|26|112
12|75|26|113
12|76|26|114
12|77|26|115
12|78|26|116
12|79|26|117
12|80|26|118
12|81|26|119
12|82|26|120
12|83|26|121
12|84|26|122
12|85|26|123
12|86|26|124
12|87|26|125
12|88|26|126
12|89|26|127
12|90|26|128
12|91|26|129
12|92|26|130
12|93|26|131
12|94|26|132
12|95|26|133
12|96|26|134
12|97|26|135
12|98|26|136
12|99|26|137
12|99|27|138
12|99|28|139
12|100|28|140
12|101|28|141
12|102|28|142
12|103|28|143
13|103|28|144
13|104|28|145
13|104|29|146
13|105|29|147
13|106|29|148
13|107|29|149
13|108|29|150
13|109|29|151
13|110|29|152
13|111|29|153
13|111|30|154
13|111|31|155
13|112|31|156
13|112|32|157
13|113|32|158
13|113|33|159
14|113|33|160
14|114|33|161
14|114|34|162
14|115|34|163
14|116|34|164
14|117|34|165
14|118|34|166
14|119|34|167
14|119|35|168
14|120|35|169
14|121|35|170
14|122|35|171
14|123|35|172
15|123|35|173
15|124|35|174
16|124|35|175
16|125|35|176
16|125|36|177
16|126|36|178
16|127|36|179
16|127|37|180
16|127|38|181
16|127|39|182
16|127|40|183
16|128|40|184
16|128|41|185
17|128|41|186
17|129|41|187
17|129|42|188
17|129|43|189
17|130|43|190
17|130|44|191
17|131|44|192
17|131|45|193
17|132|45|194
17|132|46|195
17|132|47|196
17|132|48|197
17|133|48|198
17|133|49|199
17|134|49|200
17|134|50|201
17|134|51|202
17|135|51|203
17|136|51|204
17|137|51|205
17|138|51|206
17|138|52|207
17|138|53|208
17|139|53|209
18|139|53|210
18|140|53|211
19|140|53|212
19|141|53|213
19|142|53|214
19|143|53|215
20|143|53|216
20|144|53|217
20|145|53|218
20|145|54|219
20|146|54|220
20|147|54|221
21|147|54|222
21|148|54|223
22|148|54|224
22|149|54|225
22|150|54|226
22|150|55|227
23|150|55|228
23|151|55|229
24|151|55|230
24|152|55|231
25|152|55|232
25|152|56|233
25|153|56|234
25|154|56|235
25|155|56|236
25|156|56|237
25|157|56|238
25|158|56|239
26|158|56|240
26|159|56|241
27|159|56|242
27|160|56|243
28|160|56|244
28|160|57|245
28|161|57|246
28|162|57|247
28|163|57|248
28|164|57|249
28|165|57|250
29|165|57|251
29|165|58|252
29|166|58|253
29|167|58|254
29|167|59|255
29|168|59|256
29|169|59|257
29|170|59|258
30|170|59|259
30|171|59|260
30|171|60|261
30|172|60|262
30|172|61|263
30|173|61|264
30|174|61|265
30|175|61|266
31|175|61|267
31|176|61|268
31|176|62|269
31|177|62|270
32|177|62|271
32|178|62|272
32|179|62|273
32|180|62|274
32|181|62|275
32|182|62|276
33|182|62|277
33|183|62|278
34|183|62|279
34|184|62|280
34|185|62|281
34|186|62|282
34|187|62|283
34|188|62|284
34|189|62|285
35|189|62|286
35|190|62|287
36|190|62|288
36|191|62|289
36|192|62|290
36|193|62|291
36|194|62|292
36|195|62|293
37|195|62|294
37|196|62|295
38|196|62|296
38|197|62|297
38|198|62|298
38|199|62|299
38|200|62|300
38|201|62|301
39|201|62|302
39|202|62|303
40|202|62|304
40|203|62|305
40|204|62|306
40|205|62|307
40|206|62|308
40|207|62|309
41|207|62|310
41|208|62|311
42|208|62|312
42|209|62|313
43|209|62|314
43|210|62|315
44|210|62|316
44|211|62|317
44|211|63|318
44|212|63|319
44|212|64|320
44|213|64|321
44|213|65|322
44|214|65|323
44|214|66|324
44|215|66|325
44|215|67|326
44|216|67|327
44|216|68|328
44|217|68|329
44|217|69|330
44|218|69|331
44|218|70|332
44|219|70|333
44|219|71|334
44|220|71|335
44|220|72|336
44|221|72|337
44|221|73|338
44|222|73|339
44|222|74|340
44|223|74|341
44|223|75|342
44|224|75|343
44|224|76|344
44|225|76|345
44|225|77|346
44|226|77|347
44|226|78|348
44|227|78|349
44|227|79|350
44|228|79|351
44|228|80|352
44|229|80|353
44|230|80|354
44|231|80|355
44|232|80|356
44|233|80|357
44|234|80|358
44|235|80|359
44|236|80|360
44|237|80|361
45|237|80|362
45|238|80|363
46|238|80|364
46|239|80|365
46|240|80|366
46|241|80|367
47|241|80|368
47|242|80|369
47|243|80|370
47|244|80|371
47|245|80|372
47|246|80|373
47|247|80|374
47|248|80|375
47|249|80|376
47|250|80|377
47|251|80|378
47|252|80|379
47|253|80|380
47|254|80|381
47|255|80|382
47|256|80|383
47|257|80|384
47|258|80|385
47|259|80|386
47|260|80|387
47|261|80|388
47|261|81|389
47|261|82|390
47|261|83|391
47|262|83|392
47|262|84|393
47|263|84|394
47|263|85|395
47|264|85|396
47|264|86|397
47|265|86|398
47|265|87|399
47|266|87|400
47|266|88|401
47|267|88|402
47|267|89|403
47|267|90|404
47|267|91|405
47|268|91|406
47|268|92|407
47|269|92|408
47|269|93|409
47|270|93|410
47|270|94|411
47|271|94|412
47|271|95|413
47|272|95|414
47|272|96|415
47|273|96|416
47|273|97|417
47|274|97|418
47|274|98|419
47|275|98|420
47|275|99|421
47|276|99|422
47|276|100|423
47|277|100|424
47|278|100|425
48|278|100|426
48|279|100|427
49|279|100|428
49|280|100|429
49|281|100|430
49|282|100|431
50|282|100|432
50|283|100|433
51|283|100|434
51|284|100|435
51|285|100|436
51|286|100|437
51|287|100|438
51|288|100|439
52|288|100|440
52|289|100|441
52|290|100|442
52|291|100|443
52|292|100|444
52|293|100|445
53|293|100|446
53|294|100|447
54|294|100|448
54|295|100|449
54|296|100|450
54|297|100|451
54|298|100|452
54|299|100|453
55|299|100|454
55|300|100|455
55|301|100|456
55|302|100|457
56|302|100|458
56|303|100|459
56|304|100|460
56|305|101|462
56|305|102|463
56|306|102|464
56|306|103|465
56|307|103|466
56|307|104|467
56|308|104|468
56|308|105|469
56|309|105|470
56|309|106|471
56|310|106|472
56|310|107|473
56|311|107|474
56|311|108|475
56|312|108|476
56|312|109|477
56|313|109|478
56|313|110|479
56|314|110|480
56|314|111|481
56|315|111|482
56|315|112|483
56|316|112|484
56|316|113|485
56|317|113|486
56|317|114|487
56|318|114|488
56|318|115|489
56|319|115|490
56|319|116|491
56|320|116|492
56|320|117|493
56|321|117|494
56|321|118|495
56|322|118|496
56|323|118|497
56|323|119|498
56|324|119|499
56|324|120|500
56|325|120|501
56|325|121|502
56|326|121|503
56|326|122|504
56|327|122|505
56|327|123|506
56|328|123|507
56|328|124|508
56|329|124|509
56|329|125|510
56|330|125|511
56|330|126|512
56|331|126|513
56|331|127|514
56|332|127|515
56|332|128|516
56|333|128|517
56|333|129|518
56|334|129|519
56|334|130|520
56|335|130|521
56|335|131|522
56|336|131|523
56|336|132|524
56|337|132|525
56|337|133|526
56|338|133|527
56|338|134|528
56|339|134|529
56|339|135|530
56|340|135|531
56|340|136|532
56|341|136|533
56|341|137|534
56|342|137|535
56|342|138|536
56|343|138|537
56|343|139|538
56|344|139|539
56|344|140|540
56|344|141|541
56|344|142|542
56|345|142|543
56|345|143|544
56|346|143|545
56|346|144|546
56|347|144|547
56|347|145|548
56|348|145|549
56|348|146|550
56|349|146|551
56|349|147|552
56|350|147|553
56|350|148|554
56|351|148|555
56|351|149|556
56|352|149|557
56|352|150|558
56|353|150|559
56|353|151|560
56|354|151|561
56|354|152|562
56|355|152|563
56|355|153|564
56|356|153|565
56|356|154|566
56|357|154|567
56|357|155|568
57|357|155|569
57|357|156|570
58|357|156|571
58|358|156|572
59|358|156|573
59|359|156|574
59|360|156|575
59|361|156|576
60|361|156|577
60|362|156|578
60|363|156|579
60|364|156|580
61|364|156|581
61|364|157|582
61|365|157|583
61|366|157|584
62|366|157|585
62|367|157|586
62|368|157|587
62|368|158|588
63|368|158|589
63|368|159|590
64|368|159|591
64|368|160|592
64|369|160|593
64|369|161|594
65|369|161|595
65|370|161|596
65|371|161|597
65|372|161|598
65|373|161|599
65|374|161|600
66|374|161|601
66|375|161|602
67|375|161|603
67|376|161|604
67|376|162|605
67|376|163|606
67|376|164|607
67|377|164|608
67|377|165|609
68|377|165|610
69|377|165|611
69|378|165|612
69|378|166|613
69|379|166|614
69|379|167|615
69|380|167|616
69|380|168|617
69|380|169|618
70|380|169|619
70|381|169|620
70|381|170|621
70|382|170|622
70|383|170|623
70|383|171|624
70|383|172|625
70|383|173|626
70|383|174|627
70|383|175|628
70|384|175|629
70|384|176|630
70|384|177|631
70|384|178|632
70|384|179|633
70|385|179|634
70|385|180|635
70|386|180|636
70|386|181|637
70|387|181|638
70|387|182|639
70|387|183|640
70|388|183|641
70|388|184|642
70|389|184|643
70|389|185|644
70|390|185|645
70|390|186|646
70|391|186|647
70|391|187|648
70|392|187|649
70|392|188|650
70|393|188|651
70|393|189|652
70|394|189|653
70|394|190|654
70|395|190|655
70|395|191|656
70|396|191|657
70|396|192|658
70|397|192|659
70|397|193|660
70|398|193|661
70|398|194|662
70|399|194|663
70|399|195|664
70|400|195|665
70|400|196|666
70|401|196|667
70|401|197|668
70|402|197|669
70|402|198|670
70|403|198|671
70|403|199|672
70|404|199|673
70|404|200|674
70|405|200|675
70|405|201|676
70|405|202|677
70|405|203|678
70|406|203|679
70|407|203|680
70|408|203|681
71|408|203|682
71|409|203|683
71|410|203|684
71|410|204|685
71|411|204|686
71|412|204|687
71|413|204|688
71|414|204|689
71|414|205|690
71|415|205|691
71|416|205|692
71|416|206|693
71|417|206|694
71|418|206|695
71|418|207|696
71|418|208|697
71|418|209|698
71|418|210|699
71|419|210|700
71|419|211|701
72|419|211|702
72|420|211|703
72|420|212|704
72|421|212|705
72|422|212|706
72|423|212|707
72|424|212|708
72|424|213|709
72|425|213|710
72|426|213|711
72|427|213|712
72|427|214|713
72|428|214|714
72|428|215|715
72|429|215|716
72|430|215|717
72|431|215|718
72|431|216|719
72|432|216|720
73|432|216|721
73|433|216|722
73|434|216|723
73|435|216|724
73|435|217|725
73|436|217|726
74|436|217|727
74|437|217|728
74|438|217|729
74|439|217|730
74|440|217|731
74|441|217|732
74|441|218|733
74|442|218|734
75|442|218|735
75|443|218|736
75|444|218|737
75|445|218|738
75|445|219|739
75|446|219|740
76|446|219|741
76|447|219|742
77|447|219|743
77|448|219|744
78|448|219|745
78|449|219|746
79|449|219|747
79|450|219|748
80|450|219|749
80|451|219|750
81|451|219|751
81|452|219|752
81|452|220|753
81|453|220|754
82|453|220|755
82|454|220|756
82|455|220|757
82|456|220|758
82|456|221|759
82|457|221|760
83|457|221|761
83|458|221|762
83|459|221|763
83|460|221|764
83|460|222|765
83|461|222|766
84|461|222|767
84|462|222|768
84|462|223|769
84|463|223|770
85|463|223|771
85|464|223|772
85|465|223|773
85|466|223|774
85|467|223|775
85|468|223|776
85|468|224|777
85|469|224|778
85|469|225|779
85|470|225|780
86|470|225|781
86|471|225|782
86|471|226|783
86|472|226|784
86|473|226|785
86|474|226|786
86|475|226|787
86|476|226|788
86|477|226|789
86|478|226|790
86|479|226|791
86|480|226|792
86|481|226|793
86|482|226|794
86|483|226|795
86|484|226|796
86|485|226|797
86|486|226|798
86|487|226|799
86|488|226|800
86|489|226|801
86|490|226|802
86|491|226|803
86|492|226|804
86|493|226|805
86|494|226|806
86|495|226|807
86|496|226|808
86|496|227|809
86|497|227|810
86|498|227|811
86|499|227|812
86|500|227|813
86|501|227|814
86|502|227|815
86|503|227|816
87|503|227|817
87|504|227|818
87|505|227|819
87|506|227|820
87|507|227|821
87|507|228|822
87|508|228|823
87|508|229|824
87|509|229|825
88|509|229|826
88|510|229|827
88|511|229|828
88|511|230|829
88|512|230|830
89|512|230|831
89|513|230|832
89|514|230|833
89|514|231|834
89|515|231|835
89|516|231|836
89|516|232|837
89|516|233|838
89|517|233|839
89|518|233|840
89|519|233|841
89|519|234|842
89|520|234|843
89|521|234|844
89|521|235|845
90|521|235|846
90|522|235|847
90|522|236|848
90|523|236|849
90|524|236|850
90|525|236|851
90|526|236|852
90|527|236|853
90|528|236|854
90|529|236|855
90|530|236|856
90|531|236|857
90|532|236|858
90|532|237|859
91|532|237|860
91|533|237|861
91|533|238|862
91|533|239|863
91|534|239|864
91|534|240|865
91|534|241|866
91|535|241|867
91|535|242|868
91|536|242|869
91|536|243|870
91|536|244|871
91|537|244|872
91|538|244|873
91|538|245|874
91|539|245|875
91|539|246|876
91|540|246|877
91|541|246|878
91|541|247|879
92|541|247|880
92|542|247|881
92|542|248|882
92|542|249|883
92|543|249|884
92|543|250|885
92|544|250|886
92|544|251|887
92|545|251|888
92|545|252|889
92|546|252|890
92|546|253|891
92|547|253|892
93|547|253|893
93|548|253|894
93|549|253|895
93|550|253|896
94|550|253|897
94|551|253|898
95|551|253|899
95|552|253|900
95|553|253|901
95|554|253|902
96|554|253|903
96|554|254|904
97|554|254|905
97|555|254|906
98|555|254|907
98|556|254|908
98|557|254|909
98|558|254|910
98|559|254|911
98|559|255|912
98|560|255|913
98|561|255|914
98|562|255|915
98|563|255|916
98|564|255|917
98|564|256|918
99|564|256|919
99|565|256|920
100|565|256|921
100|566|256|922
100|567|256|923
100|568|256|924
101|568|256|925
101|569|256|926
102|569|256|927
102|570|256|928
102|571|256|929
103|571|256|930
103|572|256|931
104|572|256|932
105|572|256|933
105|572|257|934
105|572|258|935
105|572|259|936
105|573|259|937
105|573|260|938
105|574|260|939
105|574|261|940
105|575|261|941
105|575|262|942
105|575|263|943
105|575|264|944
105|576|264|945
105|576|265|946
105|577|265|947
105|577|266|948
105|578|266|949
105|578|267|950
105|579|267|951
106|579|267|952
106|580|267|953
106|580|268|954
106|580|269|955
106|580|270|956
106|581|270|957
107|581|270|958
107|582|270|959
108|582|270|960
108|583|270|961
109|583|270|962
110|583|270|963
110|583|271|964
110|584|271|965
110|585|271|966
110|586|271|967
110|587|271|968
110|588|271|969
110|589|271|970
110|590|271|971
110|591|271|972
110|592|271|973
110|593|271|974
110|594|271|975
110|595|271|976
110|596|271|977
110|597|271|978
110|598|271|979
110|599|271|980
110|600|271|981
110|601|271|982
110|602|271|983
110|603|271|984
110|604|271|985
110|605|271|986
110|606|271|987
110|607|271|988
110|608|271|989
110|609|271|990
110|610|271|991
110|611|271|992
111|611|271|993
111|612|271|994
112|612|271|995
112|613|271|996
113|613|271|997
113|614|271|998
114|614|271|999
114|615|271|1000
114|615|272|1001
114|616|272|1002
114|616|273|1003
114|617|273|1004
114|617|274|1005
114|618|274|1006
114|618|275|1007
114|619|275|1008
114|619|276|1009
114|620|276|1010
114|620|277|1011
114|621|277|1012
114|621|278|1013
114|622|278|1014
114|622|279|1015
114|623|279|1016
114|623|280|1017
114|624|280|1018
114|624|281|1019
114|625|281|1020
114|625|282|1021
114|626|282|1022
114|626|283|1023
114|627|283|1024
114|627|284|1025
114|628|284|1026
114|628|285|1027
114|629|285|1028
114|629|286|1029
114|630|286|1030
114|630|287|1031
114|631|287|1032
114|631|288|1033
114|632|288|1034
114|632|289|1035
114|633|289|1036
114|634|289|1037
114|635|289|1038
114|636|289|1039
114|637|289|1040
114|638|289|1041
114|639|289|1042
114|640|289|1043
114|641|289|1044
115|641|289|1045
115|642|289|1046
115|643|289|1047
115|644|289|1048
115|645|289|1049
115|646|289|1050
116|646|289|1051
116|647|289|1052
116|648|289|1053
116|649|289|1054
117|649|289|1055
117|650|289|1056
118|650|289|1057
118|651|289|1058
119|651|289|1059
119|652|289|1060
119|653|289|1061
119|654|289|1062
119|655|289|1063
119|656|289|1064
119|657|289|1065
119|658|289|1066
119|659|289|1067
119|660|289|1068
120|660|289|1069
120|661|289|1070
120|662|289|1071
120|663|289|1072
120|664|289|1073
120|664|290|1074
120|665|290|1075
120|665|291|1076
120|666|291|1077
120|666|292|1078
120|667|292|1079
120|667|293|1080
120|667|294|1081
120|667|295|1082
120|668|295|1083
120|668|296|1084
120|669|296|1085
120|669|297|1086
120|670|297|1087
120|670|298|1088
120|671|298|1089
120|671|299|1090
120|672|299|1091
120|672|300|1092
120|673|300|1093
120|673|301|1094
120|674|301|1095
120|674|302|1096
120|675|302|1097
120|675|303|1098
120|676|303|1099
120|676|304|1100
120|677|304|1101
120|677|305|1102
120|678|305|1103
120|678|306|1104
120|679|306|1105
120|679|307|1106
120|679|308|1107
120|679|309|1108
121|679|309|1109
121|680|309|1110
122|680|309|1111
122|681|309|1112
122|682|309|1113
122|683|309|1114
122|684|309|1115
122|685|309|1116
123|685|309|1117
123|686|309|1118
123|687|309|1119
123|688|309|1120
123|689|309|1121
123|690|309|1122
124|690|309|1123
124|691|309|1124
124|692|309|1125
124|693|309|1126
124|694|309|1127
124|695|309|1128
124|696|309|1129
124|697|309|1130
125|697|309|1131
125|698|309|1132
125|699|309|1133
125|700|309|1134
125|701|309|1135
125|702|309|1136
125|703|309|1137
125|704|309|1138
125|705|309|1139
125|706|309|1140
126|706|309|1141
126|707|309|1142
127|707|309|1143
127|708|309|1144
127|708|310|1145
127|709|310|1146
127|709|311|1147
127|710|311|1148
127|710|312|1149
127|711|312|1150
127|711|313|1151
127|712|313|1152
127|712|314|1153
127|713|314|1154
127|713|315|1155
127|714|315|1156
127|714|316|1157
127|715|316|1158
127|715|317|1159
127|716|317|1160
127|716|318|1161
127|717|318|1162
127|717|319|1163
127|718|319|1164
127|718|320|1165
127|719|320|1166
127|719|321|1167
127|720|321|1168
127|720|322|1169
127|721|322|1170
127|721|323|1171
127|722|323|1172
127|722|324|1173
127|723|324|1174
127|723|325|1175
127|724|325|1176
127|724|326|1177
127|725|326|1178
127|725|327|1179
127|726|327|1180
127|727|327|1181
127|727|328|1182
127|728|328|1183
127|728|329|1184
127|729|329|1185
127|729|330|1186
127|730|330|1187
127|730|331|1188
127|731|331|1189
127|731|332|1190
127|732|332|1191
127|732|333|1192
127|733|333|1193
127|733|334|1194
127|734|334|1195
127|734|335|1196
127|735|335|1197
127|735|336|1198
127|736|336|1199
127|736|337|1200
127|737|337|1201
127|737|338|1202
127|738|338|1203
127|738|339|1204
127|739|339|1205
127|739|340|1206
127|740|340|1207
127|740|341|1208
127|741|341|1209
127|741|342|1210
127|742|342|1211
127|742|343|1212
127|743|343|1213
127|743|344|1214
127|744|344|1215
127|744|345|1216
127|745|345|1217
127|745|346|1218
127|746|346|1219
127|746|347|1220
127|747|347|1221
127|747|348|1222
127|748|348|1223
127|748|349|1224
127|749|349|1225
127|749|350|1226
127|750|350|1227
127|750|351|1228
127|751|351|1229
127|751|352|1230
127|752|352|1231
127|752|353|1232
127|753|353|1233
127|753|354|1234
127|754|354|1235
127|754|355|1236
127|755|355|1237
127|755|356|1238
127|756|356|1239
127|756|357|1240
127|757|357|1241
127|757|358|1242
127|758|358|1243
127|758|359|1244
127|759|359|1245
127|759|360|1246
127|760|360|1247
127|760|361|1248
127|761|361|1249
127|761|362|1250
127|762|362|1251
127|762|363|1252
128|762|363|1253
128|763|363|1254
129|763|363|1255
129|764|363|1256
129|765|363|1257
129|766|363|1258
130|766|363|1259
130|767|363|1260
131|767|363|1261
131|768|363|1262
132|768|363|1263
132|769|363|1264
133|769|363|1265
133|769|364|1266
133|770|364|1267
133|771|364|1268
134|771|364|1269
134|772|364|1270
134|773|364|1271
134|773|365|1272
135|773|365|1273
135|773|366|1274
135|774|366|1275
135|775|366|1276
135|776|366|1277
135|776|367|1278
135|777|367|1279
135|778|367|1280
136|778|367|1281
136|779|367|1282
137|779|367|1283
137|780|367|1284
138|780|367|1285
138|781|367|1286
138|782|367|1287
138|783|367|1288
138|783|368|1289
138|784|368|1290
138|784|369|1291
138|785|369|1292
138|785|370|1293
139|785|370|1294
139|786|370|1295
139|787|370|1296
139|787|371|1297
139|788|371|1298
139|788|372|1299
139|789|372|1300
139|789|373|1301
139|789|374|1302
140|789|374|1303
140|790|374|1304
140|790|375|1305
140|791|375|1306
140|792|375|1307
140|792|376|1308
140|792|377|1309
140|792|378|1310
140|792|379|1311
140|793|379|1312
140|794|379|1313
140|794|380|1314
140|794|381|1315
140|795|381|1316
140|795|382|1317
140|796|382|1318
140|796|383|1319
140|797|383|1320
140|797|384|1321
140|798|384|1322
140|798|385|1323
140|799|385|1324
140|800|385|1325
140|800|386|1326
140|801|386|1327
140|801|387|1328
140|802|387|1329
140|802|388|1330
140|803|388|1331
140|803|389|1332
140|804|389|1333
140|804|390|1334
140|805|390|1335
140|805|391|1336
140|806|391|1337
140|806|392|1338
140|807|392|1339
140|807|393|1340
140|808|393|1341
140|808|394|1342
140|809|394|1343
140|809|395|1344
140|810|395|1345
140|810|396|1346
140|811|396|1347
140|811|397|1348
140|812|397|1349
140|812|398|1350
140|813|398|1351
140|813|399|1352
140|814|399|1353
140|814|400|1354
140|815|400|1355
140|815|401|1356
140|816|401|1357
140|816|402|1358
140|817|402|1359
140|817|403|1360
140|818|403|1361
140|819|403|1362
140|820|403|1363
140|821|403|1364
140|822|403|1365
141|822|403|1366
141|823|403|1367
141|824|403|1368
141|824|404|1369
141|825|404|1370
141|826|404|1371
141|827|404|1372
141|828|404|1373
141|828|405|1374
141|829|405|1375
141|830|405|1376
141|830|406|1377
141|831|406|1378
141|832|406|1379
141|832|407|1380
141|833|407|1381
141|833|408|1382
141|834|408|1383
141|834|409|1384
141|834|410|1385
141|835|410|1386
141|836|410|1387
141|836|411|1388
141|837|411|1389
141|838|411|1390
141|839|411|1391
141|840|411|1392
141|840|412|1393
141|841|412|1394
141|842|412|1395
141|843|412|1396
142|843|412|1397
142|844|412|1398
142|844|413|1399
142|845|413|1400
142|845|414|1401
142|846|414|1402
143|846|414|1403
143|847|414|1404
143|847|415|1405
143|848|415|1406
143|848|416|1407
143|849|416|1408
144|849|416|1409
144|850|416|1410
144|850|417|1411
144|851|417|1412
145|851|417|1413
145|852|417|1414
145|852|418|1415
145|853|418|1416
146|853|418|1417
146|854|418|1418
146|854|419|1419
146|855|419|1420
147|855|419|1421
147|856|419|1422
148|856|419|1423
148|857|419|1424
149|857|419|1425
149|858|419|1426
149|858|420|1427
149|859|420|1428
150|859|420|1429
150|860|420|1430
151|860|420|1431
151|861|420|1432
152|861|420|1433
152|862|420|1434
152|862|421|1435
152|863|421|1436
153|863|421|1437
153|864|421|1438
153|864|422|1439
153|865|422|1440
154|865|422|1441
154|866|422|1442
154|867|422|1443
154|868|422|1444
155|868|422|1445
155|869|422|1446
155|869|423|1447
155|870|423|1448
156|870|423|1449
156|871|423|1450
157|871|423|1451
157|872|423|1452
157|872|424|1453
157|873|424|1454
157|873|425|1455
157|874|425|1456
157|874|426|1457
157|875|426|1458
157|875|427|1459
157|876|427|1460
157|876|428|1461
157|877|428|1462
158|877|428|1463
158|878|428|1464
158|878|429|1465
158|879|429|1466
158|880|429|1467
158|881|429|1468
158|882|429|1469
158|883|429|1470
158|884|429|1471
158|885|429|1472
158|886|429|1473
158|887|429|1474
158|888|429|1475
158|889|429|1476
158|890|429|1477
158|891|429|1478
158|892|429|1479
158|893|429|1480
158|894|429|1481
158|895|429|1482
158|896|429|1483
158|897|429|1484
158|898|429|1485
158|899|429|1486
158|900|429|1487
158|901|429|1488
158|902|429|1489
158|903|429|1490
158|904|429|1491
158|905|429|1492
158|906|429|1493
158|907|429|1494
158|908|429|1495
158|909|429|1496
158|910|429|1497
158|911|429|1498
158|912|429|1499
158|913|429|1500
159|913|429|1501
159|914|429|1502
159|915|429|1503
159|916|429|1504
159|916|430|1505
159|917|430|1506
160|917|430|1507
160|918|430|1508
160|919|430|1509
161|919|430|1510
161|920|430|1511
161|921|430|1512
161|922|430|1513
161|923|430|1514
161|924|430|1515
161|925|430|1516
161|926|430|1517
161|927|430|1518
161|928|430|1519
161|929|430|1520
161|929|431|1521
161|930|431|1522
161|931|431|1523
161|932|431|1524
161|933|431|1525
161|933|432|1526
161|934|432|1527
161|935|432|1528
161|935|433|1529
161|936|433|1530
161|937|433|1531
161|938|433|1532
161|939|433|1533
161|940|433|1534
161|941|433|1535
161|942|433|1536
162|942|433|1537
162|943|433|1538
162|944|433|1539
162|945|433|1540
163|945|433|1541
163|945|434|1542
163|946|434|1543
163|946|435|1544
163|947|435|1545
163|947|436|1546
163|947|437|1547
163|948|437|1548
163|949|437|1549
163|949|438|1550
163|950|438|1551
163|950|439|1552
164|950|439|1553
164|950|440|1554
164|950|441|1555
164|951|441|1556
164|952|441|1557
164|952|442|1558
164|953|442|1559
164|953|443|1560
165|953|443|1561
165|954|443|1562
166|954|443|1563
166|954|444|1564
166|955|444|1565
166|955|445|1566
166|956|445|1567
166|956|446|1568
166|956|447|1569
166|957|447|1570
166|957|448|1571
166|958|448|1572
166|959|448|1573
166|960|448|1574
167|960|448|1575
167|960|449|1576
168|960|449|1577
168|961|449|1578
169|961|449|1579
169|962|449|1580
169|963|449|1581
169|964|449|1582
170|964|449|1583
170|965|449|1584
170|966|449|1585
170|967|449|1586
171|967|449|1587
171|967|450|1588
172|967|450|1589
172|968|450|1590
173|968|450|1591
173|969|450|1592
173|970|450|1593
173|971|450|1594
173|972|450|1595
173|972|451|1596
174|972|451|1597
174|973|451|1598
174|974|451|1599
174|975|451|1600
174|976|451|1601
174|976|452|1602
174|977|452|1603
174|978|452|1604
175|978|452|1605
175|979|452|1606
176|979|452|1607
176|980|452|1608
177|980|452|1609
177|981|452|1610
177|982|452|1611
177|983|452|1612
178|983|452|1613
178|983|453|1614
178|984|453|1615
178|984|454|1616
179|984|454|1617
179|984|455|1618
179|984|456|1619
179|984|457|1620
179|985|457|1621
179|985|458|1622
179|986|458|1623
179|986|459|1624
179|987|459|1625
179|987|460|1626
179|987|461|1627
179|987|462|1628
179|988|462|1629
179|988|463|1630
179|989|463|1631
179|989|464|1632
180|989|464|1633
180|989|465|1634
181|989|465|1635
181|989|466|1636
181|990|466|1637
181|990|467|1638
181|991|467|1639
181|991|468|1640
181|992|468|1641
182|992|468|1642
182|993|468|1643
183|993|468|1644
183|994|468|1645
183|994|469|1646
184|994|469|1647
185|994|469|1648
186|994|469|1649
186|994|470|1650
186|995|470|1651
186|996|470|1652
186|997|470|1653
186|997|471|1654
186|997|472|1655
187|997|472|1656
187|998|472|1657
187|999|472|1658
187|1000|472|1659
187|1000|473|1660
187|1001|473|1661
187|1002|473|1662
187|1003|473|1663
188|1003|473|1664
188|1004|473|1665
188|1004|474|1666
188|1005|474|1667
188|1005|475|1668
189|1005|475|1669
189|1006|475|1670
189|1007|475|1671
189|1008|475|1672
189|1009|475|1673
189|1009|476|1674
189|1010|476|1675
189|1011|476|1676
189|1012|476|1677
189|1013|476|1678
189|1014|476|1679
190|1014|476|1680
190|1015|476|1681
190|1015|477|1682
190|1016|477|1683
191|1016|477|1684
191|1016|478|1685
191|1017|478|1686
191|1017|479|1687
191|1018|479|1688
191|1018|480|1689
191|1019|480|1690
191|1019|481|1691
191|1020|481|1692
191|1020|482|1693
191|1021|482|1694
191|1021|483|1695
191|1022|483|1696
191|1022|484|1697
191|1023|484|1698
191|1023|485|1699
191|1024|485|1700
191|1024|486|1701
191|1025|486|1702
191|1025|487|1703
191|1026|487|1704
191|1026|488|1705
191|1027|488|1706
191|1027|489|1707
191|1028|489|1708
191|1028|490|1709
191|1029|490|1710
191|1029|491|1711
191|1030|491|1712
191|1030|492|1713
191|1031|492|1714
191|1031|493|1715
191|1032|493|1716
191|1032|494|1717
191|1033|494|1718
191|1033|495|1719
191|1034|495|1720
191|1035|495|1721
191|1036|495|1722
191|1037|495|1723
191|1038|495|1724
191|1039|495|1725
191|1040|495|1726
191|1041|495|1727
191|1042|495|1728
192|1042|495|1729
192|1043|495|1730
193|1043|495|1731
193|1044|495|1732
193|1045|495|1733
193|1046|495|1734
194|1046|495|1735
194|1047|495|1736
194|1048|495|1737
194|1049|495|1738
195|1049|495|1739
195|1050|495|1740
195|1051|495|1741
195|1052|495|1742
195|1053|495|1743
195|1054|495|1744
195|1055|495|1745
195|1056|495|1746
195|1057|495|1747
195|1058|495|1748
195|1059|495|1749
195|1060|495|1750
196|1060|495|1751
196|1061|495|1752
196|1062|495|1753
196|1063|495|1754
196|1064|495|1755
196|1065|495|1756
196|1066|495|1757
196|1066|496|1758
196|1067|496|1759
196|1067|497|1760
196|1068|497|1761
196|1068|498|1762
196|1069|498|1763
196|1069|499|1764
196|1069|500|1765
196|1069|501|1766
196|1070|501|1767
196|1070|502|1768
196|1071|502|1769
196|1071|503|1770
196|1072|503|1771
196|1072|504|1772
196|1073|504|1773
196|1073|505|1774
196|1074|505|1775
196|1074|506|1776
196|1075|506|1777
196|1075|507|1778
196|1076|507|1779
196|1076|508|1780
196|1077|508|1781
196|1077|509|1782
196|1078|509|1783
196|1078|510|1784
196|1078|511|1785
196|1078|512|1786
196|1079|512|1787
196|1079|513|1788
196|1080|513|1789
196|1080|514|1790
196|1081|514|1791
196|1081|515|1792
197|1081|515|1793
197|1082|515|1794
198|1082|515|1795
198|1083|515|1796
199|1083|515|1797
199|1084|515|1798
200|1084|515|1799
200|1085|515|1800
200|1086|515|1801
200|1087|515|1802
200|1088|515|1803
200|1089|515|1804
200|1090|515|1805
200|1091|515|1806
201|1091|515|1807
201|1092|515|1808
201|1093|515|1809
201|1094|515|1810
201|1095|515|1811
201|1096|515|1812
202|1096|515|1813
202|1097|515|1814
203|1097|515|1815
203|1098|515|1816
203|1099|515|1817
203|1100|515|1818
203|1101|515|1819
203|1102|515|1820
203|1103|515|1821
203|1104|515|1822
204|1104|515|1823
204|1105|515|1824
205|1105|515|1825
205|1106|515|1826
205|1107|515|1827
205|1108|515|1828
205|1108|516|1829
205|1109|516|1830
205|1109|517|1831
205|1110|517|1832
205|1110|518|1833
205|1111|518|1834
205|1111|519|1835
205|1112|519|1836
205|1112|520|1837
205|1113|520|1838
205|1113|521|1839
205|1114|521|1840
205|1114|522|1841
205|1115|522|1842
205|1115|523|1843
205|1116|523|1844
205|1116|524|1845
205|1117|524|1846
205|1117|525|1847
205|1118|525|1848
205|1118|526|1849
205|1119|526|1850
205|1119|527|1851
205|1120|527|1852
205|1120|528|1853
205|1121|528|1854
205|1121|529|1855
205|1122|529|1856
205|1122|530|1857
205|1123|530|1858
205|1123|531|1859
205|1124|531|1860
205|1124|532|1861
205|1125|532|1862
205|1125|533|1863
205|1126|533|1864
205|1127|533|1865
205|1127|534|1866
205|1128|534|1867
205|1128|535|1868
205|1129|535|1869
205|1129|536|1870
205|1130|536|1871
205|1130|537|1872
205|1131|537|1873
205|1131|538|1874
205|1132|538|1875
205|1132|539|1876
205|1133|539|1877
205|1133|540|1878
205|1134|540|1879
205|1134|541|1880
205|1135|541|1881
205|1135|542|1882
205|1136|542|1883
205|1136|543|1884
205|1137|543|1885
205|1137|544|1886
205|1138|544|1887
205|1138|545|1888
205|1139|545|1889
205|1139|546|1890
205|1140|546|1891
205|1140|547|1892
205|1141|547|1893
205|1141|548|1894
205|1142|548|1895
205|1142|549|1896
205|1143|549|1897
205|1143|550|1898
205|1144|550|1899
205|1144|551|1900
205|1145|551|1901
205|1145|552|1902
205|1146|552|1903
205|1146|553|1904
205|1147|553|1905
205|1147|554|1906
205|1148|554|1907
205|1148|555|1908
205|1149|555|1909
205|1149|556|1910
205|1150|556|1911
205|1150|557|1912
205|1151|557|1913
205|1151|558|1914
205|1152|558|1915
205|1152|559|1916
205|1152|560|1917
205|1152|561|1918
205|1153|561|1919
205|1153|562|1920
205|1154|562|1921
205|1154|563|1922
205|1155|563|1923
205|1155|564|1924
205|1156|564|1925
205|1156|565|1926
205|1157|565|1927
205|1157|566|1928
205|1158|566|1929
205|1158|567|1930
205|1159|567|1931
205|1159|568|1932
205|1160|568|1933
205|1160|569|1934
205|1161|569|1935
205|1161|570|1936
205|1162|570|1937
205|1163|570|1938
206|1163|570|1939
206|1164|570|1940
206|1165|570|1941
206|1166|570|1942
206|1167|570|1943
206|1168|570|1944
207|1168|570|1945
207|1169|570|1946
207|1170|570|1947
207|1171|570|1948
207|1172|570|1949
207|1172|571|1950
207|1173|571|1951
207|1174|571|1952
208|1174|571|1953
208|1175|571|1954
208|1176|571|1955
208|1176|572|1956
209|1176|572|1957
209|1176|573|1958
210|1176|573|1959
210|1177|573|1960
210|1178|573|1961
210|1178|574|1962
210|1179|574|1963
210|1180|574|1964
210|1181|574|1965
210|1182|574|1966
211|1182|574|1967
211|1183|574|1968
212|1183|574|1969
212|1184|574|1970
213|1184|574|1971
213|1185|574|1972
214|1185|574|1973
214|1185|575|1974
215|1185|575|1975
215|1186|575|1976
215|1187|575|1977
215|1187|576|1978
216|1187|576|1979
216|1188|576|1980
216|1188|577|1981
216|1189|577|1982
216|1190|577|1983
216|1191|577|1984
216|1191|578|1985
216|1191|579|1986
216|1192|579|1987
216|1193|579|1988
216|1193|580|1989
216|1194|580|1990
216|1195|580|1991
216|1195|581|1992
216|1195|582|1993
216|1195|583|1994
217|1195|583|1995
217|1196|583|1996
217|1197|583|1997
217|1197|584|1998
217|1198|584|1999
217|1199|584|2000
