total
0|1|0|1
0|2|0|2
0|3|0|3
0|4|0|4
0|4|1|5
0|4|2|6
0|5|2|7
0|6|2|8
1|6|2|9
1|6|3|10
1|6|4|11
1|7|4|12
1|7|5|13
1|8|5|14
1|8|6|15
1|9|6|16
1|10|6|17
1|10|7|18
1|10|8|19
1|11|8|20
1|11|9|21
1|11|10|22
1|12|10|23
1|12|11|24
2|12|11|25
2|12|12|26
2|12|13|27
2|13|13|28
2|13|14|29
2|13|15|30
2|13|16|31
2|13|17|32
2|13|18|33
2|13|19|34
2|13|20|35
2|13|21|36
2|13|22|37
2|13|23|38
2|13|24|39
2|13|25|40
2|13|26|41
2|13|27|42
2|13|28|43
2|13|29|44
2|13|30|45
2|13|31|46
2|13|32|47
2|13|33|48
2|13|34|49
2|13|35|50
2|13|36|51
2|13|37|52
2|13|38|53
2|13|39|54
2|13|40|55
2|13|41|56
2|13|42|57
2|13|43|58
2|13|44|59
2|13|45|60
2|13|46|61
2|13|47|62
2|13|48|63
2|13|49|64
2|14|49|65
2|14|50|66
2|15|50|67
2|15|51|68
2|16|51|69
2|16|52|70
2|17|52|71
2|17|53|72
2|18|53|73
2|18|54|74
2|19|54|75
2|19|55|76
2|20|55|77
2|20|56|78
2|21|56|79
2|21|57|80
2|22|57|81
2|22|58|82
2|23|58|83
2|23|59|84
2|24|59|85
2|24|60|86
2|25|60|87
2|25|61|88
2|26|61|89
2|26|62|90
2|27|62|91
2|27|63|92
2|28|63|93
2|28|64|94
2|29|64|95
2|29|65|96
2|30|65|97
2|30|66|98
2|31|66|99
2|31|67|100
3|31|67|101
3|31|68|102
4|31|68|103
4|31|69|104
5|31|69|105
5|31|70|106
6|31|70|107
6|31|71|108
7|31|71|109
7|31|72|110
8|31|72|111
8|31|73|112
9|31|73|113
9|31|74|114
10|31|74|115
10|31|75|116
11|31|75|117
11|31|76|118
12|31|76|119
12|31|77|120
13|31|77|121
13|31|78|122
14|31|78|123
14|31|79|124
15|31|79|125
15|31|80|126
16|31|80|127
16|31|81|128
17|31|81|129
17|31|82|130
18|31|82|131
18|31|83|132
19|31|83|133
19|31|84|134
20|31|84|135
20|31|85|136
20|31|86|137
20|31|87|138
20|32|87|139
20|32|88|140
20|32|89|141
20|33|89|142
20|34|89|143
20|35|89|144
21|35|89|145
21|35|90|146
21|36|90|147
21|37|90|148
21|37|91|149
21|38|91|150
21|39|91|151
21|40|91|152
21|41|91|153
21|41|92|154
21|41|93|155
21|42|93|156
21|42|94|157
21|43|94|158
21|43|95|159
21|44|95|160
21|44|96|161
21|45|96|162
21|45|97|163
21|46|97|164
21|46|98|165
21|47|98|166
21|48|98|167
21|49|98|168
21|50|98|169
21|50|99|170
21|51|99|171
21|51|100|172
21|51|101|173
21|51|102|174
21|51|103|175
21|51|104|176
21|51|105|177
21|51|106|178
21|52|106|179
21|52|107|180
21|52|108|181
21|52|109|182
21|52|110|183
21|52|111|184
21|52|112|185
21|52|113|186
21|53|113|187
21|53|114|188
21|53|115|189
21|53|116|190
22|53|116|191
22|53|117|192
22|54|117|193
22|54|118|194
22|54|119|195
22|55|119|196
22|55|120|197
22|55|121|198
22|55|122|199
22|55|123|200
22|56|123|201
22|56|124|202
23|56|124|203
23|56|125|204
24|56|125|205
24|56|126|206
24|56|127|207
24|56|128|208
24|56|129|209
24|57|129|210
24|57|130|211
24|58|130|212
24|58|131|213
24|59|131|214
24|59|132|215
24|60|132|216
24|60|133|217
24|61|133|218
24|61|134|219
24|62|134|220
24|62|135|221
24|63|135|222
24|63|136|223
24|64|136|224
24|64|137|225
24|65|137|226
24|65|138|227
24|66|138|228
24|66|139|229
24|67|139|230
24|67|140|231
24|68|140|232
24|68|141|233
24|69|141|234
24|69|142|235
24|70|142|236
24|71|142|237
24|72|142|238
24|73|142|239
24|74|142|240
24|75|142|241
24|76|142|242
24|76|143|243
24|77|143|244
24|77|144|245
24|78|144|246
24|78|145|247
24|79|145|248
24|80|145|249
24|81|145|250
24|81|146|251
24|81|147|252
24|82|147|253
24|82|148|254
24|82|149|255
24|83|149|256
24|83|150|257
24|84|150|258
24|84|151|259
24|84|152|260
24|84|153|261
24|85|153|262
24|85|154|263
24|85|155|264
24|85|156|265
24|86|156|266
24|86|157|267
24|87|157|268
24|87|158|269
24|88|158|270
24|88|159|271
24|89|159|272
24|89|160|273
24|90|160|274
24|90|161|275
24|91|161|276
24|91|162|277
24|91|163|278
24|91|164|279
24|92|164|280
24|92|165|281
24|93|165|282
24|93|166|283
24|94|166|284
24|95|166|285
24|96|166|286
24|97|166|287
24|98|166|288
24|98|167|289
24|99|167|290
24|99|168|291
24|100|168|292
24|101|168|293
24|102|168|294
24|103|168|295
24|104|168|296
24|105|168|297
24|106|168|298
24|107|168|299
24|108|168|300
24|108|169|301
24|109|169|302
24|109|170|303
24|110|170|304
24|110|171|305
24|111|171|306
24|112|171|307
24|113|171|308
24|113|172|309
25|113|172|310
25|114|172|311
25|115|172|312
25|116|172|313
25|117|172|314
25|118|172|315
25|119|172|316
25|120|172|317
25|120|173|318
26|120|173|319
26|120|174|320
26|121|174|321
26|121|175|322
26|122|175|323
26|122|176|324
26|123|176|325
26|123|177|326
27|123|177|327
27|123|178|328
27|124|178|329
27|124|179|330
27|125|179|331
27|125|180|332
27|125|181|333
27|125|182|334
27|126|182|335
27|126|183|336
28|126|183|337
28|126|184|338
28|127|184|339
28|127|185|340
28|128|185|341
28|128|186|342
28|128|187|343
28|128|188|344
28|129|188|345
28|129|189|346
28|130|189|347
28|130|190|348
28|131|190|349
28|131|191|350
28|132|191|351
28|132|192|352
28|132|193|353
28|133|193|354
28|134|193|355
28|135|193|356
28|135|194|357
28|135|195|358
28|135|196|359
28|136|196|360
28|137|196|361
28|137|197|362
28|137|198|363
28|138|198|364
28|138|199|365
28|139|199|366
28|140|199|367
28|140|200|368
28|140|201|369
28|141|201|370
28|142|201|371
28|143|201|372
28|144|201|373
28|145|201|374
28|146|201|375
28|146|202|376
28|146|203|377
28|147|203|378
28|147|204|379
28|148|204|380
28|148|205|381
28|149|205|382
28|150|205|383
28|151|205|384
28|152|205|385
28|153|205|386
28|154|205|387
28|154|206|388
28|154|207|389
28|154|208|390
28|154|209|391
28|155|209|392
28|155|210|393
28|156|210|394
28|156|211|395
28|157|211|396
28|157|212|397
28|157|213|398
28|157|214|399
28|157|215|400
28|157|216|401
28|158|216|402
28|158|217|403
28|158|218|404
28|158|219|405
28|159|219|406
28|159|220|407
28|159|221|408
28|159|222|409
28|159|223|410
28|159|224|411
28|159|225|412
28|159|226|413
28|160|226|414
28|160|227|415
28|161|227|416
28|161|228|417
28|161|229|418
28|161|230|419
28|162|230|420
28|162|231|421
28|163|231|422
28|163|232|423
28|163|233|424
28|164|233|425
28|165|233|426
28|165|234|427
28|166|234|428
28|166|235|429
28|167|235|430
28|168|235|431
28|169|235|432
28|169|236|433
28|170|236|434
28|171|236|435
28|172|236|436
28|173|236|437
28|174|236|438
28|174|237|439
28|175|237|440
28|175|238|441
28|176|238|442
28|176|239|443
28|177|239|444
28|177|240|445
28|178|240|446
28|179|240|447
28|180|240|448
28|180|241|449
28|181|241|450
28|181|242|451
28|182|242|452
28|182|243|453
29|182|243|454
29|183|243|455
29|184|243|456
29|185|243|457
29|186|243|458
29|186|244|459
29|187|244|460
29|188|244|461
29|188|245|462
30|188|245|463
30|188|246|464
31|188|246|465
31|188|247|466
31|189|247|467
31|189|248|468
31|190|248|469
31|190|249|470
32|190|249|471
32|190|250|472
32|191|250|473
32|191|251|474
32|192|251|475
32|192|252|476
32|193|252|477
32|193|253|478
33|193|253|479
33|193|254|480
34|193|254|481
34|193|255|482
34|193|256|483
34|193|257|484
34|194|257|485
34|194|258|486
34|195|258|487
34|195|259|488
34|196|259|489
34|196|260|490
34|197|260|491
34|197|261|492
34|198|261|493
34|198|262|494
34|199|262|495
34|199|263|496
34|199|264|497
34|200|264|498
34|200|265|499
34|201|265|500
34|201|266|501
34|202|266|502
34|202|267|503
34|203|267|504
34|203|268|505
34|204|268|506
34|204|269|507
34|205|269|508
34|205|270|509
34|206|270|510
34|206|271|511
34|207|271|512
34|207|272|513
34|208|272|514
34|208|273|515
34|209|273|516
34|209|274|517
34|210|274|518
34|210|275|519
34|211|275|520
34|211|276|521
34|212|276|522
34|212|277|523
34|213|277|524
34|213|278|525
34|214|278|526
34|214|279|527
34|215|279|528
34|215|280|529
34|216|280|530
34|216|281|531
34|217|281|532
34|217|282|533
34|217|283|534
34|217|284|535
34|218|284|536
34|218|285|537
34|218|286|538
34|218|287|539
34|219|287|540
34|219|288|541
34|219|289|542
34|219|290|543
34|219|291|544
34|219|292|545
34|219|293|546
34|219|294|547
34|220|294|548
34|220|295|549
34|220|296|550
34|220|297|551
34|221|297|552
34|221|298|553
34|222|298|554
34|222|299|555
34|222|300|556
34|222|301|557
34|223|301|558
34|223|302|559
34|223|303|560
34|223|304|561
34|223|305|562
34|223|306|563
34|224|306|564
34|224|307|565
34|225|307|566
34|225|308|567
34|225|309|568
34|225|310|569
34|226|310|570
34|226|311|571
34|227|311|572
34|227|312|573
34|228|312|574
34|229|312|575
34|230|312|576
34|231|312|577
34|231|313|578
34|232|313|579
34|232|314|580
34|232|315|581
34|233|315|582
34|234|315|583
34|235|315|584
34|235|316|585
34|235|317|586
34|235|318|587
34|236|318|588
34|236|319|589
34|237|319|590
34|237|320|591
34|238|320|592
34|238|321|593
34|239|321|594
34|239|322|595
34|240|322|596
34|241|322|597
34|242|322|598
34|243|322|599
35|243|322|600
35|243|323|601
36|243|323|602
36|243|324|603
36|244|324|604
36|244|325|605
36|244|326|606
36|244|327|607
36|245|327|608
36|245|328|609
36|245|329|610
36|245|330|611
36|246|330|612
36|247|330|613
36|247|331|614
36|248|331|615
36|248|332|616
36|248|333|617
36|248|334|618
36|249|334|619
36|250|334|620
36|251|334|621
36|251|335|622
36|251|336|623
36|252|336|624
36|252|337|625
36|252|338|626
36|252|339|627
36|252|340|628
36|252|341|629
36|253|341|630
36|253|342|631
36|253|343|632
36|254|343|633
36|254|344|634
36|254|345|635
36|254|346|636
36|255|346|637
36|255|347|638
36|255|348|639
36|255|349|640
36|255|350|641
36|256|350|642
36|256|351|643
36|257|351|644
36|257|352|645
36|258|352|646
36|258|353|647
36|259|353|648
36|259|354|649
36|260|354|650
36|260|355|651
36|261|355|652
36|261|356|653
36|262|356|654
36|262|357|655
36|263|357|656
36|263|358|657
36|264|358|658
36|264|359|659
36|265|359|660
36|265|360|661
36|266|360|662
36|266|361|663
36|267|361|664
36|267|362|665
36|268|362|666
36|268|363|667
36|269|363|668
36|269|364|669
36|270|364|670
36|270|365|671
36|271|365|672
36|271|366|673
36|272|366|674
36|272|367|675
36|273|367|676
36|273|368|677
36|273|369|678
36|273|370|679
36|274|370|680
36|274|371|681
36|275|371|682
36|276|371|683
36|277|371|684
36|278|371|685
36|278|372|686
36|279|372|687
36|280|372|688
36|280|373|689
36|280|374|690
36|280|375|691
36|281|375|692
36|282|375|693
36|282|376|694
36|282|377|695
36|283|377|696
36|283|378|697
36|284|378|698
36|284|379|699
36|284|380|700
36|284|381|701
36|284|382|702
36|284|383|703
36|285|383|704
36|285|384|705
36|285|385|706
36|286|385|707
36|286|386|708
37|286|386|709
37|286|387|710
37|286|388|711
37|286|389|712
37|286|390|713
37|286|391|714
37|286|392|715
37|286|393|716
37|286|394|717
37|286|395|718
37|286|396|719
37|286|397|720
37|286|398|721
37|286|399|722
37|286|400|723
37|286|401|724
37|286|402|725
37|286|403|726
37|286|404|727
37|286|405|728
37|286|406|729
37|286|407|730
37|286|408|731
37|286|409|732
37|286|410|733
37|286|411|734
37|286|412|735
37|286|413|736
37|286|414|737
37|286|415|738
37|286|416|739
37|286|417|740
37|286|418|741
37|286|419|742
37|286|420|743
37|286|421|744
37|286|422|745
37|286|423|746
37|286|424|747
37|286|425|748
37|287|425|749
37|287|426|750
37|288|426|751
37|288|427|752
37|289|427|753
37|289|428|754
37|290|428|755
37|290|429|756
37|291|429|757
37|291|430|758
37|292|430|759
37|292|431|760
37|293|431|761
37|293|432|762
37|294|432|763
37|294|433|764
37|295|434|766
37|295|435|767
37|296|435|768
37|296|436|769
37|297|436|770
37|297|437|771
37|298|437|772
37|298|438|773
37|299|438|774
37|299|439|775
37|300|439|776
37|300|440|777
37|301|440|778
37|301|441|779
37|302|441|780
37|302|442|781
37|303|442|782
37|303|443|783
37|304|443|784
37|304|444|785
38|304|444|786
38|304|445|787
39|304|445|788
39|304|446|789
40|304|446|790
40|304|447|791
41|304|447|792
41|304|448|793
42|304|448|794
42|304|449|795
43|304|449|796
43|304|450|797
44|304|450|798
44|304|451|799
45|304|451|800
45|304|452|801
46|304|452|802
46|304|453|803
47|304|453|804
47|304|454|805
48|304|454|806
48|304|455|807
49|304|455|808
49|304|456|809
50|304|456|810
50|304|457|811
51|304|457|812
51|304|458|813
52|304|458|814
52|304|459|815
53|304|459|816
53|304|460|817
54|304|460|818
54|304|461|819
55|304|461|820
55|304|462|821
55|305|462|822
55|305|463|823
55|306|463|824
55|306|464|825
55|306|465|826
55|307|465|827
55|308|465|828
55|308|466|829
55|308|467|830
55|308|468|831
55|309|468|832
55|309|469|833
55|309|470|834
55|310|470|835
55|311|470|836
55|311|471|837
55|312|471|838
55|313|471|839
55|313|472|840
55|314|472|841
55|314|473|842
55|315|473|843
55|316|473|844
55|316|474|845
55|317|474|846
55|318|474|847
55|318|475|848
55|318|476|849
55|319|476|850
55|320|476|851
55|321|476|852
55|321|477|853
55|322|477|854
55|323|477|855
55|324|477|856
55|324|478|857
55|324|479|858
55|324|480|859
55|324|481|860
55|324|482|861
55|324|483|862
55|324|484|863
55|324|485|864
55|324|486|865
55|324|487|866
55|324|488|867
55|324|489|868
55|324|490|869
55|324|491|870
55|324|492|871
56|324|492|872
56|324|493|873
56|324|494|874
56|324|495|875
57|324|495|876
57|324|496|877
57|324|497|878
57|324|498|879
57|324|499|880
57|324|500|881
58|324|500|882
58|324|501|883
58|324|502|884
58|324|503|885
58|325|503|886
58|325|504|887
59|325|504|888
59|325|505|889
60|325|505|890
60|325|506|891
60|325|507|892
60|326|507|893
60|326|508|894
60|327|508|895
60|327|509|896
60|328|509|897
60|329|509|898
60|330|509|899
60|331|509|900
60|332|509|901
60|332|510|902
60|333|510|903
60|333|511|904
60|334|511|905
60|334|512|906
60|335|512|907
60|336|512|908
60|337|512|909
60|337|513|910
60|338|513|911
60|338|514|912
60|339|514|913
60|339|515|914
60|340|515|915
60|340|516|916
60|341|516|917
60|341|517|918
60|342|517|919
60|342|518|920
60|343|518|921
60|344|518|922
60|345|518|923
60|346|518|924
60|347|518|925
60|347|519|926
60|348|519|927
60|348|520|928
60|348|521|929
60|348|522|930
60|348|523|931
60|348|524|932
60|349|524|933
60|349|525|934
60|349|526|935
60|349|527|936
60|350|527|937
60|350|528|938
60|351|528|939
60|351|529|940
60|352|529|941
60|352|530|942
60|352|531|943
60|352|532|944
60|353|532|945
60|353|533|946
60|354|533|947
60|354|534|948
60|355|534|949
60|355|535|950
60|356|535|951
60|356|536|952
60|357|536|953
60|357|537|954
60|357|538|955
60|357|539|956
60|357|540|957
60|357|541|958
60|358|541|959
60|359|541|960
60|359|542|961
61|359|542|962
61|359|543|963
61|359|544|964
61|360|544|965
61|360|545|966
61|361|545|967
61|361|546|968
61|362|546|969
61|363|546|970
61|364|546|971
61|365|546|972
61|366|546|973
61|366|547|974
61|367|547|975
61|368|547|976
61|369|547|977
61|370|547|978
61|371|547|979
61|372|547|980
61|373|547|981
61|373|548|982
61|374|548|983
61|375|548|984
61|376|548|985
61|376|549|986
61|377|549|987
61|378|549|988
61|379|549|989
61|379|550|990
61|380|550|991
61|381|550|992
62|381|550|993
62|381|551|994
62|382|551|995
62|383|551|996
62|384|551|997
62|385|551|998
62|386|551|999
62|387|551|1000
62|387|552|1001
62|388|552|1002
62|388|553|1003
62|388|554|1004
62|388|555|1005
62|389|555|1006
62|389|556|1007
62|390|556|1008
62|390|557|1009
62|390|558|1010
62|390|559|1011
62|391|559|1012
62|391|560|1013
62|392|560|1014
62|392|561|1015
63|392|561|1016
63|392|562|1017
63|393|562|1018
63|393|563|1019
63|394|563|1020
63|394|564|1021
63|395|564|1022
63|395|565|1023
63|396|565|1024
63|396|566|1025
63|397|566|1026
63|397|567|1027
63|398|567|1028
63|398|568|1029
63|399|568|1030
63|399|569|1031
64|399|569|1032
64|399|570|1033
65|399|570|1034
65|399|571|1035
65|400|571|1036
65|400|572|1037
65|400|573|1038
65|401|573|1039
65|402|573|1040
65|402|574|1041
65|403|574|1042
65|404|574|1043
65|405|574|1044
65|405|575|1045
65|405|576|1046
65|406|576|1047
65|406|577|1048
65|407|577|1049
65|407|578|1050
65|407|579|1051
65|407|580|1052
65|408|580|1053
65|409|580|1054
65|409|581|1055
65|410|581|1056
65|411|581|1057
65|412|581|1058
65|413|581|1059
65|413|582|1060
65|414|582|1061
65|414|583|1062
65|415|583|1063
65|415|584|1064
65|415|585|1065
65|415|586|1066
65|415|587|1067
65|416|587|1068
65|417|587|1069
65|418|587|1070
65|419|587|1071
65|420|587|1072
65|420|588|1073
65|420|589|1074
65|420|590|1075
65|420|591|1076
65|421|591|1077
65|421|592|1078
65|422|592|1079
65|422|593|1080
65|422|594|1081
65|422|595|1082
65|422|596|1083
65|422|597|1084
65|423|597|1085
65|423|598|1086
65|423|599|1087
65|423|600|1088
65|424|600|1089
65|424|601|1090
65|425|601|1091
65|425|602|1092
65|426|602|1093
65|426|603|1094
65|426|604|1095
65|426|605|1096
65|427|605|1097
65|427|606|1098
65|428|606|1099
65|428|607|1100
65|428|608|1101
65|428|609|1102
65|428|610|1103
65|428|611|1104
65|429|611|1105
65|429|612|1106
65|429|613|1107
65|429|614|1108
65|430|614|1109
65|430|615|1110
65|431|615|1111
65|432|615|1112
65|433|615|1113
65|433|616|1114
65|434|616|1115
65|435|616|1116
65|436|616|1117
65|437|616|1118
65|438|616|1119
65|439|616|1120
65|440|616|1121
65|441|616|1122
65|442|616|1123
65|442|617|1124
65|443|617|1125
65|444|617|1126
65|445|617|1127
65|445|618|1128
65|446|618|1129
65|446|619|1130
65|447|619|1131
65|447|620|1132
65|448|620|1133
65|449|620|1134
65|450|620|1135
65|451|620|1136
66|451|620|1137
66|451|621|1138
66|452|621|1139
66|453|621|1140
66|454|621|1141
66|455|621|1142
66|456|621|1143
66|457|621|1144
66|457|622|1145
66|458|622|1146
66|458|623|1147
67|458|623|1148
67|458|624|1149
67|459|624|1150
67|459|625|1151
67|460|625|1152
67|460|626|1153
67|461|626|1154
67|461|627|1155
67|462|627|1156
67|462|628|1157
67|463|628|1158
67|463|629|1159
67|464|629|1160
67|464|630|1161
67|464|631|1162
67|464|632|1163
67|465|632|1164
67|465|633|1165
67|466|633|1166
67|466|634|1167
67|466|635|1168
67|466|636|1169
67|467|636|1170
67|467|637|1171
67|468|637|1172
67|468|638|1173
67|469|638|1174
67|469|639|1175
68|469|639|1176
68|469|640|1177
68|470|640|1178
68|470|641|1179
69|470|641|1180
69|471|641|1181
69|471|642|1182
69|472|642|1183
69|472|643|1184
69|473|643|1185
69|473|644|1186
69|474|644|1187
69|474|645|1188
69|475|645|1189
69|475|646|1190
69|476|646|1191
69|476|647|1192
69|477|647|1193
69|477|648|1194
69|478|648|1195
69|478|649|1196
69|479|649|1197
69|479|650|1198
69|480|650|1199
69|480|651|1200
69|481|651|1201
69|481|652|1202
69|482|652|1203
69|482|653|1204
69|483|653|1205
69|483|654|1206
69|484|654|1207
69|484|655|1208
69|485|655|1209
69|485|656|1210
69|486|656|1211
69|486|657|1212
69|487|657|1213
69|487|658|1214
69|488|658|1215
69|488|659|1216
69|488|660|1217
69|488|661|1218
69|489|661|1219
69|489|662|1220
69|490|662|1221
69|490|663|1222
69|491|663|1223
69|491|664|1224
69|491|665|1225
69|491|666|1226
69|492|666|1227
69|492|667|1228
69|492|668|1229
69|492|669|1230
69|493|669|1231
69|493|670|1232
69|493|671|1233
69|493|672|1234
69|494|672|1235
69|494|673|1236
69|495|673|1237
69|495|674|1238
69|496|674|1239
69|496|675|1240
69|497|675|1241
69|497|676|1242
69|498|676|1243
69|498|677|1244
69|498|678|1245
69|498|679|1246
69|499|679|1247
69|499|680|1248
69|499|681|1249
69|499|682|1250
69|499|683|1251
69|499|684|1252
69|500|684|1253
69|500|685|1254
69|501|685|1255
69|501|686|1256
69|501|687|1257
69|501|688|1258
69|502|688|1259
69|503|688|1260
69|503|689|1261
69|504|689|1262
69|505|689|1263
69|506|689|1264
69|506|690|1265
69|506|691|1266
69|507|691|1267
69|508|691|1268
69|508|692|1269
69|509|692|1270
69|510|692|1271
69|510|693|1272
69|511|693|1273
69|511|694|1274
69|512|694|1275
69|512|695|1276
69|513|695|1277
69|513|696|1278
69|514|696|1279
69|514|697|1280
69|515|697|1281
69|516|697|1282
70|516|697|1283
70|517|697|1284
71|517|697|1285
71|518|697|1286
71|519|697|1287
71|519|698|1288
71|520|698|1289
71|520|699|1290
71|521|699|1291
71|521|700|1292
71|521|701|1293
71|521|702|1294
71|522|702|1295
71|522|703|1296
71|522|704|1297
71|522|705|1298
71|522|706|1299
71|522|707|1300
71|522|708|1301
71|522|709|1302
71|523|709|1303
71|524|709|1304
71|524|710|1305
71|525|710|1306
71|526|710|1307
71|526|711|1308
71|526|712|1309
71|526|713|1310
71|526|714|1311
71|526|715|1312
71|527|715|1313
71|527|716|1314
71|527|717|1315
71|527|718|1316
71|527|719|1317
71|528|719|1318
71|528|720|1319
72|528|720|1320
72|528|721|1321
73|528|721|1322
73|528|722|1323
73|528|723|1324
73|529|723|1325
73|529|724|1326
73|530|724|1327
73|530|725|1328
73|531|725|1329
73|531|726|1330
73|532|726|1331
73|532|727|1332
73|533|727|1333
73|533|728|1334
73|534|728|1335
73|534|729|1336
73|535|729|1337
73|535|730|1338
73|536|730|1339
73|536|731|1340
73|537|731|1341
73|537|732|1342
73|538|732|1343
73|538|733|1344
73|539|733|1345
73|539|734|1346
73|540|734|1347
73|540|735|1348
73|541|735|1349
73|541|736|1350
73|542|736|1351
73|542|737|1352
73|543|737|1353
73|543|738|1354
73|544|738|1355
73|544|739|1356
73|545|739|1357
73|545|740|1358
73|546|740|1359
73|546|741|1360
73|547|741|1361
73|547|742|1362
73|548|742|1363
73|548|743|1364
73|549|743|1365
73|549|744|1366
73|550|744|1367
73|550|745|1368
73|550|746|1369
73|550|747|1370
73|551|747|1371
73|551|748|1372
73|552|748|1373
73|552|749|1374
73|553|749|1375
73|554|749|1376
73|554|750|1377
73|555|750|1378
73|556|750|1379
73|556|751|1380
73|556|752|1381
73|556|753|1382
73|556|754|1383
73|556|755|1384
73|556|756|1385
73|556|757|1386
73|557|757|1387
73|557|758|1388
73|557|759|1389
73|557|760|1390
73|557|761|1391
73|557|762|1392
73|557|763|1393
74|557|763|1394
74|557|764|1395
74|557|765|1396
74|557|766|1397
74|557|767|1398
74|557|768|1399
74|557|769|1400
74|557|770|1401
74|557|771|1402
74|557|772|1403
74|557|773|1404
74|557|774|1405
74|557|775|1406
74|557|776|1407
74|557|777|1408
74|557|778|1409
74|557|779|1410
74|557|780|1411
74|557|781|1412
74|557|782|1413
74|557|783|1414
74|557|784|1415
74|557|785|1416
74|557|786|1417
74|557|787|1418
74|557|788|1419
74|557|789|1420
74|557|790|1421
74|557|791|1422
74|557|792|1423
74|557|793|1424
74|557|794|1425
74|557|795|1426
74|557|796|1427
74|557|797|1428
74|557|798|1429
74|557|799|1430
74|557|800|1431
74|557|801|1432
74|557|802|1433
74|558|802|1434
74|558|803|1435
74|559|803|1436
74|559|804|1437
74|560|804|1438
74|560|805|1439
74|561|805|1440
74|561|806|1441
74|562|806|1442
74|562|807|1443
74|563|807|1444
74|563|808|1445
74|564|808|1446
74|564|809|1447
74|565|809|1448
74|565|810|1449
74|566|810|1450
74|566|811|1451
74|567|811|1452
74|567|812|1453
74|568|812|1454
74|568|813|1455
74|569|813|1456
74|569|814|1457
74|570|814|1458
74|570|815|1459
74|571|815|1460
74|571|816|1461
74|572|816|1462
74|572|817|1463
74|573|817|1464
74|573|818|1465
74|574|818|1466
74|574|819|1467
74|575|819|1468
74|575|820|1469
75|575|820|1470
75|575|821|1471
76|575|821|1472
76|575|822|1473
77|575|822|1474
77|575|823|1475
78|575|823|1476
78|575|824|1477
79|575|824|1478
79|575|825|1479
80|575|825|1480
80|575|826|1481
81|575|826|1482
81|575|827|1483
82|575|827|1484
82|575|828|1485
83|575|828|1486
83|575|829|1487
84|575|829|1488
84|575|830|1489
85|575|830|1490
85|575|831|1491
86|575|831|1492
86|575|832|1493
87|575|832|1494
87|575|833|1495
88|575|833|1496
88|575|834|1497
89|575|834|1498
89|575|835|1499
90|575|835|1500
90|575|836|1501
91|575|836|1502
91|575|837|1503
92|575|837|1504
92|575|838|1505
92|576|838|1506
92|576|839|1507
92|576|840|1508
92|577|840|1509
92|577|841|1510
92|578|841|1511
92|579|841|1512
92|579|842|1513
92|580|842|1514
92|581|842|1515
92|582|842|1516
92|583|842|1517
92|583|843|1518
92|584|843|1519
92|585|843|1520
92|585|844|1521
92|586|844|1522
92|587|844|1523
92|587|845|1524
92|587|846|1525
92|587|847|1526
92|588|847|1527
92|589|847|1528
92|589|848|1529
92|589|849|1530
92|590|849|1531
92|590|850|1532
92|590|851|1533
92|590|852|1534
92|591|852|1535
92|592|852|1536
92|592|853|1537
92|593|853|1538
92|593|854|1539
92|594|854|1540
92|594|855|1541
92|594|856|1542
92|594|857|1543
92|594|858|1544
92|594|859|1545
92|594|860|1546
92|594|861|1547
93|594|861|1548
93|594|862|1549
93|594|863|1550
93|594|864|1551
93|594|865|1552
93|594|866|1553
93|595|866|1554
93|595|867|1555
94|595|867|1556
94|595|868|1557
94|595|869|1558
94|595|870|1559
94|595|871|1560
94|595|872|1561
94|595|873|1562
94|595|874|1563
94|596|874|1564
94|596|875|1565
95|596|875|1566
95|596|876|1567
95|597|876|1568
95|597|877|1569
95|598|877|1570
95|598|878|1571
95|599|878|1572
95|599|879|1573
96|599|879|1574
96|599|880|1575
96|599|881|1576
97|599|881|1577
97|600|881|1578
97|601|881|1579
97|602|881|1580
97|603|881|1581
97|604|881|1582
97|605|881|1583
97|606|881|1584
97|607|881|1585
97|607|882|1586
97|608|882|1587
97|608|883|1588
98|608|883|1589
98|609|883|1590
98|610|883|1591
98|611|883|1592
98|612|883|1593
98|612|884|1594
98|613|884|1595
98|613|885|1596
99|613|885|1597
99|614|885|1598
99|615|885|1599
99|616|885|1600
99|617|885|1601
99|617|886|1602
99|618|886|1603
99|619|886|1604
99|620|886|1605
99|621|886|1606
99|622|886|1607
99|623|886|1608
99|624|886|1609
99|624|887|1610
99|625|887|1611
99|625|888|1612
99|625|889|1613
99|625|890|1614
99|626|890|1615
99|626|891|1616
99|627|891|1617
99|627|892|1618
99|627|893|1619
99|627|894|1620
99|628|894|1621
99|628|895|1622
99|629|895|1623
99|629|896|1624
99|630|896|1625
99|630|897|1626
99|630|898|1627
99|630|899|1628
99|631|899|1629
99|631|900|1630
99|632|900|1631
99|632|901|1632
99|633|901|1633
99|633|902|1634
99|634|902|1635
99|634|903|1636
99|635|903|1637
99|635|904|1638
99|636|904|1639
99|636|905|1640
99|636|906|1641
99|636|907|1642
99|637|907|1643
100|637|907|1644
100|637|908|1645
100|637|909|1646
100|638|909|1647
100|638|910|1648
100|639|910|1649
100|639|911|1650
100|640|911|1651
100|640|912|1652
100|641|912|1653
100|641|913|1654
100|641|914|1655
100|641|915|1656
100|642|915|1657
100|642|916|1658
100|643|916|1659
100|643|917|1660
100|644|917|1661
100|645|917|1662
100|645|918|1663
100|645|919|1664
100|646|919|1665
100|646|920|1666
100|647|920|1667
100|647|921|1668
100|648|921|1669
100|649|921|1670
100|650|921|1671
100|650|922|1672
100|651|922|1673
100|651|923|1674
100|652|923|1675
100|653|923|1676
100|653|924|1677
100|653|925|1678
100|654|925|1679
100|654|926|1680
100|655|926|1681
100|655|927|1682
100|656|927|1683
100|656|928|1684
100|656|929|1685
100|657|929|1686
100|657|930|1687
100|658|930|1688
100|658|931|1689
100|659|931|1690
100|659|932|1691
101|659|932|1692
101|659|933|1693
101|660|933|1694
101|660|934|1695
102|660|934|1696
102|660|935|1697
102|661|935|1698
102|661|936|1699
102|662|936|1700
102|662|937|1701
102|662|938|1702
102|662|939|1703
102|663|939|1704
102|663|940|1705
102|664|940|1706
102|664|941|1707
102|665|941|1708
102|665|942|1709
102|666|942|1710
102|666|943|1711
102|667|943|1712
102|667|944|1713
102|668|944|1714
102|668|945|1715
103|668|945|1716
103|668|946|1717
103|669|946|1718
103|669|947|1719
103|670|947|1720
103|671|947|1721
103|671|948|1722
103|672|948|1723
103|672|949|1724
103|673|949|1725
103|673|950|1726
103|674|950|1727
103|675|950|1728
103|675|951|1729
103|675|952|1730
103|676|952|1731
103|676|953|1732
103|677|953|1733
103|678|953|1734
103|678|954|1735
103|678|955|1736
103|679|955|1737
103|679|956|1738
103|680|956|1739
103|680|957|1740
103|681|957|1741
103|682|957|1742
103|683|957|1743
103|684|957|1744
103|685|957|1745
103|686|957|1746
103|687|957|1747
103|688|957|1748
103|689|957|1749
103|689|958|1750
103|689|959|1751
103|690|959|1752
103|691|959|1753
103|692|959|1754
103|693|959|1755
103|694|959|1756
103|694|960|1757
103|694|961|1758
103|695|961|1759
103|695|962|1760
103|696|962|1761
103|696|963|1762
103|697|963|1763
103|697|964|1764
103|697|965|1765
103|697|966|1766
103|698|966|1767
103|698|967|1768
103|699|967|1769
103|699|968|1770
103|699|969|1771
103|699|970|1772
103|700|970|1773
103|700|971|1774
103|701|971|1775
103|701|972|1776
103|702|972|1777
103|702|973|1778
103|703|973|1779
103|703|974|1780
103|704|974|1781
103|704|975|1782
103|705|975|1783
103|705|976|1784
103|705|977|1785
103|705|978|1786
103|706|978|1787
103|706|979|1788
103|707|979|1789
103|707|980|1790
103|707|981|1791
103|707|982|1792
104|707|982|1793
104|708|982|1794
105|708|982|1795
105|709|982|1796
105|710|982|1797
105|711|982|1798
105|712|982|1799
105|713|982|1800
106|713|982|1801
106|714|982|1802
106|715|982|1803
106|715|983|1804
106|716|983|1805
106|717|983|1806
107|717|983|1807
107|718|983|1808
107|719|983|1809
107|720|983|1810
107|721|983|1811
107|721|984|1812
107|722|984|1813
107|723|984|1814
108|723|984|1815
108|724|984|1816
108|725|984|1817
108|726|984|1818
108|727|984|1819
108|727|985|1820
109|727|985|1821
109|727|986|1822
109|728|986|1823
109|729|986|1824
109|730|986|1825
109|731|986|1826
109|732|986|1827
109|733|986|1828
109|733|987|1829
109|734|987|1830
109|734|988|1831
110|734|988|1832
110|734|989|1833
110|735|989|1834
110|735|990|1835
110|735|991|1836
110|735|992|1837
110|736|992|1838
110|736|993|1839
110|737|993|1840
110|737|994|1841
111|737|994|1842
111|737|995|1843
112|737|995|1844
112|737|996|1845
112|737|997|1846
112|737|998|1847
112|738|998|1848
112|738|999|1849
112|739|999|1850
112|739|1000|1851
112|740|1000|1852
112|740|1001|1853
112|741|1001|1854
112|741|1002|1855
113|741|1002|1856
113|741|1003|1857
113|742|1003|1858
113|742|1004|1859
114|742|1004|1860
114|742|1005|1861
114|742|1006|1862
114|742|1007|1863
115|742|1007|1864
115|743|1007|1865
115|743|1008|1866
115|744|1008|1867
115|744|1009|1868
115|745|1009|1869
115|745|1010|1870
115|746|1010|1871
115|746|1011|1872
115|747|1011|1873
115|747|1012|1874
115|748|1012|1875
115|748|1013|1876
115|749|1013|1877
115|749|1014|1878
115|750|1014|1879
115|750|1015|1880
115|751|1015|1881
115|751|1016|1882
115|752|1016|1883
115|752|1017|1884
115|753|1017|1885
115|753|1018|1886
115|754|1018|1887
115|754|1019|1888
115|755|1019|1889
115|755|1020|1890
115|756|1020|1891
115|756|1021|1892
115|757|1021|1893
115|757|1022|1894
115|758|1022|1895
115|758|1023|1896
115|759|1023|1897
115|759|1024|1898
115|760|1024|1899
115|760|1025|1900
115|760|1026|1901
115|760|1027|1902
115|761|1027|1903
115|761|1028|1904
115|762|1028|1905
115|762|1029|1906
115|763|1029|1907
115|763|1030|1908
115|763|1031|1909
115|763|1032|1910
115|764|1032|1911
115|764|1033|1912
115|765|1033|1913
115|765|1034|1914
115|766|1034|1915
115|766|1035|1916
115|766|1036|1917
115|766|1037|1918
115|767|1037|1919
115|767|1038|1920
115|768|1038|1921
115|768|1039|1922
115|768|1040|1923
115|768|1041|1924
115|769|1041|1925
115|769|1042|1926
115|770|1042|1927
115|770|1043|1928
115|770|1044|1929
115|770|1045|1930
115|771|1045|1931
115|771|1046|1932
115|772|1046|1933
115|772|1047|1934
115|772|1048|1935
115|772|1049|1936
115|773|1049|1937
115|774|1049|1938
116|774|1049|1939
116|775|1049|1940
116|776|1049|1941
116|776|1050|1942
116|777|1050|1943
116|778|1050|1944
116|778|1051|1945
116|779|1051|1946
116|780|1051|1947
116|781|1051|1948
116|782|1051|1949
116|782|1052|1950
116|783|1052|1951
116|784|1052|1952
116|784|1053|1953
116|785|1053|1954
116|786|1053|1955
116|786|1054|1956
116|787|1054|1957
116|787|1055|1958
117|787|1055|1959
117|788|1055|1960
117|789|1055|1961
117|789|1056|1962
117|790|1056|1963
117|791|1056|1964
117|791|1057|1965
117|792|1057|1966
117|793|1057|1967
117|793|1058|1968
118|793|1058|1969
118|793|1059|1970
118|794|1059|1971
118|794|1060|1972
118|794|1061|1973
118|795|1061|1974
119|795|1061|1975
119|796|1061|1976
119|797|1061|1977
119|797|1062|1978
119|798|1062|1979
119|799|1062|1980
119|799|1063|1981
119|800|1063|1982
119|801|1063|1983
119|802|1063|1984
119|803|1063|1985
119|803|1064|1986
119|804|1064|1987
119|805|1064|1988
119|805|1065|1989
120|805|1065|1990
120|806|1065|1991
120|806|1066|1992
120|806|1067|1993
120|806|1068|1994
121|806|1068|1995
121|806|1069|1996
121|807|1069|1997
121|807|1070|1998
121|808|1070|1999
121|809|1070|2000
