total
0|1|0|1
1|1|0|2
1|2|0|3
1|3|0|4
1|3|1|5
1|3|2|6
1|3|3|7
1|4|3|8
1|5|3|9
1|5|4|10
1|5|5|11
1|6|5|12
1|6|6|13
1|7|6|14
1|7|7|15
1|8|7|16
1|9|7|17
1|9|8|18
1|9|9|19
1|10|9|20
1|11|9|21
1|12|9|22
1|13|9|23
1|14|9|24
1|14|10|25
1|15|10|26
1|16|10|27
1|16|11|28
1|17|11|29
1|17|12|30
1|18|12|31
1|18|13|32
1|19|13|33
1|19|14|34
1|20|14|35
1|20|15|36
1|21|15|37
1|21|16|38
1|22|16|39
1|22|17|40
1|23|17|41
2|23|17|42
2|24|17|43
2|24|18|44
2|25|18|45
2|25|19|46
2|26|19|47
2|26|20|48
2|27|20|49
3|27|20|50
3|28|20|51
4|28|20|52
4|29|20|53
5|29|20|54
5|30|20|55
5|30|21|56
5|31|21|57
6|31|21|58
6|32|21|59
6|32|22|60
6|33|22|61
6|33|23|62
6|34|23|63
6|34|24|64
6|35|24|65
7|35|24|66
7|36|24|67
8|36|24|68
8|37|24|69
9|37|24|70
9|38|24|71
10|38|24|72
10|39|24|73
11|39|24|74
11|40|24|75
12|40|24|76
12|41|24|77
13|41|24|78
13|42|24|79
14|42|24|80
14|43|24|81
15|43|24|82
15|44|24|83
16|44|24|84
16|45|24|85
17|45|24|86
17|46|24|87
18|46|24|88
18|47|24|89
19|47|24|90
19|48|24|91
20|48|24|92
20|49|24|93
21|49|24|94
21|50|24|95
22|50|24|96
22|51|24|97
23|51|24|98
23|52|24|99
24|52|24|100
24|53|24|101
24|54|24|102
24|55|24|103
24|56|24|104
24|57|24|105
24|58|24|106
24|59|24|107
24|60|24|108
24|61|24|109
24|62|24|110
24|63|24|111
24|64|24|112
24|65|24|113
24|66|24|114
24|67|24|115
25|67|24|116
25|68|24|117
25|69|24|118
25|70|24|119
25|71|24|120
25|72|24|121
25|73|24|122
25|74|24|123
25|75|24|124
25|76|24|125
25|77|24|126
25|78|24|127
25|79|24|128
25|80|24|129
25|81|24|130
25|82|24|131
25|83|24|132
25|84|24|133
26|84|24|134
26|85|24|135
26|86|24|136
26|86|25|137
26|86|26|138
26|87|26|139
27|87|26|140
27|88|26|141
27|89|26|142
27|90|26|143
27|91|26|144
27|92|26|145
27|92|27|146
27|93|27|147
27|94|27|148
27|95|27|149
27|95|28|150
27|96|28|151
27|97|28|152
27|98|28|153
27|98|29|154
27|99|29|155
27|100|29|156
27|101|29|157
27|101|30|158
27|102|30|159
27|103|30|160
27|104|30|161
27|104|31|162
27|104|32|163
27|105|32|164
27|106|32|165
27|107|32|166
27|108|32|167
27|108|33|168
27|109|33|169
28|109|33|170
28|110|33|171
29|110|33|172
29|110|34|173
29|110|35|174
29|110|36|175
29|110|37|176
29|110|38|177
29|111|38|178
29|112|38|179
29|112|39|180
29|112|40|181
29|112|41|182
30|112|41|183
30|112|42|184
30|112|43|185
31|112|43|186
31|113|43|187
31|113|44|188
31|113|45|189
31|114|45|190
31|114|46|191
31|114|47|192
31|114|48|193
31|114|49|194
31|114|50|195
31|114|51|196
31|114|52|197
31|115|52|198
31|115|53|199
31|115|54|200
31|116|54|201
31|116|55|202
31|117|55|203
31|117|56|204
31|118|56|205
31|118|57|206
31|118|58|207
31|118|59|208
31|119|59|209
32|119|59|210
32|120|59|211
32|121|59|212
32|121|60|213
33|121|60|214
33|122|60|215
34|122|60|216
34|122|61|217
34|123|61|218
34|123|62|219
35|123|62|220
35|123|63|221
36|123|63|222
36|124|63|223
37|124|63|224
37|125|63|225
37|126|63|226
37|126|64|227
38|126|64|228
38|127|64|229
39|127|64|230
39|128|64|231
40|128|64|232
40|128|65|233
40|129|65|234
40|130|65|235
40|131|65|236
40|132|65|237
41|132|65|238
41|133|65|239
42|133|65|240
42|134|65|241
43|134|65|242
43|135|65|243
44|135|65|244
44|135|66|245
44|136|66|246
44|137|66|247
44|138|66|248
44|138|67|249
44|139|67|250
44|139|68|251
44|139|69|252
44|139|70|253
45|139|70|254
45|139|71|255
45|139|72|256
45|139|73|257
46|139|73|258
46|139|74|259
46|139|75|260
46|139|76|261
46|140|76|262
46|140|77|263
46|140|78|264
46|140|79|265
46|141|79|266
46|141|80|267
46|142|80|268
46|142|81|269
46|143|81|270
46|143|82|271
46|144|82|272
46|145|82|273
46|146|82|274
46|146|83|275
46|147|83|276
46|147|84|277
46|148|84|278
46|148|85|279
46|149|85|280
46|149|86|281
47|149|86|282
47|149|87|283
48|149|87|284
48|149|88|285
49|149|88|286
49|149|89|287
50|149|89|288
50|149|90|289
50|150|90|290
50|150|91|291
50|151|91|292
50|151|92|293
51|151|92|294
51|151|93|295
51|152|93|296
51|152|94|297
51|153|94|298
51|153|95|299
51|154|95|300
51|154|96|301
51|155|96|302
51|155|97|303
52|155|97|304
52|155|98|305
52|156|98|306
52|156|99|307
52|157|99|308
52|158|99|309
53|158|99|310
53|159|99|311
54|159|99|312
54|159|100|313
55|159|100|314
55|159|101|315
56|159|101|316
56|160|101|317
56|160|102|318
56|161|102|319
56|161|103|320
56|162|103|321
56|162|104|322
56|163|104|323
56|163|105|324
56|164|105|325
56|164|106|326
56|165|106|327
56|165|107|328
56|166|107|329
56|166|108|330
56|167|108|331
56|167|109|332
56|168|109|333
56|168|110|334
56|169|110|335
56|169|111|336
56|170|111|337
56|170|112|338
56|171|112|339
56|171|113|340
56|172|113|341
56|172|114|342
56|173|114|343
56|173|115|344
56|174|115|345
56|174|116|346
56|175|116|347
56|175|117|348
56|176|117|349
56|176|118|350
56|177|118|351
56|177|119|352
56|177|120|353
56|178|120|354
56|178|121|355
57|178|121|356
57|178|122|357
57|179|122|358
57|179|123|359
57|180|123|360
57|180|124|361
58|180|124|362
58|180|125|363
59|180|125|364
59|180|126|365
59|181|126|366
59|181|127|367
60|181|127|368
60|181|128|369
60|182|128|370
60|182|129|371
61|182|129|372
61|182|130|373
61|182|131|374
61|182|132|375
62|182|132|376
62|182|133|377
62|183|133|378
62|183|134|379
63|183|134|380
63|184|134|381
64|184|134|382
64|184|135|383
64|185|135|384
64|185|136|385
64|186|136|386
64|186|137|387
64|187|137|388
64|187|138|389
64|187|139|390
64|187|140|391
64|187|141|392
64|187|142|393
64|187|143|394
64|187|144|395
64|188|144|396
64|188|145|397
64|188|146|398
64|188|147|399
64|188|148|400
64|188|149|401
64|188|150|402
64|188|151|403
64|188|152|404
64|188|153|405
64|189|153|406
64|189|154|407
64|189|155|408
64|189|156|409
64|189|157|410
64|189|158|411
64|189|159|412
64|189|160|413
64|189|161|414
64|189|162|415
64|189|163|416
64|189|164|417
64|190|164|418
64|190|165|419
64|190|166|420
64|190|167|421
64|191|167|422
64|191|168|423
64|192|168|424
64|192|169|425
65|192|169|426
65|192|170|427
65|193|170|428
65|193|171|429
65|194|171|430
65|194|172|431
65|195|172|432
65|195|173|433
65|196|173|434
65|196|174|435
65|197|174|436
65|197|175|437
65|198|175|438
65|198|176|439
66|198|176|440
66|198|177|441
66|199|177|442
66|199|178|443
66|200|178|444
66|200|179|445
66|201|179|446
66|201|180|447
67|201|180|448
67|201|181|449
67|202|181|450
67|202|182|451
67|203|182|452
67|204|182|453
68|204|182|454
68|205|182|455
68|206|182|456
68|206|183|457
69|206|183|458
69|206|184|459
70|206|184|460
70|207|184|461
70|207|185|462
70|208|185|463
70|208|186|464
70|209|186|465
70|209|187|466
70|210|187|467
70|210|188|468
70|211|188|469
70|211|189|470
70|212|189|471
70|212|190|472
70|213|190|473
70|213|191|474
70|214|191|475
70|214|192|476
70|215|192|477
70|215|193|478
70|216|193|479
70|216|194|480
70|217|194|481
70|217|195|482
70|218|195|483
70|218|196|484
70|219|196|485
70|219|197|486
70|220|197|487
70|220|198|488
70|221|198|489
70|221|199|490
70|222|199|491
70|222|200|492
70|223|200|493
70|223|201|494
70|224|201|495
70|224|202|496
70|224|203|497
70|225|203|498
70|225|204|499
70|226|204|500
70|226|205|501
70|227|205|502
70|227|206|503
70|228|206|504
70|228|207|505
70|229|207|506
70|229|208|507
70|230|208|508
70|230|209|509
70|231|209|510
70|231|210|511
70|232|210|512
70|232|211|513
70|233|211|514
70|233|212|515
70|234|212|516
70|234|213|517
70|235|213|518
70|235|214|519
70|236|214|520
70|236|215|521
70|237|215|522
70|237|216|523
70|238|216|524
70|238|217|525
70|239|217|526
70|239|218|527
70|240|218|528
70|240|219|529
70|241|219|530
70|241|220|531
70|242|220|532
70|242|221|533
70|242|222|534
70|242|223|535
70|243|223|536
70|243|224|537
70|244|224|538
70|244|225|539
70|245|225|540
70|245|226|541
70|245|227|542
70|245|228|543
70|245|229|544
70|245|230|545
70|246|230|546
70|246|231|547
70|247|231|548
70|247|232|549
70|247|233|550
70|247|234|551
70|248|234|552
70|248|235|553
70|249|235|554
70|249|236|555
70|249|237|556
70|249|238|557
70|250|238|558
70|250|239|559
70|251|239|560
70|251|240|561
70|251|241|562
70|251|242|563
70|251|243|564
70|251|244|565
70|251|245|566
70|251|246|567
70|252|246|568
70|252|247|569
71|252|247|570
71|253|247|571
72|253|247|572
72|253|248|573
73|253|248|574
73|253|249|575
74|253|249|576
74|254|249|577
75|254|249|578
75|254|250|579
75|255|250|580
75|255|251|581
76|255|251|582
76|255|252|583
76|256|252|584
76|257|252|585
77|257|252|586
77|257|253|587
77|258|253|588
77|258|254|589
78|258|254|590
78|258|255|591
79|258|255|592
79|258|256|593
79|259|256|594
79|259|257|595
79|259|258|596
79|260|258|597
79|261|258|598
79|262|258|599
80|262|258|600
80|263|258|601
81|263|258|602
81|263|259|603
82|263|259|604
82|263|260|605
82|263|261|606
82|264|261|607
82|264|262|608
82|264|263|609
82|264|264|610
82|264|265|611
82|265|265|612
82|266|265|613
82|266|266|614
82|266|267|615
82|266|268|616
82|266|269|617
82|266|270|618
82|266|271|619
83|266|271|620
83|267|271|621
83|267|272|622
83|267|273|623
83|268|273|624
83|268|274|625
83|268|275|626
83|268|276|627
83|268|277|628
83|268|278|629
83|269|278|630
83|269|279|631
83|269|280|632
83|270|280|633
83|270|281|634
83|271|281|635
83|271|282|636
83|272|282|637
83|272|283|638
83|272|284|639
83|273|284|640
83|273|285|641
83|274|285|642
83|274|286|643
83|275|286|644
83|275|287|645
83|276|287|646
83|276|288|647
83|277|288|648
83|277|289|649
83|278|289|650
83|278|290|651
83|279|290|652
83|279|291|653
83|280|291|654
83|280|292|655
83|281|292|656
83|281|293|657
83|282|293|658
83|282|294|659
83|283|294|660
83|283|295|661
83|284|295|662
83|284|296|663
83|285|296|664
83|285|297|665
83|286|297|666
83|286|298|667
83|287|298|668
83|287|299|669
83|288|299|670
83|288|300|671
83|289|300|672
83|289|301|673
83|290|301|674
83|290|302|675
83|291|302|676
83|291|303|677
83|292|303|678
83|292|304|679
83|293|304|680
83|293|305|681
83|294|305|682
83|294|306|683
83|295|306|684
83|296|306|685
83|296|307|686
83|296|308|687
83|297|308|688
83|297|309|689
83|297|310|690
83|297|311|691
83|298|311|692
83|299|311|693
83|299|312|694
83|299|313|695
83|300|313|696
83|300|314|697
83|300|315|698
83|301|315|699
83|301|316|700
83|301|317|701
83|301|318|702
83|301|319|703
83|302|319|704
83|303|319|705
83|304|319|706
83|305|319|707
83|306|319|708
83|307|319|709
83|308|319|710
83|308|320|711
83|308|321|712
83|309|321|713
83|309|322|714
83|310|322|715
83|310|323|716
83|311|323|717
84|311|323|718
84|312|323|719
84|312|324|720
84|313|324|721
84|313|325|722
84|314|325|723
85|314|325|724
85|315|325|725
85|315|326|726
85|316|326|727
85|316|327|728
85|317|327|729
85|317|328|730
85|318|328|731
86|318|328|732
86|319|328|733
86|319|329|734
86|320|329|735
86|320|330|736
86|321|330|737
86|321|331|738
86|322|331|739
86|322|332|740
86|323|332|741
86|323|333|742
86|324|333|743
87|324|333|744
87|325|333|745
87|325|334|746
87|326|334|747
87|326|335|748
87|327|335|749
88|327|335|750
88|328|335|751
89|328|335|752
89|329|335|753
90|329|335|754
90|330|335|755
91|330|335|756
91|331|335|757
92|331|335|758
92|332|335|759
93|332|335|760
93|333|335|761
94|333|335|762
94|334|335|763
95|334|335|764
95|335|335|765
96|335|335|766
96|336|335|767
97|336|335|768
97|337|335|769
98|337|335|770
98|338|335|771
99|338|335|772
99|339|335|773
100|339|335|774
100|340|335|775
101|340|335|776
101|341|335|777
102|341|335|778
102|342|335|779
103|342|335|780
103|343|335|781
104|343|335|782
104|344|335|783
105|344|335|784
105|345|335|785
105|346|335|786
105|347|335|787
105|348|335|788
105|349|335|789
105|350|335|790
105|351|335|791
105|352|335|792
105|353|335|793
105|354|335|794
105|355|335|795
105|356|335|796
105|357|335|797
105|358|335|798
105|359|335|799
105|360|335|800
105|361|335|801
105|361|336|802
105|362|336|803
105|363|336|804
105|364|336|805
105|365|336|806
105|366|336|807
105|367|336|808
105|368|336|809
105|369|336|810
105|370|336|811
105|371|336|812
105|372|336|813
105|373|336|814
105|374|336|815
105|375|336|816
105|376|336|817
105|377|336|818
105|378|336|819
105|379|336|820
105|379|337|821
105|380|337|822
105|380|338|823
106|380|338|824
106|381|338|825
106|381|339|826
106|381|340|827
106|382|340|828
106|383|340|829
106|383|341|830
106|383|342|831
107|383|342|832
107|384|342|833
107|384|343|834
107|384|344|835
107|385|344|836
107|386|344|837
107|386|345|838
107|387|345|839
107|388|345|840
107|389|345|841
107|390|345|842
107|390|346|843
107|390|347|844
107|390|348|845
107|390|349|846
107|391|349|847
107|392|349|848
107|392|350|849
107|392|351|850
107|393|351|851
107|393|352|852
107|394|352|853
108|394|352|854
108|395|352|855
108|395|353|856
108|395|354|857
108|395|355|858
108|395|356|859
108|395|357|860
108|395|358|861
109|395|358|862
109|396|358|863
109|396|359|864
109|396|360|865
109|396|361|866
109|396|362|867
109|396|363|868
109|396|364|869
109|397|364|870
109|398|364|871
109|398|365|872
109|398|366|873
109|399|366|874
109|399|367|875
109|400|367|876
109|401|367|877
109|401|368|878
109|401|369|879
109|401|370|880
110|401|370|881
110|402|370|882
110|402|371|883
110|402|372|884
110|403|372|885
110|403|373|886
110|404|373|887
110|404|374|888
110|405|374|889
110|405|375|890
110|406|375|891
110|406|376|892
110|407|376|893
111|407|376|894
111|408|376|895
111|409|376|896
111|409|377|897
112|409|377|898
112|410|377|899
113|410|377|900
113|410|378|901
113|411|378|902
113|411|379|903
114|411|379|904
114|411|380|905
115|411|380|906
115|412|380|907
116|412|380|908
116|413|380|909
116|414|380|910
116|414|381|911
117|414|381|912
117|414|382|913
117|415|382|914
117|416|382|915
118|416|382|916
118|416|383|917
118|417|383|918
118|418|383|919
118|419|383|920
118|420|383|921
119|420|383|922
119|421|383|923
120|421|383|924
120|422|383|925
121|422|383|926
121|423|383|927
122|423|383|928
122|423|384|929
123|423|384|930
123|423|385|931
123|423|386|932
123|423|387|933
123|424|387|934
123|424|388|935
123|424|389|936
123|424|390|937
123|425|390|938
123|425|391|939
123|426|391|940
123|426|392|941
124|426|392|942
124|426|393|943
124|426|394|944
124|426|395|945
124|427|395|946
124|427|396|947
124|427|397|948
124|427|398|949
125|427|398|950
125|427|399|951
125|427|400|952
125|427|401|953
125|428|401|954
125|428|402|955
125|428|403|956
125|428|404|957
125|428|405|958
125|428|406|959
125|429|406|960
125|429|407|961
125|429|408|962
125|429|409|963
125|429|410|964
125|429|411|965
125|430|411|966
125|430|412|967
125|431|412|968
125|431|413|969
126|431|413|970
126|431|414|971
126|432|414|972
126|432|415|973
126|433|415|974
126|433|416|975
126|434|416|976
126|434|417|977
126|435|417|978
126|435|418|979
126|436|418|980
126|436|419|981
126|437|419|982
126|437|420|983
126|438|420|984
126|438|421|985
127|438|421|986
127|438|422|987
127|439|422|988
127|439|423|989
127|440|423|990
127|440|424|991
127|441|424|992
127|442|424|993
128|442|424|994
128|443|424|995
129|443|424|996
129|443|425|997
130|443|425|998
130|443|426|999
131|443|426|1000
131|444|426|1001
131|444|427|1002
131|445|427|1003
131|445|428|1004
131|446|428|1005
131|446|429|1006
131|447|429|1007
131|447|430|1008
131|448|430|1009
131|448|431|1010
131|449|431|1011
131|449|432|1012
131|450|432|1013
131|450|433|1014
131|451|433|1015
131|451|434|1016
131|452|434|1017
131|452|435|1018
131|453|435|1019
131|453|436|1020
131|454|436|1021
131|454|437|1022
131|455|437|1023
131|455|438|1024
131|456|438|1025
131|456|439|1026
131|457|439|1027
131|457|440|1028
131|458|440|1029
131|458|441|1030
131|459|442|1032
131|459|443|1033
131|460|443|1034
131|460|444|1035
131|461|444|1036
131|462|444|1037
131|462|445|1038
131|463|445|1039
131|463|446|1040
131|464|446|1041
131|464|447|1042
131|465|447|1043
131|465|448|1044
132|465|448|1045
132|465|449|1046
133|465|449|1047
133|465|450|1048
133|466|450|1049
133|466|451|1050
134|466|451|1051
134|466|452|1052
134|467|452|1053
134|467|453|1054
135|467|453|1055
135|467|454|1056
136|467|454|1057
136|467|455|1058
136|468|455|1059
136|468|456|1060
136|469|456|1061
136|469|457|1062
136|470|457|1063
136|470|458|1064
137|470|458|1065
137|471|458|1066
137|472|458|1067
137|473|458|1068
138|473|458|1069
138|473|459|1070
139|473|459|1071
139|473|460|1072
139|473|461|1073
139|473|462|1074
139|473|463|1075
139|473|464|1076
139|473|465|1077
139|473|466|1078
139|474|466|1079
139|474|467|1080
139|474|468|1081
139|474|469|1082
139|475|469|1083
139|475|470|1084
139|475|471|1085
139|475|472|1086
139|475|473|1087
139|475|474|1088
139|475|475|1089
139|475|476|1090
139|475|477|1091
139|475|478|1092
139|475|479|1093
139|475|480|1094
139|476|480|1095
139|476|481|1096
139|477|481|1097
139|477|482|1098
139|478|482|1099
139|478|483|1100
139|478|484|1101
139|478|485|1102
139|479|485|1103
139|479|486|1104
139|479|487|1105
139|479|488|1106
139|479|489|1107
139|479|490|1108
139|480|490|1109
139|480|491|1110
140|480|491|1111
140|480|492|1112
140|481|492|1113
140|481|493|1114
140|482|493|1115
140|482|494|1116
140|483|494|1117
140|483|495|1118
140|484|495|1119
140|484|496|1120
140|485|496|1121
140|485|497|1122
141|485|497|1123
141|485|498|1124
141|486|498|1125
141|486|499|1126
141|487|499|1127
141|487|500|1128
141|488|500|1129
141|488|501|1130
141|489|501|1131
141|489|502|1132
141|490|502|1133
141|490|503|1134
141|491|503|1135
141|491|504|1136
141|492|504|1137
141|493|504|1138
141|494|504|1139
141|495|504|1140
142|495|504|1141
142|495|505|1142
143|495|505|1143
143|495|506|1144
143|495|507|1145
143|496|507|1146
143|496|508|1147
143|497|508|1148
143|497|509|1149
143|498|509|1150
143|498|510|1151
143|499|510|1152
143|499|511|1153
143|500|511|1154
143|500|512|1155
143|501|512|1156
143|501|513|1157
143|502|513|1158
143|502|514|1159
143|503|514|1160
143|503|515|1161
143|504|515|1162
143|504|516|1163
143|505|516|1164
143|505|517|1165
143|506|517|1166
143|506|518|1167
143|507|518|1168
143|507|519|1169
143|508|519|1170
143|508|520|1171
143|509|520|1172
143|509|521|1173
143|510|521|1174
143|510|522|1175
143|511|522|1176
143|511|523|1177
143|512|523|1178
143|512|524|1179
143|513|524|1180
143|514|524|1181
143|514|525|1182
143|515|525|1183
143|515|526|1184
143|516|526|1185
143|516|527|1186
143|517|527|1187
143|517|528|1188
143|518|528|1189
143|518|529|1190
143|519|529|1191
143|519|530|1192
143|520|530|1193
143|520|531|1194
143|521|531|1195
143|521|532|1196
143|522|532|1197
143|522|533|1198
143|523|533|1199
143|523|534|1200
143|524|534|1201
143|524|535|1202
143|525|535|1203
143|525|536|1204
143|526|536|1205
143|526|537|1206
143|527|537|1207
143|527|538|1208
143|528|538|1209
143|528|539|1210
143|529|539|1211
143|529|540|1212
143|530|540|1213
143|530|541|1214
143|531|541|1215
143|531|542|1216
143|531|543|1217
143|531|544|1218
143|532|544|1219
143|532|545|1220
143|533|545|1221
143|533|546|1222
143|534|546|1223
143|534|547|1224
143|534|548|1225
143|534|549|1226
143|534|550|1227
143|534|551|1228
143|534|552|1229
143|534|553|1230
143|534|554|1231
143|534|555|1232
143|534|556|1233
143|534|557|1234
143|535|557|1235
143|535|558|1236
143|536|558|1237
143|536|559|1238
143|537|559|1239
143|537|560|1240
143|538|560|1241
143|538|561|1242
143|538|562|1243
143|538|563|1244
143|539|563|1245
143|539|564|1246
143|540|564|1247
143|540|565|1248
143|540|566|1249
143|540|567|1250
143|541|567|1251
143|541|568|1252
143|542|568|1253
143|542|569|1254
144|542|569|1255
144|543|569|1256
145|543|569|1257
145|543|570|1258
145|544|570|1259
145|544|571|1260
146|544|571|1261
146|545|571|1262
146|546|571|1263
146|546|572|1264
147|546|572|1265
147|546|573|1266
148|546|573|1267
148|546|574|1268
149|546|574|1269
149|547|574|1270
149|548|574|1271
149|548|575|1272
149|549|575|1273
149|549|576|1274
149|550|576|1275
149|550|577|1276
149|551|577|1277
149|551|578|1278
150|551|578|1279
150|552|578|1280
151|552|578|1281
151|553|578|1282
152|553|578|1283
152|554|578|1284
153|554|578|1285
153|555|578|1286
154|555|578|1287
154|555|579|1288
154|555|580|1289
154|555|581|1290
154|555|582|1291
154|556|582|1292
154|556|583|1293
154|556|584|1294
154|557|584|1295
154|557|585|1296
154|557|586|1297
154|558|586|1298
154|558|587|1299
154|558|588|1300
154|558|589|1301
154|558|590|1302
155|558|590|1303
155|558|591|1304
155|558|592|1305
155|559|592|1306
155|560|592|1307
155|560|593|1308
155|560|594|1309
155|560|595|1310
155|560|596|1311
155|561|596|1312
155|562|596|1313
155|562|597|1314
155|562|598|1315
155|563|598|1316
155|563|599|1317
155|564|599|1318
155|564|600|1319
155|565|600|1320
155|565|601|1321
155|566|601|1322
155|566|602|1323
155|566|603|1324
155|567|603|1325
155|567|604|1326
155|568|604|1327
155|568|605|1328
155|569|605|1329
155|569|606|1330
155|570|606|1331
155|570|607|1332
155|571|607|1333
155|571|608|1334
155|572|608|1335
155|572|609|1336
155|573|609|1337
155|573|610|1338
155|574|610|1339
155|574|611|1340
155|575|611|1341
155|575|612|1342
155|576|612|1343
155|576|613|1344
155|577|613|1345
155|577|614|1346
155|578|614|1347
155|578|615|1348
155|579|615|1349
155|579|616|1350
155|580|616|1351
155|580|617|1352
155|581|617|1353
155|581|618|1354
155|582|618|1355
155|582|619|1356
155|583|619|1357
155|583|620|1358
155|584|620|1359
155|584|621|1360
155|584|622|1361
155|584|623|1362
155|585|623|1363
155|586|623|1364
155|586|624|1365
155|586|625|1366
155|587|625|1367
155|587|626|1368
155|587|627|1369
155|588|627|1370
155|589|627|1371
155|589|628|1372
155|590|628|1373
155|590|629|1374
155|591|629|1375
155|591|630|1376
155|591|631|1377
155|592|631|1378
155|593|631|1379
155|593|632|1380
155|593|633|1381
155|593|634|1382
155|593|635|1383
155|593|636|1384
155|593|637|1385
155|593|638|1386
155|594|638|1387
155|594|639|1388
155|595|639|1389
155|596|639|1390
155|597|639|1391
155|598|639|1392
155|599|639|1393
155|600|639|1394
155|601|639|1395
155|602|639|1396
156|602|639|1397
156|603|639|1398
156|603|640|1399
156|604|640|1400
156|604|641|1401
156|605|641|1402
156|605|642|1403
156|606|642|1404
156|606|643|1405
156|607|643|1406
156|607|644|1407
156|608|644|1408
156|608|645|1409
156|609|645|1410
156|609|646|1411
156|610|646|1412
156|610|647|1413
156|611|647|1414
156|611|648|1415
156|612|648|1416
156|612|649|1417
156|613|649|1418
156|613|650|1419
156|614|650|1420
156|614|651|1421
156|615|651|1422
156|615|652|1423
156|616|652|1424
156|616|653|1425
156|617|653|1426
156|617|654|1427
156|618|654|1428
156|618|655|1429
156|619|655|1430
156|619|656|1431
156|620|656|1432
157|620|656|1433
157|621|656|1434
157|621|657|1435
157|622|657|1436
158|622|657|1437
158|623|657|1438
159|623|657|1439
159|624|657|1440
159|624|658|1441
159|625|658|1442
160|625|658|1443
160|626|658|1444
161|626|658|1445
161|627|658|1446
162|627|658|1447
162|628|658|1448
163|628|658|1449
163|629|658|1450
164|629|658|1451
164|630|658|1452
164|630|659|1453
164|631|659|1454
164|631|660|1455
164|632|660|1456
165|632|660|1457
165|633|660|1458
166|633|660|1459
166|634|660|1460
166|634|661|1461
166|635|661|1462
167|635|661|1463
167|636|661|1464
167|636|662|1465
167|637|662|1466
168|637|662|1467
168|638|662|1468
168|639|662|1469
168|640|662|1470
168|641|662|1471
168|642|662|1472
168|643|662|1473
168|644|662|1474
168|645|662|1475
168|646|662|1476
168|647|662|1477
168|648|662|1478
168|648|663|1479
168|649|663|1480
168|650|663|1481
168|651|663|1482
168|652|663|1483
168|653|663|1484
168|654|663|1485
168|655|663|1486
168|656|663|1487
168|657|663|1488
168|657|664|1489
168|658|664|1490
168|659|664|1491
168|660|664|1492
168|661|664|1493
168|662|664|1494
168|663|664|1495
168|664|664|1496
168|665|664|1497
168|666|664|1498
168|666|665|1499
168|667|665|1500
168|668|665|1501
168|669|665|1502
168|670|665|1503
168|671|665|1504
168|671|666|1505
168|672|666|1506
168|673|666|1507
168|674|666|1508
168|675|666|1509
168|675|667|1510
168|676|667|1511
168|676|668|1512
168|676|669|1513
168|677|669|1514
169|677|669|1515
169|677|670|1516
169|678|670|1517
169|679|670|1518
169|680|670|1519
169|680|671|1520
169|680|672|1521
169|681|672|1522
169|682|672|1523
169|683|672|1524
169|683|673|1525
169|684|673|1526
170|684|673|1527
170|684|674|1528
170|685|674|1529
170|686|674|1530
170|687|674|1531
170|688|674|1532
170|688|675|1533
170|689|675|1534
170|689|676|1535
170|690|676|1536
171|690|676|1537
171|691|676|1538
172|691|676|1539
172|692|676|1540
173|692|676|1541
173|692|677|1542
174|692|677|1543
174|692|678|1544
174|693|678|1545
174|693|679|1546
174|693|680|1547
174|694|680|1548
174|695|680|1549
174|696|680|1550
174|696|681|1551
174|696|682|1552
175|696|682|1553
175|697|682|1554
175|697|683|1555
175|698|683|1556
175|699|683|1557
175|699|684|1558
175|700|684|1559
176|700|684|1560
176|701|684|1561
176|702|684|1562
176|703|684|1563
176|704|684|1564
176|705|684|1565
176|705|685|1566
176|706|685|1567
176|706|686|1568
176|706|687|1569
176|706|688|1570
176|706|689|1571
176|707|689|1572
176|707|690|1573
176|708|690|1574
176|708|691|1575
176|709|691|1576
176|710|691|1577
176|711|691|1578
176|712|691|1579
176|712|692|1580
176|713|692|1581
176|713|693|1582
177|713|693|1583
177|714|693|1584
177|715|693|1585
177|716|693|1586
178|716|693|1587
178|716|694|1588
178|717|694|1589
178|718|694|1590
179|718|694|1591
179|719|694|1592
179|720|694|1593
179|721|694|1594
180|721|694|1595
180|721|695|1596
181|721|695|1597
181|722|695|1598
182|722|695|1599
182|723|695|1600
182|724|695|1601
182|724|696|1602
182|725|696|1603
182|726|696|1604
182|727|696|1605
182|728|696|1606
183|728|696|1607
183|729|696|1608
184|729|696|1609
184|729|697|1610
184|730|697|1611
184|731|697|1612
184|732|697|1613
184|732|698|1614
185|732|698|1615
185|732|699|1616
185|733|699|1617
185|733|700|1618
185|733|701|1619
185|733|702|1620
185|734|702|1621
185|734|703|1622
185|735|703|1623
185|735|704|1624
186|735|704|1625
186|735|705|1626
186|735|706|1627
186|735|707|1628
186|736|707|1629
186|736|708|1630
186|737|708|1631
186|737|709|1632
186|738|709|1633
186|738|710|1634
186|739|710|1635
186|739|711|1636
186|740|711|1637
186|740|712|1638
186|741|712|1639
186|741|713|1640
186|741|714|1641
186|741|715|1642
186|742|715|1643
186|742|716|1644
186|743|716|1645
186|743|717|1646
186|744|717|1647
186|744|718|1648
186|745|718|1649
186|745|719|1650
186|746|719|1651
186|746|720|1652
186|747|720|1653
186|747|721|1654
186|747|722|1655
186|747|723|1656
186|748|723|1657
186|748|724|1658
186|749|724|1659
186|749|725|1660
187|749|725|1661
187|749|726|1662
187|749|727|1663
187|749|728|1664
187|750|728|1665
187|750|729|1666
187|751|729|1667
187|751|730|1668
188|751|730|1669
188|751|731|1670
189|751|731|1671
189|751|732|1672
189|752|732|1673
189|752|733|1674
189|753|733|1675
189|753|734|1676
190|753|734|1677
190|754|734|1678
190|755|734|1679
190|755|735|1680
190|755|736|1681
190|755|737|1682
190|756|737|1683
190|756|738|1684
190|756|739|1685
190|757|739|1686
190|757|740|1687
190|758|740|1688
190|758|741|1689
190|759|741|1690
190|759|742|1691
190|760|742|1692
190|760|743|1693
190|761|743|1694
190|761|744|1695
190|762|744|1696
190|762|745|1697
190|763|745|1698
190|763|746|1699
190|764|746|1700
190|764|747|1701
190|765|747|1702
190|765|748|1703
190|766|748|1704
190|766|749|1705
190|767|749|1706
190|767|750|1707
190|768|750|1708
190|768|751|1709
190|769|751|1710
190|769|752|1711
190|770|752|1712
190|770|753|1713
190|771|753|1714
190|771|754|1715
190|772|754|1716
190|772|755|1717
190|773|755|1718
190|773|756|1719
190|774|756|1720
190|775|756|1721
190|776|756|1722
190|777|756|1723
190|778|756|1724
190|779|756|1725
190|779|757|1726
190|780|757|1727
190|780|758|1728
191|780|758|1729
191|781|758|1730
192|781|758|1731
192|781|759|1732
192|782|759|1733
192|782|760|1734
193|782|760|1735
193|783|760|1736
193|784|760|1737
193|784|761|1738
193|785|761|1739
193|785|762|1740
193|786|762|1741
193|787|762|1742
193|788|762|1743
193|789|762|1744
193|790|762|1745
193|790|763|1746
193|791|763|1747
193|792|763|1748
194|792|763|1749
194|793|763|1750
194|794|763|1751
194|795|763|1752
194|796|763|1753
194|796|764|1754
194|797|764|1755
194|798|764|1756
194|798|765|1757
194|798|766|1758
194|799|766|1759
194|799|767|1760
194|800|767|1761
194|800|768|1762
194|800|769|1763
194|800|770|1764
194|800|771|1765
194|800|772|1766
194|801|772|1767
194|801|773|1768
194|802|773|1769
194|802|774|1770
194|802|775|1771
194|802|776|1772
194|802|777|1773
194|802|778|1774
194|803|778|1775
194|803|779|1776
194|803|780|1777
194|803|781|1778
194|804|781|1779
194|804|782|1780
194|805|782|1781
194|805|783|1782
194|806|783|1783
194|806|784|1784
194|807|784|1785
194|807|785|1786
194|807|786|1787
194|807|787|1788
194|807|788|1789
194|807|789|1790
194|808|789|1791
194|808|790|1792
195|808|790|1793
195|809|790|1794
196|809|790|1795
196|809|791|1796
196|810|791|1797
196|810|792|1798
197|810|792|1799
197|810|793|1800
198|810|793|1801
198|811|793|1802
198|812|793|1803
198|812|794|1804
198|813|794|1805
198|813|795|1806
199|813|795|1807
199|814|795|1808
199|815|795|1809
199|815|796|1810
199|816|796|1811
199|816|797|1812
200|816|797|1813
200|817|797|1814
201|817|797|1815
201|818|797|1816
201|819|797|1817
201|819|798|1818
201|820|798|1819
201|821|798|1820
202|821|798|1821
202|822|798|1822
202|823|798|1823
202|824|798|1824
202|825|798|1825
202|825|799|1826
202|826|799|1827
202|826|800|1828
202|826|801|1829
202|827|801|1830
202|827|802|1831
202|828|802|1832
202|828|803|1833
202|829|803|1834
202|829|804|1835
202|830|804|1836
202|830|805|1837
202|831|805|1838
202|831|806|1839
202|832|806|1840
202|832|807|1841
202|833|807|1842
202|833|808|1843
202|834|808|1844
202|834|809|1845
202|835|809|1846
202|835|810|1847
202|836|810|1848
202|836|811|1849
202|837|811|1850
202|837|812|1851
202|838|812|1852
202|838|813|1853
202|839|813|1854
202|839|814|1855
202|840|814|1856
202|840|815|1857
202|841|815|1858
202|841|816|1859
202|842|816|1860
202|842|817|1861
202|843|817|1862
202|843|818|1863
202|844|818|1864
202|845|818|1865
202|845|819|1866
202|846|819|1867
202|846|820|1868
202|847|820|1869
202|847|821|1870
202|848|821|1871
202|848|822|1872
202|849|822|1873
202|849|823|1874
202|850|823|1875
202|850|824|1876
202|851|824|1877
202|851|825|1878
202|852|825|1879
202|852|826|1880
202|853|826|1881
202|853|827|1882
202|854|827|1883
202|854|828|1884
202|855|828|1885
202|855|829|1886
202|856|829|1887
202|856|830|1888
202|857|830|1889
202|857|831|1890
202|858|831|1891
202|858|832|1892
202|859|832|1893
202|859|833|1894
202|860|833|1895
202|860|834|1896
202|861|834|1897
202|861|835|1898
202|862|835|1899
202|862|836|1900
202|863|836|1901
202|863|837|1902
202|864|837|1903
202|864|838|1904
202|865|838|1905
202|865|839|1906
202|866|839|1907
202|866|840|1908
202|866|841|1909
202|866|842|1910
202|867|842|1911
202|867|843|1912
202|868|843|1913
202|868|844|1914
202|869|844|1915
202|869|845|1916
202|869|846|1917
202|869|847|1918
202|870|847|1919
202|870|848|1920
202|870|849|1921
202|870|850|1922
202|870|851|1923
202|870|852|1924
202|871|852|1925
202|871|853|1926
202|872|853|1927
202|872|854|1928
202|873|854|1929
202|873|855|1930
202|873|856|1931
202|873|857|1932
202|873|858|1933
202|873|859|1934
202|873|860|1935
202|873|861|1936
203|873|861|1937
203|873|862|1938
204|873|862|1939
204|874|862|1940
204|875|862|1941
204|875|863|1942
204|876|863|1943
204|876|864|1944
205|876|864|1945
205|877|864|1946
205|878|864|1947
205|879|864|1948
206|879|864|1949
206|879|865|1950
206|880|865|1951
206|880|866|1952
207|880|866|1953
207|881|866|1954
207|882|866|1955
207|882|867|1956
208|882|867|1957
208|882|868|1958
209|882|868|1959
209|883|868|1960
209|884|868|1961
209|884|869|1962
209|885|869|1963
209|886|869|1964
210|886|869|1965
210|887|869|1966
211|887|869|1967
211|888|869|1968
212|888|869|1969
212|889|869|1970
212|890|869|1971
212|891|869|1972
213|891|869|1973
213|892|869|1974
214|892|869|1975
214|893|869|1976
215|893|869|1977
215|893|870|1978
215|894|870|1979
215|894|871|1980
215|894|872|1981
215|895|872|1982
215|896|872|1983
215|896|873|1984
215|896|874|1985
215|896|875|1986
216|896|875|1987
216|897|875|1988
216|897|876|1989
216|898|876|1990
216|899|876|1991
217|899|876|1992
217|899|877|1993
217|899|878|1994
218|899|878|1995
218|900|878|1996
218|901|878|1997
218|901|879|1998
218|902|879|1999
218|903|879|2000
