total
0|0|1|1
0|1|1|2
0|1|2|3
0|2|2|4
0|2|3|5
0|3|3|6
0|3|4|7
0|4|4|8
0|4|5|9
0|4|6|10
0|4|7|11
0|5|7|12
0|5|8|13
0|6|8|14
0|6|9|15
0|7|9|16
0|7|10|17
0|7|11|18
0|7|12|19
0|8|12|20
0|8|13|21
0|8|14|22
0|8|15|23
0|9|15|24
0|9|16|25
0|9|17|26
0|9|18|27
0|10|18|28
0|10|19|29
0|10|20|30
0|10|21|31
0|10|22|32
0|10|23|33
0|10|24|34
0|10|25|35
0|10|26|36
0|10|27|37
0|10|28|38
0|10|29|39
0|10|30|40
0|10|31|41
0|10|32|42
0|10|33|43
0|10|34|44
0|10|35|45
0|10|36|46
0|10|37|47
0|10|38|48
0|10|39|49
0|10|40|50
0|10|41|51
0|10|42|52
0|10|43|53
0|10|44|54
0|10|45|55
0|10|46|56
0|10|47|57
0|10|48|58
0|10|49|59
0|10|50|60
0|10|51|61
0|10|52|62
0|10|53|63
0|10|54|64
0|10|55|65
0|10|56|66
0|10|57|67
0|10|58|68
0|10|59|69
0|10|60|70
0|10|61|71
0|10|62|72
0|10|63|73
0|10|64|74
0|10|65|75
0|10|66|76
0|10|67|77
0|10|68|78
0|10|69|79
0|10|70|80
0|10|71|81
0|10|72|82
0|10|73|83
0|10|74|84
0|10|75|85
0|10|76|86
0|10|77|87
0|10|78|88
0|10|79|89
0|10|80|90
0|10|81|91
0|10|82|92
0|10|83|93
0|10|84|94
0|11|84|95
0|11|85|96
0|11|86|97
0|11|87|98
0|11|88|99
0|11|89|100
0|11|90|101
0|12|90|102
0|12|91|103
0|13|91|104
0|13|92|105
0|14|92|106
0|14|93|107
0|15|93|108
0|15|94|109
0|16|94|110
0|16|95|111
0|17|95|112
0|17|96|113
0|18|96|114
0|18|97|115
0|19|97|116
0|19|98|117
0|20|98|118
0|20|99|119
0|21|99|120
0|21|100|121
0|22|100|122
0|22|101|123
0|23|101|124
0|23|102|125
0|23|103|126
0|23|104|127
0|24|104|128
0|24|105|129
0|25|105|130
0|25|106|131
0|26|106|132
0|26|107|133
0|27|107|134
0|27|108|135
0|28|108|136
0|28|109|137
0|29|109|138
0|29|110|139
0|30|110|140
0|30|111|141
0|31|111|142
0|31|112|143
0|32|112|144
0|32|113|145
0|33|113|146
0|33|114|147
0|34|114|148
0|34|115|149
0|35|115|150
0|35|116|151
0|36|116|152
0|36|117|153
0|37|117|154
0|37|118|155
0|38|118|156
0|38|119|157
0|39|119|158
0|39|120|159
0|40|120|160
0|40|121|161
0|41|121|162
0|41|122|163
0|42|122|164
0|42|123|165
0|43|123|166
0|43|124|167
0|44|124|168
0|44|125|169
0|45|125|170
0|45|126|171
0|46|126|172
0|46|127|173
0|47|127|174
0|47|128|175
0|47|129|176
0|47|130|177
0|48|130|178
0|48|131|179
0|49|131|180
0|49|132|181
0|49|133|182
0|49|134|183
0|50|134|184
0|50|135|185
0|51|135|186
0|51|136|187
0|51|137|188
0|51|138|189
0|52|138|190
0|52|139|191
0|53|139|192
0|53|140|193
0|53|141|194
0|53|142|195
0|54|142|196
0|54|143|197
0|55|143|198
0|55|144|199
0|55|145|200
0|55|146|201
0|55|147|202
0|55|148|203
0|56|148|204
0|56|149|205
0|56|150|206
0|56|151|207
0|56|152|208
0|56|153|209
0|57|153|210
0|57|154|211
0|58|154|212
0|58|155|213
0|59|155|214
0|59|156|215
0|60|156|216
0|60|157|217
0|61|157|218
0|61|158|219
0|62|158|220
0|62|159|221
0|63|159|222
0|63|160|223
0|64|160|224
0|64|161|225
0|65|161|226
0|65|162|227
0|66|162|228
0|66|163|229
0|67|163|230
0|67|164|231
0|68|164|232
0|68|165|233
0|69|165|234
0|69|166|235
0|70|166|236
0|71|166|237
0|72|166|238
0|72|167|239
0|73|167|240
0|73|168|241
0|74|168|242
0|74|169|243
0|75|169|244
0|75|170|245
0|76|170|246
0|76|171|247
0|77|171|248
0|77|172|249
0|78|172|250
0|78|173|251
0|79|173|252
0|79|174|253
0|80|174|254
0|80|175|255
0|81|175|256
0|81|176|257
0|82|176|258
0|82|177|259
0|83|177|260
0|83|178|261
0|84|178|262
0|84|179|263
0|85|179|264
0|85|180|265
0|86|180|266
0|86|181|267
0|87|181|268
0|87|182|269
0|88|182|270
0|88|183|271
0|89|183|272
0|89|184|273
0|90|184|274
0|90|185|275
0|91|185|276
0|91|186|277
0|92|186|278
0|92|187|279
0|93|187|280
0|93|188|281
0|94|188|282
0|94|189|283
0|95|189|284
0|95|190|285
0|96|190|286
0|96|191|287
0|97|191|288
0|97|192|289
0|98|192|290
0|98|193|291
0|99|193|292
0|99|194|293
0|100|194|294
0|100|195|295
0|101|195|296
0|101|196|297
0|102|196|298
0|102|197|299
0|103|197|300
0|103|198|301
0|104|198|302
0|104|199|303
0|105|199|304
0|105|200|305
0|106|200|306
0|106|201|307
0|107|201|308
0|107|202|309
0|108|202|310
0|109|202|311
0|110|202|312
0|110|203|313
0|111|203|314
0|111|204|315
0|112|204|316
0|112|205|317
0|112|206|318
0|113|206|319
0|114|206|320
0|114|207|321
0|115|207|322
1|115|207|323
1|116|207|324
1|117|207|325
1|117|208|326
1|118|208|327
1|118|209|328
2|118|209|329
2|119|209|330
3|119|209|331
3|120|209|332
3|121|209|333
3|121|210|334
3|121|211|335
3|122|211|336
3|123|211|337
3|123|212|338
4|123|212|339
4|123|213|340
4|123|214|341
4|123|215|342
4|123|216|343
4|123|217|344
5|123|217|345
5|123|218|346
5|123|219|347
5|124|219|348
5|124|220|349
5|125|220|350
5|125|221|351
5|126|221|352
5|126|222|353
5|127|222|354
5|127|223|355
5|128|223|356
5|128|224|357
5|129|224|358
5|129|225|359
5|130|225|360
5|130|226|361
5|131|226|362
5|131|227|363
5|132|227|364
5|132|228|365
5|133|228|366
5|133|229|367
5|134|229|368
5|134|230|369
5|135|230|370
5|135|231|371
5|136|231|372
5|136|232|373
5|137|232|374
5|137|233|375
5|138|233|376
5|138|234|377
5|139|234|378
5|139|235|379
5|140|235|380
5|140|236|381
5|141|236|382
5|141|237|383
5|142|237|384
5|142|238|385
5|143|238|386
5|143|239|387
5|144|239|388
5|144|240|389
5|144|241|390
5|144|242|391
5|145|242|392
5|145|243|393
5|146|243|394
5|146|244|395
5|147|244|396
5|147|245|397
5|147|246|398
5|147|247|399
5|148|247|400
5|148|248|401
5|149|248|402
5|149|249|403
5|149|250|404
5|149|251|405
5|150|251|406
5|150|252|407
5|150|253|408
5|150|254|409
5|151|254|410
5|151|255|411
5|152|255|412
5|152|256|413
5|153|256|414
5|153|257|415
5|154|257|416
5|154|258|417
5|155|258|418
5|155|259|419
5|155|260|420
5|155|261|421
5|156|261|422
5|156|262|423
5|157|262|424
5|157|263|425
5|158|263|426
5|158|264|427
5|159|264|428
5|159|265|429
5|160|265|430
5|160|266|431
5|161|266|432
5|161|267|433
5|162|267|434
5|162|268|435
5|163|268|436
5|163|269|437
5|164|269|438
5|164|270|439
5|165|270|440
5|165|271|441
5|166|271|442
5|166|272|443
5|167|272|444
5|167|273|445
5|168|273|446
5|168|274|447
5|169|274|448
5|169|275|449
5|170|275|450
5|170|276|451
5|171|276|452
5|171|277|453
5|172|277|454
5|172|278|455
5|173|278|456
5|173|279|457
5|174|279|458
5|174|280|459
5|175|280|460
6|175|280|461
6|175|281|462
6|175|282|463
6|175|283|464
6|175|284|465
6|175|285|466
6|175|286|467
6|175|287|468
7|175|287|469
7|175|288|470
7|175|289|471
7|175|290|472
7|175|291|473
7|175|292|474
7|175|293|475
7|175|294|476
7|175|295|477
7|175|296|478
7|175|297|479
7|175|298|480
7|175|299|481
7|175|300|482
7|175|301|483
7|175|302|484
8|175|302|485
8|175|303|486
8|175|304|487
8|175|305|488
9|175|305|489
9|175|306|490
9|175|307|491
9|175|308|492
9|175|309|493
9|175|310|494
10|175|310|495
10|175|311|496
10|175|312|497
10|176|312|498
10|176|313|499
10|177|313|500
10|177|314|501
10|178|314|502
10|178|315|503
10|179|315|504
10|179|316|505
10|180|316|506
10|180|317|507
10|181|317|508
10|181|318|509
10|182|318|510
10|182|319|511
10|183|319|512
10|183|320|513
10|184|320|514
10|184|321|515
10|185|321|516
10|185|322|517
10|186|322|518
10|186|323|519
10|187|323|520
10|187|324|521
10|188|324|522
10|188|325|523
10|189|325|524
10|189|326|525
10|190|326|526
10|190|327|527
10|191|327|528
10|191|328|529
10|192|328|530
10|192|329|531
10|193|329|532
10|193|330|533
10|194|330|534
10|194|331|535
10|195|331|536
10|195|332|537
10|196|332|538
10|196|333|539
10|197|333|540
10|197|334|541
10|198|334|542
10|198|335|543
10|199|335|544
10|199|336|545
10|200|336|546
10|200|337|547
10|201|337|548
10|201|338|549
10|202|338|550
10|202|339|551
10|203|339|552
10|203|340|553
10|204|340|554
10|204|341|555
10|205|341|556
10|205|342|557
10|206|342|558
10|206|343|559
10|207|343|560
10|207|344|561
10|208|344|562
10|208|345|563
10|209|345|564
10|209|346|565
10|210|346|566
10|210|347|567
10|211|347|568
10|212|347|569
10|213|347|570
10|213|348|571
10|214|348|572
10|214|349|573
10|215|349|574
10|215|350|575
10|216|350|576
10|217|350|577
10|218|350|578
10|218|351|579
10|219|351|580
10|219|352|581
10|220|352|582
10|220|353|583
10|221|353|584
10|221|354|585
10|222|354|586
10|222|355|587
10|223|355|588
10|223|356|589
10|224|356|590
10|224|357|591
10|225|357|592
10|225|358|593
10|226|358|594
10|226|359|595
10|227|359|596
10|227|360|597
10|228|360|598
10|228|361|599
10|229|361|600
10|229|362|601
10|230|362|602
10|230|363|603
10|231|363|604
11|231|363|605
11|232|363|606
11|232|364|607
11|233|364|608
11|233|365|609
11|234|365|610
11|234|366|611
11|235|366|612
11|235|367|613
11|235|368|614
11|235|369|615
11|235|370|616
11|235|371|617
11|235|372|618
11|235|373|619
11|236|373|620
12|236|373|621
12|236|374|622
12|236|375|623
12|237|375|624
12|237|376|625
12|237|377|626
12|237|378|627
12|238|378|628
12|238|379|629
12|239|379|630
12|239|380|631
12|239|381|632
12|239|382|633
12|239|383|634
12|239|384|635
12|239|385|636
13|239|385|637
13|239|386|638
13|239|387|639
13|240|387|640
13|240|388|641
13|241|388|642
13|241|389|643
13|242|389|644
13|242|390|645
13|243|390|646
13|243|391|647
13|244|391|648
13|244|392|649
13|245|392|650
13|245|393|651
13|246|393|652
13|246|394|653
13|247|394|654
13|247|395|655
13|248|395|656
13|248|396|657
13|249|396|658
13|249|397|659
13|250|397|660
13|250|398|661
13|251|398|662
13|251|399|663
13|252|399|664
13|252|400|665
13|253|400|666
13|253|401|667
13|254|401|668
13|254|402|669
13|255|402|670
13|255|403|671
13|256|403|672
13|256|404|673
13|257|404|674
13|257|405|675
13|258|405|676
13|258|406|677
13|258|407|678
13|258|408|679
13|259|408|680
13|259|409|681
13|260|409|682
13|260|410|683
13|261|410|684
14|261|410|685
14|261|411|686
14|261|412|687
14|262|412|688
14|262|413|689
14|263|413|690
14|263|414|691
14|264|414|692
15|264|414|693
15|264|415|694
15|264|416|695
15|265|416|696
15|265|417|697
15|266|417|698
15|266|418|699
15|267|418|700
15|267|419|701
15|267|420|702
15|267|421|703
15|268|421|704
15|268|422|705
15|268|423|706
15|268|424|707
15|268|425|708
15|268|426|709
15|269|426|710
15|269|427|711
15|270|427|712
15|270|428|713
15|270|429|714
15|270|430|715
15|270|431|716
15|270|432|717
15|270|433|718
15|270|434|719
15|270|435|720
15|270|436|721
15|270|437|722
15|270|438|723
15|270|439|724
15|270|440|725
15|270|441|726
15|270|442|727
15|270|443|728
15|270|444|729
15|270|445|730
15|270|446|731
15|270|447|732
15|270|448|733
15|270|449|734
15|270|450|735
15|270|451|736
15|270|452|737
15|270|453|738
15|270|454|739
15|270|455|740
15|270|456|741
15|270|457|742
15|270|458|743
15|270|459|744
15|270|460|745
15|270|461|746
15|270|462|747
15|270|463|748
15|270|464|749
15|270|465|750
15|270|466|751
15|270|467|752
15|270|468|753
15|270|469|754
15|271|469|755
15|271|470|756
15|271|471|757
15|271|472|758
16|271|472|759
16|271|473|760
16|271|474|761
16|271|475|762
16|271|476|763
16|271|477|764
16|271|478|765
16|271|479|766
16|271|480|767
16|271|481|768
16|271|482|769
16|271|483|770
16|271|484|771
16|271|485|772
16|271|486|773
16|271|487|774
16|271|488|775
16|271|489|776
16|271|490|777
16|271|491|778
16|271|492|779
16|271|493|780
16|271|494|781
16|271|495|782
16|271|496|783
16|271|497|784
16|271|498|785
16|272|498|786
16|272|499|787
16|273|499|788
16|273|500|789
16|274|500|790
16|274|501|791
16|275|501|792
16|275|502|793
16|276|502|794
16|276|503|795
16|277|503|796
16|277|504|797
16|278|504|798
16|278|505|799
16|279|505|800
16|279|506|801
16|280|506|802
16|280|507|803
16|281|507|804
16|281|508|805
16|282|508|806
16|282|509|807
16|283|509|808
16|283|510|809
16|284|510|810
16|284|511|811
16|285|511|812
16|285|512|813
16|286|512|814
16|286|513|815
16|287|513|816
16|287|514|817
16|288|514|818
16|288|515|819
16|289|515|820
16|289|516|821
16|290|516|822
16|290|517|823
16|291|517|824
16|291|518|825
16|292|518|826
16|292|519|827
16|293|519|828
16|293|520|829
16|294|520|830
16|294|521|831
16|295|521|832
16|295|522|833
16|296|522|834
16|296|523|835
16|297|523|836
16|297|524|837
16|298|524|838
16|298|525|839
16|299|525|840
16|299|526|841
16|300|526|842
16|300|527|843
16|301|527|844
16|301|528|845
16|302|528|846
16|302|529|847
16|303|529|848
16|303|530|849
16|304|530|850
16|304|531|851
16|305|531|852
16|305|532|853
16|306|532|854
16|306|533|855
16|307|533|856
16|307|534|857
16|308|534|858
16|308|535|859
16|308|536|860
16|308|537|861
16|309|537|862
16|309|538|863
16|310|538|864
16|310|539|865
16|311|539|866
16|311|540|867
16|311|541|868
16|311|542|869
16|312|542|870
16|312|543|871
16|312|544|872
16|312|545|873
16|313|545|874
16|313|546|875
16|313|547|876
16|313|548|877
16|314|548|878
16|314|549|879
16|314|550|880
16|314|551|881
16|314|552|882
16|314|553|883
16|315|553|884
16|316|553|885
16|316|554|886
16|316|555|887
16|317|555|888
16|317|556|889
16|318|556|890
16|318|557|891
16|319|557|892
16|319|558|893
16|320|558|894
16|320|559|895
16|321|559|896
16|321|560|897
16|322|560|898
16|322|561|899
16|323|561|900
16|323|562|901
16|324|562|902
16|324|563|903
16|325|563|904
16|325|564|905
16|326|564|906
16|326|565|907
16|327|565|908
16|327|566|909
16|328|566|910
16|328|567|911
16|329|567|912
16|329|568|913
16|330|568|914
16|330|569|915
16|331|569|916
16|331|570|917
16|332|570|918
16|332|571|919
16|333|571|920
16|334|571|921
16|335|571|922
16|335|572|923
16|336|572|924
16|336|573|925
16|337|573|926
16|337|574|927
16|338|574|928
16|338|575|929
16|339|575|930
16|339|576|931
16|340|576|932
16|340|577|933
16|341|577|934
16|341|578|935
16|341|579|936
16|341|580|937
16|342|580|938
16|342|581|939
16|343|581|940
16|343|582|941
16|344|582|942
17|344|582|943
17|345|582|944
17|345|583|945
17|346|583|946
17|346|584|947
17|347|584|948
17|347|585|949
17|348|585|950
17|348|586|951
17|349|586|952
17|349|587|953
17|350|587|954
17|350|588|955
17|351|588|956
17|351|589|957
17|351|590|958
17|351|591|959
17|352|591|960
17|352|592|961
17|353|592|962
17|353|593|963
17|354|593|964
17|354|594|965
17|355|594|966
17|355|595|967
17|356|595|968
17|356|596|969
17|357|596|970
17|357|597|971
17|358|597|972
17|358|598|973
17|359|598|974
17|359|599|975
17|360|599|976
17|360|600|977
17|361|600|978
17|361|601|979
17|362|601|980
17|362|602|981
17|363|602|982
17|363|603|983
17|364|603|984
17|364|604|985
17|365|604|986
17|365|605|987
17|366|605|988
17|366|606|989
17|367|606|990
17|367|607|991
17|368|607|992
17|368|608|993
17|369|608|994
17|369|609|995
17|370|609|996
17|370|610|997
17|371|610|998
17|371|611|999
17|372|611|1000
17|372|612|1001
17|373|612|1002
17|373|613|1003
17|374|613|1004
17|374|614|1005
17|375|614|1006
18|375|614|1007
18|375|615|1008
18|376|615|1009
18|376|616|1010
18|376|617|1011
18|376|618|1012
18|376|619|1013
18|377|619|1014
19|377|619|1015
19|377|620|1016
20|377|620|1017
20|378|620|1018
20|379|620|1019
20|380|620|1020
20|380|621|1021
20|380|622|1022
20|380|623|1023
20|380|624|1024
20|381|624|1025
20|381|625|1026
21|381|625|1027
21|381|626|1028
22|381|626|1029
22|381|627|1030
23|381|627|1031
23|382|627|1032
23|382|628|1033
23|383|628|1034
24|383|628|1035
24|383|629|1036
24|383|630|1037
24|384|630|1038
24|384|631|1039
24|385|631|1040
24|385|632|1041
24|386|632|1042
24|386|633|1043
24|387|633|1044
24|387|634|1045
24|388|634|1046
24|388|635|1047
24|389|635|1048
24|389|636|1049
24|390|636|1050
24|390|637|1051
24|391|637|1052
24|391|638|1053
24|392|638|1054
24|392|639|1055
24|393|639|1056
24|393|640|1057
24|394|640|1058
24|394|641|1059
24|395|641|1060
24|395|642|1061
24|396|642|1062
24|396|643|1063
24|397|643|1064
24|397|644|1065
24|398|644|1066
24|398|645|1067
24|399|645|1068
24|400|646|1070
24|401|646|1071
24|401|647|1072
24|402|647|1073
24|402|648|1074
24|403|648|1075
24|403|649|1076
24|404|649|1077
24|404|650|1078
24|405|650|1079
24|405|651|1080
24|406|651|1081
24|406|652|1082
24|407|652|1083
24|407|653|1084
24|408|653|1085
24|408|654|1086
24|409|654|1087
24|409|655|1088
24|410|655|1089
24|410|656|1090
24|411|656|1091
24|411|657|1092
24|412|657|1093
24|412|658|1094
24|413|658|1095
24|413|659|1096
24|414|659|1097
24|414|660|1098
24|415|660|1099
24|415|661|1100
24|416|661|1101
24|416|662|1102
24|417|662|1103
24|417|663|1104
24|418|663|1105
24|418|664|1106
24|419|664|1107
24|419|665|1108
24|420|665|1109
24|420|666|1110
24|421|666|1111
24|421|667|1112
24|422|667|1113
24|422|668|1114
24|423|668|1115
24|423|669|1116
24|424|669|1117
24|424|670|1118
24|425|670|1119
24|425|671|1120
24|426|671|1121
24|426|672|1122
24|427|672|1123
24|427|673|1124
24|428|673|1125
24|428|674|1126
24|429|674|1127
24|429|675|1128
24|430|675|1129
24|430|676|1130
24|431|676|1131
24|431|677|1132
24|432|677|1133
24|432|678|1134
24|433|678|1135
24|433|679|1136
24|434|679|1137
24|434|680|1138
24|435|680|1139
24|436|680|1140
24|437|680|1141
24|437|681|1142
24|438|681|1143
24|438|682|1144
24|438|683|1145
25|438|683|1146
25|438|684|1147
26|438|684|1148
26|438|685|1149
26|438|686|1150
26|438|687|1151
26|438|688|1152
26|438|689|1153
26|438|690|1154
26|438|691|1155
26|438|692|1156
26|438|693|1157
27|438|693|1158
27|438|694|1159
27|438|695|1160
27|438|696|1161
27|438|697|1162
27|438|698|1163
27|438|699|1164
27|438|700|1165
27|438|701|1166
27|438|702|1167
27|438|703|1168
27|438|704|1169
27|438|705|1170
27|438|706|1171
27|438|707|1172
27|438|708|1173
28|438|708|1174
28|438|709|1175
29|438|709|1176
29|438|710|1177
29|438|711|1178
29|438|712|1179
29|438|713|1180
29|439|713|1181
29|439|714|1182
29|440|714|1183
29|440|715|1184
29|441|715|1185
29|441|716|1186
29|442|716|1187
29|442|717|1188
29|443|717|1189
29|443|718|1190
29|444|718|1191
29|444|719|1192
29|445|719|1193
29|445|720|1194
29|446|720|1195
29|446|721|1196
29|447|721|1197
29|447|722|1198
29|448|722|1199
29|448|723|1200
29|449|723|1201
29|449|724|1202
29|450|724|1203
29|450|725|1204
29|451|725|1205
29|451|726|1206
29|452|726|1207
29|452|727|1208
29|453|727|1209
29|453|728|1210
29|454|728|1211
29|454|729|1212
29|455|729|1213
29|455|730|1214
29|456|730|1215
29|456|731|1216
29|456|732|1217
29|456|733|1218
29|457|733|1219
29|457|734|1220
29|458|734|1221
29|458|735|1222
29|459|735|1223
29|459|736|1224
29|459|737|1225
29|459|738|1226
29|460|738|1227
29|460|739|1228
29|461|739|1229
29|461|740|1230
29|462|740|1231
29|462|741|1232
29|462|742|1233
29|462|743|1234
29|463|743|1235
29|463|744|1236
29|464|744|1237
29|464|745|1238
29|465|745|1239
29|465|746|1240
29|466|746|1241
29|466|747|1242
29|467|747|1243
29|467|748|1244
29|468|748|1245
29|468|749|1246
29|469|749|1247
29|469|750|1248
29|470|750|1249
29|470|751|1250
29|471|751|1251
29|471|752|1252
29|472|752|1253
29|473|752|1254
29|474|752|1255
29|474|753|1256
29|475|753|1257
29|475|754|1258
29|476|754|1259
29|476|755|1260
29|477|755|1261
29|477|756|1262
29|478|756|1263
29|478|757|1264
29|479|757|1265
29|479|758|1266
29|480|758|1267
29|480|759|1268
29|481|759|1269
29|481|760|1270
29|482|760|1271
29|482|761|1272
29|483|761|1273
29|483|762|1274
29|484|762|1275
29|484|763|1276
29|485|763|1277
29|485|764|1278
29|486|764|1279
29|486|765|1280
29|487|765|1281
29|488|765|1282
29|489|765|1283
29|489|766|1284
29|490|766|1285
29|490|767|1286
29|491|767|1287
29|491|768|1288
29|491|769|1289
29|491|770|1290
29|492|770|1291
29|492|771|1292
29|493|771|1293
29|493|772|1294
29|494|772|1295
29|494|773|1296
29|494|774|1297
29|494|775|1298
29|495|775|1299
29|495|776|1300
29|495|777|1301
29|495|778|1302
29|496|778|1303
29|496|779|1304
29|496|780|1305
29|496|781|1306
29|497|781|1307
29|497|782|1308
29|497|783|1309
29|497|784|1310
29|497|785|1311
29|497|786|1312
29|498|786|1313
29|498|787|1314
29|499|787|1315
29|499|788|1316
29|499|789|1317
29|499|790|1318
29|499|791|1319
29|499|792|1320
29|499|793|1321
29|499|794|1322
29|500|794|1323
29|500|795|1324
29|501|795|1325
29|501|796|1326
29|502|796|1327
29|502|797|1328
29|503|797|1329
29|503|798|1330
29|504|798|1331
29|504|799|1332
29|505|799|1333
29|505|800|1334
29|506|800|1335
29|506|801|1336
29|507|801|1337
29|507|802|1338
29|508|802|1339
29|508|803|1340
29|509|803|1341
29|509|804|1342
29|510|804|1343
29|510|805|1344
29|511|805|1345
29|511|806|1346
29|512|806|1347
29|512|807|1348
29|513|807|1349
29|513|808|1350
29|514|808|1351
29|514|809|1352
29|515|809|1353
29|515|810|1354
29|516|810|1355
29|516|811|1356
29|517|811|1357
29|517|812|1358
29|518|812|1359
29|518|813|1360
29|519|813|1361
29|519|814|1362
29|520|814|1363
29|520|815|1364
29|521|815|1365
29|521|816|1366
29|522|816|1367
29|522|817|1368
29|522|818|1369
30|522|818|1370
30|523|818|1371
30|523|819|1372
30|524|819|1373
30|524|820|1374
30|525|820|1375
30|525|821|1376
30|525|822|1377
30|525|823|1378
30|526|823|1379
30|526|824|1380
30|527|824|1381
30|527|825|1382
30|528|825|1383
30|528|826|1384
30|529|826|1385
30|529|827|1386
30|530|827|1387
30|530|828|1388
30|531|828|1389
30|531|829|1390
30|531|830|1391
30|531|831|1392
30|532|831|1393
30|532|832|1394
30|532|833|1395
30|532|834|1396
30|532|835|1397
30|532|836|1398
30|532|837|1399
30|532|838|1400
30|532|839|1401
30|532|840|1402
30|532|841|1403
30|532|842|1404
30|532|843|1405
30|532|844|1406
30|532|845|1407
30|532|846|1408
30|532|847|1409
30|532|848|1410
30|532|849|1411
30|532|850|1412
30|532|851|1413
30|532|852|1414
30|532|853|1415
30|532|854|1416
30|532|855|1417
30|532|856|1418
30|532|857|1419
30|532|858|1420
30|532|859|1421
30|532|860|1422
30|532|861|1423
30|532|862|1424
30|532|863|1425
30|532|864|1426
30|532|865|1427
30|532|866|1428
30|532|867|1429
30|532|868|1430
30|532|869|1431
30|532|870|1432
30|532|871|1433
30|533|871|1434
30|533|872|1435
30|533|873|1436
30|533|874|1437
30|533|875|1438
30|533|876|1439
30|534|876|1440
30|534|877|1441
30|534|878|1442
30|534|879|1443
30|534|880|1444
30|534|881|1445
30|534|882|1446
30|534|883|1447
30|534|884|1448
30|534|885|1449
30|534|886|1450
30|534|887|1451
30|534|888|1452
30|534|889|1453
30|534|890|1454
30|534|891|1455
30|534|892|1456
30|534|893|1457
30|534|894|1458
30|534|895|1459
30|534|896|1460
30|534|897|1461
30|534|898|1462
30|534|899|1463
30|534|900|1464
30|534|901|1465
30|534|902|1466
30|534|903|1467
30|534|904|1468
30|535|904|1469
30|535|905|1470
30|536|905|1471
30|536|906|1472
30|537|906|1473
30|537|907|1474
30|538|907|1475
30|538|908|1476
30|539|908|1477
30|539|909|1478
30|540|909|1479
30|540|910|1480
30|541|910|1481
30|541|911|1482
30|542|911|1483
30|542|912|1484
30|543|912|1485
30|543|913|1486
30|544|913|1487
30|544|914|1488
30|545|914|1489
30|545|915|1490
30|546|915|1491
30|546|916|1492
30|547|916|1493
30|547|917|1494
30|548|917|1495
30|548|918|1496
30|549|918|1497
30|549|919|1498
30|550|919|1499
30|550|920|1500
30|551|920|1501
30|551|921|1502
30|552|921|1503
30|552|922|1504
30|553|922|1505
30|553|923|1506
30|554|923|1507
30|554|924|1508
30|555|924|1509
30|555|925|1510
30|556|925|1511
30|556|926|1512
30|557|926|1513
30|557|927|1514
30|558|927|1515
30|558|928|1516
30|559|928|1517
30|559|929|1518
30|560|929|1519
30|560|930|1520
30|561|930|1521
30|561|931|1522
30|562|931|1523
30|562|932|1524
30|563|932|1525
30|563|933|1526
30|564|933|1527
30|564|934|1528
30|565|934|1529
30|565|935|1530
30|566|935|1531
30|566|936|1532
30|567|936|1533
30|567|937|1534
30|568|937|1535
30|568|938|1536
30|569|938|1537
30|569|939|1538
30|570|939|1539
30|570|940|1540
30|571|940|1541
30|571|941|1542
30|572|941|1543
30|572|942|1544
30|573|942|1545
30|573|943|1546
30|573|944|1547
31|573|944|1548
31|573|945|1549
31|573|946|1550
31|573|947|1551
31|573|948|1552
31|574|948|1553
31|575|948|1554
31|575|949|1555
32|575|949|1556
32|576|949|1557
32|576|950|1558
32|576|951|1559
32|576|952|1560
32|577|952|1561
32|577|953|1562
32|578|953|1563
32|578|954|1564
32|579|954|1565
32|579|955|1566
32|580|955|1567
32|580|956|1568
32|580|957|1569
32|580|958|1570
32|581|958|1571
32|581|959|1572
32|581|960|1573
32|581|961|1574
32|582|961|1575
32|582|962|1576
32|583|962|1577
32|583|963|1578
32|584|963|1579
32|584|964|1580
32|585|964|1581
32|585|965|1582
32|586|965|1583
33|586|965|1584
33|587|965|1585
33|587|966|1586
33|588|966|1587
33|588|967|1588
33|589|967|1589
33|589|968|1590
33|590|968|1591
33|590|969|1592
33|591|969|1593
33|591|970|1594
33|592|970|1595
33|592|971|1596
33|593|971|1597
33|594|971|1598
33|595|971|1599
33|595|972|1600
33|596|972|1601
33|596|973|1602
33|597|973|1603
33|597|974|1604
33|598|974|1605
33|599|974|1606
33|600|974|1607
33|601|974|1608
33|602|974|1609
33|602|975|1610
33|603|975|1611
33|603|976|1612
33|604|976|1613
33|604|977|1614
33|605|977|1615
33|605|978|1616
33|606|978|1617
33|606|979|1618
33|607|979|1619
33|607|980|1620
33|608|980|1621
33|608|981|1622
33|609|981|1623
33|609|982|1624
33|610|982|1625
33|610|983|1626
33|611|983|1627
33|611|984|1628
33|612|984|1629
33|612|985|1630
33|613|985|1631
33|613|986|1632
33|614|986|1633
33|614|987|1634
33|615|987|1635
33|615|988|1636
33|616|988|1637
33|616|989|1638
33|617|989|1639
33|617|990|1640
33|618|990|1641
33|618|991|1642
33|619|991|1643
33|619|992|1644
33|620|992|1645
33|620|993|1646
33|621|993|1647
33|621|994|1648
33|622|994|1649
33|622|995|1650
33|623|995|1651
33|623|996|1652
33|624|996|1653
33|624|997|1654
33|625|997|1655
33|625|998|1656
33|626|998|1657
33|626|999|1658
33|627|999|1659
33|627|1000|1660
33|628|1000|1661
33|628|1001|1662
33|629|1001|1663
33|629|1002|1664
33|630|1002|1665
33|630|1003|1666
33|631|1003|1667
33|631|1004|1668
33|632|1004|1669
33|632|1005|1670
33|633|1005|1671
33|633|1006|1672
33|634|1006|1673
33|634|1007|1674
33|635|1007|1675
33|635|1008|1676
33|636|1008|1677
33|636|1009|1678
33|637|1009|1679
33|637|1010|1680
33|638|1010|1681
33|638|1011|1682
33|639|1011|1683
33|639|1012|1684
33|640|1012|1685
33|641|1012|1686
33|641|1013|1687
34|641|1013|1688
34|641|1014|1689
35|641|1014|1690
35|642|1014|1691
35|643|1014|1692
35|644|1014|1693
35|644|1015|1694
35|645|1015|1695
35|645|1016|1696
35|645|1017|1697
36|645|1017|1698
36|645|1018|1699
36|646|1018|1700
36|647|1018|1701
36|647|1019|1702
36|648|1019|1703
36|649|1019|1704
36|649|1020|1705
36|649|1021|1706
36|649|1022|1707
37|649|1022|1708
37|650|1022|1709
37|651|1022|1710
37|651|1023|1711
38|651|1023|1712
38|651|1024|1713
39|651|1024|1714
39|652|1024|1715
40|652|1024|1716
40|653|1024|1717
40|653|1025|1718
40|654|1025|1719
40|654|1026|1720
40|655|1026|1721
40|655|1027|1722
40|656|1027|1723
40|656|1028|1724
40|657|1028|1725
40|657|1029|1726
40|658|1029|1727
40|658|1030|1728
40|659|1030|1729
40|659|1031|1730
40|660|1031|1731
40|660|1032|1732
40|661|1032|1733
40|661|1033|1734
40|662|1033|1735
40|662|1034|1736
40|663|1034|1737
40|663|1035|1738
40|664|1035|1739
40|664|1036|1740
40|665|1036|1741
40|665|1037|1742
40|666|1037|1743
40|666|1038|1744
40|667|1038|1745
40|667|1039|1746
40|668|1039|1747
40|668|1040|1748
40|669|1040|1749
40|669|1041|1750
40|670|1041|1751
40|670|1042|1752
40|671|1042|1753
40|671|1043|1754
40|672|1043|1755
40|672|1044|1756
40|672|1045|1757
40|672|1046|1758
40|673|1046|1759
40|673|1047|1760
40|674|1047|1761
40|674|1048|1762
40|675|1048|1763
40|675|1049|1764
40|676|1049|1765
40|676|1050|1766
40|677|1050|1767
40|677|1051|1768
40|678|1051|1769
40|678|1052|1770
40|678|1053|1771
40|678|1054|1772
40|679|1054|1773
40|679|1055|1774
40|680|1055|1775
40|680|1056|1776
40|681|1056|1777
40|681|1057|1778
40|682|1057|1779
40|682|1058|1780
40|683|1058|1781
40|683|1059|1782
40|684|1059|1783
40|684|1060|1784
40|684|1061|1785
40|684|1062|1786
40|685|1062|1787
40|685|1063|1788
40|686|1063|1789
40|686|1064|1790
40|687|1064|1791
40|687|1065|1792
40|688|1065|1793
40|688|1066|1794
40|689|1066|1795
40|689|1067|1796
40|690|1067|1797
40|690|1068|1798
40|691|1068|1799
40|691|1069|1800
40|692|1069|1801
40|692|1070|1802
40|693|1070|1803
40|693|1071|1804
40|694|1071|1805
40|694|1072|1806
40|695|1072|1807
40|695|1073|1808
40|696|1073|1809
40|696|1074|1810
40|697|1074|1811
40|697|1075|1812
40|698|1075|1813
40|698|1076|1814
40|699|1076|1815
40|699|1077|1816
40|700|1077|1817
40|700|1078|1818
40|701|1078|1819
40|701|1079|1820
40|702|1079|1821
40|702|1080|1822
40|703|1080|1823
40|704|1080|1824
40|705|1080|1825
40|705|1081|1826
40|706|1081|1827
40|706|1082|1828
40|706|1083|1829
40|706|1084|1830
40|706|1085|1831
40|706|1086|1832
40|706|1087|1833
40|706|1088|1834
40|706|1089|1835
40|706|1090|1836
40|706|1091|1837
41|706|1091|1838
41|706|1092|1839
42|706|1092|1840
42|706|1093|1841
42|706|1094|1842
42|706|1095|1843
42|706|1096|1844
42|706|1097|1845
42|706|1098|1846
42|706|1099|1847
42|706|1100|1848
42|706|1101|1849
42|706|1102|1850
42|706|1103|1851
42|706|1104|1852
42|706|1105|1853
42|706|1106|1854
42|706|1107|1855
42|706|1108|1856
42|706|1109|1857
43|706|1109|1858
43|706|1110|1859
44|706|1110|1860
44|706|1111|1861
45|706|1111|1862
45|706|1112|1863
45|706|1113|1864
45|707|1113|1865
45|707|1114|1866
45|708|1114|1867
45|708|1115|1868
45|709|1115|1869
45|709|1116|1870
45|710|1116|1871
45|710|1117|1872
45|711|1117|1873
45|711|1118|1874
45|712|1118|1875
45|712|1119|1876
45|713|1119|1877
45|713|1120|1878
45|714|1120|1879
45|714|1121|1880
45|715|1121|1881
45|715|1122|1882
45|716|1122|1883
45|716|1123|1884
45|717|1123|1885
45|717|1124|1886
45|718|1124|1887
45|718|1125|1888
45|719|1125|1889
45|719|1126|1890
45|720|1126|1891
45|720|1127|1892
45|721|1127|1893
45|721|1128|1894
45|722|1128|1895
45|722|1129|1896
45|723|1129|1897
45|723|1130|1898
45|724|1130|1899
45|724|1131|1900
45|725|1131|1901
45|725|1132|1902
45|726|1132|1903
45|726|1133|1904
45|727|1133|1905
45|727|1134|1906
45|728|1134|1907
45|728|1135|1908
45|728|1136|1909
45|728|1137|1910
45|729|1137|1911
45|729|1138|1912
45|730|1138|1913
45|730|1139|1914
45|731|1139|1915
45|731|1140|1916
45|731|1141|1917
45|731|1142|1918
45|732|1142|1919
45|732|1143|1920
45|733|1143|1921
45|733|1144|1922
45|733|1145|1923
45|733|1146|1924
45|734|1146|1925
45|734|1147|1926
45|735|1147|1927
45|735|1148|1928
45|736|1148|1929
45|736|1149|1930
45|737|1149|1931
45|737|1150|1932
45|738|1150|1933
45|738|1151|1934
45|739|1151|1935
45|739|1152|1936
45|740|1152|1937
45|740|1153|1938
45|741|1153|1939
45|741|1154|1940
45|742|1154|1941
45|742|1155|1942
45|743|1155|1943
45|743|1156|1944
45|744|1156|1945
45|744|1157|1946
45|745|1157|1947
45|745|1158|1948
45|746|1158|1949
45|746|1159|1950
45|747|1159|1951
45|747|1160|1952
45|748|1160|1953
45|748|1161|1954
45|749|1161|1955
45|749|1162|1956
45|750|1162|1957
45|750|1163|1958
45|751|1163|1959
45|751|1164|1960
45|752|1164|1961
45|752|1165|1962
45|753|1165|1963
45|753|1166|1964
45|754|1166|1965
45|755|1166|1966
45|756|1166|1967
45|756|1167|1968
45|757|1167|1969
45|757|1168|1970
45|758|1168|1971
45|758|1169|1972
45|759|1169|1973
45|759|1170|1974
45|760|1170|1975
45|760|1171|1976
45|761|1171|1977
45|761|1172|1978
45|762|1172|1979
45|762|1173|1980
45|762|1174|1981
46|762|1174|1982
46|763|1174|1983
46|763|1175|1984
46|763|1176|1985
46|763|1177|1986
46|764|1177|1987
46|764|1178|1988
46|764|1179|1989
46|764|1180|1990
46|765|1180|1991
46|765|1181|1992
46|765|1182|1993
46|765|1183|1994
46|766|1183|1995
46|766|1184|1996
46|767|1184|1997
46|767|1185|1998
46|768|1185|1999
46|768|1186|2000
