total
0|1|0|1
1|1|0|2
1|2|0|3
1|3|0|4
1|3|1|5
1|4|1|6
1|5|1|7
1|6|1|8
1|7|1|9
1|7|2|10
1|7|3|11
1|8|3|12
1|8|4|13
1|9|4|14
1|10|4|15
1|11|4|16
1|12|4|17
1|12|5|18
1|12|6|19
1|13|6|20
1|14|6|21
1|15|6|22
1|16|6|23
1|17|6|24
1|18|6|25
1|18|7|26
2|18|7|27
2|19|7|28
2|20|7|29
2|20|8|30
2|21|8|31
3|21|8|32
3|22|8|33
3|23|8|34
3|24|8|35
3|25|8|36
3|26|8|37
3|27|8|38
3|28|8|39
4|28|8|40
4|29|8|41
4|30|8|42
4|31|8|43
4|31|9|44
4|32|9|45
4|33|9|46
4|34|9|47
5|34|9|48
5|35|9|49
6|35|9|50
6|36|9|51
6|37|9|52
6|38|9|53
6|38|10|54
6|39|10|55
6|39|11|56
6|40|11|57
6|40|12|58
6|41|12|59
7|41|12|60
7|42|12|61
7|42|13|62
7|43|13|63
8|43|13|64
8|44|13|65
8|45|13|66
8|46|13|67
8|47|13|68
8|48|13|69
9|48|13|70
9|49|13|71
9|50|13|72
9|51|13|73
9|52|13|74
9|53|13|75
9|54|13|76
9|55|13|77
9|55|14|78
9|56|14|79
9|56|15|80
9|57|15|81
9|58|15|82
9|59|15|83
9|59|16|84
9|60|16|85
9|61|16|86
9|62|16|87
9|63|16|88
9|64|16|89
9|64|17|90
9|65|17|91
9|66|17|92
9|67|17|93
9|68|17|94
9|69|17|95
9|69|18|96
9|70|18|97
9|71|18|98
9|72|18|99
9|72|19|100
9|73|19|101
9|74|19|102
9|75|19|103
9|76|19|104
9|77|19|105
9|78|19|106
9|79|19|107
9|80|19|108
9|81|19|109
9|82|19|110
9|83|19|111
9|84|19|112
9|85|19|113
9|86|19|114
9|87|19|115
9|88|19|116
9|89|19|117
9|90|19|118
9|91|19|119
9|92|19|120
9|93|19|121
9|94|19|122
9|95|19|123
9|96|19|124
9|97|19|125
9|98|19|126
9|99|19|127
9|100|19|128
9|101|19|129
9|102|19|130
9|103|19|131
9|104|19|132
9|105|19|133
9|106|19|134
9|107|19|135
9|108|19|136
9|109|19|137
9|109|20|138
9|109|21|139
9|110|21|140
9|111|21|141
9|112|21|142
9|113|21|143
10|113|21|144
10|114|21|145
10|114|22|146
10|115|22|147
10|116|22|148
10|116|23|149
10|117|23|150
10|118|23|151
11|118|23|152
11|119|23|153
11|119|24|154
11|120|24|155
11|121|24|156
11|121|25|157
11|122|25|158
11|123|25|159
11|124|25|160
11|125|25|161
11|125|26|162
11|125|27|163
11|126|27|164
11|126|28|165
11|127|28|166
11|128|28|167
11|129|28|168
11|130|28|169
12|130|28|170
12|131|28|171
13|131|28|172
14|131|28|173
15|131|28|174
16|131|28|175
16|131|29|176
16|131|30|177
16|132|30|178
16|133|30|179
16|133|31|180
16|133|32|181
16|134|32|182
16|134|33|183
16|135|33|184
16|135|34|185
17|135|34|186
17|136|34|187
17|136|35|188
17|136|36|189
17|137|36|190
17|137|37|191
17|138|37|192
17|139|37|193
17|140|37|194
17|140|38|195
17|140|39|196
17|140|40|197
17|141|40|198
17|142|40|199
17|142|41|200
17|143|41|201
17|143|42|202
17|144|42|203
17|145|42|204
17|146|42|205
17|146|43|206
17|146|44|207
17|146|45|208
17|146|46|209
18|146|46|210
18|147|46|211
18|148|46|212
18|149|46|213
18|150|46|214
18|151|46|215
19|151|46|216
19|152|46|217
20|152|46|218
20|152|47|219
20|153|47|220
20|154|47|221
21|154|47|222
21|155|47|223
22|155|47|224
22|156|47|225
22|157|47|226
22|157|48|227
22|158|48|228
22|159|48|229
23|159|48|230
23|160|48|231
24|160|48|232
24|160|49|233
24|161|49|234
24|162|49|235
24|163|49|236
24|164|49|237
25|164|49|238
25|165|49|239
26|165|49|240
26|166|49|241
27|166|49|242
27|167|49|243
28|167|49|244
29|167|49|245
29|168|49|246
29|169|49|247
29|170|49|248
29|171|49|249
29|172|49|250
30|172|49|251
30|172|50|252
30|173|50|253
30|174|50|254
30|174|51|255
30|175|51|256
30|176|51|257
30|177|51|258
31|177|51|259
31|178|51|260
31|178|52|261
31|179|52|262
31|179|53|263
31|180|53|264
31|181|53|265
31|182|53|266
32|182|53|267
32|183|53|268
32|183|54|269
32|184|54|270
32|184|55|271
32|185|55|272
32|186|55|273
32|187|55|274
33|187|55|275
33|188|55|276
33|189|55|277
33|190|55|278
33|191|55|279
33|192|55|280
33|193|55|281
33|194|55|282
33|195|55|283
34|195|55|284
34|196|55|285
35|196|55|286
35|197|55|287
35|198|55|288
35|199|55|289
35|200|55|290
35|201|55|291
35|202|55|292
35|203|55|293
35|204|55|294
35|205|55|295
36|205|55|296
36|206|55|297
36|207|55|298
36|208|55|299
36|209|55|300
36|210|55|301
36|211|55|302
36|212|55|303
37|212|55|304
37|213|55|305
37|214|55|306
37|215|55|307
37|216|55|308
37|217|55|309
38|217|55|310
38|218|55|311
39|218|55|312
39|219|55|313
40|219|55|314
40|220|55|315
40|221|55|316
40|222|55|317
40|222|56|318
40|223|56|319
40|223|57|320
40|224|57|321
40|224|58|322
40|225|58|323
40|225|59|324
40|226|59|325
40|226|60|326
40|227|60|327
40|227|61|328
40|228|61|329
40|228|62|330
40|229|62|331
40|229|63|332
40|230|63|333
40|230|64|334
40|231|64|335
40|231|65|336
40|232|65|337
40|232|66|338
40|233|66|339
40|233|67|340
40|234|67|341
40|234|68|342
40|235|68|343
40|235|69|344
40|236|69|345
40|236|70|346
40|237|70|347
40|237|71|348
40|238|71|349
40|238|72|350
40|239|72|351
40|239|73|352
40|240|73|353
40|241|73|354
40|242|73|355
40|243|73|356
40|244|73|357
40|245|73|358
40|246|73|359
40|247|73|360
40|248|73|361
41|248|73|362
41|249|73|363
41|250|73|364
41|251|73|365
41|252|73|366
41|253|73|367
42|253|73|368
42|254|73|369
42|255|73|370
42|256|73|371
42|257|73|372
42|258|73|373
43|258|73|374
43|259|73|375
43|260|73|376
43|261|73|377
43|262|73|378
43|263|73|379
43|264|73|380
43|265|73|381
44|265|73|382
44|266|73|383
44|267|73|384
44|268|73|385
44|269|73|386
44|270|73|387
44|271|73|388
44|271|74|389
44|272|74|390
44|272|75|391
44|273|75|392
44|273|76|393
44|274|76|394
44|274|77|395
44|275|77|396
44|275|78|397
44|276|78|398
44|276|79|399
44|277|79|400
44|277|80|401
44|278|80|402
44|278|81|403
44|279|81|404
44|279|82|405
44|280|82|406
44|280|83|407
44|281|83|408
44|281|84|409
44|282|84|410
44|282|85|411
44|283|85|412
44|283|86|413
44|284|86|414
44|284|87|415
44|285|87|416
44|285|88|417
44|286|88|418
44|286|89|419
44|287|89|420
44|287|90|421
44|288|90|422
44|288|91|423
44|289|91|424
44|290|91|425
44|291|91|426
44|292|91|427
45|292|91|428
45|293|91|429
45|294|91|430
45|295|91|431
45|296|91|432
45|297|91|433
46|297|91|434
46|298|91|435
46|299|91|436
46|300|91|437
46|301|91|438
46|302|91|439
46|303|91|440
46|304|91|441
46|305|91|442
46|306|91|443
46|307|91|444
46|308|91|445
47|308|91|446
47|309|91|447
47|310|91|448
47|311|91|449
47|312|91|450
47|313|91|451
47|314|91|452
47|315|91|453
48|315|91|454
48|316|91|455
49|316|91|456
49|317|91|457
49|318|91|458
49|319|91|459
49|320|91|460
49|321|91|461
49|321|92|462
49|322|92|463
49|322|93|464
49|323|93|465
49|323|94|466
49|324|94|467
49|324|95|468
49|325|95|469
49|325|96|470
49|326|96|471
49|326|97|472
49|327|97|473
49|327|98|474
49|328|98|475
49|328|99|476
49|329|99|477
49|329|100|478
49|330|100|479
49|330|101|480
49|331|101|481
49|331|102|482
49|332|102|483
49|332|103|484
49|333|103|485
49|333|104|486
49|334|104|487
49|334|105|488
49|335|105|489
49|335|106|490
49|336|106|491
49|336|107|492
49|337|107|493
49|337|108|494
49|338|108|495
49|338|109|496
49|338|110|497
49|339|110|498
49|339|111|499
49|340|111|500
49|340|112|501
49|341|112|502
49|341|113|503
49|342|113|504
49|342|114|505
49|343|114|506
49|343|115|507
49|344|115|508
49|344|116|509
49|345|116|510
49|345|117|511
49|346|117|512
49|346|118|513
49|347|118|514
49|347|119|515
49|348|119|516
49|348|120|517
49|349|120|518
49|349|121|519
49|350|121|520
49|350|122|521
49|351|122|522
49|351|123|523
49|352|123|524
49|352|124|525
49|353|124|526
49|353|125|527
49|354|125|528
49|354|126|529
49|355|126|530
49|355|127|531
49|356|127|532
49|356|128|533
49|357|128|534
49|357|129|535
49|358|129|536
49|358|130|537
49|359|130|538
49|359|131|539
49|360|131|540
49|360|132|541
49|361|132|542
49|361|133|543
49|362|133|544
49|362|134|545
49|363|134|546
49|363|135|547
49|364|135|548
49|364|136|549
49|365|136|550
49|365|137|551
49|366|137|552
49|366|138|553
49|367|138|554
49|367|139|555
49|368|139|556
49|368|140|557
49|369|140|558
49|369|141|559
49|370|141|560
49|370|142|561
49|371|142|562
49|371|143|563
49|372|143|564
49|372|144|565
49|373|144|566
49|373|145|567
49|374|145|568
49|375|145|569
50|375|145|570
50|376|145|571
50|377|145|572
50|378|145|573
50|379|145|574
50|380|145|575
51|380|145|576
51|381|145|577
52|381|145|578
52|382|145|579
52|383|145|580
52|383|146|581
52|384|146|582
52|385|146|583
53|385|146|584
53|386|146|585
54|386|146|586
54|386|147|587
54|387|147|588
54|387|148|589
54|388|148|590
54|389|148|591
54|390|148|592
54|390|149|593
54|391|149|594
54|391|150|595
54|392|150|596
54|393|150|597
55|393|150|598
55|394|150|599
56|394|150|600
56|395|150|601
56|396|150|602
56|397|150|603
57|397|150|604
58|397|150|605
58|397|151|606
58|397|152|607
58|397|153|608
58|398|153|609
58|398|154|610
58|399|154|611
58|400|154|612
58|401|154|613
58|401|155|614
58|402|155|615
58|402|156|616
58|402|157|617
58|402|158|618
58|403|158|619
58|404|158|620
58|405|158|621
58|405|159|622
58|405|160|623
58|406|160|624
58|406|161|625
58|406|162|626
58|406|163|627
58|406|164|628
58|406|165|629
58|407|165|630
59|407|165|631
59|407|166|632
59|408|166|633
59|408|167|634
59|409|167|635
59|409|168|636
59|410|168|637
59|410|169|638
59|410|170|639
59|410|171|640
59|410|172|641
59|411|172|642
59|411|173|643
59|412|173|644
59|412|174|645
59|413|174|646
59|413|175|647
59|414|175|648
59|414|176|649
59|415|176|650
59|415|177|651
59|416|177|652
59|416|178|653
59|417|178|654
59|417|179|655
59|418|179|656
59|418|180|657
59|419|180|658
59|419|181|659
59|420|181|660
59|420|182|661
59|421|182|662
59|421|183|663
59|422|183|664
59|422|184|665
59|423|184|666
59|423|185|667
59|424|185|668
59|424|186|669
59|425|186|670
59|425|187|671
59|426|187|672
59|426|188|673
59|427|188|674
59|427|189|675
59|428|189|676
59|428|190|677
59|428|191|678
59|429|191|679
59|430|191|680
60|430|191|681
60|431|191|682
60|432|191|683
60|433|191|684
60|434|191|685
60|434|192|686
60|435|192|687
60|436|192|688
60|436|193|689
60|437|193|690
60|438|193|691
60|439|193|692
60|440|193|693
60|440|194|694
60|440|195|695
60|441|195|696
60|441|196|697
60|442|196|698
60|443|196|699
60|444|196|700
60|444|197|701
60|444|198|702
60|444|199|703
60|445|199|704
60|446|199|705
60|447|199|706
60|448|199|707
60|449|199|708
60|450|199|709
60|451|199|710
60|451|200|711
60|452|200|712
60|453|200|713
61|453|200|714
61|454|200|715
61|454|201|716
61|455|201|717
61|455|202|718
61|456|202|719
62|456|202|720
62|457|202|721
62|458|202|722
62|459|202|723
62|460|202|724
62|461|202|725
62|461|203|726
62|462|203|727
62|462|204|728
62|463|204|729
62|463|205|730
62|464|205|731
63|464|205|732
63|465|205|733
64|465|205|734
64|466|205|735
64|467|205|736
64|468|205|737
65|468|205|738
65|469|205|739
65|469|206|740
65|470|206|741
65|470|207|742
65|471|207|743
65|472|207|744
65|473|207|745
65|473|208|746
65|474|208|747
65|475|208|748
65|476|208|749
66|476|208|750
66|477|208|751
66|477|209|752
66|478|209|753
67|478|209|754
67|479|209|755
67|479|210|756
67|480|210|757
67|481|210|758
67|482|210|759
67|482|211|760
67|483|211|761
67|483|212|762
67|484|212|763
67|485|212|764
67|486|212|765
67|486|213|766
67|487|213|767
67|487|214|768
67|488|214|769
67|488|215|770
67|489|215|771
67|490|215|772
67|491|215|773
67|491|216|774
67|492|216|775
68|492|216|776
68|493|216|777
69|493|216|778
69|494|216|779
69|494|217|780
69|495|217|781
69|495|218|782
69|496|218|783
69|497|218|784
69|498|218|785
69|498|219|786
69|499|219|787
69|500|219|788
69|501|219|789
69|502|219|790
69|503|219|791
69|504|219|792
69|505|219|793
69|506|219|794
69|507|219|795
69|508|219|796
69|509|219|797
69|509|220|798
69|510|220|799
69|511|220|800
69|512|220|801
69|512|221|802
69|513|221|803
69|514|221|804
69|515|221|805
69|516|221|806
69|517|221|807
69|518|221|808
69|519|221|809
69|520|221|810
69|521|221|811
69|522|221|812
69|523|221|813
69|524|221|814
69|525|221|815
69|526|221|816
69|527|221|817
69|528|221|818
69|529|221|819
69|530|221|820
70|530|221|821
70|531|221|822
70|531|222|823
70|532|222|824
70|533|222|825
70|534|222|826
70|535|222|827
71|535|222|828
71|536|222|829
71|537|222|830
71|538|222|831
71|539|222|832
71|540|222|833
71|541|222|834
71|542|222|835
71|543|222|836
71|543|223|837
71|543|224|838
71|544|224|839
71|545|224|840
71|545|225|841
71|546|225|842
71|547|225|843
71|548|225|844
72|548|225|845
72|548|226|846
72|549|226|847
72|550|226|848
72|550|227|849
72|551|227|850
72|552|227|851
72|553|227|852
72|554|227|853
73|554|227|854
73|555|227|855
73|556|227|856
73|557|227|857
73|558|227|858
74|558|227|859
74|558|228|860
74|558|229|861
74|559|229|862
74|560|229|863
74|560|230|864
74|560|231|865
74|561|231|866
74|561|232|867
74|562|232|868
74|562|233|869
74|563|233|870
74|564|233|871
74|564|234|872
74|564|235|873
74|565|235|874
74|565|236|875
74|566|236|876
74|567|236|877
74|568|236|878
75|568|236|879
75|568|237|880
75|568|238|881
75|569|238|882
75|570|238|883
75|571|238|884
75|572|238|885
75|573|238|886
75|574|238|887
75|574|239|888
76|574|239|889
76|574|240|890
76|575|240|891
76|576|240|892
76|577|240|893
76|578|240|894
76|579|240|895
77|579|240|896
77|580|240|897
77|581|240|898
77|582|240|899
78|582|240|900
78|583|240|901
78|584|240|902
78|584|241|903
78|585|241|904
78|586|241|905
78|587|241|906
78|588|241|907
79|588|241|908
79|589|241|909
79|590|241|910
79|590|242|911
79|591|242|912
79|592|242|913
79|593|242|914
79|594|242|915
79|595|242|916
79|595|243|917
79|596|243|918
79|597|243|919
79|598|243|920
79|599|243|921
80|599|243|922
80|600|243|923
81|600|243|924
81|601|243|925
82|601|243|926
82|602|243|927
82|603|243|928
83|603|243|929
83|604|243|930
84|604|243|931
84|605|243|932
84|605|244|933
84|606|244|934
84|606|245|935
84|606|246|936
84|606|247|937
84|607|247|938
84|607|248|939
84|608|248|940
84|608|249|941
84|609|249|942
84|609|250|943
84|609|251|944
84|609|252|945
84|610|252|946
84|610|253|947
84|611|253|948
84|611|254|949
84|612|254|950
85|612|254|951
85|613|254|952
85|613|255|953
85|614|255|954
85|614|256|955
85|615|256|956
86|615|256|957
86|616|256|958
87|616|256|959
87|617|256|960
87|617|257|961
87|617|258|962
88|617|258|963
88|618|258|964
88|619|258|965
88|620|258|966
88|621|258|967
88|622|258|968
88|623|258|969
88|624|258|970
88|625|258|971
89|625|258|972
89|626|258|973
89|627|258|974
89|628|258|975
89|629|258|976
89|630|258|977
90|630|258|978
90|631|258|979
91|631|258|980
91|632|258|981
91|633|258|982
91|634|258|983
91|635|258|984
91|636|258|985
91|637|258|986
91|638|258|987
92|638|258|988
92|639|258|989
92|640|258|990
92|641|258|991
92|642|258|992
92|643|258|993
93|643|258|994
93|644|258|995
93|645|258|996
93|646|258|997
94|646|258|998
94|647|258|999
94|648|258|1000
94|649|258|1001
94|649|259|1002
94|650|259|1003
94|650|260|1004
94|651|260|1005
94|651|261|1006
94|652|261|1007
94|652|262|1008
94|653|262|1009
94|653|263|1010
94|654|263|1011
94|654|264|1012
94|655|264|1013
94|655|265|1014
94|656|265|1015
94|656|266|1016
94|657|266|1017
94|657|267|1018
94|658|267|1019
94|658|268|1020
94|659|268|1021
94|659|269|1022
94|660|269|1023
94|660|270|1024
94|661|270|1025
94|661|271|1026
94|662|271|1027
94|662|272|1028
94|663|272|1029
94|663|273|1030
94|664|273|1031
94|664|274|1032
94|665|274|1033
94|665|275|1034
94|666|275|1035
94|666|276|1036
94|667|276|1037
95|667|276|1038
95|668|276|1039
96|668|276|1040
96|669|276|1041
96|670|276|1042
96|671|276|1043
96|672|276|1044
96|673|276|1045
97|673|276|1046
97|674|276|1047
97|675|276|1048
97|676|276|1049
97|677|276|1050
97|678|276|1051
98|678|276|1052
98|679|276|1053
98|680|276|1054
98|681|276|1055
98|682|276|1056
98|683|276|1057
98|684|276|1058
98|685|276|1059
98|686|276|1060
98|687|276|1061
98|688|276|1062
98|689|276|1063
98|690|276|1064
98|691|276|1065
98|692|276|1066
98|693|276|1067
98|694|276|1068
98|695|276|1069
99|695|276|1070
99|696|276|1071
99|697|276|1072
99|697|277|1073
99|698|277|1074
99|698|278|1075
99|699|278|1076
99|699|279|1077
99|700|279|1078
99|700|280|1079
99|701|280|1080
99|701|281|1081
99|702|281|1082
99|702|282|1083
99|703|282|1084
99|703|283|1085
99|704|283|1086
99|704|284|1087
99|705|284|1088
99|705|285|1089
99|706|285|1090
99|706|286|1091
99|707|286|1092
99|707|287|1093
99|708|287|1094
99|708|288|1095
99|709|288|1096
99|709|289|1097
99|710|289|1098
99|710|290|1099
99|711|290|1100
99|711|291|1101
99|712|291|1102
99|712|292|1103
99|713|292|1104
99|713|293|1105
99|714|293|1106
99|714|294|1107
99|715|294|1108
99|716|294|1109
99|717|294|1110
99|718|294|1111
99|719|294|1112
99|720|294|1113
99|721|294|1114
99|722|294|1115
99|723|294|1116
99|724|294|1117
100|724|294|1118
100|725|294|1119
100|726|294|1120
100|727|294|1121
100|728|294|1122
100|729|294|1123
101|729|294|1124
101|730|294|1125
101|731|294|1126
101|732|294|1127
101|733|294|1128
101|734|294|1129
101|735|294|1130
101|736|294|1131
101|737|294|1132
101|738|294|1133
101|739|294|1134
101|740|294|1135
101|741|294|1136
101|742|294|1137
101|743|294|1138
101|744|294|1139
102|744|294|1140
102|745|294|1141
102|746|294|1142
102|747|294|1143
102|748|294|1144
102|749|294|1145
102|749|295|1146
102|750|295|1147
102|750|296|1148
102|751|296|1149
102|751|297|1150
102|752|297|1151
102|752|298|1152
102|753|298|1153
102|753|299|1154
102|754|299|1155
102|754|300|1156
102|755|301|1158
102|755|302|1159
102|756|302|1160
102|756|303|1161
102|757|303|1162
102|757|304|1163
102|758|304|1164
102|758|305|1165
102|759|305|1166
102|759|306|1167
102|760|306|1168
102|760|307|1169
102|761|307|1170
102|761|308|1171
102|762|308|1172
102|762|309|1173
102|763|309|1174
102|763|310|1175
102|764|310|1176
102|764|311|1177
102|765|311|1178
102|765|312|1179
102|766|312|1180
102|767|312|1181
102|767|313|1182
102|768|313|1183
102|768|314|1184
102|769|314|1185
102|769|315|1186
102|770|315|1187
102|770|316|1188
102|771|316|1189
102|771|317|1190
102|772|317|1191
102|772|318|1192
102|773|318|1193
102|773|319|1194
102|774|319|1195
102|774|320|1196
102|775|320|1197
102|775|321|1198
102|776|321|1199
102|776|322|1200
102|777|322|1201
102|777|323|1202
102|778|323|1203
102|778|324|1204
102|779|324|1205
102|779|325|1206
102|780|325|1207
102|780|326|1208
102|781|326|1209
102|781|327|1210
102|782|327|1211
102|782|328|1212
102|783|328|1213
102|783|329|1214
102|784|329|1215
102|784|330|1216
102|785|330|1217
102|785|331|1218
102|786|331|1219
102|786|332|1220
102|787|332|1221
102|787|333|1222
102|788|333|1223
102|788|334|1224
102|789|334|1225
102|789|335|1226
102|790|335|1227
102|790|336|1228
102|791|336|1229
102|791|337|1230
102|792|337|1231
102|792|338|1232
102|793|338|1233
102|793|339|1234
102|794|339|1235
102|794|340|1236
102|795|340|1237
102|795|341|1238
102|796|341|1239
102|796|342|1240
102|797|342|1241
102|797|343|1242
102|798|343|1243
102|798|344|1244
102|799|344|1245
102|799|345|1246
102|800|345|1247
102|800|346|1248
102|801|346|1249
102|801|347|1250
102|802|347|1251
102|802|348|1252
102|803|348|1253
102|804|348|1254
103|804|348|1255
103|805|348|1256
103|806|348|1257
103|807|348|1258
103|808|348|1259
103|809|348|1260
104|809|348|1261
104|810|348|1262
104|811|348|1263
104|812|348|1264
104|813|348|1265
104|813|349|1266
104|814|349|1267
104|815|349|1268
105|815|349|1269
105|816|349|1270
105|817|349|1271
105|817|350|1272
105|818|350|1273
105|818|351|1274
106|818|351|1275
106|819|351|1276
106|820|351|1277
106|820|352|1278
107|820|352|1279
107|820|353|1280
108|820|353|1281
108|821|353|1282
109|821|353|1283
109|822|353|1284
110|822|353|1285
110|823|353|1286
110|824|353|1287
110|825|353|1288
110|825|354|1289
110|826|354|1290
110|826|355|1291
110|827|355|1292
110|827|356|1293
111|827|356|1294
111|828|356|1295
111|829|356|1296
111|829|357|1297
111|830|357|1298
111|831|357|1299
111|832|357|1300
111|832|358|1301
111|832|359|1302
111|833|359|1303
111|834|359|1304
111|834|360|1305
111|835|360|1306
111|836|360|1307
111|836|361|1308
111|836|362|1309
111|836|363|1310
111|836|364|1311
111|837|364|1312
111|838|364|1313
111|838|365|1314
111|838|366|1315
112|838|366|1316
112|838|367|1317
112|839|367|1318
112|839|368|1319
112|840|368|1320
112|840|369|1321
112|841|369|1322
112|841|370|1323
112|842|370|1324
112|843|370|1325
112|843|371|1326
112|844|371|1327
112|844|372|1328
112|845|372|1329
112|845|373|1330
112|846|373|1331
112|846|374|1332
112|847|374|1333
112|847|375|1334
112|848|375|1335
112|848|376|1336
112|849|376|1337
112|849|377|1338
112|850|377|1339
112|850|378|1340
112|851|378|1341
112|851|379|1342
112|852|379|1343
112|852|380|1344
112|853|380|1345
112|853|381|1346
112|854|381|1347
112|854|382|1348
112|855|382|1349
112|855|383|1350
112|856|383|1351
112|856|384|1352
112|857|384|1353
112|857|385|1354
112|858|385|1355
112|858|386|1356
112|859|386|1357
112|859|387|1358
112|860|387|1359
112|860|388|1360
112|860|389|1361
112|861|389|1362
112|862|389|1363
112|863|389|1364
112|864|389|1365
113|864|389|1366
113|865|389|1367
113|866|389|1368
113|866|390|1369
113|867|390|1370
113|868|390|1371
113|869|390|1372
113|870|390|1373
113|870|391|1374
113|871|391|1375
113|872|391|1376
113|872|392|1377
113|873|392|1378
113|874|392|1379
113|874|393|1380
113|875|393|1381
113|875|394|1382
113|876|394|1383
113|877|394|1384
113|877|395|1385
114|877|395|1386
114|878|395|1387
114|878|396|1388
114|878|397|1389
114|879|397|1390
114|880|397|1391
114|881|397|1392
114|882|397|1393
114|883|397|1394
114|884|397|1395
114|885|397|1396
114|885|398|1397
114|886|398|1398
115|886|398|1399
115|887|398|1400
115|888|398|1401
115|889|398|1402
116|889|398|1403
116|890|398|1404
116|891|398|1405
116|892|398|1406
116|892|399|1407
116|893|399|1408
117|893|399|1409
117|894|399|1410
117|895|399|1411
117|896|399|1412
117|897|399|1413
117|898|399|1414
118|898|399|1415
118|899|399|1416
118|899|400|1417
118|900|400|1418
118|900|401|1419
118|901|401|1420
118|901|402|1421
118|902|402|1422
119|902|402|1423
119|903|402|1424
119|904|402|1425
119|905|402|1426
120|905|402|1427
120|906|402|1428
121|906|402|1429
121|907|402|1430
121|907|403|1431
121|908|403|1432
121|908|404|1433
121|909|404|1434
121|910|404|1435
121|911|404|1436
121|912|404|1437
121|913|404|1438
121|914|404|1439
121|915|404|1440
121|915|405|1441
121|916|405|1442
121|916|406|1443
121|917|406|1444
121|918|406|1445
121|919|406|1446
122|919|406|1447
122|920|406|1448
122|920|407|1449
122|921|407|1450
122|921|408|1451
122|922|408|1452
122|922|409|1453
122|923|409|1454
122|923|410|1455
122|924|410|1456
122|925|410|1457
122|926|410|1458
122|927|410|1459
122|928|410|1460
122|928|411|1461
122|929|411|1462
122|929|412|1463
122|930|412|1464
123|930|412|1465
123|931|412|1466
123|931|413|1467
123|932|413|1468
123|933|413|1469
123|934|413|1470
123|935|413|1471
123|936|413|1472
123|937|413|1473
123|938|413|1474
123|939|413|1475
123|940|413|1476
123|941|413|1477
123|942|413|1478
123|943|413|1479
123|944|413|1480
123|945|413|1481
123|946|413|1482
123|947|413|1483
123|948|413|1484
123|949|413|1485
123|950|413|1486
123|951|413|1487
123|952|413|1488
123|953|413|1489
123|954|413|1490
123|955|413|1491
123|956|413|1492
123|957|413|1493
123|958|413|1494
123|959|413|1495
123|960|413|1496
123|961|413|1497
123|962|413|1498
123|963|413|1499
123|964|413|1500
124|964|413|1501
124|965|413|1502
124|966|413|1503
124|967|413|1504
124|968|413|1505
124|969|413|1506
125|969|413|1507
125|970|413|1508
125|971|413|1509
126|971|413|1510
126|972|413|1511
126|973|413|1512
126|973|414|1513
126|974|414|1514
126|975|414|1515
126|976|414|1516
126|977|414|1517
126|978|414|1518
126|979|414|1519
126|980|414|1520
126|981|414|1521
126|982|414|1522
126|983|414|1523
126|984|414|1524
126|985|414|1525
126|985|415|1526
126|986|415|1527
126|987|415|1528
126|988|415|1529
127|988|415|1530
127|989|415|1531
127|990|415|1532
127|991|415|1533
128|991|415|1534
128|991|416|1535
128|992|416|1536
128|993|416|1537
128|994|416|1538
128|995|416|1539
128|996|416|1540
129|996|416|1541
129|996|417|1542
129|997|417|1543
129|997|418|1544
130|997|418|1545
130|997|419|1546
130|997|420|1547
130|998|420|1548
130|999|420|1549
130|999|421|1550
130|1000|421|1551
130|1000|422|1552
130|1001|422|1553
130|1001|423|1554
130|1001|424|1555
130|1002|424|1556
130|1003|424|1557
130|1003|425|1558
130|1004|425|1559
130|1004|426|1560
131|1004|426|1561
131|1005|426|1562
132|1005|426|1563
132|1005|427|1564
132|1006|427|1565
132|1006|428|1566
132|1007|428|1567
132|1007|429|1568
133|1007|429|1569
133|1008|429|1570
133|1009|429|1571
133|1010|429|1572
133|1010|430|1573
133|1011|430|1574
134|1011|430|1575
134|1012|430|1576
135|1012|430|1577
135|1013|430|1578
136|1013|430|1579
136|1014|430|1580
136|1015|430|1581
136|1016|430|1582
137|1016|430|1583
137|1017|430|1584
137|1018|430|1585
137|1019|430|1586
137|1020|430|1587
137|1020|431|1588
138|1020|431|1589
138|1021|431|1590
139|1021|431|1591
139|1022|431|1592
139|1023|431|1593
139|1024|431|1594
139|1025|431|1595
139|1025|432|1596
140|1025|432|1597
140|1026|432|1598
141|1026|432|1599
141|1027|432|1600
141|1028|432|1601
141|1028|433|1602
141|1029|433|1603
141|1030|433|1604
142|1030|433|1605
142|1031|433|1606
143|1031|433|1607
143|1032|433|1608
144|1032|433|1609
144|1033|433|1610
144|1034|433|1611
144|1035|433|1612
145|1035|433|1613
145|1035|434|1614
145|1036|434|1615
145|1036|435|1616
146|1036|435|1617
146|1036|436|1618
146|1036|437|1619
146|1036|438|1620
146|1037|438|1621
146|1037|439|1622
146|1038|439|1623
146|1038|440|1624
147|1038|440|1625
147|1038|441|1626
147|1038|442|1627
147|1038|443|1628
147|1039|443|1629
147|1039|444|1630
147|1040|444|1631
147|1040|445|1632
147|1041|445|1633
147|1041|446|1634
147|1042|446|1635
147|1042|447|1636
147|1043|447|1637
147|1043|448|1638
147|1044|448|1639
147|1044|449|1640
147|1045|449|1641
147|1045|450|1642
147|1046|450|1643
148|1046|450|1644
148|1047|450|1645
148|1047|451|1646
148|1048|451|1647
149|1048|451|1648
150|1048|451|1649
150|1048|452|1650
151|1048|452|1651
151|1049|452|1652
152|1049|452|1653
152|1049|453|1654
152|1049|454|1655
152|1050|454|1656
152|1051|454|1657
152|1052|454|1658
152|1053|454|1659
152|1053|455|1660
152|1054|455|1661
152|1055|455|1662
152|1056|455|1663
153|1056|455|1664
153|1057|455|1665
153|1057|456|1666
153|1058|456|1667
153|1058|457|1668
153|1059|457|1669
153|1060|457|1670
153|1061|457|1671
153|1062|457|1672
153|1063|457|1673
153|1063|458|1674
153|1064|458|1675
153|1065|458|1676
153|1066|458|1677
153|1067|458|1678
153|1068|458|1679
153|1069|458|1680
153|1070|458|1681
153|1071|458|1682
153|1072|458|1683
153|1073|458|1684
153|1073|459|1685
153|1074|459|1686
153|1074|460|1687
153|1075|460|1688
153|1075|461|1689
153|1076|461|1690
153|1076|462|1691
153|1077|462|1692
153|1077|463|1693
153|1078|463|1694
153|1078|464|1695
153|1079|464|1696
153|1079|465|1697
153|1080|465|1698
153|1080|466|1699
153|1081|466|1700
153|1081|467|1701
153|1082|467|1702
153|1082|468|1703
153|1083|468|1704
153|1083|469|1705
153|1084|469|1706
153|1084|470|1707
153|1085|470|1708
153|1085|471|1709
153|1086|471|1710
153|1086|472|1711
153|1087|472|1712
153|1087|473|1713
153|1088|473|1714
153|1088|474|1715
153|1089|474|1716
153|1089|475|1717
153|1090|475|1718
153|1090|476|1719
153|1091|476|1720
153|1092|476|1721
153|1093|476|1722
153|1094|476|1723
153|1095|476|1724
153|1096|476|1725
153|1097|476|1726
153|1098|476|1727
153|1099|476|1728
154|1099|476|1729
154|1100|476|1730
154|1101|476|1731
154|1102|476|1732
154|1103|476|1733
154|1104|476|1734
155|1104|476|1735
155|1105|476|1736
155|1106|476|1737
155|1107|476|1738
155|1108|476|1739
155|1109|476|1740
155|1110|476|1741
155|1111|476|1742
155|1112|476|1743
155|1113|476|1744
155|1114|476|1745
155|1115|476|1746
155|1116|476|1747
155|1117|476|1748
155|1118|476|1749
155|1119|476|1750
155|1120|476|1751
155|1121|476|1752
155|1122|476|1753
155|1123|476|1754
155|1124|476|1755
155|1125|476|1756
155|1126|476|1757
155|1126|477|1758
155|1127|477|1759
155|1127|478|1760
155|1128|478|1761
155|1128|479|1762
155|1129|479|1763
155|1129|480|1764
155|1130|480|1765
155|1130|481|1766
155|1131|481|1767
155|1131|482|1768
155|1132|482|1769
155|1132|483|1770
155|1133|483|1771
155|1133|484|1772
155|1134|484|1773
155|1134|485|1774
155|1135|485|1775
155|1135|486|1776
155|1136|486|1777
155|1136|487|1778
155|1137|487|1779
155|1137|488|1780
155|1138|488|1781
155|1138|489|1782
155|1139|489|1783
155|1139|490|1784
155|1140|490|1785
155|1140|491|1786
155|1141|491|1787
155|1141|492|1788
155|1142|492|1789
155|1142|493|1790
155|1143|493|1791
155|1143|494|1792
156|1143|494|1793
156|1144|494|1794
156|1145|494|1795
156|1146|494|1796
157|1146|494|1797
157|1147|494|1798
157|1148|494|1799
157|1149|494|1800
158|1149|494|1801
158|1150|494|1802
158|1151|494|1803
158|1152|494|1804
158|1153|494|1805
158|1154|494|1806
159|1154|494|1807
159|1155|494|1808
159|1156|494|1809
159|1157|494|1810
159|1158|494|1811
159|1159|494|1812
159|1160|494|1813
159|1161|494|1814
159|1162|494|1815
159|1163|494|1816
159|1164|494|1817
159|1165|494|1818
159|1166|494|1819
159|1167|494|1820
159|1168|494|1821
159|1169|494|1822
159|1170|494|1823
159|1171|494|1824
160|1171|494|1825
160|1172|494|1826
160|1173|494|1827
160|1174|494|1828
160|1174|495|1829
160|1175|495|1830
160|1175|496|1831
160|1176|496|1832
160|1176|497|1833
160|1177|497|1834
160|1177|498|1835
160|1178|498|1836
160|1178|499|1837
160|1179|499|1838
160|1179|500|1839
160|1180|500|1840
160|1180|501|1841
160|1181|501|1842
160|1181|502|1843
160|1182|502|1844
160|1182|503|1845
160|1183|503|1846
160|1183|504|1847
160|1184|504|1848
160|1184|505|1849
160|1185|505|1850
160|1185|506|1851
160|1186|506|1852
160|1186|507|1853
160|1187|507|1854
160|1187|508|1855
160|1188|508|1856
160|1188|509|1857
160|1189|509|1858
160|1189|510|1859
160|1190|510|1860
160|1190|511|1861
160|1191|511|1862
160|1191|512|1863
160|1192|512|1864
160|1193|512|1865
160|1193|513|1866
160|1194|513|1867
160|1194|514|1868
160|1195|514|1869
160|1195|515|1870
160|1196|515|1871
160|1196|516|1872
160|1197|516|1873
160|1197|517|1874
160|1198|517|1875
160|1198|518|1876
160|1199|518|1877
160|1199|519|1878
160|1200|519|1879
160|1200|520|1880
160|1201|520|1881
160|1201|521|1882
160|1202|521|1883
160|1202|522|1884
160|1203|522|1885
160|1203|523|1886
160|1204|523|1887
160|1204|524|1888
160|1205|524|1889
160|1205|525|1890
160|1206|525|1891
160|1206|526|1892
160|1207|526|1893
160|1207|527|1894
160|1208|527|1895
160|1208|528|1896
160|1209|528|1897
160|1209|529|1898
160|1210|529|1899
160|1210|530|1900
160|1211|530|1901
160|1211|531|1902
160|1212|531|1903
160|1212|532|1904
160|1213|532|1905
160|1213|533|1906
160|1214|533|1907
160|1214|534|1908
160|1215|534|1909
160|1215|535|1910
160|1216|535|1911
160|1216|536|1912
160|1217|536|1913
160|1217|537|1914
160|1218|537|1915
160|1218|538|1916
160|1219|538|1917
160|1219|539|1918
160|1220|539|1919
160|1220|540|1920
160|1221|540|1921
160|1221|541|1922
160|1222|541|1923
160|1222|542|1924
160|1223|542|1925
160|1223|543|1926
160|1224|543|1927
160|1224|544|1928
160|1225|544|1929
160|1225|545|1930
160|1226|545|1931
160|1226|546|1932
160|1227|546|1933
160|1227|547|1934
160|1228|547|1935
160|1228|548|1936
161|1228|548|1937
161|1229|548|1938
162|1229|548|1939
162|1230|548|1940
162|1231|548|1941
162|1232|548|1942
163|1232|548|1943
163|1233|548|1944
164|1233|548|1945
164|1234|548|1946
164|1235|548|1947
164|1236|548|1948
164|1237|548|1949
164|1237|549|1950
165|1237|549|1951
165|1238|549|1952
166|1238|549|1953
166|1239|549|1954
166|1240|549|1955
166|1240|550|1956
166|1241|550|1957
166|1241|551|1958
167|1241|551|1959
167|1242|551|1960
167|1243|551|1961
167|1243|552|1962
167|1244|552|1963
167|1245|552|1964
168|1245|552|1965
168|1246|552|1966
169|1246|552|1967
169|1247|552|1968
170|1247|552|1969
170|1248|552|1970
171|1248|552|1971
171|1249|552|1972
172|1249|552|1973
172|1249|553|1974
173|1249|553|1975
173|1250|553|1976
174|1250|553|1977
174|1250|554|1978
174|1251|554|1979
174|1252|554|1980
174|1252|555|1981
174|1253|555|1982
174|1254|555|1983
174|1255|555|1984
174|1255|556|1985
174|1255|557|1986
175|1255|557|1987
175|1256|557|1988
175|1256|558|1989
175|1257|558|1990
175|1258|558|1991
175|1258|559|1992
175|1258|560|1993
175|1258|561|1994
176|1258|561|1995
176|1259|561|1996
176|1260|561|1997
176|1260|562|1998
176|1261|562|1999
176|1262|562|2000
