total
0|0|1|1
0|1|1|2
0|2|1|3
0|3|1|4
0|3|2|5
0|4|2|6
0|5|2|7
0|6|2|8
0|7|2|9
0|7|3|10
0|7|4|11
0|8|4|12
0|8|5|13
0|9|5|14
0|10|5|15
0|11|5|16
0|12|5|17
0|13|5|18
0|13|6|19
0|14|6|20
0|15|6|21
0|16|6|22
0|17|6|23
0|18|6|24
0|19|6|25
0|20|6|26
0|20|7|27
0|21|7|28
0|22|7|29
0|23|7|30
0|24|7|31
0|25|7|32
0|26|7|33
0|27|7|34
0|28|7|35
0|29|7|36
0|30|7|37
0|31|7|38
0|32|7|39
0|33|7|40
0|34|7|41
0|35|7|42
0|36|7|43
0|37|7|44
0|38|7|45
0|39|7|46
0|40|7|47
0|41|7|48
0|42|7|49
0|43|7|50
0|44|7|51
0|45|7|52
0|46|7|53
0|47|7|54
0|48|7|55
0|49|7|56
0|50|7|57
0|51|7|58
0|52|7|59
0|53|7|60
0|54|7|61
0|55|7|62
0|56|7|63
0|57|7|64
0|57|8|65
0|58|8|66
0|59|8|67
0|60|8|68
0|61|8|69
0|62|8|70
0|63|8|71
0|64|8|72
0|65|8|73
0|66|8|74
0|67|8|75
0|68|8|76
0|68|9|77
0|69|9|78
0|70|9|79
0|71|9|80
0|72|9|81
0|73|9|82
0|74|9|83
0|75|9|84
0|76|9|85
0|77|9|86
0|77|10|87
0|78|10|88
0|79|10|89
0|80|10|90
0|81|10|91
0|82|10|92
0|83|10|93
0|84|10|94
0|84|11|95
0|85|11|96
0|86|11|97
0|87|11|98
0|87|12|99
0|88|12|100
0|89|12|101
0|90|12|102
0|90|13|103
0|91|13|104
0|92|13|105
0|93|13|106
0|94|13|107
0|95|13|108
0|96|13|109
0|97|13|110
0|98|13|111
0|99|13|112
0|100|13|113
0|101|13|114
0|102|13|115
0|103|13|116
0|103|14|117
0|104|14|118
0|105|14|119
0|106|14|120
0|107|14|121
0|108|14|122
0|109|14|123
0|110|14|124
0|111|14|125
0|112|14|126
0|113|14|127
0|114|14|128
0|115|14|129
0|116|14|130
0|117|14|131
0|118|14|132
0|118|15|133
0|119|15|134
0|119|16|135
0|120|16|136
0|120|17|137
0|121|17|138
0|122|17|139
0|123|17|140
0|124|17|141
0|125|17|142
0|126|17|143
0|127|17|144
0|128|17|145
0|129|17|146
0|130|17|147
0|131|17|148
0|131|18|149
0|132|18|150
0|133|18|151
0|134|18|152
0|135|18|153
0|136|18|154
0|136|19|155
0|137|19|156
0|137|20|157
0|138|20|158
0|139|20|159
0|140|20|160
0|141|20|161
0|142|20|162
0|142|21|163
0|143|21|164
0|144|21|165
0|145|21|166
0|146|21|167
0|147|21|168
0|148|21|169
0|149|21|170
0|150|21|171
0|151|21|172
0|152|21|173
0|153|21|174
1|153|21|175
1|154|21|176
1|154|22|177
1|155|22|178
1|156|22|179
1|156|23|180
1|156|24|181
1|157|24|182
1|157|25|183
1|158|25|184
1|158|26|185
1|159|26|186
1|160|26|187
1|160|27|188
1|160|28|189
1|161|28|190
1|161|29|191
1|162|29|192
1|163|29|193
1|164|29|194
1|165|29|195
1|166|29|196
1|166|30|197
1|167|30|198
1|168|30|199
1|169|30|200
1|169|31|201
1|170|31|202
1|170|32|203
1|171|32|204
1|172|32|205
1|173|32|206
1|174|32|207
1|175|32|208
1|175|33|209
1|176|33|210
1|176|34|211
1|177|34|212
1|178|34|213
1|179|34|214
1|179|35|215
1|180|35|216
1|180|36|217
1|181|36|218
1|181|37|219
1|182|37|220
1|183|37|221
1|184|37|222
1|185|37|223
1|186|37|224
1|187|37|225
1|188|37|226
1|188|38|227
1|189|38|228
1|190|38|229
1|191|38|230
1|191|39|231
1|192|39|232
1|192|40|233
1|193|40|234
1|194|40|235
1|195|40|236
1|196|40|237
1|197|40|238
1|198|40|239
1|199|40|240
1|200|40|241
1|201|40|242
1|202|40|243
1|203|40|244
1|203|41|245
1|204|41|246
1|204|42|247
1|205|42|248
1|206|42|249
1|207|42|250
1|207|43|251
1|208|43|252
1|208|44|253
1|209|44|254
1|209|45|255
1|210|45|256
1|211|45|257
1|212|45|258
1|212|46|259
1|213|46|260
1|213|47|261
1|214|47|262
1|214|48|263
1|215|48|264
1|216|48|265
1|217|48|266
1|217|49|267
1|218|49|268
1|218|50|269
1|219|50|270
1|220|50|271
1|221|50|272
1|222|50|273
1|223|50|274
1|224|50|275
1|225|50|276
1|225|51|277
1|226|51|278
1|226|52|279
1|227|52|280
1|228|52|281
1|229|52|282
1|230|52|283
1|231|52|284
1|232|52|285
1|233|52|286
1|234|52|287
1|235|52|288
1|236|52|289
1|237|52|290
1|238|52|291
1|239|52|292
1|240|52|293
1|241|52|294
1|242|52|295
1|243|52|296
1|244|52|297
1|245|52|298
1|246|52|299
1|247|52|300
1|248|52|301
1|249|52|302
1|250|52|303
1|251|52|304
1|252|52|305
1|253|52|306
1|254|52|307
1|255|52|308
1|256|52|309
1|257|52|310
1|258|52|311
1|259|52|312
1|260|52|313
1|261|52|314
1|262|52|315
1|263|52|316
1|264|52|317
1|264|53|318
1|265|53|319
1|265|54|320
1|266|54|321
1|266|55|322
1|267|55|323
1|267|56|324
1|268|56|325
1|268|57|326
1|269|57|327
1|269|58|328
1|270|58|329
1|270|59|330
1|271|59|331
1|272|59|332
1|273|59|333
1|273|60|334
1|273|61|335
1|273|62|336
1|274|62|337
1|274|63|338
1|275|63|339
1|275|64|340
1|276|64|341
1|276|65|342
1|277|65|343
1|277|66|344
1|278|66|345
1|278|67|346
1|279|67|347
1|280|67|348
1|281|67|349
1|281|68|350
1|282|68|351
1|282|69|352
1|283|69|353
1|284|69|354
1|285|69|355
1|286|69|356
1|287|69|357
1|288|69|358
1|289|69|359
1|290|69|360
1|291|69|361
1|292|69|362
1|292|70|363
1|293|70|364
1|294|70|365
1|295|70|366
1|296|70|367
1|297|70|368
1|298|70|369
1|299|70|370
1|300|70|371
1|301|70|372
1|301|71|373
1|302|71|374
1|302|72|375
1|303|72|376
1|304|72|377
1|305|72|378
1|306|72|379
1|307|72|380
1|308|72|381
1|309|72|382
1|310|72|383
1|311|72|384
1|312|72|385
1|313|72|386
1|314|72|387
1|315|72|388
1|315|73|389
1|316|73|390
1|316|74|391
1|317|74|392
1|317|75|393
1|318|75|394
1|318|76|395
1|319|76|396
1|319|77|397
1|320|77|398
1|320|78|399
1|321|78|400
1|321|79|401
1|322|79|402
1|322|80|403
1|322|81|404
1|322|82|405
1|323|82|406
1|323|83|407
1|324|83|408
1|324|84|409
1|325|84|410
1|325|85|411
1|325|86|412
1|325|87|413
1|326|87|414
1|326|88|415
1|327|88|416
1|327|89|417
1|328|89|418
1|328|90|419
1|329|90|420
1|329|91|421
1|330|91|422
1|330|92|423
1|331|92|424
1|332|92|425
1|333|92|426
1|334|92|427
1|335|92|428
1|336|92|429
1|337|92|430
1|338|92|431
1|339|92|432
1|340|92|433
1|341|92|434
1|342|92|435
1|343|92|436
1|344|92|437
1|345|92|438
1|346|92|439
1|347|92|440
1|348|92|441
1|349|92|442
1|350|92|443
1|351|92|444
1|352|92|445
1|353|92|446
1|354|92|447
1|355|92|448
1|356|92|449
1|357|92|450
1|358|92|451
1|359|92|452
1|360|92|453
1|361|92|454
1|362|92|455
1|363|92|456
1|364|92|457
1|365|92|458
1|366|92|459
1|367|92|460
1|368|92|461
1|368|93|462
1|369|93|463
1|369|94|464
1|370|94|465
1|370|95|466
1|371|95|467
1|371|96|468
1|372|96|469
1|372|97|470
1|373|97|471
1|373|98|472
1|374|98|473
1|374|99|474
2|374|99|475
2|374|100|476
2|375|100|477
2|375|101|478
2|376|101|479
2|376|102|480
2|377|102|481
2|377|103|482
2|378|103|483
2|378|104|484
2|379|104|485
2|379|105|486
2|380|105|487
2|380|106|488
2|381|106|489
2|381|107|490
3|381|107|491
3|381|108|492
3|382|108|493
3|382|109|494
3|383|109|495
3|383|110|496
3|383|111|497
3|384|111|498
3|384|112|499
3|385|112|500
3|385|113|501
3|386|113|502
3|386|114|503
3|387|114|504
3|387|115|505
3|388|115|506
3|388|116|507
3|389|116|508
3|389|117|509
3|390|117|510
3|390|118|511
3|391|118|512
3|391|119|513
3|392|119|514
3|392|120|515
3|393|120|516
3|393|121|517
3|394|121|518
3|394|122|519
3|395|122|520
3|395|123|521
3|396|123|522
3|396|124|523
3|397|124|524
3|397|125|525
3|398|125|526
3|398|126|527
3|399|126|528
3|399|127|529
3|400|127|530
3|400|128|531
3|401|128|532
3|401|129|533
3|402|129|534
3|402|130|535
3|403|130|536
3|403|131|537
3|404|131|538
3|404|132|539
3|405|132|540
3|405|133|541
3|406|133|542
3|406|134|543
3|407|134|544
3|407|135|545
3|407|136|546
3|407|137|547
3|408|137|548
3|408|138|549
3|409|138|550
3|409|139|551
3|410|139|552
3|410|140|553
3|411|140|554
3|411|141|555
3|411|142|556
3|411|143|557
3|412|143|558
3|412|144|559
3|413|144|560
3|413|145|561
3|414|145|562
3|414|146|563
3|415|146|564
3|415|147|565
3|416|147|566
3|416|148|567
3|417|148|568
3|417|149|569
3|418|149|570
3|419|149|571
3|420|149|572
3|420|150|573
3|421|150|574
3|422|150|575
3|423|150|576
3|424|150|577
3|425|150|578
3|425|151|579
3|426|151|580
3|426|152|581
3|427|152|582
3|428|152|583
3|429|152|584
3|430|152|585
3|431|152|586
3|431|153|587
3|432|153|588
3|432|154|589
3|433|154|590
3|433|155|591
3|434|155|592
3|434|156|593
3|435|156|594
3|436|156|595
3|437|156|596
3|438|156|597
3|439|156|598
3|440|156|599
3|441|156|600
3|442|156|601
3|443|156|602
3|443|157|603
3|444|157|604
3|445|157|605
3|445|158|606
3|446|158|607
3|446|159|608
3|447|159|609
3|447|160|610
3|448|160|611
3|448|161|612
3|449|161|613
3|449|162|614
3|449|163|615
3|449|164|616
3|449|165|617
3|449|166|618
3|450|166|619
3|450|167|620
3|451|167|621
3|451|168|622
3|451|169|623
3|452|169|624
3|452|170|625
3|452|171|626
3|453|171|627
3|453|172|628
3|453|173|629
3|454|173|630
3|454|174|631
3|455|174|632
3|456|174|633
3|456|175|634
3|457|175|635
3|457|176|636
3|457|177|637
3|457|178|638
4|457|178|639
4|458|178|640
4|458|179|641
4|459|179|642
4|459|180|643
4|460|180|644
4|460|181|645
4|461|181|646
4|461|182|647
4|462|182|648
4|462|183|649
4|463|183|650
4|463|184|651
4|464|184|652
4|464|185|653
4|465|185|654
4|465|186|655
4|466|186|656
4|466|187|657
4|467|187|658
4|467|188|659
4|468|188|660
4|468|189|661
4|469|189|662
4|469|190|663
4|470|190|664
4|470|191|665
4|471|191|666
4|471|192|667
4|472|192|668
4|472|193|669
4|473|193|670
4|473|194|671
4|474|194|672
4|474|195|673
4|475|195|674
4|475|196|675
4|476|196|676
4|476|197|677
4|477|197|678
4|477|198|679
4|478|198|680
4|478|199|681
4|479|199|682
4|480|199|683
4|481|199|684
4|482|199|685
4|483|199|686
4|483|200|687
4|484|200|688
4|484|201|689
4|485|201|690
4|486|201|691
4|487|201|692
4|488|201|693
4|488|202|694
4|488|203|695
4|489|203|696
4|489|204|697
4|490|204|698
4|490|205|699
4|491|205|700
4|491|206|701
4|492|206|702
4|492|207|703
4|493|207|704
4|493|208|705
4|494|208|706
4|494|209|707
4|495|209|708
4|496|209|709
4|497|209|710
4|497|210|711
4|498|210|712
4|499|210|713
4|500|210|714
4|501|210|715
4|502|210|716
4|503|210|717
4|504|210|718
4|505|210|719
4|506|210|720
4|507|210|721
4|508|210|722
4|509|210|723
4|510|210|724
4|511|210|725
4|512|210|726
4|513|210|727
4|514|210|728
4|515|210|729
4|516|210|730
4|517|210|731
4|518|210|732
4|519|210|733
4|520|210|734
4|521|210|735
4|522|210|736
4|523|210|737
4|524|210|738
4|525|210|739
4|526|210|740
4|527|210|741
4|528|210|742
4|529|210|743
4|530|210|744
4|531|210|745
4|532|210|746
4|533|210|747
4|534|210|748
4|534|211|749
4|535|211|750
4|536|211|751
4|537|211|752
4|538|211|753
4|539|211|754
4|539|212|755
4|540|212|756
4|541|212|757
4|542|212|758
4|543|212|759
4|544|212|760
4|545|212|761
4|546|212|762
4|547|212|763
4|548|212|764
4|548|213|765
4|549|213|766
4|549|214|767
4|550|214|768
4|550|215|769
4|550|216|770
4|550|217|771
4|551|217|772
4|552|217|773
4|553|217|774
4|554|217|775
4|555|217|776
4|556|217|777
4|557|217|778
4|558|217|779
4|559|217|780
4|560|217|781
4|561|217|782
4|561|218|783
4|562|218|784
4|563|218|785
4|564|218|786
4|565|218|787
4|566|218|788
4|567|218|789
4|568|218|790
4|568|219|791
4|569|219|792
4|570|219|793
4|571|219|794
4|572|219|795
4|573|219|796
4|574|219|797
4|575|219|798
4|575|220|799
4|576|220|800
4|577|220|801
4|578|220|802
4|579|220|803
4|580|220|804
4|581|220|805
4|582|220|806
4|582|221|807
4|583|221|808
4|584|221|809
4|585|221|810
4|586|221|811
4|587|221|812
4|588|221|813
4|589|221|814
4|590|221|815
4|591|221|816
4|592|221|817
4|593|221|818
4|594|221|819
4|595|221|820
4|595|222|821
4|596|222|822
4|597|222|823
4|598|222|824
4|599|222|825
4|600|222|826
4|601|222|827
4|602|222|828
4|602|223|829
4|603|223|830
4|604|223|831
4|605|223|832
4|605|224|833
4|606|224|834
4|607|224|835
4|608|224|836
4|609|224|837
4|610|224|838
4|611|224|839
4|612|224|840
4|612|225|841
4|613|225|842
4|614|225|843
4|615|225|844
4|615|226|845
4|616|226|846
4|616|227|847
4|617|227|848
4|618|227|849
4|619|227|850
4|620|227|851
4|621|227|852
4|621|228|853
4|622|228|854
4|623|228|855
4|624|228|856
4|624|229|857
4|625|229|858
4|625|230|859
4|626|230|860
4|626|231|861
4|627|231|862
4|628|231|863
4|628|232|864
4|628|233|865
4|629|233|866
4|629|234|867
4|630|234|868
4|630|235|869
4|631|235|870
4|632|235|871
4|632|236|872
4|632|237|873
4|633|237|874
4|633|238|875
4|634|238|876
4|635|238|877
4|636|238|878
4|636|239|879
4|636|240|880
4|636|241|881
4|637|241|882
4|637|242|883
4|638|242|884
4|638|243|885
4|639|243|886
4|640|243|887
4|641|243|888
5|641|243|889
5|642|243|890
5|643|243|891
5|644|243|892
5|645|243|893
5|646|243|894
5|646|244|895
5|647|244|896
5|648|244|897
5|649|244|898
5|650|244|899
5|651|244|900
5|651|245|901
5|652|245|902
5|652|246|903
5|653|246|904
5|654|246|905
5|655|246|906
5|656|246|907
5|657|246|908
5|658|246|909
5|659|246|910
5|659|247|911
5|660|247|912
5|661|247|913
5|662|247|914
5|663|247|915
5|664|247|916
5|664|248|917
5|665|248|918
5|666|248|919
5|667|248|920
5|668|248|921
5|669|248|922
5|670|248|923
5|671|248|924
5|672|248|925
5|673|248|926
5|673|249|927
5|674|249|928
5|674|250|929
5|675|250|930
5|675|251|931
5|676|251|932
5|676|252|933
5|677|252|934
5|678|252|935
5|679|252|936
5|679|253|937
5|680|253|938
5|680|254|939
5|681|254|940
5|681|255|941
5|682|255|942
5|682|256|943
5|683|256|944
5|683|257|945
5|684|257|946
5|684|258|947
5|685|258|948
6|685|258|949
6|686|258|950
6|686|259|951
6|686|260|952
6|686|261|953
6|687|261|954
6|687|262|955
6|688|262|956
6|688|263|957
6|689|263|958
6|689|264|959
6|690|264|960
6|690|265|961
6|691|265|962
6|691|266|963
6|692|266|964
6|693|266|965
6|694|266|966
6|695|266|967
6|696|266|968
6|697|266|969
6|698|266|970
6|699|266|971
6|700|266|972
6|701|266|973
6|702|266|974
6|703|266|975
6|704|266|976
6|705|266|977
6|706|266|978
6|707|266|979
6|708|266|980
6|709|266|981
6|710|266|982
6|711|266|983
6|712|266|984
6|713|266|985
6|714|266|986
6|715|266|987
6|716|266|988
6|717|266|989
6|718|266|990
6|719|266|991
6|720|266|992
6|721|266|993
6|722|266|994
6|723|266|995
6|724|266|996
6|725|266|997
6|726|266|998
6|727|266|999
6|728|266|1000
6|729|266|1001
6|730|266|1002
6|731|266|1003
6|731|267|1004
6|732|267|1005
6|732|268|1006
6|733|268|1007
6|733|269|1008
6|734|269|1009
6|734|270|1010
6|735|270|1011
6|735|271|1012
6|736|271|1013
6|736|272|1014
6|737|272|1015
6|737|273|1016
6|738|273|1017
6|739|273|1018
6|740|273|1019
6|741|273|1020
6|742|273|1021
6|742|274|1022
6|743|274|1023
6|744|274|1024
6|745|274|1025
6|745|275|1026
6|746|275|1027
6|746|276|1028
6|746|277|1029
6|747|277|1030
6|748|277|1031
6|748|278|1032
6|749|278|1033
6|749|279|1034
6|750|279|1035
6|750|280|1036
6|750|281|1037
6|751|281|1038
6|751|282|1039
6|752|282|1040
6|752|283|1041
6|753|283|1042
6|754|283|1043
6|755|283|1044
6|756|283|1045
6|757|283|1046
6|758|283|1047
6|759|283|1048
6|760|283|1049
6|761|283|1050
6|762|283|1051
6|763|283|1052
6|764|283|1053
6|765|283|1054
6|766|283|1055
6|767|283|1056
6|767|284|1057
6|768|284|1058
6|769|284|1059
6|770|284|1060
6|770|285|1061
6|771|285|1062
6|772|285|1063
6|773|285|1064
6|773|286|1065
6|774|286|1066
6|774|287|1067
6|775|287|1068
6|775|288|1069
6|776|288|1070
6|777|288|1071
6|778|288|1072
6|778|289|1073
6|779|289|1074
6|779|290|1075
6|780|290|1076
6|780|291|1077
6|781|291|1078
6|781|292|1079
6|782|292|1080
6|782|293|1081
6|783|293|1082
6|783|294|1083
6|784|294|1084
6|784|295|1085
6|785|295|1086
6|785|296|1087
6|785|297|1088
6|785|298|1089
6|786|298|1090
6|786|299|1091
6|787|299|1092
6|787|300|1093
6|788|300|1094
6|788|301|1095
6|789|301|1096
6|789|302|1097
6|790|302|1098
6|790|303|1099
6|791|303|1100
6|791|304|1101
6|792|304|1102
6|792|305|1103
6|793|305|1104
6|793|306|1105
6|794|306|1106
6|794|307|1107
6|795|307|1108
6|796|307|1109
6|797|307|1110
6|798|307|1111
6|799|307|1112
6|800|307|1113
6|801|307|1114
6|802|307|1115
6|803|307|1116
6|804|307|1117
6|805|307|1118
6|806|307|1119
6|807|307|1120
6|808|307|1121
6|809|307|1122
6|810|307|1123
6|811|307|1124
6|812|307|1125
6|813|307|1126
6|814|307|1127
6|815|307|1128
6|816|307|1129
6|817|307|1130
6|818|307|1131
6|819|307|1132
6|820|307|1133
6|821|307|1134
6|822|307|1135
6|823|307|1136
6|824|307|1137
6|825|307|1138
6|826|307|1139
6|827|307|1140
6|828|307|1141
6|829|307|1142
6|830|307|1143
6|831|307|1144
6|832|307|1145
6|832|308|1146
6|833|308|1147
6|833|309|1148
6|834|309|1149
6|834|310|1150
6|835|310|1151
6|835|311|1152
6|836|311|1153
6|836|312|1154
6|837|312|1155
6|837|313|1156
6|838|313|1157
6|838|314|1158
6|839|314|1159
6|839|315|1160
6|840|315|1161
6|840|316|1162
6|841|316|1163
6|841|317|1164
6|842|317|1165
6|842|318|1166
6|843|318|1167
6|843|319|1168
6|844|319|1169
6|844|320|1170
6|845|320|1171
6|845|321|1172
6|846|321|1173
6|846|322|1174
6|847|322|1175
6|847|323|1176
6|848|323|1177
6|848|324|1178
6|849|324|1179
6|849|325|1180
6|849|326|1181
6|850|326|1182
6|850|327|1183
6|851|327|1184
6|851|328|1185
6|852|328|1186
6|852|329|1187
6|853|329|1188
6|853|330|1189
6|854|330|1190
6|854|331|1191
6|855|331|1192
6|855|332|1193
6|856|332|1194
6|856|333|1195
6|857|333|1196
6|857|334|1197
6|858|334|1198
6|858|335|1199
6|859|335|1200
6|859|336|1201
6|860|336|1202
6|860|337|1203
6|861|337|1204
6|861|338|1205
6|862|338|1206
6|862|339|1207
6|863|339|1208
6|863|340|1209
6|864|340|1210
6|864|341|1211
6|865|341|1212
6|865|342|1213
6|866|342|1214
6|866|343|1215
6|867|343|1216
6|867|344|1217
6|868|344|1218
6|868|345|1219
6|869|345|1220
6|869|346|1221
6|870|346|1222
6|870|347|1223
6|871|347|1224
6|871|348|1225
6|872|348|1226
6|872|349|1227
6|873|349|1228
6|873|350|1229
6|874|350|1230
6|874|351|1231
6|875|351|1232
6|875|352|1233
6|876|352|1234
6|876|353|1235
6|877|353|1236
6|877|354|1237
6|878|354|1238
6|878|355|1239
6|878|356|1240
6|878|357|1241
6|879|357|1242
6|879|358|1243
6|880|358|1244
6|880|359|1245
6|881|359|1246
6|881|360|1247
6|882|360|1248
6|882|361|1249
6|883|361|1250
6|883|362|1251
6|884|362|1252
6|884|363|1253
6|885|363|1254
6|886|363|1255
6|887|363|1256
6|888|363|1257
6|889|363|1258
6|890|363|1259
6|891|363|1260
6|892|363|1261
6|893|363|1262
6|893|364|1263
6|894|364|1264
6|894|365|1265
6|895|365|1266
6|896|365|1267
6|897|365|1268
6|898|365|1269
6|899|365|1270
6|899|366|1271
6|900|366|1272
6|900|367|1273
6|901|367|1274
6|901|368|1275
6|902|368|1276
6|902|369|1277
6|903|369|1278
6|904|369|1279
6|905|369|1280
6|906|369|1281
6|907|369|1282
6|908|369|1283
6|909|369|1284
6|909|370|1285
6|910|370|1286
6|910|371|1287
6|911|371|1288
6|911|372|1289
6|911|373|1290
6|912|374|1292
6|913|374|1293
6|913|375|1294
6|914|375|1295
6|915|375|1296
6|915|376|1297
6|916|376|1298
6|916|377|1299
6|917|377|1300
6|918|377|1301
6|918|378|1302
6|919|378|1303
6|920|378|1304
6|920|379|1305
6|921|379|1306
6|922|379|1307
6|922|380|1308
6|923|380|1309
6|923|381|1310
6|924|381|1311
6|925|381|1312
6|926|381|1313
6|926|382|1314
6|926|383|1315
6|926|384|1316
6|927|384|1317
6|927|385|1318
6|928|385|1319
6|929|385|1320
6|930|385|1321
6|931|385|1322
6|931|386|1323
6|931|387|1324
6|932|387|1325
6|932|388|1326
6|933|388|1327
6|933|389|1328
6|934|389|1329
6|934|390|1330
6|935|390|1331
6|935|391|1332
6|936|391|1333
6|936|392|1334
6|937|392|1335
6|937|393|1336
6|938|393|1337
6|938|394|1338
6|939|394|1339
6|939|395|1340
6|940|395|1341
6|940|396|1342
6|941|396|1343
6|941|397|1344
6|942|397|1345
6|942|398|1346
6|943|398|1347
6|943|399|1348
6|944|399|1349
6|944|400|1350
6|945|400|1351
6|945|401|1352
6|946|401|1353
6|946|402|1354
6|947|402|1355
6|947|403|1356
6|948|403|1357
6|948|404|1358
6|949|404|1359
6|949|405|1360
6|950|405|1361
6|951|405|1362
6|952|405|1363
6|952|406|1364
6|953|406|1365
7|953|406|1366
7|954|406|1367
7|955|406|1368
7|955|407|1369
7|956|407|1370
7|957|407|1371
7|958|407|1372
7|959|407|1373
7|959|408|1374
7|960|408|1375
7|961|408|1376
7|961|409|1377
7|962|409|1378
7|963|409|1379
7|963|410|1380
7|964|410|1381
7|964|411|1382
7|965|411|1383
7|965|412|1384
7|965|413|1385
7|965|414|1386
7|966|414|1387
7|966|415|1388
7|967|415|1389
7|968|415|1390
7|969|415|1391
7|970|415|1392
7|971|415|1393
7|971|416|1394
7|972|416|1395
7|973|416|1396
7|974|416|1397
7|975|416|1398
7|976|416|1399
7|977|416|1400
7|978|416|1401
7|979|416|1402
7|980|416|1403
7|981|416|1404
7|982|416|1405
7|983|416|1406
7|984|416|1407
7|985|416|1408
7|986|416|1409
7|987|416|1410
7|988|416|1411
7|989|416|1412
7|990|416|1413
7|991|416|1414
7|992|416|1415
7|993|416|1416
7|994|416|1417
7|995|416|1418
7|996|416|1419
7|997|416|1420
7|998|416|1421
7|999|416|1422
7|1000|416|1423
7|1001|416|1424
7|1002|416|1425
7|1003|416|1426
7|1004|416|1427
7|1005|416|1428
7|1006|416|1429
7|1007|416|1430
7|1008|416|1431
7|1009|416|1432
7|1010|416|1433
7|1011|416|1434
7|1012|416|1435
7|1013|416|1436
7|1014|416|1437
7|1015|416|1438
7|1016|416|1439
7|1017|416|1440
7|1018|416|1441
7|1019|416|1442
7|1020|416|1443
7|1021|416|1444
7|1022|416|1445
7|1022|417|1446
7|1023|417|1447
7|1024|417|1448
7|1025|417|1449
7|1026|417|1450
7|1026|418|1451
7|1026|419|1452
7|1027|419|1453
7|1027|420|1454
7|1028|420|1455
7|1029|420|1456
7|1030|420|1457
7|1031|420|1458
7|1032|420|1459
7|1033|420|1460
7|1034|420|1461
7|1035|420|1462
7|1036|420|1463
7|1036|421|1464
7|1037|421|1465
7|1038|421|1466
7|1039|421|1467
7|1040|421|1468
7|1041|421|1469
7|1042|421|1470
7|1043|421|1471
7|1044|421|1472
7|1045|421|1473
7|1046|421|1474
7|1047|421|1475
7|1048|421|1476
7|1049|421|1477
7|1049|422|1478
7|1050|422|1479
7|1051|422|1480
7|1052|422|1481
7|1053|422|1482
7|1054|422|1483
7|1055|422|1484
7|1056|422|1485
7|1057|422|1486
7|1058|422|1487
7|1059|422|1488
7|1060|422|1489
7|1060|423|1490
7|1061|423|1491
7|1061|424|1492
7|1062|424|1493
7|1062|425|1494
7|1063|425|1495
7|1064|425|1496
7|1065|425|1497
7|1066|425|1498
7|1067|425|1499
7|1068|425|1500
7|1069|425|1501
7|1069|426|1502
7|1070|426|1503
7|1071|426|1504
7|1072|426|1505
7|1072|427|1506
7|1073|427|1507
7|1073|428|1508
7|1074|428|1509
7|1074|429|1510
7|1075|429|1511
7|1076|429|1512
7|1077|429|1513
7|1078|429|1514
7|1079|429|1515
7|1079|430|1516
7|1080|430|1517
7|1080|431|1518
7|1081|431|1519
7|1082|431|1520
7|1083|431|1521
7|1084|431|1522
7|1085|431|1523
7|1085|432|1524
7|1086|432|1525
7|1086|433|1526
7|1087|433|1527
7|1087|434|1528
7|1088|434|1529
7|1088|435|1530
7|1089|435|1531
7|1089|436|1532
7|1090|436|1533
7|1091|436|1534
7|1092|436|1535
7|1093|436|1536
7|1094|436|1537
7|1094|437|1538
7|1095|437|1539
7|1096|437|1540
7|1097|437|1541
7|1097|438|1542
7|1098|438|1543
7|1098|439|1544
7|1099|439|1545
7|1099|440|1546
7|1099|441|1547
7|1100|441|1548
7|1101|441|1549
7|1101|442|1550
7|1102|442|1551
7|1102|443|1552
7|1103|443|1553
7|1103|444|1554
7|1103|445|1555
7|1104|445|1556
7|1105|445|1557
7|1105|446|1558
7|1106|446|1559
7|1106|447|1560
7|1107|447|1561
7|1107|448|1562
7|1108|448|1563
7|1108|449|1564
7|1109|449|1565
7|1109|450|1566
7|1110|450|1567
7|1110|451|1568
7|1111|451|1569
7|1112|451|1570
7|1113|451|1571
7|1114|451|1572
7|1115|451|1573
7|1115|452|1574
7|1116|452|1575
7|1116|453|1576
7|1117|453|1577
7|1118|453|1578
7|1119|453|1579
7|1120|453|1580
7|1121|453|1581
7|1122|453|1582
7|1123|453|1583
7|1124|453|1584
7|1125|453|1585
7|1125|454|1586
7|1126|454|1587
7|1126|455|1588
7|1127|455|1589
7|1128|455|1590
7|1129|455|1591
7|1130|455|1592
7|1131|455|1593
7|1132|455|1594
7|1133|455|1595
7|1133|456|1596
7|1134|456|1597
7|1135|456|1598
7|1136|456|1599
7|1137|456|1600
7|1138|456|1601
7|1138|457|1602
7|1139|457|1603
7|1140|457|1604
7|1141|457|1605
7|1142|457|1606
7|1143|457|1607
7|1143|458|1608
7|1144|458|1609
7|1144|459|1610
7|1145|459|1611
7|1146|459|1612
7|1147|459|1613
7|1147|460|1614
7|1148|460|1615
7|1148|461|1616
7|1149|461|1617
7|1149|462|1618
7|1150|462|1619
7|1150|463|1620
7|1151|463|1621
7|1151|464|1622
7|1152|464|1623
7|1152|465|1624
7|1153|465|1625
7|1153|466|1626
7|1154|466|1627
7|1154|467|1628
7|1155|467|1629
7|1155|468|1630
7|1156|468|1631
7|1156|469|1632
7|1157|469|1633
7|1157|470|1634
7|1158|470|1635
7|1158|471|1636
7|1159|471|1637
7|1159|472|1638
7|1160|472|1639
7|1160|473|1640
7|1161|473|1641
8|1161|473|1642
8|1162|473|1643
8|1163|473|1644
8|1164|473|1645
8|1164|474|1646
8|1165|474|1647
8|1165|475|1648
8|1166|475|1649
8|1166|476|1650
8|1167|476|1651
8|1168|476|1652
8|1169|476|1653
8|1169|477|1654
8|1170|477|1655
8|1171|477|1656
8|1172|477|1657
8|1172|478|1658
8|1173|478|1659
8|1173|479|1660
8|1174|479|1661
8|1175|479|1662
8|1176|479|1663
8|1176|480|1664
8|1177|480|1665
8|1177|481|1666
8|1178|481|1667
8|1178|482|1668
8|1179|482|1669
8|1180|482|1670
8|1181|482|1671
8|1182|482|1672
8|1183|482|1673
8|1183|483|1674
8|1184|483|1675
8|1185|483|1676
8|1186|483|1677
8|1187|483|1678
8|1188|483|1679
8|1189|483|1680
8|1190|483|1681
8|1190|484|1682
8|1191|484|1683
8|1191|485|1684
8|1191|486|1685
8|1192|486|1686
8|1192|487|1687
8|1193|487|1688
8|1193|488|1689
8|1194|488|1690
8|1195|488|1691
8|1196|488|1692
8|1197|488|1693
8|1198|488|1694
8|1198|489|1695
8|1199|489|1696
8|1199|490|1697
8|1200|490|1698
8|1200|491|1699
8|1200|492|1700
8|1200|493|1701
8|1201|493|1702
8|1201|494|1703
8|1201|495|1704
8|1201|496|1705
8|1202|496|1706
8|1202|497|1707
8|1203|497|1708
8|1203|498|1709
8|1204|498|1710
8|1204|499|1711
8|1205|499|1712
8|1205|500|1713
8|1206|500|1714
8|1206|501|1715
8|1207|501|1716
8|1207|502|1717
8|1208|502|1718
8|1209|502|1719
8|1210|502|1720
8|1211|502|1721
8|1211|503|1722
8|1212|503|1723
8|1212|504|1724
8|1213|504|1725
8|1213|505|1726
8|1214|505|1727
8|1215|505|1728
8|1216|505|1729
8|1216|506|1730
8|1217|506|1731
8|1217|507|1732
8|1218|507|1733
8|1219|507|1734
8|1220|507|1735
8|1221|507|1736
8|1222|507|1737
8|1223|507|1738
8|1224|507|1739
8|1225|507|1740
8|1226|507|1741
8|1226|508|1742
8|1227|508|1743
8|1227|509|1744
8|1228|509|1745
8|1228|510|1746
8|1229|510|1747
8|1230|510|1748
8|1231|510|1749
8|1231|511|1750
8|1232|511|1751
8|1233|511|1752
8|1234|511|1753
8|1234|512|1754
8|1235|512|1755
8|1235|513|1756
8|1236|513|1757
8|1236|514|1758
8|1237|514|1759
8|1237|515|1760
8|1238|515|1761
8|1238|516|1762
8|1239|516|1763
8|1239|517|1764
8|1239|518|1765
8|1239|519|1766
8|1240|519|1767
8|1240|520|1768
8|1241|520|1769
8|1241|521|1770
8|1242|521|1771
8|1242|522|1772
8|1243|522|1773
8|1243|523|1774
8|1244|523|1775
8|1244|524|1776
8|1245|524|1777
8|1245|525|1778
8|1246|525|1779
8|1246|526|1780
8|1247|526|1781
8|1247|527|1782
8|1248|527|1783
8|1248|528|1784
8|1249|528|1785
8|1249|529|1786
8|1250|529|1787
8|1250|530|1788
8|1251|530|1789
8|1251|531|1790
8|1252|531|1791
8|1252|532|1792
8|1253|532|1793
8|1254|532|1794
8|1255|532|1795
8|1256|532|1796
8|1257|532|1797
8|1258|532|1798
8|1259|532|1799
8|1260|532|1800
8|1261|532|1801
8|1262|532|1802
8|1263|532|1803
8|1264|532|1804
8|1265|532|1805
8|1266|532|1806
8|1267|532|1807
8|1268|532|1808
8|1269|532|1809
8|1270|532|1810
8|1271|532|1811
8|1272|532|1812
8|1273|532|1813
8|1274|532|1814
8|1275|532|1815
8|1276|532|1816
8|1277|532|1817
8|1278|532|1818
8|1279|532|1819
8|1280|532|1820
8|1281|532|1821
8|1282|532|1822
8|1283|532|1823
8|1284|532|1824
8|1285|532|1825
8|1286|532|1826
8|1287|532|1827
8|1288|532|1828
8|1288|533|1829
8|1289|533|1830
8|1289|534|1831
8|1289|535|1832
8|1289|536|1833
8|1290|536|1834
8|1291|536|1835
8|1292|536|1836
8|1292|537|1837
8|1293|537|1838
8|1293|538|1839
8|1293|539|1840
8|1293|540|1841
8|1294|540|1842
8|1294|541|1843
8|1295|541|1844
8|1295|542|1845
8|1296|542|1846
8|1296|543|1847
8|1297|543|1848
8|1297|544|1849
8|1298|544|1850
8|1298|545|1851
8|1299|545|1852
8|1299|546|1853
8|1300|546|1854
8|1300|547|1855
8|1301|547|1856
8|1301|548|1857
8|1302|548|1858
8|1302|549|1859
8|1303|549|1860
8|1303|550|1861
8|1304|550|1862
8|1304|551|1863
8|1305|551|1864
8|1306|551|1865
8|1306|552|1866
8|1307|552|1867
8|1307|553|1868
8|1308|553|1869
8|1308|554|1870
8|1309|554|1871
8|1309|555|1872
8|1310|555|1873
8|1310|556|1874
8|1311|556|1875
8|1311|557|1876
8|1312|557|1877
8|1312|558|1878
8|1313|558|1879
8|1313|559|1880
8|1314|559|1881
8|1314|560|1882
8|1315|560|1883
8|1315|561|1884
8|1316|561|1885
8|1316|562|1886
8|1317|562|1887
8|1317|563|1888
8|1318|563|1889
8|1318|564|1890
8|1319|564|1891
8|1319|565|1892
8|1320|565|1893
8|1320|566|1894
8|1321|566|1895
8|1321|567|1896
8|1322|567|1897
8|1322|568|1898
8|1323|568|1899
8|1323|569|1900
8|1324|569|1901
8|1324|570|1902
8|1325|570|1903
8|1325|571|1904
8|1326|571|1905
8|1326|572|1906
8|1327|572|1907
8|1327|573|1908
8|1327|574|1909
8|1327|575|1910
8|1328|575|1911
8|1328|576|1912
8|1329|576|1913
8|1329|577|1914
8|1330|577|1915
8|1330|578|1916
8|1330|579|1917
8|1330|580|1918
8|1331|580|1919
8|1331|581|1920
8|1332|581|1921
8|1332|582|1922
8|1332|583|1923
8|1332|584|1924
8|1333|584|1925
8|1333|585|1926
8|1334|585|1927
8|1334|586|1928
8|1334|587|1929
8|1334|588|1930
8|1335|588|1931
8|1335|589|1932
8|1336|589|1933
8|1336|590|1934
8|1337|590|1935
8|1337|591|1936
8|1338|591|1937
8|1338|592|1938
8|1339|592|1939
8|1340|592|1940
8|1341|592|1941
8|1342|592|1942
8|1343|592|1943
8|1344|592|1944
8|1345|592|1945
8|1346|592|1946
8|1347|592|1947
8|1348|592|1948
8|1349|592|1949
8|1349|593|1950
8|1350|593|1951
8|1351|593|1952
8|1352|593|1953
8|1353|593|1954
8|1354|593|1955
8|1354|594|1956
8|1355|594|1957
8|1355|595|1958
8|1356|595|1959
8|1357|595|1960
8|1358|595|1961
8|1358|596|1962
8|1359|596|1963
8|1360|596|1964
8|1361|596|1965
8|1362|596|1966
8|1363|596|1967
8|1363|597|1968
8|1364|597|1969
8|1364|598|1970
8|1365|598|1971
8|1366|598|1972
8|1367|598|1973
8|1367|599|1974
8|1368|599|1975
8|1369|599|1976
8|1370|599|1977
8|1370|600|1978
8|1371|600|1979
8|1372|600|1980
8|1372|601|1981
8|1373|601|1982
8|1374|601|1983
8|1374|602|1984
8|1374|603|1985
8|1374|604|1986
8|1374|605|1987
8|1375|605|1988
8|1375|606|1989
8|1376|606|1990
8|1377|606|1991
8|1377|607|1992
8|1377|608|1993
8|1377|609|1994
8|1378|609|1995
8|1379|609|1996
8|1380|609|1997
8|1380|610|1998
8|1381|610|1999
8|1382|610|2000
