total
0|0|1|1
0|1|1|2
0|1|2|3
0|2|2|4
0|2|3|5
0|3|3|6
0|3|4|7
0|4|4|8
0|4|5|9
0|5|5|10
0|5|6|11
0|6|6|12
0|6|7|13
0|7|7|14
0|7|8|15
0|8|8|16
0|8|9|17
0|9|9|18
0|9|10|19
0|10|10|20
0|10|11|21
0|11|11|22
0|11|12|23
0|12|12|24
0|12|13|25
0|13|13|26
0|13|14|27
0|14|14|28
0|14|15|29
0|15|15|30
0|15|16|31
0|16|16|32
0|16|17|33
0|17|17|34
0|17|18|35
0|18|18|36
0|18|19|37
0|19|19|38
0|19|20|39
0|20|20|40
0|20|21|41
0|21|21|42
0|21|22|43
0|22|22|44
0|22|23|45
0|23|23|46
0|23|24|47
0|24|24|48
0|24|25|49
0|25|25|50
0|25|26|51
0|26|26|52
0|26|27|53
0|27|27|54
0|27|28|55
0|28|28|56
0|28|29|57
0|29|29|58
0|29|30|59
0|30|30|60
0|30|31|61
0|31|31|62
0|31|32|63
0|32|32|64
0|32|33|65
0|33|33|66
0|33|34|67
0|34|34|68
0|34|35|69
0|35|35|70
0|35|36|71
0|36|36|72
0|36|37|73
0|37|37|74
0|37|38|75
0|38|38|76
0|38|39|77
0|39|39|78
0|39|40|79
0|40|40|80
0|40|41|81
0|41|41|82
0|41|42|83
0|42|42|84
0|42|43|85
0|43|43|86
0|43|44|87
0|44|44|88
0|44|45|89
0|45|45|90
0|45|46|91
0|46|46|92
0|46|47|93
0|47|47|94
0|47|48|95
0|48|48|96
0|48|49|97
0|49|49|98
0|49|50|99
0|50|50|100
0|50|51|101
0|51|51|102
0|51|52|103
0|52|52|104
0|52|53|105
0|53|53|106
0|53|54|107
0|54|54|108
0|54|55|109
0|55|55|110
0|55|56|111
0|56|56|112
0|56|57|113
0|57|57|114
0|57|58|115
0|58|58|116
0|58|59|117
0|59|59|118
0|59|60|119
0|60|60|120
0|60|61|121
0|61|61|122
0|61|62|123
0|62|62|124
0|62|63|125
0|63|63|126
0|63|64|127
0|64|64|128
0|64|65|129
0|65|65|130
0|65|66|131
0|66|66|132
0|66|67|133
0|67|67|134
0|67|68|135
0|68|68|136
0|68|69|137
0|69|69|138
0|69|70|139
0|70|70|140
0|70|71|141
0|71|71|142
0|71|72|143
0|72|72|144
0|72|73|145
0|73|73|146
0|73|74|147
0|74|74|148
0|74|75|149
0|75|75|150
0|75|76|151
0|76|76|152
0|76|77|153
0|77|77|154
0|77|78|155
0|78|78|156
0|78|79|157
0|79|79|158
0|79|80|159
0|80|80|160
0|80|81|161
0|81|81|162
0|81|82|163
0|82|82|164
0|82|83|165
0|83|83|166
0|83|84|167
0|84|84|168
0|84|85|169
0|85|85|170
0|85|86|171
0|86|86|172
0|86|87|173
0|87|87|174
0|87|88|175
0|88|88|176
0|88|89|177
0|89|89|178
0|89|90|179
0|90|90|180
0|90|91|181
0|91|91|182
0|91|92|183
0|92|92|184
0|92|93|185
0|93|93|186
0|93|94|187
0|94|94|188
0|94|95|189
0|95|95|190
0|95|96|191
0|96|96|192
0|96|97|193
0|97|97|194
0|97|98|195
0|98|98|196
0|98|99|197
0|99|99|198
0|99|100|199
0|100|100|200
0|100|101|201
0|101|101|202
0|101|102|203
0|102|102|204
0|102|103|205
0|103|103|206
0|103|104|207
0|104|104|208
0|104|105|209
0|105|105|210
0|105|106|211
0|106|106|212
0|106|107|213
0|107|107|214
0|107|108|215
0|108|108|216
0|108|109|217
0|109|109|218
0|109|110|219
0|110|110|220
0|110|111|221
0|111|111|222
0|111|112|223
0|112|112|224
0|112|113|225
0|113|113|226
0|113|114|227
0|114|114|228
0|114|115|229
0|115|115|230
0|115|116|231
0|116|116|232
0|116|117|233
0|117|117|234
0|117|118|235
0|118|118|236
0|118|119|237
0|119|119|238
0|119|120|239
0|120|120|240
0|120|121|241
0|121|121|242
0|121|122|243
0|122|122|244
0|122|123|245
0|123|123|246
0|123|124|247
0|124|124|248
0|124|125|249
0|125|125|250
0|125|126|251
0|126|126|252
0|126|127|253
0|127|127|254
0|127|128|255
0|128|128|256
0|128|129|257
0|129|129|258
0|129|130|259
0|130|130|260
0|130|131|261
0|131|131|262
0|131|132|263
0|132|132|264
0|132|133|265
0|133|133|266
0|133|134|267
0|134|134|268
0|134|135|269
0|135|135|270
0|135|136|271
0|136|136|272
0|136|137|273
0|137|137|274
0|137|138|275
0|138|138|276
0|138|139|277
0|139|139|278
0|139|140|279
0|140|140|280
0|140|141|281
0|141|141|282
0|141|142|283
0|142|142|284
0|142|143|285
0|143|143|286
0|143|144|287
0|144|144|288
0|144|145|289
0|145|145|290
0|145|146|291
0|146|146|292
0|146|147|293
0|147|147|294
0|147|148|295
0|148|148|296
0|148|149|297
0|149|149|298
0|149|150|299
0|150|150|300
0|150|151|301
0|151|151|302
0|151|152|303
0|152|152|304
0|152|153|305
0|153|153|306
0|153|154|307
0|154|154|308
0|154|155|309
0|155|155|310
0|155|156|311
0|156|156|312
0|156|157|313
0|157|157|314
0|157|158|315
0|158|158|316
0|158|159|317
0|159|159|318
0|159|160|319
0|160|160|320
0|160|161|321
0|161|161|322
0|161|162|323
0|162|162|324
0|162|163|325
0|163|163|326
0|163|164|327
0|164|164|328
0|164|165|329
0|165|165|330
0|165|166|331
0|166|166|332
0|166|167|333
0|167|167|334
0|167|168|335
0|168|168|336
0|168|169|337
0|169|169|338
0|169|170|339
0|170|170|340
0|170|171|341
0|171|171|342
0|171|172|343
0|172|172|344
0|172|173|345
0|173|173|346
0|173|174|347
0|174|174|348
0|174|175|349
0|175|175|350
0|175|176|351
0|176|176|352
0|176|177|353
0|177|177|354
0|177|178|355
0|178|178|356
0|178|179|357
0|179|179|358
0|179|180|359
0|180|180|360
0|180|181|361
0|181|181|362
0|181|182|363
0|182|182|364
0|182|183|365
0|183|183|366
0|183|184|367
0|184|184|368
0|184|185|369
0|185|185|370
0|185|186|371
0|186|186|372
0|186|187|373
0|187|187|374
0|187|188|375
0|188|188|376
0|188|189|377
0|189|189|378
0|189|190|379
0|190|190|380
0|190|191|381
0|191|191|382
0|191|192|383
0|192|192|384
0|192|193|385
0|193|193|386
0|193|194|387
0|194|194|388
0|194|195|389
0|195|195|390
0|195|196|391
0|196|196|392
0|196|197|393
0|197|197|394
0|197|198|395
0|198|198|396
0|198|199|397
0|199|199|398
0|199|200|399
0|200|200|400
0|200|201|401
0|201|201|402
0|201|202|403
0|202|202|404
0|202|203|405
0|203|203|406
0|203|204|407
0|204|204|408
0|204|205|409
0|205|205|410
0|205|206|411
0|206|206|412
0|206|207|413
0|207|207|414
0|207|208|415
0|208|208|416
0|208|209|417
0|209|209|418
0|209|210|419
0|210|210|420
0|210|211|421
0|211|211|422
0|211|212|423
0|212|212|424
0|212|213|425
0|213|213|426
0|213|214|427
0|214|214|428
0|214|215|429
0|215|215|430
0|215|216|431
0|216|216|432
0|216|217|433
0|217|217|434
0|217|218|435
0|218|218|436
0|218|219|437
0|219|219|438
0|219|220|439
0|220|220|440
0|220|221|441
0|221|221|442
0|221|222|443
0|222|222|444
0|222|223|445
0|223|223|446
0|223|224|447
0|224|224|448
0|224|225|449
0|225|225|450
0|225|226|451
0|226|226|452
0|226|227|453
0|227|227|454
0|227|228|455
0|228|228|456
0|228|229|457
0|229|229|458
0|229|230|459
0|230|230|460
0|230|231|461
0|231|231|462
0|231|232|463
0|232|232|464
0|232|233|465
0|233|233|466
0|233|234|467
0|234|234|468
0|234|235|469
0|235|235|470
0|235|236|471
0|236|236|472
0|236|237|473
0|237|237|474
0|237|238|475
0|238|238|476
0|238|239|477
0|239|239|478
0|239|240|479
0|240|240|480
0|240|241|481
0|241|241|482
0|241|242|483
0|242|242|484
0|242|243|485
0|243|243|486
0|243|244|487
0|244|244|488
0|244|245|489
0|245|245|490
0|245|246|491
0|246|246|492
0|246|247|493
0|247|247|494
0|247|248|495
0|248|248|496
0|248|249|497
0|249|249|498
0|249|250|499
0|250|250|500
0|250|251|501
0|251|251|502
0|251|252|503
0|252|252|504
0|252|253|505
0|253|253|506
0|253|254|507
0|254|254|508
0|254|255|509
0|255|255|510
0|255|256|511
0|256|256|512
0|256|257|513
0|257|257|514
0|257|258|515
0|258|258|516
0|258|259|517
0|259|259|518
0|259|260|519
0|260|260|520
0|260|261|521
0|261|261|522
0|261|262|523
0|262|262|524
0|262|263|525
0|263|263|526
0|263|264|527
0|264|264|528
0|264|265|529
0|265|265|530
0|265|266|531
0|266|266|532
0|266|267|533
0|267|267|534
0|267|268|535
0|268|268|536
0|268|269|537
0|269|269|538
0|269|270|539
0|270|270|540
0|270|271|541
0|271|271|542
0|271|272|543
0|272|272|544
0|272|273|545
0|273|273|546
0|273|274|547
0|274|274|548
0|274|275|549
0|275|275|550
0|275|276|551
0|276|276|552
0|276|277|553
0|277|277|554
0|277|278|555
0|278|278|556
0|278|279|557
0|279|279|558
0|279|280|559
0|280|280|560
0|280|281|561
0|281|281|562
0|281|282|563
0|282|282|564
0|282|283|565
0|283|283|566
0|283|284|567
0|284|284|568
0|284|285|569
0|285|285|570
0|285|286|571
0|286|286|572
0|286|287|573
0|287|287|574
0|287|288|575
0|288|288|576
0|288|289|577
0|289|289|578
0|289|290|579
0|290|290|580
0|290|291|581
0|291|291|582
0|291|292|583
0|292|292|584
0|292|293|585
0|293|293|586
0|293|294|587
0|294|294|588
0|294|295|589
0|295|295|590
0|295|296|591
0|296|296|592
0|296|297|593
0|297|297|594
0|297|298|595
0|298|298|596
0|298|299|597
0|299|299|598
0|299|300|599
0|300|300|600
0|300|301|601
0|301|301|602
0|301|302|603
0|302|302|604
0|302|303|605
0|303|303|606
0|303|304|607
0|304|304|608
0|304|305|609
0|305|305|610
0|305|306|611
0|306|306|612
0|306|307|613
0|307|307|614
0|307|308|615
0|308|308|616
0|308|309|617
0|309|309|618
0|309|310|619
0|310|310|620
0|310|311|621
0|311|311|622
0|311|312|623
0|312|312|624
0|312|313|625
0|313|313|626
0|313|314|627
0|314|314|628
0|314|315|629
0|315|315|630
0|315|316|631
0|316|316|632
0|316|317|633
0|317|317|634
0|317|318|635
0|318|318|636
0|318|319|637
0|319|319|638
0|319|320|639
0|320|320|640
0|320|321|641
0|321|321|642
0|321|322|643
0|322|322|644
0|322|323|645
0|323|323|646
0|323|324|647
0|324|324|648
0|324|325|649
0|325|325|650
0|325|326|651
0|326|326|652
0|326|327|653
0|327|327|654
0|327|328|655
0|328|328|656
0|328|329|657
0|329|329|658
0|329|330|659
0|330|330|660
0|330|331|661
0|331|331|662
0|331|332|663
0|332|332|664
0|332|333|665
0|333|333|666
0|333|334|667
0|334|334|668
0|334|335|669
0|335|335|670
0|335|336|671
0|336|336|672
0|336|337|673
0|337|337|674
0|337|338|675
0|338|338|676
0|338|339|677
0|339|339|678
0|339|340|679
0|340|340|680
0|340|341|681
0|341|341|682
0|341|342|683
0|342|342|684
0|342|343|685
0|343|343|686
0|343|344|687
0|344|344|688
0|344|345|689
0|345|345|690
0|345|346|691
0|346|346|692
0|346|347|693
0|347|347|694
0|347|348|695
0|348|348|696
0|348|349|697
0|349|349|698
0|349|350|699
0|350|350|700
0|350|351|701
0|351|351|702
0|351|352|703
0|352|352|704
0|352|353|705
0|353|353|706
0|353|354|707
0|354|354|708
0|354|355|709
0|355|355|710
0|355|356|711
0|356|356|712
0|356|357|713
0|357|357|714
0|357|358|715
0|358|358|716
0|358|359|717
0|359|359|718
0|359|360|719
0|360|360|720
0|360|361|721
0|361|361|722
0|361|362|723
0|362|362|724
0|362|363|725
0|363|363|726
0|363|364|727
0|364|364|728
0|364|365|729
0|365|365|730
0|365|366|731
0|366|366|732
0|366|367|733
0|367|367|734
0|367|368|735
0|368|368|736
0|368|369|737
0|369|369|738
0|369|370|739
0|370|370|740
0|370|371|741
0|371|371|742
0|371|372|743
0|372|372|744
0|372|373|745
0|373|373|746
0|373|374|747
0|374|374|748
0|374|375|749
0|375|375|750
0|375|376|751
0|376|376|752
0|376|377|753
0|377|377|754
0|377|378|755
0|378|378|756
0|378|379|757
0|379|379|758
0|379|380|759
0|380|380|760
0|380|381|761
0|381|381|762
0|381|382|763
0|382|382|764
0|382|383|765
0|383|383|766
0|383|384|767
0|384|384|768
0|384|385|769
0|385|385|770
0|385|386|771
0|386|386|772
0|386|387|773
0|387|387|774
0|387|388|775
0|388|388|776
0|388|389|777
0|389|389|778
0|389|390|779
0|390|390|780
0|390|391|781
0|391|391|782
0|391|392|783
0|392|392|784
0|392|393|785
0|393|393|786
0|393|394|787
0|394|394|788
0|394|395|789
0|395|395|790
0|395|396|791
0|396|396|792
0|396|397|793
0|397|397|794
0|397|398|795
0|398|398|796
0|398|399|797
0|399|399|798
0|399|400|799
0|400|400|800
0|400|401|801
0|401|401|802
0|401|402|803
0|402|402|804
0|402|403|805
0|403|403|806
0|403|404|807
0|404|404|808
0|404|405|809
0|405|405|810
0|405|406|811
0|406|406|812
0|406|407|813
0|407|407|814
0|407|408|815
0|408|408|816
0|408|409|817
0|409|409|818
0|409|410|819
0|410|410|820
0|410|411|821
0|411|411|822
0|411|412|823
0|412|412|824
0|412|413|825
0|413|413|826
0|413|414|827
0|414|414|828
0|414|415|829
0|415|415|830
0|415|416|831
0|416|416|832
0|416|417|833
0|417|417|834
0|417|418|835
0|418|418|836
0|418|419|837
0|419|419|838
0|419|420|839
0|420|420|840
0|420|421|841
0|421|421|842
0|421|422|843
0|422|422|844
0|422|423|845
0|423|423|846
0|423|424|847
0|424|424|848
0|424|425|849
0|425|425|850
0|425|426|851
0|426|426|852
0|426|427|853
0|427|427|854
0|427|428|855
0|428|428|856
0|428|429|857
0|429|429|858
0|429|430|859
0|430|430|860
0|430|431|861
0|431|431|862
0|431|432|863
0|432|432|864
0|432|433|865
0|433|433|866
0|433|434|867
0|434|434|868
0|434|435|869
0|435|435|870
0|435|436|871
0|436|436|872
0|436|437|873
0|437|437|874
0|437|438|875
0|438|438|876
0|438|439|877
0|439|439|878
0|439|440|879
0|440|440|880
0|440|441|881
0|441|441|882
0|441|442|883
0|442|442|884
0|442|443|885
0|443|443|886
0|443|444|887
0|444|444|888
0|444|445|889
0|445|445|890
0|445|446|891
0|446|446|892
0|446|447|893
0|447|447|894
0|447|448|895
0|448|448|896
0|448|449|897
0|449|449|898
0|449|450|899
0|450|450|900
0|450|451|901
0|451|451|902
0|451|452|903
0|452|452|904
0|452|453|905
0|453|453|906
0|453|454|907
0|454|454|908
0|454|455|909
0|455|455|910
0|455|456|911
0|456|456|912
0|456|457|913
0|457|457|914
0|457|458|915
0|458|458|916
0|458|459|917
0|459|459|918
0|459|460|919
0|460|460|920
0|460|461|921
0|461|461|922
0|461|462|923
0|462|462|924
0|462|463|925
0|463|463|926
0|463|464|927
0|464|464|928
0|464|465|929
0|465|465|930
0|465|466|931
0|466|466|932
0|466|467|933
0|467|467|934
0|467|468|935
0|468|468|936
0|468|469|937
0|469|469|938
0|469|470|939
0|470|470|940
0|470|471|941
0|471|471|942
0|471|472|943
0|472|472|944
0|472|473|945
0|473|473|946
0|473|474|947
0|474|474|948
0|474|475|949
0|475|475|950
0|475|476|951
0|476|476|952
0|476|477|953
0|477|477|954
0|477|478|955
0|478|478|956
0|478|479|957
0|479|479|958
0|479|480|959
0|480|480|960
0|480|481|961
0|481|481|962
0|481|482|963
0|482|482|964
0|482|483|965
0|483|483|966
0|483|484|967
0|484|484|968
0|484|485|969
0|485|485|970
0|485|486|971
0|486|486|972
0|486|487|973
0|487|487|974
0|487|488|975
0|488|488|976
0|488|489|977
0|489|489|978
0|489|490|979
0|490|490|980
0|490|491|981
0|491|491|982
0|491|492|983
0|492|492|984
0|492|493|985
0|493|493|986
0|493|494|987
0|494|494|988
0|494|495|989
0|495|495|990
0|495|496|991
0|496|496|992
0|496|497|993
0|497|497|994
0|497|498|995
0|498|498|996
0|498|499|997
0|499|499|998
0|499|500|999
0|500|500|1000
0|500|501|1001
0|501|501|1002
0|501|502|1003
0|502|502|1004
0|502|503|1005
0|503|503|1006
0|503|504|1007
0|504|504|1008
0|504|505|1009
0|505|505|1010
0|505|506|1011
0|506|506|1012
0|506|507|1013
0|507|507|1014
0|507|508|1015
0|508|508|1016
0|508|509|1017
0|509|509|1018
0|509|510|1019
0|510|510|1020
0|510|511|1021
0|511|511|1022
0|511|512|1023
0|512|512|1024
0|512|513|1025
0|513|513|1026
0|513|514|1027
0|514|514|1028
0|514|515|1029
0|515|515|1030
0|515|516|1031
0|516|516|1032
0|517|516|1033
0|518|516|1034
0|518|517|1035
0|519|517|1036
0|519|518|1037
0|520|518|1038
0|520|519|1039
0|521|519|1040
0|521|520|1041
0|522|520|1042
0|522|521|1043
0|523|521|1044
0|523|522|1045
0|524|522|1046
0|524|523|1047
0|525|523|1048
0|525|524|1049
0|526|524|1050
0|526|525|1051
0|527|525|1052
0|527|526|1053
0|528|526|1054
0|528|527|1055
0|529|527|1056
0|529|528|1057
0|530|528|1058
0|530|529|1059
0|531|529|1060
0|531|530|1061
0|532|530|1062
0|532|531|1063
0|533|531|1064
0|533|532|1065
0|534|532|1066
0|534|533|1067
0|535|533|1068
0|535|534|1069
0|536|534|1070
0|536|535|1071
0|537|535|1072
0|537|536|1073
0|538|536|1074
0|538|537|1075
0|539|537|1076
0|539|538|1077
0|540|538|1078
0|540|539|1079
0|541|539|1080
0|541|540|1081
0|542|540|1082
0|542|541|1083
0|543|541|1084
0|543|542|1085
0|544|542|1086
0|544|543|1087
0|545|543|1088
0|545|544|1089
0|546|544|1090
0|546|545|1091
0|547|545|1092
0|547|546|1093
0|548|546|1094
0|548|547|1095
0|549|547|1096
0|549|548|1097
0|550|548|1098
0|550|549|1099
0|551|549|1100
0|551|550|1101
0|552|550|1102
0|552|551|1103
0|553|551|1104
0|553|552|1105
0|554|552|1106
0|554|553|1107
0|555|553|1108
0|555|554|1109
0|556|554|1110
0|556|555|1111
0|557|555|1112
0|557|556|1113
0|558|556|1114
0|558|557|1115
0|559|557|1116
0|559|558|1117
0|560|558|1118
0|560|559|1119
0|561|559|1120
0|561|560|1121
0|562|560|1122
0|562|561|1123
0|563|561|1124
0|563|562|1125
0|564|562|1126
0|564|563|1127
0|565|563|1128
0|565|564|1129
0|566|564|1130
0|566|565|1131
0|567|565|1132
0|567|566|1133
0|568|566|1134
0|568|567|1135
0|569|567|1136
0|569|568|1137
0|570|568|1138
0|570|569|1139
0|571|569|1140
0|571|570|1141
0|572|570|1142
0|572|571|1143
0|573|571|1144
0|573|572|1145
0|574|572|1146
0|574|573|1147
0|575|573|1148
0|575|574|1149
0|576|574|1150
0|576|575|1151
0|577|575|1152
0|577|576|1153
0|578|576|1154
0|578|577|1155
0|579|577|1156
0|579|578|1157
0|580|578|1158
0|580|579|1159
0|581|579|1160
0|581|580|1161
0|582|580|1162
0|582|581|1163
0|583|581|1164
0|583|582|1165
0|584|582|1166
0|584|583|1167
0|585|583|1168
0|585|584|1169
0|586|584|1170
0|586|585|1171
0|587|585|1172
0|587|586|1173
0|588|586|1174
0|588|587|1175
0|589|587|1176
0|590|587|1177
0|591|587|1178
0|591|588|1179
0|592|588|1180
0|592|589|1181
0|593|589|1182
0|593|590|1183
0|594|590|1184
0|594|591|1185
0|595|591|1186
0|595|592|1187
0|596|592|1188
0|596|593|1189
0|597|593|1190
0|597|594|1191
0|598|594|1192
0|598|595|1193
0|599|595|1194
0|599|596|1195
0|600|596|1196
0|600|597|1197
0|601|597|1198
0|601|598|1199
0|602|598|1200
0|602|599|1201
0|603|599|1202
0|603|600|1203
0|604|600|1204
0|604|601|1205
0|605|601|1206
0|605|602|1207
0|606|602|1208
0|606|603|1209
0|607|603|1210
0|607|604|1211
0|608|604|1212
0|608|605|1213
0|609|605|1214
0|609|606|1215
0|610|606|1216
0|610|607|1217
0|611|607|1218
0|611|608|1219
0|612|608|1220
0|612|609|1221
0|613|609|1222
0|613|610|1223
0|614|610|1224
0|614|611|1225
0|615|611|1226
0|615|612|1227
0|616|612|1228
0|616|613|1229
0|617|613|1230
0|617|614|1231
0|618|614|1232
0|618|615|1233
0|619|615|1234
0|619|616|1235
0|620|616|1236
0|620|617|1237
0|621|617|1238
0|621|618|1239
0|622|618|1240
0|622|619|1241
0|623|619|1242
0|623|620|1243
0|624|620|1244
0|624|621|1245
0|625|621|1246
0|625|622|1247
0|626|622|1248
0|626|623|1249
0|627|623|1250
0|627|624|1251
0|628|624|1252
0|628|625|1253
0|629|625|1254
0|629|626|1255
0|630|626|1256
0|630|627|1257
0|631|627|1258
0|631|628|1259
0|632|628|1260
0|632|629|1261
0|633|629|1262
0|633|630|1263
0|634|630|1264
0|634|631|1265
0|635|631|1266
0|635|632|1267
0|636|632|1268
0|636|633|1269
0|637|633|1270
0|637|634|1271
0|638|634|1272
0|638|635|1273
0|639|635|1274
0|639|636|1275
0|640|636|1276
0|640|637|1277
0|641|637|1278
0|641|638|1279
0|642|638|1280
0|642|639|1281
0|643|639|1282
0|643|640|1283
0|644|640|1284
0|644|641|1285
0|645|641|1286
0|645|642|1287
0|646|642|1288
0|646|643|1289
0|647|643|1290
0|647|644|1291
0|648|644|1292
0|648|645|1293
0|649|645|1294
0|649|646|1295
0|650|646|1296
0|650|647|1297
0|651|647|1298
0|651|648|1299
0|652|648|1300
0|652|649|1301
0|653|649|1302
0|653|650|1303
0|654|650|1304
0|654|651|1305
0|655|651|1306
0|655|652|1307
0|656|652|1308
0|656|653|1309
0|657|653|1310
0|657|654|1311
0|658|654|1312
0|658|655|1313
0|659|655|1314
0|659|656|1315
0|660|656|1316
0|660|657|1317
0|661|657|1318
0|661|658|1319
0|662|658|1320
0|662|659|1321
0|663|659|1322
0|663|660|1323
0|664|660|1324
0|664|661|1325
0|665|661|1326
0|665|662|1327
0|666|662|1328
0|666|663|1329
0|667|663|1330
0|667|664|1331
0|668|664|1332
0|668|665|1333
0|669|665|1334
0|669|666|1335
0|670|666|1336
0|670|667|1337
0|671|667|1338
0|671|668|1339
0|672|668|1340
0|672|669|1341
0|673|669|1342
0|673|670|1343
0|674|670|1344
0|674|671|1345
0|675|671|1346
0|675|672|1347
0|676|672|1348
0|676|673|1349
0|677|673|1350
0|677|674|1351
0|678|674|1352
0|678|675|1353
0|679|675|1354
0|679|676|1355
0|680|676|1356
0|680|677|1357
0|681|677|1358
0|681|678|1359
0|682|678|1360
0|682|679|1361
0|683|679|1362
0|683|680|1363
0|684|680|1364
0|684|681|1365
0|685|681|1366
0|685|682|1367
0|686|682|1368
0|686|683|1369
0|687|683|1370
0|687|684|1371
0|688|684|1372
0|688|685|1373
0|689|685|1374
0|689|686|1375
0|690|686|1376
0|690|687|1377
0|691|687|1378
0|691|688|1379
0|692|688|1380
0|692|689|1381
0|693|689|1382
0|693|690|1383
0|694|690|1384
0|694|691|1385
0|695|691|1386
0|695|692|1387
0|696|692|1388
0|696|693|1389
0|697|693|1390
0|697|694|1391
0|698|694|1392
0|698|695|1393
0|699|695|1394
0|699|696|1395
0|700|696|1396
0|700|697|1397
0|701|697|1398
0|701|698|1399
0|702|698|1400
0|702|699|1401
0|703|699|1402
0|703|700|1403
0|704|700|1404
0|704|701|1405
0|705|701|1406
0|705|702|1407
0|706|702|1408
0|706|703|1409
0|707|703|1410
0|707|704|1411
0|708|704|1412
0|708|705|1413
0|709|705|1414
0|709|706|1415
0|710|706|1416
0|710|707|1417
0|711|707|1418
0|711|708|1419
0|712|708|1420
0|712|709|1421
0|713|709|1422
0|713|710|1423
0|714|710|1424
0|714|711|1425
0|715|711|1426
0|715|712|1427
0|716|712|1428
0|716|713|1429
0|717|713|1430
0|717|714|1431
0|718|714|1432
0|718|715|1433
0|719|715|1434
0|719|716|1435
0|720|716|1436
0|720|717|1437
0|721|717|1438
0|721|718|1439
0|722|718|1440
0|722|719|1441
0|723|719|1442
0|723|720|1443
0|724|720|1444
0|724|721|1445
0|725|721|1446
0|725|722|1447
0|726|722|1448
0|726|723|1449
0|727|723|1450
0|727|724|1451
0|728|724|1452
0|728|725|1453
0|729|725|1454
0|729|726|1455
0|730|726|1456
0|730|727|1457
0|731|727|1458
0|731|728|1459
0|732|728|1460
0|732|729|1461
0|733|729|1462
0|733|730|1463
0|734|730|1464
0|734|731|1465
0|735|731|1466
0|735|732|1467
0|736|732|1468
0|736|733|1469
0|737|733|1470
0|737|734|1471
0|738|734|1472
0|738|735|1473
0|739|735|1474
0|739|736|1475
0|740|736|1476
0|740|737|1477
0|741|737|1478
0|741|738|1479
0|742|738|1480
0|742|739|1481
0|743|739|1482
0|743|740|1483
0|744|740|1484
0|744|741|1485
0|745|741|1486
0|745|742|1487
0|746|742|1488
0|746|743|1489
0|747|743|1490
0|747|744|1491
0|748|744|1492
0|748|745|1493
0|749|745|1494
0|749|746|1495
0|750|746|1496
0|750|747|1497
0|751|747|1498
0|751|748|1499
0|752|748|1500
0|752|749|1501
0|753|749|1502
0|753|750|1503
0|754|750|1504
0|754|751|1505
0|755|751|1506
0|755|752|1507
0|756|752|1508
0|756|753|1509
0|757|753|1510
0|757|754|1511
0|758|754|1512
0|758|755|1513
0|759|755|1514
0|759|756|1515
0|760|756|1516
0|760|757|1517
0|761|757|1518
0|761|758|1519
0|762|758|1520
0|762|759|1521
0|763|759|1522
0|763|760|1523
0|764|760|1524
0|764|761|1525
0|765|761|1526
0|765|762|1527
0|766|762|1528
0|766|763|1529
0|767|763|1530
0|767|764|1531
0|768|764|1532
0|768|765|1533
0|769|765|1534
0|769|766|1535
0|770|766|1536
0|770|767|1537
0|771|767|1538
0|771|768|1539
0|772|768|1540
0|772|769|1541
0|773|769|1542
0|773|770|1543
0|774|770|1544
0|774|771|1545
0|775|771|1546
0|775|772|1547
0|776|772|1548
0|776|773|1549
0|777|773|1550
0|777|774|1551
0|778|774|1552
0|778|775|1553
0|779|775|1554
0|779|776|1555
0|780|776|1556
0|780|777|1557
0|781|777|1558
0|781|778|1559
0|782|778|1560
0|782|779|1561
0|783|779|1562
0|783|780|1563
0|784|780|1564
0|784|781|1565
0|785|781|1566
0|785|782|1567
0|786|782|1568
0|786|783|1569
0|787|783|1570
0|787|784|1571
0|788|784|1572
0|788|785|1573
0|789|785|1574
0|789|786|1575
0|790|786|1576
0|790|787|1577
0|791|787|1578
0|791|788|1579
0|792|788|1580
0|792|789|1581
0|793|789|1582
0|793|790|1583
0|794|790|1584
0|794|791|1585
0|795|791|1586
0|795|792|1587
0|796|792|1588
0|796|793|1589
0|797|793|1590
0|797|794|1591
1|797|794|1592
1|797|795|1593
1|798|795|1594
1|798|796|1595
1|799|796|1596
1|799|797|1597
1|800|797|1598
1|800|798|1599
1|801|798|1600
1|801|799|1601
1|802|799|1602
1|802|800|1603
1|803|800|1604
1|803|801|1605
1|804|801|1606
1|804|802|1607
1|805|802|1608
1|805|803|1609
1|806|803|1610
1|806|804|1611
1|807|804|1612
1|807|805|1613
1|808|805|1614
1|808|806|1615
1|809|806|1616
1|809|807|1617
1|810|807|1618
1|810|808|1619
1|811|808|1620
1|811|809|1621
1|812|809|1622
1|812|810|1623
1|813|810|1624
1|813|811|1625
1|814|811|1626
1|814|812|1627
1|815|812|1628
1|815|813|1629
1|816|813|1630
1|817|814|1632
1|818|814|1633
1|818|815|1634
1|819|815|1635
1|819|816|1636
1|820|816|1637
1|820|817|1638
1|821|817|1639
1|821|818|1640
1|822|818|1641
1|822|819|1642
1|823|819|1643
1|823|820|1644
1|824|820|1645
1|824|821|1646
1|825|821|1647
1|825|822|1648
1|826|822|1649
1|826|823|1650
1|827|823|1651
1|827|824|1652
1|828|824|1653
1|828|825|1654
1|829|825|1655
1|829|826|1656
1|830|826|1657
1|830|827|1658
1|831|827|1659
1|831|828|1660
1|832|828|1661
1|832|829|1662
1|833|829|1663
1|833|830|1664
1|834|830|1665
1|834|831|1666
1|835|831|1667
1|835|832|1668
1|836|832|1669
1|836|833|1670
1|837|833|1671
1|837|834|1672
1|838|834|1673
1|838|835|1674
1|839|835|1675
1|839|836|1676
1|840|836|1677
1|840|837|1678
1|841|837|1679
1|841|838|1680
1|842|838|1681
1|842|839|1682
1|843|839|1683
1|843|840|1684
1|844|840|1685
1|844|841|1686
1|845|841|1687
1|845|842|1688
1|846|842|1689
1|846|843|1690
1|847|843|1691
1|847|844|1692
1|848|844|1693
1|848|845|1694
1|849|845|1695
1|849|846|1696
1|850|846|1697
1|850|847|1698
1|851|847|1699
1|851|848|1700
1|852|848|1701
1|852|849|1702
1|853|849|1703
1|853|850|1704
1|854|850|1705
1|854|851|1706
1|855|851|1707
1|855|852|1708
1|856|852|1709
1|856|853|1710
1|857|853|1711
1|857|854|1712
1|858|854|1713
1|858|855|1714
1|859|855|1715
1|859|856|1716
1|860|856|1717
1|861|856|1718
1|862|856|1719
1|862|857|1720
1|863|857|1721
1|863|858|1722
1|864|858|1723
1|864|859|1724
1|865|859|1725
1|865|860|1726
1|866|860|1727
1|866|861|1728
1|867|861|1729
1|867|862|1730
1|868|862|1731
1|868|863|1732
1|869|863|1733
1|869|864|1734
1|870|864|1735
1|870|865|1736
1|871|865|1737
1|871|866|1738
1|872|866|1739
1|872|867|1740
1|873|867|1741
1|873|868|1742
1|874|868|1743
1|874|869|1744
1|875|869|1745
1|875|870|1746
1|876|870|1747
1|876|871|1748
1|877|871|1749
1|877|872|1750
1|878|872|1751
1|878|873|1752
1|879|873|1753
1|879|874|1754
1|880|874|1755
1|880|875|1756
1|881|875|1757
1|881|876|1758
1|882|876|1759
1|882|877|1760
1|883|877|1761
1|883|878|1762
1|884|878|1763
1|884|879|1764
1|885|879|1765
1|885|880|1766
1|886|880|1767
1|886|881|1768
1|887|881|1769
1|887|882|1770
1|888|882|1771
1|888|883|1772
1|889|883|1773
1|889|884|1774
1|890|884|1775
1|890|885|1776
1|891|885|1777
1|891|886|1778
1|892|886|1779
1|892|887|1780
1|893|887|1781
1|893|888|1782
1|894|888|1783
1|894|889|1784
1|895|889|1785
1|895|890|1786
1|896|890|1787
1|896|891|1788
1|897|891|1789
1|897|892|1790
1|898|892|1791
1|898|893|1792
1|899|893|1793
1|899|894|1794
1|900|894|1795
1|900|895|1796
1|901|895|1797
1|901|896|1798
1|902|896|1799
1|902|897|1800
1|903|897|1801
1|903|898|1802
1|904|898|1803
1|904|899|1804
1|905|899|1805
1|905|900|1806
1|906|900|1807
1|906|901|1808
1|907|901|1809
1|907|902|1810
1|908|902|1811
1|908|903|1812
1|909|903|1813
1|909|904|1814
1|910|904|1815
1|910|905|1816
1|911|905|1817
1|911|906|1818
1|912|906|1819
1|912|907|1820
1|913|907|1821
1|913|908|1822
1|914|908|1823
1|914|909|1824
1|915|909|1825
1|915|910|1826
1|916|910|1827
1|916|911|1828
1|917|911|1829
1|917|912|1830
1|918|912|1831
1|918|913|1832
1|919|913|1833
1|919|914|1834
1|920|914|1835
1|920|915|1836
1|921|915|1837
1|921|916|1838
1|922|916|1839
1|922|917|1840
1|923|917|1841
1|923|918|1842
1|924|918|1843
1|924|919|1844
1|925|919|1845
1|925|920|1846
1|926|920|1847
1|926|921|1848
1|927|921|1849
1|927|922|1850
1|928|922|1851
1|928|923|1852
1|929|923|1853
1|929|924|1854
1|930|924|1855
1|930|925|1856
1|931|925|1857
1|931|926|1858
1|932|926|1859
1|932|927|1860
1|933|927|1861
1|933|928|1862
1|934|928|1863
1|934|929|1864
1|935|929|1865
1|935|930|1866
1|936|930|1867
1|936|931|1868
1|937|931|1869
1|937|932|1870
1|938|932|1871
1|938|933|1872
1|939|933|1873
1|939|934|1874
1|940|934|1875
1|940|935|1876
1|941|935|1877
1|941|936|1878
1|942|936|1879
1|942|937|1880
1|943|937|1881
1|943|938|1882
1|944|938|1883
1|944|939|1884
1|945|939|1885
1|945|940|1886
1|946|940|1887
1|946|941|1888
1|947|941|1889
1|947|942|1890
1|948|942|1891
1|948|943|1892
1|949|943|1893
1|949|944|1894
1|950|944|1895
1|950|945|1896
1|951|945|1897
1|951|946|1898
1|952|946|1899
1|952|947|1900
1|953|947|1901
1|953|948|1902
1|954|948|1903
1|954|949|1904
1|955|949|1905
1|955|950|1906
1|956|950|1907
1|956|951|1908
1|957|951|1909
1|957|952|1910
1|958|952|1911
1|958|953|1912
1|959|953|1913
1|959|954|1914
1|960|954|1915
1|960|955|1916
1|961|955|1917
1|961|956|1918
1|962|956|1919
1|962|957|1920
1|963|957|1921
1|963|958|1922
1|964|958|1923
1|964|959|1924
1|965|959|1925
1|965|960|1926
1|966|960|1927
1|966|961|1928
1|967|961|1929
1|967|962|1930
1|968|962|1931
1|968|963|1932
1|969|963|1933
1|969|964|1934
1|970|964|1935
1|970|965|1936
1|971|965|1937
1|971|966|1938
1|972|966|1939
1|972|967|1940
1|973|967|1941
1|973|968|1942
1|974|968|1943
1|974|969|1944
1|975|969|1945
1|975|970|1946
1|976|970|1947
1|976|971|1948
1|977|971|1949
1|977|972|1950
1|978|972|1951
1|978|973|1952
1|979|973|1953
1|979|974|1954
1|980|974|1955
1|980|975|1956
1|981|975|1957
1|981|976|1958
1|982|976|1959
1|982|977|1960
1|983|977|1961
1|983|978|1962
1|984|978|1963
1|984|979|1964
1|985|979|1965
1|985|980|1966
1|986|980|1967
1|986|981|1968
1|987|981|1969
1|987|982|1970
1|988|982|1971
1|988|983|1972
1|989|983|1973
1|989|984|1974
1|990|984|1975
1|990|985|1976
1|991|985|1977
1|991|986|1978
1|992|986|1979
1|992|987|1980
1|993|987|1981
1|993|988|1982
1|994|988|1983
1|994|989|1984
1|995|989|1985
1|995|990|1986
1|996|990|1987
1|996|991|1988
1|997|991|1989
1|997|992|1990
1|998|992|1991
1|998|993|1992
1|999|993|1993
1|999|994|1994
1|1000|994|1995
1|1000|995|1996
1|1001|995|1997
1|1001|996|1998
1|1002|996|1999
1|1002|997|2000
