total
0|1|0|1
0|2|0|2
0|2|1|3
0|3|1|4
0|3|2|5
0|4|2|6
0|4|3|7
0|5|3|8
0|5|4|9
0|6|4|10
0|6|5|11
0|7|5|12
0|7|6|13
0|8|6|14
0|9|6|15
0|10|6|16
0|10|7|17
0|11|7|18
0|11|8|19
0|12|8|20
0|13|8|21
0|14|8|22
0|14|9|23
0|15|9|24
0|15|10|25
0|16|10|26
0|16|11|27
0|17|11|28
0|17|12|29
0|18|12|30
0|18|13|31
0|19|13|32
0|19|14|33
0|20|14|34
0|20|15|35
0|21|15|36
0|21|16|37
0|22|16|38
0|22|17|39
0|23|17|40
0|24|17|41
0|25|17|42
0|25|18|43
0|26|18|44
0|26|19|45
0|27|19|46
0|27|20|47
0|28|20|48
0|28|21|49
0|29|21|50
0|29|22|51
0|30|22|52
0|30|23|53
0|31|23|54
0|31|24|55
0|32|24|56
0|32|25|57
0|33|25|58
0|34|25|59
0|35|25|60
0|35|26|61
0|36|26|62
0|36|27|63
0|37|27|64
0|38|27|65
0|39|27|66
0|40|27|67
0|41|27|68
0|42|27|69
0|43|27|70
0|44|27|71
0|45|27|72
0|46|27|73
0|47|27|74
0|48|27|75
0|49|27|76
0|50|27|77
0|51|27|78
0|52|27|79
0|53|27|80
0|54|27|81
0|55|27|82
0|56|27|83
0|57|27|84
0|58|27|85
0|59|27|86
0|60|27|87
0|61|27|88
0|62|27|89
0|63|27|90
0|64|27|91
0|65|27|92
0|66|27|93
0|67|27|94
0|68|27|95
0|69|27|96
0|70|27|97
0|71|27|98
0|72|27|99
0|73|27|100
0|73|28|101
0|74|28|102
0|74|29|103
0|75|29|104
0|75|30|105
0|76|30|106
0|76|31|107
0|77|31|108
0|77|32|109
0|78|32|110
0|78|33|111
0|79|33|112
0|79|34|113
0|80|34|114
0|80|35|115
0|81|35|116
0|81|36|117
0|82|36|118
0|82|37|119
0|83|37|120
0|83|38|121
0|84|38|122
0|84|39|123
0|85|39|124
0|85|40|125
0|86|40|126
0|86|41|127
0|87|41|128
0|87|42|129
0|88|42|130
0|88|43|131
0|89|43|132
0|89|44|133
0|90|44|134
0|90|45|135
0|91|45|136
0|91|46|137
0|92|46|138
0|92|47|139
0|93|47|140
0|93|48|141
0|94|48|142
0|94|49|143
0|95|49|144
0|95|50|145
0|96|50|146
0|96|51|147
0|97|51|148
0|97|52|149
0|98|52|150
0|98|53|151
0|99|53|152
0|99|54|153
0|100|54|154
0|100|55|155
0|101|55|156
0|101|56|157
0|102|56|158
0|102|57|159
0|103|57|160
0|103|58|161
0|104|58|162
0|104|59|163
0|105|59|164
0|105|60|165
0|106|60|166
0|106|61|167
0|107|61|168
0|107|62|169
0|108|62|170
0|108|63|171
0|109|63|172
0|109|64|173
0|110|64|174
0|110|65|175
0|111|65|176
0|111|66|177
0|112|66|178
0|112|67|179
0|113|67|180
0|113|68|181
0|114|68|182
0|114|69|183
0|115|69|184
0|115|70|185
0|116|70|186
0|116|71|187
0|117|71|188
0|117|72|189
0|118|72|190
0|118|73|191
0|119|73|192
0|119|74|193
0|120|74|194
0|120|75|195
0|121|75|196
0|121|76|197
0|122|76|198
0|122|77|199
0|123|77|200
0|123|78|201
0|124|78|202
0|125|78|203
0|126|78|204
0|126|79|205
0|127|79|206
0|127|80|207
0|128|80|208
0|128|81|209
0|129|81|210
0|129|82|211
0|130|82|212
0|130|83|213
0|131|83|214
0|131|84|215
0|132|84|216
0|132|85|217
0|133|85|218
0|133|86|219
0|134|86|220
0|134|87|221
0|135|87|222
0|135|88|223
0|136|88|224
0|136|89|225
0|137|89|226
0|137|90|227
0|138|90|228
0|138|91|229
0|139|91|230
0|140|91|231
0|141|91|232
0|141|92|233
0|142|92|234
0|142|93|235
0|143|93|236
0|143|94|237
0|144|94|238
0|145|94|239
0|146|94|240
0|147|94|241
0|148|94|242
0|148|95|243
0|149|95|244
0|149|96|245
0|150|96|246
0|150|97|247
0|151|97|248
0|151|98|249
0|152|98|250
0|152|99|251
0|153|99|252
0|153|100|253
0|154|100|254
0|154|101|255
0|155|101|256
0|155|102|257
0|156|102|258
0|156|103|259
0|157|103|260
0|157|104|261
0|158|104|262
0|158|105|263
0|159|105|264
0|159|106|265
0|160|106|266
0|160|107|267
0|161|107|268
0|161|108|269
0|162|108|270
0|162|109|271
0|163|109|272
0|163|110|273
0|164|110|274
0|164|111|275
0|165|111|276
0|165|112|277
0|166|112|278
0|166|113|279
0|167|113|280
0|167|114|281
0|168|114|282
0|168|115|283
0|169|115|284
0|169|116|285
0|170|116|286
0|170|117|287
0|171|117|288
0|171|118|289
0|172|118|290
0|172|119|291
0|173|119|292
0|173|120|293
0|174|120|294
0|174|121|295
0|175|121|296
0|175|122|297
0|176|122|298
0|176|123|299
0|177|123|300
0|177|124|301
0|178|124|302
0|178|125|303
0|179|125|304
0|179|126|305
0|180|126|306
0|180|127|307
0|181|127|308
0|181|128|309
1|181|128|310
1|181|129|311
1|182|129|312
1|182|130|313
1|183|130|314
1|183|131|315
1|184|131|316
1|184|132|317
1|185|132|318
1|185|133|319
1|186|133|320
1|186|134|321
1|187|134|322
1|187|135|323
1|188|135|324
1|188|136|325
1|189|136|326
1|189|137|327
1|190|137|328
1|190|138|329
1|191|138|330
1|191|139|331
1|192|139|332
1|192|140|333
1|193|140|334
1|193|141|335
1|194|141|336
1|194|142|337
1|195|142|338
1|195|143|339
1|196|143|340
1|196|144|341
1|197|144|342
1|197|145|343
1|198|145|344
1|199|145|345
1|200|145|346
1|201|145|347
1|202|145|348
1|203|145|349
1|204|145|350
1|204|146|351
1|205|146|352
1|205|147|353
1|206|147|354
1|206|148|355
1|207|148|356
1|207|149|357
1|208|149|358
1|208|150|359
1|209|150|360
1|209|151|361
1|210|151|362
1|210|152|363
1|211|152|364
1|211|153|365
1|212|153|366
1|212|154|367
1|213|154|368
1|213|155|369
1|214|155|370
1|214|156|371
1|215|156|372
1|215|157|373
1|216|157|374
1|216|158|375
1|217|158|376
1|217|159|377
1|218|159|378
1|218|160|379
1|219|160|380
1|219|161|381
1|220|161|382
1|220|162|383
1|221|162|384
1|221|163|385
1|222|163|386
1|222|164|387
1|223|164|388
1|223|165|389
1|224|165|390
1|224|166|391
1|225|166|392
1|225|167|393
1|226|167|394
1|226|168|395
1|227|168|396
1|227|169|397
1|228|169|398
1|228|170|399
1|229|170|400
1|229|171|401
1|230|171|402
1|230|172|403
1|231|172|404
1|231|173|405
1|232|173|406
1|232|174|407
1|233|174|408
1|233|175|409
1|234|175|410
1|234|176|411
1|235|176|412
1|235|177|413
1|236|177|414
1|236|178|415
1|237|178|416
1|237|179|417
1|238|179|418
1|238|180|419
1|239|180|420
1|239|181|421
1|240|181|422
1|240|182|423
1|241|182|424
1|241|183|425
1|242|183|426
1|242|184|427
1|243|184|428
1|243|185|429
1|244|185|430
1|244|186|431
1|245|186|432
1|245|187|433
1|246|187|434
1|246|188|435
1|247|188|436
1|247|189|437
1|248|189|438
1|248|190|439
1|249|190|440
1|249|191|441
1|250|191|442
1|250|192|443
1|251|192|444
1|251|193|445
1|252|193|446
1|252|194|447
1|253|194|448
1|253|195|449
1|254|195|450
1|254|196|451
1|255|196|452
1|255|197|453
1|256|197|454
1|256|198|455
1|257|198|456
1|257|199|457
1|258|199|458
1|259|199|459
1|260|199|460
1|261|199|461
1|262|199|462
1|262|200|463
1|263|200|464
1|263|201|465
1|264|201|466
1|264|202|467
1|265|202|468
1|265|203|469
1|266|203|470
1|266|204|471
1|267|204|472
1|267|205|473
1|268|205|474
1|268|206|475
1|269|206|476
1|269|207|477
1|270|207|478
1|270|208|479
1|271|208|480
1|271|209|481
1|272|209|482
1|272|210|483
1|273|210|484
1|273|211|485
1|274|211|486
1|274|212|487
1|275|212|488
1|276|212|489
1|277|212|490
1|277|213|491
1|278|213|492
1|278|214|493
1|279|214|494
1|279|215|495
1|280|215|496
1|280|216|497
1|281|216|498
1|281|217|499
1|282|217|500
1|282|218|501
1|283|218|502
1|283|219|503
1|284|219|504
1|284|220|505
1|285|220|506
1|285|221|507
1|286|221|508
1|286|222|509
1|287|222|510
1|287|223|511
1|288|223|512
1|288|224|513
1|289|224|514
1|289|225|515
1|290|225|516
1|290|226|517
1|291|226|518
1|291|227|519
1|292|227|520
1|292|228|521
1|293|228|522
1|293|229|523
1|294|229|524
1|294|230|525
1|295|230|526
1|295|231|527
1|296|231|528
1|296|232|529
1|297|232|530
1|297|233|531
1|298|233|532
1|298|234|533
1|299|234|534
1|299|235|535
1|300|235|536
1|300|236|537
1|301|236|538
1|301|237|539
1|302|237|540
1|302|238|541
1|303|238|542
1|303|239|543
1|304|239|544
1|304|240|545
1|305|240|546
1|305|241|547
1|306|241|548
1|306|242|549
1|307|242|550
1|307|243|551
1|308|243|552
1|308|244|553
1|309|244|554
1|309|245|555
1|310|245|556
1|310|246|557
1|311|246|558
1|311|247|559
1|312|247|560
1|312|248|561
1|313|248|562
1|313|249|563
1|314|249|564
1|314|250|565
1|315|250|566
1|315|251|567
1|316|251|568
1|316|252|569
1|317|252|570
1|317|253|571
1|318|253|572
1|318|254|573
1|319|254|574
1|319|255|575
1|320|255|576
1|320|256|577
1|321|256|578
1|321|257|579
1|322|257|580
1|322|258|581
1|323|258|582
1|323|259|583
1|324|259|584
1|324|260|585
1|325|260|586
1|325|261|587
1|326|261|588
1|326|262|589
1|327|262|590
1|327|263|591
1|328|263|592
1|328|264|593
1|329|264|594
1|329|265|595
1|330|265|596
1|330|266|597
1|331|266|598
1|332|266|599
1|333|266|600
1|333|267|601
1|334|267|602
1|335|267|603
1|336|267|604
1|336|268|605
1|337|268|606
1|337|269|607
1|338|269|608
1|338|270|609
1|339|270|610
1|339|271|611
1|340|271|612
1|340|272|613
1|341|272|614
1|341|273|615
1|342|273|616
1|342|274|617
1|343|274|618
1|343|275|619
1|344|275|620
1|344|276|621
1|345|276|622
1|345|277|623
1|346|277|624
1|346|278|625
1|347|278|626
1|347|279|627
1|348|279|628
1|348|280|629
1|349|280|630
1|349|281|631
1|350|281|632
1|350|282|633
1|351|282|634
1|352|282|635
1|353|282|636
1|354|282|637
1|355|282|638
1|355|283|639
1|356|283|640
1|356|284|641
1|357|284|642
1|357|285|643
1|358|285|644
1|358|286|645
1|359|286|646
1|359|287|647
1|360|287|648
1|360|288|649
1|361|288|650
1|361|289|651
1|362|289|652
1|362|290|653
1|363|290|654
1|363|291|655
1|364|291|656
1|364|292|657
1|365|292|658
1|365|293|659
1|366|293|660
1|366|294|661
1|367|294|662
1|367|295|663
1|368|295|664
1|368|296|665
1|369|296|666
1|369|297|667
1|370|297|668
1|370|298|669
1|371|298|670
1|371|299|671
1|372|299|672
1|372|300|673
1|373|300|674
1|373|301|675
1|374|301|676
1|374|302|677
1|375|302|678
1|375|303|679
1|376|303|680
1|376|304|681
1|377|304|682
1|377|305|683
1|378|305|684
1|378|306|685
1|379|306|686
1|379|307|687
1|380|307|688
1|380|308|689
1|381|308|690
1|381|309|691
1|382|309|692
1|382|310|693
1|383|310|694
1|383|311|695
1|384|311|696
1|384|312|697
1|385|312|698
1|385|313|699
1|386|313|700
1|386|314|701
1|387|314|702
1|387|315|703
1|388|315|704
1|388|316|705
1|389|316|706
1|390|316|707
1|391|316|708
1|392|316|709
1|393|316|710
1|393|317|711
1|394|317|712
1|394|318|713
1|395|318|714
1|395|319|715
1|396|319|716
1|396|320|717
1|397|320|718
1|397|321|719
1|398|321|720
1|398|322|721
1|399|322|722
1|399|323|723
1|400|323|724
1|401|323|725
1|402|323|726
1|402|324|727
1|403|324|728
1|403|325|729
1|404|325|730
1|404|326|731
1|405|326|732
1|405|327|733
1|406|327|734
1|406|328|735
1|407|328|736
1|407|329|737
1|408|329|738
1|408|330|739
1|409|330|740
1|410|330|741
1|411|330|742
1|411|331|743
1|412|331|744
1|412|332|745
1|413|332|746
1|413|333|747
1|414|333|748
1|415|333|749
1|416|333|750
1|417|333|751
1|418|333|752
1|419|333|753
1|420|333|754
1|421|333|755
1|422|333|756
1|423|333|757
1|424|333|758
1|425|333|759
1|426|333|760
1|427|333|761
1|428|333|762
1|429|333|763
1|430|333|764
1|431|333|765
1|432|333|766
1|433|333|767
1|434|333|768
1|435|333|769
1|436|333|770
1|437|333|771
1|438|333|772
1|439|333|773
1|440|333|774
1|441|333|775
1|442|333|776
1|443|333|777
1|444|333|778
1|445|333|779
1|446|333|780
1|447|333|781
1|448|333|782
1|449|333|783
1|450|333|784
1|450|334|785
1|451|334|786
1|451|335|787
1|452|335|788
1|452|336|789
1|453|336|790
1|453|337|791
1|454|337|792
1|454|338|793
1|455|338|794
1|455|339|795
1|456|339|796
1|456|340|797
1|457|340|798
1|457|341|799
1|458|341|800
1|458|342|801
1|459|342|802
1|459|343|803
1|460|343|804
1|460|344|805
1|461|344|806
1|461|345|807
1|462|345|808
1|462|346|809
1|463|346|810
1|463|347|811
1|464|347|812
1|464|348|813
1|465|348|814
1|465|349|815
1|466|349|816
1|466|350|817
1|467|350|818
1|467|351|819
1|468|351|820
1|468|352|821
1|469|352|822
1|469|353|823
1|470|353|824
1|470|354|825
1|471|354|826
1|471|355|827
1|472|355|828
1|472|356|829
1|473|356|830
1|473|357|831
1|474|357|832
1|474|358|833
1|475|358|834
1|475|359|835
1|476|359|836
1|476|360|837
1|477|360|838
1|477|361|839
1|478|361|840
1|478|362|841
1|479|362|842
1|479|363|843
1|480|363|844
1|480|364|845
1|481|364|846
1|481|365|847
1|482|365|848
1|483|365|849
1|484|365|850
1|484|366|851
1|485|366|852
1|485|367|853
1|486|367|854
1|486|368|855
1|487|368|856
1|487|369|857
1|488|369|858
1|488|370|859
1|489|370|860
1|489|371|861
1|490|371|862
1|490|372|863
1|491|372|864
1|491|373|865
1|492|373|866
1|492|374|867
1|493|374|868
1|493|375|869
1|494|375|870
1|494|376|871
1|495|376|872
1|495|377|873
1|496|377|874
1|496|378|875
1|497|378|876
1|497|379|877
1|498|379|878
1|498|380|879
1|499|380|880
1|499|381|881
1|500|381|882
1|500|382|883
1|501|382|884
1|501|383|885
1|502|383|886
1|503|383|887
1|504|383|888
1|504|384|889
1|505|384|890
1|505|385|891
1|506|385|892
1|506|386|893
1|507|386|894
1|507|387|895
1|508|387|896
1|508|388|897
1|509|388|898
1|509|389|899
1|510|389|900
1|510|390|901
1|511|390|902
1|511|391|903
1|512|391|904
1|512|392|905
1|513|392|906
1|513|393|907
1|514|393|908
1|514|394|909
1|515|394|910
1|515|395|911
1|516|395|912
1|516|396|913
1|517|396|914
1|517|397|915
1|518|397|916
1|518|398|917
1|519|398|918
1|519|399|919
1|520|399|920
1|520|400|921
1|521|400|922
1|522|400|923
1|523|400|924
1|523|401|925
1|524|401|926
1|524|402|927
1|525|402|928
1|525|403|929
1|526|403|930
1|526|404|931
1|527|404|932
1|527|405|933
1|528|405|934
1|528|406|935
1|529|406|936
1|529|407|937
1|530|407|938
1|530|408|939
1|531|408|940
1|531|409|941
1|532|409|942
1|532|410|943
1|533|410|944
1|533|411|945
1|534|411|946
1|534|412|947
1|535|412|948
1|535|413|949
1|536|413|950
1|536|414|951
1|537|414|952
1|537|415|953
1|538|415|954
1|538|416|955
1|539|416|956
1|539|417|957
1|540|417|958
1|540|418|959
1|541|418|960
1|541|419|961
1|542|419|962
1|542|420|963
1|543|420|964
1|543|421|965
1|544|421|966
1|544|422|967
1|545|422|968
1|545|423|969
1|546|423|970
1|546|424|971
1|547|424|972
1|547|425|973
1|548|425|974
1|548|426|975
1|549|426|976
1|549|427|977
1|550|427|978
1|550|428|979
1|551|428|980
1|551|429|981
1|552|429|982
1|552|430|983
1|553|430|984
1|553|431|985
1|554|431|986
1|554|432|987
1|555|432|988
1|555|433|989
1|556|433|990
1|556|434|991
1|557|434|992
1|558|434|993
2|558|434|994
2|558|435|995
2|559|435|996
2|559|436|997
2|560|436|998
2|560|437|999
2|561|437|1000
2|561|438|1001
2|562|438|1002
2|562|439|1003
2|563|439|1004
2|563|440|1005
2|564|440|1006
2|564|441|1007
2|565|441|1008
2|565|442|1009
2|566|442|1010
2|566|443|1011
2|567|443|1012
2|567|444|1013
2|568|444|1014
2|568|445|1015
2|569|445|1016
2|569|446|1017
2|570|446|1018
2|570|447|1019
2|571|447|1020
2|571|448|1021
2|572|448|1022
2|572|449|1023
2|573|449|1024
2|573|450|1025
2|574|450|1026
2|574|451|1027
2|575|451|1028
2|575|452|1029
2|576|452|1030
2|576|453|1031
2|577|453|1032
2|578|453|1033
2|579|453|1034
2|579|454|1035
2|580|454|1036
2|580|455|1037
2|581|455|1038
2|581|456|1039
2|582|456|1040
2|582|457|1041
2|583|457|1042
2|583|458|1043
2|584|458|1044
2|584|459|1045
2|585|459|1046
2|585|460|1047
2|586|460|1048
2|586|461|1049
2|587|461|1050
2|587|462|1051
2|588|462|1052
2|588|463|1053
2|589|463|1054
2|589|464|1055
2|590|464|1056
2|590|465|1057
2|591|465|1058
2|591|466|1059
2|592|466|1060
2|592|467|1061
2|593|467|1062
2|593|468|1063
2|594|468|1064
2|594|469|1065
2|595|469|1066
2|596|469|1067
2|597|469|1068
2|598|469|1069
2|599|469|1070
2|599|470|1071
2|600|470|1072
2|600|471|1073
2|601|471|1074
2|601|472|1075
2|602|472|1076
2|602|473|1077
2|603|473|1078
2|603|474|1079
2|604|474|1080
2|604|475|1081
2|605|475|1082
2|605|476|1083
2|606|476|1084
2|606|477|1085
2|607|477|1086
2|607|478|1087
2|608|478|1088
2|608|479|1089
2|609|479|1090
2|609|480|1091
2|610|480|1092
2|610|481|1093
2|611|481|1094
2|611|482|1095
2|612|482|1096
2|612|483|1097
2|613|483|1098
2|613|484|1099
2|614|484|1100
2|614|485|1101
2|615|485|1102
2|615|486|1103
2|616|486|1104
2|616|487|1105
2|617|487|1106
2|617|488|1107
2|618|488|1108
2|618|489|1109
2|619|489|1110
2|619|490|1111
2|620|490|1112
2|620|491|1113
2|621|491|1114
2|621|492|1115
2|622|492|1116
2|622|493|1117
2|623|493|1118
2|623|494|1119
2|624|494|1120
2|624|495|1121
2|625|495|1122
2|625|496|1123
2|626|496|1124
2|626|497|1125
2|627|497|1126
2|627|498|1127
2|628|498|1128
2|628|499|1129
2|629|499|1130
2|629|500|1131
2|630|500|1132
2|630|501|1133
2|631|501|1134
2|631|502|1135
2|632|502|1136
2|632|503|1137
2|633|503|1138
2|634|503|1139
2|635|503|1140
2|635|504|1141
2|636|504|1142
2|636|505|1143
2|637|505|1144
2|637|506|1145
2|638|506|1146
2|638|507|1147
2|639|507|1148
2|639|508|1149
2|640|508|1150
2|640|509|1151
2|641|509|1152
2|641|510|1153
2|642|510|1154
2|642|511|1155
2|643|511|1156
2|643|512|1157
2|644|512|1158
2|644|513|1159
2|645|513|1160
2|645|514|1161
2|646|514|1162
2|646|515|1163
2|647|515|1164
2|647|516|1165
2|648|516|1166
2|648|517|1167
2|649|517|1168
2|649|518|1169
2|650|518|1170
2|650|519|1171
2|651|519|1172
2|652|519|1173
2|653|519|1174
2|653|520|1175
2|654|520|1176
2|655|520|1177
2|656|520|1178
2|656|521|1179
2|657|521|1180
2|657|522|1181
2|658|522|1182
2|658|523|1183
2|659|523|1184
2|659|524|1185
2|660|524|1186
2|660|525|1187
2|661|525|1188
2|661|526|1189
2|662|526|1190
2|662|527|1191
2|663|527|1192
2|663|528|1193
2|664|528|1194
2|664|529|1195
2|665|529|1196
2|665|530|1197
2|666|530|1198
2|666|531|1199
2|667|531|1200
2|667|532|1201
2|668|532|1202
2|668|533|1203
2|669|533|1204
2|669|534|1205
2|670|534|1206
2|670|535|1207
2|671|535|1208
2|671|536|1209
2|672|536|1210
2|672|537|1211
2|673|537|1212
2|673|538|1213
2|674|538|1214
2|674|539|1215
2|675|539|1216
2|675|540|1217
2|676|540|1218
2|676|541|1219
2|677|541|1220
2|677|542|1221
2|678|542|1222
2|678|543|1223
2|679|543|1224
2|679|544|1225
2|680|544|1226
2|680|545|1227
2|681|545|1228
2|681|546|1229
2|682|546|1230
2|682|547|1231
2|683|547|1232
2|683|548|1233
2|684|548|1234
2|684|549|1235
2|685|549|1236
2|685|550|1237
2|686|550|1238
2|686|551|1239
2|687|551|1240
2|687|552|1241
2|688|552|1242
2|688|553|1243
2|689|553|1244
2|689|554|1245
2|690|554|1246
2|690|555|1247
2|691|555|1248
2|691|556|1249
2|692|556|1250
2|692|557|1251
2|693|557|1252
2|693|558|1253
2|694|558|1254
2|694|559|1255
2|695|559|1256
2|695|560|1257
2|696|560|1258
2|696|561|1259
2|697|561|1260
2|697|562|1261
2|698|562|1262
2|698|563|1263
2|699|563|1264
2|699|564|1265
2|700|564|1266
2|700|565|1267
2|701|565|1268
2|701|566|1269
2|702|566|1270
2|702|567|1271
2|703|567|1272
2|703|568|1273
2|704|568|1274
2|704|569|1275
2|705|569|1276
2|705|570|1277
2|706|570|1278
2|706|571|1279
2|707|571|1280
2|707|572|1281
2|708|572|1282
2|708|573|1283
2|709|573|1284
2|710|573|1285
2|711|573|1286
2|711|574|1287
2|712|574|1288
2|712|575|1289
2|713|575|1290
2|713|576|1291
2|714|576|1292
2|714|577|1293
2|715|577|1294
2|715|578|1295
2|716|578|1296
2|716|579|1297
2|717|579|1298
2|717|580|1299
2|718|580|1300
2|718|581|1301
2|719|581|1302
2|719|582|1303
2|720|582|1304
2|720|583|1305
2|721|583|1306
2|721|584|1307
2|722|584|1308
2|722|585|1309
2|723|585|1310
2|723|586|1311
2|724|586|1312
2|724|587|1313
2|725|587|1314
2|725|588|1315
2|726|588|1316
2|727|588|1317
2|728|588|1318
2|728|589|1319
2|729|589|1320
2|729|590|1321
2|730|590|1322
2|730|591|1323
2|731|591|1324
2|731|592|1325
2|732|592|1326
2|732|593|1327
2|733|593|1328
2|733|594|1329
2|734|594|1330
2|734|595|1331
2|735|595|1332
2|735|596|1333
2|736|596|1334
2|736|597|1335
2|737|597|1336
2|737|598|1337
2|738|598|1338
2|738|599|1339
2|739|599|1340
2|739|600|1341
2|740|600|1342
2|740|601|1343
2|741|601|1344
2|741|602|1345
2|742|602|1346
2|742|603|1347
2|743|603|1348
2|743|604|1349
2|744|604|1350
2|744|605|1351
2|745|605|1352
2|745|606|1353
2|746|606|1354
2|746|607|1355
2|747|607|1356
2|747|608|1357
2|748|608|1358
2|748|609|1359
2|749|609|1360
2|749|610|1361
2|750|610|1362
2|750|611|1363
2|751|611|1364
2|751|612|1365
2|752|612|1366
2|752|613|1367
2|753|613|1368
2|753|614|1369
2|754|614|1370
2|754|615|1371
2|755|615|1372
2|755|616|1373
2|756|616|1374
2|756|617|1375
2|757|617|1376
2|757|618|1377
2|758|618|1378
2|758|619|1379
2|759|619|1380
2|759|620|1381
2|760|620|1382
2|760|621|1383
2|761|621|1384
2|761|622|1385
2|762|622|1386
2|762|623|1387
2|763|623|1388
2|763|624|1389
2|764|624|1390
2|765|624|1391
2|766|624|1392
2|766|625|1393
2|767|625|1394
2|767|626|1395
2|768|626|1396
2|769|626|1397
2|770|626|1398
2|771|626|1399
2|772|626|1400
2|772|627|1401
2|773|627|1402
2|773|628|1403
2|774|628|1404
2|774|629|1405
2|775|629|1406
2|775|630|1407
2|776|630|1408
2|776|631|1409
2|777|631|1410
2|777|632|1411
2|778|632|1412
2|778|633|1413
2|779|633|1414
2|779|634|1415
2|780|634|1416
2|780|635|1417
2|781|635|1418
2|781|636|1419
2|782|636|1420
2|782|637|1421
2|783|637|1422
2|783|638|1423
2|784|638|1424
2|784|639|1425
2|785|639|1426
2|785|640|1427
2|786|640|1428
2|786|641|1429
2|787|641|1430
2|787|642|1431
2|788|642|1432
2|789|642|1433
2|790|642|1434
2|791|642|1435
2|792|642|1436
2|793|642|1437
2|794|642|1438
2|795|642|1439
2|796|642|1440
2|797|642|1441
2|798|642|1442
2|799|642|1443
2|800|642|1444
2|801|642|1445
2|802|642|1446
2|803|642|1447
2|804|642|1448
2|805|642|1449
2|806|642|1450
2|807|642|1451
2|808|642|1452
2|809|642|1453
2|810|642|1454
2|811|642|1455
2|812|642|1456
2|813|642|1457
2|814|642|1458
2|815|642|1459
2|816|642|1460
2|817|642|1461
2|818|642|1462
2|819|642|1463
2|820|642|1464
2|821|642|1465
2|822|642|1466
2|823|642|1467
2|824|642|1468
2|824|643|1469
2|825|643|1470
2|825|644|1471
2|826|644|1472
2|826|645|1473
2|827|645|1474
2|827|646|1475
2|828|646|1476
2|828|647|1477
2|829|647|1478
2|829|648|1479
2|830|648|1480
2|830|649|1481
2|831|649|1482
2|831|650|1483
2|832|650|1484
2|832|651|1485
2|833|651|1486
2|833|652|1487
2|834|652|1488
2|834|653|1489
2|835|653|1490
2|835|654|1491
2|836|654|1492
2|836|655|1493
2|837|655|1494
2|837|656|1495
2|838|656|1496
2|838|657|1497
2|839|657|1498
2|839|658|1499
2|840|658|1500
2|840|659|1501
2|841|659|1502
2|841|660|1503
2|842|660|1504
2|842|661|1505
2|843|661|1506
2|843|662|1507
2|844|662|1508
2|844|663|1509
2|845|663|1510
2|845|664|1511
2|846|664|1512
2|846|665|1513
2|847|665|1514
2|847|666|1515
2|848|666|1516
2|848|667|1517
2|849|667|1518
2|849|668|1519
2|850|668|1520
2|850|669|1521
2|851|669|1522
2|851|670|1523
2|852|670|1524
2|852|671|1525
2|853|671|1526
2|853|672|1527
2|854|672|1528
2|854|673|1529
2|855|673|1530
2|855|674|1531
2|856|674|1532
2|856|675|1533
2|857|675|1534
2|857|676|1535
2|858|676|1536
2|859|676|1537
2|860|676|1538
2|860|677|1539
2|861|677|1540
2|862|677|1541
2|863|677|1542
2|863|678|1543
2|864|678|1544
2|864|679|1545
2|865|679|1546
2|865|680|1547
2|866|680|1548
2|867|680|1549
2|868|680|1550
2|868|681|1551
2|869|681|1552
2|869|682|1553
2|870|682|1554
2|871|682|1555
2|872|682|1556
2|872|683|1557
2|873|683|1558
2|873|684|1559
2|874|684|1560
2|874|685|1561
2|875|685|1562
2|876|685|1563
2|877|685|1564
2|877|686|1565
2|878|686|1566
2|878|687|1567
2|879|687|1568
2|879|688|1569
2|880|688|1570
2|881|688|1571
2|882|688|1572
2|882|689|1573
2|883|689|1574
2|883|690|1575
2|884|690|1576
2|885|690|1577
2|886|690|1578
2|886|691|1579
2|887|691|1580
2|887|692|1581
2|888|692|1582
2|888|693|1583
3|888|693|1584
3|888|694|1585
3|889|694|1586
3|889|695|1587
3|890|695|1588
3|890|696|1589
3|891|696|1590
3|891|697|1591
4|891|697|1592
4|891|698|1593
4|892|698|1594
4|892|699|1595
4|893|699|1596
4|893|700|1597
4|894|700|1598
4|894|701|1599
4|895|701|1600
4|895|702|1601
4|896|702|1602
4|896|703|1603
4|897|703|1604
4|897|704|1605
4|898|704|1606
4|898|705|1607
4|899|705|1608
4|899|706|1609
4|900|706|1610
4|900|707|1611
4|901|707|1612
4|901|708|1613
4|902|708|1614
4|902|709|1615
4|903|709|1616
4|903|710|1617
4|904|710|1618
4|904|711|1619
4|905|711|1620
4|905|712|1621
4|906|712|1622
4|906|713|1623
4|907|713|1624
4|907|714|1625
4|908|714|1626
4|908|715|1627
4|909|715|1628
4|909|716|1629
4|910|716|1630
4|910|717|1631
4|911|717|1632
4|911|718|1633
4|912|718|1634
4|912|719|1635
4|913|719|1636
4|913|720|1637
4|914|720|1638
4|914|721|1639
4|915|721|1640
4|915|722|1641
4|916|722|1642
4|916|723|1643
4|917|723|1644
4|917|724|1645
4|918|724|1646
4|918|725|1647
4|919|725|1648
4|919|726|1649
4|920|726|1650
4|920|727|1651
4|921|727|1652
4|921|728|1653
4|922|728|1654
4|922|729|1655
4|923|729|1656
4|923|730|1657
4|924|730|1658
4|924|731|1659
4|925|731|1660
4|925|732|1661
4|926|732|1662
4|926|733|1663
4|927|733|1664
4|927|734|1665
4|928|734|1666
4|928|735|1667
4|929|735|1668
4|929|736|1669
4|930|736|1670
4|930|737|1671
4|931|737|1672
4|931|738|1673
4|932|738|1674
4|932|739|1675
4|933|739|1676
4|933|740|1677
4|934|740|1678
4|934|741|1679
4|935|741|1680
4|935|742|1681
4|936|742|1682
4|936|743|1683
4|937|743|1684
4|937|744|1685
4|938|744|1686
4|939|744|1687
4|940|744|1688
4|940|745|1689
4|941|745|1690
4|941|746|1691
4|942|746|1692
4|942|747|1693
4|943|747|1694
4|943|748|1695
4|944|748|1696
4|945|748|1697
4|946|748|1698
4|946|749|1699
4|947|749|1700
4|947|750|1701
4|948|750|1702
4|948|751|1703
4|949|751|1704
4|950|751|1705
4|951|751|1706
4|952|751|1707
4|953|751|1708
4|953|752|1709
4|954|752|1710
4|954|753|1711
4|955|753|1712
4|956|753|1713
4|957|753|1714
4|958|753|1715
4|959|753|1716
4|960|753|1717
4|961|753|1718
4|961|754|1719
4|962|754|1720
4|962|755|1721
4|963|755|1722
4|963|756|1723
4|964|756|1724
4|964|757|1725
4|965|757|1726
4|965|758|1727
4|966|758|1728
4|966|759|1729
4|967|759|1730
4|967|760|1731
4|968|760|1732
4|969|760|1733
4|970|760|1734
4|971|760|1735
4|972|760|1736
4|972|761|1737
4|973|761|1738
4|973|762|1739
4|974|762|1740
4|974|763|1741
4|975|763|1742
4|975|764|1743
4|976|764|1744
4|976|765|1745
4|977|765|1746
4|978|765|1747
4|979|765|1748
4|979|766|1749
4|980|766|1750
4|980|767|1751
4|981|767|1752
4|981|768|1753
4|982|768|1754
4|982|769|1755
4|983|769|1756
4|983|770|1757
4|984|770|1758
4|984|771|1759
4|985|771|1760
4|985|772|1761
4|986|772|1762
4|986|773|1763
4|987|773|1764
4|987|774|1765
4|988|774|1766
4|988|775|1767
4|989|775|1768
4|989|776|1769
4|990|776|1770
4|990|777|1771
4|991|777|1772
4|991|778|1773
4|992|778|1774
4|992|779|1775
4|993|779|1776
4|993|780|1777
4|994|780|1778
4|994|781|1779
4|995|781|1780
4|995|782|1781
4|996|782|1782
4|996|783|1783
4|997|783|1784
4|998|784|1786
4|999|784|1787
4|999|785|1788
4|1000|785|1789
4|1000|786|1790
4|1001|786|1791
4|1001|787|1792
4|1002|787|1793
4|1002|788|1794
4|1003|788|1795
4|1003|789|1796
4|1004|789|1797
4|1004|790|1798
4|1005|790|1799
4|1005|791|1800
4|1006|791|1801
4|1007|791|1802
4|1008|791|1803
4|1008|792|1804
4|1009|792|1805
4|1009|793|1806
4|1010|793|1807
4|1010|794|1808
4|1011|794|1809
4|1011|795|1810
4|1012|795|1811
4|1012|796|1812
4|1013|796|1813
4|1014|796|1814
4|1015|796|1815
4|1016|796|1816
4|1017|796|1817
4|1017|797|1818
4|1018|797|1819
4|1018|798|1820
5|1018|798|1821
5|1018|799|1822
5|1019|799|1823
5|1019|800|1824
5|1020|800|1825
5|1020|801|1826
5|1021|801|1827
5|1022|801|1828
5|1023|801|1829
5|1023|802|1830
5|1024|802|1831
5|1025|802|1832
5|1026|802|1833
5|1026|803|1834
5|1027|803|1835
5|1027|804|1836
5|1028|804|1837
5|1029|804|1838
5|1030|804|1839
5|1030|805|1840
5|1031|805|1841
5|1031|806|1842
5|1032|806|1843
5|1033|806|1844
5|1034|806|1845
5|1034|807|1846
5|1035|807|1847
5|1035|808|1848
5|1036|808|1849
5|1036|809|1850
5|1037|809|1851
5|1037|810|1852
5|1038|810|1853
5|1038|811|1854
5|1039|811|1855
5|1040|811|1856
5|1041|811|1857
5|1042|811|1858
5|1043|811|1859
5|1044|811|1860
5|1045|811|1861
5|1045|812|1862
5|1046|812|1863
5|1046|813|1864
5|1047|813|1865
5|1047|814|1866
5|1048|814|1867
5|1048|815|1868
5|1049|815|1869
5|1049|816|1870
5|1050|816|1871
5|1050|817|1872
5|1051|817|1873
5|1051|818|1874
5|1052|818|1875
5|1052|819|1876
5|1053|819|1877
5|1053|820|1878
5|1054|820|1879
5|1054|821|1880
5|1055|821|1881
5|1055|822|1882
5|1056|822|1883
5|1056|823|1884
5|1057|823|1885
5|1057|824|1886
5|1058|824|1887
5|1058|825|1888
5|1059|825|1889
5|1059|826|1890
5|1060|826|1891
5|1060|827|1892
5|1061|827|1893
5|1061|828|1894
5|1062|828|1895
5|1062|829|1896
5|1063|829|1897
5|1063|830|1898
5|1064|830|1899
5|1064|831|1900
5|1065|831|1901
5|1065|832|1902
5|1066|832|1903
5|1066|833|1904
5|1067|833|1905
5|1067|834|1906
5|1068|834|1907
5|1068|835|1908
5|1069|835|1909
5|1069|836|1910
5|1070|836|1911
5|1070|837|1912
5|1071|837|1913
5|1071|838|1914
5|1072|838|1915
5|1072|839|1916
5|1073|839|1917
5|1073|840|1918
5|1074|840|1919
5|1074|841|1920
5|1075|841|1921
5|1075|842|1922
5|1076|842|1923
5|1076|843|1924
5|1077|843|1925
5|1077|844|1926
5|1078|844|1927
5|1078|845|1928
5|1079|845|1929
5|1079|846|1930
5|1080|846|1931
5|1080|847|1932
5|1081|847|1933
5|1081|848|1934
5|1082|848|1935
5|1082|849|1936
5|1083|849|1937
5|1083|850|1938
6|1083|850|1939
6|1084|850|1940
6|1085|850|1941
6|1085|851|1942
6|1086|851|1943
6|1086|852|1944
6|1087|852|1945
6|1087|853|1946
6|1088|853|1947
6|1089|853|1948
6|1090|853|1949
6|1090|854|1950
7|1090|854|1951
7|1091|854|1952
7|1092|854|1953
7|1093|854|1954
7|1094|854|1955
7|1094|855|1956
7|1095|855|1957
7|1095|856|1958
7|1096|856|1959
7|1097|856|1960
7|1098|856|1961
7|1098|857|1962
7|1099|857|1963
7|1099|858|1964
7|1100|858|1965
7|1100|859|1966
7|1101|859|1967
7|1102|859|1968
7|1103|859|1969
7|1104|859|1970
7|1105|859|1971
7|1105|860|1972
7|1106|860|1973
7|1107|860|1974
8|1107|860|1975
8|1107|861|1976
8|1108|861|1977
8|1108|862|1978
8|1109|862|1979
8|1109|863|1980
8|1110|863|1981
8|1111|863|1982
8|1112|863|1983
8|1112|864|1984
8|1113|864|1985
8|1113|865|1986
9|1113|865|1987
9|1114|865|1988
9|1115|865|1989
9|1116|865|1990
9|1117|865|1991
9|1117|866|1992
9|1118|866|1993
9|1118|867|1994
9|1119|867|1995
9|1120|867|1996
9|1121|867|1997
9|1121|868|1998
9|1122|868|1999
9|1123|868|2000
