total
0|0|1|1
0|1|1|2
0|1|2|3
0|1|3|4
0|1|4|5
0|1|5|6
1|1|5|7
1|1|6|8
2|1|6|9
2|1|7|10
2|1|8|11
2|2|8|12
3|2|8|13
3|2|9|14
4|2|9|15
4|2|10|16
5|2|10|17
5|2|11|18
5|2|12|19
5|2|13|20
6|2|13|21
6|2|14|22
7|2|14|23
7|3|14|24
8|3|14|25
8|4|14|26
8|4|15|27
8|4|16|28
8|4|17|29
8|5|17|30
8|5|18|31
8|6|18|32
8|6|19|33
8|7|19|34
8|7|20|35
8|8|20|36
8|8|21|37
8|9|21|38
8|9|22|39
8|10|22|40
8|10|23|41
8|11|23|42
8|11|24|43
8|12|24|44
8|12|25|45
8|13|25|46
8|13|26|47
8|14|26|48
8|14|27|49
8|15|27|50
8|15|28|51
8|16|28|52
8|16|29|53
8|17|29|54
8|17|30|55
8|18|30|56
8|18|31|57
8|19|31|58
8|19|32|59
8|20|32|60
8|21|33|62
8|22|33|63
8|22|34|64
8|22|35|65
8|22|36|66
8|23|36|67
8|23|37|68
8|23|38|69
8|23|39|70
8|24|39|71
8|24|40|72
8|25|40|73
8|25|41|74
8|26|41|75
8|26|42|76
8|27|42|77
8|27|43|78
8|28|43|79
8|28|44|80
8|29|44|81
8|29|45|82
8|30|45|83
8|30|46|84
8|30|47|85
8|30|48|86
8|31|48|87
8|31|49|88
8|31|50|89
8|31|51|90
8|32|51|91
8|32|52|92
8|33|52|93
8|33|53|94
8|34|53|95
8|34|54|96
8|35|54|97
8|35|55|98
8|36|55|99
8|36|56|100
8|37|56|101
8|37|57|102
8|38|57|103
8|38|58|104
8|39|58|105
8|39|59|106
8|40|59|107
8|40|60|108
8|41|60|109
8|41|61|110
8|42|61|111
8|42|62|112
8|43|62|113
8|43|63|114
8|44|63|115
8|44|64|116
8|45|64|117
8|45|65|118
8|46|65|119
8|46|66|120
8|47|66|121
8|47|67|122
8|48|67|123
8|48|68|124
8|49|68|125
8|49|69|126
8|50|69|127
8|50|70|128
8|51|70|129
8|51|71|130
8|52|71|131
8|53|71|132
8|54|71|133
8|54|72|134
8|55|72|135
8|55|73|136
8|55|74|137
9|55|74|138
9|55|75|139
10|55|75|140
10|55|76|141
10|55|77|142
10|55|78|143
11|55|78|144
11|55|79|145
12|55|79|146
12|55|80|147
13|55|80|148
13|55|81|149
14|55|81|150
14|55|82|151
15|55|82|152
15|55|83|153
16|55|83|154
16|55|84|155
16|55|85|156
16|55|86|157
17|55|86|158
17|55|87|159
18|55|87|160
18|55|88|161
19|55|88|162
19|55|89|163
19|55|90|164
19|55|91|165
20|55|91|166
20|55|92|167
21|55|92|168
21|55|93|169
21|55|94|170
21|55|95|171
22|55|95|172
22|56|95|173
22|56|96|174
22|57|96|175
22|57|97|176
22|58|97|177
22|58|98|178
22|59|98|179
22|59|99|180
22|60|99|181
22|60|100|182
22|61|100|183
22|61|101|184
22|62|101|185
22|62|102|186
22|63|102|187
22|63|103|188
22|64|103|189
22|64|104|190
22|65|104|191
22|65|105|192
22|66|105|193
22|66|106|194
22|67|106|195
22|67|107|196
22|68|107|197
22|68|108|198
22|69|108|199
22|69|109|200
22|70|109|201
22|70|110|202
22|71|110|203
22|71|111|204
22|72|111|205
22|72|112|206
22|73|112|207
22|73|113|208
22|73|114|209
22|73|115|210
22|74|115|211
22|74|116|212
22|74|117|213
22|74|118|214
22|75|118|215
22|75|119|216
22|76|119|217
22|76|120|218
22|76|121|219
22|76|122|220
22|77|122|221
22|77|123|222
22|77|124|223
22|77|125|224
22|78|125|225
22|78|126|226
22|79|126|227
22|79|127|228
22|80|127|229
22|80|128|230
22|81|128|231
22|81|129|232
22|81|130|233
22|81|131|234
22|82|131|235
22|82|132|236
22|83|132|237
22|83|133|238
22|84|133|239
22|84|134|240
22|84|135|241
22|84|136|242
22|84|137|243
22|84|138|244
22|85|138|245
22|85|139|246
22|86|139|247
22|86|140|248
22|87|140|249
22|87|141|250
22|88|141|251
22|88|142|252
22|89|142|253
22|89|143|254
22|90|143|255
22|90|144|256
22|91|144|257
22|91|145|258
22|92|145|259
22|92|146|260
22|93|146|261
22|93|147|262
22|94|147|263
22|94|148|264
22|95|148|265
22|95|149|266
22|96|149|267
22|96|150|268
22|97|150|269
22|97|151|270
22|98|151|271
22|98|152|272
22|99|152|273
22|99|153|274
22|100|153|275
22|100|154|276
22|101|154|277
22|101|155|278
22|102|155|279
22|102|156|280
22|102|157|281
22|102|158|282
22|103|158|283
23|103|158|284
23|104|158|285
23|104|159|286
23|104|160|287
23|104|161|288
23|105|161|289
23|105|162|290
23|105|163|291
23|105|164|292
23|105|165|293
23|105|166|294
23|105|167|295
23|105|168|296
23|106|168|297
23|106|169|298
23|106|170|299
24|106|170|300
24|107|170|301
24|107|171|302
24|107|172|303
24|107|173|304
24|107|174|305
24|107|175|306
24|108|175|307
24|108|176|308
24|108|177|309
24|108|178|310
24|108|179|311
24|108|180|312
24|108|181|313
25|108|181|314
25|108|182|315
26|108|182|316
26|109|182|317
26|109|183|318
26|110|183|319
26|110|184|320
26|111|184|321
26|111|185|322
26|112|185|323
26|112|186|324
26|113|186|325
26|113|187|326
26|114|187|327
26|114|188|328
26|115|188|329
26|115|189|330
26|116|189|331
26|116|190|332
26|117|190|333
26|117|191|334
26|118|191|335
26|118|192|336
26|119|192|337
26|119|193|338
26|120|193|339
26|120|194|340
26|121|194|341
26|121|195|342
26|122|195|343
26|122|196|344
26|123|196|345
26|123|197|346
26|124|197|347
26|124|198|348
26|125|198|349
26|125|199|350
26|126|199|351
26|126|200|352
26|126|201|353
26|126|202|354
26|127|202|355
26|127|203|356
26|128|203|357
26|128|204|358
26|129|204|359
26|129|205|360
26|130|205|361
26|130|206|362
26|130|207|363
27|130|207|364
27|131|207|365
27|131|208|366
27|131|209|367
27|131|210|368
27|132|210|369
27|132|211|370
27|132|212|371
28|132|212|372
28|133|212|373
28|133|213|374
28|133|214|375
28|133|215|376
28|134|215|377
28|134|216|378
28|134|217|379
28|134|218|380
28|135|218|381
28|135|219|382
28|136|219|383
28|136|220|384
28|137|220|385
28|137|221|386
28|137|222|387
28|137|223|388
28|137|224|389
28|137|225|390
28|137|226|391
28|137|227|392
28|137|228|393
28|137|229|394
28|137|230|395
28|137|231|396
28|137|232|397
28|137|233|398
28|137|234|399
28|137|235|400
28|137|236|401
28|137|237|402
28|137|238|403
28|137|239|404
28|137|240|405
28|137|241|406
28|137|242|407
28|137|243|408
28|137|244|409
28|137|245|410
28|137|246|411
28|137|247|412
28|137|248|413
28|137|249|414
28|137|250|415
28|137|251|416
28|137|252|417
28|137|253|418
28|137|254|419
28|137|255|420
28|137|256|421
28|137|257|422
28|137|258|423
28|137|259|424
28|137|260|425
28|138|260|426
28|138|261|427
28|138|262|428
28|138|263|429
28|138|264|430
28|138|265|431
28|139|265|432
28|139|266|433
28|140|266|434
28|140|267|435
28|140|268|436
28|140|269|437
28|141|269|438
28|141|270|439
28|142|270|440
28|142|271|441
28|142|272|442
28|142|273|443
28|142|274|444
28|142|275|445
28|142|276|446
28|142|277|447
28|142|278|448
28|142|279|449
28|142|280|450
28|142|281|451
28|142|282|452
28|142|283|453
28|142|284|454
28|142|285|455
28|142|286|456
28|142|287|457
28|143|287|458
28|143|288|459
28|144|288|460
28|145|288|461
28|145|289|462
28|146|289|463
28|146|290|464
28|146|291|465
28|146|292|466
28|147|292|467
28|147|293|468
28|148|293|469
28|148|294|470
28|148|295|471
28|148|296|472
28|149|296|473
28|149|297|474
28|149|298|475
28|149|299|476
28|150|299|477
28|150|300|478
28|150|301|479
28|150|302|480
28|151|302|481
28|151|303|482
28|151|304|483
28|151|305|484
28|152|305|485
28|152|306|486
28|153|306|487
28|153|307|488
28|154|307|489
28|154|308|490
28|155|308|491
28|155|309|492
28|155|310|493
28|155|311|494
28|156|311|495
28|156|312|496
