total
0|1|0|1
1|1|0|2
1|2|0|3
1|2|1|4
1|3|1|5
1|3|2|6
1|4|2|7
1|4|3|8
1|5|3|9
1|5|4|10
1|6|4|11
1|6|5|12
1|7|5|13
1|7|6|14
1|8|6|15
1|8|7|16
1|9|7|17
1|9|8|18
1|10|8|19
1|10|9|20
1|11|9|21
1|11|10|22
1|12|10|23
1|12|11|24
1|13|11|25
1|13|12|26
1|14|12|27
1|14|13|28
1|15|13|29
1|16|13|30
1|17|13|31
1|18|13|32
1|19|13|33
1|20|13|34
1|21|13|35
1|22|13|36
1|23|13|37
1|24|13|38
1|25|13|39
2|25|13|40
2|26|13|41
2|27|13|42
2|28|13|43
2|29|13|44
2|30|13|45
3|30|13|46
3|31|13|47
3|32|13|48
3|33|13|49
3|34|13|50
3|35|13|51
3|36|13|52
3|37|13|53
3|38|13|54
3|39|13|55
3|40|13|56
3|41|13|57
3|42|13|58
3|43|13|59
3|44|13|60
3|45|13|61
4|45|13|62
4|46|13|63
4|47|13|64
4|47|14|65
4|48|14|66
4|48|15|67
4|49|15|68
4|49|16|69
4|50|16|70
4|50|17|71
4|51|17|72
4|51|18|73
4|52|18|74
4|52|19|75
4|53|19|76
4|53|20|77
4|54|20|78
4|54|21|79
4|55|21|80
4|55|22|81
4|56|22|82
4|56|23|83
4|57|23|84
4|57|24|85
4|58|24|86
4|58|25|87
4|59|25|88
4|59|26|89
4|60|26|90
4|60|27|91
4|61|27|92
4|61|28|93
4|62|28|94
4|62|29|95
4|63|29|96
4|63|30|97
4|64|30|98
4|64|31|99
4|65|31|100
4|66|31|101
4|67|31|102
4|68|31|103
5|68|31|104
5|69|31|105
5|70|31|106
5|71|31|107
5|72|31|108
5|73|31|109
5|74|31|110
5|75|31|111
5|76|31|112
5|77|31|113
5|78|31|114
5|79|31|115
5|80|31|116
5|81|31|117
6|81|31|118
6|82|31|119
6|83|31|120
6|84|31|121
6|85|31|122
6|86|31|123
7|86|31|124
7|87|31|125
8|87|31|126
8|88|31|127
8|89|31|128
8|90|31|129
8|91|31|130
8|92|31|131
9|92|31|132
9|93|31|133
10|93|31|134
10|94|31|135
10|95|31|136
10|96|31|137
10|96|32|138
10|97|32|139
10|97|33|140
10|98|33|141
10|98|34|142
10|99|34|143
10|99|35|144
10|100|35|145
10|100|36|146
10|101|36|147
10|101|37|148
10|102|37|149
10|102|38|150
10|103|38|151
10|103|39|152
10|104|39|153
10|104|40|154
10|105|40|155
10|105|41|156
10|106|42|158
10|106|43|159
10|107|43|160
10|107|44|161
10|108|44|162
10|108|45|163
10|109|45|164
10|109|46|165
10|110|46|166
10|110|47|167
10|111|47|168
10|111|48|169
10|112|48|170
10|112|49|171
10|113|49|172
10|114|49|173
10|114|50|174
10|115|50|175
10|115|51|176
10|116|51|177
10|116|52|178
10|117|52|179
10|117|53|180
10|118|53|181
10|118|54|182
10|119|54|183
10|119|55|184
10|120|55|185
10|120|56|186
10|121|56|187
10|121|57|188
10|122|57|189
10|122|58|190
10|123|58|191
10|123|59|192
10|124|59|193
10|124|60|194
10|125|60|195
10|125|61|196
10|126|61|197
10|126|62|198
10|127|62|199
10|127|63|200
10|128|63|201
10|128|64|202
10|129|64|203
10|129|65|204
10|130|65|205
10|130|66|206
10|131|66|207
10|131|67|208
10|132|67|209
10|132|68|210
10|133|68|211
10|133|69|212
10|134|69|213
10|134|70|214
10|135|70|215
10|135|71|216
10|136|71|217
10|136|72|218
10|137|72|219
10|137|73|220
10|138|73|221
10|138|74|222
10|139|74|223
10|139|75|224
10|140|75|225
10|140|76|226
10|141|76|227
10|141|77|228
10|142|77|229
10|142|78|230
10|143|78|231
10|143|79|232
10|144|79|233
10|144|80|234
10|145|80|235
10|145|81|236
10|146|81|237
10|146|82|238
10|147|82|239
10|147|83|240
10|148|83|241
10|148|84|242
10|149|84|243
10|149|85|244
11|149|85|245
11|150|85|246
11|151|85|247
11|152|85|248
11|153|85|249
11|153|86|250
11|154|86|251
11|155|86|252
12|155|86|253
12|156|86|254
13|156|86|255
13|157|86|256
13|158|86|257
13|159|86|258
13|160|86|259
13|160|87|260
13|161|87|261
13|162|87|262
14|162|87|263
14|163|87|264
14|164|87|265
14|164|88|266
14|165|88|267
14|165|89|268
14|166|89|269
14|166|90|270
14|167|90|271
14|167|91|272
14|168|91|273
14|169|91|274
15|169|91|275
15|170|91|276
15|171|91|277
15|172|91|278
16|172|91|279
16|173|91|280
16|173|92|281
16|173|93|282
16|173|94|283
16|173|95|284
16|173|96|285
16|173|97|286
16|173|98|287
16|174|98|288
16|175|98|289
16|176|98|290
16|176|99|291
16|177|99|292
16|177|100|293
16|178|100|294
16|178|101|295
16|178|102|296
16|179|102|297
16|180|102|298
16|180|103|299
16|181|103|300
16|182|103|301
16|182|104|302
16|182|105|303
16|182|106|304
16|182|107|305
16|183|107|306
16|184|107|307
16|184|108|308
16|184|109|309
16|185|109|310
16|185|110|311
16|186|110|312
16|186|111|313
16|187|111|314
16|187|112|315
16|188|112|316
16|189|112|317
16|189|113|318
16|190|113|319
16|190|114|320
16|191|114|321
16|191|115|322
16|192|115|323
16|192|116|324
16|193|116|325
16|193|117|326
16|194|117|327
16|194|118|328
16|195|118|329
16|195|119|330
16|196|119|331
16|196|120|332
16|197|120|333
16|197|121|334
16|198|121|335
16|198|122|336
16|199|122|337
16|199|123|338
16|200|123|339
16|200|124|340
16|201|124|341
16|201|125|342
16|202|125|343
16|202|126|344
16|203|126|345
16|203|127|346
16|204|127|347
16|204|128|348
16|205|128|349
16|205|129|350
16|206|129|351
16|206|130|352
16|206|131|353
16|207|131|354
16|208|131|355
16|209|131|356
16|210|131|357
16|210|132|358
16|211|132|359
16|212|132|360
16|213|132|361
16|214|132|362
16|214|133|363
16|215|133|364
16|216|133|365
16|217|133|366
16|218|133|367
16|218|134|368
16|219|134|369
16|220|134|370
16|220|135|371
16|221|135|372
16|222|135|373
16|222|136|374
16|223|136|375
16|223|137|376
16|224|137|377
16|225|137|378
16|225|138|379
16|225|139|380
16|226|139|381
16|226|140|382
16|227|140|383
16|228|140|384
16|229|140|385
16|230|140|386
16|231|140|387
16|232|140|388
16|233|140|389
16|234|140|390
16|234|141|391
16|235|141|392
17|235|141|393
17|236|141|394
17|236|142|395
17|237|142|396
18|237|142|397
18|238|142|398
18|238|143|399
18|239|143|400
18|239|144|401
18|240|144|402
18|240|145|403
18|241|145|404
19|241|145|405
19|242|145|406
19|242|146|407
19|243|146|408
19|243|147|409
19|244|147|410
19|244|148|411
19|245|148|412
20|245|148|413
20|246|148|414
21|246|148|415
21|247|148|416
21|247|149|417
21|248|149|418
21|248|150|419
21|249|150|420
21|249|151|421
21|250|151|422
21|250|152|423
21|251|152|424
22|251|152|425
22|252|152|426
22|253|152|427
22|254|152|428
23|254|152|429
23|255|152|430
24|255|152|431
24|256|152|432
25|256|152|433
25|257|152|434
26|257|152|435
26|258|152|436
26|258|153|437
26|259|153|438
27|259|153|439
27|260|153|440
28|260|153|441
28|261|153|442
28|262|153|443
28|263|153|444
28|263|154|445
28|264|154|446
28|265|154|447
28|266|154|448
28|267|154|449
28|268|154|450
28|268|155|451
28|269|155|452
28|270|155|453
28|271|155|454
29|271|155|455
29|272|155|456
29|272|156|457
29|273|156|458
29|274|156|459
29|275|156|460
29|276|156|461
29|277|156|462
29|278|156|463
29|279|156|464
29|280|156|465
29|281|156|466
29|282|156|467
29|283|156|468
29|284|156|469
29|285|156|470
29|286|156|471
29|287|156|472
29|288|156|473
29|289|156|474
29|290|156|475
29|291|156|476
29|292|156|477
29|293|156|478
29|294|156|479
29|295|156|480
29|296|156|481
29|297|156|482
29|298|156|483
29|299|156|484
29|300|156|485
29|301|156|486
29|302|156|487
29|303|156|488
29|304|156|489
29|305|156|490
29|306|156|491
29|307|156|492
29|308|156|493
29|309|156|494
29|310|156|495
29|311|156|496
