total
0|0|1|1
0|1|1|2
0|1|2|3
0|1|3|4
0|1|4|5
0|1|5|6
0|2|5|7
0|2|6|8
0|2|7|9
0|2|8|10
0|3|8|11
0|3|9|12
0|3|10|13
0|3|11|14
0|3|12|15
0|3|13|16
0|3|14|17
0|4|14|18
0|5|14|19
0|5|15|20
0|5|16|21
0|6|16|22
0|6|17|23
0|6|18|24
0|6|19|25
0|7|19|26
0|7|20|27
0|8|20|28
0|8|21|29
0|9|21|30
0|9|22|31
0|10|22|32
0|10|23|33
0|11|23|34
0|11|24|35
0|12|24|36
0|12|25|37
0|13|25|38
0|13|26|39
0|14|26|40
0|14|27|41
0|15|27|42
0|15|28|43
0|16|28|44
0|16|29|45
0|17|29|46
0|17|30|47
0|18|30|48
0|18|31|49
0|19|31|50
0|19|32|51
0|20|32|52
0|20|33|53
0|21|33|54
0|21|34|55
0|22|34|56
0|22|35|57
0|23|35|58
0|23|36|59
0|24|36|60
0|24|37|61
0|25|37|62
0|25|38|63
0|26|38|64
0|26|39|65
0|26|40|66
0|26|41|67
0|27|41|68
0|27|42|69
0|28|42|70
0|28|43|71
0|29|43|72
0|29|44|73
0|30|44|74
0|30|45|75
0|31|45|76
0|31|46|77
0|32|46|78
0|32|47|79
0|33|47|80
0|33|48|81
0|33|49|82
0|33|50|83
0|34|50|84
0|34|51|85
0|34|52|86
0|34|53|87
0|35|53|88
0|35|54|89
0|35|55|90
0|35|56|91
0|36|56|92
0|36|57|93
0|37|57|94
0|37|58|95
0|37|59|96
0|37|60|97
0|38|60|98
0|38|61|99
0|39|61|100
0|39|62|101
0|40|62|102
0|40|63|103
0|41|63|104
0|41|64|105
0|42|64|106
0|42|65|107
0|43|65|108
0|44|65|109
0|45|65|110
0|45|66|111
0|46|66|112
0|46|67|113
0|47|67|114
0|47|68|115
0|48|68|116
0|48|69|117
0|49|69|118
0|49|70|119
0|50|70|120
0|50|71|121
0|51|71|122
0|51|72|123
0|52|72|124
0|52|73|125
0|53|73|126
0|53|74|127
0|54|74|128
0|54|75|129
0|55|75|130
0|56|75|131
0|57|75|132
0|57|76|133
0|58|76|134
0|58|77|135
0|59|77|136
0|59|78|137
0|59|79|138
0|59|80|139
0|59|81|140
0|59|82|141
0|59|83|142
0|59|84|143
0|59|85|144
0|59|86|145
0|59|87|146
0|60|87|147
0|60|88|148
0|60|89|149
0|60|90|150
0|60|91|151
0|60|92|152
0|60|93|153
0|60|94|154
0|60|95|155
0|60|96|156
0|60|97|157
0|60|98|158
0|60|99|159
0|60|100|160
0|61|100|161
0|61|101|162
0|61|102|163
0|61|103|164
0|61|104|165
0|61|105|166
0|61|106|167
0|61|107|168
0|61|108|169
0|61|109|170
0|61|110|171
0|61|111|172
0|61|112|173
0|62|112|174
0|62|113|175
0|63|113|176
0|63|114|177
0|64|114|178
0|64|115|179
0|65|115|180
0|65|116|181
0|66|116|182
0|66|117|183
0|67|117|184
0|67|118|185
0|68|118|186
0|68|119|187
0|69|119|188
0|69|120|189
0|70|120|190
0|70|121|191
0|71|121|192
0|71|122|193
0|72|122|194
0|72|123|195
0|73|123|196
0|73|124|197
0|74|124|198
0|74|125|199
0|75|125|200
0|75|126|201
0|76|126|202
0|76|127|203
0|77|127|204
0|77|128|205
0|78|128|206
0|78|129|207
0|79|129|208
0|79|130|209
0|79|131|210
0|79|132|211
0|80|132|212
0|80|133|213
0|80|134|214
0|80|135|215
0|81|135|216
0|81|136|217
0|82|136|218
0|82|137|219
0|83|137|220
0|83|138|221
0|84|138|222
0|84|139|223
0|84|140|224
0|84|141|225
0|85|141|226
0|85|142|227
0|85|143|228
0|85|144|229
0|86|144|230
0|86|145|231
0|87|145|232
0|87|146|233
0|87|147|234
0|87|148|235
0|88|148|236
0|88|149|237
0|89|149|238
0|89|150|239
0|89|151|240
0|89|152|241
0|89|153|242
0|89|154|243
0|90|154|244
0|91|154|245
0|92|154|246
0|92|155|247
0|93|155|248
0|93|156|249
0|94|156|250
0|94|157|251
0|95|157|252
0|95|158|253
0|96|158|254
0|96|159|255
0|97|159|256
0|97|160|257
0|98|160|258
0|98|161|259
0|99|161|260
0|99|162|261
0|100|162|262
0|101|162|263
0|102|162|264
0|102|163|265
0|103|163|266
0|103|164|267
0|104|164|268
0|104|165|269
0|105|165|270
0|105|166|271
0|106|166|272
0|106|167|273
0|107|167|274
0|107|168|275
0|108|168|276
0|108|169|277
0|109|169|278
0|109|170|279
0|110|170|280
0|110|171|281
0|110|172|282
0|110|173|283
0|110|174|284
0|110|175|285
0|110|176|286
0|110|177|287
0|110|178|288
0|110|179|289
0|111|179|290
0|111|180|291
0|111|181|292
0|111|182|293
0|111|183|294
0|111|184|295
0|111|185|296
0|111|186|297
0|112|186|298
0|112|187|299
0|112|188|300
0|112|189|301
0|113|189|302
0|113|190|303
0|113|191|304
0|113|192|305
0|113|193|306
0|113|194|307
0|114|194|308
0|114|195|309
0|114|196|310
0|114|197|311
0|114|198|312
0|114|199|313
0|114|200|314
0|114|201|315
0|114|202|316
0|114|203|317
0|115|203|318
0|115|204|319
0|116|204|320
0|116|205|321
0|117|205|322
0|117|206|323
0|118|206|324
0|118|207|325
0|119|207|326
0|119|208|327
0|120|208|328
0|120|209|329
0|121|209|330
0|121|210|331
0|122|210|332
0|122|211|333
0|123|211|334
0|123|212|335
0|124|212|336
0|124|213|337
0|125|213|338
0|125|214|339
0|126|214|340
0|126|215|341
0|127|215|342
0|127|216|343
0|128|216|344
0|128|217|345
0|129|217|346
0|129|218|347
0|130|218|348
0|130|219|349
0|131|219|350
0|131|220|351
0|132|220|352
0|132|221|353
0|133|221|354
0|133|222|355
0|134|222|356
0|134|223|357
0|135|223|358
0|135|224|359
0|136|224|360
0|136|225|361
0|137|225|362
0|137|226|363
0|137|227|364
0|138|228|366
0|138|229|367
0|138|230|368
0|139|230|369
0|139|231|370
0|139|232|371
0|139|233|372
0|140|233|373
0|140|234|374
0|141|234|375
0|141|235|376
0|142|235|377
0|142|236|378
0|142|237|379
0|142|238|380
0|143|238|381
0|143|239|382
0|143|240|383
0|143|241|384
0|143|242|385
0|143|243|386
0|144|243|387
0|144|244|388
0|144|245|389
0|144|246|390
0|144|247|391
0|144|248|392
0|144|249|393
0|144|250|394
0|144|251|395
0|144|252|396
0|144|253|397
0|144|254|398
0|144|255|399
0|144|256|400
0|144|257|401
0|144|258|402
0|144|259|403
0|144|260|404
0|144|261|405
0|144|262|406
0|144|263|407
0|144|264|408
0|144|265|409
0|144|266|410
0|144|267|411
0|144|268|412
0|144|269|413
0|144|270|414
0|144|271|415
0|144|272|416
0|144|273|417
0|144|274|418
0|144|275|419
0|144|276|420
0|144|277|421
0|144|278|422
0|144|279|423
0|144|280|424
0|144|281|425
0|145|281|426
0|145|282|427
0|146|282|428
0|146|283|429
0|147|283|430
0|147|284|431
0|147|285|432
0|147|286|433
0|147|287|434
0|147|288|435
0|148|288|436
0|148|289|437
0|149|289|438
0|149|290|439
0|150|290|440
0|150|291|441
0|151|291|442
0|151|292|443
0|152|292|444
0|152|293|445
0|153|293|446
0|153|294|447
0|154|294|448
0|154|295|449
0|155|295|450
0|155|296|451
0|155|297|452
0|155|298|453
0|155|299|454
0|155|300|455
0|156|300|456
0|156|301|457
0|156|302|458
0|156|303|459
0|156|304|460
0|157|304|461
0|157|305|462
0|158|305|463
0|158|306|464
0|159|306|465
0|159|307|466
0|160|307|467
0|160|308|468
0|161|308|469
0|161|309|470
0|162|309|471
0|162|310|472
0|163|310|473
0|163|311|474
0|164|311|475
0|164|312|476
0|165|312|477
0|165|313|478
0|166|313|479
0|166|314|480
0|167|314|481
0|167|315|482
0|168|315|483
0|168|316|484
0|169|316|485
0|169|317|486
0|170|317|487
0|170|318|488
0|171|318|489
0|171|319|490
0|172|319|491
0|172|320|492
0|173|320|493
0|173|321|494
0|174|321|495
0|174|322|496
